#UGC:2 PART 889 360 0 1 1 15 1600 9620 \
#- VERS 0 0                                                          \
#- HOST                                                              \
#- LINK                                                              \
#- DBID                                                              \
#- REVS 0,                                                           \
#- RELL 0,                                                           \
#- UOBJ_ID 837191492 374807359 1916021781                            \
#-END_OF_UGC_HEADER
#P_OBJECT 6
@P_object 1 0
0 1 ->
@dep_db 2 0
1 2 ->
@usr_rev 3 0
1 3 [2]
2 3 
@name 4 10
3 4 OSTI
@mod_time 5 0
3 5 
@tm_sec 6 1
4 6 9
@tm_min 7 1
4 7 13
@tm_hour 8 1
4 8 15
@tm_mday 9 1
4 9 8
@tm_mon 10 1
4 10 5
@tm_year 11 1
4 11 94
@action 12 1
3 12 1000
@comment 13 10
3 13 Hostname: 'bedlam'
@rel_level 14 10
3 14 
@rev_string 15 10
3 15 
2 3 
3 4 DMGAINES
3 5 
4 6 32
4 7 11
4 8 17
4 9 12
4 10 6
4 11 96
3 12 1000
3 13 Hostname: 'intrepid'
3 14 
3 15 
@revnum_std 16 1
1 16 -1
@flag 17 1
1 17 0
@name 18 10
1 18 NULL
@inst_hidden 19 1
1 19 0
@old_name 20 10
1 20 NULL
@appl_data 21 0
1 21 ->
@bounding_box 22 2
2 22 [2][3]
$BFC998CC36F5236F,BFC9A2893C17C9F2,BFFDF5A8E3079A31
$3FC998CC36F5236F,3FC9A2893C17C9F2,3FE2E52CE8E019BE
@uobj_id 23 0
1 23 NULL
#END_OF_P_OBJECT
#Pro/ENGINEER  TM  Release 16.0  (c) 1988-95 by Parametric Technology Corporation  All Rights Reserved. 9620
@Solid 24 0
0 24 ->
@tab_key 25 1
1 25 0
@tab_key_struct 26 0
1 26 ->
@tab_key_ptr 27 0
2 27 [103]
@cmprs_tabkey 28 0
2 28 NULL
@type 29 1
1 29 2
@revnum_ptr 30 0
1 30 ->
@geom_revnum 31 1
2 31 126
@cosm_revnum 32 1
2 32 0
@first_member_ptr 33 0
1 33 NULL
@alumni_members 34 0
1 34 NULL
@frst_geom_ptr 35 1
1 35 32
@first_feat_ptr 36 0
1 36 ->
@id 37 1
2 37 1
@indep_attributes 38 1
2 38 1
@feat_type_ptr 39 0
2 39 ->
@table_id 40 1
3 40 13
@type 41 1
3 41 923
@feattype_key 42 10
3 42 NULL
@form 43 1
3 43 0
@attributes 44 1
3 44 [3]
$3*0
@placement 45 1
3 45 0
@intersection 46 1
3 46 -1
@internal_udf_type 47 1
3 47 -1
@param_choice_ptr 48 0
3 48 ->
@blend_choice 49 1
4 49 0
@depth_choice 50 1
4 50 0
@angle_choice 51 1
4 51 -1
@pat_choice 52 1
4 52 970
@round_choice 53 1
4 53 -1
@subsec_choice 54 1
4 54 -1
@sweep_choice 55 1
4 55 0
@dome_choice 56 1
4 56 0
@draft_choice 57 1
4 57 0
@misc_choice 58 1
4 58 0
@assoc_type 59 1
3 59 0
@symbol_key 60 1
2 60 -1
@sect_name 61 10
2 61 DTM1
@model_type 62 1
2 62 2
@idtab_ptr 63 0
2 63 ->
@srf_id_arr 64 1
3 64 [1][4]
$2,3*0
@save_geoms 65 0
3 65 NULL
@cr_flags_xar 66 1
3 66 [23]
$2*-1,-1025,-2049,536870911,-1,1048575,0,2048,5*0,2097152,0,2,3*0,1048576,
$2*0
@cvt_feat_dat 67 0
3 67 NULL
@feat_dates_ptr 68 0
3 68 ->
@creat_date 69 1
4 69 0
@regen_date 70 1
4 70 0
@geometry 71 0
2 71 
@srf_array 72 0
3 72 [1]
4 72 ->
@geom_type 73 1
5 73 34
@geom_id 74 1
5 74 2
@feat_id 75 1
5 75 1
@boundary_type 76 1
5 76 1
@envlp 77 2
5 77 [2][2]
$BFC9A2893C17C9F2,BFFDF5A8E3079A31
$3FC9A2893C17C9F2,3FE2E52CE8E019C
@srf_prim_ptr(plane) 78 0
5 78 ->
@local_sys 79 2
6 79 [4][3]
$2*0,3FF
$3FF,2*0
$0,3FF,0
$3*0
@frst_cntr_ptr 80 0
5 80 NULL
@next_geom_ptr 81 1
5 81 0
@orient 82 1
5 82 1
@outline 83 2
5 83 [2][3]
$0,BFC9A2893C17C9F2,BFFDF5A8E3079A31
$0,3FC9A2893C17C9F2,3FE2E52CE8E019BE
@group_info_ptr 84 0
2 84 NULL
@intrs_pairs_ptr 85 0
2 85 ->
@place_rec_ptr 86 0
2 86 ->
@local_sys 87 2
3 87 [4][3]
$2*0,3FF
$3FF,2*0
$0,3FF,0
$3*0
@place_instruction_ptrs 88 0
3 88 [1]
4 88 ->
@type 89 1
5 89 513
@offset 90 2
5 90 0
@dim_id 91 1
5 91 -1
@ref_id 92 1
5 92 -1
@geometry1_id 93 1
5 93 -1
@geometry2_id 94 1
5 94 2
@memb_num1 95 1
5 95 0
@memb_num2 96 1
5 96 0
@attr 97 1
5 97 32768
@plin_info_arr 98 0
5 98 [2]
6 98 ->
@type 99 1
7 99 1
@data(plin_info_ref) 100 0
7 100 ->
@id_type1 101 1
8 101 -4
@id_type2 102 1
8 102 5
@offset2 103 2
8 103 0
6 98 ->
7 99 6
@data(plin_info_ui_step) 104 0
7 104 ->
@step_ids 105 1
8 105 [1]
9 105 -100
@own_ref_id 106 1
3 106 -1
@orient 107 1
3 107 1
@trf_arr 108 0
3 108 [1]
4 108 
@type 109 1
5 109 11
@idx 110 1
5 110 0
@transf 111 2
5 111 [4][3]
$2*0,3FF
$3FF,2*0
$0,3FF,0
$3*0
@next_prop 112 0
2 112 NULL
@first_geom_id 113 1
2 113 2
@cond_tbl_idx 114 1
2 114 -1
@comment 115 10
2 115 NULL
@merge_info_ptr 116 0
2 116 NULL
@topology_increment 117 0
2 117 ->
@first_geom 118 1
3 118 0
@first_quilt 119 1
3 119 0
@outline 120 2
3 120 [2][3]
$3*0
$3*0
@max_part_size 121 2
3 121 0
@xform_increment 122 0
3 122 NULL
@roll_back_id 123 1
3 123 -1
@state_ind 124 1
2 124 -1
@alumni_info 125 0
2 125 NULL
@revnum 126 1
2 126 -1
@rev_rec 127 0
2 127 NULL
@next_feat_ptr 128 0
1 128 ->
2 37 3
2 38 1
2 39 ->
3 40 13
3 41 923
3 42 NULL
3 43 0
3 44 [3]
$3*0
3 45 0
3 46 -1
3 47 -1
3 48 ->
4 49 0
4 50 0
4 51 -1
4 52 970
4 53 -1
4 54 -1
4 55 0
4 56 0
4 57 0
4 58 0
3 59 0
2 60 -1
2 61 DTM2
2 62 2
2 63 ->
3 64 [1][4]
$4,3*0
3 65 NULL
3 66 [23]
$2*-1,-1025,-2049,536870911,-1,1048575,0,2048,5*0,2097152,0,2,3*0,1048576,
$2*0
3 67 NULL
3 68 ->
4 69 0
4 70 0
2 71 
3 72 [1]
4 72 ->
5 73 34
5 74 4
5 75 3
5 76 1
5 77 [2][2]
$BFFDF5A8E3079A31,BFC998CC36F5236F
$3FE2E52CE8E019C,3FC998CC36F5236F
5 78 ->
6 79 [4][3]
$0,3FF,0
$2*0,3FF
$3FF,2*0
$3*0
5 80 NULL
5 81 0
5 82 1
5 83 [2][3]
$BFC998CC36F5236F,0,BFFDF5A8E3079A31
$3FC998CC36F5236F,0,3FE2E52CE8E019BE
2 84 NULL
2 85 ->
2 86 ->
3 87 [4][3]
$0,3FF,0
$2*0,3FF
$3FF,2*0
$3*0
3 88 [1]
4 88 ->
5 89 514
5 90 0
5 91 -1
5 92 -1
5 93 -1
5 94 4
5 95 0
5 96 0
5 97 32768
5 98 [2]
6 98 ->
7 99 1
7 100 ->
8 101 -4
8 102 5
8 103 0
6 98 ->
7 99 6
7 104 ->
8 105 [1]
9 105 -100
3 106 -1
3 107 1
3 108 [1]
4 108 
5 109 11
5 110 0
5 111 [4][3]
$0,3FF,0
$2*0,3FF
$3FF,2*0
$3*0
2 112 NULL
2 113 4
2 114 -1
2 115 NULL
2 116 NULL
2 117 ->
3 118 0
3 119 0
3 120 [2][3]
$3*C06F4
$3*406F4
3 121 0
3 122 NULL
3 123 -1
2 124 -1
2 125 NULL
2 126 -1
2 127 NULL
1 128 ->
2 37 5
2 38 1
2 39 ->
3 40 13
3 41 923
3 42 NULL
3 43 0
3 44 [3]
$3*0
3 45 0
3 46 -1
3 47 -1
3 48 ->
4 49 0
4 50 0
4 51 -1
4 52 970
4 53 -1
4 54 -1
4 55 0
4 56 0
4 57 0
4 58 0
3 59 0
2 60 -1
2 61 DTM3
2 62 2
2 63 ->
3 64 [1][4]
$6,3*0
3 65 NULL
3 66 [23]
$2*-1,-1025,-2049,536870911,-1,1048575,0,2048,5*0,2097152,0,2,3*0,1048576,
$2*0
3 67 NULL
3 68 ->
4 69 0
4 70 0
2 71 
3 72 [1]
4 72 ->
5 73 34
5 74 6
5 75 5
5 76 1
5 77 [2][2]
$BFC998CC36F5236F,BFC9A2893C17C9F2
$3FC998CC36F5236F,3FC9A2893C17C9F2
5 78 ->
6 79 [4][3]
$3FF,2*0
$0,3FF,0
$2*0,3FF
$3*0
5 80 NULL
5 81 0
5 82 1
5 83 [2][3]
$BFC998CC36F5236F,BFC9A2893C17C9F2,0
$3FC998CC36F5236F,3FC9A2893C17C9F2,0
2 84 NULL
2 85 ->
2 86 ->
3 87 [4][3]
$3FF,2*0
$0,3FF,0
$2*0,3FF
$3*0
3 88 [1]
4 88 ->
5 89 515
5 90 0
5 91 -1
5 92 -1
5 93 -1
5 94 6
5 95 0
5 96 0
5 97 32768
5 98 [2]
6 98 ->
7 99 1
7 100 ->
8 101 -4
8 102 5
8 103 0
6 98 ->
7 99 6
7 104 ->
8 105 [1]
9 105 -100
3 106 -1
3 107 1
3 108 [1]
4 108 
5 109 11
5 110 0
5 111 [4][3]
$3FF,2*0
$0,3FF,0
$2*0,3FF
$3*0
2 112 NULL
2 113 6
2 114 -1
2 115 NULL
2 116 NULL
2 117 ->
3 118 0
3 119 0
3 120 [2][3]
$3*C06F4
$3*406F4
3 121 0
3 122 NULL
3 123 -1
2 124 -1
2 125 NULL
2 126 -1
2 127 NULL
1 128 ->
2 37 7
2 38 1
2 39 ->
3 40 63
3 41 979
3 42 NULL
3 43 0
3 44 [3]
$3*0
3 45 0
3 46 -1
3 47 -1
3 48 ->
4 49 0
4 50 0
4 51 -1
4 52 -1
4 53 -1
4 54 -1
4 55 0
4 56 0
4 57 0
4 58 128
3 59 0
2 60 -1
2 61 no_name
2 62 2
@entity(coord_sys) 129 0
2 129 ->
@type 130 1
3 130 18
@id 131 1
3 131 8
@gen_info 132 0
3 132 
@color 133 1
4 133 1
@sys_type 134 1
3 134 -1
@pnt_type 135 1
3 135 -1
@radius 136 2
3 136 0
@local_sys 137 2
3 137 [4][3]
$3FF,2*0
$0,3FF,0
$2*0,3FF
$3*0
@feat_id 138 1
3 138 7
@entity(text) 139 0
2 139 ->
@text_type 140 1
3 140 34
@text_value 141 10
3 141 CS0
@txt_attrib 142 1
3 142 1
@coord 143 2
3 143 [3]
$4084C148C7617A56,407E7FDF990CE17,C066B127C1F5569B
@owner_id 144 1
3 144 8
@part_id 145 1
3 145 15
@height 146 2
3 146 BFF
@width_factor 147 2
3 147 BFF
@format_info 148 0
3 148 
@thickness 149 2
3 149 BFF
2 63 ->
@misc_id_tab 150 0
3 150 [1]
4 150 
@misc_hist 151 1
5 151 [5]
$8,534,0,-1,500
3 65 NULL
3 66 [23]
$2*-1,-1025,-2049,536870911,-1,1048575,0,2048,5*0,2097152,0,2,3*0,1048576,
$2*0
3 67 NULL
3 68 ->
4 69 0
4 70 0
2 71 
2 84 NULL
2 85 ->
2 86 ->
3 87 [4][3]
$3FF,2*0
$0,3FF,0
$2*0,3FF
$3*0
3 106 -1
3 107 0
3 108 [1]
4 108 
5 109 10
5 110 0
5 111 [4][3]
$3FF,2*0
$0,3FF,0
$2*0,3FF
$3*0
2 112 NULL
2 113 -1
2 114 -1
2 115 NULL
2 116 NULL
2 117 ->
3 118 0
3 119 0
3 120 [2][3]
$3*C06F4
$3*406F4
3 121 0
3 122 NULL
3 123 -1
2 124 -1
2 125 NULL
2 126 -1
2 127 NULL
1 128 ->
2 37 10
2 38 1
2 39 ->
3 40 13
3 41 923
3 42 NULL
3 43 0
3 44 [3]
$3,2*0
3 45 0
3 46 -1
3 47 -1
3 48 ->
4 49 0
4 50 0
4 51 -1
4 52 970
4 53 -1
4 54 -1
4 55 0
4 56 0
4 57 0
4 58 0
3 59 0
2 60 -1
2 61 no_name
2 62 2
2 63 ->
3 64 [1][4]
$11,3*0
3 65 NULL
3 66 [23]
$2*-1,-1025,-2049,536870911,-1,1048575,0,2048,5*0,2097152,0,2,3*0,1048576,
$2*0
3 67 NULL
3 68 ->
4 69 0
4 70 0
2 71 
3 72 [1]
4 72 ->
5 73 34
5 74 11
5 75 10
5 76 -1
5 77 [2][2]
$2*0
$2*0
5 78 ->
6 79 [4][3]
$3FF,2*0
$2*0,3FF
$0,BFF,0
$3*0
5 80 NULL
5 81 0
5 82 1
5 83 [2][3]
$3*0
$3*0
2 84 NULL
2 85 ->
2 86 ->
3 87 [4][3]
$3FF,2*0
$2*0,3FF
$0,BFF,0
$3*0
3 88 [2]
4 88 ->
5 89 509
5 90 3FF
5 91 -1
5 92 -1
5 93 4
5 94 11
5 95 0
5 96 0
5 97 32768
5 98 [2]
6 98 ->
7 99 1
7 100 ->
8 101 -4
8 102 5
8 103 0
6 98 ->
7 99 6
7 104 ->
8 105 [1]
9 105 -100
4 88 ->
5 89 510
5 90 BFF
5 91 -1
5 92 -1
5 93 6
5 94 11
5 95 0
5 96 0
5 97 32768
5 98 [2]
6 98 ->
7 99 1
7 100 ->
8 101 -4
8 102 5
8 103 0
6 98 ->
7 99 6
7 104 ->
8 105 [1]
9 105 -100
3 106 -1
3 107 1
3 108 [1]
4 108 
5 109 11
5 110 0
5 111 [4][3]
$3FF,2*0
$2*0,3FF
$0,BFF,0
$3*0
2 112 NULL
2 113 11
2 114 -1
2 115 NULL
2 116 NULL
@parent_table 152 1
2 152 [2]
$3,5
2 117 ->
3 118 0
3 119 0
3 120 [2][3]
$3*C06F4
$3*406F4
3 121 0
3 122 NULL
3 123 -1
2 124 -1
2 125 NULL
2 126 -1
2 127 NULL
1 128 ->
2 37 9
2 38 1
2 39 ->
3 40 7
3 41 917
3 42 NULL
3 43 2
3 44 [3]
$3*0
3 45 0
3 46 991
3 47 -1
3 48 ->
4 49 0
4 50 0
4 51 964
4 52 970
4 53 -1
4 54 -1
4 55 0
4 56 0
4 57 0
4 58 0
3 59 0
2 60 -1
2 61 no_name
2 62 2
@entity(line3d) 153 0
2 153 ->
@type 154 1
3 154 11
@id 155 1
3 155 80
@gen_info 156 0
3 156 
@geom_id 157 1
3 157 12
@end1 158 2
3 158 [3]
$2*0,BFFDC28F5C28F5C3
@end2 159 2
3 159 [3]
$BFC8,0,BFFDC28F5C28F5C3
2 153 ->
3 154 13
3 155 81
3 156 
4 133 1
3 157 12
3 158 [3]
$2*0,BFFDC28F5C28F5C3
3 159 [3]
$2*0,3FE27EF9DB22D0E4
2 139 ->
3 140 19
3 141 A_1
3 142 1
3 143 [3]
$408465F4A77AE58R,407C27549BB8A32A,C05D28BF2A172072
3 144 -1
3 145 15
3 146 BFF
3 147 BFF
3 148 
3 149 BFF
2 63 ->
3 64 [20][4]
$12,204,2*0
$21,203,2*0
$30,200,7,0
$32,200,6,0
$34,200,5,0
$36,200,4,0
$38,200,3,0
$40,200,2,0
$42,200,1,0
$44,200,2*0
$46,204,0,1
$55,203,0,1
$64,200,7,1
$66,200,6,1
$68,200,5,1
$70,200,4,1
$72,200,3,1
$74,200,2,1
$76,200,2*1
$78,200,0,1
@edg_id_arr 160 1
3 160 [48][6]
$13,221,7,2*0,12
$14,221,6,2*0,12
$15,221,5,2*0,68
$16,221,4,2*0,70
$17,221,3,2*0,72
$18,221,2,2*0,12
$19,221,1,2*0,76
$20,221,3*0,12
$22,222,7,2*0,30
$23,222,6,2*0,32
$24,222,5,2*0,34
$25,222,4,2*0,36
$26,222,3,2*0,38
$27,222,2,2*0,40
$28,222,1,2*0,42
$29,222,3*0,44
$31,220,7,2*0,30
$33,220,6,2*0,32
$35,220,5,2*0,34
$37,220,4,2*0,36
$39,220,3,2*0,38
$41,220,2,2*0,40
$43,220,1,2*0,42
$45,220,3*0,44
$47,221,7,1,0,46
$48,221,6,1,0,46
$49,221,5,1,0,46
$50,221,4,1,0,46
$51,221,3,1,0,46
$52,221,2,1,0,46
$53,221,2*1,0,46
$54,221,0,1,0,46
$56,222,7,1,0,55
$57,222,6,1,0,-1
$58,222,5,1,0,-1
$59,222,4,1,0,-1
$60,222,3,1,0,-1
$61,222,2,1,0,-1
$62,222,2*1,0,-1
$63,222,0,1,0,-1
$65,220,7,1,0,78
$67,220,6,1,0,64
$69,220,5,1,0,32
$71,220,4,1,0,68
$73,220,3,1,0,70
$75,220,2,1,0,72
$77,220,2*1,0,40
$79,220,0,1,0,76
3 150 [2]
4 150 
5 151 [5]
$80,530,12,-1,500
4 150 
5 151 [5]
$81,531,12,-1,500
@dtm_id_tab 161 0
3 161 [1]
4 161 
@dtm_id 162 1
5 162 11
@dim_id 163 1
5 163 -1
3 65 NULL
3 66 [23]
$2*-1,-1025,-2049,536870911,-1,1048575,0,2048,5*0,2097152,0,2,3*0,1048576,
$2*0
3 67 NULL
3 68 ->
4 69 0
4 70 0
2 71 
3 72 [20]
4 72 ->
5 73 34
5 74 12
5 75 9
5 76 -1
5 77 [2][2]
$BFC8,3FBF34D6A161E4F
$3FC8,40047AACD9E83E42
5 78 ->
6 79 [4][3]
$BFF,2*0
$2*0,3FF
$0,3FF,0
$2*0,BFFFB5DCC63F1412
5 80 NULL
5 81 32
5 82 -1
5 83 [2][3]
$3*0
$3*0
4 72 ->
5 73 34
5 74 21
5 75 9
5 76 -1
5 77 [2][2]
$0,3FBF34D6A161E4F
$3FC8,40047AACD9E83E42
5 78 ->
6 79 [4][3]
$BFF,2*0
$2*0,3FF
$0,3FF,0
$2*0,BFFFB5DCC63F1412
5 80 NULL
5 81 32
5 82 -1
5 83 [2][3]
$3*0
$3*0
4 72 ->
5 73 36
5 74 30
5 75 9
5 76 -1
5 77 [2][2]
$C00921FB54442D18,3FBF34D6A161E4F
$0,40047AACD9E83E42
@srf_prim_ptr(cylinder) 164 0
5 164 ->
@local_sys 165 2
6 165 [4][3]
$BFF,2*0
$0,BFF,0
$2*0,3FF
$2*0,BFFFB5DCC63F1412
@radius 166 2
6 166 3EE4F8B588E368F1
5 80 NULL
5 81 32
5 82 -1
5 83 [2][3]
$3*0
$3*0
4 72 ->
5 73 34
5 74 32
5 75 9
5 76 0
5 77 [2][2]
$2*BFB7CED916872AFA
$3FB7CED916872AFB,3FB7CED916872AFA
5 78 ->
6 79 [4][3]
$BFF,2*0
$0,BFF,0
$2*0,3FF
$2*0,3FE27EF9DB22D0E4
5 80 ->
@frst_cntr_crv_hdr_ptr 167 1
6 167 88
@trv 168 1
6 168 1
@envlp 169 2
6 169 [2][2]
$2*BFB7CED916872AFA
$2*3FB7CED916872AFA
@next_cntr_ptr 170 0
5 170 NULL
5 81 34
5 82 1
5 83 [2][3]
$2*BFB7CED916872AFA,3FE27EF9DB22D0E4
$2*3FB7CED916872AFA,3FE27EF9DB22D0E4
4 72 ->
5 73 36
5 74 34
5 75 9
5 76 1
5 77 [2][2]
$C00921FB54442D18,400080D1B71758E2
$0,40043923A29C779A
5 164 ->
6 165 [4][3]
$BFF,2*0
$0,BFF,0
$2*0,3FF
$2*0,BFFFB5DCC63F1412
6 166 3FC
5 80 ->
6 167 100
6 168 1
6 169 [2][2]
$C00921FB54442D18,400080D1B71758E2
$0,40043923A29C779A
5 170 NULL
5 81 36
5 82 1
5 83 [2][3]
$BFC,0,3FB4BC6A7EF9DB2
$2*3FC,3FE178D4FDF3B64R
4 72 ->
5 73 37
5 74 36
5 75 9
5 76 1
5 77 [2][2]
$C00921FB54442D18,3FB921735EE402DE
$0,3FC088888888889F
@srf_prim_ptr(cone) 171 0
5 171 ->
@local_sys 172 2
6 172 [4][3]
$BFF,2*0
$0,BFF,0
$2*0,3FF
$2*0,BFA8A94D242E6C4
@half_angle 173 2
6 173 3FE89BB2DE11F195
5 80 ->
6 167 16
6 168 1
6 169 [2][2]
$C00921FB54442D18,3FB921735EE402DE
$0,3FC088888888889F
5 170 NULL
5 81 38
5 82 1
5 83 [2][3]
$BFC,0,3FA999999999997C
$2*3FC,3FB4BC6A7EF9DB1E
4 72 ->
5 73 36
5 74 38
5 75 9
5 76 1
5 77 [2][2]
$C00921FB54442D18,3FFFB5DCC63F1412
$0,40004154C985F06F
5 164 ->
6 165 [4][3]
$BFF,2*0
$0,BFF,0
$2*0,3FF
$2*0,BFFFB5DCC63F1412
6 166 3FB851EB851EB852
5 80 ->
6 167 17
6 168 1
6 169 [2][2]
$C00921FB54442D18,3FFFB5DCC63F1412
$0,40004154C985F06F
5 170 NULL
5 81 40
5 82 1
5 83 [2][3]
$BFB851EB851EB852,2*0
$2*3FB851EB851EB852,3FA999999999998
4 72 ->
5 73 34
5 74 40
5 75 9
5 76 0
5 77 [2][2]
$BFC8,BFC809BD0522A683
$3FC8,3FC809BD0522A683
5 78 ->
6 79 [4][3]
$BFF,2*0
$0,BFF,0
$2*0,3FF
$3*0
5 80 ->
6 167 41
6 168 -1
6 169 [2][2]
$2*BFB851EB851EB852
$2*3FB851EB851EB852
5 170 ->
6 167 77
6 168 1
6 169 [2][2]
$BFC8,BFC809BD0522A683
$3FC8,3FC809BD0522A683
5 170 NULL
5 81 42
5 82 1
5 83 [2][3]
$BFC8,BFC809BD0522A683,0
$3FC8,3FC809BD0522A683,0
4 72 ->
5 73 36
5 74 42
5 75 9
5 76 1
5 77 [2][2]
$C00921FB54442D18,3FC3B2FEC56D5CF6
$0,3FFFB5DCC63F1412
5 164 ->
6 165 [4][3]
$BFF,2*0
$0,BFF,0
$2*0,3FF
$2*0,BFFFB5DCC63F1412
6 166 3FC8
5 80 ->
6 167 102
6 168 1
6 169 [2][2]
$C00921FB54442D18,3FC3B2FEC56D5CF6
$0,3FFFB5DCC63F1412
5 170 NULL
5 81 44
5 82 1
5 83 [2][3]
$BFC8,0,BFFD3F7CED916873
$2*3FC8,0
4 72 ->
5 73 34
5 74 44
5 75 9
5 76 0
5 77 [2][2]
$2*BFC3E76C8B439581
$2*3FC3E76C8B439581
5 78 ->
6 79 [4][3]
$BFF,2*0
$0,BFF,0
$2*0,3FF
$2*0,BFFDC28F5C28F5C3
5 80 ->
6 167 95
6 168 1
6 169 [2][2]
$2*BFC3E76C8B439581
$2*3FC3E76C8B439581
5 170 NULL
5 81 68
5 82 -1
5 83 [2][3]
$2*BFC3E76C8B439581,BFFDC28F5C28F5C3
$2*3FC3E76C8B439581,BFFDC28F5C28F5C3
4 72 ->
5 73 34
5 74 46
5 75 9
5 76 -1
5 77 [2][2]
$BFC8,3FBF34D6A161E4F
$3FC8,40047AACD9E83E42
5 78 ->
6 79 [4][3]
$BFF,2*0
$2*0,3FF
$0,3FF,0
$2*0,BFFFB5DCC63F1412
5 80 NULL
5 81 68
5 82 -1
5 83 [2][3]
$3*0
$3*0
4 72 ->
5 73 34
5 74 55
5 75 9
5 76 -1
5 77 [2][2]
$0,3FBF34D6A161E4F
$3FC8,40047AACD9E83E42
5 78 ->
6 79 [4][3]
$BFF,2*0
$2*0,3FF
$0,3FF,0
$2*0,BFFFB5DCC63F1412
5 80 NULL
5 81 66
5 82 1
5 83 [2][3]
$3*0
$3*0
4 72 ->
5 73 36
5 74 64
5 75 9
5 76 -1
5 77 [2][2]
$C01921FB54442D18,3FBF34D6A161E4F
$C00921FB54442D18,40047AACD9E83E42
5 164 ->
6 165 [4][3]
$BFF,2*0
$0,BFF,0
$2*0,3FF
$2*0,BFFFB5DCC63F1412
6 166 3EE4F8B588E368F1
5 80 NULL
5 81 66
5 82 -1
5 83 [2][3]
$3*0
$3*0
4 72 ->
5 73 34
5 74 66
5 75 9
5 76 -1
5 77 [2][2]
$BFC,0
$3FC,3FC0088927D08F34
5 78 ->
6 79 [4][3]
$BFF,2*0
$0,BFF,0
$2*0,3FF
$2*0,3FE27EF9DB22D0E4
5 80 NULL
5 81 68
5 82 1
5 83 [2][3]
$3*0
$3*0
4 72 ->
5 73 36
5 74 68
5 75 9
5 76 1
5 77 [2][2]
$C01921FB54442D18,400080D1B71758E2
$C00921FB54442D18,40043923A29C779A
5 164 ->
6 165 [4][3]
$BFF,2*0
$0,BFF,0
$2*0,3FF
$2*0,BFFFB5DCC63F1412
6 166 3FC
5 80 ->
6 167 100
6 168 1
6 169 [2][2]
$C01921FB54442D18,400080D1B71758E2
$C00921FB54442D18,40043923A29C779A
5 170 NULL
5 81 70
5 82 1
5 83 [2][3]
$2*BFC,3FB4BC6A7EF9DB2
$3FC,0,3FE178D4FDF3B64R
4 72 ->
5 73 37
5 74 70
5 75 9
5 76 1
5 77 [2][2]
$C01921FB54442D18,3FB921735EE402DE
$C00921FB54442D18,3FC088888888889F
5 171 ->
6 172 [4][3]
$BFF,2*0
$0,BFF,0
$2*0,3FF
$2*0,BFA8A94D242E6C4
6 173 3FE89BB2DE11F195
5 80 ->
6 167 16
6 168 1
6 169 [2][2]
$C01921FB54442D18,3FB921735EE402DE
$C00921FB54442D18,3FC088888888889F
5 170 NULL
5 81 72
5 82 1
5 83 [2][3]
$2*BFC,3FA999999999997C
$3FC,0,3FB4BC6A7EF9DB1E
4 72 ->
5 73 36
5 74 72
5 75 9
5 76 1
5 77 [2][2]
$C01921FB54442D18,3FFFB5DCC63F1412
$C00921FB54442D18,40004154C985F06F
5 164 ->
6 165 [4][3]
$BFF,2*0
$0,BFF,0
$2*0,3FF
$2*0,BFFFB5DCC63F1412
6 166 3FB851EB851EB852
5 80 ->
6 167 17
6 168 1
6 169 [2][2]
$C01921FB54442D18,3FFFB5DCC63F1412
$C00921FB54442D18,40004154C985F06F
5 170 NULL
5 81 76
5 82 1
5 83 [2][3]
$2*BFB851EB851EB852,0
$3FB851EB851EB852,0,3FA999999999998
4 72 ->
5 73 34
5 74 74
5 75 9
5 76 -1
5 77 [2][2]
$BFC8,0
$3FC8,3FC809BD0522A683
5 78 ->
6 79 [4][3]
$BFF,2*0
$0,BFF,0
$2*0,3FF
$3*0
5 80 NULL
5 81 76
5 82 1
5 83 [2][3]
$3*0
$3*0
4 72 ->
5 73 36
5 74 76
5 75 9
5 76 1
5 77 [2][2]
$C01921FB54442D18,3FC3B2FEC56D5CF7
$C00921FB54442D18,3FFFB5DCC63F1412
5 164 ->
6 165 [4][3]
$BFF,2*0
$0,BFF,0
$2*0,3FF
$2*0,BFFFB5DCC63F1412
6 166 3FC8
5 80 ->
6 167 102
6 168 1
6 169 [2][2]
$C01921FB54442D18,3FC3B2FEC56D5CF7
$C00921FB54442D18,3FFFB5DCC63F1412
5 170 NULL
5 81 83
5 82 1
5 83 [2][3]
$2*BFC8,BFFD3F7CED916873
$3FC8,2*0
4 72 ->
5 73 34
5 74 78
5 75 9
5 76 -1
5 77 [2][2]
$BFC8,0
$3FC8,3FC809BD0522A683
5 78 ->
6 79 [4][3]
$BFF,2*0
$0,BFF,0
$2*0,3FF
$2*0,BFFDC28F5C28F5C3
5 80 NULL
5 81 0
5 82 -1
5 83 [2][3]
$3*0
$3*0
@crv_array 174 0
3 174 [48]
4 174 ->
@crv_id 175 1
5 175 13
@feat_id 176 1
5 176 9
@type 177 1
5 177 1
@crv_pnt_dir 178 1
5 178 [2]
$1,-1
@crv_pnt_arr 179 2
5 179 [2][4]
$0,3FBF34D6A161E4F,0,3FBF34D6A161E4F
$0,40047AACD9E83E42,0,40047AACD9E83E42
@crv_hdr_geom_ptr[0] 180 1
5 180 12
@crv_hdr_geom_ptr[1] 181 1
5 181 12
@next_crv_hdr_ptr[0] 182 1
5 182 14
@next_crv_hdr_ptr[1] 183 1
5 183 29
@ref_geom[0] 184 1
5 184 0
@ref_geom[1] 185 1
5 185 0
4 174 ->
5 175 14
5 176 9
5 177 0
5 178 [2]
$1,-1
5 179 [2][4]
$0,40047AACD9E83E42,2*0
$BFC,40047AACD9E83E42,BFC,0
5 180 12
5 181 32
5 182 15
5 183 48
5 184 0
5 185 0
4 174 ->
5 175 15
5 176 9
5 177 1
5 178 [2]
$1,-1
5 179 [2][4]
$C00921FB54442D18,40047AACD9E83E42,C00921FB54442D18,40047AACD9E83E42
$C00921FB54442D18,400080D1B71758E2,C00921FB54442D18,400080D1B71758E2
5 180 68
5 181 34
5 182 0
5 183 0
5 184 0
5 185 0
4 174 ->
5 175 16
5 176 9
5 177 1
5 178 [2]
$1,-1
5 179 [2][4]
$C00921FB54442D18,3FC088888888889F,C00921FB54442D18,3FC088888888889F
$C00921FB54442D18,3FB921735EE402DE,C00921FB54442D18,3FB921735EE402DE
5 180 70
5 181 36
5 182 73
5 183 37
5 184 0
5 185 0
4 174 ->
5 175 17
5 176 9
5 177 1
5 178 [2]
$1,-1
5 179 [2][4]
$C00921FB54442D18,40004154C985F06F,C00921FB54442D18,40004154C985F06F
$C00921FB54442D18,3FFFB5DCC63F1412,C00921FB54442D18,3FFFB5DCC63F1412
5 180 72
5 181 38
5 182 75
5 183 39
5 184 0
5 185 0
4 174 ->
5 175 18
5 176 9
5 177 0
5 178 [2]
$1,-1
5 179 [2][4]
$BFB851EB851EB852,3FFFB5DCC63F1412,BFB851EB851EB852,0
$BFC8,3FFFB5DCC63F1412,BFC8,0
5 180 12
5 181 40
5 182 19
5 183 41
5 184 0
5 185 0
4 174 ->
5 175 19
5 176 9
5 177 1
5 178 [2]
$1,-1
5 179 [2][4]
$C00921FB54442D18,3FFFB5DCC63F1412,C00921FB54442D18,3FFFB5DCC63F1412
$C00921FB54442D18,3FBF34D6A161E4F,C00921FB54442D18,3FBF34D6A161E4F
5 180 76
5 181 42
5 182 0
5 183 0
5 184 0
5 185 0
4 174 ->
5 175 20
5 176 9
5 177 0
5 178 [2]
$1,-1
5 179 [2][4]
$BFC8,3FBF34D6A161E4F,BFC8,0
$0,3FBF34D6A161E4F,2*0
5 180 12
5 181 44
5 182 29
5 183 45
5 184 0
5 185 0
4 174 ->
5 175 22
5 176 9
5 177 0
5 178 [2]
$-1,1
5 179 [2][4]
$0,3FBF34D6A161E4F,0,3FBF34D6A161E4F
$0,40047AACD9E83E42,0,40047AACD9E83E42
5 180 21
5 181 30
5 182 0
5 183 0
5 184 0
5 185 0
4 174 ->
5 175 23
5 176 9
5 177 0
5 178 [2]
$-1,1
5 179 [2][4]
$0,40047AACD9E83E42,2*0
$3FC,40047AACD9E83E42,3FC,0
5 180 12
5 181 32
5 182 14
5 183 35
5 184 0
5 185 0
4 174 ->
5 175 24
5 176 9
5 177 1
5 178 [2]
$-1,1
5 179 [2][4]
$C01921FB54442D18,40047AACD9E83E42,0,40047AACD9E83E42
$C01921FB54442D18,400080D1B71758E2,0,400080D1B71758E2
5 180 68
5 181 34
5 182 0
5 183 0
5 184 0
5 185 0
4 174 ->
5 175 25
5 176 9
5 177 1
5 178 [2]
$-1,1
5 179 [2][4]
$C01921FB54442D18,3FC088888888889F,0,3FC088888888889F
$C01921FB54442D18,3FB921735EE402DE,0,3FB921735EE402DE
5 180 70
5 181 36
5 182 71
5 183 39
5 184 0
5 185 0
4 174 ->
5 175 26
5 176 9
5 177 1
5 178 [2]
$-1,1
5 179 [2][4]
$C01921FB54442D18,40004154C985F06F,0,40004154C985F06F
$C01921FB54442D18,3FFFB5DCC63F1412,0,3FFFB5DCC63F1412
5 180 72
5 181 38
5 182 73
5 183 41
5 184 0
5 185 0
4 174 ->
5 175 27
5 176 9
5 177 0
5 178 [2]
$-1,1
5 179 [2][4]
$3FB851EB851EB852,3FFFB5DCC63F1412,3FB851EB851EB852,0
$3FC8,3FFFB5DCC63F1412,3FC8,0
5 180 12
5 181 40
5 182 26
5 183 43
5 184 0
5 185 0
4 174 ->
5 175 28
5 176 9
5 177 1
5 178 [2]
$-1,1
5 179 [2][4]
$C01921FB54442D18,3FFFB5DCC63F1412,0,3FFFB5DCC63F1412
$C01921FB54442D18,3FBF34D6A161E4F,0,3FBF34D6A161E4F
5 180 76
5 181 42
5 182 0
5 183 0
5 184 0
5 185 0
4 174 ->
5 175 29
5 176 9
5 177 0
5 178 [2]
$-1,1
5 179 [2][4]
$3FC8,3FBF34D6A161E4F,3FC8,0
$0,3FBF34D6A161E4F,2*0
5 180 12
5 181 44
5 182 28
5 183 63
5 184 0
5 185 0
4 174 ->
5 175 31
5 176 9
5 177 0
5 178 [2]
$1,-1
5 179 [4][4]
$C00921FB54442D18,3FBF34D6A161E4F,2*0
$C000C152382D736R,3FBF34D6A161E4F,2*0
$BFF0C152382D736R,3FBF34D6A161E4F,2*0
$0,3FBF34D6A161E4F,2*0
5 180 30
5 181 44
5 182 0
5 183 0
5 184 0
5 185 0
4 174 ->
5 175 33
5 176 9
5 177 0
5 178 [2]
$1,-1
5 179 [4][4]
$2*0,C00921FB54442D18,40047AACD9E83E42
$2*0,C000C152382D736R,40047AACD9E83E42
$2*0,BFF0C152382D736R,40047AACD9E83E42
$3*0,40047AACD9E83E42
5 180 32
5 181 30
5 182 0
5 183 0
5 184 0
5 185 0
4 174 ->
5 175 35
5 176 9
5 177 0
5 178 [2]
$1,-1
5 179 [14][4]
$C00921FB54442D18,40047AACD9E83E42,BFC,0
$C007330F617A023E,40047AACD9E83E42,BFBF11F493053D,BF9EA1E54BC48DBF
$C00544236EAFD763,40047AACD9E83E42,BFBC55A7E00740E9,BFADBE064267C47C
$C00355377BE5AC8R,40047AACD9E83E42,BFB7F3CCD0032E0C,BFB5384D024C2F84
$C001664B891B81AE,40047AACD9E83E42,BFB22D961EA71119,BFBA55E242A4C3D3
$BFFEEEBF2CA2ADA7,40047AACD9E83E42,BFA6B1D8B2365DA,BFBDEBA72EF20147
$BFFB10E7470E57F2,40047AACD9E83E42,BF8EDB7DEBAA3ED5,BFBFC44566966769
$BFF7330F617A023E,40047AACD9E83E42,3F8EDB7DEBAA3ECR,BFBFC44566966769
$BFF355377BE5AC8R,40047AACD9E83E42,3FA6B1D8B2365DA2,BFBDEBA72EF20147
$BFEEEEBF2CA2ADA8,40047AACD9E83E42,3FB22D961EA71118,BFBA55E242A4C3D3
$BFE7330F617A023C,40047AACD9E83E42,3FB7F3CCD0032E0D,BFB5384D024C2F84
$BFDEEEBF2CA2ADA8,40047AACD9E83E42,3FBC55A7E00740E8,BFADBE064267C47E
$BFCEEEBF2CA2ADA,40047AACD9E83E42,3FBF11F493053D,BF9EA1E54BC48DBC
$0,40047AACD9E83E42,3FC,0
5 180 34
5 181 32
5 182 24
5 183 69
5 184 0
5 185 0
4 174 ->
5 175 37
5 176 9
5 177 0
5 178 [2]
$1,-1
5 179 [14][4]
$C00921FB54442D18,3FC088888888889F,C00921FB54442D18,400080D1B71758E2
$C007330F617A023E,3FC088888888889F,C007330F617A023E,400080D1B71758E2
$C00544236EAFD763,3FC088888888889F,C00544236EAFD763,400080D1B71758E2
$C00355377BE5AC8R,3FC088888888889F,C00355377BE5AC8R,400080D1B71758E2
$C001664B891B81AE,3FC088888888889F,C001664B891B81AE,400080D1B71758E2
$BFFEEEBF2CA2ADA7,3FC088888888889F,BFFEEEBF2CA2ADA7,400080D1B71758E2
$BFFB10E7470E57F2,3FC088888888889F,BFFB10E7470E57F2,400080D1B71758E2
$BFF7330F617A023E,3FC088888888889F,BFF7330F617A023E,400080D1B71758E2
$BFF355377BE5AC8R,3FC088888888889F,BFF355377BE5AC8R,400080D1B71758E2
$BFEEEEBF2CA2ADA8,3FC088888888889F,BFEEEEBF2CA2ADA8,400080D1B71758E2
$BFE7330F617A023C,3FC088888888889F,BFE7330F617A023C,400080D1B71758E2
$BFDEEEBF2CA2ADA8,3FC088888888889F,BFDEEEBF2CA2ADA8,400080D1B71758E2
$BFCEEEBF2CA2ADA,3FC088888888889F,BFCEEEBF2CA2ADA,400080D1B71758E2
$0,3FC088888888889F,0,400080D1B71758E2
5 180 36
5 181 34
5 182 25
5 183 100
5 184 0
5 185 0
4 174 ->
5 175 39
5 176 9
5 177 0
5 178 [2]
$1,-1
5 179 [13][4]
$C00921FB54442D18,40004154C985F06F,C00921FB54442D18,3FB921735EE402DE
$C00709D10D3E7EAB,40004154C985F06F,C00709D10D3E7EAB,3FB921735EE402DE
$C004F1A6C638D03F,40004154C985F06F,C004F1A6C638D03F,3FB921735EE402DE
$C002D97C7F3321D2,40004154C985F06F,C002D97C7F3321D2,3FB921735EE402DE
$C000C152382D736R,40004154C985F06F,C000C152382D736R,3FB921735EE402DE
$BFFD524FE24F89F1,40004154C985F06F,BFFD524FE24F89F1,3FB921735EE402DE
$BFF921FB54442D18,40004154C985F06F,BFF921FB54442D18,3FB921735EE402DE
$BFF4F1A6C638D03E,40004154C985F06F,BFF4F1A6C638D03E,3FB921735EE402DE
$BFF0C152382D736R,40004154C985F06F,BFF0C152382D736R,3FB921735EE402DE
$BFE921FB54442D18,40004154C985F06F,BFE921FB54442D18,3FB921735EE402DE
$BFE0C152382D7364,40004154C985F06F,BFE0C152382D7364,3FB921735EE402DE
$BFD0C152382D7368,40004154C985F06F,BFD0C152382D7368,3FB921735EE402DE
$0,40004154C985F06F,0,3FB921735EE402DE
5 180 38
5 181 36
5 182 26
5 183 16
5 184 0
5 185 0
4 174 ->
5 175 41
5 176 9
5 177 0
5 178 [2]
$1,-1
5 179 [13][4]
$BFB851EB851EB852,0,C00921FB54442D18,3FFFB5DCC63F1412
$BFB77DC6E44186FC,BF992D8BF308706,C00709D10D3E7EAB,3FFFB5DCC63F1412
$BFB50FCE0CBDFCD4,BFA851EB851EB851,C004F1A6C638D03F,3FFFB5DCC63F1412
$BFB13263E77F6AE4,BFB13263E77F6AE3,C002D97C7F3321D2,3FFFB5DCC63F1412
$BFA851EB851EB854,BFB50FCE0CBDFCD3,C000C152382D736R,3FFFB5DCC63F1412
$BF992D8BF308706,BFB77DC6E44186FC,BFFD524FE24F89F1,3FFFB5DCC63F1412
$0,BFB851EB851EB852,BFF921FB54442D18,3FFFB5DCC63F1412
$3F992D8BF3087063,BFB77DC6E44186FC,BFF4F1A6C638D03E,3FFFB5DCC63F1412
$3FA851EB851EB84F,BFB50FCE0CBDFCD4,BFF0C152382D736R,3FFFB5DCC63F1412
$3FB13263E77F6AE3,BFB13263E77F6AE4,BFE921FB54442D18,3FFFB5DCC63F1412
$3FB50FCE0CBDFCD4,BFA851EB851EB851,BFE0C152382D7364,3FFFB5DCC63F1412
$3FB77DC6E44186FB,BF992D8BF3087068,BFD0C152382D7368,3FFFB5DCC63F1412
$3FB851EB851EB852,2*0,3FFFB5DCC63F1412
5 180 40
5 181 38
5 182 75
5 183 17
5 184 0
5 185 0
4 174 ->
5 175 43
5 176 9
5 177 0
5 178 [2]
$1,-1
5 179 [16][4]
$C00921FB54442D18,3FFFB5DCC63F1412,BFC8,0
$C007750CB50C6E5B,3FFFB5DCC63F1412,BFC779BD25DB806,BFA3F5A34131C2B8
$C005C81E15D4AF9D,3FFFB5DCC63F1412,BFC5ECD2C33F9FB,BFB385FAD8C4941C
$C0041B2F769CF0E,3FFFB5DCC63F1412,BFC36A99B4B1F77E,BFBC36B486B0078D
$C0026E40D7653223,3FFFB5DCC63F1412,BFC00F23712988E2,BFC1D5E1BE26CF12
$C000C152382D736R,3FFFB5DCC63F1412,BFB8,BFC4C8DC2E42398
$BFFE28C731EB695,3FFFB5DCC63F1412,BFADAA66D2C7DDF8,BFC6D34A8E733FBF
$BFFACEE9F37BEBD5,3FFFB5DCC63F1412,BF9411C8746D419,BFC7DE57AFBA4DD4
$BFF7750CB50C6E5B,3FFFB5DCC63F1412,3F9411C8746D418A,BFC7DE57AFBA4DD5
$BFF41B2F769CF0E,3FFFB5DCC63F1412,3FADAA66D2C7DDF5,BFC6D34A8E733FC
$BFF0C152382D736R,3FFFB5DCC63F1412,3FB8,BFC4C8DC2E42398
$BFEACEE9F37BEBD8,3FFFB5DCC63F1412,3FC00F23712988E,BFC1D5E1BE26CF13
$BFE41B2F769CF0E,3FFFB5DCC63F1412,3FC36A99B4B1F77D,BFBC36B486B0078E
$BFDACEE9F37BEBD,3FFFB5DCC63F1412,3FC5ECD2C33F9FB,BFB385FAD8C4941A
$BFCACEE9F37BEBD,3FFFB5DCC63F1412,3FC779BD25DB806,BFA3F5A34131C2B8
$0,3FFFB5DCC63F1412,3FC8,0
5 180 42
5 181 40
5 182 101
5 183 77
5 184 0
5 185 0
4 174 ->
5 175 45
5 176 9
5 177 0
5 178 [2]
$1,-1
5 179 [16][4]
$BFC8,0,C00921FB54442D18,3FBF34D6A161E4F
$BFC779BD25DB806,BFA3F5A34131C2B8,C007750CB50C6E5B,3FBF34D6A161E4F
$BFC5ECD2C33F9FB,BFB385FAD8C4941C,C005C81E15D4AF9D,3FBF34D6A161E4F
$BFC36A99B4B1F77E,BFBC36B486B0078D,C0041B2F769CF0E,3FBF34D6A161E4F
$BFC00F23712988E2,BFC1D5E1BE26CF12,C0026E40D7653223,3FBF34D6A161E4F
$BFB8,BFC4C8DC2E42398,C000C152382D736R,3FBF34D6A161E4F
$BFADAA66D2C7DDF8,BFC6D34A8E733FBF,BFFE28C731EB695,3FBF34D6A161E4F
$BF9411C8746D419,BFC7DE57AFBA4DD4,BFFACEE9F37BEBD5,3FBF34D6A161E4F
$3F9411C8746D418A,BFC7DE57AFBA4DD5,BFF7750CB50C6E5B,3FBF34D6A161E4F
$3FADAA66D2C7DDF5,BFC6D34A8E733FC,BFF41B2F769CF0E,3FBF34D6A161E4F
$3FB8,BFC4C8DC2E42398,BFF0C152382D736R,3FBF34D6A161E4F
$3FC00F23712988E,BFC1D5E1BE26CF13,BFEACEE9F37BEBD8,3FBF34D6A161E4F
$3FC36A99B4B1F77D,BFBC36B486B0078E,BFE41B2F769CF0E,3FBF34D6A161E4F
$3FC5ECD2C33F9FB,BFB385FAD8C4941A,BFDACEE9F37BEBD,3FBF34D6A161E4F
$3FC779BD25DB806,BFA3F5A34131C2B8,BFCACEE9F37BEBD,3FBF34D6A161E4F
$3FC8,2*0,3FBF34D6A161E4F
5 180 44
5 181 42
5 182 79
5 183 19
5 184 0
5 185 0
4 174 ->
5 175 47
5 176 9
5 177 1
5 178 [2]
$-1,1
5 179 [2][4]
$0,3FBF34D6A161E4F,0,3FBF34D6A161E4F
$0,40047AACD9E83E42,0,40047AACD9E83E42
5 180 46
5 181 46
5 182 54
5 183 57
5 184 0
5 185 0
4 174 ->
5 175 48
5 176 9
5 177 0
5 178 [2]
$2*1
5 179 [2][4]
$0,40047AACD9E83E42,2*0
$BFC,40047AACD9E83E42,BFC,0
5 180 46
5 181 32
5 182 49
5 183 69
5 184 0
5 185 0
4 174 ->
5 175 49
5 176 9
5 177 0
5 178 [2]
$2*1
5 179 [2][4]
$BFC,40047AACD9E83E42,C00921FB54442D18,40047AACD9E83E42
$BFC,400080D1B71758E2,C00921FB54442D18,400080D1B71758E2
5 180 46
5 181 68
5 182 0
5 183 0
5 184 0
5 185 0
4 174 ->
5 175 50
5 176 9
5 177 0
5 178 [2]
$2*1
5 179 [2][4]
$BFC,400080D1B71758E2,C00921FB54442D18,3FC088888888889F
$BFB851EB851EB852,40004154C985F06F,C00921FB54442D18,3FB921735EE402DE
5 180 46
5 181 70
5 182 0
5 183 0
5 184 0
5 185 0
4 174 ->
5 175 51
5 176 9
5 177 0
5 178 [2]
$2*1
5 179 [2][4]
$BFB851EB851EB852,40004154C985F06F,C00921FB54442D18,40004154C985F06F
$BFB851EB851EB852,3FFFB5DCC63F1412,C00921FB54442D18,3FFFB5DCC63F1412
5 180 46
5 181 72
5 182 0
5 183 0
5 184 0
5 185 0
4 174 ->
5 175 52
5 176 9
5 177 0
5 178 [2]
$2*1
5 179 [2][4]
$BFB851EB851EB852,3FFFB5DCC63F1412,BFB851EB851EB852,0
$BFC8,3FFFB5DCC63F1412,BFC8,0
5 180 46
5 181 40
5 182 53
5 183 77
5 184 0
5 185 0
4 174 ->
5 175 53
5 176 9
5 177 0
5 178 [2]
$2*1
5 179 [2][4]
$BFC8,3FFFB5DCC63F1412,C00921FB54442D18,3FFFB5DCC63F1412
$BFC8,3FBF34D6A161E4F,C00921FB54442D18,3FBF34D6A161E4F
5 180 46
5 181 76
5 182 0
5 183 0
5 184 0
5 185 0
4 174 ->
5 175 54
5 176 9
5 177 0
5 178 [2]
$2*1
5 179 [2][4]
$BFC8,3FBF34D6A161E4F,BFC8,0
$0,3FBF34D6A161E4F,2*0
5 180 46
5 181 44
5 182 63
5 183 63
5 184 0
5 185 0
4 174 ->
5 175 56
5 176 9
5 177 0
5 178 [2]
$1,-1
5 179 [2][4]
$0,3FBF34D6A161E4F,C01921FB54442D18,3FBF34D6A161E4F
$0,40047AACD9E83E42,C01921FB54442D18,40047AACD9E83E42
5 180 55
5 181 64
5 182 0
5 183 0
5 184 0
5 185 0
4 174 ->
5 175 57
5 176 9
5 177 0
5 178 [2]
$2*-1
5 179 [2][4]
$0,40047AACD9E83E42,2*0
$3FC,40047AACD9E83E42,3FC,0
5 180 46
5 181 32
5 182 48
5 183 48
5 184 0
5 185 0
4 174 ->
5 175 58
5 176 9
5 177 0
5 178 [2]
$2*-1
5 179 [2][4]
$3FC,40047AACD9E83E42,C01921FB54442D18,40047AACD9E83E42
$3FC,400080D1B71758E2,C01921FB54442D18,400080D1B71758E2
5 180 46
5 181 68
5 182 0
5 183 0
5 184 0
5 185 0
4 174 ->
5 175 59
5 176 9
5 177 0
5 178 [2]
$2*-1
5 179 [2][4]
$3FC,400080D1B71758E2,C01921FB54442D18,3FC088888888889F
$3FB851EB851EB852,40004154C985F06F,C01921FB54442D18,3FB921735EE402DE
5 180 46
5 181 70
5 182 0
5 183 0
5 184 0
5 185 0
4 174 ->
5 175 60
5 176 9
5 177 0
5 178 [2]
$2*-1
5 179 [2][4]
$3FB851EB851EB852,40004154C985F06F,C01921FB54442D18,40004154C985F06F
$3FB851EB851EB852,3FFFB5DCC63F1412,C01921FB54442D18,3FFFB5DCC63F1412
5 180 46
5 181 72
5 182 0
5 183 0
5 184 0
5 185 0
4 174 ->
5 175 61
5 176 9
5 177 0
5 178 [2]
$2*-1
5 179 [2][4]
$3FB851EB851EB852,3FFFB5DCC63F1412,3FB851EB851EB852,0
$3FC8,3FFFB5DCC63F1412,3FC8,0
5 180 46
5 181 40
5 182 60
5 183 75
5 184 0
5 185 0
4 174 ->
5 175 62
5 176 9
5 177 0
5 178 [2]
$2*-1
5 179 [2][4]
$3FC8,3FFFB5DCC63F1412,C01921FB54442D18,3FFFB5DCC63F1412
$3FC8,3FBF34D6A161E4F,C01921FB54442D18,3FBF34D6A161E4F
5 180 46
5 181 76
5 182 0
5 183 0
5 184 0
5 185 0
4 174 ->
5 175 63
5 176 9
5 177 0
5 178 [2]
$2*-1
5 179 [2][4]
$3FC8,3FBF34D6A161E4F,3FC8,0
$0,3FBF34D6A161E4F,2*0
5 180 46
5 181 44
5 182 62
5 183 79
5 184 0
5 185 0
4 174 ->
5 175 65
5 176 9
5 177 0
5 178 [2]
$-1,1
5 179 [4][4]
$C00921FB54442D18,3FBF34D6A161E4F,2*0
$C010C152382D7365,3FBF34D6A161E4F,2*0
$C014F1A6C638D03E,3FBF34D6A161E4F,2*0
$C01921FB54442D18,3FBF34D6A161E4F,2*0
5 180 64
5 181 78
5 182 0
5 183 0
5 184 0
5 185 0
4 174 ->
5 175 67
5 176 9
5 177 0
5 178 [2]
$-1,1
5 179 [4][4]
$2*0,C00921FB54442D18,40047AACD9E83E42
$2*0,C010C152382D7365,40047AACD9E83E42
$2*0,C014F1A6C638D03E,40047AACD9E83E42
$2*0,C01921FB54442D18,40047AACD9E83E42
5 180 66
5 181 64
5 182 0
5 183 0
5 184 0
5 185 0
4 174 ->
5 175 69
5 176 9
5 177 0
5 178 [2]
$-1,1
5 179 [14][4]
$C00921FB54442D18,40047AACD9E83E42,BFC,0
$C00B10E7470E57F2,40047AACD9E83E42,BFBF11F493053D,3F9EA1E54BC48DBF
$C00CFFD339D882CD,40047AACD9E83E42,BFBC55A7E00740E9,3FADBE064267C47C
$C00EEEBF2CA2ADA8,40047AACD9E83E42,BFB7F3CCD0032E0C,3FB5384D024C2F84
$C0106ED58FB66C41,40047AACD9E83E42,BFB22D961EA71119,3FBA55E242A4C3D3
$C011664B891B81AE,40047AACD9E83E42,BFA6B1D8B2365DA,3FBDEBA72EF20147
$C0125DC18280971C,40047AACD9E83E42,BF8EDB7DEBAA3ED5,3FBFC44566966769
$C01355377BE5AC8R,40047AACD9E83E42,3F8EDB7DEBAA3ECR,3FBFC44566966769
$C0144CAD754AC1F6,40047AACD9E83E42,3FA6B1D8B2365DA2,3FBDEBA72EF20147
$C01544236EAFD763,40047AACD9E83E42,3FB22D961EA71118,3FBA55E242A4C3D3
$C0163B996814ECD,40047AACD9E83E42,3FB7F3CCD0032E0D,3FB5384D024C2F84
$C017330F617A023E,40047AACD9E83E42,3FBC55A7E00740E8,3FADBE064267C47E
$C0182A855ADF17AB,40047AACD9E83E42,3FBF11F493053D,3F9EA1E54BC48DBC
$C01921FB54442D18,40047AACD9E83E42,3FC,0
5 180 68
5 181 32
5 182 15
5 183 35
5 184 0
5 185 0
4 174 ->
5 175 71
5 176 9
5 177 0
5 178 [2]
$-1,1
5 179 [14][4]
$C00921FB54442D18,3FC088888888889F,C00921FB54442D18,400080D1B71758E2
$C00B10E7470E57F2,3FC088888888889F,C00B10E7470E57F2,400080D1B71758E2
$C00CFFD339D882CD,3FC088888888889F,C00CFFD339D882CD,400080D1B71758E2
$C00EEEBF2CA2ADA8,3FC088888888889F,C00EEEBF2CA2ADA8,400080D1B71758E2
$C0106ED58FB66C41,3FC088888888889F,C0106ED58FB66C41,400080D1B71758E2
$C011664B891B81AE,3FC088888888889F,C011664B891B81AE,400080D1B71758E2
$C0125DC18280971C,3FC088888888889F,C0125DC18280971C,400080D1B71758E2
$C01355377BE5AC8R,3FC088888888889F,C01355377BE5AC8R,400080D1B71758E2
$C0144CAD754AC1F6,3FC088888888889F,C0144CAD754AC1F6,400080D1B71758E2
$C01544236EAFD763,3FC088888888889F,C01544236EAFD763,400080D1B71758E2
$C0163B996814ECD,3FC088888888889F,C0163B996814ECD,400080D1B71758E2
$C017330F617A023E,3FC088888888889F,C017330F617A023E,400080D1B71758E2
$C0182A855ADF17AB,3FC088888888889F,C0182A855ADF17AB,400080D1B71758E2
$C01921FB54442D18,3FC088888888889F,C01921FB54442D18,400080D1B71758E2
5 180 70
5 181 68
5 182 16
5 183 99
5 184 0
5 185 0
4 174 ->
5 175 73
5 176 9
5 177 0
5 178 [2]
$-1,1
5 179 [13][4]
$C00921FB54442D18,40004154C985F06F,C00921FB54442D18,3FB921735EE402DE
$C00B3A259B49DB85,40004154C985F06F,C00B3A259B49DB85,3FB921735EE402DE
$C00D524FE24F89F1,40004154C985F06F,C00D524FE24F89F1,3FB921735EE402DE
$C00F6A7A2955385E,40004154C985F06F,C00F6A7A2955385E,3FB921735EE402DE
$C010C152382D7365,40004154C985F06F,C010C152382D7365,3FB921735EE402DE
$C011CD675BB04A9C,40004154C985F06F,C011CD675BB04A9C,3FB921735EE402DE
$C012D97C7F3321D2,40004154C985F06F,C012D97C7F3321D2,3FB921735EE402DE
$C013E591A2B5F908,40004154C985F06F,C013E591A2B5F908,3FB921735EE402DE
$C014F1A6C638D03E,40004154C985F06F,C014F1A6C638D03E,3FB921735EE402DE
$C015FDBBE9BBA775,40004154C985F06F,C015FDBBE9BBA775,3FB921735EE402DE
$C01709D10D3E7EAC,40004154C985F06F,C01709D10D3E7EAC,3FB921735EE402DE
$C01815E630C155E2,40004154C985F06F,C01815E630C155E2,3FB921735EE402DE
$C01921FB54442D18,40004154C985F06F,C01921FB54442D18,3FB921735EE402DE
5 180 72
5 181 70
5 182 17
5 183 25
5 184 0
5 185 0
4 174 ->
5 175 75
5 176 9
5 177 0
5 178 [2]
$-1,1
5 179 [13][4]
$BFB851EB851EB852,0,C00921FB54442D18,3FFFB5DCC63F1412
$BFB77DC6E44186FC,3F992D8BF308706,C00B3A259B49DB85,3FFFB5DCC63F1412
$BFB50FCE0CBDFCD4,3FA851EB851EB851,C00D524FE24F89F1,3FFFB5DCC63F1412
$BFB13263E77F6AE4,3FB13263E77F6AE3,C00F6A7A2955385E,3FFFB5DCC63F1412
$BFA851EB851EB854,3FB50FCE0CBDFCD3,C010C152382D7365,3FFFB5DCC63F1412
$BF992D8BF308706,3FB77DC6E44186FC,C011CD675BB04A9C,3FFFB5DCC63F1412
$0,3FB851EB851EB852,C012D97C7F3321D2,3FFFB5DCC63F1412
$3F992D8BF3087063,3FB77DC6E44186FC,C013E591A2B5F908,3FFFB5DCC63F1412
$3FA851EB851EB84F,3FB50FCE0CBDFCD4,C014F1A6C638D03E,3FFFB5DCC63F1412
$3FB13263E77F6AE3,3FB13263E77F6AE4,C015FDBBE9BBA775,3FFFB5DCC63F1412
$3FB50FCE0CBDFCD4,3FA851EB851EB851,C01709D10D3E7EAC,3FFFB5DCC63F1412
$3FB77DC6E44186FB,3F992D8BF3087068,C01815E630C155E2,3FFFB5DCC63F1412
$3FB851EB851EB852,0,C01921FB54442D18,3FFFB5DCC63F1412
5 180 40
5 181 72
5 182 41
5 183 26
5 184 0
5 185 0
4 174 ->
5 175 77
5 176 9
5 177 0
5 178 [2]
$-1,1
5 179 [16][4]
$C00921FB54442D18,3FFFB5DCC63F1412,BFC8,0
$C00ACEE9F37BEBD5,3FFFB5DCC63F1412,BFC779BD25DB806,3FA3F5A34131C2B8
$C00C7BD892B3AA93,3FFFB5DCC63F1412,BFC5ECD2C33F9FB,3FB385FAD8C4941C
$C00E28C731EB695,3FFFB5DCC63F1412,BFC36A99B4B1F77E,3FBC36B486B0078D
$C00FD5B5D123280D,3FFFB5DCC63F1412,BFC00F23712988E2,3FC1D5E1BE26CF12
$C010C152382D7365,3FFFB5DCC63F1412,BFB8,3FC4C8DC2E42398
$C01197C987C952C4,3FFFB5DCC63F1412,BFADAA66D2C7DDF8,3FC6D34A8E733FBF
$C0126E40D7653223,3FFFB5DCC63F1412,BF9411C8746D419,3FC7DE57AFBA4DD4
$C01344B827011181,3FFFB5DCC63F1412,3F9411C8746D418A,3FC7DE57AFBA4DD5
$C0141B2F769CF0E,3FFFB5DCC63F1412,3FADAA66D2C7DDF5,3FC6D34A8E733FC
$C014F1A6C638D03E,3FFFB5DCC63F1412,3FB8,3FC4C8DC2E42398
$C015C81E15D4AF9D,3FFFB5DCC63F1412,3FC00F23712988E,3FC1D5E1BE26CF13
$C0169E9565708EFC,3FFFB5DCC63F1412,3FC36A99B4B1F77D,3FBC36B486B0078E
$C017750CB50C6E5B,3FFFB5DCC63F1412,3FC5ECD2C33F9FB,3FB385FAD8C4941A
$C0184B8404A84DBA,3FFFB5DCC63F1412,3FC779BD25DB806,3FA3F5A34131C2B8
$C01921FB54442D18,3FFFB5DCC63F1412,3FC8,0
5 180 76
5 181 40
5 182 102
5 183 43
5 184 0
5 185 0
4 174 ->
5 175 79
5 176 9
5 177 0
5 178 [2]
$-1,1
5 179 [16][4]
$BFC8,0,C00921FB54442D18,3FBF34D6A161E4F
$BFC779BD25DB806,3FA3F5A34131C2B8,C00ACEE9F37BEBD5,3FBF34D6A161E4F
$BFC5ECD2C33F9FB,3FB385FAD8C4941C,C00C7BD892B3AA93,3FBF34D6A161E4F
$BFC36A99B4B1F77E,3FBC36B486B0078D,C00E28C731EB695,3FBF34D6A161E4F
$BFC00F23712988E2,3FC1D5E1BE26CF12,C00FD5B5D123280D,3FBF34D6A161E4F
$BFB8,3FC4C8DC2E42398,C010C152382D7365,3FBF34D6A161E4F
$BFADAA66D2C7DDF8,3FC6D34A8E733FBF,C01197C987C952C4,3FBF34D6A161E4F
$BF9411C8746D419,3FC7DE57AFBA4DD4,C0126E40D7653223,3FBF34D6A161E4F
$3F9411C8746D418A,3FC7DE57AFBA4DD5,C01344B827011181,3FBF34D6A161E4F
$3FADAA66D2C7DDF5,3FC6D34A8E733FC,C0141B2F769CF0E,3FBF34D6A161E4F
$3FB8,3FC4C8DC2E42398,C014F1A6C638D03E,3FBF34D6A161E4F
$3FC00F23712988E,3FC1D5E1BE26CF13,C015C81E15D4AF9D,3FBF34D6A161E4F
$3FC36A99B4B1F77D,3FBC36B486B0078E,C0169E9565708EFC,3FBF34D6A161E4F
$3FC5ECD2C33F9FB,3FB385FAD8C4941A,C017750CB50C6E5B,3FBF34D6A161E4F
$3FC779BD25DB806,3FA3F5A34131C2B8,C0184B8404A84DBA,3FBF34D6A161E4F
$3FC8,0,C01921FB54442D18,3FBF34D6A161E4F
5 180 44
5 181 76
5 182 45
5 183 28
5 184 0
5 185 0
2 84 NULL
2 85 ->
2 86 ->
3 87 [4][3]
$3FF,2*0
$2*0,3FF
$0,BFF,0
$3*0
3 88 [1]
4 88 ->
5 89 21
5 90 0
5 91 -1
5 92 -1
5 93 11
5 94 12
5 95 0
5 96 0
5 97 0
5 98 [2]
6 98 ->
7 99 1
7 100 ->
8 101 -4
8 102 5
8 103 0
6 98 ->
7 99 6
7 104 ->
8 105 [1]
9 105 -100
3 106 -1
3 107 0
3 108 [2]
4 108 
5 109 1
5 110 0
5 111 [4][3]
$0,BFF,0
$3FF,2*0
$2*0,3FF
$3*0
4 108 
5 109 12
5 110 0
5 111 [4][3]
$3FF,2*0
$2*0,3FF
$0,BFF,0
$3*0
2 112 NULL
2 113 32
@gsec_ptr 186 0
2 186 [1]
3 186 
@type 187 1
4 187 2
@name 188 10
4 188 S2D0002
@gsec2d_ptr 189 0
4 189 ->
@name 190 10
5 190 S2D0002
@segtab_ptr 191 0
5 191 [11]
6 191 
@type 192 1
7 192 2
@dir 193 1
7 193 [3]
$1,2*0
@pointid 194 1
7 194 [2]
$0,1
@cntrid 195 1
7 195 1
@arcorient 196 1
7 196 0
@verhor 197 1
7 197 1
@radius 198 1
7 198 0
@ext_id 199 1
7 199 0
@gen_info 200 0
7 200 
@known_ent_info 201 0
7 201 
@attr 202 1
8 202 0
@known_ent_id 203 1
8 203 -1
6 191 
7 192 2
7 193 [3]
$0,-1,0
7 194 [2]
$1,2
7 195 2
7 196 0
7 197 0
7 198 0
7 199 1
7 200 
7 201 
8 202 0
8 203 -1
6 191 
7 192 2
7 193 [3]
$-1,2*0
7 194 [2]
$2,3
7 195 3
7 196 0
7 197 1
7 198 0
7 199 2
7 200 
7 201 
8 202 0
8 203 -1
6 191 
7 192 2
7 193 [3]
$0,-1,0
7 194 [2]
$3,4
7 195 4
7 196 0
7 197 0
7 198 0
7 199 3
7 200 
7 201 
8 202 0
8 203 -1
6 191 
7 192 2
7 193 [3]
$1,-1,0
7 194 [2]
$4,5
7 195 -1
7 196 0
7 197 -2
7 198 0
7 199 4
7 200 
7 201 
8 202 0
8 203 -1
6 191 
7 192 2
7 193 [3]
$0,-1,0
7 194 [2]
$5,6
7 195 6
7 196 0
7 197 0
7 198 0
7 199 5
7 200 
7 201 
8 202 0
8 203 -1
6 191 
7 192 2
7 193 [3]
$-1,2*0
7 194 [2]
$6,7
7 195 7
7 196 0
7 197 1
7 198 0
7 199 6
7 200 
7 201 
8 202 0
8 203 -1
6 191 
7 192 2
7 193 [3]
$0,1,0
7 194 [2]
$7,0
7 195 0
7 196 0
7 197 0
7 198 0
7 199 7
7 200 
7 201 
8 202 0
8 203 -1
6 191 
7 192 5
7 193 [3]
$0,-1,0
7 194 [2]
$2*8
7 195 8
7 196 0
7 197 0
7 198 0
7 199 8
7 200 
7 201 
8 202 0
8 203 -1
6 191 
7 192 32770
7 193 [3]
$0,-1,0
7 194 [2]
$9,10
7 195 10
7 196 0
7 197 0
7 198 0
7 199 9
7 200 
@attributes 204 1
8 204 8
7 201 
8 202 0
8 203 -1
6 191 
7 192 32770
7 193 [3]
$-1,2*0
7 194 [2]
$11,12
7 195 12
7 196 0
7 197 1
7 198 0
7 199 10
7 200 
8 204 8
7 201 
8 202 0
8 203 -1
@dimtab_ptr 205 0
5 205 [12]
6 205 
@type 206 1
7 206 42
@value 207 2
7 207 0
@direct 208 1
7 208 0
@property 209 1
7 209 0
@leftpt 210 1
7 210 [2]
@rightpt 211 1
7 211 [2]
@offset 212 2
7 212 0
@ext_id 213 1
7 213 0
@dispdimattr 214 0
7 214 
@dimattr 215 1
8 215 [2]
$2*0
@dim_ref 216 0
7 216 [2]
8 216 
@item_id 217 1
9 217 9
@sense 218 1
9 218 4
@point 219 1
9 219 [2]
$2*-1
8 216 
9 217 8
9 218 4
9 219 [2]
$2*-1
6 205 
7 206 42
7 207 0
7 208 0
7 209 0
7 210 [2]
7 211 [2]
7 212 0
7 213 1
7 214 
8 215 [2]
$2*0
7 216 [2]
8 216 
9 217 9
9 218 4
9 219 [2]
$2*-1
8 216 
9 217 0
9 218 1
9 219 [2]
$2*-1
6 205 
7 206 42
7 207 0
7 208 0
7 209 0
7 210 [2]
7 211 [2]
7 212 0
7 213 2
7 214 
8 215 [2]
$2*0
7 216 [2]
8 216 
9 217 9
9 218 4
9 219 [2]
$2*-1
8 216 
9 217 7
9 218 1
9 219 [2]
$2*-1
6 205 
7 206 5
7 207 3FC8
7 208 0
7 209 0
7 210 [2]
7 211 [2]
7 212 0
7 213 3
7 214 
8 215 [2]
$34,0
7 216 [2]
8 216 
9 217 7
9 218 -1
9 219 [2]
$7,0
8 216 
9 217 1
9 218 -1
9 219 [2]
$1,2
6 205 
7 206 5
7 207 3FC
7 208 0
7 209 0
7 210 [2]
7 211 [2]
7 212 0
7 213 4
7 214 
8 215 [2]
$34,0
7 216 [2]
8 216 
9 217 7
9 218 -1
9 219 [2]
$7,0
8 216 
9 217 5
9 218 -1
9 219 [2]
$5,6
6 205 
7 206 5
7 207 3FB851EB851EB852
7 208 0
7 209 0
7 210 [2]
7 211 [2]
7 212 0
7 213 5
7 214 
8 215 [2]
$34,0
7 216 [2]
8 216 
9 217 3
9 218 -1
9 219 [2]
$3,4
8 216 
9 217 7
9 218 -1
9 219 [2]
$7,0
6 205 
7 206 5
7 207 4003810624DD2F1B
7 208 0
7 209 0
7 210 [2]
7 211 [2]
7 212 0
7 213 6
7 214 
8 215 [2]
$34,0
7 216 [2]
8 216 
9 217 0
9 218 -1
9 219 [2]
$0,1
8 216 
9 217 6
9 218 -1
9 219 [2]
$6,7
6 205 
7 206 5
7 207 3FFDC28F5C28F5C3
7 208 0
7 209 0
7 210 [2]
7 211 [2]
7 212 0
7 213 7
7 214 
8 215 [2]
$34,0
7 216 [2]
8 216 
9 217 0
9 218 -1
9 219 [2]
$0,1
8 216 
9 217 2
9 218 -1
9 219 [2]
$2,3
6 205 
7 206 2
7 207 3FA9R
7 208 0
7 209 0
7 210 [2]
7 211 [2]
7 212 0
7 213 8
7 214 
8 215 [2]
$34,0
7 216 [2]
8 216 
9 217 2
9 218 0
9 219 [2]
$2*4
8 216 
9 217 4
9 218 1
9 219 [2]
$2,3
6 205 
7 206 7
7 207 3F9FBE76C8B43958
7 208 0
7 209 0
7 210 [2]
7 211 [2]
7 212 0
7 213 9
7 214 
8 215 [2]
$34,0
7 216 [2]
8 216 
9 217 4
9 218 1
9 219 [2]
$4,-1
8 216 
9 217 5
9 218 1
9 219 [2]
$5,-1
6 205 
7 206 42
7 207 0
7 208 0
7 209 0
7 210 [2]
7 211 [2]
7 212 0
7 213 10
7 214 
8 215 [2]
$2*0
7 216 [2]
8 216 
9 217 9
9 218 4
9 219 [2]
$2*-1
8 216 
9 217 7
9 218 4
9 219 [2]
$2*-1
6 205 
7 206 42
7 207 0
7 208 0
7 209 0
7 210 [2]
7 211 [2]
7 212 0
7 213 11
7 214 
8 215 [2]
$2*0
7 216 [2]
8 216 
9 217 10
9 218 4
9 219 [2]
$2*-1
8 216 
9 217 2
9 218 4
9 219 [2]
$2*-1
@relat_ptr 220 0
5 220 [19]
6 220 
@id 221 1
7 221 -1
@used 222 1
7 222 0
@a 223 1
7 223 [4]
$8,9,2*-1
@b 224 1
7 224 [4]
$4*0
@c 225 2
7 225 [4]
$3FF,BFF,3FF,0
@sign 226 1
7 226 0
@idim 227 1
7 227 -1
@type 228 1
7 228 0
6 220 
7 221 -1
7 222 0
7 223 [4]
$0,9,2*-1
7 224 [4]
$4*0
7 225 [4]
$3FF,BFF,3FF,0
7 226 0
7 227 -1
7 228 0
6 220 
7 221 -1
7 222 0
7 223 [4]
$7,9,2*-1
7 224 [4]
$4*0
7 225 [4]
$3FF,BFF,3FF,0
7 226 0
7 227 -1
7 228 0
6 220 
7 221 -1
7 222 0
7 223 [4]
$2,11,2*-1
7 224 [4]
$2*1,2*0
7 225 [4]
$3FF,BFF,3FF,0
7 226 0
7 227 -1
7 228 0
6 220 
7 221 -1
7 222 0
7 223 [4]
$3,11,2*-1
7 224 [4]
$2*1,2*0
7 225 [4]
$3FF,BFF,3FF,0
7 226 0
7 227 -1
7 228 0
6 220 
7 221 -1
7 222 1
7 223 [4]
$7,1,2*-1
7 224 [4]
$4*0
7 225 [4]
$3FF,BFF,2*3FF
7 226 1
7 227 3
7 228 0
6 220 
7 221 -1
7 222 1
7 223 [4]
$1,2,2*-1
7 224 [4]
$4*0
7 225 [4]
$3FF,BFF,2*3FF
7 226 0
7 227 0
7 228 0
6 220 
7 221 -1
7 222 1
7 223 [4]
$7,5,2*-1
7 224 [4]
$4*0
7 225 [4]
$3FF,BFF,2*3FF
7 226 1
7 227 4
7 228 0
6 220 
7 221 -1
7 222 1
7 223 [4]
$5,6,2*-1
7 224 [4]
$4*0
7 225 [4]
$3FF,BFF,2*3FF
7 226 0
7 227 0
7 228 0
6 220 
7 221 -1
7 222 0
7 223 [4]
$3,7,2*-1
7 224 [4]
$4*0
7 225 [4]
$3FF,BFF,2*3FF
7 226 -1
7 227 5
7 228 0
6 220 
7 221 -1
7 222 1
7 223 [4]
$3,4,2*-1
7 224 [4]
$4*0
7 225 [4]
$3FF,BFF,2*3FF
7 226 0
7 227 0
7 228 0
6 220 
7 221 -1
7 222 0
7 223 [4]
$0,2,2*-1
7 224 [4]
$2*1,2*0
7 225 [4]
$3FF,BFF,2*3FF
7 226 -1
7 227 7
7 228 0
6 220 
7 221 -1
7 222 0
7 223 [4]
$8,0,2*-1
7 224 [4]
$2*1,2*0
7 225 [4]
$3FF,BFF,2*3FF
7 226 0
7 227 -1
7 228 0
6 220 
7 221 -1
7 222 1
7 223 [4]
$0,1,2*-1
7 224 [4]
$2*1,2*0
7 225 [4]
$3FF,BFF,2*3FF
7 226 0
7 227 0
7 228 0
6 220 
7 221 -1
7 222 1
7 223 [4]
$0,6,2*-1
7 224 [4]
$2*1,2*0
7 225 [4]
$3FF,BFF,2*3FF
7 226 -1
7 227 6
7 228 0
6 220 
7 221 -1
7 222 1
7 223 [4]
$6,7,2*-1
7 224 [4]
$2*1,2*0
7 225 [4]
$3FF,BFF,2*3FF
7 226 0
7 227 0
7 228 0
6 220 
7 221 -1
7 222 0
7 223 [4]
$4,2,2*-1
7 224 [4]
$2*1,2*0
7 225 [4]
$3FF,BFF,2*3FF
7 226 1
7 227 8
7 228 0
6 220 
7 221 -1
7 222 1
7 223 [4]
$4,5,2*-1
7 224 [4]
$2*1,2*0
7 225 [4]
$3FF,BFF,2*3FF
7 226 -1
7 227 9
7 228 0
6 220 
7 221 -1
7 222 4
7 223 [4]
$4,5,4,5
7 224 [4]
$2*0,2*1
7 225 [4]
$3FF,2*BFF,3FF
7 226 -2
7 227 -1
7 228 9
@formula_ptr 229 1
5 229 [19]
$0,1,2,3,4,5,6,7,8,9,10,11,12,13,14,15,16,17,18
@qind 230 1
5 230 -1
@anchor 231 0
5 231 NULL
@totalpointid 232 1
5 232 13
@checkarcs_flag 233 1
5 233 1
@location 234 0
5 234 ->
@id 235 1
6 235 0
@param 236 2
6 236 0
@type 237 1
6 237 0
@nsket_info 238 0
5 238 ->
@scale 239 2
6 239 40720ACD59EED1E9
@m 240 1
6 240 11
@last_was_permanent 241 1
6 241 0
@unsolved_ptr 242 0
5 242 ->
@iges_file 243 10
6 243 NULL
@solve_version 244 1
5 244 1
@segdscr_tab 245 0
5 245 [11]
6 245 
@ent_mode 246 1
7 246 0
6 245 
7 246 0
6 245 
7 246 0
6 245 
7 246 0
6 245 
7 246 0
6 245 
7 246 0
6 245 
7 246 0
6 245 
7 246 0
6 245 
7 246 0
6 245 
7 246 0
6 245 
7 246 0
@gsec3d_ptr 247 0
4 247 ->
@type 248 1
5 248 7
@name 249 10
5 249 S2D0002
@flip 250 1
5 250 1
@own_ref_id 251 1
5 251 -1
@first_chain_ptr 252 0
5 252 NULL
@quilt_id 253 1
5 253 -1
@plane_id 254 1
5 254 11
@plane_flip 255 1
5 255 -1
@ref_planes 256 0
5 256 [2]
6 256 
@plane_id 257 1
7 257 2
@ref_type 258 1
7 258 5
@ext_ref_id 259 1
7 259 -1
@seg_id 260 1
7 260 9
@flip_flag 261 1
7 261 0
@save_entity_ptr(line) 262 0
7 262 ->
@type 263 1
8 263 32770
@id 264 1
8 264 0
@gen_info 265 0
8 265 
9 204 8
@end1 266 2
8 266 [3]
$3*0
@end2 267 2
8 267 [3]
$0,C059,0
@back_entity_ptr(line) 268 0
7 268 ->
8 263 32770
8 264 0
8 265 
9 204 8
8 266 [3]
$3*0
8 267 [3]
$0,C059,0
6 256 
7 257 6
7 258 5
7 259 -1
7 260 10
7 261 0
7 262 ->
8 263 32770
8 264 0
8 265 
9 204 8
8 266 [3]
$3*0
8 267 [3]
$C059,2*0
7 268 ->
8 263 32770
8 264 0
8 265 
9 204 8
8 266 [3]
$3*0
8 267 [3]
$C059,2*0
@order_ptr 269 0
4 269 [8]
5 269 
@id 270 1
6 270 0
@flip 271 1
6 271 34
5 269 
6 270 1
6 271 0
5 269 
6 270 2
6 271 0
5 269 
6 270 3
6 271 0
5 269 
6 270 4
6 271 0
5 269 
6 270 5
6 271 0
5 269 
6 270 6
6 271 0
5 269 
6 270 7
6 271 4
@dim_id_tab 272 1
4 272 [12]
$0,1,2,3,4,5,6,7,8,9,10,11
@attributes 273 1
4 273 0
@xsec_id 274 1
4 274 -1
@gsec_info_arr 275 0
4 275 [1]
5 275 
@application_type 276 1
6 276 2
@application_id 277 1
6 277 -100
@secsolve_revnum 278 1
4 278 0
@rel_accuracy 279 2
4 279 BFF
@p_saved_result 280 0
4 280 NULL
2 114 -1
2 115 NULL
2 116 NULL
2 152 [3]
$1,5,10
2 117 ->
3 118 0
3 119 0
3 120 [2][3]
$3*C06F4
$3*406F4
3 121 0
3 122 NULL
3 123 -1
2 124 -1
2 125 NULL
2 126 -1
2 127 NULL
1 128 ->
2 37 82
2 38 1
2 39 ->
3 40 4
3 41 914
3 42 NULL
3 43 0
3 44 [3]
$1024,2*0
3 45 0
3 46 991
3 47 -1
3 48 ->
4 49 0
4 50 0
4 51 -1
4 52 970
4 53 -1
4 54 -1
4 55 0
4 56 0
4 57 0
4 58 0
3 59 0
2 60 -1
2 61 no_name
2 62 2
2 63 ->
3 64 [4][4]
$83,208,35,0
$86,208,69,0
$91,208,45,0
$94,208,79,0
3 160 [16][6]
$84,229,83,2*0,34
$85,229,83,1,0,83
$87,229,86,2*0,86
$88,229,86,1,0,32
$89,229,86,2,0,86
$90,229,86,3,0,83
$92,229,91,2*0,44
$93,229,91,1,0,91
$95,229,94,2*0,94
$96,229,94,1,0,76
$97,229,94,2,0,94
$98,229,94,3,0,91
$99,248,24,2*0,34
$100,248,15,2*0,68
$101,248,28,2*0,42
$102,248,19,2*0,76
3 65 NULL
3 66 [23]
$2*-1,-1025,-2049,536870911,-1,1048575,0,2048,5*0,2097152,0,2,3*0,1048576,
$2*0
3 67 NULL
3 68 ->
4 69 0
4 70 0
2 71 
3 72 [4]
4 72 ->
5 73 37
5 74 83
5 75 82
5 76 0
5 77 [2][2]
$C00921FB54442D18,BFC
$0,BFB7CED916872B
5 171 ->
6 172 [4][3]
$BFF,2*0
$0,BFF,0
$2*0,3FF
$2*0,3FE578D4FDF3B64R
6 173 BFE921FB54442D14
5 80 ->
6 167 84
6 168 1
6 169 [2][2]
$C00921FB54442D18,BFC
$0,BFB7CED916872B
5 170 NULL
5 81 86
5 82 1
5 83 [2][3]
$BFC,0,3FE178D4FDF3B64R
$2*3FC,3FE27EF9DB22D0E4
4 72 ->
5 73 37
5 74 86
5 75 82
5 76 0
5 77 [2][2]
$C01921FB54442D16,BFC
$C00921FB54442D18,BFB7CED916872B
5 171 ->
6 172 [4][3]
$BFF,2*0
$0,BFF,0
$2*0,3FF
$2*0,3FE578D4FDF3B64R
6 173 BFE921FB54442D14
5 80 ->
6 167 87
6 168 1
6 169 [2][2]
$C01921FB54442D16,BFC
$C00921FB54442D18,BFB7CED916872B
5 170 NULL
5 81 91
5 82 1
5 83 [2][3]
$2*BFC,3FE178D4FDF3B64R
$3FC,0,3FE27EF9DB22D0E4
4 72 ->
5 73 37
5 74 91
5 75 82
5 76 0
5 77 [2][2]
$C00921FB54442D18,3FC3E76C8B439586
$0,3FC8
5 171 ->
6 172 [4][3]
$BFF,2*0
$0,BFF,0
$2*0,3FF
$2*0,C0001FBE76C8B43A
6 173 3FE921FB54442D14
5 80 ->
6 167 92
6 168 1
6 169 [2][2]
$C00921FB54442D18,3FC3E76C8B439586
$0,3FC8
5 170 NULL
5 81 94
5 82 1
5 83 [2][3]
$BFC8,0,BFFDC28F5C28F5C3
$2*3FC8,BFFD3F7CED916873
4 72 ->
5 73 37
5 74 94
5 75 82
5 76 0
5 77 [2][2]
$C01921FB54442D18,3FC3E76C8B439586
$C00921FB54442D18,3FC8
5 171 ->
6 172 [4][3]
$BFF,2*0
$0,BFF,0
$2*0,3FF
$2*0,C0001FBE76C8B43A
6 173 3FE921FB54442D14
5 80 ->
6 167 95
6 168 1
6 169 [2][2]
$C01921FB54442D18,3FC3E76C8B439586
$C00921FB54442D18,3FC8
5 170 NULL
5 81 0
5 82 1
5 83 [2][3]
$2*BFC8,BFFDC28F5C28F5C3
$3FC8,0,BFFD3F7CED916873
3 174 [16]
4 174 ->
5 175 84
5 176 82
5 177 0
5 178 [2]
$-1,1
5 179 [14][4]
$C00921FB54442D18,BFC,C00921FB54442D18,40043923A29C779A
$C007330F617A023E,BFC,C007330F617A023E,40043923A29C779A
$C00544236EAFD764,BFC,C00544236EAFD764,40043923A29C779A
$C00355377BE5AC8A,BFC,C00355377BE5AC8A,40043923A29C779A
$C001664B891B81B,BFC,C001664B891B81B,40043923A29C779A
$BFFEEEBF2CA2ADAB,BFC,BFFEEEBF2CA2ADAB,40043923A29C779A
$BFFB10E7470E57F6,BFC,BFFB10E7470E57F7,40043923A29C779A
$BFF7330F617A0241,BFC,BFF7330F617A0241,40043923A29C779A
$BFF355377BE5AC8C,BFC,BFF355377BE5AC8C,40043923A29C779A
$BFEEEEBF2CA2ADAE,BFC,BFEEEEBF2CA2ADAE,40043923A29C779A
$BFE7330F617A024R,BFC,BFE7330F617A024R,40043923A29C779A
$BFDEEEBF2CA2ADB4,BFC,BFDEEEBF2CA2ADB4,40043923A29C779A
$BFCEEEBF2CA2ADC1,BFC,BFCEEEBF2CA2ADC1,40043923A29C779A
$0,BFC,0,40043923A29C779A
5 180 83
5 181 34
5 182 90
5 183 99
5 184 0
5 185 0
4 174 ->
5 175 85
5 176 82
5 177 0
5 178 [2]
$1,-1
5 179 [13][4]
$C00921FB54442D18,BFB7CED916872B,BFB7CED916872AFA,0
$C00709D10D3E7EAB,BFB7CED916872B,BFB6FF2BCC966113,BF98A5D9D85BCC52
$C004F1A6C638D03E,BFB7CED916872B,BFB49E4B0F2B2AAC,BFA7CED916872AFE
$C002D97C7F3321D1,BFB7CED916872B,BFB0D5B5567F6DFE,BFB0D5B5567F6E04
$C000C152382D7364,BFB7CED916872B,BFA7CED916872AF3,BFB49E4B0F2B2AB
$BFFD524FE24F89EF,BFB7CED916872B,BF98A5D9D85BCC3C,BFB6FF2BCC966115
$BFF921FB54442D16,BFB7CED916872B,0,BFB7CED916872AFA
$BFF4F1A6C638D03D,BFB7CED916872B,3F98A5D9D85BCC57,BFB6FF2BCC966113
$BFF0C152382D7364,BFB7CED916872B,3FA7CED916872AFE,BFB49E4B0F2B2AAC
$BFE921FB54442D16,BFB7CED916872B,3FB0D5B5567F6E02,BFB0D5B5567F6E
$BFE0C152382D7364,BFB7CED916872B,3FB49E4B0F2B2AAE,BFA7CED916872AF8
$BFD0C152382D7363,BFB7CED916872B,3FB6FF2BCC966114,BF98A5D9D85BCC48
$0,BFB7CED916872B,3FB7CED916872AFB,0
5 180 83
5 181 32
5 182 89
5 183 88
5 184 0
5 185 0
4 174 ->
5 175 87
5 176 82
5 177 0
5 178 [2]
$1,-1
5 179 [14][4]
$C00921FB54442D18,BFC,C00921FB54442D18,40043923A29C779A
$C00B10E7470E57F2,BFC,C00B10E7470E57F,40043923A29C779A
$C00CFFD339D882CR,BFC,C00CFFD339D882CR,40043923A29C779A
$C00EEEBF2CA2ADA6,BFC,C00EEEBF2CA2ADA8,40043923A29C779A
$C0106ED58FB66C4,BFC,C0106ED58FB66C4,40043923A29C779A
$C011664B891B81AD,BFC,C011664B891B81AC,40043923A29C779A
$C0125DC18280971A,BFC,C0125DC18280971A,40043923A29C779A
$C01355377BE5AC87,BFC,C01355377BE5AC8R,40043923A29C779A
$C0144CAD754AC1F4,BFC,C0144CAD754AC1F4,40043923A29C779A
$C01544236EAFD761,BFC,C01544236EAFD76,40043923A29C779A
$C0163B996814ECCE,BFC,C0163B996814ECCE,40043923A29C779A
$C017330F617A023B,BFC,C017330F617A023C,40043923A29C779A
$C0182A855ADF17A8,BFC,C0182A855ADF17A8,40043923A29C779A
$C01921FB54442D15,BFC,C01921FB54442D18,40043923A29C779A
5 180 86
5 181 68
5 182 89
5 183 100
5 184 0
5 185 0
4 174 ->
5 175 88
5 176 82
5 177 0
5 178 [2]
$-1,1
5 179 [13][4]
$C00921FB54442D18,BFB7CED916872B,BFB7CED916872AFA,0
$C00B3A259B49DB85,BFB7CED916872B,BFB6FF2BCC966114,3F98A5D9D85BCC4C
$C00D524FE24F89F2,BFB7CED916872B,BFB49E4B0F2B2AAD,3FA7CED916872AFB
$C00F6A7A2955385F,BFB7CED916872B,BFB0D5B5567F6E,3FB0D5B5567F6E02
$C010C152382D736R,BFB7CED916872B,BFA7CED916872AF5,3FB49E4B0F2B2AAE
$C011CD675BB04A9C,BFB7CED916872B,BF98A5D9D85BCC48,3FB6FF2BCC966114
$C012D97C7F3321D2,BFB7CED916872B,0,3FB7CED916872AFA
$C013E591A2B5F908,BFB7CED916872B,3F98A5D9D85BCC3F,3FB6FF2BCC966115
$C014F1A6C638D03E,BFB7CED916872B,3FA7CED916872AF1,3FB49E4B0F2B2AB
$C015FDBBE9BBA774,BFB7CED916872B,3FB0D5B5567F6DFC,3FB0D5B5567F6E07
$C01709D10D3E7EAR,BFB7CED916872B,3FB49E4B0F2B2AA8,3FA7CED916872B0A
$C01815E630C155E,BFB7CED916872B,3FB6FF2BCC9661R,3F98A5D9D85BCC78
$C01921FB54442D16,BFB7CED916872B,3FB7CED916872AFB,0
5 180 86
5 181 32
5 182 90
5 183 85
5 184 0
5 185 0
4 174 ->
5 175 89
5 176 82
5 177 1
5 178 [2]
$1,-1
5 179 [2][4]
$C01921FB54442D15,BFC,0,BFC
$C01921FB54442D16,BFB7CED916872B,0,BFB7CED916872B
5 180 86
5 181 83
5 182 88
5 183 84
5 184 0
5 185 0
4 174 ->
5 175 90
5 176 82
5 177 1
5 178 [2]
$-1,1
5 179 [2][4]
$C00921FB54442D18,BFC,C00921FB54442D18,BFC
$C00921FB54442D18,BFB7CED916872B,C00921FB54442D18,BFB7CED916872B
5 180 86
5 181 83
5 182 87
5 183 85
5 184 0
5 185 0
4 174 ->
5 175 92
5 176 82
5 177 0
5 178 [2]
$-1,1
5 179 [15][4]
$C00921FB54442D18,3FC3E76C8B439586,BFC3E76C8B439581,0
$C007566960887304,3FC3E76C8B439586,BFC367ABCC07AFE7,BFA1B75AA1ADF4F9
$C0058AD76CCCB8F,3FC3E76C8B439586,BFC1EED182302793,BFB145A4AB0CD8EA
$C003BF457910FEDC,3FC3E76C8B439586,BFBF1F869ACAE25A,BFB8D1E3C9F3B423
$C001F3B3855544C8,3FC3E76C8B439586,BFB8D1E3C9F3B42R,BFBF1F869ACAE25C
$C000282191998AB4,3FC3E76C8B439586,BFB145A4AB0CD8E9,BFC1EED182302794
$BFFCB91F3BBBA14,3FC3E76C8B439586,BFA1B75AA1ADF4F5,BFC367ABCC07AFE7
$BFF921FB54442D18,3FC3E76C8B439586,0,BFC3E76C8B439581
$BFF58AD76CCCB8F,3FC3E76C8B439586,3FA1B75AA1ADF4F7,BFC367ABCC07AFE7
$BFF1F3B3855544C8,3FC3E76C8B439586,3FB145A4AB0CD8EA,BFC1EED182302794
$BFECB91F3BBBA14,3FC3E76C8B439586,3FB8D1E3C9F3B423,BFBF1F869ACAE25B
$BFE58AD76CCCB8F,3FC3E76C8B439586,3FBF1F869ACAE25B,BFB8D1E3C9F3B42R
$BFDCB91F3BBBA14,3FC3E76C8B439586,3FC1EED182302794,BFB145A4AB0CD8E9
$BFCCB91F3BBBA14,3FC3E76C8B439586,3FC367ABCC07AFE7,BFA1B75AA1ADF4F6
$0,3FC3E76C8B439586,3FC3E76C8B439581,0
5 180 91
5 181 44
5 182 98
5 183 95
5 184 0
5 185 0
4 174 ->
5 175 93
5 176 82
5 177 0
5 178 [2]
$1,-1
5 179 [15][4]
$C00921FB54442D18,3FC8,C00921FB54442D18,3FC3B2FEC56D5CF8
$C007566960887304,3FC8,C007566960887304,3FC3B2FEC56D5CF8
$C0058AD76CCCB8F,3FC8,C0058AD76CCCB8F,3FC3B2FEC56D5CF8
$C003BF457910FEDC,3FC8,C003BF457910FEDC,3FC3B2FEC56D5CF8
$C001F3B3855544C8,3FC8,C001F3B3855544C8,3FC3B2FEC56D5CF8
$C000282191998AB4,3FC8,C000282191998AB4,3FC3B2FEC56D5CF8
$BFFCB91F3BBBA14,3FC8,BFFCB91F3BBBA14,3FC3B2FEC56D5CF8
$BFF921FB54442D18,3FC8,BFF921FB54442D18,3FC3B2FEC56D5CF8
$BFF58AD76CCCB8F,3FC8,BFF58AD76CCCB8F,3FC3B2FEC56D5CF8
$BFF1F3B3855544C8,3FC8,BFF1F3B3855544C8,3FC3B2FEC56D5CF8
$BFECB91F3BBBA14,3FC8,BFECB91F3BBBA13F,3FC3B2FEC56D5CF8
$BFE58AD76CCCB8F,3FC8,BFE58AD76CCCB8F1,3FC3B2FEC56D5CF8
$BFDCB91F3BBBA14,3FC8,BFDCB91F3BBBA14,3FC3B2FEC56D5CF8
$BFCCB91F3BBBA14,3FC8,BFCCB91F3BBBA14,3FC3B2FEC56D5CF8
$0,3FC8,0,3FC3B2FEC56D5CF8
5 180 91
5 181 42
5 182 97
5 183 102
5 184 0
5 185 0
4 174 ->
5 175 95
5 176 82
5 177 0
5 178 [2]
$1,-1
5 179 [15][4]
$C00921FB54442D18,3FC3E76C8B439586,BFC3E76C8B439581,0
$C00AED8D47FFE72C,3FC3E76C8B439586,BFC367ABCC07AFE7,3FA1B75AA1ADF4F4
$C00CB91F3BBBA14,3FC3E76C8B439586,BFC1EED182302794,3FB145A4AB0CD8E8
$C00E84B12F775B54,3FC3E76C8B439586,BFBF1F869ACAE25C,3FB8D1E3C9F3B42
$C010282191998AB4,3FC3E76C8B439586,BFB8D1E3C9F3B424,3FBF1F869ACAE25A
$C0110DEA8B7767BE,3FC3E76C8B439586,BFB145A4AB0CD8EB,3FC1EED182302793
$C011F3B3855544C8,3FC3E76C8B439586,BFA1B75AA1ADF4FA,3FC367ABCC07AFE7
$C012D97C7F3321D2,3FC3E76C8B439586,0,3FC3E76C8B439581
$C013BF457910FEDC,3FC3E76C8B439586,3FA1B75AA1ADF4F2,3FC367ABCC07AFE7
$C014A50E72EEDBE6,3FC3E76C8B439586,3FB145A4AB0CD8E7,3FC1EED182302795
$C0158AD76CCCB8F,3FC3E76C8B439586,3FB8D1E3C9F3B42,3FBF1F869ACAE25C
$C01670A066AA95FA,3FC3E76C8B439586,3FBF1F869ACAE25A,3FB8D1E3C9F3B424
$C017566960887304,3FC3E76C8B439586,3FC1EED182302793,3FB145A4AB0CD8EC
$C0183C325A66500E,3FC3E76C8B439586,3FC367ABCC07AFE6,3FA1B75AA1ADF4FC
$C01921FB54442D18,3FC3E76C8B439586,3FC3E76C8B439581,0
5 180 94
5 181 44
5 182 97
5 183 92
5 184 0
5 185 0
4 174 ->
5 175 96
5 176 82
5 177 0
5 178 [2]
$-1,1
5 179 [15][4]
$C00921FB54442D18,3FC8,C00921FB54442D18,3FC3B2FEC56D5CF8
$C00AED8D47FFE72C,3FC8,C00AED8D47FFE72C,3FC3B2FEC56D5CF8
$C00CB91F3BBBA14,3FC8,C00CB91F3BBBA14,3FC3B2FEC56D5CF8
$C00E84B12F775B54,3FC8,C00E84B12F775B54,3FC3B2FEC56D5CF8
$C010282191998AB4,3FC8,C010282191998AB4,3FC3B2FEC56D5CF8
$C0110DEA8B7767BE,3FC8,C0110DEA8B7767BE,3FC3B2FEC56D5CF8
$C011F3B3855544C8,3FC8,C011F3B3855544C8,3FC3B2FEC56D5CF8
$C012D97C7F3321D2,3FC8,C012D97C7F3321D2,3FC3B2FEC56D5CF8
$C013BF457910FEDC,3FC8,C013BF457910FEDC,3FC3B2FEC56D5CF8
$C014A50E72EEDBE6,3FC8,C014A50E72EEDBE6,3FC3B2FEC56D5CF8
$C0158AD76CCCB8F,3FC8,C0158AD76CCCB8F,3FC3B2FEC56D5CF8
$C01670A066AA95FA,3FC8,C01670A066AA95FA,3FC3B2FEC56D5CF8
$C017566960887304,3FC8,C017566960887304,3FC3B2FEC56D5CF8
$C0183C325A66500E,3FC8,C0183C325A66500E,3FC3B2FEC56D5CF8
$C01921FB54442D18,3FC8,C01921FB54442D18,3FC3B2FEC56D5CF8
5 180 94
5 181 76
5 182 98
5 183 101
5 184 0
5 185 0
4 174 ->
5 175 97
5 176 82
5 177 1
5 178 [2]
$1,-1
5 179 [2][4]
$C01921FB54442D18,3FC3E76C8B439586,0,3FC3E76C8B439586
$C01921FB54442D18,3FC8,0,3FC8
5 180 94
5 181 91
5 182 96
5 183 92
5 184 0
5 185 0
4 174 ->
5 175 98
5 176 82
5 177 1
5 178 [2]
$-1,1
5 179 [2][4]
$C00921FB54442D18,3FC3E76C8B439586,C00921FB54442D18,3FC3E76C8B439586
$C00921FB54442D18,3FC8,C00921FB54442D18,3FC8
5 180 94
5 181 91
5 182 95
5 183 93
5 184 0
5 185 0
4 174 ->
5 175 99
5 176 82
5 177 1
5 178 [2]
$-1,1
5 179 [2][4]
$C01921FB54442D18,40043923A29C779A,0,40043923A29C779A
$C01921FB54442D18,400080D1B71758E2,0,400080D1B71758E2
5 180 68
5 181 34
5 182 87
5 183 37
5 184 0
5 185 0
4 174 ->
5 175 100
5 176 82
5 177 1
5 178 [2]
$1,-1
5 179 [2][4]
$C00921FB54442D18,40043923A29C779A,C00921FB54442D18,40043923A29C779A
$C00921FB54442D18,400080D1B71758E2,C00921FB54442D18,400080D1B71758E2
5 180 68
5 181 34
5 182 71
5 183 84
5 184 0
5 185 0
4 174 ->
5 175 101
5 176 82
5 177 1
5 178 [2]
$-1,1
5 179 [2][4]
$C01921FB54442D18,3FFFB5DCC63F1412,0,3FFFB5DCC63F1412
$C01921FB54442D18,3FC3B2FEC56D5CF8,0,3FC3B2FEC56D5CF8
5 180 76
5 181 42
5 182 77
5 183 93
5 184 0
5 185 0
4 174 ->
5 175 102
5 176 82
5 177 1
5 178 [2]
$1,-1
5 179 [2][4]
$C00921FB54442D18,3FFFB5DCC63F1412,C00921FB54442D18,3FFFB5DCC63F1412
$C00921FB54442D18,3FC3B2FEC56D5CF8,C00921FB54442D18,3FC3B2FEC56D5CF8
5 180 76
5 181 42
5 182 96
5 183 43
5 184 0
5 185 0
2 84 NULL
2 85 ->
2 86 ->
3 87 [4][3]
$3FF,2*0
$0,3FF,0
$2*0,3FF
$3*0
3 88 [2]
4 88 ->
5 89 601
5 90 0
5 91 12
5 92 -1
5 93 35
5 94 -1
5 95 0
5 96 0
5 97 0
5 98 [1]
6 98 ->
7 99 6
7 104 ->
8 105 [1]
9 105 -100
4 88 ->
5 89 601
5 90 0
5 91 12
5 92 -1
5 93 45
5 94 -1
5 95 0
5 96 0
5 97 0
5 98 [1]
6 98 ->
7 99 6
7 104 ->
8 105 [1]
9 105 -100
3 106 -1
3 107 0
2 112 NULL
2 113 -1
2 114 -1
2 115 NULL
2 116 NULL
2 152 [1]
3 152 9
2 117 ->
@next_srf 281 0
3 281 [1]
4 281 
@p_srf 282 1
5 282 76
@next_geom_ptr 283 1
5 283 0
@contours 284 0
3 284 [6]
4 284 
@p_srf 285 1
5 285 32
@start_crv_arr 286 11
5 286 [1]
6 286 69
4 284 
5 285 34
5 286 [1]
6 286 15
4 284 
5 285 42
5 286 [1]
6 286 19
4 284 
5 285 44
5 286 [1]
6 286 79
4 284 
5 285 68
5 286 [1]
6 286 15
4 284 
5 285 76
5 286 [1]
6 286 19
@next_crv 287 0
3 287 [8]
4 287 
@p_crv 288 1
5 288 15
@next_crv 289 11
5 289 [2]
$71,35
4 287 
5 288 19
5 289 [2]
$79,43
4 287 
5 288 24
5 289 [2]
$69,37
4 287 
5 288 28
5 289 [2]
$77,45
4 287 
5 288 37
5 289 [2]
$25,15
4 287 
5 288 43
5 289 [2]
$28,77
4 287 
5 288 71
5 289 [2]
$16,24
4 287 
5 288 77
5 289 [2]
$19,43
3 118 32
3 119 0
3 120 [2][3]
$BFC8,BFC809BD0522A683,BFFDC28F5C28F5C3
$3FC8,3FC809BD0522A683,3FE27EF9DB22D0E4
3 121 4003F5F8AEF83AE9
3 122 NULL
3 123 -1
2 124 -1
2 125 NULL
2 126 -1
2 127 NULL
1 128 NULL
@assem_mass_prop_ptr 290 0
1 290 NULL
@mass_prop_ptr 291 0
1 291 ->
@type 292 1
2 292 0
@density 293 2
2 293 0
@init_dens 294 5
2 294 0
@rel_density 295 2
2 295 0
@init_rel_dens 296 5
2 296 0
@aver_density 297 2
2 297 0
@vrevnum 298 1
2 298 -1
@volume 299 2
2 299 0
@cg 300 2
2 300 [3]
$3*0
@inertia 301 2
2 301 [3][3]
$3*0
$3*0
$3*0
@eps 302 2
2 302 0
@surfarea 303 2
2 303 0
@assign_mp_ptr 304 0
1 304 NULL
@tol_default_ptr 305 0
1 305 ->
@type 306 1
2 306 10
@value 307 2
2 307 [7]
$0,3FB9R,3F847AE147AE147B,3F50624DD2F1A9FC,3F1A36E2EB1C432D,
$3EE4F8B588E368F1,3EB0C6F7A0B5ED8E
@ang_value 308 2
2 308 [7]
$0,6*3FE
@standard 309 1
2 309 0
@iso_tol_tbls_ptr 310 0
2 310 NULL
@first_xsec_ptr 311 0
1 311 NULL
@datum_count 312 1
1 312 3
@axis_count 313 1
1 313 1
@insert_layer_id 314 1
1 314 -1
@layer_count 315 1
1 315 1
@layer_list 316 0
1 316 [7]
2 316 
@feat_id 317 1
3 317 1
@layer_id 318 1
3 318 0
@back_layer_id 319 1
3 319 0
2 316 
3 317 3
3 318 0
3 319 0
2 316 
3 317 5
3 318 0
3 319 0
2 316 
3 317 7
3 318 0
3 319 0
2 316 
3 317 10
3 318 0
3 319 0
2 316 
3 317 9
3 318 0
3 319 0
2 316 
3 317 82
3 318 0
3 319 0
@lang_ptr 320 0
1 320 NULL
@first_csys_ptr 321 0
1 321 NULL
@color_prop_ptr 322 0
1 322 NULL
@fem_data 323 0
1 323 NULL
@rel_part_eps 324 2
1 324 3F53A92A30553261
@names_table 325 0
1 325 [4]
2 325 ->
@id 326 1
3 326 2
@type 327 1
3 327 5
@name 328 10
3 328 DTM1
2 325 ->
3 326 4
3 327 5
3 328 DTM2
2 325 ->
3 326 6
3 327 5
3 328 DTM3
2 325 ->
3 326 8
3 327 25
3 328 CS0
@drv_tbl_ptr 329 0
1 329 NULL
@assembled_count 330 1
1 330 0
@part_type 331 1
1 331 1
@mat_name_ptr 332 10
1 332 NULL
@first_ent_id 333 1
1 333 526718
@first_view_id 334 1
1 334 0
@outline 335 2
1 335 [2][3]
$BFC8,BFC809BD0522A683,BFFDC28F5C28F5C3
$3FC8,3FC809BD0522A683,3FE27EF9DB22D0E4
@dim_num 336 1
1 336 13
@dim_array 337 0
1 337 [13]
2 337 ->
@type 338 1
3 338 8
@dim_type 339 1
3 339 42
@feat_id 340 1
3 340 9
@attributes 341 1
3 341 32
@dim_dat_ptr 342 0
3 342 ->
@value 343 2
4 343 0
@bck_value 344 2
4 344 0
@tol_ptr 345 0
4 345 ->
@type 346 1
5 346 9
@tol_type 347 1
5 347 3
@dual_digits_diff 348 1
5 348 999
@value 349 2
5 349 [2]
$2*3F847AE147AE147B
@nominal_value 350 2
4 350 0
@bound 351 1
4 351 20
@bck_bound 352 1
4 352 -1
@bck_tol_ptr 353 0
4 353 ->
@value 354 2
5 354 [2]
$2*3F847AE147AE147B
@datum_def_id 355 1
4 355 -1
@places_denom 356 1
4 356 3
@bck_places_denom 357 1
4 357 2
@dim_data_attrib 358 1
4 358 0
@dim_cosm_ptr 359 0
3 359 ->
@d0 360 2
4 360 0
@d1 361 2
4 361 0
@d2 362 2
4 362 0
@d3 363 2
4 363 0
@ord_info 364 0
4 364 NULL
@attach_ptr 365 0
3 365 NULL
@dim_text_ptr 366 0
3 366 ->
@symbol 367 10
4 367 d0
@parent_dim_id 368 1
3 368 -1
2 337 ->
3 338 8
3 339 42
3 340 9
3 341 32
3 342 ->
4 343 0
4 344 0
4 345 ->
5 346 9
5 347 3
5 348 999
5 349 [2]
$2*3F847AE147AE147B
4 350 0
4 351 20
4 352 -1
4 353 ->
5 354 [2]
$2*3F847AE147AE147B
4 355 -1
4 356 3
4 357 2
4 358 0
3 359 ->
4 360 0
4 361 0
4 362 0
4 363 0
4 364 NULL
3 365 NULL
3 366 ->
4 367 d1
3 368 -1
2 337 ->
3 338 8
3 339 42
3 340 9
3 341 32
3 342 ->
4 343 0
4 344 0
4 345 ->
5 346 9
5 347 3
5 348 999
5 349 [2]
$2*3F847AE147AE147B
4 350 0
4 351 20
4 352 -1
4 353 ->
5 354 [2]
$2*3F847AE147AE147B
4 355 -1
4 356 3
4 357 2
4 358 0
3 359 ->
4 360 0
4 361 0
4 362 0
4 363 0
4 364 NULL
3 365 NULL
3 366 ->
4 367 d2
3 368 -1
2 337 ->
3 338 8
3 339 5
3 340 9
3 341 33
3 342 ->
4 343 3FC8
4 344 3FC8
4 345 ->
5 346 9
5 347 3
5 348 999
5 349 [2]
$2*3F847AE147AE147B
4 350 3FC8
4 351 20
4 352 -1
4 353 ->
5 354 [2]
$2*3F847AE147AE147B
4 355 -1
4 356 3
4 357 2
4 358 0
3 359 ->
4 360 404BEF2F9BE591DA
4 361 405B6F56BD637BA1
4 362 C04BEEE158E9BE62
4 363 403B1EDB6DB6DB7
4 364 NULL
3 365 NULL
3 366 ->
4 367 d3
3 368 -1
2 337 ->
3 338 8
3 339 5
3 340 9
3 341 33
3 342 ->
4 343 3FC
4 344 3FC
4 345 ->
5 346 9
5 347 3
5 348 999
5 349 [2]
$2*3F847AE147AE147B
4 350 3FC
4 351 20
4 352 -1
4 353 ->
5 354 [2]
$2*3F847AE147AE147B
4 355 -1
4 356 3
4 357 2
4 358 0
3 359 ->
4 360 3FD59999999999A3
4 361 C061754CD7921701
4 362 3FDD49C34115B1EF
4 363 403B1EDB6DB6DB7
4 364 NULL
3 365 NULL
3 366 ->
4 367 d4
3 368 -1
2 337 ->
3 338 8
3 339 5
3 340 9
3 341 33
3 342 ->
4 343 3FB851EB851EB852
4 344 3FB851EB851EB852
4 345 ->
5 346 9
5 347 3
5 348 999
5 349 [2]
$2*3F847AE147AE147B
4 350 3FB851EB851EB852
4 351 20
4 352 -1
4 353 ->
5 354 [2]
$2*3F847AE147AE147B
4 355 -1
4 356 3
4 357 2
4 358 0
3 359 ->
4 360 C054B350242D3883
4 361 3FE3D0BD0BD0BD0D
4 362 C054B350242D3883
4 363 403B1EDB6DB6DB7
4 364 NULL
3 365 NULL
3 366 ->
4 367 d5
3 368 -1
2 337 ->
3 338 8
3 339 5
3 340 9
3 341 289
3 342 ->
4 343 4003810624DD2F1B
4 344 4003810624DD2F1B
4 345 ->
5 346 9
5 347 3
5 348 999
5 349 [2]
$2*3F847AE147AE147B
4 350 4003810624DD2F1B
4 351 20
4 352 -1
4 353 ->
5 354 [2]
$2*3F847AE147AE147B
4 355 -1
4 356 3
4 357 2
4 358 0
3 359 ->
4 360 C068F0B6EAD0B323
4 361 3FD0DC8DC8DC8DCA
4 362 3FE791B91B91B91C
4 363 403B1EDB6DB6DB7
4 364 NULL
3 365 NULL
3 366 ->
4 367 d6
3 368 -1
2 337 ->
3 338 8
3 339 5
3 340 9
3 341 289
3 342 ->
4 343 3FFDC28F5C28F5C3
4 344 3FFDC28F5C28F5C3
4 345 ->
5 346 9
5 347 3
5 348 999
5 349 [2]
$2*3F847AE147AE147B
4 350 3FFDC28F5C28F5C3
4 351 20
4 352 -1
4 353 ->
5 354 [2]
$2*3F847AE147AE147B
4 355 -1
4 356 3
4 357 2
4 358 0
3 359 ->
4 360 4051F525B6142D47
4 361 3FE80FC0FC0FC0FE
4 362 3FDD617AFD4453CB
4 363 403B1EDB6DB6DB7
4 364 NULL
3 365 NULL
3 366 ->
4 367 d7
3 368 -1
2 337 ->
3 338 8
3 339 2
3 340 9
3 341 33
3 342 ->
4 343 3FA9R
4 344 3FA9R
4 345 ->
5 346 9
5 347 3
5 348 999
5 349 [2]
$2*3F847AE147AE147B
4 350 3FA9R
4 351 20
4 352 -1
4 353 ->
5 354 [2]
$2*3F847AE147AE147B
4 355 -1
4 356 3
4 357 2
4 358 0
3 359 ->
4 360 405A301A64D90C3F
4 361 3FDB13B13B13B13C
4 362 3FDA576A2576A27F
4 363 403B1EDB6DB6DB7
4 364 NULL
3 365 NULL
3 366 ->
4 367 d8
3 368 -1
2 337 ->
3 338 8
3 339 7
3 340 9
3 341 33
3 342 ->
4 343 3F9FBE76C8B43958
4 344 3F9FBE76C8B43958
4 345 ->
5 346 9
5 347 3
5 348 999
5 349 [2]
$2*3F847AE147AE147B
4 350 3F9FBE76C8B43958
4 351 20
4 352 -1
4 353 ->
5 354 [2]
$2*3F847AE147AE147B
4 355 -1
4 356 3
4 357 2
4 358 0
3 359 ->
4 360 406433B1F7E800DR
4 361 3FD0FC0FC0FC0FC4
4 362 C044F32902AF4ECR
4 363 403B1EDB6DB6DB7
4 364 NULL
3 365 NULL
3 366 ->
4 367 d9
3 368 -1
2 337 ->
3 338 8
3 339 42
3 340 9
3 341 32
3 342 ->
4 343 0
4 344 0
4 345 ->
5 346 9
5 347 3
5 348 999
5 349 [2]
$2*3F847AE147AE147B
4 350 0
4 351 20
4 352 -1
4 353 ->
5 354 [2]
$2*3F847AE147AE147B
4 355 -1
4 356 3
4 357 2
4 358 0
3 359 ->
4 360 0
4 361 0
4 362 0
4 363 0
4 364 NULL
3 365 NULL
3 366 ->
4 367 d10
3 368 -1
2 337 ->
3 338 8
3 339 42
3 340 9
3 341 32
3 342 ->
4 343 0
4 344 0
4 345 ->
5 346 9
5 347 3
5 348 999
5 349 [2]
$2*3F847AE147AE147B
4 350 0
4 351 20
4 352 -1
4 353 ->
5 354 [2]
$2*3F847AE147AE147B
4 355 -1
4 356 3
4 357 2
4 358 0
3 359 ->
4 360 0
4 361 0
4 362 0
4 363 0
4 364 NULL
3 365 NULL
3 366 ->
4 367 d11
3 368 -1
2 337 ->
3 338 8
3 339 200
3 340 82
3 341 257
3 342 ->
4 343 3FA0624DD2F1A9FC
4 344 3FA0624DD2F1A9FC
4 345 ->
5 346 9
5 347 3
5 348 999
5 349 [2]
$2*3F847AE147AE147B
4 350 3FA0624DD2F1A9FC
4 351 20
4 352 -1
4 353 ->
5 354 [2]
$2*3F847AE147AE147B
4 355 -1
4 356 3
4 357 2
4 358 0
3 359 ->
4 360 0
4 361 0
4 362 0
4 363 0
4 364 NULL
3 365 NULL
3 366 ->
4 367 d12
@line_array 369 0
4 369 [1]
5 369 
@text_array 370 0
6 370 [2]
7 370 
@text_type 371 1
8 371 54
@text_value 372 10
8 372 45$ x 
@txt_attrib 373 1
8 373 16777217
@owner_id 374 1
8 374 12
@part_id 375 1
8 375 20
@height 376 2
8 376 BFF
@width_factor 377 2
8 377 BFF
@format_info 378 0
8 378 
@thickness 379 2
8 379 BFF
7 370 
8 371 61
8 372 
8 373 16777217
8 374 12
8 375 20
8 376 BFF
8 377 BFF
8 378 
8 379 BFF
3 368 -1
@ipar_num 380 1
1 380 0
@relpar_sets 381 0
1 381 [1]
2 381 
@id 382 1
3 382 -1
@type 383 1
3 383 2
@ext_ref_id 384 1
3 384 -1
@relatnum 385 1
3 385 0
@unit_arr 386 0
1 386 [2]
2 386 
@type 387 1
3 387 1
@factor 388 2
3 388 3FF
@name 389 10
3 389 INCH
@unit_type 390 1
3 390 0
2 386 
3 387 2
3 388 3FF
3 389 POUND
3 390 1
@geom_lib_ptr 391 0
1 391 NULL
@first_quilt_ptr 392 1
1 392 0
@attrib_array 393 1
1 393 [3]
$2*0,4
@smt_info_ptr 394 0
1 394 NULL
@cable_info_ptr 395 0
1 395 NULL
@comp_info_ptr 396 0
1 396 NULL
@max_part_size 397 2
1 397 4003F5F8AEF83AE9
@prt_misc_ptr 398 0
1 398 ->
@shrink_data_ptr 399 0
2 399 NULL
@expld_mv_info 400 0
1 400 NULL
@state_info_ptr 401 0
1 401 NULL
@alumni_feats 402 0
1 402 NULL
@model_name 403 10
1 403 SHAFT_62
@p_mdl_grid 404 0
1 404 NULL
@mdl_status_ptr 405 0
1 405 NULL
@cfg_states 406 0
1 406 NULL
@disp_outl_info 407 0
1 407 
@disp_outline 408 2
2 408 [2][3]
$BFC998CC36F5236F,BFC9A2893C17C9F2,BFFDF5A8E3079A31
$3FC998CC36F5236F,3FC9A2893C17C9F2,3FE2E52CE8E019BE
@ribbon_info_ptr 409 0
1 409 NULL
@p_xref_data 410 0
1 410 ->
@View 411 0
0 411 ->
@id 412 1
1 412 0
@viewattr 413 0
1 413 
@attr_arr 414 1
2 414 [4]
$1,3*0
@mpoint 415 0
1 415 
@id 416 1
2 416 0
@coord 417 2
2 417 [3]
$2*0,BFE483126E978D52
@first_instr_ptr 418 0
2 418 NULL
@attach_ptr 419 0
2 419 NULL
@vpoint 420 0
1 420 
2 416 0
2 417 [3]
$407F4,407A5E,0
2 418 NULL
2 419 NULL
@orient 421 2
1 421 [4][4]
$3FED7954E7DBA2F8,0,3FD8EC3AE92B676B,0
$BFD385CE5246572,3FE3E43A9692E21C,3FE7167619F550A2,0
$BFCEFC077F3F36A6,BFE91103985DA841,3FE25240DD3851BF,0
$3*0,3FF
@local_sys 422 2
1 422 [4][4]
$4071D6A8F1F1E50A,0,405E2B02EC98CC39,0
$C057A1A48611F06A,406813F014165573,406BF2600FAA6487,0
$C052C0B36D39DDE2,C06E578970ECA2D3,40662D5CD8CB96C1,0
$407C3EB00C002286,4070A4812255F33C,405C6E61037FE189,3FF
@first_instr_ptr 423 0
1 423 ->
@type 424 1
2 424 100
@geom_id 425 1
2 425 -1
@view_id 426 1
2 426 -1
@memb_num 427 1
2 427 0
@offset 428 2
2 428 0
@matrix 429 0
2 429 NULL
@next_instr_ptr 430 0
1 430 NULL
@outer_xsec_index 431 1
1 431 -1
@next_view_id 432 1
1 432 -2
@simp_rep_id 433 1
1 433 -1
@name 434 10
1 434 no name
@matrix 435 2
1 435 [4][4]
$3FF,3*0
$0,3FF,2*0
$2*0,3FF,0
$3*0,3FF
@fit_outline 436 2
1 436 [2][3]
$4059,405518,C071F6486D55168
$408C2,4087BB,4071F6486D55168
@det_info_ptr 437 0
1 437 NULL
@named_view_pzmatr 438 0
1 438 NULL
@page_id 439 1
1 439 0
@model_name 440 10
1 440 NULL
@unrep_model_name 441 10
1 441 NULL
@assem_merge_parts 442 0
0 442 ->
#END_OF_UGC
