
**************************************

* Converting STEP file to ACIS model * 

 Input STEP file is : ././1797609in/1797609in.stp



**** Information *** (STEP AP203 Class-VI Entities Present;   ) ****

Get typed instances

 Scaling model to equivalent mm: Original Step File Units in mm: 1.00  mm



===========================================================

Conversion Log for model   184 

============================

Conversion Summary

------------------



Topology	:  842 

    Bodies	:  1 

    Shells	:  1 

    Faces	:  122 

    Loops	:  214 

    Edges	:  290 

    Vertices	:  214 



Total Geometry	:  1030 

  Total Surfaces:  118 

    Planes	:  50 

    Cylinders	:  52 

    Cones	:  16 

    Spheres	:

    Tori	:

    Bsplines	:

    Sweep	:

    Spun	:

    Offset	:

  Total Curves	:  290 

    Lines	:  160 

    Circles	:  130 

    Ellipses	:

    Bsplines	:

    Hyperbola	:

    Parabola	:

  Total Points	:  622 



===========================

 End of summary for Model   184 

===========================================================



Get typed instances

* Process complete *

***********************
