
**************************************

* Converting STEP file to ACIS model * 

 Input STEP file is : ././jack_in_the_box/jack_in_the_box.stp



****  Fatal Error *** (Stephusk not initialized;   ) ****

****  Error *** (Toolkit error scanning STEP file;   ) ****

Scan STEP file

****  Error *** (Toolkit error scanning STEP file;   ) ****

Scan STEP file

Get typed instances

Get typed instances

Get typed instances

Get typed instances

Get typed instances

Get typed instances

Get typed instances

Get typed instances

Get typed instances

Get typed instances

****  Error *** (failed while getting root entities;   ) ****

* Process complete *

***********************

****  Error *** (Process Failed;   ) ****
