
STEP Caselib version 4.1
Copyright (c) ProSTEP GmbH, Darmstadt, Germany 1992/98

STEP File Scanner

   Processing STEP file        : ././1797609in/1797609in.stp
   Creating SDAI-model in CDA identified by
      firstly  SDAI-model name : my_model
      secondly repository name : my_rep

Module= CDA, Function= CD_202()
Error code= 2260, warning
The short name handling was not initialised for the current schema!

Module= CDA, Function= CD_211
Error code= 3003, warning
Specified attribute index is out of range.

Module= CDA, Function= CD_211
Error code= 3003, warning
Specified attribute index is out of range.

Module= CDA, Function= CD_211
Error code= 3003, warning
Specified attribute index is out of range.

Module= CDA, Function= CD_211
Error code= 3012, warning
Entity has no supertypes.

Module= CDA, Function= CD_211
Error code= 3012, warning
Entity has no supertypes.

Module= CDA, Function= CD_211
Error code= 3003, warning
Specified attribute index is out of range.

Module= CDA, Function= CD_211
Error code= 3003, warning
Specified attribute index is out of range.

Module= CDA, Function= CD_211
Error code= 3003, warning
Specified attribute index is out of range.

Module= CDA, Function= CD_211
Error code= 3012, warning
Entity has no supertypes.

Module= CDA, Function= CD_211
Error code= 3003, warning
Specified attribute index is out of range.

Module= CDA, Function= CD_211
Error code= 3012, warning
Entity has no supertypes.

Module= CDA, Function= CD_211
Error code= 3003, warning
Specified attribute index is out of range.

Module= CDA, Function= CD_211
Error code= 3003, warning
Specified attribute index is out of range.

Module= CDA, Function= CD_211
Error code= 3003, warning
Specified attribute index is out of range.

Module= CDA, Function= CD_211
Error code= 3012, warning
Entity has no supertypes.

Module= CDA, Function= CD_211
Error code= 3003, warning
Specified attribute index is out of range.


STEP file completely read

Configuration options used by the STEP File Scanner:

   Generation of a new SDAI-model (1 : Yes, 0 : No)        :    1
   Number of aggregation values processed simultaneously   :    100
   Dimension of nested aggregations possible               :    20
   String length possible for attributes of entity UNKNOWN :    1024
   Number of unknown typed instances allowed               :    3000
   Entity type names as long names (1 : Yes, 0 : No)       :    0

Statistics:

   Lines read         	        	 	:    4131
   Bytes read        	 			:    166214
   Simple instances (totally)   	 	:    4075
   Including :	User-defined instances		:    0
   		Scope-defining instances	:    0
   		Complex instances 	 	:    5
   		Unknown instances        	:    0
		Typeless instances	 	:    0
   Severe errors in STEP file detected          :    0
   Number of STEP file comments         	:    10
   Short names read (1 : Yes, 0 : No)           :    0
   Reading of short names could not be initialized

Messages:

   STEP File Scanner information logged        :    12376
   STEP File Scanner warnings logged           :    59515

Module= CDA, Function= CD_083()
Error code= 2225, error
The specified entity type >non_manifold_surface_shape_representation< is not available within the used schema!

Module= CDA, Function= CD_112()
Error code= 2542, information
The type of SELECT attribute value is specified by a type name path.

Module= CDA, Function= CD_112()
Error code= 2214, warning
Requested value is empty.

Module= CDA, Function= CD_112()
Error code= 2542, information
The type of SELECT attribute value is specified by a type name path.

Module= CDA, Function= CD_112()
Error code= 2214, warning
Requested value is empty.

Module= CDA, Function= CD_112()
Error code= 2214, warning
Requested value is empty.

Module= CDA, Function= CD_112()
Error code= 2214, warning
Requested value is empty.

Module= CDA, Function= CD_112()
Error code= 2214, warning
Requested value is empty.

Module= CDA, Function= CD_112()
Error code= 2214, warning
Requested value is empty.

Module= CDA, Function= CD_112()
Error code= 2214, warning
Requested value is empty.

Module= CDA, Function= CD_112()
Error code= 2214, warning
Requested value is empty.

Module= CDA, Function= CD_112()
Error code= 2214, warning
Requested value is empty.

Module= CDA, Function= CD_112()
Error code= 2214, warning
Requested value is empty.

Module= CDA, Function= CD_112()
Error code= 2214, warning
Requested value is empty.

Module= CDA, Function= CD_112()
Error code= 2214, warning
Requested value is empty.

Module= CDA, Function= CD_112()
Error code= 2214, warning
Requested value is empty.

Module= CDA, Function= CD_112()
Error code= 2214, warning
Requested value is empty.

Module= CDA, Function= CD_112()
Error code= 2214, warning
Requested value is empty.

Module= CDA, Function= CD_112()
Error code= 2214, warning
Requested value is empty.

Module= CDA, Function= CD_112()
Error code= 2214, warning
Requested value is empty.

Module= CDA, Function= CD_112()
Error code= 2214, warning
Requested value is empty.

Module= CDA, Function= CD_112()
Error code= 2214, warning
Requested value is empty.

Module= CDA, Function= CD_112()
Error code= 2214, warning
Requested value is empty.

Module= CDA, Function= CD_112()
Error code= 2214, warning
Requested value is empty.

Module= CDA, Function= CD_112()
Error code= 2214, warning
Requested value is empty.

Module= CDA, Function= CD_112()
Error code= 2214, warning
Requested value is empty.

Module= CDA, Function= CD_112()
Error code= 2214, warning
Requested value is empty.

Module= CDA, Function= CD_112()
Error code= 2214, warning
Requested value is empty.

Module= CDA, Function= CD_112()
Error code= 2214, warning
Requested value is empty.

Module= CDA, Function= CD_112()
Error code= 2214, warning
Requested value is empty.

Module= CDA, Function= CD_112()
Error code= 2214, warning
Requested value is empty.

Module= CDA, Function= CD_112()
Error code= 2214, warning
Requested value is empty.

Module= CDA, Function= CD_112()
Error code= 2214, warning
Requested value is empty.

Module= CDA, Function= CD_112()
Error code= 2214, warning
Requested value is empty.

Module= CDA, Function= CD_112()
Error code= 2214, warning
Requested value is empty.

Module= CDA, Function= CD_112()
Error code= 2214, warning
Requested value is empty.

Module= CDA, Function= CD_112()
Error code= 2214, warning
Requested value is empty.

Module= CDA, Function= CD_112()
Error code= 2214, warning
Requested value is empty.

Module= CDA, Function= CD_112()
Error code= 2214, warning
Requested value is empty.

Module= CDA, Function= CD_112()
Error code= 2214, warning
Requested value is empty.

Module= CDA, Function= CD_112()
Error code= 2214, warning
Requested value is empty.

Module= CDA, Function= CD_112()
Error code= 2214, warning
Requested value is empty.

Module= CDA, Function= CD_112()
Error code= 2214, warning
Requested value is empty.

Module= CDA, Function= CD_112()
Error code= 2214, warning
Requested value is empty.

Module= CDA, Function= CD_112()
Error code= 2214, warning
Requested value is empty.

Module= CDA, Function= CD_112()
Error code= 2214, warning
Requested value is empty.

Module= CDA, Function= CD_112()
Error code= 2214, warning
Requested value is empty.

Module= CDA, Function= CD_112()
Error code= 2214, warning
Requested value is empty.

Module= CDA, Function= CD_112()
Error code= 2214, warning
Requested value is empty.

Module= CDA, Function= CD_112()
Error code= 2214, warning
Requested value is empty.

Module= CDA, Function= CD_112()
Error code= 2214, warning
Requested value is empty.

Module= CDA, Function= CD_112()
Error code= 2214, warning
Requested value is empty.

Module= CDA, Function= CD_112()
Error code= 2214, warning
Requested value is empty.

Module= CDA, Function= CD_112()
Error code= 2214, warning
Requested value is empty.

Module= CDA, Function= CD_112()
Error code= 2214, warning
Requested value is empty.

Module= CDA, Function= CD_083()
Error code= 2225, error
The specified entity type >MECHANICAL_DESIGN_GEOMETRIC_PRESENTATION_REPRESENTATION< is not available within the used schema!

