

Input part file name: f:/data5/repository/CMU/seeker/seeker/counter_weight.hh.sat


Output part file name: f:/data5/repository/CMU/seeker/seeker/counter_weight.hh.f.sat



Input part file name: f:/data5/repository/CMU/seeker/seeker/gimbal.hh.sat


Output part file name: f:/data5/repository/CMU/seeker/seeker/gimbal.hh.f.sat



Input part file name: f:/data5/repository/CMU/seeker/seeker/housing.hh.sat


Output part file name: f:/data5/repository/CMU/seeker/seeker/housing.hh.f.sat



Input part file name: f:/data5/repository/CMU/seeker/seeker/optics_housing.hh.sat


Output part file name: f:/data5/repository/CMU/seeker/seeker/optics_housing.hh.f.sat



Input part file name: f:/data5/repository/CMU/seeker/seeker/pitch_motor.hh.sat


Output part file name: f:/data5/repository/CMU/seeker/seeker/pitch_motor.hh.f.sat



Input part file name: f:/data5/repository/CMU/seeker/seeker/pitch_pot.hh.sat


Output part file name: f:/data5/repository/CMU/seeker/seeker/pitch_pot.hh.f.sat



Input part file name: f:/data5/repository/CMU/seeker/seeker/screw1.hh.sat


Output part file name: f:/data5/repository/CMU/seeker/seeker/screw1.hh.f.sat



Input part file name: f:/data5/repository/CMU/seeker/seeker/screw2.hh.sat


Output part file name: f:/data5/repository/CMU/seeker/seeker/screw2.hh.f.sat



Input part file name: f:/data5/repository/CMU/seeker/seeker/seeker_part_rack.hh.sat


Output part file name: f:/data5/repository/CMU/seeker/seeker/seeker_part_rack.hh.f.sat



Input part file name: f:/data5/repository/CMU/seeker/seeker/seeker_table.hh.sat


Output part file name: f:/data5/repository/CMU/seeker/seeker/seeker_table.hh.f.sat



Input part file name: f:/data5/repository/CMU/seeker/seeker/seeker_tool_rack.hh.sat


Output part file name: f:/data5/repository/CMU/seeker/seeker/seeker_tool_rack.hh.f.sat



Input part file name: f:/data5/repository/CMU/seeker/seeker/switch_mech.hh.sat


Output part file name: f:/data5/repository/CMU/seeker/seeker/switch_mech.hh.f.sat



Input part file name: f:/data5/repository/CMU/seeker/seeker/switch_motor.hh.sat


Output part file name: f:/data5/repository/CMU/seeker/seeker/switch_motor.hh.f.sat



Input part file name: f:/data5/repository/CMU/seeker/seeker/switch_pot.hh.sat


Output part file name: f:/data5/repository/CMU/seeker/seeker/switch_pot.hh.f.sat



Input part file name: f:/data5/repository/CMU/seeker/seeker/switch_shaft.hh.sat


Output part file name: f:/data5/repository/CMU/seeker/seeker/switch_shaft.hh.f.sat



Input part file name: f:/data5/repository/CMU/seeker/seeker/yaw_motor.hh.sat


Output part file name: f:/data5/repository/CMU/seeker/seeker/yaw_motor.hh.f.sat



Input part file name: f:/data5/repository/CMU/seeker/seeker/yaw_pot.hh.sat


Output part file name: f:/data5/repository/CMU/seeker/seeker/yaw_pot.hh.f.sat



Input part file name: f:/data5/repository/CMU/seeker/seeker/yaw_shaft.hh.sat


Output part file name: f:/data5/repository/CMU/seeker/seeker/yaw_shaft.hh.f.sat

