#UGC:2 PART 889 360 0 1 1 15 1600 9620 \
#- VERS 0 0                                                          \
#- HOST                                                              \
#- LINK                                                              \
#- DBID                                                              \
#- REVS 0,                                                           \
#- RELL 0,                                                           \
#- UOBJ_ID 837191432 374578360 1916021781                            \
#-END_OF_UGC_HEADER
#P_OBJECT 6
@P_object 1 0
0 1 ->
@dep_db 2 0
1 2 ->
@usr_rev 3 0
1 3 [2]
2 3 
@name 4 10
3 4 OSTI
@mod_time 5 0
3 5 
@tm_sec 6 1
4 6 59
@tm_min 7 1
4 7 51
@tm_hour 8 1
4 8 7
@tm_mday 9 1
4 9 8
@tm_mon 10 1
4 10 7
@tm_year 11 1
4 11 94
@action 12 1
3 12 1000
@comment 13 10
3 13 Hostname: 'magma'
@rel_level 14 10
3 14 
@rev_string 15 10
3 15 
2 3 
3 4 DMGAINES
3 5 
4 6 32
4 7 10
4 8 17
4 9 12
4 10 6
4 11 96
3 12 1000
3 13 Hostname: 'intrepid'
3 14 
3 15 
@revnum_std 16 1
1 16 83
@flag 17 1
1 17 0
@name 18 10
1 18 NULL
@inst_hidden 19 1
1 19 0
@old_name 20 10
1 20 NULL
@appl_data 21 0
1 21 ->
@bounding_box 22 2
2 22 [2][3]
$BFDF74A50F9823B7,BF7CA63177716065,BFDF74A50F9823B7
$3FDF74A50F9823B7,3FD26E8032690918,3FDF74A50F9823B7
@uobj_id 23 0
1 23 NULL
#END_OF_P_OBJECT
#Pro/ENGINEER  TM  Release 16.0  (c) 1988-95 by Parametric Technology Corporation  All Rights Reserved. 9620
@Solid 24 0
0 24 ->
@tab_key 25 1
1 25 0
@tab_key_struct 26 0
1 26 ->
@tab_key_ptr 27 0
2 27 [63]
@cmprs_tabkey 28 0
2 28 NULL
@type 29 1
1 29 2
@revnum_ptr 30 0
1 30 ->
@geom_revnum 31 1
2 31 82
@cosm_revnum 32 1
2 32 2
@first_member_ptr 33 0
1 33 NULL
@alumni_members 34 0
1 34 NULL
@frst_geom_ptr 35 1
1 35 12
@first_feat_ptr 36 0
1 36 ->
@id 37 1
2 37 1
@indep_attributes 38 1
2 38 1
@feat_type_ptr 39 0
2 39 ->
@table_id 40 1
3 40 13
@type 41 1
3 41 923
@feattype_key 42 10
3 42 NULL
@form 43 1
3 43 0
@attributes 44 1
3 44 [3]
$3*0
@placement 45 1
3 45 0
@intersection 46 1
3 46 -1
@internal_udf_type 47 1
3 47 -1
@param_choice_ptr 48 0
3 48 ->
@blend_choice 49 1
4 49 0
@depth_choice 50 1
4 50 0
@angle_choice 51 1
4 51 -1
@pat_choice 52 1
4 52 970
@round_choice 53 1
4 53 -1
@subsec_choice 54 1
4 54 -1
@sweep_choice 55 1
4 55 0
@dome_choice 56 1
4 56 0
@draft_choice 57 1
4 57 0
@misc_choice 58 1
4 58 0
@assoc_type 59 1
3 59 0
@symbol_key 60 1
2 60 -1
@sect_name 61 10
2 61 DTM1
@model_type 62 1
2 62 2
@idtab_ptr 63 0
2 63 ->
@srf_id_arr 64 1
3 64 [1][4]
$2,3*0
@save_geoms 65 0
3 65 NULL
@cr_flags_xar 66 1
3 66 [23]
$2*-1,-1025,-2049,2*-1,-16777217,-1,134217727,5*0,2097152,0,2,3*0,1048576,
$2*0
@cvt_feat_dat 67 0
3 67 NULL
@feat_dates_ptr 68 0
3 68 ->
@creat_date 69 1
4 69 0
@regen_date 70 1
4 70 0
@geometry 71 0
2 71 
@srf_array 72 0
3 72 [1]
4 72 ->
@geom_type 73 1
5 73 34
@geom_id 74 1
5 74 2
@feat_id 75 1
5 75 1
@boundary_type 76 1
5 76 1
@envlp 77 2
5 77 [2][2]
$BF7CA63177716065,BFDF74A50F9823B7
$3FD26E8032690918,3FDF74A50F9823B7
@srf_prim_ptr(plane) 78 0
5 78 ->
@local_sys 79 2
6 79 [4][3]
$2*0,3FF
$3FF,2*0
$0,3FF,0
$3*0
@frst_cntr_ptr 80 0
5 80 NULL
@next_geom_ptr 81 1
5 81 0
@orient 82 1
5 82 1
@outline 83 2
5 83 [2][3]
$0,BF7CA63177716065,BFDF74A50F9823B7
$0,3FD26E8032690918,3FDF74A50F9823B7
@group_info_ptr 84 0
2 84 NULL
@intrs_pairs_ptr 85 0
2 85 ->
@place_rec_ptr 86 0
2 86 ->
@local_sys 87 2
3 87 [4][3]
$2*0,3FF
$3FF,2*0
$0,3FF,0
$3*0
@place_instruction_ptrs 88 0
3 88 [1]
4 88 ->
@type 89 1
5 89 513
@offset 90 2
5 90 0
@dim_id 91 1
5 91 -1
@ref_id 92 1
5 92 -1
@geometry1_id 93 1
5 93 -1
@geometry2_id 94 1
5 94 2
@memb_num1 95 1
5 95 0
@memb_num2 96 1
5 96 0
@attr 97 1
5 97 32768
@plin_info_arr 98 0
5 98 [2]
6 98 ->
@type 99 1
7 99 1
@data(plin_info_ref) 100 0
7 100 ->
@id_type1 101 1
8 101 -4
@id_type2 102 1
8 102 5
@offset2 103 2
8 103 0
6 98 ->
7 99 6
@data(plin_info_ui_step) 104 0
7 104 ->
@step_ids 105 1
8 105 [1]
9 105 -100
@own_ref_id 106 1
3 106 -1
@orient 107 1
3 107 1
@trf_arr 108 0
3 108 [1]
4 108 
@type 109 1
5 109 11
@idx 110 1
5 110 0
@transf 111 2
5 111 [4][3]
$2*0,3FF
$3FF,2*0
$0,3FF,0
$3*0
@next_prop 112 0
2 112 NULL
@first_geom_id 113 1
2 113 2
@cond_tbl_idx 114 1
2 114 -1
@comment 115 10
2 115 NULL
@merge_info_ptr 116 0
2 116 NULL
@topology_increment 117 0
2 117 ->
@first_geom 118 1
3 118 0
@first_quilt 119 1
3 119 0
@outline 120 2
3 120 [2][3]
$3*0
$3*0
@max_part_size 121 2
3 121 0
@xform_increment 122 0
3 122 NULL
@roll_back_id 123 1
3 123 -1
@state_ind 124 1
2 124 -1
@alumni_info 125 0
2 125 NULL
@revnum 126 1
2 126 -1
@rev_rec 127 0
2 127 NULL
@next_feat_ptr 128 0
1 128 ->
2 37 3
2 38 1
2 39 ->
3 40 13
3 41 923
3 42 NULL
3 43 0
3 44 [3]
$3*0
3 45 0
3 46 -1
3 47 -1
3 48 ->
4 49 0
4 50 0
4 51 -1
4 52 970
4 53 -1
4 54 -1
4 55 0
4 56 0
4 57 0
4 58 0
3 59 0
2 60 -1
2 61 DTM2
2 62 2
2 63 ->
3 64 [1][4]
$4,3*0
3 65 NULL
3 66 [23]
$2*-1,-1025,-2049,2*-1,-16777217,-1,134217727,5*0,2097152,0,2,3*0,1048576,
$2*0
3 67 NULL
3 68 ->
4 69 0
4 70 0
2 71 
3 72 [1]
4 72 ->
5 73 34
5 74 4
5 75 3
5 76 1
5 77 [2][2]
$2*BFDF74A50F9823B7
$2*3FDF74A50F9823B7
5 78 ->
6 79 [4][3]
$0,3FF,0
$2*0,3FF
$3FF,2*0
$3*0
5 80 NULL
5 81 0
5 82 1
5 83 [2][3]
$BFDF74A50F9823B7,0,BFDF74A50F9823B7
$3FDF74A50F9823B7,0,3FDF74A50F9823B7
2 84 NULL
2 85 ->
2 86 ->
3 87 [4][3]
$0,3FF,0
$2*0,3FF
$3FF,2*0
$3*0
3 88 [1]
4 88 ->
5 89 514
5 90 0
5 91 -1
5 92 -1
5 93 -1
5 94 4
5 95 0
5 96 0
5 97 32768
5 98 [2]
6 98 ->
7 99 1
7 100 ->
8 101 -4
8 102 5
8 103 0
6 98 ->
7 99 6
7 104 ->
8 105 [1]
9 105 -100
3 106 -1
3 107 1
3 108 [1]
4 108 
5 109 11
5 110 0
5 111 [4][3]
$0,3FF,0
$2*0,3FF
$3FF,2*0
$3*0
2 112 NULL
2 113 4
2 114 -1
2 115 NULL
2 116 NULL
2 117 ->
3 118 0
3 119 0
3 120 [2][3]
$3*0
$3*0
3 121 0
3 122 NULL
3 123 -1
2 124 -1
2 125 NULL
2 126 -1
2 127 NULL
1 128 ->
2 37 5
2 38 1
2 39 ->
3 40 13
3 41 923
3 42 NULL
3 43 0
3 44 [3]
$3*0
3 45 0
3 46 -1
3 47 -1
3 48 ->
4 49 0
4 50 0
4 51 -1
4 52 970
4 53 -1
4 54 -1
4 55 0
4 56 0
4 57 0
4 58 0
3 59 0
2 60 -1
2 61 DTM3
2 62 2
2 63 ->
3 64 [1][4]
$6,3*0
3 65 NULL
3 66 [23]
$2*-1,-1025,-2049,2*-1,-16777217,-1,134217727,5*0,2097152,0,2,3*0,1048576,
$2*0
3 67 NULL
3 68 ->
4 69 0
4 70 0
2 71 
3 72 [1]
4 72 ->
5 73 34
5 74 6
5 75 5
5 76 1
5 77 [2][2]
$BFDF74A50F9823B7,BF7CA63177716065
$3FDF74A50F9823B7,3FD26E8032690918
5 78 ->
6 79 [4][3]
$3FF,2*0
$0,3FF,0
$2*0,3FF
$3*0
5 80 NULL
5 81 0
5 82 1
5 83 [2][3]
$BFDF74A50F9823B7,BF7CA63177716065,0
$3FDF74A50F9823B7,3FD26E8032690918,0
2 84 NULL
2 85 ->
2 86 ->
3 87 [4][3]
$3FF,2*0
$0,3FF,0
$2*0,3FF
$3*0
3 88 [1]
4 88 ->
5 89 515
5 90 0
5 91 -1
5 92 -1
5 93 -1
5 94 6
5 95 0
5 96 0
5 97 32768
5 98 [2]
6 98 ->
7 99 1
7 100 ->
8 101 -4
8 102 5
8 103 0
6 98 ->
7 99 6
7 104 ->
8 105 [1]
9 105 -100
3 106 -1
3 107 1
3 108 [1]
4 108 
5 109 11
5 110 0
5 111 [4][3]
$3FF,2*0
$0,3FF,0
$2*0,3FF
$3*0
2 112 NULL
2 113 6
2 114 -1
2 115 NULL
2 116 NULL
2 117 ->
3 118 0
3 119 0
3 120 [2][3]
$3*0
$3*0
3 121 0
3 122 NULL
3 123 -1
2 124 -1
2 125 NULL
2 126 -1
2 127 NULL
1 128 ->
2 37 7
2 38 1
2 39 ->
3 40 63
3 41 979
3 42 NULL
3 43 0
3 44 [3]
$3*0
3 45 0
3 46 -1
3 47 -1
3 48 ->
4 49 0
4 50 0
4 51 -1
4 52 -1
4 53 -1
4 54 -1
4 55 0
4 56 0
4 57 0
4 58 128
3 59 0
2 60 -1
2 61 no_name
2 62 2
@entity(coord_sys) 129 0
2 129 ->
@type 130 1
3 130 18
@id 131 1
3 131 8
@gen_info 132 0
3 132 
@color 133 1
4 133 1
@sys_type 134 1
3 134 -1
@pnt_type 135 1
3 135 -1
@radius 136 2
3 136 0
@local_sys 137 2
3 137 [4][3]
$3FF,2*0
$0,3FF,0
$2*0,3FF
$3*0
@feat_id 138 1
3 138 7
@entity(text) 139 0
2 139 ->
@text_type 140 1
3 140 34
@text_value 141 10
3 141 CS0
@txt_attrib 142 1
3 142 1
@coord 143 2
3 143 [3]
$4081EFD35B7A4DDF,40832B18037C2CF9,C0603083775FE6F2
@owner_id 144 1
3 144 8
@part_id 145 1
3 145 9
@height 146 2
3 146 BFF
@width_factor 147 2
3 147 BFF
@format_info 148 0
3 148 
@thickness 149 2
3 149 BFF
2 63 ->
@misc_id_tab 150 0
3 150 [1]
4 150 
@misc_hist 151 1
5 151 [5]
$8,534,0,-1,500
3 65 NULL
3 66 [23]
$2*-1,-1025,-2049,2*-1,-16777217,-1,134217727,5*0,2097152,0,2,3*0,1048576,
$2*0
3 67 NULL
3 68 ->
4 69 0
4 70 0
2 71 
2 84 NULL
2 85 ->
2 86 ->
3 87 [4][3]
$3FF,2*0
$0,3FF,0
$2*0,3FF
$3*0
3 106 -1
3 107 0
3 108 [1]
4 108 
5 109 10
5 110 0
5 111 [4][3]
$3FF,2*0
$0,3FF,0
$2*0,3FF
$3*0
2 112 NULL
2 113 -1
2 114 -1
2 115 NULL
2 116 NULL
2 117 ->
3 118 0
3 119 0
3 120 [2][3]
$3*0
$3*0
3 121 0
3 122 NULL
3 123 -1
2 124 -1
2 125 NULL
2 126 -1
2 127 NULL
1 128 ->
2 37 10
2 38 1
2 39 ->
3 40 13
3 41 923
3 42 NULL
3 43 0
3 44 [3]
$3,2*0
3 45 0
3 46 -1
3 47 -1
3 48 ->
4 49 0
4 50 0
4 51 -1
4 52 970
4 53 -1
4 54 -1
4 55 0
4 56 0
4 57 0
4 58 0
3 59 0
2 60 -1
2 61 no_name
2 62 2
2 63 ->
3 64 [1][4]
$11,3*0
3 65 NULL
3 66 [23]
$2*-1,-1025,-2049,2*-1,-16777217,-1,134217727,5*0,2097152,0,2,3*0,1048576,
$2*0
3 67 NULL
3 68 ->
4 69 0
4 70 0
2 71 
3 72 [1]
4 72 ->
5 73 34
5 74 11
5 75 10
5 76 -1
5 77 [2][2]
$2*0
$2*0
5 78 ->
6 79 [4][3]
$3FF,2*0
$2*0,3FF
$0,BFF,0
$3*0
5 80 NULL
5 81 0
5 82 1
5 83 [2][3]
$3*0
$3*0
2 84 NULL
2 85 ->
2 86 ->
3 87 [4][3]
$3FF,2*0
$2*0,3FF
$0,BFF,0
$3*0
3 88 [2]
4 88 ->
5 89 509
5 90 3FF
5 91 -1
5 92 -1
5 93 4
5 94 11
5 95 0
5 96 0
5 97 32768
5 98 [2]
6 98 ->
7 99 1
7 100 ->
8 101 -4
8 102 5
8 103 0
6 98 ->
7 99 6
7 104 ->
8 105 [1]
9 105 -100
4 88 ->
5 89 510
5 90 BFF
5 91 -1
5 92 -1
5 93 6
5 94 11
5 95 0
5 96 0
5 97 32768
5 98 [2]
6 98 ->
7 99 1
7 100 ->
8 101 -4
8 102 5
8 103 0
6 98 ->
7 99 6
7 104 ->
8 105 [1]
9 105 -100
3 106 -1
3 107 1
3 108 [1]
4 108 
5 109 11
5 110 0
5 111 [4][3]
$3FF,2*0
$2*0,3FF
$0,BFF,0
$3*0
2 112 NULL
2 113 11
2 114 -1
2 115 NULL
2 116 NULL
@parent_table 152 1
2 152 [2]
$3,5
2 117 ->
3 118 0
3 119 0
3 120 [2][3]
$3*0
$3*0
3 121 0
3 122 NULL
3 123 -1
2 124 -1
2 125 NULL
2 126 -1
2 127 NULL
1 128 ->
2 37 9
2 38 1
2 39 ->
3 40 7
3 41 917
3 42 NULL
3 43 1
3 44 [3]
$3*0
3 45 0
3 46 991
3 47 -1
3 48 ->
4 49 0
4 50 266240
4 51 -1
4 52 970
4 53 -1
4 54 -1
4 55 0
4 56 0
4 57 0
4 58 0
3 59 0
2 60 -1
2 61 no_name
2 62 2
@entity(line3d) 153 0
2 153 ->
@type 154 1
3 154 11
@id 155 1
3 155 22
@gen_info 156 0
3 156 
@geom_id 157 1
3 157 18
@end1 158 2
3 158 [3]
$3*0
@end2 159 2
3 159 [3]
$BFDF020C49BA5E35,2*0
2 153 ->
3 154 13
3 155 23
3 156 
4 133 1
3 157 18
3 158 [3]
$3*0
3 159 [3]
$0,3FAFBE76C8B43958,0
2 139 ->
3 140 19
3 141 A_1
3 142 1
3 143 [3]
$40819FD35B7A4DDF,4082EB18037C2CF9,C0603083775FE6F2
3 144 -1
3 145 9
3 146 BFF
3 147 BFF
3 148 
3 149 BFF
2 63 ->
3 64 [4][4]
$12,204,2*0
$15,203,2*0
$18,200,2*0
$20,200,-1,0
@edg_id_arr 160 1
3 160 [6][6]
$13,221,3*0,12
$14,221,-1,2*0,12
$16,222,3*0,18
$17,222,-1,2*0,20
$19,220,3*0,18
$21,220,-1,2*0,20
3 150 [2]
4 150 
5 151 [5]
$22,530,18,-1,500
4 150 
5 151 [5]
$23,531,18,-1,500
@dtm_id_tab 161 0
3 161 [1]
4 161 
@dtm_id 162 1
5 162 11
@dim_id 163 1
5 163 -1
3 65 NULL
3 66 [23]
$2*-1,-1025,-2049,2*-1,-16777217,-1,134217727,5*0,2097152,0,2,3*0,1048576,
$2*0
3 67 NULL
3 68 ->
4 69 0
4 70 0
2 71 
3 72 [4]
4 72 ->
5 73 34
5 74 12
5 75 9
5 76 0
5 77 [2][2]
$2*BFDF020C49BA5E35
$2*3FDF020C49BA5E35
5 78 ->
6 79 [4][3]
$3FF,2*0
$2*0,3FF
$0,BFF,0
$3*0
5 80 ->
@frst_cntr_crv_hdr_ptr 164 1
6 164 13
@trv 165 1
6 165 1
@envlp 166 2
6 166 [2][2]
$2*BFDF020C49BA5E35
$2*3FDF020C49BA5E35
@next_cntr_ptr 167 0
5 167 ->
6 164 57
6 165 -1
6 166 [2][2]
$2*BFC8
$2*3FC8
5 167 NULL
5 81 15
5 82 -1
5 83 [2][3]
$BFDF020C49BA5E35,0,BFDF020C49BA5E35
$3FDF020C49BA5E35,0,3FDF020C49BA5E35
4 72 ->
5 73 34
5 74 15
5 75 9
5 76 0
5 77 [2][2]
$2*BFDF020C49BA5E35
$2*3FDF020C49BA5E35
5 78 ->
6 79 [4][3]
$3FF,2*0
$2*0,3FF
$0,BFF,0
$0,3FAFBE76C8B43958,0
5 80 ->
6 164 16
6 165 1
6 166 [2][2]
$2*BFDF020C49BA5E35
$2*3FDF020C49BA5E35
5 167 ->
6 164 39
6 165 -1
6 166 [2][2]
$BFDC,BFDC04EFEAAC5589
$3FDC,3FDC04EFEAAC5589
5 167 NULL
5 81 18
5 82 1
5 83 [2][3]
$BFDF020C49BA5E35,3FAFBE76C8B43958,BFDF020C49BA5E35
$3FDF020C49BA5E35,3FAFBE76C8B43958,3FDF020C49BA5E35
4 72 ->
5 73 36
5 74 18
5 75 9
5 76 0
5 77 [2][2]
$2*0
$400921FB54442D18,3FAFBE76C8B43958
@srf_prim_ptr(cylinder) 168 0
5 168 ->
@local_sys 169 2
6 169 [4][3]
$3FF,2*0
$2*0,3FF
$0,BFF,0
$3*0
@radius 170 2
6 170 3FDF020C49BA5E35
5 80 ->
6 164 13
6 165 1
6 166 [2][2]
$2*0
$400921FB54442D18,3FAFBE76C8B43958
5 167 NULL
5 81 20
5 82 1
5 83 [2][3]
$BFDF020C49BA5E35,0,BFDF020C49BA5E35
$3FDF020C49BA5E35,3FAFBE76C8B43958,0
4 72 ->
5 73 36
5 74 20
5 75 9
5 76 0
5 77 [2][2]
$400921FB54442D18,0
$401921FB54442D18,3FAFBE76C8B43958
5 168 ->
6 169 [4][3]
$3FF,2*0
$2*0,3FF
$0,BFF,0
$3*0
6 170 3FDF020C49BA5E35
5 80 ->
6 164 14
6 165 1
6 166 [2][2]
$400921FB54442D18,0
$401921FB54442D18,3FAFBE76C8B43958
5 167 NULL
5 81 30
5 82 1
5 83 [2][3]
$BFDF020C49BA5E35,2*0
$3FDF020C49BA5E35,3FAFBE76C8B43958,3FDF020C49BA5E35
@crv_array 171 0
3 171 [6]
4 171 ->
@crv_id 172 1
5 172 13
@feat_id 173 1
5 173 9
@type 174 1
5 174 0
@crv_pnt_dir 175 1
5 175 [2]
$1,-1
@crv_pnt_arr 176 2
5 176 [23][4]
$3FDF020C49BA5E35,3*0
$3FDEB14007AC47,3FB1A6CEDDA13A46,3FC247426BD47DE4,0
$3FDDC08053E66FE5,3FC178D0288CBC0B,3FD247426BD47DE4,0
$3FDC34B3D33419D1,3FC9C32B2B172C8,3FDB6AE3A1BEBCD4,0
$3FDA15E9324D133F,3FD0C3A1FC8A873C,3FE247426BD47DE3,0
$3FD76F2D285DFCE,3FD44E50E1671A21,3FE6D91306C99D5A,0
$3FD44E50E1671A2R,3FD76F2D285DFCDF,3FEB6AE3A1BEBCD4,0
$3FD0C3A1FC8A873C,3FDA15E9324D133F,3FEFFCB43CB3DC4D,0
$3FC9C32B2B172C8,3FDC34B3D33419D1,3FF247426BD47DE3,0
$3FC178D0288CBC08,3FDDC08053E66FE6,3FF4902AB94F0DA,0
$3FB1A6CEDDA13A4B,3FDEB14007AC47,3FF6D91306C99D5B,0
$0,3FDF020C49BA5E35,3FF921FB54442D18,0
$BFB1A6CEDDA13A43,3FDEB14007AC4701,3FFB6AE3A1BEBCD4,0
$BFC178D0288CBC0C,3FDDC08053E66FE5,3FFDB3CBEF394C91,0
$BFC9C32B2B172C8,3FDC34B3D33419D1,3FFFFCB43CB3DC4D,0
$BFD0C3A1FC8A873A,3FDA15E9324D134,400122CE45173604,0
$BFD44E50E1671A2R,3FD76F2D285DFCDF,400247426BD47DE3,0
$BFD76F2D285DFCDF,3FD44E50E1671A2R,40036BB69291C5C1,0
$BFDA15E9324D134,3FD0C3A1FC8A873A,4004902AB94F0DA,0
$BFDC34B3D33419D1,3FC9C32B2B172C7C,4005B49EE00C557E,0
$BFDDC08053E66FE5,3FC178D0288CBC0F,4006D91306C99D5B,0
$BFDEB14007AC4701,3FB1A6CEDDA13A43,4007FD872D86E53A,0
$BFDF020C49BA5E35,0,400921FB54442D18,0
@crv_hdr_geom_ptr[0] 177 1
5 177 12
@crv_hdr_geom_ptr[1] 178 1
5 178 18
@next_crv_hdr_ptr[0] 179 1
5 179 14
@next_crv_hdr_ptr[1] 180 1
5 180 19
@ref_geom[0] 181 1
5 181 0
@ref_geom[1] 182 1
5 182 0
4 171 ->
5 172 14
5 173 9
5 174 0
5 175 [2]
$1,-1
5 176 [23][4]
$BFDF020C49BA5E35,0,400921FB54442D18,0
$BFDEB14007AC4701,BFB1A6CEDDA13A43,400A466F7B0174F6,0
$BFDDC08053E66FE6,BFC178D0288CBC08,400B6AE3A1BEBCD4,0
$BFDC34B3D33419D1,BFC9C32B2B172C7C,400C8F57C87C04B2,0
$BFDA15E9324D133E,BFD0C3A1FC8A873D,400DB3CBEF394C91,0
$BFD76F2D285DFCDF,BFD44E50E1671A2R,400ED84015F6946F,0
$BFD44E50E1671A2R,BFD76F2D285DFCDF,400FFCB43CB3DC4D,0
$BFD0C3A1FC8A873A,BFDA15E9324D134,4010909431B89216,0
$BFC9C32B2B172C7C,BFDC34B3D33419D1,401122CE45173605,0
$BFC178D0288CBC08,BFDDC08053E66FE6,4011B5085875D9F4,0
$BFB1A6CEDDA13A43,BFDEB14007AC4701,401247426BD47DE3,0
$0,BFDF020C49BA5E35,4012D97C7F3321D2,0
$3FB1A6CEDDA13A43,BFDEB14007AC4701,40136BB69291C5C1,0
$3FC178D0288CBC08,BFDDC08053E66FE6,4013FDF0A5F069B,0
$3FC9C32B2B172C7C,BFDC34B3D33419D1,4014902AB94F0D9F,0
$3FD0C3A1FC8A873A,BFDA15E9324D134,40152264CCADB18E,0
$3FD44E50E1671A25,BFD76F2D285DFCDC,4015B49EE00C557E,0
$3FD76F2D285DFCDC,BFD44E50E1671A25,401646D8F36AF96C,0
$3FDA15E9324D134,BFD0C3A1FC8A873A,4016D91306C99D5C,0
$3FDC34B3D33419D1,BFC9C32B2B172C7C,40176B4D1A28414B,0
$3FDDC08053E66FE6,BFC178D0288CBC08,4017FD872D86E53A,0
$3FDEB14007AC4701,BFB1A6CEDDA13A43,40188FC140E58929,0
$3FDF020C49BA5E35,0,401921FB54442D18,0
5 177 12
5 178 20
5 179 13
5 180 21
5 181 0
5 182 0
4 171 ->
5 172 16
5 173 9
5 174 0
5 175 [2]
$-1,1
5 176 [23][4]
$3FDF020C49BA5E35,2*0,3FAFBE76C8B43958
$3FDEB14007AC47,3FB1A6CEDDA13A46,3FC247426BD47DE4,3FAFBE76C8B43958
$3FDDC08053E66FE5,3FC178D0288CBC0B,3FD247426BD47DE4,3FAFBE76C8B43958
$3FDC34B3D33419D1,3FC9C32B2B172C8,3FDB6AE3A1BEBCD4,3FAFBE76C8B43958
$3FDA15E9324D133F,3FD0C3A1FC8A873C,3FE247426BD47DE3,3FAFBE76C8B43958
$3FD76F2D285DFCE,3FD44E50E1671A21,3FE6D91306C99D5A,3FAFBE76C8B43958
$3FD44E50E1671A2R,3FD76F2D285DFCDF,3FEB6AE3A1BEBCD4,3FAFBE76C8B43958
$3FD0C3A1FC8A873C,3FDA15E9324D133F,3FEFFCB43CB3DC4D,3FAFBE76C8B43958
$3FC9C32B2B172C8,3FDC34B3D33419D1,3FF247426BD47DE3,3FAFBE76C8B43958
$3FC178D0288CBC08,3FDDC08053E66FE6,3FF4902AB94F0DA,3FAFBE76C8B43958
$3FB1A6CEDDA13A4B,3FDEB14007AC47,3FF6D91306C99D5B,3FAFBE76C8B43958
$0,3FDF020C49BA5E35,3FF921FB54442D18,3FAFBE76C8B43958
$BFB1A6CEDDA13A43,3FDEB14007AC4701,3FFB6AE3A1BEBCD4,3FAFBE76C8B43958
$BFC178D0288CBC0C,3FDDC08053E66FE5,3FFDB3CBEF394C91,3FAFBE76C8B43958
$BFC9C32B2B172C8,3FDC34B3D33419D1,3FFFFCB43CB3DC4D,3FAFBE76C8B43958
$BFD0C3A1FC8A873A,3FDA15E9324D134,400122CE45173604,3FAFBE76C8B43958
$BFD44E50E1671A2R,3FD76F2D285DFCDF,400247426BD47DE3,3FAFBE76C8B43958
$BFD76F2D285DFCDF,3FD44E50E1671A2R,40036BB69291C5C1,3FAFBE76C8B43958
$BFDA15E9324D134,3FD0C3A1FC8A873A,4004902AB94F0DA,3FAFBE76C8B43958
$BFDC34B3D33419D1,3FC9C32B2B172C7C,4005B49EE00C557E,3FAFBE76C8B43958
$BFDDC08053E66FE5,3FC178D0288CBC0F,4006D91306C99D5B,3FAFBE76C8B43958
$BFDEB14007AC4701,3FB1A6CEDDA13A43,4007FD872D86E53A,3FAFBE76C8B43958
$BFDF020C49BA5E35,0,400921FB54442D18,3FAFBE76C8B43958
5 177 15
5 178 18
5 179 17
5 180 21
5 181 0
5 182 0
4 171 ->
5 172 17
5 173 9
5 174 0
5 175 [2]
$-1,1
5 176 [23][4]
$BFDF020C49BA5E35,0,400921FB54442D18,3FAFBE76C8B43958
$BFDEB14007AC4701,BFB1A6CEDDA13A43,400A466F7B0174F6,3FAFBE76C8B43958
$BFDDC08053E66FE6,BFC178D0288CBC08,400B6AE3A1BEBCD4,3FAFBE76C8B43958
$BFDC34B3D33419D1,BFC9C32B2B172C7C,400C8F57C87C04B2,3FAFBE76C8B43958
$BFDA15E9324D133E,BFD0C3A1FC8A873D,400DB3CBEF394C91,3FAFBE76C8B43958
$BFD76F2D285DFCDF,BFD44E50E1671A2R,400ED84015F6946F,3FAFBE76C8B43958
$BFD44E50E1671A2R,BFD76F2D285DFCDF,400FFCB43CB3DC4D,3FAFBE76C8B43958
$BFD0C3A1FC8A873A,BFDA15E9324D134,4010909431B89216,3FAFBE76C8B43958
$BFC9C32B2B172C7C,BFDC34B3D33419D1,401122CE45173605,3FAFBE76C8B43958
$BFC178D0288CBC08,BFDDC08053E66FE6,4011B5085875D9F4,3FAFBE76C8B43958
$BFB1A6CEDDA13A43,BFDEB14007AC4701,401247426BD47DE3,3FAFBE76C8B43958
$0,BFDF020C49BA5E35,4012D97C7F3321D2,3FAFBE76C8B43958
$3FB1A6CEDDA13A43,BFDEB14007AC4701,40136BB69291C5C1,3FAFBE76C8B43958
$3FC178D0288CBC08,BFDDC08053E66FE6,4013FDF0A5F069B,3FAFBE76C8B43958
$3FC9C32B2B172C7C,BFDC34B3D33419D1,4014902AB94F0D9F,3FAFBE76C8B43958
$3FD0C3A1FC8A873A,BFDA15E9324D134,40152264CCADB18E,3FAFBE76C8B43958
$3FD44E50E1671A25,BFD76F2D285DFCDC,4015B49EE00C557E,3FAFBE76C8B43958
$3FD76F2D285DFCDC,BFD44E50E1671A25,401646D8F36AF96C,3FAFBE76C8B43958
$3FDA15E9324D134,BFD0C3A1FC8A873A,4016D91306C99D5C,3FAFBE76C8B43958
$3FDC34B3D33419D1,BFC9C32B2B172C7C,40176B4D1A28414B,3FAFBE76C8B43958
$3FDDC08053E66FE6,BFC178D0288CBC08,4017FD872D86E53A,3FAFBE76C8B43958
$3FDEB14007AC4701,BFB1A6CEDDA13A43,40188FC140E58929,3FAFBE76C8B43958
$3FDF020C49BA5E35,0,401921FB54442D18,3FAFBE76C8B43958
5 177 15
5 178 20
5 179 16
5 180 19
5 181 0
5 182 0
4 171 ->
5 172 19
5 173 9
5 174 1
5 175 [2]
$1,-1
5 176 [2][4]
$2*0,401921FB54442D18,0
$0,3FAFBE76C8B43958,401921FB54442D18,3FAFBE76C8B43958
5 177 18
5 178 20
5 179 16
5 180 14
5 181 0
5 182 0
4 171 ->
5 172 21
5 173 9
5 174 1
5 175 [2]
$1,-1
5 176 [2][4]
$400921FB54442D18,0,400921FB54442D18,0
$400921FB54442D18,3FAFBE76C8B43958,400921FB54442D18,3FAFBE76C8B43958
5 177 20
5 178 18
5 179 17
5 180 13
5 181 0
5 182 0
2 84 NULL
2 85 ->
2 86 ->
3 87 [4][3]
$3FF,2*0
$2*0,3FF
$0,BFF,0
$3*0
3 88 [1]
4 88 ->
5 89 1853
5 90 0
5 91 0
5 92 -1
5 93 -1
5 94 -1
5 95 0
5 96 0
5 97 0
5 98 [1]
6 98 ->
7 99 6
7 104 ->
8 105 [1]
9 105 -100
3 106 -1
3 107 0
3 108 [1]
4 108 
5 109 1
5 110 0
5 111 [4][3]
$0,BFF,0
$3FF,2*0
$2*0,3FF
$3*0
2 112 NULL
2 113 12
@gsec_ptr 183 0
2 183 [1]
3 183 
@type 184 1
4 184 2
@name 185 10
4 185 S2D0002
@gsec2d_ptr 186 0
4 186 ->
@name 187 10
5 187 S2D0002
@segtab_ptr 188 0
5 188 [3]
6 188 
@type 189 1
7 189 10
@dir 190 1
7 190 [3]
$3*0
@pointid 191 1
7 191 [2]
$2*0
@cntrid 192 1
7 192 0
@arcorient 193 1
7 193 0
@verhor 194 1
7 194 0
@radius 195 1
7 195 0
@ext_id 196 1
7 196 0
@gen_info 197 0
7 197 
@known_ent_info 198 0
7 198 
@attr 199 1
8 199 0
@known_ent_id 200 1
8 200 -1
6 188 
7 189 32770
7 190 [3]
$-1,2*0
7 191 [2]
$1,2
7 192 2
7 193 0
7 194 1
7 195 0
7 196 1
7 197 
@attributes 201 1
8 201 8
7 198 
8 199 0
8 200 -1
6 188 
7 189 32770
7 190 [3]
$0,-1,0
7 191 [2]
$3,4
7 192 4
7 193 0
7 194 0
7 195 0
7 196 2
7 197 
8 201 8
7 198 
8 199 0
8 200 -1
@dimtab_ptr 202 0
5 202 [3]
6 202 
@type 203 1
7 203 42
@value 204 2
7 204 0
@direct 205 1
7 205 0
@property 206 1
7 206 0
@leftpt 207 1
7 207 [2]
@rightpt 208 1
7 208 [2]
@offset 209 2
7 209 0
@ext_id 210 1
7 210 0
@dispdimattr 211 0
7 211 
@dimattr 212 1
8 212 [2]
$2*0
@dim_ref 213 0
7 213 [2]
8 213 
@item_id 214 1
9 214 1
@sense 215 1
9 215 4
@point 216 1
9 216 [2]
$2*-1
8 213 
9 214 0
9 215 3
9 216 [2]
$2*-1
6 202 
7 203 42
7 204 0
7 205 0
7 206 0
7 207 [2]
7 208 [2]
7 209 0
7 210 1
7 211 
8 212 [2]
$2*0
7 213 [2]
8 213 
9 214 2
9 215 4
9 216 [2]
$2*-1
8 213 
9 214 0
9 215 3
9 216 [2]
$2*-1
6 202 
7 203 4
7 204 3FDF020C49BA5E35
7 205 0
7 206 0
7 207 [2]
7 208 [2]
7 209 0
7 210 2
7 211 
8 212 [2]
$34,0
7 213 [2]
8 213 
9 214 0
9 215 -1
9 216 [2]
$2*-1
8 213 
9 214 0
9 215 -1
9 216 [2]
$2*-1
@relat_ptr 217 0
5 217 [3]
6 217 
@id 218 1
7 218 -1
@used 219 1
7 219 0
@a 220 1
7 220 [4]
$0,1,2*-1
@b 221 1
7 221 [4]
$2*1,2*0
@c 222 2
7 222 [4]
$3FF,BFF,3FF,0
@sign 223 1
7 223 0
@idim 224 1
7 224 -1
@type 225 1
7 225 0
6 217 
7 218 -1
7 219 0
7 220 [4]
$0,3,2*-1
7 221 [4]
$4*0
7 222 [4]
$3FF,BFF,3FF,0
7 223 0
7 224 -1
7 225 0
6 217 
7 218 -1
7 219 0
7 220 [4]
$4*0
7 221 [4]
$4*0
7 222 [4]
$4*3FF
7 223 1
7 224 2
7 225 14
@formula_ptr 226 1
5 226 [3]
$0,1,2
@qind 227 1
5 227 -1
@anchor 228 0
5 228 NULL
@totalpointid 229 1
5 229 5
@checkarcs_flag 230 1
5 230 1
@location 231 0
5 231 ->
@id 232 1
6 232 0
@param 233 2
6 233 0
@type 234 1
6 234 0
@nsket_info 235 0
5 235 ->
@scale 236 2
6 236 0
@m 237 1
6 237 0
@last_was_permanent 238 1
6 238 0
@unsolved_ptr 239 0
5 239 ->
@iges_file 240 10
6 240 NULL
@solve_version 241 1
5 241 1
@segdscr_tab 242 0
5 242 [3]
6 242 
@ent_mode 243 1
7 243 0
6 242 
7 243 0
6 242 
7 243 0
@gsec3d_ptr 244 0
4 244 ->
@type 245 1
5 245 7
@name 246 10
5 246 S2D0002
@flip 247 1
5 247 1
@own_ref_id 248 1
5 248 -1
@first_chain_ptr 249 0
5 249 NULL
@quilt_id 250 1
5 250 -1
@plane_id 251 1
5 251 11
@plane_flip 252 1
5 252 -1
@ref_planes 253 0
5 253 [2]
6 253 
@plane_id 254 1
7 254 6
@ref_type 255 1
7 255 5
@ext_ref_id 256 1
7 256 -1
@seg_id 257 1
7 257 1
@flip_flag 258 1
7 258 0
@save_entity_ptr(line) 259 0
7 259 ->
@type 260 1
8 260 32770
@id 261 1
8 261 0
@gen_info 262 0
8 262 
9 201 8
@end1 263 2
8 263 [3]
$3*0
@end2 264 2
8 264 [3]
$C059,2*0
@back_entity_ptr(line) 265 0
7 265 ->
8 260 32770
8 261 0
8 262 
9 201 8
8 263 [3]
$3*0
8 264 [3]
$C059,2*0
6 253 
7 254 2
7 255 5
7 256 -1
7 257 2
7 258 0
7 259 ->
8 260 32770
8 261 0
8 262 
9 201 8
8 263 [3]
$3*0
8 264 [3]
$0,C059,0
7 265 ->
8 260 32770
8 261 0
8 262 
9 201 8
8 263 [3]
$3*0
8 264 [3]
$0,C059,0
@order_ptr 266 0
4 266 [2]
5 266 
@id 267 1
6 267 0
@flip 268 1
6 268 2
5 266 
6 267 0
6 268 4
@dim_id_tab 269 1
4 269 [3]
$1,2,3
@attributes 270 1
4 270 0
@xsec_id 271 1
4 271 -1
@gsec_info_arr 272 0
4 272 [1]
5 272 
@application_type 273 1
6 273 2
@application_id 274 1
6 274 -100
@secsolve_revnum 275 1
4 275 0
@rel_accuracy 276 2
4 276 BFF
@p_saved_result 277 0
4 277 NULL
2 114 -1
2 115 NULL
2 116 NULL
2 152 [3]
$1,5,10
2 117 ->
3 118 0
3 119 0
3 120 [2][3]
$3*0
$3*0
3 121 0
3 122 NULL
3 123 -1
2 124 -1
2 125 NULL
2 126 -1
2 127 NULL
1 128 ->
2 37 25
2 38 1
2 39 ->
3 40 13
3 41 923
3 42 NULL
3 43 0
3 44 [3]
$3,2*0
3 45 0
3 46 -1
3 47 -1
3 48 ->
4 49 0
4 50 0
4 51 -1
4 52 970
4 53 -1
4 54 -1
4 55 0
4 56 0
4 57 0
4 58 0
3 59 0
2 60 -1
2 61 no_name
2 62 2
2 63 ->
3 64 [1][4]
$26,3*0
3 65 NULL
3 66 [23]
$2*-1,-1025,-2049,2*-1,-16777217,-1,134217727,5*0,2097152,0,2,3*0,1048576,
$2*0
3 67 NULL
3 68 ->
4 69 0
4 70 0
2 71 
3 72 [1]
4 72 ->
5 73 34
5 74 26
5 75 25
5 76 -1
5 77 [2][2]
$2*0
$2*0
5 78 ->
6 79 [4][3]
$3FF,2*0
$2*0,3FF
$0,BFF,0
$0,3FAFBE76C8B43958,0
5 80 NULL
5 81 0
5 82 1
5 83 [2][3]
$3*0
$3*0
2 84 NULL
2 85 ->
2 86 ->
3 87 [4][3]
$3FF,2*0
$2*0,3FF
$0,BFF,0
$0,3FAFBE76C8B43958,0
3 88 [2]
4 88 ->
5 89 509
5 90 3FF
5 91 -1
5 92 -1
5 93 15
5 94 26
5 95 0
5 96 0
5 97 32768
5 98 [2]
6 98 ->
7 99 1
7 100 ->
8 101 -4
8 102 5
8 103 0
6 98 ->
7 99 6
7 104 ->
8 105 [1]
9 105 -100
4 88 ->
5 89 510
5 90 BFF
5 91 -1
5 92 -1
5 93 6
5 94 26
5 95 0
5 96 0
5 97 32768
5 98 [2]
6 98 ->
7 99 1
7 100 ->
8 101 -4
8 102 5
8 103 0
6 98 ->
7 99 6
7 104 ->
8 105 [1]
9 105 -100
3 106 -1
3 107 1
3 108 [1]
4 108 
5 109 11
5 110 0
5 111 [4][3]
$3FF,2*0
$2*0,3FF
$0,BFF,0
$0,3FAFBE76C8B43958,0
2 112 NULL
2 113 26
2 114 -1
2 115 NULL
2 116 NULL
2 152 [2]
$5,9
2 117 ->
3 118 12
3 119 0
3 120 [2][3]
$BFDF020C49BA5E35,0,BFDF020C49BA5E35
$3FDF020C49BA5E35,3FAFBE76C8B43958,3FDF020C49BA5E35
3 121 3FF5F2CA17FEE605
3 122 NULL
3 123 -1
2 124 -1
2 125 NULL
2 126 -1
2 127 NULL
1 128 ->
2 37 24
2 38 1
2 39 ->
3 40 7
3 41 917
3 42 NULL
3 43 1
3 44 [3]
$3*0
3 45 0
3 46 991
3 47 -1
3 48 ->
4 49 0
4 50 266240
4 51 -1
4 52 970
4 53 -1
4 54 -1
4 55 0
4 56 0
4 57 0
4 58 0
3 59 0
2 60 -1
2 61 no_name
2 62 2
2 153 ->
3 154 11
3 155 37
3 156 
3 157 33
3 158 [3]
$0,3FAFBE76C8B43958,0
3 159 [3]
$BFDC,3FAFBE76C8B43958,0
2 153 ->
3 154 13
3 155 38
3 156 
4 133 1
3 157 33
3 158 [3]
$0,3FAFBE76C8B43958,0
3 159 [3]
$0,3FD1FBE76C8B4396,0
2 139 ->
3 140 19
3 141 A_2
3 142 1
3 143 [3]
$40819F72AFBF6B0B,4082E337D498A367,C05FD69330058D7R
3 144 -1
3 145 9
3 146 BFF
3 147 BFF
3 148 
3 149 BFF
2 63 ->
3 64 [4][4]
$27,204,2*0
$30,203,2*0
$33,200,2*0
$35,200,-1,0
3 160 [10][6]
$28,221,3*0,27
$29,221,-1,2*0,27
$31,222,3*0,33
$32,222,-1,2*0,35
$34,220,3*0,33
$36,220,-1,2*0,35
$39,226,15,33,0,15
$40,226,15,35,0,15
$41,224,34,2*0,33
$42,224,36,2*0,35
3 150 [2]
4 150 
5 151 [5]
$37,530,33,-1,500
4 150 
5 151 [5]
$38,531,33,-1,500
3 161 [1]
4 161 
5 162 26
5 163 -1
3 65 NULL
3 66 [23]
$2*-1,-1025,-2049,2*-1,-16777217,-1,134217727,5*0,2097152,0,2,3*0,1048576,
$2*0
3 67 NULL
3 68 ->
4 69 0
4 70 0
2 71 
3 72 [4]
4 72 ->
5 73 34
5 74 27
5 75 24
5 76 -1
5 77 [2][2]
$2*BFDC
$2*3FDC
5 78 ->
6 79 [4][3]
$3FF,2*0
$2*0,3FF
$0,BFF,0
$0,3FAFBE76C8B43958,0
5 80 ->
6 164 28
6 165 1
6 166 [2][2]
$2*BFDC
$2*3FDC
5 167 NULL
5 81 0
5 82 -1
5 83 [2][3]
$BFDC,3FAFBE76C8B43958,BFDC
$3FDC,3FAFBE76C8B43958,3FDC
4 72 ->
5 73 34
5 74 30
5 75 24
5 76 0
5 77 [2][2]
$2*BFDC
$2*3FDC
5 78 ->
6 79 [4][3]
$3FF,2*0
$2*0,3FF
$0,BFF,0
$0,3FD1FBE76C8B4396,0
5 80 ->
6 164 31
6 165 1
6 166 [2][2]
$2*BFDC
$2*3FDC
5 167 ->
6 164 59
6 165 -1
6 166 [2][2]
$2*BFC8
$2*3FC8
5 167 NULL
5 81 33
5 82 1
5 83 [2][3]
$BFDC,3FD1FBE76C8B4396,BFDC
$3FDC,3FD1FBE76C8B4396,3FDC
4 72 ->
5 73 36
5 74 33
5 75 24
5 76 0
5 77 [2][2]
$2*0
$400921FB54442D18,3FCC083126E978D6
5 168 ->
6 169 [4][3]
$3FF,2*0
$2*0,3FF
$0,BFF,0
$0,3FAFBE76C8B43958,0
6 170 3FDC
5 80 ->
6 164 39
6 165 1
6 166 [2][2]
$2*0
$400921FB54442D18,3FCC083126E978D6
5 167 NULL
5 81 35
5 82 1
5 83 [2][3]
$BFDC,3FAFBE76C8B43958,BFDC
$3FDC,3FD1FBE76C8B4396,0
4 72 ->
5 73 36
5 74 35
5 75 24
5 76 0
5 77 [2][2]
$400921FB54442D18,0
$401921FB54442D18,3FCC083126E978D6
5 168 ->
6 169 [4][3]
$3FF,2*0
$2*0,3FF
$0,BFF,0
$0,3FAFBE76C8B43958,0
6 170 3FDC
5 80 ->
6 164 40
6 165 1
6 166 [2][2]
$400921FB54442D18,0
$401921FB54442D18,3FCC083126E978D6
5 167 NULL
5 81 51
5 82 1
5 83 [2][3]
$BFDC,3FAFBE76C8B43958,0
$3FDC,3FD1FBE76C8B4396,3FDC
3 171 [10]
4 171 ->
5 172 28
5 173 24
5 174 0
5 175 [2]
$1,-1
5 176 [23][4]
$3FDC,3*0
$3FDBB70A43B13A91,3FAFE0E6EF1AB87F,3FC247426BD47DE3,0
$3FDADDA54853A64C,3FBF8DD5FB8F781,3FD247426BD47DE3,0
$3FD9783DFD106692,3FC74363BE8E305F,3FDB6AE3A1BEBCD3,0
$3FD78E1AF67852A3,3FCE46A07347DA13,3FE247426BD47DE2,0
$3FD5293683D2E38E,3FD2560AAF886D75,3FE6D91306C99D5A,0
$3FD2560AAF886D76,3FD5293683D2E38D,3FEB6AE3A1BEBCD4,0
$3FCE46A07347DA13,3FD78E1AF67852A3,3FEFFCB43CB3DC4E,0
$3FC74363BE8E305F,3FD9783DFD106692,3FF247426BD47DE3,0
$3FBF8DD5FB8F780B,3FDADDA54853A64D,3FF4902AB94F0DA,0
$3FAFE0E6EF1AB8R,3FDBB70A43B13A91,3FF6D91306C99D5B,0
$0,3FDC,3FF921FB54442D18,0
$BFAFE0E6EF1AB87A,3FDBB70A43B13A92,3FFB6AE3A1BEBCD4,0
$BFBF8DD5FB8F7812,3FDADDA54853A64C,3FFDB3CBEF394C91,0
$BFC74363BE8E305F,3FD9783DFD106692,3FFFFCB43CB3DC4D,0
$BFCE46A07347DA1,3FD78E1AF67852A4,400122CE45173604,0
$BFD2560AAF886D76,3FD5293683D2E38D,400247426BD47DE3,0
$BFD5293683D2E38D,3FD2560AAF886D76,40036BB69291C5C1,0
$BFD78E1AF67852A4,3FCE46A07347DA1,4004902AB94F0DA,0
$BFD9783DFD106692,3FC74363BE8E305C,4005B49EE00C557E,0
$BFDADDA54853A64B,3FBF8DD5FB8F7817,4006D91306C99D5B,0
$BFDBB70A43B13A92,3FAFE0E6EF1AB87A,4007FD872D86E53A,0
$BFDC,0,400921FB54442D18,0
5 177 27
5 178 33
5 179 29
5 180 34
5 181 0
5 182 0
4 171 ->
5 172 29
5 173 24
5 174 0
5 175 [2]
$1,-1
5 176 [23][4]
$BFDC,0,400921FB54442D18,0
$BFDBB70A43B13A92,BFAFE0E6EF1AB87A,400A466F7B0174F6,0
$BFDADDA54853A64D,BFBF8DD5FB8F780B,400B6AE3A1BEBCD4,0
$BFD9783DFD106692,BFC74363BE8E305C,400C8F57C87C04B2,0
$BFD78E1AF67852A2,BFCE46A07347DA15,400DB3CBEF394C91,0
$BFD5293683D2E38D,BFD2560AAF886D76,400ED84015F6946F,0
$BFD2560AAF886D76,BFD5293683D2E38D,400FFCB43CB3DC4D,0
$BFCE46A07347DA1,BFD78E1AF67852A4,4010909431B89216,0
$BFC74363BE8E305C,BFD9783DFD106692,401122CE45173605,0
$BFBF8DD5FB8F780B,BFDADDA54853A64D,4011B5085875D9F4,0
$BFAFE0E6EF1AB87A,BFDBB70A43B13A92,401247426BD47DE3,0
$0,BFDC,4012D97C7F3321D2,0
$3FAFE0E6EF1AB87A,BFDBB70A43B13A92,40136BB69291C5C1,0
$3FBF8DD5FB8F780B,BFDADDA54853A64D,4013FDF0A5F069B,0
$3FC74363BE8E305C,BFD9783DFD106692,4014902AB94F0D9F,0
$3FCE46A07347DA1,BFD78E1AF67852A4,40152264CCADB18E,0
$3FD2560AAF886D79,BFD5293683D2E38A,4015B49EE00C557E,0
$3FD5293683D2E38A,BFD2560AAF886D79,401646D8F36AF96C,0
$3FD78E1AF67852A4,BFCE46A07347DA1,4016D91306C99D5C,0
$3FD9783DFD106692,BFC74363BE8E305C,40176B4D1A28414B,0
$3FDADDA54853A64D,BFBF8DD5FB8F780B,4017FD872D86E53A,0
$3FDBB70A43B13A92,BFAFE0E6EF1AB87A,40188FC140E58929,0
$3FDC,0,401921FB54442D18,0
5 177 27
5 178 35
5 179 28
5 180 36
5 181 0
5 182 0
4 171 ->
5 172 31
5 173 24
5 174 0
5 175 [2]
$-1,1
5 176 [23][4]
$3FDC,2*0,3FCC083126E978D6
$3FDBB70A43B13A91,3FAFE0E6EF1AB87F,3FC247426BD47DE3,3FCC083126E978D6
$3FDADDA54853A64C,3FBF8DD5FB8F781,3FD247426BD47DE3,3FCC083126E978D6
$3FD9783DFD106692,3FC74363BE8E305F,3FDB6AE3A1BEBCD3,3FCC083126E978D6
$3FD78E1AF67852A3,3FCE46A07347DA13,3FE247426BD47DE2,3FCC083126E978D6
$3FD5293683D2E38E,3FD2560AAF886D75,3FE6D91306C99D5A,3FCC083126E978D6
$3FD2560AAF886D76,3FD5293683D2E38D,3FEB6AE3A1BEBCD4,3FCC083126E978D6
$3FCE46A07347DA13,3FD78E1AF67852A3,3FEFFCB43CB3DC4E,3FCC083126E978D6
$3FC74363BE8E305F,3FD9783DFD106692,3FF247426BD47DE3,3FCC083126E978D6
$3FBF8DD5FB8F780B,3FDADDA54853A64D,3FF4902AB94F0DA,3FCC083126E978D6
$3FAFE0E6EF1AB8R,3FDBB70A43B13A91,3FF6D91306C99D5B,3FCC083126E978D6
$0,3FDC,3FF921FB54442D18,3FCC083126E978D6
$BFAFE0E6EF1AB87A,3FDBB70A43B13A92,3FFB6AE3A1BEBCD4,3FCC083126E978D6
$BFBF8DD5FB8F7812,3FDADDA54853A64C,3FFDB3CBEF394C91,3FCC083126E978D6
$BFC74363BE8E305F,3FD9783DFD106692,3FFFFCB43CB3DC4D,3FCC083126E978D6
$BFCE46A07347DA1,3FD78E1AF67852A4,400122CE45173604,3FCC083126E978D6
$BFD2560AAF886D76,3FD5293683D2E38D,400247426BD47DE3,3FCC083126E978D6
$BFD5293683D2E38D,3FD2560AAF886D76,40036BB69291C5C1,3FCC083126E978D6
$BFD78E1AF67852A4,3FCE46A07347DA1,4004902AB94F0DA,3FCC083126E978D6
$BFD9783DFD106692,3FC74363BE8E305C,4005B49EE00C557E,3FCC083126E978D6
$BFDADDA54853A64B,3FBF8DD5FB8F7817,4006D91306C99D5B,3FCC083126E978D6
$BFDBB70A43B13A92,3FAFE0E6EF1AB87A,4007FD872D86E53A,3FCC083126E978D6
$BFDC,0,400921FB54442D18,3FCC083126E978D6
5 177 30
5 178 33
5 179 32
5 180 42
5 181 0
5 182 0
4 171 ->
5 172 32
5 173 24
5 174 0
5 175 [2]
$-1,1
5 176 [23][4]
$BFDC,0,400921FB54442D18,3FCC083126E978D6
$BFDBB70A43B13A92,BFAFE0E6EF1AB87A,400A466F7B0174F6,3FCC083126E978D6
$BFDADDA54853A64D,BFBF8DD5FB8F780B,400B6AE3A1BEBCD4,3FCC083126E978D6
$BFD9783DFD106692,BFC74363BE8E305C,400C8F57C87C04B2,3FCC083126E978D6
$BFD78E1AF67852A2,BFCE46A07347DA15,400DB3CBEF394C91,3FCC083126E978D6
$BFD5293683D2E38D,BFD2560AAF886D76,400ED84015F6946F,3FCC083126E978D6
$BFD2560AAF886D76,BFD5293683D2E38D,400FFCB43CB3DC4D,3FCC083126E978D6
$BFCE46A07347DA1,BFD78E1AF67852A4,4010909431B89216,3FCC083126E978D6
$BFC74363BE8E305C,BFD9783DFD106692,401122CE45173605,3FCC083126E978D6
$BFBF8DD5FB8F780B,BFDADDA54853A64D,4011B5085875D9F4,3FCC083126E978D6
$BFAFE0E6EF1AB87A,BFDBB70A43B13A92,401247426BD47DE3,3FCC083126E978D6
$0,BFDC,4012D97C7F3321D2,3FCC083126E978D6
$3FAFE0E6EF1AB87A,BFDBB70A43B13A92,40136BB69291C5C1,3FCC083126E978D6
$3FBF8DD5FB8F780B,BFDADDA54853A64D,4013FDF0A5F069B,3FCC083126E978D6
$3FC74363BE8E305C,BFD9783DFD106692,4014902AB94F0D9F,3FCC083126E978D6
$3FCE46A07347DA1,BFD78E1AF67852A4,40152264CCADB18E,3FCC083126E978D6
$3FD2560AAF886D79,BFD5293683D2E38A,4015B49EE00C557E,3FCC083126E978D6
$3FD5293683D2E38A,BFD2560AAF886D79,401646D8F36AF96C,3FCC083126E978D6
$3FD78E1AF67852A4,BFCE46A07347DA1,4016D91306C99D5C,3FCC083126E978D6
$3FD9783DFD106692,BFC74363BE8E305C,40176B4D1A28414B,3FCC083126E978D6
$3FDADDA54853A64D,BFBF8DD5FB8F780B,4017FD872D86E53A,3FCC083126E978D6
$3FDBB70A43B13A92,BFAFE0E6EF1AB87A,40188FC140E58929,3FCC083126E978D6
$3FDC,0,401921FB54442D18,3FCC083126E978D6
5 177 30
5 178 35
5 179 31
5 180 41
5 181 0
5 182 0
4 171 ->
5 172 34
5 173 24
5 174 1
5 175 [2]
$1,-1
5 176 [2][4]
$2*0,401921FB54442D18,0
$0,3FCC083126E978D6,401921FB54442D18,3FCC083126E978D6
5 177 33
5 178 35
5 179 0
5 180 0
5 181 0
5 182 0
4 171 ->
5 172 36
5 173 24
5 174 1
5 175 [2]
$1,-1
5 176 [2][4]
$400921FB54442D18,0,400921FB54442D18,0
$400921FB54442D18,3FCC083126E978D6,400921FB54442D18,3FCC083126E978D6
5 177 35
5 178 33
5 179 0
5 180 0
5 181 0
5 182 0
4 171 ->
5 172 39
5 173 24
5 174 0
5 175 [2]
$1,-1
5 176 [24][4]
$3FDC,3*0
$3FDBBD3CA2EF51F3,3FAE80571F970A52,3FC17BD03A9EBB32,0
$3FDAF630ECF58804,3FBE379CEF0CCFB2,3FD17BD03A9EBB32,0
$3FD9AE921371A684,3FC64F7A5FC8801D,3FDA39B857EE18CR,0
$3FD7EC7A7154A8B,3FCD18C168F401A,3FE17BD03A9EBB31,0
$3FD5B84C6C93F9E2,3FD1ABA36D31D8F1,3FE5DAC4494669FE,0
$3FD31C8A7A6D5F19,3FD476A1D754D31D,3FEA39B857EE18C9,0
$3FD025A50128715D,3FD6E00A4A184D13,3FEE98AC6695C795,0
$3FC9C37E0CACF1EF,3FD8DC5C7A95EBA8,3FF17BD03A9EBB32,0
$3FC2C0D588E4CE85,3FDA622054866037,3FF3AB4A41F2929R,0
$3FB6C97DA57A6376,3FDB6A132231A0C7,3FF5DAC4494669FE,0
$3F9E9295FDCD6A8,3FDBEF4A2C3D971C,3FF80A3E509A4165,0
$BF9E9295FDCD6A8,3FDBEF4A2C3D971C,3FFA39B857EE18CB,0
$BFB6C97DA57A6368,3FDB6A132231A0C8,3FFC69325F41F03,0
$BFC2C0D588E4CE8R,3FDA622054866037,3FFE98AC6695C798,0
$BFC9C37E0CACF1E9,3FD8DC5C7A95EBAR,4000641336F4CF7E,0
$BFD025A501287158,3FD6E00A4A184D16,40017BD03A9EBB31,0
$BFD31C8A7A6D5F12,3FD476A1D754D324,4002938D3E48A6E3,0
$BFD5B84C6C93F9DE,3FD1ABA36D31D8F6,4003AB4A41F29297,0
$BFD7EC7A7154A8AC,3FCD18C168F401B1,4004C307459C7E49,0
$BFD9AE921371A67F,3FC64F7A5FC8803R,4005DAC4494669FB,0
$BFDAF630ECF58804,3FBE379CEF0CCFBD,4006F2814CF055B1,0
$BFDBBD3CA2EF51F3,3FAE80571F970A4E,40080A3E509A4165,0
$BFDC,0,400921FB54442D18,0
5 177 15
5 178 33
5 179 40
5 180 41
5 181 0
5 182 0
4 171 ->
5 172 40
5 173 24
5 174 0
5 175 [2]
$1,-1
5 176 [24][4]
$BFDC,0,400921FB54442D18,0
$BFDBBD3CA2EF51F3,BFAE80571F970A4E,400A39B857EE18CB,0
$BFDAF630ECF58804,BFBE379CEF0CCFAF,400B51755B98047E,0
$BFD9AE921371A684,BFC64F7A5FC88019,400C69325F41F031,0
$BFD7EC7A7154A8B1,BFCD18C168F4019E,400D80EF62EBDBE4,0
$BFD5B84C6C93F9E3,BFD1ABA36D31D8EF,400E98AC6695C797,0
$BFD31C8A7A6D5F1A,BFD476A1D754D31C,400FB0696A3FB34A,0
$BFD025A50128715B,BFD6E00A4A184D15,4010641336F4CF7F,0
$BFC9C37E0CACF1F5,BFD8DC5C7A95EBA6,4010EFF1B8C9C558,0
$BFC2C0D588E4CE95,BFDA622054866034,40117BD03A9EBB31,0
$BFB6C97DA57A6384,BFDB6A132231A0C7,401207AEBC73B10B,0
$BF9E9295FDCD6A9C,BFDBEF4A2C3D971C,4012938D3E48A6E5,0
$3F9E9295FDCD6A2C,BFDBEF4A2C3D971C,40131F6BC01D9CBE,0
$3FB6C97DA57A636R,BFDB6A132231A0C8,4013AB4A41F29298,0
$3FC2C0D588E4CE7B,BFDA622054866039,40143728C3C78871,0
$3FC9C37E0CACF1F5,BFD8DC5C7A95EBA6,4014C307459C7E4C,0
$3FD025A501287156,BFD6E00A4A184D18,40154EE5C7717424,0
$3FD31C8A7A6D5F15,BFD476A1D754D321,4015DAC4494669FE,0
$3FD5B84C6C93F9D8,BFD1ABA36D31D8FD,401666A2CB1B5FD6,0
$3FD7EC7A7154A8AE,BFCD18C168F401AR,4016F2814CF055B1,0
$3FD9AE921371A681,BFC64F7A5FC8802C,40177E5FCEC54B8A,0
$3FDAF630ECF58803,BFBE379CEF0CCFC9,40180A3E509A4164,0
$3FDBBD3CA2EF51F2,BFAE80571F970A6A,4018961CD26F373E,0
$3FDC,0,401921FB54442D18,0
5 177 15
5 178 35
5 179 39
5 180 42
5 181 0
5 182 0
4 171 ->
5 172 41
5 173 24
5 174 1
5 175 [2]
$1,-1
5 176 [2][4]
$2*0,401921FB54442D18,0
$0,3FCC083126E978D6,401921FB54442D18,3FCC083126E978D6
5 177 33
5 178 35
5 179 31
5 180 40
5 181 0
5 182 0
4 171 ->
5 172 42
5 173 24
5 174 1
5 175 [2]
$1,-1
5 176 [2][4]
$400921FB54442D18,0,400921FB54442D18,0
$400921FB54442D18,3FCC083126E978D6,400921FB54442D18,3FCC083126E978D6
5 177 35
5 178 33
5 179 32
5 180 39
5 181 0
5 182 0
2 84 NULL
2 85 ->
2 86 ->
3 87 [4][3]
$3FF,2*0
$2*0,3FF
$0,BFF,0
$0,3FAFBE76C8B43958,0
3 88 [1]
4 88 ->
5 89 1853
5 90 0
5 91 4
5 92 -1
5 93 -1
5 94 -1
5 95 0
5 96 0
5 97 0
5 98 [1]
6 98 ->
7 99 6
7 104 ->
8 105 [1]
9 105 -100
3 106 -1
3 107 0
3 108 [1]
4 108 
5 109 1
5 110 0
5 111 [4][3]
$3FF,2*0
$0,3FF,0
$2*0,3FF
$3*0
2 112 NULL
2 113 27
2 183 [1]
3 183 
4 184 2
4 185 S2D0003
4 186 ->
5 187 S2D0003
5 188 [2]
6 188 
7 189 10
7 190 [3]
$3*0
7 191 [2]
$2*0
7 192 0
7 193 0
7 194 0
7 195 0
7 196 0
7 197 
7 198 
8 199 0
8 200 -1
6 188 
7 189 32771
7 190 [3]
$-1,2*0
7 191 [2]
$1,2
7 192 0
7 193 0
7 194 1
7 195 1
7 196 1
7 197 
7 198 
8 199 0
8 200 -1
5 202 [2]
6 202 
7 203 42
7 204 0
7 205 0
7 206 0
7 207 [2]
7 208 [2]
7 209 0
7 210 0
7 211 
8 212 [2]
$2*0
7 213 [2]
8 213 
9 214 1
9 215 3
9 216 [2]
$2*-1
8 213 
9 214 0
9 215 3
9 216 [2]
$2*-1
6 202 
7 203 4
7 204 3FDC
7 205 0
7 206 0
7 207 [2]
7 208 [2]
7 209 0
7 210 1
7 211 
8 212 [2]
$34,0
7 213 [2]
8 213 
9 214 0
9 215 -1
9 216 [2]
$2*-1
8 213 
9 214 0
9 215 -1
9 216 [2]
$2*-1
5 217 [1]
6 217 
7 218 -1
7 219 0
7 220 [4]
$4*0
7 221 [4]
$4*0
7 222 [4]
$4*3FF
7 223 1
7 224 1
7 225 14
5 226 [1]
6 226 0
5 227 -1
5 228 NULL
5 229 3
5 230 1
5 231 ->
6 232 0
6 233 0
6 234 0
5 235 ->
6 236 0
6 237 0
6 238 0
5 239 ->
6 240 NULL
5 241 1
5 242 [2]
6 242 
7 243 0
6 242 
7 243 0
4 244 ->
5 245 7
5 246 S2D0003
5 247 1
5 248 -1
5 249 NULL
5 250 -1
5 251 26
5 252 -1
5 253 [1]
6 253 
7 254 16
7 255 6
7 256 -1
7 257 1
7 258 0
@save_entity_ptr(arc) 278 0
7 278 ->
@type 279 1
8 279 32771
@id 280 1
8 280 -1
@gen_info 281 0
8 281 
@center 282 2
8 282 [3]
$3*0
@radius 283 2
8 283 3FDF020C49BA5E35
@end1 284 2
8 284 [3]
$3FDF020C49BA5E35,2*0
@end2 285 2
8 285 [3]
$BFDF020C49BA5E35,2*0
@t0 286 2
8 286 0
@t1 287 2
8 287 400921FB54442D18
@back_entity_ptr(arc) 288 0
7 288 ->
8 279 32771
8 280 -1
8 281 
8 282 [3]
$3*0
8 283 3FDF020C49BA5E35
8 284 [3]
$3FDF020C49BA5E35,2*0
8 285 [3]
$BFDF020C49BA5E35,2*0
8 286 0
8 287 400921FB54442D18
4 266 [2]
5 266 
6 267 0
6 268 2
5 266 
6 267 0
6 268 4
4 269 [2]
$5,6
4 270 0
4 271 -1
4 272 [1]
5 272 
6 273 2
6 274 -100
4 275 0
4 276 BFF
4 277 NULL
2 114 -1
2 115 NULL
2 116 NULL
2 152 [2]
$9,25
2 117 ->
@next_srf 289 0
3 289 [1]
4 289 
@p_srf 290 1
5 290 20
@next_geom_ptr 291 1
5 291 0
@bnd_type 292 0
3 292 [2]
4 292 
@p_srf 293 1
5 293 18
@boundary_type 294 1
5 294 1
4 292 
5 293 20
5 294 1
@contours 295 0
3 295 [1]
4 295 
@p_srf 296 1
5 296 15
@start_crv_arr 297 11
5 297 [1]
6 297 16
3 118 12
3 119 0
3 120 [2][3]
$BFDF020C49BA5E35,0,BFDF020C49BA5E35
$3FDF020C49BA5E35,3FAFBE76C8B43958,3FDF020C49BA5E35
3 121 3FF5F2CA17FEE605
3 122 NULL
3 123 -1
2 124 -1
2 125 NULL
2 126 -1
2 127 NULL
1 128 ->
2 37 43
2 38 1
2 39 ->
3 40 1
3 41 911
3 42 NULL
3 43 1
3 44 [3]
$3*0
3 45 3
3 46 991
3 47 -1
3 48 ->
4 49 0
4 50 1052672
4 51 -1
4 52 970
4 53 -1
4 54 -1
4 55 0
4 56 0
4 57 0
4 58 0
3 59 0
2 60 -1
2 61 no_name
2 62 2
2 153 ->
3 154 16395
3 155 55
3 156 
3 157 51
3 158 [3]
$0,3FD1FBE76C8B4396,0
3 159 [3]
$BFC8,3FD1FBE76C8B4396,0
2 153 ->
3 154 16397
3 155 56
3 156 
3 157 51
3 158 [3]
$0,3FD1FBE76C8B4396,0
3 159 [3]
$3*0
2 139 ->
3 140 19
3 141 A_3
3 142 1
3 143 [3]
$3*0
3 144 -1
3 145 9
3 146 BFF
3 147 BFF
3 148 
3 149 BFF
2 63 ->
3 64 [4][4]
$45,204,2*0
$48,203,2*0
$51,200,2*0
$53,200,-1,0
3 160 [12][6]
$46,221,3*0,51
$47,221,-1,2*0,53
$49,222,3*0,48
$50,222,-1,2*0,48
$52,220,3*0,53
$54,220,-1,2*0,51
$57,223,12,51,0,12
$58,223,12,53,0,12
$59,226,30,51,0,51
$60,226,30,53,0,53
$61,224,52,2*0,53
$62,224,54,2*0,51
3 150 [2]
4 150 
5 151 [5]
$55,530,51,-1,500
4 150 
5 151 [5]
$56,531,51,-1,500
@par_id_tab 298 1
3 298 [1]
4 298 7
3 65 NULL
3 66 [23]
$2*-1,-1025,-2049,2*-1,-16777217,-1,134217727,5*0,2097152,0,2,3*0,1048576,
$2*0
3 67 NULL
3 68 ->
4 69 0
4 70 0
2 71 
3 72 [4]
4 72 ->
5 73 34
5 74 45
5 75 43
5 76 -1
5 77 [2][2]
$BFC8,BFC807A5228FE64B
$3FC8,3FC807A5228FE64B
5 78 ->
6 79 [4][3]
$3FF,2*0
$2*0,BFF
$0,3FF,0
$0,3FD1FBE76C8B4396,0
5 80 ->
6 164 46
6 165 1
6 166 [2][2]
$BFC8,BFC807A5228FE64B
$3FC8,3FC807A5228FE64B
5 167 NULL
5 81 48
5 82 1
5 83 [2][3]
$BFC8,3FD1FBE76C8B4396,BFC807A5228FE64B
$3FC8,3FD1FBE76C8B4396,3FC807A5228FE64B
4 72 ->
5 73 34
5 74 48
5 75 43
5 76 -1
5 77 [2][2]
$BFC8,BFC807A5228FE64B
$3FC8,3FC807A5228FE64B
5 78 ->
6 79 [4][3]
$3FF,2*0
$2*0,BFF
$0,3FF,0
$0,BF9CC63F141205C,0
5 80 ->
6 164 49
6 165 1
6 166 [2][2]
$BFC8,BFC807A5228FE64B
$3FC8,3FC807A5228FE64B
5 167 NULL
5 81 0
5 82 -1
5 83 [2][3]
$BFC8,BF9CC63F141205C,BFC807A5228FE64B
$3FC8,BF9CC63F141205C,3FC807A5228FE64B
4 72 ->
5 73 36
5 74 51
5 75 43
5 76 0
5 77 [2][2]
$2*0
$400921FB54442D18,3FD1FBE76C8B4396
5 168 ->
6 169 [4][3]
$3FF,2*0
$2*0,BFF
$0,3FF,0
$0,3FD1FBE76C8B4396,0
6 170 3FC8
5 80 ->
6 164 57
6 165 1
6 166 [2][2]
$2*0
$400921FB54442D18,3FD1FBE76C8B4396
5 167 NULL
5 81 53
5 82 -1
5 83 [2][3]
$BFC8,2*0
$3FC8,3FD1FBE76C8B4396,3FC8
4 72 ->
5 73 36
5 74 53
5 75 43
5 76 0
5 77 [2][2]
$400921FB54442D18,0
$401921FB54442D18,3FD1FBE76C8B4396
5 168 ->
6 169 [4][3]
$3FF,2*0
$2*0,BFF
$0,3FF,0
$0,3FD1FBE76C8B4396,0
6 170 3FC8
5 80 ->
6 164 58
6 165 1
6 166 [2][2]
$400921FB54442D18,0
$401921FB54442D18,3FD1FBE76C8B4396
5 167 NULL
5 81 0
5 82 -1
5 83 [2][3]
$BFC8,0,BFC8
$3FC8,3FD1FBE76C8B4396,0
3 171 [12]
4 171 ->
5 172 46
5 173 43
5 174 0
5 175 [2]
$-1,1
5 176 [18][4]
$3FC8,3*0
$3FC79763005FC336,3FA1A3D401A11507,3FC7A78322220C53,0
$3FC6611C0029472D,3FB156F0062ADDA6,3FD7A78322220C53,0
$3FC467BBECCAFACR,3FB944CC6515CC4,3FE1BDA25999893E,0
$3FC1BC788585F663,3FC02B2F9FF6123A,3FE7A78322220C53,0
$3FBCED2CA640EA97,3FC3270491738478,3FED9163EAAA8F68,0
$3FB5653BA05E62DA,3FC57BE21D76CB08,3FF1BDA25999893E,0
$3FAA458AA92E9383,3FC71574EDAD27R,3FF4B292BDDDCAC8,0
$3F91B72CA5C34984,3FC7E5CA7080B85A,3FF7A78322220C53,0
$BF91B72CA5C34984,3FC7E5CA7080B85A,3FFA9C7386664DR,0
$BFAA458AA92E9383,3FC71574EDAD27R,3FFD9163EAAA8F68,0
$BFB5653BA05E62DA,3FC57BE21D76CB08,4000432A27776879,0
$BFBCED2CA640EA97,3FC3270491738478,4001BDA25999893E,0
$BFC1BC788585F662,3FC02B2F9FF6123B,4003381A8BBBAA03,0
$BFC467BBECCAFACA,3FB944CC6515CC42,4004B292BDDDCAC8,0
$BFC6611C0029472C,3FB156F0062ADDA9,40062D0AEFFFEB8D,0
$BFC79763005FC336,3FA1A3D401A11505,4007A78322220C53,0
$BFC8,0,400921FB54442D18,0
5 177 45
5 178 51
5 179 47
5 180 54
5 181 0
5 182 0
4 171 ->
5 172 47
5 173 43
5 174 0
5 175 [2]
$-1,1
5 176 [18][4]
$BFC8,0,400921FB54442D18,0
$BFC79763005FC336,BFA1A3D401A11505,400A9C7386664DR,0
$BFC6611C0029472D,BFB156F0062ADDA4,400C16EBB8886EA2,0
$BFC467BBECCAFACA,BFB944CC6515CC42,400D9163EAAA8F68,0
$BFC1BC788585F662,BFC02B2F9FF6123B,400F0BDC1CCCB02D,0
$BFBCED2CA640EA97,BFC3270491738478,4010432A27776879,0
$BFB5653BA05E62D4,BFC57BE21D76CB09,40110066408878DC,0
$BFAA458AA92E9383,BFC71574EDAD27R,4011BDA25999893E,0
$BF91B72CA5C34978,BFC7E5CA7080B85A,40127ADE72AA99A1,0
$3F91B72CA5C34978,BFC7E5CA7080B85A,4013381A8BBBAA03,0
$3FAA458AA92E9383,BFC71574EDAD27R,4013F556A4CCBA6R,0
$3FB5653BA05E62D4,BFC57BE21D76CB09,4014B292BDDDCAC8,0
$3FBCED2CA640EA97,BFC3270491738478,40156FCED6EEDB2B,0
$3FC1BC788585F664,BFC02B2F9FF61239,40162D0AEFFFEB8E,0
$3FC467BBECCAFACA,BFB944CC6515CC42,4016EA470910FBF,0
$3FC6611C0029472B,BFB156F0062ADDAF,4017A78322220C52,0
$3FC79763005FC337,BFA1A3D401A114F9,401864BF3B331CB6,0
$3FC8,0,401921FB54442D18,0
5 177 45
5 178 53
5 179 46
5 180 52
5 181 0
5 182 0
4 171 ->
5 172 49
5 173 43
5 174 0
5 175 [2]
$1,-1
5 176 [18][4]
$3FC8,2*0,3FD3C84B5DCC63F2
$3FC79763005FC336,3FA1A3D401A11507,3FC7A78322220C53,3FD3C84B5DCC63F2
$3FC6611C0029472D,3FB156F0062ADDA6,3FD7A78322220C53,3FD3C84B5DCC63F2
$3FC467BBECCAFACR,3FB944CC6515CC4,3FE1BDA25999893E,3FD3C84B5DCC63F2
$3FC1BC788585F663,3FC02B2F9FF6123A,3FE7A78322220C53,3FD3C84B5DCC63F2
$3FBCED2CA640EA97,3FC3270491738478,3FED9163EAAA8F68,3FD3C84B5DCC63F2
$3FB5653BA05E62DA,3FC57BE21D76CB08,3FF1BDA25999893E,3FD3C84B5DCC63F2
$3FAA458AA92E9383,3FC71574EDAD27R,3FF4B292BDDDCAC8,3FD3C84B5DCC63F2
$3F91B72CA5C34984,3FC7E5CA7080B85A,3FF7A78322220C53,3FD3C84B5DCC63F2
$BF91B72CA5C34984,3FC7E5CA7080B85A,3FFA9C7386664DR,3FD3C84B5DCC63F2
$BFAA458AA92E9383,3FC71574EDAD27R,3FFD9163EAAA8F68,3FD3C84B5DCC63F2
$BFB5653BA05E62DA,3FC57BE21D76CB08,4000432A27776879,3FD3C84B5DCC63F2
$BFBCED2CA640EA97,3FC3270491738478,4001BDA25999893E,3FD3C84B5DCC63F2
$BFC1BC788585F662,3FC02B2F9FF6123B,4003381A8BBBAA03,3FD3C84B5DCC63F2
$BFC467BBECCAFACA,3FB944CC6515CC42,4004B292BDDDCAC8,3FD3C84B5DCC63F2
$BFC6611C0029472C,3FB156F0062ADDA9,40062D0AEFFFEB8D,3FD3C84B5DCC63F2
$BFC79763005FC336,3FA1A3D401A11505,4007A78322220C53,3FD3C84B5DCC63F2
$BFC8,0,400921FB54442D18,3FD3C84B5DCC63F2
5 177 48
5 178 51
5 179 50
5 180 52
5 181 0
5 182 0
4 171 ->
5 172 50
5 173 43
5 174 0
5 175 [2]
$1,-1
5 176 [18][4]
$BFC8,0,400921FB54442D18,3FD3C84B5DCC63F2
$BFC79763005FC336,BFA1A3D401A11505,400A9C7386664DR,3FD3C84B5DCC63F2
$BFC6611C0029472D,BFB156F0062ADDA4,400C16EBB8886EA2,3FD3C84B5DCC63F2
$BFC467BBECCAFACA,BFB944CC6515CC42,400D9163EAAA8F68,3FD3C84B5DCC63F2
$BFC1BC788585F662,BFC02B2F9FF6123B,400F0BDC1CCCB02D,3FD3C84B5DCC63F2
$BFBCED2CA640EA97,BFC3270491738478,4010432A27776879,3FD3C84B5DCC63F2
$BFB5653BA05E62D4,BFC57BE21D76CB09,40110066408878DC,3FD3C84B5DCC63F2
$BFAA458AA92E9383,BFC71574EDAD27R,4011BDA25999893E,3FD3C84B5DCC63F2
$BF91B72CA5C34978,BFC7E5CA7080B85A,40127ADE72AA99A1,3FD3C84B5DCC63F2
$3F91B72CA5C34978,BFC7E5CA7080B85A,4013381A8BBBAA03,3FD3C84B5DCC63F2
$3FAA458AA92E9383,BFC71574EDAD27R,4013F556A4CCBA6R,3FD3C84B5DCC63F2
$3FB5653BA05E62D4,BFC57BE21D76CB09,4014B292BDDDCAC8,3FD3C84B5DCC63F2
$3FBCED2CA640EA97,BFC3270491738478,40156FCED6EEDB2B,3FD3C84B5DCC63F2
$3FC1BC788585F664,BFC02B2F9FF61239,40162D0AEFFFEB8E,3FD3C84B5DCC63F2
$3FC467BBECCAFACA,BFB944CC6515CC42,4016EA470910FBF,3FD3C84B5DCC63F2
$3FC6611C0029472B,BFB156F0062ADDAF,4017A78322220C52,3FD3C84B5DCC63F2
$3FC79763005FC337,BFA1A3D401A114F9,401864BF3B331CB6,3FD3C84B5DCC63F2
$3FC8,0,401921FB54442D18,3FD3C84B5DCC63F2
5 177 48
5 178 53
5 179 49
5 180 54
5 181 0
5 182 0
4 171 ->
5 172 52
5 173 43
5 174 1
5 175 [2]
$-1,1
5 176 [2][4]
$2*0,401921FB54442D18,0
$0,3FD3C84B5DCC63F2,401921FB54442D18,3FD3C84B5DCC63F2
5 177 51
5 178 53
5 179 0
5 180 0
5 181 0
5 182 0
4 171 ->
5 172 54
5 173 43
5 174 1
5 175 [2]
$-1,1
5 176 [2][4]
$400921FB54442D18,0,400921FB54442D18,0
$400921FB54442D18,3FD3C84B5DCC63F2,400921FB54442D18,3FD3C84B5DCC63F2
5 177 53
5 178 51
5 179 0
5 180 0
5 181 0
5 182 0
4 171 ->
5 172 57
5 173 43
5 174 0
5 175 [2]
$1,-1
5 176 [19][4]
$3FC8,2*0,3FD1FBE76C8B4396
$3FC7A2A8A960D51R,BFA0AB93DE8896AR,3FC657184AE7448B,3FD1FBE76C8B4396
$3FC68D78B1BDA1D5,BFB06ABE576788F8,3FD657184AE74487,3FD1FBE76C8B4396
$3FC4C8DC2E42398,BFB8,3FE0C152382D7364,3FD1FBE76C8B4396
$3FC26293BA1B7C2B,BFBEDA92FB5A212A,3FE657184AE74487,3FD1FBE76C8B4396
$3FBEDA92FB5A212C,BFC26293BA1B7C2A,3FEBECDE5DA115A8,3FD1FBE76C8B4396
$3FB8,BFC4C8DC2E42398,3FF0C152382D7365,3FD1FBE76C8B4396
$3FB06ABE576788F9,BFC68D78B1BDA1D4,3FF38C35418A5BF6,3FD1FBE76C8B4396
$3FA0AB93DE8896A8,BFC7A2A8A960D51R,3FF657184AE74487,3FD1FBE76C8B4396
$0,BFC8,3FF921FB54442D16,3FD1FBE76C8B4396
$BFA0AB93DE8896A2,BFC7A2A8A960D512,3FFBECDE5DA115A8,3FD1FBE76C8B4396
$BFB06ABE576788EB,BFC68D78B1BDA1D7,3FFEB7C166FDFE35,3FD1FBE76C8B4396
$BFB8,BFC4C8DC2E423982,4000C152382D7364,3FD1FBE76C8B4396
$BFBEDA92FB5A212R,BFC26293BA1B7C2E,400226C3BCDBE7AC,3FD1FBE76C8B4396
$BFC26293BA1B7C27,BFBEDA92FB5A2135,40038C35418A5BF4,3FD1FBE76C8B4396
$BFC4C8DC2E42397D,BFB8,4004F1A6C638D03D,3FD1FBE76C8B4396
$BFC68D78B1BDA1D4,BFB06ABE576788F8,400657184AE74487,3FD1FBE76C8B4396
$BFC7A2A8A960D51R,BFA0AB93DE8896AE,4007BC89CF95B8CF,3FD1FBE76C8B4396
$BFC8,0,400921FB54442D18,3FD1FBE76C8B4396
5 177 12
5 178 51
5 179 58
5 180 61
5 181 0
5 182 0
4 171 ->
5 172 58
5 173 43
5 174 0
5 175 [2]
$1,-1
5 176 [19][4]
$BFC8,0,400921FB54442D18,3FD1FBE76C8B4396
$BFC7A2A8A960D51R,3FA0AB93DE8896AE,400A876CD8F2A161,3FD1FBE76C8B4396
$BFC68D78B1BDA1D4,3FB06ABE576788F8,400BECDE5DA115A9,3FD1FBE76C8B4396
$BFC4C8DC2E42397F,3FB8,400D524FE24F89F2,3FD1FBE76C8B4396
$BFC26293BA1B7C2A,3FBEDA92FB5A212C,400EB7C166FDFE3A,3FD1FBE76C8B4396
$BFBEDA92FB5A212R,3FC26293BA1B7C2E,40100E9975D63942,3FD1FBE76C8B4396
$BFB8,3FC4C8DC2E423982,4010C152382D736R,3FD1FBE76C8B4396
$BFB06ABE576788F4,3FC68D78B1BDA1D6,4011740AFA84AD8A,3FD1FBE76C8B4396
$BFA0AB93DE8896A2,3FC7A2A8A960D512,401226C3BCDBE7AE,3FD1FBE76C8B4396
$0,3FC8,4012D97C7F3321D3,3FD1FBE76C8B4396
$3FA0AB93DE8896BA,3FC7A2A8A960D51,40138C35418A5BF7,3FD1FBE76C8B4396
$3FB06ABE576788F1,3FC68D78B1BDA1D6,40143EEE03E1961A,3FD1FBE76C8B4396
$3FB8,3FC4C8DC2E42397F,4014F1A6C638D03F,3FD1FBE76C8B4396
$3FBEDA92FB5A212C,3FC26293BA1B7C2A,4015A45F88900A63,3FD1FBE76C8B4396
$3FC26293BA1B7C2A,3FBEDA92FB5A212D,401657184AE74487,3FD1FBE76C8B4396
$3FC4C8DC2E42397E,3FB8,401709D10D3E7EAB,3FD1FBE76C8B4396
$3FC68D78B1BDA1D6,3FB06ABE576788F3,4017BC89CF95B8D,3FD1FBE76C8B4396
$3FC7A2A8A960D512,3FA0AB93DE8896A2,40186F4291ECF2F4,3FD1FBE76C8B4396
$3FC8,0,401921FB54442D18,3FD1FBE76C8B4396
5 177 12
5 178 53
5 179 57
5 180 62
5 181 0
5 182 0
4 171 ->
5 172 59
5 173 43
5 174 0
5 175 [2]
$-1,1
5 176 [19][4]
$3FC8,3*0
$3FC7A2A8A960D51R,BFA0AB93DE8896AR,3FC657184AE7448B,0
$3FC68D78B1BDA1D5,BFB06ABE576788F8,3FD657184AE74487,0
$3FC4C8DC2E42398,BFB8,3FE0C152382D7364,0
$3FC26293BA1B7C2B,BFBEDA92FB5A212A,3FE657184AE74487,0
$3FBEDA92FB5A212C,BFC26293BA1B7C2A,3FEBECDE5DA115A8,0
$3FB8,BFC4C8DC2E42398,3FF0C152382D7365,0
$3FB06ABE576788F9,BFC68D78B1BDA1D4,3FF38C35418A5BF6,0
$3FA0AB93DE8896A8,BFC7A2A8A960D51R,3FF657184AE74487,0
$0,BFC8,3FF921FB54442D16,0
$BFA0AB93DE8896A2,BFC7A2A8A960D512,3FFBECDE5DA115A8,0
$BFB06ABE576788EB,BFC68D78B1BDA1D7,3FFEB7C166FDFE35,0
$BFB8,BFC4C8DC2E423982,4000C152382D7364,0
$BFBEDA92FB5A212R,BFC26293BA1B7C2E,400226C3BCDBE7AC,0
$BFC26293BA1B7C27,BFBEDA92FB5A2135,40038C35418A5BF4,0
$BFC4C8DC2E42397D,BFB8,4004F1A6C638D03D,0
$BFC68D78B1BDA1D4,BFB06ABE576788F8,400657184AE74487,0
$BFC7A2A8A960D51R,BFA0AB93DE8896AE,4007BC89CF95B8CF,0
$BFC8,0,400921FB54442D18,0
5 177 30
5 178 51
5 179 60
5 180 62
5 181 0
5 182 0
4 171 ->
5 172 60
5 173 43
5 174 0
5 175 [2]
$-1,1
5 176 [19][4]
$BFC8,0,400921FB54442D18,0
$BFC7A2A8A960D51R,3FA0AB93DE8896AE,400A876CD8F2A161,0
$BFC68D78B1BDA1D4,3FB06ABE576788F8,400BECDE5DA115A9,0
$BFC4C8DC2E42397F,3FB8,400D524FE24F89F2,0
$BFC26293BA1B7C2A,3FBEDA92FB5A212C,400EB7C166FDFE3A,0
$BFBEDA92FB5A212R,3FC26293BA1B7C2E,40100E9975D63942,0
$BFB8,3FC4C8DC2E423982,4010C152382D736R,0
$BFB06ABE576788F4,3FC68D78B1BDA1D6,4011740AFA84AD8A,0
$BFA0AB93DE8896A2,3FC7A2A8A960D512,401226C3BCDBE7AE,0
$0,3FC8,4012D97C7F3321D3,0
$3FA0AB93DE8896BA,3FC7A2A8A960D51,40138C35418A5BF7,0
$3FB06ABE576788F1,3FC68D78B1BDA1D6,40143EEE03E1961A,0
$3FB8,3FC4C8DC2E42397F,4014F1A6C638D03F,0
$3FBEDA92FB5A212C,3FC26293BA1B7C2A,4015A45F88900A63,0
$3FC26293BA1B7C2A,3FBEDA92FB5A212D,401657184AE74487,0
$3FC4C8DC2E42397E,3FB8,401709D10D3E7EAB,0
$3FC68D78B1BDA1D6,3FB06ABE576788F3,4017BC89CF95B8D,0
$3FC7A2A8A960D512,3FA0AB93DE8896A2,40186F4291ECF2F4,0
$3FC8,0,401921FB54442D18,0
5 177 30
5 178 53
5 179 59
5 180 61
5 181 0
5 182 0
4 171 ->
5 172 61
5 173 43
5 174 1
5 175 [2]
$-1,1
5 176 [2][4]
$2*0,401921FB54442D18,0
$0,3FD1FBE76C8B4396,401921FB54442D18,3FD1FBE76C8B4396
5 177 51
5 178 53
5 179 59
5 180 58
5 181 0
5 182 0
4 171 ->
5 172 62
5 173 43
5 174 1
5 175 [2]
$-1,1
5 176 [2][4]
$400921FB54442D18,0,400921FB54442D18,0
$400921FB54442D18,3FD1FBE76C8B4396,400921FB54442D18,3FD1FBE76C8B4396
5 177 53
5 178 51
5 179 60
5 180 57
5 181 0
5 182 0
2 84 NULL
2 85 ->
2 86 ->
3 87 [4][3]
$3FF,2*0
$2*0,BFF
$0,3FF,0
$0,3FD1FBE76C8B4396,0
3 88 [2]
4 88 ->
5 89 5
5 90 0
5 91 -1
5 92 -1
5 93 30
5 94 45
5 95 0
5 96 0
5 97 0
5 98 [2]
6 98 ->
7 99 1
7 100 ->
8 101 -4
8 102 5
8 103 0
6 98 ->
7 99 6
7 104 ->
8 105 [1]
9 105 -100
4 88 ->
5 89 47
5 90 0
5 91 -1
5 92 -1
5 93 38
5 94 45
5 95 0
5 96 0
5 97 0
5 98 [2]
6 98 ->
7 99 1
7 100 ->
8 101 -4
8 102 5
8 103 0
6 98 ->
7 99 6
7 104 ->
8 105 [1]
9 105 -100
3 106 -1
3 107 0
3 108 [1]
4 108 
5 109 12
5 110 0
5 111 [4][3]
$3FF,2*0
$2*0,BFF
$0,3FF,0
$0,3FD1FBE76C8B4396,0
2 112 NULL
2 113 45
2 114 -1
2 115 NULL
2 116 NULL
2 152 [1]
3 152 24
2 117 ->
3 289 [1]
4 289 
5 290 35
5 291 0
3 295 [2]
4 295 
5 296 12
5 297 [1]
6 297 13
4 295 
5 296 30
5 297 [1]
6 297 31
3 118 12
3 119 0
3 120 [2][3]
$BFDF020C49BA5E35,0,BFDF020C49BA5E35
$3FDF020C49BA5E35,3FD1FBE76C8B4396,3FDF020C49BA5E35
3 121 3FF661D6A550934F
3 122 NULL
3 123 -1
2 124 -1
2 125 NULL
2 126 -1
2 127 NULL
1 128 NULL
@assem_mass_prop_ptr 299 0
1 299 NULL
@mass_prop_ptr 300 0
1 300 ->
@type 301 1
2 301 0
@density 302 2
2 302 0
@init_dens 303 5
2 303 0
@rel_density 304 2
2 304 0
@init_rel_dens 305 5
2 305 0
@aver_density 306 2
2 306 0
@vrevnum 307 1
2 307 -1
@volume 308 2
2 308 0
@cg 309 2
2 309 [3]
$3*0
@inertia 310 2
2 310 [3][3]
$3*0
$3*0
$3*0
@eps 311 2
2 311 0
@surfarea 312 2
2 312 0
@assign_mp_ptr 313 0
1 313 NULL
@tol_default_ptr 314 0
1 314 ->
@type 315 1
2 315 10
@value 316 2
2 316 [7]
$0,3FB9R,3F847AE147AE147B,3F50624DD2F1A9FC,3F1A36E2EB1C432D,
$3EE4F8B588E368F1,3EB0C6F7A0B5ED8E
@ang_value 317 2
2 317 [7]
$0,6*3FE
@standard 318 1
2 318 0
@iso_tol_tbls_ptr 319 0
2 319 NULL
@first_xsec_ptr 320 0
1 320 NULL
@datum_count 321 1
1 321 0
@axis_count 322 1
1 322 3
@insert_layer_id 323 1
1 323 -1
@layer_count 324 1
1 324 1
@layer_list 325 0
1 325 [9]
2 325 
@feat_id 326 1
3 326 1
@layer_id 327 1
3 327 0
@back_layer_id 328 1
3 328 0
2 325 
3 326 3
3 327 0
3 328 0
2 325 
3 326 5
3 327 0
3 328 0
2 325 
3 326 7
3 327 0
3 328 0
2 325 
3 326 10
3 327 0
3 328 0
2 325 
3 326 9
3 327 0
3 328 0
2 325 
3 326 25
3 327 0
3 328 0
2 325 
3 326 24
3 327 0
3 328 0
2 325 
3 326 43
3 327 0
3 328 0
@lang_ptr 329 0
1 329 NULL
@first_csys_ptr 330 0
1 330 NULL
@color_prop_ptr 331 0
1 331 NULL
@fem_data 332 0
1 332 NULL
@rel_part_eps 333 2
1 333 3F53A92A30553261
@names_table 334 0
1 334 [4]
2 334 ->
@id 335 1
3 335 2
@type 336 1
3 336 5
@name 337 10
3 337 DTM1
2 334 ->
3 335 4
3 336 5
3 337 DTM2
2 334 ->
3 335 6
3 336 5
3 337 DTM3
2 334 ->
3 335 8
3 336 25
3 337 CS0
@drv_tbl_ptr 338 0
1 338 NULL
@assembled_count 339 1
1 339 0
@part_type 340 1
1 340 1
@mat_name_ptr 341 10
1 341 NULL
@first_ent_id 342 1
1 342 521763
@first_view_id 343 1
1 343 0
@outline 344 2
1 344 [2][3]
$BFDF020C49BA5E35,0,BFDF020C49BA5E35
$3FDF020C49BA5E35,3FD1FBE76C8B4396,3FDF020C49BA5E35
@dim_num 345 1
1 345 8
@dim_array 346 0
1 346 [8]
2 346 ->
@type 347 1
3 347 8
@dim_type 348 1
3 348 62
@feat_id 349 1
3 349 9
@attributes 350 1
3 350 385
@dim_dat_ptr 351 0
3 351 ->
@value 352 2
4 352 3FAFBE76C8B43958
@bck_value 353 2
4 353 3FAFBE76C8B43958
@tol_ptr 354 0
4 354 ->
@type 355 1
5 355 9
@tol_type 356 1
5 356 3
@dual_digits_diff 357 1
5 357 999
@value 358 2
5 358 [2]
$2*3F847AE147AE147B
@nominal_value 359 2
4 359 3FAFBE76C8B43958
@bound 360 1
4 360 20
@bck_bound 361 1
4 361 -1
@bck_tol_ptr 362 0
4 362 ->
@value 363 2
5 363 [2]
$2*3F847AE147AE147B
@datum_def_id 364 1
4 364 -1
@places_denom 365 1
4 365 3
@bck_places_denom 366 1
4 366 2
@dim_data_attrib 367 1
4 367 0
@dim_cosm_ptr 368 0
3 368 ->
@d0 369 2
4 369 0
@d1 370 2
4 370 0
@d2 371 2
4 371 0
@d3 372 2
4 372 0
@ord_info 373 0
4 373 NULL
@attach_ptr 374 0
3 374 NULL
@dim_text_ptr 375 0
3 375 ->
@symbol 376 10
4 376 d0
@parent_dim_id 377 1
3 377 -1
2 346 ->
3 347 8
3 348 42
3 349 9
3 350 32
3 351 ->
4 352 0
4 353 0
4 354 ->
5 355 9
5 356 3
5 357 999
5 358 [2]
$2*3F847AE147AE147B
4 359 0
4 360 20
4 361 -1
4 362 ->
5 363 [2]
$2*3F847AE147AE147B
4 364 -1
4 365 3
4 366 2
4 367 0
3 368 ->
4 369 0
4 370 0
4 371 0
4 372 0
4 373 NULL
3 374 NULL
3 375 ->
4 376 d1
3 377 -1
2 346 ->
3 347 8
3 348 42
3 349 9
3 350 32
3 351 ->
4 352 0
4 353 0
4 354 ->
5 355 9
5 356 3
5 357 999
5 358 [2]
$2*3F847AE147AE147B
4 359 0
4 360 20
4 361 -1
4 362 ->
5 363 [2]
$2*3F847AE147AE147B
4 364 -1
4 365 3
4 366 2
4 367 0
3 368 ->
4 369 0
4 370 0
4 371 0
4 372 0
4 373 NULL
3 374 NULL
3 375 ->
4 376 d2
3 377 -1
2 346 ->
3 347 8
3 348 4
3 349 9
3 350 289
3 351 ->
4 352 3FEF020C49BA5E35
4 353 3FEF020C49BA5E35
4 354 ->
5 355 9
5 356 3
5 357 999
5 358 [2]
$2*3F847AE147AE147B
4 359 3FEF020C49BA5E35
4 360 20
4 361 -1
4 362 ->
5 363 [2]
$2*3F847AE147AE147B
4 364 -1
4 365 3
4 366 2
4 367 0
3 368 ->
4 369 3FDF020C49BA5E35
4 370 C046CC6F0F6B06A9
4 371 3FAEFE0D8AA662E
4 372 403B1EDB6DB6DB7
4 373 NULL
3 374 NULL
3 375 ->
4 376 d3
@line_array 378 0
4 378 [1]
5 378 
@text_array 379 0
6 379 [2]
7 379 
@text_type 380 1
8 380 54
@text_value 381 10
8 381 n
@txt_attrib 382 1
8 382 16777217
@owner_id 383 1
8 383 3
@part_id 384 1
8 384 8
@height 385 2
8 385 BFF
@width_factor 386 2
8 386 BFF
@format_info 387 0
8 387 
@thickness 388 2
8 388 BFF
7 379 
8 380 61
8 381 
8 382 16777217
8 383 3
8 384 8
8 385 BFF
8 386 BFF
8 387 
8 388 BFF
3 377 -1
2 346 ->
3 347 8
3 348 62
3 349 24
3 350 385
3 351 ->
4 352 3FCC083126E978D6
4 353 3FCC083126E978D6
4 354 ->
5 355 9
5 356 3
5 357 999
5 358 [2]
$2*3F847AE147AE147B
4 359 3FCC083126E978D6
4 360 20
4 361 -1
4 362 ->
5 363 [2]
$2*3F847AE147AE147B
4 364 -1
4 365 3
4 366 2
4 367 0
3 368 ->
4 369 0
4 370 0
4 371 0
4 372 0
4 373 NULL
3 374 NULL
3 375 ->
4 376 d4
3 377 -1
2 346 ->
3 347 8
3 348 42
3 349 24
3 350 32
3 351 ->
4 352 0
4 353 0
4 354 ->
5 355 9
5 356 3
5 357 999
5 358 [2]
$2*3F847AE147AE147B
4 359 0
4 360 20
4 361 -1
4 362 ->
5 363 [2]
$2*3F847AE147AE147B
4 364 -1
4 365 3
4 366 2
4 367 0
3 368 ->
4 369 0
4 370 0
4 371 0
4 372 0
4 373 NULL
3 374 NULL
3 375 ->
4 376 d5
3 377 -1
2 346 ->
3 347 8
3 348 4
3 349 24
3 350 289
3 351 ->
4 352 3FEC
4 353 3FEC
4 354 ->
5 355 9
5 356 3
5 357 999
5 358 [2]
$2*3F847AE147AE147B
4 359 3FEC
4 360 20
4 361 -1
4 362 ->
5 363 [2]
$2*3F847AE147AE147B
4 364 -1
4 365 3
4 366 2
4 367 0
3 368 ->
4 369 3FDC
4 370 C0550127BB11A632
4 371 3FB42B2F87E5D048
4 372 403B1EDB6DB6DB71
4 373 NULL
3 374 NULL
3 375 ->
4 376 d6
4 378 [1]
5 378 
6 379 [2]
7 379 
8 380 54
8 381 n
8 382 16777217
8 383 6
8 384 8
8 385 BFF
8 386 BFF
8 387 
8 388 BFF
7 379 
8 380 61
8 381 
8 382 16777217
8 383 6
8 384 8
8 385 BFF
8 386 BFF
8 387 
8 388 BFF
3 377 -1
2 346 ->
3 347 8
3 348 4
3 349 43
3 350 257
3 351 ->
4 352 3FD8
4 353 3FD8
4 354 ->
5 355 9
5 356 3
5 357 999
5 358 [2]
$2*3F847AE147AE147B
4 359 3FD8
4 360 20
4 361 -1
4 362 ->
5 363 [2]
$2*3F847AE147AE147B
4 364 -1
4 365 3
4 366 2
4 367 0
3 368 ->
4 369 0
4 370 0
4 371 0
4 372 0
4 373 NULL
3 374 NULL
3 375 ->
4 376 d7
4 378 [1]
5 378 
6 379 [2]
7 379 
8 380 54
8 381 n
8 382 16777217
8 383 7
8 384 8
8 385 BFF
8 386 BFF
8 387 
8 388 BFF
7 379 
8 380 61
8 381 
8 382 16777217
8 383 7
8 384 8
8 385 BFF
8 386 BFF
8 387 
8 388 BFF
3 377 -1
@ipar_num 389 1
1 389 0
@relpar_sets 390 0
1 390 [1]
2 390 
@id 391 1
3 391 -1
@type 392 1
3 392 2
@ext_ref_id 393 1
3 393 -1
@relatnum 394 1
3 394 0
@unit_arr 395 0
1 395 [2]
2 395 
@type 396 1
3 396 1
@factor 397 2
3 397 3FF
@name 398 10
3 398 INCH
@unit_type 399 1
3 399 0
2 395 
3 396 2
3 397 3FF
3 398 POUND
3 399 1
@geom_lib_ptr 400 0
1 400 NULL
@first_quilt_ptr 401 1
1 401 0
@attrib_array 402 1
1 402 [3]
$2*0,4
@smt_info_ptr 403 0
1 403 NULL
@cable_info_ptr 404 0
1 404 NULL
@comp_info_ptr 405 0
1 405 NULL
@max_part_size 406 2
1 406 3FF661D6A550934F
@prt_misc_ptr 407 0
1 407 ->
@shrink_data_ptr 408 0
2 408 NULL
@expld_mv_info 409 0
1 409 NULL
@state_info_ptr 410 0
1 410 NULL
@alumni_feats 411 0
1 411 NULL
@model_name 412 10
1 412 BEARING_208
@p_mdl_grid 413 0
1 413 NULL
@mdl_status_ptr 414 0
1 414 NULL
@cfg_states 415 0
1 415 NULL
@disp_outl_info 416 0
1 416 
@disp_outline 417 2
2 417 [2][3]
$BFDF74A50F9823B7,BF7CA63177716065,BFDF74A50F9823B7
$3FDF74A50F9823B7,3FD26E8032690918,3FDF74A50F9823B7
@ribbon_info_ptr 418 0
1 418 NULL
@p_xref_data 419 0
1 419 ->
@View 420 0
0 420 ->
@id 421 1
1 421 0
@viewattr 422 0
1 422 
@attr_arr 423 1
2 423 [4]
$1,3*0
@mpoint 424 0
1 424 
@id 425 1
2 425 0
@coord 426 2
2 426 [3]
$0,3FC1FBE76C8B4396,0
@first_instr_ptr 427 0
2 427 NULL
@attach_ptr 428 0
2 428 NULL
@vpoint 429 0
1 429 
2 425 0
2 426 [3]
$407F4,407A5E,0
2 427 NULL
2 428 NULL
@orient 430 2
1 430 [4][4]
$3FED7954E7DBA2F8,0,3FD8EC3AE92B676B,0
$BFD385CE5246572,3FE3E43A9692E21C,3FE7167619F550A2,0
$BFCEFC077F3F36A6,BFE91103985DA841,3FE25240DD3851BF,0
$3*0,3FF
@local_sys 431 2
1 431 [4][4]
$4082AB976978B7ER,0,406F931D8C174BF8,0
$C068BBB8C9469AC8,40793358A35E0B18,407D3FF717A47B8E,0
$C063A08B8CEC11D5,C07FC1B78C23C238,4077361558974217,0
$40807E66D7B5B645,4076D395FA74736F,C050703C87A7B408,3FF
@first_instr_ptr 432 0
1 432 ->
@type 433 1
2 433 100
@geom_id 434 1
2 434 -1
@view_id 435 1
2 435 -1
@memb_num 436 1
2 436 0
@offset 437 2
2 437 0
@matrix 438 0
2 438 NULL
@next_instr_ptr 439 0
1 439 ->
2 433 301
2 434 -1
2 435 -1
2 436 0
2 437 408445393E46C521
2 438 NULL
1 439 NULL
@outer_xsec_index 440 1
1 440 -1
@next_view_id 441 1
1 441 -2
@simp_rep_id 442 1
1 442 -1
@name 443 10
1 443 no name
@matrix 444 2
1 444 [4][4]
$3FF,3*0
$0,3FF,2*0
$2*0,3FF,0
$3*0,3FF
@fit_outline 445 2
1 445 [2][3]
$4059,405518,C0777B5651474FE9
$408C2,4087BB,40777B5651474FEA
@det_info_ptr 446 0
1 446 NULL
@named_view_pzmatr 447 0
1 447 NULL
@page_id 448 1
1 448 0
@model_name 449 10
1 449 NULL
@unrep_model_name 450 10
1 450 NULL
@assem_merge_parts 451 0
0 451 ->
#END_OF_UGC
