*** Error (kernel/kerndata/bulletin:ERROR_DURING_DISCARD)
    error discarding a bad bulletin board, model state cannot be recovered.  
Aborting program
*** Error (kernel/kerndata/bulletin:ERROR_DURING_DISCARD)
    error discarding a bad bulletin board, model state cannot be recovered.  
Aborting program
*** Error (kernel/kerndata/bulletin:ERROR_DURING_DISCARD)
    error discarding a bad bulletin board, model state cannot be recovered.  
Aborting program
*** Error (kernel/kerndata/bulletin:ERROR_DURING_DISCARD)
    error discarding a bad bulletin board, model state cannot be recovered.  
Aborting program
*** Error (kernel/kerndata/bulletin:ERROR_DURING_DISCARD)
    error discarding a bad bulletin board, model state cannot be recovered.  
Aborting program
*** Error (kernel/kerndata/bulletin:ERROR_DURING_DISCARD)
    error discarding a bad bulletin board, model state cannot be recovered.  
Aborting program
*** Error (kernel/kerndata/bulletin:ERROR_DURING_DISCARD)
    error discarding a bad bulletin board, model state cannot be recovered.  
Aborting program
*** Error (kernel/kerndata/bulletin:ERROR_DURING_DISCARD)
    error discarding a bad bulletin board, model state cannot be recovered.  
Aborting program
*** Error (kernel/kerndata/bulletin:ERROR_DURING_DISCARD)
    error discarding a bad bulletin board, model state cannot be recovered.  
Aborting program
*** Error (kernel/kerndata/bulletin:ERROR_DURING_DISCARD)
    error discarding a bad bulletin board, model state cannot be recovered.  
Aborting program
*** Error (kernel/kerndata/bulletin:ERROR_DURING_DISCARD)
    error discarding a bad bulletin board, model state cannot be recovered.  
Aborting program
*** Error (kernel/kerndata/bulletin:ERROR_DURING_DISCARD)
    error discarding a bad bulletin board, model state cannot be recovered.  
Aborting program
*** Error (kernel/kerndata/bulletin:ERROR_DURING_DISCARD)
    error discarding a bad bulletin board, model state cannot be recovered.  
Aborting program
*** Error (kernel/kerndata/bulletin:ERROR_DURING_DISCARD)
    error discarding a bad bulletin board, model state cannot be recovered.  
Aborting program
*** Error (kernel/kerndata/bulletin:ERROR_DURING_DISCARD)
    error discarding a bad bulletin board, model state cannot be recovered.  
Aborting program
*** Error (kernel/kerndata/bulletin:ERROR_DURING_DISCARD)
    error discarding a bad bulletin board, model state cannot be recovered.  
Aborting program
toilet.sat
Error: Could not heal a body!
segmentation error
cover.sat
Error: Could not heal a body!
bus error (illegal address)
cover.sat
Error: Could not heal a body!
bus error (illegal address)
cover.sat
Error: Could not heal a body!
bus error (illegal address)
cover.sat
Error: Could not save SAT file!
`segmentation error
Joystick.sat
Error: Could not heal a body!
segmentation error
Joystick.sat
Error: Could not heal a body!
segmentation error
Joystick.sat
Error: Could not heal a body!
segmentation error
Joystick.sat
Error: Could not heal a body!
segmentation error
*** Error (kernel/kerndata/bulletin:ERROR_DURING_DISCARD)
    error discarding a bad bulletin board, model state cannot be recovered.  
Aborting program
*** Error (kernel/kerndata/bulletin:ERROR_DURING_DISCARD)
    error discarding a bad bulletin board, model state cannot be recovered.  
Aborting program
*** Error (kernel/kerndata/bulletin:ERROR_DURING_DISCARD)
    error discarding a bad bulletin board, model state cannot be recovered.  
Aborting program
3D.sat
Error: Could not heal a body!
bus error (illegal address)
3D.sat
Error: Could not heal a body!
segmentation error
3D.sat
Error: Could not save SAT file!
`segmentation error
dice.sat
Error: Could not heal a body!
segmentation error
faucet-skinning.sat
Error: Could not heal a body!
bus error (illegal address)
faucet-skinning.sat
Error: Could not heal a body!
bus error (illegal address)
faucet-skinning.sat
Error: Could not heal a body!
bus error (illegal address)
faucet-skinning.sat
Error: Could not heal a body!
bus error (illegal address)
faucet-skinning.sat
Error: Could not heal a body!
bus error (illegal address)
faucet-skinning.sat
Error: Could not heal a body!
bus error (illegal address)
faucet-skinning.sat
Error: Could not heal a body!
bus error (illegal address)
faucet-skinning.sat
Error: Could not save SAT file!
`segmentation error
firex-lofting.sat
Error: Could not heal a body!
bus error (illegal address)
firex-lofting.sat
Error: Could not heal a body!
segmentation error
firex-lofting.sat
Error: Could not heal a body!
bus error (illegal address)
firex-lofting.sat
Error: Could not heal a body!
bus error (illegal address)
firex-lofting.sat
Error: Could not heal a body!
bus error (illegal address)
firex-lofting.sat
Error: Could not heal a body!
segmentation error
firex-lofting.sat
Error: Could not heal a body!
bus error (illegal address)
firex-lofting.sat
Error: Could not heal a body!
bus error (illegal address)
firex-lofting.sat
Error: Could not heal a body!
segmentation error
firex-lofting.sat
Error: Could not heal a body!
bus error (illegal address)
firex-lofting.sat
Error: Could not heal a body!
segmentation error
firex-lofting.sat
Error: Could not heal a body!
bus error (illegal address)
firex-lofting.sat
Error: Could not heal a body!
bus error (illegal address)
firex-lofting.sat
Error: Could not heal a body!
bus error (illegal address)
firex-lofting.sat
Error: Could not heal a body!
bus error (illegal address)
firex-lofting.sat
Error: Could not heal a body!
bus error (illegal address)
firex-lofting.sat
Error: Could not heal a body!
bus error (illegal address)
firex-lofting.sat
Error: Could not heal a body!
bus error (illegal address)
firex-lofting.sat
Error: Could not save SAT file!
`segmentation error
pumpkin2.sat
Error: Could not heal a body!
segmentation error
pumpkin2.sat
Error: Could not heal a body!
bus error (illegal address)
pumpkin2.sat
Error: Could not heal a body!
bus error (illegal address)
pumpkin2.sat
Error: Could not heal a body!
bus error (illegal address)
pumpkin2.sat
Error: Could not heal a body!
segmentation error
pumpkin2.sat
Error: Could not heal a body!
bus error (illegal address)
pumpkin2.sat
Error: Could not heal a body!
bus error (illegal address)
pumpkin2.sat
Error: Could not heal a body!
bus error (illegal address)
pumpkin2.sat
Error: Could not save SAT file!
`segmentation error
spool.sat
Error: Could not heal a body!
bus error (illegal address)
spool.sat
Error: Could not heal a body!
bus error (illegal address)
spool.sat
Error: Could not save SAT file!
`segmentation error
drag106b.sat
Error: Could not heal a body!
segmentation error
drag106b.sat
Error: Could not heal a body!
bus error (illegal address)
drag106b.sat
Error: Could not heal a body!
bus error (illegal address)
drag106b.sat
Error: Could not heal a body!
bus error (illegal address)
drag106b.sat
Error: Could not save SAT file!
`segmentation error
part01_ex.sat
Error: Could not heal a body!
segmentation error
part01_ex.sat
Error: Could not heal a body!
segmentation error
part01_ex.sat
Error: Could not heal a body!
segmentation error
part01_ex.sat
Error: Could not heal a body!
segmentation error
part01_ex.sat
Error: Could not heal a body!
bus error (illegal address)
part01_ex.sat
Error: Could not heal a body!
segmentation error
part01_ex.sat
Error: Could not heal a body!
segmentation error
part01_ex.sat
Error: Could not heal a body!
segmentation error
part01_ex.sat
Error: Could not heal a body!
segmentation error
part01_ex.sat
Error: Could not heal a body!
bus error (illegal address)
part01_ex.sat
Error: Could not heal a body!
bus error (illegal address)
part01_ex.sat
Error: Could not heal a body!
bus error (illegal address)
part01_ex.sat
Error: Could not heal a body!
segmentation error
part01_ex.sat
Error: Could not heal a body!
segmentation error
part01_ex.sat
Error: Could not heal a body!
bus error (illegal address)
part01_ex.sat
Error: Could not heal a body!
bus error (illegal address)
part01_ex.sat
Error: Could not heal a body!
bus error (illegal address)
part01_ex.sat
Error: Could not heal a body!
segmentation error
part01_ex.sat
Error: Could not heal a body!
segmentation error
part01_ex.sat
Error: Could not heal a body!
bus error (illegal address)
part01_ex.sat
Error: Could not heal a body!
bus error (illegal address)
part01_ex.sat
Error: Could not heal a body!
bus error (illegal address)
part01_ex.sat
Error: Could not heal a body!
bus error (illegal address)
part13_ex.sat
Error: Could not heal a body!
segmentation error
part13_ex.sat
Error: Could not heal a body!
bus error (illegal address)
part13_ex.sat
Error: Could not heal a body!
bus error (illegal address)
part13_ex.sat
Error: Could not heal a body!
bus error (illegal address)
part13_ex.sat
Error: Could not heal a body!
bus error (illegal address)
part13_ex.sat
Error: Could not heal a body!
bus error (illegal address)
part13_ex.sat
Error: Could not heal a body!
bus error (illegal address)
part13_ex.sat
Error: Could not heal a body!
bus error (illegal address)
part13_ex.sat
Error: Could not heal a body!
bus error (illegal address)
part13_ex.sat
Error: Could not heal a body!
bus error (illegal address)
part13_ex.sat
Error: Could not heal a body!
bus error (illegal address)
part13_ex.sat
Error: Could not heal a body!
bus error (illegal address)
part13_ex.sat
Error: Could not heal a body!
bus error (illegal address)
part13_ex.sat
Error: Could not heal a body!
bus error (illegal address)
part13_ex.sat
Error: Could not heal a body!
segmentation error
part13_ex.sat
Error: Could not heal a body!
segmentation error
part13_ex.sat
Error: Could not heal a body!
segmentation error
part13_ex.sat
Error: Could not heal a body!
segmentation error
part13_ex.sat
Error: Could not heal a body!
segmentation error
part13_ex.sat
Error: Could not heal a body!
segmentation error
part13_ex.sat
Error: Could not heal a body!
segmentation error
part13_ex.sat
Error: Could not heal a body!
segmentation error
part13_ex.sat
Error: Could not heal a body!
bus error (illegal address)
part13_ex.sat
Error: Could not heal a body!
bus error (illegal address)
part13_ex.sat
Error: Could not heal a body!
bus error (illegal address)
part13_ex.sat
Error: Could not heal a body!
bus error (illegal address)
part13_ex.sat
Error: Could not heal a body!
bus error (illegal address)
part13_ex.sat
Error: Could not heal a body!
bus error (illegal address)
part13_ex.sat
Error: Could not heal a body!
bus error (illegal address)
part13_ex.sat
Error: Could not heal a body!
bus error (illegal address)
part13_ex.sat
Error: Could not heal a body!
bus error (illegal address)
part13_ex.sat
Error: Could not heal a body!
bus error (illegal address)
part13_ex.sat
Error: Could not heal a body!
bus error (illegal address)
part13_ex.sat
Error: Could not heal a body!
bus error (illegal address)
part13_ex.sat
Error: Could not heal a body!
bus error (illegal address)
part13_ex.sat
Error: Could not heal a body!
bus error (illegal address)
part13_ex.sat
Error: Could not heal a body!
segmentation error
part13_ex.sat
Error: Could not heal a body!
segmentation error
part13_ex.sat
Error: Could not heal a body!
bus error (illegal address)
part13_ex.sat
Error: Could not heal a body!
bus error (illegal address)
part13_ex.sat
Error: Could not heal a body!
segmentation error
part13_ex.sat
Error: Could not heal a body!
segmentation error
part13_ex.sat
Error: Could not heal a body!
bus error (illegal address)
part13_ex.sat
Error: Could not heal a body!
bus error (illegal address)
part13_ex.sat
Error: Could not heal a body!
bus error (illegal address)
part13_ex.sat
Error: Could not heal a body!
bus error (illegal address)
part13_ex.sat
Error: Could not heal a body!
bus error (illegal address)
part13_ex.sat
Error: Could not heal a body!
bus error (illegal address)
part13_ex.sat
Error: Could not heal a body!
bus error (illegal address)
part13_ex.sat
Error: Could not heal a body!
bus error (illegal address)
part13_ex.sat
Error: Could not heal a body!
bus error (illegal address)
part13_ex.sat
Error: Could not heal a body!
bus error (illegal address)
part13_ex.sat
Error: Could not heal a body!
bus error (illegal address)
part13_ex.sat
Error: Could not heal a body!
bus error (illegal address)
part13_ex.sat
Error: Could not heal a body!
bus error (illegal address)
part13_ex.sat
Error: Could not heal a body!
bus error (illegal address)
part13_ex.sat
Error: Could not heal a body!
bus error (illegal address)
part13_ex.sat
Error: Could not heal a body!
bus error (illegal address)
part13_ex.sat
Error: Could not heal a body!
segmentation error
part13_ex.sat
Error: Could not heal a body!
segmentation error
part13_ex.sat
Error: Could not heal a body!
bus error (illegal address)
part13_ex.sat
Error: Could not heal a body!
bus error (illegal address)
part13_ex.sat
Error: Could not heal a body!
segmentation error
part13_ex.sat
Error: Could not heal a body!
segmentation error
part13_ex.sat
Error: Could not heal a body!
bus error (illegal address)
part13_ex.sat
Error: Could not heal a body!
bus error (illegal address)
part13_ex.sat
Error: Could not heal a body!
bus error (illegal address)
part13_ex.sat
Error: Could not heal a body!
bus error (illegal address)
part13_ex.sat
Error: Could not heal a body!
bus error (illegal address)
part13_ex.sat
Error: Could not heal a body!
bus error (illegal address)
part13_ex.sat
Error: Could not heal a body!
bus error (illegal address)
part13_ex.sat
Error: Could not heal a body!
bus error (illegal address)
part13_ex.sat
Error: Could not heal a body!
bus error (illegal address)
part13_ex.sat
Error: Could not heal a body!
bus error (illegal address)
part13_ex.sat
Error: Could not heal a body!
bus error (illegal address)
part13_ex.sat
Error: Could not heal a body!
bus error (illegal address)
part13_ex.sat
Error: Could not heal a body!
bus error (illegal address)
part13_ex.sat
Error: Could not heal a body!
bus error (illegal address)
part13_ex.sat
Error: Could not heal a body!
bus error (illegal address)
part13_ex.sat
Error: Could not heal a body!
bus error (illegal address)
part13_ex.sat
Error: Could not heal a body!
bus error (illegal address)
part13_ex.sat
Error: Could not heal a body!
segmentation error
part13_ex.sat
Error: Could not heal a body!
bus error (illegal address)
part13_ex.sat
Error: Could not heal a body!
segmentation error
part13_ex.sat
Error: Could not heal a body!
segmentation error
part13_ex.sat
Error: Could not heal a body!
segmentation error
part13_ex.sat
Error: Could not heal a body!
bus error (illegal address)
part13_ex.sat
Error: Could not heal a body!
bus error (illegal address)
part13_ex.sat
Error: Could not heal a body!
bus error (illegal address)
part13_ex.sat
Error: Could not heal a body!
bus error (illegal address)
simple-bracket_ex.sat
Error: Could not heal a body!
segmentation error
simple-bracket_ex.sat
Error: Could not heal a body!
segmentation error
simple-bracket_ex.sat
Error: Could not heal a body!
segmentation error
simple-bracket_ex.sat
Error: Could not heal a body!
segmentation error
simple-bracket_ex.sat
Error: Could not heal a body!
bus error (illegal address)
simple-bracket_ex.sat
Error: Could not heal a body!
bus error (illegal address)
simple-bracket_ex.sat
Error: Could not heal a body!
segmentation error
simple-bracket_ex.sat
Error: Could not heal a body!
segmentation error
simple-bracket_ex.sat
Error: Could not heal a body!
segmentation error
simple-bracket_ex.sat
Error: Could not heal a body!
segmentation error
simple-bracket_ex.sat
Error: Could not heal a body!
bus error (illegal address)
simple-bracket_ex.sat
Error: Could not heal a body!
segmentation error
simple-bracket_ex.sat
Error: Could not heal a body!
segmentation error
simple-bracket_ex.sat
Error: Could not heal a body!
segmentation error
team2_ex.sat
Error: Could not heal a body!
segmentation error
team2_ex.sat
Error: Could not heal a body!
segmentation error
team2_ex.sat
Error: Could not heal a body!
segmentation error
team2_ex.sat
Error: Could not heal a body!
segmentation error
team2_ex.sat
Error: Could not heal a body!
segmentation error
team2_ex.sat
Error: Could not heal a body!
segmentation error
team2_ex.sat
Error: Could not heal a body!
segmentation error
team2_ex.sat
Error: Could not heal a body!
segmentation error
team2_ex.sat
Error: Could not heal a body!
segmentation error
team2_ex.sat
Error: Could not heal a body!
segmentation error
team2_ex.sat
Error: Could not heal a body!
segmentation error
team2_ex.sat
Error: Could not heal a body!
segmentation error
team2_ex.sat
Error: Could not heal a body!
segmentation error
team2_ex.sat
Error: Could not heal a body!
segmentation error
team2_ex.sat
Error: Could not heal a body!
segmentation error
team2_ex.sat
Error: Could not heal a body!
segmentation error
team2_ex.sat
Error: Could not heal a body!
segmentation error
team2_ex.sat
Error: Could not heal a body!
segmentation error
team2_ex.sat
Error: Could not heal a body!
segmentation error
team2_ex.sat
Error: Could not heal a body!
segmentation error
team2_ex.sat
Error: Could not heal a body!
segmentation error
team2_ex.sat
Error: Could not heal a body!
segmentation error
team2_ex.sat
Error: Could not heal a body!
segmentation error
team2_ex.sat
Error: Could not heal a body!
segmentation error
team2_ex.sat
Error: Could not heal a body!
segmentation error
team2_ex.sat
Error: Could not heal a body!
segmentation error
team2_ex.sat
Error: Could not heal a body!
segmentation error
team2_ex.sat
Error: Could not heal a body!
segmentation error
team2_ex.sat
Error: Could not heal a body!
segmentation error
team2_ex.sat
Error: Could not heal a body!
segmentation error
team2_ex.sat
Error: Could not heal a body!
segmentation error
team2_ex.sat
Error: Could not heal a body!
segmentation error
team2_ex.sat
Error: Could not heal a body!
segmentation error
team2_ex.sat
Error: Could not heal a body!
segmentation error
team2_ex.sat
Error: Could not heal a body!
segmentation error
team2_ex.sat
Error: Could not heal a body!
segmentation error
team2_ex.sat
Error: Could not heal a body!
segmentation error
team2_ex.sat
Error: Could not heal a body!
segmentation error
team2_ex.sat
Error: Could not heal a body!
segmentation error
team2_ex.sat
Error: Could not heal a body!
bus error (illegal address)
team2_ex.sat
Error: Could not heal a body!
segmentation error
team2_ex.sat
Error: Could not heal a body!
bus error (illegal address)
team2_ex.sat
Error: Could not heal a body!
segmentation error
team2_ex.sat
Error: Could not heal a body!
bus error (illegal address)
team2_ex.sat
Error: Could not heal a body!
bus error (illegal address)
team2_ex.sat
Error: Could not heal a body!
bus error (illegal address)
team2_ex.sat
Error: Could not heal a body!
bus error (illegal address)
team2_ex.sat
Error: Could not heal a body!
segmentation error
team2_ex.sat
Error: Could not heal a body!
segmentation error
team2_ex.sat
Error: Could not heal a body!
segmentation error
team2_ex.sat
Error: Could not heal a body!
segmentation error
team2_ex.sat
Error: Could not heal a body!
segmentation error
team2_ex.sat
Error: Could not heal a body!
segmentation error
*** Error (kernel/kerndata/bulletin:ERROR_DURING_DISCARD)
    error discarding a bad bulletin board, model state cannot be recovered.  
Aborting program
*** Error (kernel/kerndata/bulletin:ERROR_DURING_DISCARD)
    error discarding a bad bulletin board, model state cannot be recovered.  
Aborting program
*** Error (kernel/kerndata/bulletin:ERROR_DURING_DISCARD)
    error discarding a bad bulletin board, model state cannot be recovered.  
Aborting program
*** Error (kernel/kerndata/bulletin:ERROR_DURING_DISCARD)
    error discarding a bad bulletin board, model state cannot be recovered.  
Aborting program
*** Error (kernel/kerndata/bulletin:ERROR_DURING_DISCARD)
    error discarding a bad bulletin board, model state cannot be recovered.  
Aborting program
*** Error (kernel/kerndata/bulletin:ERROR_DURING_DISCARD)
    error discarding a bad bulletin board, model state cannot be recovered.  
Aborting program
*** Error (kernel/kerndata/bulletin:ERROR_DURING_DISCARD)
    error discarding a bad bulletin board, model state cannot be recovered.  
Aborting program
*** Error (kernel/kerndata/bulletin:ERROR_DURING_DISCARD)
    error discarding a bad bulletin board, model state cannot be recovered.  
Aborting program
*** Error (kernel/kerndata/bulletin:ERROR_DURING_DISCARD)
    error discarding a bad bulletin board, model state cannot be recovered.  
Aborting program
*** Error (kernel/kerndata/bulletin:ERROR_DURING_DISCARD)
    error discarding a bad bulletin board, model state cannot be recovered.  
Aborting program
*** Error (kernel/kerndata/bulletin:ERROR_DURING_DISCARD)
    error discarding a bad bulletin board, model state cannot be recovered.  
Aborting program
*** Error (kernel/kerndata/bulletin:ERROR_DURING_DISCARD)
    error discarding a bad bulletin board, model state cannot be recovered.  
Aborting program
*** Error (kernel/kerndata/bulletin:ERROR_DURING_DISCARD)
    error discarding a bad bulletin board, model state cannot be recovered.  
Aborting program
holzsessel.sat
Error: Could not heal a body!
bus error (illegal address)
holzsessel.sat
Error: Could not heal a body!
segmentation error
holzsessel.sat
Error: Could not heal a body!
bus error (illegal address)
holzsessel.sat
Error: Could not heal a body!
bus error (illegal address)
holzsessel.sat
Error: Could not heal a body!
bus error (illegal address)
holzsessel.sat
Error: Could not heal a body!
segmentation error
holzsessel.sat
Error: Could not heal a body!
bus error (illegal address)
holzsessel.sat
Error: Could not save SAT file!
`segmentation error
3D.sat
Error: Could not heal a body!
bus error (illegal address)
3D.sat
Error: Could not heal a body!
segmentation error
3D.sat
Error: Could not save SAT file!
`segmentation error
dice.sat
Error: Could not heal a body!
segmentation error
faucet-skinning.sat
Error: Could not heal a body!
bus error (illegal address)
faucet-skinning.sat
Error: Could not heal a body!
bus error (illegal address)
faucet-skinning.sat
Error: Could not heal a body!
bus error (illegal address)
faucet-skinning.sat
Error: Could not heal a body!
bus error (illegal address)
faucet-skinning.sat
Error: Could not heal a body!
bus error (illegal address)
faucet-skinning.sat
Error: Could not heal a body!
bus error (illegal address)
faucet-skinning.sat
Error: Could not heal a body!
bus error (illegal address)
faucet-skinning.sat
Error: Could not save SAT file!
`segmentation error
firex-lofting.sat
Error: Could not heal a body!
bus error (illegal address)
firex-lofting.sat
Error: Could not heal a body!
segmentation error
firex-lofting.sat
Error: Could not heal a body!
bus error (illegal address)
firex-lofting.sat
Error: Could not heal a body!
bus error (illegal address)
firex-lofting.sat
Error: Could not heal a body!
bus error (illegal address)
firex-lofting.sat
Error: Could not heal a body!
segmentation error
firex-lofting.sat
Error: Could not heal a body!
bus error (illegal address)
firex-lofting.sat
Error: Could not heal a body!
bus error (illegal address)
firex-lofting.sat
Error: Could not heal a body!
segmentation error
firex-lofting.sat
Error: Could not heal a body!
bus error (illegal address)
firex-lofting.sat
Error: Could not heal a body!
segmentation error
firex-lofting.sat
Error: Could not heal a body!
bus error (illegal address)
firex-lofting.sat
Error: Could not heal a body!
bus error (illegal address)
firex-lofting.sat
Error: Could not heal a body!
bus error (illegal address)
firex-lofting.sat
Error: Could not heal a body!
bus error (illegal address)
firex-lofting.sat
Error: Could not heal a body!
bus error (illegal address)
firex-lofting.sat
Error: Could not heal a body!
bus error (illegal address)
firex-lofting.sat
Error: Could not heal a body!
bus error (illegal address)
firex-lofting.sat
Error: Could not save SAT file!
`segmentation error
pumpkin2.sat
Error: Could not heal a body!
segmentation error
pumpkin2.sat
Error: Could not heal a body!
bus error (illegal address)
pumpkin2.sat
Error: Could not heal a body!
bus error (illegal address)
pumpkin2.sat
Error: Could not heal a body!
bus error (illegal address)
pumpkin2.sat
Error: Could not heal a body!
segmentation error
pumpkin2.sat
Error: Could not heal a body!
bus error (illegal address)
pumpkin2.sat
Error: Could not heal a body!
bus error (illegal address)
pumpkin2.sat
Error: Could not heal a body!
bus error (illegal address)
pumpkin2.sat
Error: Could not save SAT file!
`segmentation error
spool.sat
Error: Could not heal a body!
bus error (illegal address)
spool.sat
Error: Could not heal a body!
bus error (illegal address)
spool.sat
Error: Could not save SAT file!
`segmentation error
*** Error (kernel/kerndata/bulletin:ERROR_DURING_DISCARD)
    error discarding a bad bulletin board, model state cannot be recovered.  
Aborting program
*** Error (kernel/kerndata/bulletin:ERROR_DURING_DISCARD)
    error discarding a bad bulletin board, model state cannot be recovered.  
Aborting program
*** Error (kernel/kerndata/bulletin:ERROR_DURING_DISCARD)
    error discarding a bad bulletin board, model state cannot be recovered.  
Aborting program
Usage: autoheal <input.sat> <output.sat>
*** Error (kernel/kerndata/bulletin:ERROR_DURING_DISCARD)
    error discarding a bad bulletin board, model state cannot be recovered.  
Aborting program
heatex.sat
Error: Could not save SAT file!
`Bad handle passed to function
Joystick.sat
Error: Could not heal a body!
segmentation error
Joystick.sat
Error: Could not heal a body!
segmentation error
Joystick.sat
Error: Could not heal a body!
segmentation error
Joystick.sat
Error: Could not heal a body!
segmentation error
*** Error (kernel/kerndata/bulletin:ERROR_DURING_DISCARD)
    error discarding a bad bulletin board, model state cannot be recovered.  
Aborting program
*** Error (kernel/kerndata/bulletin:ERROR_DURING_DISCARD)
    error discarding a bad bulletin board, model state cannot be recovered.  
Aborting program
*** Error (kernel/kerndata/bulletin:ERROR_DURING_DISCARD)
    error discarding a bad bulletin board, model state cannot be recovered.  
Aborting program
*** Error (kernel/kerndata/bulletin:ERROR_DURING_DISCARD)
    error discarding a bad bulletin board, model state cannot be recovered.  
Aborting program
*** Error (kernel/kerndata/bulletin:ERROR_DURING_DISCARD)
    error discarding a bad bulletin board, model state cannot be recovered.  
Aborting program
*** Error (kernel/kerndata/bulletin:ERROR_DURING_DISCARD)
    error discarding a bad bulletin board, model state cannot be recovered.  
Aborting program
*** Error (kernel/kerndata/bulletin:ERROR_DURING_DISCARD)
    error discarding a bad bulletin board, model state cannot be recovered.  
Aborting program
*** Error (kernel/kerndata/bulletin:ERROR_DURING_DISCARD)
    error discarding a bad bulletin board, model state cannot be recovered.  
Aborting program
*** Error (kernel/kerndata/bulletin:ERROR_DURING_DISCARD)
    error discarding a bad bulletin board, model state cannot be recovered.  
Aborting program
*** Error (kernel/kerndata/bulletin:ERROR_DURING_DISCARD)
    error discarding a bad bulletin board, model state cannot be recovered.  
Aborting program
*** Error (kernel/kerndata/bulletin:ERROR_DURING_DISCARD)
    error discarding a bad bulletin board, model state cannot be recovered.  
Aborting program
*** Error (kernel/kerndata/bulletin:ERROR_DURING_DISCARD)
    error discarding a bad bulletin board, model state cannot be recovered.  
Aborting program
ForgedUClamp1.sat
Error: Could not heal a body!
attempt to change record marked as deleted
*** Error (kernel/kerndata/bulletin:ERROR_DURING_DISCARD)
    error discarding a bad bulletin board, model state cannot be recovered.  
Aborting program
Usage: autoheal <input.sat> <output.sat>
Part1.sat
Error: Could not heal a body!
segmentation error
Part1.sat
Error: Could not save SAT file!
`segmentation error
Part10.sat
Error: Could not heal a body!
segmentation error
Part10.sat
Error: Could not save SAT file!
`segmentation error
Part11.sat
Error: Could not heal a body!
segmentation error
Part11.sat
Error: Could not save SAT file!
`segmentation error
Part12.sat
Error: Could not heal a body!
segmentation error
Part12.sat
Error: Could not save SAT file!
`segmentation error
Part13.sat
Error: Could not heal a body!
segmentation error
Part13.sat
Error: Could not save SAT file!
`segmentation error
Part14.sat
Error: Could not heal a body!
segmentation error
Part14.sat
Error: Could not save SAT file!
`segmentation error
Part15.sat
Error: Could not heal a body!
segmentation error
Part15.sat
Error: Could not save SAT file!
`segmentation error
Part16.sat
Error: Could not heal a body!
segmentation error
Part16.sat
Error: Could not save SAT file!
`segmentation error
Part17.sat
Error: Could not heal a body!
segmentation error
Part17.sat
Error: Could not save SAT file!
`segmentation error
Part2.sat
Error: Could not heal a body!
segmentation error
Part2.sat
Error: Could not save SAT file!
`segmentation error
Part3.sat
Error: Could not heal a body!
segmentation error
Part3.sat
Error: Could not save SAT file!
`segmentation error
Part35.sat
Error: Could not heal a body!
segmentation error
Part35.sat
Error: Could not save SAT file!
`segmentation error
Part4.sat
Error: Could not heal a body!
segmentation error
Part4.sat
Error: Could not save SAT file!
`segmentation error
Part5.sat
Error: Could not heal a body!
segmentation error
Part5.sat
Error: Could not save SAT file!
`segmentation error
Part6.sat
Error: Could not heal a body!
segmentation error
Part6.sat
Error: Could not save SAT file!
`segmentation error
Part7.sat
Error: Could not heal a body!
segmentation error
Part7.sat
Error: Could not save SAT file!
`segmentation error
Part8.sat
Error: Could not heal a body!
segmentation error
Part8.sat
Error: Could not save SAT file!
`segmentation error
Blender.sat
Error: Could not heal a body!
segmentation error
Blender.sat
Error: Could not save SAT file!
`segmentation error
Part10.sat
Error: Could not heal a body!
segmentation error
Part7.sat
Error: Could not heal a body!
segmentation error
*** Error (kernel/kerndata/bulletin:ERROR_DURING_DISCARD)
    error discarding a bad bulletin board, model state cannot be recovered.  
Aborting program
*** Error (kernel/kerndata/bulletin:ERROR_DURING_DISCARD)
    error discarding a bad bulletin board, model state cannot be recovered.  
Aborting program
*** Error (kernel/kerndata/bulletin:ERROR_DURING_DISCARD)
    error discarding a bad bulletin board, model state cannot be recovered.  
Aborting program
*** Error (kernel/kerndata/bulletin:ERROR_DURING_DISCARD)
    error discarding a bad bulletin board, model state cannot be recovered.  
Aborting program
*** Error (kernel/kerndata/bulletin:ERROR_DURING_DISCARD)
    error discarding a bad bulletin board, model state cannot be recovered.  
Aborting program
*** Error (kernel/kerndata/bulletin:ERROR_DURING_DISCARD)
    error discarding a bad bulletin board, model state cannot be recovered.  
Aborting program
Ex04.sat
Error: Could not heal a body!
bus error (illegal address)
Ex04.sat
Error: Could not save SAT file!
`segmentation error
*** Error (kernel/kerndata/bulletin:ERROR_DURING_DISCARD)
    error discarding a bad bulletin board, model state cannot be recovered.  
Aborting program
*** Error (kernel/kerndata/bulletin:ERROR_DURING_DISCARD)
    error discarding a bad bulletin board, model state cannot be recovered.  
Aborting program
*** Error (kernel/kerndata/bulletin:ERROR_DURING_DISCARD)
    error discarding a bad bulletin board, model state cannot be recovered.  
Aborting program
results.sat
Error: Could not heal a body!
segmentation error
results.sat
Error: Could not heal a body!
bus error (illegal address)
results.sat
Error: Could not heal a body!
segmentation error
results.sat
Error: Could not heal a body!
bus error (illegal address)
results.sat
Error: Could not heal a body!
segmentation error
results.sat
Error: Could not heal a body!
bus error (illegal address)
results.sat
Error: Could not heal a body!
segmentation error
results.sat
Error: Could not heal a body!
bus error (illegal address)
results.sat
Error: Could not heal a body!
segmentation error
results.sat
Error: Could not heal a body!
bus error (illegal address)
results.sat
Error: Could not heal a body!
segmentation error
results.sat
Error: Could not heal a body!
bus error (illegal address)
results.sat
Error: Could not heal a body!
segmentation error
results.sat
Error: Could not heal a body!
bus error (illegal address)
results.sat
Error: Could not heal a body!
segmentation error
results.sat
Error: Could not heal a body!
bus error (illegal address)
results.sat
Error: Could not heal a body!
segmentation error
results.sat
Error: Could not heal a body!
bus error (illegal address)
results.sat
Error: Could not heal a body!
segmentation error
results.sat
Error: Could not heal a body!
bus error (illegal address)
results.sat
Error: Could not save SAT file!
`segmentation error
CAD7.sat
Error: Could not heal a body!
bus error (illegal address)
CAD7.sat
Error: Could not save SAT file!
`segmentation error
CALCULAT.sat
Error: Could not heal a body!
bus error (illegal address)
CALCULAT.sat
Error: Could not save SAT file!
`segmentation error
CELLPHONE.sat
Error: Could not heal a body!
bus error (illegal address)
CELLPHONE.sat
Error: Could not save SAT file!
`segmentation error
DESK.sat
Error: Could not save SAT file!
`Bad handle passed to function
DICE.sat
Error: Could not heal a body!
segmentation error
PICTURE.sat
Error: Could not heal a body!
bus error (illegal address)
PICTURE.sat
Error: Could not heal a body!
bus error (illegal address)
PICTURE.sat
Error: Could not save SAT file!
`segmentation error
PUMPKIN.sat
Error: Could not heal a body!
segmentation error
PUMPKIN.sat
Error: Could not heal a body!
segmentation error
ACISLOGO.sat
Error: Could not heal a body!
segmentation error
ACISLOGO.sat
Error: Could not heal a body!
segmentation error
ACISLOGO.sat
Error: Could not heal a body!
segmentation error
ACISLOGO.sat
Error: Could not heal a body!
segmentation error
holzsessel.sat
Error: Could not heal a body!
bus error (illegal address)
holzsessel.sat
Error: Could not heal a body!
segmentation error
holzsessel.sat
Error: Could not heal a body!
bus error (illegal address)
holzsessel.sat
Error: Could not heal a body!
bus error (illegal address)
holzsessel.sat
Error: Could not heal a body!
bus error (illegal address)
holzsessel.sat
Error: Could not heal a body!
segmentation error
holzsessel.sat
Error: Could not heal a body!
bus error (illegal address)
holzsessel.sat
Error: Could not save SAT file!
`segmentation error
3D.sat
Error: Could not heal a body!
bus error (illegal address)
3D.sat
Error: Could not heal a body!
segmentation error
3D.sat
Error: Could not save SAT file!
`segmentation error
pumpkin2.sat
Error: Could not heal a body!
segmentation error
pumpkin2.sat
Error: Could not heal a body!
bus error (illegal address)
pumpkin2.sat
Error: Could not heal a body!
bus error (illegal address)
pumpkin2.sat
Error: Could not heal a body!
bus error (illegal address)
pumpkin2.sat
Error: Could not heal a body!
segmentation error
pumpkin2.sat
Error: Could not heal a body!
bus error (illegal address)
pumpkin2.sat
Error: Could not heal a body!
bus error (illegal address)
pumpkin2.sat
Error: Could not heal a body!
bus error (illegal address)
pumpkin2.sat
Error: Could not save SAT file!
`segmentation error
*** Error (kernel/kerndata/bulletin:ERROR_DURING_DISCARD)
    error discarding a bad bulletin board, model state cannot be recovered.  
Aborting program
*** Error (kernel/kerndata/bulletin:ERROR_DURING_DISCARD)
    error discarding a bad bulletin board, model state cannot be recovered.  
Aborting program
*** Error (kernel/kerndata/bulletin:ERROR_DURING_DISCARD)
    error discarding a bad bulletin board, model state cannot be recovered.  
Aborting program
rt2000a.sat
Error: Could not heal a body!
attempt to change record marked as deleted
*** Error (kernel/kerndata/bulletin:ERROR_DURING_DISCARD)
    error discarding a bad bulletin board, model state cannot be recovered.  
Aborting program
*** Error (kernel/kerndata/bulletin:ERROR_DURING_DISCARD)
    error discarding a bad bulletin board, model state cannot be recovered.  
Aborting program
*** Error (kernel/kerndata/bulletin:ERROR_DURING_DISCARD)
    error discarding a bad bulletin board, model state cannot be recovered.  
Aborting program
*** Error (kernel/kerndata/bulletin:ERROR_DURING_DISCARD)
    error discarding a bad bulletin board, model state cannot be recovered.  
Aborting program
profile.sat
Error: Could not heal a body!
attempt to change record marked as deleted
*** Error (kernel/kerndata/bulletin:ERROR_DURING_DISCARD)
    error discarding a bad bulletin board, model state cannot be recovered.  
Aborting program
*** Error (kernel/kerndata/bulletin:ERROR_DURING_DISCARD)
    error discarding a bad bulletin board, model state cannot be recovered.  
Aborting program
*** Error (kernel/kerndata/bulletin:ERROR_DURING_DISCARD)
    error discarding a bad bulletin board, model state cannot be recovered.  
Aborting program
*** Error (kernel/kerndata/bulletin:ERROR_DURING_DISCARD)
    error discarding a bad bulletin board, model state cannot be recovered.  
Aborting program
*** Error (kernel/kerndata/bulletin:ERROR_DURING_DISCARD)
    error discarding a bad bulletin board, model state cannot be recovered.  
Aborting program
*** Error (kernel/kerndata/bulletin:ERROR_DURING_DISCARD)
    error discarding a bad bulletin board, model state cannot be recovered.  
Aborting program
*** Error (kernel/kerndata/bulletin:ERROR_DURING_DISCARD)
    error discarding a bad bulletin board, model state cannot be recovered.  
Aborting program
t7.sat
Error: Could not heal a body!
segmentation error
*** Error (kernel/kerndata/bulletin:ERROR_DURING_DISCARD)
    error discarding a bad bulletin board, model state cannot be recovered.  
Aborting program
*** Error (kernel/kerndata/bulletin:ERROR_DURING_DISCARD)
    error discarding a bad bulletin board, model state cannot be recovered.  
Aborting program
chair.sat
Error: Could not heal a body!
segmentation error
chair.sat
Error: Could not heal a body!
segmentation error
chair.sat
Error: Could not heal a body!
segmentation error
chair.sat
Error: Could not heal a body!
segmentation error
chair.sat
Error: Could not heal a body!
segmentation error
chair.sat
Error: Could not heal a body!
segmentation error
chair.sat
Error: Could not heal a body!
segmentation error
chair.sat
Error: Could not heal a body!
segmentation error
chair.sat
Error: Could not heal a body!
segmentation error
chair.sat
Error: Could not heal a body!
segmentation error
chair.sat
Error: Could not heal a body!
segmentation error
chair.sat
Error: Could not heal a body!
segmentation error
chair.sat
Error: Could not heal a body!
segmentation error
chair.sat
Error: Could not heal a body!
segmentation error
chair.sat
Error: Could not heal a body!
segmentation error
chair.sat
Error: Could not heal a body!
segmentation error
chair.sat
Error: Could not heal a body!
segmentation error
chair.sat
Error: Could not heal a body!
segmentation error
chair.sat
Error: Could not heal a body!
segmentation error
chair.sat
Error: Could not heal a body!
segmentation error
chair.sat
Error: Could not heal a body!
segmentation error
lower_carriage.sat
Error: Could not heal a body!
segmentation error
jack_in_the_box.sat
Error: Could not heal a body!
segmentation error
test.sat
Error: Could not heal a body!
segmentation error
test.sat
Error: Could not heal a body!
segmentation error
test.sat
Error: Could not heal a body!
segmentation error
test.sat
Error: Could not heal a body!
segmentation error
test.sat
Error: Could not heal a body!
segmentation error
test.sat
Error: Could not heal a body!
segmentation error
test.sat
Error: Could not heal a body!
segmentation error
test.sat
Error: Could not heal a body!
segmentation error
test.sat
Error: Could not heal a body!
segmentation error
a.sat
Error: Could not heal a body!
segmentation error
a.sat
Error: Could not heal a body!
segmentation error
a.sat
Error: Could not heal a body!
segmentation error
a.sat
Error: Could not heal a body!
segmentation error
a.sat
Error: Could not heal a body!
segmentation error
a.sat
Error: Could not heal a body!
segmentation error
a.sat
Error: Could not heal a body!
segmentation error
a.sat
Error: Could not heal a body!
segmentation error
a.sat
Error: Could not heal a body!
segmentation error
a.sat
Error: Could not heal a body!
segmentation error
a.sat
Error: Could not heal a body!
segmentation error
a.sat
Error: Could not heal a body!
segmentation error
a.sat
Error: Could not heal a body!
segmentation error
a.sat
Error: Could not heal a body!
segmentation error
a.sat
Error: Could not heal a body!
segmentation error
a.sat
Error: Could not heal a body!
segmentation error
a.sat
Error: Could not heal a body!
segmentation error
a.sat
Error: Could not heal a body!
segmentation error
a.sat
Error: Could not heal a body!
segmentation error
a.sat
Error: Could not heal a body!
segmentation error
a.sat
Error: Could not heal a body!
segmentation error
a.sat
Error: Could not heal a body!
segmentation error
a.sat
Error: Could not heal a body!
segmentation error
a.sat
Error: Could not heal a body!
segmentation error
a.sat
Error: Could not heal a body!
segmentation error
a.sat
Error: Could not heal a body!
segmentation error
a.sat
Error: Could not heal a body!
segmentation error
a.sat
Error: Could not heal a body!
segmentation error
a.sat
Error: Could not heal a body!
segmentation error
a.sat
Error: Could not heal a body!
segmentation error
a.sat
Error: Could not heal a body!
segmentation error
a.sat
Error: Could not heal a body!
segmentation error
a.sat
Error: Could not heal a body!
segmentation error
a.sat
Error: Could not heal a body!
segmentation error
a.sat
Error: Could not heal a body!
segmentation error
a.sat
Error: Could not heal a body!
segmentation error
a.sat
Error: Could not heal a body!
segmentation error
a.sat
Error: Could not heal a body!
segmentation error
a.sat
Error: Could not heal a body!
segmentation error
a.sat
Error: Could not heal a body!
segmentation error
a.sat
Error: Could not heal a body!
segmentation error
a.sat
Error: Could not heal a body!
segmentation error
a.sat
Error: Could not heal a body!
segmentation error
a.sat
Error: Could not heal a body!
segmentation error
a.sat
Error: Could not heal a body!
segmentation error
a.sat
Error: Could not heal a body!
segmentation error
a.sat
Error: Could not heal a body!
segmentation error
a.sat
Error: Could not heal a body!
segmentation error
a.sat
Error: Could not heal a body!
segmentation error
a.sat
Error: Could not heal a body!
segmentation error
a.sat
Error: Could not heal a body!
segmentation error
a.sat
Error: Could not heal a body!
segmentation error
a.sat
Error: Could not heal a body!
segmentation error
a.sat
Error: Could not heal a body!
segmentation error
a.sat
Error: Could not heal a body!
segmentation error
a.sat
Error: Could not heal a body!
segmentation error
a.sat
Error: Could not heal a body!
segmentation error
a.sat
Error: Could not heal a body!
segmentation error
a.sat
Error: Could not heal a body!
segmentation error
a.sat
Error: Could not heal a body!
segmentation error
a.sat
Error: Could not heal a body!
segmentation error
a.sat
Error: Could not heal a body!
segmentation error
a.sat
Error: Could not heal a body!
segmentation error
a.sat
Error: Could not heal a body!
segmentation error
a.sat
Error: Could not heal a body!
segmentation error
a.sat
Error: Could not heal a body!
segmentation error
a.sat
Error: Could not heal a body!
segmentation error
a.sat
Error: Could not heal a body!
segmentation error
test.sat
Error: Could not heal a body!
segmentation error
test.sat
Error: Could not heal a body!
segmentation error
test.sat
Error: Could not heal a body!
segmentation error
test.sat
Error: Could not heal a body!
segmentation error
test.sat
Error: Could not heal a body!
segmentation error
test.sat
Error: Could not heal a body!
segmentation error
test.sat
Error: Could not heal a body!
segmentation error
test.sat
Error: Could not heal a body!
segmentation error
test.sat
Error: Could not heal a body!
segmentation error
A_pot_assem.sat
Error: Could not heal a body!
segmentation error
A_pot_assem.sat
Error: Could not heal a body!
segmentation error
A_pot_assem.sat
Error: Could not heal a body!
segmentation error
A_pot_assem.sat
Error: Could not heal a body!
segmentation error
A_pot_assem.sat
Error: Could not heal a body!
segmentation error
A_pot_assem.sat
Error: Could not heal a body!
segmentation error
A_pot_assem.sat
Error: Could not heal a body!
segmentation error
A_pot_assem.sat
Error: Could not heal a body!
segmentation error
A_pot_assem.sat
Error: Could not heal a body!
segmentation error
A_pot_assem.sat
Error: Could not heal a body!
segmentation error
A_pot_assem.sat
Error: Could not heal a body!
segmentation error
A_pot_assem.sat
Error: Could not heal a body!
segmentation error
A_pot_assem.sat
Error: Could not heal a body!
segmentation error
A_pot_assem.sat
Error: Could not heal a body!
segmentation error
A_pot_assem.sat
Error: Could not heal a body!
segmentation error
A_pot_assem.sat
Error: Could not heal a body!
segmentation error
A_pot_assem.sat
Error: Could not heal a body!
segmentation error
A_pot_assem.sat
Error: Could not heal a body!
segmentation error
A_pot_assem.sat
Error: Could not heal a body!
segmentation error
A_pot_assem.sat
Error: Could not heal a body!
segmentation error
A_pot_assem.sat
Error: Could not heal a body!
segmentation error
A_pot_assem.sat
Error: Could not heal a body!
segmentation error
A_pot_assem.sat
Error: Could not heal a body!
segmentation error
A_pot_assem.sat
Error: Could not heal a body!
segmentation error
A_pot_assem.sat
Error: Could not heal a body!
segmentation error
A_pot_assem.sat
Error: Could not heal a body!
segmentation error
A_pot_assem.sat
Error: Could not heal a body!
segmentation error
A_pot_assem.sat
Error: Could not heal a body!
segmentation error
A_pot_assem.sat
Error: Could not heal a body!
segmentation error
A_pot_assem.sat
Error: Could not heal a body!
segmentation error
A_pot_assem.sat
Error: Could not heal a body!
segmentation error
A_pot_assem.sat
Error: Could not heal a body!
segmentation error
A_pot_assem.sat
Error: Could not heal a body!
segmentation error
A_pot_assem.sat
Error: Could not heal a body!
segmentation error
A_pot_assem.sat
Error: Could not heal a body!
segmentation error
A_pot_assem.sat
Error: Could not heal a body!
segmentation error
A_pot_assem.sat
Error: Could not heal a body!
segmentation error
A_pot_assem.sat
Error: Could not heal a body!
segmentation error
A_pot_assem.sat
Error: Could not heal a body!
segmentation error
A_pot_assem.sat
Error: Could not heal a body!
segmentation error
A_pot_assem.sat
Error: Could not heal a body!
segmentation error
A_pot_assem.sat
Error: Could not heal a body!
segmentation error
A_pot_assem.sat
Error: Could not heal a body!
segmentation error
A_pot_assem.sat
Error: Could not heal a body!
segmentation error
A_pot_assem.sat
Error: Could not heal a body!
segmentation error
A_pot_assem.sat
Error: Could not heal a body!
segmentation error
A_pot_assem.sat
Error: Could not heal a body!
segmentation error
A_pot_assem.sat
Error: Could not heal a body!
segmentation error
A_pot_assem.sat
Error: Could not heal a body!
segmentation error
A_pot_assem.sat
Error: Could not heal a body!
segmentation error
A_pot_assem.sat
Error: Could not heal a body!
segmentation error
A_pot_assem.sat
Error: Could not heal a body!
segmentation error
A_pot_assem.sat
Error: Could not heal a body!
segmentation error
A_pot_assem.sat
Error: Could not heal a body!
segmentation error
A_pot_assem.sat
Error: Could not heal a body!
segmentation error
A_pot_assem.sat
Error: Could not heal a body!
segmentation error
A_pot_assem.sat
Error: Could not heal a body!
segmentation error
A_pot_assem.sat
Error: Could not heal a body!
segmentation error
A_pot_assem.sat
Error: Could not heal a body!
segmentation error
A_pot_assem.sat
Error: Could not heal a body!
segmentation error
A_pot_assem.sat
Error: Could not heal a body!
segmentation error
A_pot_assem.sat
Error: Could not heal a body!
segmentation error
A_pot_assem.sat
Error: Could not heal a body!
segmentation error
A_pot_assem.sat
Error: Could not heal a body!
segmentation error
A_pot_assem.sat
Error: Could not heal a body!
segmentation error
A_pot_assem.sat
Error: Could not heal a body!
segmentation error
A_pot_assem.sat
Error: Could not heal a body!
segmentation error
A_pot_assem.sat
Error: Could not heal a body!
segmentation error
A_pot_assem.sat
Error: Could not heal a body!
segmentation error
A_pot_assem.sat
Error: Could not heal a body!
segmentation error
A_pot_assem.sat
Error: Could not heal a body!
segmentation error
A_pot_assem.sat
Error: Could not heal a body!
segmentation error
A_pot_assem.sat
Error: Could not heal a body!
segmentation error
A_pot_assem.sat
Error: Could not heal a body!
segmentation error
A_pot_assem.sat
Error: Could not heal a body!
segmentation error
A_pot_assem.sat
Error: Could not heal a body!
segmentation error
A_pot_assem.sat
Error: Could not heal a body!
segmentation error
A_pot_assem.sat
Error: Could not heal a body!
segmentation error
A_pot_assem.sat
Error: Could not heal a body!
segmentation error
A_pot_assem.sat
Error: Could not heal a body!
segmentation error
D_cam24.sat
Error: Could not heal a body!
segmentation error
D_cam24.sat
Error: Could not heal a body!
segmentation error
D_cam24.sat
Error: Could not heal a body!
segmentation error
D_cam24.sat
Error: Could not heal a body!
segmentation error
D_cam24.sat
Error: Could not heal a body!
segmentation error
D_cam24.sat
Error: Could not heal a body!
segmentation error
D_cam24.sat
Error: Could not heal a body!
segmentation error
D_cam24.sat
Error: Could not heal a body!
segmentation error
D_cam24.sat
Error: Could not heal a body!
segmentation error
D_cam24.sat
Error: Could not heal a body!
segmentation error
D_cam24.sat
Error: Could not heal a body!
segmentation error
D_cam24.sat
Error: Could not heal a body!
segmentation error
D_cam24.sat
Error: Could not heal a body!
segmentation error
D_cam24.sat
Error: Could not heal a body!
segmentation error
D_cam24.sat
Error: Could not heal a body!
segmentation error
D_cam24.sat
Error: Could not heal a body!
segmentation error
D_cam24.sat
Error: Could not heal a body!
segmentation error
D_cam24.sat
Error: Could not heal a body!
segmentation error
D_cam24.sat
Error: Could not heal a body!
segmentation error
D_cam24.sat
Error: Could not heal a body!
segmentation error
D_cam24.sat
Error: Could not heal a body!
segmentation error
D_cam24.sat
Error: Could not heal a body!
segmentation error
D_cam24.sat
Error: Could not heal a body!
segmentation error
D_cam24.sat
Error: Could not heal a body!
segmentation error
D_cam24.sat
Error: Could not heal a body!
segmentation error
D_cam24.sat
Error: Could not heal a body!
segmentation error
D_cam24.sat
Error: Could not heal a body!
segmentation error
D_cam24.sat
Error: Could not heal a body!
segmentation error
D_cam24.sat
Error: Could not heal a body!
segmentation error
D_cam24.sat
Error: Could not heal a body!
segmentation error
D_cam24.sat
Error: Could not heal a body!
segmentation error
D_cam24.sat
Error: Could not heal a body!
segmentation error
D_cam24.sat
Error: Could not heal a body!
segmentation error
D_cam24.sat
Error: Could not heal a body!
segmentation error
D_cam24.sat
Error: Could not heal a body!
segmentation error
D_cam24.sat
Error: Could not heal a body!
segmentation error
D_cam24.sat
Error: Could not heal a body!
segmentation error
D_cam24.sat
Error: Could not heal a body!
segmentation error
D_cam24.sat
Error: Could not heal a body!
segmentation error
D_cam24.sat
Error: Could not heal a body!
segmentation error
D_cam24.sat
Error: Could not heal a body!
segmentation error
D_cam24.sat
Error: Could not heal a body!
segmentation error
D_cam24.sat
Error: Could not heal a body!
segmentation error
D_cam24.sat
Error: Could not heal a body!
segmentation error
D_cam24.sat
Error: Could not heal a body!
segmentation error
D_cam24.sat
Error: Could not heal a body!
segmentation error
D_cam24.sat
Error: Could not heal a body!
segmentation error
D_cam24.sat
Error: Could not heal a body!
segmentation error
D_cam24.sat
Error: Could not heal a body!
segmentation error
D_cam24.sat
Error: Could not heal a body!
segmentation error
D_cam24.sat
Error: Could not heal a body!
segmentation error
support3.sat
Error: Could not heal a body!
bus error (illegal address)
support3.sat
Error: Could not save SAT file!
`segmentation error
support2.sat
Error: Could not heal a body!
bus error (illegal address)
support2.sat
Error: Could not save SAT file!
`segmentation error
support1.sat
Error: Could not heal a body!
bus error (illegal address)
support1.sat
Error: Could not save SAT file!
`segmentation error
rotor_all.sat
Error: Could not heal a body!
segmentation error
rotor_all.sat
Error: Could not save SAT file!
`segmentation error
inner_sphere.sat
Error: Could not heal a body!
bus error (illegal address)
inner_sphere.sat
Error: Could not save SAT file!
`segmentation error
housing.sat
Error: Could not heal a body!
bus error (illegal address)
housing.sat
Error: Could not save SAT file!
`segmentation error
260012.sat
Error: Could not heal a body!
bus error (illegal address)
260012.sat
Error: Could not save SAT file!
`segmentation error
*** Error (kernel/kerndata/bulletin:ERROR_DURING_DISCARD)
    error discarding a bad bulletin board, model state cannot be recovered.  
Aborting program
*** Error (kernel/kerndata/bulletin:ERROR_DURING_DISCARD)
    error discarding a bad bulletin board, model state cannot be recovered.  
Aborting program
