#UGC:2 PART 966 400 0 1 1 15 1800 9652 00000b39 \
#- VERS -1 2                                                         \
#- HOST csl074                                                       \
#- LINK                                                              \
#- DBID RICOH                                                        \
#- REVS 4,1.2+                                                       \
#- RELL 0,                                                           \
#- UOBJ_ID 839945872 187960297 159026036                             \
#- MACH SGI_IRIX64_6.2_06101031                                      \
#-END_OF_UGC_HEADER
#P_OBJECT 6
@P_object 1 0
0 1 ->
@depend 2 0
1 2 [1]
2 2 
@model_name 3 10
3 3 RECORDER
@model_type 4 1
3 4 1
@revnum 5 1
3 5 284
@bom_count 6 1
3 6 1
@dep_type 7 1
3 7 8
@stamp 8 0
3 8 
@major_vers 9 0
4 9 
@vers 10 1
5 10 -1
@alias_name 11 10
5 11 
@minor_vers 12 0
4 12 
@vers 13 1
5 13 8
@reason 14 10
3 14 
@dep_db 15 0
1 15 ->
@dep_db 16 0
2 16 [5]
3 16 ->
@to_model_id 17 1
4 17 0
@dep_type 18 1
4 18 4
@obj_id 19 1
4 19 0
@obj_type 20 1
4 20 242
3 16 ->
4 17 0
4 18 4
4 19 1
4 20 242
3 16 ->
4 17 0
4 18 4
4 19 2
4 20 242
3 16 ->
4 17 0
4 18 4
4 19 3
4 20 242
3 16 ->
4 17 0
4 18 4
4 19 4
4 20 242
@model_db 21 0
2 21 [1]
3 21 ->
@model_t_type 22 1
4 22 1
@model_name 23 10
4 23 RECORDER
@generic_name 24 10
4 24 
@stamp 25 0
4 25 
@usr_rev 26 0
1 26 [4]
2 26 
@name 27 10
3 27 SHIMO
@mod_time 28 0
3 28 
@tm_sec 29 1
4 29 7
@tm_min 30 1
4 30 51
@tm_hour 31 1
4 31 1
@tm_mday 32 1
4 32 20
@tm_mon 33 1
4 33 7
@tm_year 34 1
4 34 96
@action 35 1
3 35 1000
@comment 36 10
3 36 ホスト名: 'csl063'
@rel_level 37 10
3 37 初
@rev_string 38 10
3 38 1.2
2 26 
3 27 SHIO
3 28 
4 29 10
4 30 39
4 31 1
4 32 22
4 33 7
4 34 96
3 35 1000
3 36 ホスト名: 'aet124'
3 37 初
3 38 1.2
2 26 
3 27 USER
3 28 
4 29 7
4 30 4
4 31 17
4 32 22
4 33 10
4 34 96
3 35 1000
3 36 Hostname: 'kyushu'
3 37 初
3 38 1.2
2 26 
3 27 BAUERLE
3 28 
4 29 12
4 30 49
4 31 23
4 32 23
4 33 0
4 34 97
3 35 1000
3 36 Hostname: 'buckle'
3 37 初
3 38 1.2
@revnum_std 39 1
1 39 257
@flag 40 1
1 40 0
@name 41 10
1 41 NULL
@inst_hidden 42 1
1 42 0
@old_name 43 10
1 43 NULL
@user_symbols 44 0
1 44 [3]
2 44 ->
@class 45 1
3 45 1
@access 46 1
3 46 0
@changed 47 1
3 47 0
@copy_of_generic 48 1
3 48 0
@name 49 10
3 49 DESCRIPTION
@value 50 0
3 50 
@type 51 1
4 51 51
@value(s_val) 52 10
4 52 TBD
@id 53 1
3 53 -1
@type 54 1
3 54 -1
2 44 ->
3 45 1
3 46 0
3 47 0
3 48 0
3 49 DRAWN_BY
3 50 
4 51 51
4 52 TBD
3 53 -1
3 54 -1
2 44 ->
3 45 1
3 46 0
3 47 0
3 48 0
3 49 MATERIAL
3 50 
4 51 51
4 52 TBD
3 53 -1
3 54 -1
@appl_data 55 0
1 55 ->
@bounding_box 56 2
2 56 [2][3]
$C0311500D93019A5,C000A806C980CD26,BFB500D93019A4B6
$0,40262A01B2603349,3FE2A01B26033497
@ver_key 57 0
1 57 ->
@time 58 1
2 58 854063331
@random_num 59 1
2 59 259458602
@hostid 60 1
2 60 1762302832
#END_OF_P_OBJECT
#Pro/ENGINEER  TM  Version H-01-21  (c) 1988-96 by Parametric Technology Corporation  All Rights Reserved. 9652
@Toc 61 0
0 61 ->
@entry 62 10
1 62 [128]
2 62 BasicData 2b9a 505 0 966########################################################
2 62 BasicText 309f 2be 0 966########################################################
2 62 GeomDepen 335d 73 0 966#########################################################
2 62 DispCntrl 33d0 51e 0 966########################################################
2 62 DisplData 38ee 38 0 966#########################################################
2 62 LargeText 3926 868 0 966########################################################
2 62 FamilyInf 418e 40 0 966#########################################################
2 62 VisibGeom 41ce 1192 0 966#######################################################
2 62 NovisGeom 5360 1bd 0 966########################################################
2 62 ActEntity 551d bd8 0 966########################################################
2 62 AllFeatur 60f5 4257 0 966#######################################################
2 62 FullMData a34c 5393 0 966#######################################################
2 62 ModelView#0 f6df 59a 0 966######################################################
2 62 ModelView#43 fc79 50a 0 966#####################################################
2 62 ModelView#44 10183 50a 0 966####################################################
2 62 ModelView#45 1068d 5f6 0 966####################################################
2 62 ModelView#47 10c83 509 0 966####################################################
2 62 ModelView#50 1118c 50b 0 966####################################################
2 62 ModelView#51 11697 5f6 0 966####################################################
2 62 DispDataColor 11c8d 1be 0 966###################################################
2 62 DispDataTable 11e4b 7fc 0 966###################################################
2 62 AssMrgPrt 12647 29 0 966########################################################
2 62 ################################################################################
2 62 ################################################################################
2 62 ################################################################################
2 62 ################################################################################
2 62 ################################################################################
2 62 ################################################################################
2 62 ################################################################################
2 62 ################################################################################
2 62 ################################################################################
2 62 ################################################################################
2 62 ################################################################################
2 62 ################################################################################
2 62 ################################################################################
2 62 ################################################################################
2 62 ################################################################################
2 62 ################################################################################
2 62 ################################################################################
2 62 ################################################################################
2 62 ################################################################################
2 62 ################################################################################
2 62 ################################################################################
2 62 ################################################################################
2 62 ################################################################################
2 62 ################################################################################
2 62 ################################################################################
2 62 ################################################################################
2 62 ################################################################################
2 62 ################################################################################
2 62 ################################################################################
2 62 ################################################################################
2 62 ################################################################################
2 62 ################################################################################
2 62 ################################################################################
2 62 ################################################################################
2 62 ################################################################################
2 62 ################################################################################
2 62 ################################################################################
2 62 ################################################################################
2 62 ################################################################################
2 62 ################################################################################
2 62 ################################################################################
2 62 ################################################################################
2 62 ################################################################################
2 62 ################################################################################
2 62 ################################################################################
2 62 ################################################################################
2 62 ################################################################################
2 62 ################################################################################
2 62 ################################################################################
2 62 ################################################################################
2 62 ################################################################################
2 62 ################################################################################
2 62 ################################################################################
2 62 ################################################################################
2 62 ################################################################################
2 62 ################################################################################
2 62 ################################################################################
2 62 ################################################################################
2 62 ################################################################################
2 62 ################################################################################
2 62 ################################################################################
2 62 ################################################################################
2 62 ################################################################################
2 62 ################################################################################
2 62 ################################################################################
2 62 ################################################################################
2 62 ################################################################################
2 62 ################################################################################
2 62 ################################################################################
2 62 ################################################################################
2 62 ################################################################################
2 62 ################################################################################
2 62 ################################################################################
2 62 ################################################################################
2 62 ################################################################################
2 62 ################################################################################
2 62 ################################################################################
2 62 ################################################################################
2 62 ################################################################################
2 62 ################################################################################
2 62 ################################################################################
2 62 ################################################################################
2 62 ################################################################################
2 62 ################################################################################
2 62 ################################################################################
2 62 ################################################################################
2 62 ################################################################################
2 62 ################################################################################
2 62 ################################################################################
2 62 ################################################################################
2 62 ################################################################################
2 62 ################################################################################
2 62 ################################################################################
2 62 ################################################################################
2 62 ################################################################################
2 62 ################################################################################
2 62 ################################################################################
2 62 ################################################################################
2 62 ################################################################################
2 62 ################################################################################
2 62 ################################################################################
2 62 ################################################################################
2 62 ################################################################################
2 62 ################################################################################
2 62 ################################################################################
2 62 ################################################################################
#BasicData
@Sld_BasicData 1 0
0 1 ->
@tab_key 2 1
1 2 0
@tab_key_struct 3 0
1 3 ->
@tab_key_ptr 4 0
2 4 [141]
@cmprs_tabkey 5 0
2 5 NULL
@type 6 1
1 6 2
@revnum_ptr 7 0
1 7 ->
@geom_revnum 8 1
2 8 222
@cosm_revnum 9 1
2 9 99
@tol_default_ptr 10 0
1 10 ->
@type 11 1
2 11 10
@value 12 2
2 12 [7]
$0,3FB9R,3F847AE147AE147B,3F50624DD2F1A9FC,3F1A36E2EB1C432D,
$3EE4F8B588E368F1,3EB0C6F7A0B5ED8E
@ang_value 13 2
2 13 [7]
$0,6*3FE
@standard 14 1
2 14 0
@iso_tol_tbls_ptr 15 0
2 15 NULL
@datum_count 16 1
1 16 3
@axis_count 17 1
1 17 1
@insert_layer_id 18 1
1 18 -1
@layer_count 19 1
1 19 1
@rel_part_eps 20 2
1 20 3F53A92A30553261
@model_eps 21 2
1 21 0
@fixed_model_eps 22 1
1 22 0
@assembled_count 23 1
1 23 2
@part_type 24 1
1 24 1
@first_ent_id 25 1
1 25 532216
@first_view_id 26 1
1 26 0
@outline 27 2
1 27 [2][3]
$C031,C,0
$C01C,4026,3FE
@dim_num 28 1
1 28 19
@geom_lib_ptr 29 0
1 29 NULL
@attrib_array 30 1
1 30 [3]
$3*0
@max_part_size 31 2
1 31 403068A9AD9408AE
@model_name 32 10
1 32 BLACKET
@disp_outl_info 33 0
1 33 
@disp_outline 34 2
2 34 [2][3]
$C0311500D93019A5,C000A806C980CD26,BFB500D93019A4B6
$0,40262A01B2603349,3FE2A01B26033497
@sel_outl_info 35 0
1 35 ->
@outline 36 2
2 36 [2][3]
$C0311500D93019A5,C000A806C980CD26,BFB500D93019A4B6
$0,40262A01B2603349,3FE2A01B26033497
#BasicText
@Sld_BasicText 1 0
0 1 ->
@assem_mass_prop_ptr 2 0
1 2 NULL
@mass_prop_ptr 3 0
1 3 ->
@type 4 1
2 4 0
@density 5 2
2 5 3FF
@init_dens 6 5
2 6 1
@rel_density 7 2
2 7 0
@init_rel_dens 8 5
2 8 0
@aver_density 9 2
2 9 3FF
@vrevnum 10 1
2 10 222
@volume 11 2
2 11 40504
@cg 12 2
2 12 [3]
$C028,4012,3FD
@inertia 13 2
2 13 [3][3]
$40C356D5R,C0AB6C,C0686
$C0AB6C,40A16F5R,405248
$C0686,405248,4015AR
@eps 14 2
2 14 3EE4F8B588E368F1
@surfarea 15 2
2 15 4071B
@assign_mp_ptr 16 0
1 16 NULL
@mat_name_ptr 17 10
1 17 NULL
@unit_arr 18 0
1 18 [2]
2 18 
@type 19 1
3 19 11
@factor 20 2
3 20 3FA42850A142850A
@name 21 10
3 21 MM
@unit_type 22 1
3 22 0
2 18 
3 19 11
3 20 3F620F73F11F6E41
3 21 GRAM
3 22 1
#GeomDepen
@Sld_GeomDepend 1 0
0 1 ->
@frst_geom_ptr 2 1
1 2 123
@fem_data 3 0
1 3 NULL
@first_quilt_ptr 4 1
1 4 0
#DispCntrl
@Sld_DispCntrl 1 0
0 1 ->
@color_prop_ptr 2 0
1 2 NULL
@layer_array 3 0
1 3 [8]
2 3 ->
@id 4 1
3 4 49
@type 5 1
3 5 117
@user_id 6 1
3 6 0
@weird_wline_ptr 7 0
3 7 ->
@weird_wline 8 10
4 8 1__DEF_PLANES
@layer_objects 9 0
3 9 [6]
4 9 
@type 10 1
5 10 3
@lay_solid 11 0
5 11 NULL
4 9 
5 10 8
5 11 NULL
4 9 
5 10 62
5 11 NULL
4 9 
5 10 117
5 11 NULL
4 9 
5 10 144
5 11 NULL
4 9 
5 10 145
5 11 NULL
@saved_operation 12 1
3 12 3
2 3 ->
3 4 102
3 5 117
3 6 0
3 7 ->
4 8 2__DEF_CSYS
3 9 [5]
4 9 
5 10 3
5 11 NULL
4 9 
5 10 62
5 11 NULL
4 9 
5 10 117
5 11 NULL
4 9 
5 10 144
5 11 NULL
4 9 
5 10 145
5 11 NULL
3 12 3
2 3 ->
3 4 103
3 5 117
3 6 0
3 7 ->
4 8 1_ALL_PLANES
3 9 [5]
4 9 
5 10 3
@ids 13 1
5 13 [3]
$107,112,114
5 11 NULL
4 9 
5 10 62
5 11 NULL
4 9 
5 10 117
5 13 [1]
6 13 49
5 11 NULL
4 9 
5 10 144
5 11 NULL
4 9 
5 10 145
5 11 NULL
3 12 3
2 3 ->
3 4 104
3 5 117
3 6 0
3 7 ->
4 8 2_ALL_CSYS
3 9 [5]
4 9 
5 10 3
5 13 [1]
6 13 109
5 11 NULL
4 9 
5 10 62
5 11 NULL
4 9 
5 10 117
5 13 [1]
6 13 102
5 11 NULL
4 9 
5 10 144
5 11 NULL
4 9 
5 10 145
5 11 NULL
3 12 3
2 3 ->
3 4 116
3 5 117
3 6 0
3 7 ->
4 8 3_ALL_AXES
3 12 3
2 3 ->
3 4 117
3 5 117
3 6 0
3 7 ->
4 8 4_ALL_POINTS
3 12 3
2 3 ->
3 4 118
3 5 117
3 6 0
3 7 ->
4 8 5_ALL_CURVES
3 12 3
2 3 ->
3 4 119
3 5 117
3 6 0
3 7 ->
4 8 6_ALL_SURFS
3 12 3
#DisplData
@Sld_DispData 1 0
0 1 ->
@disp_data 2 0
1 2 
#LargeText
@Sld_LargeText 1 0
0 1 ->
@names_table 2 0
1 2 [4]
2 2 ->
@id 3 1
3 3 111
@type 4 1
3 4 5
@name 5 10
3 5 SIDE
2 2 ->
3 3 113
3 4 5
3 5 TOP
2 2 ->
3 3 115
3 4 5
3 5 FRONT
2 2 ->
3 3 110
3 4 25
3 5 DEFAULT
@relpar_sets 6 0
1 6 [1]
2 6 
@id 7 1
3 7 -1
@type 8 1
3 8 2
@ext_ref_id 9 1
3 9 -1
@param_arr 10 0
3 10 [27]
4 10 ->
@sym 11 10
5 11 
@value 12 0
5 12 
@type 13 1
6 13 51
@value(s_val) 14 10
6 14 gogoogjoob
@bak_value 15 0
5 15 
6 13 51
6 14 gogoogjoob
4 10 ->
5 11 
5 12 
6 13 51
6 14 
5 15 
6 13 51
6 14 
4 10 ->
5 11 DRAWN_BY
5 12 
6 13 51
6 14 TBD
5 15 
6 13 51
6 14 TBD
4 10 ->
5 11 
5 12 
6 13 51
6 14 
5 15 
6 13 51
6 14 
4 10 ->
5 11 MATERIAL
5 12 
6 13 51
6 14 TBD
5 15 
6 13 51
6 14 TBD
4 10 ->
5 11 
5 12 
6 13 51
6 14 
5 15 
6 13 51
6 14 
4 10 ->
5 11 DESCRIPTION
5 12 
6 13 51
6 14 TBD
5 15 
6 13 51
6 14 TBD
4 10 ->
5 11 
5 12 
6 13 50
@value(d_val) 16 2
6 16 0
5 15 
6 13 50
6 16 0
4 10 ->
5 11 COST
5 12 
6 13 50
6 16 0
5 15 
6 13 50
6 16 0
4 10 ->
5 11 
5 12 
6 13 51
6 14 1.1
5 15 
6 13 51
6 14 1.1
4 10 ->
5 11 
5 12 
6 13 51
6 14 RICOH
5 15 
6 13 51
6 14 RICOH
4 10 ->
5 11 
5 12 
6 13 51
6 14 初期
5 15 
6 13 51
6 14 初期
4 10 ->
5 11 
5 12 
6 13 51
6 14 1.1
5 15 
6 13 51
6 14 1.1
4 10 ->
5 11 
5 12 
6 13 51
6 14 RICOH
5 15 
6 13 51
6 14 RICOH
4 10 ->
5 11 
5 12 
6 13 51
6 14 初期
5 15 
6 13 51
6 14 初期
4 10 ->
5 11 
5 12 
6 13 51
6 14 1.1
5 15 
6 13 51
6 14 1.1
4 10 ->
5 11 
5 12 
6 13 51
6 14 RICOH
5 15 
6 13 51
6 14 RICOH
4 10 ->
5 11 
5 12 
6 13 51
6 14 初期
5 15 
6 13 51
6 14 初期
4 10 ->
5 11 
5 12 
6 13 51
6 14 1.1
5 15 
6 13 51
6 14 1.1
4 10 ->
5 11 
5 12 
6 13 51
6 14 RICOH
5 15 
6 13 51
6 14 RICOH
4 10 ->
5 11 
5 12 
6 13 51
6 14 初期
5 15 
6 13 51
6 14 初期
4 10 ->
5 11 
5 12 
6 13 51
6 14 1.1
5 15 
6 13 51
6 14 1.1
4 10 ->
5 11 
5 12 
6 13 51
6 14 RICOH
5 15 
6 13 51
6 14 RICOH
4 10 ->
5 11 
5 12 
6 13 51
6 14 初期
5 15 
6 13 51
6 14 初期
4 10 ->
5 11 PDMREV
5 12 
6 13 51
6 14 1.2+
5 15 
6 13 51
6 14 1.1+
4 10 ->
5 11 PDMDB
5 12 
6 13 51
6 14 RICOH
5 15 
6 13 51
6 14 RICOH
4 10 ->
5 11 PDMRL
5 12 
6 13 51
6 14 
5 15 
6 13 51
6 14 初期
@relatnum 17 1
3 17 0
@cfg_states 18 0
1 18 NULL
#FamilyInf
@Sld_FamilyInfo 1 0
0 1 ->
@drv_tbl_ptr 2 0
1 2 NULL
#VisibGeom
@Sld_VisGeom 1 0
0 1 ->
@active_geom 2 0
1 2 
@srf_array 3 0
2 3 [9]
3 3 ->
@geom_type 4 1
4 4 34
@geom_id 5 1
4 5 111
@feat_id 6 1
4 6 107
@boundary_type 7 1
4 7 1
@envlp 8 2
4 8 [2][2]
$C000A806C980CD26,BFB500D93019A4B6
$40262A01B2603349,3FE2A01B26033497
@srf_prim_ptr(plane) 9 0
4 9 ->
@local_sys 10 2
5 10 [4][3]
$2*0,3FF
$3FF,2*0
$0,3FF,0
$3*0
@frst_cntr_ptr 11 0
4 11 NULL
@next_geom_ptr 12 1
4 12 0
@orient 13 1
4 13 1
@outline 14 2
4 14 [2][3]
$0,C000A806C980CD26,BFB500D93019A4B6
$0,40262A01B2603348,3FE2A01B26033497
3 3 ->
4 4 34
4 5 113
4 6 112
4 7 1
4 8 [2][2]
$BFB500D93019A4B6,C0311500D93019A5
$3FE2A01B26033497,C01BABFC9B3F996D
4 9 ->
5 10 [4][3]
$0,3FF,0
$2*0,3FF
$3FF,2*0
$3*0
4 11 NULL
4 12 0
4 13 1
4 14 [2][3]
$C0311500D93019A5,0,BFB500D93019A4B6
$C01BABFC9B3F996C,0,3FE2A01B26033497
3 3 ->
4 4 34
4 5 115
4 6 114
4 7 1
4 8 [2][2]
$C0311500D93019A5,C000A806C980CD26
$C01BABFC9B3F996D,40262A01B2603349
4 9 ->
5 10 [4][3]
$3FF,2*0
$0,3FF,0
$2*0,3FF
$3*0
4 11 NULL
4 12 0
4 13 1
4 14 [2][3]
$C0311500D93019A5,C000A806C980CD26,0
$C01BABFC9B3F996C,40262A01B2603348,0
3 3 ->
4 4 34
4 5 123
4 6 120
4 7 0
4 8 [2][2]
$C031,C
$C01C,4026
4 9 ->
5 10 [4][3]
$3FF,2*0
$0,3FF,0
$2*0,3FF
$3*0
4 11 ->
@frst_cntr_crv_hdr_ptr 15 1
5 15 124
@trv 16 1
5 16 1
@envlp 17 2
5 17 [2][2]
$C031,C
$C01C,4026
@next_cntr_ptr 18 0
4 18 NULL
4 12 128
4 13 -1
4 14 [2][3]
$C031,C,0
$C01C,4026,0
3 3 ->
4 4 34
4 5 128
4 6 120
4 7 0
4 8 [2][2]
$C031,C
$C01C,4026
4 9 ->
5 10 [4][3]
$3FF,2*0
$0,3FF,0
$2*0,3FF
$2*0,3FE
4 11 ->
5 15 129
5 16 1
5 17 [2][2]
$C031,C
$C01C,4026
4 18 NULL
4 12 133
4 13 1
4 14 [2][3]
$C031,C,3FE
$C01C,4026,3FE
3 3 ->
4 4 34
4 5 133
4 6 120
4 7 1
4 8 [2][2]
$2*0
$4024,3FE
4 9 ->
5 10 [4][3]
$3FF,2*0
$2*0,BFF
$0,3FF,0
$C031,C,0
4 11 ->
5 15 124
5 16 1
5 17 [2][2]
$2*0
$4024,3FE
4 18 NULL
4 12 135
4 13 1
4 14 [2][3]
$C031,C,0
$C01C,C,3FE
3 3 ->
4 4 34
4 5 135
4 6 120
4 7 1
4 8 [2][2]
$2*0
$402A,3FE
4 9 ->
5 10 [4][3]
$2*0,3FF
$3FF,2*0
$0,3FF,0
$C01C,C,0
4 11 ->
5 15 125
5 16 1
5 17 [2][2]
$2*0
$402A,3FE
4 18 NULL
4 12 137
4 13 1
4 14 [2][3]
$C01C,C,0
$C01C,4026,3FE
3 3 ->
4 4 34
4 5 137
4 6 120
4 7 1
4 8 [2][2]
$2*0
$4024,3FE
4 9 ->
5 10 [4][3]
$BFF,2*0
$2*0,3FF
$0,3FF,0
$C01C,4026,0
4 11 ->
5 15 126
5 16 1
5 17 [2][2]
$2*0
$4024,3FE
4 18 NULL
4 12 139
4 13 1
4 14 [2][3]
$C031,4026,0
$C01C,4026,3FE
3 3 ->
4 4 34
4 5 139
4 6 120
4 7 1
4 8 [2][2]
$2*0
$402A,3FE
4 9 ->
5 10 [4][3]
$2*0,BFF
$BFF,2*0
$0,3FF,0
$C031,4026,0
4 11 ->
5 15 127
5 16 1
5 17 [2][2]
$2*0
$402A,3FE
4 18 NULL
4 12 0
4 13 1
4 14 [2][3]
$C031,C,0
$C031,4026,3FE
@crv_array 19 0
2 19 [12]
3 19 ->
@crv_id 20 1
4 20 124
@feat_id 21 1
4 21 120
@type 22 1
4 22 0
@crv_pnt_dir 23 1
4 23 [2]
$1,-1
@crv_pnt_arr 24 2
4 24 [2][4]
$C031,C,2*0
$C01C,C,4024,0
@crv_hdr_geom_ptr[0] 25 1
4 25 123
@crv_hdr_geom_ptr[1] 26 1
4 26 133
@next_crv_hdr_ptr[0] 27 1
4 27 125
@next_crv_hdr_ptr[1] 28 1
4 28 134
@ref_geom[0] 29 1
4 29 0
@ref_geom[1] 30 1
4 30 0
3 19 ->
4 20 125
4 21 120
4 22 0
4 23 [2]
$1,-1
4 24 [2][4]
$C01C,C,2*0
$C01C,4026,402A,0
4 25 123
4 26 135
4 27 126
4 28 136
4 29 0
4 30 0
3 19 ->
4 20 126
4 21 120
4 22 0
4 23 [2]
$1,-1
4 24 [2][4]
$C01C,4026,2*0
$C031,4026,4024,0
4 25 123
4 26 137
4 27 127
4 28 138
4 29 0
4 30 0
3 19 ->
4 20 127
4 21 120
4 22 0
4 23 [2]
$1,-1
4 24 [2][4]
$C031,4026,2*0
$C031,C,402A,0
4 25 123
4 26 139
4 27 124
4 28 140
4 29 0
4 30 0
3 19 ->
4 20 129
4 21 120
4 22 0
4 23 [2]
$-1,1
4 24 [2][4]
$C031,C,0,3FE
$C01C,C,4024,3FE
4 25 128
4 26 133
4 27 132
4 28 136
4 29 0
4 30 0
3 19 ->
4 20 130
4 21 120
4 22 0
4 23 [2]
$-1,1
4 24 [2][4]
$C01C,C,0,3FE
$C01C,4026,402A,3FE
4 25 128
4 26 135
4 27 129
4 28 138
4 29 0
4 30 0
3 19 ->
4 20 131
4 21 120
4 22 0
4 23 [2]
$-1,1
4 24 [2][4]
$C01C,4026,0,3FE
$C031,4026,4024,3FE
4 25 128
4 26 137
4 27 130
4 28 140
4 29 0
4 30 0
3 19 ->
4 20 132
4 21 120
4 22 0
4 23 [2]
$-1,1
4 24 [2][4]
$C031,4026,0,3FE
$C031,C,402A,3FE
4 25 128
4 26 139
4 27 131
4 28 134
4 29 0
4 30 0
3 19 ->
4 20 134
4 21 120
4 22 0
4 23 [2]
$1,-1
4 24 [2][4]
$2*0,402A,0
$0,3FE,402A,3FE
4 25 133
4 26 139
4 27 129
4 28 127
4 29 0
4 30 0
3 19 ->
4 20 136
4 21 120
4 22 0
4 23 [2]
$1,-1
4 24 [2][4]
$2*0,4024,0
$0,3FE,4024,3FE
4 25 135
4 26 133
4 27 130
4 28 124
4 29 0
4 30 0
3 19 ->
4 20 138
4 21 120
4 22 0
4 23 [2]
$1,-1
4 24 [2][4]
$2*0,402A,0
$0,3FE,402A,3FE
4 25 137
4 26 135
4 27 131
4 28 125
4 29 0
4 30 0
3 19 ->
4 20 140
4 21 120
4 22 0
4 23 [2]
$1,-1
4 24 [2][4]
$2*0,4024,0
$0,3FE,4024,3FE
4 25 139
4 26 137
4 27 132
4 28 126
4 29 0
4 30 0
#NovisGeom
@Sld_NonVisGeom 1 0
0 1 ->
@inactive_geom 2 0
1 2 
@srf_array 3 0
2 3 [1]
3 3 ->
@geom_type 4 1
4 4 34
@geom_id 5 1
4 5 122
@feat_id 6 1
4 6 121
@boundary_type 7 1
4 7 -1
@envlp 8 2
4 8 [2][2]
$2*0
$2*0
@srf_prim_ptr(plane) 9 0
4 9 ->
@local_sys 10 2
5 10 [4][3]
$3FF,2*0
$0,3FF,0
$2*0,3FF
$3*0
@frst_cntr_ptr 11 0
4 11 NULL
@next_geom_ptr 12 1
4 12 0
@orient 13 1
4 13 1
@outline 14 2
4 14 [2][3]
$3*0
$3*0
@external_geom 15 0
1 15 
#ActEntity
@Sld_Entities 1 0
0 1 ->
@act_feat_ents 2 0
1 2 [4]
2 2 
@feat_id 3 1
3 3 109
@datum_id 4 1
3 4 -1
@entity_ptr(coord_sys) 5 0
3 5 ->
@type 6 1
4 6 18
@id 7 1
4 7 110
@gen_info 8 0
4 8 
@color 9 1
5 9 1
@sys_type 10 1
4 10 -1
@pnt_type 11 1
4 11 -1
@radius 12 2
4 12 0
@local_sys 13 2
4 13 [4][3]
$3FF,2*0
$0,3FF,0
$2*0,3FF
$3*0
@feat_id 14 1
4 14 109
@entity(text) 15 0
3 15 ->
@text_type 16 1
4 16 34
@text_value 17 10
4 17 DEFAULT
@txt_attrib 18 1
4 18 1
@coord 19 2
4 19 [3]
$407DF4F90F3E1A6,40745EDC294D8C98,4060EC22E456715A
@owner_id 20 1
4 20 110
@height 21 2
4 21 BFF
@width_factor 22 2
4 22 BFF
@format_info 23 0
4 23 
@thickness 24 2
4 24 BFF
2 2 
3 3 107
3 4 111
@entity_ptr(cosmetic) 25 0
3 25 ->
@type 26 1
4 26 50
@id 27 1
4 27 -1
@gen_info 28 0
4 28 
@owner_type 29 1
4 29 1
@owner_id 30 1
4 30 111
@text_ptr 31 0
4 31 ->
@text_type 32 1
5 32 14
@text_value 33 10
5 33 SIDE
@txt_attrib 34 1
5 34 1
@owner_id 35 1
5 35 107
@height 36 2
5 36 BFF
@width_factor 37 2
5 37 BFF
@format_info 38 0
5 38 
@thickness 39 2
5 39 BFF
@cosm_disp_ents 40 0
4 40 ->
@first_disp_ent(line) 41 0
5 41 ->
@id 42 1
6 42 -1
@gen_info 43 0
6 43 
@flip 44 1
6 44 111
@end1 45 2
6 45 [3]
$C000A806C980CD26,BFB500D93019A4B6,0
@end2 46 2
6 46 [3]
$C000A806C980CD26,3FE2A01B26033497,0
@entity(line) 47 0
5 47 ->
6 42 -1
6 43 
6 44 111
6 45 [3]
$C000A806C980CD26,3FE2A01B26033497,0
6 46 [3]
$40262A01B2603349,3FE2A01B26033497,0
5 47 ->
6 42 -1
6 43 
6 44 111
6 45 [3]
$40262A01B2603349,3FE2A01B26033497,0
6 46 [3]
$40262A01B2603349,BFB500D93019A4B6,0
5 47 ->
6 42 -1
6 43 
6 44 111
6 45 [3]
$40262A01B2603349,BFB500D93019A4B6,0
6 46 [3]
$C000A806C980CD26,BFB500D93019A4B6,0
@plane_ptr 48 0
4 48 NULL
@attr 49 1
4 49 0
2 2 
3 3 112
3 4 113
3 25 ->
4 26 50
4 27 -1
4 28 
4 29 1
4 30 113
4 31 ->
5 32 14
5 33 TOP
5 34 1
5 35 112
5 36 BFF
5 37 BFF
5 38 
5 39 BFF
4 40 ->
5 41 ->
6 42 -1
6 43 
6 44 113
6 45 [3]
$BFB500D93019A4B6,C0311500D93019A5,0
6 46 [3]
$BFB500D93019A4B6,C01BABFC9B3F996D,0
5 47 ->
6 42 -1
6 43 
6 44 113
6 45 [3]
$BFB500D93019A4B6,C01BABFC9B3F996D,0
6 46 [3]
$3FE2A01B26033497,C01BABFC9B3F996D,0
5 47 ->
6 42 -1
6 43 
6 44 113
6 45 [3]
$3FE2A01B26033497,C01BABFC9B3F996D,0
6 46 [3]
$3FE2A01B26033497,C0311500D93019A5,0
5 47 ->
6 42 -1
6 43 
6 44 113
6 45 [3]
$3FE2A01B26033497,C0311500D93019A5,0
6 46 [3]
$BFB500D93019A4B6,C0311500D93019A5,0
4 48 NULL
4 49 0
2 2 
3 3 114
3 4 115
3 25 ->
4 26 50
4 27 -1
4 28 
4 29 1
4 30 115
4 31 ->
5 32 14
5 33 FRONT
5 34 1
5 35 114
5 36 BFF
5 37 BFF
5 38 
5 39 BFF
4 40 ->
5 41 ->
6 42 -1
6 43 
6 44 115
6 45 [3]
$C0311500D93019A5,C000A806C980CD26,0
6 46 [3]
$C0311500D93019A5,40262A01B2603349,0
5 47 ->
6 42 -1
6 43 
6 44 115
6 45 [3]
$C0311500D93019A5,40262A01B2603349,0
6 46 [3]
$C01BABFC9B3F996D,40262A01B2603349,0
5 47 ->
6 42 -1
6 43 
6 44 115
6 45 [3]
$C01BABFC9B3F996D,40262A01B2603349,0
6 46 [3]
$C01BABFC9B3F996D,C000A806C980CD26,0
5 47 ->
6 42 -1
6 43 
6 44 115
6 45 [3]
$C01BABFC9B3F996D,C000A806C980CD26,0
6 46 [3]
$C0311500D93019A5,C000A806C980CD26,0
4 48 NULL
4 49 0
#AllFeatur
@Sld_Features 1 0
0 1 ->
@first_feat_ptr 2 0
1 2 ->
@id 3 1
2 3 109
@indep_attributes 4 1
2 4 4097
@feat_type_ptr 5 0
2 5 ->
@table_id 6 1
3 6 63
@type 7 1
3 7 979
@feattype_key 8 10
3 8 NULL
@form 9 1
3 9 0
@attributes 10 1
3 10 [3]
$3*0
@placement 11 1
3 11 0
@intersection 12 1
3 12 -1
@internal_udf_type 13 1
3 13 -1
@param_choice_ptr 14 0
3 14 ->
@blend_choice 15 1
4 15 0
@depth_choice 16 1
4 16 0
@angle_choice 17 1
4 17 -1
@pat_choice 18 1
4 18 -1
@round_choice 19 1
4 19 -1
@subsec_choice 20 1
4 20 -1
@sweep_choice 21 1
4 21 0
@dome_choice 22 1
4 22 0
@draft_choice 23 1
4 23 0
@misc_choice 24 1
4 24 [2]
$384,0
@assoc_type 25 1
3 25 0
@symbol_key 26 1
2 26 -1
@sect_name 27 10
2 27 no_name
@model_type 28 1
2 28 2
@idtab_ptr 29 0
2 29 ->
@misc_id_tab 30 0
3 30 [1]
4 30 
@misc_hist 31 1
5 31 [5]
$110,534,0,-1,500
@save_geoms 32 0
3 32 NULL
@cr_flags_xar 33 1
3 33 [27]
$3*-1,-2049,2*-1,-16777217,3*-1,-536870913,-1,-1126176897,-2,-2097185,
$-203555329,495,10*0
@cvt_feat_dat 34 0
3 34 NULL
@feat_dates_ptr 35 0
3 35 ->
@creat_date 36 1
4 36 150023
@regen_date 37 1
4 37 150023
@group_info_ptr 38 0
2 38 NULL
@intrs_pairs_ptr 39 0
2 39 ->
@place_rec_ptr 40 0
2 40 ->
@local_sys 41 2
3 41 [4][3]
$3FF,2*0
$0,3FF,0
$2*0,3FF
$3*0
@own_ref_id 42 1
3 42 -1
@orient 43 1
3 43 0
@trf_arr 44 0
3 44 [1]
4 44 
@type 45 1
5 45 10
@idx 46 1
5 46 0
@transf 47 2
5 47 [4][3]
$3FF,2*0
$0,3FF,0
$2*0,3FF
$3*0
@next_prop 48 0
2 48 NULL
@first_geom_id 49 1
2 49 -1
@cond_tbl_idx 50 1
2 50 -1
@comment 51 10
2 51 NULL
@merge_info_ptr 52 0
2 52 NULL
@topology_increment 53 0
2 53 ->
@first_geom 54 1
3 54 0
@first_quilt 55 1
3 55 0
@outline 56 2
3 56 [2][3]
$3*0
$3*0
@max_part_size 57 2
3 57 0
@xform_increment 58 0
3 58 NULL
@roll_back_id 59 1
3 59 -1
@state_ind 60 1
2 60 -1
@alumni_info 61 0
2 61 NULL
@revnum 62 1
2 62 2
@rev_rec 63 0
2 63 ->
@num_plins 64 1
3 64 0
@expl_state_ref 65 0
2 65 NULL
@feat_outl_info 66 0
2 66 ->
@ent_outl 67 2
3 67 [2][3]
$3*0
$3*0
@next_feat_ptr 68 0
1 68 ->
2 3 107
2 4 4097
2 5 ->
3 6 13
3 7 923
3 8 NULL
3 9 0
3 10 [3]
$2*262144,0
3 11 0
3 12 -1
3 13 -1
3 14 ->
4 15 0
4 16 0
4 17 -1
4 18 -1
4 19 -1
4 20 -1
4 21 0
4 22 0
4 23 0
4 24 [2]
$2*0
3 25 0
2 26 -1
2 27 SIDE
2 28 2
2 29 ->
@srf_id_arr 69 1
3 69 [1][4]
$111,3*0
3 32 NULL
3 33 [27]
$3*-1,-2049,2*-1,-16777217,3*-1,-536870913,-1,-1126176897,-2,-2097185,
$-203555329,495,10*0
3 34 NULL
3 35 ->
4 36 150023
4 37 150023
2 38 NULL
2 39 ->
2 40 ->
3 41 [4][3]
$2*0,3FF
$3FF,2*0
$0,3FF,0
$3*0
@place_instruction_ptrs 70 0
3 70 [1]
4 70 ->
@type 71 1
5 71 524
@offset 72 2
5 72 0
@dim_id 73 1
5 73 11
@ref_id 74 1
5 74 -1
@geometry1_id 75 1
5 75 110
@geometry2_id 76 1
5 76 111
@memb_num1 77 1
5 77 0
@memb_num2 78 1
5 78 0
@attr 79 1
5 79 32768
@plin_info_arr 80 0
5 80 [2]
6 80 ->
@type 81 1
7 81 1
@data(plin_info_ref) 82 0
7 82 ->
@id_type1 83 1
8 83 -4
@id_type2 84 1
8 84 5
@offset2 85 2
8 85 0
6 80 ->
7 81 6
@data(plin_info_ui_step) 86 0
7 86 ->
@step_ids 87 1
8 87 [1]
9 87 -100
3 42 -1
3 43 1
3 44 [1]
4 44 
5 45 11
5 46 0
5 47 [4][3]
$2*0,3FF
$3FF,2*0
$0,3FF,0
$3*0
2 48 NULL
2 49 111
2 50 -1
2 51 NULL
2 52 NULL
@parent_table 88 1
2 88 [1]
3 88 109
2 53 ->
3 54 0
3 55 0
3 56 [2][3]
$3*0
$3*0
3 57 0
3 58 NULL
3 59 -1
2 60 -1
2 61 NULL
2 62 2
2 63 ->
3 64 1
2 65 NULL
2 66 ->
3 67 [2][3]
$0,C000A806C980CD26,BFB500D93019A4B6
$0,40262A01B2603349,3FE2A01B26033497
1 68 ->
2 3 112
2 4 4097
2 5 ->
3 6 13
3 7 923
3 8 NULL
3 9 0
3 10 [3]
$2*262144,0
3 11 0
3 12 -1
3 13 -1
3 14 ->
4 15 0
4 16 0
4 17 -1
4 18 -1
4 19 -1
4 20 -1
4 21 0
4 22 0
4 23 0
4 24 [2]
$2*0
3 25 0
2 26 -1
2 27 TOP
2 28 2
2 29 ->
3 69 [1][4]
$113,3*0
3 32 NULL
3 33 [27]
$3*-1,-2049,2*-1,-16777217,3*-1,-536870913,-1,-1126176897,-2,-2097185,
$-203555329,495,10*0
3 34 NULL
3 35 ->
4 36 150023
4 37 150023
2 38 NULL
2 39 ->
2 40 ->
3 41 [4][3]
$0,3FF,0
$2*0,3FF
$3FF,2*0
$3*0
3 70 [1]
4 70 ->
5 71 525
5 72 0
5 73 12
5 74 -1
5 75 110
5 76 113
5 77 0
5 78 0
5 79 32768
5 80 [2]
6 80 ->
7 81 1
7 82 ->
8 83 -4
8 84 5
8 85 0
6 80 ->
7 81 6
7 86 ->
8 87 [1]
9 87 -100
3 42 -1
3 43 1
3 44 [1]
4 44 
5 45 11
5 46 0
5 47 [4][3]
$0,3FF,0
$2*0,3FF
$3FF,2*0
$3*0
2 48 NULL
2 49 113
2 50 -1
2 51 NULL
2 52 NULL
2 88 [1]
3 88 109
2 53 ->
3 54 0
3 55 0
3 56 [2][3]
$3*0
$3*0
3 57 0
3 58 NULL
3 59 -1
2 60 -1
2 61 NULL
2 62 2
2 63 ->
3 64 1
2 65 NULL
2 66 ->
3 67 [2][3]
$C0311500D93019A5,0,BFB500D93019A4B6
$C01BABFC9B3F996D,0,3FE2A01B26033497
1 68 ->
2 3 114
2 4 4097
2 5 ->
3 6 13
3 7 923
3 8 NULL
3 9 0
3 10 [3]
$262144,2*0
3 11 0
3 12 -1
3 13 -1
3 14 ->
4 15 0
4 16 0
4 17 -1
4 18 -1
4 19 -1
4 20 -1
4 21 0
4 22 0
4 23 0
4 24 [2]
$2*0
3 25 0
2 26 -1
2 27 FRONT
2 28 2
2 29 ->
3 69 [1][4]
$115,3*0
3 32 NULL
3 33 [27]
$3*-1,-2049,2*-1,-16777217,3*-1,-536870913,-1,-1126176897,-2,-2097185,
$-203555329,495,10*0
3 34 NULL
3 35 ->
4 36 150023
4 37 150023
2 38 NULL
2 39 ->
2 40 ->
3 41 [4][3]
$3FF,2*0
$0,3FF,0
$2*0,3FF
$3*0
3 70 [1]
4 70 ->
5 71 519
5 72 0
5 73 13
5 74 -1
5 75 110
5 76 115
5 77 0
5 78 0
5 79 32768
5 80 [2]
6 80 ->
7 81 1
7 82 ->
8 83 -4
8 84 5
8 85 0
6 80 ->
7 81 6
7 86 ->
8 87 [1]
9 87 -100
3 42 -1
3 43 1
3 44 [1]
4 44 
5 45 11
5 46 0
5 47 [4][3]
$3FF,2*0
$0,3FF,0
$2*0,3FF
$3*0
2 48 NULL
2 49 115
2 50 -1
2 51 NULL
2 52 NULL
2 88 [1]
3 88 109
2 53 ->
3 54 0
3 55 0
3 56 [2][3]
$3*0
$3*0
3 57 0
3 58 NULL
3 59 -1
2 60 -1
2 61 NULL
2 62 2
2 63 ->
3 64 1
2 65 NULL
2 66 ->
3 67 [2][3]
$C0311500D93019A5,C000A806C980CD26,0
$C01BABFC9B3F996D,40262A01B2603349,0
1 68 ->
2 3 121
2 4 1
2 5 ->
3 6 -1
3 7 923
3 8 NULL
3 9 0
3 10 [3]
$3,2*0
3 11 0
3 12 -1
3 13 -1
3 14 ->
4 15 0
4 16 0
4 17 -1
4 18 970
4 19 -1
4 20 -1
4 21 0
4 22 0
4 23 0
4 24 [2]
$2*0
3 25 0
2 26 -1
2 27 no_name
2 28 2
2 29 ->
3 69 [1][4]
$122,3*0
3 32 NULL
3 33 [27]
$3*-1,-2049,2*-1,-16777217,3*-1,-536870913,-1,-1126176897,-2,-2097185,
$-2097665,-1,-1073741843,-1,-1073741825,-257,-261121,-1,2047,3*0
3 34 NULL
3 35 ->
4 36 170018
4 37 170018
2 38 NULL
2 39 ->
2 40 ->
3 41 [4][3]
$3FF,2*0
$0,3FF,0
$2*0,3FF
$3*0
3 70 [2]
4 70 ->
5 71 509
5 72 3FF
5 73 -1
5 74 -1
5 75 115
5 76 122
5 77 0
5 78 0
5 79 32768
5 80 [2]
6 80 ->
7 81 1
7 82 ->
8 83 -4
8 84 5
8 85 0
6 80 ->
7 81 6
7 86 ->
8 87 [1]
9 87 -100
4 70 ->
5 71 510
5 72 3FF
5 73 -1
5 74 -1
5 75 113
5 76 122
5 77 0
5 78 0
5 79 32768
5 80 [2]
6 80 ->
7 81 1
7 82 ->
8 83 -4
8 84 5
8 85 0
6 80 ->
7 81 6
7 86 ->
8 87 [1]
9 87 -100
3 42 -1
3 43 1
3 44 [1]
4 44 
5 45 11
5 46 0
5 47 [4][3]
$3FF,2*0
$0,3FF,0
$2*0,3FF
$3*0
2 48 NULL
2 49 122
2 50 -1
2 51 NULL
2 52 NULL
2 88 [2]
$112,114
2 53 ->
3 54 0
3 55 0
3 56 [2][3]
$3*0
$3*0
3 57 0
3 58 NULL
3 59 -1
2 60 -1
2 61 NULL
2 62 0
2 63 ->
3 64 2
2 65 NULL
2 66 NULL
1 68 ->
2 3 120
2 4 1
2 5 ->
3 6 -1
3 7 917
3 8 NULL
3 9 1
3 10 [3]
$0,65536,0
3 11 0
3 12 991
3 13 -1
3 14 ->
4 15 0
4 16 266240
4 17 -1
4 18 -1
4 19 -1
4 20 -1
4 21 0
4 22 0
4 23 0
4 24 [2]
$2*0
3 25 0
2 26 -1
2 27 no_name
2 28 2
2 29 ->
3 69 [6][4]
$123,204,2*0
$128,203,2*0
$133,200,3,0
$135,200,2,0
$137,200,1,0
$139,200,2*0
@edg_id_arr 89 1
3 89 [12][6]
$124,221,3,2*0,123
$125,221,2,2*0,123
$126,221,1,2*0,123
$127,221,3*0,123
$129,222,3,2*0,133
$130,222,2,2*0,135
$131,222,1,2*0,137
$132,222,3*0,139
$134,303,3,2*0,133
$136,303,2,0,3,135
$138,303,1,0,2,137
$140,303,2*0,1,139
@dtm_id_tab 90 0
3 90 [1]
4 90 
@dtm_id 91 1
5 91 122
@dim_id 92 1
5 92 -1
3 32 ->
@sv_frst_geom 93 1
4 93 123
3 33 [27]
$3*-1,-2049,2*-1,-16777217,3*-1,-536870913,-1,-1126176897,-2,-2097185,
$-2097665,-1,-1073741843,-1,-1073741825,-257,-261121,-1,2047,3*0
3 34 NULL
3 35 ->
4 36 170018
4 37 170018
2 38 NULL
2 39 ->
2 40 ->
3 41 [4][3]
$3FF,2*0
$0,3FF,0
$2*0,3FF
$3*0
3 70 [1]
4 70 ->
5 71 1853
5 72 0
5 73 18
5 74 -1
5 75 -1
5 76 -1
5 77 0
5 78 0
5 79 0
5 80 [1]
6 80 ->
7 81 6
7 86 ->
8 87 [1]
9 87 3
3 42 -1
3 43 0
3 44 [2]
4 44 
5 45 1
5 46 0
5 47 [4][3]
$3FF,2*0
$0,3FF,0
$2*0,3FF
$3*0
4 44 
5 45 12
5 46 0
5 47 [4][3]
$3FF,2*0
$0,3FF,0
$2*0,3FF
$3*0
2 48 NULL
2 49 123
@gsec_ptr 94 0
2 94 [1]
3 94 
@type 95 1
4 95 2
@is_ref_gsec 96 1
4 96 0
@name 97 10
4 97 S2D0038
@gsec2d_ptr 98 0
4 98 ->
@name 99 10
5 99 S2D0038
@segtab_ptr 100 0
5 100 [8]
6 100 
@type 101 1
7 101 2
@dir 102 1
7 102 [3]
$0,1,0
@pointid 103 1
7 103 [2]
$0,1
@cntrid 104 1
7 104 1
@arcorient 105 1
7 105 0
@verhor 106 1
7 106 0
@radius 107 1
7 107 0
@ext_id 108 1
7 108 0
@gen_info 109 0
7 109 
@ent_spec_data(null_ptr) 110 0
7 110 ->
@known_ent_info 111 0
7 111 
@attr 112 1
8 112 0
@known_ent_id 113 1
8 113 -1
6 100 
7 101 2
7 102 [3]
$1,2*0
7 103 [2]
$1,2
7 104 2
7 105 0
7 106 1
7 107 0
7 108 1
7 109 
7 110 ->
7 111 
8 112 0
8 113 -1
6 100 
7 101 2
7 102 [3]
$0,-1,0
7 103 [2]
$2,3
7 104 3
7 105 0
7 106 0
7 107 0
7 108 2
7 109 
7 110 ->
7 111 
8 112 0
8 113 -1
6 100 
7 101 2
7 102 [3]
$-1,2*0
7 103 [2]
$3,0
7 104 0
7 105 0
7 106 1
7 107 0
7 108 3
7 109 
7 110 ->
7 111 
8 112 0
8 113 -1
6 100 
7 101 32769
7 102 [3]
$3*0
7 103 [2]
$2*0
7 104 4
7 105 0
7 106 0
7 107 0
7 108 7
7 109 
7 110 ->
7 111 
8 112 0
8 113 -1
6 100 
7 101 32770
7 102 [3]
$1,2*0
7 103 [2]
$5,6
7 104 6
7 105 0
7 106 1
7 107 0
7 108 4
7 109 
@attributes 114 1
8 114 8
7 110 ->
7 111 
8 112 0
8 113 -1
6 100 
7 101 32770
7 102 [3]
$0,1,0
7 103 [2]
$7,8
7 104 8
7 105 0
7 106 0
7 107 0
7 108 5
7 109 
8 114 8
7 110 ->
7 111 
8 112 0
8 113 -1
6 100 
7 101 32770
7 102 [3]
$-1,2*0
7 103 [2]
$9,10
7 104 10
7 105 0
7 106 1
7 107 0
7 108 6
7 109 
8 114 8
7 110 ->
7 111 
8 112 0
8 113 -1
@dimtab_ptr 115 0
5 115 [4]
6 115 
@type 116 1
7 116 42
@value 117 2
7 117 0
@direct 118 1
7 118 0
@property 119 1
7 119 0
@leftpt 120 1
7 120 [2]
@rightpt 121 1
7 121 [2]
@offset 122 2
7 122 0
@ext_id 123 1
7 123 0
@dispdimattr 124 0
7 124 
@dimattr 125 1
8 125 [4]
$4*0
@dim_ref 126 0
7 126 [2]
8 126 
@item_id 127 1
9 127 5
@sense 128 1
9 128 4
@point 129 1
9 129 [2]
$2*-1
8 126 
9 127 1
9 128 4
9 129 [2]
$2*-1
6 115 
7 116 42
7 117 0
7 118 0
7 119 0
7 120 [2]
7 121 [2]
7 122 0
7 123 1
7 124 
8 125 [4]
$4*0
7 126 [2]
8 126 
9 127 6
9 128 4
9 129 [2]
$2*-1
8 126 
9 127 2
9 128 4
9 129 [2]
$2*-1
6 115 
7 116 42
7 117 0
7 118 0
7 119 0
7 120 [2]
7 121 [2]
7 122 0
7 123 2
7 124 
8 125 [4]
$4*0
7 126 [2]
8 126 
9 127 7
9 128 4
9 129 [2]
$2*-1
8 126 
9 127 3
9 128 4
9 129 [2]
$2*-1
6 115 
7 116 42
7 117 0
7 118 0
7 119 0
7 120 [2]
7 121 [2]
7 122 0
7 123 3
7 124 
8 125 [4]
$4*0
7 126 [2]
8 126 
9 127 4
9 128 3
9 129 [2]
$2*-1
8 126 
9 127 0
9 128 4
9 129 [2]
$2*-1
@relat_ptr 130 0
5 130 [8]
6 130 
@id 131 1
7 131 0
@used 132 1
7 132 0
@a 133 1
7 133 [4]
$1,5,2*-1
@b 134 1
7 134 [4]
$2*1,2*0
@c 135 2
7 135 [4]
$3FF,BFF,3FF,0
@sign 136 1
7 136 0
@idim 137 1
7 137 -1
@type 138 1
7 138 0
6 130 
7 131 2
7 132 0
7 133 [4]
$2,5,2*-1
7 134 [4]
$2*1,2*0
7 135 [4]
$3FF,BFF,3FF,0
7 136 0
7 137 -1
7 138 0
6 130 
7 131 4
7 132 0
7 133 [4]
$2,7,2*-1
7 134 [4]
$4*0
7 135 [4]
$3FF,BFF,3FF,0
7 136 0
7 137 -1
7 138 0
6 130 
7 131 6
7 132 0
7 133 [4]
$3,7,2*-1
7 134 [4]
$4*0
7 135 [4]
$3FF,BFF,3FF,0
7 136 0
7 137 -1
7 138 0
6 130 
7 131 8
7 132 0
7 133 [4]
$3,9,2*-1
7 134 [4]
$2*1,2*0
7 135 [4]
$3FF,BFF,3FF,0
7 136 0
7 137 -1
7 138 0
6 130 
7 131 10
7 132 0
7 133 [4]
$0,9,2*-1
7 134 [4]
$2*1,2*0
7 135 [4]
$3FF,BFF,3FF,0
7 136 0
7 137 -1
7 138 0
6 130 
7 131 12
7 132 1
7 133 [4]
$4,0,2*-1
7 134 [4]
$4*0
7 135 [4]
$3FF,BFF,3FF,0
7 136 0
7 137 -1
7 138 0
6 130 
7 131 13
7 132 1
7 133 [4]
$4,1,2*-1
7 134 [4]
$4*0
7 135 [4]
$3FF,BFF,3FF,0
7 136 0
7 137 -1
7 138 0
@formula_ptr 139 1
5 139 [8]
$0,1,2,3,4,5,6,7
@qind 140 1
5 140 -1
@anchor 141 0
5 141 NULL
@totalpointid 142 1
5 142 11
@checkarcs_flag 143 1
5 143 1
@location 144 0
5 144 ->
@id 145 1
6 145 0
@param 146 2
6 146 0
@type 147 1
6 147 0
@nsket_info 148 0
5 148 ->
@scale 149 2
6 149 0
@m 150 1
6 150 0
@last_was_permanent 151 1
6 151 0
@unsolved_ptr 152 0
5 152 ->
@iges_file 153 10
6 153 NULL
@solve_version 154 1
5 154 1
@segdscr_tab 155 0
5 155 [8]
6 155 
@ent_mode 156 1
7 156 0
@segm_ent_ptr(ent_ptr) 157 0
7 157 ->
6 155 
7 156 0
7 157 ->
6 155 
7 156 0
7 157 ->
6 155 
7 156 0
7 157 ->
6 155 
7 156 0
7 157 ->
6 155 
7 156 0
7 157 ->
6 155 
7 156 0
7 157 ->
6 155 
7 156 0
7 157 ->
@skamp_ptr 158 0
5 158 [11]
6 158 
@id 159 1
7 159 0
@type 160 1
7 160 2
@flags 161 1
7 161 0
@status 162 1
7 162 3
@items 163 0
7 163 [1]
8 163 
@ent_id 164 1
9 164 0
@sense 165 1
9 165 0
6 158 
7 159 1
7 160 0
7 161 0
7 162 3
7 163 [2]
8 163 
9 164 1
9 165 2
8 163 
9 164 0
9 165 3
6 158 
7 159 2
7 160 1
7 161 0
7 162 3
7 163 [1]
8 163 
9 164 1
9 165 0
6 158 
7 159 3
7 160 0
7 161 0
7 162 3
7 163 [2]
8 163 
9 164 2
9 165 2
8 163 
9 164 1
9 165 3
6 158 
7 159 4
7 160 2
7 161 0
7 162 3
7 163 [1]
8 163 
9 164 2
9 165 0
6 158 
7 159 5
7 160 0
7 161 0
7 162 3
7 163 [2]
8 163 
9 164 3
9 165 2
8 163 
9 164 2
9 165 3
6 158 
7 159 6
7 160 0
7 161 0
7 162 3
7 163 [2]
8 163 
9 164 3
9 165 3
8 163 
9 164 0
9 165 2
6 158 
7 159 7
7 160 1
7 161 0
7 162 3
7 163 [1]
8 163 
9 164 3
9 165 0
6 158 
7 159 8
7 160 1
7 161 0
7 162 3
7 163 [1]
8 163 
9 164 4
9 165 0
6 158 
7 159 9
7 160 2
7 161 0
7 162 3
7 163 [1]
8 163 
9 164 5
9 165 0
6 158 
7 159 10
7 160 1
7 161 0
7 162 3
7 163 [1]
8 163 
9 164 6
9 165 0
@gsec3d_ptr 166 0
4 166 ->
@type 167 1
5 167 7
@name 168 10
5 168 S2D0038
@flip 169 1
5 169 1
@own_ref_id 170 1
5 170 1
@first_chain_ptr 171 0
5 171 NULL
@quilt_id 172 1
5 172 -1
@plane_id 173 1
5 173 122
@plane_flip 174 1
5 174 -1
@ref_planes 175 0
5 175 [4]
6 175 
@plane_id 176 1
7 176 269
@ref_type 177 1
7 177 5
@ext_ref_id 178 1
7 178 0
@seg_id 179 1
7 179 5
@flip_flag 180 1
7 180 0
@save_entity_ptr(line) 181 0
7 181 ->
@type 182 1
8 182 32770
@id 183 1
8 183 0
@gen_info 184 0
8 184 
9 114 8
@end1 185 2
8 185 [3]
$4014,4026,0
@end2 186 2
8 186 [3]
$405A4,4026,0
@back_entity_ptr(line) 187 0
7 187 ->
8 182 32770
8 183 0
8 184 
9 114 8
8 185 [3]
$4014,4026,0
8 186 [3]
$405A4,4026,0
6 175 
7 176 135
7 177 5
7 178 2
7 179 6
7 180 0
7 181 ->
8 182 32770
8 183 0
8 184 
9 114 8
8 185 [3]
$C01C,4026,0
8 186 [3]
$C01C,405BC,0
7 187 ->
8 182 32770
8 183 0
8 184 
9 114 8
8 185 [3]
$C01C,4026,0
8 186 [3]
$C01C,405BC,0
6 175 
7 176 151
7 177 5
7 178 3
7 179 7
7 180 0
7 181 ->
8 182 32770
8 183 0
8 184 
9 114 8
8 185 [3]
$C026CR,C,0
8 186 [3]
$C05BD9R,C,0
7 187 ->
8 182 32770
8 183 0
8 184 
9 114 8
8 185 [3]
$C026CR,C,0
8 186 [3]
$C05BD9R,C,0
6 175 
7 176 163
7 177 72
7 178 4
7 179 4
7 180 0
@save_entity_ptr(point) 188 0
7 188 ->
@type 189 1
8 189 32769
@id 190 1
8 190 -1
@gen_info 191 0
8 191 
@flip 192 1
8 192 1
@pnt 193 2
8 193 [3]
$C031,4004,0
@ref_id 194 1
8 194 -1
@feat_id 195 1
8 195 -1
@back_entity_ptr(point) 196 0
7 196 ->
8 189 32769
8 190 -1
8 191 
8 192 1
8 193 [3]
$C031,4004,0
8 194 -1
8 195 -1
@order_ptr 197 0
4 197 [4]
5 197 
@id 198 1
6 198 0
@flip 199 1
6 199 34
5 197 
6 198 1
6 199 0
5 197 
6 198 2
6 199 0
5 197 
6 198 3
6 199 4
@dim_id_tab 200 1
4 200 [4]
$14,15,16,17
@attributes 201 1
4 201 262144
@xsec_id 202 1
4 202 -1
@gsec_info_arr 203 0
4 203 [1]
5 203 
@application_type 204 1
6 204 2
@application_id 205 1
6 205 1
@secsolve_revnum 206 1
4 206 0
@rel_accuracy 207 2
4 207 BFF
@cr_flags 208 1
4 208 63
@p_saved_result 209 0
4 209 ->
@entity(line) 210 0
5 210 ->
6 183 0
6 184 
6 185 [3]
$C031,C,0
6 186 [3]
$C031,4026,0
5 210 ->
6 183 1
6 184 
6 185 [3]
$C031,4026,0
6 186 [3]
$C01C,4026,0
5 210 ->
6 183 2
6 184 
6 185 [3]
$C01C,4026,0
6 186 [3]
$C01C,C,0
5 210 ->
6 183 3
6 184 
6 185 [3]
$C01C,C,0
6 186 [3]
$C031,C,0
@entity(point) 211 0
5 211 ->
6 189 32769
6 190 4
6 191 
6 192 1
6 193 [3]
$C031,4004,0
6 194 -1
6 195 -1
5 210 ->
6 182 32770
6 183 5
6 184 
7 114 8
6 185 [3]
$4014,4026,0
6 186 [3]
$405A4,4026,0
5 210 ->
6 182 32770
6 183 6
6 184 
7 114 8
6 185 [3]
$C01C,4026,0
6 186 [3]
$C01C,405BC,0
5 210 ->
6 182 32770
6 183 7
6 184 
7 114 8
6 185 [3]
$C026CR,C,0
6 186 [3]
$C05BD9R,C,0
@local_sys 212 2
5 212 [4][3]
$3FF,2*0
$0,3FF,0
$2*0,3FF
$3*0
2 50 -1
2 51 NULL
2 52 NULL
2 88 [1]
3 88 121
2 53 ->
@crv_type 213 0
3 213 [12]
4 213 
@p_crv 214 1
5 214 124
@crv_type 215 1
5 215 7
4 213 
5 214 125
5 215 7
4 213 
5 214 126
5 215 7
4 213 
5 214 127
5 215 7
4 213 
5 214 129
5 215 7
4 213 
5 214 130
5 215 7
4 213 
5 214 131
5 215 7
4 213 
5 214 132
5 215 7
4 213 
5 214 134
5 215 7
4 213 
5 214 136
5 215 7
4 213 
5 214 138
5 215 7
4 213 
5 214 140
5 215 7
3 54 0
3 55 0
3 56 [2][3]
$3*C03CBF83BBA529BE
$3*403CBF83BBA529BE
3 57 0
3 58 NULL
3 59 -1
2 60 -1
2 61 NULL
2 62 11
2 63 ->
@revnums 216 0
3 216 [5]
4 216 ->
@owner_type 217 1
5 217 5
@owner_ind 218 1
5 218 -1
@ref_id 219 1
5 219 -1
@ref_revnum 220 1
5 220 -1
@memb_tab_revnums 221 1
5 221 [1]
6 221 1
4 216 ->
5 217 4
5 218 0
5 219 0
5 220 11
5 221 [1]
6 221 1
4 216 ->
5 217 4
5 218 0
5 219 1
5 220 23
5 221 [1]
6 221 1
4 216 ->
5 217 4
5 218 0
5 219 2
5 220 12
5 221 [1]
6 221 1
4 216 ->
5 217 4
5 218 0
5 219 3
5 220 4
5 221 [2]
$1,0
3 64 1
2 65 NULL
2 66 ->
3 67 [2][3]
$3*0
$3*0
1 68 NULL
@layer_list 222 0
1 222 [6]
2 222 
@feat_id 223 1
3 223 109
@layer_id 224 1
3 224 0
@back_layer_id 225 1
3 225 0
2 222 
3 223 107
3 224 0
3 225 0
2 222 
3 223 112
3 224 0
3 225 0
2 222 
3 223 114
3 224 0
3 225 0
2 222 
3 223 121
3 224 0
3 225 0
2 222 
3 223 120
3 224 0
3 225 0
#FullMData
@Sld_FullData 1 0
0 1 ->
@first_member_ptr 2 0
1 2 NULL
@alumni_members 3 0
1 3 NULL
@ref_part_table 4 0
1 4 [5]
2 4 ->
@name 5 10
3 5 RECORDER
@id 6 1
3 6 -1
@type 7 1
3 7 1
@revnum 8 1
3 8 -1
@memb_id_tab 9 1
3 9 [1]
4 9 82
@dep_id 10 1
3 10 0
@attributes 11 1
3 11 0
@simpl_rep 12 0
3 12 NULL
2 4 ->
3 5 RECORDER
3 6 -1
3 7 1
3 8 -1
3 9 [1]
4 9 89
3 10 1
3 11 0
3 12 NULL
2 4 ->
3 5 RECORDER
3 6 -1
3 7 1
3 8 -1
3 9 [1]
4 9 69
3 10 2
3 11 0
3 12 NULL
2 4 ->
3 5 RECORDER
3 6 -1
3 7 1
3 8 -1
3 9 [1]
4 9 86
3 10 3
3 11 0
3 12 NULL
2 4 ->
3 5 RECORDER
3 6 -1
3 7 1
3 8 -1
3 9 [2]
$85,74
3 10 4
3 11 0
3 12 NULL
@first_xsec_ptr 13 0
1 13 NULL
@lang_ptr 14 0
1 14 ->
@interact_on 15 1
2 15 -1
@first_csys_ptr 16 0
1 16 NULL
@dim_array 17 0
1 17 [19]
2 17 NULL
2 17 NULL
2 17 NULL
2 17 NULL
2 17 NULL
2 17 NULL
2 17 NULL
2 17 NULL
2 17 NULL
2 17 NULL
2 17 NULL
2 17 ->
@type 18 1
3 18 8
@dim_type 19 1
3 19 204
@feat_id 20 1
3 20 107
@attributes 21 1
3 21 257
@dim_dat_ptr 22 0
3 22 ->
@value 23 2
4 23 0
@bck_value 24 2
4 24 0
@tol_ptr 25 0
4 25 ->
@type 26 1
5 26 9
@tol_type 27 1
5 27 3
@dual_digits_diff 28 1
5 28 999
@value 29 2
5 29 [2]
$2*3F847AE147AE147B
@nominal_value 30 2
4 30 0
@bound 31 1
4 31 20
@bck_bound 32 1
4 32 -1
@bck_tol_ptr 33 0
4 33 ->
@value 34 2
5 34 [2]
$2*3F847AE147AE147B
@datum_def_id 35 1
4 35 -1
@places_denom 36 1
4 36 2
@bck_places_denom 37 1
4 37 2
@dim_data_attrib 38 1
4 38 0
@dim_cosm_ptr 39 0
3 39 ->
@d0 40 2
4 40 0
@d1 41 2
4 41 0
@d2 42 2
4 42 0
@d3 43 2
4 43 0
@ord_info 44 0
4 44 NULL
@attach_ptr 45 0
3 45 NULL
@dim_text_ptr 46 0
3 46 ->
@symbol 47 10
4 47 d11
@parent_dim_id 48 1
3 48 -1
2 17 ->
3 18 8
3 19 204
3 20 112
3 21 257
3 22 ->
4 23 0
4 24 0
4 25 ->
5 26 9
5 27 3
5 28 999
5 29 [2]
$2*3F847AE147AE147B
4 30 0
4 31 20
4 32 -1
4 33 ->
5 34 [2]
$2*3F847AE147AE147B
4 35 -1
4 36 2
4 37 2
4 38 0
3 39 ->
4 40 0
4 41 0
4 42 0
4 43 0
4 44 NULL
3 45 NULL
3 46 ->
4 47 d12
3 48 -1
2 17 ->
3 18 8
3 19 204
3 20 114
3 21 257
3 22 ->
4 23 0
4 24 0
4 25 ->
5 26 9
5 27 3
5 28 999
5 29 [2]
$2*3F847AE147AE147B
4 30 0
4 31 20
4 32 -1
4 33 ->
5 34 [2]
$2*3F847AE147AE147B
4 35 -1
4 36 2
4 37 2
4 38 0
3 39 ->
4 40 0
4 41 0
4 42 0
4 43 0
4 44 NULL
3 45 NULL
3 46 ->
4 47 d13
3 48 -1
2 17 ->
3 18 8
3 19 42
3 20 120
3 21 32
3 22 ->
4 23 0
4 24 0
4 25 ->
5 26 9
5 27 4
5 28 999
5 29 [2]
$2*3F847AE147AE147B
4 30 0
4 31 20
4 32 -1
4 33 ->
5 34 [2]
$2*3F847AE147AE147B
4 35 -1
4 36 2
4 37 2
4 38 0
3 39 ->
4 40 0
4 41 0
4 42 0
4 43 0
4 44 NULL
3 45 NULL
3 46 ->
4 47 d14
3 48 -1
2 17 ->
3 18 8
3 19 42
3 20 120
3 21 32
3 22 ->
4 23 0
4 24 0
4 25 ->
5 26 9
5 27 4
5 28 999
5 29 [2]
$2*3F847AE147AE147B
4 30 0
4 31 20
4 32 -1
4 33 ->
5 34 [2]
$2*3F847AE147AE147B
4 35 -1
4 36 2
4 37 2
4 38 0
3 39 ->
4 40 0
4 41 0
4 42 0
4 43 0
4 44 NULL
3 45 NULL
3 46 ->
4 47 d15
3 48 -1
2 17 ->
3 18 8
3 19 42
3 20 120
3 21 32
3 22 ->
4 23 0
4 24 0
4 25 ->
5 26 9
5 27 4
5 28 999
5 29 [2]
$2*3F847AE147AE147B
4 30 0
4 31 20
4 32 -1
4 33 ->
5 34 [2]
$2*3F847AE147AE147B
4 35 -1
4 36 2
4 37 2
4 38 0
3 39 ->
4 40 0
4 41 0
4 42 0
4 43 0
4 44 NULL
3 45 NULL
3 46 ->
4 47 d16
3 48 -1
2 17 ->
3 18 8
3 19 42
3 20 120
3 21 32
3 22 ->
4 23 0
4 24 0
4 25 ->
5 26 9
5 27 4
5 28 999
5 29 [2]
$2*3F847AE147AE147B
4 30 0
4 31 20
4 32 -1
4 33 ->
5 34 [2]
$2*3F847AE147AE147B
4 35 -1
4 36 2
4 37 2
4 38 0
3 39 ->
4 40 0
4 41 0
4 42 0
4 43 0
4 44 NULL
3 45 NULL
3 46 ->
4 47 d17
3 48 -1
2 17 ->
3 18 8
3 19 62
3 20 120
3 21 385
3 22 ->
4 23 3FE
4 24 3FE
4 25 ->
5 26 9
5 27 4
5 28 999
5 29 [2]
$2*3F847AE147AE147B
4 30 3FE
4 31 20
4 32 -1
4 33 ->
5 34 [2]
$2*3F847AE147AE147B
4 35 -1
4 36 2
4 37 2
4 38 0
3 39 ->
4 40 0
4 41 0
4 42 0
4 43 0
4 44 NULL
3 45 NULL
3 46 ->
4 47 d18
3 48 -1
@ipar_num 49 1
1 49 0
@smt_info_ptr 50 0
1 50 NULL
@cable_info_ptr 51 0
1 51 NULL
@comp_info_ptr 52 0
1 52 NULL
@prt_misc_ptr 53 0
1 53 ->
@shrink_data_ptr 54 0
2 54 NULL
@expld_mv_info 55 0
1 55 NULL
@state_info_ptr 56 0
1 56 NULL
@alumni_feats 57 0
1 57 NULL
@p_mdl_grid 58 0
1 58 NULL
@mdl_status_ptr 59 0
1 59 ->
@layer_list 60 0
2 60 [6]
3 60 
@feat_id 61 1
4 61 109
@layer_id 62 1
4 62 0
@back_layer_id 63 1
4 63 0
3 60 
4 61 107
4 62 0
4 63 0
3 60 
4 61 112
4 62 0
4 63 0
3 60 
4 61 114
4 62 0
4 63 0
3 60 
4 61 121
4 62 0
4 63 0
3 60 
4 61 120
4 62 0
4 63 0
@rev_arr_sizes 64 0
2 64 [6]
3 64 
@rev 65 0
4 65 
@major_rev 66 1
5 66 1
@minor_rev 67 1
5 67 0
@array_sizes 68 0
4 68 [11]
5 68 
@ids_types 69 0
6 69 [10]
7 69 
@id 70 1
8 70 -1
@db_type 71 1
8 71 8
7 69 
8 70 -1
8 71 -1
7 69 
8 70 -1
8 71 -1
7 69 
8 70 -1
8 71 -1
7 69 
8 70 -1
8 71 -1
7 69 
8 70 -1
8 71 -1
7 69 
8 70 -1
8 71 -1
7 69 
8 70 -1
8 71 -1
7 69 
8 70 -1
8 71 -1
7 69 
8 70 -1
8 71 -1
@size 72 1
6 72 14
5 68 
6 69 [10]
7 69 
8 70 -1
8 71 69
7 69 
8 70 -1
8 71 -1
7 69 
8 70 -1
8 71 -1
7 69 
8 70 -1
8 71 -1
7 69 
8 70 -1
8 71 -1
7 69 
8 70 -1
8 71 -1
7 69 
8 70 -1
8 71 -1
7 69 
8 70 -1
8 71 -1
7 69 
8 70 -1
8 71 -1
7 69 
8 70 -1
8 71 -1
6 72 0
5 68 
6 69 [10]
7 69 
8 70 -1
8 71 28
7 69 
8 70 -1
8 71 -1
7 69 
8 70 -1
8 71 -1
7 69 
8 70 -1
8 71 -1
7 69 
8 70 -1
8 71 -1
7 69 
8 70 -1
8 71 -1
7 69 
8 70 -1
8 71 -1
7 69 
8 70 -1
8 71 -1
7 69 
8 70 -1
8 71 -1
7 69 
8 70 -1
8 71 -1
6 72 0
5 68 
6 69 [10]
7 69 
8 70 -1
8 71 32
7 69 
8 70 -1
8 71 -1
7 69 
8 70 -1
8 71 -1
7 69 
8 70 -1
8 71 -1
7 69 
8 70 -1
8 71 -1
7 69 
8 70 -1
8 71 -1
7 69 
8 70 -1
8 71 -1
7 69 
8 70 -1
8 71 -1
7 69 
8 70 -1
8 71 -1
7 69 
8 70 -1
8 71 -1
6 72 0
5 68 
6 69 [10]
7 69 
8 70 -1
8 71 42
7 69 
8 70 -1
8 71 -1
7 69 
8 70 -1
8 71 -1
7 69 
8 70 -1
8 71 -1
7 69 
8 70 -1
8 71 -1
7 69 
8 70 -1
8 71 -1
7 69 
8 70 -1
8 71 -1
7 69 
8 70 -1
8 71 -1
7 69 
8 70 -1
8 71 -1
7 69 
8 70 -1
8 71 -1
6 72 0
5 68 
6 69 [10]
7 69 
8 70 -1
8 71 39
7 69 
8 70 -1
8 71 -1
7 69 
8 70 -1
8 71 -1
7 69 
8 70 -1
8 71 -1
7 69 
8 70 -1
8 71 -1
7 69 
8 70 -1
8 71 -1
7 69 
8 70 -1
8 71 -1
7 69 
8 70 -1
8 71 -1
7 69 
8 70 -1
8 71 -1
7 69 
8 70 -1
8 71 -1
6 72 0
5 68 
6 69 [10]
7 69 
8 70 -1
8 71 68
7 69 
8 70 -1
8 71 -1
7 69 
8 70 -1
8 71 -1
7 69 
8 70 -1
8 71 -1
7 69 
8 70 -1
8 71 -1
7 69 
8 70 -1
8 71 -1
7 69 
8 70 -1
8 71 -1
7 69 
8 70 -1
8 71 -1
7 69 
8 70 -1
8 71 -1
7 69 
8 70 -1
8 71 -1
6 72 0
5 68 
6 69 [10]
7 69 
8 70 -1
8 71 200
7 69 
8 70 -1
8 71 -1
7 69 
8 70 -1
8 71 -1
7 69 
8 70 -1
8 71 -1
7 69 
8 70 -1
8 71 -1
7 69 
8 70 -1
8 71 -1
7 69 
8 70 -1
8 71 -1
7 69 
8 70 -1
8 71 -1
7 69 
8 70 -1
8 71 -1
7 69 
8 70 -1
8 71 -1
6 72 116
5 68 
6 69 [10]
7 69 
8 70 -1
8 71 320
7 69 
8 70 -1
8 71 -1
7 69 
8 70 -1
8 71 -1
7 69 
8 70 -1
8 71 -1
7 69 
8 70 -1
8 71 -1
7 69 
8 70 -1
8 71 -1
7 69 
8 70 -1
8 71 -1
7 69 
8 70 -1
8 71 -1
7 69 
8 70 -1
8 71 -1
7 69 
8 70 -1
8 71 -1
6 72 0
5 68 
6 69 [10]
7 69 
8 70 -1
8 71 321
7 69 
8 70 -1
8 71 -1
7 69 
8 70 -1
8 71 -1
7 69 
8 70 -1
8 71 -1
7 69 
8 70 -1
8 71 -1
7 69 
8 70 -1
8 71 -1
7 69 
8 70 -1
8 71 -1
7 69 
8 70 -1
8 71 -1
7 69 
8 70 -1
8 71 -1
7 69 
8 70 -1
8 71 -1
6 72 0
5 68 
6 69 [10]
7 69 
8 70 0
8 71 35
7 69 
8 70 0
8 71 1176696384
7 69 
8 70 0
8 71 1084051288
7 69 
8 70 83
8 71 84
7 69 
8 70 65
8 71 2063591796
7 69 
8 70 84
8 71 33892155
7 69 
8 70 11046415
8 71 1937006962
7 69 
8 70 1946185842
8 71 1946169600
7 69 
8 70 0
8 71 2063829392
7 69 
8 70 0
8 71 1174048536
6 72 1
3 64 
4 65 
5 66 1
5 67 1
4 68 [11]
5 68 
6 69 [10]
7 69 
8 70 -1
8 71 8
7 69 
8 70 -1
8 71 -1
7 69 
8 70 -1
8 71 -1
7 69 
8 70 -1
8 71 -1
7 69 
8 70 -1
8 71 -1
7 69 
8 70 -1
8 71 -1
7 69 
8 70 -1
8 71 -1
7 69 
8 70 -1
8 71 -1
7 69 
8 70 -1
8 71 -1
7 69 
8 70 -1
8 71 -1
6 72 14
5 68 
6 69 [10]
7 69 
8 70 -1
8 71 69
7 69 
8 70 -1
8 71 -1
7 69 
8 70 -1
8 71 -1
7 69 
8 70 -1
8 71 -1
7 69 
8 70 -1
8 71 -1
7 69 
8 70 -1
8 71 -1
7 69 
8 70 -1
8 71 -1
7 69 
8 70 -1
8 71 -1
7 69 
8 70 -1
8 71 -1
7 69 
8 70 -1
8 71 -1
6 72 0
5 68 
6 69 [10]
7 69 
8 70 -1
8 71 28
7 69 
8 70 -1
8 71 -1
7 69 
8 70 -1
8 71 -1
7 69 
8 70 -1
8 71 -1
7 69 
8 70 -1
8 71 -1
7 69 
8 70 -1
8 71 -1
7 69 
8 70 -1
8 71 -1
7 69 
8 70 -1
8 71 -1
7 69 
8 70 -1
8 71 -1
7 69 
8 70 -1
8 71 -1
6 72 0
5 68 
6 69 [10]
7 69 
8 70 -1
8 71 32
7 69 
8 70 -1
8 71 -1
7 69 
8 70 -1
8 71 -1
7 69 
8 70 -1
8 71 -1
7 69 
8 70 -1
8 71 -1
7 69 
8 70 -1
8 71 -1
7 69 
8 70 -1
8 71 -1
7 69 
8 70 -1
8 71 -1
7 69 
8 70 -1
8 71 -1
7 69 
8 70 -1
8 71 -1
6 72 0
5 68 
6 69 [10]
7 69 
8 70 -1
8 71 42
7 69 
8 70 -1
8 71 -1
7 69 
8 70 -1
8 71 -1
7 69 
8 70 -1
8 71 -1
7 69 
8 70 -1
8 71 -1
7 69 
8 70 -1
8 71 -1
7 69 
8 70 -1
8 71 -1
7 69 
8 70 -1
8 71 -1
7 69 
8 70 -1
8 71 -1
7 69 
8 70 -1
8 71 -1
6 72 0
5 68 
6 69 [10]
7 69 
8 70 -1
8 71 39
7 69 
8 70 -1
8 71 -1
7 69 
8 70 -1
8 71 -1
7 69 
8 70 -1
8 71 -1
7 69 
8 70 -1
8 71 -1
7 69 
8 70 -1
8 71 -1
7 69 
8 70 -1
8 71 -1
7 69 
8 70 -1
8 71 -1
7 69 
8 70 -1
8 71 -1
7 69 
8 70 -1
8 71 -1
6 72 0
5 68 
6 69 [10]
7 69 
8 70 -1
8 71 68
7 69 
8 70 -1
8 71 -1
7 69 
8 70 -1
8 71 -1
7 69 
8 70 -1
8 71 -1
7 69 
8 70 -1
8 71 -1
7 69 
8 70 -1
8 71 -1
7 69 
8 70 -1
8 71 -1
7 69 
8 70 -1
8 71 -1
7 69 
8 70 -1
8 71 -1
7 69 
8 70 -1
8 71 -1
6 72 0
5 68 
6 69 [10]
7 69 
8 70 -1
8 71 200
7 69 
8 70 -1
8 71 -1
7 69 
8 70 -1
8 71 -1
7 69 
8 70 -1
8 71 -1
7 69 
8 70 -1
8 71 -1
7 69 
8 70 -1
8 71 -1
7 69 
8 70 -1
8 71 -1
7 69 
8 70 -1
8 71 -1
7 69 
8 70 -1
8 71 -1
7 69 
8 70 -1
8 71 -1
6 72 120
5 68 
6 69 [10]
7 69 
8 70 -1
8 71 320
7 69 
8 70 -1
8 71 -1
7 69 
8 70 -1
8 71 -1
7 69 
8 70 -1
8 71 -1
7 69 
8 70 -1
8 71 -1
7 69 
8 70 -1
8 71 -1
7 69 
8 70 -1
8 71 -1
7 69 
8 70 -1
8 71 -1
7 69 
8 70 -1
8 71 -1
7 69 
8 70 -1
8 71 -1
6 72 0
5 68 
6 69 [10]
7 69 
8 70 -1
8 71 321
7 69 
8 70 -1
8 71 -1
7 69 
8 70 -1
8 71 -1
7 69 
8 70 -1
8 71 -1
7 69 
8 70 -1
8 71 -1
7 69 
8 70 -1
8 71 -1
7 69 
8 70 -1
8 71 -1
7 69 
8 70 -1
8 71 -1
7 69 
8 70 -1
8 71 -1
7 69 
8 70 -1
8 71 -1
6 72 0
5 68 
6 69 [10]
7 69 
8 70 0
8 71 35
7 69 
8 70 0
8 71 1101431656
7 69 
8 70 0
8 71 1084053640
7 69 
8 70 83
8 71 84
7 69 
8 70 65
8 71 2063591796
7 69 
8 70 84
8 71 33892155
7 69 
8 70 11046415
8 71 1937006962
7 69 
8 70 1946185842
8 71 1946169856
7 69 
8 70 0
8 71 2063829344
7 69 
8 70 0
8 71 1101539444
6 72 1
3 64 
4 65 
5 66 1
5 67 0
4 68 [11]
5 68 
6 69 [10]
7 69 
8 70 -1
8 71 8
7 69 
8 70 -1
8 71 -1
7 69 
8 70 -1
8 71 -1
7 69 
8 70 -1
8 71 -1
7 69 
8 70 -1
8 71 -1
7 69 
8 70 -1
8 71 -1
7 69 
8 70 -1
8 71 -1
7 69 
8 70 -1
8 71 -1
7 69 
8 70 -1
8 71 -1
7 69 
8 70 -1
8 71 -1
6 72 19
5 68 
6 69 [10]
7 69 
8 70 -1
8 71 69
7 69 
8 70 -1
8 71 -1
7 69 
8 70 -1
8 71 -1
7 69 
8 70 -1
8 71 -1
7 69 
8 70 -1
8 71 -1
7 69 
8 70 -1
8 71 -1
7 69 
8 70 -1
8 71 -1
7 69 
8 70 -1
8 71 -1
7 69 
8 70 -1
8 71 -1
7 69 
8 70 -1
8 71 -1
6 72 0
5 68 
6 69 [10]
7 69 
8 70 -1
8 71 28
7 69 
8 70 -1
8 71 -1
7 69 
8 70 -1
8 71 -1
7 69 
8 70 -1
8 71 -1
7 69 
8 70 -1
8 71 -1
7 69 
8 70 -1
8 71 -1
7 69 
8 70 -1
8 71 -1
7 69 
8 70 -1
8 71 -1
7 69 
8 70 -1
8 71 -1
7 69 
8 70 -1
8 71 -1
6 72 0
5 68 
6 69 [10]
7 69 
8 70 -1
8 71 32
7 69 
8 70 -1
8 71 -1
7 69 
8 70 -1
8 71 -1
7 69 
8 70 -1
8 71 -1
7 69 
8 70 -1
8 71 -1
7 69 
8 70 -1
8 71 -1
7 69 
8 70 -1
8 71 -1
7 69 
8 70 -1
8 71 -1
7 69 
8 70 -1
8 71 -1
7 69 
8 70 -1
8 71 -1
6 72 0
5 68 
6 69 [10]
7 69 
8 70 -1
8 71 42
7 69 
8 70 -1
8 71 -1
7 69 
8 70 -1
8 71 -1
7 69 
8 70 -1
8 71 -1
7 69 
8 70 -1
8 71 -1
7 69 
8 70 -1
8 71 -1
7 69 
8 70 -1
8 71 -1
7 69 
8 70 -1
8 71 -1
7 69 
8 70 -1
8 71 -1
7 69 
8 70 -1
8 71 -1
6 72 0
5 68 
6 69 [10]
7 69 
8 70 -1
8 71 39
7 69 
8 70 -1
8 71 -1
7 69 
8 70 -1
8 71 -1
7 69 
8 70 -1
8 71 -1
7 69 
8 70 -1
8 71 -1
7 69 
8 70 -1
8 71 -1
7 69 
8 70 -1
8 71 -1
7 69 
8 70 -1
8 71 -1
7 69 
8 70 -1
8 71 -1
7 69 
8 70 -1
8 71 -1
6 72 0
5 68 
6 69 [10]
7 69 
8 70 -1
8 71 68
7 69 
8 70 -1
8 71 -1
7 69 
8 70 -1
8 71 -1
7 69 
8 70 -1
8 71 -1
7 69 
8 70 -1
8 71 -1
7 69 
8 70 -1
8 71 -1
7 69 
8 70 -1
8 71 -1
7 69 
8 70 -1
8 71 -1
7 69 
8 70 -1
8 71 -1
7 69 
8 70 -1
8 71 -1
6 72 0
5 68 
6 69 [10]
7 69 
8 70 -1
8 71 200
7 69 
8 70 -1
8 71 -1
7 69 
8 70 -1
8 71 -1
7 69 
8 70 -1
8 71 -1
7 69 
8 70 -1
8 71 -1
7 69 
8 70 -1
8 71 -1
7 69 
8 70 -1
8 71 -1
7 69 
8 70 -1
8 71 -1
7 69 
8 70 -1
8 71 -1
7 69 
8 70 -1
8 71 -1
6 72 141
5 68 
6 69 [10]
7 69 
8 70 -1
8 71 320
7 69 
8 70 -1
8 71 -1
7 69 
8 70 -1
8 71 -1
7 69 
8 70 -1
8 71 -1
7 69 
8 70 -1
8 71 -1
7 69 
8 70 -1
8 71 -1
7 69 
8 70 -1
8 71 -1
7 69 
8 70 -1
8 71 -1
7 69 
8 70 -1
8 71 -1
7 69 
8 70 -1
8 71 -1
6 72 5
5 68 
6 69 [10]
7 69 
8 70 -1
8 71 321
7 69 
8 70 -1
8 71 -1
7 69 
8 70 -1
8 71 -1
7 69 
8 70 -1
8 71 -1
7 69 
8 70 -1
8 71 -1
7 69 
8 70 -1
8 71 -1
7 69 
8 70 -1
8 71 -1
7 69 
8 70 -1
8 71 -1
7 69 
8 70 -1
8 71 -1
7 69 
8 70 -1
8 71 -1
6 72 0
5 68 
6 69 [10]
7 69 
8 70 0
8 71 35
7 69 
8 70 0
8 71 1138978696
7 69 
8 70 0
8 71 1084052856
7 69 
8 70 66
8 71 76
7 69 
8 70 65
8 71 2063591796
7 69 
8 70 75
8 71 33892155
7 69 
8 70 11046415
8 71 0
7 69 
8 70 926154799
8 71 1970496882
7 69 
8 70 -2006318989
8 71 2063874864
7 69 
8 70 0
8 71 1139963096
6 72 1
3 64 
4 65 
5 66 1
5 67 1
4 68 [11]
5 68 
6 69 [10]
7 69 
8 70 -1
8 71 8
7 69 
8 70 -1
8 71 -1
7 69 
8 70 -1
8 71 -1
7 69 
8 70 -1
8 71 -1
7 69 
8 70 -1
8 71 -1
7 69 
8 70 -1
8 71 -1
7 69 
8 70 -1
8 71 -1
7 69 
8 70 -1
8 71 -1
7 69 
8 70 -1
8 71 -1
7 69 
8 70 -1
8 71 -1
6 72 19
5 68 
6 69 [10]
7 69 
8 70 -1
8 71 69
7 69 
8 70 -1
8 71 -1
7 69 
8 70 -1
8 71 -1
7 69 
8 70 -1
8 71 -1
7 69 
8 70 -1
8 71 -1
7 69 
8 70 -1
8 71 -1
7 69 
8 70 -1
8 71 -1
7 69 
8 70 -1
8 71 -1
7 69 
8 70 -1
8 71 -1
7 69 
8 70 -1
8 71 -1
6 72 0
5 68 
6 69 [10]
7 69 
8 70 -1
8 71 28
7 69 
8 70 -1
8 71 -1
7 69 
8 70 -1
8 71 -1
7 69 
8 70 -1
8 71 -1
7 69 
8 70 -1
8 71 -1
7 69 
8 70 -1
8 71 -1
7 69 
8 70 -1
8 71 -1
7 69 
8 70 -1
8 71 -1
7 69 
8 70 -1
8 71 -1
7 69 
8 70 -1
8 71 -1
6 72 0
5 68 
6 69 [10]
7 69 
8 70 -1
8 71 32
7 69 
8 70 -1
8 71 -1
7 69 
8 70 -1
8 71 -1
7 69 
8 70 -1
8 71 -1
7 69 
8 70 -1
8 71 -1
7 69 
8 70 -1
8 71 -1
7 69 
8 70 -1
8 71 -1
7 69 
8 70 -1
8 71 -1
7 69 
8 70 -1
8 71 -1
7 69 
8 70 -1
8 71 -1
6 72 0
5 68 
6 69 [10]
7 69 
8 70 -1
8 71 42
7 69 
8 70 -1
8 71 -1
7 69 
8 70 -1
8 71 -1
7 69 
8 70 -1
8 71 -1
7 69 
8 70 -1
8 71 -1
7 69 
8 70 -1
8 71 -1
7 69 
8 70 -1
8 71 -1
7 69 
8 70 -1
8 71 -1
7 69 
8 70 -1
8 71 -1
7 69 
8 70 -1
8 71 -1
6 72 0
5 68 
6 69 [10]
7 69 
8 70 -1
8 71 39
7 69 
8 70 -1
8 71 -1
7 69 
8 70 -1
8 71 -1
7 69 
8 70 -1
8 71 -1
7 69 
8 70 -1
8 71 -1
7 69 
8 70 -1
8 71 -1
7 69 
8 70 -1
8 71 -1
7 69 
8 70 -1
8 71 -1
7 69 
8 70 -1
8 71 -1
7 69 
8 70 -1
8 71 -1
6 72 0
5 68 
6 69 [10]
7 69 
8 70 -1
8 71 68
7 69 
8 70 -1
8 71 -1
7 69 
8 70 -1
8 71 -1
7 69 
8 70 -1
8 71 -1
7 69 
8 70 -1
8 71 -1
7 69 
8 70 -1
8 71 -1
7 69 
8 70 -1
8 71 -1
7 69 
8 70 -1
8 71 -1
7 69 
8 70 -1
8 71 -1
7 69 
8 70 -1
8 71 -1
6 72 0
5 68 
6 69 [10]
7 69 
8 70 -1
8 71 200
7 69 
8 70 -1
8 71 -1
7 69 
8 70 -1
8 71 -1
7 69 
8 70 -1
8 71 -1
7 69 
8 70 -1
8 71 -1
7 69 
8 70 -1
8 71 -1
7 69 
8 70 -1
8 71 -1
7 69 
8 70 -1
8 71 -1
7 69 
8 70 -1
8 71 -1
7 69 
8 70 -1
8 71 -1
6 72 141
5 68 
6 69 [10]
7 69 
8 70 -1
8 71 320
7 69 
8 70 -1
8 71 -1
7 69 
8 70 -1
8 71 -1
7 69 
8 70 -1
8 71 -1
7 69 
8 70 -1
8 71 -1
7 69 
8 70 -1
8 71 -1
7 69 
8 70 -1
8 71 -1
7 69 
8 70 -1
8 71 -1
7 69 
8 70 -1
8 71 -1
7 69 
8 70 -1
8 71 -1
6 72 5
5 68 
6 69 [10]
7 69 
8 70 -1
8 71 321
7 69 
8 70 -1
8 71 -1
7 69 
8 70 -1
8 71 -1
7 69 
8 70 -1
8 71 -1
7 69 
8 70 -1
8 71 -1
7 69 
8 70 -1
8 71 -1
7 69 
8 70 -1
8 71 -1
7 69 
8 70 -1
8 71 -1
7 69 
8 70 -1
8 71 -1
7 69 
8 70 -1
8 71 -1
6 72 0
5 68 
6 69 [10]
7 69 
8 70 0
8 71 35
7 69 
8 70 0
8 71 1111531392
7 69 
8 70 0
8 71 1084053248
7 69 
8 70 66
8 71 76
7 69 
8 70 65
8 71 2063591796
7 69 
8 70 75
8 71 33892155
7 69 
8 70 11046415
8 71 0
7 69 
8 70 926154799
8 71 1970496882
7 69 
8 70 1932486761
8 71 2063861264
7 69 
8 70 0
8 71 1112208116
6 72 1
3 64 
4 65 
5 66 1
5 67 2
4 68 [11]
5 68 
6 69 [10]
7 69 
8 70 -1
8 71 8
7 69 
8 70 -1
8 71 -1
7 69 
8 70 -1
8 71 -1
7 69 
8 70 -1
8 71 -1
7 69 
8 70 -1
8 71 -1
7 69 
8 70 -1
8 71 -1
7 69 
8 70 -1
8 71 -1
7 69 
8 70 -1
8 71 -1
7 69 
8 70 -1
8 71 -1
7 69 
8 70 -1
8 71 -1
6 72 19
5 68 
6 69 [10]
7 69 
8 70 -1
8 71 69
7 69 
8 70 -1
8 71 -1
7 69 
8 70 -1
8 71 -1
7 69 
8 70 -1
8 71 -1
7 69 
8 70 -1
8 71 -1
7 69 
8 70 -1
8 71 -1
7 69 
8 70 -1
8 71 -1
7 69 
8 70 -1
8 71 -1
7 69 
8 70 -1
8 71 -1
7 69 
8 70 -1
8 71 -1
6 72 0
5 68 
6 69 [10]
7 69 
8 70 -1
8 71 28
7 69 
8 70 -1
8 71 -1
7 69 
8 70 -1
8 71 -1
7 69 
8 70 -1
8 71 -1
7 69 
8 70 -1
8 71 -1
7 69 
8 70 -1
8 71 -1
7 69 
8 70 -1
8 71 -1
7 69 
8 70 -1
8 71 -1
7 69 
8 70 -1
8 71 -1
7 69 
8 70 -1
8 71 -1
6 72 0
5 68 
6 69 [10]
7 69 
8 70 -1
8 71 32
7 69 
8 70 -1
8 71 -1
7 69 
8 70 -1
8 71 -1
7 69 
8 70 -1
8 71 -1
7 69 
8 70 -1
8 71 -1
7 69 
8 70 -1
8 71 -1
7 69 
8 70 -1
8 71 -1
7 69 
8 70 -1
8 71 -1
7 69 
8 70 -1
8 71 -1
7 69 
8 70 -1
8 71 -1
6 72 0
5 68 
6 69 [10]
7 69 
8 70 -1
8 71 42
7 69 
8 70 -1
8 71 -1
7 69 
8 70 -1
8 71 -1
7 69 
8 70 -1
8 71 -1
7 69 
8 70 -1
8 71 -1
7 69 
8 70 -1
8 71 -1
7 69 
8 70 -1
8 71 -1
7 69 
8 70 -1
8 71 -1
7 69 
8 70 -1
8 71 -1
7 69 
8 70 -1
8 71 -1
6 72 0
5 68 
6 69 [10]
7 69 
8 70 -1
8 71 39
7 69 
8 70 -1
8 71 -1
7 69 
8 70 -1
8 71 -1
7 69 
8 70 -1
8 71 -1
7 69 
8 70 -1
8 71 -1
7 69 
8 70 -1
8 71 -1
7 69 
8 70 -1
8 71 -1
7 69 
8 70 -1
8 71 -1
7 69 
8 70 -1
8 71 -1
7 69 
8 70 -1
8 71 -1
6 72 0
5 68 
6 69 [10]
7 69 
8 70 -1
8 71 68
7 69 
8 70 -1
8 71 -1
7 69 
8 70 -1
8 71 -1
7 69 
8 70 -1
8 71 -1
7 69 
8 70 -1
8 71 -1
7 69 
8 70 -1
8 71 -1
7 69 
8 70 -1
8 71 -1
7 69 
8 70 -1
8 71 -1
7 69 
8 70 -1
8 71 -1
7 69 
8 70 -1
8 71 -1
6 72 0
5 68 
6 69 [10]
7 69 
8 70 -1
8 71 200
7 69 
8 70 -1
8 71 -1
7 69 
8 70 -1
8 71 -1
7 69 
8 70 -1
8 71 -1
7 69 
8 70 -1
8 71 -1
7 69 
8 70 -1
8 71 -1
7 69 
8 70 -1
8 71 -1
7 69 
8 70 -1
8 71 -1
7 69 
8 70 -1
8 71 -1
7 69 
8 70 -1
8 71 -1
6 72 141
5 68 
6 69 [10]
7 69 
8 70 -1
8 71 320
7 69 
8 70 -1
8 71 -1
7 69 
8 70 -1
8 71 -1
7 69 
8 70 -1
8 71 -1
7 69 
8 70 -1
8 71 -1
7 69 
8 70 -1
8 71 -1
7 69 
8 70 -1
8 71 -1
7 69 
8 70 -1
8 71 -1
7 69 
8 70 -1
8 71 -1
7 69 
8 70 -1
8 71 -1
6 72 5
5 68 
6 69 [10]
7 69 
8 70 -1
8 71 321
7 69 
8 70 -1
8 71 -1
7 69 
8 70 -1
8 71 -1
7 69 
8 70 -1
8 71 -1
7 69 
8 70 -1
8 71 -1
7 69 
8 70 -1
8 71 -1
7 69 
8 70 -1
8 71 -1
7 69 
8 70 -1
8 71 -1
7 69 
8 70 -1
8 71 -1
7 69 
8 70 -1
8 71 -1
6 72 0
5 68 
6 69 [10]
7 69 
8 70 0
8 71 35
7 69 
8 70 0
8 71 1104108976
7 69 
8 70 0
8 71 1084053248
7 69 
8 70 66
8 71 76
7 69 
8 70 65
8 71 2063591796
7 69 
8 70 75
8 71 33892155
7 69 
8 70 11046415
8 71 0
7 69 
8 70 841970536
8 71 1768779570
7 69 
8 70 -2006319104
8 71 2063842712
7 69 
8 70 0
8 71 1104105528
6 72 1
3 64 
4 65 
5 66 1
5 67 2
4 68 [11]
5 68 
6 69 [10]
7 69 
8 70 -1
8 71 8
7 69 
8 70 -1
8 71 -1
7 69 
8 70 -1
8 71 -1
7 69 
8 70 -1
8 71 -1
7 69 
8 70 -1
8 71 -1
7 69 
8 70 -1
8 71 -1
7 69 
8 70 -1
8 71 -1
7 69 
8 70 -1
8 71 -1
7 69 
8 70 -1
8 71 -1
7 69 
8 70 -1
8 71 -1
6 72 19
5 68 
6 69 [10]
7 69 
8 70 -1
8 71 69
7 69 
8 70 -1
8 71 -1
7 69 
8 70 -1
8 71 -1
7 69 
8 70 -1
8 71 -1
7 69 
8 70 -1
8 71 -1
7 69 
8 70 -1
8 71 -1
7 69 
8 70 -1
8 71 -1
7 69 
8 70 -1
8 71 -1
7 69 
8 70 -1
8 71 -1
7 69 
8 70 -1
8 71 -1
6 72 0
5 68 
6 69 [10]
7 69 
8 70 -1
8 71 28
7 69 
8 70 -1
8 71 -1
7 69 
8 70 -1
8 71 -1
7 69 
8 70 -1
8 71 -1
7 69 
8 70 -1
8 71 -1
7 69 
8 70 -1
8 71 -1
7 69 
8 70 -1
8 71 -1
7 69 
8 70 -1
8 71 -1
7 69 
8 70 -1
8 71 -1
7 69 
8 70 -1
8 71 -1
6 72 0
5 68 
6 69 [10]
7 69 
8 70 -1
8 71 32
7 69 
8 70 -1
8 71 -1
7 69 
8 70 -1
8 71 -1
7 69 
8 70 -1
8 71 -1
7 69 
8 70 -1
8 71 -1
7 69 
8 70 -1
8 71 -1
7 69 
8 70 -1
8 71 -1
7 69 
8 70 -1
8 71 -1
7 69 
8 70 -1
8 71 -1
7 69 
8 70 -1
8 71 -1
6 72 0
5 68 
6 69 [10]
7 69 
8 70 -1
8 71 42
7 69 
8 70 -1
8 71 -1
7 69 
8 70 -1
8 71 -1
7 69 
8 70 -1
8 71 -1
7 69 
8 70 -1
8 71 -1
7 69 
8 70 -1
8 71 -1
7 69 
8 70 -1
8 71 -1
7 69 
8 70 -1
8 71 -1
7 69 
8 70 -1
8 71 -1
7 69 
8 70 -1
8 71 -1
6 72 0
5 68 
6 69 [10]
7 69 
8 70 -1
8 71 39
7 69 
8 70 -1
8 71 -1
7 69 
8 70 -1
8 71 -1
7 69 
8 70 -1
8 71 -1
7 69 
8 70 -1
8 71 -1
7 69 
8 70 -1
8 71 -1
7 69 
8 70 -1
8 71 -1
7 69 
8 70 -1
8 71 -1
7 69 
8 70 -1
8 71 -1
7 69 
8 70 -1
8 71 -1
6 72 0
5 68 
6 69 [10]
7 69 
8 70 -1
8 71 68
7 69 
8 70 -1
8 71 -1
7 69 
8 70 -1
8 71 -1
7 69 
8 70 -1
8 71 -1
7 69 
8 70 -1
8 71 -1
7 69 
8 70 -1
8 71 -1
7 69 
8 70 -1
8 71 -1
7 69 
8 70 -1
8 71 -1
7 69 
8 70 -1
8 71 -1
7 69 
8 70 -1
8 71 -1
6 72 0
5 68 
6 69 [10]
7 69 
8 70 -1
8 71 200
7 69 
8 70 -1
8 71 -1
7 69 
8 70 -1
8 71 -1
7 69 
8 70 -1
8 71 -1
7 69 
8 70 -1
8 71 -1
7 69 
8 70 -1
8 71 -1
7 69 
8 70 -1
8 71 -1
7 69 
8 70 -1
8 71 -1
7 69 
8 70 -1
8 71 -1
7 69 
8 70 -1
8 71 -1
6 72 141
5 68 
6 69 [10]
7 69 
8 70 -1
8 71 320
7 69 
8 70 -1
8 71 -1
7 69 
8 70 -1
8 71 -1
7 69 
8 70 -1
8 71 -1
7 69 
8 70 -1
8 71 -1
7 69 
8 70 -1
8 71 -1
7 69 
8 70 -1
8 71 -1
7 69 
8 70 -1
8 71 -1
7 69 
8 70 -1
8 71 -1
7 69 
8 70 -1
8 71 -1
6 72 5
5 68 
6 69 [10]
7 69 
8 70 -1
8 71 321
7 69 
8 70 -1
8 71 -1
7 69 
8 70 -1
8 71 -1
7 69 
8 70 -1
8 71 -1
7 69 
8 70 -1
8 71 -1
7 69 
8 70 -1
8 71 -1
7 69 
8 70 -1
8 71 -1
7 69 
8 70 -1
8 71 -1
7 69 
8 70 -1
8 71 -1
7 69 
8 70 -1
8 71 -1
6 72 0
5 68 
6 69 [10]
7 69 
8 70 0
8 71 35
7 69 
8 70 0
8 71 1099110352
7 69 
8 70 0
8 71 1084051288
7 69 
8 70 66
8 71 76
7 69 
8 70 65
8 71 2063591796
7 69 
8 70 75
8 71 33892155
7 69 
8 70 11046415
8 71 0
7 69 
8 70 1920151855
8 71 1936222575
7 69 
8 70 -2006319104
8 71 2063842968
7 69 
8 70 0
8 71 1085618292
6 72 1
@orig_name 73 10
2 73 NULL
@rev_modif_types 74 0
2 74 [6]
3 74 
@rev 75 0
4 75 
5 66 1
5 67 0
3 74 
4 75 
5 66 1
5 67 1
3 74 
4 75 
5 66 1
5 67 0
3 74 
4 75 
5 66 1
5 67 1
3 74 
4 75 
5 66 1
5 67 2
3 74 
4 75 
5 66 1
5 67 2
@ribbon_info_ptr 76 0
1 76 NULL
@p_xref_data 77 0
1 77 ->
#ModelView#0
@View 1 0
0 1 ->
@id 2 1
1 2 0
@viewattr 3 0
1 3 
@attr_arr 4 1
2 4 [4]
$1,3*0
@mpoint 5 0
1 5 
@id 6 1
2 6 0
@coord 7 2
2 7 [3]
$C0211500D93019A5,4012,3FD
@first_instr_ptr 8 0
2 8 NULL
@attach_ptr 9 0
2 9 NULL
@vpoint 10 0
1 10 
2 6 0
2 7 [3]
$407F4,407A5E,0
2 8 NULL
2 9 NULL
@orient 11 2
1 11 [4][4]
$3FEE11FA74910676,0,3FD5E391658E13B1,0
$3FC732C9CAD0713B,3FEB234029DE559F,BFDFDE7DE7E4164C,0
$BFD2901F787D66BR,3FE0F50898D5F5ED,3FE9804B4796BB49,0
$3*0,3FF
@local_sys 12 2
1 12 [4][4]
$40442CF21091DEB7,0,402D5F68AE52E681,0
$401F213D6987BF26,4042353EFF33028B,C03561ED226168B2,0
$C028E8DB92D44C6C,4036C137E26FF909,40411C25DB07188A,0
$408965DC537489B6,406F8A0F61D31D5C,406AA34A064FEEBC,3FF
@first_instr_ptr 13 0
1 13 ->
@type 14 1
2 14 100
@geom_id 15 1
2 15 -1
@view_id 16 1
2 16 -1
@memb_num 17 1
2 17 0
@offset 18 2
2 18 0
@matrix 19 0
2 19 NULL
@next_instr_ptr 20 0
1 20 ->
2 14 301
2 15 -1
2 16 -1
2 17 0
2 18 404578689793A998
2 19 NULL
1 20 NULL
@outer_xsec_index 21 1
1 21 -1
@next_view_id 22 1
1 22 43
@simp_rep_id 23 1
1 23 -1
@name 24 10
1 24 no name
@matrix 25 2
1 25 [4][4]
$3FF,3*0
$0,3FF,2*0
$2*0,3FF,0
$3*0,3FF
@fit_outline 26 2
1 26 [2][3]
$4059,405518,C07158A262837337
$408C2,4087BB,407158A262837336
@det_info_ptr 27 0
1 27 NULL
@named_view_pzmatr 28 0
1 28 NULL
@page_id 29 1
1 29 0
@model_name 30 10
1 30 NULL
@unrep_model_name 31 10
1 31 NULL
@saved_pro_dls 32 0
1 32 ->
@explode_state 33 0
1 33 NULL
#ModelView#43
@View 1 0
0 1 ->
@id 2 1
1 2 43
@viewattr 3 0
1 3 
@attr_arr 4 1
2 4 [4]
$1,3*0
@mpoint 5 0
1 5 
@id 6 1
2 6 0
@coord 7 2
2 7 [3]
$3*0
@first_instr_ptr 8 0
2 8 NULL
@attach_ptr 9 0
2 9 NULL
@vpoint 10 0
1 10 
2 6 0
2 7 [3]
$407F4,407A5E,0
2 8 NULL
2 9 NULL
@orient 11 2
1 11 [4][4]
$3FF,3*0
$0,3FF,2*0
$2*0,3FF,0
$3*0,3FF
@local_sys 12 2
1 12 [4][4]
$3FEED11BBC9273E3,3*0
$0,3FEED11BBC9273E3,2*0
$2*0,3FEED11BBC9273E3,0
$407F4,407A5E,0,3FF
@first_instr_ptr 13 0
1 13 ->
@type 14 1
2 14 100
@geom_id 15 1
2 15 -1
@view_id 16 1
2 16 -1
@memb_num 17 1
2 17 0
@offset 18 2
2 18 0
@matrix 19 0
2 19 NULL
@next_instr_ptr 20 0
1 20 ->
2 14 201
2 15 115
2 16 -1
2 17 0
2 18 0
2 19 NULL
1 20 ->
2 14 202
2 15 113
2 16 -1
2 17 0
2 18 0
2 19 NULL
1 20 NULL
@outer_xsec_index 21 1
1 21 -1
@next_view_id 22 1
1 22 44
@simp_rep_id 23 1
1 23 -1
@name 24 10
1 24 FRONT
@matrix 25 2
1 25 [4][4]
$3FF,3*0
$0,3FF,2*0
$2*0,3FF,0
$3*0,3FF
@fit_outline 26 2
1 26 [2][3]
$4059,405518,C06E9DA5ED80379E
$408C2,4087BB,406E9DA5ED80379E
@det_info_ptr 27 0
1 27 NULL
@named_view_pzmatr 28 0
1 28 ->
@matrix 29 2
2 29 [4][4]
$3FF,3*0
$0,3FF,2*0
$2*0,3FF,0
$3*0,3FF
@page_id 30 1
1 30 0
@model_name 31 10
1 31 NULL
@unrep_model_name 32 10
1 32 NULL
@saved_pro_dls 33 0
1 33 ->
@explode_state 34 0
1 34 NULL
#ModelView#44
@View 1 0
0 1 ->
@id 2 1
1 2 44
@viewattr 3 0
1 3 
@attr_arr 4 1
2 4 [4]
$1,3*0
@mpoint 5 0
1 5 
@id 6 1
2 6 0
@coord 7 2
2 7 [3]
$3*0
@first_instr_ptr 8 0
2 8 NULL
@attach_ptr 9 0
2 9 NULL
@vpoint 10 0
1 10 
2 6 0
2 7 [3]
$407F4,407A5E,0
2 8 NULL
2 9 NULL
@orient 11 2
1 11 [4][4]
$2*0,3FF,0
$0,3FF,2*0
$BFF,3*0
$3*0,3FF
@local_sys 12 2
1 12 [4][4]
$2*0,3FEED11BBC9273E3,0
$0,3FEED11BBC9273E3,2*0
$BFEED11BBC9273E3,3*0
$407F4,407A5E,0,3FF
@first_instr_ptr 13 0
1 13 ->
@type 14 1
2 14 100
@geom_id 15 1
2 15 -1
@view_id 16 1
2 16 -1
@memb_num 17 1
2 17 0
@offset 18 2
2 18 0
@matrix 19 0
2 19 NULL
@next_instr_ptr 20 0
1 20 ->
2 14 201
2 15 111
2 16 -1
2 17 0
2 18 0
2 19 NULL
1 20 ->
2 14 202
2 15 113
2 16 -1
2 17 0
2 18 0
2 19 NULL
1 20 NULL
@outer_xsec_index 21 1
1 21 -1
@next_view_id 22 1
1 22 45
@simp_rep_id 23 1
1 23 -1
@name 24 10
1 24 RIGHT
@matrix 25 2
1 25 [4][4]
$3FF,3*0
$0,3FF,2*0
$2*0,3FF,0
$3*0,3FF
@fit_outline 26 2
1 26 [2][3]
$4059,405518,C06E9DA5ED80379E
$408C2,4087BB,406E9DA5ED80379E
@det_info_ptr 27 0
1 27 NULL
@named_view_pzmatr 28 0
1 28 ->
@matrix 29 2
2 29 [4][4]
$3FF,3*0
$0,3FF,2*0
$2*0,3FF,0
$3*0,3FF
@page_id 30 1
1 30 0
@model_name 31 10
1 31 NULL
@unrep_model_name 32 10
1 32 NULL
@saved_pro_dls 33 0
1 33 ->
@explode_state 34 0
1 34 NULL
#ModelView#45
@View 1 0
0 1 ->
@id 2 1
1 2 45
@viewattr 3 0
1 3 
@attr_arr 4 1
2 4 [4]
$1,3*0
@mpoint 5 0
1 5 
@id 6 1
2 6 0
@coord 7 2
2 7 [3]
$3*0
@first_instr_ptr 8 0
2 8 NULL
@attach_ptr 9 0
2 9 NULL
@vpoint 10 0
1 10 
2 6 0
2 7 [3]
$407F4,407A5E,0
2 8 NULL
2 9 NULL
@orient 11 2
1 11 [4][4]
$BFF,3*0
$2*0,3FF,0
$0,3FF,2*0
$3*0,3FF
@local_sys 12 2
1 12 [4][4]
$BFEED11BBC9273E3,3*0
$2*0,3FEED11BBC9273E3,0
$0,3FEED11BBC9273E3,2*0
$407F4,407A5E,0,3FF
@first_instr_ptr 13 0
1 13 ->
@type 14 1
2 14 100
@geom_id 15 1
2 15 -1
@view_id 16 1
2 16 -1
@memb_num 17 1
2 17 0
@offset 18 2
2 18 0
@matrix 19 0
2 19 NULL
@next_instr_ptr 20 0
1 20 ->
2 14 125
2 15 -1
2 16 -1
2 17 0
2 18 0
2 19 ->
@matrix 21 2
3 21 [4][4]
$3FEF1F033FA49B0D,BFA4A5264501B325,3FCD578C7A3757B7,0
$BFA23335E9CC8C64,3FEE52B195F1DFC2,3FD451CA0A9C919A,0
$BFCD716669F6C087,BFD4486EA5F68DEC,3FED71C149D6D4B6,0
$3*0,3FF
1 20 ->
2 14 201
2 15 113
2 16 -1
2 17 0
2 18 0
2 19 NULL
1 20 ->
2 14 202
2 15 115
2 16 -1
2 17 0
2 18 0
2 19 NULL
1 20 NULL
@outer_xsec_index 22 1
1 22 -1
@next_view_id 23 1
1 23 47
@simp_rep_id 24 1
1 24 -1
@name 25 10
1 25 TOP
@matrix 26 2
1 26 [4][4]
$3FF,3*0
$0,3FF,2*0
$2*0,3FF,0
$3*0,3FF
@fit_outline 27 2
1 27 [2][3]
$4059,405518,C06E9DA5ED80379E
$408C2,4087BB,406E9DA5ED80379E
@det_info_ptr 28 0
1 28 NULL
@named_view_pzmatr 29 0
1 29 ->
2 21 [4][4]
$3FF,3*0
$0,3FF,2*0
$2*0,3FF,0
$3*0,3FF
@page_id 30 1
1 30 0
@model_name 31 10
1 31 NULL
@unrep_model_name 32 10
1 32 NULL
@saved_pro_dls 33 0
1 33 ->
@explode_state 34 0
1 34 NULL
#ModelView#47
@View 1 0
0 1 ->
@id 2 1
1 2 47
@viewattr 3 0
1 3 
@attr_arr 4 1
2 4 [4]
$1,3*0
@mpoint 5 0
1 5 
@id 6 1
2 6 0
@coord 7 2
2 7 [3]
$3*0
@first_instr_ptr 8 0
2 8 NULL
@attach_ptr 9 0
2 9 NULL
@vpoint 10 0
1 10 
2 6 0
2 7 [3]
$407F4,407A5E,0
2 8 NULL
2 9 NULL
@orient 11 2
1 11 [4][4]
$2*0,BFF,0
$0,3FF,2*0
$3FF,3*0
$3*0,3FF
@local_sys 12 2
1 12 [4][4]
$2*0,BFEED11BBC9273E3,0
$0,3FEED11BBC9273E3,2*0
$3FEED11BBC9273E3,3*0
$407F4,407A5E,0,3FF
@first_instr_ptr 13 0
1 13 ->
@type 14 1
2 14 100
@geom_id 15 1
2 15 -1
@view_id 16 1
2 16 -1
@memb_num 17 1
2 17 0
@offset 18 2
2 18 0
@matrix 19 0
2 19 NULL
@next_instr_ptr 20 0
1 20 ->
2 14 206
2 15 111
2 16 -1
2 17 0
2 18 0
2 19 NULL
1 20 ->
2 14 202
2 15 113
2 16 -1
2 17 0
2 18 0
2 19 NULL
1 20 NULL
@outer_xsec_index 21 1
1 21 -1
@next_view_id 22 1
1 22 50
@simp_rep_id 23 1
1 23 -1
@name 24 10
1 24 LEFT
@matrix 25 2
1 25 [4][4]
$3FF,3*0
$0,3FF,2*0
$2*0,3FF,0
$3*0,3FF
@fit_outline 26 2
1 26 [2][3]
$4059,405518,C06E9DA5ED80379E
$408C2,4087BB,406E9DA5ED80379E
@det_info_ptr 27 0
1 27 NULL
@named_view_pzmatr 28 0
1 28 ->
@matrix 29 2
2 29 [4][4]
$3FF,3*0
$0,3FF,2*0
$2*0,3FF,0
$3*0,3FF
@page_id 30 1
1 30 0
@model_name 31 10
1 31 NULL
@unrep_model_name 32 10
1 32 NULL
@saved_pro_dls 33 0
1 33 ->
@explode_state 34 0
1 34 NULL
#ModelView#50
@View 1 0
0 1 ->
@id 2 1
1 2 50
@viewattr 3 0
1 3 
@attr_arr 4 1
2 4 [4]
$1,3*0
@mpoint 5 0
1 5 
@id 6 1
2 6 0
@coord 7 2
2 7 [3]
$3*0
@first_instr_ptr 8 0
2 8 NULL
@attach_ptr 9 0
2 9 NULL
@vpoint 10 0
1 10 
2 6 0
2 7 [3]
$407F4,407A5E,0
2 8 NULL
2 9 NULL
@orient 11 2
1 11 [4][4]
$3FF,3*0
$2*0,BFF,0
$0,3FF,2*0
$3*0,3FF
@local_sys 12 2
1 12 [4][4]
$3FEED11BBC9273E3,3*0
$2*0,BFEED11BBC9273E3,0
$0,3FEED11BBC9273E3,2*0
$407F4,407A5E,0,3FF
@first_instr_ptr 13 0
1 13 ->
@type 14 1
2 14 100
@geom_id 15 1
2 15 -1
@view_id 16 1
2 16 -1
@memb_num 17 1
2 17 0
@offset 18 2
2 18 0
@matrix 19 0
2 19 NULL
@next_instr_ptr 20 0
1 20 ->
2 14 206
2 15 113
2 16 -1
2 17 0
2 18 0
2 19 NULL
1 20 ->
2 14 202
2 15 115
2 16 -1
2 17 0
2 18 0
2 19 NULL
1 20 NULL
@outer_xsec_index 21 1
1 21 -1
@next_view_id 22 1
1 22 51
@simp_rep_id 23 1
1 23 -1
@name 24 10
1 24 BOTTOM
@matrix 25 2
1 25 [4][4]
$3FF,3*0
$0,3FF,2*0
$2*0,3FF,0
$3*0,3FF
@fit_outline 26 2
1 26 [2][3]
$4059,405518,C06E9DA5ED80379E
$408C2,4087BB,406E9DA5ED80379E
@det_info_ptr 27 0
1 27 NULL
@named_view_pzmatr 28 0
1 28 ->
@matrix 29 2
2 29 [4][4]
$3FF,3*0
$0,3FF,2*0
$2*0,3FF,0
$3*0,3FF
@page_id 30 1
1 30 0
@model_name 31 10
1 31 NULL
@unrep_model_name 32 10
1 32 NULL
@saved_pro_dls 33 0
1 33 ->
@explode_state 34 0
1 34 NULL
#ModelView#51
@View 1 0
0 1 ->
@id 2 1
1 2 51
@viewattr 3 0
1 3 
@attr_arr 4 1
2 4 [4]
$1,3*0
@mpoint 5 0
1 5 
@id 6 1
2 6 0
@coord 7 2
2 7 [3]
$3*0
@first_instr_ptr 8 0
2 8 NULL
@attach_ptr 9 0
2 9 NULL
@vpoint 10 0
1 10 
2 6 0
2 7 [3]
$407F4,407A5E,0
2 8 NULL
2 9 NULL
@orient 11 2
1 11 [4][4]
$BFF,3*0
$0,3FF,2*0
$2*0,BFF,0
$3*0,3FF
@local_sys 12 2
1 12 [4][4]
$BFEED11BBC9273E3,3*0
$0,3FEED11BBC9273E3,2*0
$2*0,BFEED11BBC9273E3,0
$407F4,407A5E,0,3FF
@first_instr_ptr 13 0
1 13 ->
@type 14 1
2 14 100
@geom_id 15 1
2 15 -1
@view_id 16 1
2 16 -1
@memb_num 17 1
2 17 0
@offset 18 2
2 18 0
@matrix 19 0
2 19 NULL
@next_instr_ptr 20 0
1 20 ->
2 14 125
2 15 -1
2 16 -1
2 17 0
2 18 0
2 19 ->
@matrix 21 2
3 21 [4][4]
$3FE6513DD2CBD296,BFE03ECE11A5105,3FE02FEBA46296EF,0
$BFD25250DC0DBF51,3FDCC87E2DDD2E12,3FEB12C26ABC1263,0
$BFE50630A7FC671A,BFE783ED934EBBAR,3FC58B97E80781B7,0
$3*0,3FF
1 20 ->
2 14 206
2 15 115
2 16 -1
2 17 0
2 18 0
2 19 NULL
1 20 ->
2 14 202
2 15 113
2 16 -1
2 17 0
2 18 0
2 19 NULL
1 20 NULL
@outer_xsec_index 22 1
1 22 -1
@next_view_id 23 1
1 23 -2
@simp_rep_id 24 1
1 24 -1
@name 25 10
1 25 BACK
@matrix 26 2
1 26 [4][4]
$3FF,3*0
$0,3FF,2*0
$2*0,3FF,0
$3*0,3FF
@fit_outline 27 2
1 27 [2][3]
$4059,405518,C06E9DA5ED80379E
$408C2,4087BB,406E9DA5ED80379E
@det_info_ptr 28 0
1 28 NULL
@named_view_pzmatr 29 0
1 29 ->
2 21 [4][4]
$3FF,3*0
$0,3FF,2*0
$2*0,3FF,0
$3*0,3FF
@page_id 30 1
1 30 0
@model_name 31 10
1 31 NULL
@unrep_model_name 32 10
1 32 NULL
@saved_pro_dls 33 0
1 33 ->
@explode_state 34 0
1 34 NULL
#DispDataColor
@ref_color_table 1 0
0 1 
@ref_color_arr 2 0
1 2 [1]
2 2 
@maximum 3 2
3 3 [3]
$3*3FF
@ambient 4 2
3 4 3FECR
@diffuse 5 2
3 5 3FECR
@specular 6 2
3 6 3FE9R
@spec_coef 7 2
3 7 3FE
@transmission 8 2
3 8 0
@threshold 9 1
3 9 90
@gl_ind 10 1
3 10 0
@highlight 11 2
3 11 [3]
$3*3FF
@reflection 12 2
3 12 3FECR
@bump_height 13 2
3 13 3FF
@bump 14 3
3 14 NULL
@decal_intensity 15 2
3 15 4059
@decal 16 3
3 16 NULL
@texture 17 3
3 17 NULL
#DispDataTable
@disp_data_table 1 0
0 1 
@disp_data_arr 2 0
1 2 [1]
2 2 
@disp_data 3 0
3 3 ->
@wire 4 0
4 4 
@disp_list_valid 5 1
5 5 1
@pending 6 1
5 6 0
@disp_list_status 7 1
5 7 3
@disp_list_version 8 1
5 8 222
@view_matrix 9 2
5 9 [4][4]
$3FF,3*0
$0,3FF,2*0
$2*0,3FF,0
$3*0,3FF
@outline 10 2
5 10 [2][3]
$C031,C,0
$C01C,4026,3FE
@dl_block_mem_size 11 0
5 11 
@dl_block_mem_size 12 1
6 12 32768
@list 13 0
5 13 ->
@ptr 14 0
6 14 [15]
7 14 
@data(dl_int) 15 0
8 15 ->
@dl_header 16 0
9 16 
@header 17 0
10 17 
@type 18 5
11 18 6
@count 19 5
11 19 1
@size 20 1
11 20 16
@value_int 21 1
9 21 1
7 14 
8 15 ->
9 16 
10 17 
11 18 4
11 19 1
11 20 16
9 21 2
7 14 
8 15 ->
9 16 
10 17 
11 18 5
11 19 1
11 20 16
9 21 2
7 14 
8 15 ->
9 16 
10 17 
11 18 7
11 19 1
11 20 16
9 21 0
7 14 
8 15 ->
9 16 
10 17 
11 18 34
11 19 1
11 20 16
9 21 0
7 14 
@data(dl_float) 22 0
8 22 ->
@dl_header 23 0
9 23 
10 17 
11 18 8
11 19 1
11 20 16
@value_float 24 6
9 24 0
7 14 
8 15 ->
9 16 
10 17 
11 18 6
11 19 1
11 20 16
9 21 1
7 14 
8 15 ->
9 16 
10 17 
11 18 4
11 19 1
11 20 16
9 21 2
7 14 
8 15 ->
9 16 
10 17 
11 18 5
11 19 1
11 20 16
9 21 2
7 14 
8 15 ->
9 16 
10 17 
11 18 7
11 19 1
11 20 16
9 21 0
7 14 
8 15 ->
9 16 
10 17 
11 18 34
11 19 1
11 20 16
9 21 0
7 14 
8 22 ->
9 23 
10 17 
11 18 8
11 19 1
11 20 16
9 24 0
7 14 
@data(dl_header) 25 0
8 25 ->
9 17 
10 18 1024
10 19 316
10 20 12
7 14 
@data(dl_multi_line) 26 0
8 26 ->
@dl_multi_line 27 0
9 27 
@dl_header 28 0
10 28 
11 17 
12 18 26
12 19 24
12 20 316
@midpnt 29 6
10 29 [4]
$4103454D,C14,409,3E8
@points 30 6
10 30 [72]
$C188,C,0,C0E,C,0,C0E,C,0,C0E,413,0,C0E,413,0,C188,413,0,C188,413,0,C188,C,
$0,C188,C,3F,C0E,C,3F,C188,413,3F,C188,C,3F,C0E,413,3F,C188,413,3F,C0E,C,3F,
$C0E,413,3F,C188,C,0,C188,C,3F,C0E,C,0,C0E,C,3F,C0E,413,0,C0E,413,3F,C188,
$413,0,C188,413,3F
7 14 
8 25 ->
9 17 
10 18 0
10 19 0
10 20 0
@locked 31 1
5 31 0
@visibile 32 1
5 32 1
@contents 33 1
5 33 2
@attached 34 1
5 34 0
@part_color 35 1
4 35 0
@model_type 36 1
4 36 2
@generic_name 37 10
4 37 NULL
@label 38 10
4 38 NULL
#AssMrgPrt
@assem_merge_parts 1 0
0 1 ->
#END_OF_UGC
