#UGC:2 PART 966 400 0 1 1 15 1800 9652 00000858 \
#- VERS -1 1                                                         \
#- HOST csl074                                                       \
#- LINK                                                              \
#- DBID RICOH                                                        \
#- REVS 4,1.1+                                                       \
#- RELL 0,                                                           \
#- UOBJ_ID 839902966 12171899 159026862                              \
#- MACH SGI_IRIX64_6.2_06101031                                      \
#-END_OF_UGC_HEADER
#P_OBJECT 6
@P_object 1 0
0 1 ->
@dep_db 2 0
1 2 ->
@usr_rev 3 0
1 3 [4]
2 3 
@name 4 10
3 4 SHIMO
@mod_time 5 0
3 5 
@tm_sec 6 1
4 6 15
@tm_min 7 1
4 7 51
@tm_hour 8 1
4 8 1
@tm_mday 9 1
4 9 20
@tm_mon 10 1
4 10 7
@tm_year 11 1
4 11 96
@action 12 1
3 12 1000
@comment 13 10
3 13 ホスト名: 'csl063'
@rel_level 14 10
3 14 初
@rev_string 15 10
3 15 1.1
2 3 
3 4 SHIO
3 5 
4 6 32
4 7 44
4 8 1
4 9 22
4 10 7
4 11 96
3 12 1000
3 13 ホスト名: 'aet124'
3 14 初
3 15 1.1
2 3 
3 4 USER
3 5 
4 6 12
4 7 4
4 8 17
4 9 22
4 10 10
4 11 96
3 12 1000
3 13 Hostname: 'kyushu'
3 14 初
3 15 1.1
2 3 
3 4 BAUERLE
3 5 
4 6 17
4 7 49
4 8 23
4 9 23
4 10 0
4 11 97
3 12 1000
3 13 Hostname: 'buckle'
3 14 初
3 15 1.1
@revnum_std 16 1
1 16 315
@flag 17 1
1 17 0
@name 18 10
1 18 NULL
@inst_hidden 19 1
1 19 0
@old_name 20 10
1 20 NULL
@user_symbols 21 0
1 21 [3]
2 21 ->
@class 22 1
3 22 1
@access 23 1
3 23 0
@changed 24 1
3 24 0
@copy_of_generic 25 1
3 25 0
@name 26 10
3 26 DESCRIPTION
@value 27 0
3 27 
@type 28 1
4 28 51
@value(s_val) 29 10
4 29 TBD
@id 30 1
3 30 -1
@type 31 1
3 31 -1
2 21 ->
3 22 1
3 23 0
3 24 0
3 25 0
3 26 DRAWN_BY
3 27 
4 28 51
4 29 TBD
3 30 -1
3 31 -1
2 21 ->
3 22 1
3 23 0
3 24 0
3 25 0
3 26 MATERIAL
3 27 
4 28 51
4 29 TBD
3 30 -1
3 31 -1
@appl_data 32 0
1 32 ->
@bounding_box 33 2
2 33 [2][3]
$2*BFDD74FFD8B6C651,C0143DB663F1D2CR
$2*3FDD74FFD8B6C651,401C3DB663F1D2CR
@ver_key 34 0
1 34 ->
@time 35 1
2 35 854063331
@random_num 36 1
2 36 259457491
@hostid 37 1
2 37 1762302832
#END_OF_P_OBJECT
#Pro/ENGINEER  TM  Version H-01-21  (c) 1988-96 by Parametric Technology Corporation  All Rights Reserved. 9652
@Toc 38 0
0 38 ->
@entry 39 10
1 39 [128]
2 39 BasicData 2b9a 4ec 0 966########################################################
2 39 BasicText 3086 2f4 0 966########################################################
2 39 GeomDepen 337a 73 0 966#########################################################
2 39 DispCntrl 33ed 846 0 966########################################################
2 39 DisplData 3c33 38 0 966#########################################################
2 39 LargeText 3c6b 57f 0 966########################################################
2 39 FamilyInf 41ea 40 0 966#########################################################
2 39 VisibGeom 422a 268b 0 966#######################################################
2 39 NovisGeom 68b5 17e7 0 966#######################################################
2 39 ActEntity 809c d48 0 966########################################################
2 39 AllFeatur 8de4 4f7d 0 966#######################################################
2 39 FullMData dd61 4f66 0 966#######################################################
2 39 ModelView#0 12cc7 6d5 0 966#####################################################
2 39 ModelView#43 1339c 50a 0 966####################################################
2 39 ModelView#44 138a6 50a 0 966####################################################
2 39 ModelView#45 13db0 5f6 0 966####################################################
2 39 ModelView#47 143a6 509 0 966####################################################
2 39 ModelView#50 148af 50b 0 966####################################################
2 39 ModelView#51 14dba 5f6 0 966####################################################
2 39 DispDataColor 153b0 1e2 0 966###################################################
2 39 DispDataTable 15592 b92 0 966###################################################
2 39 AssMrgPrt 16124 29 0 966########################################################
2 39 ################################################################################
2 39 ################################################################################
2 39 ################################################################################
2 39 ################################################################################
2 39 ################################################################################
2 39 ################################################################################
2 39 ################################################################################
2 39 ################################################################################
2 39 ################################################################################
2 39 ################################################################################
2 39 ################################################################################
2 39 ################################################################################
2 39 ################################################################################
2 39 ################################################################################
2 39 ################################################################################
2 39 ################################################################################
2 39 ################################################################################
2 39 ################################################################################
2 39 ################################################################################
2 39 ################################################################################
2 39 ################################################################################
2 39 ################################################################################
2 39 ################################################################################
2 39 ################################################################################
2 39 ################################################################################
2 39 ################################################################################
2 39 ################################################################################
2 39 ################################################################################
2 39 ################################################################################
2 39 ################################################################################
2 39 ################################################################################
2 39 ################################################################################
2 39 ################################################################################
2 39 ################################################################################
2 39 ################################################################################
2 39 ################################################################################
2 39 ################################################################################
2 39 ################################################################################
2 39 ################################################################################
2 39 ################################################################################
2 39 ################################################################################
2 39 ################################################################################
2 39 ################################################################################
2 39 ################################################################################
2 39 ################################################################################
2 39 ################################################################################
2 39 ################################################################################
2 39 ################################################################################
2 39 ################################################################################
2 39 ################################################################################
2 39 ################################################################################
2 39 ################################################################################
2 39 ################################################################################
2 39 ################################################################################
2 39 ################################################################################
2 39 ################################################################################
2 39 ################################################################################
2 39 ################################################################################
2 39 ################################################################################
2 39 ################################################################################
2 39 ################################################################################
2 39 ################################################################################
2 39 ################################################################################
2 39 ################################################################################
2 39 ################################################################################
2 39 ################################################################################
2 39 ################################################################################
2 39 ################################################################################
2 39 ################################################################################
2 39 ################################################################################
2 39 ################################################################################
2 39 ################################################################################
2 39 ################################################################################
2 39 ################################################################################
2 39 ################################################################################
2 39 ################################################################################
2 39 ################################################################################
2 39 ################################################################################
2 39 ################################################################################
2 39 ################################################################################
2 39 ################################################################################
2 39 ################################################################################
2 39 ################################################################################
2 39 ################################################################################
2 39 ################################################################################
2 39 ################################################################################
2 39 ################################################################################
2 39 ################################################################################
2 39 ################################################################################
2 39 ################################################################################
2 39 ################################################################################
2 39 ################################################################################
2 39 ################################################################################
2 39 ################################################################################
2 39 ################################################################################
2 39 ################################################################################
2 39 ################################################################################
2 39 ################################################################################
2 39 ################################################################################
2 39 ################################################################################
2 39 ################################################################################
2 39 ################################################################################
2 39 ################################################################################
2 39 ################################################################################
2 39 ################################################################################
2 39 ################################################################################
#BasicData
@Sld_BasicData 1 0
0 1 ->
@tab_key 2 1
1 2 0
@tab_key_struct 3 0
1 3 ->
@tab_key_ptr 4 0
2 4 [177]
@cmprs_tabkey 5 0
2 5 NULL
@type 6 1
1 6 2
@revnum_ptr 7 0
1 7 ->
@geom_revnum 8 1
2 8 273
@cosm_revnum 9 1
2 9 108
@tol_default_ptr 10 0
1 10 ->
@type 11 1
2 11 10
@value 12 2
2 12 [7]
$0,3FB9R,3F847AE147AE147B,3F50624DD2F1A9FC,3F1A36E2EB1C432D,
$3EE4F8B588E368F1,3EB0C6F7A0B5ED8E
@ang_value 13 2
2 13 [7]
$0,6*3FE
@standard 14 1
2 14 0
@iso_tol_tbls_ptr 15 0
2 15 NULL
@datum_count 16 1
1 16 3
@axis_count 17 1
1 17 2
@insert_layer_id 18 1
1 18 -1
@layer_count 19 1
1 19 1
@rel_part_eps 20 2
1 20 3F53A92A30553261
@model_eps 21 2
1 21 0
@fixed_model_eps 22 1
1 22 0
@assembled_count 23 1
1 23 1
@part_type 24 1
1 24 1
@first_ent_id 25 1
1 25 536243
@first_view_id 26 1
1 26 0
@outline 27 2
1 27 [2][3]
$2*BFD9R,C014
$2*3FD9R,401C
@dim_num 28 1
1 28 23
@geom_lib_ptr 29 0
1 29 NULL
@attrib_array 30 1
1 30 [3]
$3*0
@max_part_size 31 2
1 31 402A698097EE272D
@model_name 32 10
1 32 ZOOM_PIN
@disp_outl_info 33 0
1 33 
@disp_outline 34 2
2 34 [2][3]
$2*BFDD74FFD8B6C651,C0143DB663F1D2CR
$2*3FDD74FFD8B6C651,401C3DB663F1D2CR
@sel_outl_info 35 0
1 35 ->
@outline 36 2
2 36 [2][3]
$2*BFDD74FFD8B6C651,C0143DB663F1D2CR
$2*3FDD74FFD8B6C651,401C3DB663F1D2CR
#BasicText
@Sld_BasicText 1 0
0 1 ->
@assem_mass_prop_ptr 2 0
1 2 NULL
@mass_prop_ptr 3 0
1 3 ->
@type 4 1
2 4 0
@density 5 2
2 5 3FF
@init_dens 6 5
2 6 1
@rel_density 7 2
2 7 0
@init_rel_dens 8 5
2 8 0
@aver_density 9 2
2 9 3FF
@vrevnum 10 1
2 10 273
@volume 11 2
2 11 4017646DB32E965
@cg 12 2
2 12 [3]
$2*0,3FEA4491B851219
@inertia 13 2
2 13 [3][3]
$3FCD9477AD80B912,3F20ED842AA16F2A,0
$3F20ED842AA16F2A,3FCD91B6B4178CA6,0
$2*0,40518A26B557E2CE
@eps 14 2
2 14 3EE4F8B588E368F1
@surfarea 15 2
2 15 403E995F6EE434C2
@assign_mp_ptr 16 0
1 16 NULL
@mat_name_ptr 17 10
1 17 NULL
@unit_arr 18 0
1 18 [2]
2 18 
@type 19 1
3 19 11
@factor 20 2
3 20 3FA42850A142850A
@name 21 10
3 21 MM
@unit_type 22 1
3 22 0
2 18 
3 19 11
3 20 3F620F73F11F6E41
3 21 GRAM
3 22 1
#GeomDepen
@Sld_GeomDepend 1 0
0 1 ->
@frst_geom_ptr 2 1
1 2 139
@fem_data 3 0
1 3 NULL
@first_quilt_ptr 4 1
1 4 0
#DispCntrl
@Sld_DispCntrl 1 0
0 1 ->
@color_prop_ptr 2 0
1 2 ->
@color_refs 3 0
2 3 [1]
3 3 
@ref_color 4 0
4 4 ->
@maximum 5 2
5 5 [3]
$0,3FD2932B945C65EC,3FD47AE147AE147B
@ambient 6 2
5 6 3FEFAE147AE147AE
@diffuse 7 2
5 7 3FF
@specular 8 2
5 8 3FF
@spec_coef 9 2
5 9 3FF
@transmission 10 2
5 10 0
@threshold 11 1
5 11 90
@gl_ind 12 1
5 12 21
@highlight 13 2
5 13 [3]
$3*3FF
@reflection 14 2
5 14 3FF
@bump_height 15 2
5 15 3FF
@bump 16 3
5 16 NULL
@decal_intensity 17 2
5 17 4059
@decal 18 3
5 18 NULL
@texture 19 3
5 19 NULL
@surf_ind_tab 20 0
2 20 [1]
3 20 
@surf_id 21 1
4 21 -1
@surf_color_inds 22 1
4 22 [2]
$0,-1
@surf_pl 23 0
4 23 [2]
5 23 
@placement_ptr 24 0
6 24 NULL
5 23 
6 24 NULL
@layer_array 25 0
1 25 [8]
2 25 ->
@id 26 1
3 26 49
@type 27 1
3 27 117
@user_id 28 1
3 28 0
@weird_wline_ptr 29 0
3 29 ->
@weird_wline 30 10
4 30 1__DEF_PLANES
@layer_objects 31 0
3 31 [7]
4 31 
@type 32 1
5 32 3
@lay_solid 33 0
5 33 NULL
4 31 
5 32 8
5 33 NULL
4 31 
5 32 62
5 33 NULL
4 31 
5 32 117
5 33 NULL
4 31 
5 32 144
5 33 NULL
4 31 
5 32 145
5 33 NULL
4 31 
5 32 176
@ids 34 1
5 34 [3]
$111,113,115
5 33 NULL
@saved_operation 35 1
3 35 3
2 25 ->
3 26 102
3 27 117
3 28 0
3 29 ->
4 30 2__DEF_CSYS
3 31 [5]
4 31 
5 32 3
5 33 NULL
4 31 
5 32 62
5 33 NULL
4 31 
5 32 117
5 33 NULL
4 31 
5 32 144
5 33 NULL
4 31 
5 32 145
5 33 NULL
3 35 3
2 25 ->
3 26 103
3 27 117
3 28 0
3 29 ->
4 30 1_ALL_PLANES
3 31 [5]
4 31 
5 32 3
5 34 [3]
$107,112,114
5 33 NULL
4 31 
5 32 62
5 33 NULL
4 31 
5 32 117
5 34 [1]
6 34 49
5 33 NULL
4 31 
5 32 144
5 33 NULL
4 31 
5 32 145
5 33 NULL
3 35 3
2 25 ->
3 26 104
3 27 117
3 28 0
3 29 ->
4 30 2_ALL_CSYS
3 31 [5]
4 31 
5 32 3
5 34 [1]
6 34 109
5 33 NULL
4 31 
5 32 62
5 33 NULL
4 31 
5 32 117
5 34 [1]
6 34 102
5 33 NULL
4 31 
5 32 144
5 33 NULL
4 31 
5 32 145
5 33 NULL
3 35 3
2 25 ->
3 26 116
3 27 117
3 28 0
3 29 ->
4 30 3_ALL_AXES
3 31 [1]
4 31 
5 32 3
5 34 [1]
6 34 120
5 33 NULL
3 35 3
2 25 ->
3 26 117
3 27 117
3 28 0
3 29 ->
4 30 4_ALL_POINTS
3 35 3
2 25 ->
3 26 118
3 27 117
3 28 0
3 29 ->
4 30 5_ALL_CURVES
3 35 3
2 25 ->
3 26 119
3 27 117
3 28 0
3 29 ->
4 30 6_ALL_SURFS
3 35 3
#DisplData
@Sld_DispData 1 0
0 1 ->
@disp_data 2 0
1 2 
#LargeText
@Sld_LargeText 1 0
0 1 ->
@names_table 2 0
1 2 [4]
2 2 ->
@id 3 1
3 3 111
@type 4 1
3 4 5
@name 5 10
3 5 SIDE
2 2 ->
3 3 113
3 4 5
3 5 TOP
2 2 ->
3 3 115
3 4 5
3 5 FRONT
2 2 ->
3 3 110
3 4 25
3 5 DEFAULT
@relpar_sets 6 0
1 6 [1]
2 6 
@id 7 1
3 7 -1
@type 8 1
3 8 2
@ext_ref_id 9 1
3 9 -1
@param_arr 10 0
3 10 [15]
4 10 ->
@sym 11 10
5 11 
@value 12 0
5 12 
@type 13 1
6 13 51
@value(s_val) 14 10
6 14 gogoogjoob
@bak_value 15 0
5 15 
6 13 51
6 14 gogoogjoob
4 10 ->
5 11 
5 12 
6 13 51
6 14 
5 15 
6 13 51
6 14 
4 10 ->
5 11 DRAWN_BY
5 12 
6 13 51
6 14 TBD
5 15 
6 13 51
6 14 TBD
4 10 ->
5 11 
5 12 
6 13 51
6 14 
5 15 
6 13 51
6 14 
4 10 ->
5 11 MATERIAL
5 12 
6 13 51
6 14 TBD
5 15 
6 13 51
6 14 TBD
4 10 ->
5 11 
5 12 
6 13 51
6 14 
5 15 
6 13 51
6 14 
4 10 ->
5 11 DESCRIPTION
5 12 
6 13 51
6 14 TBD
5 15 
6 13 51
6 14 TBD
4 10 ->
5 11 
5 12 
6 13 50
@value(d_val) 16 2
6 16 0
5 15 
6 13 50
6 16 0
4 10 ->
5 11 COST
5 12 
6 13 50
6 16 0
5 15 
6 13 50
6 16 0
4 10 ->
5 11 
5 12 
6 13 51
6 14 1.1
5 15 
6 13 51
6 14 1.1
4 10 ->
5 11 
5 12 
6 13 51
6 14 RICOH
5 15 
6 13 51
6 14 RICOH
4 10 ->
5 11 
5 12 
6 13 51
6 14 初期
5 15 
6 13 51
6 14 初期
4 10 ->
5 11 PDMREV
5 12 
6 13 51
6 14 1.1+
5 15 
6 13 51
6 14 1.0
4 10 ->
5 11 PDMDB
5 12 
6 13 51
6 14 RICOH
5 15 
6 13 51
6 14 RICOH
4 10 ->
5 11 PDMRL
5 12 
6 13 51
6 14 
5 15 
6 13 51
6 14 初期
@relatnum 17 1
3 17 0
@cfg_states 18 0
1 18 NULL
#FamilyInf
@Sld_FamilyInfo 1 0
0 1 ->
@drv_tbl_ptr 2 0
1 2 NULL
#VisibGeom
@Sld_VisGeom 1 0
0 1 ->
@active_geom 2 0
1 2 
@srf_array 3 0
2 3 [11]
3 3 ->
@geom_type 4 1
4 4 34
@geom_id 5 1
4 5 111
@feat_id 6 1
4 6 107
@boundary_type 7 1
4 7 1
@envlp 8 2
4 8 [2][2]
$BFDD74FFD8B6C651,C0143DB663F1D2CR
$3FDD74FFD8B6C651,401C3DB663F1D2CR
@srf_prim_ptr(plane) 9 0
4 9 ->
@local_sys 10 2
5 10 [4][3]
$2*0,3FF
$3FF,2*0
$0,3FF,0
$3*0
@frst_cntr_ptr 11 0
4 11 NULL
@next_geom_ptr 12 1
4 12 0
@orient 13 1
4 13 1
@outline 14 2
4 14 [2][3]
$0,BFDD74FFD8B6C651,C0143DB663F1D2CR
$0,3FDD74FFD8B6C651,401C3DB663F1D2CR
3 3 ->
4 4 34
4 5 113
4 6 112
4 7 1
4 8 [2][2]
$C0143DB663F1D2CR,BFDD74FFD8B6C651
$401C3DB663F1D2CR,3FDD74FFD8B6C651
4 9 ->
5 10 [4][3]
$0,3FF,0
$2*0,3FF
$3FF,2*0
$3*0
4 11 NULL
4 12 0
4 13 1
4 14 [2][3]
$BFDD74FFD8B6C651,0,C0143DB663F1D2CR
$3FDD74FFD8B6C651,0,401C3DB663F1D2CR
3 3 ->
4 4 34
4 5 115
4 6 114
4 7 1
4 8 [2][2]
$2*BFDD74FFD8B6C651
$2*3FDD74FFD8B6C651
4 9 ->
5 10 [4][3]
$3FF,2*0
$0,3FF,0
$2*0,3FF
$3*0
4 11 NULL
4 12 0
4 13 1
4 14 [2][3]
$2*BFDD74FFD8B6C651,0
$2*3FDD74FFD8B6C651,0
3 3 ->
4 4 34
4 5 123
4 6 120
4 7 -1
4 8 [2][2]
$BFD9R,3FE3R
$3FD9R,40293R
4 9 ->
5 10 [4][3]
$3FF,2*0
$2*0,3FF
$0,BFF,0
$2*0,401E6R
4 11 NULL
4 12 139
4 13 -1
4 14 [2][3]
$3*0
$3*0
3 3 ->
4 4 34
4 5 139
4 6 120
4 7 0
4 8 [2][2]
$2*BFD9R
$2*3FD9R
4 9 ->
5 10 [4][3]
$3FF,2*0
$0,BFF,0
$2*0,BFF
$2*0,C014
4 11 ->
@frst_cntr_crv_hdr_ptr 15 1
5 15 168
@trv 16 1
5 16 1
@envlp 17 2
5 17 [2][2]
$2*BFD9R
$2*3FD9R
@next_cntr_ptr 18 0
4 18 NULL
4 12 141
4 13 1
4 14 [2][3]
$2*BFD9R,C014
$2*3FD9R,C014
3 3 ->
4 4 36
4 5 141
4 6 120
4 7 1
4 8 [2][2]
$C00921FB54442D18,3FF3R
$0,40293R
@srf_prim_ptr(cylinder) 19 0
4 19 ->
@local_sys 20 2
5 20 [4][3]
$3FF,2*0
$0,BFF,0
$2*0,BFF
$2*0,401E6R
@radius 21 2
5 21 3FD9R
4 11 ->
5 15 126
5 16 1
5 17 [2][2]
$C00921FB54442D18,3FF3R
$0,40293R
4 18 NULL
4 12 143
4 13 1
4 14 [2][3]
$BFD9R,0,C014
$2*3FD9R,4019R
3 3 ->
4 4 34
4 5 143
4 6 120
4 7 0
4 8 [2][2]
$2*BFD9R
$2*3FD9R
4 9 ->
5 10 [4][3]
$3FF,2*0
$0,BFF,0
$2*0,BFF
$2*0,4019R
4 11 ->
5 15 144
5 16 1
5 17 [2][2]
$2*BFD9R
$2*3FD9R
4 18 ->
5 15 172
5 16 -1
5 17 [2][2]
$2*BFD
$2*3FD
4 18 NULL
4 12 145
4 13 -1
4 14 [2][3]
$2*BFD9R,4019R
$2*3FD9R,4019R
3 3 ->
4 4 36
4 5 145
4 6 120
4 7 1
4 8 [2][2]
$C00921FB54442D18,3FE3R
$0,3FF3R
4 19 ->
5 20 [4][3]
$3FF,2*0
$0,BFF,0
$2*0,BFF
$2*0,401E6R
5 21 3FD
4 11 ->
5 15 128
5 16 1
5 17 [2][2]
$C00921FB54442D18,3FE3R
$0,3FF3R
4 18 NULL
4 12 147
4 13 1
4 14 [2][3]
$BFD,0,4019R
$2*3FD,401C
3 3 ->
4 4 34
4 5 147
4 6 120
4 7 0
4 8 [2][2]
$2*BFD
$2*3FD
4 9 ->
5 10 [4][3]
$3FF,2*0
$0,BFF,0
$2*0,BFF
$2*0,401C
4 11 ->
5 15 174
5 16 1
5 17 [2][2]
$2*BFD
$2*3FD
4 18 NULL
4 12 167
4 13 -1
4 14 [2][3]
$2*BFD,401C
$2*3FD,401C
3 3 ->
4 4 36
4 5 167
4 6 120
4 7 1
4 8 [2][2]
$C01921FB54442D18,3FF3R
$C00921FB54442D18,40293R
4 19 ->
5 20 [4][3]
$3FF,2*0
$0,BFF,0
$2*0,BFF
$2*0,401E6R
5 21 3FD9R
4 11 ->
5 15 126
5 16 1
5 17 [2][2]
$C01921FB54442D18,3FF3R
$C00921FB54442D18,40293R
4 18 NULL
4 12 171
4 13 1
4 14 [2][3]
$2*BFD9R,C014
$3FD9R,0,4019R
3 3 ->
4 4 36
4 5 171
4 6 120
4 7 1
4 8 [2][2]
$C01921FB54442D18,3FE3R
$C00921FB54442D18,3FF3R
4 19 ->
5 20 [4][3]
$3FF,2*0
$0,BFF,0
$2*0,BFF
$2*0,401E6R
5 21 3FD
4 11 ->
5 15 128
5 16 1
5 17 [2][2]
$C01921FB54442D18,3FE3R
$C00921FB54442D18,3FF3R
4 18 NULL
4 12 0
4 13 1
4 14 [2][3]
$2*BFD,4019R
$3FD,0,401C
@crv_array 22 0
2 22 [12]
3 22 ->
@crv_id 23 1
4 23 126
@feat_id 24 1
4 24 120
@type 25 1
4 25 1
@crv_pnt_dir 26 1
4 26 [2]
$1,-1
@crv_pnt_arr 27 2
4 27 [2][4]
$C00921FB54442D18,40293R,C00921FB54442D18,40293R
$C00921FB54442D18,3FF3R,C00921FB54442D18,3FF3R
@crv_hdr_geom_ptr[0] 28 1
4 28 167
@crv_hdr_geom_ptr[1] 29 1
4 29 141
@next_crv_hdr_ptr[0] 30 1
4 30 170
@next_crv_hdr_ptr[1] 31 1
4 31 142
@ref_geom[0] 32 1
4 32 0
@ref_geom[1] 33 1
4 33 0
3 22 ->
4 23 128
4 24 120
4 25 1
4 26 [2]
$1,-1
4 27 [2][4]
$C00921FB54442D18,3FF3R,C00921FB54442D18,3FF3R
$C00921FB54442D18,3FE3R,C00921FB54442D18,3FE3R
4 28 171
4 29 145
4 30 174
4 31 146
4 32 0
4 33 0
3 22 ->
4 23 133
4 24 120
4 25 1
4 26 [2]
$-1,1
4 27 [2][4]
$C01921FB54442D18,40293R,0,40293R
$C01921FB54442D18,3FF3R,0,3FF3R
4 28 167
4 29 141
4 30 168
4 31 144
4 32 0
4 33 0
3 22 ->
4 23 135
4 24 120
4 25 1
4 26 [2]
$-1,1
4 27 [2][4]
$C01921FB54442D18,3FF3R,0,3FF3R
$C01921FB54442D18,3FE3R,0,3FE3R
4 28 171
4 29 145
4 30 172
4 31 148
4 32 0
4 33 0
3 22 ->
4 23 142
4 24 120
4 25 0
4 26 [2]
$1,-1
4 27 [13][4]
$C00921FB54442D18,40293R,BFD9R,0
$C00709D10D3E7EAB,40293R,BFD8BA4A9F6D65AB,BFBA80C935B80A8
$C004F1A6C638D03F,40293R,BFD62B9586AD0A23,BFC9R
$C002D97C7F3321D2,40293R,BFD21A1851FF630B,BFD21A1851FF630A
$C000C152382D736R,40293R,BFC9R,BFD62B9586AD0A2R
$BFFD524FE24F89F1,40293R,BFBA80C935B80A8,BFD8BA4A9F6D65AB
$BFF921FB54442D18,40293R,0,BFD9R
$BFF4F1A6C638D03E,40293R,3FBA80C935B80A84,BFD8BA4A9F6D65AB
$BFF0C152382D736R,40293R,3FC9R,BFD62B9586AD0A23
$BFE921FB54442D18,40293R,3FD21A1851FF630A,BFD21A1851FF630B
$BFE0C152382D7364,40293R,3FD62B9586AD0A23,BFC9R
$BFD0C152382D7368,40293R,3FD8BA4A9F6D65AR,BFBA80C935B80A8R
$0,40293R,3FD9R,0
4 28 141
4 29 139
4 30 133
4 31 168
4 32 0
4 33 0
3 22 ->
4 23 144
4 24 120
4 25 0
4 26 [2]
$1,-1
4 27 [13][4]
$BFD9R,0,C00921FB54442D18,3FF3R
$BFD8BA4A9F6D65AB,BFBA80C935B80A8,C00709D10D3E7EAB,3FF3R
$BFD62B9586AD0A23,BFC9R,C004F1A6C638D03F,3FF3R
$BFD21A1851FF630B,BFD21A1851FF630A,C002D97C7F3321D2,3FF3R
$BFC9R,BFD62B9586AD0A2R,C000C152382D736R,3FF3R
$BFBA80C935B80A8,BFD8BA4A9F6D65AB,BFFD524FE24F89F1,3FF3R
$0,BFD9R,BFF921FB54442D18,3FF3R
$3FBA80C935B80A84,BFD8BA4A9F6D65AB,BFF4F1A6C638D03E,3FF3R
$3FC9R,BFD62B9586AD0A23,BFF0C152382D736R,3FF3R
$3FD21A1851FF630A,BFD21A1851FF630B,BFE921FB54442D18,3FF3R
$3FD62B9586AD0A23,BFC9R,BFE0C152382D7364,3FF3R
$3FD8BA4A9F6D65AR,BFBA80C935B80A8R,BFD0C152382D7368,3FF3R
$3FD9R,2*0,3FF3R
4 28 143
4 29 141
4 30 170
4 31 126
4 32 0
4 33 0
3 22 ->
4 23 146
4 24 120
4 25 0
4 26 [2]
$1,-1
4 27 [11][4]
$C00921FB54442D18,3FF3R,BFD,0
$C0069E9565708EFC,3FF3R,BFCE6F0E134454FR,BFB3C6EF372FE94F
$C0041B2F769CF0E,3FF3R,BFC9E3779B97F4A8,BFC2CF2304755A5E
$C00197C987C952C4,3FF3R,BFC2CF2304755A5E,BFC9E3779B97F4A8
$BFFE28C731EB695,3FF3R,BFB3C6EF372FE95,BFCE6F0E134454FR
$BFF921FB54442D18,3FF3R,0,BFD
$BFF41B2F769CF0E,3FF3R,3FB3C6EF372FE94E,BFCE6F0E134455
$BFEE28C731EB695,3FF3R,3FC2CF2304755A5D,BFC9E3779B97F4A8
$BFE41B2F769CF0E,3FF3R,3FC9E3779B97F4A7,BFC2CF2304755A5F
$BFD41B2F769CF0E,3FF3R,3FCE6F0E134454FR,BFB3C6EF372FE951
$0,3FF3R,3FD,0
4 28 145
4 29 143
4 30 135
4 31 172
4 32 0
4 33 0
3 22 ->
4 23 148
4 24 120
4 25 0
4 26 [2]
$1,-1
4 27 [11][4]
$BFD,0,C00921FB54442D18,3FE3R
$BFCE6F0E134454FR,BFB3C6EF372FE94F,C0069E9565708EFC,3FE3R
$BFC9E3779B97F4A8,BFC2CF2304755A5E,C0041B2F769CF0E,3FE3R
$BFC2CF2304755A5E,BFC9E3779B97F4A8,C00197C987C952C4,3FE3R
$BFB3C6EF372FE95,BFCE6F0E134454FR,BFFE28C731EB695,3FE3R
$0,BFD,BFF921FB54442D18,3FE3R
$3FB3C6EF372FE94E,BFCE6F0E134455,BFF41B2F769CF0E,3FE3R
$3FC2CF2304755A5D,BFC9E3779B97F4A8,BFEE28C731EB695,3FE3R
$3FC9E3779B97F4A7,BFC2CF2304755A5F,BFE41B2F769CF0E,3FE3R
$3FCE6F0E134454FR,BFB3C6EF372FE951,BFD41B2F769CF0E,3FE3R
$3FD,2*0,3FE3R
4 28 147
4 29 145
4 30 174
4 31 128
4 32 0
4 33 0
3 22 ->
4 23 168
4 24 120
4 25 0
4 26 [2]
$-1,1
4 27 [13][4]
$C00921FB54442D18,40293R,BFD9R,0
$C00B3A259B49DB85,40293R,BFD8BA4A9F6D65AB,3FBA80C935B80A8
$C00D524FE24F89F1,40293R,BFD62B9586AD0A23,3FC9R
$C00F6A7A2955385E,40293R,BFD21A1851FF630B,3FD21A1851FF630A
$C010C152382D7365,40293R,BFC9R,3FD62B9586AD0A2R
$C011CD675BB04A9C,40293R,BFBA80C935B80A8,3FD8BA4A9F6D65AB
$C012D97C7F3321D2,40293R,0,3FD9R
$C013E591A2B5F908,40293R,3FBA80C935B80A84,3FD8BA4A9F6D65AB
$C014F1A6C638D03E,40293R,3FC9R,3FD62B9586AD0A23
$C015FDBBE9BBA775,40293R,3FD21A1851FF630A,3FD21A1851FF630B
$C01709D10D3E7EAC,40293R,3FD62B9586AD0A23,3FC9R
$C01815E630C155E2,40293R,3FD8BA4A9F6D65AR,3FBA80C935B80A8R
$C01921FB54442D18,40293R,3FD9R,0
4 28 167
4 29 139
4 30 126
4 31 142
4 32 0
4 33 0
3 22 ->
4 23 170
4 24 120
4 25 0
4 26 [2]
$-1,1
4 27 [13][4]
$BFD9R,0,C00921FB54442D18,3FF3R
$BFD8BA4A9F6D65AB,3FBA80C935B80A8,C00B3A259B49DB85,3FF3R
$BFD62B9586AD0A23,3FC9R,C00D524FE24F89F1,3FF3R
$BFD21A1851FF630B,3FD21A1851FF630A,C00F6A7A2955385E,3FF3R
$BFC9R,3FD62B9586AD0A2R,C010C152382D7365,3FF3R
$BFBA80C935B80A8,3FD8BA4A9F6D65AB,C011CD675BB04A9C,3FF3R
$0,3FD9R,C012D97C7F3321D2,3FF3R
$3FBA80C935B80A84,3FD8BA4A9F6D65AB,C013E591A2B5F908,3FF3R
$3FC9R,3FD62B9586AD0A23,C014F1A6C638D03E,3FF3R
$3FD21A1851FF630A,3FD21A1851FF630B,C015FDBBE9BBA775,3FF3R
$3FD62B9586AD0A23,3FC9R,C01709D10D3E7EAC,3FF3R
$3FD8BA4A9F6D65AR,3FBA80C935B80A8R,C01815E630C155E2,3FF3R
$3FD9R,0,C01921FB54442D18,3FF3R
4 28 143
4 29 167
4 30 144
4 31 133
4 32 0
4 33 0
3 22 ->
4 23 172
4 24 120
4 25 0
4 26 [2]
$-1,1
4 27 [11][4]
$C00921FB54442D18,3FF3R,BFD,0
$C00BA5614317CB34,3FF3R,BFCE6F0E134454FR,3FB3C6EF372FE94F
$C00E28C731EB695,3FF3R,BFC9E3779B97F4A8,3FC2CF2304755A5E
$C0105616905F83B6,3FF3R,BFC2CF2304755A5E,3FC9E3779B97F4A8
$C01197C987C952C4,3FF3R,BFB3C6EF372FE95,3FCE6F0E134454FR
$C012D97C7F3321D2,3FF3R,0,3FD
$C0141B2F769CF0E,3FF3R,3FB3C6EF372FE94E,3FCE6F0E134455
$C0155CE26E06BFER,3FF3R,3FC2CF2304755A5D,3FC9E3779B97F4A8
$C0169E9565708EFC,3FF3R,3FC9E3779B97F4A7,3FC2CF2304755A5F
$C017E0485CDA5E0A,3FF3R,3FCE6F0E134454FR,3FB3C6EF372FE951
$C01921FB54442D18,3FF3R,3FD,0
4 28 171
4 29 143
4 30 128
4 31 146
4 32 0
4 33 0
3 22 ->
4 23 174
4 24 120
4 25 0
4 26 [2]
$-1,1
4 27 [11][4]
$BFD,0,C00921FB54442D18,3FE3R
$BFCE6F0E134454FR,3FB3C6EF372FE94F,C00BA5614317CB34,3FE3R
$BFC9E3779B97F4A8,3FC2CF2304755A5E,C00E28C731EB695,3FE3R
$BFC2CF2304755A5E,3FC9E3779B97F4A8,C0105616905F83B6,3FE3R
$BFB3C6EF372FE95,3FCE6F0E134454FR,C01197C987C952C4,3FE3R
$0,3FD,C012D97C7F3321D2,3FE3R
$3FB3C6EF372FE94E,3FCE6F0E134455,C0141B2F769CF0E,3FE3R
$3FC2CF2304755A5D,3FC9E3779B97F4A8,C0155CE26E06BFER,3FE3R
$3FC9E3779B97F4A7,3FC2CF2304755A5F,C0169E9565708EFC,3FE3R
$3FCE6F0E134454FR,3FB3C6EF372FE951,C017E0485CDA5E0A,3FE3R
$3FD,0,C01921FB54442D18,3FE3R
4 28 147
4 29 171
4 30 148
4 31 135
4 32 0
4 33 0
#NovisGeom
@Sld_NonVisGeom 1 0
0 1 ->
@inactive_geom 2 0
1 2 
@srf_array 3 0
2 3 [9]
3 3 ->
@geom_type 4 1
4 4 34
@geom_id 5 1
4 5 122
@feat_id 6 1
4 6 121
@boundary_type 7 1
4 7 -1
@envlp 8 2
4 8 [2][2]
$2*0
$2*0
@srf_prim_ptr(plane) 9 0
4 9 ->
@local_sys 10 2
5 10 [4][3]
$BFF,2*0
$2*0,3FF
$0,3FF,0
$3*0
@frst_cntr_ptr 11 0
4 11 NULL
@next_geom_ptr 12 1
4 12 0
@orient 13 1
4 13 1
@outline 14 2
4 14 [2][3]
$3*0
$3*0
3 3 ->
4 4 34
4 5 130
4 6 120
4 7 -1
4 8 [2][2]
$0,3FE3R
$3FD9R,40293R
4 9 ->
5 10 [4][3]
$3FF,2*0
$2*0,3FF
$0,BFF,0
$2*0,401E6R
4 11 NULL
4 12 139
4 13 -1
4 14 [2][3]
$3*0
$3*0
3 3 ->
4 4 36
4 5 137
4 6 120
4 7 -1
4 8 [2][2]
$C00921FB54442D18,3FE3R
$0,40293R
@srf_prim_ptr(cylinder) 15 0
4 15 ->
@local_sys 16 2
5 16 [4][3]
$3FF,2*0
$0,BFF,0
$2*0,BFF
$2*0,401E6R
@radius 17 2
5 17 3EE4F8B588E368F1
4 11 NULL
4 12 139
4 13 -1
4 14 [2][3]
$3*0
$3*0
3 3 ->
4 4 34
4 5 149
4 6 120
4 7 -1
4 8 [2][2]
$BFD9R,3FE3R
$3FD9R,40293R
4 9 ->
5 10 [4][3]
$3FF,2*0
$2*0,3FF
$0,BFF,0
$2*0,401E6R
4 11 NULL
4 12 167
4 13 -1
4 14 [2][3]
$3*0
$3*0
3 3 ->
4 4 34
4 5 156
4 6 120
4 7 -1
4 8 [2][2]
$0,3FE3R
$3FD9R,40293R
4 9 ->
5 10 [4][3]
$3FF,2*0
$2*0,3FF
$0,BFF,0
$2*0,401E6R
4 11 NULL
4 12 165
4 13 1
4 14 [2][3]
$3*0
$3*0
3 3 ->
4 4 36
4 5 163
4 6 120
4 7 -1
4 8 [2][2]
$C01921FB54442D18,3FE3R
$C00921FB54442D18,40293R
4 15 ->
5 16 [4][3]
$3FF,2*0
$0,BFF,0
$2*0,BFF
$2*0,401E6R
5 17 3EE4F8B588E368F1
4 11 NULL
4 12 165
4 13 -1
4 14 [2][3]
$3*0
$3*0
3 3 ->
4 4 34
4 5 165
4 6 120
4 7 -1
4 8 [2][2]
$BFD9R,0
$2*3FD9R
4 9 ->
5 10 [4][3]
$3FF,2*0
$0,BFF,0
$2*0,BFF
$2*0,C014
4 11 NULL
4 12 167
4 13 1
4 14 [2][3]
$3*0
$3*0
3 3 ->
4 4 34
4 5 169
4 6 120
4 7 -1
4 8 [2][2]
$BFD9R,0
$2*3FD9R
4 9 ->
5 10 [4][3]
$3FF,2*0
$0,BFF,0
$2*0,BFF
$2*0,4019R
4 11 NULL
4 12 171
4 13 -1
4 14 [2][3]
$3*0
$3*0
3 3 ->
4 4 34
4 5 173
4 6 120
4 7 -1
4 8 [2][2]
$BFD,0
$2*3FD
4 9 ->
5 10 [4][3]
$3FF,2*0
$0,BFF,0
$2*0,BFF
$2*0,401C
4 11 NULL
4 12 0
4 13 -1
4 14 [2][3]
$3*0
$3*0
@crv_array 18 0
2 18 [24]
3 18 ->
@crv_id 19 1
4 19 124
@feat_id 20 1
4 20 120
@type 21 1
4 21 1
@crv_pnt_dir 22 1
4 22 [2]
$-1,1
@crv_pnt_arr 23 2
4 23 [2][4]
$0,40293R,0,40293R
$0,3FE3R,0,3FE3R
@crv_hdr_geom_ptr[0] 24 1
4 24 123
@crv_hdr_geom_ptr[1] 25 1
4 25 123
@next_crv_hdr_ptr[0] 26 1
4 26 125
@next_crv_hdr_ptr[1] 27 1
4 27 136
@ref_geom[0] 28 1
4 28 0
@ref_geom[1] 29 1
4 29 0
3 18 ->
4 19 125
4 20 120
4 21 0
4 22 [2]
$1,-1
4 23 [2][4]
$0,40293R,2*0
$BFD9R,40293R,BFD9R,0
4 24 123
4 25 139
4 26 126
4 27 151
4 28 0
4 29 0
3 18 ->
4 19 127
4 20 120
4 21 0
4 22 [2]
$1,-1
4 23 [2][4]
$BFD9R,3FF3R,BFD9R,0
$BFD,3FF3R,BFD,0
4 24 123
4 25 143
4 26 128
4 27 144
4 28 0
4 29 0
3 18 ->
4 19 129
4 20 120
4 21 0
4 22 [2]
$1,-1
4 23 [2][4]
$BFD,3FE3R,BFD,0
$0,3FE3R,2*0
4 24 123
4 25 147
4 26 136
4 27 148
4 28 0
4 29 0
3 18 ->
4 19 131
4 20 120
4 21 0
4 22 [2]
$-1,1
4 23 [2][4]
$0,3FE3R,0,3FE3R
$0,40293R,0,40293R
4 24 130
4 25 137
4 26 0
4 27 0
4 28 0
4 29 0
3 18 ->
4 19 132
4 20 120
4 21 0
4 22 [2]
$-1,1
4 23 [2][4]
$0,40293R,2*0
$3FD9R,40293R,3FD9R,0
4 24 123
4 25 139
4 26 125
4 27 142
4 28 0
4 29 0
3 18 ->
4 19 134
4 20 120
4 21 0
4 22 [2]
$-1,1
4 23 [2][4]
$3FD9R,3FF3R,3FD9R,0
$3FD,3FF3R,3FD,0
4 24 123
4 25 143
4 26 133
4 27 146
4 28 0
4 29 0
3 18 ->
4 19 136
4 20 120
4 21 0
4 22 [2]
$-1,1
4 23 [2][4]
$3FD,3FE3R,3FD,0
$0,3FE3R,2*0
4 24 123
4 25 147
4 26 135
4 27 162
4 28 0
4 29 0
3 18 ->
4 19 138
4 20 120
4 21 0
4 22 [2]
$1,-1
4 23 [4][4]
$C00921FB54442D18,3FE3R,2*0
$C000C152382D736R,3FE3R,2*0
$BFF0C152382D736R,3FE3R,2*0
$0,3FE3R,2*0
4 24 137
4 25 147
4 26 0
4 27 0
4 28 0
4 29 0
3 18 ->
4 19 140
4 20 120
4 21 0
4 22 [2]
$1,-1
4 23 [4][4]
$2*0,C00921FB54442D18,40293R
$2*0,C000C152382D736R,40293R
$2*0,BFF0C152382D736R,40293R
$3*0,40293R
4 24 139
4 25 137
4 26 0
4 27 0
4 28 0
4 29 0
3 18 ->
4 19 150
4 20 120
4 21 1
4 22 [2]
$-1,1
4 23 [2][4]
$0,3FE3R,0,3FE3R
$0,40293R,0,40293R
4 24 149
4 25 149
4 26 155
4 27 158
4 28 0
4 29 0
3 18 ->
4 19 151
4 20 120
4 21 0
4 22 [2]
$2*1
4 23 [2][4]
$0,40293R,2*0
$BFD9R,40293R,BFD9R,0
4 24 149
4 25 139
4 26 152
4 27 168
4 28 0
4 29 0
3 18 ->
4 19 152
4 20 120
4 21 0
4 22 [2]
$2*1
4 23 [2][4]
$BFD9R,40293R,C00921FB54442D18,40293R
$BFD9R,3FF3R,C00921FB54442D18,3FF3R
4 24 149
4 25 167
4 26 0
4 27 0
4 28 0
4 29 0
3 18 ->
4 19 153
4 20 120
4 21 0
4 22 [2]
$2*1
4 23 [2][4]
$BFD9R,3FF3R,BFD9R,0
$BFD,3FF3R,BFD,0
4 24 149
4 25 143
4 26 154
4 27 172
4 28 0
4 29 0
3 18 ->
4 19 154
4 20 120
4 21 0
4 22 [2]
$2*1
4 23 [2][4]
$BFD,3FF3R,C00921FB54442D18,3FF3R
$BFD,3FE3R,C00921FB54442D18,3FE3R
4 24 149
4 25 171
4 26 0
4 27 0
4 28 0
4 29 0
3 18 ->
4 19 155
4 20 120
4 21 0
4 22 [2]
$2*1
4 23 [2][4]
$BFD,3FE3R,BFD,0
$0,3FE3R,2*0
4 24 149
4 25 147
4 26 162
4 27 162
4 28 0
4 29 0
3 18 ->
4 19 157
4 20 120
4 21 0
4 22 [2]
$1,-1
4 23 [2][4]
$0,3FE3R,C01921FB54442D18,3FE3R
$0,40293R,C01921FB54442D18,40293R
4 24 156
4 25 163
4 26 0
4 27 0
4 28 0
4 29 0
3 18 ->
4 19 158
4 20 120
4 21 0
4 22 [2]
$2*-1
4 23 [2][4]
$0,40293R,2*0
$3FD9R,40293R,3FD9R,0
4 24 149
4 25 139
4 26 151
4 27 151
4 28 0
4 29 0
3 18 ->
4 19 159
4 20 120
4 21 0
4 22 [2]
$2*-1
4 23 [2][4]
$3FD9R,40293R,C01921FB54442D18,40293R
$3FD9R,3FF3R,C01921FB54442D18,3FF3R
4 24 149
4 25 167
4 26 0
4 27 0
4 28 0
4 29 0
3 18 ->
4 19 160
4 20 120
4 21 0
4 22 [2]
$2*-1
4 23 [2][4]
$3FD9R,3FF3R,3FD9R,0
$3FD,3FF3R,3FD,0
4 24 149
4 25 143
4 26 159
4 27 170
4 28 0
4 29 0
3 18 ->
4 19 161
4 20 120
4 21 0
4 22 [2]
$2*-1
4 23 [2][4]
$3FD,3FF3R,C01921FB54442D18,3FF3R
$3FD,3FE3R,C01921FB54442D18,3FE3R
4 24 149
4 25 171
4 26 0
4 27 0
4 28 0
4 29 0
3 18 ->
4 19 162
4 20 120
4 21 0
4 22 [2]
$2*-1
4 23 [2][4]
$3FD,3FE3R,3FD,0
$0,3FE3R,2*0
4 24 149
4 25 147
4 26 161
4 27 174
4 28 0
4 29 0
3 18 ->
4 19 164
4 20 120
4 21 0
4 22 [2]
$-1,1
4 23 [4][4]
$C00921FB54442D18,3FE3R,2*0
$C010C152382D7365,3FE3R,2*0
$C014F1A6C638D03E,3FE3R,2*0
$C01921FB54442D18,3FE3R,2*0
4 24 163
4 25 173
4 26 0
4 27 0
4 28 0
4 29 0
3 18 ->
4 19 166
4 20 120
4 21 0
4 22 [2]
$-1,1
4 23 [4][4]
$2*0,C00921FB54442D18,40293R
$2*0,C010C152382D7365,40293R
$2*0,C014F1A6C638D03E,40293R
$2*0,C01921FB54442D18,40293R
4 24 165
4 25 163
4 26 0
4 27 0
4 28 0
4 29 0
@external_geom 30 0
1 30 
#ActEntity
@Sld_Entities 1 0
0 1 ->
@act_feat_ents 2 0
1 2 [5]
2 2 
@feat_id 3 1
3 3 109
@datum_id 4 1
3 4 -1
@entity_ptr(coord_sys) 5 0
3 5 ->
@type 6 1
4 6 18
@id 7 1
4 7 110
@gen_info 8 0
4 8 
@color 9 1
5 9 1
@sys_type 10 1
4 10 -1
@pnt_type 11 1
4 11 -1
@radius 12 2
4 12 0
@local_sys 13 2
4 13 [4][3]
$3FF,2*0
$0,3FF,0
$2*0,3FF
$3*0
@feat_id 14 1
4 14 109
@entity(text) 15 0
3 15 ->
@text_type 16 1
4 16 34
@text_value 17 10
4 17 DEFAULT
@txt_attrib 18 1
4 18 1
@coord 19 2
4 19 [3]
$40805A5243CBC34A,40725ED2CE65723R,BFE06409D01648
@owner_id 20 1
4 20 110
@height 21 2
4 21 BFF
@width_factor 22 2
4 22 BFF
@format_info 23 0
4 23 
@thickness 24 2
4 24 BFF
2 2 
3 3 107
3 4 111
@entity_ptr(cosmetic) 25 0
3 25 ->
@type 26 1
4 26 50
@id 27 1
4 27 -1
@gen_info 28 0
4 28 
@owner_type 29 1
4 29 1
@owner_id 30 1
4 30 111
@text_ptr 31 0
4 31 ->
@text_type 32 1
5 32 14
@text_value 33 10
5 33 SIDE
@txt_attrib 34 1
5 34 1
@owner_id 35 1
5 35 107
@height 36 2
5 36 BFF
@width_factor 37 2
5 37 BFF
@format_info 38 0
5 38 
@thickness 39 2
5 39 BFF
@cosm_disp_ents 40 0
4 40 ->
@first_disp_ent(line) 41 0
5 41 ->
@id 42 1
6 42 -1
@gen_info 43 0
6 43 
@flip 44 1
6 44 111
@end1 45 2
6 45 [3]
$BFDD74FFD8B6C651,C0143DB663F1D2CR,0
@end2 46 2
6 46 [3]
$BFDD74FFD8B6C651,401C3DB663F1D2CR,0
@entity(line) 47 0
5 47 ->
6 42 -1
6 43 
6 44 111
6 45 [3]
$BFDD74FFD8B6C651,401C3DB663F1D2CR,0
6 46 [3]
$3FDD74FFD8B6C651,401C3DB663F1D2CR,0
5 47 ->
6 42 -1
6 43 
6 44 111
6 45 [3]
$3FDD74FFD8B6C651,401C3DB663F1D2CR,0
6 46 [3]
$3FDD74FFD8B6C651,C0143DB663F1D2CR,0
5 47 ->
6 42 -1
6 43 
6 44 111
6 45 [3]
$3FDD74FFD8B6C651,C0143DB663F1D2CR,0
6 46 [3]
$BFDD74FFD8B6C651,C0143DB663F1D2CR,0
@plane_ptr 48 0
4 48 NULL
@attr 49 1
4 49 0
2 2 
3 3 112
3 4 113
3 25 ->
4 26 50
4 27 -1
4 28 
4 29 1
4 30 113
4 31 ->
5 32 14
5 33 TOP
5 34 1
5 35 112
5 36 BFF
5 37 BFF
5 38 
5 39 BFF
4 40 ->
5 41 ->
6 42 -1
6 43 
6 44 113
6 45 [3]
$C0143DB663F1D2CR,BFDD74FFD8B6C651,0
6 46 [3]
$C0143DB663F1D2CR,3FDD74FFD8B6C651,0
5 47 ->
6 42 -1
6 43 
6 44 113
6 45 [3]
$C0143DB663F1D2CR,3FDD74FFD8B6C651,0
6 46 [3]
$401C3DB663F1D2CR,3FDD74FFD8B6C651,0
5 47 ->
6 42 -1
6 43 
6 44 113
6 45 [3]
$401C3DB663F1D2CR,3FDD74FFD8B6C651,0
6 46 [3]
$401C3DB663F1D2CR,BFDD74FFD8B6C651,0
5 47 ->
6 42 -1
6 43 
6 44 113
6 45 [3]
$401C3DB663F1D2CR,BFDD74FFD8B6C651,0
6 46 [3]
$C0143DB663F1D2CR,BFDD74FFD8B6C651,0
4 48 NULL
4 49 0
2 2 
3 3 114
3 4 115
3 25 ->
4 26 50
4 27 -1
4 28 
4 29 1
4 30 115
4 31 ->
5 32 14
5 33 FRONT
5 34 1
5 35 114
5 36 BFF
5 37 BFF
5 38 
5 39 BFF
4 40 ->
5 41 ->
6 42 -1
6 43 
6 44 115
6 45 [3]
$2*BFDD74FFD8B6C651,0
6 46 [3]
$BFDD74FFD8B6C651,3FDD74FFD8B6C651,0
5 47 ->
6 42 -1
6 43 
6 44 115
6 45 [3]
$BFDD74FFD8B6C651,3FDD74FFD8B6C651,0
6 46 [3]
$2*3FDD74FFD8B6C651,0
5 47 ->
6 42 -1
6 43 
6 44 115
6 45 [3]
$2*3FDD74FFD8B6C651,0
6 46 [3]
$3FDD74FFD8B6C651,BFDD74FFD8B6C651,0
5 47 ->
6 42 -1
6 43 
6 44 115
6 45 [3]
$3FDD74FFD8B6C651,BFDD74FFD8B6C651,0
6 46 [3]
$2*BFDD74FFD8B6C651,0
4 48 NULL
4 49 0
2 2 
3 3 120
3 4 -1
@entity_ptr(line3d) 50 0
3 50 ->
@type 51 1
4 51 11
@id 52 1
4 52 175
@gen_info 53 0
4 53 
@geom_id 54 1
4 54 123
@end1 55 2
4 55 [3]
$2*0,401C
@end2 56 2
4 56 [3]
$3FD9R,0,401C
@entity(line3d) 57 0
3 57 ->
4 51 13
4 52 176
4 53 
5 9 1
4 54 123
4 55 [3]
$2*0,401C
4 56 [3]
$2*0,C014
3 15 ->
4 16 19
4 17 A_2
4 18 1
4 19 [3]
$4080D4A6EE1B6C26,407222C75D1FBE35,405544EF93C7473R
4 21 BFF
4 22 BFF
4 23 
4 24 BFF
#AllFeatur
@Sld_Features 1 0
0 1 ->
@first_feat_ptr 2 0
1 2 ->
@id 3 1
2 3 109
@indep_attributes 4 1
2 4 4097
@feat_type_ptr 5 0
2 5 ->
@table_id 6 1
3 6 63
@type 7 1
3 7 979
@feattype_key 8 10
3 8 NULL
@form 9 1
3 9 0
@attributes 10 1
3 10 [3]
$3*0
@placement 11 1
3 11 0
@intersection 12 1
3 12 -1
@internal_udf_type 13 1
3 13 -1
@param_choice_ptr 14 0
3 14 ->
@blend_choice 15 1
4 15 0
@depth_choice 16 1
4 16 0
@angle_choice 17 1
4 17 -1
@pat_choice 18 1
4 18 -1
@round_choice 19 1
4 19 -1
@subsec_choice 20 1
4 20 -1
@sweep_choice 21 1
4 21 0
@dome_choice 22 1
4 22 0
@draft_choice 23 1
4 23 0
@misc_choice 24 1
4 24 [2]
$384,0
@assoc_type 25 1
3 25 0
@symbol_key 26 1
2 26 -1
@sect_name 27 10
2 27 no_name
@model_type 28 1
2 28 2
@idtab_ptr 29 0
2 29 ->
@misc_id_tab 30 0
3 30 [1]
4 30 
@misc_hist 31 1
5 31 [5]
$110,534,0,-1,500
@save_geoms 32 0
3 32 NULL
@cr_flags_xar 33 1
3 33 [27]
$3*-1,-2049,2*-1,-16777217,3*-1,-536870913,-1,-1126176897,-2,-2097185,
$-203555329,495,10*0
@cvt_feat_dat 34 0
3 34 NULL
@feat_dates_ptr 35 0
3 35 ->
@creat_date 36 1
4 36 150023
@regen_date 37 1
4 37 150023
@group_info_ptr 38 0
2 38 NULL
@intrs_pairs_ptr 39 0
2 39 ->
@place_rec_ptr 40 0
2 40 ->
@local_sys 41 2
3 41 [4][3]
$3FF,2*0
$0,3FF,0
$2*0,3FF
$3*0
@own_ref_id 42 1
3 42 -1
@orient 43 1
3 43 0
@trf_arr 44 0
3 44 [1]
4 44 
@type 45 1
5 45 10
@idx 46 1
5 46 0
@transf 47 2
5 47 [4][3]
$3FF,2*0
$0,3FF,0
$2*0,3FF
$3*0
@next_prop 48 0
2 48 NULL
@first_geom_id 49 1
2 49 -1
@cond_tbl_idx 50 1
2 50 -1
@comment 51 10
2 51 NULL
@merge_info_ptr 52 0
2 52 NULL
@topology_increment 53 0
2 53 ->
@first_geom 54 1
3 54 0
@first_quilt 55 1
3 55 0
@outline 56 2
3 56 [2][3]
$3*0
$3*0
@max_part_size 57 2
3 57 0
@xform_increment 58 0
3 58 NULL
@roll_back_id 59 1
3 59 -1
@state_ind 60 1
2 60 -1
@alumni_info 61 0
2 61 NULL
@revnum 62 1
2 62 2
@rev_rec 63 0
2 63 ->
@num_plins 64 1
3 64 0
@expl_state_ref 65 0
2 65 NULL
@feat_outl_info 66 0
2 66 ->
@ent_outl 67 2
3 67 [2][3]
$3*0
$3*0
@next_feat_ptr 68 0
1 68 ->
2 3 107
2 4 4097
2 5 ->
3 6 13
3 7 923
3 8 NULL
3 9 0
3 10 [3]
$2*262144,0
3 11 0
3 12 -1
3 13 -1
3 14 ->
4 15 0
4 16 0
4 17 -1
4 18 -1
4 19 -1
4 20 -1
4 21 0
4 22 0
4 23 0
4 24 [2]
$2*0
3 25 0
2 26 -1
2 27 SIDE
2 28 2
2 29 ->
@srf_id_arr 69 1
3 69 [1][4]
$111,3*0
3 32 NULL
3 33 [27]
$3*-1,-2049,2*-1,-16777217,3*-1,-536870913,-1,-1126176897,-2,-2097185,
$-203555329,495,10*0
3 34 NULL
3 35 ->
4 36 150023
4 37 150023
2 38 NULL
2 39 ->
2 40 ->
3 41 [4][3]
$2*0,3FF
$3FF,2*0
$0,3FF,0
$3*0
@place_instruction_ptrs 70 0
3 70 [1]
4 70 ->
@type 71 1
5 71 524
@offset 72 2
5 72 0
@dim_id 73 1
5 73 11
@ref_id 74 1
5 74 -1
@geometry1_id 75 1
5 75 110
@geometry2_id 76 1
5 76 111
@memb_num1 77 1
5 77 0
@memb_num2 78 1
5 78 0
@attr 79 1
5 79 32768
@plin_info_arr 80 0
5 80 [2]
6 80 ->
@type 81 1
7 81 1
@data(plin_info_ref) 82 0
7 82 ->
@id_type1 83 1
8 83 -4
@id_type2 84 1
8 84 5
@offset2 85 2
8 85 0
6 80 ->
7 81 6
@data(plin_info_ui_step) 86 0
7 86 ->
@step_ids 87 1
8 87 [1]
9 87 -100
3 42 -1
3 43 1
3 44 [1]
4 44 
5 45 11
5 46 0
5 47 [4][3]
$2*0,3FF
$3FF,2*0
$0,3FF,0
$3*0
2 48 NULL
2 49 111
2 50 -1
2 51 NULL
2 52 NULL
@parent_table 88 1
2 88 [1]
3 88 109
2 53 ->
3 54 0
3 55 0
3 56 [2][3]
$3*0
$3*0
3 57 0
3 58 NULL
3 59 -1
2 60 -1
2 61 NULL
2 62 2
2 63 ->
3 64 1
2 65 NULL
2 66 ->
3 67 [2][3]
$0,BFDD74FFD8B6C651,C0143DB663F1D2CR
$0,3FDD74FFD8B6C651,401C3DB663F1D2CR
1 68 ->
2 3 112
2 4 4097
2 5 ->
3 6 13
3 7 923
3 8 NULL
3 9 0
3 10 [3]
$2*262144,0
3 11 0
3 12 -1
3 13 -1
3 14 ->
4 15 0
4 16 0
4 17 -1
4 18 -1
4 19 -1
4 20 -1
4 21 0
4 22 0
4 23 0
4 24 [2]
$2*0
3 25 0
2 26 -1
2 27 TOP
2 28 2
2 29 ->
3 69 [1][4]
$113,3*0
3 32 NULL
3 33 [27]
$3*-1,-2049,2*-1,-16777217,3*-1,-536870913,-1,-1126176897,-2,-2097185,
$-203555329,495,10*0
3 34 NULL
3 35 ->
4 36 150023
4 37 150023
2 38 NULL
2 39 ->
2 40 ->
3 41 [4][3]
$0,3FF,0
$2*0,3FF
$3FF,2*0
$3*0
3 70 [1]
4 70 ->
5 71 525
5 72 0
5 73 12
5 74 -1
5 75 110
5 76 113
5 77 0
5 78 0
5 79 32768
5 80 [2]
6 80 ->
7 81 1
7 82 ->
8 83 -4
8 84 5
8 85 0
6 80 ->
7 81 6
7 86 ->
8 87 [1]
9 87 -100
3 42 -1
3 43 1
3 44 [1]
4 44 
5 45 11
5 46 0
5 47 [4][3]
$0,3FF,0
$2*0,3FF
$3FF,2*0
$3*0
2 48 NULL
2 49 113
2 50 -1
2 51 NULL
2 52 NULL
2 88 [1]
3 88 109
2 53 ->
3 54 0
3 55 0
3 56 [2][3]
$3*0
$3*0
3 57 0
3 58 NULL
3 59 -1
2 60 -1
2 61 NULL
2 62 2
2 63 ->
3 64 1
2 65 NULL
2 66 ->
3 67 [2][3]
$BFDD74FFD8B6C651,0,C0143DB663F1D2CR
$3FDD74FFD8B6C651,0,401C3DB663F1D2CR
1 68 ->
2 3 114
2 4 4097
2 5 ->
3 6 13
3 7 923
3 8 NULL
3 9 0
3 10 [3]
$262144,2*0
3 11 0
3 12 -1
3 13 -1
3 14 ->
4 15 0
4 16 0
4 17 -1
4 18 -1
4 19 -1
4 20 -1
4 21 0
4 22 0
4 23 0
4 24 [2]
$2*0
3 25 0
2 26 -1
2 27 FRONT
2 28 2
2 29 ->
3 69 [1][4]
$115,3*0
3 32 NULL
3 33 [27]
$3*-1,-2049,2*-1,-16777217,3*-1,-536870913,-1,-1126176897,-2,-2097185,
$-203555329,495,10*0
3 34 NULL
3 35 ->
4 36 150023
4 37 150023
2 38 NULL
2 39 ->
2 40 ->
3 41 [4][3]
$3FF,2*0
$0,3FF,0
$2*0,3FF
$3*0
3 70 [1]
4 70 ->
5 71 519
5 72 0
5 73 13
5 74 -1
5 75 110
5 76 115
5 77 0
5 78 0
5 79 32768
5 80 [2]
6 80 ->
7 81 1
7 82 ->
8 83 -4
8 84 5
8 85 0
6 80 ->
7 81 6
7 86 ->
8 87 [1]
9 87 -100
3 42 -1
3 43 1
3 44 [1]
4 44 
5 45 11
5 46 0
5 47 [4][3]
$3FF,2*0
$0,3FF,0
$2*0,3FF
$3*0
2 48 NULL
2 49 115
2 50 -1
2 51 NULL
2 52 NULL
2 88 [1]
3 88 109
2 53 ->
3 54 0
3 55 0
3 56 [2][3]
$3*0
$3*0
3 57 0
3 58 NULL
3 59 -1
2 60 -1
2 61 NULL
2 62 2
2 63 ->
3 64 1
2 65 NULL
2 66 ->
3 67 [2][3]
$2*BFDD74FFD8B6C651,0
$2*3FDD74FFD8B6C651,0
1 68 ->
2 3 121
2 4 1
2 5 ->
3 6 -1
3 7 923
3 8 NULL
3 9 0
3 10 [3]
$3,2*0
3 11 0
3 12 -1
3 13 -1
3 14 ->
4 15 0
4 16 0
4 17 -1
4 18 970
4 19 -1
4 20 -1
4 21 0
4 22 0
4 23 0
4 24 [2]
$2*0
3 25 0
2 26 -1
2 27 no_name
2 28 2
2 29 ->
3 69 [1][4]
$122,3*0
3 32 NULL
3 33 [27]
$3*-1,-2049,2*-1,-16777217,3*-1,-536870913,-1,-1126176897,-2,-2097185,
$-2097665,-1,-1073741843,-1,-1073741825,-257,-261121,-1,2047,3*0
3 34 NULL
3 35 ->
4 36 170018
4 37 170018
2 38 NULL
2 39 ->
2 40 ->
3 41 [4][3]
$BFF,2*0
$2*0,3FF
$0,3FF,0
$3*0
3 70 [2]
4 70 ->
5 71 509
5 72 3FF
5 73 -1
5 74 -1
5 75 113
5 76 122
5 77 0
5 78 0
5 79 32768
5 80 [2]
6 80 ->
7 81 1
7 82 ->
8 83 -4
8 84 5
8 85 0
6 80 ->
7 81 6
7 86 ->
8 87 [1]
9 87 -100
4 70 ->
5 71 510
5 72 3FF
5 73 -1
5 74 -1
5 75 115
5 76 122
5 77 0
5 78 0
5 79 32768
5 80 [2]
6 80 ->
7 81 1
7 82 ->
8 83 -4
8 84 5
8 85 0
6 80 ->
7 81 6
7 86 ->
8 87 [1]
9 87 -100
3 42 -1
3 43 1
3 44 [1]
4 44 
5 45 11
5 46 0
5 47 [4][3]
$BFF,2*0
$2*0,3FF
$0,3FF,0
$3*0
2 48 NULL
2 49 122
2 50 -1
2 51 NULL
2 52 NULL
2 88 [2]
$112,114
2 53 ->
3 54 0
3 55 0
3 56 [2][3]
$3*0
$3*0
3 57 0
3 58 NULL
3 59 -1
2 60 -1
2 61 NULL
2 62 0
2 63 ->
3 64 2
2 65 NULL
2 66 NULL
1 68 ->
2 3 120
2 4 4097
2 5 ->
3 6 -1
3 7 917
3 8 NULL
3 9 2
3 10 [3]
$0,65536,0
3 11 0
3 12 991
3 13 -1
3 14 ->
4 15 0
4 16 0
4 17 964
4 18 -1
4 19 -1
4 20 -1
4 21 0
4 22 0
4 23 0
4 24 [2]
$2*0
3 25 0
2 26 -1
2 27 no_name
2 28 2
2 29 ->
3 69 [16][4]
$123,204,2*0
$130,203,2*0
$137,200,13,0
$139,200,6,0
$141,200,5,0
$143,200,11,0
$145,200,10,0
$147,200,2,0
$149,204,0,1
$156,203,0,1
$163,200,13,1
$165,200,6,1
$167,200,5,1
$169,200,11,1
$171,200,10,1
$173,200,2,1
@edg_id_arr 89 1
3 89 [36][6]
$124,221,13,2*0,123
$125,221,6,2*0,123
$126,221,5,2*0,167
$127,221,11,2*0,123
$128,221,10,2*0,171
$129,221,2,2*0,123
$131,222,13,2*0,137
$132,222,6,2*0,139
$133,222,5,2*0,141
$134,222,11,2*0,143
$135,222,10,2*0,145
$136,222,2,2*0,147
$138,303,13,0,2,137
$140,303,6,0,13,139
$142,303,5,0,6,141
$144,303,11,0,5,143
$146,303,10,0,11,145
$148,303,2,0,10,147
$150,221,13,1,0,149
$151,221,6,1,0,149
$152,221,5,1,0,149
$153,221,11,1,0,149
$154,221,10,1,0,149
$155,221,2,1,0,149
$157,222,13,1,0,156
$158,222,6,1,0,-1
$159,222,5,1,0,-1
$160,222,11,1,0,-1
$161,222,10,1,0,-1
$162,222,2,1,0,-1
$164,303,13,1,2,173
$166,303,6,1,13,163
$168,303,5,1,6,139
$170,303,11,1,5,167
$172,303,10,1,11,143
$174,303,2,1,10,171
3 30 [2]
4 30 
5 31 [5]
$175,530,123,-1,500
4 30 
5 31 [5]
$176,531,123,-1,500
@dtm_id_tab 90 0
3 90 [1]
4 90 
@dtm_id 91 1
5 91 122
@dim_id 92 1
5 92 -1
3 32 ->
@sv_frst_geom 93 1
4 93 139
3 33 [27]
$3*-1,-2049,2*-1,-16777217,3*-1,-536870913,-1,-1126176897,-2,-2097185,
$-2097665,-1,-1073741843,-1,-1073741825,-257,-261121,-1,2047,3*0
3 34 NULL
3 35 ->
4 36 170018
4 37 170018
2 38 NULL
2 39 ->
2 40 ->
3 41 [4][3]
$BFF,2*0
$2*0,3FF
$0,3FF,0
$3*0
3 70 [1]
4 70 ->
5 71 21
5 72 0
5 73 -1
5 74 -1
5 75 122
5 76 123
5 77 0
5 78 0
5 79 0
5 80 [2]
6 80 ->
7 81 6
7 86 ->
8 87 [1]
9 87 -200
6 80 ->
7 81 1
7 82 ->
8 83 -4
8 84 5
8 85 0
3 42 -1
3 43 0
3 44 [2]
4 44 
5 45 1
5 46 0
5 47 [4][3]
$0,3FF,0
$BFF,2*0
$2*0,3FF
$3*0
4 44 
5 45 12
5 46 0
5 47 [4][3]
$BFF,2*0
$2*0,3FF
$0,3FF,0
$3*0
2 48 NULL
2 49 139
@gsec_ptr 94 0
2 94 [1]
3 94 
@type 95 1
4 95 2
@is_ref_gsec 96 1
4 96 0
@name 97 10
4 97 S2D0017
@gsec2d_ptr 98 0
4 98 ->
@name 99 10
5 99 S2D0017
@segtab_ptr 100 0
5 100 [9]
6 100 
@type 101 1
7 101 2
@dir 102 1
7 102 [3]
$1,2*0
@pointid 103 1
7 103 [2]
$0,1
@cntrid 104 1
7 104 1
@arcorient 105 1
7 105 0
@verhor 106 1
7 106 1
@radius 107 1
7 107 0
@ext_id 108 1
7 108 2
@gen_info 109 0
7 109 
@ent_spec_data(null_ptr) 110 0
7 110 ->
@known_ent_info 111 0
7 111 
@attr 112 1
8 112 0
@known_ent_id 113 1
8 113 -1
6 100 
7 101 2
7 102 [3]
$0,-1,0
7 103 [2]
$2,3
7 104 3
7 105 0
7 106 0
7 107 0
7 108 5
7 109 
7 110 ->
7 111 
8 112 0
8 113 -1
6 100 
7 101 2
7 102 [3]
$-1,2*0
7 103 [2]
$3,4
7 104 4
7 105 0
7 106 1
7 107 0
7 108 6
7 109 
7 110 ->
7 111 
8 112 0
8 113 -1
6 100 
7 101 2
7 102 [3]
$0,-1,0
7 103 [2]
$1,5
7 104 5
7 105 0
7 106 0
7 107 0
7 108 10
7 109 
7 110 ->
7 111 
8 112 0
8 113 -1
6 100 
7 101 2
7 102 [3]
$1,2*0
7 103 [2]
$5,2
7 104 0
7 105 0
7 106 1
7 107 0
7 108 11
7 109 
7 110 ->
7 111 
8 112 0
8 113 -1
6 100 
7 101 2
7 102 [3]
$0,-1,0
7 103 [2]
$0,4
7 104 0
7 105 0
7 106 0
7 107 0
7 108 13
7 109 
7 110 ->
7 111 
8 112 0
8 113 -1
6 100 
7 101 32770
7 102 [3]
$0,1,0
7 103 [2]
$6,7
7 104 7
7 105 0
7 106 0
7 107 0
7 108 1
7 109 
@attributes 114 1
8 114 8
7 110 ->
7 111 
8 112 0
8 113 -1
6 100 
7 101 5
7 102 [3]
$0,1,0
7 103 [2]
$2*8
7 104 8
7 105 0
7 106 0
7 107 0
7 108 0
7 109 
7 110 ->
7 111 
8 112 0
8 113 -1
6 100 
7 101 32770
7 102 [3]
$1,2*0
7 103 [2]
$9,10
7 104 10
7 105 0
7 106 1
7 107 0
7 108 12
7 109 
8 114 8
7 110 ->
7 111 
8 112 0
8 113 -1
@dimtab_ptr 115 0
5 115 [9]
6 115 
@type 116 1
7 116 5
@value 117 2
7 117 4028
@direct 118 1
7 118 0
@property 119 1
7 119 0
@leftpt 120 1
7 120 [2]
@rightpt 121 1
7 121 [2]
@offset 122 2
7 122 0
@ext_id 123 1
7 123 2
@dispdimattr 124 0
7 124 
@dimattr 125 1
8 125 [4]
$34,3*0
@dim_ref 126 0
7 126 [2]
8 126 
@item_id 127 1
9 127 2
@sense 128 1
9 128 -1
@point 129 1
9 129 [2]
$3,4
8 126 
9 127 0
9 128 -1
9 129 [2]
$0,1
6 115 
7 116 42
7 117 0
7 118 0
7 119 0
7 120 [2]
7 121 [2]
7 122 0
7 123 7
7 124 
8 125 [4]
$4*0
7 126 [2]
8 126 
9 127 6
9 128 4
9 129 [2]
$2*-1
8 126 
9 127 0
9 128 1
9 129 [2]
$2*-1
6 115 
7 116 42
7 117 0
7 118 0
7 119 0
7 120 [2]
7 121 [2]
7 122 0
7 123 8
7 124 
8 125 [4]
$4*0
7 126 [2]
8 126 
9 127 6
9 128 4
9 129 [2]
$2*-1
8 126 
9 127 2
9 128 2
9 129 [2]
$2*-1
6 115 
7 116 42
7 117 0
7 118 0
7 119 0
7 120 [2]
7 121 [2]
7 122 0
7 123 0
7 124 
8 125 [4]
$4*0
7 126 [2]
8 126 
9 127 6
9 128 4
9 129 [2]
$2*-1
8 126 
9 127 7
9 128 4
9 129 [2]
$2*-1
6 115 
7 116 5
7 117 3FD9R
7 118 0
7 119 0
7 120 [2]
7 121 [2]
7 122 0
7 123 1
7 124 
8 125 [4]
$290,3*0
7 126 [2]
8 126 
9 127 7
9 128 -1
9 129 [2]
$2*8
8 126 
9 127 1
9 128 -1
9 129 [2]
$2,3
6 115 
7 116 5
7 117 3FD
7 118 0
7 119 0
7 120 [2]
7 121 [2]
7 122 0
7 123 9
7 124 
8 125 [4]
$290,3*0
7 126 [2]
8 126 
9 127 7
9 128 -1
9 129 [2]
$2*8
8 126 
9 127 3
9 128 -1
9 129 [2]
$1,5
6 115 
7 116 5
7 117 3FE3R
7 118 0
7 119 0
7 120 [2]
7 121 [2]
7 122 0
7 123 10
7 124 
8 125 [4]
$34,3*0
7 126 [2]
8 126 
9 127 0
9 128 -1
9 129 [2]
$0,1
8 126 
9 127 4
9 128 -1
9 129 [2]
$5,2
6 115 
7 116 5
7 117 4014
7 118 0
7 119 0
7 120 [2]
7 121 [2]
7 122 0
7 123 11
7 124 
8 125 [4]
$34,3*0
7 126 [2]
8 126 
9 127 2
9 128 -1
9 129 [2]
$3,4
8 126 
9 127 8
9 128 -1
9 129 [2]
$9,10
6 115 
7 116 42
7 117 0
7 118 0
7 119 0
7 120 [2]
7 121 [2]
7 122 0
7 123 12
7 124 
8 125 [4]
$4*0
7 126 [2]
8 126 
9 127 6
9 128 4
9 129 [2]
$2*-1
8 126 
9 127 5
9 128 4
9 129 [2]
$2*-1
@relat_ptr 130 0
5 130 [14]
6 130 
@id 131 1
7 131 2
@used 132 1
7 132 0
@a 133 1
7 133 [4]
$0,6,2*-1
@b 134 1
7 134 [4]
$4*0
@c 135 2
7 135 [4]
$3FF,BFF,3FF,0
@sign 136 1
7 136 0
@idim 137 1
7 137 -1
@type 138 1
7 138 0
6 130 
7 131 0
7 132 0
7 133 [4]
$8,0,2*-1
7 134 [4]
$4*0
7 135 [4]
$3FF,BFF,2*3FF
7 136 0
7 137 -1
7 138 0
6 130 
7 131 4
7 132 0
7 133 [4]
$4,6,2*-1
7 134 [4]
$4*0
7 135 [4]
$3FF,BFF,3FF,0
7 136 0
7 137 -1
7 138 0
6 130 
7 131 18
7 132 1
7 133 [4]
$8,2,2*-1
7 134 [4]
$4*0
7 135 [4]
$3FF,BFF,2*3FF
7 136 1
7 137 4
7 138 0
6 130 
7 131 9
7 132 1
7 133 [4]
$2,3,2*-1
7 134 [4]
$4*0
7 135 [4]
$3FF,BFF,2*3FF
7 136 0
7 137 0
7 138 0
6 130 
7 131 19
7 132 1
7 133 [4]
$8,1,2*-1
7 134 [4]
$4*0
7 135 [4]
$3FF,BFF,2*3FF
7 136 1
7 137 5
7 138 0
6 130 
7 131 11
7 132 1
7 133 [4]
$1,5,2*-1
7 134 [4]
$4*0
7 135 [4]
$3FF,BFF,2*3FF
7 136 0
7 137 0
7 138 0
6 130 
7 131 21
7 132 0
7 133 [4]
$3,9,2*-1
7 134 [4]
$2*1,2*0
7 135 [4]
$3FF,BFF,2*3FF
7 136 1
7 137 7
7 138 0
6 130 
7 131 10
7 132 1
7 133 [4]
$3,4,2*-1
7 134 [4]
$2*1,2*0
7 135 [4]
$3FF,BFF,2*3FF
7 136 0
7 137 0
7 138 0
6 130 
7 131 17
7 132 1
7 133 [4]
$3,0,2*-1
7 134 [4]
$2*1,2*0
7 135 [4]
$3FF,BFF,2*3FF
7 136 1
7 137 0
7 138 0
6 130 
7 131 1
7 132 0
7 133 [4]
$8,0,2*-1
7 134 [4]
$2*1,2*0
7 135 [4]
$3FF,BFF,2*3FF
7 136 0
7 137 -1
7 138 0
6 130 
7 131 8
7 132 1
7 133 [4]
$0,1,2*-1
7 134 [4]
$2*1,2*0
7 135 [4]
$3FF,BFF,2*3FF
7 136 0
7 137 0
7 138 0
6 130 
7 131 20
7 132 1
7 133 [4]
$0,5,2*-1
7 134 [4]
$2*1,2*0
7 135 [4]
$3FF,BFF,2*3FF
7 136 -1
7 137 6
7 138 0
6 130 
7 131 12
7 132 1
7 133 [4]
$5,2,2*-1
7 134 [4]
$2*1,2*0
7 135 [4]
$3FF,BFF,2*3FF
7 136 0
7 137 0
7 138 0
@formula_ptr 139 1
5 139 [14]
$0,1,2,3,4,5,6,7,8,9,10,11,12,13
@qind 140 1
5 140 -1
@anchor 141 0
5 141 NULL
@totalpointid 142 1
5 142 11
@checkarcs_flag 143 1
5 143 1
@location 144 0
5 144 ->
@id 145 1
6 145 0
@param 146 2
6 146 0
@type 147 1
6 147 0
@nsket_info 148 0
5 148 ->
@scale 149 2
6 149 40346DB2A1312685
@m 150 1
6 150 6
@last_was_permanent 151 1
6 151 0
@unsolved_ptr 152 0
5 152 ->
@iges_file 153 10
6 153 NULL
@solve_version 154 1
5 154 1
@segdscr_tab 155 0
5 155 [14]
6 155 
@ent_mode 156 1
7 156 0
@segm_ent_ptr(ent_ptr) 157 0
7 157 ->
6 155 
7 156 0
7 157 ->
6 155 
7 156 0
7 157 ->
6 155 
7 156 0
7 157 ->
6 155 
7 156 0
7 157 ->
6 155 
7 156 0
7 157 ->
6 155 
7 156 0
7 157 ->
6 155 
7 156 0
7 157 ->
6 155 
7 156 0
7 157 ->
6 155 
7 156 0
7 157 ->
6 155 
7 156 0
7 157 ->
6 155 
7 156 0
7 157 ->
6 155 
7 156 0
7 157 ->
6 155 
7 156 0
7 157 ->
@skamp_ptr 158 0
5 158 [19]
6 158 
@id 159 1
7 159 0
@type 160 1
7 160 1
@flags 161 1
7 161 0
@status 162 1
7 162 3
@items 163 0
7 163 [1]
8 163 
@ent_id 164 1
9 164 2
@sense 165 1
9 165 0
6 158 
7 159 1
7 160 2
7 161 0
7 162 3
7 163 [1]
8 163 
9 164 5
9 165 0
6 158 
7 159 2
7 160 0
7 161 0
7 162 3
7 163 [2]
8 163 
9 164 6
9 165 2
8 163 
9 164 5
9 165 3
6 158 
7 159 3
7 160 1
7 161 0
7 162 3
7 163 [1]
8 163 
9 164 6
9 165 0
6 158 
7 159 4
7 160 0
7 161 0
7 162 3
7 163 [2]
8 163 
9 164 10
9 165 2
8 163 
9 164 2
9 165 3
6 158 
7 159 5
7 160 2
7 161 0
7 162 3
7 163 [1]
8 163 
9 164 10
9 165 0
6 158 
7 159 6
7 160 0
7 161 0
7 162 3
7 163 [2]
8 163 
9 164 11
9 165 2
8 163 
9 164 10
9 165 3
6 158 
7 159 7
7 160 0
7 161 0
7 162 3
7 163 [2]
8 163 
9 164 11
9 165 3
8 163 
9 164 5
9 165 2
6 158 
7 159 8
7 160 1
7 161 0
7 162 3
7 163 [1]
8 163 
9 164 11
9 165 0
6 158 
7 159 9
7 160 0
7 161 0
7 162 3
7 163 [2]
8 163 
9 164 13
9 165 2
8 163 
9 164 2
9 165 2
6 158 
7 159 10
7 160 0
7 161 0
7 162 3
7 163 [2]
8 163 
9 164 13
9 165 3
8 163 
9 164 6
9 165 3
6 158 
7 159 11
7 160 2
7 161 0
7 162 3
7 163 [1]
8 163 
9 164 13
9 165 0
6 158 
7 159 12
7 160 2
7 161 0
7 162 3
7 163 [1]
8 163 
9 164 1
9 165 0
6 158 
7 159 13
7 160 2
7 161 0
7 162 3
7 163 [1]
8 163 
9 164 0
9 165 0
6 158 
7 159 14
7 160 1
7 161 0
7 162 3
7 163 [1]
8 163 
9 164 12
9 165 0
6 158 
7 159 15
7 160 3
7 161 0
7 162 3
7 163 [2]
8 163 
9 164 0
9 165 0
8 163 
9 164 2
9 165 2
6 158 
7 159 16
7 160 3
7 161 0
7 162 1
7 163 [2]
8 163 
9 164 0
9 165 0
8 163 
9 164 6
9 165 3
6 158 
7 159 17
7 160 3
7 161 0
7 162 1
7 163 [2]
8 163 
9 164 0
9 165 0
8 163 
9 164 1
9 165 2
6 158 
7 159 18
7 160 3
7 161 0
7 162 1
7 163 [2]
8 163 
9 164 0
9 165 0
8 163 
9 164 1
9 165 3
@triples_ptr 166 0
5 166 [5]
6 166 
@rel_id 167 1
7 167 0
@eqn_id 168 1
7 168 0
@skamp_id 169 1
7 169 15
6 166 
7 167 1
7 168 1
7 169 15
6 166 
7 167 14
7 168 8
7 169 16
6 166 
7 167 15
7 168 9
7 169 17
6 166 
7 167 16
7 168 10
7 169 18
@gsec3d_ptr 170 0
4 170 ->
@type 171 1
5 171 7
@name 172 10
5 172 S2D0017
@flip 173 1
5 173 1
@own_ref_id 174 1
5 174 -1
@first_chain_ptr 175 0
5 175 NULL
@quilt_id 176 1
5 176 -1
@plane_id 177 1
5 177 122
@plane_flip 178 1
5 178 -1
@ref_planes 179 0
5 179 [2]
6 179 
@plane_id 180 1
7 180 111
@ref_type 181 1
7 181 5
@ext_ref_id 182 1
7 182 -1
@seg_id 183 1
7 183 6
@flip_flag 184 1
7 184 0
@save_entity_ptr(line) 185 0
7 185 ->
@type 186 1
8 186 32770
@id 187 1
8 187 0
@gen_info 188 0
8 188 
9 114 8
@end1 189 2
8 189 [3]
$3*0
@end2 190 2
8 190 [3]
$0,4059,0
@back_entity_ptr(line) 191 0
7 191 ->
8 186 32770
8 187 0
8 188 
9 114 8
8 189 [3]
$3*0
8 190 [3]
$0,4059,0
6 179 
7 180 115
7 181 5
7 182 -1
7 183 8
7 184 0
7 185 ->
8 186 32770
8 187 0
8 188 
9 114 8
8 189 [3]
$3*0
8 190 [3]
$4059,2*0
7 191 ->
8 186 32770
8 187 0
8 188 
9 114 8
8 189 [3]
$3*0
8 190 [3]
$4059,2*0
@order_ptr 192 0
4 192 [6]
5 192 
@id 193 1
6 193 0
@flip 194 1
6 194 34
5 192 
6 193 3
6 194 0
5 192 
6 193 4
6 194 0
5 192 
6 193 1
6 194 0
5 192 
6 193 2
6 194 0
5 192 
6 193 5
6 194 5
@dim_id_tab 195 1
4 195 [9]
$14,15,16,17,18,19,20,21,22
@attributes 196 1
4 196 262144
@xsec_id 197 1
4 197 -1
@gsec_info_arr 198 0
4 198 [1]
5 198 
@application_type 199 1
6 199 2
@application_id 200 1
6 200 1
@secsolve_revnum 201 1
4 201 0
@rel_accuracy 202 2
4 202 BFF
@cr_flags 203 1
4 203 63
@p_saved_result 204 0
4 204 ->
@entity(line) 205 0
5 205 ->
6 187 0
6 188 
6 189 [3]
$0,401C,0
6 190 [3]
$3FD,401C,0
5 205 ->
6 187 1
6 188 
6 189 [3]
$3FD9R,4019R,0
6 190 [3]
$3FD9R,C014,0
5 205 ->
6 187 2
6 188 
6 189 [3]
$3FD9R,C014,0
6 190 [3]
$0,C014,0
5 205 ->
6 187 3
6 188 
6 189 [3]
$3FD,401C,0
6 190 [3]
$3FD,4019R,0
5 205 ->
6 187 4
6 188 
6 189 [3]
$3FD,4019R,0
6 190 [3]
$3FD9R,4019R,0
5 205 ->
6 187 5
6 188 
6 189 [3]
$0,401C,0
6 190 [3]
$0,C014,0
5 205 ->
6 186 32770
6 187 6
6 188 
7 114 8
6 189 [3]
$3*0
6 190 [3]
$0,4059,0
5 205 ->
6 186 5
6 187 7
6 188 
@flip 206 1
6 206 0
6 189 [3]
$0,C016R,0
6 190 [3]
$0,401E6R,0
5 205 ->
6 186 32770
6 187 8
6 188 
7 114 8
6 189 [3]
$3*0
6 190 [3]
$4059,2*0
@local_sys 207 2
5 207 [4][3]
$BFF,2*0
$2*0,3FF
$0,3FF,0
$3*0
2 50 -1
2 51 NULL
2 52 NULL
2 88 [3]
$107,114,121
2 53 ->
@crv_dirs 208 0
3 208 [1]
4 208 
@p_crv 209 1
5 209 124
@crv_pnt_dir 210 1
5 210 [2]
$1,-1
@crv_type 211 0
3 211 [32]
4 211 
@p_crv 212 1
5 212 124
@crv_type 213 1
5 213 7
4 211 
5 212 125
5 213 7
4 211 
5 212 127
5 213 7
4 211 
5 212 129
5 213 7
4 211 
5 212 131
5 213 7
4 211 
5 212 132
5 213 7
4 211 
5 212 134
5 213 7
4 211 
5 212 136
5 213 7
4 211 
5 212 138
5 213 7
4 211 
5 212 140
5 213 7
4 211 
5 212 142
5 213 7
4 211 
5 212 144
5 213 7
4 211 
5 212 146
5 213 7
4 211 
5 212 148
5 213 7
4 211 
5 212 150
5 213 7
4 211 
5 212 151
5 213 7
4 211 
5 212 152
5 213 7
4 211 
5 212 153
5 213 7
4 211 
5 212 154
5 213 7
4 211 
5 212 155
5 213 7
4 211 
5 212 157
5 213 7
4 211 
5 212 158
5 213 7
4 211 
5 212 159
5 213 7
4 211 
5 212 160
5 213 7
4 211 
5 212 161
5 213 7
4 211 
5 212 162
5 213 7
4 211 
5 212 164
5 213 7
4 211 
5 212 166
5 213 7
4 211 
5 212 168
5 213 7
4 211 
5 212 170
5 213 7
4 211 
5 212 172
5 213 7
4 211 
5 212 174
5 213 7
3 54 0
3 55 0
3 56 [2][3]
$3*0
$3*0
3 57 0
3 58 NULL
3 59 -1
2 60 -1
2 61 NULL
2 62 4
2 63 ->
@revnums 214 0
3 214 [2]
4 214 ->
@owner_type 215 1
5 215 4
@owner_ind 216 1
5 216 0
@ref_id 217 1
5 217 0
@ref_revnum 218 1
5 218 2
4 214 ->
5 215 4
5 216 0
5 217 1
5 218 2
3 64 1
2 65 NULL
2 66 ->
3 67 [2][3]
$2*0,C014
$2*0,401C
1 68 NULL
@layer_list 219 0
1 219 [6]
2 219 
@feat_id 220 1
3 220 109
@layer_id 221 1
3 221 0
@back_layer_id 222 1
3 222 0
2 219 
3 220 107
3 221 0
3 222 0
2 219 
3 220 112
3 221 0
3 222 0
2 219 
3 220 114
3 221 0
3 222 0
2 219 
3 220 121
3 221 0
3 222 0
2 219 
3 220 120
3 221 0
3 222 0
#FullMData
@Sld_FullData 1 0
0 1 ->
@first_member_ptr 2 0
1 2 NULL
@alumni_members 3 0
1 3 NULL
@first_xsec_ptr 4 0
1 4 NULL
@lang_ptr 5 0
1 5 ->
@interact_on 6 1
2 6 -1
@first_csys_ptr 7 0
1 7 NULL
@dim_array 8 0
1 8 [23]
2 8 NULL
2 8 NULL
2 8 NULL
2 8 NULL
2 8 NULL
2 8 NULL
2 8 NULL
2 8 NULL
2 8 NULL
2 8 NULL
2 8 NULL
2 8 ->
@type 9 1
3 9 8
@dim_type 10 1
3 10 204
@feat_id 11 1
3 11 107
@attributes 12 1
3 12 257
@dim_dat_ptr 13 0
3 13 ->
@value 14 2
4 14 0
@bck_value 15 2
4 15 0
@tol_ptr 16 0
4 16 ->
@type 17 1
5 17 9
@tol_type 18 1
5 18 3
@dual_digits_diff 19 1
5 19 999
@value 20 2
5 20 [2]
$2*3F847AE147AE147B
@nominal_value 21 2
4 21 0
@bound 22 1
4 22 20
@bck_bound 23 1
4 23 -1
@bck_tol_ptr 24 0
4 24 ->
@value 25 2
5 25 [2]
$2*3F847AE147AE147B
@datum_def_id 26 1
4 26 -1
@places_denom 27 1
4 27 2
@bck_places_denom 28 1
4 28 2
@dim_data_attrib 29 1
4 29 0
@dim_cosm_ptr 30 0
3 30 ->
@d0 31 2
4 31 0
@d1 32 2
4 32 0
@d2 33 2
4 33 0
@d3 34 2
4 34 0
@ord_info 35 0
4 35 NULL
@attach_ptr 36 0
3 36 NULL
@dim_text_ptr 37 0
3 37 ->
@symbol 38 10
4 38 d11
@parent_dim_id 39 1
3 39 -1
2 8 ->
3 9 8
3 10 204
3 11 112
3 12 257
3 13 ->
4 14 0
4 15 0
4 16 ->
5 17 9
5 18 3
5 19 999
5 20 [2]
$2*3F847AE147AE147B
4 21 0
4 22 20
4 23 -1
4 24 ->
5 25 [2]
$2*3F847AE147AE147B
4 26 -1
4 27 2
4 28 2
4 29 0
3 30 ->
4 31 0
4 32 0
4 33 0
4 34 0
4 35 NULL
3 36 NULL
3 37 ->
4 38 d12
3 39 -1
2 8 ->
3 9 8
3 10 204
3 11 114
3 12 257
3 13 ->
4 14 0
4 15 0
4 16 ->
5 17 9
5 18 3
5 19 999
5 20 [2]
$2*3F847AE147AE147B
4 21 0
4 22 20
4 23 -1
4 24 ->
5 25 [2]
$2*3F847AE147AE147B
4 26 -1
4 27 2
4 28 2
4 29 0
3 30 ->
4 31 0
4 32 0
4 33 0
4 34 0
4 35 NULL
3 36 NULL
3 37 ->
4 38 d13
3 39 -1
2 8 ->
3 9 8
3 10 5
3 11 120
3 12 289
3 13 ->
4 14 4028
4 15 4028
4 16 ->
5 17 9
5 18 2
5 19 999
5 20 [2]
$2*3F847AE147AE147B
4 21 4028
4 22 20
4 23 -1
4 24 ->
5 25 [2]
$2*3F847AE147AE147B
4 26 -1
4 27 2
4 28 2
4 29 0
3 30 ->
4 31 4061D94A5BEAC6EA
4 32 3FE3F160662F0AF
4 33 3FE3E0F83E0F83E3
4 34 404B1EDB6DB6DB6F
4 35 NULL
3 36 NULL
3 37 ->
4 38 d14
3 39 -1
2 8 ->
3 9 8
3 10 42
3 11 120
3 12 32
3 13 ->
4 14 0
4 15 0
4 16 ->
5 17 9
5 18 2
5 19 999
5 20 [2]
$2*3F847AE147AE147B
4 21 0
4 22 20
4 23 -1
4 24 ->
5 25 [2]
$2*3F847AE147AE147B
4 26 -1
4 27 2
4 28 2
4 29 0
3 30 ->
4 31 0
4 32 0
4 33 0
4 34 0
4 35 NULL
3 36 NULL
3 37 ->
4 38 d15
3 39 -1
2 8 ->
3 9 8
3 10 42
3 11 120
3 12 32
3 13 ->
4 14 0
4 15 0
4 16 ->
5 17 9
5 18 2
5 19 999
5 20 [2]
$2*3F847AE147AE147B
4 21 0
4 22 20
4 23 -1
4 24 ->
5 25 [2]
$2*3F847AE147AE147B
4 26 -1
4 27 2
4 28 2
4 29 0
3 30 ->
4 31 0
4 32 0
4 33 0
4 34 0
4 35 NULL
3 36 NULL
3 37 ->
4 38 d16
3 39 -1
2 8 ->
3 9 8
3 10 42
3 11 120
3 12 32
3 13 ->
4 14 0
4 15 0
4 16 ->
5 17 9
5 18 2
5 19 999
5 20 [2]
$2*3F847AE147AE147B
4 21 0
4 22 20
4 23 -1
4 24 ->
5 25 [2]
$2*3F847AE147AE147B
4 26 -1
4 27 2
4 28 2
4 29 0
3 30 ->
4 31 0
4 32 0
4 33 0
4 34 0
4 35 NULL
3 36 NULL
3 37 ->
4 38 d17
3 39 -1
2 8 ->
3 9 8
3 10 5
3 11 120
3 12 353
3 13 ->
4 14 3FE9R
4 15 3FE9R
4 16 ->
5 17 9
5 18 2
5 19 999
5 20 [2]
$2*3F847AE147AE147B
4 21 3FE9R
4 22 20
4 23 -1
4 24 ->
5 25 [2]
$2*3F847AE147AE147B
4 26 -1
4 27 2
4 28 2
4 29 0
3 30 ->
4 31 3FD46C2D926B9189
4 32 C04514BCC60E4CA8
4 33 3FE4924924924927
4 34 404B1EDB6DB6DB6F
4 35 NULL
3 36 NULL
3 37 ->
4 38 d18
@line_array 40 0
4 40 [1]
5 40 
@text_array 41 0
6 41 [2]
7 41 
@text_type 42 1
8 42 54
@text_value 43 10
8 43 n
@txt_attrib 44 1
8 44 1024
@owner_id 45 1
8 45 18
@height 46 2
8 46 BFF
@width_factor 47 2
8 47 BFF
@format_info 48 0
8 48 
@thickness 49 2
8 49 BFF
7 41 
8 42 61
8 43 
8 44 1025
8 45 18
8 46 BFF
8 47 BFF
8 48 
8 49 BFF
3 39 -1
2 8 ->
3 9 8
3 10 5
3 11 120
3 12 97
3 13 ->
4 14 3FE
4 15 3FE
4 16 ->
5 17 9
5 18 2
5 19 999
5 20 [2]
$2*3F847AE147AE147B
4 21 3FE
4 22 20
4 23 -1
4 24 ->
5 25 [2]
$2*3F847AE147AE147B
4 26 -1
4 27 2
4 28 2
4 29 0
3 30 ->
4 31 3FC1BABB37B8E5D3
4 32 405B5CE7DB805A2C
4 33 3FE2D905D0B7D6B4
4 34 404B1EDB6DB6DB6E
4 35 NULL
3 36 NULL
3 37 ->
4 38 d19
4 40 [1]
5 40 
6 41 [2]
7 41 
8 42 54
8 43 n
8 44 1024
8 45 19
8 46 BFF
8 47 BFF
8 48 
8 49 BFF
7 41 
8 42 61
8 43 
8 44 1025
8 45 19
8 46 BFF
8 47 BFF
8 48 
8 49 BFF
3 39 -1
2 8 ->
3 9 8
3 10 5
3 11 120
3 12 289
3 13 ->
4 14 3FE3R
4 15 3FE3R
4 16 ->
5 17 9
5 18 2
5 19 999
5 20 [2]
$2*3F847AE147AE147B
4 21 3FE3R
4 22 20
4 23 -1
4 24 ->
5 25 [2]
$2*3F847AE147AE147B
4 26 -1
4 27 2
4 28 2
4 29 0
3 30 ->
4 31 404F005378657B5A
4 32 3FEDA489995EF351
4 33 3FE90A3F7764083
4 34 404B1EDB6DB6DB6E
4 35 NULL
3 36 NULL
3 37 ->
4 38 d20
3 39 -1
2 8 ->
3 9 8
3 10 5
3 11 120
3 12 289
3 13 ->
4 14 4014
4 15 4014
4 16 ->
5 17 9
5 18 2
5 19 999
5 20 [2]
$2*3F847AE147AE147B
4 21 4014
4 22 20
4 23 -1
4 24 ->
5 25 [2]
$2*3F847AE147AE147B
4 26 -1
4 27 2
4 28 2
4 29 0
3 30 ->
4 31 C065A25E05EDCD7A
4 32 3FD8F3C7C10CB508
4 33 3FE8FECC500D570F
4 34 404B1EDB6DB6DB6E
4 35 NULL
3 36 NULL
3 37 ->
4 38 d21
3 39 -1
2 8 ->
3 9 8
3 10 42
3 11 120
3 12 32
3 13 ->
4 14 0
4 15 0
4 16 ->
5 17 9
5 18 2
5 19 999
5 20 [2]
$2*3F847AE147AE147B
4 21 0
4 22 20
4 23 -1
4 24 ->
5 25 [2]
$2*3F847AE147AE147B
4 26 -1
4 27 2
4 28 2
4 29 0
3 30 ->
4 31 0
4 32 0
4 33 0
4 34 0
4 35 NULL
3 36 NULL
3 37 ->
4 38 d22
3 39 -1
@ipar_num 50 1
1 50 0
@smt_info_ptr 51 0
1 51 NULL
@cable_info_ptr 52 0
1 52 NULL
@comp_info_ptr 53 0
1 53 NULL
@prt_misc_ptr 54 0
1 54 ->
@shrink_data_ptr 55 0
2 55 NULL
@expld_mv_info 56 0
1 56 ->
@act_expl_state 57 1
2 57 -1
@default_state 58 0
2 58 ->
@id 59 1
3 59 -1
@type 60 1
3 60 500
@state_type 61 1
3 61 0
@cur_stage_ind 62 1
3 62 -1
@stage_info 63 0
3 63 [1]
4 63 
@unexpl_subass_info 64 0
3 64 ->
@expld_comp_ref 65 0
3 65 ->
@comp_id 66 1
4 66 -1
@gen_info 67 0
3 67 
@font 68 1
4 68 5
@color 69 1
4 69 10
@state_info_ptr 70 0
1 70 NULL
@alumni_feats 71 0
1 71 NULL
@p_mdl_grid 72 0
1 72 NULL
@mdl_status_ptr 73 0
1 73 ->
@layer_list 74 0
2 74 [6]
3 74 
@feat_id 75 1
4 75 109
@layer_id 76 1
4 76 0
@back_layer_id 77 1
4 77 0
3 74 
4 75 107
4 76 0
4 77 0
3 74 
4 75 112
4 76 0
4 77 0
3 74 
4 75 114
4 76 0
4 77 0
3 74 
4 75 121
4 76 0
4 77 0
3 74 
4 75 120
4 76 0
4 77 0
@rev_arr_sizes 78 0
2 78 [5]
3 78 
@rev 79 0
4 79 
@major_rev 80 1
5 80 1
@minor_rev 81 1
5 81 0
@array_sizes 82 0
4 82 [11]
5 82 
@ids_types 83 0
6 83 [10]
7 83 
@id 84 1
8 84 -1
@db_type 85 1
8 85 8
7 83 
8 84 -1
8 85 -1
7 83 
8 84 -1
8 85 -1
7 83 
8 84 -1
8 85 -1
7 83 
8 84 -1
8 85 -1
7 83 
8 84 -1
8 85 -1
7 83 
8 84 -1
8 85 -1
7 83 
8 84 -1
8 85 -1
7 83 
8 84 -1
8 85 -1
7 83 
8 84 -1
8 85 -1
@size 86 1
6 86 14
5 82 
6 83 [10]
7 83 
8 84 -1
8 85 69
7 83 
8 84 -1
8 85 -1
7 83 
8 84 -1
8 85 -1
7 83 
8 84 -1
8 85 -1
7 83 
8 84 -1
8 85 -1
7 83 
8 84 -1
8 85 -1
7 83 
8 84 -1
8 85 -1
7 83 
8 84 -1
8 85 -1
7 83 
8 84 -1
8 85 -1
7 83 
8 84 -1
8 85 -1
6 86 0
5 82 
6 83 [10]
7 83 
8 84 -1
8 85 28
7 83 
8 84 -1
8 85 -1
7 83 
8 84 -1
8 85 -1
7 83 
8 84 -1
8 85 -1
7 83 
8 84 -1
8 85 -1
7 83 
8 84 -1
8 85 -1
7 83 
8 84 -1
8 85 -1
7 83 
8 84 -1
8 85 -1
7 83 
8 84 -1
8 85 -1
7 83 
8 84 -1
8 85 -1
6 86 0
5 82 
6 83 [10]
7 83 
8 84 -1
8 85 32
7 83 
8 84 -1
8 85 -1
7 83 
8 84 -1
8 85 -1
7 83 
8 84 -1
8 85 -1
7 83 
8 84 -1
8 85 -1
7 83 
8 84 -1
8 85 -1
7 83 
8 84 -1
8 85 -1
7 83 
8 84 -1
8 85 -1
7 83 
8 84 -1
8 85 -1
7 83 
8 84 -1
8 85 -1
6 86 0
5 82 
6 83 [10]
7 83 
8 84 -1
8 85 42
7 83 
8 84 -1
8 85 -1
7 83 
8 84 -1
8 85 -1
7 83 
8 84 -1
8 85 -1
7 83 
8 84 -1
8 85 -1
7 83 
8 84 -1
8 85 -1
7 83 
8 84 -1
8 85 -1
7 83 
8 84 -1
8 85 -1
7 83 
8 84 -1
8 85 -1
7 83 
8 84 -1
8 85 -1
6 86 0
5 82 
6 83 [10]
7 83 
8 84 -1
8 85 39
7 83 
8 84 -1
8 85 -1
7 83 
8 84 -1
8 85 -1
7 83 
8 84 -1
8 85 -1
7 83 
8 84 -1
8 85 -1
7 83 
8 84 -1
8 85 -1
7 83 
8 84 -1
8 85 -1
7 83 
8 84 -1
8 85 -1
7 83 
8 84 -1
8 85 -1
7 83 
8 84 -1
8 85 -1
6 86 0
5 82 
6 83 [10]
7 83 
8 84 -1
8 85 68
7 83 
8 84 -1
8 85 -1
7 83 
8 84 -1
8 85 -1
7 83 
8 84 -1
8 85 -1
7 83 
8 84 -1
8 85 -1
7 83 
8 84 -1
8 85 -1
7 83 
8 84 -1
8 85 -1
7 83 
8 84 -1
8 85 -1
7 83 
8 84 -1
8 85 -1
7 83 
8 84 -1
8 85 -1
6 86 0
5 82 
6 83 [10]
7 83 
8 84 -1
8 85 200
7 83 
8 84 -1
8 85 -1
7 83 
8 84 -1
8 85 -1
7 83 
8 84 -1
8 85 -1
7 83 
8 84 -1
8 85 -1
7 83 
8 84 -1
8 85 -1
7 83 
8 84 -1
8 85 -1
7 83 
8 84 -1
8 85 -1
7 83 
8 84 -1
8 85 -1
7 83 
8 84 -1
8 85 -1
6 86 116
5 82 
6 83 [10]
7 83 
8 84 -1
8 85 320
7 83 
8 84 -1
8 85 -1
7 83 
8 84 -1
8 85 -1
7 83 
8 84 -1
8 85 -1
7 83 
8 84 -1
8 85 -1
7 83 
8 84 -1
8 85 -1
7 83 
8 84 -1
8 85 -1
7 83 
8 84 -1
8 85 -1
7 83 
8 84 -1
8 85 -1
7 83 
8 84 -1
8 85 -1
6 86 0
5 82 
6 83 [10]
7 83 
8 84 -1
8 85 321
7 83 
8 84 -1
8 85 -1
7 83 
8 84 -1
8 85 -1
7 83 
8 84 -1
8 85 -1
7 83 
8 84 -1
8 85 -1
7 83 
8 84 -1
8 85 -1
7 83 
8 84 -1
8 85 -1
7 83 
8 84 -1
8 85 -1
7 83 
8 84 -1
8 85 -1
7 83 
8 84 -1
8 85 -1
6 86 0
5 82 
6 83 [10]
7 83 
8 84 0
8 85 35
7 83 
8 84 0
8 85 1176696384
7 83 
8 84 0
8 85 1084051288
7 83 
8 84 83
8 85 84
7 83 
8 84 65
8 85 2063591796
7 83 
8 84 84
8 85 33892155
7 83 
8 84 11046415
8 85 1937006962
7 83 
8 84 1946185842
8 85 1946169600
7 83 
8 84 0
8 85 2063829392
7 83 
8 84 0
8 85 1174048536
6 86 1
3 78 
4 79 
5 80 1
5 81 1
4 82 [11]
5 82 
6 83 [10]
7 83 
8 84 -1
8 85 8
7 83 
8 84 -1
8 85 -1
7 83 
8 84 -1
8 85 -1
7 83 
8 84 -1
8 85 -1
7 83 
8 84 -1
8 85 -1
7 83 
8 84 -1
8 85 -1
7 83 
8 84 -1
8 85 -1
7 83 
8 84 -1
8 85 -1
7 83 
8 84 -1
8 85 -1
7 83 
8 84 -1
8 85 -1
6 86 14
5 82 
6 83 [10]
7 83 
8 84 -1
8 85 69
7 83 
8 84 -1
8 85 -1
7 83 
8 84 -1
8 85 -1
7 83 
8 84 -1
8 85 -1
7 83 
8 84 -1
8 85 -1
7 83 
8 84 -1
8 85 -1
7 83 
8 84 -1
8 85 -1
7 83 
8 84 -1
8 85 -1
7 83 
8 84 -1
8 85 -1
7 83 
8 84 -1
8 85 -1
6 86 0
5 82 
6 83 [10]
7 83 
8 84 -1
8 85 28
7 83 
8 84 -1
8 85 -1
7 83 
8 84 -1
8 85 -1
7 83 
8 84 -1
8 85 -1
7 83 
8 84 -1
8 85 -1
7 83 
8 84 -1
8 85 -1
7 83 
8 84 -1
8 85 -1
7 83 
8 84 -1
8 85 -1
7 83 
8 84 -1
8 85 -1
7 83 
8 84 -1
8 85 -1
6 86 0
5 82 
6 83 [10]
7 83 
8 84 -1
8 85 32
7 83 
8 84 -1
8 85 -1
7 83 
8 84 -1
8 85 -1
7 83 
8 84 -1
8 85 -1
7 83 
8 84 -1
8 85 -1
7 83 
8 84 -1
8 85 -1
7 83 
8 84 -1
8 85 -1
7 83 
8 84 -1
8 85 -1
7 83 
8 84 -1
8 85 -1
7 83 
8 84 -1
8 85 -1
6 86 0
5 82 
6 83 [10]
7 83 
8 84 -1
8 85 42
7 83 
8 84 -1
8 85 -1
7 83 
8 84 -1
8 85 -1
7 83 
8 84 -1
8 85 -1
7 83 
8 84 -1
8 85 -1
7 83 
8 84 -1
8 85 -1
7 83 
8 84 -1
8 85 -1
7 83 
8 84 -1
8 85 -1
7 83 
8 84 -1
8 85 -1
7 83 
8 84 -1
8 85 -1
6 86 0
5 82 
6 83 [10]
7 83 
8 84 -1
8 85 39
7 83 
8 84 -1
8 85 -1
7 83 
8 84 -1
8 85 -1
7 83 
8 84 -1
8 85 -1
7 83 
8 84 -1
8 85 -1
7 83 
8 84 -1
8 85 -1
7 83 
8 84 -1
8 85 -1
7 83 
8 84 -1
8 85 -1
7 83 
8 84 -1
8 85 -1
7 83 
8 84 -1
8 85 -1
6 86 0
5 82 
6 83 [10]
7 83 
8 84 -1
8 85 68
7 83 
8 84 -1
8 85 -1
7 83 
8 84 -1
8 85 -1
7 83 
8 84 -1
8 85 -1
7 83 
8 84 -1
8 85 -1
7 83 
8 84 -1
8 85 -1
7 83 
8 84 -1
8 85 -1
7 83 
8 84 -1
8 85 -1
7 83 
8 84 -1
8 85 -1
7 83 
8 84 -1
8 85 -1
6 86 0
5 82 
6 83 [10]
7 83 
8 84 -1
8 85 200
7 83 
8 84 -1
8 85 -1
7 83 
8 84 -1
8 85 -1
7 83 
8 84 -1
8 85 -1
7 83 
8 84 -1
8 85 -1
7 83 
8 84 -1
8 85 -1
7 83 
8 84 -1
8 85 -1
7 83 
8 84 -1
8 85 -1
7 83 
8 84 -1
8 85 -1
7 83 
8 84 -1
8 85 -1
6 86 120
5 82 
6 83 [10]
7 83 
8 84 -1
8 85 320
7 83 
8 84 -1
8 85 -1
7 83 
8 84 -1
8 85 -1
7 83 
8 84 -1
8 85 -1
7 83 
8 84 -1
8 85 -1
7 83 
8 84 -1
8 85 -1
7 83 
8 84 -1
8 85 -1
7 83 
8 84 -1
8 85 -1
7 83 
8 84 -1
8 85 -1
7 83 
8 84 -1
8 85 -1
6 86 0
5 82 
6 83 [10]
7 83 
8 84 -1
8 85 321
7 83 
8 84 -1
8 85 -1
7 83 
8 84 -1
8 85 -1
7 83 
8 84 -1
8 85 -1
7 83 
8 84 -1
8 85 -1
7 83 
8 84 -1
8 85 -1
7 83 
8 84 -1
8 85 -1
7 83 
8 84 -1
8 85 -1
7 83 
8 84 -1
8 85 -1
7 83 
8 84 -1
8 85 -1
6 86 0
5 82 
6 83 [10]
7 83 
8 84 0
8 85 35
7 83 
8 84 0
8 85 1143570128
7 83 
8 84 0
8 85 1084051288
7 83 
8 84 83
8 85 84
7 83 
8 84 65
8 85 2063587724
7 83 
8 84 84
8 85 33892155
7 83 
8 84 11046415
8 85 1668508720
7 83 
8 84 926154799
8 85 1970496882
7 83 
8 84 1932486761
8 85 2063825360
7 83 
8 84 0
8 85 1142353044
6 86 1
3 78 
4 79 
5 80 1
5 81 0
4 82 [11]
5 82 
6 83 [10]
7 83 
8 84 -1
8 85 8
7 83 
8 84 -1
8 85 -1
7 83 
8 84 -1
8 85 -1
7 83 
8 84 -1
8 85 -1
7 83 
8 84 -1
8 85 -1
7 83 
8 84 -1
8 85 -1
7 83 
8 84 -1
8 85 -1
7 83 
8 84 -1
8 85 -1
7 83 
8 84 -1
8 85 -1
7 83 
8 84 -1
8 85 -1
6 86 23
5 82 
6 83 [10]
7 83 
8 84 -1
8 85 69
7 83 
8 84 -1
8 85 -1
7 83 
8 84 -1
8 85 -1
7 83 
8 84 -1
8 85 -1
7 83 
8 84 -1
8 85 -1
7 83 
8 84 -1
8 85 -1
7 83 
8 84 -1
8 85 -1
7 83 
8 84 -1
8 85 -1
7 83 
8 84 -1
8 85 -1
7 83 
8 84 -1
8 85 -1
6 86 0
5 82 
6 83 [10]
7 83 
8 84 -1
8 85 28
7 83 
8 84 -1
8 85 -1
7 83 
8 84 -1
8 85 -1
7 83 
8 84 -1
8 85 -1
7 83 
8 84 -1
8 85 -1
7 83 
8 84 -1
8 85 -1
7 83 
8 84 -1
8 85 -1
7 83 
8 84 -1
8 85 -1
7 83 
8 84 -1
8 85 -1
7 83 
8 84 -1
8 85 -1
6 86 0
5 82 
6 83 [10]
7 83 
8 84 -1
8 85 32
7 83 
8 84 -1
8 85 -1
7 83 
8 84 -1
8 85 -1
7 83 
8 84 -1
8 85 -1
7 83 
8 84 -1
8 85 -1
7 83 
8 84 -1
8 85 -1
7 83 
8 84 -1
8 85 -1
7 83 
8 84 -1
8 85 -1
7 83 
8 84 -1
8 85 -1
7 83 
8 84 -1
8 85 -1
6 86 0
5 82 
6 83 [10]
7 83 
8 84 -1
8 85 42
7 83 
8 84 -1
8 85 -1
7 83 
8 84 -1
8 85 -1
7 83 
8 84 -1
8 85 -1
7 83 
8 84 -1
8 85 -1
7 83 
8 84 -1
8 85 -1
7 83 
8 84 -1
8 85 -1
7 83 
8 84 -1
8 85 -1
7 83 
8 84 -1
8 85 -1
7 83 
8 84 -1
8 85 -1
6 86 0
5 82 
6 83 [10]
7 83 
8 84 -1
8 85 39
7 83 
8 84 -1
8 85 -1
7 83 
8 84 -1
8 85 -1
7 83 
8 84 -1
8 85 -1
7 83 
8 84 -1
8 85 -1
7 83 
8 84 -1
8 85 -1
7 83 
8 84 -1
8 85 -1
7 83 
8 84 -1
8 85 -1
7 83 
8 84 -1
8 85 -1
7 83 
8 84 -1
8 85 -1
6 86 0
5 82 
6 83 [10]
7 83 
8 84 -1
8 85 68
7 83 
8 84 -1
8 85 -1
7 83 
8 84 -1
8 85 -1
7 83 
8 84 -1
8 85 -1
7 83 
8 84 -1
8 85 -1
7 83 
8 84 -1
8 85 -1
7 83 
8 84 -1
8 85 -1
7 83 
8 84 -1
8 85 -1
7 83 
8 84 -1
8 85 -1
7 83 
8 84 -1
8 85 -1
6 86 0
5 82 
6 83 [10]
7 83 
8 84 -1
8 85 200
7 83 
8 84 -1
8 85 -1
7 83 
8 84 -1
8 85 -1
7 83 
8 84 -1
8 85 -1
7 83 
8 84 -1
8 85 -1
7 83 
8 84 -1
8 85 -1
7 83 
8 84 -1
8 85 -1
7 83 
8 84 -1
8 85 -1
7 83 
8 84 -1
8 85 -1
7 83 
8 84 -1
8 85 -1
6 86 177
5 82 
6 83 [10]
7 83 
8 84 -1
8 85 320
7 83 
8 84 -1
8 85 -1
7 83 
8 84 -1
8 85 -1
7 83 
8 84 -1
8 85 -1
7 83 
8 84 -1
8 85 -1
7 83 
8 84 -1
8 85 -1
7 83 
8 84 -1
8 85 -1
7 83 
8 84 -1
8 85 -1
7 83 
8 84 -1
8 85 -1
7 83 
8 84 -1
8 85 -1
6 86 0
5 82 
6 83 [10]
7 83 
8 84 -1
8 85 321
7 83 
8 84 -1
8 85 -1
7 83 
8 84 -1
8 85 -1
7 83 
8 84 -1
8 85 -1
7 83 
8 84 -1
8 85 -1
7 83 
8 84 -1
8 85 -1
7 83 
8 84 -1
8 85 -1
7 83 
8 84 -1
8 85 -1
7 83 
8 84 -1
8 85 -1
7 83 
8 84 -1
8 85 -1
6 86 0
5 82 
6 83 [10]
7 83 
8 84 0
8 85 35
7 83 
8 84 0
8 85 1102297712
7 83 
8 84 0
8 85 1084052464
7 83 
8 84 90
8 85 79
7 83 
8 84 79
8 85 2063591796
7 83 
8 84 95
8 85 33892155
7 83 
8 84 11046415
8 85 78
7 83 
8 84 0
8 85 1970496882
7 83 
8 84 1932486761
8 85 2063848976
7 83 
8 84 0
8 85 1105051240
6 86 1
3 78 
4 79 
5 80 1
5 81 1
4 82 [11]
5 82 
6 83 [10]
7 83 
8 84 -1
8 85 8
7 83 
8 84 -1
8 85 -1
7 83 
8 84 -1
8 85 -1
7 83 
8 84 -1
8 85 -1
7 83 
8 84 -1
8 85 -1
7 83 
8 84 -1
8 85 -1
7 83 
8 84 -1
8 85 -1
7 83 
8 84 -1
8 85 -1
7 83 
8 84 -1
8 85 -1
7 83 
8 84 -1
8 85 -1
6 86 23
5 82 
6 83 [10]
7 83 
8 84 -1
8 85 69
7 83 
8 84 -1
8 85 -1
7 83 
8 84 -1
8 85 -1
7 83 
8 84 -1
8 85 -1
7 83 
8 84 -1
8 85 -1
7 83 
8 84 -1
8 85 -1
7 83 
8 84 -1
8 85 -1
7 83 
8 84 -1
8 85 -1
7 83 
8 84 -1
8 85 -1
7 83 
8 84 -1
8 85 -1
6 86 0
5 82 
6 83 [10]
7 83 
8 84 -1
8 85 28
7 83 
8 84 -1
8 85 -1
7 83 
8 84 -1
8 85 -1
7 83 
8 84 -1
8 85 -1
7 83 
8 84 -1
8 85 -1
7 83 
8 84 -1
8 85 -1
7 83 
8 84 -1
8 85 -1
7 83 
8 84 -1
8 85 -1
7 83 
8 84 -1
8 85 -1
7 83 
8 84 -1
8 85 -1
6 86 0
5 82 
6 83 [10]
7 83 
8 84 -1
8 85 32
7 83 
8 84 -1
8 85 -1
7 83 
8 84 -1
8 85 -1
7 83 
8 84 -1
8 85 -1
7 83 
8 84 -1
8 85 -1
7 83 
8 84 -1
8 85 -1
7 83 
8 84 -1
8 85 -1
7 83 
8 84 -1
8 85 -1
7 83 
8 84 -1
8 85 -1
7 83 
8 84 -1
8 85 -1
6 86 0
5 82 
6 83 [10]
7 83 
8 84 -1
8 85 42
7 83 
8 84 -1
8 85 -1
7 83 
8 84 -1
8 85 -1
7 83 
8 84 -1
8 85 -1
7 83 
8 84 -1
8 85 -1
7 83 
8 84 -1
8 85 -1
7 83 
8 84 -1
8 85 -1
7 83 
8 84 -1
8 85 -1
7 83 
8 84 -1
8 85 -1
7 83 
8 84 -1
8 85 -1
6 86 0
5 82 
6 83 [10]
7 83 
8 84 -1
8 85 39
7 83 
8 84 -1
8 85 -1
7 83 
8 84 -1
8 85 -1
7 83 
8 84 -1
8 85 -1
7 83 
8 84 -1
8 85 -1
7 83 
8 84 -1
8 85 -1
7 83 
8 84 -1
8 85 -1
7 83 
8 84 -1
8 85 -1
7 83 
8 84 -1
8 85 -1
7 83 
8 84 -1
8 85 -1
6 86 0
5 82 
6 83 [10]
7 83 
8 84 -1
8 85 68
7 83 
8 84 -1
8 85 -1
7 83 
8 84 -1
8 85 -1
7 83 
8 84 -1
8 85 -1
7 83 
8 84 -1
8 85 -1
7 83 
8 84 -1
8 85 -1
7 83 
8 84 -1
8 85 -1
7 83 
8 84 -1
8 85 -1
7 83 
8 84 -1
8 85 -1
7 83 
8 84 -1
8 85 -1
6 86 0
5 82 
6 83 [10]
7 83 
8 84 -1
8 85 200
7 83 
8 84 -1
8 85 -1
7 83 
8 84 -1
8 85 -1
7 83 
8 84 -1
8 85 -1
7 83 
8 84 -1
8 85 -1
7 83 
8 84 -1
8 85 -1
7 83 
8 84 -1
8 85 -1
7 83 
8 84 -1
8 85 -1
7 83 
8 84 -1
8 85 -1
7 83 
8 84 -1
8 85 -1
6 86 177
5 82 
6 83 [10]
7 83 
8 84 -1
8 85 320
7 83 
8 84 -1
8 85 -1
7 83 
8 84 -1
8 85 -1
7 83 
8 84 -1
8 85 -1
7 83 
8 84 -1
8 85 -1
7 83 
8 84 -1
8 85 -1
7 83 
8 84 -1
8 85 -1
7 83 
8 84 -1
8 85 -1
7 83 
8 84 -1
8 85 -1
7 83 
8 84 -1
8 85 -1
6 86 0
5 82 
6 83 [10]
7 83 
8 84 -1
8 85 321
7 83 
8 84 -1
8 85 -1
7 83 
8 84 -1
8 85 -1
7 83 
8 84 -1
8 85 -1
7 83 
8 84 -1
8 85 -1
7 83 
8 84 -1
8 85 -1
7 83 
8 84 -1
8 85 -1
7 83 
8 84 -1
8 85 -1
7 83 
8 84 -1
8 85 -1
7 83 
8 84 -1
8 85 -1
6 86 0
5 82 
6 83 [10]
7 83 
8 84 0
8 85 35
7 83 
8 84 0
8 85 1113754008
7 83 
8 84 0
8 85 1084051680
7 83 
8 84 90
8 85 79
7 83 
8 84 79
8 85 2063591796
7 83 
8 84 95
8 85 33892155
7 83 
8 84 11046415
8 85 78
7 83 
8 84 0
8 85 1768779570
7 83 
8 84 -2006319104
8 85 2063870616
7 83 
8 84 0
8 85 1114687268
6 86 1
3 78 
4 79 
5 80 1
5 81 1
4 82 [11]
5 82 
6 83 [10]
7 83 
8 84 -1
8 85 8
7 83 
8 84 -1
8 85 -1
7 83 
8 84 -1
8 85 -1
7 83 
8 84 -1
8 85 -1
7 83 
8 84 -1
8 85 -1
7 83 
8 84 -1
8 85 -1
7 83 
8 84 -1
8 85 -1
7 83 
8 84 -1
8 85 -1
7 83 
8 84 -1
8 85 -1
7 83 
8 84 -1
8 85 -1
6 86 23
5 82 
6 83 [10]
7 83 
8 84 -1
8 85 69
7 83 
8 84 -1
8 85 -1
7 83 
8 84 -1
8 85 -1
7 83 
8 84 -1
8 85 -1
7 83 
8 84 -1
8 85 -1
7 83 
8 84 -1
8 85 -1
7 83 
8 84 -1
8 85 -1
7 83 
8 84 -1
8 85 -1
7 83 
8 84 -1
8 85 -1
7 83 
8 84 -1
8 85 -1
6 86 0
5 82 
6 83 [10]
7 83 
8 84 -1
8 85 28
7 83 
8 84 -1
8 85 -1
7 83 
8 84 -1
8 85 -1
7 83 
8 84 -1
8 85 -1
7 83 
8 84 -1
8 85 -1
7 83 
8 84 -1
8 85 -1
7 83 
8 84 -1
8 85 -1
7 83 
8 84 -1
8 85 -1
7 83 
8 84 -1
8 85 -1
7 83 
8 84 -1
8 85 -1
6 86 0
5 82 
6 83 [10]
7 83 
8 84 -1
8 85 32
7 83 
8 84 -1
8 85 -1
7 83 
8 84 -1
8 85 -1
7 83 
8 84 -1
8 85 -1
7 83 
8 84 -1
8 85 -1
7 83 
8 84 -1
8 85 -1
7 83 
8 84 -1
8 85 -1
7 83 
8 84 -1
8 85 -1
7 83 
8 84 -1
8 85 -1
7 83 
8 84 -1
8 85 -1
6 86 0
5 82 
6 83 [10]
7 83 
8 84 -1
8 85 42
7 83 
8 84 -1
8 85 -1
7 83 
8 84 -1
8 85 -1
7 83 
8 84 -1
8 85 -1
7 83 
8 84 -1
8 85 -1
7 83 
8 84 -1
8 85 -1
7 83 
8 84 -1
8 85 -1
7 83 
8 84 -1
8 85 -1
7 83 
8 84 -1
8 85 -1
7 83 
8 84 -1
8 85 -1
6 86 0
5 82 
6 83 [10]
7 83 
8 84 -1
8 85 39
7 83 
8 84 -1
8 85 -1
7 83 
8 84 -1
8 85 -1
7 83 
8 84 -1
8 85 -1
7 83 
8 84 -1
8 85 -1
7 83 
8 84 -1
8 85 -1
7 83 
8 84 -1
8 85 -1
7 83 
8 84 -1
8 85 -1
7 83 
8 84 -1
8 85 -1
7 83 
8 84 -1
8 85 -1
6 86 0
5 82 
6 83 [10]
7 83 
8 84 -1
8 85 68
7 83 
8 84 -1
8 85 -1
7 83 
8 84 -1
8 85 -1
7 83 
8 84 -1
8 85 -1
7 83 
8 84 -1
8 85 -1
7 83 
8 84 -1
8 85 -1
7 83 
8 84 -1
8 85 -1
7 83 
8 84 -1
8 85 -1
7 83 
8 84 -1
8 85 -1
7 83 
8 84 -1
8 85 -1
6 86 0
5 82 
6 83 [10]
7 83 
8 84 -1
8 85 200
7 83 
8 84 -1
8 85 -1
7 83 
8 84 -1
8 85 -1
7 83 
8 84 -1
8 85 -1
7 83 
8 84 -1
8 85 -1
7 83 
8 84 -1
8 85 -1
7 83 
8 84 -1
8 85 -1
7 83 
8 84 -1
8 85 -1
7 83 
8 84 -1
8 85 -1
7 83 
8 84 -1
8 85 -1
6 86 177
5 82 
6 83 [10]
7 83 
8 84 -1
8 85 320
7 83 
8 84 -1
8 85 -1
7 83 
8 84 -1
8 85 -1
7 83 
8 84 -1
8 85 -1
7 83 
8 84 -1
8 85 -1
7 83 
8 84 -1
8 85 -1
7 83 
8 84 -1
8 85 -1
7 83 
8 84 -1
8 85 -1
7 83 
8 84 -1
8 85 -1
7 83 
8 84 -1
8 85 -1
6 86 0
5 82 
6 83 [10]
7 83 
8 84 -1
8 85 321
7 83 
8 84 -1
8 85 -1
7 83 
8 84 -1
8 85 -1
7 83 
8 84 -1
8 85 -1
7 83 
8 84 -1
8 85 -1
7 83 
8 84 -1
8 85 -1
7 83 
8 84 -1
8 85 -1
7 83 
8 84 -1
8 85 -1
7 83 
8 84 -1
8 85 -1
7 83 
8 84 -1
8 85 -1
6 86 0
5 82 
6 83 [10]
7 83 
8 84 0
8 85 35
7 83 
8 84 0
8 85 1098700160
7 83 
8 84 0
8 85 1084057952
7 83 
8 84 90
8 85 79
7 83 
8 84 79
8 85 2063591796
7 83 
8 84 95
8 85 33892155
7 83 
8 84 11046415
8 85 78
7 83 
8 84 0
8 85 1936222575
7 83 
8 84 -2006319104
8 85 2063842968
7 83 
8 84 0
8 85 1098605256
6 86 1
@orig_name 87 10
2 87 NULL
@rev_modif_types 88 0
2 88 [5]
3 88 
@rev 89 0
4 89 
5 80 1
5 81 0
3 88 
4 89 
5 80 1
5 81 1
3 88 
4 89 
5 80 1
5 81 0
3 88 
4 89 
5 80 1
5 81 1
3 88 
4 89 
5 80 1
5 81 1
@ribbon_info_ptr 90 0
1 90 NULL
@p_xref_data 91 0
1 91 ->
#ModelView#0
@View 1 0
0 1 ->
@id 2 1
1 2 0
@viewattr 3 0
1 3 
@attr_arr 4 1
2 4 [4]
$1,3*0
@mpoint 5 0
1 5 
@id 6 1
2 6 0
@coord 7 2
2 7 [3]
$2*0,3FF
@first_instr_ptr 8 0
2 8 NULL
@attach_ptr 9 0
2 9 NULL
@vpoint 10 0
1 10 
2 6 0
2 7 [3]
$407F4,407A5E,0
2 8 NULL
2 9 NULL
@orient 11 2
1 11 [4][4]
$3FAFE4B9B743CE18,BFEC979CBDA0B079,3FDC76145F38E7F8,0
$3FEE7AF54C1F1C9R,3FC7D8657EB0A64B,3FCED50377E8533A,0
$BFD31391180BF913,3FDA26399288FR,3FEB9B106E4B78FA,0
$3*0,3FF
@local_sys 12 2
1 12 [4][4]
$401C48EA1E9F1ECR,C0595B6C4B9D44D4,40493DAF37FF022F,0
$405B08147B38FF4R,403525B46B3592DF,403B57F226BC87B1,0
$C040EB01FF0E9E26,404730CBCDB601D2,40587B732CAC6068,0
$4080AEB01FF0E9E2,407777E686493FC6,C0587B732CAC6068,3FF
@first_instr_ptr 13 0
1 13 ->
@type 14 1
2 14 100
@geom_id 15 1
2 15 -1
@view_id 16 1
2 16 -1
@memb_num 17 1
2 17 0
@offset 18 2
2 18 0
@matrix 19 0
2 19 NULL
@next_instr_ptr 20 0
1 20 ->
2 14 115
2 15 122
2 16 -1
2 17 0
2 18 0
2 19 NULL
1 20 ->
2 14 125
2 15 -1
2 16 -1
2 17 0
2 18 0
2 19 ->
@matrix 21 2
3 21 [4][4]
$BFAFE4B9B743CE18,3FEC979CBDA0B079,BFDC76145F38E7F8,0
$BFD31391180BF913,3FDA26399288FR,3FEB9B106E4B78FA,0
$3FEE7AF54C1F1C9R,3FC7D8657EB0A64B,3FCED50377E8533A,0
$3*0,3FF
1 20 ->
2 14 301
2 15 -1
2 16 -1
2 17 0
2 18 405C611A61CCBB94
2 19 NULL
1 20 NULL
@outer_xsec_index 22 1
1 22 -1
@next_view_id 23 1
1 23 43
@simp_rep_id 24 1
1 24 -1
@name 25 10
1 25 no name
@matrix 26 2
1 26 [4][4]
$3FF,3*0
$0,3FF,2*0
$2*0,3FF,0
$3*0,3FF
@fit_outline 27 2
1 27 [2][3]
$4059,405518,C083AA5D74C3407
$408C2,4087BB,4083AA5D74C3407
@det_info_ptr 28 0
1 28 NULL
@named_view_pzmatr 29 0
1 29 NULL
@page_id 30 1
1 30 0
@model_name 31 10
1 31 NULL
@unrep_model_name 32 10
1 32 NULL
@saved_pro_dls 33 0
1 33 ->
@explode_state 34 0
1 34 NULL
#ModelView#43
@View 1 0
0 1 ->
@id 2 1
1 2 43
@viewattr 3 0
1 3 
@attr_arr 4 1
2 4 [4]
$1,3*0
@mpoint 5 0
1 5 
@id 6 1
2 6 0
@coord 7 2
2 7 [3]
$3*0
@first_instr_ptr 8 0
2 8 NULL
@attach_ptr 9 0
2 9 NULL
@vpoint 10 0
1 10 
2 6 0
2 7 [3]
$407F4,407A5E,0
2 8 NULL
2 9 NULL
@orient 11 2
1 11 [4][4]
$3FF,3*0
$0,3FF,2*0
$2*0,3FF,0
$3*0,3FF
@local_sys 12 2
1 12 [4][4]
$3FEED11BBC9273E3,3*0
$0,3FEED11BBC9273E3,2*0
$2*0,3FEED11BBC9273E3,0
$407F4,407A5E,0,3FF
@first_instr_ptr 13 0
1 13 ->
@type 14 1
2 14 100
@geom_id 15 1
2 15 -1
@view_id 16 1
2 16 -1
@memb_num 17 1
2 17 0
@offset 18 2
2 18 0
@matrix 19 0
2 19 NULL
@next_instr_ptr 20 0
1 20 ->
2 14 201
2 15 115
2 16 -1
2 17 0
2 18 0
2 19 NULL
1 20 ->
2 14 202
2 15 113
2 16 -1
2 17 0
2 18 0
2 19 NULL
1 20 NULL
@outer_xsec_index 21 1
1 21 -1
@next_view_id 22 1
1 22 44
@simp_rep_id 23 1
1 23 -1
@name 24 10
1 24 FRONT
@matrix 25 2
1 25 [4][4]
$3FF,3*0
$0,3FF,2*0
$2*0,3FF,0
$3*0,3FF
@fit_outline 26 2
1 26 [2][3]
$4059,405518,C06E9DA5ED80379E
$408C2,4087BB,406E9DA5ED80379E
@det_info_ptr 27 0
1 27 NULL
@named_view_pzmatr 28 0
1 28 ->
@matrix 29 2
2 29 [4][4]
$3FF,3*0
$0,3FF,2*0
$2*0,3FF,0
$3*0,3FF
@page_id 30 1
1 30 0
@model_name 31 10
1 31 NULL
@unrep_model_name 32 10
1 32 NULL
@saved_pro_dls 33 0
1 33 ->
@explode_state 34 0
1 34 NULL
#ModelView#44
@View 1 0
0 1 ->
@id 2 1
1 2 44
@viewattr 3 0
1 3 
@attr_arr 4 1
2 4 [4]
$1,3*0
@mpoint 5 0
1 5 
@id 6 1
2 6 0
@coord 7 2
2 7 [3]
$3*0
@first_instr_ptr 8 0
2 8 NULL
@attach_ptr 9 0
2 9 NULL
@vpoint 10 0
1 10 
2 6 0
2 7 [3]
$407F4,407A5E,0
2 8 NULL
2 9 NULL
@orient 11 2
1 11 [4][4]
$2*0,3FF,0
$0,3FF,2*0
$BFF,3*0
$3*0,3FF
@local_sys 12 2
1 12 [4][4]
$2*0,3FEED11BBC9273E3,0
$0,3FEED11BBC9273E3,2*0
$BFEED11BBC9273E3,3*0
$407F4,407A5E,0,3FF
@first_instr_ptr 13 0
1 13 ->
@type 14 1
2 14 100
@geom_id 15 1
2 15 -1
@view_id 16 1
2 16 -1
@memb_num 17 1
2 17 0
@offset 18 2
2 18 0
@matrix 19 0
2 19 NULL
@next_instr_ptr 20 0
1 20 ->
2 14 201
2 15 111
2 16 -1
2 17 0
2 18 0
2 19 NULL
1 20 ->
2 14 202
2 15 113
2 16 -1
2 17 0
2 18 0
2 19 NULL
1 20 NULL
@outer_xsec_index 21 1
1 21 -1
@next_view_id 22 1
1 22 45
@simp_rep_id 23 1
1 23 -1
@name 24 10
1 24 RIGHT
@matrix 25 2
1 25 [4][4]
$3FF,3*0
$0,3FF,2*0
$2*0,3FF,0
$3*0,3FF
@fit_outline 26 2
1 26 [2][3]
$4059,405518,C06E9DA5ED80379E
$408C2,4087BB,406E9DA5ED80379E
@det_info_ptr 27 0
1 27 NULL
@named_view_pzmatr 28 0
1 28 ->
@matrix 29 2
2 29 [4][4]
$3FF,3*0
$0,3FF,2*0
$2*0,3FF,0
$3*0,3FF
@page_id 30 1
1 30 0
@model_name 31 10
1 31 NULL
@unrep_model_name 32 10
1 32 NULL
@saved_pro_dls 33 0
1 33 ->
@explode_state 34 0
1 34 NULL
#ModelView#45
@View 1 0
0 1 ->
@id 2 1
1 2 45
@viewattr 3 0
1 3 
@attr_arr 4 1
2 4 [4]
$1,3*0
@mpoint 5 0
1 5 
@id 6 1
2 6 0
@coord 7 2
2 7 [3]
$3*0
@first_instr_ptr 8 0
2 8 NULL
@attach_ptr 9 0
2 9 NULL
@vpoint 10 0
1 10 
2 6 0
2 7 [3]
$407F4,407A5E,0
2 8 NULL
2 9 NULL
@orient 11 2
1 11 [4][4]
$BFF,3*0
$2*0,3FF,0
$0,3FF,2*0
$3*0,3FF
@local_sys 12 2
1 12 [4][4]
$BFEED11BBC9273E3,3*0
$2*0,3FEED11BBC9273E3,0
$0,3FEED11BBC9273E3,2*0
$407F4,407A5E,0,3FF
@first_instr_ptr 13 0
1 13 ->
@type 14 1
2 14 100
@geom_id 15 1
2 15 -1
@view_id 16 1
2 16 -1
@memb_num 17 1
2 17 0
@offset 18 2
2 18 0
@matrix 19 0
2 19 NULL
@next_instr_ptr 20 0
1 20 ->
2 14 125
2 15 -1
2 16 -1
2 17 0
2 18 0
2 19 ->
@matrix 21 2
3 21 [4][4]
$3FEF1F033FA49B0D,BFA4A5264501B325,3FCD578C7A3757B7,0
$BFA23335E9CC8C64,3FEE52B195F1DFC2,3FD451CA0A9C919A,0
$BFCD716669F6C087,BFD4486EA5F68DEC,3FED71C149D6D4B6,0
$3*0,3FF
1 20 ->
2 14 201
2 15 113
2 16 -1
2 17 0
2 18 0
2 19 NULL
1 20 ->
2 14 202
2 15 115
2 16 -1
2 17 0
2 18 0
2 19 NULL
1 20 NULL
@outer_xsec_index 22 1
1 22 -1
@next_view_id 23 1
1 23 47
@simp_rep_id 24 1
1 24 -1
@name 25 10
1 25 TOP
@matrix 26 2
1 26 [4][4]
$3FF,3*0
$0,3FF,2*0
$2*0,3FF,0
$3*0,3FF
@fit_outline 27 2
1 27 [2][3]
$4059,405518,C06E9DA5ED80379E
$408C2,4087BB,406E9DA5ED80379E
@det_info_ptr 28 0
1 28 NULL
@named_view_pzmatr 29 0
1 29 ->
2 21 [4][4]
$3FF,3*0
$0,3FF,2*0
$2*0,3FF,0
$3*0,3FF
@page_id 30 1
1 30 0
@model_name 31 10
1 31 NULL
@unrep_model_name 32 10
1 32 NULL
@saved_pro_dls 33 0
1 33 ->
@explode_state 34 0
1 34 NULL
#ModelView#47
@View 1 0
0 1 ->
@id 2 1
1 2 47
@viewattr 3 0
1 3 
@attr_arr 4 1
2 4 [4]
$1,3*0
@mpoint 5 0
1 5 
@id 6 1
2 6 0
@coord 7 2
2 7 [3]
$3*0
@first_instr_ptr 8 0
2 8 NULL
@attach_ptr 9 0
2 9 NULL
@vpoint 10 0
1 10 
2 6 0
2 7 [3]
$407F4,407A5E,0
2 8 NULL
2 9 NULL
@orient 11 2
1 11 [4][4]
$2*0,BFF,0
$0,3FF,2*0
$3FF,3*0
$3*0,3FF
@local_sys 12 2
1 12 [4][4]
$2*0,BFEED11BBC9273E3,0
$0,3FEED11BBC9273E3,2*0
$3FEED11BBC9273E3,3*0
$407F4,407A5E,0,3FF
@first_instr_ptr 13 0
1 13 ->
@type 14 1
2 14 100
@geom_id 15 1
2 15 -1
@view_id 16 1
2 16 -1
@memb_num 17 1
2 17 0
@offset 18 2
2 18 0
@matrix 19 0
2 19 NULL
@next_instr_ptr 20 0
1 20 ->
2 14 206
2 15 111
2 16 -1
2 17 0
2 18 0
2 19 NULL
1 20 ->
2 14 202
2 15 113
2 16 -1
2 17 0
2 18 0
2 19 NULL
1 20 NULL
@outer_xsec_index 21 1
1 21 -1
@next_view_id 22 1
1 22 50
@simp_rep_id 23 1
1 23 -1
@name 24 10
1 24 LEFT
@matrix 25 2
1 25 [4][4]
$3FF,3*0
$0,3FF,2*0
$2*0,3FF,0
$3*0,3FF
@fit_outline 26 2
1 26 [2][3]
$4059,405518,C06E9DA5ED80379E
$408C2,4087BB,406E9DA5ED80379E
@det_info_ptr 27 0
1 27 NULL
@named_view_pzmatr 28 0
1 28 ->
@matrix 29 2
2 29 [4][4]
$3FF,3*0
$0,3FF,2*0
$2*0,3FF,0
$3*0,3FF
@page_id 30 1
1 30 0
@model_name 31 10
1 31 NULL
@unrep_model_name 32 10
1 32 NULL
@saved_pro_dls 33 0
1 33 ->
@explode_state 34 0
1 34 NULL
#ModelView#50
@View 1 0
0 1 ->
@id 2 1
1 2 50
@viewattr 3 0
1 3 
@attr_arr 4 1
2 4 [4]
$1,3*0
@mpoint 5 0
1 5 
@id 6 1
2 6 0
@coord 7 2
2 7 [3]
$3*0
@first_instr_ptr 8 0
2 8 NULL
@attach_ptr 9 0
2 9 NULL
@vpoint 10 0
1 10 
2 6 0
2 7 [3]
$407F4,407A5E,0
2 8 NULL
2 9 NULL
@orient 11 2
1 11 [4][4]
$3FF,3*0
$2*0,BFF,0
$0,3FF,2*0
$3*0,3FF
@local_sys 12 2
1 12 [4][4]
$3FEED11BBC9273E3,3*0
$2*0,BFEED11BBC9273E3,0
$0,3FEED11BBC9273E3,2*0
$407F4,407A5E,0,3FF
@first_instr_ptr 13 0
1 13 ->
@type 14 1
2 14 100
@geom_id 15 1
2 15 -1
@view_id 16 1
2 16 -1
@memb_num 17 1
2 17 0
@offset 18 2
2 18 0
@matrix 19 0
2 19 NULL
@next_instr_ptr 20 0
1 20 ->
2 14 206
2 15 113
2 16 -1
2 17 0
2 18 0
2 19 NULL
1 20 ->
2 14 202
2 15 115
2 16 -1
2 17 0
2 18 0
2 19 NULL
1 20 NULL
@outer_xsec_index 21 1
1 21 -1
@next_view_id 22 1
1 22 51
@simp_rep_id 23 1
1 23 -1
@name 24 10
1 24 BOTTOM
@matrix 25 2
1 25 [4][4]
$3FF,3*0
$0,3FF,2*0
$2*0,3FF,0
$3*0,3FF
@fit_outline 26 2
1 26 [2][3]
$4059,405518,C06E9DA5ED80379E
$408C2,4087BB,406E9DA5ED80379E
@det_info_ptr 27 0
1 27 NULL
@named_view_pzmatr 28 0
1 28 ->
@matrix 29 2
2 29 [4][4]
$3FF,3*0
$0,3FF,2*0
$2*0,3FF,0
$3*0,3FF
@page_id 30 1
1 30 0
@model_name 31 10
1 31 NULL
@unrep_model_name 32 10
1 32 NULL
@saved_pro_dls 33 0
1 33 ->
@explode_state 34 0
1 34 NULL
#ModelView#51
@View 1 0
0 1 ->
@id 2 1
1 2 51
@viewattr 3 0
1 3 
@attr_arr 4 1
2 4 [4]
$1,3*0
@mpoint 5 0
1 5 
@id 6 1
2 6 0
@coord 7 2
2 7 [3]
$3*0
@first_instr_ptr 8 0
2 8 NULL
@attach_ptr 9 0
2 9 NULL
@vpoint 10 0
1 10 
2 6 0
2 7 [3]
$407F4,407A5E,0
2 8 NULL
2 9 NULL
@orient 11 2
1 11 [4][4]
$BFF,3*0
$0,3FF,2*0
$2*0,BFF,0
$3*0,3FF
@local_sys 12 2
1 12 [4][4]
$BFEED11BBC9273E3,3*0
$0,3FEED11BBC9273E3,2*0
$2*0,BFEED11BBC9273E3,0
$407F4,407A5E,0,3FF
@first_instr_ptr 13 0
1 13 ->
@type 14 1
2 14 100
@geom_id 15 1
2 15 -1
@view_id 16 1
2 16 -1
@memb_num 17 1
2 17 0
@offset 18 2
2 18 0
@matrix 19 0
2 19 NULL
@next_instr_ptr 20 0
1 20 ->
2 14 125
2 15 -1
2 16 -1
2 17 0
2 18 0
2 19 ->
@matrix 21 2
3 21 [4][4]
$3FE6513DD2CBD296,BFE03ECE11A5105,3FE02FEBA46296EF,0
$BFD25250DC0DBF51,3FDCC87E2DDD2E12,3FEB12C26ABC1263,0
$BFE50630A7FC671A,BFE783ED934EBBAR,3FC58B97E80781B7,0
$3*0,3FF
1 20 ->
2 14 206
2 15 115
2 16 -1
2 17 0
2 18 0
2 19 NULL
1 20 ->
2 14 202
2 15 113
2 16 -1
2 17 0
2 18 0
2 19 NULL
1 20 NULL
@outer_xsec_index 22 1
1 22 -1
@next_view_id 23 1
1 23 -2
@simp_rep_id 24 1
1 24 -1
@name 25 10
1 25 BACK
@matrix 26 2
1 26 [4][4]
$3FF,3*0
$0,3FF,2*0
$2*0,3FF,0
$3*0,3FF
@fit_outline 27 2
1 27 [2][3]
$4059,405518,C06E9DA5ED80379E
$408C2,4087BB,406E9DA5ED80379E
@det_info_ptr 28 0
1 28 NULL
@named_view_pzmatr 29 0
1 29 ->
2 21 [4][4]
$3FF,3*0
$0,3FF,2*0
$2*0,3FF,0
$3*0,3FF
@page_id 30 1
1 30 0
@model_name 31 10
1 31 NULL
@unrep_model_name 32 10
1 32 NULL
@saved_pro_dls 33 0
1 33 ->
@explode_state 34 0
1 34 NULL
#DispDataColor
@ref_color_table 1 0
0 1 
@ref_color_arr 2 0
1 2 [1]
2 2 
@maximum 3 2
3 3 [3]
$0,3FD2932B945C65EC,3FD47AE147AE147B
@ambient 4 2
3 4 3FEFAE147AE147AE
@diffuse 5 2
3 5 3FF
@specular 6 2
3 6 3FF
@spec_coef 7 2
3 7 3FF
@transmission 8 2
3 8 0
@threshold 9 1
3 9 90
@gl_ind 10 1
3 10 21
@highlight 11 2
3 11 [3]
$3*3FF
@reflection 12 2
3 12 3FF
@bump_height 13 2
3 13 3FF
@bump 14 3
3 14 NULL
@decal_intensity 15 2
3 15 4059
@decal 16 3
3 16 NULL
@texture 17 3
3 17 NULL
#DispDataTable
@disp_data_table 1 0
0 1 
@disp_data_arr 2 0
1 2 [1]
2 2 
@disp_data 3 0
3 3 ->
@wire 4 0
4 4 
@disp_list_valid 5 1
5 5 1
@pending 6 1
5 6 0
@disp_list_status 7 1
5 7 3
@disp_list_version 8 1
5 8 273
@view_matrix 9 2
5 9 [4][4]
$3FF,3*0
$0,3FF,2*0
$2*0,3FF,0
$3*0,3FF
@outline 10 2
5 10 [2][3]
$2*BFD99999A,C014
$2*3FD99999A,401C
@dl_block_mem_size 11 0
5 11 
@dl_block_mem_size 12 1
6 12 32768
@list 13 0
5 13 ->
@ptr 14 0
6 14 [21]
7 14 
@data(dl_int) 15 0
8 15 ->
@dl_header 16 0
9 16 
@header 17 0
10 17 
@type 18 5
11 18 6
@count 19 5
11 19 1
@size 20 1
11 20 16
@value_int 21 1
9 21 1
7 14 
8 15 ->
9 16 
10 17 
11 18 4
11 19 1
11 20 16
9 21 2
7 14 
8 15 ->
9 16 
10 17 
11 18 5
11 19 1
11 20 16
9 21 2
7 14 
8 15 ->
9 16 
10 17 
11 18 7
11 19 1
11 20 16
9 21 0
7 14 
8 15 ->
9 16 
10 17 
11 18 34
11 19 1
11 20 16
9 21 0
7 14 
@data(dl_float) 22 0
8 22 ->
@dl_header 23 0
9 23 
10 17 
11 18 8
11 19 1
11 20 16
@value_float 24 6
9 24 0
7 14 
8 15 ->
9 16 
10 17 
11 18 6
11 19 1
11 20 16
9 21 1
7 14 
8 15 ->
9 16 
10 17 
11 18 4
11 19 1
11 20 16
9 21 2
7 14 
8 15 ->
9 16 
10 17 
11 18 5
11 19 1
11 20 16
9 21 2
7 14 
8 15 ->
9 16 
10 17 
11 18 7
11 19 1
11 20 16
9 21 0
7 14 
8 15 ->
9 16 
10 17 
11 18 34
11 19 1
11 20 16
9 21 0
7 14 
8 22 ->
9 23 
10 17 
11 18 8
11 19 1
11 20 16
9 24 0
7 14 
@data(dl_arc3) 25 0
8 25 ->
@dl_header 26 0
9 26 
10 17 
11 18 43
11 19 1
11 20 140
@array 27 6
9 27 [15]
$3ECR,2*0,C0A,0,40490FDB,2*0,BF8,BECR,0,C0A,3ECR,0,C0A
@matrix 28 6
9 28 [4][4]
$3F8,3*0
$0,3F8,2*0
$2*0,3F8,0
$4*0
7 14 
8 25 ->
9 26 
10 17 
11 18 43
11 19 1
11 20 140
9 27 [15]
$3ECR,2*0,40CR,0,40490FDB,2*0,BF8,BECR,0,40CR,3ECR,0,40CR
9 28 [4][4]
$3F8,3*0
$0,3F8,2*0
$2*0,3F8,0
$4*0
7 14 
8 25 ->
9 26 
10 17 
11 18 43
11 19 1
11 20 140
9 27 [15]
$3ECR,2*0,40CR,0,40490FDB,2*0,3F8,BECR,0,40CR,3ECR,0,40CR
9 28 [4][4]
$3F8,3*0
$0,3F8,2*0
$2*0,3F8,0
$4*0
7 14 
8 25 ->
9 26 
10 17 
11 18 43
11 19 1
11 20 140
9 27 [15]
$3E8,2*0,40CR,0,40490FDB,2*0,BF8,BE8,0,40CR,3E8,0,40CR
9 28 [4][4]
$3F8,3*0
$0,3F8,2*0
$2*0,3F8,0
$4*0
7 14 
8 25 ->
9 26 
10 17 
11 18 43
11 19 1
11 20 140
9 27 [15]
$3E8,2*0,40E,0,40490FDB,2*0,3F8,BE8,0,40E,3E8,0,40E
9 28 [4][4]
$3F8,3*0
$0,3F8,2*0
$2*0,3F8,0
$4*0
7 14 
8 25 ->
9 26 
10 17 
11 18 43
11 19 1
11 20 140
9 27 [15]
$3E8,2*0,40E,0,40490FDB,2*0,BF8,BE8,0,40E,3E8,0,40E
9 28 [4][4]
$3F8,3*0
$0,3F8,2*0
$2*0,3F8,0
$4*0
7 14 
8 25 ->
9 26 
10 17 
11 18 43
11 19 1
11 20 140
9 27 [15]
$3ECR,2*0,C0A,0,40490FDB,2*0,3F8,BECR,0,C0A,3ECR,0,C0A
9 28 [4][4]
$3F8,3*0
$0,3F8,2*0
$2*0,3F8,0
$4*0
7 14 
8 25 ->
9 26 
10 17 
11 18 43
11 19 1
11 20 140
9 27 [15]
$3E8,2*0,40CR,0,40490FDB,2*0,3F8,BE8,0,40CR,3E8,0,40CR
9 28 [4][4]
$3F8,3*0
$0,3F8,2*0
$2*0,3F8,0
$4*0
7 14 
@data(dl_header) 29 0
8 29 ->
9 17 
10 18 0
10 19 0
10 20 0
@locked 30 1
5 30 0
@visibile 31 1
5 31 1
@contents 32 1
5 32 2
@attached 33 1
5 33 0
@part_color 34 1
4 34 0
@model_type 35 1
4 35 2
@generic_name 36 10
4 36 NULL
@label 37 10
4 37 NULL
#AssMrgPrt
@assem_merge_parts 1 0
0 1 ->
#END_OF_UGC
