#UGC:2 PART 788 300 0 1 1 15 1400 9439 \
#- VERS 1 0                                                          \
#- HOST saporro                                                      \
#- LINK                                                              \
#- DBID Race_Car                                                     \
#-END_OF_UGC_HEADER
#P_OBJECT 6
@P_object 1 0
0 1 ->
@dep_db 2 0
1 2 ->
@usr_rev 3 0
1 3 [1]
2 3 
@name 4 10
3 4 RBUKARY
@mod_time 5 0
3 5 
@tm_sec 6 1
4 6 34
@tm_min 7 1
4 7 20
@tm_hour 8 1
4 8 23
@tm_mday 9 1
4 9 17
@tm_mon 10 1
4 10 9
@tm_year 11 1
4 11 94
@action 12 1
3 12 1000
@comment 13 10
3 13 Hostname: 'saporro'
@rel_level 14 10
3 14 
@rev_string 15 10
3 15 
@revnum_std 16 1
1 16 219
@flag 17 1
1 17 0
@name 18 10
1 18 NULL
@inst_hidden 19 1
1 19 0
@old_name 20 10
1 20 NULL
@rel_level 21 10
1 21 NULL
@rev_string 22 10
1 22 NULL
#END_OF_P_OBJECT
#Pro/ENGINEER  TM  Version E-06-13  (c) 1988-93 by Parametric Technology Corporation  All Rights Reserved. 9439
@Solid 23 0
0 23 ->
@tab_key 24 1
1 24 0
@tab_key_ptr 25 0
1 25 [164]
@type 26 1
1 26 2
@revnum_ptr 27 0
1 27 ->
@geom_revnum 28 1
2 28 215
@cosm_revnum 29 1
2 29 6
@first_member_ptr 30 0
1 30 NULL
@alumni_members 31 0
1 31 NULL
@frst_geom_ptr 32 1
1 32 11
@first_feat_ptr 33 0
1 33 ->
@id 34 1
2 34 1
@indep_attributes 35 1
2 35 1
@feat_type_ptr 36 0
2 36 ->
@table_id 37 1
3 37 13
@type 38 1
3 38 923
@form 39 1
3 39 0
@attributes 40 1
3 40 [2]
$2*0
@placement 41 1
3 41 0
@intersection 42 1
3 42 -1
@internal_udf_type 43 1
3 43 -1
@param_choice_ptr 44 0
3 44 ->
@blend_choice 45 1
4 45 0
@depth_choice 46 1
4 46 0
@angle_choice 47 1
4 47 -1
@pat_choice 48 1
4 48 -1
@round_choice 49 1
4 49 -1
@subsec_choice 50 1
4 50 -1
@sweep_choice 51 1
4 51 0
@dome_choice 52 1
4 52 0
@draft_choice 53 1
4 53 0
@misc_choice 54 1
4 54 0
@assoc_type 55 1
3 55 0
@symbol_key 56 1
2 56 -1
@sect_name 57 10
2 57 DTM1
@model_type 58 1
2 58 2
@idtab_ptr 59 0
2 59 ->
@srf_id_arr 60 1
3 60 [1][4]
$2,3*0
@save_geoms 61 0
3 61 NULL
@cr_flags_xar 62 1
3 62 [11]
$2*-1,-1025,-2049,2*-1,-16777217,3*-1,8191
@geometry 63 0
2 63 
@srf_array 64 0
3 64 [1]
4 64 ->
@geom_type 65 1
5 65 34
@geom_id 66 1
5 66 2
@feat_id 67 1
5 67 1
@boundary_type 68 1
5 68 1
@envlp 69 2
5 69 [2][2]
$C0496ED9EBA16135,C0496ED9EBA1613R
$40496ED9EBA1613R,40496ED9EBA16134
@srf_prim_ptr(plane) 70 0
5 70 ->
@local_sys 71 2
6 71 [4][3]
$2*0,3FF
$3FF,2*0
$0,3FF,0
$3*0
@frst_cntr_ptr 72 0
5 72 NULL
@next_geom_ptr 73 1
5 73 0
@orient 74 1
5 74 1
@outline 75 2
5 75 [2][3]
$0,C0496ED9EBA16135,C0496ED9EBA1613R
$0,40496ED9EBA1613R,40496ED9EBA16135
@group_info_ptr 76 0
2 76 NULL
@intrs_pairs_ptr 77 0
2 77 ->
@place_rec_ptr 78 0
2 78 ->
@local_sys 79 2
3 79 [4][3]
$2*0,3FF
$3FF,2*0
$0,3FF,0
$3*0
@place_instruction_ptrs 80 0
3 80 [1]
4 80 ->
@type 81 1
5 81 513
@offset 82 2
5 82 0
@dim_id 83 1
5 83 -1
@ref_id 84 1
5 84 -1
@geometry1_id 85 1
5 85 -1
@geometry2_id 86 1
5 86 2
@memb_num1 87 1
5 87 0
@memb_num2 88 1
5 88 0
@attr 89 1
5 89 32768
@plin_info_arr 90 0
5 90 [1]
6 90 ->
@type 91 1
7 91 1
@data(plin_info_ref) 92 0
7 92 ->
@id_type1 93 1
8 93 -4
@id_type2 94 1
8 94 5
@offset2 95 2
8 95 0
@own_ref_id 96 1
3 96 -1
@orient 97 1
3 97 1
@trf_arr 98 0
3 98 [1]
4 98 
@type 99 1
5 99 11
@idx 100 1
5 100 0
@transf 101 2
5 101 [4][3]
$2*0,3FF
$3FF,2*0
$0,3FF,0
$3*0
@next_prop 102 0
2 102 NULL
@first_geom_id 103 1
2 103 2
@cond_tbl_idx 104 1
2 104 -1
@comment 105 10
2 105 NULL
@merge_info_ptr 106 0
2 106 NULL
@topology_increment 107 0
2 107 ->
@first_geom 108 1
3 108 0
@first_quilt 109 1
3 109 0
@outline 110 2
3 110 [2][3]
$3*0
$3*0
@max_part_size 111 2
3 111 0
@xform_increment 112 0
3 112 NULL
@roll_back_id 113 1
3 113 -1
@state_ind 114 1
2 114 -1
@alumni_info 115 0
2 115 NULL
@revnum 116 1
2 116 1
@rev_rec 117 0
2 117 ->
@num_plins 118 1
3 118 1
@next_feat_ptr 119 0
1 119 ->
2 34 4
2 35 1
2 36 ->
3 37 13
3 38 923
3 39 0
3 40 [2]
$2*0
3 41 0
3 42 -1
3 43 -1
3 44 ->
4 45 0
4 46 0
4 47 -1
4 48 -1
4 49 -1
4 50 -1
4 51 0
4 52 0
4 53 0
4 54 0
3 55 0
2 56 -1
2 57 DTM2
2 58 2
2 59 ->
3 60 [1][4]
$5,3*0
3 61 NULL
3 62 [11]
$2*-1,-1025,-2049,2*-1,-16777217,3*-1,8191
2 63 
3 64 [1]
4 64 ->
5 65 34
5 66 5
5 67 4
5 68 1
5 69 [2][2]
$2*C0496ED9EBA1613R
$40496ED9EBA16134,40496ED9EBA1613R
5 70 ->
6 71 [4][3]
$0,3FF,0
$2*0,3FF
$3FF,2*0
$3*0
5 72 NULL
5 73 0
5 74 1
5 75 [2][3]
$C0496ED9EBA1613R,0,C0496ED9EBA1613R
$40496ED9EBA1613R,0,40496ED9EBA16135
2 76 NULL
2 77 ->
2 78 ->
3 79 [4][3]
$0,3FF,0
$2*0,3FF
$3FF,2*0
$3*0
3 80 [1]
4 80 ->
5 81 514
5 82 0
5 83 -1
5 84 -1
5 85 -1
5 86 5
5 87 0
5 88 0
5 89 32768
5 90 [1]
6 90 ->
7 91 1
7 92 ->
8 93 -4
8 94 5
8 95 0
3 96 -1
3 97 1
3 98 [1]
4 98 
5 99 11
5 100 0
5 101 [4][3]
$0,3FF,0
$2*0,3FF
$3FF,2*0
$3*0
2 102 NULL
2 103 5
2 104 -1
2 105 NULL
2 106 NULL
2 107 ->
3 108 0
3 109 0
3 110 [2][3]
$3*0
$3*0
3 111 0
3 112 NULL
3 113 -1
2 114 -1
2 115 NULL
2 116 1
2 117 ->
3 118 1
1 119 ->
2 34 6
2 35 1
2 36 ->
3 37 13
3 38 923
3 39 0
3 40 [2]
$2*0
3 41 0
3 42 -1
3 43 -1
3 44 ->
4 45 0
4 46 0
4 47 -1
4 48 -1
4 49 -1
4 50 -1
4 51 0
4 52 0
4 53 0
4 54 0
3 55 0
2 56 -1
2 57 DTM3
2 58 2
2 59 ->
3 60 [1][4]
$7,3*0
3 61 NULL
3 62 [11]
$2*-1,-1025,-2049,2*-1,-16777217,3*-1,8191
2 63 
3 64 [1]
4 64 ->
5 65 34
5 66 7
5 67 6
5 68 1
5 69 [2][2]
$C0496ED9EBA1613R,C0496ED9EBA16135
$2*40496ED9EBA1613R
5 70 ->
6 71 [4][3]
$3FF,2*0
$0,3FF,0
$2*0,3FF
$3*0
5 72 NULL
5 73 0
5 74 1
5 75 [2][3]
$C0496ED9EBA1613R,C0496ED9EBA16135,0
$2*40496ED9EBA1613R,0
2 76 NULL
2 77 ->
2 78 ->
3 79 [4][3]
$3FF,2*0
$0,3FF,0
$2*0,3FF
$3*0
3 80 [1]
4 80 ->
5 81 515
5 82 0
5 83 -1
5 84 -1
5 85 -1
5 86 7
5 87 0
5 88 0
5 89 32768
5 90 [1]
6 90 ->
7 91 1
7 92 ->
8 93 -4
8 94 5
8 95 0
3 96 -1
3 97 1
3 98 [1]
4 98 
5 99 11
5 100 0
5 101 [4][3]
$3FF,2*0
$0,3FF,0
$2*0,3FF
$3*0
2 102 NULL
2 103 7
2 104 -1
2 105 NULL
2 106 NULL
2 107 ->
3 108 0
3 109 0
3 110 [2][3]
$3*0
$3*0
3 111 0
3 112 NULL
3 113 -1
2 114 -1
2 115 NULL
2 116 1
2 117 ->
3 118 1
1 119 ->
2 34 9
2 35 1
2 36 ->
3 37 13
3 38 923
3 39 0
3 40 [2]
$3,0
3 41 0
3 42 -1
3 43 -1
3 44 ->
4 45 0
4 46 0
4 47 -1
4 48 970
4 49 -1
4 50 -1
4 51 0
4 52 0
4 53 0
4 54 0
3 55 0
2 56 -1
2 57 no_name
2 58 2
2 59 ->
3 60 [1][4]
$10,3*0
3 61 NULL
3 62 [11]
$2*-1,-1025,-2049,2*-1,-16777217,3*-1,8191
2 63 
3 64 [1]
4 64 ->
5 65 34
5 66 10
5 67 9
5 68 -1
5 69 [2][2]
$2*0
$2*0
5 70 ->
6 71 [4][3]
$3FF,2*0
$2*0,3FF
$0,BFF,0
$3*0
5 72 NULL
5 73 0
5 74 1
5 75 [2][3]
$3*0
$3*0
2 76 NULL
2 77 ->
2 78 ->
3 79 [4][3]
$3FF,2*0
$2*0,3FF
$0,BFF,0
$3*0
3 80 [2]
4 80 ->
5 81 509
5 82 3FF
5 83 -1
5 84 -1
5 85 5
5 86 10
5 87 0
5 88 0
5 89 32768
5 90 [1]
6 90 ->
7 91 1
7 92 ->
8 93 -4
8 94 5
8 95 0
4 80 ->
5 81 510
5 82 BFF
5 83 -1
5 84 -1
5 85 7
5 86 10
5 87 0
5 88 0
5 89 32768
5 90 [1]
6 90 ->
7 91 1
7 92 ->
8 93 -4
8 94 5
8 95 0
3 96 -1
3 97 1
3 98 [1]
4 98 
5 99 11
5 100 0
5 101 [4][3]
$3FF,2*0
$2*0,3FF
$0,BFF,0
$3*0
2 102 NULL
2 103 10
2 104 -1
2 105 NULL
2 106 NULL
@parent_table 120 1
2 120 [2]
$4,6
2 107 ->
3 108 0
3 109 0
3 110 [2][3]
$3*0
$3*0
3 111 0
3 112 NULL
3 113 -1
2 114 -1
2 115 NULL
2 116 0
2 117 ->
3 118 2
1 119 ->
2 34 8
2 35 1
2 36 ->
3 37 7
3 38 917
3 39 1
3 40 [2]
$0,65536
3 41 0
3 42 991
3 43 -1
3 44 ->
4 45 0
4 46 1073741824
4 47 -1
4 48 -1
4 49 -1
4 50 -1
4 51 0
4 52 0
4 53 0
4 54 0
3 55 0
2 56 -1
2 57 no_name
2 58 2
2 59 ->
3 60 [6][4]
$11,204,2*0
$16,203,2*0
$21,200,3,0
$23,200,2,0
$25,200,1,0
$27,200,2*0
@edg_id_arr 121 1
3 121 [12][6]
$12,221,3,2*0,11
$13,221,2,2*0,11
$14,221,1,2*0,11
$15,221,3*0,11
$17,222,3,2*0,21
$18,222,2,2*0,23
$19,222,1,2*0,25
$20,222,3*0,27
$22,220,3,2*0,21
$24,220,2,2*0,23
$26,220,1,2*0,25
$28,220,3*0,27
@dtm_id_tab 122 0
3 122 [1]
4 122 
@dtm_id 123 1
5 123 10
@dim_id 124 1
5 124 -1
3 61 ->
@sv_frst_geom 125 1
4 125 11
3 62 [11]
$2*-1,-1025,-2049,2*-1,-16777217,3*-1,8191
2 63 
3 64 [6]
4 64 ->
5 65 34
5 66 11
5 67 8
5 68 0
5 69 [2][2]
$2*C049
$2*4049
5 70 ->
6 71 [4][3]
$3FF,2*0
$2*0,3FF
$0,BFF,0
$0,C049,0
5 72 ->
@frst_cntr_crv_hdr_ptr 126 1
6 126 82
@trv 127 1
6 127 1
@envlp 128 2
6 128 [2][2]
$2*C049
$2*4049
@next_cntr_ptr 129 0
5 129 NULL
5 73 16
5 74 -1
5 75 [2][3]
$3*C049
$4049,C049,4049
4 64 ->
5 65 34
5 66 16
5 67 8
5 68 0
5 69 [2][2]
$2*C049
$2*4049
5 70 ->
6 71 [4][3]
$3FF,2*0
$2*0,3FF
$0,BFF,0
$0,4049,0
5 72 ->
6 126 84
6 127 1
6 128 [2][2]
$2*C049
$2*4049
5 129 NULL
5 73 23
5 74 1
5 75 [2][3]
$C049,4049,C049
$3*4049
4 64 ->
5 65 34
5 66 21
5 67 8
5 68 -1
5 69 [2][2]
$2*0
$2*4059
5 70 ->
6 71 [4][3]
$2*0,BFF
$0,3FF,0
$3FF,2*0
$3*C049
5 72 NULL
5 73 64
5 74 1
5 75 [2][3]
$3*C049
$C049,2*4049
4 64 ->
5 65 34
5 66 23
5 67 8
5 68 0
5 69 [2][2]
$2*0
$2*4059
5 70 ->
6 71 [4][3]
$3FF,2*0
$0,3FF,0
$2*0,3FF
$2*C049,4049
5 72 ->
6 126 86
6 127 1
6 128 [2][2]
$2*0
$2*4059
5 129 NULL
5 73 27
5 74 1
5 75 [2][3]
$2*C049,4049
$3*4049
4 64 ->
5 65 34
5 66 25
5 67 8
5 68 -1
5 69 [2][2]
$2*0
$2*4059
5 70 ->
6 71 [4][3]
$2*0,3FF
$0,3FF,0
$BFF,2*0
$4049,C049,4049
5 72 NULL
5 73 32
5 74 1
5 75 [2][3]
$4049,2*C049
$3*4049
4 64 ->
5 65 34
5 66 27
5 67 8
5 68 0
5 69 [2][2]
$2*0
$2*4059
5 70 ->
6 71 [4][3]
$BFF,2*0
$0,3FF,0
$2*0,BFF
$4049,2*C049
5 72 ->
6 126 87
6 127 1
6 128 [2][2]
$2*0
$2*4059
5 129 NULL
5 73 40
5 74 1
5 75 [2][3]
$3*C049
$2*4049,C049
@crv_array 130 0
3 130 [12]
4 130 ->
@crv_id 131 1
5 131 12
@feat_id 132 1
5 132 8
@type 133 1
5 133 0
@crv_pnt_dir 134 1
5 134 [2]
$1,-1
@crv_pnt_arr 135 2
5 135 [2][4]
$C049,4049,2*0
$2*C049,4059,0
@crv_hdr_geom_ptr[0] 136 1
5 136 11
@crv_hdr_geom_ptr[1] 137 1
5 137 21
@next_crv_hdr_ptr[0] 138 1
5 138 56
@next_crv_hdr_ptr[1] 139 1
5 139 22
@ref_geom[0] 140 1
5 140 0
@ref_geom[1] 141 1
5 141 0
4 130 ->
5 131 13
5 132 8
5 133 0
5 134 [2]
$1,-1
5 135 [2][4]
$2*C049,2*0
$4049,C049,4059,0
5 136 11
5 137 23
5 138 0
5 139 0
5 140 0
5 141 0
4 130 ->
5 131 14
5 132 8
5 133 0
5 134 [2]
$1,-1
5 135 [2][4]
$4049,C049,2*0
$2*4049,4059,0
5 136 11
5 137 25
5 138 15
5 139 26
5 140 0
5 141 0
4 130 ->
5 131 15
5 132 8
5 133 0
5 134 [2]
$1,-1
5 135 [2][4]
$2*4049,2*0
$C049,4049,4059,0
5 136 11
5 137 27
5 138 0
5 139 0
5 140 0
5 141 0
4 130 ->
5 131 17
5 132 8
5 133 0
5 134 [2]
$-1,1
5 135 [2][4]
$C049,4049,0,4059
$2*C049,2*4059
5 136 16
5 137 21
5 138 59
5 139 24
5 140 0
5 141 0
4 130 ->
5 131 18
5 132 8
5 133 0
5 134 [2]
$-1,1
5 135 [2][4]
$2*C049,0,4059
$4049,C049,2*4059
5 136 16
5 137 23
5 138 0
5 139 0
5 140 0
5 141 0
4 130 ->
5 131 19
5 132 8
5 133 0
5 134 [2]
$-1,1
5 135 [2][4]
$4049,C049,0,4059
$2*4049,2*4059
5 136 16
5 137 25
5 138 18
5 139 28
5 140 0
5 141 0
4 130 ->
5 131 20
5 132 8
5 133 0
5 134 [2]
$-1,1
5 135 [2][4]
$2*4049,0,4059
$C049,4049,2*4059
5 136 16
5 137 27
5 138 0
5 139 0
5 140 0
5 141 0
4 130 ->
5 131 22
5 132 8
5 133 0
5 134 [2]
$1,-1
5 135 [2][4]
$2*0,4059,0
$0,3*4059
5 136 21
5 137 27
5 138 17
5 139 57
5 140 0
5 141 0
4 130 ->
5 131 24
5 132 8
5 133 0
5 134 [2]
$1,-1
5 135 [2][4]
$2*0,4059,0
$0,3*4059
5 136 23
5 137 21
5 138 58
5 139 12
5 140 0
5 141 0
4 130 ->
5 131 26
5 132 8
5 133 0
5 134 [2]
$1,-1
5 135 [2][4]
$2*0,4059,0
$0,3*4059
5 136 25
5 137 23
5 138 19
5 139 13
5 140 0
5 141 0
4 130 ->
5 131 28
5 132 8
5 133 0
5 134 [2]
$1,-1
5 135 [2][4]
$2*0,4059,0
$0,3*4059
5 136 27
5 137 25
5 138 20
5 139 14
5 140 0
5 141 0
2 76 NULL
2 77 ->
2 78 ->
3 79 [4][3]
$3FF,2*0
$2*0,3FF
$0,BFF,0
$0,C049,0
3 80 [1]
4 80 ->
5 81 1854
5 82 0
5 83 0
5 84 -1
5 85 -1
5 86 -1
5 87 0
5 88 0
5 89 0
3 96 -1
3 97 0
3 98 [1]
4 98 
5 99 1
5 100 0
5 101 [4][3]
$0,BFF,0
$3FF,2*0
$2*0,3FF
$3*0
2 102 NULL
2 103 11
@gsec_ptr 142 0
2 142 [1]
3 142 
@type 143 1
4 143 2
@name 144 10
4 144 S2D0004
@gsec2d_ptr 145 0
4 145 ->
@name 146 10
5 146 S2D0004
@segtab_ptr 147 0
5 147 [6]
6 147 
@type 148 1
7 148 2
@dir 149 1
7 149 [3]
$1,2*0
@pointid 150 1
7 150 [2]
$0,1
@cntrid 151 1
7 151 1
@arcorient 152 1
7 152 0
@verhor 153 1
7 153 1
@radius 154 1
7 154 0
@ext_id 155 1
7 155 0
@gen_info 156 0
7 156 
@known_ent_info 157 0
7 157 
@attr 158 1
8 158 0
@known_ent_id 159 1
8 159 -1
6 147 
7 148 2
7 149 [3]
$0,-1,0
7 150 [2]
$1,2
7 151 2
7 152 0
7 153 0
7 154 0
7 155 1
7 156 
7 157 
8 158 0
8 159 -1
6 147 
7 148 2
7 149 [3]
$-1,2*0
7 150 [2]
$2,3
7 151 3
7 152 0
7 153 1
7 154 0
7 155 2
7 156 
7 157 
8 158 0
8 159 -1
6 147 
7 148 2
7 149 [3]
$0,1,0
7 150 [2]
$3,0
7 151 0
7 152 0
7 153 0
7 154 0
7 155 3
7 156 
7 157 
8 158 0
8 159 -1
6 147 
7 148 32770
7 149 [3]
$-1,2*0
7 150 [2]
$4,5
7 151 5
7 152 0
7 153 1
7 154 0
7 155 4
7 156 
@attributes 160 1
8 160 8
7 157 
8 158 0
8 159 -1
6 147 
7 148 32770
7 149 [3]
$0,-1,0
7 150 [2]
$6,7
7 151 7
7 152 0
7 153 0
7 154 0
7 155 5
7 156 
8 160 8
7 157 
8 158 0
8 159 -1
@dimtab_ptr 161 0
5 161 [4]
6 161 
@type 162 1
7 162 1
@value 163 2
7 163 4059
@direct 164 1
7 164 0
@property 165 1
7 165 0
@leftpt 166 1
7 166 [2]
@rightpt 167 1
7 167 [2]
@offset 168 2
7 168 0
@ext_id 169 1
7 169 0
@dispdimattr 170 0
7 170 
@dimattr 171 1
8 171 [2]
$34,0
@dim_ref 172 0
7 172 [2]
8 172 
@item_id 173 1
9 173 1
@sense 174 1
9 174 -1
@point 175 1
9 175 [2]
$2*1
8 172 
9 173 -1
9 174 -1
9 175 [2]
$2*2
6 161 
7 162 1
7 163 4059
7 164 0
7 165 0
7 166 [2]
7 167 [2]
7 168 0
7 169 1
7 170 
8 171 [2]
$34,0
7 172 [2]
8 172 
9 173 0
9 174 -1
9 175 [2]
$2*0
8 172 
9 173 -1
9 174 -1
9 175 [2]
$2*1
6 161 
7 162 5
7 163 4049
7 164 0
7 165 0
7 166 [2]
7 167 [2]
7 168 0
7 169 2
7 170 
8 171 [2]
$34,0
7 172 [2]
8 172 
9 173 0
9 174 -1
9 175 [2]
$0,1
8 172 
9 173 4
9 174 -1
9 175 [2]
$4,5
6 161 
7 162 5
7 163 4049
7 164 0
7 165 0
7 166 [2]
7 167 [2]
7 168 0
7 169 3
7 170 
8 171 [2]
$34,0
7 172 [2]
8 172 
9 173 3
9 174 -1
9 175 [2]
$3,0
8 172 
9 173 5
9 174 -1
9 175 [2]
$6,7
@relat_ptr 176 0
5 176 [8]
6 176 
@used 177 1
7 177 0
@a 178 1
7 178 [4]
$0,4,2*-1
@b 179 1
7 179 [4]
$2*1,2*0
@c 180 2
7 180 [4]
$3FF,BFF,2*3FF
@sign 181 1
7 181 -1
@idim 182 1
7 182 2
@type 183 1
7 183 0
6 176 
7 177 1
7 178 [4]
$0,1,2*-1
7 179 [4]
$2*1,2*0
7 180 [4]
$3FF,BFF,2*3FF
7 181 0
7 182 0
7 183 0
6 176 
7 177 1
7 178 [4]
$1,2,2*-1
7 179 [4]
$2*1,2*0
7 180 [4]
$3FF,BFF,2*3FF
7 181 -1
7 182 0
7 183 0
6 176 
7 177 1
7 178 [4]
$2,3,2*-1
7 179 [4]
$2*1,2*0
7 180 [4]
$3FF,BFF,2*3FF
7 181 0
7 182 0
7 183 0
6 176 
7 177 0
7 178 [4]
$3,6,2*-1
7 179 [4]
$4*0
7 180 [4]
$3FF,BFF,2*3FF
7 181 1
7 182 3
7 183 0
6 176 
7 177 1
7 178 [4]
$3,0,2*-1
7 179 [4]
$4*0
7 180 [4]
$3FF,BFF,2*3FF
7 181 0
7 182 0
7 183 0
6 176 
7 177 1
7 178 [4]
$0,1,2*-1
7 179 [4]
$4*0
7 180 [4]
$3FF,BFF,2*3FF
7 181 1
7 182 1
7 183 0
6 176 
7 177 1
7 178 [4]
$1,2,2*-1
7 179 [4]
$4*0
7 180 [4]
$3FF,BFF,2*3FF
7 181 0
7 182 0
7 183 0
@formula_ptr 184 1
5 184 [8]
$0,1,2,3,4,5,6,7
@qind 185 1
5 185 -1
@totalpointid 186 1
5 186 8
@checkarcs_flag 187 1
5 187 1
@location 188 0
5 188 ->
@id 189 1
6 189 0
@param 190 2
6 190 0
@type 191 1
6 191 0
@nsket_info 192 0
5 192 ->
@scale 193 2
6 193 0
@m 194 1
6 194 0
@last_was_permanent 195 1
6 195 0
@unsolved_ptr 196 0
5 196 ->
@iges_file 197 10
6 197 NULL
@solve_version 198 1
5 198 1
@segdscr_tab 199 0
5 199 [6]
6 199 
@ent_mode 200 1
7 200 0
6 199 
7 200 0
6 199 
7 200 0
6 199 
7 200 0
6 199 
7 200 0
6 199 
7 200 0
@gsec3d_ptr 201 0
4 201 ->
@type 202 1
5 202 7
@name 203 10
5 203 S2D0004
@flip 204 1
5 204 1
@own_ref_id 205 1
5 205 -1
@first_chain_ptr 206 0
5 206 NULL
@quilt_id 207 1
5 207 -1
@plane_id 208 1
5 208 10
@plane_flip 209 1
5 209 -1
@ref_planes 210 0
5 210 [2]
6 210 
@plane_id 211 1
7 211 7
@ref_type 212 1
7 212 5
@ext_ref_id 213 1
7 213 -1
@seg_id 214 1
7 214 4
@flip_flag 215 1
7 215 0
@save_entity_ptr(line) 216 0
7 216 ->
@type 217 1
8 217 32770
@id 218 1
8 218 0
@gen_info 219 0
8 219 
9 160 8
@end1 220 2
8 220 [3]
$3*0
@end2 221 2
8 221 [3]
$C059,2*0
@back_entity_ptr(line) 222 0
7 222 ->
8 217 32770
8 218 0
8 219 
9 160 8
8 220 [3]
$3*0
8 221 [3]
$C059,2*0
6 210 
7 211 2
7 212 5
7 213 -1
7 214 5
7 215 0
7 216 ->
8 217 32770
8 218 0
8 219 
9 160 8
8 220 [3]
$3*0
8 221 [3]
$0,C059,0
7 222 ->
8 217 32770
8 218 0
8 219 
9 160 8
8 220 [3]
$3*0
8 221 [3]
$0,C059,0
@order_ptr 223 0
4 223 [4]
5 223 
@id 224 1
6 224 0
@flip 225 1
6 225 34
5 223 
6 224 1
6 225 0
5 223 
6 224 2
6 225 0
5 223 
6 224 3
6 225 4
@dim_id_tab 226 1
4 226 [4]
$1,2,3,4
@attributes 227 1
4 227 0
@xsec_id 228 1
4 228 -1
@secsolve_revnum 229 1
4 229 0
@rel_accuracy 230 2
4 230 BFF
2 104 -1
2 105 NULL
2 106 NULL
2 120 [3]
$1,6,9
2 107 ->
@crv_type 231 0
3 231 [12]
4 231 
@p_crv 232 1
5 232 12
@crv_type 233 1
5 233 7
4 231 
5 232 13
5 233 7
4 231 
5 232 14
5 233 7
4 231 
5 232 15
5 233 7
4 231 
5 232 17
5 233 7
4 231 
5 232 18
5 233 7
4 231 
5 232 19
5 233 7
4 231 
5 232 20
5 233 7
4 231 
5 232 22
5 233 7
4 231 
5 232 24
5 233 7
4 231 
5 232 26
5 233 7
4 231 
5 232 28
5 233 7
3 108 0
3 109 0
3 110 [2][3]
$3*0
$3*0
3 111 0
3 112 NULL
3 113 -1
2 114 -1
2 115 NULL
2 116 1
2 117 ->
@revnums 234 0
3 234 [2]
4 234 ->
@owner_type 235 1
5 235 4
@owner_ind 236 1
5 236 0
@ref_id 237 1
5 237 0
@ref_revnum 238 1
5 238 1
4 234 ->
5 235 4
5 236 0
5 237 1
5 238 1
3 118 1
1 119 ->
2 34 30
2 35 1
2 36 ->
3 37 13
3 38 923
3 39 0
3 40 [2]
$3,0
3 41 0
3 42 -1
3 43 -1
3 44 ->
4 45 0
4 46 0
4 47 -1
4 48 970
4 49 -1
4 50 -1
4 51 0
4 52 0
4 53 0
4 54 0
3 55 0
2 56 -1
2 57 no_name
2 58 2
2 59 ->
3 60 [1][4]
$31,3*0
3 61 NULL
3 62 [11]
$2*-1,-1025,-2049,2*-1,-16777217,3*-1,8191
2 63 
3 64 [1]
4 64 ->
5 65 34
5 66 31
5 67 30
5 68 -1
5 69 [2][2]
$2*0
$2*0
5 70 ->
6 71 [4][3]
$3FF,2*0
$2*0,3FF
$0,BFF,0
$0,4049,0
5 72 NULL
5 73 0
5 74 1
5 75 [2][3]
$3*0
$3*0
2 76 NULL
2 77 ->
2 78 ->
3 79 [4][3]
$3FF,2*0
$2*0,3FF
$0,BFF,0
$0,4049,0
3 80 [2]
4 80 ->
5 81 509
5 82 3FF
5 83 -1
5 84 -1
5 85 16
5 86 31
5 87 0
5 88 0
5 89 32768
5 90 [1]
6 90 ->
7 91 1
7 92 ->
8 93 -4
8 94 5
8 95 0
4 80 ->
5 81 510
5 82 BFF
5 83 -1
5 84 -1
5 85 23
5 86 31
5 87 0
5 88 0
5 89 32768
5 90 [1]
6 90 ->
7 91 1
7 92 ->
8 93 -4
8 94 5
8 95 0
3 96 -1
3 97 1
3 98 [1]
4 98 
5 99 11
5 100 0
5 101 [4][3]
$3FF,2*0
$2*0,3FF
$0,BFF,0
$0,4049,0
2 102 NULL
2 103 31
2 104 -1
2 105 NULL
2 106 NULL
2 120 [1]
3 120 8
2 107 ->
3 108 11
3 109 0
3 110 [2][3]
$3*C049
$3*4049
3 111 4065A6900584FBE5
3 112 NULL
3 113 -1
2 114 -1
2 115 NULL
2 116 0
2 117 ->
3 118 2
1 119 ->
2 34 29
2 35 1
2 36 ->
3 37 6
3 38 916
3 39 1
3 40 [2]
$32,65536
3 41 0
3 42 991
3 43 -1
3 44 ->
4 45 0
4 46 1052672
4 47 -1
4 48 -1
4 49 -1
4 50 -1
4 51 0
4 52 0
4 53 0
4 54 0
3 55 0
2 56 -1
2 57 no_name
2 58 2
2 59 ->
3 60 [9][4]
$32,204,2*0
$36,203,2*0
$40,200,2*0
$42,200,1,0
$44,200,2,0
$46,270,35,1
$47,270,41,1
$48,270,39,1
$49,270,45,0
3 121 [20][6]
$33,221,3*0,32
$34,221,1,2*0,32
$35,221,2,2*0,32
$37,222,3*0,40
$38,222,1,2*0,42
$39,222,2,2*0,-1
$41,220,3*0,40
$43,220,1,2*0,42
$45,220,2,2*0,-1
$50,223,11,40,0,40
$51,223,11,42,0,42
$52,226,16,40,0,16
$53,226,16,42,0,16
$54,227,23,42,0,42
$55,227,27,40,0,27
$56,224,13,2*0,11
$57,224,15,2*0,11
$58,224,18,2*0,23
$59,224,20,2*0,27
$60,224,43,2*0,42
3 122 [1]
4 122 
5 123 31
5 124 -1
3 61 ->
@new_edges 239 1
4 239 [11]
$50,51,52,53,54,55,56,57,58,59,60
4 125 32
3 62 [11]
$2*-1,-1025,-2049,2*-1,-16777217,3*-1,8191
2 63 
3 64 [9]
4 64 ->
5 65 34
5 66 32
5 67 29
5 68 -1
5 69 [2][2]
$4046D01292DCA29C,C049
$2*4049
5 70 ->
6 71 [4][3]
$3FF,2*0
$2*0,3FF
$0,BFF,0
$0,4049,0
5 72 NULL
5 73 36
5 74 -1
5 75 [2][3]
$4046D01292DCA29C,4049,C049
$3*4049
4 64 ->
5 65 34
5 66 36
5 67 29
5 68 -1
5 69 [2][2]
$4046D01292DCA29C,C049
$2*4049
5 70 ->
6 71 [4][3]
$3FF,2*0
$2*0,3FF
$0,BFF,0
$0,C04E,0
5 72 NULL
5 73 0
5 74 1
5 75 [2][3]
$4046D01292DCA29C,C04E,C049
$4049,C04E,4049
4 64 ->
5 65 34
5 66 40
5 67 29
5 68 0
5 69 [2][2]
$0,C059
$404918726BFD1E26,0
5 70 ->
6 71 [4][3]
$BFB64FD6B8C2810D,0,BFEFE0D3B41815A2
$0,3FF,0
$3FEFE0D3B41815A2,0,BFB64FD6B8C2810D
$2*4049,C049
5 72 ->
6 126 50
6 127 1
6 128 [2][2]
$0,C059
$404918726BFD1E26,0
5 129 NULL
5 73 42
5 74 -1
5 75 [2][3]
$4046D01292DCA29C,2*C049
$2*4049,3D
4 64 ->
5 65 34
5 66 42
5 67 29
5 68 0
5 69 [2][2]
$0,C059
$404918726BFD1E25,0
5 70 ->
6 71 [4][3]
$3FB64FD6B8C2810D,0,BFEFE0D3B41815A2
$0,3FF,0
$3FEFE0D3B41815A2,0,3FB64FD6B8C2810D
$4046D01292DCA29C,4049,0
5 72 ->
6 126 51
6 127 1
6 128 [2][2]
$0,C059
$404918726BFD1E25,0
5 129 NULL
5 73 72
5 74 -1
5 75 [2][3]
$4046D01292DCA29C,C049,0
$3*4049
4 64 ->
5 65 34
5 66 44
5 67 29
5 68 -1
5 69 [2][2]
$0,C05B8
$4059,0
5 70 ->
6 71 [4][3]
$2*0,3FF
$0,3FF,0
$BFF,2*0
$3*4049
5 72 NULL
5 73 0
5 74 1
5 75 [2][3]
$0,4049,0
$0,4049,0
4 64 ->
5 65 34
5 66 46
5 67 29
5 68 6
5 69 [2][2]
$2*BE112E0BE826D695
$40590000000112E1,3E112E0BE826D695
5 70 ->
6 71 [4][3]
$2*0,3FF
$0,3FF,0
$BFF,2*0
$3*4049
5 72 NULL
5 73 0
5 74 1
5 75 [2][3]
$0,4049,0
$0,4049,0
4 64 ->
5 65 34
5 66 47
5 67 29
5 68 6
5 69 [2][2]
$BE112E0BE826D695,C05B8000000112E1
$40590000000112E1,3E112E0BE826D695
5 70 ->
6 71 [4][3]
$2*0,3FF
$0,3FF,0
$BFF,2*0
$3*4049
5 72 NULL
5 73 0
5 74 1
5 75 [2][3]
$0,4049,0
$0,4049,0
4 64 ->
5 65 34
5 66 48
5 67 29
5 68 6
5 69 [2][2]
$BE112E0BE826D695,C05B8000000112E1
$40590000000112E1,3E112E0BE826D695
5 70 ->
6 71 [4][3]
$2*0,3FF
$0,3FF,0
$BFF,2*0
$3*4049
5 72 NULL
5 73 0
5 74 1
5 75 [2][3]
$0,4049,0
$0,4049,0
4 64 ->
5 65 34
5 66 49
5 67 29
5 68 6
5 69 [2][2]
$BE112E0BE826D695,C05B8000000112E1
$2*3E112E0BE826D695
5 70 ->
6 71 [4][3]
$2*0,3FF
$0,3FF,0
$BFF,2*0
$3*4049
5 72 NULL
5 73 0
5 74 1
5 75 [2][3]
$0,4049,0
$0,4049,0
3 130 [20]
4 130 ->
5 131 33
5 132 29
5 133 0
5 134 [2]
$1,-1
5 135 [2][4]
$2*4049,2*0
$4046D01292DCA29C,0,404918726BFD1E26,0
5 136 32
5 137 40
5 138 34
5 139 41
5 140 0
5 141 0
4 130 ->
5 131 34
5 132 29
5 133 0
5 134 [2]
$1,-1
5 135 [2][4]
$4046D01292DCA29C,3*0
$4049,C049,404918726BFD1E26,0
5 136 32
5 137 42
5 138 35
5 139 43
5 140 0
5 141 0
4 130 ->
5 131 35
5 132 29
5 133 2
5 134 [2]
$2*1
5 135 [2][4]
$4049,C049,2*0
$2*4049,4059,0
5 136 32
5 137 0
5 138 33
5 139 41
5 140 0
5 141 46
4 130 ->
5 131 37
5 132 29
5 133 0
5 134 [2]
$-1,1
5 135 [2][4]
$2*4049,0,C05B8
$4046D01292DCA29C,0,404918726BFD1E26,C05B8
5 136 36
5 137 40
5 138 39
5 139 43
5 140 0
5 141 0
4 130 ->
5 131 38
5 132 29
5 133 0
5 134 [2]
$-1,1
5 135 [2][4]
$4046D01292DCA29C,2*0,C05B8
$4049,C049,404918726BFD1E26,C05B8
5 136 36
5 137 42
5 138 37
5 139 45
5 140 0
5 141 0
4 130 ->
5 131 39
5 132 29
5 133 2
5 134 [2]
$2*-1
5 135 [2][4]
$4049,C049,0,C05B8
$2*4049,4059,C05B8
5 136 36
5 137 0
5 138 38
5 139 45
5 140 0
5 141 48
4 130 ->
5 131 41
5 132 29
5 133 0
5 134 [2]
$2*1
5 135 [2][4]
$2*0,4059,0
$0,C05B8,4059,C05B8
5 136 40
5 137 0
5 138 37
5 139 39
5 140 0
5 141 47
4 130 ->
5 131 43
5 132 29
5 133 0
5 134 [2]
$1,-1
5 135 [2][4]
$2*0,404918726BFD1E26,0
$0,C05B8,404918726BFD1E26,C05B8
5 136 42
5 137 40
5 138 0
5 139 0
5 140 0
5 141 0
4 130 ->
5 131 45
5 132 29
5 133 0
5 134 [2]
$2*-1
5 135 [2][4]
$2*0,404918726BFD1E26,0
$0,C05B8,404918726BFD1E26,C05B8
5 136 0
5 137 42
5 138 35
5 139 34
5 140 49
5 141 0
4 130 ->
5 131 50
5 132 29
5 133 0
5 134 [2]
$-1,1
5 135 [2][4]
$2*4049,0,C059
$4046D01292DCA29C,0,404918726BFD1E25,C059
5 136 11
5 137 40
5 138 89
5 139 60
5 140 0
5 141 0
4 130 ->
5 131 51
5 132 29
5 133 0
5 134 [2]
$-1,1
5 135 [2][4]
$4046D01292DCA29C,2*0,C059
$4049,C049,404918726BFD1E25,C059
5 136 11
5 137 42
5 138 50
5 139 54
5 140 0
5 141 0
4 130 ->
5 131 52
5 132 29
5 133 0
5 134 [2]
$1,-1
5 135 [2][4]
$2*4049,2*0
$4046D01292DCA29C,BD02ED83EF8E5AER,404918726BFD1E26,0
5 136 16
5 137 40
5 138 53
5 139 55
5 140 0
5 141 0
4 130 ->
5 131 53
5 132 29
5 133 0
5 134 [2]
$1,-1
5 135 [2][4]
$4046D01292DCA29C,BD02ED83EF8E5AER,2*0
$4049,C049,404918726BFD1E25,0
5 136 16
5 137 42
5 138 90
5 139 60
5 140 0
5 141 0
4 130 ->
5 131 54
5 132 29
5 133 0
5 134 [2]
$-1,1
5 135 [2][4]
$4059,0,404918726BFD1E25,C059
$2*4059,404918726BFD1E25,0
5 136 23
5 137 42
5 138 88
5 139 53
5 140 0
5 141 0
4 130 ->
5 131 55
5 132 29
5 133 0
5 134 [2]
$1,-1
5 135 [2][4]
$3*0,C059
$0,4059,2*0
5 136 27
5 137 40
5 138 91
5 139 50
5 140 0
5 141 0
4 130 ->
5 131 56
5 132 29
5 133 0
5 134 [2]
$1,-1
5 135 [2][4]
$2*C049,2*0
$4049,C049,4059,0
5 136 11
5 137 23
5 138 0
5 139 0
5 140 0
5 141 0
4 130 ->
5 131 57
5 132 29
5 133 0
5 134 [2]
$1,-1
5 135 [2][4]
$2*4049,2*0
$C049,4049,4059,0
5 136 11
5 137 27
5 138 0
5 139 0
5 140 0
5 141 0
4 130 ->
5 131 58
5 132 29
5 133 0
5 134 [2]
$-1,1
5 135 [2][4]
$2*C049,0,4059
$4049,C049,2*4059
5 136 16
5 137 23
5 138 0
5 139 0
5 140 0
5 141 0
4 130 ->
5 131 59
5 132 29
5 133 0
5 134 [2]
$-1,1
5 135 [2][4]
$2*4049,0,4059
$C049,4049,2*4059
5 136 16
5 137 27
5 138 0
5 139 0
5 140 0
5 141 0
4 130 ->
5 131 60
5 132 29
5 133 0
5 134 [2]
$1,-1
5 135 [2][4]
$2*0,404918726BFD1E26,0
$0,C059,404918726BFD1E25,C059
5 136 42
5 137 40
5 138 51
5 139 52
5 140 0
5 141 0
2 76 NULL
2 77 ->
2 78 ->
3 79 [4][3]
$3FF,2*0
$2*0,3FF
$0,BFF,0
$0,4049,0
3 96 -1
3 97 0
3 98 [1]
4 98 
5 99 1
5 100 0
5 101 [4][3]
$3FF,2*0
$0,3FF,0
$2*0,3FF
$3*0
2 102 NULL
2 103 32
2 142 [1]
3 142 
4 143 2
4 144 S2D0005
4 145 ->
5 146 S2D0005
5 147 [6]
6 147 
7 148 2
7 149 [3]
$2*-1,0
7 150 [2]
$0,1
7 151 -1
7 152 0
7 153 2
7 154 0
7 155 0
7 156 
7 157 
8 158 0
8 159 -1
6 147 
7 148 2
7 149 [3]
$1,-1,0
7 150 [2]
$1,2
7 151 -1
7 152 0
7 153 -3
7 154 0
7 155 1
7 156 
7 157 
8 158 0
8 159 -1
6 147 
7 148 32769
7 149 [3]
$3*0
7 150 [2]
$2*0
7 151 0
7 152 0
7 153 0
7 154 0
7 155 4
7 156 
7 157 
8 158 0
8 159 -1
6 147 
7 148 32769
7 149 [3]
$3*0
7 150 [2]
$2*0
7 151 2
7 152 0
7 153 0
7 154 0
7 155 5
7 156 
7 157 
8 158 0
8 159 -1
6 147 
7 148 32770
7 149 [3]
$0,1,0
7 150 [2]
$3,4
7 151 4
7 152 0
7 153 0
7 154 0
7 155 2
7 156 
7 157 
8 158 0
8 159 -1
6 147 
7 148 32770
7 149 [3]
$-1,2*0
7 150 [2]
$5,6
7 151 6
7 152 0
7 153 1
7 154 0
7 155 3
7 156 
8 160 8
7 157 
8 158 0
8 159 -1
5 161 [4]
6 161 
7 162 10
7 163 3FB657184AE74487
7 164 0
7 165 0
7 166 [2]
7 167 [2]
7 168 0
7 169 0
7 170 
8 171 [2]
$34,0
7 172 [2]
8 172 
9 173 0
9 174 1
9 175 [2]
$2*-1
8 172 
9 173 4
9 174 2
9 175 [2]
$2*-1
6 161 
7 162 42
7 163 0
7 164 0
7 165 0
7 166 [2]
7 167 [2]
7 168 0
7 169 2
7 170 
8 171 [2]
$2*0
7 172 [2]
8 172 
9 173 5
9 174 4
9 175 [2]
$2*-1
8 172 
9 173 1
9 174 1
9 175 [2]
$2*-1
6 161 
7 162 42
7 163 0
7 164 0
7 165 0
7 166 [2]
7 167 [2]
7 168 0
7 169 3
7 170 
8 171 [2]
$2*0
7 172 [2]
8 172 
9 173 2
9 174 3
9 175 [2]
$2*-1
8 172 
9 173 0
9 174 1
9 175 [2]
$2*-1
6 161 
7 162 42
7 163 0
7 164 0
7 165 0
7 166 [2]
7 167 [2]
7 168 0
7 169 4
7 170 
8 171 [2]
$2*0
7 172 [2]
8 172 
9 173 3
9 174 3
9 175 [2]
$2*-1
8 172 
9 173 1
9 174 2
9 175 [2]
$2*-1
5 176 [4]
6 176 
7 177 0
7 178 [4]
$1,5,2*-1
7 179 [4]
$2*1,2*0
7 180 [4]
$3FF,BFF,3FF,0
7 181 0
7 182 -1
7 183 0
6 176 
7 177 8
7 178 [4]
$0,4,2*-1
7 179 [4]
$-1,2*1,-1
7 180 [4]
$2*BFF,0,3FF
7 181 0
7 182 0
7 183 1
6 176 
7 177 1
7 178 [4]
$0,1,0,1
7 179 [4]
$2*0,2*1
7 180 [4]
$3FF,2*BFF,3FF
7 181 2
7 182 -1
7 183 9
6 176 
7 177 4
7 178 [4]
$1,2,1,2
7 179 [4]
$2*0,2*1
7 180 [4]
$3FF,2*BFF,3FF
7 181 -3
7 182 -1
7 183 9
5 184 [4]
$0,1,2,3
5 185 -1
5 186 7
5 187 1
5 188 ->
6 189 0
6 190 0
6 191 0
5 192 ->
6 193 404CDE155CB14FDC
6 194 2
6 195 0
5 196 ->
6 197 NULL
5 198 1
5 199 [6]
6 199 
7 200 0
6 199 
7 200 0
6 199 
7 200 0
6 199 
7 200 0
6 199 
7 200 0
6 199 
7 200 0
4 201 ->
5 202 7
5 203 S2D0005
5 204 1
5 205 -1
5 206 NULL
5 207 -1
5 208 31
5 209 1
5 210 [4]
6 210 
7 211 19
7 212 6
7 213 -1
7 214 4
7 215 0
7 216 ->
8 217 32770
8 218 -1
8 219 
8 220 [3]
$4049,C049,0
8 221 [3]
$2*4049,0
7 222 ->
8 217 32770
8 218 -1
8 219 
8 220 [3]
$4049,C049,0
8 221 [3]
$2*4049,0
6 210 
7 211 7
7 212 5
7 213 -1
7 214 5
7 215 0
7 216 ->
8 217 32770
8 218 0
8 219 
9 160 8
8 220 [3]
$3*0
8 221 [3]
$C059,2*0
7 222 ->
8 217 32770
8 218 0
8 219 
9 160 8
8 220 [3]
$3*0
8 221 [3]
$C059,2*0
6 210 
7 211 19
7 212 72
7 213 -1
7 214 2
7 215 0
@save_entity_ptr(point) 240 0
7 240 ->
@type 241 1
8 241 32769
@id 242 1
8 242 -1
@gen_info 243 0
8 243 
@flip 244 1
8 244 1
@pnt 245 2
8 245 [3]
$2*4049,0
@ref_id 246 1
8 246 -1
@feat_id 247 1
8 247 -1
@back_entity_ptr(point) 248 0
7 248 ->
8 241 32769
8 242 -1
8 243 
8 244 1
8 245 [3]
$2*4049,0
8 246 -1
8 247 -1
6 210 
7 211 18
7 212 72
7 213 -1
7 214 3
7 215 0
7 240 ->
8 241 32769
8 242 -1
8 243 
8 244 1
8 245 [3]
$4049,C049,0
8 246 -1
8 247 -1
7 248 ->
8 241 32769
8 242 -1
8 243 
8 244 1
8 245 [3]
$4049,C049,0
8 246 -1
8 247 -1
4 223 [2]
5 223 
6 224 0
6 225 10
5 223 
6 224 1
6 225 4
4 226 [4]
$5,6,7,8
4 227 0
4 228 -1
4 229 0
4 230 BFF
2 104 -1
2 105 NULL
2 106 NULL
2 120 [3]
$6,8,30
2 107 ->
@next_srf 249 0
3 249 [4]
4 249 
@p_srf 250 1
5 250 23
@next_geom_ptr 251 1
5 251 25
4 249 
5 250 25
5 251 27
4 249 
5 250 27
5 251 0
4 249 
5 250 36
5 251 40
@bnd_type 252 0
3 252 [8]
4 252 
@p_srf 253 1
5 253 21
@boundary_type 254 1
5 254 1
4 252 
5 253 23
5 254 1
4 252 
5 253 25
5 254 1
4 252 
5 253 27
5 254 1
4 252 
5 253 32
5 254 2
4 252 
5 253 36
5 254 2
4 252 
5 253 40
5 254 1
4 252 
5 253 42
5 254 1
@contours 255 0
3 255 [9]
4 255 
@p_srf 256 1
5 256 11
@start_crv_arr 257 11
5 257 [1]
6 257 12
4 255 
5 256 16
5 257 [1]
6 257 17
4 255 
5 256 23
5 257 [1]
6 257 13
4 255 
5 256 25
5 257 [1]
6 257 14
4 255 
5 256 27
5 257 [1]
6 257 15
4 255 
5 256 32
5 257 [1]
6 257 33
4 255 
5 256 36
5 257 [1]
6 257 37
4 255 
5 256 40
5 257 [1]
6 257 33
4 255 
5 256 42
5 257 [1]
6 257 34
@next_crv 258 0
3 258 [9]
4 258 
@p_crv 259 1
5 259 12
@next_crv 260 11
5 260 [2]
$13,22
4 258 
5 259 13
5 260 [2]
$14,24
4 258 
5 259 15
5 260 [2]
$12,28
4 258 
5 259 17
5 260 [2]
$20,24
4 258 
5 259 18
5 260 [2]
$17,26
4 258 
5 259 20
5 260 [2]
$19,22
4 258 
5 259 22
5 260 [2]
$17,15
4 258 
5 259 24
5 260 [2]
$18,12
4 258 
5 259 43
5 260 [2]
$38,33
3 108 11
3 109 0
3 110 [2][3]
$3*C049
$3*4049
3 111 4065A6900584FBE5
3 112 NULL
3 113 -1
2 114 -1
2 115 NULL
2 116 1
2 117 ->
3 234 [4]
4 234 ->
5 235 4
5 236 0
5 237 0
5 238 1
4 234 ->
5 235 4
5 236 0
5 237 1
5 238 1
4 234 ->
5 235 4
5 236 0
5 237 2
5 238 1
4 234 ->
5 235 4
5 236 0
5 237 3
5 238 1
3 118 0
1 119 ->
2 34 62
2 35 1
2 36 ->
3 37 13
3 38 923
3 39 0
3 40 [2]
$3,0
3 41 0
3 42 -1
3 43 -1
3 44 ->
4 45 0
4 46 0
4 47 -1
4 48 970
4 49 -1
4 50 -1
4 51 0
4 52 0
4 53 0
4 54 0
3 55 0
2 56 -1
2 57 no_name
2 58 2
2 59 ->
3 60 [1][4]
$63,3*0
3 61 NULL
3 62 [11]
$2*-1,-1025,-2049,2*-1,-16777217,3*-1,8191
2 63 
3 64 [1]
4 64 ->
5 65 34
5 66 63
5 67 62
5 68 -1
5 69 [2][2]
$2*0
$2*0
5 70 ->
6 71 [4][3]
$3FF,2*0
$2*0,3FF
$0,BFF,0
$0,4049,0
5 72 NULL
5 73 0
5 74 1
5 75 [2][3]
$3*0
$3*0
2 76 NULL
2 77 ->
2 78 ->
3 79 [4][3]
$3FF,2*0
$2*0,3FF
$0,BFF,0
$0,4049,0
3 80 [2]
4 80 ->
5 81 509
5 82 3FF
5 83 -1
5 84 -1
5 85 16
5 86 63
5 87 0
5 88 0
5 89 32768
5 90 [1]
6 90 ->
7 91 1
7 92 ->
8 93 -4
8 94 5
8 95 0
4 80 ->
5 81 510
5 82 BFF
5 83 -1
5 84 -1
5 85 23
5 86 63
5 87 0
5 88 0
5 89 32768
5 90 [1]
6 90 ->
7 91 1
7 92 ->
8 93 -4
8 94 5
8 95 0
3 96 -1
3 97 1
3 98 [1]
4 98 
5 99 11
5 100 0
5 101 [4][3]
$3FF,2*0
$2*0,3FF
$0,BFF,0
$0,4049,0
2 102 NULL
2 103 63
2 104 -1
2 105 NULL
2 106 NULL
2 120 [1]
3 120 8
2 107 ->
3 108 11
3 109 0
3 110 [2][3]
$3*C049
$3*4049
3 111 4065A6900584FBE6
3 112 NULL
3 113 -1
2 114 -1
2 115 NULL
2 116 0
2 117 ->
3 118 2
1 119 ->
2 34 61
2 35 1
2 36 ->
3 37 6
3 38 916
3 39 1
3 40 [2]
$32,65536
3 41 0
3 42 991
3 43 -1
3 44 ->
4 45 0
4 46 1052672
4 47 -1
4 48 -1
4 49 -1
4 50 -1
4 51 0
4 52 0
4 53 0
4 54 0
3 55 0
2 56 -1
2 57 no_name
2 58 2
2 59 ->
3 60 [9][4]
$64,204,2*0
$68,203,2*0
$72,200,1,0
$74,200,2*0
$76,200,2,0
$78,270,67,1
$79,270,73,1
$80,270,71,1
$81,270,77,0
3 121 [20][6]
$65,221,1,2*0,64
$66,221,3*0,64
$67,221,2,2*0,64
$69,222,1,2*0,72
$70,222,3*0,74
$71,222,2,2*0,-1
$73,220,1,2*0,72
$75,220,3*0,74
$77,220,2,2*0,-1
$82,223,11,72,0,72
$83,223,11,74,0,74
$84,226,16,72,0,16
$85,226,16,74,0,16
$86,227,23,72,0,23
$87,227,27,74,0,74
$88,224,56,2*0,11
$89,224,57,2*0,11
$90,224,58,2*0,23
$91,224,59,2*0,27
$92,224,75,2*0,74
3 122 [1]
4 122 
5 123 63
5 124 -1
3 61 ->
4 239 [11]
$82,83,84,85,86,87,88,89,90,91,92
4 125 64
3 62 [11]
$2*-1,-1025,-2049,2*-1,-16777217,3*-1,8191
2 63 
3 64 [9]
4 64 ->
5 65 34
5 66 64
5 67 61
5 68 -1
5 69 [2][2]
$2*C049
$C046D01292DCA29F,4049
5 70 ->
6 71 [4][3]
$3FF,2*0
$2*0,3FF
$0,BFF,0
$0,4049,0
5 72 NULL
5 73 68
5 74 -1
5 75 [2][3]
$C049,4049,C049
$C046D01292DCA2A,2*4049
4 64 ->
5 65 34
5 66 68
5 67 61
5 68 -1
5 69 [2][2]
$2*C049
$C046D01292DCA29F,4049
5 70 ->
6 71 [4][3]
$3FF,2*0
$2*0,3FF
$0,BFF,0
$0,C04E,0
5 72 NULL
5 73 0
5 74 1
5 75 [2][3]
$C049,C04E,C049
$C046D01292DCA2A,C04E,4049
4 64 ->
5 65 34
5 66 72
5 67 61
5 68 0
5 69 [2][2]
$0,C059
$404918726BFD1E25,0
5 70 ->
6 71 [4][3]
$3FB64FD6B8C280EF,0,3FEFE0D3B41815A3
$0,3FF,0
$BFEFE0D3B41815A3,0,3FB64FD6B8C280EF
$C049,2*4049
5 72 ->
6 126 82
6 127 1
6 128 [2][2]
$0,C059
$404918726BFD1E25,0
5 129 NULL
5 73 74
5 74 -1
5 75 [2][3]
$2*C049,BD
$C046D01292DCA29F,2*4049
4 64 ->
5 65 34
5 66 74
5 67 61
5 68 0
5 69 [2][2]
$0,C059
$404918726BFD1E24,0
5 70 ->
6 71 [4][3]
$BFB64FD6B8C280EF,0,3FEFE0D3B41815A3
$0,3FF,0
$BFEFE0D3B41815A3,0,BFB64FD6B8C280EF
$C046D01292DCA29F,4049,0
5 72 ->
6 126 83
6 127 1
6 128 [2][2]
$0,C059
$404918726BFD1E24,0
5 129 NULL
5 73 0
5 74 -1
5 75 [2][3]
$3*C049
$C046D01292DCA29F,4049,0
4 64 ->
5 65 34
5 66 76
5 67 61
5 68 -1
5 69 [2][2]
$0,C05B8
$4059,0
5 70 ->
6 71 [4][3]
$2*0,BFF
$0,3FF,0
$3FF,2*0
$C049,4049,C049
5 72 NULL
5 73 0
5 74 1
5 75 [2][3]
$0,4049,0
$0,4049,0
4 64 ->
5 65 34
5 66 78
5 67 61
5 68 6
5 69 [2][2]
$2*BE112E0BE826D695
$40590000000112E1,3E112E0BE826D695
5 70 ->
6 71 [4][3]
$2*0,BFF
$0,3FF,0
$3FF,2*0
$C049,4049,C049
5 72 NULL
5 73 0
5 74 1
5 75 [2][3]
$0,4049,0
$0,4049,0
4 64 ->
5 65 34
5 66 79
5 67 61
5 68 6
5 69 [2][2]
$BE112E0BE826D695,C05B8000000112E2
$40590000000112E1,3E112E0BE826D695
5 70 ->
6 71 [4][3]
$2*0,BFF
$0,3FF,0
$3FF,2*0
$C049,4049,C049
5 72 NULL
5 73 0
5 74 1
5 75 [2][3]
$0,4049,0
$0,4049,0
4 64 ->
5 65 34
5 66 80
5 67 61
5 68 6
5 69 [2][2]
$BE112E0BE826D695,C05B8000000112E2
$40590000000112E1,3E112E0BE826D695
5 70 ->
6 71 [4][3]
$2*0,BFF
$0,3FF,0
$3FF,2*0
$C049,4049,C049
5 72 NULL
5 73 0
5 74 1
5 75 [2][3]
$0,4049,0
$0,4049,0
4 64 ->
5 65 34
5 66 81
5 67 61
5 68 6
5 69 [2][2]
$BE112E0BE826D695,C05B8000000112E2
$2*3E112E0BE826D695
5 70 ->
6 71 [4][3]
$2*0,BFF
$0,3FF,0
$3FF,2*0
$C049,4049,C049
5 72 NULL
5 73 0
5 74 1
5 75 [2][3]
$0,4049,0
$0,4049,0
3 130 [20]
4 130 ->
5 131 65
5 132 61
5 133 0
5 134 [2]
$1,-1
5 135 [2][4]
$2*C049,2*0
$C046D01292DCA29F,0,404918726BFD1E25,0
5 136 64
5 137 72
5 138 66
5 139 73
5 140 0
5 141 0
4 130 ->
5 131 66
5 132 61
5 133 0
5 134 [2]
$1,-1
5 135 [2][4]
$C046D01292DCA29F,3*0
$C049,4049,404918726BFD1E25,0
5 136 64
5 137 74
5 138 67
5 139 75
5 140 0
5 141 0
4 130 ->
5 131 67
5 132 61
5 133 2
5 134 [2]
$2*1
5 135 [2][4]
$C049,4049,2*0
$2*C049,4059,0
5 136 64
5 137 0
5 138 65
5 139 73
5 140 0
5 141 78
4 130 ->
5 131 69
5 132 61
5 133 0
5 134 [2]
$-1,1
5 135 [2][4]
$2*C049,0,C05B8
$C046D01292DCA29F,0,404918726BFD1E25,C05B8
5 136 68
5 137 72
5 138 71
5 139 75
5 140 0
5 141 0
4 130 ->
5 131 70
5 132 61
5 133 0
5 134 [2]
$-1,1
5 135 [2][4]
$C046D01292DCA29F,2*0,C05B8
$C049,4049,404918726BFD1E25,C05B8
5 136 68
5 137 74
5 138 69
5 139 77
5 140 0
5 141 0
4 130 ->
5 131 71
5 132 61
5 133 2
5 134 [2]
$2*-1
5 135 [2][4]
$C049,4049,0,C05B8
$2*C049,4059,C05B8
5 136 68
5 137 0
5 138 70
5 139 77
5 140 0
5 141 80
4 130 ->
5 131 73
5 132 61
5 133 0
5 134 [2]
$2*1
5 135 [2][4]
$2*0,4059,0
$0,C05B8,4059,C05B8
5 136 72
5 137 0
5 138 69
5 139 71
5 140 0
5 141 79
4 130 ->
5 131 75
5 132 61
5 133 0
5 134 [2]
$1,-1
5 135 [2][4]
$2*0,404918726BFD1E25,0
$0,C05B8,404918726BFD1E25,C05B8
5 136 74
5 137 72
5 138 0
5 139 0
5 140 0
5 141 0
4 130 ->
5 131 77
5 132 61
5 133 0
5 134 [2]
$2*-1
5 135 [2][4]
$2*0,404918726BFD1E25,0
$0,C05B8,404918726BFD1E25,C05B8
5 136 0
5 137 74
5 138 67
5 139 66
5 140 81
5 141 0
4 130 ->
5 131 82
5 132 61
5 133 0
5 134 [2]
$-1,1
5 135 [2][4]
$2*C049,0,C059
$C046D01292DCA29F,3CE7D05BE464E74D,404918726BFD1E24,C059
5 136 11
5 137 72
5 138 88
5 139 92
5 140 0
5 141 0
4 130 ->
5 131 83
5 132 61
5 133 0
5 134 [2]
$-1,1
5 135 [2][4]
$C046D01292DCA29F,3CE7D05BE464E74D,3CE7E7A563D53202,C059
$C049,4049,404918726BFD1E24,C059
5 136 11
5 137 74
5 138 82
5 139 87
5 140 0
5 141 0
4 130 ->
5 131 84
5 132 61
5 133 0
5 134 [2]
$1,-1
5 135 [2][4]
$2*C049,2*0
$C046D01292DCA29F,3CDD1387B8DDD18,404918726BFD1E25,0
5 136 16
5 137 72
5 138 85
5 139 86
5 140 0
5 141 0
4 130 ->
5 131 85
5 132 61
5 133 0
5 134 [2]
$1,-1
5 135 [2][4]
$C046D01292DCA29F,3CDD1387B8DDD18,2*0
$C049,4049,404918726BFD1E24,0
5 136 16
5 137 74
5 138 91
5 139 92
5 140 0
5 141 0
4 130 ->
5 131 86
5 132 61
5 133 0
5 134 [2]
$1,-1
5 135 [2][4]
$3*0,C059
$0,4059,2*0
5 136 23
5 137 72
5 138 90
5 139 82
5 140 0
5 141 0
4 130 ->
5 131 87
5 132 61
5 133 0
5 134 [2]
$-1,1
5 135 [2][4]
$4059,0,404918726BFD1E24,C059
$2*4059,404918726BFD1E24,0
5 136 27
5 137 74
5 138 89
5 139 85
5 140 0
5 141 0
4 130 ->
5 131 88
5 132 61
5 133 0
5 134 [2]
$1,-1
5 135 [2][4]
$2*C049,2*0
$4049,C049,4059,0
5 136 11
5 137 23
5 138 51
5 139 86
5 140 0
5 141 0
4 130 ->
5 131 89
5 132 61
5 133 0
5 134 [2]
$1,-1
5 135 [2][4]
$2*4049,2*0
$C049,4049,4059,0
5 136 11
5 137 27
5 138 83
5 139 55
5 140 0
5 141 0
4 130 ->
5 131 90
5 132 61
5 133 0
5 134 [2]
$-1,1
5 135 [2][4]
$2*C049,0,4059
$4049,C049,2*4059
5 136 16
5 137 23
5 138 84
5 139 54
5 140 0
5 141 0
4 130 ->
5 131 91
5 132 61
5 133 0
5 134 [2]
$-1,1
5 135 [2][4]
$2*4049,0,4059
$C049,4049,2*4059
5 136 16
5 137 27
5 138 52
5 139 87
5 140 0
5 141 0
4 130 ->
5 131 92
5 132 61
5 133 0
5 134 [2]
$1,-1
5 135 [2][4]
$2*0,404918726BFD1E25,0
$3CE7E7A563D53202,C059,404918726BFD1E24,C059
5 136 74
5 137 72
5 138 83
5 139 84
5 140 0
5 141 0
2 76 NULL
2 77 ->
2 78 ->
3 79 [4][3]
$3FF,2*0
$2*0,3FF
$0,BFF,0
$0,4049,0
3 96 -1
3 97 0
3 98 [1]
4 98 
5 99 1
5 100 0
5 101 [4][3]
$3FF,2*0
$0,3FF,0
$2*0,3FF
$3*0
2 102 NULL
2 103 64
2 142 [1]
3 142 
4 143 2
4 144 S2D0006
4 145 ->
5 146 S2D0006
5 147 [6]
6 147 
7 148 2
7 149 [3]
$1,-1,0
7 150 [2]
$0,1
7 151 -1
7 152 0
7 153 -2
7 154 0
7 155 0
7 156 
7 157 
8 158 0
8 159 -1
6 147 
7 148 2
7 149 [3]
$2*-1,0
7 150 [2]
$1,2
7 151 -1
7 152 0
7 153 3
7 154 0
7 155 1
7 156 
7 157 
8 158 0
8 159 -1
6 147 
7 148 32769
7 149 [3]
$3*0
7 150 [2]
$2*0
7 151 0
7 152 0
7 153 0
7 154 0
7 155 3
7 156 
7 157 
8 158 0
8 159 -1
6 147 
7 148 32769
7 149 [3]
$3*0
7 150 [2]
$2*0
7 151 2
7 152 0
7 153 0
7 154 0
7 155 4
7 156 
7 157 
8 158 0
8 159 -1
6 147 
7 148 32770
7 149 [3]
$-1,2*0
7 150 [2]
$3,4
7 151 4
7 152 0
7 153 1
7 154 0
7 155 2
7 156 
8 160 8
7 157 
8 158 0
8 159 -1
6 147 
7 148 32770
7 149 [3]
$0,-1,0
7 150 [2]
$5,6
7 151 6
7 152 0
7 153 0
7 154 0
7 155 5
7 156 
7 157 
8 158 0
8 159 -1
5 161 [4]
6 161 
7 162 42
7 163 0
7 164 0
7 165 0
7 166 [2]
7 167 [2]
7 168 0
7 169 0
7 170 
8 171 [2]
$2*0
7 172 [2]
8 172 
9 173 4
9 174 4
9 175 [2]
$2*-1
8 172 
9 173 1
9 174 1
9 175 [2]
$2*-1
6 161 
7 162 42
7 163 0
7 164 0
7 165 0
7 166 [2]
7 167 [2]
7 168 0
7 169 1
7 170 
8 171 [2]
$2*0
7 172 [2]
8 172 
9 173 2
9 174 3
9 175 [2]
$2*-1
8 172 
9 173 0
9 174 1
9 175 [2]
$2*-1
6 161 
7 162 42
7 163 0
7 164 0
7 165 0
7 166 [2]
7 167 [2]
7 168 0
7 169 2
7 170 
8 171 [2]
$2*0
7 172 [2]
8 172 
9 173 3
9 174 3
9 175 [2]
$2*-1
8 172 
9 173 1
9 174 2
9 175 [2]
$2*-1
6 161 
7 162 10
7 163 3FB657184AE74487
7 164 0
7 165 0
7 166 [2]
7 167 [2]
7 168 0
7 169 3
7 170 
8 171 [2]
$34,0
7 172 [2]
8 172 
9 173 0
9 174 0
9 175 [2]
$2*-1
8 172 
9 173 5
9 174 1
9 175 [2]
$2*-1
5 176 [4]
6 176 
7 177 0
7 178 [4]
$1,3,2*-1
7 179 [4]
$2*1,2*0
7 180 [4]
$3FF,BFF,3FF,0
7 181 0
7 182 -1
7 183 0
6 176 
7 177 8
7 178 [4]
$0,5,2*-1
7 179 [4]
$-1,1,-1,1
7 180 [4]
$3FF,BFF,0,BFF
7 181 1
7 182 3
7 183 1
6 176 
7 177 1
7 178 [4]
$0,1,0,1
7 179 [4]
$2*0,2*1
7 180 [4]
$3FF,2*BFF,3FF
7 181 -2
7 182 -1
7 183 9
6 176 
7 177 4
7 178 [4]
$1,2,1,2
7 179 [4]
$2*0,2*1
7 180 [4]
$3FF,2*BFF,3FF
7 181 3
7 182 -1
7 183 9
5 184 [4]
$0,1,2,3
5 185 -1
5 186 7
5 187 1
5 188 ->
6 189 0
6 190 0
6 191 0
5 192 ->
6 193 404CDE155CB14FDR
6 194 2
6 195 0
5 196 ->
6 197 NULL
5 198 1
5 199 [6]
6 199 
7 200 0
6 199 
7 200 0
6 199 
7 200 0
6 199 
7 200 0
6 199 
7 200 0
6 199 
7 200 0
4 201 ->
5 202 7
5 203 S2D0006
5 204 1
5 205 -1
5 206 NULL
5 207 -1
5 208 63
5 209 1
5 210 [4]
6 210 
7 211 7
7 212 5
7 213 -1
7 214 4
7 215 0
7 216 ->
8 217 32770
8 218 0
8 219 
9 160 8
8 220 [3]
$3*0
8 221 [3]
$C059,2*0
7 222 ->
8 217 32770
8 218 0
8 219 
9 160 8
8 220 [3]
$3*0
8 221 [3]
$C059,2*0
6 210 
7 211 17
7 212 71
7 213 -1
7 214 2
7 215 0
7 240 ->
8 241 32769
8 242 -1
8 243 
8 244 1
8 245 [3]
$C049,4049,0
8 246 -1
8 247 -1
7 248 ->
8 241 32769
8 242 -1
8 243 
8 244 1
8 245 [3]
$C049,4049,0
8 246 -1
8 247 -1
6 210 
7 211 17
7 212 72
7 213 -1
7 214 3
7 215 0
7 240 ->
8 241 32769
8 242 -1
8 243 
8 244 1
8 245 [3]
$2*C049,0
8 246 -1
8 247 -1
7 248 ->
8 241 32769
8 242 -1
8 243 
8 244 1
8 245 [3]
$2*C049,0
8 246 -1
8 247 -1
6 210 
7 211 17
7 212 6
7 213 -1
7 214 5
7 215 0
7 216 ->
8 217 32770
8 218 -1
8 219 
8 220 [3]
$C049,4049,0
8 221 [3]
$2*C049,0
7 222 ->
8 217 32770
8 218 -1
8 219 
8 220 [3]
$C049,4049,0
8 221 [3]
$2*C049,0
4 223 [2]
5 223 
6 224 0
6 225 42
5 223 
6 224 1
6 225 4
4 226 [4]
$9,10,11,12
4 227 1024
4 228 -1
4 229 0
4 230 BFF
2 104 -1
2 105 NULL
2 106 NULL
2 120 [3]
$6,8,62
2 107 ->
3 249 [4]
4 249 
5 250 16
5 251 21
4 249 
5 250 21
5 251 23
4 249 
5 250 42
5 251 0
4 249 
5 250 68
5 251 72
3 252 [5]
4 252 
5 253 21
5 254 0
4 252 
5 253 64
5 254 2
4 252 
5 253 68
5 254 2
4 252 
5 253 72
5 254 1
4 252 
5 253 74
5 254 1
3 255 [9]
4 255 
5 256 11
5 257 [1]
6 257 50
4 255 
5 256 16
5 257 [1]
6 257 52
4 255 
5 256 21
5 257 [1]
6 257 12
4 255 
5 256 23
5 257 [1]
6 257 54
4 255 
5 256 27
5 257 [1]
6 257 55
4 255 
5 256 64
5 257 [1]
6 257 65
4 255 
5 256 68
5 257 [1]
6 257 69
4 255 
5 256 72
5 257 [1]
6 257 65
4 255 
5 256 74
5 257 [1]
6 257 66
3 258 [9]
4 258 
5 259 50
5 260 [2]
$57,60
4 258 
5 259 53
5 260 [2]
$58,60
4 258 
5 259 54
5 260 [2]
$56,53
4 258 
5 259 55
5 260 [2]
$59,50
4 258 
5 259 56
5 260 [2]
$51,24
4 258 
5 259 57
5 260 [2]
$12,55
4 258 
5 259 58
5 260 [2]
$17,54
4 258 
5 259 59
5 260 [2]
$52,22
4 258 
5 259 75
5 260 [2]
$70,65
3 108 11
3 109 0
3 110 [2][3]
$3*C049
$3*4049
3 111 4065A6900584FBE6
3 112 NULL
3 113 -1
2 114 -1
2 115 NULL
2 116 1
2 117 ->
3 234 [4]
4 234 ->
5 235 4
5 236 0
5 237 0
5 238 1
4 234 ->
5 235 4
5 236 0
5 237 1
5 238 1
4 234 ->
5 235 4
5 236 0
5 237 2
5 238 1
4 234 ->
5 235 4
5 236 0
5 237 3
5 238 1
3 118 0
1 119 NULL
@assem_mass_prop_ptr 261 0
1 261 NULL
@mass_prop_ptr 262 0
1 262 ->
@type 263 1
2 263 0
@density 264 2
2 264 0
@init_dens 265 5
2 265 0
@rel_density 266 2
2 266 0
@init_rel_dens 267 5
2 267 0
@aver_density 268 2
2 268 0
@vrevnum 269 1
2 269 -1
@volume 270 2
2 270 0
@cg 271 2
2 271 [3]
$3*0
@inertia 272 2
2 272 [3][3]
$3*0
$3*0
$3*0
@eps 273 2
2 273 0
@surfarea 274 2
2 274 0
@assign_mp_ptr 275 0
1 275 NULL
@tol_default_ptr 276 0
1 276 ->
@type 277 1
2 277 10
@value 278 2
2 278 [7]
$0,3FB9R,3F847AE147AE147B,3F50624DD2F1A9FC,3F1A36E2EB1C432D,
$3EE4F8B588E368F1,3EB0C6F7A0B5ED8E
@ang_value 279 2
2 279 [7]
$0,6*3FE
@standard 280 1
2 280 0
@iso_tol_tbls_ptr 281 0
2 281 NULL
@first_xsec_ptr 282 0
1 282 NULL
@datum_count 283 1
1 283 0
@axis_count 284 1
1 284 1
@insert_layer_id 285 1
1 285 -1
@layer_count 286 1
1 286 1
@layer_list 287 0
1 287 [9]
2 287 
@feat_id 288 1
3 288 1
@layer_id 289 1
3 289 0
@back_layer_id 290 1
3 290 0
2 287 
3 288 4
3 289 0
3 290 0
2 287 
3 288 6
3 289 0
3 290 0
2 287 
3 288 9
3 289 0
3 290 0
2 287 
3 288 8
3 289 0
3 290 0
2 287 
3 288 30
3 289 0
3 290 0
2 287 
3 288 29
3 289 0
3 290 0
2 287 
3 288 62
3 289 0
3 290 0
2 287 
3 288 61
3 289 0
3 290 0
@lang_ptr 291 0
1 291 ->
@interact_on 292 1
2 292 -1
@first_csys_ptr 293 0
1 293 NULL
@color_prop_ptr 294 0
1 294 NULL
@fem_data 295 0
1 295 NULL
@rel_part_eps 296 2
1 296 3F53A92A30553261
@names_ptr 297 0
1 297 [3]
2 297 
@id 298 1
3 298 2
@type 299 1
3 299 5
@name 300 10
3 300 DTM1
2 297 
3 298 5
3 299 5
3 300 DTM2
2 297 
3 298 7
3 299 5
3 300 DTM3
@drv_tbl_ptr 301 0
1 301 NULL
@assembled_count 302 1
1 302 0
@part_type 303 1
1 303 1
@mat_name_ptr 304 10
1 304 NULL
@first_ent_id 305 1
1 305 538552
@first_view_id 306 1
1 306 0
@outline 307 2
1 307 [2][3]
$3*C049
$3*4049
@dim_num 308 1
1 308 25
@dim_array 309 0
1 309 [25]
2 309 ->
@type 310 1
3 310 8
@dim_type 311 1
3 311 62
@feat_id 312 1
3 312 8
@attributes 313 1
3 313 385
@dim_dat_ptr 314 0
3 314 ->
@value 315 2
4 315 4059
@bck_value 316 2
4 316 4059
@tol_ptr 317 0
4 317 ->
@type 318 1
5 318 9
@tol_type 319 1
5 319 3
@dual_digits_diff 320 1
5 320 999
@value 321 2
5 321 [2]
$2*3F847AE147AE147B
@nominal_value 322 2
4 322 4059
@bound 323 1
4 323 20
@bck_bound 324 1
4 324 -1
@bck_tol_ptr 325 0
4 325 ->
@value 326 2
5 326 [2]
$2*3F847AE147AE147B
@datum_def_id 327 1
4 327 -1
@places_denom 328 1
4 328 2
@bck_places_denom 329 1
4 329 2
@dim_data_attrib 330 1
4 330 0
@dim_cosm_ptr 331 0
3 331 ->
@d0 332 2
4 332 0
@d1 333 2
4 333 0
@d2 334 2
4 334 0
@d3 335 2
4 335 0
@ord_info 336 0
4 336 NULL
@attach_ptr 337 0
3 337 NULL
@dim_text_ptr 338 0
3 338 ->
@symbol 339 10
4 339 d0
@parent_dim_id 340 1
3 340 -1
2 309 ->
3 310 8
3 311 1
3 312 8
3 313 289
3 314 ->
4 315 4059
4 316 4059
4 317 ->
5 318 9
5 319 3
5 320 999
5 321 [2]
$2*3F847AE147AE147B
4 322 4059
4 323 20
4 324 -1
4 325 ->
5 326 [2]
$2*3F847AE147AE147B
4 327 -1
4 328 2
4 329 2
4 330 0
3 331 ->
4 332 40603A2CBBA60267
4 333 3FEBA7F6BBA7F6BR
4 334 3FC0C17554F126EF
4 335 403B1EDB6DB6DB6D
4 336 NULL
3 337 NULL
3 338 ->
4 339 d1
3 340 -1
2 309 ->
3 310 8
3 311 1
3 312 8
3 313 289
3 314 ->
4 315 4059
4 316 4059
4 317 ->
5 318 9
5 319 3
5 320 999
5 321 [2]
$2*3F847AE147AE147B
4 322 4059
4 323 20
4 324 -1
4 325 ->
5 326 [2]
$2*3F847AE147AE147B
4 327 -1
4 328 2
4 329 2
4 330 0
3 331 ->
4 332 3FED84176105D84
4 333 405589A79CF580F7
4 334 3FED9C1DD18C6E7E
4 335 403B1EDB6DB6DB6D
4 336 NULL
3 337 NULL
3 338 ->
4 339 d2
3 340 -1
2 309 ->
3 310 8
3 311 5
3 312 8
3 313 289
3 314 ->
4 315 4049
4 316 4049
4 317 ->
5 318 9
5 319 3
5 320 999
5 321 [2]
$2*3F847AE147AE147B
4 322 4049
4 323 20
4 324 -1
4 325 ->
5 326 [2]
$2*3F847AE147AE147B
4 327 -1
4 328 2
4 329 2
4 330 0
3 331 ->
4 332 3FD13DF44F7D13E
4 333 3FE82E55B82E55B9
4 334 3FDF00810C9D4F1
4 335 403B1EDB6DB6DB6D
4 336 NULL
3 337 NULL
3 338 ->
4 339 d3
3 340 -1
2 309 ->
3 310 8
3 311 5
3 312 8
3 313 289
3 314 ->
4 315 4049
4 316 4049
4 317 ->
5 318 9
5 319 3
5 320 999
5 321 [2]
$2*3F847AE147AE147B
4 322 4049
4 323 20
4 324 -1
4 325 ->
5 326 [2]
$2*3F847AE147AE147B
4 327 -1
4 328 2
4 329 2
4 330 0
3 331 ->
4 332 3FD188C46231188B
4 333 3FD1AA47D1AA47D7
4 334 3FE19D6B4A9D24B9
4 335 403B1EDB6DB6DB6D
4 336 NULL
3 337 NULL
3 338 ->
4 339 d4
3 340 -1
2 309 ->
3 310 8
3 311 10
3 312 29
3 313 289
3 314 ->
4 315 4014
4 316 4014
4 317 ->
5 318 9
5 319 3
5 320 999
5 321 [2]
$2*3FE
4 322 4014
4 323 20
4 324 -1
4 325 ->
5 326 [2]
$2*3FE
4 327 -1
4 328 2
4 329 1
4 330 0
3 331 ->
4 332 406D15C7C855881C
4 333 BFF
4 334 3FE4228783A2C485
4 335 0
4 336 NULL
3 337 NULL
3 338 ->
4 339 d5
3 340 -1
2 309 ->
3 310 8
3 311 42
3 312 29
3 313 32
3 314 ->
4 315 0
4 316 0
4 317 ->
5 318 9
5 319 3
5 320 999
5 321 [2]
$2*3F847AE147AE147B
4 322 0
4 323 20
4 324 -1
4 325 ->
5 326 [2]
$2*3F847AE147AE147B
4 327 -1
4 328 2
4 329 2
4 330 0
3 331 ->
4 332 0
4 333 0
4 334 0
4 335 0
4 336 NULL
3 337 NULL
3 338 ->
4 339 d6
3 340 -1
2 309 ->
3 310 8
3 311 42
3 312 29
3 313 32
3 314 ->
4 315 0
4 316 0
4 317 ->
5 318 9
5 319 3
5 320 999
5 321 [2]
$2*3F847AE147AE147B
4 322 0
4 323 20
4 324 -1
4 325 ->
5 326 [2]
$2*3F847AE147AE147B
4 327 -1
4 328 2
4 329 2
4 330 0
3 331 ->
4 332 0
4 333 0
4 334 0
4 335 0
4 336 NULL
3 337 NULL
3 338 ->
4 339 d7
3 340 -1
2 309 ->
3 310 8
3 311 42
3 312 29
3 313 32
3 314 ->
4 315 0
4 316 0
4 317 ->
5 318 9
5 319 3
5 320 999
5 321 [2]
$2*3F847AE147AE147B
4 322 0
4 323 20
4 324 -1
4 325 ->
5 326 [2]
$2*3F847AE147AE147B
4 327 -1
4 328 2
4 329 2
4 330 0
3 331 ->
4 332 0
4 333 0
4 334 0
4 335 0
4 336 NULL
3 337 NULL
3 338 ->
4 339 d8
3 340 -1
2 309 ->
3 310 8
3 311 42
3 312 61
3 313 32
3 314 ->
4 315 0
4 316 0
4 317 ->
5 318 9
5 319 3
5 320 999
5 321 [2]
$2*3F847AE147AE147B
4 322 0
4 323 20
4 324 -1
4 325 ->
5 326 [2]
$2*3F847AE147AE147B
4 327 -1
4 328 2
4 329 2
4 330 0
3 331 ->
4 332 0
4 333 0
4 334 0
4 335 0
4 336 NULL
3 337 NULL
3 338 ->
4 339 d9
3 340 -1
2 309 ->
3 310 8
3 311 42
3 312 61
3 313 32
3 314 ->
4 315 0
4 316 0
4 317 ->
5 318 9
5 319 3
5 320 999
5 321 [2]
$2*3F847AE147AE147B
4 322 0
4 323 20
4 324 -1
4 325 ->
5 326 [2]
$2*3F847AE147AE147B
4 327 -1
4 328 2
4 329 2
4 330 0
3 331 ->
4 332 0
4 333 0
4 334 0
4 335 0
4 336 NULL
3 337 NULL
3 338 ->
4 339 d10
3 340 -1
2 309 ->
3 310 8
3 311 42
3 312 61
3 313 32
3 314 ->
4 315 0
4 316 0
4 317 ->
5 318 9
5 319 3
5 320 999
5 321 [2]
$2*3F847AE147AE147B
4 322 0
4 323 20
4 324 -1
4 325 ->
5 326 [2]
$2*3F847AE147AE147B
4 327 -1
4 328 2
4 329 2
4 330 0
3 331 ->
4 332 0
4 333 0
4 334 0
4 335 0
4 336 NULL
3 337 NULL
3 338 ->
4 339 d11
3 340 -1
2 309 ->
3 310 8
3 311 10
3 312 61
3 313 289
3 314 ->
4 315 4014
4 316 4014
4 317 ->
5 318 9
5 319 3
5 320 999
5 321 [2]
$2*3FE
4 322 4014
4 323 20
4 324 -1
4 325 ->
5 326 [2]
$2*3FE
4 327 -1
4 328 2
4 329 1
4 330 0
3 331 ->
4 332 BFF
4 333 406A243DE6A5074D
4 334 3FE00CDEA95E7EC5
4 335 0
4 336 NULL
3 337 NULL
3 338 ->
4 339 d12
3 340 -1
2 309 NULL
2 309 NULL
2 309 NULL
2 309 NULL
2 309 NULL
2 309 NULL
2 309 NULL
2 309 NULL
2 309 NULL
2 309 NULL
2 309 NULL
2 309 NULL
@ipar_num 341 1
1 341 0
@relpar_sets 342 0
1 342 [1]
2 342 
@id 343 1
3 343 -1
@type 344 1
3 344 2
@ext_ref_id 345 1
3 345 -1
@relatnum 346 1
3 346 0
@unit_arr 347 0
1 347 [2]
2 347 
@type 348 1
3 348 11
@factor 349 2
3 349 3FA42850A142850A
@name 350 10
3 350 MM
@unit_type 351 1
3 351 0
2 347 
3 348 2
3 349 3FF
3 350 POUND
3 351 1
@geom_lib_ptr 352 0
1 352 NULL
@first_quilt_ptr 353 1
1 353 0
@attrib_array 354 1
1 354 [1]
2 354 0
@smt_info_ptr 355 0
1 355 NULL
@cable_info_ptr 356 0
1 356 NULL
@comp_info_ptr 357 0
1 357 NULL
@max_part_size 358 2
1 358 4065A6900584FBE6
@prt_misc_ptr 359 0
1 359 ->
@shrink_data_ptr 360 0
2 360 NULL
@layer_array 361 0
1 361 [3]
2 361 ->
@id 362 1
3 362 3
@type 363 1
3 363 117
@user_id 364 1
3 364 0
@weird_wline_ptr 365 0
3 365 ->
@weird_wline 366 10
4 366 _PLANES
@layer_objects 367 0
3 367 [6]
4 367 
@type 368 1
5 368 3
@ids 369 1
5 369 [3]
$1,4,6
4 367 
5 368 8
4 367 
5 368 62
4 367 
5 368 66
4 367 
5 368 144
4 367 
5 368 145
@saved_operation 370 1
3 370 1
2 361 ->
3 362 98
3 363 117
3 364 0
3 365 ->
4 366 _POINTS
3 367 [6]
4 367 
5 368 3
4 367 
5 368 8
4 367 
5 368 62
4 367 
5 368 66
4 367 
5 368 144
4 367 
5 368 145
3 370 1
2 361 ->
3 362 163
3 363 117
3 364 0
3 365 ->
4 366 _AXES
3 367 [5]
4 367 
5 368 3
4 367 
5 368 62
4 367 
5 368 66
4 367 
5 368 144
4 367 
5 368 145
3 370 1
@expld_mv_info 371 0
1 371 NULL
@state_info_ptr 372 0
1 372 NULL
@alumni_feats 373 0
1 373 NULL
@model_name 374 10
1 374 RUNNER
@p_mdl_grid 375 0
1 375 NULL
@mdl_status_ptr 376 0
1 376 NULL
@cfg_states 377 0
1 377 NULL
@disp_outl_info 378 0
1 378 
@disp_outline 379 2
2 379 [2][3]
$C0496ED9EBA1613R,C0496ED9EBA16135,C0496ED9EBA1613R
$2*40496ED9EBA1613R,40496ED9EBA16134
@ribbon_info_ptr 380 0
1 380 NULL
@p_xref_data 381 0
1 381 ->
@View 382 0
0 382 ->
@id 383 1
1 383 0
@viewattr 384 0
1 384 
@attr_arr 385 1
2 385 [4]
$1,3*0
@mpoint 386 0
1 386 
@id 387 1
2 387 0
@coord 388 2
2 388 [3]
$0,BD,3CF
@first_instr_ptr 389 0
2 389 NULL
@attach_ptr 390 0
2 390 NULL
@vpoint 391 0
1 391 
2 387 0
2 388 [3]
$407F4,407A5E,0
2 389 NULL
2 390 NULL
@orient 392 2
1 392 [4][4]
$3FED7954E7DBA2F8,0,3FD8EC3AE92B676B,0
$BFD385CE5246572,3FE3E43A9692E21C,3FE7167619F550A2,0
$BFCEFC077F3F36A6,BFE91103985DA841,3FE25240DD3851BF,0
$3*0,3FF
@local_sys 393 2
1 393 [4][4]
$40116647AA833B2D,0,3FFD6CF51991699A,0
$BFF70CC4AC81D5C,40077C402FAD64D9,400B42508F712A2B,0
$BFF24A8FB9768F0D,C00D98631CEECD69,4005A1A64E3C097C,0
$407F4,407A5E,3D10717D6853256D,3FF
@first_instr_ptr 394 0
1 394 ->
@type 395 1
2 395 100
@geom_id 396 1
2 396 -1
@view_id 397 1
2 397 -1
@memb_num 398 1
2 398 0
@offset 399 2
2 399 0
@matrix 400 0
2 400 NULL
@next_instr_ptr 401 0
1 401 NULL
@outer_xsec_index 402 1
1 402 -1
@next_view_id 403 1
1 403 -2
@simp_rep_id 404 1
1 404 0
@name 405 10
1 405 no name
@matrix 406 2
1 406 [4][4]
$3FF,3*0
$0,3FF,2*0
$2*0,3FF,0
$3*0,3FF
@fit_outline 407 2
1 407 [2][3]
$4059,405518,C079467E52590FFE
$408C2,4087BB,4079467E52590FFE
@det_info_ptr 408 0
1 408 NULL
@named_view_pzmatr 409 0
1 409 NULL
@page_id 410 1
1 410 0
@model_name 411 10
1 411 NULL
@unrep_model_name 412 10
1 412 NULL
@assem_merge_parts 413 0
0 413 ->
#END_OF_UGC
