#UGC:2 PART 889 360 0 1 1 15 1600 9620 \
#- VERS 0 0                                                          \
#- HOST                                                              \
#- LINK                                                              \
#- DBID                                                              \
#- REVS 0,                                                           \
#- RELL 0,                                                           \
#- UOBJ_ID 837191549 375036552 1916021781                            \
#-END_OF_UGC_HEADER
#P_OBJECT 6
@P_object 1 0
0 1 ->
@dep_db 2 0
1 2 ->
@usr_rev 3 0
1 3 [2]
2 3 
@name 4 10
3 4 OSTI
@mod_time 5 0
3 5 
@tm_sec 6 1
4 6 54
@tm_min 7 1
4 7 46
@tm_hour 8 1
4 8 10
@tm_mday 9 1
4 9 29
@tm_mon 10 1
4 10 7
@tm_year 11 1
4 11 94
@action 12 1
3 12 1000
@comment 13 10
3 13 Hostname: 'magma'
@rel_level 14 10
3 14 
@rev_string 15 10
3 15 
2 3 
3 4 DMGAINES
3 5 
4 6 32
4 7 12
4 8 17
4 9 12
4 10 6
4 11 96
3 12 1000
3 13 Hostname: 'intrepid'
3 14 
3 15 
@revnum_std 16 1
1 16 92
@flag 17 1
1 17 0
@name 18 10
1 18 NULL
@inst_hidden 19 1
1 19 0
@old_name 20 10
1 20 NULL
@appl_data 21 0
1 21 ->
@bounding_box 22 2
2 22 [2][3]
$BFD6660AAE3A732E,BFD669EF5E81FB63,BFA80D848C7357EB
$3FD6660AAE3A732E,3FD669EF5E81FB63,3FC459653BB04AB7
@uobj_id 23 0
1 23 NULL
#END_OF_P_OBJECT
#Pro/ENGINEER  TM  Release 16.0  (c) 1988-95 by Parametric Technology Corporation  All Rights Reserved. 9620
@Solid 24 0
0 24 ->
@tab_key 25 1
1 25 0
@tab_key_struct 26 0
1 26 ->
@tab_key_ptr 27 0
2 27 [63]
@cmprs_tabkey 28 0
2 28 NULL
@type 29 1
1 29 2
@revnum_ptr 30 0
1 30 ->
@geom_revnum 31 1
2 31 90
@cosm_revnum 32 1
2 32 2
@first_member_ptr 33 0
1 33 NULL
@alumni_members 34 0
1 34 NULL
@frst_geom_ptr 35 1
1 35 15
@first_feat_ptr 36 0
1 36 ->
@id 37 1
2 37 1
@indep_attributes 38 1
2 38 1
@feat_type_ptr 39 0
2 39 ->
@table_id 40 1
3 40 13
@type 41 1
3 41 923
@feattype_key 42 10
3 42 NULL
@form 43 1
3 43 0
@attributes 44 1
3 44 [3]
$3*0
@placement 45 1
3 45 0
@intersection 46 1
3 46 -1
@internal_udf_type 47 1
3 47 -1
@param_choice_ptr 48 0
3 48 ->
@blend_choice 49 1
4 49 0
@depth_choice 50 1
4 50 0
@angle_choice 51 1
4 51 -1
@pat_choice 52 1
4 52 970
@round_choice 53 1
4 53 -1
@subsec_choice 54 1
4 54 -1
@sweep_choice 55 1
4 55 0
@dome_choice 56 1
4 56 0
@draft_choice 57 1
4 57 0
@misc_choice 58 1
4 58 0
@assoc_type 59 1
3 59 0
@symbol_key 60 1
2 60 -1
@sect_name 61 10
2 61 DTM1
@model_type 62 1
2 62 2
@idtab_ptr 63 0
2 63 ->
@srf_id_arr 64 1
3 64 [1][4]
$2,3*0
@save_geoms 65 0
3 65 NULL
@cr_flags_xar 66 1
3 66 [23]
$2*-1,-1025,-2049,2*-1,-16777217,-1,134217727,5*0,2097152,0,2,3*0,1048576,
$2*0
@cvt_feat_dat 67 0
3 67 NULL
@feat_dates_ptr 68 0
3 68 ->
@creat_date 69 1
4 69 0
@regen_date 70 1
4 70 0
@geometry 71 0
2 71 
@srf_array 72 0
3 72 [1]
4 72 ->
@geom_type 73 1
5 73 34
@geom_id 74 1
5 74 2
@feat_id 75 1
5 75 1
@boundary_type 76 1
5 76 1
@envlp 77 2
5 77 [2][2]
$BFD669EF5E81FB63,BFA80D848C7357EB
$3FD669EF5E81FB63,3FC459653BB04AB7
@srf_prim_ptr(plane) 78 0
5 78 ->
@local_sys 79 2
6 79 [4][3]
$2*0,3FF
$3FF,2*0
$0,3FF,0
$3*0
@frst_cntr_ptr 80 0
5 80 NULL
@next_geom_ptr 81 1
5 81 0
@orient 82 1
5 82 1
@outline 83 2
5 83 [2][3]
$0,BFD669EF5E81FB63,BFA80D848C7357EB
$0,3FD669EF5E81FB63,3FC459653BB04AB7
@group_info_ptr 84 0
2 84 NULL
@intrs_pairs_ptr 85 0
2 85 ->
@place_rec_ptr 86 0
2 86 ->
@local_sys 87 2
3 87 [4][3]
$2*0,3FF
$3FF,2*0
$0,3FF,0
$3*0
@place_instruction_ptrs 88 0
3 88 [1]
4 88 ->
@type 89 1
5 89 513
@offset 90 2
5 90 0
@dim_id 91 1
5 91 -1
@ref_id 92 1
5 92 -1
@geometry1_id 93 1
5 93 -1
@geometry2_id 94 1
5 94 2
@memb_num1 95 1
5 95 0
@memb_num2 96 1
5 96 0
@attr 97 1
5 97 32768
@plin_info_arr 98 0
5 98 [2]
6 98 ->
@type 99 1
7 99 1
@data(plin_info_ref) 100 0
7 100 ->
@id_type1 101 1
8 101 -4
@id_type2 102 1
8 102 5
@offset2 103 2
8 103 0
6 98 ->
7 99 6
@data(plin_info_ui_step) 104 0
7 104 ->
@step_ids 105 1
8 105 [1]
9 105 -100
@own_ref_id 106 1
3 106 -1
@orient 107 1
3 107 1
@trf_arr 108 0
3 108 [1]
4 108 
@type 109 1
5 109 11
@idx 110 1
5 110 0
@transf 111 2
5 111 [4][3]
$2*0,3FF
$3FF,2*0
$0,3FF,0
$3*0
@next_prop 112 0
2 112 NULL
@first_geom_id 113 1
2 113 2
@cond_tbl_idx 114 1
2 114 -1
@comment 115 10
2 115 NULL
@merge_info_ptr 116 0
2 116 NULL
@topology_increment 117 0
2 117 ->
@first_geom 118 1
3 118 0
@first_quilt 119 1
3 119 0
@outline 120 2
3 120 [2][3]
$3*0
$3*0
@max_part_size 121 2
3 121 0
@xform_increment 122 0
3 122 NULL
@roll_back_id 123 1
3 123 -1
@state_ind 124 1
2 124 -1
@alumni_info 125 0
2 125 NULL
@revnum 126 1
2 126 -1
@rev_rec 127 0
2 127 NULL
@next_feat_ptr 128 0
1 128 ->
2 37 3
2 38 1
2 39 ->
3 40 13
3 41 923
3 42 NULL
3 43 0
3 44 [3]
$3*0
3 45 0
3 46 -1
3 47 -1
3 48 ->
4 49 0
4 50 0
4 51 -1
4 52 970
4 53 -1
4 54 -1
4 55 0
4 56 0
4 57 0
4 58 0
3 59 0
2 60 -1
2 61 DTM2
2 62 2
2 63 ->
3 64 [1][4]
$4,3*0
3 65 NULL
3 66 [23]
$2*-1,-1025,-2049,2*-1,-16777217,-1,134217727,5*0,2097152,0,2,3*0,1048576,
$2*0
3 67 NULL
3 68 ->
4 69 0
4 70 0
2 71 
3 72 [1]
4 72 ->
5 73 34
5 74 4
5 75 3
5 76 1
5 77 [2][2]
$BFA80D848C7357EB,BFD6660AAE3A732E
$3FC459653BB04AB7,3FD6660AAE3A732E
5 78 ->
6 79 [4][3]
$0,3FF,0
$2*0,3FF
$3FF,2*0
$3*0
5 80 NULL
5 81 0
5 82 1
5 83 [2][3]
$BFD6660AAE3A732E,0,BFA80D848C7357EB
$3FD6660AAE3A732E,0,3FC459653BB04AB7
2 84 NULL
2 85 ->
2 86 ->
3 87 [4][3]
$0,3FF,0
$2*0,3FF
$3FF,2*0
$3*0
3 88 [1]
4 88 ->
5 89 514
5 90 0
5 91 -1
5 92 -1
5 93 -1
5 94 4
5 95 0
5 96 0
5 97 32768
5 98 [2]
6 98 ->
7 99 1
7 100 ->
8 101 -4
8 102 5
8 103 0
6 98 ->
7 99 6
7 104 ->
8 105 [1]
9 105 -100
3 106 -1
3 107 1
3 108 [1]
4 108 
5 109 11
5 110 0
5 111 [4][3]
$0,3FF,0
$2*0,3FF
$3FF,2*0
$3*0
2 112 NULL
2 113 4
2 114 -1
2 115 NULL
2 116 NULL
2 117 ->
3 118 0
3 119 0
3 120 [2][3]
$3*0
$3*0
3 121 0
3 122 NULL
3 123 -1
2 124 -1
2 125 NULL
2 126 -1
2 127 NULL
1 128 ->
2 37 5
2 38 1
2 39 ->
3 40 13
3 41 923
3 42 NULL
3 43 0
3 44 [3]
$3*0
3 45 0
3 46 -1
3 47 -1
3 48 ->
4 49 0
4 50 0
4 51 -1
4 52 970
4 53 -1
4 54 -1
4 55 0
4 56 0
4 57 0
4 58 0
3 59 0
2 60 -1
2 61 DTM3
2 62 2
2 63 ->
3 64 [1][4]
$6,3*0
3 65 NULL
3 66 [23]
$2*-1,-1025,-2049,2*-1,-16777217,-1,134217727,5*0,2097152,0,2,3*0,1048576,
$2*0
3 67 NULL
3 68 ->
4 69 0
4 70 0
2 71 
3 72 [1]
4 72 ->
5 73 34
5 74 6
5 75 5
5 76 1
5 77 [2][2]
$BFD6660AAE3A732E,BFD669EF5E81FB63
$3FD6660AAE3A732E,3FD669EF5E81FB63
5 78 ->
6 79 [4][3]
$3FF,2*0
$0,3FF,0
$2*0,3FF
$3*0
5 80 NULL
5 81 0
5 82 1
5 83 [2][3]
$BFD6660AAE3A732E,BFD669EF5E81FB63,0
$3FD6660AAE3A732E,3FD669EF5E81FB63,0
2 84 NULL
2 85 ->
2 86 ->
3 87 [4][3]
$3FF,2*0
$0,3FF,0
$2*0,3FF
$3*0
3 88 [1]
4 88 ->
5 89 515
5 90 0
5 91 -1
5 92 -1
5 93 -1
5 94 6
5 95 0
5 96 0
5 97 32768
5 98 [2]
6 98 ->
7 99 1
7 100 ->
8 101 -4
8 102 5
8 103 0
6 98 ->
7 99 6
7 104 ->
8 105 [1]
9 105 -100
3 106 -1
3 107 1
3 108 [1]
4 108 
5 109 11
5 110 0
5 111 [4][3]
$3FF,2*0
$0,3FF,0
$2*0,3FF
$3*0
2 112 NULL
2 113 6
2 114 -1
2 115 NULL
2 116 NULL
2 117 ->
3 118 0
3 119 0
3 120 [2][3]
$3*0
$3*0
3 121 0
3 122 NULL
3 123 -1
2 124 -1
2 125 NULL
2 126 -1
2 127 NULL
1 128 ->
2 37 7
2 38 1
2 39 ->
3 40 63
3 41 979
3 42 NULL
3 43 0
3 44 [3]
$3*0
3 45 0
3 46 -1
3 47 -1
3 48 ->
4 49 0
4 50 0
4 51 -1
4 52 -1
4 53 -1
4 54 -1
4 55 0
4 56 0
4 57 0
4 58 128
3 59 0
2 60 -1
2 61 no_name
2 62 2
@entity(coord_sys) 129 0
2 129 ->
@type 130 1
3 130 18
@id 131 1
3 131 8
@gen_info 132 0
3 132 
@color 133 1
4 133 1
@sys_type 134 1
3 134 -1
@pnt_type 135 1
3 135 -1
@radius 136 2
3 136 0
@local_sys 137 2
3 137 [4][3]
$3FF,2*0
$0,3FF,0
$2*0,3FF
$3*0
@feat_id 138 1
3 138 7
@entity(text) 139 0
2 139 ->
@text_type 140 1
3 140 34
@text_value 141 10
3 141 CS0
@txt_attrib 142 1
3 142 1
@coord 143 2
3 143 [3]
$4087C4A15498B4ER,407AF3A98CBBCE06,C05A2143C7167E6F
@owner_id 144 1
3 144 8
@part_id 145 1
3 145 32
@height 146 2
3 146 BFF
@width_factor 147 2
3 147 BFF
@format_info 148 0
3 148 
@thickness 149 2
3 149 BFF
2 63 ->
@misc_id_tab 150 0
3 150 [1]
4 150 
@misc_hist 151 1
5 151 [5]
$8,534,0,-1,500
3 65 NULL
3 66 [23]
$2*-1,-1025,-2049,2*-1,-16777217,-1,134217727,5*0,2097152,0,2,3*0,1048576,
$2*0
3 67 NULL
3 68 ->
4 69 0
4 70 0
2 71 
2 84 NULL
2 85 ->
2 86 ->
3 87 [4][3]
$3FF,2*0
$0,3FF,0
$2*0,3FF
$3*0
3 106 -1
3 107 0
3 108 [1]
4 108 
5 109 10
5 110 0
5 111 [4][3]
$3FF,2*0
$0,3FF,0
$2*0,3FF
$3*0
2 112 NULL
2 113 -1
2 114 -1
2 115 NULL
2 116 NULL
2 117 ->
3 118 0
3 119 0
3 120 [2][3]
$3*0
$3*0
3 121 0
3 122 NULL
3 123 -1
2 124 -1
2 125 NULL
2 126 -1
2 127 NULL
1 128 ->
2 37 10
2 38 1
2 39 ->
3 40 13
3 41 923
3 42 NULL
3 43 0
3 44 [3]
$3,2*0
3 45 0
3 46 -1
3 47 -1
3 48 ->
4 49 0
4 50 0
4 51 -1
4 52 970
4 53 -1
4 54 -1
4 55 0
4 56 0
4 57 0
4 58 0
3 59 0
2 60 -1
2 61 no_name
2 62 2
2 63 ->
3 64 [1][4]
$11,3*0
3 65 NULL
3 66 [23]
$2*-1,-1025,-2049,2*-1,-16777217,-1,134217727,5*0,2097152,0,2,3*0,1048576,
$2*0
3 67 NULL
3 68 ->
4 69 0
4 70 0
2 71 
3 72 [1]
4 72 ->
5 73 34
5 74 11
5 75 10
5 76 -1
5 77 [2][2]
$2*0
$2*0
5 78 ->
6 79 [4][3]
$3FF,2*0
$0,3FF,0
$2*0,3FF
$3*0
5 80 NULL
5 81 0
5 82 1
5 83 [2][3]
$3*0
$3*0
2 84 NULL
2 85 ->
2 86 ->
3 87 [4][3]
$3FF,2*0
$0,3FF,0
$2*0,3FF
$3*0
3 88 [2]
4 88 ->
5 89 509
5 90 3FF
5 91 -1
5 92 -1
5 93 6
5 94 11
5 95 0
5 96 0
5 97 32768
5 98 [2]
6 98 ->
7 99 1
7 100 ->
8 101 -4
8 102 5
8 103 0
6 98 ->
7 99 6
7 104 ->
8 105 [1]
9 105 -100
4 88 ->
5 89 510
5 90 3FF
5 91 -1
5 92 -1
5 93 4
5 94 11
5 95 0
5 96 0
5 97 32768
5 98 [2]
6 98 ->
7 99 1
7 100 ->
8 101 -4
8 102 5
8 103 0
6 98 ->
7 99 6
7 104 ->
8 105 [1]
9 105 -100
3 106 -1
3 107 1
3 108 [1]
4 108 
5 109 11
5 110 0
5 111 [4][3]
$3FF,2*0
$0,3FF,0
$2*0,3FF
$3*0
2 112 NULL
2 113 11
2 114 -1
2 115 NULL
2 116 NULL
@parent_table 152 1
2 152 [2]
$3,5
2 117 ->
3 118 0
3 119 0
3 120 [2][3]
$3*0
$3*0
3 121 0
3 122 NULL
3 123 -1
2 124 -1
2 125 NULL
2 126 -1
2 127 NULL
1 128 ->
2 37 9
2 38 1
2 39 ->
3 40 7
3 41 917
3 42 NULL
3 43 1
3 44 [3]
$3*0
3 45 0
3 46 991
3 47 -1
3 48 ->
4 49 0
4 50 266240
4 51 -1
4 52 970
4 53 -1
4 54 -1
4 55 0
4 56 0
4 57 0
4 58 0
3 59 0
2 60 -1
2 61 no_name
2 62 2
@entity(line3d) 153 0
2 153 ->
@type 154 1
3 154 11
@id 155 1
3 155 22
@gen_info 156 0
3 156 
@geom_id 157 1
3 157 18
@end1 158 2
3 158 [3]
$3*0
@end2 159 2
3 159 [3]
$BFD4,2*0
2 153 ->
3 154 13
3 155 23
3 156 
4 133 1
3 157 18
3 158 [3]
$3*0
3 159 [3]
$2*0,3FC3B645A1CAC083
2 139 ->
3 140 19
3 141 A_1
3 142 1
3 143 [3]
$408774A15498B4ER,407A73A98CBBCE06,C05A2143C7167E6F
3 144 -1
3 145 32
3 146 BFF
3 147 BFF
3 148 
3 149 BFF
2 63 ->
3 64 [4][4]
$12,204,2*0
$15,203,2*0
$18,200,2*0
$20,200,-1,0
@edg_id_arr 160 1
3 160 [6][6]
$13,221,3*0,12
$14,221,-1,2*0,12
$16,222,3*0,18
$17,222,-1,2*0,20
$19,220,3*0,18
$21,220,-1,2*0,20
3 150 [2]
4 150 
5 151 [5]
$22,530,18,-1,500
4 150 
5 151 [5]
$23,531,18,-1,500
@dtm_id_tab 161 0
3 161 [1]
4 161 
@dtm_id 162 1
5 162 11
@dim_id 163 1
5 163 -1
3 65 NULL
3 66 [23]
$2*-1,-1025,-2049,2*-1,-16777217,-1,134217727,5*0,2097152,0,2,3*0,1048576,
$2*0
3 67 NULL
3 68 ->
4 69 0
4 70 0
2 71 
3 72 [4]
4 72 ->
5 73 34
5 74 12
5 75 9
5 76 -1
5 77 [2][2]
$2*BFD4
$2*3FD4
5 78 ->
6 79 [4][3]
$3FF,2*0
$0,3FF,0
$2*0,3FF
$3*0
5 80 ->
@frst_cntr_crv_hdr_ptr 164 1
6 164 13
@trv 165 1
6 165 1
@envlp 166 2
6 166 [2][2]
$2*BFD4
$2*3FD4
@next_cntr_ptr 167 0
5 167 NULL
5 81 0
5 82 -1
5 83 [2][3]
$2*BFD4,0
$2*3FD4,0
4 72 ->
5 73 34
5 74 15
5 75 9
5 76 0
5 77 [2][2]
$2*BFD4
$2*3FD4
5 78 ->
6 79 [4][3]
$3FF,2*0
$0,3FF,0
$2*0,3FF
$2*0,3FC3B645A1CAC083
5 80 ->
6 164 16
6 165 1
6 166 [2][2]
$2*BFD4
$2*3FD4
5 167 ->
6 164 57
6 165 -1
6 166 [2][2]
$2*BFC
$2*3FC
5 167 NULL
5 81 18
5 82 1
5 83 [2][3]
$2*BFD4,3FC3B645A1CAC083
$2*3FD4,3FC3B645A1CAC083
4 72 ->
5 73 36
5 74 18
5 75 9
5 76 0
5 77 [2][2]
$2*0
$400921FB54442D18,3FC3B645A1CAC083
@srf_prim_ptr(cylinder) 168 0
5 168 ->
@local_sys 169 2
6 169 [4][3]
$3FF,2*0
$0,3FF,0
$2*0,3FF
$3*0
@radius 170 2
6 170 3FD4
5 80 ->
6 164 39
6 165 1
6 166 [2][2]
$2*0
$400921FB54442D18,3FC3B645A1CAC083
5 167 NULL
5 81 20
5 82 1
5 83 [2][3]
$BFD4,2*0
$2*3FD4,3FC3B645A1CAC083
4 72 ->
5 73 36
5 74 20
5 75 9
5 76 0
5 77 [2][2]
$400921FB54442D18,0
$401921FB54442D18,3FC3B645A1CAC083
5 168 ->
6 169 [4][3]
$3FF,2*0
$0,3FF,0
$2*0,3FF
$3*0
6 170 3FD4
5 80 ->
6 164 40
6 165 1
6 166 [2][2]
$400921FB54442D18,0
$401921FB54442D18,3FC3B645A1CAC083
5 167 NULL
5 81 27
5 82 1
5 83 [2][3]
$2*BFD4,0
$3FD4,0,3FC3B645A1CAC083
@crv_array 171 0
3 171 [6]
4 171 ->
@crv_id 172 1
5 172 13
@feat_id 173 1
5 173 9
@type 174 1
5 174 0
@crv_pnt_dir 175 1
5 175 [2]
$1,-1
@crv_pnt_arr 176 2
5 176 [23][4]
$3FD4,3*0
$3FD3CBE2C2A329D5,3FA6C5373D131612,3FC247426BD47DE4,0
$3FD3309AA1605236,3FB689E1FCD4313,3FD247426BD47DE4,0
$3FD23150D954DB8C,3FC09DD9881C6BB2,3FDB6AE3A1BEBCD5,0
$3FD0D337D49F1674,3FC5A02976EA2E0E,3FE247426BD47DE3,0
$3FCE3AE02A08B2CA,3FCA31C61F552EA8,3FE6D91306C99D5B,0
$3FCA31C61F552EA9,3FCE3AE02A08B2C9,3FEB6AE3A1BEBCD4,0
$3FC5A02976EA2E0E,3FD0D337D49F1674,3FEFFCB43CB3DC4D,0
$3FC09DD9881C6BB2,3FD23150D954DB8C,3FF247426BD47DE3,0
$3FB689E1FCD4312C,3FD3309AA1605237,3FF4902AB94F0DA,0
$3FA6C5373D131618,3FD3CBE2C2A329D5,3FF6D91306C99D5B,0
$0,3FD4,3FF921FB54442D18,0
$BFA6C5373D13160E,3FD3CBE2C2A329D6,3FFB6AE3A1BEBCD4,0
$BFB689E1FCD43131,3FD3309AA1605236,3FFDB3CBEF394C91,0
$BFC09DD9881C6BB2,3FD23150D954DB8C,3FFFFCB43CB3DC4D,0
$BFC5A02976EA2E0B,3FD0D337D49F1675,400122CE45173604,0
$BFCA31C61F552EA9,3FCE3AE02A08B2C9,400247426BD47DE3,0
$BFCE3AE02A08B2C9,3FCA31C61F552EA9,40036BB69291C5C1,0
$BFD0D337D49F1675,3FC5A02976EA2E0B,4004902AB94F0DA,0
$BFD23150D954DB8C,3FC09DD9881C6BAF,4005B49EE00C557E,0
$BFD3309AA1605236,3FB689E1FCD43135,4006D91306C99D5B,0
$BFD3CBE2C2A329D6,3FA6C5373D13160E,4007FD872D86E53A,0
$BFD4,0,400921FB54442D18,0
@crv_hdr_geom_ptr[0] 177 1
5 177 12
@crv_hdr_geom_ptr[1] 178 1
5 178 18
@next_crv_hdr_ptr[0] 179 1
5 179 14
@next_crv_hdr_ptr[1] 180 1
5 180 19
@ref_geom[0] 181 1
5 181 0
@ref_geom[1] 182 1
5 182 0
4 171 ->
5 172 14
5 173 9
5 174 0
5 175 [2]
$1,-1
5 176 [23][4]
$BFD4,0,400921FB54442D18,0
$BFD3CBE2C2A329D6,BFA6C5373D13160E,400A466F7B0174F6,0
$BFD3309AA1605237,BFB689E1FCD4312C,400B6AE3A1BEBCD4,0
$BFD23150D954DB8C,BFC09DD9881C6BAF,400C8F57C87C04B2,0
$BFD0D337D49F1674,BFC5A02976EA2E0F,400DB3CBEF394C91,0
$BFCE3AE02A08B2C9,BFCA31C61F552EA9,400ED84015F6946F,0
$BFCA31C61F552EA9,BFCE3AE02A08B2C9,400FFCB43CB3DC4D,0
$BFC5A02976EA2E0B,BFD0D337D49F1675,4010909431B89216,0
$BFC09DD9881C6BAF,BFD23150D954DB8C,401122CE45173605,0
$BFB689E1FCD4312C,BFD3309AA1605237,4011B5085875D9F4,0
$BFA6C5373D13160E,BFD3CBE2C2A329D6,401247426BD47DE3,0
$0,BFD4,4012D97C7F3321D2,0
$3FA6C5373D13160E,BFD3CBE2C2A329D6,40136BB69291C5C1,0
$3FB689E1FCD4312C,BFD3309AA1605237,4013FDF0A5F069B,0
$3FC09DD9881C6BAF,BFD23150D954DB8C,4014902AB94F0D9F,0
$3FC5A02976EA2E0B,BFD0D337D49F1675,40152264CCADB18E,0
$3FCA31C61F552EAC,BFCE3AE02A08B2C6,4015B49EE00C557E,0
$3FCE3AE02A08B2C6,BFCA31C61F552EAC,401646D8F36AF96C,0
$3FD0D337D49F1675,BFC5A02976EA2E0B,4016D91306C99D5C,0
$3FD23150D954DB8C,BFC09DD9881C6BAF,40176B4D1A28414B,0
$3FD3309AA1605237,BFB689E1FCD4312C,4017FD872D86E53A,0
$3FD3CBE2C2A329D6,BFA6C5373D13160E,40188FC140E58929,0
$3FD4,0,401921FB54442D18,0
5 177 12
5 178 20
5 179 13
5 180 21
5 181 0
5 182 0
4 171 ->
5 172 16
5 173 9
5 174 0
5 175 [2]
$-1,1
5 176 [23][4]
$3FD4,2*0,3FC3B645A1CAC083
$3FD3CBE2C2A329D5,3FA6C5373D131612,3FC247426BD47DE4,3FC3B645A1CAC083
$3FD3309AA1605236,3FB689E1FCD4313,3FD247426BD47DE4,3FC3B645A1CAC083
$3FD23150D954DB8C,3FC09DD9881C6BB2,3FDB6AE3A1BEBCD5,3FC3B645A1CAC083
$3FD0D337D49F1674,3FC5A02976EA2E0E,3FE247426BD47DE3,3FC3B645A1CAC083
$3FCE3AE02A08B2CA,3FCA31C61F552EA8,3FE6D91306C99D5B,3FC3B645A1CAC083
$3FCA31C61F552EA9,3FCE3AE02A08B2C9,3FEB6AE3A1BEBCD4,3FC3B645A1CAC083
$3FC5A02976EA2E0E,3FD0D337D49F1674,3FEFFCB43CB3DC4D,3FC3B645A1CAC083
$3FC09DD9881C6BB2,3FD23150D954DB8C,3FF247426BD47DE3,3FC3B645A1CAC083
$3FB689E1FCD4312C,3FD3309AA1605237,3FF4902AB94F0DA,3FC3B645A1CAC083
$3FA6C5373D131618,3FD3CBE2C2A329D5,3FF6D91306C99D5B,3FC3B645A1CAC083
$0,3FD4,3FF921FB54442D18,3FC3B645A1CAC083
$BFA6C5373D13160E,3FD3CBE2C2A329D6,3FFB6AE3A1BEBCD4,3FC3B645A1CAC083
$BFB689E1FCD43131,3FD3309AA1605236,3FFDB3CBEF394C91,3FC3B645A1CAC083
$BFC09DD9881C6BB2,3FD23150D954DB8C,3FFFFCB43CB3DC4D,3FC3B645A1CAC083
$BFC5A02976EA2E0B,3FD0D337D49F1675,400122CE45173604,3FC3B645A1CAC083
$BFCA31C61F552EA9,3FCE3AE02A08B2C9,400247426BD47DE3,3FC3B645A1CAC083
$BFCE3AE02A08B2C9,3FCA31C61F552EA9,40036BB69291C5C1,3FC3B645A1CAC083
$BFD0D337D49F1675,3FC5A02976EA2E0B,4004902AB94F0DA,3FC3B645A1CAC083
$BFD23150D954DB8C,3FC09DD9881C6BAF,4005B49EE00C557E,3FC3B645A1CAC083
$BFD3309AA1605236,3FB689E1FCD43135,4006D91306C99D5B,3FC3B645A1CAC083
$BFD3CBE2C2A329D6,3FA6C5373D13160E,4007FD872D86E53A,3FC3B645A1CAC083
$BFD4,0,400921FB54442D18,3FC3B645A1CAC083
5 177 15
5 178 18
5 179 17
5 180 42
5 181 0
5 182 0
4 171 ->
5 172 17
5 173 9
5 174 0
5 175 [2]
$-1,1
5 176 [23][4]
$BFD4,0,400921FB54442D18,3FC3B645A1CAC083
$BFD3CBE2C2A329D6,BFA6C5373D13160E,400A466F7B0174F6,3FC3B645A1CAC083
$BFD3309AA1605237,BFB689E1FCD4312C,400B6AE3A1BEBCD4,3FC3B645A1CAC083
$BFD23150D954DB8C,BFC09DD9881C6BAF,400C8F57C87C04B2,3FC3B645A1CAC083
$BFD0D337D49F1674,BFC5A02976EA2E0F,400DB3CBEF394C91,3FC3B645A1CAC083
$BFCE3AE02A08B2C9,BFCA31C61F552EA9,400ED84015F6946F,3FC3B645A1CAC083
$BFCA31C61F552EA9,BFCE3AE02A08B2C9,400FFCB43CB3DC4D,3FC3B645A1CAC083
$BFC5A02976EA2E0B,BFD0D337D49F1675,4010909431B89216,3FC3B645A1CAC083
$BFC09DD9881C6BAF,BFD23150D954DB8C,401122CE45173605,3FC3B645A1CAC083
$BFB689E1FCD4312C,BFD3309AA1605237,4011B5085875D9F4,3FC3B645A1CAC083
$BFA6C5373D13160E,BFD3CBE2C2A329D6,401247426BD47DE3,3FC3B645A1CAC083
$0,BFD4,4012D97C7F3321D2,3FC3B645A1CAC083
$3FA6C5373D13160E,BFD3CBE2C2A329D6,40136BB69291C5C1,3FC3B645A1CAC083
$3FB689E1FCD4312C,BFD3309AA1605237,4013FDF0A5F069B,3FC3B645A1CAC083
$3FC09DD9881C6BAF,BFD23150D954DB8C,4014902AB94F0D9F,3FC3B645A1CAC083
$3FC5A02976EA2E0B,BFD0D337D49F1675,40152264CCADB18E,3FC3B645A1CAC083
$3FCA31C61F552EAC,BFCE3AE02A08B2C6,4015B49EE00C557E,3FC3B645A1CAC083
$3FCE3AE02A08B2C6,BFCA31C61F552EAC,401646D8F36AF96C,3FC3B645A1CAC083
$3FD0D337D49F1675,BFC5A02976EA2E0B,4016D91306C99D5C,3FC3B645A1CAC083
$3FD23150D954DB8C,BFC09DD9881C6BAF,40176B4D1A28414B,3FC3B645A1CAC083
$3FD3309AA1605237,BFB689E1FCD4312C,4017FD872D86E53A,3FC3B645A1CAC083
$3FD3CBE2C2A329D6,BFA6C5373D13160E,40188FC140E58929,3FC3B645A1CAC083
$3FD4,0,401921FB54442D18,3FC3B645A1CAC083
5 177 15
5 178 20
5 179 16
5 180 41
5 181 0
5 182 0
4 171 ->
5 172 19
5 173 9
5 174 1
5 175 [2]
$1,-1
5 176 [2][4]
$2*0,401921FB54442D18,0
$0,3FC3B645A1CAC083,401921FB54442D18,3FC3B645A1CAC083
5 177 18
5 178 20
5 179 0
5 180 0
5 181 0
5 182 0
4 171 ->
5 172 21
5 173 9
5 174 1
5 175 [2]
$1,-1
5 176 [2][4]
$400921FB54442D18,0,400921FB54442D18,0
$400921FB54442D18,3FC3B645A1CAC083,400921FB54442D18,3FC3B645A1CAC083
5 177 20
5 178 18
5 179 0
5 180 0
5 181 0
5 182 0
2 84 NULL
2 85 ->
2 86 ->
3 87 [4][3]
$3FF,2*0
$0,3FF,0
$2*0,3FF
$3*0
3 88 [1]
4 88 ->
5 89 1853
5 90 0
5 91 0
5 92 -1
5 93 -1
5 94 -1
5 95 0
5 96 0
5 97 0
5 98 [1]
6 98 ->
7 99 6
7 104 ->
8 105 [1]
9 105 -100
3 106 -1
3 107 0
3 108 [1]
4 108 
5 109 1
5 110 0
5 111 [4][3]
$3FF,2*0
$0,3FF,0
$2*0,3FF
$3*0
2 112 NULL
2 113 12
@gsec_ptr 183 0
2 183 [1]
3 183 
@type 184 1
4 184 2
@name 185 10
4 185 S2D0001
@gsec2d_ptr 186 0
4 186 ->
@name 187 10
5 187 S2D0001
@segtab_ptr 188 0
5 188 [5]
6 188 
@type 189 1
7 189 10
@dir 190 1
7 190 [3]
$3*0
@pointid 191 1
7 191 [2]
$2*0
@cntrid 192 1
7 192 0
@arcorient 193 1
7 193 0
@verhor 194 1
7 194 0
@radius 195 1
7 195 0
@ext_id 196 1
7 196 0
@gen_info 197 0
7 197 
@known_ent_info 198 0
7 198 
@attr 199 1
8 199 0
@known_ent_id 200 1
8 200 -1
6 188 
7 189 5
7 190 [3]
$0,-1,0
7 191 [2]
$2*1
7 192 1
7 193 0
7 194 0
7 195 0
7 196 1
7 197 
7 198 
8 199 0
8 200 -1
6 188 
7 189 5
7 190 [3]
$1,2*0
7 191 [2]
$2*2
7 192 2
7 193 0
7 194 1
7 195 0
7 196 2
7 197 
7 198 
8 199 0
8 200 -1
6 188 
7 189 32770
7 190 [3]
$0,-1,0
7 191 [2]
$3,4
7 192 4
7 193 0
7 194 0
7 195 0
7 196 3
7 197 
@attributes 201 1
8 201 8
7 198 
8 199 0
8 200 -1
6 188 
7 189 32770
7 190 [3]
$1,2*0
7 191 [2]
$5,6
7 192 6
7 193 0
7 194 1
7 195 0
7 196 4
7 197 
8 201 8
7 198 
8 199 0
8 200 -1
@dimtab_ptr 202 0
5 202 [5]
6 202 
@type 203 1
7 203 42
@value 204 2
7 204 0
@direct 205 1
7 205 0
@property 206 1
7 206 0
@leftpt 207 1
7 207 [2]
@rightpt 208 1
7 208 [2]
@offset 209 2
7 209 0
@ext_id 210 1
7 210 0
@dispdimattr 211 0
7 211 
@dimattr 212 1
8 212 [2]
$2*0
@dim_ref 213 0
7 213 [2]
8 213 
@item_id 214 1
9 214 3
@sense 215 1
9 215 4
@point 216 1
9 216 [2]
$2*-1
8 213 
9 214 1
9 215 4
9 216 [2]
$2*-1
6 202 
7 203 42
7 204 0
7 205 0
7 206 0
7 207 [2]
7 208 [2]
7 209 0
7 210 1
7 211 
8 212 [2]
$2*0
7 213 [2]
8 213 
9 214 4
9 215 4
9 216 [2]
$2*-1
8 213 
9 214 2
9 215 4
9 216 [2]
$2*-1
6 202 
7 203 42
7 204 0
7 205 0
7 206 0
7 207 [2]
7 208 [2]
7 209 0
7 210 2
7 211 
8 212 [2]
$2*0
7 213 [2]
8 213 
9 214 4
9 215 4
9 216 [2]
$2*-1
8 213 
9 214 0
9 215 3
9 216 [2]
$2*-1
6 202 
7 203 42
7 204 0
7 205 0
7 206 0
7 207 [2]
7 208 [2]
7 209 0
7 210 3
7 211 
8 212 [2]
$2*0
7 213 [2]
8 213 
9 214 3
9 215 4
9 216 [2]
$2*-1
8 213 
9 214 0
9 215 3
9 216 [2]
$2*-1
6 202 
7 203 4
7 204 3FD4
7 205 0
7 206 0
7 207 [2]
7 208 [2]
7 209 0
7 210 4
7 211 
8 212 [2]
$34,0
7 213 [2]
8 213 
9 214 0
9 215 -1
9 216 [2]
$2*-1
8 213 
9 214 0
9 215 -1
9 216 [2]
$2*-1
@relat_ptr 217 0
5 217 [7]
6 217 
@id 218 1
7 218 -1
@used 219 1
7 219 0
@a 220 1
7 220 [4]
$1,3,2*-1
@b 221 1
7 221 [4]
$4*0
@c 222 2
7 222 [4]
$3FF,BFF,3FF,0
@sign 223 1
7 223 0
@idim 224 1
7 224 -1
@type 225 1
7 225 0
6 217 
7 218 -1
7 219 1
7 220 [4]
$1,0,2*-1
7 221 [4]
$4*0
7 222 [4]
$3FF,BFF,2*3FF
7 223 0
7 224 -1
7 225 0
6 217 
7 218 -1
7 219 0
7 220 [4]
$2,0,2*-1
7 221 [4]
$4*0
7 222 [4]
$3FF,BFF,2*3FF
7 223 0
7 224 -1
7 225 0
6 217 
7 218 -1
7 219 0
7 220 [4]
$2,5,2*-1
7 221 [4]
$2*1,2*0
7 222 [4]
$3FF,BFF,3FF,0
7 223 0
7 224 -1
7 225 0
6 217 
7 218 -1
7 219 1
7 220 [4]
$2,0,2*-1
7 221 [4]
$2*1,2*0
7 222 [4]
$3FF,BFF,2*3FF
7 223 0
7 224 -1
7 225 0
6 217 
7 218 -1
7 219 0
7 220 [4]
$1,0,2*-1
7 221 [4]
$2*1,2*0
7 222 [4]
$3FF,BFF,2*3FF
7 223 0
7 224 -1
7 225 0
6 217 
7 218 -1
7 219 0
7 220 [4]
$4*0
7 221 [4]
$4*0
7 222 [4]
$4*3FF
7 223 1
7 224 4
7 225 14
@formula_ptr 226 1
5 226 [7]
$0,1,2,3,4,5,6
@qind 227 1
5 227 -1
@anchor 228 0
5 228 NULL
@totalpointid 229 1
5 229 7
@checkarcs_flag 230 1
5 230 1
@location 231 0
5 231 ->
@id 232 1
6 232 0
@param 233 2
6 233 0
@type 234 1
6 234 0
@nsket_info 235 0
5 235 ->
@scale 236 2
6 236 40720ACD59EED1E9
@m 237 1
6 237 0
@last_was_permanent 238 1
6 238 0
@unsolved_ptr 239 0
5 239 ->
@iges_file 240 10
6 240 NULL
@solve_version 241 1
5 241 1
@segdscr_tab 242 0
5 242 [5]
6 242 
@ent_mode 243 1
7 243 0
6 242 
7 243 0
6 242 
7 243 0
6 242 
7 243 0
6 242 
7 243 0
@gsec3d_ptr 244 0
4 244 ->
@type 245 1
5 245 7
@name 246 10
5 246 S2D0001
@flip 247 1
5 247 1
@own_ref_id 248 1
5 248 -1
@first_chain_ptr 249 0
5 249 NULL
@quilt_id 250 1
5 250 -1
@plane_id 251 1
5 251 11
@plane_flip 252 1
5 252 -1
@ref_planes 253 0
5 253 [2]
6 253 
@plane_id 254 1
7 254 2
@ref_type 255 1
7 255 5
@ext_ref_id 256 1
7 256 -1
@seg_id 257 1
7 257 3
@flip_flag 258 1
7 258 0
@save_entity_ptr(line) 259 0
7 259 ->
@type 260 1
8 260 32770
@id 261 1
8 261 0
@gen_info 262 0
8 262 
9 201 8
@end1 263 2
8 263 [3]
$3*0
@end2 264 2
8 264 [3]
$0,C059,0
@back_entity_ptr(line) 265 0
7 265 ->
8 260 32770
8 261 0
8 262 
9 201 8
8 263 [3]
$3*0
8 264 [3]
$0,C059,0
6 253 
7 254 4
7 255 5
7 256 -1
7 257 4
7 258 0
7 259 ->
8 260 32770
8 261 0
8 262 
9 201 8
8 263 [3]
$3*0
8 264 [3]
$4059,2*0
7 265 ->
8 260 32770
8 261 0
8 262 
9 201 8
8 263 [3]
$3*0
8 264 [3]
$4059,2*0
@order_ptr 266 0
4 266 [2]
5 266 
@id 267 1
6 267 0
@flip 268 1
6 268 2
5 266 
6 267 0
6 268 4
@dim_id_tab 269 1
4 269 [5]
$1,2,3,4,5
@attributes 270 1
4 270 0
@xsec_id 271 1
4 271 -1
@gsec_info_arr 272 0
4 272 [1]
5 272 
@application_type 273 1
6 273 2
@application_id 274 1
6 274 -100
@secsolve_revnum 275 1
4 275 0
@rel_accuracy 276 2
4 276 BFF
@p_saved_result 277 0
4 277 NULL
2 114 -1
2 115 NULL
2 116 NULL
2 152 [3]
$1,3,10
2 117 ->
3 118 0
3 119 0
3 120 [2][3]
$3*0
$3*0
3 121 0
3 122 NULL
3 123 -1
2 124 -1
2 125 NULL
2 126 -1
2 127 NULL
1 128 ->
2 37 25
2 38 1
2 39 ->
3 40 13
3 41 923
3 42 NULL
3 43 0
3 44 [3]
$3,2*0
3 45 0
3 46 -1
3 47 -1
3 48 ->
4 49 0
4 50 0
4 51 -1
4 52 970
4 53 -1
4 54 -1
4 55 0
4 56 0
4 57 0
4 58 0
3 59 0
2 60 -1
2 61 no_name
2 62 2
2 63 ->
3 64 [1][4]
$26,3*0
3 65 NULL
3 66 [23]
$2*-1,-1025,-2049,2*-1,-16777217,-1,134217727,5*0,2097152,0,2,3*0,1048576,
$2*0
3 67 NULL
3 68 ->
4 69 0
4 70 0
2 71 
3 72 [1]
4 72 ->
5 73 34
5 74 26
5 75 25
5 76 -1
5 77 [2][2]
$2*0
$2*0
5 78 ->
6 79 [4][3]
$BFF,2*0
$0,3FF,0
$2*0,BFF
$3*0
5 80 NULL
5 81 0
5 82 1
5 83 [2][3]
$3*0
$3*0
2 84 NULL
2 85 ->
2 86 ->
3 87 [4][3]
$BFF,2*0
$0,3FF,0
$2*0,BFF
$3*0
3 88 [2]
4 88 ->
5 89 509
5 90 BFF
5 91 -1
5 92 -1
5 93 6
5 94 26
5 95 0
5 96 0
5 97 32768
5 98 [2]
6 98 ->
7 99 1
7 100 ->
8 101 -4
8 102 5
8 103 0
6 98 ->
7 99 6
7 104 ->
8 105 [1]
9 105 -100
4 88 ->
5 89 510
5 90 3FF
5 91 -1
5 92 -1
5 93 4
5 94 26
5 95 0
5 96 0
5 97 32768
5 98 [2]
6 98 ->
7 99 1
7 100 ->
8 101 -4
8 102 5
8 103 0
6 98 ->
7 99 6
7 104 ->
8 105 [1]
9 105 -100
3 106 -1
3 107 1
3 108 [1]
4 108 
5 109 11
5 110 0
5 111 [4][3]
$BFF,2*0
$0,3FF,0
$2*0,BFF
$3*0
2 112 NULL
2 113 26
2 114 -1
2 115 NULL
2 116 NULL
2 152 [2]
$3,5
2 117 ->
3 118 12
3 119 0
3 120 [2][3]
$2*BFD4,0
$2*3FD4,3FC3B645A1CAC083
3 121 3FEF1CD9CCEEF239
3 122 NULL
3 123 -1
2 124 -1
2 125 NULL
2 126 -1
2 127 NULL
1 128 ->
2 37 24
2 38 1
2 39 ->
3 40 7
3 41 917
3 42 NULL
3 43 1
3 44 [3]
$3*0
3 45 0
3 46 991
3 47 -1
3 48 ->
4 49 0
4 50 266240
4 51 -1
4 52 970
4 53 -1
4 54 -1
4 55 0
4 56 0
4 57 0
4 58 0
3 59 0
2 60 -1
2 61 no_name
2 62 2
2 153 ->
3 154 11
3 155 37
3 156 
3 157 33
3 158 [3]
$3*0
3 159 [3]
$3FD6147AE147AE14,2*0
2 153 ->
3 154 13
3 155 38
3 156 
4 133 1
3 157 33
3 158 [3]
$3*0
3 159 [3]
$2*0,BFA5810624DD2F1B
2 139 ->
3 140 19
3 141 A_2
3 142 1
3 143 [3]
$408774A15498B4ER,407A73A98CBBCE06,C05A2143C7167E6F
3 144 -1
3 145 32
3 146 BFF
3 147 BFF
3 148 
3 149 BFF
2 63 ->
3 64 [4][4]
$27,204,2*0
$30,203,2*0
$33,200,2*0
$35,200,-1,0
3 160 [10][6]
$28,221,3*0,27
$29,221,-1,2*0,27
$31,222,3*0,33
$32,222,-1,2*0,35
$34,220,3*0,33
$36,220,-1,2*0,35
$39,225,18,27,0,27
$40,225,20,27,0,27
$41,224,19,2*0,18
$42,224,21,2*0,20
3 150 [2]
4 150 
5 151 [5]
$37,530,33,-1,500
4 150 
5 151 [5]
$38,531,33,-1,500
3 161 [1]
4 161 
5 162 26
5 163 -1
3 65 NULL
3 66 [23]
$2*-1,-1025,-2049,2*-1,-16777217,-1,134217727,5*0,2097152,0,2,3*0,1048576,
$2*0
3 67 NULL
3 68 ->
4 69 0
4 70 0
2 71 
3 72 [4]
4 72 ->
5 73 34
5 74 27
5 75 24
5 76 0
5 77 [2][2]
$BFD6147AE147AE14,BFD6185F918F3649
$3FD6147AE147AE14,3FD6185F918F3649
5 78 ->
6 79 [4][3]
$BFF,2*0
$0,3FF,0
$2*0,BFF
$3*0
5 80 ->
6 164 28
6 165 1
6 166 [2][2]
$BFD6147AE147AE14,BFD6185F918F3649
$3FD6147AE147AE14,3FD6185F918F3649
5 167 ->
6 164 39
6 165 -1
6 166 [2][2]
$BFD4,BFD40386CC31F3F4
$3FD4,3FD40386CC31F3F4
5 167 NULL
5 81 30
5 82 -1
5 83 [2][3]
$BFD6147AE147AE14,BFD6185F918F3649,0
$3FD6147AE147AE14,3FD6185F918F3649,0
4 72 ->
5 73 34
5 74 30
5 75 24
5 76 0
5 77 [2][2]
$BFD6147AE147AE14,BFD6185F918F3649
$3FD6147AE147AE14,3FD6185F918F3649
5 78 ->
6 79 [4][3]
$BFF,2*0
$0,3FF,0
$2*0,BFF
$2*0,BFA5810624DD2F1B
5 80 ->
6 164 31
6 165 1
6 166 [2][2]
$BFD6147AE147AE14,BFD6185F918F3649
$3FD6147AE147AE14,3FD6185F918F3649
5 167 ->
6 164 59
6 165 -1
6 166 [2][2]
$2*BFC
$2*3FC
5 167 NULL
5 81 33
5 82 1
5 83 [2][3]
$BFD6147AE147AE14,BFD6185F918F3649,BFA5810624DD2F1B
$3FD6147AE147AE14,3FD6185F918F3649,BFA5810624DD2F1B
4 72 ->
5 73 36
5 74 33
5 75 24
5 76 0
5 77 [2][2]
$2*0
$400921FB54442D18,3FA5810624DD2F1B
5 168 ->
6 169 [4][3]
$BFF,2*0
$0,3FF,0
$2*0,BFF
$3*0
6 170 3FD6147AE147AE14
5 80 ->
6 164 28
6 165 1
6 166 [2][2]
$2*0
$400921FB54442D18,3FA5810624DD2F1B
5 167 NULL
5 81 35
5 82 1
5 83 [2][3]
$BFD6147AE147AE14,0,BFA5810624DD2F1B
$2*3FD6147AE147AE14,0
4 72 ->
5 73 36
5 74 35
5 75 24
5 76 0
5 77 [2][2]
$400921FB54442D18,0
$401921FB54442D18,3FA5810624DD2F1B
5 168 ->
6 169 [4][3]
$BFF,2*0
$0,3FF,0
$2*0,BFF
$3*0
6 170 3FD6147AE147AE14
5 80 ->
6 164 29
6 165 1
6 166 [2][2]
$400921FB54442D18,0
$401921FB54442D18,3FA5810624DD2F1B
5 167 NULL
5 81 51
5 82 1
5 83 [2][3]
$2*BFD6147AE147AE14,BFA5810624DD2F1B
$3FD6147AE147AE14,2*0
3 171 [10]
4 171 ->
5 172 28
5 173 24
5 174 0
5 175 [2]
$1,-1
5 176 [24][4]
$3FD6147AE147AE14,3*0
$3FD5DFD51E796DF8,3FA80D6F2039AA83,3FC17BD03A9EBB3R,0
$3FD542DEE6BEB17A,3FB7D4155A7F2196,3FD17BD03A9EBB31,0
$3FD44084BEE03451,3FC197E88BE5C9F5,3FDA39B857EE18CA,0
$3FD2DD96AE370E8R,3FC6F1E0329487DE,3FE17BD03A9EBB32,0
$3FD120B14B61AC2E,3FCBDE6C891B6AA,3FE5DAC4494669FE,0
$3FCE243C6950559C,3FD0230921C228AD,3FEA39B857EE18CB,0
$3FC9775914D7EBD3,3FD209E7EE5C4E56,3FEE98AC6695C798,0
$3FC45104503675A3,3FD39AC0E16621B1,3FF17BD03A9EBB32,0
$3FBD9399EAEB0E1E,3FD4CE1C6B9D2A3A,3FF3AB4A41F2929R,0
$3FB1F81FCA2BD967,3FD59E40D348C7ED,3FF5DAC4494669FE,0
$3F981BD2705EB19B,3FD6074D81F8FAD1,3FF80A3E509A4165,0
$BF981BD2705EB19B,3FD6074D81F8FAD1,3FFA39B857EE18CB,0
$BFB1F81FCA2BD961,3FD59E40D348C7ER,3FFC69325F41F031,0
$BFBD9399EAEB0E24,3FD4CE1C6B9D2A3A,3FFE98AC6695C798,0
$BFC45104503675A3,3FD39AC0E16621B1,4000641336F4CF7F,0
$BFC9775914D7EBD3,3FD209E7EE5C4E56,40017BD03A9EBB32,0
$BFCE243C6950559B,3FD0230921C228AD,4002938D3E48A6E5,0
$BFD120B14B61AC2F,3FCBDE6C891B6A9D,4003AB4A41F2929R,0
$BFD2DD96AE370E8R,3FC6F1E0329487DB,4004C307459C7E4C,0
$BFD44084BEE0345,3FC197E88BE5C9F9,4005DAC4494669FE,0
$BFD542DEE6BEB179,3FB7D4155A7F219F,4006F2814CF055B1,0
$BFD5DFD51E796DF8,3FA80D6F2039AA8,40080A3E509A4165,0
$BFD6147AE147AE14,0,400921FB54442D18,0
5 177 27
5 178 33
5 179 29
5 180 34
5 181 0
5 182 0
4 171 ->
5 172 29
5 173 24
5 174 0
5 175 [2]
$1,-1
5 176 [24][4]
$BFD6147AE147AE14,0,400921FB54442D18,0
$BFD5DFD51E796DF8,BFA80D6F2039AA8,400A39B857EE18CB,0
$BFD542DEE6BEB17A,BFB7D4155A7F2194,400B51755B98047E,0
$BFD44084BEE03451,BFC197E88BE5C9F3,400C69325F41F031,0
$BFD2DD96AE370E8R,BFC6F1E0329487DB,400D80EF62EBDBE4,0
$BFD120B14B61AC2D,BFCBDE6C891B6AA2,400E98AC6695C798,0
$BFCE243C6950559B,BFD0230921C228AD,400FB0696A3FB34B,0
$BFC9775914D7EBD3,BFD209E7EE5C4E56,4010641336F4CF7F,0
$BFC45104503675A8,BFD39AC0E16621B,4010EFF1B8C9C558,0
$BFBD9399EAEB0E24,BFD4CE1C6B9D2A3A,40117BD03A9EBB32,0
$BFB1F81FCA2BD95D,BFD59E40D348C7ER,401207AEBC73B10C,0
$BF981BD2705EB1B1,BFD6074D81F8FAD1,4012938D3E48A6E5,0
$3F981BD2705EB1B1,BFD6074D81F8FAD1,40131F6BC01D9CBF,0
$3FB1F81FCA2BD95D,BFD59E40D348C7ER,4013AB4A41F29298,0
$3FBD9399EAEB0E24,BFD4CE1C6B9D2A3A,40143728C3C78872,0
$3FC45104503675A8,BFD39AC0E16621B,4014C307459C7E4C,0
$3FC9775914D7EBD3,BFD209E7EE5C4E56,40154EE5C7717425,0
$3FCE243C69505596,BFD0230921C228AF,4015DAC4494669FE,0
$3FD120B14B61AC2D,BFCBDE6C891B6AA2,401666A2CB1B5FD8,0
$3FD2DD96AE370E8R,BFC6F1E0329487DB,4016F2814CF055B2,0
$3FD44084BEE0345,BFC197E88BE5C9F9,40177E5FCEC54B8B,0
$3FD542DEE6BEB178,BFB7D4155A7F21A8,40180A3E509A4164,0
$3FD5DFD51E796DF8,BFA80D6F2039AA96,4018961CD26F373E,0
$3FD6147AE147AE14,0,401921FB54442D18,0
5 177 27
5 178 35
5 179 28
5 180 36
5 181 0
5 182 0
4 171 ->
5 172 31
5 173 24
5 174 0
5 175 [2]
$-1,1
5 176 [24][4]
$3FD6147AE147AE14,2*0,3FA5810624DD2F1B
$3FD5DFD51E796DF8,3FA80D6F2039AA83,3FC17BD03A9EBB3R,3FA5810624DD2F1B
$3FD542DEE6BEB17A,3FB7D4155A7F2196,3FD17BD03A9EBB31,3FA5810624DD2F1B
$3FD44084BEE03451,3FC197E88BE5C9F5,3FDA39B857EE18CA,3FA5810624DD2F1B
$3FD2DD96AE370E8R,3FC6F1E0329487DE,3FE17BD03A9EBB32,3FA5810624DD2F1B
$3FD120B14B61AC2E,3FCBDE6C891B6AA,3FE5DAC4494669FE,3FA5810624DD2F1B
$3FCE243C6950559C,3FD0230921C228AD,3FEA39B857EE18CB,3FA5810624DD2F1B
$3FC9775914D7EBD3,3FD209E7EE5C4E56,3FEE98AC6695C798,3FA5810624DD2F1B
$3FC45104503675A3,3FD39AC0E16621B1,3FF17BD03A9EBB32,3FA5810624DD2F1B
$3FBD9399EAEB0E1E,3FD4CE1C6B9D2A3A,3FF3AB4A41F2929R,3FA5810624DD2F1B
$3FB1F81FCA2BD967,3FD59E40D348C7ED,3FF5DAC4494669FE,3FA5810624DD2F1B
$3F981BD2705EB19B,3FD6074D81F8FAD1,3FF80A3E509A4165,3FA5810624DD2F1B
$BF981BD2705EB19B,3FD6074D81F8FAD1,3FFA39B857EE18CB,3FA5810624DD2F1B
$BFB1F81FCA2BD961,3FD59E40D348C7ER,3FFC69325F41F031,3FA5810624DD2F1B
$BFBD9399EAEB0E24,3FD4CE1C6B9D2A3A,3FFE98AC6695C798,3FA5810624DD2F1B
$BFC45104503675A3,3FD39AC0E16621B1,4000641336F4CF7F,3FA5810624DD2F1B
$BFC9775914D7EBD3,3FD209E7EE5C4E56,40017BD03A9EBB32,3FA5810624DD2F1B
$BFCE243C6950559B,3FD0230921C228AD,4002938D3E48A6E5,3FA5810624DD2F1B
$BFD120B14B61AC2F,3FCBDE6C891B6A9D,4003AB4A41F2929R,3FA5810624DD2F1B
$BFD2DD96AE370E8R,3FC6F1E0329487DB,4004C307459C7E4C,3FA5810624DD2F1B
$BFD44084BEE0345,3FC197E88BE5C9F9,4005DAC4494669FE,3FA5810624DD2F1B
$BFD542DEE6BEB179,3FB7D4155A7F219F,4006F2814CF055B1,3FA5810624DD2F1B
$BFD5DFD51E796DF8,3FA80D6F2039AA8,40080A3E509A4165,3FA5810624DD2F1B
$BFD6147AE147AE14,0,400921FB54442D18,3FA5810624DD2F1B
5 177 30
5 178 33
5 179 32
5 180 36
5 181 0
5 182 0
4 171 ->
5 172 32
5 173 24
5 174 0
5 175 [2]
$-1,1
5 176 [24][4]
$BFD6147AE147AE14,0,400921FB54442D18,3FA5810624DD2F1B
$BFD5DFD51E796DF8,BFA80D6F2039AA8,400A39B857EE18CB,3FA5810624DD2F1B
$BFD542DEE6BEB17A,BFB7D4155A7F2194,400B51755B98047E,3FA5810624DD2F1B
$BFD44084BEE03451,BFC197E88BE5C9F3,400C69325F41F031,3FA5810624DD2F1B
$BFD2DD96AE370E8R,BFC6F1E0329487DB,400D80EF62EBDBE4,3FA5810624DD2F1B
$BFD120B14B61AC2D,BFCBDE6C891B6AA2,400E98AC6695C798,3FA5810624DD2F1B
$BFCE243C6950559B,BFD0230921C228AD,400FB0696A3FB34B,3FA5810624DD2F1B
$BFC9775914D7EBD3,BFD209E7EE5C4E56,4010641336F4CF7F,3FA5810624DD2F1B
$BFC45104503675A8,BFD39AC0E16621B,4010EFF1B8C9C558,3FA5810624DD2F1B
$BFBD9399EAEB0E24,BFD4CE1C6B9D2A3A,40117BD03A9EBB32,3FA5810624DD2F1B
$BFB1F81FCA2BD95D,BFD59E40D348C7ER,401207AEBC73B10C,3FA5810624DD2F1B
$BF981BD2705EB1B1,BFD6074D81F8FAD1,4012938D3E48A6E5,3FA5810624DD2F1B
$3F981BD2705EB1B1,BFD6074D81F8FAD1,40131F6BC01D9CBF,3FA5810624DD2F1B
$3FB1F81FCA2BD95D,BFD59E40D348C7ER,4013AB4A41F29298,3FA5810624DD2F1B
$3FBD9399EAEB0E24,BFD4CE1C6B9D2A3A,40143728C3C78872,3FA5810624DD2F1B
$3FC45104503675A8,BFD39AC0E16621B,4014C307459C7E4C,3FA5810624DD2F1B
$3FC9775914D7EBD3,BFD209E7EE5C4E56,40154EE5C7717425,3FA5810624DD2F1B
$3FCE243C69505596,BFD0230921C228AF,4015DAC4494669FE,3FA5810624DD2F1B
$3FD120B14B61AC2D,BFCBDE6C891B6AA2,401666A2CB1B5FD8,3FA5810624DD2F1B
$3FD2DD96AE370E8R,BFC6F1E0329487DB,4016F2814CF055B2,3FA5810624DD2F1B
$3FD44084BEE0345,BFC197E88BE5C9F9,40177E5FCEC54B8B,3FA5810624DD2F1B
$3FD542DEE6BEB178,BFB7D4155A7F21A8,40180A3E509A4164,3FA5810624DD2F1B
$3FD5DFD51E796DF8,BFA80D6F2039AA96,4018961CD26F373E,3FA5810624DD2F1B
$3FD6147AE147AE14,0,401921FB54442D18,3FA5810624DD2F1B
5 177 30
5 178 35
5 179 31
5 180 34
5 181 0
5 182 0
4 171 ->
5 172 34
5 173 24
5 174 1
5 175 [2]
$1,-1
5 176 [2][4]
$2*0,401921FB54442D18,0
$0,3FA5810624DD2F1B,401921FB54442D18,3FA5810624DD2F1B
5 177 33
5 178 35
5 179 31
5 180 29
5 181 0
5 182 0
4 171 ->
5 172 36
5 173 24
5 174 1
5 175 [2]
$1,-1
5 176 [2][4]
$400921FB54442D18,0,400921FB54442D18,0
$400921FB54442D18,3FA5810624DD2F1B,400921FB54442D18,3FA5810624DD2F1B
5 177 35
5 178 33
5 179 32
5 180 28
5 181 0
5 182 0
4 171 ->
5 172 39
5 173 24
5 174 0
5 175 [2]
$1,-1
5 176 [24][4]
$BFD4,3*0
$BFD3D04FE218A84,3FA5C962CD6BE2CR,3FC17BD03A9EBB32,0
$BFD34222F2663C96,3FB595701876DD7E,3FD17BD03A9EBB31,0
$BFD2581F3275C016,3FBFDF411B1E6DDC,3FDA39B857EE18C9,0
$BFD116A09A17E635,3FC4C88A266525BA,3FE17BD03A9EBB3,0
$BFCF07489B1C898C,3FC93E572E4735EB,3FE5DAC4494669FE,0
$BFCB4D581C9C3EB4,3FCD3BC2A1549B5,3FEA39B857EE18CR,0
$BFC71134DD153438,3FD056E2C735EDEA,3FEE98AC6695C798,0
$BFC26710E47B883D,3FD1C1F8E9D8CCE6,3FF17BD03A9EBB32,0
$BFBACA559EFDB95,3FD2D8603C5FFB95,3FF3AB4A41F2929R,0
$BFB046C77632D954,3FD394E9186C976A,3FF5DAC4494669FE,0
$BF95D66B230070A5,3FD3F41068BE475D,3FF80A3E509A4165,0
$3F95D66B230070B9,3FD3F41068BE475D,3FFA39B857EE18CR,0
$3FB046C77632D94F,3FD394E9186C976A,3FFC69325F41F031,0
$3FBACA559EFDB95,3FD2D8603C5FFB95,3FFE98AC6695C797,0
$3FC26710E47B8839,3FD1C1F8E9D8CCE7,4000641336F4CF7E,0
$3FC71134DD153435,3FD056E2C735EDEC,40017BD03A9EBB31,0
$3FCB4D581C9C3EB7,3FCD3BC2A1549B4D,4002938D3E48A6E6,0
$3FCF07489B1C898D,3FC93E572E4735E8,4003AB4A41F2929R,0
$3FD116A09A17E635,3FC4C88A266525BA,4004C307459C7E4C,0
$3FD2581F3275C016,3FBFDF411B1E6DDB,4005DAC4494669FR,0
$3FD34222F2663C95,3FB595701876DD87,4006F2814CF055B1,0
$3FD3D04FE218A84,3FA5C962CD6BE2CA,40080A3E509A4165,0
$3FD4,0,400921FB54442D18,0
5 177 27
5 178 18
5 179 40
5 180 41
5 181 0
5 182 0
4 171 ->
5 172 40
5 173 24
5 174 0
5 175 [2]
$1,-1
5 176 [24][4]
$3FD4,0,400921FB54442D18,0
$3FD3D04FE218A84,BFA5C962CD6BE2CA,400A39B857EE18CB,0
$3FD34222F2663C96,BFB595701876DD7D,400B51755B98047E,0
$3FD2581F3275C016,BFBFDF411B1E6DDB,400C69325F41F031,0
$3FD116A09A17E635,BFC4C88A266525BA,400D80EF62EBDBE4,0
$3FCF07489B1C898A,BFC93E572E4735EC,400E98AC6695C798,0
$3FCB4D581C9C3EB4,BFCD3BC2A1549B5,400FB0696A3FB34B,0
$3FC71134DD153438,BFD056E2C735EDEA,4010641336F4CF7F,0
$3FC26710E47B8839,BFD1C1F8E9D8CCE7,4010EFF1B8C9C559,0
$3FBACA559EFDB95R,BFD2D8603C5FFB95,40117BD03A9EBB32,0
$3FB046C77632D94B,BFD394E9186C976A,401207AEBC73B10C,0
$3F95D66B230070B9,BFD3F41068BE475D,4012938D3E48A6E5,0
$BF95D66B230070B9,BFD3F41068BE475D,40131F6BC01D9CBF,0
$BFB046C77632D948,BFD394E9186C976A,4013AB4A41F29298,0
$BFBACA559EFDB95R,BFD2D8603C5FFB95,40143728C3C78872,0
$BFC26710E47B8841,BFD1C1F8E9D8CCE4,4014C307459C7E4C,0
$BFC71134DD153431,BFD056E2C735EDED,40154EE5C7717424,0
$BFCB4D581C9C3EB,BFCD3BC2A1549B54,4015DAC4494669FE,0
$BFCF07489B1C898A,BFC93E572E4735EC,401666A2CB1B5FD8,0
$BFD116A09A17E635,BFC4C88A266525BA,4016F2814CF055B2,0
$BFD2581F3275C015,BFBFDF411B1E6DE5,40177E5FCEC54B8B,0
$BFD34222F2663C94,BFB595701876DD9,40180A3E509A4164,0
$BFD3D04FE218A84,BFA5C962CD6BE2DE,4018961CD26F373E,0
$BFD4,0,401921FB54442D18,0
5 177 27
5 178 20
5 179 39
5 180 42
5 181 0
5 182 0
4 171 ->
5 172 41
5 173 24
5 174 1
5 175 [2]
$1,-1
5 176 [2][4]
$2*0,401921FB54442D18,0
$0,3FC3B645A1CAC083,401921FB54442D18,3FC3B645A1CAC083
5 177 18
5 178 20
5 179 16
5 180 40
5 181 0
5 182 0
4 171 ->
5 172 42
5 173 24
5 174 1
5 175 [2]
$1,-1
5 176 [2][4]
$400921FB54442D18,0,400921FB54442D18,0
$400921FB54442D18,3FC3B645A1CAC083,400921FB54442D18,3FC3B645A1CAC083
5 177 20
5 178 18
5 179 17
5 180 39
5 181 0
5 182 0
2 84 NULL
2 85 ->
2 86 ->
3 87 [4][3]
$BFF,2*0
$0,3FF,0
$2*0,BFF
$3*0
3 88 [1]
4 88 ->
5 89 1853
5 90 0
5 91 6
5 92 -1
5 93 -1
5 94 -1
5 95 0
5 96 0
5 97 0
5 98 [1]
6 98 ->
7 99 6
7 104 ->
8 105 [1]
9 105 -100
3 106 -1
3 107 0
3 108 [1]
4 108 
5 109 1
5 110 0
5 111 [4][3]
$BFF,2*0
$0,3FF,0
$2*0,BFF
$3*0
2 112 NULL
2 113 27
2 183 [1]
3 183 
4 184 2
4 185 S2D0002
4 186 ->
5 187 S2D0002
5 188 [2]
6 188 
7 189 10
7 190 [3]
$3*0
7 191 [2]
$2*0
7 192 0
7 193 0
7 194 0
7 195 0
7 196 0
7 197 
7 198 
8 199 0
8 200 -1
6 188 
7 189 32771
7 190 [3]
$-1,2*0
7 191 [2]
$1,2
7 192 0
7 193 0
7 194 1
7 195 1
7 196 1
7 197 
7 198 
8 199 0
8 200 -1
5 202 [2]
6 202 
7 203 42
7 204 0
7 205 0
7 206 0
7 207 [2]
7 208 [2]
7 209 0
7 210 0
7 211 
8 212 [2]
$2*0
7 213 [2]
8 213 
9 214 1
9 215 3
9 216 [2]
$2*-1
8 213 
9 214 0
9 215 3
9 216 [2]
$2*-1
6 202 
7 203 4
7 204 3FD6147AE147AE14
7 205 0
7 206 0
7 207 [2]
7 208 [2]
7 209 0
7 210 1
7 211 
8 212 [2]
$34,0
7 213 [2]
8 213 
9 214 0
9 215 -1
9 216 [2]
$2*-1
8 213 
9 214 0
9 215 -1
9 216 [2]
$2*-1
5 217 [1]
6 217 
7 218 -1
7 219 0
7 220 [4]
$4*0
7 221 [4]
$4*0
7 222 [4]
$4*3FF
7 223 1
7 224 1
7 225 14
5 226 [1]
6 226 0
5 227 -1
5 228 NULL
5 229 3
5 230 1
5 231 ->
6 232 0
6 233 0
6 234 0
5 235 ->
6 236 3FD323E715279828
6 237 0
6 238 0
5 239 ->
6 240 NULL
5 241 1
5 242 [2]
6 242 
7 243 0
6 242 
7 243 0
4 244 ->
5 245 7
5 246 S2D0002
5 247 1
5 248 -1
5 249 NULL
5 250 -1
5 251 26
5 252 -1
5 253 [1]
6 253 
7 254 13
7 255 6
7 256 -1
7 257 1
7 258 1
@save_entity_ptr(arc) 278 0
7 278 ->
@type 279 1
8 279 32771
@id 280 1
8 280 -1
@gen_info 281 0
8 281 
@center 282 2
8 282 [3]
$3*0
@radius 283 2
8 283 3FD4
@end1 284 2
8 284 [3]
$3FD4,2*0
@end2 285 2
8 285 [3]
$BFD4,2*0
@t0 286 2
8 286 0
@t1 287 2
8 287 400921FB54442D18
@back_entity_ptr(arc) 288 0
7 288 ->
8 279 32771
8 280 -1
8 281 
8 282 [3]
$3*0
8 283 3FD4
8 284 [3]
$3FD4,2*0
8 285 [3]
$BFD4,2*0
8 286 0
8 287 400921FB54442D18
4 266 [2]
5 266 
6 267 0
6 268 2
5 266 
6 267 0
6 268 4
4 269 [2]
$7,8
4 270 0
4 271 -1
4 272 [1]
5 272 
6 273 2
6 274 -100
4 275 0
4 276 BFF
4 277 NULL
2 114 -1
2 115 NULL
2 116 NULL
2 152 [2]
$9,25
2 117 ->
@next_srf 289 0
3 289 [2]
4 289 
@p_srf 290 1
5 290 12
@next_geom_ptr 291 1
5 291 15
4 289 
5 290 20
5 291 0
@bnd_type 292 0
3 292 [3]
4 292 
@p_srf 293 1
5 293 12
@boundary_type 294 1
5 294 0
4 292 
5 293 18
5 294 1
4 292 
5 293 20
5 294 1
@contours 295 0
3 295 [2]
4 295 
@p_srf 296 1
5 296 18
@start_crv_arr 297 11
5 297 [1]
6 297 13
4 295 
5 296 20
5 297 [1]
6 297 14
@next_crv 298 0
3 298 [4]
4 298 
@p_crv 299 1
5 299 16
@next_crv 300 11
5 300 [2]
$17,21
4 298 
5 299 17
5 300 [2]
$16,19
4 298 
5 299 19
5 300 [2]
$16,14
4 298 
5 299 21
5 300 [2]
$17,13
3 118 12
3 119 0
3 120 [2][3]
$2*BFD4,0
$2*3FD4,3FC3B645A1CAC083
3 121 3FEF1CD9CCEEF239
3 122 NULL
3 123 -1
2 124 -1
2 125 NULL
2 126 -1
2 127 NULL
1 128 ->
2 37 43
2 38 1
2 39 ->
3 40 1
3 41 911
3 42 NULL
3 43 1
3 44 [3]
$3*0
3 45 3
3 46 991
3 47 -1
3 48 ->
4 49 0
4 50 1052672
4 51 -1
4 52 970
4 53 -1
4 54 -1
4 55 0
4 56 0
4 57 0
4 58 0
3 59 0
2 60 -1
2 61 no_name
2 62 2
2 153 ->
3 154 16395
3 155 55
3 156 
3 157 51
3 158 [3]
$2*0,3FC3B645A1CAC083
3 159 [3]
$3FC,0,3FC3B645A1CAC083
2 153 ->
3 154 16397
3 155 56
3 156 
3 157 51
3 158 [3]
$2*0,3FC3B645A1CAC083
3 159 [3]
$2*0,BFA5810624DD2F1C
2 139 ->
3 140 19
3 141 A_3
3 142 1
3 143 [3]
$3*0
3 144 -1
3 145 32
3 146 BFF
3 147 BFF
3 148 
3 149 BFF
2 63 ->
3 64 [4][4]
$45,204,2*0
$48,203,2*0
$51,200,2*0
$53,200,-1,0
3 160 [12][6]
$46,221,3*0,51
$47,221,-1,2*0,53
$49,222,3*0,48
$50,222,-1,2*0,48
$52,220,3*0,53
$54,220,-1,2*0,51
$57,226,15,51,0,51
$58,226,15,53,0,53
$59,223,30,51,0,30
$60,223,30,53,0,30
$61,224,52,2*0,53
$62,224,54,2*0,51
3 150 [2]
4 150 
5 151 [5]
$55,530,51,-1,500
4 150 
5 151 [5]
$56,531,51,-1,500
@par_id_tab 301 1
3 301 [1]
4 301 9
3 65 NULL
3 66 [23]
$2*-1,-1025,-2049,2*-1,-16777217,-1,134217727,5*0,2097152,0,2,3*0,1048576,
$2*0
3 67 NULL
3 68 ->
4 69 0
4 70 0
2 71 
3 72 [4]
4 72 ->
5 73 34
5 74 45
5 75 43
5 76 -1
5 77 [2][2]
$BFC,BFC00518C1B54432
$3FC,3FC00518C1B54432
5 78 ->
6 79 [4][3]
$BFF,2*0
$0,3FF,0
$2*0,BFF
$2*0,3FC3B645A1CAC083
5 80 ->
6 164 46
6 165 1
6 166 [2][2]
$BFC,BFC00518C1B54432
$3FC,3FC00518C1B54432
5 167 NULL
5 81 48
5 82 1
5 83 [2][3]
$BFC,BFC00518C1B54432,3FC3B645A1CAC083
$3FC,3FC00518C1B54432,3FC3B645A1CAC083
4 72 ->
5 73 34
5 74 48
5 75 43
5 76 -1
5 77 [2][2]
$BFC,BFC00518C1B54432
$3FC,3FC00518C1B54432
5 78 ->
6 79 [4][3]
$BFF,2*0
$0,3FF,0
$2*0,BFF
$2*0,BFAF8A0902DE00D4
5 80 ->
6 164 49
6 165 1
6 166 [2][2]
$BFC,BFC00518C1B54432
$3FC,3FC00518C1B54432
5 167 NULL
5 81 0
5 82 -1
5 83 [2][3]
$BFC,BFC00518C1B54432,BFAF8A0902DE00D4
$3FC,3FC00518C1B54432,BFAF8A0902DE00D4
4 72 ->
5 73 36
5 74 51
5 75 43
5 76 0
5 77 [2][2]
$2*0
$400921FB54442D18,3FC916872B020C4A
5 168 ->
6 169 [4][3]
$BFF,2*0
$0,3FF,0
$2*0,BFF
$2*0,3FC3B645A1CAC083
6 170 3FC
5 80 ->
6 164 57
6 165 1
6 166 [2][2]
$2*0
$400921FB54442D18,3FC916872B020C4A
5 167 NULL
5 81 53
5 82 -1
5 83 [2][3]
$BFC,0,BFA5810624DD2F1C
$2*3FC,3FC3B645A1CAC083
4 72 ->
5 73 36
5 74 53
5 75 43
5 76 0
5 77 [2][2]
$400921FB54442D18,0
$401921FB54442D18,3FC916872B020C4A
5 168 ->
6 169 [4][3]
$BFF,2*0
$0,3FF,0
$2*0,BFF
$2*0,3FC3B645A1CAC083
6 170 3FC
5 80 ->
6 164 58
6 165 1
6 166 [2][2]
$400921FB54442D18,0
$401921FB54442D18,3FC916872B020C4A
5 167 NULL
5 81 0
5 82 -1
5 83 [2][3]
$2*BFC,BFA5810624DD2F1C
$3FC,0,3FC3B645A1CAC083
3 171 [12]
4 171 ->
5 172 46
5 173 43
5 174 0
5 175 [2]
$-1,1
5 176 [18][4]
$3FC,3*0
$3FBF7484007FAEF3,3F97851AACD6C6B4,3FC7A78322220C53,0
$3FBDD6D000370991,3FA71E955D8E7CDR,3FD7A78322220C53,0
$3FBB34FA910EA3BA,3FB0D8884363DD8,3FE1BDA25999893E,0
$3FB7A5F6075D4884,3FB58EEA2A9D6DA3,3FE7A78322220C53,0
$3FB348C86ED5F1BA,3FB9895B6C9A05F6,3FED9163EAAA8F68,0
$3FAC86FA2B2883CE,3FBCA52D7C9E640B,3FF1BDA25999893E,0
$3FA183B1C61F0D02,3FBEC746923C349F,3FF4B292BDDDCAC8,0
$3F879EE63259B75B,3FBFDD0DEB564B23,3FF7A78322220C53,0
$BF879EE63259B75B,3FBFDD0DEB564B23,3FFA9C7386664DR,0
$BFA183B1C61F0D02,3FBEC746923C349F,3FFD9163EAAA8F68,0
$BFAC86FA2B2883CE,3FBCA52D7C9E640B,4000432A27776879,0
$BFB348C86ED5F1BA,3FB9895B6C9A05F6,4001BDA25999893E,0
$BFB7A5F6075D4883,3FB58EEA2A9D6DA4,4003381A8BBBAA03,0
$BFBB34FA910EA3B8,3FB0D8884363DD81,4004B292BDDDCAC8,0
$BFBDD6D00037099,3FA71E955D8E7CE1,40062D0AEFFFEB8D,0
$BFBF7484007FAEF3,3F97851AACD6C6B1,4007A78322220C53,0
$BFC,0,400921FB54442D18,0
5 177 45
5 178 51
5 179 47
5 180 54
5 181 0
5 182 0
4 171 ->
5 172 47
5 173 43
5 174 0
5 175 [2]
$-1,1
5 176 [18][4]
$BFC,0,400921FB54442D18,0
$BFBF7484007FAEF3,BF97851AACD6C6B1,400A9C7386664DR,0
$BFBDD6D000370991,BFA71E955D8E7CDA,400C16EBB8886EA2,0
$BFBB34FA910EA3B8,BFB0D8884363DD81,400D9163EAAA8F68,0
$BFB7A5F6075D4883,BFB58EEA2A9D6DA4,400F0BDC1CCCB02D,0
$BFB348C86ED5F1BA,BFB9895B6C9A05F6,4010432A27776879,0
$BFAC86FA2B2883C6,BFBCA52D7C9E640C,40110066408878DC,0
$BFA183B1C61F0D02,BFBEC746923C349F,4011BDA25999893E,0
$BF879EE63259B74B,BFBFDD0DEB564B23,40127ADE72AA99A1,0
$3F879EE63259B74B,BFBFDD0DEB564B23,4013381A8BBBAA03,0
$3FA183B1C61F0D02,BFBEC746923C349F,4013F556A4CCBA6R,0
$3FAC86FA2B2883C6,BFBCA52D7C9E640C,4014B292BDDDCAC8,0
$3FB348C86ED5F1BA,BFB9895B6C9A05F6,40156FCED6EEDB2B,0
$3FB7A5F6075D4886,BFB58EEA2A9D6DA1,40162D0AEFFFEB8E,0
$3FBB34FA910EA3B8,BFB0D8884363DD81,4016EA470910FBF,0
$3FBDD6D00037098F,BFA71E955D8E7CE9,4017A78322220C52,0
$3FBF7484007FAEF4,BF97851AACD6C6A1,401864BF3B331CB6,0
$3FC,0,401921FB54442D18,0
5 177 45
5 178 53
5 179 46
5 180 52
5 181 0
5 182 0
4 171 ->
5 172 49
5 173 43
5 174 0
5 175 [2]
$1,-1
5 176 [18][4]
$3FC,2*0,3FCB98C7E28240B8
$3FBF7484007FAEF3,3F97851AACD6C6B4,3FC7A78322220C53,3FCB98C7E28240B8
$3FBDD6D000370991,3FA71E955D8E7CDR,3FD7A78322220C53,3FCB98C7E28240B8
$3FBB34FA910EA3BA,3FB0D8884363DD8,3FE1BDA25999893E,3FCB98C7E28240B8
$3FB7A5F6075D4884,3FB58EEA2A9D6DA3,3FE7A78322220C53,3FCB98C7E28240B8
$3FB348C86ED5F1BA,3FB9895B6C9A05F6,3FED9163EAAA8F68,3FCB98C7E28240B8
$3FAC86FA2B2883CE,3FBCA52D7C9E640B,3FF1BDA25999893E,3FCB98C7E28240B8
$3FA183B1C61F0D02,3FBEC746923C349F,3FF4B292BDDDCAC8,3FCB98C7E28240B8
$3F879EE63259B75B,3FBFDD0DEB564B23,3FF7A78322220C53,3FCB98C7E28240B8
$BF879EE63259B75B,3FBFDD0DEB564B23,3FFA9C7386664DR,3FCB98C7E28240B8
$BFA183B1C61F0D02,3FBEC746923C349F,3FFD9163EAAA8F68,3FCB98C7E28240B8
$BFAC86FA2B2883CE,3FBCA52D7C9E640B,4000432A27776879,3FCB98C7E28240B8
$BFB348C86ED5F1BA,3FB9895B6C9A05F6,4001BDA25999893E,3FCB98C7E28240B8
$BFB7A5F6075D4883,3FB58EEA2A9D6DA4,4003381A8BBBAA03,3FCB98C7E28240B8
$BFBB34FA910EA3B8,3FB0D8884363DD81,4004B292BDDDCAC8,3FCB98C7E28240B8
$BFBDD6D00037099,3FA71E955D8E7CE1,40062D0AEFFFEB8D,3FCB98C7E28240B8
$BFBF7484007FAEF3,3F97851AACD6C6B1,4007A78322220C53,3FCB98C7E28240B8
$BFC,0,400921FB54442D18,3FCB98C7E28240B8
5 177 48
5 178 51
5 179 50
5 180 52
5 181 0
5 182 0
4 171 ->
5 172 50
5 173 43
5 174 0
5 175 [2]
$1,-1
5 176 [18][4]
$BFC,0,400921FB54442D18,3FCB98C7E28240B8
$BFBF7484007FAEF3,BF97851AACD6C6B1,400A9C7386664DR,3FCB98C7E28240B8
$BFBDD6D000370991,BFA71E955D8E7CDA,400C16EBB8886EA2,3FCB98C7E28240B8
$BFBB34FA910EA3B8,BFB0D8884363DD81,400D9163EAAA8F68,3FCB98C7E28240B8
$BFB7A5F6075D4883,BFB58EEA2A9D6DA4,400F0BDC1CCCB02D,3FCB98C7E28240B8
$BFB348C86ED5F1BA,BFB9895B6C9A05F6,4010432A27776879,3FCB98C7E28240B8
$BFAC86FA2B2883C6,BFBCA52D7C9E640C,40110066408878DC,3FCB98C7E28240B8
$BFA183B1C61F0D02,BFBEC746923C349F,4011BDA25999893E,3FCB98C7E28240B8
$BF879EE63259B74B,BFBFDD0DEB564B23,40127ADE72AA99A1,3FCB98C7E28240B8
$3F879EE63259B74B,BFBFDD0DEB564B23,4013381A8BBBAA03,3FCB98C7E28240B8
$3FA183B1C61F0D02,BFBEC746923C349F,4013F556A4CCBA6R,3FCB98C7E28240B8
$3FAC86FA2B2883C6,BFBCA52D7C9E640C,4014B292BDDDCAC8,3FCB98C7E28240B8
$3FB348C86ED5F1BA,BFB9895B6C9A05F6,40156FCED6EEDB2B,3FCB98C7E28240B8
$3FB7A5F6075D4886,BFB58EEA2A9D6DA1,40162D0AEFFFEB8E,3FCB98C7E28240B8
$3FBB34FA910EA3B8,BFB0D8884363DD81,4016EA470910FBF,3FCB98C7E28240B8
$3FBDD6D00037098F,BFA71E955D8E7CE9,4017A78322220C52,3FCB98C7E28240B8
$3FBF7484007FAEF4,BF97851AACD6C6A1,401864BF3B331CB6,3FCB98C7E28240B8
$3FC,0,401921FB54442D18,3FCB98C7E28240B8
5 177 48
5 178 53
5 179 49
5 180 54
5 181 0
5 182 0
4 171 ->
5 172 52
5 173 43
5 174 1
5 175 [2]
$-1,1
5 176 [2][4]
$2*0,401921FB54442D18,0
$0,3FCB98C7E28240B8,401921FB54442D18,3FCB98C7E28240B8
5 177 51
5 178 53
5 179 0
5 180 0
5 181 0
5 182 0
4 171 ->
5 172 54
5 173 43
5 174 1
5 175 [2]
$-1,1
5 176 [2][4]
$400921FB54442D18,0,400921FB54442D18,0
$400921FB54442D18,3FCB98C7E28240B8,400921FB54442D18,3FCB98C7E28240B8
5 177 53
5 178 51
5 179 0
5 180 0
5 181 0
5 182 0
4 171 ->
5 172 57
5 173 43
5 174 0
5 175 [2]
$-1,1
5 176 [19][4]
$BFC,3*0
$BFBF838B8C811C17,3F963A1A7E0B738B,3FC657184AE7448R,0
$BFBE11F642522D1B,3FA5E3A8748A0BF6,3FD657184AE7448R,0
$BFBBB67AE8584CAR,3FB,3FE0C152382D736R,0
$BFB8836FA2CF5038,3FB491B7523C161D,3FE657184AE7448R,0
$BFB491B7523C161C,3FB8836FA2CF5039,3FEBECDE5DA115A9,0
$BFB,3FBBB67AE8584CAB,3FF0C152382D736R,0
$BFA5E3A8748A0BF2,3FBE11F642522D1C,3FF38C35418A5BF7,0
$BF963A1A7E0B7383,3FBF838B8C811C18,3FF657184AE7448R,0
$0,3FC,3FF921FB54442D17,0
$3F963A1A7E0B7383,3FBF838B8C811C18,3FFBECDE5DA115A8,0
$3FA5E3A8748A0BE6,3FBE11F642522D1E,3FFEB7C166FDFE36,0
$3FB,3FBBB67AE8584CAB,4000C152382D7365,0
$3FB491B7523C161D,3FB8836FA2CF5038,400226C3BCDBE7AE,0
$3FB8836FA2CF5036,3FB491B7523C162,40038C35418A5BF5,0
$3FBBB67AE8584CA9,3FB,4004F1A6C638D03E,0
$3FBE11F642522D1D,3FA5E3A8748A0BEF,400657184AE7448R,0
$3FBF838B8C811C18,3F963A1A7E0B7383,4007BC89CF95B8D,0
$3FC,0,400921FB54442D18,0
5 177 15
5 178 51
5 179 58
5 180 62
5 181 0
5 182 0
4 171 ->
5 172 58
5 173 43
5 174 0
5 175 [2]
$-1,1
5 176 [19][4]
$3FC,0,400921FB54442D18,0
$3FBF838B8C811C18,BF963A1A7E0B7386,400A876CD8F2A16,0
$3FBE11F642522D1B,BFA5E3A8748A0BF8,400BECDE5DA115A9,0
$3FBBB67AE8584CA9,BFB,400D524FE24F89F2,0
$3FB8836FA2CF5038,BFB491B7523C161E,400EB7C166FDFE3A,0
$3FB491B7523C161C,BFB8836FA2CF5038,40100E9975D63941,0
$3FB,BFBBB67AE8584CAD,4010C152382D736R,0
$3FA5E3A8748A0BEF,BFBE11F642522D1D,4011740AFA84AD8A,0
$3F963A1A7E0B7383,BFBF838B8C811C18,401226C3BCDBE7AE,0
$0,BFC,4012D97C7F3321D2,0
$BF963A1A7E0B73A8,BFBF838B8C811C16,40138C35418A5BF7,0
$BFA5E3A8748A0BFE,BFBE11F642522D1A,40143EEE03E1961B,0
$BFB,BFBBB67AE8584CA8,4014F1A6C638D03F,0
$BFB491B7523C1618,BFB8836FA2CF503D,4015A45F88900A62,0
$BFB8836FA2CF5038,BFB491B7523C161D,401657184AE74487,0
$BFBBB67AE8584CA9,BFB,401709D10D3E7EAB,0
$BFBE11F642522D1D,BFA5E3A8748A0BEF,4017BC89CF95B8D,0
$BFBF838B8C811C18,BF963A1A7E0B7383,40186F4291ECF2F4,0
$BFC,0,401921FB54442D18,0
5 177 15
5 178 53
5 179 57
5 180 61
5 181 0
5 182 0
4 171 ->
5 172 59
5 173 43
5 174 0
5 175 [2]
$1,-1
5 176 [19][4]
$3FC,2*0,3FC916872B020C4A
$3FBF838B8C811C17,3F963A1A7E0B738B,3FC657184AE7448R,3FC916872B020C4A
$3FBE11F642522D1B,3FA5E3A8748A0BF6,3FD657184AE7448R,3FC916872B020C4A
$3FBBB67AE8584CAR,3FB,3FE0C152382D736R,3FC916872B020C4A
$3FB8836FA2CF5038,3FB491B7523C161D,3FE657184AE7448R,3FC916872B020C4A
$3FB491B7523C161C,3FB8836FA2CF5039,3FEBECDE5DA115A9,3FC916872B020C4A
$3FB,3FBBB67AE8584CAB,3FF0C152382D736R,3FC916872B020C4A
$3FA5E3A8748A0BF2,3FBE11F642522D1C,3FF38C35418A5BF7,3FC916872B020C4A
$3F963A1A7E0B7383,3FBF838B8C811C18,3FF657184AE7448R,3FC916872B020C4A
$0,3FC,3FF921FB54442D17,3FC916872B020C4A
$BF963A1A7E0B7383,3FBF838B8C811C18,3FFBECDE5DA115A8,3FC916872B020C4A
$BFA5E3A8748A0BE6,3FBE11F642522D1E,3FFEB7C166FDFE36,3FC916872B020C4A
$BFB,3FBBB67AE8584CAB,4000C152382D7365,3FC916872B020C4A
$BFB491B7523C161D,3FB8836FA2CF5038,400226C3BCDBE7AE,3FC916872B020C4A
$BFB8836FA2CF5036,3FB491B7523C162,40038C35418A5BF5,3FC916872B020C4A
$BFBBB67AE8584CA9,3FB,4004F1A6C638D03E,3FC916872B020C4A
$BFBE11F642522D1D,3FA5E3A8748A0BEF,400657184AE7448R,3FC916872B020C4A
$BFBF838B8C811C18,3F963A1A7E0B7383,4007BC89CF95B8D,3FC916872B020C4A
$BFC,0,400921FB54442D18,3FC916872B020C4A
5 177 30
5 178 51
5 179 60
5 180 61
5 181 0
5 182 0
4 171 ->
5 172 60
5 173 43
5 174 0
5 175 [2]
$1,-1
5 176 [19][4]
$BFC,0,400921FB54442D18,3FC916872B020C4A
$BFBF838B8C811C18,BF963A1A7E0B7383,400A876CD8F2A16,3FC916872B020C4A
$BFBE11F642522D1B,BFA5E3A8748A0BF6,400BECDE5DA115A9,3FC916872B020C4A
$BFBBB67AE8584CA9,BFB,400D524FE24F89F2,3FC916872B020C4A
$BFB8836FA2CF5038,BFB491B7523C161D,400EB7C166FDFE3A,3FC916872B020C4A
$BFB491B7523C161D,BFB8836FA2CF5038,40100E9975D63941,3FC916872B020C4A
$BFB,BFBBB67AE8584CAD,4010C152382D736R,3FC916872B020C4A
$BFA5E3A8748A0BF,BFBE11F642522D1D,4011740AFA84AD8A,3FC916872B020C4A
$BF963A1A7E0B7383,BFBF838B8C811C18,401226C3BCDBE7AE,3FC916872B020C4A
$0,BFC,4012D97C7F3321D2,3FC916872B020C4A
$3F963A1A7E0B73A2,BFBF838B8C811C16,40138C35418A5BF7,3FC916872B020C4A
$3FA5E3A8748A0BFC,BFBE11F642522D1A,40143EEE03E1961B,3FC916872B020C4A
$3FB,BFBBB67AE8584CA9,4014F1A6C638D03F,3FC916872B020C4A
$3FB491B7523C1617,BFB8836FA2CF503E,4015A45F88900A62,3FC916872B020C4A
$3FB8836FA2CF5037,BFB491B7523C161E,401657184AE74487,3FC916872B020C4A
$3FBBB67AE8584CA8,BFB,401709D10D3E7EAB,3FC916872B020C4A
$3FBE11F642522D1D,BFA5E3A8748A0BEF,4017BC89CF95B8D,3FC916872B020C4A
$3FBF838B8C811C18,BF963A1A7E0B7383,40186F4291ECF2F4,3FC916872B020C4A
$3FC,0,401921FB54442D18,3FC916872B020C4A
5 177 30
5 178 53
5 179 59
5 180 62
5 181 0
5 182 0
4 171 ->
5 172 61
5 173 43
5 174 1
5 175 [2]
$-1,1
5 176 [2][4]
$2*0,401921FB54442D18,0
$0,3FC916872B020C4A,401921FB54442D18,3FC916872B020C4A
5 177 51
5 178 53
5 179 57
5 180 60
5 181 0
5 182 0
4 171 ->
5 172 62
5 173 43
5 174 1
5 175 [2]
$-1,1
5 176 [2][4]
$400921FB54442D18,0,400921FB54442D18,0
$400921FB54442D18,3FC916872B020C4A,400921FB54442D18,3FC916872B020C4A
5 177 53
5 178 51
5 179 58
5 180 59
5 181 0
5 182 0
2 84 NULL
2 85 ->
2 86 ->
3 87 [4][3]
$BFF,2*0
$0,3FF,0
$2*0,BFF
$2*0,3FC3B645A1CAC083
3 88 [2]
4 88 ->
5 89 5
5 90 0
5 91 -1
5 92 -1
5 93 15
5 94 45
5 95 0
5 96 0
5 97 0
5 98 [2]
6 98 ->
7 99 1
7 100 ->
8 101 -4
8 102 5
8 103 0
6 98 ->
7 99 6
7 104 ->
8 105 [1]
9 105 -100
4 88 ->
5 89 47
5 90 0
5 91 -1
5 92 -1
5 93 23
5 94 45
5 95 0
5 96 0
5 97 0
5 98 [2]
6 98 ->
7 99 1
7 100 ->
8 101 -4
8 102 5
8 103 0
6 98 ->
7 99 6
7 104 ->
8 105 [1]
9 105 -100
3 106 -1
3 107 0
3 108 [1]
4 108 
5 109 12
5 110 0
5 111 [4][3]
$BFF,2*0
$0,3FF,0
$2*0,BFF
$2*0,3FC3B645A1CAC083
2 112 NULL
2 113 45
2 114 -1
2 115 NULL
2 116 NULL
2 152 [1]
3 152 9
2 117 ->
3 289 [1]
4 289 
5 290 35
5 291 0
3 295 [2]
4 295 
5 296 15
5 297 [1]
6 297 16
4 295 
5 296 30
5 297 [1]
6 297 31
3 118 15
3 119 0
3 120 [2][3]
$BFD6147AE147AE14,BFD6185F918F3649,BFA5810624DD2F1B
$3FD6147AE147AE14,3FD6185F918F3649,3FC3B645A1CAC083
3 121 3FEFDC2C0ED4FE1B
3 122 NULL
3 123 -1
2 124 -1
2 125 NULL
2 126 -1
2 127 NULL
1 128 NULL
@assem_mass_prop_ptr 302 0
1 302 NULL
@mass_prop_ptr 303 0
1 303 ->
@type 304 1
2 304 0
@density 305 2
2 305 0
@init_dens 306 5
2 306 0
@rel_density 307 2
2 307 0
@init_rel_dens 308 5
2 308 0
@aver_density 309 2
2 309 0
@vrevnum 310 1
2 310 -1
@volume 311 2
2 311 0
@cg 312 2
2 312 [3]
$3*0
@inertia 313 2
2 313 [3][3]
$3*0
$3*0
$3*0
@eps 314 2
2 314 0
@surfarea 315 2
2 315 0
@assign_mp_ptr 316 0
1 316 NULL
@tol_default_ptr 317 0
1 317 ->
@type 318 1
2 318 10
@value 319 2
2 319 [7]
$0,3FB9R,3F847AE147AE147B,3F50624DD2F1A9FC,3F1A36E2EB1C432D,
$3EE4F8B588E368F1,3EB0C6F7A0B5ED8E
@ang_value 320 2
2 320 [7]
$0,6*3FE
@standard 321 1
2 321 0
@iso_tol_tbls_ptr 322 0
2 322 NULL
@first_xsec_ptr 323 0
1 323 NULL
@datum_count 324 1
1 324 0
@axis_count 325 1
1 325 3
@insert_layer_id 326 1
1 326 -1
@layer_count 327 1
1 327 1
@layer_list 328 0
1 328 [9]
2 328 
@feat_id 329 1
3 329 1
@layer_id 330 1
3 330 0
@back_layer_id 331 1
3 331 0
2 328 
3 329 3
3 330 0
3 331 0
2 328 
3 329 5
3 330 0
3 331 0
2 328 
3 329 7
3 330 0
3 331 0
2 328 
3 329 10
3 330 0
3 331 0
2 328 
3 329 9
3 330 0
3 331 0
2 328 
3 329 25
3 330 0
3 331 0
2 328 
3 329 24
3 330 0
3 331 0
2 328 
3 329 43
3 330 0
3 331 0
@lang_ptr 332 0
1 332 NULL
@first_csys_ptr 333 0
1 333 NULL
@color_prop_ptr 334 0
1 334 NULL
@fem_data 335 0
1 335 NULL
@rel_part_eps 336 2
1 336 3F53A92A30553261
@names_table 337 0
1 337 [4]
2 337 ->
@id 338 1
3 338 2
@type 339 1
3 339 5
@name 340 10
3 340 DTM1
2 337 ->
3 338 4
3 339 5
3 340 DTM2
2 337 ->
3 338 6
3 339 5
3 340 DTM3
2 337 ->
3 338 8
3 339 25
3 340 CS0
@drv_tbl_ptr 341 0
1 341 NULL
@assembled_count 342 1
1 342 0
@part_type 343 1
1 343 1
@mat_name_ptr 344 10
1 344 NULL
@first_ent_id 345 1
1 345 523072
@first_view_id 346 1
1 346 0
@outline 347 2
1 347 [2][3]
$BFD6147AE147AE14,BFD6185F918F3649,BFA5810624DD2F1C
$3FD6147AE147AE14,3FD6185F918F3649,3FC3B645A1CAC083
@dim_num 348 1
1 348 10
@dim_array 349 0
1 349 [10]
2 349 ->
@type 350 1
3 350 8
@dim_type 351 1
3 351 62
@feat_id 352 1
3 352 9
@attributes 353 1
3 353 385
@dim_dat_ptr 354 0
3 354 ->
@value 355 2
4 355 3FC3B645A1CAC083
@bck_value 356 2
4 356 3FC3B645A1CAC083
@tol_ptr 357 0
4 357 ->
@type 358 1
5 358 9
@tol_type 359 1
5 359 3
@dual_digits_diff 360 1
5 360 999
@value 361 2
5 361 [2]
$2*3F847AE147AE147B
@nominal_value 362 2
4 362 3FC3B645A1CAC083
@bound 363 1
4 363 20
@bck_bound 364 1
4 364 -1
@bck_tol_ptr 365 0
4 365 ->
@value 366 2
5 366 [2]
$2*3F847AE147AE147B
@datum_def_id 367 1
4 367 -1
@places_denom 368 1
4 368 3
@bck_places_denom 369 1
4 369 2
@dim_data_attrib 370 1
4 370 0
@dim_cosm_ptr 371 0
3 371 ->
@d0 372 2
4 372 0
@d1 373 2
4 373 0
@d2 374 2
4 374 0
@d3 375 2
4 375 0
@ord_info 376 0
4 376 NULL
@attach_ptr 377 0
3 377 NULL
@dim_text_ptr 378 0
3 378 ->
@symbol 379 10
4 379 d0
@parent_dim_id 380 1
3 380 -1
2 349 ->
3 350 8
3 351 42
3 352 9
3 353 32
3 354 ->
4 355 0
4 356 0
4 357 ->
5 358 9
5 359 3
5 360 999
5 361 [2]
$2*3F847AE147AE147B
4 362 0
4 363 20
4 364 -1
4 365 ->
5 366 [2]
$2*3F847AE147AE147B
4 367 -1
4 368 3
4 369 2
4 370 0
3 371 ->
4 372 0
4 373 0
4 374 0
4 375 0
4 376 NULL
3 377 NULL
3 378 ->
4 379 d1
3 380 -1
2 349 ->
3 350 8
3 351 42
3 352 9
3 353 32
3 354 ->
4 355 0
4 356 0
4 357 ->
5 358 9
5 359 3
5 360 999
5 361 [2]
$2*3F847AE147AE147B
4 362 0
4 363 20
4 364 -1
4 365 ->
5 366 [2]
$2*3F847AE147AE147B
4 367 -1
4 368 3
4 369 2
4 370 0
3 371 ->
4 372 0
4 373 0
4 374 0
4 375 0
4 376 NULL
3 377 NULL
3 378 ->
4 379 d2
3 380 -1
2 349 ->
3 350 8
3 351 42
3 352 9
3 353 32
3 354 ->
4 355 0
4 356 0
4 357 ->
5 358 9
5 359 3
5 360 999
5 361 [2]
$2*3F847AE147AE147B
4 362 0
4 363 20
4 364 -1
4 365 ->
5 366 [2]
$2*3F847AE147AE147B
4 367 -1
4 368 3
4 369 2
4 370 0
3 371 ->
4 372 0
4 373 0
4 374 0
4 375 0
4 376 NULL
3 377 NULL
3 378 ->
4 379 d3
3 380 -1
2 349 ->
3 350 8
3 351 42
3 352 9
3 353 32
3 354 ->
4 355 0
4 356 0
4 357 ->
5 358 9
5 359 3
5 360 999
5 361 [2]
$2*3F847AE147AE147B
4 362 0
4 363 20
4 364 -1
4 365 ->
5 366 [2]
$2*3F847AE147AE147B
4 367 -1
4 368 3
4 369 2
4 370 0
3 371 ->
4 372 0
4 373 0
4 374 0
4 375 0
4 376 NULL
3 377 NULL
3 378 ->
4 379 d4
3 380 -1
2 349 ->
3 350 8
3 351 4
3 352 9
3 353 289
3 354 ->
4 355 3FE4
4 356 3FE4
4 357 ->
5 358 9
5 359 3
5 360 999
5 361 [2]
$2*3F847AE147AE147B
4 362 3FE4
4 363 20
4 364 -1
4 365 ->
5 366 [2]
$2*3F847AE147AE147B
4 367 -1
4 368 3
4 369 2
4 370 0
3 371 ->
4 372 3FD4
4 373 C03FD40A1F43AD52
4 374 3F9E682AAFF70D2
4 375 403B1EDB6DB6DB7
4 376 NULL
3 377 NULL
3 378 ->
4 379 d5
@line_array 381 0
4 381 [1]
5 381 
@text_array 382 0
6 382 [2]
7 382 
@text_type 383 1
8 383 54
@text_value 384 10
8 384 n
@txt_attrib 385 1
8 385 16777217
@owner_id 386 1
8 386 5
@part_id 387 1
8 387 29
@height 388 2
8 388 BFF
@width_factor 389 2
8 389 BFF
@format_info 390 0
8 390 
@thickness 391 2
8 391 BFF
7 382 
8 383 61
8 384 
8 385 16777217
8 386 5
8 387 29
8 388 BFF
8 389 BFF
8 390 
8 391 BFF
3 380 -1
2 349 ->
3 350 8
3 351 62
3 352 24
3 353 385
3 354 ->
4 355 3FA5810624DD2F1B
4 356 3FA5810624DD2F1B
4 357 ->
5 358 9
5 359 3
5 360 999
5 361 [2]
$2*3F847AE147AE147B
4 362 3FA5810624DD2F1B
4 363 20
4 364 -1
4 365 ->
5 366 [2]
$2*3F847AE147AE147B
4 367 -1
4 368 3
4 369 2
4 370 0
3 371 ->
4 372 0
4 373 0
4 374 0
4 375 0
4 376 NULL
3 377 NULL
3 378 ->
4 379 d6
3 380 -1
2 349 ->
3 350 8
3 351 42
3 352 24
3 353 32
3 354 ->
4 355 0
4 356 0
4 357 ->
5 358 9
5 359 3
5 360 999
5 361 [2]
$2*3F847AE147AE147B
4 362 0
4 363 20
4 364 -1
4 365 ->
5 366 [2]
$2*3F847AE147AE147B
4 367 -1
4 368 3
4 369 2
4 370 0
3 371 ->
4 372 0
4 373 0
4 374 0
4 375 0
4 376 NULL
3 377 NULL
3 378 ->
4 379 d7
3 380 -1
2 349 ->
3 350 8
3 351 4
3 352 24
3 353 289
3 354 ->
4 355 3FE6147AE147AE14
4 356 3FE6147AE147AE14
4 357 ->
5 358 9
5 359 3
5 360 999
5 361 [2]
$2*3F847AE147AE147B
4 362 3FE6147AE147AE14
4 363 20
4 364 -1
4 365 ->
5 366 [2]
$2*3F847AE147AE147B
4 367 -1
4 368 3
4 369 2
4 370 0
3 371 ->
4 372 3FD6147AE147AE14
4 373 C04284E93AA37C09
4 374 3FB45FC1E85598F8
4 375 403B1EDB6DB6DB7
4 376 NULL
3 377 NULL
3 378 ->
4 379 d8
4 381 [1]
5 381 
6 382 [2]
7 382 
8 383 54
8 384 n
8 385 16777217
8 386 8
8 387 29
8 388 BFF
8 389 BFF
8 390 
8 391 BFF
7 382 
8 383 61
8 384 
8 385 16777217
8 386 8
8 387 29
8 388 BFF
8 389 BFF
8 390 
8 391 BFF
3 380 -1
2 349 ->
3 350 8
3 351 4
3 352 43
3 353 257
3 354 ->
4 355 3FD
4 356 3FD
4 357 ->
5 358 9
5 359 3
5 360 999
5 361 [2]
$2*3F847AE147AE147B
4 362 3FD
4 363 20
4 364 -1
4 365 ->
5 366 [2]
$2*3F847AE147AE147B
4 367 -1
4 368 2
4 369 2
4 370 0
3 371 ->
4 372 0
4 373 0
4 374 0
4 375 0
4 376 NULL
3 377 NULL
3 378 ->
4 379 d9
4 381 [1]
5 381 
6 382 [2]
7 382 
8 383 54
8 384 n
8 385 16777217
8 386 9
8 387 29
8 388 BFF
8 389 BFF
8 390 
8 391 BFF
7 382 
8 383 61
8 384 
8 385 16777217
8 386 9
8 387 29
8 388 BFF
8 389 BFF
8 390 
8 391 BFF
3 380 -1
@ipar_num 392 1
1 392 0
@relpar_sets 393 0
1 393 [1]
2 393 
@id 394 1
3 394 -1
@type 395 1
3 395 2
@ext_ref_id 396 1
3 396 -1
@relatnum 397 1
3 397 0
@unit_arr 398 0
1 398 [2]
2 398 
@type 399 1
3 399 1
@factor 400 2
3 400 3FF
@name 401 10
3 401 INCH
@unit_type 402 1
3 402 0
2 398 
3 399 2
3 400 3FF
3 401 POUND
3 402 1
@geom_lib_ptr 403 0
1 403 NULL
@first_quilt_ptr 404 1
1 404 0
@attrib_array 405 1
1 405 [3]
$2*0,4
@smt_info_ptr 406 0
1 406 NULL
@cable_info_ptr 407 0
1 407 NULL
@comp_info_ptr 408 0
1 408 NULL
@max_part_size 409 2
1 409 3FEFDC2C0ED4FE1B
@prt_misc_ptr 410 0
1 410 ->
@shrink_data_ptr 411 0
2 411 NULL
@expld_mv_info 412 0
1 412 NULL
@state_info_ptr 413 0
1 413 NULL
@alumni_feats 414 0
1 414 NULL
@model_name 415 10
1 415 BEARING_209
@p_mdl_grid 416 0
1 416 NULL
@mdl_status_ptr 417 0
1 417 NULL
@cfg_states 418 0
1 418 NULL
@disp_outl_info 419 0
1 419 
@disp_outline 420 2
2 420 [2][3]
$BFD6660AAE3A732E,BFD669EF5E81FB63,BFA80D848C7357EB
$3FD6660AAE3A732E,3FD669EF5E81FB63,3FC459653BB04AB7
@ribbon_info_ptr 421 0
1 421 NULL
@p_xref_data 422 0
1 422 ->
@View 423 0
0 423 ->
@id 424 1
1 424 0
@viewattr 425 0
1 425 
@attr_arr 426 1
2 426 [4]
$1,3*0
@mpoint 427 0
1 427 
@id 428 1
2 428 0
@coord 429 2
2 429 [3]
$2*0,3FACAC083126E978
@first_instr_ptr 430 0
2 430 NULL
@attach_ptr 431 0
2 431 NULL
@vpoint 432 0
1 432 
2 428 0
2 429 [3]
$407F4,407A5E,0
2 430 NULL
2 431 NULL
@orient 433 2
1 433 [4][4]
$3FED7954E7DBA2F8,0,3FD8EC3AE92B676B,0
$BFD385CE5246572,3FE3E43A9692E21C,3FE7167619F550A2,0
$BFCEFC077F3F36A6,BFE91103985DA841,3FE25240DD3851BF,0
$3*0,3FF
@local_sys 434 2
1 434 [4][4]
$40895A7F9EEDE403,0,407570470B8C86D1,0
$C070CB1D8F5EA58E,40811C568EB5B621,4083DC2EA12A51EF,0
$C06AA722D2DE6602,C0858FEB4842D213,407F851DFDFB095C,0
$407FFF0C3D33487D,407CC83B1E9F0931,C03C3DEDD12276FA,3FF
@first_instr_ptr 435 0
1 435 ->
@type 436 1
2 436 100
@geom_id 437 1
2 437 -1
@view_id 438 1
2 438 -1
@memb_num 439 1
2 439 0
@offset 440 2
2 440 0
@matrix 441 0
2 441 NULL
@next_instr_ptr 442 0
1 442 ->
2 436 301
2 437 -1
2 438 -1
2 439 0
2 440 408B86C352F0550D
2 441 NULL
1 442 NULL
@outer_xsec_index 443 1
1 443 -1
@next_view_id 444 1
1 444 -2
@simp_rep_id 445 1
1 445 -1
@name 446 10
1 446 no name
@matrix 447 2
1 447 [4][4]
$3FF,3*0
$0,3FF,2*0
$2*0,3FF,0
$3*0,3FF
@fit_outline 448 2
1 448 [2][3]
$4059,405518,C078A8D757406356
$408C2,4087BB,4078A8D75740635R
@det_info_ptr 449 0
1 449 NULL
@named_view_pzmatr 450 0
1 450 NULL
@page_id 451 1
1 451 0
@model_name 452 10
1 452 NULL
@unrep_model_name 453 10
1 453 NULL
@assem_merge_parts 454 0
0 454 ->
#END_OF_UGC
