

Input part file name: f:/data5/repository/PTC/V18/web_pub18/web_pub_models/base.hh.sat


Output part file name: f:/data5/repository/PTC/V18/web_pub18/web_pub_models/base.hh.f.sat



Input part file name: f:/data5/repository/PTC/V18/web_pub18/web_pub_models/comp-13920.hh.sat


Output part file name: f:/data5/repository/PTC/V18/web_pub18/web_pub_models/comp-13920.hh.f.sat



Input part file name: f:/data5/repository/PTC/V18/web_pub18/web_pub_models/fan_ring.hh.sat


Output part file name: f:/data5/repository/PTC/V18/web_pub18/web_pub_models/fan_ring.hh.f.sat



Input part file name: f:/data5/repository/PTC/V18/web_pub18/web_pub_models/n101436p01.hh.sat


Output part file name: f:/data5/repository/PTC/V18/web_pub18/web_pub_models/n101436p01.hh.f.sat



Input part file name: f:/data5/repository/PTC/V18/web_pub18/web_pub_models/b101345p01.hh.sat


Output part file name: f:/data5/repository/PTC/V18/web_pub18/web_pub_models/b101345p01.hh.f.sat



Input part file name: f:/data5/repository/PTC/V18/web_pub18/web_pub_models/condenser_fan.hh.sat


Output part file name: f:/data5/repository/PTC/V18/web_pub18/web_pub_models/condenser_fan.hh.f.sat



Input part file name: f:/data5/repository/PTC/V18/web_pub18/web_pub_models/motor.hh.sat


Output part file name: f:/data5/repository/PTC/V18/web_pub18/web_pub_models/motor.hh.f.sat



Input part file name: f:/data5/repository/PTC/V18/web_pub18/web_pub_models/w101324p02.hh.sat


Output part file name: f:/data5/repository/PTC/V18/web_pub18/web_pub_models/w101324p02.hh.f.sat



Input part file name: f:/data5/repository/PTC/V18/web_pub18/web_pub_models/b10147p02.hh.sat


Output part file name: f:/data5/repository/PTC/V18/web_pub18/web_pub_models/b10147p02.hh.f.sat



Input part file name: f:/data5/repository/PTC/V18/web_pub18/web_pub_models/condenser_shroud.hh.sat


Output part file name: f:/data5/repository/PTC/V18/web_pub18/web_pub_models/condenser_shroud.hh.f.sat



Input part file name: f:/data5/repository/PTC/V18/web_pub18/web_pub_models/evaporator_shroud.hh.sat


Output part file name: f:/data5/repository/PTC/V18/web_pub18/web_pub_models/evaporator_shroud.hh.f.sat



Input part file name: f:/data5/repository/PTC/V18/web_pub18/web_pub_models/fan_ring.prt.hh.sat


Output part file name: f:/data5/repository/PTC/V18/web_pub18/web_pub_models/fan_ring.prt.hh.f.sat



Input part file name: f:/data5/repository/PTC/V18/web_pub18/web_pub_models/n101436p01.prt.hh.sat


Output part file name: f:/data5/repository/PTC/V18/web_pub18/web_pub_models/n101436p01.prt.hh.f.sat



Input part file name: f:/data5/repository/PTC/V18/web_pub18/web_pub_models/b101345p01.prt.hh.sat


Output part file name: f:/data5/repository/PTC/V18/web_pub18/web_pub_models/b101345p01.prt.hh.f.sat



Input part file name: f:/data5/repository/PTC/V18/web_pub18/web_pub_models/condenser_fan.prt.hh.sat


Output part file name: f:/data5/repository/PTC/V18/web_pub18/web_pub_models/condenser_fan.prt.hh.f.sat



Input part file name: f:/data5/repository/PTC/V18/web_pub18/web_pub_models/motor.prt.hh.sat


Output part file name: f:/data5/repository/PTC/V18/web_pub18/web_pub_models/motor.prt.hh.f.sat



Input part file name: f:/data5/repository/PTC/V18/web_pub18/web_pub_models/w101324p02.prt.hh.sat


Output part file name: f:/data5/repository/PTC/V18/web_pub18/web_pub_models/w101324p02.prt.hh.f.sat



Input part file name: f:/data5/repository/PTC/V18/web_pub18/web_pub_models/b10147p02.prt.hh.sat


Output part file name: f:/data5/repository/PTC/V18/web_pub18/web_pub_models/b10147p02.prt.hh.f.sat



Input part file name: f:/data5/repository/PTC/V18/web_pub18/web_pub_models/condenser_shroud.prt.hh.sat


Output part file name: f:/data5/repository/PTC/V18/web_pub18/web_pub_models/condenser_shroud.prt.hh.f.sat



Input part file name: f:/data5/repository/PTC/V18/web_pub18/web_pub_models/base.prt.hh.sat


Output part file name: f:/data5/repository/PTC/V18/web_pub18/web_pub_models/base.prt.hh.f.sat



Input part file name: f:/data5/repository/PTC/V18/web_pub18/web_pub_models/comp-13920.prt.hh.sat


Output part file name: f:/data5/repository/PTC/V18/web_pub18/web_pub_models/comp-13920.prt.hh.f.sat



Input part file name: f:/data5/repository/PTC/V18/web_pub18/web_pub_models/evaporator_shroud.prt.hh.sat


Output part file name: f:/data5/repository/PTC/V18/web_pub18/web_pub_models/evaporator_shroud.prt.hh.f.sat

