#UGC:2 PART 964 400 0 1 1 15 1800 9645 0000060f \
#- VERS 0 0                                                          \
#- HOST                                                              \
#- LINK                                                              \
#- DBID                                                              \
#- REVS 0,                                                           \
#- RELL 0,                                                           \
#- UOBJ_ID 832796284 394452939 147069714                             \
#- MACH HP_HP-UX_A.09.07_A                                           \
#-END_OF_UGC_HEADER
#P_OBJECT 6
@P_object 1 0
0 1 ->
@dep_db 2 0
1 2 ->
@usr_rev 3 0
1 3 [3]
2 3 
@name 4 10
3 4 MARKL
@mod_time 5 0
3 5 
@tm_sec 6 1
4 6 43
@tm_min 7 1
4 7 15
@tm_hour 8 1
4 8 11
@tm_mday 9 1
4 9 23
@tm_mon 10 1
4 10 4
@tm_year 11 1
4 11 96
@action 12 1
3 12 1000
@comment 13 10
3 13 Hostname: 'taimyr'
@rel_level 14 10
3 14 
@rev_string 15 10
3 15 
2 3 
3 4 STOOPS
3 5 
4 6 26
4 7 2
4 8 23
4 9 4
4 10 10
4 11 96
3 12 1000
3 13 Hostname: 'singap'
3 14 
3 15 
2 3 
3 4 USER
3 5 
4 6 31
4 7 39
4 8 20
4 9 19
4 10 10
4 11 96
3 12 1000
3 13 Hostname: 'water'
3 14 
3 15 
@revnum_std 16 1
1 16 103
@flag 17 1
1 17 0
@name 18 10
1 18 NULL
@inst_hidden 19 1
1 19 0
@old_name 20 10
1 20 NULL
@appl_data 21 0
1 21 ->
@bounding_box 22 2
2 22 [2][3]
$BFD,BFCBB67AE8584CAE,0
$3FD,3FCBB67AE8584CAE,3FC9R
@ver_key 23 0
1 23 ->
@time 24 1
2 24 847148518
@random_num 25 1
2 25 198809143
@hostid 26 1
2 26 151660655
#END_OF_P_OBJECT
#Pro/ENGINEER  TM  Version H-01-15  (c) 1988-96 by Parametric Technology Corporation  All Rights Reserved. 9645
@Toc 27 0
0 27 ->
@entry 28 10
1 28 [128]
2 28 BasicData 2b9a 4d6 0 964########################################################
2 28 BasicText 3070 272 0 964########################################################
2 28 GeomDepen 32e2 71 0 964#########################################################
2 28 DispCntrl 3353 42 0 964#########################################################
2 28 DisplData 3395 38 0 964#########################################################
2 28 LargeText 33cd 208 0 964########################################################
2 28 FamilyInf 35d5 40 0 964#########################################################
2 28 VisibGeom 3615 2b84 0 964#######################################################
2 28 NovisGeom 6199 56 0 964#########################################################
2 28 ActEntity 61ef 29b 0 964########################################################
2 28 AllFeatur 648a 33b5 0 964#######################################################
2 28 FullMData 983f c0d 0 964########################################################
2 28 ModelView#0 a44c 2a54 0 964#####################################################
2 28 DispDataColor cea0 1be 0 964####################################################
2 28 DispDataTable d05e bb9 0 964####################################################
2 28 AssMrgPrt dc17 29 0 964#########################################################
2 28 ################################################################################
2 28 ################################################################################
2 28 ################################################################################
2 28 ################################################################################
2 28 ################################################################################
2 28 ################################################################################
2 28 ################################################################################
2 28 ################################################################################
2 28 ################################################################################
2 28 ################################################################################
2 28 ################################################################################
2 28 ################################################################################
2 28 ################################################################################
2 28 ################################################################################
2 28 ################################################################################
2 28 ################################################################################
2 28 ################################################################################
2 28 ################################################################################
2 28 ################################################################################
2 28 ################################################################################
2 28 ################################################################################
2 28 ################################################################################
2 28 ################################################################################
2 28 ################################################################################
2 28 ################################################################################
2 28 ################################################################################
2 28 ################################################################################
2 28 ################################################################################
2 28 ################################################################################
2 28 ################################################################################
2 28 ################################################################################
2 28 ################################################################################
2 28 ################################################################################
2 28 ################################################################################
2 28 ################################################################################
2 28 ################################################################################
2 28 ################################################################################
2 28 ################################################################################
2 28 ################################################################################
2 28 ################################################################################
2 28 ################################################################################
2 28 ################################################################################
2 28 ################################################################################
2 28 ################################################################################
2 28 ################################################################################
2 28 ################################################################################
2 28 ################################################################################
2 28 ################################################################################
2 28 ################################################################################
2 28 ################################################################################
2 28 ################################################################################
2 28 ################################################################################
2 28 ################################################################################
2 28 ################################################################################
2 28 ################################################################################
2 28 ################################################################################
2 28 ################################################################################
2 28 ################################################################################
2 28 ################################################################################
2 28 ################################################################################
2 28 ################################################################################
2 28 ################################################################################
2 28 ################################################################################
2 28 ################################################################################
2 28 ################################################################################
2 28 ################################################################################
2 28 ################################################################################
2 28 ################################################################################
2 28 ################################################################################
2 28 ################################################################################
2 28 ################################################################################
2 28 ################################################################################
2 28 ################################################################################
2 28 ################################################################################
2 28 ################################################################################
2 28 ################################################################################
2 28 ################################################################################
2 28 ################################################################################
2 28 ################################################################################
2 28 ################################################################################
2 28 ################################################################################
2 28 ################################################################################
2 28 ################################################################################
2 28 ################################################################################
2 28 ################################################################################
2 28 ################################################################################
2 28 ################################################################################
2 28 ################################################################################
2 28 ################################################################################
2 28 ################################################################################
2 28 ################################################################################
2 28 ################################################################################
2 28 ################################################################################
2 28 ################################################################################
2 28 ################################################################################
2 28 ################################################################################
2 28 ################################################################################
2 28 ################################################################################
2 28 ################################################################################
2 28 ################################################################################
2 28 ################################################################################
2 28 ################################################################################
2 28 ################################################################################
2 28 ################################################################################
2 28 ################################################################################
2 28 ################################################################################
2 28 ################################################################################
2 28 ################################################################################
2 28 ################################################################################
2 28 ################################################################################
2 28 ################################################################################
2 28 ################################################################################
#BasicData
@Sld_BasicData 1 0
0 1 ->
@tab_key 2 1
1 2 0
@tab_key_struct 3 0
1 3 ->
@tab_key_ptr 4 0
2 4 [38]
@cmprs_tabkey 5 0
2 5 NULL
@type 6 1
1 6 2
@revnum_ptr 7 0
1 7 ->
@geom_revnum 8 1
2 8 94
@cosm_revnum 9 1
2 9 21
@tol_default_ptr 10 0
1 10 ->
@type 11 1
2 11 10
@value 12 2
2 12 [7]
$0,3FB9R,3F847AE147AE147B,3F50624DD2F1A9FC,3F1A36E2EB1C432D,
$3EE4F8B588E368F1,3EB0C6F7A0B5ED8E
@ang_value 13 2
2 13 [7]
$0,6*3FE
@standard 14 1
2 14 0
@iso_tol_tbls_ptr 15 0
2 15 NULL
@datum_count 16 1
1 16 0
@axis_count 17 1
1 17 1
@insert_layer_id 18 1
1 18 -1
@layer_count 19 1
1 19 1
@rel_part_eps 20 2
1 20 3F53A92A30553261
@model_eps 21 2
1 21 0
@fixed_model_eps 22 1
1 22 0
@assembled_count 23 1
1 23 0
@part_type 24 1
1 24 1
@first_ent_id 25 1
1 25 518073
@first_view_id 26 1
1 26 0
@outline 27 2
1 27 [2][3]
$BFD,BFCBB67AE8584CAE,0
$3FD,3FCBB67AE8584CAE,3FC9R
@dim_num 28 1
1 28 5
@geom_lib_ptr 29 0
1 29 NULL
@attrib_array 30 1
1 30 [2]
$2*0
@max_part_size 31 2
1 31 3FE748593ACE783R
@model_name 32 10
1 32 N101436P01
@disp_outl_info 33 0
1 33 
@disp_outline 34 2
2 34 [2][3]
$BFD,BFCBB67AE8584CAE,0
$3FD,3FCBB67AE8584CAE,3FC9R
@sel_outl_info 35 0
1 35 ->
@outline 36 2
2 36 [2][3]
$BFD,BFCBB67AE8584CAE,0
$3FD,3FCBB67AE8584CAE,3FC9R
#BasicText
@Sld_BasicText 1 0
0 1 ->
@assem_mass_prop_ptr 2 0
1 2 NULL
@mass_prop_ptr 3 0
1 3 ->
@type 4 1
2 4 0
@density 5 2
2 5 0
@init_dens 6 5
2 6 0
@rel_density 7 2
2 7 0
@init_rel_dens 8 5
2 8 0
@aver_density 9 2
2 9 0
@vrevnum 10 1
2 10 -1
@volume 11 2
2 11 0
@cg 12 2
2 12 [3]
$3*0
@inertia 13 2
2 13 [3][3]
$3*0
$3*0
$3*0
@eps 14 2
2 14 0
@surfarea 15 2
2 15 0
@assign_mp_ptr 16 0
1 16 NULL
@mat_name_ptr 17 10
1 17 NULL
@unit_arr 18 0
1 18 [3]
2 18 
@type 19 1
3 19 1
@factor 20 2
3 20 3FF
@name 21 10
3 21 INCH
@unit_type 22 1
3 22 0
2 18 
3 19 2
3 20 3FF
3 21 POUND
3 22 1
2 18 
3 19 11
3 20 3FF
3 21 HOURS
3 22 2
#GeomDepen
@Sld_GeomDepend 1 0
0 1 ->
@frst_geom_ptr 2 1
1 2 2
@fem_data 3 0
1 3 NULL
@first_quilt_ptr 4 1
1 4 0
#DispCntrl
@Sld_DispCntrl 1 0
0 1 ->
@color_prop_ptr 2 0
1 2 NULL
#DisplData
@Sld_DispData 1 0
0 1 ->
@disp_data 2 0
1 2 
#LargeText
@Sld_LargeText 1 0
0 1 ->
@relpar_sets 2 0
1 2 [1]
2 2 
@id 3 1
3 3 -1
@type 4 1
3 4 2
@ext_ref_id 5 1
3 5 -1
@param_arr 6 0
3 6 [4]
4 6 ->
@sym 7 10
5 7 
@value 8 0
5 8 
@type 9 1
6 9 51
@value(s_val) 10 10
6 10 
@bak_value 11 0
5 11 
6 9 51
6 10 
4 6 ->
5 7 DESC
5 8 
6 9 51
6 10 hex_nut_25_20
5 11 
6 9 51
6 10 hex_nut_25_20
4 6 ->
5 7 
5 8 
6 9 50
@value(d_val) 12 2
6 12 0
5 11 
6 9 50
6 12 0
4 6 ->
5 7 BIN
5 8 
6 9 50
6 12 40458
5 11 
6 9 50
6 12 40458
@relatnum 13 1
3 13 0
@cfg_states 14 0
1 14 NULL
#FamilyInf
@Sld_FamilyInfo 1 0
0 1 ->
@drv_tbl_ptr 2 0
1 2 NULL
#VisibGeom
@Sld_VisGeom 1 0
0 1 ->
@active_geom 2 0
1 2 
@srf_array 3 0
2 3 [10]
3 3 ->
@geom_type 4 1
4 4 34
@geom_id 5 1
4 5 2
@feat_id 6 1
4 6 1
@boundary_type 7 1
4 7 0
@envlp 8 2
4 8 [2][2]
$BFD,BFCBB67AE8584CAE
$3FD,3FCBB67AE8584CAE
@srf_prim_ptr(plane) 9 0
4 9 ->
@local_sys 10 2
5 10 [4][3]
$3FF,2*0
$0,3FF,0
$2*0,3FF
$3*0
@frst_cntr_ptr 11 0
4 11 ->
@frst_cntr_crv_hdr_ptr 12 1
5 12 28
@trv 13 1
5 13 -1
@envlp 14 2
5 14 [2][2]
$BFC,BFC0041A9982CE34
$3FC,3FC0041A9982CE34
@next_cntr_ptr 15 0
4 15 ->
5 12 3
5 13 1
5 14 [2][2]
$BFD,BFCBB67AE8584CAE
$3FD,3FCBB67AE8584CAE
4 15 NULL
@next_geom_ptr 16 1
4 16 9
@orient 17 1
4 17 -1
@outline 18 2
4 18 [2][3]
$BFD,BFCBB67AE8584CAE,0
$3FD,3FCBB67AE8584CAE,0
3 3 ->
4 4 34
4 5 9
4 6 1
4 7 0
4 8 [2][2]
$BFD,BFCBB67AE8584CAE
$3FD,3FCBB67AE8584CAE
4 9 ->
5 10 [4][3]
$3FF,2*0
$0,3FF,0
$2*0,3FF
$2*0,3FC9R
4 11 ->
5 12 30
5 13 -1
5 14 [2][2]
$BFC,BFC0041A9982CE34
$3FC,3FC0041A9982CE34
4 15 ->
5 12 10
5 13 1
5 14 [2][2]
$BFD,BFCBB67AE8584CAE
$3FD,3FCBB67AE8584CAE
4 15 NULL
4 16 32
4 17 1
4 18 [2][3]
$BFD,BFCBB67AE8584CAE,3FC9R
$3FD,3FCBB67AE8584CAE,3FC9R
3 3 ->
4 4 34
4 5 16
4 6 1
4 7 1
4 8 [2][2]
$2*0
$3FD,3FC9R
4 9 ->
5 10 [4][3]
$3FE,0,BFEBB67AE8584CAE
$BFEBB67AE8584CAE,0,BFE
$0,3FF,0
$BFD,2*0
4 11 ->
5 12 3
5 13 1
5 14 [2][2]
$2*0
$3FD,3FC9R
4 15 NULL
4 16 18
4 17 1
4 18 [2][3]
$BFD,BFCBB67AE8584CAE,0
$BFC,0,3FC9R
3 3 ->
4 4 34
4 5 18
4 6 1
4 7 1
4 8 [2][2]
$2*0
$3FD,3FC9R
4 9 ->
5 10 [4][3]
$3FF,2*0
$2*0,BFF
$0,3FF,0
$BFC,BFCBB67AE8584CAE,0
4 11 ->
5 12 4
5 13 1
5 14 [2][2]
$2*0
$3FD,3FC9R
4 15 NULL
4 16 20
4 17 1
4 18 [2][3]
$BFC,BFCBB67AE8584CAE,0
$3FC,BFCBB67AE8584CAE,3FC9R
3 3 ->
4 4 34
4 5 20
4 6 1
4 7 1
4 8 [2][2]
$2*0
$3FD,3FC9R
4 9 ->
5 10 [4][3]
$3FE,0,3FEBB67AE8584CAE
$3FEBB67AE8584CAE,0,BFE
$0,3FF,0
$3FC,BFCBB67AE8584CAE,0
4 11 ->
5 12 5
5 13 1
5 14 [2][2]
$2*0
$3FD,3FC9R
4 15 NULL
4 16 22
4 17 1
4 18 [2][3]
$3FC,BFCBB67AE8584CAE,0
$3FD,0,3FC9R
3 3 ->
4 4 34
4 5 22
4 6 1
4 7 1
4 8 [2][2]
$2*0
$3FD,3FC9R
4 9 ->
5 10 [4][3]
$BFE,0,3FEBB67AE8584CAE
$3FEBB67AE8584CAE,0,3FE
$0,3FF,0
$3FD,2*0
4 11 ->
5 12 6
5 13 1
5 14 [2][2]
$2*0
$3FD,3FC9R
4 15 NULL
4 16 24
4 17 1
4 18 [2][3]
$3FC,2*0
$3FD,3FCBB67AE8584CAE,3FC9R
3 3 ->
4 4 34
4 5 24
4 6 1
4 7 1
4 8 [2][2]
$2*0
$3FD,3FC9R
4 9 ->
5 10 [4][3]
$BFF,2*0
$2*0,3FF
$0,3FF,0
$3FC,3FCBB67AE8584CAE,0
4 11 ->
5 12 7
5 13 1
5 14 [2][2]
$2*0
$3FD,3FC9R
4 15 NULL
4 16 26
4 17 1
4 18 [2][3]
$BFC,3FCBB67AE8584CAE,0
$3FC,3FCBB67AE8584CAE,3FC9R
3 3 ->
4 4 34
4 5 26
4 6 1
4 7 1
4 8 [2][2]
$2*0
$3FD,3FC9R
4 9 ->
5 10 [4][3]
$BFE,0,BFEBB67AE8584CAE
$BFEBB67AE8584CAE,0,3FE
$0,3FF,0
$BFC,3FCBB67AE8584CAE,0
4 11 ->
5 12 8
5 13 1
5 14 [2][2]
$2*0
$3FD,3FC9R
4 15 NULL
4 16 0
4 17 1
4 18 [2][3]
$BFD,2*0
$BFC,3FCBB67AE8584CAE,3FC9R
3 3 ->
4 4 36
4 5 32
4 6 1
4 7 1
4 8 [2][2]
$400921FB54442D18,0
$401921FB54442D18,3FC9R
@srf_prim_ptr(cylinder) 19 0
4 19 ->
@local_sys 20 2
5 20 [4][3]
$3FF,2*0
$0,3FF,0
$2*0,3FF
$3*0
@radius 21 2
5 21 3FC
4 11 ->
5 12 28
5 13 1
5 14 [2][2]
$400921FB54442D18,0
$401921FB54442D18,3FC9R
4 15 NULL
4 16 34
4 17 -1
4 18 [2][3]
$2*BFC,0
$3FC,0,3FC9R
3 3 ->
4 4 36
4 5 34
4 6 1
4 7 1
4 8 [2][2]
$2*0
$400921FB54442D18,3FC9R
4 19 ->
5 20 [4][3]
$3FF,2*0
$0,3FF,0
$2*0,3FF
$3*0
5 21 3FC
4 11 ->
5 12 29
5 13 1
5 14 [2][2]
$2*0
$400921FB54442D18,3FC9R
4 15 NULL
4 16 16
4 17 -1
4 18 [2][3]
$BFC,2*0
$2*3FC,3FC9R
@crv_array 22 0
2 22 [24]
3 22 ->
@crv_id 23 1
4 23 3
@feat_id 24 1
4 24 1
@type 25 1
4 25 0
@crv_pnt_dir 26 1
4 26 [2]
$1,-1
@crv_pnt_arr 27 2
4 27 [2][4]
$BFD,3*0
$BFC,BFCBB67AE8584CAE,3FD,0
@crv_hdr_geom_ptr[0] 28 1
4 28 2
@crv_hdr_geom_ptr[1] 29 1
4 29 16
@next_crv_hdr_ptr[0] 30 1
4 30 4
@next_crv_hdr_ptr[1] 31 1
4 31 17
@ref_geom[0] 32 1
4 32 0
@ref_geom[1] 33 1
4 33 0
3 22 ->
4 23 4
4 24 1
4 25 0
4 26 [2]
$1,-1
4 27 [2][4]
$BFC,BFCBB67AE8584CAE,2*0
$3FC,BFCBB67AE8584CAE,3FD,0
4 28 2
4 29 18
4 30 5
4 31 19
4 32 0
4 33 0
3 22 ->
4 23 5
4 24 1
4 25 0
4 26 [2]
$1,-1
4 27 [2][4]
$3FC,BFCBB67AE8584CAE,2*0
$3FD,0,3FD,0
4 28 2
4 29 20
4 30 6
4 31 21
4 32 0
4 33 0
3 22 ->
4 23 6
4 24 1
4 25 0
4 26 [2]
$1,-1
4 27 [2][4]
$3FD,3*0
$3FC,3FCBB67AE8584CAE,3FD,0
4 28 2
4 29 22
4 30 7
4 31 23
4 32 0
4 33 0
3 22 ->
4 23 7
4 24 1
4 25 0
4 26 [2]
$1,-1
4 27 [2][4]
$3FC,3FCBB67AE8584CAE,2*0
$BFC,3FCBB67AE8584CAE,3FD,0
4 28 2
4 29 24
4 30 8
4 31 25
4 32 0
4 33 0
3 22 ->
4 23 8
4 24 1
4 25 0
4 26 [2]
$1,-1
4 27 [2][4]
$BFC,3FCBB67AE8584CAE,2*0
$BFD,0,3FD,0
4 28 2
4 29 26
4 30 3
4 31 27
4 32 0
4 33 0
3 22 ->
4 23 10
4 24 1
4 25 0
4 26 [2]
$-1,1
4 27 [2][4]
$BFD,2*0,3FC9R
$BFC,BFCBB67AE8584CAE,3FD,3FC9R
4 28 9
4 29 16
4 30 15
4 31 19
4 32 0
4 33 0
3 22 ->
4 23 11
4 24 1
4 25 0
4 26 [2]
$-1,1
4 27 [2][4]
$BFC,BFCBB67AE8584CAE,0,3FC9R
$3FC,BFCBB67AE8584CAE,3FD,3FC9R
4 28 9
4 29 18
4 30 10
4 31 21
4 32 0
4 33 0
3 22 ->
4 23 12
4 24 1
4 25 0
4 26 [2]
$-1,1
4 27 [2][4]
$3FC,BFCBB67AE8584CAE,0,3FC9R
$3FD,0,3FD,3FC9R
4 28 9
4 29 20
4 30 11
4 31 23
4 32 0
4 33 0
3 22 ->
4 23 13
4 24 1
4 25 0
4 26 [2]
$-1,1
4 27 [2][4]
$3FD,2*0,3FC9R
$3FC,3FCBB67AE8584CAE,3FD,3FC9R
4 28 9
4 29 22
4 30 12
4 31 25
4 32 0
4 33 0
3 22 ->
4 23 14
4 24 1
4 25 0
4 26 [2]
$-1,1
4 27 [2][4]
$3FC,3FCBB67AE8584CAE,0,3FC9R
$BFC,3FCBB67AE8584CAE,3FD,3FC9R
4 28 9
4 29 24
4 30 13
4 31 27
4 32 0
4 33 0
3 22 ->
4 23 15
4 24 1
4 25 0
4 26 [2]
$-1,1
4 27 [2][4]
$BFC,3FCBB67AE8584CAE,0,3FC9R
$BFD,0,3FD,3FC9R
4 28 9
4 29 26
4 30 14
4 31 17
4 32 0
4 33 0
3 22 ->
4 23 17
4 24 1
4 25 0
4 26 [2]
$1,-1
4 27 [2][4]
$2*0,3FD,0
$0,3FC9R,3FD,3FC9R
4 28 16
4 29 26
4 30 10
4 31 8
4 32 0
4 33 0
3 22 ->
4 23 19
4 24 1
4 25 0
4 26 [2]
$1,-1
4 27 [2][4]
$2*0,3FD,0
$0,3FC9R,3FD,3FC9R
4 28 18
4 29 16
4 30 11
4 31 3
4 32 0
4 33 0
3 22 ->
4 23 21
4 24 1
4 25 0
4 26 [2]
$1,-1
4 27 [2][4]
$2*0,3FD,0
$0,3FC9R,3FD,3FC9R
4 28 20
4 29 18
4 30 12
4 31 4
4 32 0
4 33 0
3 22 ->
4 23 23
4 24 1
4 25 0
4 26 [2]
$1,-1
4 27 [2][4]
$2*0,3FD,0
$0,3FC9R,3FD,3FC9R
4 28 22
4 29 20
4 30 13
4 31 5
4 32 0
4 33 0
3 22 ->
4 23 25
4 24 1
4 25 0
4 26 [2]
$1,-1
4 27 [2][4]
$2*0,3FD,0
$0,3FC9R,3FD,3FC9R
4 28 24
4 29 22
4 30 14
4 31 6
4 32 0
4 33 0
3 22 ->
4 23 27
4 24 1
4 25 0
4 26 [2]
$1,-1
4 27 [2][4]
$2*0,3FD,0
$0,3FC9R,3FD,3FC9R
4 28 26
4 29 24
4 30 15
4 31 7
4 32 0
4 33 0
3 22 ->
4 23 28
4 24 1
4 25 0
4 26 [2]
$1,-1
4 27 [20][4]
$3FC,0,401921FB54442D18,0
$3FBF90459484F2B1,BF95116F7F2D58DE,401878AA9C276F46,0
$3FBE442285231BE1,BFA4C7E04850CFAE,4017CF59E40AB175,0
$3FBC24A622E3E9FA,BFAE75EC0DED7BEB,401726092BEDF3A4,0
$3FB940A398F9CD21,BFB3A7A16B394425,40167CB873D135D2,0
$3FB5AC4A670A1CFA,BFB78B0CDEE73E14,4015D367BBB478,0
$3FB180996C77C8C7,BFBACA115AAE3DE6,40152A170397BA2F,0
$3FA9B560B9F596EB,BFBD4E03DD110B08,401480C64B7AFC5E,0
$3F9F6C118574C831,BFBF0553B4DE2E19,4013D775935E3E8C,0
$3F8523EB8420F5F8,BFBFE40529A542AR,40132E24DB4180BR,0
$BF8523EB8420F613,BFBFE40529A542AR,401284D42324C2E9,0
$BF9F6C118574C83D,BFBF0553B4DE2E18,4011DB836B080518,0
$BFA9B560B9F596F1,BFBD4E03DD110B07,40113232B2EB4746,0
$BFB180996C77C8CA,BFBACA115AAE3DE4,401088E1FACE8974,0
$BFB5AC4A670A1CFR,BFB78B0CDEE73E0F,400FBF2285639746,0
$BFB940A398F9CD24,BFB3A7A16B394423,400E6C81152A1BA3,0
$BFBC24A622E3E9F9,BFAE75EC0DED7BED,400D19DFA4F0A001,0
$BFBE442285231BE2,BFA4C7E04850CFA8,400BC73E34B7245D,0
$BFBF90459484F2B3,BF95116F7F2D58C1,400A749CC47DA8BA,0
$BFC,0,400921FB54442D18,0
4 28 2
4 29 32
4 30 29
4 31 33
4 32 0
4 33 0
3 22 ->
4 23 29
4 24 1
4 25 0
4 26 [2]
$1,-1
4 27 [20][4]
$BFC,0,400921FB54442D18,0
$BFBF90459484F2B2,3F95116F7F2D58CA,4007CF59E40AB175,0
$BFBE442285231BE1,3FA4C7E04850CFAC,40067CB873D135D2,0
$BFBC24A622E3E9F8,3FAE75EC0DED7BF,40052A170397BA2F,0
$BFB940A398F9CD2R,3FB3A7A16B394424,4003D775935E3E8C,0
$BFB5AC4A670A1CFD,3FB78B0CDEE73E1R,400284D42324C2E9,0
$BFB180996C77C8C8,3FBACA115AAE3DE5,40013232B2EB4746,0
$BFA9B560B9F596E6,3FBD4E03DD110B09,3FFFBF2285639746,0
$BF9F6C118574C83D,3FBF0553B4DE2E18,3FFD19DFA4F0A001,0
$BF8523EB8420F5F1,3FBFE40529A542AR,3FFA749CC47DA8BR,0
$3F8523EB8420F5FA,3FBFE40529A542AR,3FF7CF59E40AB175,0
$3F9F6C118574C841,3FBF0553B4DE2E18,3FF52A170397BA2F,0
$3FA9B560B9F596EB,3FBD4E03DD110B08,3FF284D42324C2E9,0
$3FB180996C77C8CB,3FBACA115AAE3DE4,3FEFBF2285639746,0
$3FB5AC4A670A1CFR,3FB78B0CDEE73E0F,3FEA749CC47DA8BR,0
$3FB940A398F9CD23,3FB3A7A16B394423,3FE52A170397BA3,0
$3FBC24A622E3E9F9,3FAE75EC0DED7BED,3FDFBF2285639747,0
$3FBE442285231BE1,3FA4C7E04850CFA9,3FD52A170397BA3,0
$3FBF90459484F2B2,3F95116F7F2D58C5,3FC52A170397BA3,0
$3FC,3*0
4 28 2
4 29 34
4 30 28
4 31 35
4 32 0
4 33 0
3 22 ->
4 23 30
4 24 1
4 25 0
4 26 [2]
$-1,1
4 27 [20][4]
$3FC,0,401921FB54442D18,3FC9R
$3FBF90459484F2B1,BF95116F7F2D58DE,401878AA9C276F46,3FC9R
$3FBE442285231BE1,BFA4C7E04850CFAE,4017CF59E40AB175,3FC9R
$3FBC24A622E3E9FA,BFAE75EC0DED7BEB,401726092BEDF3A4,3FC9R
$3FB940A398F9CD21,BFB3A7A16B394425,40167CB873D135D2,3FC9R
$3FB5AC4A670A1CFA,BFB78B0CDEE73E14,4015D367BBB478,3FC9R
$3FB180996C77C8C7,BFBACA115AAE3DE6,40152A170397BA2F,3FC9R
$3FA9B560B9F596EB,BFBD4E03DD110B08,401480C64B7AFC5E,3FC9R
$3F9F6C118574C831,BFBF0553B4DE2E19,4013D775935E3E8C,3FC9R
$3F8523EB8420F5F8,BFBFE40529A542AR,40132E24DB4180BR,3FC9R
$BF8523EB8420F613,BFBFE40529A542AR,401284D42324C2E9,3FC9R
$BF9F6C118574C83D,BFBF0553B4DE2E18,4011DB836B080518,3FC9R
$BFA9B560B9F596F1,BFBD4E03DD110B07,40113232B2EB4746,3FC9R
$BFB180996C77C8CA,BFBACA115AAE3DE4,401088E1FACE8974,3FC9R
$BFB5AC4A670A1CFR,BFB78B0CDEE73E0F,400FBF2285639746,3FC9R
$BFB940A398F9CD24,BFB3A7A16B394423,400E6C81152A1BA3,3FC9R
$BFBC24A622E3E9F9,BFAE75EC0DED7BED,400D19DFA4F0A001,3FC9R
$BFBE442285231BE2,BFA4C7E04850CFA8,400BC73E34B7245D,3FC9R
$BFBF90459484F2B3,BF95116F7F2D58C1,400A749CC47DA8BA,3FC9R
$BFC,0,400921FB54442D18,3FC9R
4 28 9
4 29 32
4 30 31
4 31 35
4 32 0
4 33 0
3 22 ->
4 23 31
4 24 1
4 25 0
4 26 [2]
$-1,1
4 27 [20][4]
$BFC,0,400921FB54442D18,3FC9R
$BFBF90459484F2B2,3F95116F7F2D58CA,4007CF59E40AB175,3FC9R
$BFBE442285231BE1,3FA4C7E04850CFAC,40067CB873D135D2,3FC9R
$BFBC24A622E3E9F8,3FAE75EC0DED7BF,40052A170397BA2F,3FC9R
$BFB940A398F9CD2R,3FB3A7A16B394424,4003D775935E3E8C,3FC9R
$BFB5AC4A670A1CFD,3FB78B0CDEE73E1R,400284D42324C2E9,3FC9R
$BFB180996C77C8C8,3FBACA115AAE3DE5,40013232B2EB4746,3FC9R
$BFA9B560B9F596E6,3FBD4E03DD110B09,3FFFBF2285639746,3FC9R
$BF9F6C118574C83D,3FBF0553B4DE2E18,3FFD19DFA4F0A001,3FC9R
$BF8523EB8420F5F1,3FBFE40529A542AR,3FFA749CC47DA8BR,3FC9R
$3F8523EB8420F5FA,3FBFE40529A542AR,3FF7CF59E40AB175,3FC9R
$3F9F6C118574C841,3FBF0553B4DE2E18,3FF52A170397BA2F,3FC9R
$3FA9B560B9F596EB,3FBD4E03DD110B08,3FF284D42324C2E9,3FC9R
$3FB180996C77C8CB,3FBACA115AAE3DE4,3FEFBF2285639746,3FC9R
$3FB5AC4A670A1CFR,3FB78B0CDEE73E0F,3FEA749CC47DA8BR,3FC9R
$3FB940A398F9CD23,3FB3A7A16B394423,3FE52A170397BA3,3FC9R
$3FBC24A622E3E9F9,3FAE75EC0DED7BED,3FDFBF2285639747,3FC9R
$3FBE442285231BE1,3FA4C7E04850CFA9,3FD52A170397BA3,3FC9R
$3FBF90459484F2B2,3F95116F7F2D58C5,3FC52A170397BA3,3FC9R
$3FC,2*0,3FC9R
4 28 9
4 29 34
4 30 30
4 31 33
4 32 0
4 33 0
3 22 ->
4 23 33
4 24 1
4 25 1
4 26 [2]
$1,-1
4 27 [2][4]
$401921FB54442D18,3*0
$401921FB54442D18,3FC9R,0,3FC9R
4 28 32
4 29 34
4 30 30
4 31 29
4 32 0
4 33 0
3 22 ->
4 23 35
4 24 1
4 25 1
4 26 [2]
$1,-1
4 27 [2][4]
$400921FB54442D18,0,400921FB54442D18,0
$400921FB54442D18,3FC9R,400921FB54442D18,3FC9R
4 28 34
4 29 32
4 30 31
4 31 28
4 32 0
4 33 0
#NovisGeom
@Sld_NonVisGeom 1 0
0 1 ->
@inactive_geom 2 0
1 2 
@external_geom 3 0
1 3 
#ActEntity
@Sld_Entities 1 0
0 1 ->
@act_feat_ents 2 0
1 2 [1]
2 2 
@feat_id 3 1
3 3 1
@datum_id 4 1
3 4 -1
@entity_ptr(line3d) 5 0
3 5 ->
@type 6 1
4 6 11
@id 7 1
4 7 36
@gen_info 8 0
4 8 
@geom_id 9 1
4 9 34
@end1 10 2
4 10 [3]
$3*0
@end2 11 2
4 11 [3]
$BFC,2*0
@entity(line3d) 12 0
3 12 ->
4 6 13
4 7 37
4 8 
@color 13 1
5 13 1
4 9 34
4 10 [3]
$3*0
4 11 [3]
$2*0,3FC9R
@entity(text) 14 0
3 14 ->
@text_type 15 1
4 15 19
@text_value 16 10
4 16 A_1
@txt_attrib 17 1
4 17 1
@coord 18 2
4 18 [3]
$408091AD557C0615,40803D113CEA7392,C07CB591A3D1FBE7
@part_id 19 1
4 19 9
@height 20 2
4 20 BFF
@width_factor 21 2
4 21 BFF
@format_info 22 0
4 22 
@thickness 23 2
4 23 BFF
#AllFeatur
@Sld_Features 1 0
0 1 ->
@first_feat_ptr 2 0
1 2 ->
@id 3 1
2 3 1
@indep_attributes 4 1
2 4 4097
@feat_type_ptr 5 0
2 5 ->
@table_id 6 1
3 6 -1
@type 7 1
3 7 0
@feattype_key 8 10
3 8 NULL
@form 9 1
3 9 1
@attributes 10 1
3 10 [3]
$0,65536,0
@placement 11 1
3 11 0
@intersection 12 1
3 12 991
@internal_udf_type 13 1
3 13 -1
@param_choice_ptr 14 0
3 14 ->
@blend_choice 15 1
4 15 0
@depth_choice 16 1
4 16 1
@angle_choice 17 1
4 17 -1
@pat_choice 18 1
4 18 -1
@round_choice 19 1
4 19 -1
@subsec_choice 20 1
4 20 -1
@sweep_choice 21 1
4 21 0
@dome_choice 22 1
4 22 0
@draft_choice 23 1
4 23 0
@misc_choice 24 1
4 24 [2]
$2*0
@assoc_type 25 1
3 25 0
@symbol_key 26 1
2 26 -1
@sect_name 27 10
2 27 no_name
@model_type 28 1
2 28 2
@idtab_ptr 29 0
2 29 ->
@srf_id_arr 30 1
3 30 [10][4]
$2,204,2*0
$9,203,2*0
$16,200,2,0
$18,200,3,0
$20,200,4,0
$22,200,7,0
$24,200,6,0
$26,200,5,0
$32,200,-9,0
$34,200,8,0
@edg_id_arr 31 1
3 31 [24][6]
$3,221,2,2*0,2
$4,221,3,2*0,2
$5,221,4,2*0,2
$6,221,7,2*0,2
$7,221,6,2*0,2
$8,221,5,2*0,2
$10,222,2,2*0,16
$11,222,3,2*0,18
$12,222,4,2*0,20
$13,222,7,2*0,22
$14,222,6,2*0,24
$15,222,5,2*0,26
$17,303,2,0,5,16
$19,303,3,0,2,18
$21,303,4,0,3,20
$23,303,7,0,4,22
$25,303,6,0,7,24
$27,303,5,0,6,26
$28,221,-9,2*0,2
$29,221,8,2*0,2
$30,222,-9,2*0,32
$31,222,8,2*0,34
$33,303,-9,0,8,32
$35,303,8,0,-9,34
@misc_id_tab 32 0
3 32 [2]
4 32 
@misc_hist 33 1
5 33 [5]
$36,530,34,-1,500
4 32 
5 33 [5]
$37,531,34,-1,500
@save_geoms 34 0
3 34 ->
@sv_frst_geom 35 1
4 35 2
@cr_flags_xar 36 1
3 36 [26]
$3*-1,-2049,2*-1,-16777217,3*-1,-536870913,-1,-1126176897,-2,-2097185,
$-2097665,-1,-1073741843,-1,-1073741825,-1,-261121,32767,3*0
@cvt_feat_dat 37 0
3 37 NULL
@feat_dates_ptr 38 0
3 38 ->
@creat_date 39 1
4 39 170014
@regen_date 40 1
4 40 170014
@group_info_ptr 41 0
2 41 NULL
@intrs_pairs_ptr 42 0
2 42 ->
@place_rec_ptr 43 0
2 43 ->
@local_sys 44 2
3 44 [4][3]
$3FF,2*0
$0,3FF,0
$2*0,3FF
$3*0
@place_instruction_ptrs 45 0
3 45 [1]
4 45 ->
@type 46 1
5 46 1853
@offset 47 2
5 47 0
@dim_id 48 1
5 48 3
@ref_id 49 1
5 49 -1
@geometry1_id 50 1
5 50 -1
@geometry2_id 51 1
5 51 -1
@memb_num1 52 1
5 52 0
@memb_num2 53 1
5 53 0
@attr 54 1
5 54 0
@plin_info_arr 55 0
5 55 [1]
6 55 ->
@type 56 1
7 56 6
@data(plin_info_ui_step) 57 0
7 57 ->
@step_ids 58 1
8 58 [1]
9 58 3
@own_ref_id 59 1
3 59 -1
@orient 60 1
3 60 0
@trf_arr 61 0
3 61 [1]
4 61 
@type 62 1
5 62 12
@idx 63 1
5 63 0
@transf 64 2
5 64 [4][3]
$3FF,2*0
$0,3FF,0
$2*0,3FF
$3*0
@next_prop 65 0
2 65 NULL
@first_geom_id 66 1
2 66 2
@gsec_ptr 67 0
2 67 [1]
3 67 
@type 68 1
4 68 1
@name 69 10
4 69 S2D0004
@gsec2d_ptr 70 0
4 70 ->
@name 71 10
5 71 S2D0004
@segtab_ptr 72 0
5 72 [9]
6 72 
@type 73 1
7 73 2
@dir 74 1
7 74 [3]
$1,-1,0
@pointid 75 1
7 75 [2]
$0,1
@cntrid 76 1
7 76 -1
@arcorient 77 1
7 77 0
@verhor 78 1
7 78 -2
@radius 79 1
7 79 0
@ext_id 80 1
7 80 2
@gen_info 81 0
7 81 
@known_ent_info 82 0
7 82 
@attr 83 1
8 83 0
@known_ent_id 84 1
8 84 -1
6 72 
7 73 2
7 74 [3]
$1,2*0
7 75 [2]
$1,2
7 76 2
7 77 0
7 78 1
7 79 0
7 80 3
7 81 
7 82 
8 83 0
8 84 -1
6 72 
7 73 2
7 74 [3]
$2*1,0
7 75 [2]
$2,3
7 76 -1
7 77 0
7 78 3
7 79 0
7 80 4
7 81 
7 82 
8 83 0
8 84 -1
6 72 
7 73 2
7 74 [3]
$2*1,0
7 75 [2]
$0,4
7 76 -1
7 77 0
7 78 4
7 79 0
7 80 5
7 81 
7 82 
8 83 0
8 84 -1
6 72 
7 73 2
7 74 [3]
$1,2*0
7 75 [2]
$4,5
7 76 5
7 77 0
7 78 1
7 79 0
7 80 6
7 81 
7 82 
8 83 0
8 84 -1
6 72 
7 73 2
7 74 [3]
$1,-1,0
7 75 [2]
$5,3
7 76 -1
7 77 0
7 78 -5
7 79 0
7 80 7
7 81 
7 82 
8 83 0
8 84 -1
6 72 
7 73 10
7 74 [3]
$3*0
7 75 [2]
$2*0
7 76 6
7 77 0
7 78 0
7 79 0
7 80 8
7 81 
7 82 
8 83 0
8 84 -1
6 72 
7 73 5
7 74 [3]
$1,2*0
7 75 [2]
$2*7
7 76 7
7 77 0
7 78 1
7 79 0
7 80 0
7 81 
7 82 
8 83 0
8 84 -1
6 72 
7 73 5
7 74 [3]
$0,1,0
7 75 [2]
$2*8
7 76 8
7 77 0
7 78 0
7 79 0
7 80 1
7 81 
7 82 
8 83 0
8 84 -1
@dimtab_ptr 85 0
5 85 [4]
6 85 
@type 86 1
7 86 1
@value 87 2
7 87 3FD
@direct 88 1
7 88 0
@property 89 1
7 89 0
@leftpt 90 1
7 90 [2]
@rightpt 91 1
7 91 [2]
@offset 92 2
7 92 0
@ext_id 93 1
7 93 0
@dispdimattr 94 0
7 94 
@dimattr 95 1
8 95 [4]
$2066,3*0
@dim_ref 96 0
7 96 [2]
8 96 
@item_id 97 1
9 97 5
@sense 98 1
9 98 -1
@point 99 1
9 99 [2]
$2*5
8 96 
9 97 -1
9 98 -1
9 99 [2]
$2*3
6 85 
7 86 10
7 87 4000C152382D7365
7 88 0
7 89 0
7 90 [2]
7 91 [2]
7 92 0
7 93 1
7 94 
8 95 [4]
$2066,3*0
7 96 [2]
8 96 
9 97 5
9 98 0
9 99 [2]
$2*-1
8 96 
9 97 4
9 98 3
9 99 [2]
$2*-1
6 85 
7 86 1
7 87 3FD
7 88 0
7 89 0
7 90 [2]
7 91 [2]
7 92 0
7 93 3
7 94 
8 95 [4]
$2066,3*0
7 96 [2]
8 96 
9 97 4
9 98 -1
9 99 [2]
$2*4
8 96 
9 97 -1
9 98 -1
9 99 [2]
$2*5
6 85 
7 86 4
7 87 3FC
7 88 0
7 89 0
7 90 [2]
7 91 [2]
7 92 0
7 93 4
7 94 
8 95 [4]
$18,3*0
7 96 [2]
8 96 
9 97 6
9 98 -1
9 99 [2]
$2*-1
8 96 
9 97 6
9 98 -1
9 99 [2]
$2*-1
@relat_ptr 100 0
5 100 [21]
6 100 
@id 101 1
7 101 2
@used 102 1
7 102 0
@a 103 1
7 103 [4]
$8,6,2*-1
@b 104 1
7 104 [4]
$4*0
@c 105 2
7 105 [4]
$3FF,BFF,2*3FF
@sign 106 1
7 106 0
@idim 107 1
7 107 -1
@type 108 1
7 108 0
6 100 
7 101 3
7 102 0
7 103 [4]
$8,6,2*-1
7 104 [4]
$2*1,2*0
7 105 [4]
$3FF,BFF,2*3FF
7 106 0
7 107 -1
7 108 0
6 100 
7 101 11
7 102 1
7 103 [4]
$6,7,2*-1
7 104 [4]
$2*1,2*0
7 105 [4]
$3FF,BFF,2*3FF
7 106 0
7 107 0
7 108 0
6 100 
7 101 1
7 102 1
7 103 [4]
$7,0,2*-1
7 104 [4]
$2*1,2*0
7 105 [4]
$3FF,BFF,2*3FF
7 106 0
7 107 -1
7 108 0
6 100 
7 101 10
7 102 0
7 103 [4]
$3,7,2*-1
7 104 [4]
$2*1,2*0
7 105 [4]
$3FF,BFF,2*3FF
7 106 0
7 107 0
7 108 0
6 100 
7 101 15
7 102 8
7 103 [4]
$5,4,2*-1
7 104 [4]
$-1,2*1,-1
7 105 [4]
$3FF,BFF,3FF,0
7 106 1
7 107 1
7 108 1
6 100 
7 101 17
7 102 0
7 103 [4]
$4*0
7 104 [4]
$4*0
7 105 [4]
$4*3FF
7 106 1
7 107 3
7 108 14
6 100 
7 101 19
7 102 0
7 103 [4]
$4,8,2*-1
7 104 [4]
$4*0
7 105 [4]
$4,C,2*3FF
7 106 1
7 107 2
7 108 0
6 100 
7 101 16
7 102 1
7 103 [4]
$4,5,2*-1
7 104 [4]
$4*0
7 105 [4]
$3FF,BFF,2*3FF
7 106 1
7 107 2
7 108 0
6 100 
7 101 12
7 102 1
7 103 [4]
$5,3,2*-1
7 104 [4]
$4*0
7 105 [4]
$3FF,2*BFF,3FF
7 106 -5
7 107 0
7 108 10
6 100 
7 101 13
7 102 0
7 103 [4]
$5,3,2*-1
7 104 [4]
$2*1,2*0
7 105 [4]
$3FF,BFF,2*3FF
7 106 -5
7 107 0
7 108 10
6 100 
7 101 8
7 102 0
7 103 [4]
$4,5,2*-1
7 104 [4]
$2*1,2*0
7 105 [4]
$3FF,BFF,2*3FF
7 106 0
7 107 0
7 108 0
6 100 
7 101 21
7 102 0
7 103 [4]
$1,4,2*-1
7 104 [4]
$4*0
7 105 [4]
$3FF,BFF,2*3FF
7 106 0
7 107 -1
7 108 0
6 100 
7 101 22
7 102 0
7 103 [4]
$1,4,7,-1
7 104 [4]
$3*1,0
7 105 [4]
$2*3FF,C,3FF
7 106 0
7 107 0
7 108 0
6 100 
7 101 5
7 102 1
7 103 [4]
$1,2,2*-1
7 104 [4]
$2*1,2*0
7 105 [4]
$3FF,BFF,2*3FF
7 106 0
7 107 0
7 108 0
6 100 
7 101 23
7 102 0
7 103 [4]
$2,5,2*-1
7 104 [4]
$4*0
7 105 [4]
$3FF,BFF,2*3FF
7 106 0
7 107 -1
7 108 0
6 100 
7 101 6
7 102 4
7 103 [4]
$2,3,2,3
7 104 [4]
$2*0,2*1
7 105 [4]
$3FF,2*BFF,3FF
7 106 3
7 107 -1
7 108 9
6 100 
7 101 26
7 102 0
7 103 [4]
$0,3,8,-1
7 104 [4]
$4*0
7 105 [4]
$2*3FF,C,3FF
7 106 0
7 107 0
7 108 0
6 100 
7 101 0
7 102 0
7 103 [4]
$7,0,2*-1
7 104 [4]
$4*0
7 105 [4]
$3FF,BFF,2*3FF
7 106 0
7 107 -1
7 108 0
6 100 
7 101 4
7 102 4
7 103 [4]
$0,1,0,1
7 104 [4]
$2*0,2*1
7 105 [4]
$3FF,2*BFF,3FF
7 106 -2
7 107 -1
7 108 9
6 100 
7 101 7
7 102 4
7 103 [4]
$0,4,0,4
7 104 [4]
$2*0,2*1
7 105 [4]
$3FF,2*BFF,3FF
7 106 4
7 107 -1
7 108 9
@formula_ptr 109 1
5 109 [21]
$0,1,2,3,4,5,6,7,8,9,10,11,12,13,14,15,16,17,18,19,20
@qind 110 1
5 110 6
@anchor 111 0
5 111 NULL
@totalpointid 112 1
5 112 9
@checkarcs_flag 113 1
5 113 1
@location 114 0
5 114 ->
@id 115 1
6 115 0
@param 116 2
6 116 0
@type 117 1
6 117 0
@nsket_info 118 0
5 118 ->
@scale 119 2
6 119 0
@m 120 1
6 120 0
@last_was_permanent 121 1
6 121 0
@unsolved_ptr 122 0
5 122 ->
@iges_file 123 10
6 123 NULL
@solve_version 124 1
5 124 1
@segdscr_tab 125 0
5 125 [9]
6 125 
@ent_mode 126 1
7 126 0
6 125 
7 126 0
6 125 
7 126 0
6 125 
7 126 0
6 125 
7 126 0
6 125 
7 126 0
6 125 
7 126 0
6 125 
7 126 0
6 125 
7 126 0
@skamp_ptr 127 0
5 127 [19]
6 127 
@id 128 1
7 128 0
@type 129 1
7 129 0
@flags 130 1
7 130 0
@status 131 1
7 131 3
@items 132 0
7 132 [2]
8 132 
@ent_id 133 1
9 133 3
@sense 134 1
9 134 2
8 132 
9 133 2
9 134 3
6 127 
7 128 1
7 129 1
7 130 0
7 131 3
7 132 [1]
8 132 
9 133 3
9 134 0
6 127 
7 128 2
7 129 0
7 130 0
7 131 3
7 132 [2]
8 132 
9 133 4
9 134 2
8 132 
9 133 3
9 134 3
6 127 
7 128 3
7 129 0
7 130 0
7 131 3
7 132 [2]
8 132 
9 133 5
9 134 2
8 132 
9 133 2
9 134 2
6 127 
7 128 4
7 129 0
7 130 0
7 131 3
7 132 [2]
8 132 
9 133 6
9 134 2
8 132 
9 133 5
9 134 3
6 127 
7 128 5
7 129 1
7 130 0
7 131 3
7 132 [1]
8 132 
9 133 6
9 134 0
6 127 
7 128 6
7 129 0
7 130 0
7 131 3
7 132 [2]
8 132 
9 133 7
9 134 2
8 132 
9 133 6
9 134 3
6 127 
7 128 7
7 129 0
7 130 0
7 131 3
7 132 [2]
8 132 
9 133 7
9 134 3
8 132 
9 133 4
9 134 3
6 127 
7 128 8
7 129 1
7 130 0
7 131 3
7 132 [1]
8 132 
9 133 0
9 134 0
6 127 
7 128 9
7 129 2
7 130 0
7 131 3
7 132 [1]
8 132 
9 133 1
9 134 0
6 127 
7 128 10
7 129 3
7 130 0
7 131 3
7 132 [2]
8 132 
9 133 0
9 134 0
8 132 
9 133 2
9 134 2
6 127 
7 128 11
7 129 3
7 130 0
7 131 3
7 132 [2]
8 132 
9 133 0
9 134 0
8 132 
9 133 4
9 134 3
6 127 
7 128 12
7 129 3
7 130 0
7 131 3
7 132 [2]
8 132 
9 133 0
9 134 0
8 132 
9 133 8
9 134 4
6 127 
7 128 13
7 129 14
7 130 0
7 131 2
7 132 [3]
8 132 
9 133 0
9 134 0
8 132 
9 133 2
9 134 3
8 132 
9 133 5
9 134 3
6 127 
7 128 14
7 129 14
7 130 0
7 131 2
7 132 [3]
8 132 
9 133 0
9 134 0
8 132 
9 133 3
9 134 3
8 132 
9 133 6
9 134 3
6 127 
7 128 15
7 129 3
7 130 0
7 131 3
7 132 [2]
8 132 
9 133 1
9 134 0
8 132 
9 133 8
9 134 4
6 127 
7 128 16
7 129 14
7 130 0
7 131 2
7 132 [3]
8 132 
9 133 1
9 134 0
8 132 
9 133 2
9 134 2
8 132 
9 133 4
9 134 3
6 127 
7 128 17
7 129 14
7 130 0
7 131 0
7 132 [3]
8 132 
9 133 1
9 134 0
8 132 
9 133 2
9 134 3
8 132 
9 133 3
9 134 3
6 127 
7 128 18
7 129 14
7 130 0
7 131 2
7 132 [3]
8 132 
9 133 1
9 134 0
8 132 
9 133 5
9 134 3
8 132 
9 133 6
9 134 3
@triples_ptr 135 0
5 135 [19]
6 135 
@rel_id 136 1
7 136 0
@eqn_id 137 1
7 137 0
@skamp_id 138 1
7 138 10
6 135 
7 136 1
7 137 1
7 138 10
6 135 
7 136 2
7 137 2
7 138 15
6 135 
7 136 3
7 137 3
7 138 15
6 135 
7 136 10
7 137 10
7 138 11
6 135 
7 136 11
7 137 11
7 138 12
6 135 
7 136 18
7 137 -1
7 138 18
6 135 
7 136 19
7 137 -1
7 138 18
6 135 
7 136 20
7 137 -1
7 138 18
6 135 
7 136 21
7 137 -1
7 138 13
6 135 
7 136 22
7 137 14
7 138 13
6 135 
7 136 23
7 137 -1
7 138 14
6 135 
7 136 24
7 137 15
7 138 14
6 135 
7 136 25
7 137 -1
7 138 16
6 135 
7 136 26
7 137 16
7 138 16
6 135 
7 136 27
7 137 -1
7 138 17
6 135 
7 136 28
7 137 17
7 138 17
6 135 
7 136 29
7 137 -1
7 138 18
6 135 
7 136 30
7 137 18
7 138 18
@order_ptr 139 0
4 139 [8]
5 139 
@id 140 1
6 140 6
@flip 141 1
6 141 34
5 139 
6 140 6
6 141 4
5 139 
6 140 0
6 141 2
5 139 
6 140 1
6 141 0
5 139 
6 140 2
6 141 0
5 139 
6 140 5
6 141 1
5 139 
6 140 4
6 141 1
5 139 
6 140 3
6 141 5
@dim_id_tab 142 1
4 142 [4]
$0,1,2,4
@attributes 143 1
4 143 262144
@xsec_id 144 1
4 144 -1
@gsec_info_arr 145 0
4 145 [1]
5 145 
@application_type 146 1
6 146 2
@application_id 147 1
6 147 1
@secsolve_revnum 148 1
4 148 0
@rel_accuracy 149 2
4 149 BFF
@cr_flags 150 1
4 150 63
@p_saved_result 151 0
4 151 ->
@entity(line) 152 0
5 152 ->
@id 153 1
6 153 0
@gen_info 154 0
6 154 
@end1 155 2
6 155 [3]
$BFD,2*0
@end2 156 2
6 156 [3]
$BFC,BFCBB67AE8584CAE,0
5 152 ->
6 153 1
6 154 
6 155 [3]
$BFC,BFCBB67AE8584CAE,0
6 156 [3]
$3FC,BFCBB67AE8584CAE,0
5 152 ->
6 153 2
6 154 
6 155 [3]
$3FC,BFCBB67AE8584CAE,0
6 156 [3]
$3FD,2*0
5 152 ->
6 153 3
6 154 
6 155 [3]
$BFD,2*0
6 156 [3]
$BFC,3FCBB67AE8584CAE,0
5 152 ->
6 153 4
6 154 
6 155 [3]
$BFC,3FCBB67AE8584CAE,0
6 156 [3]
$3FC,3FCBB67AE8584CAE,0
5 152 ->
6 153 5
6 154 
6 155 [3]
$3FC,3FCBB67AE8584CAE,0
6 156 [3]
$3FD,2*0
@entity(circle) 157 0
5 157 ->
@id 158 1
6 158 6
@gen_info 159 0
6 159 
@center 160 2
6 160 [3]
$3*0
@radius 161 2
6 161 3FC
5 152 ->
@type 162 1
6 162 5
6 153 7
6 154 
@flip 163 1
6 163 0
6 155 [3]
$BFD19R,2*0
6 156 [3]
$3FD19R,2*0
5 152 ->
6 162 5
6 153 8
6 154 
6 163 0
6 155 [3]
$0,BFCE7BED992DEDF4,0
6 156 [3]
$0,3FCE7BED992DEDF8,0
@local_sys 164 2
5 164 [4][3]
$3FF,2*0
$0,3FF,0
$2*0,3FF
$3*0
@cond_tbl_idx 165 1
2 165 -1
@comment 166 10
2 166 NULL
@merge_info_ptr 167 0
2 167 NULL
@topology_increment 168 0
2 168 ->
@crv_type 169 0
3 169 [24]
4 169 
@p_crv 170 1
5 170 3
@crv_type 171 1
5 171 7
4 169 
5 170 4
5 171 7
4 169 
5 170 5
5 171 7
4 169 
5 170 6
5 171 7
4 169 
5 170 7
5 171 7
4 169 
5 170 8
5 171 7
4 169 
5 170 10
5 171 7
4 169 
5 170 11
5 171 7
4 169 
5 170 12
5 171 7
4 169 
5 170 13
5 171 7
4 169 
5 170 14
5 171 7
4 169 
5 170 15
5 171 7
4 169 
5 170 17
5 171 7
4 169 
5 170 19
5 171 7
4 169 
5 170 21
5 171 7
4 169 
5 170 23
5 171 7
4 169 
5 170 25
5 171 7
4 169 
5 170 27
5 171 7
4 169 
5 170 28
5 171 7
4 169 
5 170 29
5 171 7
4 169 
5 170 30
5 171 7
4 169 
5 170 31
5 171 7
4 169 
5 170 33
5 171 7
4 169 
5 170 35
5 171 7
@first_geom 172 1
3 172 0
@first_quilt 173 1
3 173 0
@outline 174 2
3 174 [2][3]
$3*0
$3*0
@max_part_size 175 2
3 175 0
@xform_increment 176 0
3 176 NULL
@roll_back_id 177 1
3 177 -1
@state_ind 178 1
2 178 -1
@alumni_info 179 0
2 179 NULL
@revnum 180 1
2 180 8
@rev_rec 181 0
2 181 ->
@num_plins 182 1
3 182 1
@expl_state_ref 183 0
2 183 NULL
@feat_outl_info 184 0
2 184 ->
@ent_outl 185 2
3 185 [2][3]
$3*0
$2*0,3FC9R
@next_feat_ptr 186 0
1 186 NULL
@layer_list 187 0
1 187 [1]
2 187 
@feat_id 188 1
3 188 1
@layer_id 189 1
3 189 0
@back_layer_id 190 1
3 190 0
#FullMData
@Sld_FullData 1 0
0 1 ->
@first_member_ptr 2 0
1 2 NULL
@alumni_members 3 0
1 3 NULL
@first_xsec_ptr 4 0
1 4 NULL
@lang_ptr 5 0
1 5 ->
@interact_on 6 1
2 6 -1
@first_csys_ptr 7 0
1 7 NULL
@dim_array 8 0
1 8 [5]
2 8 ->
@type 9 1
3 9 8
@dim_type 10 1
3 10 1
@feat_id 11 1
3 11 1
@attributes 12 1
3 12 289
@dim_dat_ptr 13 0
3 13 ->
@value 14 2
4 14 3FD
@bck_value 15 2
4 15 3FD
@tol_ptr 16 0
4 16 ->
@type 17 1
5 17 9
@tol_type 18 1
5 18 4
@dual_digits_diff 19 1
5 19 999
@value 20 2
5 20 [2]
$2*3F847AE147AE147B
@nominal_value 21 2
4 21 3FD
@bound 22 1
4 22 20
@bck_bound 23 1
4 23 -1
@bck_tol_ptr 24 0
4 24 ->
@value 25 2
5 25 [2]
$2*3F847AE147AE147B
@datum_def_id 26 1
4 26 -1
@places_denom 27 1
4 27 2
@bck_places_denom 28 1
4 28 2
@dim_data_attrib 29 1
4 29 0
@dim_cosm_ptr 30 0
3 30 ->
@d0 31 2
4 31 40437991DDE34174
@d1 32 2
4 32 3FEA5A5A5A5A5A5B
@d2 33 2
4 33 3FE2425151368C1R
@d3 34 2
4 34 404B1EDB6DB6DB7
@ord_info 35 0
4 35 NULL
@attach_ptr 36 0
3 36 NULL
@dim_text_ptr 37 0
3 37 ->
@symbol 38 10
4 38 d0
@parent_dim_id 39 1
3 39 -1
2 8 ->
3 9 8
3 10 10
3 11 1
3 12 289
3 13 ->
4 14 405E
4 15 405E
4 16 ->
5 17 9
5 18 4
5 19 999
5 20 [2]
$2*3FE
4 21 405E
4 22 20
4 23 -1
4 24 ->
5 25 [2]
$2*3FE
4 26 -1
4 27 2
4 28 2
4 29 0
3 30 ->
4 31 404AE03BF539027R
4 32 BFF
4 33 3FE5A867062E5F03
4 34 0
4 35 NULL
3 36 NULL
3 37 ->
4 38 d1
3 39 -1
2 8 ->
3 9 8
3 10 1
3 11 1
3 12 289
3 13 ->
4 14 3FD
4 15 3FD
4 16 ->
5 17 9
5 18 4
5 19 999
5 20 [2]
$2*3F847AE147AE147B
4 21 3FD
4 22 20
4 23 -1
4 24 ->
5 25 [2]
$2*3F847AE147AE147B
4 26 -1
4 27 2
4 28 2
4 29 0
3 30 ->
4 31 3FE07AE147AE1479
4 32 40587EE50D4D0C69
4 33 3FE1224489122447
4 34 404B1EDB6DB6DB7
4 35 NULL
3 36 NULL
3 37 ->
4 38 d2
3 39 -1
2 8 ->
3 9 8
3 10 62
3 11 1
3 12 385
3 13 ->
4 14 3FC9R
4 15 3FC9R
4 16 ->
5 17 9
5 18 4
5 19 999
5 20 [2]
$2*3F847AE147AE147B
4 21 3FC9R
4 22 20
4 23 -1
4 24 ->
5 25 [2]
$2*3F847AE147AE147B
4 26 -1
4 27 2
4 28 2
4 29 0
3 30 ->
4 31 0
4 32 0
4 33 0
4 34 0
4 35 NULL
3 36 NULL
3 37 ->
4 38 d3
3 39 -1
2 8 ->
3 9 8
3 10 4
3 11 1
3 12 289
3 13 ->
4 14 3FD
4 15 3FD
4 16 ->
5 17 9
5 18 4
5 19 999
5 20 [2]
$2*3F847AE147AE147B
4 21 3FD
4 22 20
4 23 -1
4 24 ->
5 25 [2]
$2*3F847AE147AE147B
4 26 -1
4 27 2
4 28 2
4 29 0
3 30 ->
4 31 3FC
4 32 C063C1938D941FF9
4 33 BFFC8EC639786EB3
4 34 404B1EDB6DB6DB6E
4 35 NULL
3 36 NULL
3 37 ->
4 38 d4
@line_array 40 0
4 40 [1]
5 40 
@text_array 41 0
6 41 [2]
7 41 
@text_type 42 1
8 42 54
@text_value 43 10
8 43 n
@txt_attrib 44 1
8 44 1024
@owner_id 45 1
8 45 4
@part_id 46 1
8 46 8
@height 47 2
8 47 BFF
@width_factor 48 2
8 48 BFF
@format_info 49 0
8 49 
@thickness 50 2
8 50 BFF
7 41 
8 42 61
8 43 
8 44 1025
8 45 4
8 46 8
8 47 BFF
8 48 BFF
8 49 
8 50 BFF
3 39 -1
@ipar_num 51 1
1 51 0
@smt_info_ptr 52 0
1 52 NULL
@cable_info_ptr 53 0
1 53 NULL
@comp_info_ptr 54 0
1 54 NULL
@prt_misc_ptr 55 0
1 55 ->
@shrink_data_ptr 56 0
2 56 NULL
@expld_mv_info 57 0
1 57 NULL
@state_info_ptr 58 0
1 58 NULL
@alumni_feats 59 0
1 59 NULL
@p_mdl_grid 60 0
1 60 NULL
@mdl_status_ptr 61 0
1 61 NULL
@ribbon_info_ptr 62 0
1 62 NULL
@p_xref_data 63 0
1 63 ->
#ModelView#0
@View 1 0
0 1 ->
@id 2 1
1 2 0
@viewattr 3 0
1 3 
@attr_arr 4 1
2 4 [4]
$1,3*0
@mpoint 5 0
1 5 
@id 6 1
2 6 0
@coord 7 2
2 7 [3]
$2*0,3FB9R
@first_instr_ptr 8 0
2 8 NULL
@attach_ptr 9 0
2 9 NULL
@vpoint 10 0
1 10 
2 6 0
2 7 [3]
$407F4,407A5E,0
2 8 NULL
2 9 NULL
@orient 11 2
1 11 [4][4]
$3FED7954E7DBA2F8,0,3FD8EC3AE92B676B,0
$BFD385CE5246572,3FE3E43A9692E21C,3FE7167619F550A2,0
$BFCEFC077F3F36A6,BFE91103985DA841,3FE25240DD3851BF,0
$3*0,3FF
@local_sys 12 2
1 12 [4][4]
$4091F5E654DE384B,0,407E5FD7E31EC197,0
$C077CB06FDBD1496,40883E1AB4B31BE4,408C23513279C24B,0
$C072E18AADB0799E,C08E8CAC612883BA,408654335B6A6623,0
$408091AD557C0615,40803D113CEA7392,C07CB591A3D1FBE7,3FF
@first_instr_ptr 13 0
1 13 ->
@type 14 1
2 14 100
@geom_id 15 1
2 15 -1
@view_id 16 1
2 16 -1
@memb_num 17 1
2 17 0
@offset 18 2
2 18 0
@matrix 19 0
2 19 NULL
@next_instr_ptr 20 0
1 20 ->
2 14 301
2 15 -1
2 16 -1
2 17 0
2 18 40937FF5C92AD4EF
2 19 NULL
1 20 NULL
@outer_xsec_index 21 1
1 21 -1
@next_view_id 22 1
1 22 -2
@simp_rep_id 23 1
1 23 0
@name 24 10
1 24 no name
@matrix 25 2
1 25 [4][4]
$3FF,3*0
$0,3FF,2*0
$2*0,3FF,0
$3*0,3FF
@fit_outline 26 2
1 26 [2][3]
$4059,405518,C0883E542B231AAD
$408C2,4087BB,0
@det_info_ptr 27 0
1 27 NULL
@named_view_pzmatr 28 0
1 28 NULL
@page_id 29 1
1 29 0
@model_name 30 10
1 30 NULL
@unrep_model_name 31 10
1 31 NULL
@saved_pro_dls 32 0
1 32 ->
@dlists 33 0
2 33 [5]
3 33 
@appl_type 34 1
4 34 1
@dl_type 35 1
4 35 5
@dl_id 36 1
4 36 0
@list_ptr 37 0
4 37 ->
@disp_list_valid 38 1
5 38 1
@pending 39 1
5 39 0
@disp_list_status 40 1
5 40 3
@disp_list_version 41 1
5 41 1
@view_matrix 42 2
5 42 [4][4]
$4091F5E654DE384B,0,407E5FD7E31EC197,0
$C077CB06FDBD1496,40883E1AB4B31BE4,408C23513279C24B,0
$C072E18AADB0799E,C08E8CAC612883BA,408654335B6A6623,0
$408091AD557C0615,40803D113CEA7392,C07CB591A3D1FBE7,3FF
@outline 43 2
5 43 [2][3]
$BFD,BFCBB67AE,0
$3FD,3FCBB67AE,3FC99999A
@dl_block_mem_size 44 0
5 44 
@dl_block_mem_size 45 1
6 45 32768
@list 46 0
5 46 ->
@ptr 47 0
6 47 [6]
7 47 
@data(dl_clump) 48 0
8 48 ->
@dl_header 49 0
9 49 
@header 50 0
10 50 
@type 51 5
11 51 30
@count 52 5
11 52 1
@size 53 1
11 53 56
@size 54 1
9 54 84
@keys 55 1
9 55 [4]
$23,3*-1
@clump_size 56 1
9 56 84
@outline 57 0
9 57 NULL
7 47 
@data(dl_int) 58 0
8 58 ->
@dl_header 59 0
9 59 
10 50 
11 51 23
11 52 1
11 53 16
@value_int 60 1
9 60 33554433
7 47 
@data(dl_header) 61 0
8 61 ->
9 50 
10 51 31
10 52 0
10 53 12
7 47 
8 48 ->
9 49 
10 50 
11 51 30
11 52 1
11 53 56
9 54 96
9 55 [4]
$32,3*-1
9 56 96
9 57 NULL
7 47 
@data(dl_obj_node) 62 0
8 62 ->
@dl_obj_node 63 0
9 63 
@dl_header 64 0
10 64 
11 50 
12 51 32
12 52 1
12 53 28
@appl_type 65 1
10 65 46
@id 66 1
10 66 1
@num_keys 67 1
10 67 0
@keys 68 1
10 68 [200]
$2031616,12,198*0
7 47 
8 61 ->
9 50 
10 51 31
10 52 0
10 53 12
@locked 69 1
5 69 0
@visibile 70 1
5 70 1
@contents 71 1
5 71 65556
@attached 72 1
5 72 0
3 33 
4 34 42
4 35 7
4 36 0
4 37 ->
5 38 1
5 39 0
5 40 3
5 41 0
5 42 [4][4]
$4091F5E654DE384B,0,407E5FD7E31EC197,0
$C077CB06FDBD1496,40883E1AB4B31BE4,408C23513279C24B,0
$C072E18AADB0799E,C08E8CAC612883BA,408654335B6A6623,0
$408091AD557C0615,40803D113CEA7392,C07CB591A3D1FBE7,3FF
5 43 [2][3]
$407EC5FBC,407924AB6,C0783E542
$408058366,407B56A4E,C0771DBB6
5 44 
6 45 8192
5 46 ->
6 47 [30]
7 47 
8 58 ->
9 59 
10 50 
11 51 6
11 52 1
11 53 16
9 60 1
7 47 
8 58 ->
9 59 
10 50 
11 51 4
11 52 1
11 53 16
9 60 2
7 47 
8 58 ->
9 59 
10 50 
11 51 5
11 52 1
11 53 16
9 60 2
7 47 
8 58 ->
9 59 
10 50 
11 51 7
11 52 1
11 53 16
9 60 0
7 47 
8 58 ->
9 59 
10 50 
11 51 34
11 52 1
11 53 16
9 60 0
7 47 
@data(dl_float) 73 0
8 73 ->
@dl_header 74 0
9 74 
10 50 
11 51 8
11 52 1
11 53 16
@value_float 75 6
9 75 0
7 47 
@data(dl_matrix) 76 0
8 76 ->
@dl_header 77 0
9 77 
10 50 
11 51 1
11 52 16
11 53 76
@dl_matrix 78 6
9 78 [4][4]
$3F8,3*0
$0,3F8,2*0
$2*0,3F8,0
$3*0,3F8
7 47 
8 58 ->
9 59 
10 50 
11 51 47
11 52 1
11 53 16
9 60 1
7 47 
@data(dl_point) 79 0
8 79 ->
@header 80 0
9 80 
10 50 
11 51 48
11 52 1
11 53 24
@point 81 6
9 81 [3]
$43FA,43D2F,C3C1F2A1
7 47 
8 58 ->
9 59 
10 50 
11 51 6
11 52 1
11 53 16
9 60 1
7 47 
8 58 ->
9 59 
10 50 
11 51 4
11 52 1
11 53 16
9 60 1
7 47 
8 58 ->
9 59 
10 50 
11 51 5
11 52 1
11 53 16
9 60 2
7 47 
8 58 ->
9 59 
10 50 
11 51 7
11 52 1
11 53 16
9 60 0
7 47 
8 58 ->
9 59 
10 50 
11 51 34
11 52 1
11 53 16
9 60 0
7 47 
8 73 ->
9 74 
10 50 
11 51 8
11 52 1
11 53 16
9 75 0
7 47 
8 61 ->
9 50 
10 51 1024
10 52 52
10 53 12
7 47 
@data(dl_multi_line) 82 0
8 82 ->
@dl_multi_line 83 0
9 83 
@dl_header 84 0
10 84 
11 50 
12 51 26
12 52 2
12 53 52
@midpnt 85 6
10 85 [4]
$4148000F,43FFC1B3,43D2F,C3BF839
@points 86 6
10 86 [6]
$43FA,43D2F,C3C1F2A1,4402C1B3,43D2F,C3BD147E
7 47 
@data(dl_zi_filled_circles) 87 0
8 87 ->
@dl_zi_filled_circles 88 0
9 88 
@dl_header 89 0
10 89 
11 50 
12 51 52
12 52 1
12 53 32
@radius 90 6
10 90 4
@number 91 6
10 91 3F8
@centers 92 6
10 92 [1][3]
$4402C1B3,43D2F,C3BD147E
7 47 
8 58 ->
9 59 
10 50 
11 51 4
11 52 1
11 53 16
9 60 9
7 47 
8 61 ->
9 50 
10 51 1024
10 52 52
10 53 12
7 47 
8 82 ->
9 83 
10 84 
11 50 
12 51 26
12 52 2
12 53 52
10 85 [4]
$4147FFDF,43F87CB2,43CE0AAE,C3BE5E9
10 86 [6]
$43FA,43D2F,C3C1F2A1,43F6F963,43C9255B,C3BACA8
7 47 
8 87 ->
9 88 
10 89 
11 50 
12 51 52
12 52 1
12 53 32
10 90 402
10 91 3F8
10 92 [1][3]
$43F6F963,43C9255B,C3BACA8
7 47 
8 58 ->
9 59 
10 50 
11 51 4
11 52 1
11 53 16
9 60 10
7 47 
8 61 ->
9 50 
10 51 1024
10 52 52
10 53 12
7 47 
8 82 ->
9 83 
10 84 
11 50 
12 51 26
12 52 2
12 53 52
10 85 [4]
$4147FFF4,43F817EF,43D6D294,C3BD703E
10 86 [6]
$43FA,43D2F,C3C1F2A1,43F62FDE,43DAB527,C3B8EDDB
7 47 
8 87 ->
9 88 
10 89 
11 50 
12 51 52
12 52 1
12 53 32
10 90 404
10 91 3F8
10 92 [1][3]
$43F62FDE,43DAB527,C3B8EDDB
7 47 
8 79 ->
9 80 
10 50 
11 51 48
11 52 1
11 53 24
9 81 [3]
$52D951B5,D23BF5E8,53F49497
7 47 
8 58 ->
9 59 
10 50 
11 51 47
11 52 1
11 53 16
9 60 0
7 47 
8 58 ->
9 59 
10 50 
11 51 4
11 52 1
11 53 16
9 60 2
7 47 
8 61 ->
9 50 
10 51 0
10 52 0
10 53 0
5 69 0
5 70 1
5 71 11
5 72 0
3 33 
4 34 46
4 35 5
4 36 1
4 37 ->
5 38 1
5 39 0
5 40 3
5 41 0
5 42 [4][4]
$3FF,3*0
$0,3FF,2*0
$2*0,3FF,0
$3*0,3FF
5 43 [2][3]
$BFD,BFCBB67AE,0
$3FD,3FCBB67AE,3FC99999A
5 44 
6 45 1024
5 46 ->
6 47 [9]
7 47 
8 48 ->
9 49 
10 50 
11 51 30
11 52 1
11 53 56
9 54 144
9 55 [4]
$39,3*-1
9 56 144
9 57 NULL
7 47 
8 76 ->
9 77 
10 50 
11 51 39
11 52 1
11 53 76
9 78 [4][4]
$3F8,3*0
$0,3F8,2*0
$2*0,3F8,0
$4*0
7 47 
8 61 ->
9 50 
10 51 31
10 52 0
10 53 12
7 47 
8 48 ->
9 49 
10 50 
11 51 30
11 52 1
11 53 56
9 54 84
9 55 [4]
$23,3*-1
9 56 84
9 57 NULL
7 47 
8 58 ->
9 59 
10 50 
11 51 23
11 52 1
11 53 16
9 60 16
7 47 
8 61 ->
9 50 
10 51 31
10 52 0
10 53 12
7 47 
8 48 ->
9 49 
10 50 
11 51 30
11 52 1
11 53 56
9 54 88
9 55 [4]
$32,3*-1
9 56 88
9 57 NULL
7 47 
@data(dl_obj_disp_data) 93 0
8 93 ->
@obj_disp_data 94 0
9 94 
@dl_header 95 0
10 95 
11 50 
12 51 46
12 52 1
12 53 20
@override_color 96 1
10 96 -1
@disp_data 97 0
10 97 ->
@model_type 98 1
11 98 2
@generic_name 99 10
11 99 NULL
@label 100 10
11 100 NULL
7 47 
8 61 ->
9 50 
10 51 31
10 52 0
10 53 12
5 69 0
5 70 1
5 71 65540
5 72 1
3 33 
4 34 47
4 35 7
4 36 0
4 37 ->
5 38 1
5 39 0
5 40 3
5 41 0
5 42 [4][4]
$4091F5E654DE384B,0,407E5FD7E31EC197,0
$C077CB06FDBD1496,40883E1AB4B31BE4,408C23513279C24B,0
$C072E18AADB0799E,C08E8CAC612883BA,408654335B6A6623,0
$408091AD557C0615,40803D113CEA7392,C07CB591A3D1FBE7,3FF
5 43 [2][3]
$3*41CDCD64FR
$3*C1CDCD64FR
5 44 
6 45 8192
5 46 ->
6 47 [14]
7 47 
8 58 ->
9 59 
10 50 
11 51 6
11 52 1
11 53 16
9 60 1
7 47 
8 58 ->
9 59 
10 50 
11 51 4
11 52 1
11 53 16
9 60 2
7 47 
8 58 ->
9 59 
10 50 
11 51 5
11 52 1
11 53 16
9 60 2
7 47 
8 58 ->
9 59 
10 50 
11 51 7
11 52 1
11 53 16
9 60 0
7 47 
8 58 ->
9 59 
10 50 
11 51 34
11 52 1
11 53 16
9 60 0
7 47 
8 73 ->
9 74 
10 50 
11 51 8
11 52 1
11 53 16
9 75 0
7 47 
8 76 ->
9 77 
10 50 
11 51 1
11 52 16
11 53 76
9 78 [4][4]
$3F8,3*0
$0,3F8,2*0
$2*0,3F8,0
$3*0,3F8
7 47 
8 58 ->
9 59 
10 50 
11 51 6
11 52 1
11 53 16
9 60 1
7 47 
8 58 ->
9 59 
10 50 
11 51 4
11 52 1
11 53 16
9 60 2
7 47 
8 58 ->
9 59 
10 50 
11 51 5
11 52 1
11 53 16
9 60 2
7 47 
8 58 ->
9 59 
10 50 
11 51 7
11 52 1
11 53 16
9 60 0
7 47 
8 58 ->
9 59 
10 50 
11 51 34
11 52 1
11 53 16
9 60 0
7 47 
8 73 ->
9 74 
10 50 
11 51 8
11 52 1
11 53 16
9 75 0
7 47 
8 61 ->
9 50 
10 51 0
10 52 0
10 53 0
5 69 0
5 70 1
5 71 1
5 72 0
3 33 
4 34 49
4 35 7
4 36 0
4 37 ->
5 38 1
5 39 0
5 40 3
5 41 0
5 42 [4][4]
$4091F5E654DE384B,0,407E5FD7E31EC197,0
$C077CB06FDBD1496,40883E1AB4B31BE4,408C23513279C24B,0
$C072E18AADB0799E,C08E8CAC612883BA,408654335B6A6623,0
$408091AD557C0615,40803D113CEA7392,C07CB591A3D1FBE7,3FF
5 43 [2][3]
$40740BEF4,407160EF,C07CB591A
$40853A086,4081AD888,C073C716A
5 44 
6 45 8192
5 46 ->
6 47 [19]
7 47 
8 58 ->
9 59 
10 50 
11 51 6
11 52 1
11 53 16
9 60 1
7 47 
8 58 ->
9 59 
10 50 
11 51 4
11 52 1
11 53 16
9 60 2
7 47 
8 58 ->
9 59 
10 50 
11 51 5
11 52 1
11 53 16
9 60 2
7 47 
8 58 ->
9 59 
10 50 
11 51 7
11 52 1
11 53 16
9 60 0
7 47 
8 58 ->
9 59 
10 50 
11 51 34
11 52 1
11 53 16
9 60 0
7 47 
8 73 ->
9 74 
10 50 
11 51 8
11 52 1
11 53 16
9 75 0
7 47 
8 76 ->
9 77 
10 50 
11 51 1
11 52 16
11 53 76
9 78 [4][4]
$3F8,3*0
$0,3F8,2*0
$2*0,3F8,0
$3*0,3F8
7 47 
@data(dl_ref_color) 101 0
8 101 ->
@dl_header 102 0
9 102 
10 50 
11 51 9
11 52 1
11 53 88
@ref_color_flt 103 0
9 103 
@maximum 104 6
10 104 [3]
$3*BF8
@ambient 105 6
10 105 3F6R
@diffuse 106 6
10 106 3F6R
@specular 107 6
10 107 3F4CR
@spec_coef 108 6
10 108 3F
@transmission 109 6
10 109 0
@threshold 110 1
10 110 90
@gl_ind 111 1
10 111 6
@highlight 112 6
10 112 [3]
$3*3F8
@reflection 113 6
10 113 3F6R
@bump_height 114 6
10 114 3F8
@bump 115 3
10 115 NULL
@decal_intensity 116 6
10 116 42C8
@decal 117 3
10 117 NULL
@texture 118 3
10 118 NULL
7 47 
8 58 ->
9 59 
10 50 
11 51 6
11 52 1
11 53 16
9 60 1
7 47 
8 58 ->
9 59 
10 50 
11 51 4
11 52 1
11 53 16
9 60 2
7 47 
8 58 ->
9 59 
10 50 
11 51 5
11 52 1
11 53 16
9 60 2
7 47 
8 58 ->
9 59 
10 50 
11 51 7
11 52 1
11 53 16
9 60 0
7 47 
8 58 ->
9 59 
10 50 
11 51 34
11 52 1
11 53 16
9 60 0
7 47 
8 73 ->
9 74 
10 50 
11 51 8
11 52 1
11 53 16
9 75 0
7 47 
8 61 ->
9 50 
10 51 1024
10 52 112
10 53 12
7 47 
@data(dl_multi_polyline) 119 0
8 119 ->
@dl_multi_polyline 120 0
9 120 
@dl_header 121 0
10 121 
11 50 
12 51 27
12 52 6
12 53 112
@midpnt 122 6
10 122 [4]
$4370AAD,43FA,43D2F,C3C1F2A1
@narrays 123 0
10 123 
@number_of_spans 124 1
11 124 2
@spans 125 1
10 125 [2]
$2*3
@points 126 6
10 126 [18]
$4429D043,43ECC9A,C3E5AC8D,442242D8,43BBE88C,C3C1F2A1,441AB56E,438B0778,
$C39E38B5,43BE9524,440D6C4R,C3E5AC8D,43AF7A4F,43E9F774,C3C1F2A1,43A05F7A,
$43B9166,C39E38B6
7 47 
8 61 ->
9 50 
10 51 10
10 52 0
10 53 12
7 47 
8 58 ->
9 59 
10 50 
11 51 34
11 52 1
11 53 16
9 60 0
7 47 
8 61 ->
9 50 
10 51 0
10 52 0
10 53 0
5 69 0
5 70 1
5 71 65538
5 72 0
@wire_colors 127 1
5 127 [2]
$536936705,547003034
@explode_state 128 0
1 128 NULL
#DispDataColor
@ref_color_table 1 0
0 1 
@ref_color_arr 2 0
1 2 [1]
2 2 
@maximum 3 2
3 3 [3]
$3*3FF
@ambient 4 2
3 4 3FECR
@diffuse 5 2
3 5 3FECR
@specular 6 2
3 6 3FE9R
@spec_coef 7 2
3 7 3FE
@transmission 8 2
3 8 0
@threshold 9 1
3 9 90
@gl_ind 10 1
3 10 0
@highlight 11 2
3 11 [3]
$3*3FF
@reflection 12 2
3 12 3FECR
@bump_height 13 2
3 13 3FF
@bump 14 3
3 14 NULL
@decal_intensity 15 2
3 15 4059
@decal 16 3
3 16 NULL
@texture 17 3
3 17 NULL
#DispDataTable
@disp_data_table 1 0
0 1 
@disp_data_arr 2 0
1 2 [1]
2 2 
@disp_data 3 0
3 3 ->
@wire 4 0
4 4 
@disp_list_valid 5 1
5 5 1
@pending 6 1
5 6 0
@disp_list_status 7 1
5 7 3
@disp_list_version 8 1
5 8 94
@view_matrix 9 2
5 9 [4][4]
$3FF,3*0
$0,3FF,2*0
$2*0,3FF,0
$3*0,3FF
@outline 10 2
5 10 [2][3]
$BFD,BFCBB67AE,0
$3FD,3FCBB67AE,3FC99999A
@dl_block_mem_size 11 0
5 11 
@dl_block_mem_size 12 1
6 12 32768
@list 13 0
5 13 ->
@ptr 14 0
6 14 [19]
7 14 
@data(dl_int) 15 0
8 15 ->
@dl_header 16 0
9 16 
@header 17 0
10 17 
@type 18 5
11 18 6
@count 19 5
11 19 1
@size 20 1
11 20 16
@value_int 21 1
9 21 1
7 14 
8 15 ->
9 16 
10 17 
11 18 4
11 19 1
11 20 16
9 21 2
7 14 
8 15 ->
9 16 
10 17 
11 18 5
11 19 1
11 20 16
9 21 2
7 14 
8 15 ->
9 16 
10 17 
11 18 7
11 19 1
11 20 16
9 21 0
7 14 
8 15 ->
9 16 
10 17 
11 18 34
11 19 1
11 20 16
9 21 0
7 14 
@data(dl_float) 22 0
8 22 ->
@dl_header 23 0
9 23 
10 17 
11 18 8
11 19 1
11 20 16
@value_float 24 6
9 24 0
7 14 
8 15 ->
9 16 
10 17 
11 18 6
11 19 1
11 20 16
9 21 1
7 14 
8 15 ->
9 16 
10 17 
11 18 4
11 19 1
11 20 16
9 21 2
7 14 
8 15 ->
9 16 
10 17 
11 18 5
11 19 1
11 20 16
9 21 2
7 14 
8 15 ->
9 16 
10 17 
11 18 7
11 19 1
11 20 16
9 21 0
7 14 
8 15 ->
9 16 
10 17 
11 18 34
11 19 1
11 20 16
9 21 0
7 14 
8 22 ->
9 23 
10 17 
11 18 8
11 19 1
11 20 16
9 24 0
7 14 
@data(dl_arc3) 25 0
8 25 ->
@dl_header 26 0
9 26 
10 17 
11 18 43
11 19 1
11 20 140
@array 27 6
9 27 [15]
$3E,4*0,40490FDB,2*0,BF8,3E,2*0,BE,2*0
@matrix 28 6
9 28 [4][4]
$3F8,3*0
$0,3F8,2*0
$2*0,3F8,0
$4*0
7 14 
8 25 ->
9 26 
10 17 
11 18 43
11 19 1
11 20 140
9 27 [15]
$3E,4*0,40490FDB,2*0,BF8,BE,2*0,3E,2*0
9 28 [4][4]
$3F8,3*0
$0,3F8,2*0
$2*0,3F8,0
$4*0
7 14 
8 25 ->
9 26 
10 17 
11 18 43
11 19 1
11 20 140
9 27 [15]
$3E,2*0,3E4CR,0,40490FDB,2*0,BF8,3E,0,3E4CR,BE,0,3E4CR
9 28 [4][4]
$3F8,3*0
$0,3F8,2*0
$2*0,3F8,0
$4*0
7 14 
8 25 ->
9 26 
10 17 
11 18 43
11 19 1
11 20 140
9 27 [15]
$3E,2*0,3E4CR,0,40490FDB,2*0,BF8,BE,0,3E4CR,3E,0,3E4CR
9 28 [4][4]
$3F8,3*0
$0,3F8,2*0
$2*0,3F8,0
$4*0
7 14 
@data(dl_header) 29 0
8 29 ->
9 17 
10 18 1024
10 19 460
10 20 12
7 14 
@data(dl_multi_line) 30 0
8 30 ->
@dl_multi_line 31 0
9 31 
@dl_header 32 0
10 32 
11 17 
12 18 26
12 19 36
12 20 460
@midpnt 33 6
10 33 [4]
$3EB0E647,2*0,3DCR
@points 34 6
10 34 [108]
$BE8,2*0,BE,BE5DB3D7,0,BE,BE5DB3D7,0,3E,BE5DB3D7,0,3E,BE5DB3D7,0,3E8,2*0,
$3E8,2*0,3E,3E5DB3D7,0,3E,3E5DB3D7,0,BE,3E5DB3D7,0,BE,3E5DB3D7,0,BE8,2*0,BE8,
$0,3E4CR,BE,BE5DB3D7,3E4CR,BE,3E5DB3D7,3E4CR,BE8,0,3E4CR,3E,3E5DB3D7,3E4CR,
$BE,3E5DB3D7,3E4CR,3E8,0,3E4CR,3E,3E5DB3D7,3E4CR,3E,BE5DB3D7,3E4CR,3E8,0,
$3E4CR,BE,BE5DB3D7,3E4CR,3E,BE5DB3D7,3E4CR,BE8,2*0,BE8,0,3E4CR,BE,BE5DB3D7,0,
$BE,BE5DB3D7,3E4CR,3E,BE5DB3D7,0,3E,BE5DB3D7,3E4CR,3E8,2*0,3E8,0,3E4CR,3E,
$3E5DB3D7,0,3E,3E5DB3D7,3E4CR,BE,3E5DB3D7,0,BE,3E5DB3D7,3E4CR
7 14 
8 29 ->
9 17 
10 18 0
10 19 0
10 20 0
@locked 35 1
5 35 0
@visibile 36 1
5 36 1
@contents 37 1
5 37 2
@attached 38 1
5 38 0
@model_type 39 1
4 39 2
@generic_name 40 10
4 40 NULL
@label 41 10
4 41 NULL
#AssMrgPrt
@assem_merge_parts 1 0
0 1 ->
#END_OF_UGC
