#UGC:2 PART 964 400 0 1 1 15 1800 9645 000005f0 \
#- VERS 0 0                                                          \
#- HOST                                                              \
#- LINK                                                              \
#- DBID                                                              \
#- REVS 0,                                                           \
#- RELL 0,                                                           \
#- UOBJ_ID 832797680 400174001 147069714                             \
#- MACH HP_HP-UX_A.09.07_A                                           \
#-END_OF_UGC_HEADER
#P_OBJECT 6
@P_object 1 0
0 1 ->
@dep_db 2 0
1 2 ->
@usr_rev 3 0
1 3 [3]
2 3 
@name 4 10
3 4 MARKL
@mod_time 5 0
3 5 
@tm_sec 6 1
4 6 43
@tm_min 7 1
4 7 15
@tm_hour 8 1
4 8 11
@tm_mday 9 1
4 9 23
@tm_mon 10 1
4 10 4
@tm_year 11 1
4 11 96
@action 12 1
3 12 1000
@comment 13 10
3 13 Hostname: 'taimyr'
@rel_level 14 10
3 14 
@rev_string 15 10
3 15 
2 3 
3 4 STOOPS
3 5 
4 6 28
4 7 3
4 8 23
4 9 4
4 10 10
4 11 96
3 12 1000
3 13 Hostname: 'singap'
3 14 
3 15 
2 3 
3 4 USER
3 5 
4 6 31
4 7 39
4 8 20
4 9 19
4 10 10
4 11 96
3 12 1000
3 13 Hostname: 'water'
3 14 
3 15 
@revnum_std 16 1
1 16 54
@flag 17 1
1 17 0
@name 18 10
1 18 NULL
@inst_hidden 19 1
1 19 0
@old_name 20 10
1 20 NULL
@appl_data 21 0
1 21 ->
@bounding_box 22 2
2 22 [2][3]
$2*BFD,0
$2*3FD,3FA9R
@ver_key 23 0
1 23 ->
@time 24 1
2 24 847148589
@random_num 25 1
2 25 199059136
@hostid 26 1
2 26 151660655
#END_OF_P_OBJECT
#Pro/ENGINEER  TM  Version H-01-15  (c) 1988-96 by Parametric Technology Corporation  All Rights Reserved. 9645
@Toc 27 0
0 27 ->
@entry 28 10
1 28 [128]
2 28 BasicData 2b9a 47b 0 964########################################################
2 28 BasicText 3015 272 0 964########################################################
2 28 GeomDepen 3287 71 0 964#########################################################
2 28 DispCntrl 32f8 42 0 964#########################################################
2 28 DisplData 333a 38 0 964#########################################################
2 28 LargeText 3372 1fa 0 964########################################################
2 28 FamilyInf 356c 40 0 964#########################################################
2 28 VisibGeom 35ac 31e7 0 964#######################################################
2 28 NovisGeom 6793 56 0 964#########################################################
2 28 ActEntity 67e9 37f 0 964########################################################
2 28 AllFeatur 6b68 1762 0 964#######################################################
2 28 FullMData 82ca a04 0 964########################################################
2 28 ModelView#0 8cce 2ade 0 964#####################################################
2 28 DispDataColor b7ac 1be 0 964####################################################
2 28 DispDataTable b96a b3b 0 964####################################################
2 28 AssMrgPrt c4a5 29 0 964#########################################################
2 28 ################################################################################
2 28 ################################################################################
2 28 ################################################################################
2 28 ################################################################################
2 28 ################################################################################
2 28 ################################################################################
2 28 ################################################################################
2 28 ################################################################################
2 28 ################################################################################
2 28 ################################################################################
2 28 ################################################################################
2 28 ################################################################################
2 28 ################################################################################
2 28 ################################################################################
2 28 ################################################################################
2 28 ################################################################################
2 28 ################################################################################
2 28 ################################################################################
2 28 ################################################################################
2 28 ################################################################################
2 28 ################################################################################
2 28 ################################################################################
2 28 ################################################################################
2 28 ################################################################################
2 28 ################################################################################
2 28 ################################################################################
2 28 ################################################################################
2 28 ################################################################################
2 28 ################################################################################
2 28 ################################################################################
2 28 ################################################################################
2 28 ################################################################################
2 28 ################################################################################
2 28 ################################################################################
2 28 ################################################################################
2 28 ################################################################################
2 28 ################################################################################
2 28 ################################################################################
2 28 ################################################################################
2 28 ################################################################################
2 28 ################################################################################
2 28 ################################################################################
2 28 ################################################################################
2 28 ################################################################################
2 28 ################################################################################
2 28 ################################################################################
2 28 ################################################################################
2 28 ################################################################################
2 28 ################################################################################
2 28 ################################################################################
2 28 ################################################################################
2 28 ################################################################################
2 28 ################################################################################
2 28 ################################################################################
2 28 ################################################################################
2 28 ################################################################################
2 28 ################################################################################
2 28 ################################################################################
2 28 ################################################################################
2 28 ################################################################################
2 28 ################################################################################
2 28 ################################################################################
2 28 ################################################################################
2 28 ################################################################################
2 28 ################################################################################
2 28 ################################################################################
2 28 ################################################################################
2 28 ################################################################################
2 28 ################################################################################
2 28 ################################################################################
2 28 ################################################################################
2 28 ################################################################################
2 28 ################################################################################
2 28 ################################################################################
2 28 ################################################################################
2 28 ################################################################################
2 28 ################################################################################
2 28 ################################################################################
2 28 ################################################################################
2 28 ################################################################################
2 28 ################################################################################
2 28 ################################################################################
2 28 ################################################################################
2 28 ################################################################################
2 28 ################################################################################
2 28 ################################################################################
2 28 ################################################################################
2 28 ################################################################################
2 28 ################################################################################
2 28 ################################################################################
2 28 ################################################################################
2 28 ################################################################################
2 28 ################################################################################
2 28 ################################################################################
2 28 ################################################################################
2 28 ################################################################################
2 28 ################################################################################
2 28 ################################################################################
2 28 ################################################################################
2 28 ################################################################################
2 28 ################################################################################
2 28 ################################################################################
2 28 ################################################################################
2 28 ################################################################################
2 28 ################################################################################
2 28 ################################################################################
2 28 ################################################################################
2 28 ################################################################################
2 28 ################################################################################
2 28 ################################################################################
2 28 ################################################################################
2 28 ################################################################################
#BasicData
@Sld_BasicData 1 0
0 1 ->
@tab_key 2 1
1 2 0
@tab_key_struct 3 0
1 3 ->
@tab_key_ptr 4 0
2 4 [24]
@cmprs_tabkey 5 0
2 5 NULL
@type 6 1
1 6 2
@revnum_ptr 7 0
1 7 ->
@geom_revnum 8 1
2 8 55
@cosm_revnum 9 1
2 9 1
@tol_default_ptr 10 0
1 10 ->
@type 11 1
2 11 10
@value 12 2
2 12 [7]
$0,3FB9R,3F847AE147AE147B,3F50624DD2F1A9FC,3F1A36E2EB1C432D,
$3EE4F8B588E368F1,3EB0C6F7A0B5ED8E
@ang_value 13 2
2 13 [7]
$0,6*3FE
@standard 14 1
2 14 0
@iso_tol_tbls_ptr 15 0
2 15 NULL
@datum_count 16 1
1 16 0
@axis_count 17 1
1 17 2
@insert_layer_id 18 1
1 18 -1
@layer_count 19 1
1 19 1
@rel_part_eps 20 2
1 20 3F53A92A30553261
@model_eps 21 2
1 21 0
@fixed_model_eps 22 1
1 22 0
@assembled_count 23 1
1 23 0
@part_type 24 1
1 24 1
@first_ent_id 25 1
1 25 516377
@first_view_id 26 1
1 26 0
@outline 27 2
1 27 [2][3]
$2*BFD,0
$2*3FD,3FA9R
@dim_num 28 1
1 28 3
@geom_lib_ptr 29 0
1 29 NULL
@attrib_array 30 1
1 30 [2]
$2*0
@max_part_size 31 2
1 31 3FE6AF150DC81142
@model_name 32 10
1 32 W101324P02
@disp_outl_info 33 0
1 33 
@disp_outline 34 2
2 34 [2][3]
$2*BFD,0
$2*3FD,3FA9R
@sel_outl_info 35 0
1 35 ->
@outline 36 2
2 36 [2][3]
$2*BFD,0
$2*3FD,3FA9R
#BasicText
@Sld_BasicText 1 0
0 1 ->
@assem_mass_prop_ptr 2 0
1 2 NULL
@mass_prop_ptr 3 0
1 3 ->
@type 4 1
2 4 0
@density 5 2
2 5 0
@init_dens 6 5
2 6 0
@rel_density 7 2
2 7 0
@init_rel_dens 8 5
2 8 0
@aver_density 9 2
2 9 0
@vrevnum 10 1
2 10 -1
@volume 11 2
2 11 0
@cg 12 2
2 12 [3]
$3*0
@inertia 13 2
2 13 [3][3]
$3*0
$3*0
$3*0
@eps 14 2
2 14 0
@surfarea 15 2
2 15 0
@assign_mp_ptr 16 0
1 16 NULL
@mat_name_ptr 17 10
1 17 NULL
@unit_arr 18 0
1 18 [3]
2 18 
@type 19 1
3 19 1
@factor 20 2
3 20 3FF
@name 21 10
3 21 INCH
@unit_type 22 1
3 22 0
2 18 
3 19 2
3 20 3FF
3 21 POUND
3 22 1
2 18 
3 19 11
3 20 3FF
3 21 HOURS
3 22 2
#GeomDepen
@Sld_GeomDepend 1 0
0 1 ->
@frst_geom_ptr 2 1
1 2 2
@fem_data 3 0
1 3 NULL
@first_quilt_ptr 4 1
1 4 0
#DispCntrl
@Sld_DispCntrl 1 0
0 1 ->
@color_prop_ptr 2 0
1 2 NULL
#DisplData
@Sld_DispData 1 0
0 1 ->
@disp_data 2 0
1 2 
#LargeText
@Sld_LargeText 1 0
0 1 ->
@relpar_sets 2 0
1 2 [1]
2 2 
@id 3 1
3 3 -1
@type 4 1
3 4 2
@ext_ref_id 5 1
3 5 -1
@param_arr 6 0
3 6 [4]
4 6 ->
@sym 7 10
5 7 
@value 8 0
5 8 
@type 9 1
6 9 51
@value(s_val) 10 10
6 10 
@bak_value 11 0
5 11 
6 9 51
6 10 
4 6 ->
5 7 DESC
5 8 
6 9 51
6 10 washer
5 11 
6 9 51
6 10 washer
4 6 ->
5 7 
5 8 
6 9 50
@value(d_val) 12 2
6 12 0
5 11 
6 9 50
6 12 0
4 6 ->
5 7 BIN
5 8 
6 9 50
6 12 40468
5 11 
6 9 50
6 12 40468
@relatnum 13 1
3 13 0
@cfg_states 14 0
1 14 NULL
#FamilyInf
@Sld_FamilyInfo 1 0
0 1 ->
@drv_tbl_ptr 2 0
1 2 NULL
#VisibGeom
@Sld_VisGeom 1 0
0 1 ->
@active_geom 2 0
1 2 
@srf_array 3 0
2 3 [6]
3 3 ->
@geom_type 4 1
4 4 34
@geom_id 5 1
4 5 2
@feat_id 6 1
4 6 1
@boundary_type 7 1
4 7 0
@envlp 8 2
4 8 [2][2]
$2*BFD
$2*3FD
@srf_prim_ptr(plane) 9 0
4 9 ->
@local_sys 10 2
5 10 [4][3]
$3FF,2*0
$0,3FF,0
$2*0,3FF
$3*0
@frst_cntr_ptr 11 0
4 11 ->
@frst_cntr_crv_hdr_ptr 12 1
5 12 3
@trv 13 1
5 13 1
@envlp 14 2
5 14 [2][2]
$2*BFD
$2*3FD
@next_cntr_ptr 15 0
4 15 ->
5 12 5
5 13 -1
5 14 [2][2]
$BFC,BFC0041A9982CE34
$3FC,3FC0041A9982CE34
4 15 NULL
@next_geom_ptr 16 1
4 16 7
@orient 17 1
4 17 -1
@outline 18 2
4 18 [2][3]
$2*BFD,0
$2*3FD,0
3 3 ->
4 4 34
4 5 7
4 6 1
4 7 0
4 8 [2][2]
$2*BFD
$2*3FD
4 9 ->
5 10 [4][3]
$3FF,2*0
$0,3FF,0
$2*0,3FF
$2*0,3FA9R
4 11 ->
5 12 8
5 13 1
5 14 [2][2]
$2*BFD
$2*3FD
4 15 ->
5 12 10
5 13 -1
5 14 [2][2]
$BFC,BFC0041A9982CE34
$3FC,3FC0041A9982CE34
4 15 NULL
4 16 12
4 17 1
4 18 [2][3]
$2*BFD,3FA9R
$2*3FD,3FA9R
3 3 ->
4 4 36
4 5 12
4 6 1
4 7 1
4 8 [2][2]
$2*0
$400921FB54442D18,3FA9R
@srf_prim_ptr(cylinder) 19 0
4 19 ->
@local_sys 20 2
5 20 [4][3]
$3FF,2*0
$0,3FF,0
$2*0,3FF
$3*0
@radius 21 2
5 21 3FD
4 11 ->
5 12 3
5 13 1
5 14 [2][2]
$2*0
$400921FB54442D18,3FA9R
4 15 NULL
4 16 14
4 17 1
4 18 [2][3]
$BFD,2*0
$2*3FD,3FA9R
3 3 ->
4 4 36
4 5 14
4 6 1
4 7 1
4 8 [2][2]
$400921FB54442D18,0
$401921FB54442D18,3FA9R
4 19 ->
5 20 [4][3]
$3FF,2*0
$0,3FF,0
$2*0,3FF
$3*0
5 21 3FD
4 11 ->
5 12 4
5 13 1
5 14 [2][2]
$400921FB54442D18,0
$401921FB54442D18,3FA9R
4 15 NULL
4 16 16
4 17 1
4 18 [2][3]
$2*BFD,0
$3FD,0,3FA9R
3 3 ->
4 4 36
4 5 16
4 6 1
4 7 1
4 8 [2][2]
$400921FB54442D18,0
$401921FB54442D18,3FA9R
4 19 ->
5 20 [4][3]
$3FF,2*0
$0,3FF,0
$2*0,3FF
$3*0
5 21 3FC
4 11 ->
5 12 5
5 13 1
5 14 [2][2]
$400921FB54442D18,0
$401921FB54442D18,3FA9R
4 15 NULL
4 16 18
4 17 -1
4 18 [2][3]
$2*BFC,0
$3FC,0,3FA9R
3 3 ->
4 4 36
4 5 18
4 6 1
4 7 1
4 8 [2][2]
$2*0
$400921FB54442D18,3FA9R
4 19 ->
5 20 [4][3]
$3FF,2*0
$0,3FF,0
$2*0,3FF
$3*0
5 21 3FC
4 11 ->
5 12 6
5 13 1
5 14 [2][2]
$2*0
$400921FB54442D18,3FA9R
4 15 NULL
4 16 0
4 17 -1
4 18 [2][3]
$BFC,2*0
$2*3FC,3FA9R
@crv_array 22 0
2 22 [12]
3 22 ->
@crv_id 23 1
4 23 3
@feat_id 24 1
4 24 1
@type 25 1
4 25 0
@crv_pnt_dir 26 1
4 26 [2]
$1,-1
@crv_pnt_arr 27 2
4 27 [23][4]
$3FD,3*0
$3FCFAC9E043842EF,3FA2375F640F44DB,3FC247426BD47DE4,0
$3FCEB42A9BCD5057,3FB207E7FD768DBF,3FD247426BD47DE3,0
$3FCD1BB48EEE2C14,3FBA9628D9C712B5,3FDB6AE3A1BEBCD3,0
$3FCAEB8C8764F0BA,3FC14CEDF8BB580B,3FE247426BD47DE3,0
$3FC82F19BB3A28A2,3FC4F49E7F775886,3FE6D91306C99D5B,0
$3FC4F49E7F775887,3FC82F19BB3A28A1,3FEB6AE3A1BEBCD4,0
$3FC14CEDF8BB580C,3FCAEB8C8764F0B9,3FEFFCB43CB3DC4C,0
$3FBA9628D9C712B6,3FCD1BB48EEE2C13,3FF247426BD47DE3,0
$3FB207E7FD768DBE,3FCEB42A9BCD5057,3FF4902AB94F0DA,0
$3FA2375F640F44E2,3FCFAC9E043842EF,3FF6D91306C99D5B,0
$0,3FD,3FF921FB54442D18,0
$BFA2375F640F44D6,3FCFAC9E043842F,3FFB6AE3A1BEBCD4,0
$BFB207E7FD768DBF,3FCEB42A9BCD5057,3FFDB3CBEF394C91,0
$BFBA9628D9C712B4,3FCD1BB48EEE2C14,3FFFFCB43CB3DC4D,0
$BFC14CEDF8BB5808,3FCAEB8C8764F0BC,400122CE45173604,0
$BFC4F49E7F775886,3FC82F19BB3A28A1,400247426BD47DE3,0
$BFC82F19BB3A28A,3FC4F49E7F7758R,40036BB69291C5C1,0
$BFCAEB8C8764F0BR,3FC14CEDF8BB580A,4004902AB94F0DA,0
$BFCD1BB48EEE2C14,3FBA9628D9C712B4,4005B49EE00C557E,0
$BFCEB42A9BCD5056,3FB207E7FD768DC6,4006D91306C99D5B,0
$BFCFAC9E043842EF,3FA2375F640F44DC,4007FD872D86E53A,0
$BFD,0,400921FB54442D18,0
@crv_hdr_geom_ptr[0] 28 1
4 28 2
@crv_hdr_geom_ptr[1] 29 1
4 29 12
@next_crv_hdr_ptr[0] 30 1
4 30 4
@next_crv_hdr_ptr[1] 31 1
4 31 13
@ref_geom[0] 32 1
4 32 0
@ref_geom[1] 33 1
4 33 0
3 22 ->
4 23 4
4 24 1
4 25 0
4 26 [2]
$1,-1
4 27 [23][4]
$BFD,0,400921FB54442D18,0
$BFCFAC9E043842F,BFA2375F640F44D3,400A466F7B0174F5,0
$BFCEB42A9BCD5058,BFB207E7FD768DBA,400B6AE3A1BEBCD3,0
$BFCD1BB48EEE2C15,BFBA9628D9C712B,400C8F57C87C04B1,0
$BFCAEB8C8764F0BA,BFC14CEDF8BB580B,400DB3CBEF394C9,0
$BFC82F19BB3A28A2,BFC4F49E7F775886,400ED84015F6946E,0
$BFC4F49E7F7758R,BFC82F19BB3A28A,400FFCB43CB3DC4C,0
$BFC14CEDF8BB580A,BFCAEB8C8764F0BA,4010909431B89216,0
$BFBA9628D9C712B5,BFCD1BB48EEE2C14,401122CE45173605,0
$BFB207E7FD768DC,BFCEB42A9BCD5057,4011B5085875D9F4,0
$BFA2375F640F44DE,BFCFAC9E043842EF,401247426BD47DE3,0
$0,BFD,4012D97C7F3321D2,0
$3FA2375F640F44D1,BFCFAC9E043842F,40136BB69291C5C1,0
$3FB207E7FD768DB9,BFCEB42A9BCD5058,4013FDF0A5F069B,0
$3FBA9628D9C712AF,BFCD1BB48EEE2C15,4014902AB94F0D9F,0
$3FC14CEDF8BB5807,BFCAEB8C8764F0BC,40152264CCADB18E,0
$3FC4F49E7F775889,BFC82F19BB3A28A,4015B49EE00C557E,0
$3FC82F19BB3A289D,BFC4F49E7F77588B,401646D8F36AF96C,0
$3FCAEB8C8764F0BA,BFC14CEDF8BB580A,4016D91306C99D5C,0
$3FCD1BB48EEE2C13,BFBA9628D9C712B6,40176B4D1A28414B,0
$3FCEB42A9BCD5057,BFB207E7FD768DC1,4017FD872D86E53A,0
$3FCFAC9E043842EF,BFA2375F640F44E1,40188FC140E58929,0
$3FD,0,401921FB54442D18,0
4 28 2
4 29 14
4 30 3
4 31 15
4 32 0
4 33 0
3 22 ->
4 23 5
4 24 1
4 25 0
4 26 [2]
$1,-1
4 27 [20][4]
$3FC,0,401921FB54442D18,0
$3FBF90459484F2B1,BF95116F7F2D58DE,401878AA9C276F46,0
$3FBE442285231BE1,BFA4C7E04850CFAE,4017CF59E40AB175,0
$3FBC24A622E3E9FA,BFAE75EC0DED7BEB,401726092BEDF3A4,0
$3FB940A398F9CD21,BFB3A7A16B394425,40167CB873D135D2,0
$3FB5AC4A670A1CFA,BFB78B0CDEE73E14,4015D367BBB478,0
$3FB180996C77C8C7,BFBACA115AAE3DE6,40152A170397BA2F,0
$3FA9B560B9F596EB,BFBD4E03DD110B08,401480C64B7AFC5E,0
$3F9F6C118574C831,BFBF0553B4DE2E19,4013D775935E3E8C,0
$3F8523EB8420F5F8,BFBFE40529A542AR,40132E24DB4180BR,0
$BF8523EB8420F613,BFBFE40529A542AR,401284D42324C2E9,0
$BF9F6C118574C83D,BFBF0553B4DE2E18,4011DB836B080518,0
$BFA9B560B9F596F1,BFBD4E03DD110B07,40113232B2EB4746,0
$BFB180996C77C8CA,BFBACA115AAE3DE4,401088E1FACE8974,0
$BFB5AC4A670A1CFR,BFB78B0CDEE73E0F,400FBF2285639746,0
$BFB940A398F9CD24,BFB3A7A16B394423,400E6C81152A1BA3,0
$BFBC24A622E3E9F9,BFAE75EC0DED7BED,400D19DFA4F0A001,0
$BFBE442285231BE2,BFA4C7E04850CFA8,400BC73E34B7245D,0
$BFBF90459484F2B3,BF95116F7F2D58C1,400A749CC47DA8BA,0
$BFC,0,400921FB54442D18,0
4 28 2
4 29 16
4 30 6
4 31 17
4 32 0
4 33 0
3 22 ->
4 23 6
4 24 1
4 25 0
4 26 [2]
$1,-1
4 27 [20][4]
$BFC,0,400921FB54442D18,0
$BFBF90459484F2B2,3F95116F7F2D58CA,4007CF59E40AB175,0
$BFBE442285231BE1,3FA4C7E04850CFAC,40067CB873D135D2,0
$BFBC24A622E3E9F8,3FAE75EC0DED7BF,40052A170397BA2F,0
$BFB940A398F9CD2R,3FB3A7A16B394424,4003D775935E3E8C,0
$BFB5AC4A670A1CFD,3FB78B0CDEE73E1R,400284D42324C2E9,0
$BFB180996C77C8C8,3FBACA115AAE3DE5,40013232B2EB4746,0
$BFA9B560B9F596E6,3FBD4E03DD110B09,3FFFBF2285639746,0
$BF9F6C118574C83D,3FBF0553B4DE2E18,3FFD19DFA4F0A001,0
$BF8523EB8420F5F1,3FBFE40529A542AR,3FFA749CC47DA8BR,0
$3F8523EB8420F5FA,3FBFE40529A542AR,3FF7CF59E40AB175,0
$3F9F6C118574C841,3FBF0553B4DE2E18,3FF52A170397BA2F,0
$3FA9B560B9F596EB,3FBD4E03DD110B08,3FF284D42324C2E9,0
$3FB180996C77C8CB,3FBACA115AAE3DE4,3FEFBF2285639746,0
$3FB5AC4A670A1CFR,3FB78B0CDEE73E0F,3FEA749CC47DA8BR,0
$3FB940A398F9CD23,3FB3A7A16B394423,3FE52A170397BA3,0
$3FBC24A622E3E9F9,3FAE75EC0DED7BED,3FDFBF2285639747,0
$3FBE442285231BE1,3FA4C7E04850CFA9,3FD52A170397BA3,0
$3FBF90459484F2B2,3F95116F7F2D58C5,3FC52A170397BA3,0
$3FC,3*0
4 28 2
4 29 18
4 30 5
4 31 19
4 32 0
4 33 0
3 22 ->
4 23 8
4 24 1
4 25 0
4 26 [2]
$-1,1
4 27 [23][4]
$3FD,2*0,3FA9R
$3FCFAC9E043842EF,3FA2375F640F44DB,3FC247426BD47DE4,3FA9R
$3FCEB42A9BCD5057,3FB207E7FD768DBF,3FD247426BD47DE3,3FA9R
$3FCD1BB48EEE2C14,3FBA9628D9C712B5,3FDB6AE3A1BEBCD3,3FA9R
$3FCAEB8C8764F0BA,3FC14CEDF8BB580B,3FE247426BD47DE3,3FA9R
$3FC82F19BB3A28A2,3FC4F49E7F775886,3FE6D91306C99D5B,3FA9R
$3FC4F49E7F775887,3FC82F19BB3A28A1,3FEB6AE3A1BEBCD4,3FA9R
$3FC14CEDF8BB580C,3FCAEB8C8764F0B9,3FEFFCB43CB3DC4C,3FA9R
$3FBA9628D9C712B6,3FCD1BB48EEE2C13,3FF247426BD47DE3,3FA9R
$3FB207E7FD768DBE,3FCEB42A9BCD5057,3FF4902AB94F0DA,3FA9R
$3FA2375F640F44E2,3FCFAC9E043842EF,3FF6D91306C99D5B,3FA9R
$0,3FD,3FF921FB54442D18,3FA9R
$BFA2375F640F44D6,3FCFAC9E043842F,3FFB6AE3A1BEBCD4,3FA9R
$BFB207E7FD768DBF,3FCEB42A9BCD5057,3FFDB3CBEF394C91,3FA9R
$BFBA9628D9C712B4,3FCD1BB48EEE2C14,3FFFFCB43CB3DC4D,3FA9R
$BFC14CEDF8BB5808,3FCAEB8C8764F0BC,400122CE45173604,3FA9R
$BFC4F49E7F775886,3FC82F19BB3A28A1,400247426BD47DE3,3FA9R
$BFC82F19BB3A28A,3FC4F49E7F7758R,40036BB69291C5C1,3FA9R
$BFCAEB8C8764F0BR,3FC14CEDF8BB580A,4004902AB94F0DA,3FA9R
$BFCD1BB48EEE2C14,3FBA9628D9C712B4,4005B49EE00C557E,3FA9R
$BFCEB42A9BCD5056,3FB207E7FD768DC6,4006D91306C99D5B,3FA9R
$BFCFAC9E043842EF,3FA2375F640F44DC,4007FD872D86E53A,3FA9R
$BFD,0,400921FB54442D18,3FA9R
4 28 7
4 29 12
4 30 9
4 31 15
4 32 0
4 33 0
3 22 ->
4 23 9
4 24 1
4 25 0
4 26 [2]
$-1,1
4 27 [23][4]
$BFD,0,400921FB54442D18,3FA9R
$BFCFAC9E043842F,BFA2375F640F44D3,400A466F7B0174F5,3FA9R
$BFCEB42A9BCD5058,BFB207E7FD768DBA,400B6AE3A1BEBCD3,3FA9R
$BFCD1BB48EEE2C15,BFBA9628D9C712B,400C8F57C87C04B1,3FA9R
$BFCAEB8C8764F0BA,BFC14CEDF8BB580B,400DB3CBEF394C9,3FA9R
$BFC82F19BB3A28A2,BFC4F49E7F775886,400ED84015F6946E,3FA9R
$BFC4F49E7F7758R,BFC82F19BB3A28A,400FFCB43CB3DC4C,3FA9R
$BFC14CEDF8BB580A,BFCAEB8C8764F0BA,4010909431B89216,3FA9R
$BFBA9628D9C712B5,BFCD1BB48EEE2C14,401122CE45173605,3FA9R
$BFB207E7FD768DC,BFCEB42A9BCD5057,4011B5085875D9F4,3FA9R
$BFA2375F640F44DE,BFCFAC9E043842EF,401247426BD47DE3,3FA9R
$0,BFD,4012D97C7F3321D2,3FA9R
$3FA2375F640F44D1,BFCFAC9E043842F,40136BB69291C5C1,3FA9R
$3FB207E7FD768DB9,BFCEB42A9BCD5058,4013FDF0A5F069B,3FA9R
$3FBA9628D9C712AF,BFCD1BB48EEE2C15,4014902AB94F0D9F,3FA9R
$3FC14CEDF8BB5807,BFCAEB8C8764F0BC,40152264CCADB18E,3FA9R
$3FC4F49E7F775889,BFC82F19BB3A28A,4015B49EE00C557E,3FA9R
$3FC82F19BB3A289D,BFC4F49E7F77588B,401646D8F36AF96C,3FA9R
$3FCAEB8C8764F0BA,BFC14CEDF8BB580A,4016D91306C99D5C,3FA9R
$3FCD1BB48EEE2C13,BFBA9628D9C712B6,40176B4D1A28414B,3FA9R
$3FCEB42A9BCD5057,BFB207E7FD768DC1,4017FD872D86E53A,3FA9R
$3FCFAC9E043842EF,BFA2375F640F44E1,40188FC140E58929,3FA9R
$3FD,0,401921FB54442D18,3FA9R
4 28 7
4 29 14
4 30 8
4 31 13
4 32 0
4 33 0
3 22 ->
4 23 10
4 24 1
4 25 0
4 26 [2]
$-1,1
4 27 [20][4]
$3FC,0,401921FB54442D18,3FA9R
$3FBF90459484F2B1,BF95116F7F2D58DE,401878AA9C276F46,3FA9R
$3FBE442285231BE1,BFA4C7E04850CFAE,4017CF59E40AB175,3FA9R
$3FBC24A622E3E9FA,BFAE75EC0DED7BEB,401726092BEDF3A4,3FA9R
$3FB940A398F9CD21,BFB3A7A16B394425,40167CB873D135D2,3FA9R
$3FB5AC4A670A1CFA,BFB78B0CDEE73E14,4015D367BBB478,3FA9R
$3FB180996C77C8C7,BFBACA115AAE3DE6,40152A170397BA2F,3FA9R
$3FA9B560B9F596EB,BFBD4E03DD110B08,401480C64B7AFC5E,3FA9R
$3F9F6C118574C831,BFBF0553B4DE2E19,4013D775935E3E8C,3FA9R
$3F8523EB8420F5F8,BFBFE40529A542AR,40132E24DB4180BR,3FA9R
$BF8523EB8420F613,BFBFE40529A542AR,401284D42324C2E9,3FA9R
$BF9F6C118574C83D,BFBF0553B4DE2E18,4011DB836B080518,3FA9R
$BFA9B560B9F596F1,BFBD4E03DD110B07,40113232B2EB4746,3FA9R
$BFB180996C77C8CA,BFBACA115AAE3DE4,401088E1FACE8974,3FA9R
$BFB5AC4A670A1CFR,BFB78B0CDEE73E0F,400FBF2285639746,3FA9R
$BFB940A398F9CD24,BFB3A7A16B394423,400E6C81152A1BA3,3FA9R
$BFBC24A622E3E9F9,BFAE75EC0DED7BED,400D19DFA4F0A001,3FA9R
$BFBE442285231BE2,BFA4C7E04850CFA8,400BC73E34B7245D,3FA9R
$BFBF90459484F2B3,BF95116F7F2D58C1,400A749CC47DA8BA,3FA9R
$BFC,0,400921FB54442D18,3FA9R
4 28 7
4 29 16
4 30 11
4 31 19
4 32 0
4 33 0
3 22 ->
4 23 11
4 24 1
4 25 0
4 26 [2]
$-1,1
4 27 [20][4]
$BFC,0,400921FB54442D18,3FA9R
$BFBF90459484F2B2,3F95116F7F2D58CA,4007CF59E40AB175,3FA9R
$BFBE442285231BE1,3FA4C7E04850CFAC,40067CB873D135D2,3FA9R
$BFBC24A622E3E9F8,3FAE75EC0DED7BF,40052A170397BA2F,3FA9R
$BFB940A398F9CD2R,3FB3A7A16B394424,4003D775935E3E8C,3FA9R
$BFB5AC4A670A1CFD,3FB78B0CDEE73E1R,400284D42324C2E9,3FA9R
$BFB180996C77C8C8,3FBACA115AAE3DE5,40013232B2EB4746,3FA9R
$BFA9B560B9F596E6,3FBD4E03DD110B09,3FFFBF2285639746,3FA9R
$BF9F6C118574C83D,3FBF0553B4DE2E18,3FFD19DFA4F0A001,3FA9R
$BF8523EB8420F5F1,3FBFE40529A542AR,3FFA749CC47DA8BR,3FA9R
$3F8523EB8420F5FA,3FBFE40529A542AR,3FF7CF59E40AB175,3FA9R
$3F9F6C118574C841,3FBF0553B4DE2E18,3FF52A170397BA2F,3FA9R
$3FA9B560B9F596EB,3FBD4E03DD110B08,3FF284D42324C2E9,3FA9R
$3FB180996C77C8CB,3FBACA115AAE3DE4,3FEFBF2285639746,3FA9R
$3FB5AC4A670A1CFR,3FB78B0CDEE73E0F,3FEA749CC47DA8BR,3FA9R
$3FB940A398F9CD23,3FB3A7A16B394423,3FE52A170397BA3,3FA9R
$3FBC24A622E3E9F9,3FAE75EC0DED7BED,3FDFBF2285639747,3FA9R
$3FBE442285231BE1,3FA4C7E04850CFA9,3FD52A170397BA3,3FA9R
$3FBF90459484F2B2,3F95116F7F2D58C5,3FC52A170397BA3,3FA9R
$3FC,2*0,3FA9R
4 28 7
4 29 18
4 30 10
4 31 17
4 32 0
4 33 0
3 22 ->
4 23 13
4 24 1
4 25 1
4 26 [2]
$1,-1
4 27 [2][4]
$2*0,401921FB54442D18,0
$0,3FA9R,401921FB54442D18,3FA9R
4 28 12
4 29 14
4 30 8
4 31 4
4 32 0
4 33 0
3 22 ->
4 23 15
4 24 1
4 25 1
4 26 [2]
$1,-1
4 27 [2][4]
$400921FB54442D18,0,400921FB54442D18,0
$400921FB54442D18,3FA9R,400921FB54442D18,3FA9R
4 28 14
4 29 12
4 30 9
4 31 3
4 32 0
4 33 0
3 22 ->
4 23 17
4 24 1
4 25 1
4 26 [2]
$1,-1
4 27 [2][4]
$401921FB54442D18,3*0
$401921FB54442D18,3FA9R,0,3FA9R
4 28 16
4 29 18
4 30 10
4 31 6
4 32 0
4 33 0
3 22 ->
4 23 19
4 24 1
4 25 1
4 26 [2]
$1,-1
4 27 [2][4]
$400921FB54442D18,0,400921FB54442D18,0
$400921FB54442D18,3FA9R,400921FB54442D18,3FA9R
4 28 18
4 29 16
4 30 11
4 31 5
4 32 0
4 33 0
#NovisGeom
@Sld_NonVisGeom 1 0
0 1 ->
@inactive_geom 2 0
1 2 
@external_geom 3 0
1 3 
#ActEntity
@Sld_Entities 1 0
0 1 ->
@act_feat_ents 2 0
1 2 [1]
2 2 
@feat_id 3 1
3 3 1
@datum_id 4 1
3 4 -1
@entity_ptr(line3d) 5 0
3 5 ->
@type 6 1
4 6 11
@id 7 1
4 7 20
@gen_info 8 0
4 8 
@geom_id 9 1
4 9 12
@end1 10 2
4 10 [3]
$3*0
@end2 11 2
4 11 [3]
$BFD,2*0
@entity(line3d) 12 0
3 12 ->
4 6 13
4 7 21
4 8 
@color 13 1
5 13 1
4 9 12
4 10 [3]
$3*0
4 11 [3]
$2*0,3FA9R
@entity(text) 14 0
3 14 ->
@text_type 15 1
4 15 19
@text_value 16 10
4 16 A_1
@txt_attrib 17 1
4 17 1
@coord 18 2
4 18 [3]
$407FBBE8436D0A01,407BEEF6CF5743EF,C0788096BF8C79B8
@part_id 19 1
4 19 12
@height 20 2
4 20 BFF
@width_factor 21 2
4 21 BFF
@format_info 22 0
4 22 
@thickness 23 2
4 23 BFF
3 12 ->
4 6 16395
4 7 22
4 8 
4 9 18
4 10 [3]
$3*0
4 11 [3]
$BFC,2*0
3 12 ->
4 6 16397
4 7 23
4 8 
4 9 18
4 10 [3]
$3*0
4 11 [3]
$2*0,3FA9R
3 14 ->
4 15 19
4 16 A_2
4 17 1
4 18 [3]
$3*0
4 19 12
4 20 BFF
4 21 BFF
4 22 
4 23 BFF
#AllFeatur
@Sld_Features 1 0
0 1 ->
@first_feat_ptr 2 0
1 2 ->
@id 3 1
2 3 1
@indep_attributes 4 1
2 4 4097
@feat_type_ptr 5 0
2 5 ->
@table_id 6 1
3 6 -1
@type 7 1
3 7 0
@feattype_key 8 10
3 8 NULL
@form 9 1
3 9 1
@attributes 10 1
3 10 [3]
$0,65536,0
@placement 11 1
3 11 0
@intersection 12 1
3 12 991
@internal_udf_type 13 1
3 13 -1
@param_choice_ptr 14 0
3 14 ->
@blend_choice 15 1
4 15 0
@depth_choice 16 1
4 16 1
@angle_choice 17 1
4 17 -1
@pat_choice 18 1
4 18 -1
@round_choice 19 1
4 19 -1
@subsec_choice 20 1
4 20 -1
@sweep_choice 21 1
4 21 0
@dome_choice 22 1
4 22 0
@draft_choice 23 1
4 23 0
@misc_choice 24 1
4 24 [2]
$2*0
@assoc_type 25 1
3 25 0
@symbol_key 26 1
2 26 -1
@sect_name 27 10
2 27 no_name
@model_type 28 1
2 28 2
@idtab_ptr 29 0
2 29 ->
@srf_id_arr 30 1
3 30 [6][4]
$2,204,2*0
$7,203,2*0
$12,200,2*0
$14,200,-1,0
$16,200,-2,0
$18,200,1,0
@edg_id_arr 31 1
3 31 [12][6]
$3,221,3*0,2
$4,221,-1,2*0,2
$5,221,-2,2*0,2
$6,221,1,2*0,2
$8,222,3*0,12
$9,222,-1,2*0,14
$10,222,-2,2*0,16
$11,222,1,2*0,18
$13,303,2*0,-1,12
$15,303,-1,2*0,14
$17,303,-2,0,1,16
$19,303,1,0,-2,18
@misc_id_tab 32 0
3 32 [4]
4 32 
@misc_hist 33 1
5 33 [5]
$20,530,12,-1,500
4 32 
5 33 [5]
$21,531,12,-1,500
4 32 
5 33 [5]
$22,530,18,-1,500
4 32 
5 33 [5]
$23,531,18,-1,500
@save_geoms 34 0
3 34 ->
@sv_frst_geom 35 1
4 35 2
@cr_flags_xar 36 1
3 36 [26]
$3*-1,-2049,2*-1,-16777217,3*-1,-536870913,-1,-1126176897,-2,-2097185,
$-2097665,-1,-1073741843,-1,-1073741825,-1,-261121,32767,3*0
@cvt_feat_dat 37 0
3 37 NULL
@feat_dates_ptr 38 0
3 38 ->
@creat_date 39 1
4 39 170014
@regen_date 40 1
4 40 170014
@group_info_ptr 41 0
2 41 NULL
@intrs_pairs_ptr 42 0
2 42 ->
@place_rec_ptr 43 0
2 43 ->
@local_sys 44 2
3 44 [4][3]
$3FF,2*0
$0,3FF,0
$2*0,3FF
$3*0
@place_instruction_ptrs 45 0
3 45 [1]
4 45 ->
@type 46 1
5 46 1853
@offset 47 2
5 47 0
@dim_id 48 1
5 48 2
@ref_id 49 1
5 49 -1
@geometry1_id 50 1
5 50 -1
@geometry2_id 51 1
5 51 -1
@memb_num1 52 1
5 52 0
@memb_num2 53 1
5 53 0
@attr 54 1
5 54 0
@plin_info_arr 55 0
5 55 [1]
6 55 ->
@type 56 1
7 56 6
@data(plin_info_ui_step) 57 0
7 57 ->
@step_ids 58 1
8 58 [1]
9 58 3
@own_ref_id 59 1
3 59 -1
@orient 60 1
3 60 0
@next_prop 61 0
2 61 NULL
@first_geom_id 62 1
2 62 2
@gsec_ptr 63 0
2 63 [1]
3 63 
@type 64 1
4 64 1
@name 65 10
4 65 S2D0005
@gsec2d_ptr 66 0
4 66 ->
@name 67 10
5 67 S2D0005
@segtab_ptr 68 0
5 68 [2]
6 68 
@type 69 1
7 69 10
@dir 70 1
7 70 [3]
$3*0
@pointid 71 1
7 71 [2]
$2*0
@cntrid 72 1
7 72 0
@arcorient 73 1
7 73 0
@verhor 74 1
7 74 0
@radius 75 1
7 75 0
@ext_id 76 1
7 76 0
@gen_info 77 0
7 77 
@known_ent_info 78 0
7 78 
@attr 79 1
8 79 0
@known_ent_id 80 1
8 80 -1
6 68 
7 69 10
7 70 [3]
$3*0
7 71 [2]
$2*0
7 72 0
7 73 0
7 74 0
7 75 1
7 76 1
7 77 
7 78 
8 79 0
8 80 -1
@dimtab_ptr 81 0
5 81 [2]
6 81 
@type 82 1
7 82 4
@value 83 2
7 83 3FC
@direct 84 1
7 84 0
@property 85 1
7 85 0
@leftpt 86 1
7 86 [2]
@rightpt 87 1
7 87 [2]
@offset 88 2
7 88 0
@ext_id 89 1
7 89 0
@dispdimattr 90 0
7 90 
@dimattr 91 1
8 91 [4]
$18,3*0
@dim_ref 92 0
7 92 [2]
8 92 
@item_id 93 1
9 93 1
@sense 94 1
9 94 -1
@point 95 1
9 95 [2]
$2*-1
8 92 
9 93 1
9 94 -1
9 95 [2]
$2*-1
6 81 
7 82 4
7 83 3FD
7 84 0
7 85 0
7 86 [2]
7 87 [2]
7 88 0
7 89 1
7 90 
8 91 [4]
$18,3*0
7 92 [2]
8 92 
9 93 0
9 94 -1
9 95 [2]
$2*-1
8 92 
9 93 0
9 94 -1
9 95 [2]
$2*-1
@relat_ptr 96 0
5 96 [2]
6 96 
@id 97 1
7 97 0
@used 98 1
7 98 0
@a 99 1
7 99 [4]
$1,3*0
@b 100 1
7 100 [4]
$4*0
@c 101 2
7 101 [4]
$4*3FF
@sign 102 1
7 102 1
@idim 103 1
7 103 0
@type 104 1
7 104 14
6 96 
7 97 1
7 98 0
7 99 [4]
$4*0
7 100 [4]
$4*0
7 101 [4]
$4*3FF
7 102 1
7 103 1
7 104 14
@formula_ptr 105 1
5 105 [2]
$0,1
@qind 106 1
5 106 0
@anchor 107 0
5 107 NULL
@totalpointid 108 1
5 108 1
@checkarcs_flag 109 1
5 109 1
@location 110 0
5 110 ->
@id 111 1
6 111 0
@param 112 2
6 112 0
@type 113 1
6 113 0
@nsket_info 114 0
5 114 ->
@scale 115 2
6 115 0
@m 116 1
6 116 0
@last_was_permanent 117 1
6 117 0
@unsolved_ptr 118 0
5 118 ->
@iges_file 119 10
6 119 NULL
@solve_version 120 1
5 120 1
@segdscr_tab 121 0
5 121 [2]
6 121 
@ent_mode 122 1
7 122 0
6 121 
7 122 0
@skamp_ptr 123 0
5 123 [1]
6 123 
@id 124 1
7 124 0
@type 125 1
7 125 16
@flags 126 1
7 126 0
@status 127 1
7 127 3
@items 128 0
7 128 [2]
8 128 
@ent_id 129 1
9 129 1
@sense 130 1
9 130 4
8 128 
9 129 0
9 130 4
@order_ptr 131 0
4 131 [4]
5 131 
@id 132 1
6 132 0
@flip 133 1
6 133 2
5 131 
6 132 0
6 133 4
5 131 
6 132 1
6 133 34
5 131 
6 132 1
6 133 4
@dim_id_tab 134 1
4 134 [2]
$0,1
@attributes 135 1
4 135 262144
@xsec_id 136 1
4 136 -1
@gsec_info_arr 137 0
4 137 [1]
5 137 
@application_type 138 1
6 138 2
@application_id 139 1
6 139 1
@secsolve_revnum 140 1
4 140 0
@rel_accuracy 141 2
4 141 BFF
@cr_flags 142 1
4 142 63
@p_saved_result 143 0
4 143 ->
@entity(circle) 144 0
5 144 ->
@id 145 1
6 145 0
@gen_info 146 0
6 146 
@center 147 2
6 147 [3]
$3*0
@radius 148 2
6 148 3FD
5 144 ->
6 145 1
6 146 
6 147 [3]
$3*0
6 148 3FC
@local_sys 149 2
5 149 [4][3]
$3FF,2*0
$0,3FF,0
$2*0,3FF
$3*0
@cond_tbl_idx 150 1
2 150 -1
@comment 151 10
2 151 NULL
@merge_info_ptr 152 0
2 152 NULL
@topology_increment 153 0
2 153 ->
@crv_type 154 0
3 154 [12]
4 154 
@p_crv 155 1
5 155 3
@crv_type 156 1
5 156 7
4 154 
5 155 4
5 156 7
4 154 
5 155 5
5 156 7
4 154 
5 155 6
5 156 7
4 154 
5 155 8
5 156 7
4 154 
5 155 9
5 156 7
4 154 
5 155 10
5 156 7
4 154 
5 155 11
5 156 7
4 154 
5 155 13
5 156 7
4 154 
5 155 15
5 156 7
4 154 
5 155 17
5 156 7
4 154 
5 155 19
5 156 7
@first_geom 157 1
3 157 0
@first_quilt 158 1
3 158 0
@outline 159 2
3 159 [2][3]
$3*0
$3*0
@max_part_size 160 2
3 160 0
@xform_increment 161 0
3 161 NULL
@roll_back_id 162 1
3 162 -1
@state_ind 163 1
2 163 -1
@alumni_info 164 0
2 164 NULL
@revnum 165 1
2 165 2
@rev_rec 166 0
2 166 ->
@num_plins 167 1
3 167 1
@expl_state_ref 168 0
2 168 NULL
@feat_outl_info 169 0
2 169 ->
@ent_outl 170 2
3 170 [2][3]
$3*0
$2*0,3FA9R
@next_feat_ptr 171 0
1 171 NULL
@layer_list 172 0
1 172 [1]
2 172 
@feat_id 173 1
3 173 1
@layer_id 174 1
3 174 0
@back_layer_id 175 1
3 175 0
#FullMData
@Sld_FullData 1 0
0 1 ->
@first_member_ptr 2 0
1 2 NULL
@alumni_members 3 0
1 3 NULL
@first_xsec_ptr 4 0
1 4 NULL
@lang_ptr 5 0
1 5 NULL
@first_csys_ptr 6 0
1 6 NULL
@dim_array 7 0
1 7 [3]
2 7 ->
@type 8 1
3 8 8
@dim_type 9 1
3 9 4
@feat_id 10 1
3 10 1
@attributes 11 1
3 11 289
@dim_dat_ptr 12 0
3 12 ->
@value 13 2
4 13 3FD
@bck_value 14 2
4 14 3FD
@tol_ptr 15 0
4 15 ->
@type 16 1
5 16 9
@tol_type 17 1
5 17 4
@dual_digits_diff 18 1
5 18 999
@value 19 2
5 19 [2]
$2*3F847AE147AE147B
@nominal_value 20 2
4 20 3FD
@bound 21 1
4 21 20
@bck_bound 22 1
4 22 -1
@bck_tol_ptr 23 0
4 23 ->
@value 24 2
5 24 [2]
$2*3F847AE147AE147B
@datum_def_id 25 1
4 25 -1
@places_denom 26 1
4 26 2
@bck_places_denom 27 1
4 27 2
@dim_data_attrib 28 1
4 28 0
@dim_cosm_ptr 29 0
3 29 ->
@d0 30 2
4 30 3FC
@d1 31 2
4 31 4064EB2D3C34CD92
@d2 32 2
4 32 BFDDEE77720BBDAR
@d3 33 2
4 33 404B1EDB6DB6DB7
@ord_info 34 0
4 34 NULL
@attach_ptr 35 0
3 35 NULL
@dim_text_ptr 36 0
3 36 ->
@symbol 37 10
4 37 d0
@line_array 38 0
4 38 [1]
5 38 
@text_array 39 0
6 39 [2]
7 39 
@text_type 40 1
8 40 54
@text_value 41 10
8 41 n
@txt_attrib 42 1
8 42 1
@owner_id 43 1
8 43 0
@part_id 44 1
8 44 10
@height 45 2
8 45 BFF
@width_factor 46 2
8 46 BFF
@format_info 47 0
8 47 
@thickness 48 2
8 48 BFF
7 39 
8 40 61
8 41 
8 42 1
8 43 0
8 44 10
8 45 BFF
8 46 BFF
8 47 
8 48 BFF
@parent_dim_id 49 1
3 49 -1
2 7 ->
3 8 8
3 9 4
3 10 1
3 11 289
3 12 ->
4 13 3FE
4 14 3FE
4 15 ->
5 16 9
5 17 4
5 18 999
5 19 [2]
$2*3F847AE147AE147B
4 20 3FE
4 21 20
4 22 -1
4 23 ->
5 24 [2]
$2*3F847AE147AE147B
4 25 -1
4 26 2
4 27 2
4 28 0
3 29 ->
4 30 3FD
4 31 403609124924924E
4 32 BFEA08089B51B97R
4 33 404B1EDB6DB6DB71
4 34 NULL
3 35 NULL
3 36 ->
4 37 d1
4 38 [1]
5 38 
6 39 [2]
7 39 
8 40 54
8 41 n
8 42 1
8 43 1
8 44 10
8 45 BFF
8 46 BFF
8 47 
8 48 BFF
7 39 
8 40 61
8 41 
8 42 1
8 43 1
8 44 10
8 45 BFF
8 46 BFF
8 47 
8 48 BFF
3 49 -1
2 7 ->
3 8 8
3 9 62
3 10 1
3 11 385
3 12 ->
4 13 3FA9R
4 14 3FA9R
4 15 ->
5 16 9
5 17 4
5 18 999
5 19 [2]
$2*3F847AE147AE147B
4 20 3FA9R
4 21 20
4 22 -1
4 23 ->
5 24 [2]
$2*3F847AE147AE147B
4 25 -1
4 26 2
4 27 2
4 28 0
3 29 ->
4 30 0
4 31 0
4 32 0
4 33 0
4 34 NULL
3 35 NULL
3 36 ->
4 37 d2
3 49 -1
@ipar_num 50 1
1 50 0
@smt_info_ptr 51 0
1 51 NULL
@cable_info_ptr 52 0
1 52 NULL
@comp_info_ptr 53 0
1 53 NULL
@prt_misc_ptr 54 0
1 54 ->
@shrink_data_ptr 55 0
2 55 NULL
@expld_mv_info 56 0
1 56 NULL
@state_info_ptr 57 0
1 57 NULL
@alumni_feats 58 0
1 58 NULL
@p_mdl_grid 59 0
1 59 NULL
@mdl_status_ptr 60 0
1 60 NULL
@ribbon_info_ptr 61 0
1 61 NULL
@p_xref_data 62 0
1 62 ->
#ModelView#0
@View 1 0
0 1 ->
@id 2 1
1 2 0
@viewattr 3 0
1 3 
@attr_arr 4 1
2 4 [4]
$1,3*0
@mpoint 5 0
1 5 
@id 6 1
2 6 0
@coord 7 2
2 7 [3]
$2*0,3F9R
@first_instr_ptr 8 0
2 8 NULL
@attach_ptr 9 0
2 9 NULL
@vpoint 10 0
1 10 
2 6 0
2 7 [3]
$407F4,407A5E,0
2 8 NULL
2 9 NULL
@orient 11 2
1 11 [4][4]
$3FED7954E7DBA2F8,0,3FD8EC3AE92B676B,0
$BFD385CE5246572,3FE3E43A9692E21C,3FE7167619F550A2,0
$BFCEFC077F3F36A6,BFE91103985DA841,3FE25240DD3851BF,0
$3*0,3FF
@local_sys 12 2
1 12 [4][4]
$40926AAA3B211598,0,407F255041B92DA1,0
$C07865B605C7819C,4088DBB5E0741C2E,408CDA3F74A38ED5,0
$C0735C4A8909902R,C08F534832D14EB1,4086E55D8FFC04ER,0
$407FBBE8436D0A01,407BEEF6CF5743EF,C0788096BF8C79B8,3FF
@first_instr_ptr 13 0
1 13 ->
@type 14 1
2 14 100
@geom_id 15 1
2 15 -1
@view_id 16 1
2 16 -1
@memb_num 17 1
2 17 0
@offset 18 2
2 18 0
@matrix 19 0
2 19 NULL
@next_instr_ptr 20 0
1 20 ->
2 14 301
2 15 -1
2 16 -1
2 17 0
2 18 4093FEBB8DAD304B
2 19 NULL
1 20 NULL
@outer_xsec_index 21 1
1 21 -1
@next_view_id 22 1
1 22 -2
@simp_rep_id 23 1
1 23 0
@name 24 10
1 24 no name
@matrix 25 2
1 25 [4][4]
$3FF,3*0
$0,3FF,2*0
$2*0,3FF,0
$3*0,3FF
@fit_outline 26 2
1 26 [2][3]
$4059,405518,C0875B8545264646
$408C2,4087BB,0
@det_info_ptr 27 0
1 27 NULL
@named_view_pzmatr 28 0
1 28 NULL
@page_id 29 1
1 29 0
@model_name 30 10
1 30 NULL
@unrep_model_name 31 10
1 31 NULL
@saved_pro_dls 32 0
1 32 ->
@dlists 33 0
2 33 [5]
3 33 
@appl_type 34 1
4 34 1
@dl_type 35 1
4 35 5
@dl_id 36 1
4 36 0
@list_ptr 37 0
4 37 ->
@disp_list_valid 38 1
5 38 1
@pending 39 1
5 39 0
@disp_list_status 40 1
5 40 3
@disp_list_version 41 1
5 41 1
@view_matrix 42 2
5 42 [4][4]
$40926AAA3B211598,0,407F255041B92DA1,0
$C07865B605C7819C,4088DBB5E0741C2E,408CDA3F74A38ED5,0
$C0735C4A8909902R,C08F534832D14EB1,4086E55D8FFC04ER,0
$407FBBE8436D0A01,407BEEF6CF5743EF,C0788096BF8C79B8,3FF
@outline 43 2
5 43 [2][3]
$2*BFD,0
$2*3FD,3FA99999A
@dl_block_mem_size 44 0
5 44 
@dl_block_mem_size 45 1
6 45 32768
@list 46 0
5 46 ->
@ptr 47 0
6 47 [6]
7 47 
@data(dl_clump) 48 0
8 48 ->
@dl_header 49 0
9 49 
@header 50 0
10 50 
@type 51 5
11 51 30
@count 52 5
11 52 1
@size 53 1
11 53 56
@size 54 1
9 54 84
@keys 55 1
9 55 [4]
$23,3*-1
@clump_size 56 1
9 56 84
@outline 57 0
9 57 NULL
7 47 
@data(dl_int) 58 0
8 58 ->
@dl_header 59 0
9 59 
10 50 
11 51 23
11 52 1
11 53 16
@value_int 60 1
9 60 33554433
7 47 
@data(dl_header) 61 0
8 61 ->
9 50 
10 51 31
10 52 0
10 53 12
7 47 
8 48 ->
9 49 
10 50 
11 51 30
11 52 1
11 53 56
9 54 96
9 55 [4]
$32,3*-1
9 56 96
9 57 NULL
7 47 
@data(dl_obj_node) 62 0
8 62 ->
@dl_obj_node 63 0
9 63 
@dl_header 64 0
10 64 
11 50 
12 51 32
12 52 1
12 53 28
@appl_type 65 1
10 65 46
@id 66 1
10 66 1
@num_keys 67 1
10 67 0
@keys 68 1
10 68 [200]
$2031616,12,198*0
7 47 
8 61 ->
9 50 
10 51 31
10 52 0
10 53 12
@locked 69 1
5 69 0
@visibile 70 1
5 70 1
@contents 71 1
5 71 65556
@attached 72 1
5 72 0
3 33 
4 34 42
4 35 7
4 36 0
4 37 ->
5 38 1
5 39 0
5 40 3
5 41 0
5 42 [4][4]
$40926AAA3B211598,0,407F255041B92DA1,0
$C07865B605C7819C,4088DBB5E0741C2E,408CDA3F74A38ED5,0
$C0735C4A8909902R,C08F534832D14EB1,4086E55D8FFC04ER,0
$407FBBE8436D0A01,407BEEF6CF5743EF,C0788096BF8C79B8,3FF
5 43 [2][3]
$407EC5FBC,407924AB6,C0775B854
$408058366,407B56A4E,C0763AEC8
5 44 
6 45 8192
5 46 ->
6 47 [30]
7 47 
8 58 ->
9 59 
10 50 
11 51 6
11 52 1
11 53 16
9 60 1
7 47 
8 58 ->
9 59 
10 50 
11 51 4
11 52 1
11 53 16
9 60 2
7 47 
8 58 ->
9 59 
10 50 
11 51 5
11 52 1
11 53 16
9 60 2
7 47 
8 58 ->
9 59 
10 50 
11 51 7
11 52 1
11 53 16
9 60 0
7 47 
8 58 ->
9 59 
10 50 
11 51 34
11 52 1
11 53 16
9 60 0
7 47 
@data(dl_float) 73 0
8 73 ->
@dl_header 74 0
9 74 
10 50 
11 51 8
11 52 1
11 53 16
@value_float 75 6
9 75 0
7 47 
@data(dl_matrix) 76 0
8 76 ->
@dl_header 77 0
9 77 
10 50 
11 51 1
11 52 16
11 53 76
@dl_matrix 78 6
9 78 [4][4]
$3F8,3*0
$0,3F8,2*0
$2*0,3F8,0
$3*0,3F8
7 47 
8 58 ->
9 59 
10 50 
11 51 47
11 52 1
11 53 16
9 60 1
7 47 
@data(dl_point) 79 0
8 79 ->
@header 80 0
9 80 
10 50 
11 51 48
11 52 1
11 53 24
@point 81 6
9 81 [3]
$43FA,43D2F,C3BADC2A
7 47 
8 58 ->
9 59 
10 50 
11 51 6
11 52 1
11 53 16
9 60 1
7 47 
8 58 ->
9 59 
10 50 
11 51 4
11 52 1
11 53 16
9 60 1
7 47 
8 58 ->
9 59 
10 50 
11 51 5
11 52 1
11 53 16
9 60 2
7 47 
8 58 ->
9 59 
10 50 
11 51 7
11 52 1
11 53 16
9 60 0
7 47 
8 58 ->
9 59 
10 50 
11 51 34
11 52 1
11 53 16
9 60 0
7 47 
8 73 ->
9 74 
10 50 
11 51 8
11 52 1
11 53 16
9 75 0
7 47 
8 61 ->
9 50 
10 51 1024
10 52 52
10 53 12
7 47 
@data(dl_multi_line) 82 0
8 82 ->
@dl_multi_line 83 0
9 83 
@dl_header 84 0
10 84 
11 50 
12 51 26
12 52 2
12 53 52
@midpnt 85 6
10 85 [4]
$41480003,43FFC1B3,43D2F,C3B86D18
@points 86 6
10 86 [6]
$43FA,43D2F,C3BADC2A,4402C1B3,43D2F,C3B5FE07
7 47 
@data(dl_zi_filled_circles) 87 0
8 87 ->
@dl_zi_filled_circles 88 0
9 88 
@dl_header 89 0
10 89 
11 50 
12 51 52
12 52 1
12 53 32
@radius 90 6
10 90 4
@number 91 6
10 91 3F8
@centers 92 6
10 92 [1][3]
$4402C1B3,43D2F,C3B5FE07
7 47 
8 58 ->
9 59 
10 50 
11 51 4
11 52 1
11 53 16
9 60 9
7 47 
8 61 ->
9 50 
10 51 1024
10 52 52
10 53 12
7 47 
8 82 ->
9 83 
10 84 
11 50 
12 51 26
12 52 2
12 53 52
10 85 [4]
$4147FFF2,43F87CB2,43CE0AAE,C3B7481A
10 86 [6]
$43FA,43D2F,C3BADC2A,43F6F963,43C9255B,C3B3B409
7 47 
8 87 ->
9 88 
10 89 
11 50 
12 51 52
12 52 1
12 53 32
10 90 402
10 91 3F8
10 92 [1][3]
$43F6F963,43C9255B,C3B3B409
7 47 
8 58 ->
9 59 
10 50 
11 51 4
11 52 1
11 53 16
9 60 10
7 47 
8 61 ->
9 50 
10 51 1024
10 52 52
10 53 12
7 47 
8 82 ->
9 83 
10 84 
11 50 
12 51 26
12 52 2
12 53 52
10 85 [4]
$4147FFF4,43F817EF,43D6D294,C3B659C7
10 86 [6]
$43FA,43D2F,C3BADC2A,43F62FDE,43DAB527,C3B1D764
7 47 
8 87 ->
9 88 
10 89 
11 50 
12 51 52
12 52 1
12 53 32
10 90 404
10 91 3F8
10 92 [1][3]
$43F62FDE,43DAB527,C3B1D764
7 47 
8 79 ->
9 80 
10 50 
11 51 48
11 52 1
11 53 24
9 81 [3]
$52DED68C,D240BBE1,53FACAA9
7 47 
8 58 ->
9 59 
10 50 
11 51 47
11 52 1
11 53 16
9 60 0
7 47 
8 58 ->
9 59 
10 50 
11 51 4
11 52 1
11 53 16
9 60 2
7 47 
8 61 ->
9 50 
10 51 0
10 52 0
10 53 0
5 69 0
5 70 1
5 71 11
5 72 0
3 33 
4 34 46
4 35 5
4 36 1
4 37 ->
5 38 1
5 39 0
5 40 3
5 41 0
5 42 [4][4]
$3FF,3*0
$0,3FF,2*0
$2*0,3FF,0
$3*0,3FF
5 43 [2][3]
$2*BFD,0
$2*3FD,3FA99999A
5 44 
6 45 1024
5 46 ->
6 47 [9]
7 47 
8 48 ->
9 49 
10 50 
11 51 30
11 52 1
11 53 56
9 54 144
9 55 [4]
$39,3*-1
9 56 144
9 57 NULL
7 47 
8 76 ->
9 77 
10 50 
11 51 39
11 52 1
11 53 76
9 78 [4][4]
$3F8,3*0
$0,3F8,2*0
$2*0,3F8,0
$4*0
7 47 
8 61 ->
9 50 
10 51 31
10 52 0
10 53 12
7 47 
8 48 ->
9 49 
10 50 
11 51 30
11 52 1
11 53 56
9 54 84
9 55 [4]
$23,3*-1
9 56 84
9 57 NULL
7 47 
8 58 ->
9 59 
10 50 
11 51 23
11 52 1
11 53 16
9 60 16
7 47 
8 61 ->
9 50 
10 51 31
10 52 0
10 53 12
7 47 
8 48 ->
9 49 
10 50 
11 51 30
11 52 1
11 53 56
9 54 88
9 55 [4]
$32,3*-1
9 56 88
9 57 NULL
7 47 
@data(dl_obj_disp_data) 93 0
8 93 ->
@obj_disp_data 94 0
9 94 
@dl_header 95 0
10 95 
11 50 
12 51 46
12 52 1
12 53 20
@override_color 96 1
10 96 -1
@disp_data 97 0
10 97 ->
@model_type 98 1
11 98 2
@generic_name 99 10
11 99 NULL
@label 100 10
11 100 NULL
7 47 
8 61 ->
9 50 
10 51 31
10 52 0
10 53 12
5 69 0
5 70 1
5 71 65540
5 72 1
3 33 
4 34 47
4 35 7
4 36 0
4 37 ->
5 38 1
5 39 0
5 40 3
5 41 0
5 42 [4][4]
$40926AAA3B211598,0,407F255041B92DA1,0
$C07865B605C7819C,4088DBB5E0741C2E,408CDA3F74A38ED5,0
$C0735C4A8909902R,C08F534832D14EB1,4086E55D8FFC04ER,0
$407FBBE8436D0A01,407BEEF6CF5743EF,C0788096BF8C79B8,3FF
5 43 [2][3]
$3*41CDCD64FR
$3*C1CDCD64FR
5 44 
6 45 8192
5 46 ->
6 47 [14]
7 47 
8 58 ->
9 59 
10 50 
11 51 6
11 52 1
11 53 16
9 60 1
7 47 
8 58 ->
9 59 
10 50 
11 51 4
11 52 1
11 53 16
9 60 2
7 47 
8 58 ->
9 59 
10 50 
11 51 5
11 52 1
11 53 16
9 60 2
7 47 
8 58 ->
9 59 
10 50 
11 51 7
11 52 1
11 53 16
9 60 0
7 47 
8 58 ->
9 59 
10 50 
11 51 34
11 52 1
11 53 16
9 60 0
7 47 
8 73 ->
9 74 
10 50 
11 51 8
11 52 1
11 53 16
9 75 0
7 47 
8 76 ->
9 77 
10 50 
11 51 1
11 52 16
11 53 76
9 78 [4][4]
$3F8,3*0
$0,3F8,2*0
$2*0,3F8,0
$3*0,3F8
7 47 
8 58 ->
9 59 
10 50 
11 51 6
11 52 1
11 53 16
9 60 1
7 47 
8 58 ->
9 59 
10 50 
11 51 4
11 52 1
11 53 16
9 60 2
7 47 
8 58 ->
9 59 
10 50 
11 51 5
11 52 1
11 53 16
9 60 2
7 47 
8 58 ->
9 59 
10 50 
11 51 7
11 52 1
11 53 16
9 60 0
7 47 
8 58 ->
9 59 
10 50 
11 51 34
11 52 1
11 53 16
9 60 0
7 47 
8 73 ->
9 74 
10 50 
11 51 8
11 52 1
11 53 16
9 75 0
7 47 
8 61 ->
9 50 
10 51 0
10 52 0
10 53 0
5 69 0
5 70 1
5 71 1
5 72 0
3 33 
4 34 49
4 35 7
4 36 0
4 37 ->
5 38 1
5 39 0
5 40 3
5 41 0
5 42 [4][4]
$40926AAA3B211598,0,407F255041B92DA1,0
$C07865B605C7819C,4088DBB5E0741C2E,408CDA3F74A38ED5,0
$C0735C4A8909902R,C08F534832D14EB1,4086E55D8FFC04ER,0
$407FBBE8436D0A01,407BEEF6CF5743EF,C0788096BF8C79B8,3FF
5 43 [2][3]
$40675319,4072E5BE6,C0788096C
$40896B39C,4080EB20E,C0763673C
5 44 
6 45 8192
5 46 ->
6 47 [19]
7 47 
8 58 ->
9 59 
10 50 
11 51 6
11 52 1
11 53 16
9 60 1
7 47 
8 58 ->
9 59 
10 50 
11 51 4
11 52 1
11 53 16
9 60 2
7 47 
8 58 ->
9 59 
10 50 
11 51 5
11 52 1
11 53 16
9 60 2
7 47 
8 58 ->
9 59 
10 50 
11 51 7
11 52 1
11 53 16
9 60 0
7 47 
8 58 ->
9 59 
10 50 
11 51 34
11 52 1
11 53 16
9 60 0
7 47 
8 73 ->
9 74 
10 50 
11 51 8
11 52 1
11 53 16
9 75 0
7 47 
8 76 ->
9 77 
10 50 
11 51 1
11 52 16
11 53 76
9 78 [4][4]
$3F8,3*0
$0,3F8,2*0
$2*0,3F8,0
$3*0,3F8
7 47 
@data(dl_ref_color) 101 0
8 101 ->
@dl_header 102 0
9 102 
10 50 
11 51 9
11 52 1
11 53 88
@ref_color_flt 103 0
9 103 
@maximum 104 6
10 104 [3]
$3*BF8
@ambient 105 6
10 105 3F6R
@diffuse 106 6
10 106 3F6R
@specular 107 6
10 107 3F4CR
@spec_coef 108 6
10 108 3F
@transmission 109 6
10 109 0
@threshold 110 1
10 110 90
@gl_ind 111 1
10 111 6
@highlight 112 6
10 112 [3]
$3*3F8
@reflection 113 6
10 113 3F6R
@bump_height 114 6
10 114 3F8
@bump 115 3
10 115 NULL
@decal_intensity 116 6
10 116 42C8
@decal 117 3
10 117 NULL
@texture 118 3
10 118 NULL
7 47 
8 58 ->
9 59 
10 50 
11 51 6
11 52 1
11 53 16
9 60 1
7 47 
8 58 ->
9 59 
10 50 
11 51 4
11 52 1
11 53 16
9 60 2
7 47 
8 58 ->
9 59 
10 50 
11 51 5
11 52 1
11 53 16
9 60 2
7 47 
8 58 ->
9 59 
10 50 
11 51 7
11 52 1
11 53 16
9 60 0
7 47 
8 58 ->
9 59 
10 50 
11 51 34
11 52 1
11 53 16
9 60 0
7 47 
8 73 ->
9 74 
10 50 
11 51 8
11 52 1
11 53 16
9 75 0
7 47 
8 61 ->
9 50 
10 51 1024
10 52 192
10 53 12
7 47 
@data(dl_multi_polyline) 119 0
8 119 ->
@dl_multi_polyline 120 0
9 120 
@dl_header 121 0
10 121 
11 50 
12 51 27
12 52 12
12 53 192
@midpnt 122 6
10 122 [4]
$43A7F58D,43FA,43D2F,C3BADC2A
@narrays 123 0
10 123 
@number_of_spans 124 1
11 124 4
@spans 125 1
10 125 [4]
$4*3
@points 126 6
10 126 [36]
$434A15D,44075907,C3C404B6,4342574C,4401152B,C3BADC2A,433A98C8,43F5A2A,
$C3B1B39E,444B59CE,43B03D6,C3C404B6,44496A2D,43A3B5A9,C3BADC2A,44477A8C,
$43972DF3,C3B1B39E,442524B8,43C7DA8B,C3C404B6,44233516,43BB52D5,C3BADC2A,
$44214575,43AECB1E,C3B1B39E,43B17515,43F714E2,C3C404B6,43AD95D3,43EA8D2B,
$C3BADC2A,43A9B691,43DE0575,C3B1B39E
7 47 
8 61 ->
9 50 
10 51 10
10 52 0
10 53 12
7 47 
8 58 ->
9 59 
10 50 
11 51 34
11 52 1
11 53 16
9 60 0
7 47 
8 61 ->
9 50 
10 51 0
10 52 0
10 53 0
5 69 0
5 70 1
5 71 65538
5 72 0
@wire_colors 127 1
5 127 [2]
$536936705,547003034
@explode_state 128 0
1 128 NULL
#DispDataColor
@ref_color_table 1 0
0 1 
@ref_color_arr 2 0
1 2 [1]
2 2 
@maximum 3 2
3 3 [3]
$3*3FF
@ambient 4 2
3 4 3FECR
@diffuse 5 2
3 5 3FECR
@specular 6 2
3 6 3FE9R
@spec_coef 7 2
3 7 3FE
@transmission 8 2
3 8 0
@threshold 9 1
3 9 90
@gl_ind 10 1
3 10 0
@highlight 11 2
3 11 [3]
$3*3FF
@reflection 12 2
3 12 3FECR
@bump_height 13 2
3 13 3FF
@bump 14 3
3 14 NULL
@decal_intensity 15 2
3 15 4059
@decal 16 3
3 16 NULL
@texture 17 3
3 17 NULL
#DispDataTable
@disp_data_table 1 0
0 1 
@disp_data_arr 2 0
1 2 [1]
2 2 
@disp_data 3 0
3 3 ->
@wire 4 0
4 4 
@disp_list_valid 5 1
5 5 1
@pending 6 1
5 6 0
@disp_list_status 7 1
5 7 3
@disp_list_version 8 1
5 8 55
@view_matrix 9 2
5 9 [4][4]
$3FF,3*0
$0,3FF,2*0
$2*0,3FF,0
$3*0,3FF
@outline 10 2
5 10 [2][3]
$2*BFD,0
$2*3FD,3FA99999A
@dl_block_mem_size 11 0
5 11 
@dl_block_mem_size 12 1
6 12 32768
@list 13 0
5 13 ->
@ptr 14 0
6 14 [21]
7 14 
@data(dl_int) 15 0
8 15 ->
@dl_header 16 0
9 16 
@header 17 0
10 17 
@type 18 5
11 18 6
@count 19 5
11 19 1
@size 20 1
11 20 16
@value_int 21 1
9 21 1
7 14 
8 15 ->
9 16 
10 17 
11 18 4
11 19 1
11 20 16
9 21 2
7 14 
8 15 ->
9 16 
10 17 
11 18 5
11 19 1
11 20 16
9 21 2
7 14 
8 15 ->
9 16 
10 17 
11 18 7
11 19 1
11 20 16
9 21 0
7 14 
8 15 ->
9 16 
10 17 
11 18 34
11 19 1
11 20 16
9 21 0
7 14 
@data(dl_float) 22 0
8 22 ->
@dl_header 23 0
9 23 
10 17 
11 18 8
11 19 1
11 20 16
@value_float 24 6
9 24 0
7 14 
8 15 ->
9 16 
10 17 
11 18 6
11 19 1
11 20 16
9 21 1
7 14 
8 15 ->
9 16 
10 17 
11 18 4
11 19 1
11 20 16
9 21 2
7 14 
8 15 ->
9 16 
10 17 
11 18 5
11 19 1
11 20 16
9 21 2
7 14 
8 15 ->
9 16 
10 17 
11 18 7
11 19 1
11 20 16
9 21 0
7 14 
8 15 ->
9 16 
10 17 
11 18 34
11 19 1
11 20 16
9 21 0
7 14 
8 22 ->
9 23 
10 17 
11 18 8
11 19 1
11 20 16
9 24 0
7 14 
@data(dl_arc3) 25 0
8 25 ->
@dl_header 26 0
9 26 
10 17 
11 18 43
11 19 1
11 20 140
@array 27 6
9 27 [15]
$3E8,4*0,40490FDB,2*0,3F8,3E8,2*0,BE8,2*0
@matrix 28 6
9 28 [4][4]
$3F8,3*0
$0,3F8,2*0
$2*0,3F8,0
$4*0
7 14 
8 25 ->
9 26 
10 17 
11 18 43
11 19 1
11 20 140
9 27 [15]
$3E8,4*0,40490FDB,2*0,3F8,BE8,2*0,3E8,2*0
9 28 [4][4]
$3F8,3*0
$0,3F8,2*0
$2*0,3F8,0
$4*0
7 14 
8 25 ->
9 26 
10 17 
11 18 43
11 19 1
11 20 140
9 27 [15]
$3E,4*0,40490FDB,2*0,BF8,3E,2*0,BE,2*0
9 28 [4][4]
$3F8,3*0
$0,3F8,2*0
$2*0,3F8,0
$4*0
7 14 
8 25 ->
9 26 
10 17 
11 18 43
11 19 1
11 20 140
9 27 [15]
$3E,4*0,40490FDB,2*0,BF8,BE,2*0,3E,2*0
9 28 [4][4]
$3F8,3*0
$0,3F8,2*0
$2*0,3F8,0
$4*0
7 14 
8 25 ->
9 26 
10 17 
11 18 43
11 19 1
11 20 140
9 27 [15]
$3E8,2*0,3D4CR,0,40490FDB,2*0,3F8,3E8,0,3D4CR,BE8,0,3D4CR
9 28 [4][4]
$3F8,3*0
$0,3F8,2*0
$2*0,3F8,0
$4*0
7 14 
8 25 ->
9 26 
10 17 
11 18 43
11 19 1
11 20 140
9 27 [15]
$3E8,2*0,3D4CR,0,40490FDB,2*0,3F8,BE8,0,3D4CR,3E8,0,3D4CR
9 28 [4][4]
$3F8,3*0
$0,3F8,2*0
$2*0,3F8,0
$4*0
7 14 
8 25 ->
9 26 
10 17 
11 18 43
11 19 1
11 20 140
9 27 [15]
$3E,2*0,3D4CR,0,40490FDB,2*0,BF8,3E,0,3D4CR,BE,0,3D4CR
9 28 [4][4]
$3F8,3*0
$0,3F8,2*0
$2*0,3F8,0
$4*0
7 14 
8 25 ->
9 26 
10 17 
11 18 43
11 19 1
11 20 140
9 27 [15]
$3E,2*0,3D4CR,0,40490FDB,2*0,BF8,BE,0,3D4CR,3E,0,3D4CR
9 28 [4][4]
$3F8,3*0
$0,3F8,2*0
$2*0,3F8,0
$4*0
7 14 
@data(dl_header) 29 0
8 29 ->
9 17 
10 18 0
10 19 0
10 20 0
@locked 30 1
5 30 0
@visibile 31 1
5 31 1
@contents 32 1
5 32 2
@attached 33 1
5 33 0
@model_type 34 1
4 34 2
@generic_name 35 10
4 35 NULL
@label 36 10
4 36 NULL
#AssMrgPrt
@assem_merge_parts 1 0
0 1 ->
#END_OF_UGC
