------------------------------------------------------------
Pro/MECHANICA STRUCTURE Version 18.0(50)
Summary for Design Study "rib_2"
Thu May 22, 1997   10:12:08
------------------------------------------------------------

Run Settings
   Memory allocation for block solver: 100.0     
   Perform mesh smoothing after each parameter update.
   Remesh after each parameter update.
   Generate elements automatically.
No errors were found in the model.

Pro/MECHANICA Structure Model Summary

   Model Type: Three Dimensional

   Points:         89
   Edges:         209
   Faces:         121

   Springs:         0
   Masses:          0
   Beams:           0
   Shells:        121
   Solids:          0

   Elements:      121

------------------------------------------------------------

Global Sensitivity Design Study

Parameter                    Start             End
   rib_2                        50              70

Sensitivity Step 1 of 11

Parameters:
   rib_2                       50

Static Analysis "initial_static":

   Convergence Method: Single-Pass Adaptive

   Convergence Loop Log:                         (10:14:05)

   >> Pass  1 <<
         Calculating Element Equations           (10:14:05)
            Total Number of Equations:    3251
            Maximum Edge Order:              3
         Solving Equations                       (10:14:10)
         Calculating Disp and Stress Results     (10:14:22)
            Plotting Grid:                   4
         Resource Check                          (10:14:37)
            Elapsed Time     (sec):     152.97
            CPU Time         (sec):     105.55
            Memory Usage      (kb):     110104
            Wrk Dir Dsk Usage (kb):       4097

   >> Pass  2 <<
         Calculating Element Equations           (10:14:38)
            Total Number of Equations:   19919
            Maximum Edge Order:              9
         Solving Equations                       (10:16:01)
         Calculating Disp and Stress Results     (10:17:11)
            Plotting Grid:                   4
         Resource Check                          (10:17:44)
            Elapsed Time     (sec):     339.85
            CPU Time         (sec):     252.64
            Memory Usage      (kb):     111512
            Wrk Dir Dsk Usage (kb):      68609

	 RMS Stress Error Estimates:

         Load Set          Stress Error  % of Max Prin Str
         ----------------  ------------  -----------------
         load1             6.08e-01       2.4% of 2.55e+01

Analysis "initial_static" Completed  (10:17:45)

Sensitivity Step 2 of 11

Parameters:
   rib_2                       52

Static Analysis "initial_static":

   Convergence Method: Single-Pass Adaptive

         Calculating Element Equations           (10:20:13)
            Total Number of Equations:   19919
            Maximum Edge Order:              9
         Solving Equations                       (10:21:09)
         Resource Check                          (10:22:15)
            Elapsed Time     (sec):     610.37
            CPU Time         (sec):     380.34
            Memory Usage      (kb):     112416
            Wrk Dir Dsk Usage (kb):      68609
         Calculating Disp and Stress Results     (10:22:15)
            Plotting Grid:                   4

Analysis "initial_static" Completed  (10:22:30)

Sensitivity Step 3 of 11

Parameters:
   rib_2                       54

Static Analysis "initial_static":

   Convergence Method: Single-Pass Adaptive

         Calculating Element Equations           (10:23:55)
            Total Number of Equations:   19919
            Maximum Edge Order:              9
         Solving Equations                       (10:24:51)
         Resource Check                          (10:25:55)
            Elapsed Time     (sec):     830.58
            CPU Time         (sec):     521.04
            Memory Usage      (kb):     113136
            Wrk Dir Dsk Usage (kb):      68609
         Calculating Disp and Stress Results     (10:25:55)
            Plotting Grid:                   4

Analysis "initial_static" Completed  (10:26:08)

Sensitivity Step 4 of 11

Parameters:
   rib_2                       56

Static Analysis "initial_static":

   Convergence Method: Single-Pass Adaptive

         Calculating Element Equations           (10:27:24)
            Total Number of Equations:   19919
            Maximum Edge Order:              9
         Solving Equations                       (10:28:15)
         Resource Check                          (10:29:12)
            Elapsed Time     (sec):    1027.54
            CPU Time         (sec):     648.29
            Memory Usage      (kb):     113864
            Wrk Dir Dsk Usage (kb):      68609
         Calculating Disp and Stress Results     (10:29:12)
            Plotting Grid:                   4

Analysis "initial_static" Completed  (10:29:24)

Sensitivity Step 5 of 11

Parameters:
   rib_2                       58

Static Analysis "initial_static":

   Convergence Method: Single-Pass Adaptive

         Calculating Element Equations           (10:30:39)
            Total Number of Equations:   19919
            Maximum Edge Order:              9
         Solving Equations                       (10:31:23)
         Resource Check                          (10:32:13)
            Elapsed Time     (sec):    1208.26
            CPU Time         (sec):     771.64
            Memory Usage      (kb):     114584
            Wrk Dir Dsk Usage (kb):      68609
         Calculating Disp and Stress Results     (10:32:13)
            Plotting Grid:                   4

Analysis "initial_static" Completed  (10:32:24)

Sensitivity Step 6 of 11

Parameters:
   rib_2                       60

Static Analysis "initial_static":

   Convergence Method: Single-Pass Adaptive

         Calculating Element Equations           (10:33:34)
            Total Number of Equations:   19919
            Maximum Edge Order:              9
         Solving Equations                       (10:34:19)
         Resource Check                          (10:35:09)
            Elapsed Time     (sec):    1384.63
            CPU Time         (sec):     894.60
            Memory Usage      (kb):     115312
            Wrk Dir Dsk Usage (kb):      68609
         Calculating Disp and Stress Results     (10:35:09)
            Plotting Grid:                   4

Analysis "initial_static" Completed  (10:35:20)

Sensitivity Step 7 of 11

Parameters:
   rib_2                       62

Static Analysis "initial_static":

   Convergence Method: Single-Pass Adaptive

   Convergence Loop Log:                         (10:36:50)

   >> Pass  1 <<
         Calculating Element Equations           (10:36:51)
            Total Number of Equations:    3479
            Maximum Edge Order:              3
         Solving Equations                       (10:36:55)
         Calculating Disp and Stress Results     (10:37:04)
            Plotting Grid:                   4
         Resource Check                          (10:37:20)
            Elapsed Time     (sec):    1515.89
            CPU Time         (sec):     987.03
            Memory Usage      (kb):     116016
            Wrk Dir Dsk Usage (kb):      68609

   >> Pass  2 <<
         Calculating Element Equations           (10:37:21)
            Total Number of Equations:   20124
            Maximum Edge Order:              9
         Solving Equations                       (10:38:32)
         Calculating Disp and Stress Results     (10:39:25)
            Plotting Grid:                   4
         Resource Check                          (10:39:53)
            Elapsed Time     (sec):    1668.14
            CPU Time         (sec):    1127.03
            Memory Usage      (kb):     116640
            Wrk Dir Dsk Usage (kb):      69633

	 RMS Stress Error Estimates:

         Load Set          Stress Error  % of Max Prin Str
         ----------------  ------------  -----------------
         load1             6.28e+00      24.5% of 2.57e+01

Analysis "initial_static" Completed  (10:39:53)

Sensitivity Step 8 of 11

Parameters:
   rib_2                       64

Static Analysis "initial_static":

   Convergence Method: Single-Pass Adaptive

   Convergence Loop Log:                         (10:41:16)

   >> Pass  1 <<
         Calculating Element Equations           (10:41:17)
            Total Number of Equations:    3443
            Maximum Edge Order:              3
         Solving Equations                       (10:41:21)
         Calculating Disp and Stress Results     (10:41:31)
            Plotting Grid:                   4
         Resource Check                          (10:41:47)
            Elapsed Time     (sec):    1782.49
            CPU Time         (sec):    1204.43
            Memory Usage      (kb):     116928
            Wrk Dir Dsk Usage (kb):      69633

   >> Pass  2 <<
         Calculating Element Equations           (10:41:47)
            Total Number of Equations:   21737
            Maximum Edge Order:              9
         Solving Equations                       (10:43:09)
         Calculating Disp and Stress Results     (10:44:07)
            Plotting Grid:                   4
         Resource Check                          (10:44:36)
            Elapsed Time     (sec):    1951.14
            CPU Time         (sec):    1356.47
            Memory Usage      (kb):     118216
            Wrk Dir Dsk Usage (kb):      75777

	 RMS Stress Error Estimates:

         Load Set          Stress Error  % of Max Prin Str
         ----------------  ------------  -----------------
         load1             6.67e-01       2.6% of 2.57e+01

Analysis "initial_static" Completed  (10:44:36)

Sensitivity Step 9 of 11

Parameters:
   rib_2                       66

Static Analysis "initial_static":

   Convergence Method: Single-Pass Adaptive

         Calculating Element Equations           (10:45:56)
            Total Number of Equations:   21737
            Maximum Edge Order:              9
         Solving Equations                       (10:46:53)
         Resource Check                          (10:48:07)
            Elapsed Time     (sec):    2162.23
            CPU Time         (sec):    1498.33
            Memory Usage      (kb):     118304
            Wrk Dir Dsk Usage (kb):      75777
         Calculating Disp and Stress Results     (10:48:07)
            Plotting Grid:                   4

Analysis "initial_static" Completed  (10:48:19)

Sensitivity Step 10 of 11

Parameters:
   rib_2                       68

Static Analysis "initial_static":

   Convergence Method: Single-Pass Adaptive

         Calculating Element Equations           (10:49:51)
            Total Number of Equations:   21737
            Maximum Edge Order:              9
         Solving Equations                       (10:50:50)
         Resource Check                          (10:51:56)
            Elapsed Time     (sec):    2391.75
            CPU Time         (sec):    1649.73
            Memory Usage      (kb):     118840
            Wrk Dir Dsk Usage (kb):      75777
         Calculating Disp and Stress Results     (10:51:56)
            Plotting Grid:                   4

Analysis "initial_static" Completed  (10:52:09)

Sensitivity Step 11 of 11

Parameters:
   rib_2                       70

Static Analysis "initial_static":

   Convergence Method: Single-Pass Adaptive

         Calculating Element Equations           (10:53:40)
            Total Number of Equations:   21737
            Maximum Edge Order:              9
         Solving Equations                       (10:54:39)
         Resource Check                          (10:55:43)
            Elapsed Time     (sec):    2618.76
            CPU Time         (sec):    1797.64
            Memory Usage      (kb):     119592
            Wrk Dir Dsk Usage (kb):      75777
         Calculating Disp and Stress Results     (10:55:43)
            Plotting Grid:                   4

Analysis "initial_static" Completed  (10:55:55)

Completed Global Sensitivity Study

Use Results to plot measures.

------------------------------------------------------------

Memory and Disk Usage:

   Machine Type: Sun5
   RAM Allocation for Solver (megabytes): 100.0

   Total Elapsed Time (seconds): 2631.28   
   Total CPU Time     (seconds): 1809.33   
   Maximum Memory Usage (kilobytes): 119624    
   Working Directory Disk Usage (kilobytes): 75777     
   Total Elapsed Time in Parameter Updates (seconds):
      714.16    
   Total Engine Elapsed Time Minus Param. Updates (seconds):
      1917.12   
   Total CPU Time in Parameter Updates (seconds):
      225.14    
   Total Engine CPU Time Minus Param. Updates (seconds):
      1584.19   

   Results Directory Size (kilobytes):
   4321 ./rib_2

   Maximum Data Base Working File Sizes (kilobytes):
   34816 ./rib_2.tmp/kel1.bas
   40960 ./rib_2.tmp/kblk1.bas

------------------------------------------------------------
Run Completed
Thu May 22, 1997   10:55:56
------------------------------------------------------------
