This file contains any messages produced by compilers while
running configure, to aid debugging if configure makes a mistake.

configure:531: checking for CC
configure:560: checking for gcc
configure:673: checking whether the C compiler (gcc  ) works
configure:689: gcc -o conftest    conftest.c  1>&5
configure:715: checking whether the C compiler (gcc  ) is a cross-compiler
configure:720: checking whether we are using GNU C
configure:748: checking whether gcc accepts -g
configure:1010: checking for X
configure:1259: checking whether -R must be followed by a space
configure:1269: gcc -o conftest -g -O2   conftest.c  -R/usr/openwin/lib 1>&5
configure:1324: checking for dnet_ntoa in -ldnet
configure:1365: checking for dnet_ntoa in -ldnet_stub
configure:1413: checking for gethostbyname
configure:1462: checking for gethostbyname in -lnsl
configure:1511: checking for connect
configure:1560: checking for connect in -lsocket
configure:1603: checking for remove
configure:1695: checking for shmat
configure:1796: checking for IceConnectionNumber in -lICE
