#UGC:2 PART 886 360 0 1 1 15 1600 9546 \
#- VERS 0 0                                                          \
#- HOST                                                              \
#- LINK                                                              \
#- DBID                                                              \
#- REVS 0,                                                           \
#- RELL 0,                                                           \
#- UOBJ_ID 0 0 0                                                     \
#-END_OF_UGC_HEADER
#P_OBJECT 6
@P_object 1 0
0 1 ->
@dep_db 2 0
1 2 ->
@usr_rev 3 0
1 3 [3]
2 3 
@name 4 10
3 4 USER
@mod_time 5 0
3 5 
@tm_sec 6 1
4 6 3
@tm_min 7 1
4 7 38
@tm_hour 8 1
4 8 22
@tm_mday 9 1
4 9 16
@tm_mon 10 1
4 10 10
@tm_year 11 1
4 11 95
@action 12 1
3 12 1000
@comment 13 10
3 13 Hostname: 'moresby'
@rel_level 14 10
3 14 
@rev_string 15 10
3 15 
2 3 
3 4 JRO
3 5 
4 6 58
4 7 10
4 8 17
4 9 22
4 10 10
4 11 95
3 12 1000
3 13 Hostname: 'shetland'
3 14 
3 15 
2 3 
3 4 RHOADS
3 5 
4 6 22
4 7 32
4 8 15
4 9 30
4 10 10
4 11 95
3 12 1000
3 13 Hostname: 'unga'
3 14 
3 15 
@revnum_std 16 1
1 16 70
@flag 17 1
1 17 0
@name 18 10
1 18 NULL
@inst_hidden 19 1
1 19 0
@old_name 20 10
1 20 NULL
@appl_data 21 0
1 21 ->
@bounding_box 22 2
2 22 [2][3]
$C06322A17093DC19,2*C008A85C24F7065A
$406322A17093DC19,406962A17093DC19,407F7150B849EE0D
@uobj_id 23 0
1 23 NULL
#END_OF_P_OBJECT
#Pro/ENGINEER  TM  Version G-01-13  (c) 1988-95 by Parametric Technology Corporation  All Rights Reserved. 9546
@Solid 24 0
0 24 ->
@tab_key 25 1
1 25 0
@tab_key_struct 26 0
1 26 ->
@tab_key_ptr 27 0
2 27 [27]
@cmprs_tabkey 28 0
2 28 NULL
@type 29 1
1 29 2
@revnum_ptr 30 0
1 30 ->
@geom_revnum 31 1
2 31 51
@cosm_revnum 32 1
2 32 13
@first_member_ptr 33 0
1 33 NULL
@alumni_members 34 0
1 34 NULL
@frst_geom_ptr 35 1
1 35 0
@first_feat_ptr 36 0
1 36 ->
@id 37 1
2 37 1
@indep_attributes 38 1
2 38 1
@feat_type_ptr 39 0
2 39 ->
@table_id 40 1
3 40 -1
@type 41 1
3 41 923
@feattype_key 42 10
3 42 NULL
@form 43 1
3 43 0
@attributes 44 1
3 44 [3]
$0,262144,0
@placement 45 1
3 45 0
@intersection 46 1
3 46 -1
@internal_udf_type 47 1
3 47 -1
@param_choice_ptr 48 0
3 48 ->
@blend_choice 49 1
4 49 0
@depth_choice 50 1
4 50 0
@angle_choice 51 1
4 51 -1
@pat_choice 52 1
4 52 -1
@round_choice 53 1
4 53 -1
@subsec_choice 54 1
4 54 -1
@sweep_choice 55 1
4 55 0
@dome_choice 56 1
4 56 0
@draft_choice 57 1
4 57 0
@misc_choice 58 1
4 58 0
@assoc_type 59 1
3 59 0
@symbol_key 60 1
2 60 -1
@sect_name 61 10
2 61 SIDE
@model_type 62 1
2 62 2
@idtab_ptr 63 0
2 63 ->
@srf_id_arr 64 1
3 64 [1][4]
$2,3*0
@save_geoms 65 0
3 65 NULL
@cr_flags_xar 66 1
3 66 [18]
$3*-1,-2049,2*-1,-16777217,3*-1,-536870913,-1,-1126176897,-2,-2097185,
$-2097665,-1,1048429
@cvt_feat_dat 67 0
3 67 NULL
@feat_dates_ptr 68 0
3 68 ->
@creat_date 69 1
4 69 160012
@regen_date 70 1
4 70 160012
@geometry 71 0
2 71 
@srf_array 72 0
3 72 [1]
4 72 ->
@geom_type 73 1
5 73 34
@geom_id 74 1
5 74 2
@feat_id 75 1
5 75 1
@boundary_type 76 1
5 76 1
@envlp 77 2
5 77 [2][2]
$2*C008A85C24F7065A
$406962A17093DC19,407F7150B849EE0D
@srf_prim_ptr(plane) 78 0
5 78 ->
@local_sys 79 2
6 79 [4][3]
$2*0,3FF
$3FF,2*0
$0,3FF,0
$3*0
@frst_cntr_ptr 80 0
5 80 NULL
@next_geom_ptr 81 1
5 81 0
@orient 82 1
5 82 1
@outline 83 2
5 83 [2][3]
$0,2*C008A85C24F7065A
$0,406962A17093DC18,407F7150B849EE0E
@group_info_ptr 84 0
2 84 NULL
@intrs_pairs_ptr 85 0
2 85 ->
@place_rec_ptr 86 0
2 86 ->
@local_sys 87 2
3 87 [4][3]
$2*0,3FF
$3FF,2*0
$0,3FF,0
$3*0
@place_instruction_ptrs 88 0
3 88 [1]
4 88 ->
@type 89 1
5 89 513
@offset 90 2
5 90 0
@dim_id 91 1
5 91 -1
@ref_id 92 1
5 92 -1
@geometry1_id 93 1
5 93 -1
@geometry2_id 94 1
5 94 2
@memb_num1 95 1
5 95 0
@memb_num2 96 1
5 96 0
@attr 97 1
5 97 32768
@plin_info_arr 98 0
5 98 [2]
6 98 ->
@type 99 1
7 99 1
@data(plin_info_ref) 100 0
7 100 ->
@id_type1 101 1
8 101 -4
@id_type2 102 1
8 102 5
@offset2 103 2
8 103 0
6 98 ->
7 99 6
@data(plin_info_ui_step) 104 0
7 104 ->
@step_ids 105 1
8 105 [1]
9 105 -100
@own_ref_id 106 1
3 106 -1
@orient 107 1
3 107 1
@trf_arr 108 0
3 108 [1]
4 108 
@type 109 1
5 109 11
@idx 110 1
5 110 0
@transf 111 2
5 111 [4][3]
$2*0,3FF
$3FF,2*0
$0,3FF,0
$3*0
@next_prop 112 0
2 112 NULL
@first_geom_id 113 1
2 113 2
@cond_tbl_idx 114 1
2 114 -1
@comment 115 10
2 115 NULL
@merge_info_ptr 116 0
2 116 NULL
@topology_increment 117 0
2 117 ->
@first_geom 118 1
3 118 0
@first_quilt 119 1
3 119 0
@outline 120 2
3 120 [2][3]
$3*0
$3*0
@max_part_size 121 2
3 121 0
@xform_increment 122 0
3 122 NULL
@roll_back_id 123 1
3 123 -1
@state_ind 124 1
2 124 -1
@alumni_info 125 0
2 125 NULL
@revnum 126 1
2 126 1
@rev_rec 127 0
2 127 ->
@num_plins 128 1
3 128 1
@next_feat_ptr 129 0
1 129 ->
2 37 5
2 38 1
2 39 ->
3 40 -1
3 41 923
3 42 NULL
3 43 0
3 44 [3]
$0,262144,0
3 45 0
3 46 -1
3 47 -1
3 48 ->
4 49 0
4 50 0
4 51 -1
4 52 -1
4 53 -1
4 54 -1
4 55 0
4 56 0
4 57 0
4 58 0
3 59 0
2 60 -1
2 61 TOP
2 62 2
2 63 ->
3 64 [1][4]
$6,3*0
3 65 NULL
3 66 [18]
$3*-1,-2049,2*-1,-16777217,3*-1,-536870913,-1,-1126176897,-2,-2097185,
$-2097665,-1,1048429
3 67 NULL
3 68 ->
4 69 160012
4 70 160012
2 71 
3 72 [1]
4 72 ->
5 73 34
5 74 6
5 75 5
5 76 1
5 77 [2][2]
$C008A85C24F7065A,C06322A17093DC19
$407F7150B849EE0D,406322A17093DC19
5 78 ->
6 79 [4][3]
$0,3FF,0
$2*0,3FF
$3FF,2*0
$3*0
5 80 NULL
5 81 0
5 82 1
5 83 [2][3]
$C06322A17093DC19,0,C008A85C24F7065A
$406322A17093DC19,0,407F7150B849EE0E
2 84 NULL
2 85 ->
2 86 ->
3 87 [4][3]
$0,3FF,0
$2*0,3FF
$3FF,2*0
$3*0
3 88 [1]
4 88 ->
5 89 514
5 90 0
5 91 -1
5 92 -1
5 93 -1
5 94 6
5 95 0
5 96 0
5 97 32768
5 98 [2]
6 98 ->
7 99 1
7 100 ->
8 101 -4
8 102 5
8 103 0
6 98 ->
7 99 6
7 104 ->
8 105 [1]
9 105 -100
3 106 -1
3 107 1
3 108 [1]
4 108 
5 109 11
5 110 0
5 111 [4][3]
$0,3FF,0
$2*0,3FF
$3FF,2*0
$3*0
2 112 NULL
2 113 6
2 114 -1
2 115 NULL
2 116 NULL
2 117 ->
3 118 0
3 119 0
3 120 [2][3]
$3*0
$3*0
3 121 0
3 122 NULL
3 123 -1
2 124 -1
2 125 NULL
2 126 1
2 127 ->
3 128 1
1 129 ->
2 37 7
2 38 1
2 39 ->
3 40 -1
3 41 923
3 42 NULL
3 43 0
3 44 [3]
$3*0
3 45 0
3 46 -1
3 47 -1
3 48 ->
4 49 0
4 50 0
4 51 -1
4 52 -1
4 53 -1
4 54 -1
4 55 0
4 56 0
4 57 0
4 58 0
3 59 0
2 60 -1
2 61 FRONT
2 62 2
2 63 ->
3 64 [1][4]
$8,3*0
3 65 NULL
3 66 [18]
$3*-1,-2049,2*-1,-16777217,3*-1,-536870913,-1,-1126176897,-2,-2097185,
$-2097665,-1,1048429
3 67 NULL
3 68 ->
4 69 160012
4 70 160012
2 71 
3 72 [1]
4 72 ->
5 73 34
5 74 8
5 75 7
5 76 1
5 77 [2][2]
$C06322A17093DC19,C008A85C24F7065A
$406322A17093DC19,406962A17093DC19
5 78 ->
6 79 [4][3]
$3FF,2*0
$0,3FF,0
$2*0,3FF
$3*0
5 80 NULL
5 81 0
5 82 1
5 83 [2][3]
$C06322A17093DC19,C008A85C24F7065A,0
$406322A17093DC19,406962A17093DC18,0
2 84 NULL
2 85 ->
2 86 ->
3 87 [4][3]
$3FF,2*0
$0,3FF,0
$2*0,3FF
$3*0
3 88 [1]
4 88 ->
5 89 515
5 90 0
5 91 -1
5 92 -1
5 93 -1
5 94 8
5 95 0
5 96 0
5 97 32768
5 98 [2]
6 98 ->
7 99 1
7 100 ->
8 101 -4
8 102 5
8 103 0
6 98 ->
7 99 6
7 104 ->
8 105 [1]
9 105 -100
3 106 -1
3 107 1
3 108 [1]
4 108 
5 109 11
5 110 0
5 111 [4][3]
$3FF,2*0
$0,3FF,0
$2*0,3FF
$3*0
2 112 NULL
2 113 8
2 114 -1
2 115 NULL
2 116 NULL
2 117 ->
3 118 0
3 119 0
3 120 [2][3]
$3*0
$3*0
3 121 0
3 122 NULL
3 123 -1
2 124 -1
2 125 NULL
2 126 1
2 127 ->
3 128 1
1 129 ->
2 37 13
2 38 1
2 39 ->
3 40 -1
3 41 923
3 42 NULL
3 43 0
3 44 [3]
$3,2*0
3 45 0
3 46 -1
3 47 -1
3 48 ->
4 49 0
4 50 0
4 51 -1
4 52 970
4 53 -1
4 54 -1
4 55 0
4 56 0
4 57 0
4 58 0
3 59 0
2 60 -1
2 61 no_name
2 62 2
2 63 ->
3 64 [1][4]
$14,3*0
3 65 NULL
3 66 [18]
$3*-1,-2049,2*-1,-16777217,3*-1,-536870913,-1,-1126176897,-2,-2097185,
$-2097665,-1,67108717
3 67 NULL
3 68 ->
4 69 160013
4 70 160013
2 71 
3 72 [1]
4 72 ->
5 73 34
5 74 14
5 75 13
5 76 -1
5 77 [2][2]
$2*0
$2*0
5 78 ->
6 79 [4][3]
$3FF,2*0
$2*0,3FF
$0,BFF,0
$3*0
5 80 NULL
5 81 0
5 82 1
5 83 [2][3]
$3*0
$3*0
2 84 NULL
2 85 ->
2 86 ->
3 87 [4][3]
$3FF,2*0
$2*0,3FF
$0,BFF,0
$3*0
3 88 [2]
4 88 ->
5 89 509
5 90 3FF
5 91 -1
5 92 -1
5 93 6
5 94 14
5 95 0
5 96 0
5 97 32768
5 98 [2]
6 98 ->
7 99 1
7 100 ->
8 101 -4
8 102 5
8 103 0
6 98 ->
7 99 6
7 104 ->
8 105 [1]
9 105 -100
4 88 ->
5 89 510
5 90 BFF
5 91 -1
5 92 -1
5 93 8
5 94 14
5 95 0
5 96 0
5 97 32768
5 98 [2]
6 98 ->
7 99 1
7 100 ->
8 101 -4
8 102 5
8 103 0
6 98 ->
7 99 6
7 104 ->
8 105 [1]
9 105 -100
3 106 -1
3 107 1
3 108 [1]
4 108 
5 109 11
5 110 0
5 111 [4][3]
$3FF,2*0
$2*0,3FF
$0,BFF,0
$3*0
2 112 NULL
2 113 14
2 114 -1
2 115 NULL
2 116 NULL
@parent_table 130 1
2 130 [2]
$5,7
2 117 ->
3 118 0
3 119 0
3 120 [2][3]
$3*0
$3*0
3 121 0
3 122 NULL
3 123 -1
2 124 -1
2 125 NULL
2 126 0
2 127 ->
3 128 2
1 129 ->
2 37 12
2 38 1
2 39 ->
3 40 -1
3 41 949
3 42 NULL
3 43 0
3 44 [3]
$3*0
3 45 0
3 46 -1
3 47 -1
3 48 ->
4 49 0
4 50 0
4 51 -1
4 52 -1
4 53 -1
4 54 -1
4 55 0
4 56 0
4 57 0
4 58 1
3 59 0
2 60 -1
2 61 no_name
2 62 2
@entity(compcrv) 131 0
2 131 ->
@type 132 1
3 132 41
@id 133 1
3 133 15
@gen_info 134 0
3 134 
@always_1 135 1
3 135 1
@comprefs 136 0
3 136 [4]
4 136 
@component_ptr 137 1
5 137 16
@component_flip 138 1
5 138 1
@copied 139 1
5 139 1
4 136 
5 137 17
5 138 1
5 139 1
4 136 
5 137 18
5 138 1
5 139 1
4 136 
5 137 19
5 138 1
5 139 1
@closed 140 1
3 140 1
@attributes 141 1
3 141 1
@entity(line) 142 0
2 142 ->
@id 143 1
3 143 19
@gen_info 144 0
3 144 
@color 145 1
4 145 13
@end1 146 2
3 146 [3]
$4062C,2*0
@end2 147 2
3 147 [3]
$C062C,2*0
2 142 ->
3 143 18
3 144 
4 145 13
3 146 [3]
$4062C,0,407F4
3 147 [3]
$4062C,2*0
2 142 ->
3 143 17
3 144 
4 145 13
3 146 [3]
$C062C,0,407F4
3 147 [3]
$4062C,0,407F4
2 142 ->
3 143 16
3 144 
4 145 13
3 146 [3]
$C062C,2*0
3 147 [3]
$C062C,0,407F4
2 63 ->
@misc_id_tab 148 0
3 148 [5]
4 148 
@misc_hist 149 1
5 149 [5]
$15,550,-1,0,500
4 148 
5 149 [5]
$16,533,0,-1,500
4 148 
5 149 [5]
$17,533,1,-1,500
4 148 
5 149 [5]
$18,533,2,-1,500
4 148 
5 149 [5]
$19,533,3,-1,500
@dtm_id_tab 150 0
3 150 [1]
4 150 
@dtm_id 151 1
5 151 14
@dim_id 152 1
5 152 -1
3 65 NULL
3 66 [18]
$3*-1,-2049,2*-1,-16777217,3*-1,-536870913,-1,-1126176897,-2,-2097185,
$-2097665,-1,67108717
3 67 NULL
3 68 ->
4 69 160013
4 70 160013
2 71 
2 84 NULL
2 85 ->
2 86 ->
3 87 [4][3]
$3FF,2*0
$0,3FF,0
$2*0,3FF
$3*0
3 106 -1
3 107 0
3 108 [1]
4 108 
5 109 1
5 110 0
5 111 [4][3]
$0,BFF,0
$3FF,2*0
$2*0,3FF
$3*0
2 112 NULL
2 113 -1
@gsec_ptr 153 0
2 153 [1]
3 153 
@type 154 1
4 154 2
@name 155 10
4 155 S2D0001
@gsec2d_ptr 156 0
4 156 ->
@name 157 10
5 157 S2D0001
@segtab_ptr 158 0
5 158 [6]
6 158 
@type 159 1
7 159 2
@dir 160 1
7 160 [3]
$0,-1,0
@pointid 161 1
7 161 [2]
$0,1
@cntrid 162 1
7 162 1
@arcorient 163 1
7 163 0
@verhor 164 1
7 164 0
@radius 165 1
7 165 0
@ext_id 166 1
7 166 0
@gen_info 167 0
7 167 
@known_ent_info 168 0
7 168 
@attr 169 1
8 169 0
@known_ent_id 170 1
8 170 -1
6 158 
7 159 2
7 160 [3]
$1,2*0
7 161 [2]
$1,2
7 162 2
7 163 0
7 164 1
7 165 0
7 166 1
7 167 
7 168 
8 169 0
8 170 -1
6 158 
7 159 2
7 160 [3]
$0,1,0
7 161 [2]
$2,3
7 162 3
7 163 0
7 164 0
7 165 0
7 166 2
7 167 
7 168 
8 169 0
8 170 -1
6 158 
7 159 2
7 160 [3]
$-1,2*0
7 161 [2]
$3,0
7 162 0
7 163 0
7 164 1
7 165 0
7 166 3
7 167 
7 168 
8 169 0
8 170 -1
6 158 
7 159 32770
7 160 [3]
$0,-1,0
7 161 [2]
$4,5
7 162 5
7 163 0
7 164 0
7 165 0
7 166 4
7 167 
@attributes 171 1
8 171 8
7 168 
8 169 0
8 170 -1
6 158 
7 159 32770
7 160 [3]
$-1,2*0
7 161 [2]
$6,7
7 162 7
7 163 0
7 164 1
7 165 0
7 166 5
7 167 
8 171 8
7 168 
8 169 0
8 170 -1
@dimtab_ptr 172 0
5 172 [4]
6 172 
@type 173 1
7 173 1
@value 174 2
7 174 407F4
@direct 175 1
7 175 0
@property 176 1
7 176 0
@leftpt 177 1
7 177 [2]
@rightpt 178 1
7 178 [2]
@offset 179 2
7 179 0
@ext_id 180 1
7 180 0
@dispdimattr 181 0
7 181 
@dimattr 182 1
8 182 [2]
$524322,0
@dim_ref 183 0
7 183 [2]
8 183 
@item_id 184 1
9 184 2
@sense 185 1
9 185 -1
@point 186 1
9 186 [2]
$2*2
8 183 
9 184 -1
9 185 -1
9 186 [2]
$2*3
6 172 
7 173 1
7 174 4072C
7 175 0
7 176 0
7 177 [2]
7 178 [2]
7 179 0
7 180 1
7 181 
8 182 [2]
$524322,0
7 183 [2]
8 183 
9 184 3
9 185 -1
9 186 [2]
$2*3
8 183 
9 184 -1
9 185 -1
9 186 [2]
$2*0
6 172 
7 173 5
7 174 4062C
7 175 0
7 176 0
7 177 [2]
7 178 [2]
7 179 0
7 180 2
7 181 
8 182 [2]
$34,0
7 183 [2]
8 183 
9 184 2
9 185 -1
9 186 [2]
$2,3
8 183 
9 184 4
9 185 -1
9 186 [2]
$4,5
6 172 
7 173 42
7 174 0
7 175 0
7 176 0
7 177 [2]
7 178 [2]
7 179 0
7 180 3
7 181 
8 182 [2]
$2*0
7 183 [2]
8 183 
9 184 5
9 185 4
9 186 [2]
$2*-1
8 183 
9 184 3
9 185 4
9 186 [2]
$2*-1
@relat_ptr 187 0
5 187 [8]
6 187 
@id 188 1
7 188 0
@used 189 1
7 189 0
@a 190 1
7 190 [4]
$3,6,2*-1
@b 191 1
7 191 [4]
$2*1,2*0
@c 192 2
7 192 [4]
$3FF,BFF,3FF,0
@sign 193 1
7 193 0
@idim 194 1
7 194 -1
@type 195 1
7 195 0
6 187 
7 188 2
7 189 0
7 190 [4]
$0,6,2*-1
7 191 [4]
$2*1,2*0
7 192 [4]
$3FF,BFF,3FF,0
7 193 0
7 194 -1
7 195 0
6 187 
7 188 8
7 189 0
7 190 [4]
$2,3,2*-1
7 191 [4]
$2*1,2*0
7 192 [4]
$3FF,BFF,2*3FF
7 193 1
7 194 0
7 195 0
6 187 
7 188 5
7 189 0
7 190 [4]
$1,2,2*-1
7 191 [4]
$2*1,2*0
7 192 [4]
$3FF,BFF,2*3FF
7 193 0
7 194 0
7 195 0
6 187 
7 188 10
7 189 0
7 190 [4]
$2,4,2*-1
7 191 [4]
$4*0
7 192 [4]
$3FF,BFF,2*3FF
7 193 -1
7 194 2
7 195 0
6 187 
7 188 6
7 189 1
7 190 [4]
$2,3,2*-1
7 191 [4]
$4*0
7 192 [4]
$3FF,BFF,2*3FF
7 193 0
7 194 0
7 195 0
6 187 
7 188 9
7 189 1
7 190 [4]
$3,0,2*-1
7 191 [4]
$4*0
7 192 [4]
$3FF,BFF,2*3FF
7 193 -1
7 194 1
7 195 0
6 187 
7 188 4
7 189 1
7 190 [4]
$0,1,2*-1
7 191 [4]
$4*0
7 192 [4]
$3FF,BFF,2*3FF
7 193 0
7 194 0
7 195 0
@formula_ptr 196 1
5 196 [8]
$0,1,2,3,4,5,6,7
@qind 197 1
5 197 -1
@totalpointid 198 1
5 198 8
@checkarcs_flag 199 1
5 199 1
@location 200 0
5 200 ->
@id 201 1
6 201 0
@param 202 2
6 202 0
@type 203 1
6 203 0
@nsket_info 204 0
5 204 ->
@scale 205 2
6 205 40720ACD59EED1E9
@m 206 1
6 206 9
@last_was_permanent 207 1
6 207 0
@unsolved_ptr 208 0
5 208 ->
@iges_file 209 10
6 209 NULL
@solve_version 210 1
5 210 1
@segdscr_tab 211 0
5 211 [6]
6 211 
@ent_mode 212 1
7 212 0
6 211 
7 212 0
6 211 
7 212 0
6 211 
7 212 0
6 211 
7 212 0
6 211 
7 212 0
@skamp_ptr 213 0
5 213 [10]
6 213 
@id 214 1
7 214 0
@type 215 1
7 215 2
@flags 216 1
7 216 0
@status 217 1
7 217 3
@items 218 0
7 218 [1]
8 218 
@ent_id 219 1
9 219 0
@sense 220 1
9 220 0
6 213 
7 214 1
7 215 0
7 216 0
7 217 3
7 218 [2]
8 218 
9 219 1
9 220 2
8 218 
9 219 0
9 220 3
6 213 
7 214 2
7 215 1
7 216 0
7 217 3
7 218 [1]
8 218 
9 219 1
9 220 0
6 213 
7 214 3
7 215 0
7 216 0
7 217 3
7 218 [2]
8 218 
9 219 2
9 220 2
8 218 
9 219 1
9 220 3
6 213 
7 214 4
7 215 2
7 216 0
7 217 3
7 218 [1]
8 218 
9 219 2
9 220 0
6 213 
7 214 5
7 215 0
7 216 0
7 217 3
7 218 [2]
8 218 
9 219 3
9 220 2
8 218 
9 219 2
9 220 3
6 213 
7 214 6
7 215 0
7 216 0
7 217 3
7 218 [2]
8 218 
9 219 3
9 220 3
8 218 
9 219 0
9 220 2
6 213 
7 214 7
7 215 1
7 216 0
7 217 3
7 218 [1]
8 218 
9 219 3
9 220 0
6 213 
7 214 8
7 215 2
7 216 0
7 217 3
7 218 [1]
8 218 
9 219 4
9 220 0
6 213 
7 214 9
7 215 1
7 216 0
7 217 3
7 218 [1]
8 218 
9 219 5
9 220 0
@gsec3d_ptr 221 0
4 221 ->
@type 222 1
5 222 7
@name 223 10
5 223 S2D0001
@flip 224 1
5 224 1
@own_ref_id 225 1
5 225 -1
@first_chain_ptr 226 0
5 226 NULL
@quilt_id 227 1
5 227 -1
@plane_id 228 1
5 228 14
@plane_flip 229 1
5 229 1
@ref_planes 230 0
5 230 [2]
6 230 
@plane_id 231 1
7 231 2
@ref_type 232 1
7 232 5
@ext_ref_id 233 1
7 233 -1
@seg_id 234 1
7 234 4
@flip_flag 235 1
7 235 0
@save_entity_ptr(line) 236 0
7 236 ->
@type 237 1
8 237 32770
8 143 0
8 144 
9 171 8
8 146 [3]
$3*0
8 147 [3]
$0,C059,0
@back_entity_ptr(line) 238 0
7 238 ->
8 237 32770
8 143 0
8 144 
9 171 8
8 146 [3]
$3*0
8 147 [3]
$0,C059,0
6 230 
7 231 8
7 232 5
7 233 -1
7 234 5
7 235 0
7 236 ->
8 237 32770
8 143 0
8 144 
9 171 8
8 146 [3]
$3*0
8 147 [3]
$C059,2*0
7 238 ->
8 237 32770
8 143 0
8 144 
9 171 8
8 146 [3]
$3*0
8 147 [3]
$C059,2*0
@order_ptr 239 0
4 239 [4]
5 239 
@id 240 1
6 240 0
@flip 241 1
6 241 2
5 239 
6 240 1
6 241 0
5 239 
6 240 2
6 241 0
5 239 
6 240 3
6 241 4
@dim_id_tab 242 1
4 242 [4]
$0,1,2,3
@attributes 243 1
4 243 0
@xsec_id 244 1
4 244 -1
@gsec_info_arr 245 0
4 245 [1]
5 245 
@application_type 246 1
6 246 2
@application_id 247 1
6 247 -100
@secsolve_revnum 248 1
4 248 0
@rel_accuracy 249 2
4 249 BFF
@p_saved_result 250 0
4 250 ->
5 142 ->
6 143 0
6 144 
6 146 [3]
$C062C,2*0
6 147 [3]
$C062C,C07F4,0
5 142 ->
6 143 1
6 144 
6 146 [3]
$C062C,C07F4,0
6 147 [3]
$4062C,C07F4,0
5 142 ->
6 143 2
6 144 
6 146 [3]
$4062C,C07F4,0
6 147 [3]
$4062C,2*0
5 142 ->
6 143 3
6 144 
6 146 [3]
$4062C,2*0
6 147 [3]
$C062C,2*0
5 142 ->
6 237 32770
6 143 4
6 144 
7 171 8
6 146 [3]
$3*0
6 147 [3]
$0,C059,0
5 142 ->
6 237 32770
6 143 5
6 144 
7 171 8
6 146 [3]
$3*0
6 147 [3]
$C059,2*0
@local_sys 251 2
5 251 [4][3]
$3FF,2*0
$2*0,3FF
$0,BFF,0
$3*0
2 114 -1
2 115 NULL
2 116 NULL
2 130 [3]
$1,7,13
2 117 ->
3 118 0
3 119 0
3 120 [2][3]
$3*0
$3*0
3 121 0
3 122 NULL
3 123 -1
2 124 -1
2 125 NULL
2 126 1
2 127 ->
@revnums 252 0
3 252 [2]
4 252 ->
@owner_type 253 1
5 253 4
@owner_ind 254 1
5 254 0
@ref_id 255 1
5 255 0
@ref_revnum 256 1
5 256 1
4 252 ->
5 253 4
5 254 0
5 255 1
5 256 1
3 128 0
1 129 ->
2 37 23
2 38 1
2 39 ->
3 40 -1
3 41 923
3 42 NULL
3 43 0
3 44 [3]
$3,2*0
3 45 0
3 46 -1
3 47 -1
3 48 ->
4 49 0
4 50 0
4 51 -1
4 52 970
4 53 -1
4 54 -1
4 55 0
4 56 0
4 57 0
4 58 0
3 59 0
2 60 -1
2 61 no_name
2 62 2
2 63 ->
3 64 [1][4]
$24,3*0
3 65 NULL
3 66 [18]
$3*-1,-2049,2*-1,-16777217,3*-1,-536870913,-1,-1126176897,-2,-2097185,
$-2097665,-1,67108717
3 67 NULL
3 68 ->
4 69 160013
4 70 160013
2 71 
3 72 [1]
4 72 ->
5 73 34
5 74 24
5 75 23
5 76 -1
5 77 [2][2]
$2*0
$2*0
5 78 ->
6 79 [4][3]
$3FF,2*0
$0,3FF,0
$2*0,3FF
$3*0
5 80 NULL
5 81 0
5 82 1
5 83 [2][3]
$3*0
$3*0
2 84 NULL
2 85 ->
2 86 ->
3 87 [4][3]
$3FF,2*0
$0,3FF,0
$2*0,3FF
$3*0
3 88 [2]
4 88 ->
5 89 509
5 90 3FF
5 91 -1
5 92 -1
5 93 8
5 94 24
5 95 0
5 96 0
5 97 32768
5 98 [2]
6 98 ->
7 99 1
7 100 ->
8 101 -4
8 102 5
8 103 0
6 98 ->
7 99 6
7 104 ->
8 105 [1]
9 105 -100
4 88 ->
5 89 510
5 90 3FF
5 91 -1
5 92 -1
5 93 6
5 94 24
5 95 0
5 96 0
5 97 32768
5 98 [2]
6 98 ->
7 99 1
7 100 ->
8 101 -4
8 102 5
8 103 0
6 98 ->
7 99 6
7 104 ->
8 105 [1]
9 105 -100
3 106 -1
3 107 1
3 108 [1]
4 108 
5 109 11
5 110 0
5 111 [4][3]
$3FF,2*0
$0,3FF,0
$2*0,3FF
$3*0
2 112 NULL
2 113 24
2 114 -1
2 115 NULL
2 116 NULL
2 130 [2]
$5,7
2 117 ->
3 118 0
3 119 0
3 120 [2][3]
$C062C,C069,0
$4062C,4069,407F4
3 121 0
3 122 NULL
3 123 -1
2 124 -1
2 125 NULL
2 126 0
2 127 ->
3 128 2
1 129 ->
2 37 22
2 38 1
2 39 ->
3 40 -1
3 41 949
3 42 NULL
3 43 0
3 44 [3]
$3*0
3 45 0
3 46 -1
3 47 -1
3 48 ->
4 49 0
4 50 0
4 51 -1
4 52 -1
4 53 -1
4 54 -1
4 55 0
4 56 0
4 57 0
4 58 1
3 59 0
2 60 -1
2 61 no_name
2 62 2
2 131 ->
3 132 41
3 133 25
3 134 
3 135 1
3 136 [1]
4 136 
5 137 26
5 138 1
5 139 1
3 140 0
3 141 1
2 142 ->
3 143 26
3 144 
4 145 13
3 146 [3]
$0,4069,0
3 147 [3]
$3*0
2 63 ->
3 148 [2]
4 148 
5 149 [5]
$25,550,-1,0,500
4 148 
5 149 [5]
$26,533,0,-1,500
3 150 [1]
4 150 
5 151 24
5 152 -1
3 65 NULL
3 66 [18]
$3*-1,-2049,2*-1,-16777217,3*-1,-536870913,-1,-1126176897,-2,-2097185,
$-2097665,-1,67108717
3 67 NULL
3 68 ->
4 69 160013
4 70 160013
2 71 
2 84 NULL
2 85 ->
2 86 ->
3 87 [4][3]
$3FF,2*0
$0,3FF,0
$2*0,3FF
$3*0
3 106 -1
3 107 0
3 108 [1]
4 108 
5 109 1
5 110 0
5 111 [4][3]
$3FF,2*0
$0,3FF,0
$2*0,3FF
$3*0
2 112 NULL
2 113 -1
2 153 [1]
3 153 
4 154 2
4 155 S2D0002
4 156 ->
5 157 S2D0002
5 158 [3]
6 158 
7 159 2
7 160 [3]
$0,-1,0
7 161 [2]
$0,1
7 162 1
7 163 0
7 164 0
7 165 0
7 166 0
7 167 
7 168 
8 169 0
8 170 -1
6 158 
7 159 32770
7 160 [3]
$1,2*0
7 161 [2]
$2,3
7 162 3
7 163 0
7 164 1
7 165 0
7 166 1
7 167 
8 171 8
7 168 
8 169 0
8 170 -1
6 158 
7 159 32770
7 160 [3]
$0,-1,0
7 161 [2]
$4,5
7 162 5
7 163 0
7 164 0
7 165 0
7 166 2
7 167 
8 171 8
7 168 
8 169 0
8 170 -1
5 172 [3]
6 172 
7 173 42
7 174 0
7 175 0
7 176 0
7 177 [2]
7 178 [2]
7 179 0
7 180 0
7 181 
8 182 [2]
$2*0
7 183 [2]
8 183 
9 184 1
9 185 4
9 186 [2]
$2*-1
8 183 
9 184 -1
9 185 4
9 186 [2]
$2*-1
6 172 
7 173 42
7 174 0
7 175 0
7 176 0
7 177 [2]
7 178 [2]
7 179 0
7 180 1
7 181 
8 182 [2]
$2*0
7 183 [2]
8 183 
9 184 2
9 185 4
9 186 [2]
$2*-1
8 183 
9 184 0
9 185 4
9 186 [2]
$2*-1
6 172 
7 173 1
7 174 4069
7 175 0
7 176 0
7 177 [2]
7 178 [2]
7 179 0
7 180 2
7 181 
8 182 [2]
$34,0
7 183 [2]
8 183 
9 184 0
9 185 -1
9 186 [2]
$2*0
8 183 
9 184 -1
9 185 -1
9 186 [2]
$2*1
5 187 [4]
6 187 
7 188 0
7 189 0
7 190 [4]
$0,4,2*-1
7 191 [4]
$4*0
7 192 [4]
$3FF,BFF,3FF,0
7 193 0
7 194 -1
7 195 0
6 187 
7 188 2
7 189 0
7 190 [4]
$1,4,2*-1
7 191 [4]
$4*0
7 192 [4]
$3FF,BFF,3FF,0
7 193 0
7 194 -1
7 195 0
6 187 
7 188 5
7 189 0
7 190 [4]
$1,2,2*-1
7 191 [4]
$2*1,2*0
7 192 [4]
$3FF,BFF,3FF,0
7 193 0
7 194 -1
7 195 0
6 187 
7 188 7
7 189 0
7 190 [4]
$0,1,2*-1
7 191 [4]
$2*1,2*0
7 192 [4]
$3FF,BFF,2*3FF
7 193 -1
7 194 2
7 195 0
5 196 [4]
$0,1,2,3
5 197 -1
5 198 6
5 199 1
5 200 ->
6 201 0
6 202 0
6 203 0
5 204 ->
6 205 0
6 206 0
6 207 0
5 208 ->
6 209 NULL
5 210 1
5 211 [3]
6 211 
7 212 0
6 211 
7 212 0
6 211 
7 212 0
5 213 [3]
6 213 
7 214 0
7 215 2
7 216 0
7 217 3
7 218 [1]
8 218 
9 219 0
9 220 0
6 213 
7 214 1
7 215 1
7 216 0
7 217 3
7 218 [1]
8 218 
9 219 1
9 220 0
6 213 
7 214 2
7 215 2
7 216 0
7 217 3
7 218 [1]
8 218 
9 219 2
9 220 0
4 221 ->
5 222 7
5 223 S2D0002
5 224 1
5 225 -1
5 226 NULL
5 227 -1
5 228 24
5 229 1
5 230 [2]
6 230 
7 231 6
7 232 5
7 233 -1
7 234 1
7 235 0
7 236 ->
8 237 32770
8 143 0
8 144 
9 171 8
8 146 [3]
$3*0
8 147 [3]
$4059,2*0
7 238 ->
8 237 32770
8 143 0
8 144 
9 171 8
8 146 [3]
$3*0
8 147 [3]
$4059,2*0
6 230 
7 231 2
7 232 5
7 233 -1
7 234 2
7 235 0
7 236 ->
8 237 32770
8 143 0
8 144 
9 171 8
8 146 [3]
$3*0
8 147 [3]
$0,C059,0
7 238 ->
8 237 32770
8 143 0
8 144 
9 171 8
8 146 [3]
$3*0
8 147 [3]
$0,C059,0
4 239 [1]
5 239 
6 240 0
6 241 14
4 242 [3]
$4,5,6
4 243 0
4 244 -1
4 245 [1]
5 245 
6 246 2
6 247 -100
4 248 0
4 249 BFF
4 250 ->
5 142 ->
6 143 0
6 144 
6 146 [3]
$0,4069,0
6 147 [3]
$3*0
5 142 ->
6 237 32770
6 143 1
6 144 
7 171 8
6 146 [3]
$3*0
6 147 [3]
$4059,2*0
5 142 ->
6 237 32770
6 143 2
6 144 
7 171 8
6 146 [3]
$3*0
6 147 [3]
$0,C059,0
5 251 [4][3]
$3FF,2*0
$0,3FF,0
$2*0,3FF
$3*0
2 114 -1
2 115 NULL
2 116 NULL
2 130 [3]
$1,5,23
2 117 ->
3 118 0
3 119 0
3 120 [2][3]
$C062C,C069,0
$4062C,4069,407F4
3 121 0
3 122 NULL
3 123 -1
2 124 -1
2 125 NULL
2 126 1
2 127 ->
3 252 [2]
4 252 ->
5 253 4
5 254 0
5 255 0
5 256 1
4 252 ->
5 253 4
5 254 0
5 255 1
5 256 1
3 128 0
1 129 NULL
@assem_mass_prop_ptr 257 0
1 257 NULL
@mass_prop_ptr 258 0
1 258 ->
@type 259 1
2 259 0
@density 260 2
2 260 0
@init_dens 261 5
2 261 0
@rel_density 262 2
2 262 0
@init_rel_dens 263 5
2 263 0
@aver_density 264 2
2 264 0
@vrevnum 265 1
2 265 -1
@volume 266 2
2 266 0
@cg 267 2
2 267 [3]
$3*0
@inertia 268 2
2 268 [3][3]
$3*0
$3*0
$3*0
@eps 269 2
2 269 0
@surfarea 270 2
2 270 0
@assign_mp_ptr 271 0
1 271 NULL
@tol_default_ptr 272 0
1 272 ->
@type 273 1
2 273 10
@value 274 2
2 274 [7]
$0,3FB9R,3F847AE147AE147B,3F50624DD2F1A9FC,3F1A36E2EB1C432D,
$3EE4F8B588E368F1,3EB0C6F7A0B5ED8E
@ang_value 275 2
2 275 [7]
$0,6*3FE
@standard 276 1
2 276 0
@iso_tol_tbls_ptr 277 0
2 277 NULL
@first_xsec_ptr 278 0
1 278 NULL
@datum_count 279 1
1 279 0
@axis_count 280 1
1 280 0
@insert_layer_id 281 1
1 281 -1
@layer_count 282 1
1 282 1
@layer_list 283 0
1 283 [7]
2 283 
@feat_id 284 1
3 284 1
@layer_id 285 1
3 285 0
@back_layer_id 286 1
3 286 0
2 283 
3 284 5
3 285 0
3 286 0
2 283 
3 284 7
3 285 0
3 286 0
2 283 
3 284 13
3 285 0
3 286 0
2 283 
3 284 12
3 285 0
3 286 0
2 283 
3 284 23
3 285 0
3 286 0
2 283 
3 284 22
3 285 0
3 286 0
@lang_ptr 287 0
1 287 ->
@interact_on 288 1
2 288 -1
@first_csys_ptr 289 0
1 289 NULL
@color_prop_ptr 290 0
1 290 NULL
@fem_data 291 0
1 291 NULL
@rel_part_eps 292 2
1 292 3F53A92A30553261
@names_table 293 0
1 293 [3]
2 293 ->
@id 294 1
3 294 2
@type 295 1
3 295 5
@name 296 10
3 296 SIDE
2 293 ->
3 294 6
3 295 5
3 296 TOP
2 293 ->
3 294 8
3 295 5
3 296 FRONT
@drv_tbl_ptr 297 0
1 297 NULL
@assembled_count 298 1
1 298 1
@part_type 299 1
1 299 1
@mat_name_ptr 300 10
1 300 NULL
@first_ent_id 301 1
1 301 520220
@first_view_id 302 1
1 302 0
@outline 303 2
1 303 [2][3]
$C062C,2*0
$4062C,4069,407F4
@dim_num 304 1
1 304 7
@dim_array 305 0
1 305 [7]
2 305 ->
@type 306 1
3 306 8
@dim_type 307 1
3 307 1
@feat_id 308 1
3 308 12
@attributes 309 1
3 309 289
@dim_dat_ptr 310 0
3 310 ->
@value 311 2
4 311 407F4
@bck_value 312 2
4 312 407F4
@tol_ptr 313 0
4 313 ->
@type 314 1
5 314 9
@tol_type 315 1
5 315 3
@dual_digits_diff 316 1
5 316 999
@value 317 2
5 317 [2]
$2*3F50624DD2F1A9FC
@nominal_value 318 2
4 318 407F4
@bound 319 1
4 319 20
@bck_bound 320 1
4 320 -1
@bck_tol_ptr 321 0
4 321 ->
@value 322 2
5 322 [2]
$2*3F50624DD2F1A9FC
@datum_def_id 323 1
4 323 -1
@places_denom 324 1
4 324 3
@bck_places_denom 325 1
4 325 3
@dim_data_attrib 326 1
4 326 0
@dim_cosm_ptr 327 0
3 327 ->
@d0 328 2
4 328 40557CCDA0537A21
@d1 329 2
4 329 3FE85C7D85C7D85D
@d2 330 2
4 330 3FE85C7D85C7D85D
@d3 331 2
4 331 403B1EDB6DB6DB7
@ord_info 332 0
4 332 NULL
@attach_ptr 333 0
3 333 NULL
@dim_text_ptr 334 0
3 334 ->
@symbol 335 10
4 335 d0
@parent_dim_id 336 1
3 336 -1
2 305 ->
3 306 8
3 307 1
3 308 12
3 309 289
3 310 ->
4 311 4072C
4 312 4072C
4 313 ->
5 314 9
5 315 3
5 316 999
5 317 [2]
$2*3F50624DD2F1A9FC
4 318 4072C
4 319 20
4 320 -1
4 321 ->
5 322 [2]
$2*3F50624DD2F1A9FC
4 323 -1
4 324 3
4 325 3
4 326 0
3 327 ->
4 328 3FE3F61F479D38CD
4 329 405EB2EF4BA5F2F
4 330 3FD813C170C58E6R
4 331 403B1EDB6DB6DB7
4 332 NULL
3 333 NULL
3 334 ->
4 335 d1
3 336 -1
2 305 ->
3 306 8
3 307 5
3 308 12
3 309 289
3 310 ->
4 311 4062C
4 312 4062C
4 313 ->
5 314 9
5 315 3
5 316 999
5 317 [2]
$2*3F50624DD2F1A9FC
4 318 4062C
4 319 20
4 320 -1
4 321 ->
5 322 [2]
$2*3F50624DD2F1A9FC
4 323 -1
4 324 3
4 325 3
4 326 0
3 327 ->
4 328 3FE5813C170C58E6
4 329 4055BE4E8FC06F43
4 330 3FE5211808158CC9
4 331 403B1EDB6DB6DB7
4 332 NULL
3 333 NULL
3 334 ->
4 335 d2
3 336 -1
2 305 ->
3 306 8
3 307 42
3 308 12
3 309 32
3 310 ->
4 311 0
4 312 0
4 313 ->
5 314 9
5 315 3
5 316 999
5 317 [2]
$2*3F50624DD2F1A9FC
4 318 0
4 319 20
4 320 -1
4 321 ->
5 322 [2]
$2*3F50624DD2F1A9FC
4 323 -1
4 324 3
4 325 3
4 326 0
3 327 ->
4 328 0
4 329 0
4 330 0
4 331 0
4 332 NULL
3 333 NULL
3 334 ->
4 335 d3
3 336 -1
2 305 ->
3 306 8
3 307 42
3 308 22
3 309 32
3 310 ->
4 311 0
4 312 0
4 313 ->
5 314 9
5 315 3
5 316 999
5 317 [2]
$2*3F50624DD2F1A9FC
4 318 0
4 319 20
4 320 -1
4 321 ->
5 322 [2]
$2*3F50624DD2F1A9FC
4 323 -1
4 324 3
4 325 3
4 326 0
3 327 ->
4 328 0
4 329 0
4 330 0
4 331 0
4 332 NULL
3 333 NULL
3 334 ->
4 335 d4
3 336 -1
2 305 ->
3 306 8
3 307 42
3 308 22
3 309 32
3 310 ->
4 311 0
4 312 0
4 313 ->
5 314 9
5 315 3
5 316 999
5 317 [2]
$2*3F50624DD2F1A9FC
4 318 0
4 319 20
4 320 -1
4 321 ->
5 322 [2]
$2*3F50624DD2F1A9FC
4 323 -1
4 324 3
4 325 3
4 326 0
3 327 ->
4 328 0
4 329 0
4 330 0
4 331 0
4 332 NULL
3 333 NULL
3 334 ->
4 335 d5
3 336 -1
2 305 ->
3 306 8
3 307 1
3 308 22
3 309 289
3 310 ->
4 311 4069
4 312 4069
4 313 ->
5 314 9
5 315 3
5 316 999
5 317 [2]
$2*3F50624DD2F1A9FC
4 318 4069
4 319 20
4 320 -1
4 321 ->
5 322 [2]
$2*3F50624DD2F1A9FC
4 323 -1
4 324 3
4 325 3
4 326 0
3 327 ->
4 328 405ADC61444395F
4 329 3FDE45306EB3E44E
4 330 3FE11950ECD433BE
4 331 404B1EDB6DB6DB7
4 332 NULL
3 333 NULL
3 334 ->
4 335 d6
3 336 -1
@ipar_num 337 1
1 337 0
@relpar_sets 338 0
1 338 [1]
2 338 
@id 339 1
3 339 -1
@type 340 1
3 340 2
@ext_ref_id 341 1
3 341 -1
@relatnum 342 1
3 342 0
@unit_arr 343 0
1 343 [2]
2 343 
@type 344 1
3 344 1
@factor 345 2
3 345 3FF
@name 346 10
3 346 INCH
@unit_type 347 1
3 347 0
2 343 
3 344 2
3 345 3FF
3 346 POUND
3 347 1
@geom_lib_ptr 348 0
1 348 NULL
@first_quilt_ptr 349 1
1 349 0
@attrib_array 350 1
1 350 [2]
$2*0
@smt_info_ptr 351 0
1 351 NULL
@cable_info_ptr 352 0
1 352 NULL
@comp_info_ptr 353 0
1 353 NULL
@max_part_size 354 2
1 354 0
@prt_misc_ptr 355 0
1 355 ->
@shrink_data_ptr 356 0
2 356 NULL
@layer_array 357 0
1 357 [5]
2 357 ->
@id 358 1
3 358 3
@type 359 1
3 359 117
@user_id 360 1
3 360 0
@weird_wline_ptr 361 0
3 361 ->
@weird_wline 362 10
4 362 7_ALL_FEATURES
@layer_objects 363 0
3 363 [4]
4 363 
@type 364 1
5 364 3
@ids 365 1
5 365 [5]
$1,5,7,12,22
4 363 
5 364 62
4 363 
5 364 144
4 363 
5 364 145
@saved_operation 366 1
3 366 1
2 357 ->
3 358 4
3 359 117
3 360 0
3 361 ->
4 362 1_ALL_PLANES
3 363 [4]
4 363 
5 364 3
5 365 [3]
$1,5,7
4 363 
5 364 62
4 363 
5 364 144
4 363 
5 364 145
3 366 1
2 357 ->
3 358 11
3 359 117
3 360 0
3 361 ->
4 362 2_ALL_CSYS
3 363 [4]
4 363 
5 364 3
4 363 
5 364 62
4 363 
5 364 144
4 363 
5 364 145
3 366 3
2 357 ->
3 358 20
3 359 117
3 360 0
3 361 ->
4 362 5_ALL_CURVES
3 363 [4]
4 363 
5 364 3
5 365 [2]
$12,22
4 363 
5 364 62
4 363 
5 364 144
4 363 
5 364 145
3 366 1
2 357 ->
3 358 21
3 359 117
3 360 0
3 361 ->
4 362 BASE_CURVE
3 363 [4]
4 363 
5 364 3
5 365 [2]
$12,22
4 363 
5 364 62
4 363 
5 364 144
4 363 
5 364 145
3 366 3
@expld_mv_info 367 0
1 367 NULL
@state_info_ptr 368 0
1 368 NULL
@alumni_feats 369 0
1 369 NULL
@model_name 370 10
1 370 CONSTRUC
@p_mdl_grid 371 0
1 371 NULL
@mdl_status_ptr 372 0
1 372 NULL
@cfg_states 373 0
1 373 NULL
@disp_outl_info 374 0
1 374 
@disp_outline 375 2
2 375 [2][3]
$C06322A17093DC19,2*C008A85C24F7065A
$406322A17093DC19,406962A17093DC19,407F7150B849EE0D
@ribbon_info_ptr 376 0
1 376 NULL
@p_xref_data 377 0
1 377 ->
@View 378 0
0 378 ->
@id 379 1
1 379 0
@viewattr 380 0
1 380 
@attr_arr 381 1
2 381 [4]
$1,3*0
@mpoint 382 0
1 382 
@id 383 1
2 383 0
@coord 384 2
2 384 [3]
$0,4059,406F4
@first_instr_ptr 385 0
2 385 NULL
@attach_ptr 386 0
2 386 NULL
@vpoint 387 0
1 387 
2 383 0
2 384 [3]
$407F4,407A5E,0
2 385 NULL
2 386 NULL
@orient 388 2
1 388 [4][4]
$3FED7954E7DBA2F8,0,3FD8EC3AE92B676B,0
$BFD385CE5246572,3FE3E43A9692E21C,3FE7167619F550A2,0
$BFCEFC077F3F36A6,BFE91103985DA841,3FE25240DD3851BF,0
$3*0,3FF
@local_sys 389 2
1 389 [4][4]
$3FF2F5D7B909DBEC,0,3FE00857F184E6ED,0
$BFD91E15E10DDFDE,3FE9979179686446,3FEDB44A88FAF282,0
$BFD3EE9A091FAAC2,BFF020019C31909R,3FE79264DB655612,0
$408348D85F1A4B06,40828ED3946901D,C0714FB1CDE17E64,3FF
@first_instr_ptr 390 0
1 390 ->
@type 391 1
2 391 100
@geom_id 392 1
2 392 -1
@view_id 393 1
2 393 -1
@memb_num 394 1
2 394 0
@offset 395 2
2 395 0
@matrix 396 0
2 396 NULL
@next_instr_ptr 397 0
1 397 ->
2 391 301
2 392 -1
2 393 -1
2 394 0
2 395 3FF495D6A6866438
2 396 NULL
1 397 NULL
@outer_xsec_index 398 1
1 398 -1
@next_view_id 399 1
1 399 -2
@simp_rep_id 400 1
1 400 0
@name 401 10
1 401 no name
@matrix 402 2
1 402 [4][4]
$3FF,3*0
$0,3FF,2*0
$2*0,3FF,0
$3*0,3FF
@fit_outline 403 2
1 403 [2][3]
$4059,405518,C0766CF36997D5C7
$408C2,4087BB,40766CF36997D5C8
@det_info_ptr 404 0
1 404 NULL
@named_view_pzmatr 405 0
1 405 NULL
@page_id 406 1
1 406 0
@model_name 407 10
1 407 NULL
@unrep_model_name 408 10
1 408 NULL
@assem_merge_parts 409 0
0 409 ->
#END_OF_UGC
