#UGC:2 PART 886 360 0 1 1 15 1600 9546 \
#- VERS 0 0                                                          \
#- HOST                                                              \
#- LINK                                                              \
#- DBID                                                              \
#- REVS 0,                                                           \
#- RELL 0,                                                           \
#- UOBJ_ID 0 0 0                                                     \
#-END_OF_UGC_HEADER
#P_OBJECT 6
@P_object 1 0
0 1 ->
@dep_db 2 0
1 2 ->
@usr_rev 3 0
1 3 [7]
2 3 
@name 4 10
3 4 ROOT
@mod_time 5 0
3 5 
@tm_sec 6 1
4 6 38
@tm_min 7 1
4 7 55
@tm_hour 8 1
4 8 21
@tm_mday 9 1
4 9 19
@tm_mon 10 1
4 10 3
@tm_year 11 1
4 11 94
@action 12 1
3 12 1000
@comment 13 10
3 13 Hostname: 'yosemite'
@rel_level 14 10
3 14 
@rev_string 15 10
3 15 
2 3 
3 4 ROOT
3 5 
4 6 36
4 7 24
4 8 19
4 9 26
4 10 8
4 11 94
3 12 1000
3 13 Hostname: 'yosemite2'
3 14 
3 15 
2 3 
3 4 USER
3 5 
4 6 40
4 7 46
4 8 19
4 9 2
4 10 11
4 11 94
3 12 1000
3 13 Hostname: 'yosemite2'
3 14 
3 15 
2 3 
3 4 USER
3 5 
4 6 9
4 7 28
4 8 20
4 9 19
4 10 0
4 11 95
3 12 1000
3 13 Hostname: 'keywest'
3 14 
3 15 
2 3 
3 4 USER
3 5 
4 6 3
4 7 29
4 8 18
4 9 27
4 10 9
4 11 95
3 12 1000
3 13 Hostname: 'ralik'
3 14 
3 15 
2 3 
3 4 JRO
3 5 
4 6 5
4 7 10
4 8 16
4 9 22
4 10 10
4 11 95
3 12 1000
3 13 Hostname: 'shetland'
3 14 
3 15 
2 3 
3 4 RHOADS
3 5 
4 6 13
4 7 37
4 8 15
4 9 30
4 10 10
4 11 95
3 12 1000
3 13 Hostname: 'unga'
3 14 
3 15 
@revnum_std 16 1
1 16 236
@flag 17 1
1 17 0
@name 18 10
1 18 NULL
@inst_hidden 19 1
1 19 0
@old_name 20 10
1 20 NULL
@user_symbols 21 0
1 21 [3]
2 21 ->
@class 22 1
3 22 1
@access 23 1
3 23 0
@changed 24 1
3 24 0
@copy_of_generic 25 1
3 25 0
@name 26 10
3 26 DESCRIPTION
@value 27 0
3 27 
@type 28 1
4 28 51
@value(s_val) 29 10
4 29 TBD
2 21 ->
3 22 1
3 23 0
3 24 0
3 25 0
3 26 DRAWN_BY
3 27 
4 28 51
4 29 TBD
2 21 ->
3 22 1
3 23 0
3 24 0
3 25 0
3 26 MATERIAL
3 27 
4 28 51
4 29 TBD
@a_inst_obj 30 0
1 30 [4]
2 30 ->
3 2 ->
3 16 231
3 17 0
3 18 RIB2
3 19 0
3 20 NULL
3 21 [3]
4 21 ->
5 22 1
5 23 1
5 24 0
5 25 0
5 26 DESCRIPTION
5 27 
6 28 51
6 29 TBD
4 21 ->
5 22 1
5 23 1
5 24 0
5 25 0
5 26 DRAWN_BY
5 27 
6 28 51
6 29 TBD
4 21 ->
5 22 1
5 23 1
5 24 0
5 25 0
5 26 MATERIAL
5 27 
6 28 51
6 29 TBD
@appl_data 31 0
3 31 ->
@bounding_box 32 2
4 32 [2][3]
$C0662B2B92AD531B,C002CAE4AB54C6B1,0
$406F8B2B92AD531B,40694B2B92AD531B,4066CB2B92AD531B
@uobj_id 33 0
3 33 NULL
2 30 ->
3 2 ->
3 16 231
3 17 0
3 18 RIB3
3 19 0
3 20 NULL
3 21 [3]
4 21 ->
5 22 1
5 23 1
5 24 0
5 25 0
5 26 DESCRIPTION
5 27 
6 28 51
6 29 TBD
4 21 ->
5 22 1
5 23 1
5 24 0
5 25 0
5 26 DRAWN_BY
5 27 
6 28 51
6 29 TBD
4 21 ->
5 22 1
5 23 1
5 24 0
5 25 0
5 26 MATERIAL
5 27 
6 28 51
6 29 TBD
3 31 ->
4 32 [2][3]
$C0662B2B92AD531B,C002CAE4AB54C6B1,0
$406F8B2B92AD531B,40694B2B92AD531B,4071A595C956A98D
3 33 NULL
2 30 ->
3 2 ->
3 16 236
3 17 0
3 18 RIB4
3 19 0
3 20 NULL
3 21 [3]
4 21 ->
5 22 1
5 23 1
5 24 0
5 25 0
5 26 DESCRIPTION
5 27 
6 28 51
6 29 TBD
4 21 ->
5 22 1
5 23 1
5 24 0
5 25 0
5 26 DRAWN_BY
5 27 
6 28 51
6 29 TBD
4 21 ->
5 22 1
5 23 1
5 24 0
5 25 0
5 26 MATERIAL
5 27 
6 28 51
6 29 TBD
3 31 ->
4 32 [2][3]
$C0662B2B92AD531B,C002CAE4AB54C6B1,0
$406F8B2B92AD531B,40694B2B92AD531B,4077E595C956A98D
3 33 NULL
2 30 ->
3 2 ->
3 16 236
3 17 0
3 18 RIB5
3 19 0
3 20 NULL
3 21 [3]
4 21 ->
5 22 1
5 23 1
5 24 0
5 25 0
5 26 DESCRIPTION
5 27 
6 28 51
6 29 TBD
4 21 ->
5 22 1
5 23 1
5 24 0
5 25 0
5 26 DRAWN_BY
5 27 
6 28 51
6 29 TBD
4 21 ->
5 22 1
5 23 1
5 24 0
5 25 0
5 26 MATERIAL
5 27 
6 28 51
6 29 TBD
3 31 ->
4 32 [2][3]
$C0662B2B92AD531B,C002CAE4AB54C6B1,0
$406F8B2B92AD531B,40694B2B92AD531B,407E2595C956A98D
3 33 NULL
1 31 ->
2 32 [2][3]
$C0662B2B92AD531B,C002CAE4AB54C6B1,0
$406F8B2B92AD531B,40694B2B92AD531B,40549657255AA636
1 33 ->
@time 34 1
2 34 817056598
@random_num 35 1
2 35 231845853
@hostid 36 1
2 36 151656566
#END_OF_P_OBJECT
#Pro/ENGINEER  TM  Version G-01-13  (c) 1988-95 by Parametric Technology Corporation  All Rights Reserved. 9546
@Solid 37 0
0 37 ->
@tab_key 38 1
1 38 0
@tab_key_struct 39 0
1 39 ->
@tab_key_ptr 40 0
2 40 [131]
@cmprs_tabkey 41 0
2 41 NULL
@type 42 1
1 42 2
@revnum_ptr 43 0
1 43 ->
@geom_revnum 44 1
2 44 202
@cosm_revnum 45 1
2 45 97
@first_member_ptr 46 0
1 46 NULL
@alumni_members 47 0
1 47 NULL
@frst_geom_ptr 48 1
1 48 110
@first_feat_ptr 49 0
1 49 ->
@id 50 1
2 50 34
@indep_attributes 51 1
2 51 1
@feat_type_ptr 52 0
2 52 ->
@table_id 53 1
3 53 13
@type 54 1
3 54 923
@feattype_key 55 10
3 55 NULL
@form 56 1
3 56 0
@attributes 57 1
3 57 [3]
$3*0
@placement 58 1
3 58 0
@intersection 59 1
3 59 -1
@internal_udf_type 60 1
3 60 -1
@param_choice_ptr 61 0
3 61 ->
@blend_choice 62 1
4 62 0
@depth_choice 63 1
4 63 0
@angle_choice 64 1
4 64 -1
@pat_choice 65 1
4 65 970
@round_choice 66 1
4 66 -1
@subsec_choice 67 1
4 67 -1
@sweep_choice 68 1
4 68 1
@dome_choice 69 1
4 69 0
@draft_choice 70 1
4 70 0
@misc_choice 71 1
4 71 0
@assoc_type 72 1
3 72 0
@symbol_key 73 1
2 73 -1
@sect_name 74 10
2 74 SIDE
@model_type 75 1
2 75 2
@idtab_ptr 76 0
2 76 ->
@srf_id_arr 77 1
3 77 [1][4]
$35,3*0
@save_geoms 78 0
3 78 NULL
@cr_flags_xar 79 1
3 79 [18]
$2*-1,-1025,1048599,4*0,2048,3*0,134217728,3*0,2,0
@cvt_feat_dat 80 0
3 80 NULL
@feat_dates_ptr 81 0
3 81 ->
@creat_date 82 1
4 82 0
@regen_date 83 1
4 83 150025
@geometry 84 0
2 84 
@srf_array 85 0
3 85 [1]
4 85 ->
@geom_type 86 1
5 86 34
@geom_id 87 1
5 87 35
@feat_id 88 1
5 88 34
@boundary_type 89 1
5 89 1
@envlp 90 2
5 90 [2][2]
$C002CAE4AB54C6B1,4050E9A8DAA559CA
$40694B2B92AD531B,40549657255AA636
@srf_prim_ptr(plane) 91 0
5 91 ->
@local_sys 92 2
6 92 [4][3]
$2*0,3FF
$3FF,2*0
$0,3FF,0
$3*0
@frst_cntr_ptr 93 0
5 93 NULL
@next_geom_ptr 94 1
5 94 0
@orient 95 1
5 95 1
@outline 96 2
5 96 [2][3]
$0,C002CAE4AB54C6B1,4050E9A8DAA559CA
$0,40694B2B92AD531B,40549657255AA636
@group_info_ptr 97 0
2 97 NULL
@intrs_pairs_ptr 98 0
2 98 ->
@place_rec_ptr 99 0
2 99 ->
@local_sys 100 2
3 100 [4][3]
$2*0,3FF
$3FF,2*0
$0,3FF,0
$3*0
@place_instruction_ptrs 101 0
3 101 [1]
4 101 ->
@type 102 1
5 102 513
@offset 103 2
5 103 0
@dim_id 104 1
5 104 -1
@ref_id 105 1
5 105 -1
@geometry1_id 106 1
5 106 -1
@geometry2_id 107 1
5 107 35
@memb_num1 108 1
5 108 0
@memb_num2 109 1
5 109 0
@attr 110 1
5 110 0
@plin_info_arr 111 0
5 111 [2]
6 111 ->
@type 112 1
7 112 1
@data(plin_info_ref) 113 0
7 113 ->
@id_type1 114 1
8 114 -4
@id_type2 115 1
8 115 5
@offset2 116 2
8 116 0
6 111 ->
7 112 6
@data(plin_info_ui_step) 117 0
7 117 ->
@step_ids 118 1
8 118 [1]
9 118 -100
@own_ref_id 119 1
3 119 -1
@orient 120 1
3 120 1
@trf_arr 121 0
3 121 [1]
4 121 
@type 122 1
5 122 11
@idx 123 1
5 123 0
@transf 124 2
5 124 [4][3]
$2*0,3FF
$3FF,2*0
$0,3FF,0
$3*0
@next_prop 125 0
2 125 NULL
@first_geom_id 126 1
2 126 35
@cond_tbl_idx 127 1
2 127 -1
@comment 128 10
2 128 NULL
@merge_info_ptr 129 0
2 129 NULL
@cosm_offs_xar 130 0
2 130 [1]
3 130 
@owner_id 131 1
4 131 35
@offset 132 2
4 132 [3]
$3*0
@topology_increment 133 0
2 133 ->
@first_geom 134 1
3 134 0
@first_quilt 135 1
3 135 0
@outline 136 2
3 136 [2][3]
$C065E,0,4054
$406F4,4069,40568
@max_part_size 137 2
3 137 0
@xform_increment 138 0
3 138 NULL
@roll_back_id 139 1
3 139 -1
@state_ind 140 1
2 140 -1
@alumni_info 141 0
2 141 NULL
@revnum 142 1
2 142 0
@rev_rec 143 0
2 143 ->
@num_plins 144 1
3 144 1
@next_feat_ptr 145 0
1 145 ->
2 50 36
2 51 1
2 52 ->
3 53 13
3 54 923
3 55 NULL
3 56 0
3 57 [3]
$3*0
3 58 0
3 59 -1
3 60 -1
3 61 ->
4 62 0
4 63 0
4 64 -1
4 65 970
4 66 -1
4 67 -1
4 68 1
4 69 0
4 70 0
4 71 0
3 72 0
2 73 -1
2 74 TOP
2 75 2
2 76 ->
3 77 [1][4]
$37,3*0
3 78 NULL
3 79 [18]
$2*-1,-1025,1048599,4*0,2048,3*0,134217728,3*0,2,0
3 80 NULL
3 81 ->
4 82 0
4 83 150025
2 84 
3 85 [1]
4 85 ->
5 86 34
5 87 37
5 88 36
5 89 1
5 90 [2][2]
$4050E9A8DAA559CA,C0662B2B92AD531B
$40549657255AA636,406F8B2B92AD531B
5 91 ->
6 92 [4][3]
$0,3FF,0
$2*0,3FF
$3FF,2*0
$3*0
5 93 NULL
5 94 0
5 95 1
5 96 [2][3]
$C0662B2B92AD531B,0,4050E9A8DAA559CA
$406F8B2B92AD531B,0,40549657255AA636
2 97 NULL
2 98 ->
2 99 ->
3 100 [4][3]
$0,3FF,0
$2*0,3FF
$3FF,2*0
$3*0
3 101 [1]
4 101 ->
5 102 514
5 103 0
5 104 -1
5 105 -1
5 106 -1
5 107 37
5 108 0
5 109 0
5 110 0
5 111 [2]
6 111 ->
7 112 1
7 113 ->
8 114 -4
8 115 5
8 116 0
6 111 ->
7 112 6
7 117 ->
8 118 [1]
9 118 -100
3 119 -1
3 120 1
3 121 [1]
4 121 
5 122 11
5 123 0
5 124 [4][3]
$0,3FF,0
$2*0,3FF
$3FF,2*0
$3*0
2 125 NULL
2 126 37
2 127 -1
2 128 NULL
2 129 NULL
2 130 [1]
3 130 
4 131 37
4 132 [3]
$3*0
2 133 ->
3 134 0
3 135 0
3 136 [2][3]
$C065E,0,4054
$406F4,4069,40568
3 137 0
3 138 NULL
3 139 -1
2 140 -1
2 141 NULL
2 142 0
2 143 ->
3 144 1
1 145 ->
2 50 38
2 51 1
2 52 ->
3 53 13
3 54 923
3 55 NULL
3 56 0
3 57 [3]
$3*0
3 58 0
3 59 -1
3 60 -1
3 61 ->
4 62 0
4 63 0
4 64 -1
4 65 970
4 66 -1
4 67 -1
4 68 1
4 69 0
4 70 0
4 71 0
3 72 0
2 73 -1
2 74 FRONT
2 75 2
2 76 ->
3 77 [1][4]
$39,3*0
3 78 NULL
3 79 [18]
$2*-1,-1025,1048599,4*0,2048,3*0,134217728,3*0,2,0
3 80 NULL
3 81 ->
4 82 0
4 83 150025
2 84 
3 85 [1]
4 85 ->
5 86 34
5 87 39
5 88 38
5 89 1
5 90 [2][2]
$C0662B2B92AD531B,C002CAE4AB54C6B1
$406F8B2B92AD531B,40694B2B92AD531B
5 91 ->
6 92 [4][3]
$3FF,2*0
$0,3FF,0
$2*0,3FF
$3*0
5 93 NULL
5 94 0
5 95 1
5 96 [2][3]
$C0662B2B92AD531B,C002CAE4AB54C6B1,0
$406F8B2B92AD531B,40694B2B92AD531B,0
2 97 NULL
2 98 ->
2 99 ->
3 100 [4][3]
$3FF,2*0
$0,3FF,0
$2*0,3FF
$3*0
3 101 [1]
4 101 ->
5 102 515
5 103 0
5 104 -1
5 105 -1
5 106 -1
5 107 39
5 108 0
5 109 0
5 110 0
5 111 [2]
6 111 ->
7 112 1
7 113 ->
8 114 -4
8 115 5
8 116 0
6 111 ->
7 112 6
7 117 ->
8 118 [1]
9 118 -100
3 119 -1
3 120 1
3 121 [1]
4 121 
5 122 11
5 123 0
5 124 [4][3]
$3FF,2*0
$0,3FF,0
$2*0,3FF
$3*0
2 125 NULL
2 126 39
2 127 -1
2 128 NULL
2 129 NULL
2 130 [1]
3 130 
4 131 39
4 132 [3]
$3*0
2 133 ->
3 134 0
3 135 0
3 136 [2][3]
$C065E,0,4054
$406F4,4069,40568
3 137 0
3 138 NULL
3 139 -1
2 140 -1
2 141 NULL
2 142 0
2 143 ->
3 144 1
1 145 ->
2 50 129
2 51 1
2 52 ->
3 53 13
3 54 923
3 55 NULL
3 56 0
3 57 [3]
$3*0
3 58 0
3 59 -1
3 60 -1
3 61 ->
4 62 0
4 63 0
4 64 -1
4 65 -1
4 66 -1
4 67 -1
4 68 0
4 69 0
4 70 0
4 71 0
3 72 0
2 73 -1
2 74 RIB1
2 75 2
2 76 ->
3 77 [1][4]
$130,3*0
3 78 NULL
3 79 [18]
$3*-1,-2049,2*-1,-16777217,3*-1,-536870913,-1,-1126176897,-2,-2097185,
$-203555329,495,0
3 80 NULL
3 81 ->
4 82 150023
4 83 150018
2 84 
3 85 [1]
4 85 ->
5 86 34
5 87 130
5 88 129
5 89 1
5 90 [2][2]
$C0662B2B92AD531B,C002CAE4AB54C6B1
$406F8B2B92AD531B,40694B2B92AD531B
5 91 ->
6 92 [4][3]
$3FF,2*0
$0,3FF,0
$2*0,3FF
$2*0,40518
5 93 NULL
5 94 0
5 95 1
5 96 [2][3]
$C0662B2B92AD531B,C002CAE4AB54C6B1,40518
$406F8B2B92AD531B,40694B2B92AD531B,40518
2 97 NULL
2 98 ->
2 99 ->
3 100 [4][3]
$3FF,2*0
$0,3FF,0
$2*0,3FF
$2*0,40518
3 101 [1]
4 101 ->
5 102 503
5 103 40518
5 104 15
5 105 -1
5 106 39
5 107 130
5 108 0
5 109 0
5 110 32770
5 111 [2]
6 111 ->
7 112 1
7 113 ->
8 114 -4
8 115 5
8 116 0
6 111 ->
7 112 6
7 117 ->
8 118 [1]
9 118 -100
3 119 -1
3 120 1
3 121 [1]
4 121 
5 122 11
5 123 0
5 124 [4][3]
$3FF,2*0
$0,3FF,0
$2*0,3FF
$2*0,40518
2 125 NULL
2 126 130
2 127 -1
2 128 NULL
2 129 NULL
@parent_table 146 1
2 146 [1]
3 146 38
2 133 ->
3 134 0
3 135 0
3 136 [2][3]
$C065E,0,4054
$406F4,4069,40568
3 137 0
3 138 NULL
3 139 -1
2 140 -1
2 141 NULL
2 142 4
2 143 ->
3 144 1
1 145 ->
2 50 108
2 51 1
2 52 ->
3 53 13
3 54 923
3 55 NULL
3 56 0
3 57 [3]
$3,2*0
3 58 0
3 59 -1
3 60 -1
3 61 ->
4 62 0
4 63 0
4 64 -1
4 65 970
4 66 -1
4 67 -1
4 68 0
4 69 0
4 70 0
4 71 0
3 72 0
2 73 -1
2 74 no_name
2 75 2
2 76 ->
3 77 [1][4]
$109,3*0
3 78 NULL
3 79 [18]
$3*-1,-2049,2*-1,-16777217,3*-1,-536870913,-1,-1126176897,-2,-2097185,
$-203555329,495,0
3 80 NULL
3 81 ->
4 82 150023
4 83 150018
2 84 
3 85 [1]
4 85 ->
5 86 34
5 87 109
5 88 108
5 89 -1
5 90 [2][2]
$2*0
$2*0
5 91 ->
6 92 [4][3]
$BFF,2*0
$0,3FF,0
$2*0,BFF
$2*0,40518
5 93 NULL
5 94 0
5 95 1
5 96 [2][3]
$3*0
$3*0
2 97 NULL
2 98 ->
2 99 ->
3 100 [4][3]
$BFF,2*0
$0,3FF,0
$2*0,BFF
$2*0,40518
3 101 [2]
4 101 ->
5 102 509
5 103 BFF
5 104 -1
5 105 -1
5 106 130
5 107 109
5 108 0
5 109 0
5 110 32768
5 111 [2]
6 111 ->
7 112 1
7 113 ->
8 114 -4
8 115 5
8 116 0
6 111 ->
7 112 6
7 117 ->
8 118 [1]
9 118 -100
4 101 ->
5 102 510
5 103 3FF
5 104 -1
5 105 -1
5 106 37
5 107 109
5 108 0
5 109 0
5 110 32768
5 111 [2]
6 111 ->
7 112 1
7 113 ->
8 114 -4
8 115 5
8 116 0
6 111 ->
7 112 6
7 117 ->
8 118 [1]
9 118 -100
3 119 -1
3 120 1
3 121 [1]
4 121 
5 122 11
5 123 0
5 124 [4][3]
$BFF,2*0
$0,3FF,0
$2*0,BFF
$2*0,40518
2 125 NULL
2 126 109
2 127 -1
2 128 NULL
2 129 NULL
2 146 [2]
$36,129
2 133 ->
3 134 0
3 135 0
3 136 [2][3]
$C065E,0,4054
$406F4,4069,40568
3 137 0
3 138 NULL
3 139 -1
2 140 -1
2 141 NULL
2 142 4
2 143 ->
3 144 2
1 145 ->
2 50 107
2 51 1
2 52 ->
3 53 7
3 54 917
3 55 NULL
3 56 1
3 57 [3]
$0,65536,0
3 58 0
3 59 991
3 60 -1
3 61 ->
4 62 0
4 63 266240
4 64 -1
4 65 -1
4 66 -1
4 67 -1
4 68 0
4 69 0
4 70 0
4 71 0
3 72 0
2 73 -1
2 74 no_name
2 75 2
2 76 ->
3 77 [6][4]
$110,204,2*0
$115,203,2*0
$120,200,3,0
$122,200,2,0
$124,200,1,0
$126,200,2*0
@edg_id_arr 147 1
3 147 [12][6]
$111,221,3,2*0,120
$112,221,2,2*0,122
$113,221,1,2*0,124
$114,221,3*0,126
$116,222,3,2*0,115
$117,222,2,2*0,115
$118,222,1,2*0,115
$119,222,3*0,115
$121,303,3,2*0,126
$123,303,2,0,3,120
$125,303,1,0,2,122
$127,303,2*0,1,124
@dtm_id_tab 148 0
3 148 [1]
4 148 
@dtm_id 149 1
5 149 109
@dim_id 150 1
5 150 -1
3 78 ->
@sv_frst_geom 151 1
4 151 110
3 79 [18]
$3*-1,-2049,2*-1,-16777217,3*-1,-536870913,-1,-1126176897,-2,-2097185,
$-203555329,495,0
3 80 NULL
3 81 ->
4 82 150023
4 83 150018
2 84 
3 85 [6]
4 85 ->
5 86 34
5 87 110
5 88 107
5 89 0
5 90 [2][2]
$C06F4,0
$4065E,4069
5 91 ->
6 92 [4][3]
$BFF,2*0
$0,3FF,0
$2*0,BFF
$2*0,40518
5 93 ->
@frst_cntr_crv_hdr_ptr 152 1
6 152 111
@trv 153 1
6 153 1
@envlp 154 2
6 154 [2][2]
$C06F4,0
$4065E,4069
@next_cntr_ptr 155 0
5 155 NULL
5 94 115
5 95 1
5 96 [2][3]
$C065E,0,40518
$406F4,4069,40518
4 85 ->
5 86 34
5 87 115
5 88 107
5 89 0
5 90 [2][2]
$C06F4,0
$4065E,4069
5 91 ->
6 92 [4][3]
$BFF,2*0
$0,3FF,0
$2*0,BFF
$2*0,4054
5 93 ->
6 152 116
6 153 1
6 154 [2][2]
$C06F4,0
$4065E,4069
5 155 NULL
5 94 120
5 95 -1
5 96 [2][3]
$C065E,0,4054
$406F4,4069,4054
4 85 ->
5 86 34
5 87 120
5 88 107
5 89 1
5 90 [2][2]
$0,C024
$407A9,0
5 91 ->
6 92 [4][3]
$BFF,2*0
$2*0,BFF
$0,BFF,0
$406F4,0,40518
5 93 ->
6 152 111
6 153 1
6 154 [2][2]
$0,C024
$407A9,0
5 155 NULL
5 94 122
5 95 1
5 96 [2][3]
$C065E,0,40518
$406F4,0,4054
4 85 ->
5 86 34
5 87 122
5 88 107
5 89 1
5 90 [2][2]
$0,C024
$4069,0
5 91 ->
6 92 [4][3]
$2*0,BFF
$3FF,2*0
$0,BFF,0
$C065E,0,40518
5 93 ->
6 152 112
6 153 1
6 154 [2][2]
$0,C024
$4069,0
5 155 NULL
5 94 124
5 95 1
5 96 [2][3]
$C065E,0,40518
$C065E,4069,4054
4 85 ->
5 86 34
5 87 124
5 88 107
5 89 1
5 90 [2][2]
$0,C024
$407A9,0
5 91 ->
6 92 [4][3]
$3FF,2*0
$2*0,3FF
$0,BFF,0
$C065E,4069,40518
5 93 ->
6 152 113
6 153 1
6 154 [2][2]
$0,C024
$407A9,0
5 155 NULL
5 94 126
5 95 1
5 96 [2][3]
$C065E,4069,40518
$406F4,4069,4054
4 85 ->
5 86 34
5 87 126
5 88 107
5 89 1
5 90 [2][2]
$0,C024
$4069,0
5 91 ->
6 92 [4][3]
$2*0,3FF
$BFF,2*0
$0,BFF,0
$406F4,4069,40518
5 93 ->
6 152 114
6 153 1
6 154 [2][2]
$0,C024
$4069,0
5 155 NULL
5 94 0
5 95 1
5 96 [2][3]
$406F4,0,40518
$406F4,4069,4054
@crv_array 156 0
3 156 [12]
4 156 ->
@crv_id 157 1
5 157 111
@feat_id 158 1
5 158 107
@type 159 1
5 159 0
@crv_pnt_dir 160 1
5 160 [2]
$-1,1
@crv_pnt_arr 161 2
5 161 [2][4]
$C06F4,3*0
$4065E,0,407A9,0
@crv_hdr_geom_ptr[0] 162 1
5 162 110
@crv_hdr_geom_ptr[1] 163 1
5 163 120
@next_crv_hdr_ptr[0] 164 1
5 164 114
@next_crv_hdr_ptr[1] 165 1
5 165 123
@ref_geom[0] 166 1
5 166 0
@ref_geom[1] 167 1
5 167 0
4 156 ->
5 157 112
5 158 107
5 159 0
5 160 [2]
$-1,1
5 161 [2][4]
$4065E,3*0
$4065E,2*4069,0
5 162 110
5 163 122
5 164 111
5 165 125
5 166 0
5 167 0
4 156 ->
5 157 113
5 158 107
5 159 0
5 160 [2]
$-1,1
5 161 [2][4]
$4065E,4069,2*0
$C06F4,4069,407A9,0
5 162 110
5 163 124
5 164 112
5 165 127
5 166 0
5 167 0
4 156 ->
5 157 114
5 158 107
5 159 0
5 160 [2]
$-1,1
5 161 [2][4]
$C06F4,4069,2*0
$C06F4,0,4069,0
5 162 110
5 163 126
5 164 113
5 165 121
5 166 0
5 167 0
4 156 ->
5 157 116
5 158 107
5 159 0
5 160 [2]
$1,-1
5 161 [2][4]
$C06F4,2*0,C024
$4065E,0,407A9,C024
5 162 115
5 163 120
5 164 117
5 165 121
5 166 0
5 167 0
4 156 ->
5 157 117
5 158 107
5 159 0
5 160 [2]
$1,-1
5 161 [2][4]
$4065E,2*0,C024
$4065E,2*4069,C024
5 162 115
5 163 122
5 164 118
5 165 123
5 166 0
5 167 0
4 156 ->
5 157 118
5 158 107
5 159 0
5 160 [2]
$1,-1
5 161 [2][4]
$4065E,4069,0,C024
$C06F4,4069,407A9,C024
5 162 115
5 163 124
5 164 119
5 165 125
5 166 0
5 167 0
4 156 ->
5 157 119
5 158 107
5 159 0
5 160 [2]
$1,-1
5 161 [2][4]
$C06F4,4069,0,C024
$C06F4,0,4069,C024
5 162 115
5 163 126
5 164 116
5 165 127
5 166 0
5 167 0
4 156 ->
5 157 121
5 158 107
5 159 0
5 160 [2]
$-1,1
5 161 [2][4]
$2*0,4069,0
$0,C024,4069,C024
5 162 120
5 163 126
5 164 111
5 165 119
5 166 0
5 167 0
4 156 ->
5 157 123
5 158 107
5 159 0
5 160 [2]
$-1,1
5 161 [2][4]
$2*0,407A9,0
$0,C024,407A9,C024
5 162 122
5 163 120
5 164 112
5 165 116
5 166 0
5 167 0
4 156 ->
5 157 125
5 158 107
5 159 0
5 160 [2]
$-1,1
5 161 [2][4]
$2*0,4069,0
$0,C024,4069,C024
5 162 124
5 163 122
5 164 113
5 165 117
5 166 0
5 167 0
4 156 ->
5 157 127
5 158 107
5 159 0
5 160 [2]
$-1,1
5 161 [2][4]
$2*0,407A9,0
$0,C024,407A9,C024
5 162 126
5 163 124
5 164 114
5 165 118
5 166 0
5 167 0
2 97 NULL
2 98 ->
2 99 ->
3 100 [4][3]
$BFF,2*0
$0,3FF,0
$2*0,BFF
$2*0,40518
3 101 [1]
4 101 ->
5 102 1853
5 103 0
5 104 14
5 105 -1
5 106 -1
5 107 -1
5 108 0
5 109 0
5 110 0
5 111 [1]
6 111 ->
7 112 6
7 117 ->
8 118 [1]
9 118 -100
3 119 -1
3 120 0
3 121 [2]
4 121 
5 122 1
5 123 0
5 124 [4][3]
$BFF,2*0
$0,3FF,0
$2*0,BFF
$3*0
4 121 
5 122 12
5 123 0
5 124 [4][3]
$BFF,2*0
$0,3FF,0
$2*0,BFF
$3*0
2 125 NULL
2 126 110
@gsec_ptr 168 0
2 168 [1]
3 168 
@type 169 1
4 169 2
@name 170 10
4 170 S2D0004
@gsec2d_ptr 171 0
4 171 ->
@name 172 10
5 172 S2D0004
@segtab_ptr 173 0
5 173 [6]
6 173 
@type 174 1
7 174 2
@dir 175 1
7 175 [3]
$0,1,0
@pointid 176 1
7 176 [2]
$0,1
@cntrid 177 1
7 177 1
@arcorient 178 1
7 178 0
@verhor 179 1
7 179 0
@radius 180 1
7 180 0
@ext_id 181 1
7 181 0
@gen_info 182 0
7 182 
@known_ent_info 183 0
7 183 
@attr 184 1
8 184 0
@known_ent_id 185 1
8 185 -1
6 173 
7 174 2
7 175 [3]
$1,2*0
7 176 [2]
$1,2
7 177 2
7 178 0
7 179 1
7 180 0
7 181 1
7 182 
7 183 
8 184 0
8 185 -1
6 173 
7 174 2
7 175 [3]
$0,-1,0
7 176 [2]
$2,3
7 177 3
7 178 0
7 179 0
7 180 0
7 181 2
7 182 
7 183 
8 184 0
8 185 -1
6 173 
7 174 2
7 175 [3]
$-1,2*0
7 176 [2]
$3,0
7 177 0
7 178 0
7 179 1
7 180 0
7 181 3
7 182 
7 183 
8 184 0
8 185 -1
6 173 
7 174 32770
7 175 [3]
$0,1,0
7 176 [2]
$4,5
7 177 5
7 178 0
7 179 0
7 180 0
7 181 4
7 182 
@attributes 186 1
8 186 8
7 183 
8 184 0
8 185 -1
6 173 
7 174 32770
7 175 [3]
$1,2*0
7 176 [2]
$6,7
7 177 7
7 178 0
7 179 1
7 180 0
7 181 5
7 182 
8 186 8
7 183 
8 184 0
8 185 -1
@dimtab_ptr 187 0
5 187 [3]
6 187 
@type 188 1
7 188 5
@value 189 2
7 189 4065E
@direct 190 1
7 190 0
@property 191 1
7 191 0
@leftpt 192 1
7 192 [2]
@rightpt 193 1
7 193 [2]
@offset 194 2
7 194 0
@ext_id 195 1
7 195 0
@dispdimattr 196 0
7 196 
@dimattr 197 1
8 197 [2]
$34,0
@dim_ref 198 0
7 198 [2]
8 198 
@item_id 199 1
9 199 2
@sense 200 1
9 200 -1
@point 201 1
9 201 [2]
$2,3
8 198 
9 199 4
9 200 -1
9 201 [2]
$4,5
6 187 
7 188 5
7 189 406F4
7 190 0
7 191 0
7 192 [2]
7 193 [2]
7 194 0
7 195 1
7 196 
8 197 [2]
$34,0
7 198 [2]
8 198 
9 199 4
9 200 -1
9 201 [2]
$4,5
8 198 
9 199 0
9 200 -1
9 201 [2]
$0,1
6 187 
7 188 5
7 189 4069
7 190 0
7 191 0
7 192 [2]
7 193 [2]
7 194 0
7 195 2
7 196 
8 197 [2]
$34,0
7 198 [2]
8 198 
9 199 1
9 200 -1
9 201 [2]
$1,2
8 198 
9 199 5
9 200 -1
9 201 [2]
$6,7
@relat_ptr 202 0
5 202 [8]
6 202 
@id 203 1
7 203 -1
@used 204 1
7 204 0
@a 205 1
7 205 [4]
$2,4,2*-1
@b 206 1
7 206 [4]
$4*0
@c 207 2
7 207 [4]
$3FF,BFF,2*3FF
@sign 208 1
7 208 -1
@idim 209 1
7 209 0
@type 210 1
7 210 0
6 202 
7 203 -1
7 204 1
7 205 [4]
$2,3,2*-1
7 206 [4]
$4*0
7 207 [4]
$3FF,BFF,2*3FF
7 208 0
7 209 0
7 210 0
6 202 
7 203 -1
7 204 1
7 205 [4]
$4,0,2*-1
7 206 [4]
$4*0
7 207 [4]
$3FF,BFF,2*3FF
7 208 -1
7 209 1
7 210 0
6 202 
7 203 -1
7 204 1
7 205 [4]
$0,1,2*-1
7 206 [4]
$4*0
7 207 [4]
$3FF,BFF,2*3FF
7 208 0
7 209 0
7 210 0
6 202 
7 203 -1
7 204 0
7 205 [4]
$1,6,2*-1
7 206 [4]
$2*1,2*0
7 207 [4]
$3FF,BFF,2*3FF
7 208 -1
7 209 2
7 210 0
6 202 
7 203 -1
7 204 1
7 205 [4]
$1,2,2*-1
7 206 [4]
$2*1,2*0
7 207 [4]
$3FF,BFF,2*3FF
7 208 0
7 209 0
7 210 0
6 202 
7 203 -1
7 204 1
7 205 [4]
$2,3,2*-1
7 206 [4]
$2*1,2*0
7 207 [4]
$3FF,BFF,2*3FF
7 208 -1
7 209 2
7 210 0
6 202 
7 203 -1
7 204 1
7 205 [4]
$3,0,2*-1
7 206 [4]
$2*1,2*0
7 207 [4]
$3FF,BFF,2*3FF
7 208 0
7 209 0
7 210 0
@formula_ptr 211 1
5 211 [8]
$0,1,2,3,4,5,6,7
@qind 212 1
5 212 -1
@totalpointid 213 1
5 213 8
@checkarcs_flag 214 1
5 214 1
@location 215 0
5 215 ->
@id 216 1
6 216 0
@param 217 2
6 217 0
@type 218 1
6 218 0
@nsket_info 219 0
5 219 ->
@scale 220 2
6 220 0
@m 221 1
6 221 0
@last_was_permanent 222 1
6 222 0
@unsolved_ptr 223 0
5 223 ->
@iges_file 224 10
6 224 NULL
@solve_version 225 1
5 225 1
@segdscr_tab 226 0
5 226 [6]
6 226 
@ent_mode 227 1
7 227 0
6 226 
7 227 0
6 226 
7 227 0
6 226 
7 227 0
6 226 
7 227 0
6 226 
7 227 0
@gsec3d_ptr 228 0
4 228 ->
@type 229 1
5 229 7
@name 230 10
5 230 S2D0004
@flip 231 1
5 231 1
@own_ref_id 232 1
5 232 -1
@first_chain_ptr 233 0
5 233 NULL
@quilt_id 234 1
5 234 -1
@plane_id 235 1
5 235 109
@plane_flip 236 1
5 236 1
@ref_planes 237 0
5 237 [2]
6 237 
@plane_id 238 1
7 238 35
@ref_type 239 1
7 239 5
@ext_ref_id 240 1
7 240 -1
@seg_id 241 1
7 241 4
@flip_flag 242 1
7 242 0
@save_entity_ptr(line) 243 0
7 243 ->
@type 244 1
8 244 32770
@id 245 1
8 245 0
@gen_info 246 0
8 246 
9 186 8
@end1 247 2
8 247 [3]
$3*0
@end2 248 2
8 248 [3]
$0,4059,0
@back_entity_ptr(line) 249 0
7 249 ->
8 244 32770
8 245 0
8 246 
9 186 8
8 247 [3]
$3*0
8 248 [3]
$0,4059,0
6 237 
7 238 37
7 239 5
7 240 -1
7 241 5
7 242 0
7 243 ->
8 244 32770
8 245 0
8 246 
9 186 8
8 247 [3]
$3*0
8 248 [3]
$4059,2*0
7 249 ->
8 244 32770
8 245 0
8 246 
9 186 8
8 247 [3]
$3*0
8 248 [3]
$4059,2*0
@order_ptr 250 0
4 250 [4]
5 250 
@id 251 1
6 251 0
@flip 252 1
6 252 34
5 250 
6 251 1
6 252 0
5 250 
6 251 2
6 252 0
5 250 
6 251 3
6 252 4
@dim_id_tab 253 1
4 253 [3]
$11,12,13
@attributes 254 1
4 254 0
@xsec_id 255 1
4 255 -1
@gsec_info_arr 256 0
4 256 [1]
5 256 
@application_type 257 1
6 257 2
@application_id 258 1
6 258 -100
@secsolve_revnum 259 1
4 259 0
@rel_accuracy 260 2
4 260 BFF
@p_saved_result 261 0
4 261 ->
@entity(line) 262 0
5 262 ->
6 245 0
6 246 
6 247 [3]
$C06F4,2*0
6 248 [3]
$C06F4,4069,0
5 262 ->
6 245 1
6 246 
6 247 [3]
$C06F4,4069,0
6 248 [3]
$4065E,4069,0
5 262 ->
6 245 2
6 246 
6 247 [3]
$4065E,4069,0
6 248 [3]
$4065E,2*0
5 262 ->
6 245 3
6 246 
6 247 [3]
$4065E,2*0
6 248 [3]
$C06F4,2*0
5 262 ->
6 244 32770
6 245 4
6 246 
7 186 8
6 247 [3]
$3*0
6 248 [3]
$0,4059,0
5 262 ->
6 244 32770
6 245 5
6 246 
7 186 8
6 247 [3]
$3*0
6 248 [3]
$4059,2*0
@local_sys 263 2
5 263 [4][3]
$BFF,2*0
$0,3FF,0
$2*0,BFF
$2*0,40518
2 127 -1
2 128 NULL
2 129 NULL
2 146 [3]
$34,36,108
2 133 ->
@crv_type 264 0
3 264 [12]
4 264 
@p_crv 265 1
5 265 111
@crv_type 266 1
5 266 7
4 264 
5 265 112
5 266 7
4 264 
5 265 113
5 266 7
4 264 
5 265 114
5 266 7
4 264 
5 265 116
5 266 7
4 264 
5 265 117
5 266 7
4 264 
5 265 118
5 266 7
4 264 
5 265 119
5 266 7
4 264 
5 265 121
5 266 7
4 264 
5 265 123
5 266 7
4 264 
5 265 125
5 266 7
4 264 
5 265 127
5 266 7
3 134 0
3 135 0
3 136 [2][3]
$C065E,0,4054
$406F4,4069,40568
3 137 0
3 138 NULL
3 139 -1
2 140 -1
2 141 NULL
2 142 7
2 143 ->
@revnums 267 0
3 267 [2]
4 267 ->
@owner_type 268 1
5 268 4
@owner_ind 269 1
5 269 0
@ref_id 270 1
5 270 0
@ref_revnum 271 1
5 271 0
4 267 ->
5 268 4
5 269 0
5 270 1
5 271 0
3 144 1
1 145 NULL
@assem_mass_prop_ptr 272 0
1 272 NULL
@mass_prop_ptr 273 0
1 273 ->
@type 274 1
2 274 0
@density 275 2
2 275 0
@init_dens 276 5
2 276 0
@rel_density 277 2
2 277 0
@init_rel_dens 278 5
2 278 0
@aver_density 279 2
2 279 0
@vrevnum 280 1
2 280 -1
@volume 281 2
2 281 0
@cg 282 2
2 282 [3]
$3*0
@inertia 283 2
2 283 [3][3]
$3*0
$3*0
$3*0
@eps 284 2
2 284 0
@surfarea 285 2
2 285 0
@assign_mp_ptr 286 0
1 286 NULL
@tol_default_ptr 287 0
1 287 ->
@type 288 1
2 288 10
@value 289 2
2 289 [7]
$0,3FB9R,3F847AE147AE147B,3F50624DD2F1A9FC,3F1A36E2EB1C432D,
$3EE4F8B588E368F1,3EB0C6F7A0B5ED8E
@ang_value 290 2
2 290 [7]
$0,6*3FE
@standard 291 1
2 291 0
@iso_tol_tbls_ptr 292 0
2 292 NULL
@first_xsec_ptr 293 0
1 293 NULL
@datum_count 294 1
1 294 3
@axis_count 295 1
1 295 1
@insert_layer_id 296 1
1 296 -1
@layer_count 297 1
1 297 1
@layer_list 298 0
1 298 [6]
2 298 
@feat_id 299 1
3 299 34
@layer_id 300 1
3 300 0
@back_layer_id 301 1
3 301 0
2 298 
3 299 36
3 300 0
3 301 0
2 298 
3 299 38
3 300 0
3 301 0
2 298 
3 299 129
3 300 0
3 301 0
2 298 
3 299 108
3 300 0
3 301 0
2 298 
3 299 107
3 300 0
3 301 0
@lang_ptr 302 0
1 302 ->
@interact_on 303 1
2 303 -1
@first_csys_ptr 304 0
1 304 NULL
@color_prop_ptr 305 0
1 305 ->
@color_tab 306 0
2 306 [1]
3 306 
@maximum 307 2
4 307 [3]
$0,3FE7C49BD19F1271,0
@ambient 308 2
4 308 3FECR
@diffuse 309 2
4 309 3FECR
@specular 310 2
4 310 3FE9R
@spec_coef 311 2
4 311 3FE
@transmission 312 2
4 312 0
@threshold 313 1
4 313 90
@gl_ind 314 1
4 314 0
@surf_ind_tab 315 0
2 315 [1]
3 315 
@surf_id 316 1
4 316 -1
@surf_color_inds 317 1
4 317 [2]
$0,-1
@fem_data 318 0
1 318 NULL
@rel_part_eps 319 2
1 319 3F1A36E2EB1C432D
@names_table 320 0
1 320 [4]
2 320 ->
@id 321 1
3 321 35
@type 322 1
3 322 5
@name 323 10
3 323 SIDE
2 320 ->
3 321 37
3 322 5
3 323 TOP
2 320 ->
3 321 39
3 322 5
3 323 FRONT
2 320 ->
3 321 130
3 322 5
3 323 RIB1
@drv_tbl_ptr 324 0
1 324 ->
@prt_type 325 1
2 325 30
@gen_name 326 10
2 326 GENERIC
@model_type 327 1
2 327 2
@instances 328 0
2 328 [4]
3 328 ->
@name 329 10
4 329 RIB2
@drv_tbl_ptr 330 0
4 330 ->
5 325 31
5 326 RIB1
5 327 2
@dim_tab_file 331 10
5 331 NULL
@type 332 1
5 332 1
@revnum 333 1
5 333 0
@values 334 0
4 334 [1]
5 334 
@type 335 1
6 335 50
@value(d_val) 336 2
6 336 40654
@attributes 337 1
4 337 0
3 328 ->
4 329 RIB3
4 330 ->
5 325 31
5 326 RIB1
5 327 2
5 331 NULL
5 332 1
5 333 0
4 334 [1]
5 334 
6 335 50
6 336 4070E
4 337 0
3 328 ->
4 329 RIB4
4 330 ->
5 325 31
5 326 RIB1
5 327 2
5 331 NULL
5 332 1
5 333 0
4 334 [1]
5 334 
6 335 50
6 336 40772
4 337 0
3 328 ->
4 329 RIB5
4 330 ->
5 325 31
5 326 RIB1
5 327 2
5 331 NULL
5 332 1
5 333 0
4 334 [1]
5 334 
6 335 50
6 336 407D6
4 337 0
2 331 NULL
@edit_header 338 10
2 338 [7]
3 338 # Pro/TABLE
3 338 # 
3 338 [] S 92;
3 338 [] W 10;
3 338 [A] W  3;
3 338 [B] W 10;
3 338 [C] W 10;
2 332 1
@items 339 0
2 339 [1]
3 339 
@type 340 1
4 340 2
@id 341 1
4 341 15
@name 342 10
4 342 d15
@invisible 343 1
4 343 0
2 333 2
@assembled_count 344 1
1 344 1
@part_type 345 1
1 345 1
@mat_name_ptr 346 10
1 346 NULL
@first_ent_id 347 1
1 347 529408
@first_view_id 348 1
1 348 0
@outline 349 2
1 349 [2][3]
$C065E,0,40518
$406F4,4069,4054
@dim_num 350 1
1 350 16
@dim_array 351 0
1 351 [16]
2 351 NULL
2 351 NULL
2 351 NULL
2 351 NULL
2 351 NULL
2 351 NULL
2 351 NULL
2 351 NULL
2 351 NULL
2 351 NULL
2 351 NULL
2 351 ->
@type 352 1
3 352 8
@dim_type 353 1
3 353 5
@feat_id 354 1
3 354 107
@attributes 355 1
3 355 289
@dim_dat_ptr 356 0
3 356 ->
@value 357 2
4 357 4065E
@bck_value 358 2
4 358 4065E
@tol_ptr 359 0
4 359 ->
@type 360 1
5 360 9
@tol_type 361 1
5 361 3
@dual_digits_diff 362 1
5 362 999
@value 363 2
5 363 [2]
$2*3F50624DD2F1A9FC
@nominal_value 364 2
4 364 4065E
@bound 365 1
4 365 20
@bck_bound 366 1
4 366 -1
@bck_tol_ptr 367 0
4 367 ->
@value 368 2
5 368 [2]
$2*3F50624DD2F1A9FC
@datum_def_id 369 1
4 369 -1
@places_denom 370 1
4 370 3
@bck_places_denom 371 1
4 371 3
@dim_data_attrib 372 1
4 372 0
@dim_cosm_ptr 373 0
3 373 ->
@d0 374 2
4 374 3FE66BD966BD966F
@d1 375 2
4 375 C03F11A745257B1E
@d2 376 2
4 376 3FE1939F225954
@d3 377 2
4 377 403B1EDB6DB6DB6F
@ord_info 378 0
4 378 NULL
@attach_ptr 379 0
3 379 NULL
@dim_text_ptr 380 0
3 380 ->
@symbol 381 10
4 381 width_left
@parent_dim_id 382 1
3 382 -1
2 351 ->
3 352 8
3 353 5
3 354 107
3 355 289
3 356 ->
4 357 406F4
4 358 406F4
4 359 ->
5 360 9
5 361 3
5 362 999
5 363 [2]
$2*3F50624DD2F1A9FC
4 364 406F4
4 365 20
4 366 -1
4 367 ->
5 368 [2]
$2*3F50624DD2F1A9FC
4 369 -1
4 370 3
4 371 3
4 372 0
3 373 ->
4 374 3FC7D7217D7217DC
4 375 C03D208CD0D3237F
4 376 3FE2E301DECD9623
4 377 403B1EDB6DB6DB6F
4 378 NULL
3 379 NULL
3 380 ->
4 381 width_right
3 382 -1
2 351 ->
3 352 8
3 353 5
3 354 107
3 355 289
3 356 ->
4 357 4069
4 358 4069
4 359 ->
5 360 9
5 361 3
5 362 999
5 363 [2]
$2*3F50624DD2F1A9FC
4 364 4069
4 365 20
4 366 -1
4 367 ->
5 368 [2]
$2*3F50624DD2F1A9FC
4 369 -1
4 370 3
4 371 3
4 372 0
3 373 ->
4 374 4045DC22FF89C4C2
4 375 3FD8DFDED5818E02
4 376 3FE388EA49AA17D2
4 377 403B1EDB6DB6DB6F
4 378 NULL
3 379 NULL
3 380 ->
4 381 height
3 382 -1
2 351 ->
3 352 8
3 353 62
3 354 107
3 355 385
3 356 ->
4 357 4024
4 358 4024
4 359 ->
5 360 9
5 361 3
5 362 999
5 363 [2]
$2*3F50624DD2F1A9FC
4 364 4024
4 365 20
4 366 -1
4 367 ->
5 368 [2]
$2*3F50624DD2F1A9FC
4 369 -1
4 370 3
4 371 3
4 372 0
3 373 ->
4 374 0
4 375 0
4 376 0
4 377 0
4 378 NULL
3 379 NULL
3 380 ->
4 381 thick
3 382 -1
2 351 ->
3 352 8
3 353 204
3 354 129
3 355 257
3 356 ->
4 357 40518
4 358 40518
4 359 ->
5 360 9
5 361 3
5 362 999
5 363 [2]
$2*3F50624DD2F1A9FC
4 364 40518
4 365 20
4 366 -1
4 367 ->
5 368 [2]
$2*3F50624DD2F1A9FC
4 369 -1
4 370 3
4 371 3
4 372 0
3 373 ->
4 374 0
4 375 0
4 376 0
4 377 0
4 378 NULL
3 379 NULL
3 380 ->
4 381 d15
3 382 -1
@ipar_num 383 1
1 383 0
@relpar_sets 384 0
1 384 [1]
2 384 
@id 385 1
3 385 -1
@type 386 1
3 386 2
@ext_ref_id 387 1
3 387 -1
@param 388 0
3 388 [7]
4 388 
@sym 389 10
5 389 
@value 390 0
5 390 
6 335 51
@value(s_val) 391 10
6 391 gogoogjoob
@bak_value 392 0
5 392 
6 335 51
6 391 gogoogjoob
4 388 
5 389 
5 390 
6 335 51
6 391 
5 392 
6 335 51
6 391 
4 388 
5 389 DRAWN_BY
5 390 
6 335 51
6 391 TBD
5 392 
6 335 51
6 391 TBD
4 388 
5 389 
5 390 
6 335 51
6 391 
5 392 
6 335 51
6 391 
4 388 
5 389 MATERIAL
5 390 
6 335 51
6 391 TBD
5 392 
6 335 51
6 391 TBD
4 388 
5 389 
5 390 
6 335 51
6 391 
5 392 
6 335 51
6 391 
4 388 
5 389 DESCRIPTION
5 390 
6 335 51
6 391 TBD
5 392 
6 335 51
6 391 TBD
@relatnum 393 1
3 393 0
@unit_arr 394 0
1 394 [2]
2 394 
@type 395 1
3 395 1
@factor 396 2
3 396 3FF
@name 397 10
3 397 INCH
@unit_type 398 1
3 398 0
2 394 
3 395 2
3 396 3FF
3 397 POUND
3 398 1
@geom_lib_ptr 399 0
1 399 NULL
@first_quilt_ptr 400 1
1 400 0
@attrib_array 401 1
1 401 [2]
$2*0
@smt_info_ptr 402 0
1 402 NULL
@cable_info_ptr 403 0
1 403 NULL
@comp_info_ptr 404 0
1 404 NULL
@max_part_size 405 2
1 405 407D5D054BB47675
@prt_misc_ptr 406 0
1 406 ->
@shrink_data_ptr 407 0
2 407 NULL
@layer_array 408 0
1 408 [5]
2 408 ->
@id 409 1
3 409 49
@type 410 1
3 410 117
@user_id 411 1
3 411 0
@weird_wline_ptr 412 0
3 412 ->
@weird_wline 413 10
4 413 1__DEF_PLANES
@layer_objects 414 0
3 414 [6]
4 414 
@type 415 1
5 415 3
@ids 416 1
5 416 [3]
$34,36,38
4 414 
5 415 8
4 414 
5 415 62
4 414 
5 415 117
4 414 
5 415 144
4 414 
5 415 145
@saved_operation 417 1
3 417 3
2 408 ->
3 409 102
3 410 117
3 411 0
3 412 ->
4 413 2__DEF_CSYS
3 414 [5]
4 414 
5 415 3
4 414 
5 415 62
4 414 
5 415 117
4 414 
5 415 144
4 414 
5 415 145
3 417 1
2 408 ->
3 409 103
3 410 117
3 411 0
3 412 ->
4 413 1_ALL_PLANES
3 414 [5]
4 414 
5 415 3
5 416 [1]
6 416 129
4 414 
5 415 62
4 414 
5 415 117
5 416 [1]
6 416 49
4 414 
5 415 144
4 414 
5 415 145
3 417 3
2 408 ->
3 409 104
3 410 117
3 411 0
3 412 ->
4 413 2_ALL_CSYS
3 414 [5]
4 414 
5 415 3
4 414 
5 415 62
4 414 
5 415 117
5 416 [1]
6 416 102
4 414 
5 415 144
4 414 
5 415 145
3 417 1
2 408 ->
3 409 128
3 410 117
3 411 0
3 412 ->
4 413 7_ALL_FEATURES
3 414 [4]
4 414 
5 415 3
5 416 [2]
$107,129
4 414 
5 415 62
4 414 
5 415 144
4 414 
5 415 145
3 417 1
@expld_mv_info 418 0
1 418 NULL
@state_info_ptr 419 0
1 419 NULL
@alumni_feats 420 0
1 420 NULL
@model_name 421 10
1 421 RIB1
@p_mdl_grid 422 0
1 422 NULL
@mdl_status_ptr 423 0
1 423 NULL
@cfg_states 424 0
1 424 NULL
@disp_outl_info 425 0
1 425 
@disp_outline 426 2
2 426 [2][3]
$C0662B2B92AD531B,C002CAE4AB54C6B1,0
$406F8B2B92AD531B,40694B2B92AD531B,40549657255AA636
@ribbon_info_ptr 427 0
1 427 NULL
@p_xref_data 428 0
1 428 ->
@View 429 0
0 429 ->
@id 430 1
1 430 0
@viewattr 431 0
1 431 
@attr_arr 432 1
2 432 [4]
$1,3*0
@mpoint 433 0
1 433 
@id 434 1
2 434 0
@coord 435 2
2 435 [3]
$4042C,4059,40449657255AA636
@first_instr_ptr 436 0
2 436 NULL
@attach_ptr 437 0
2 437 NULL
@vpoint 438 0
1 438 
2 434 0
2 435 [3]
$407F4,407A5E,0
2 436 NULL
2 437 NULL
@orient 439 2
1 439 [4][4]
$3FED7954E7DBA2F8,0,3FD8EC3AE92B676B,0
$BFD385CE5246572,3FE3E43A9692E21C,3FE7167619F550A2,0
$BFCEFC077F3F36A6,BFE91103985DA841,3FE25240DD3851BF,0
$3*0,3FF
@local_sys 440 2
1 440 [4][4]
$3FF8A80E6BFAFA67,0,3FE4D963A48CE47E,0
$BFE054EBAD24738,3FF0A3E903EFF5FA,3FF35067512D39A5,0
$BFD9EB8C778EC804,BFF4F8292E7518D3,3FEEA74636FAEA61,0
$407FDEC7D33CF04F,40773D6080C59437,C06712CCAD896442,3FF
@first_instr_ptr 441 0
1 441 ->
@type 442 1
2 442 100
@geom_id 443 1
2 443 -1
@view_id 444 1
2 444 -1
@memb_num 445 1
2 445 0
@offset 446 2
2 446 0
@matrix 447 0
2 447 NULL
@next_instr_ptr 448 0
1 448 ->
2 442 301
2 443 -1
2 444 -1
2 445 0
2 446 3FFAC5070B3DBDA1
2 447 NULL
1 448 NULL
@outer_xsec_index 449 1
1 449 -1
@next_view_id 450 1
1 450 43
@simp_rep_id 451 1
1 451 -1
@name 452 10
1 452 no name
@matrix 453 2
1 453 [4][4]
$3FF,3*0
$0,3FF,2*0
$2*0,3FF,0
$3*0,3FF
@fit_outline 454 2
1 454 [2][3]
$4059,405518,C072EF8F96D78F36
$408C2,4087BB,4072EF8F96D78F35
@det_info_ptr 455 0
1 455 NULL
@named_view_pzmatr 456 0
1 456 NULL
@page_id 457 1
1 457 0
@model_name 458 10
1 458 NULL
@unrep_model_name 459 10
1 459 NULL
@View 460 0
0 460 ->
@id 461 1
1 461 43
@viewattr 462 0
1 462 
@attr_arr 463 1
2 463 [4]
$1,3*0
@mpoint 464 0
1 464 
@id 465 1
2 465 0
@coord 466 2
2 466 [3]
$3*0
@first_instr_ptr 467 0
2 467 NULL
@attach_ptr 468 0
2 468 NULL
@vpoint 469 0
1 469 
2 465 0
2 466 [3]
$407F4,407A5E,0
2 467 NULL
2 468 NULL
@orient 470 2
1 470 [4][4]
$3FF,3*0
$0,3FF,2*0
$2*0,3FF,0
$3*0,3FF
@local_sys 471 2
1 471 [4][4]
$3FF53B74850B474F,3*0
$0,3FF53B74850B474F,2*0
$2*0,3FF53B74850B474F,0
$407F4,407A5E,0,3FF
@first_instr_ptr 472 0
1 472 ->
@type 473 1
2 473 100
@geom_id 474 1
2 474 -1
@view_id 475 1
2 475 -1
@memb_num 476 1
2 476 0
@offset 477 2
2 477 0
@matrix 478 0
2 478 NULL
@next_instr_ptr 479 0
1 479 ->
2 473 201
2 474 39
2 475 -1
2 476 0
2 477 0
2 478 NULL
1 479 ->
2 473 202
2 474 37
2 475 -1
2 476 0
2 477 0
2 478 NULL
1 479 NULL
@outer_xsec_index 480 1
1 480 -1
@next_view_id 481 1
1 481 44
@simp_rep_id 482 1
1 482 -1
@name 483 10
1 483 FRONT
@matrix 484 2
1 484 [4][4]
$3FF,3*0
$0,3FF,2*0
$2*0,3FF,0
$3*0,3FF
@fit_outline 485 2
1 485 [2][3]
$4059,405518,C07518
$408C2,4087BB,407518
@det_info_ptr 486 0
1 486 NULL
@named_view_pzmatr 487 0
1 487 ->
@matrix 488 2
2 488 [4][4]
$3FF,3*0
$0,3FF,2*0
$2*0,3FF,0
$3*0,3FF
@page_id 489 1
1 489 0
@model_name 490 10
1 490 NULL
@unrep_model_name 491 10
1 491 NULL
@View 492 0
0 492 ->
@id 493 1
1 493 44
@viewattr 494 0
1 494 
@attr_arr 495 1
2 495 [4]
$1,3*0
@mpoint 496 0
1 496 
@id 497 1
2 497 0
@coord 498 2
2 498 [3]
$3*0
@first_instr_ptr 499 0
2 499 NULL
@attach_ptr 500 0
2 500 NULL
@vpoint 501 0
1 501 
2 497 0
2 498 [3]
$407F4,407A5E,0
2 499 NULL
2 500 NULL
@orient 502 2
1 502 [4][4]
$2*0,3FF,0
$0,3FF,2*0
$BFF,3*0
$3*0,3FF
@local_sys 503 2
1 503 [4][4]
$2*0,3FF53B74850B474F,0
$0,3FF53B74850B474F,2*0
$BFF53B74850B474F,3*0
$407F4,407A5E,0,3FF
@first_instr_ptr 504 0
1 504 ->
@type 505 1
2 505 100
@geom_id 506 1
2 506 -1
@view_id 507 1
2 507 -1
@memb_num 508 1
2 508 0
@offset 509 2
2 509 0
@matrix 510 0
2 510 NULL
@next_instr_ptr 511 0
1 511 ->
2 505 201
2 506 35
2 507 -1
2 508 0
2 509 0
2 510 NULL
1 511 ->
2 505 202
2 506 37
2 507 -1
2 508 0
2 509 0
2 510 NULL
1 511 NULL
@outer_xsec_index 512 1
1 512 -1
@next_view_id 513 1
1 513 45
@simp_rep_id 514 1
1 514 -1
@name 515 10
1 515 RIGHT
@matrix 516 2
1 516 [4][4]
$3FF,3*0
$0,3FF,2*0
$2*0,3FF,0
$3*0,3FF
@fit_outline 517 2
1 517 [2][3]
$4059,405518,C07518
$408C2,4087BB,407518
@det_info_ptr 518 0
1 518 NULL
@named_view_pzmatr 519 0
1 519 ->
@matrix 520 2
2 520 [4][4]
$3FF,3*0
$0,3FF,2*0
$2*0,3FF,0
$3*0,3FF
@page_id 521 1
1 521 0
@model_name 522 10
1 522 NULL
@unrep_model_name 523 10
1 523 NULL
@View 524 0
0 524 ->
@id 525 1
1 525 45
@viewattr 526 0
1 526 
@attr_arr 527 1
2 527 [4]
$1,3*0
@mpoint 528 0
1 528 
@id 529 1
2 529 0
@coord 530 2
2 530 [3]
$3*0
@first_instr_ptr 531 0
2 531 NULL
@attach_ptr 532 0
2 532 NULL
@vpoint 533 0
1 533 
2 529 0
2 530 [3]
$407F4,407A5E,0
2 531 NULL
2 532 NULL
@orient 534 2
1 534 [4][4]
$3FF,3*0
$2*0,3FF,0
$0,BFF,2*0
$3*0,3FF
@local_sys 535 2
1 535 [4][4]
$3FF53B74850B474F,3*0
$2*0,3FF53B74850B474F,0
$0,BFF53B74850B474F,2*0
$407F4,407A5E,0,3FF
@first_instr_ptr 536 0
1 536 ->
@type 537 1
2 537 100
@geom_id 538 1
2 538 -1
@view_id 539 1
2 539 -1
@memb_num 540 1
2 540 0
@offset 541 2
2 541 0
@matrix 542 0
2 542 NULL
@next_instr_ptr 543 0
1 543 ->
2 537 201
2 538 37
2 539 -1
2 540 0
2 541 0
2 542 NULL
1 543 ->
2 537 208
2 538 39
2 539 -1
2 540 0
2 541 0
2 542 NULL
1 543 NULL
@outer_xsec_index 544 1
1 544 -1
@next_view_id 545 1
1 545 47
@simp_rep_id 546 1
1 546 -1
@name 547 10
1 547 TOP
@matrix 548 2
1 548 [4][4]
$3FF,3*0
$0,3FF,2*0
$2*0,3FF,0
$3*0,3FF
@fit_outline 549 2
1 549 [2][3]
$4059,405518,C07518
$408C2,4087BB,407518
@det_info_ptr 550 0
1 550 NULL
@named_view_pzmatr 551 0
1 551 ->
@matrix 552 2
2 552 [4][4]
$3FF,3*0
$0,3FF,2*0
$2*0,3FF,0
$3*0,3FF
@page_id 553 1
1 553 0
@model_name 554 10
1 554 NULL
@unrep_model_name 555 10
1 555 NULL
@View 556 0
0 556 ->
@id 557 1
1 557 47
@viewattr 558 0
1 558 
@attr_arr 559 1
2 559 [4]
$1,3*0
@mpoint 560 0
1 560 
@id 561 1
2 561 0
@coord 562 2
2 562 [3]
$3*0
@first_instr_ptr 563 0
2 563 NULL
@attach_ptr 564 0
2 564 NULL
@vpoint 565 0
1 565 
2 561 0
2 562 [3]
$407F4,407A5E,0
2 563 NULL
2 564 NULL
@orient 566 2
1 566 [4][4]
$2*0,BFF,0
$0,3FF,2*0
$3FF,3*0
$3*0,3FF
@local_sys 567 2
1 567 [4][4]
$2*0,BFF53B74850B474F,0
$0,3FF53B74850B474F,2*0
$3FF53B74850B474F,3*0
$407F4,407A5E,0,3FF
@first_instr_ptr 568 0
1 568 ->
@type 569 1
2 569 100
@geom_id 570 1
2 570 -1
@view_id 571 1
2 571 -1
@memb_num 572 1
2 572 0
@offset 573 2
2 573 0
@matrix 574 0
2 574 NULL
@next_instr_ptr 575 0
1 575 ->
2 569 206
2 570 35
2 571 -1
2 572 0
2 573 0
2 574 NULL
1 575 ->
2 569 202
2 570 37
2 571 -1
2 572 0
2 573 0
2 574 NULL
1 575 NULL
@outer_xsec_index 576 1
1 576 -1
@next_view_id 577 1
1 577 50
@simp_rep_id 578 1
1 578 -1
@name 579 10
1 579 LEFT
@matrix 580 2
1 580 [4][4]
$3FF,3*0
$0,3FF,2*0
$2*0,3FF,0
$3*0,3FF
@fit_outline 581 2
1 581 [2][3]
$4059,405518,C07518
$408C2,4087BB,407518
@det_info_ptr 582 0
1 582 NULL
@named_view_pzmatr 583 0
1 583 ->
@matrix 584 2
2 584 [4][4]
$3FF,3*0
$0,3FF,2*0
$2*0,3FF,0
$3*0,3FF
@page_id 585 1
1 585 0
@model_name 586 10
1 586 NULL
@unrep_model_name 587 10
1 587 NULL
@View 588 0
0 588 ->
@id 589 1
1 589 50
@viewattr 590 0
1 590 
@attr_arr 591 1
2 591 [4]
$1,3*0
@mpoint 592 0
1 592 
@id 593 1
2 593 0
@coord 594 2
2 594 [3]
$3*0
@first_instr_ptr 595 0
2 595 NULL
@attach_ptr 596 0
2 596 NULL
@vpoint 597 0
1 597 
2 593 0
2 594 [3]
$407F4,407A5E,0
2 595 NULL
2 596 NULL
@orient 598 2
1 598 [4][4]
$3FF,3*0
$2*0,BFF,0
$0,3FF,2*0
$3*0,3FF
@local_sys 599 2
1 599 [4][4]
$3FF53B74850B474F,3*0
$2*0,BFF53B74850B474F,0
$0,3FF53B74850B474F,2*0
$407F4,407A5E,0,3FF
@first_instr_ptr 600 0
1 600 ->
@type 601 1
2 601 215
@geom_id 602 1
2 602 -1
@view_id 603 1
2 603 -1
@memb_num 604 1
2 604 0
@offset 605 2
2 605 0
@matrix 606 0
2 606 ->
@matrix 607 2
3 607 [4][4]
$3FED7954E7DBA2F8,0,3FD8EC3AE92B676B,0
$BFD385CE5246572,3FE3E43A9692E21C,3FE7167619F550A2,0
$BFCEFC077F3F36A6,BFE91103985DA841,3FE25240DD3851BF,0
$3*0,3FF
@next_instr_ptr 608 0
1 608 ->
2 601 206
2 602 37
2 603 -1
2 604 0
2 605 0
2 606 NULL
1 608 ->
2 601 202
2 602 39
2 603 -1
2 604 0
2 605 0
2 606 NULL
1 608 ->
2 601 301
2 602 -1
2 603 -1
2 604 0
2 605 3FF53B74850B474F
2 606 NULL
1 608 NULL
@outer_xsec_index 609 1
1 609 -1
@next_view_id 610 1
1 610 51
@simp_rep_id 611 1
1 611 -1
@name 612 10
1 612 BOTTOM
@matrix 613 2
1 613 [4][4]
$3FF,3*0
$0,3FF,2*0
$2*0,3FF,0
$3*0,3FF
@fit_outline 614 2
1 614 [2][3]
$4059,405518,C07518
$408C2,4087BB,407518
@det_info_ptr 615 0
1 615 NULL
@named_view_pzmatr 616 0
1 616 ->
2 607 [4][4]
$3FF,3*0
$0,3FF,2*0
$2*0,3FF,0
$3*0,3FF
@page_id 617 1
1 617 0
@model_name 618 10
1 618 NULL
@unrep_model_name 619 10
1 619 NULL
@View 620 0
0 620 ->
@id 621 1
1 621 51
@viewattr 622 0
1 622 
@attr_arr 623 1
2 623 [4]
$1,3*0
@mpoint 624 0
1 624 
@id 625 1
2 625 0
@coord 626 2
2 626 [3]
$3*0
@first_instr_ptr 627 0
2 627 NULL
@attach_ptr 628 0
2 628 NULL
@vpoint 629 0
1 629 
2 625 0
2 626 [3]
$407F4,407A5E,0
2 627 NULL
2 628 NULL
@orient 630 2
1 630 [4][4]
$BFF,3*0
$0,3FF,2*0
$2*0,BFF,0
$3*0,3FF
@local_sys 631 2
1 631 [4][4]
$BFF53B74850B474F,3*0
$0,3FF53B74850B474F,2*0
$2*0,BFF53B74850B474F,0
$407F4,407A5E,0,3FF
@first_instr_ptr 632 0
1 632 ->
@type 633 1
2 633 100
@geom_id 634 1
2 634 -1
@view_id 635 1
2 635 -1
@memb_num 636 1
2 636 0
@offset 637 2
2 637 0
@matrix 638 0
2 638 NULL
@next_instr_ptr 639 0
1 639 ->
2 633 206
2 634 39
2 635 -1
2 636 0
2 637 0
2 638 NULL
1 639 ->
2 633 202
2 634 37
2 635 -1
2 636 0
2 637 0
2 638 NULL
1 639 NULL
@outer_xsec_index 640 1
1 640 -1
@next_view_id 641 1
1 641 -2
@simp_rep_id 642 1
1 642 -1
@name 643 10
1 643 BACK
@matrix 644 2
1 644 [4][4]
$3FF,3*0
$0,3FF,2*0
$2*0,3FF,0
$3*0,3FF
@fit_outline 645 2
1 645 [2][3]
$4059,405518,C07518
$408C2,4087BB,407518
@det_info_ptr 646 0
1 646 NULL
@named_view_pzmatr 647 0
1 647 ->
@matrix 648 2
2 648 [4][4]
$3FF,3*0
$0,3FF,2*0
$2*0,3FF,0
$3*0,3FF
@page_id 649 1
1 649 0
@model_name 650 10
1 650 NULL
@unrep_model_name 651 10
1 651 NULL
@assem_merge_parts 652 0
0 652 ->
#END_OF_UGC
