

Input part file name: f:/data5/repository/PTC/V20/NC_Training_Rel20/DEMO/part_4.prt.hh.sat


Output part file name: f:/data5/repository/PTC/V20/NC_Training_Rel20/DEMO/part_4.prt.hh.f.sat



Input part file name: f:/data5/repository/PTC/V20/NC_Training_Rel20/DEMO/part_3.prt.hh.sat


Output part file name: f:/data5/repository/PTC/V20/NC_Training_Rel20/DEMO/part_3.prt.hh.f.sat




Input part file name: f:/data5/repository/PTC/V20/NC_Training_Rel20/DEMO/part_ark_1.prt.hh.sat


Output part file name: f:/data5/repository/PTC/V20/NC_Training_Rel20/DEMO/part_ark_1.prt.hh.f.sat



Input part file name: f:/data5/repository/PTC/V20/NC_Training_Rel20/DEMO/part_trian_ll.prt.hh.sat


Output part file name: f:/data5/repository/PTC/V20/NC_Training_Rel20/DEMO/part_trian_ll.prt.hh.f.sat




Input part file name: f:/data5/repository/PTC/V20/NC_Training_Rel20/DEMO/part_multi_31.prt.hh.sat


Output part file name: f:/data5/repository/PTC/V20/NC_Training_Rel20/DEMO/part_multi_31.prt.hh.f.sat



Input part file name: f:/data5/repository/PTC/V20/NC_Training_Rel20/DEMO/part_multi_21.prt.hh.sat


Output part file name: f:/data5/repository/PTC/V20/NC_Training_Rel20/DEMO/part_multi_21.prt.hh.f.sat



Input part file name: f:/data5/repository/PTC/V20/NC_Training_Rel20/DEMO/mfg_multi_1.prt.hh.sat


Output part file name: f:/data5/repository/PTC/V20/NC_Training_Rel20/DEMO/mfg_multi_1.prt.hh.f.sat



Input part file name: f:/data5/repository/PTC/V20/NC_Training_Rel20/DEMO/mfg_flip.prt.hh.sat


Output part file name: f:/data5/repository/PTC/V20/NC_Training_Rel20/DEMO/mfg_flip.prt.hh.f.sat



Input part file name: f:/data5/repository/PTC/V20/NC_Training_Rel20/DEMO/mfg_multi_3.prt.hh.sat


Output part file name: f:/data5/repository/PTC/V20/NC_Training_Rel20/DEMO/mfg_multi_3.prt.hh.f.sat




Input part file name: f:/data5/repository/PTC/V20/NC_Training_Rel20/DEMO/part_multi_32.prt.hh.sat


Output part file name: f:/data5/repository/PTC/V20/NC_Training_Rel20/DEMO/part_multi_32.prt.hh.f.sat




Input part file name: f:/data5/repository/PTC/V20/NC_Training_Rel20/DEMO/mfg_multi_2.prt.hh.sat


Output part file name: f:/data5/repository/PTC/V20/NC_Training_Rel20/DEMO/mfg_multi_2.prt.hh.f.sat



Input part file name: f:/data5/repository/PTC/V20/NC_Training_Rel20/DEMO/form_created.prt.hh.sat


Output part file name: f:/data5/repository/PTC/V20/NC_Training_Rel20/DEMO/form_created.prt.hh.f.sat



Input part file name: f:/data5/repository/PTC/V20/NC_Training_Rel20/DEMO/mfg_grain.prt.hh.sat


Output part file name: f:/data5/repository/PTC/V20/NC_Training_Rel20/DEMO/mfg_grain.prt.hh.f.sat


