
INFO   : Loading part PART_MULTI_31 from manufacturing MFG_MULTI_3.
WARNING: NC sequence (id 42) has type incompatible
with primary and secondary workcell type.

INFO   : Loading part PART_MULTI_32 from manufacturing MFG_MULTI_3.
WARNING: NC sequence (id 38) has type incompatible
with primary and secondary workcell type.

INFO   : Loading part PART_MULTI_21 from manufacturing MFG_MULTI_2.
WARNING: NC sequence (id 39) refers to tool TOOL_NA_ADDED_2 that are not in the turret.
WARNING: NC sequence (id 39) refers to tool TOOL_NA_ADDED_1 that are not in the turret.
WARNING: NC sequence (id 37) refers to tool TOOL_NE_MULTI_2 that are not in the turret.

INFO   : Loading part PART_MULTI_22 from manufacturing MFG_MULTI_2.

INFO   : Loading part PART_MULTI_11 from cell MFG_MULTI_1.
WARNING: NC sequence (id 37) refers to tool TOOL_NE_MULTI_1 that are not in the turret.

INFO   : Loading part PART_MULTI_12 from cell MFG_MULTI_1.

INFO   : Loading part PART_MULTI_31 from manufacturing MFG_MULTI_3.
WARNING: NC sequence (id 42) has type incompatible
with primary and secondary workcell type.

INFO   : Loading part PART_MULTI_32 from manufacturing MFG_MULTI_3.
WARNING: NC sequence (id 38) has type incompatible
with primary and secondary workcell type.

INFO   : Loading part PART_MULTI_21 from manufacturing MFG_MULTI_2.
WARNING: NC sequence (id 39) refers to tool TOOL_NA_ADDED_2 that are not in the turret.
WARNING: NC sequence (id 39) refers to tool TOOL_NA_ADDED_1 that are not in the turret.
WARNING: NC sequence (id 37) refers to tool TOOL_NE_MULTI_2 that are not in the turret.

INFO   : Loading part PART_MULTI_22 from manufacturing MFG_MULTI_2.

INFO   : Loading part PART_MULTI_11 from cell MFG_MULTI_1.

INFO   : Loading part PART_MULTI_12 from cell MFG_MULTI_1.

INFO   : Loading part PART_MULTI_31 from manufacturing MFG_MULTI_3.
WARNING: NC sequence (id 42) has type incompatible
with primary and secondary workcell type.

INFO   : Loading part PART_MULTI_32 from manufacturing MFG_MULTI_3.
WARNING: NC sequence (id 38) has type incompatible
with primary and secondary workcell type.

INFO   : Loading part PART_MULTI_21 from manufacturing MFG_MULTI_2.
WARNING: NC sequence (id 39) refers to tool TOOL_NA_ADDED_2 that are not in the turret.
WARNING: NC sequence (id 39) refers to tool TOOL_NA_ADDED_1 that are not in the turret.

INFO   : Loading part PART_MULTI_22 from manufacturing MFG_MULTI_2.

INFO   : Loading part PART_MULTI_31 from manufacturing MFG_MULTI_3.
WARNING: NC sequence (id 42) has type incompatible
with primary and secondary workcell type.

INFO   : Loading part PART_MULTI_32 from manufacturing MFG_MULTI_3.
WARNING: NC sequence (id 38) has type incompatible
with primary and secondary workcell type.

INFO   : Loading part PART_MULTI_21 from manufacturing MFG_MULTI_2.

INFO   : Loading part PART_MULTI_22 from manufacturing MFG_MULTI_2.

INFO   : Loading part PART_MULTI_31 from manufacturing MFG_MULTI_3.
WARNING: NC sequence (id 42) has type incompatible
with primary and secondary workcell type.

INFO   : Loading part PART_MULTI_32 from manufacturing MFG_MULTI_3.
WARNING: NC sequence (id 38) has type incompatible
with primary and secondary workcell type.

INFO   : Loading part PART_MULTI_21 from manufacturing MFG_MULTI_2.

INFO   : Loading part PART_MULTI_22 from manufacturing MFG_MULTI_2.

INFO   : Loading part PART_MULTI_31 from manufacturing MFG_MULTI_3.
WARNING: NC sequence (id 42) has type incompatible
with primary and secondary workcell type.

INFO   : Loading part PART_MULTI_21 from manufacturing MFG_MULTI_2.
