/home/osti/spectrometer/BALLNUT
/home/osti/spectrometer/BEARING_208
/home/osti/spectrometer/BEARING_209
/home/osti/spectrometer/BEARING_NUT_SUPPORT_PLATE_31
/home/osti/spectrometer/BEARING_POST1_56
/home/osti/spectrometer/BEARING_POST_56
/home/osti/spectrometer/BEARING_SHAFT1_57
/home/osti/spectrometer/BEARING_SHAFT2_57
/home/osti/spectrometer/BEARING_SHAFT_57
/home/osti/spectrometer/BELLOW
/home/osti/spectrometer/BELLOWS_ATTACH_RING_21
/home/osti/spectrometer/BELLOWS_ATTACH_RING_26
/home/osti/spectrometer/BELLOWS_LONG
/home/osti/spectrometer/FLANGE_PT201_11
/home/osti/spectrometer/FLANGE_PT202_16
/home/osti/spectrometer/LINKAGE_ARM1_42
/home/osti/spectrometer/LINKAGE_ARM1_43
/home/osti/spectrometer/LINKAGE_ARM_42
/home/osti/spectrometer/LINKAGE_ARM_43
/home/osti/spectrometer/LINKAGE_ARM_SHORT_46
/home/osti/spectrometer/MAIN_BLOCK
/home/osti/spectrometer/MAIN_LINKAGE_ARM_6
/home/osti/spectrometer/NUT_244

