#UGC:2 PART 886 360 0 1 1 15 1600 9545 \
#- VERS 0 0                                                          \
#- HOST                                                              \
#- LINK                                                              \
#- DBID                                                              \
#- REVS 0,                                                           \
#- RELL 0,                                                           \
#- UOBJ_ID 816538284 156901658 1762169675                            \
#-END_OF_UGC_HEADER
#P_OBJECT 6
@P_object 1 0
0 1 ->
@dep_db 2 0
1 2 ->
@usr_rev 3 0
1 3 [1]
2 3 
@name 4 10
3 4 SETH
@mod_time 5 0
3 5 
@tm_sec 6 1
4 6 24
@tm_min 7 1
4 7 11
@tm_hour 8 1
4 8 16
@tm_mday 9 1
4 9 16
@tm_mon 10 1
4 10 10
@tm_year 11 1
4 11 95
@action 12 1
3 12 1000
@comment 13 10
3 13 Hostname: 'eire'
@rel_level 14 10
3 14 
@rev_string 15 10
3 15 
@revnum_std 16 1
1 16 203
@flag 17 1
1 17 0
@name 18 10
1 18 NULL
@inst_hidden 19 1
1 19 0
@old_name 20 10
1 20 NULL
@appl_data 21 0
1 21 ->
@bounding_box 22 2
2 22 [2][3]
$2*BFD5A78A072699C4,C03E569E281C9A67
$404E2B4F140E4D34,401D5A78A072699C,3FEAD3C503934CE2
@uobj_id 23 0
1 23 NULL
#END_OF_P_OBJECT
#Pro/ENGINEER  TM  Version G-01-12  (c) 1988-95 by Parametric Technology Corporation  All Rights Reserved. 9545
@Solid 24 0
0 24 ->
@tab_key 25 1
1 25 0
@tab_key_struct 26 0
1 26 ->
@tab_key_ptr 27 0
2 27 [105]
@cmprs_tabkey 28 0
2 28 NULL
@type 29 1
1 29 2
@revnum_ptr 30 0
1 30 ->
@geom_revnum 31 1
2 31 167
@cosm_revnum 32 1
2 32 37
@first_member_ptr 33 0
1 33 NULL
@alumni_members 34 0
1 34 NULL
@frst_geom_ptr 35 1
1 35 10
@first_feat_ptr 36 0
1 36 ->
@id 37 1
2 37 1
@indep_attributes 38 1
2 38 1
@feat_type_ptr 39 0
2 39 ->
@table_id 40 1
3 40 13
@type 41 1
3 41 923
@feattype_key 42 10
3 42 NULL
@form 43 1
3 43 0
@attributes 44 1
3 44 [3]
$0,262144,0
@placement 45 1
3 45 0
@intersection 46 1
3 46 -1
@internal_udf_type 47 1
3 47 -1
@param_choice_ptr 48 0
3 48 ->
@blend_choice 49 1
4 49 0
@depth_choice 50 1
4 50 0
@angle_choice 51 1
4 51 -1
@pat_choice 52 1
4 52 -1
@round_choice 53 1
4 53 -1
@subsec_choice 54 1
4 54 -1
@sweep_choice 55 1
4 55 0
@dome_choice 56 1
4 56 0
@draft_choice 57 1
4 57 0
@misc_choice 58 1
4 58 0
@assoc_type 59 1
3 59 0
@symbol_key 60 1
2 60 -1
@sect_name 61 10
2 61 DTM1
@model_type 62 1
2 62 2
@idtab_ptr 63 0
2 63 ->
@srf_id_arr 64 1
3 64 [1][4]
$2,3*0
@save_geoms 65 0
3 65 NULL
@cr_flags_xar 66 1
3 66 [18]
$3*-1,-2049,2*-1,-16777217,3*-1,-536870913,-1,-1126176897,-2,-2097185,
$-203555329,495,0
@cvt_feat_dat 67 0
3 67 NULL
@feat_dates_ptr 68 0
3 68 ->
@creat_date 69 1
4 69 150023
@regen_date 70 1
4 70 150023
@geometry 71 0
2 71 
@srf_array 72 0
3 72 [1]
4 72 ->
@geom_type 73 1
5 73 34
@geom_id 74 1
5 74 2
@feat_id 75 1
5 75 1
@boundary_type 76 1
5 76 1
@envlp 77 2
5 77 [2][2]
$BFD5A78A072699C4,C03E569E281C9A67
$401D5A78A072699C,3FEAD3C503934CE2
@srf_prim_ptr(plane) 78 0
5 78 ->
@local_sys 79 2
6 79 [4][3]
$2*0,3FF
$3FF,2*0
$0,3FF,0
$3*0
@frst_cntr_ptr 80 0
5 80 NULL
@next_geom_ptr 81 1
5 81 0
@orient 82 1
5 82 1
@outline 83 2
5 83 [2][3]
$0,BFD5A78A072699C4,C03E569E281C9A67
$0,401D5A78A072699C,3FEAD3C503934CE
@group_info_ptr 84 0
2 84 NULL
@intrs_pairs_ptr 85 0
2 85 ->
@place_rec_ptr 86 0
2 86 ->
@local_sys 87 2
3 87 [4][3]
$2*0,3FF
$3FF,2*0
$0,3FF,0
$3*0
@place_instruction_ptrs 88 0
3 88 [1]
4 88 ->
@type 89 1
5 89 513
@offset 90 2
5 90 0
@dim_id 91 1
5 91 -1
@ref_id 92 1
5 92 -1
@geometry1_id 93 1
5 93 -1
@geometry2_id 94 1
5 94 2
@memb_num1 95 1
5 95 0
@memb_num2 96 1
5 96 0
@attr 97 1
5 97 32768
@plin_info_arr 98 0
5 98 [2]
6 98 ->
@type 99 1
7 99 1
@data(plin_info_ref) 100 0
7 100 ->
@id_type1 101 1
8 101 -4
@id_type2 102 1
8 102 5
@offset2 103 2
8 103 0
6 98 ->
7 99 6
@data(plin_info_ui_step) 104 0
7 104 ->
@step_ids 105 1
8 105 [1]
9 105 -100
@own_ref_id 106 1
3 106 -1
@orient 107 1
3 107 1
@trf_arr 108 0
3 108 [1]
4 108 
@type 109 1
5 109 11
@idx 110 1
5 110 0
@transf 111 2
5 111 [4][3]
$2*0,3FF
$3FF,2*0
$0,3FF,0
$3*0
@next_prop 112 0
2 112 NULL
@first_geom_id 113 1
2 113 2
@cond_tbl_idx 114 1
2 114 -1
@comment 115 10
2 115 NULL
@merge_info_ptr 116 0
2 116 NULL
@topology_increment 117 0
2 117 ->
@first_geom 118 1
3 118 0
@first_quilt 119 1
3 119 0
@outline 120 2
3 120 [2][3]
$3*0
$3*0
@max_part_size 121 2
3 121 0
@xform_increment 122 0
3 122 NULL
@roll_back_id 123 1
3 123 -1
@state_ind 124 1
2 124 -1
@alumni_info 125 0
2 125 NULL
@revnum 126 1
2 126 1
@rev_rec 127 0
2 127 ->
@num_plins 128 1
3 128 1
@next_feat_ptr 129 0
1 129 ->
2 37 3
2 38 1
2 39 ->
3 40 13
3 41 923
3 42 NULL
3 43 0
3 44 [3]
$0,262144,0
3 45 0
3 46 -1
3 47 -1
3 48 ->
4 49 0
4 50 0
4 51 -1
4 52 -1
4 53 -1
4 54 -1
4 55 0
4 56 0
4 57 0
4 58 0
3 59 0
2 60 -1
2 61 DTM2
2 62 2
2 63 ->
3 64 [1][4]
$4,3*0
3 65 NULL
3 66 [18]
$3*-1,-2049,2*-1,-16777217,3*-1,-536870913,-1,-1126176897,-2,-2097185,
$-203555329,495,0
3 67 NULL
3 68 ->
4 69 150023
4 70 150023
2 71 
3 72 [1]
4 72 ->
5 73 34
5 74 4
5 75 3
5 76 1
5 77 [2][2]
$C03E569E281C9A67,BFD5A78A072699C4
$3FEAD3C503934CE2,404E2B4F140E4D34
5 78 ->
6 79 [4][3]
$0,3FF,0
$2*0,3FF
$3FF,2*0
$3*0
5 80 NULL
5 81 0
5 82 1
5 83 [2][3]
$BFD5A78A072699C4,0,C03E569E281C9A67
$404E2B4F140E4D34,0,3FEAD3C503934CE
2 84 NULL
2 85 ->
2 86 ->
3 87 [4][3]
$0,3FF,0
$2*0,3FF
$3FF,2*0
$3*0
3 88 [1]
4 88 ->
5 89 514
5 90 0
5 91 -1
5 92 -1
5 93 -1
5 94 4
5 95 0
5 96 0
5 97 32768
5 98 [2]
6 98 ->
7 99 1
7 100 ->
8 101 -4
8 102 5
8 103 0
6 98 ->
7 99 6
7 104 ->
8 105 [1]
9 105 -100
3 106 -1
3 107 1
3 108 [1]
4 108 
5 109 11
5 110 0
5 111 [4][3]
$0,3FF,0
$2*0,3FF
$3FF,2*0
$3*0
2 112 NULL
2 113 4
2 114 -1
2 115 NULL
2 116 NULL
2 117 ->
3 118 0
3 119 0
3 120 [2][3]
$3*0
$3*0
3 121 0
3 122 NULL
3 123 -1
2 124 -1
2 125 NULL
2 126 1
2 127 ->
3 128 1
1 129 ->
2 37 5
2 38 1
2 39 ->
3 40 13
3 41 923
3 42 NULL
3 43 0
3 44 [3]
$3*0
3 45 0
3 46 -1
3 47 -1
3 48 ->
4 49 0
4 50 0
4 51 -1
4 52 -1
4 53 -1
4 54 -1
4 55 0
4 56 0
4 57 0
4 58 0
3 59 0
2 60 -1
2 61 DTM3
2 62 2
2 63 ->
3 64 [1][4]
$6,3*0
3 65 NULL
3 66 [18]
$3*-1,-2049,2*-1,-16777217,3*-1,-536870913,-1,-1126176897,-2,-2097185,
$-203555329,495,0
3 67 NULL
3 68 ->
4 69 150023
4 70 150023
2 71 
3 72 [1]
4 72 ->
5 73 34
5 74 6
5 75 5
5 76 1
5 77 [2][2]
$2*BFD5A78A072699C4
$404E2B4F140E4D34,401D5A78A072699C
5 78 ->
6 79 [4][3]
$3FF,2*0
$0,3FF,0
$2*0,3FF
$3*0
5 80 NULL
5 81 0
5 82 1
5 83 [2][3]
$2*BFD5A78A072699C4,0
$404E2B4F140E4D34,401D5A78A072699C,0
2 84 NULL
2 85 ->
2 86 ->
3 87 [4][3]
$3FF,2*0
$0,3FF,0
$2*0,3FF
$3*0
3 88 [1]
4 88 ->
5 89 515
5 90 0
5 91 -1
5 92 -1
5 93 -1
5 94 6
5 95 0
5 96 0
5 97 32768
5 98 [2]
6 98 ->
7 99 1
7 100 ->
8 101 -4
8 102 5
8 103 0
6 98 ->
7 99 6
7 104 ->
8 105 [1]
9 105 -100
3 106 -1
3 107 1
3 108 [1]
4 108 
5 109 11
5 110 0
5 111 [4][3]
$3FF,2*0
$0,3FF,0
$2*0,3FF
$3*0
2 112 NULL
2 113 6
2 114 -1
2 115 NULL
2 116 NULL
2 117 ->
3 118 0
3 119 0
3 120 [2][3]
$3*0
$3*0
3 121 0
3 122 NULL
3 123 -1
2 124 -1
2 125 NULL
2 126 1
2 127 ->
3 128 1
1 129 ->
2 37 8
2 38 1
2 39 ->
3 40 13
3 41 923
3 42 NULL
3 43 0
3 44 [3]
$3,2*0
3 45 0
3 46 -1
3 47 -1
3 48 ->
4 49 0
4 50 0
4 51 -1
4 52 970
4 53 -1
4 54 -1
4 55 0
4 56 0
4 57 0
4 58 0
3 59 0
2 60 -1
2 61 no_name
2 62 2
2 63 ->
3 64 [1][4]
$9,3*0
3 65 NULL
3 66 [18]
$3*-1,-2049,2*-1,-16777217,3*-1,-536870913,-1,-1126176897,-2,-2097185,
$-203555329,495,0
3 67 NULL
3 68 ->
4 69 150023
4 70 150023
2 71 
3 72 [1]
4 72 ->
5 73 34
5 74 9
5 75 8
5 76 -1
5 77 [2][2]
$2*0
$2*0
5 78 ->
6 79 [4][3]
$3FF,2*0
$2*0,3FF
$0,BFF,0
$3*0
5 80 NULL
5 81 0
5 82 1
5 83 [2][3]
$3*0
$3*0
2 84 NULL
2 85 ->
2 86 ->
3 87 [4][3]
$3FF,2*0
$2*0,3FF
$0,BFF,0
$3*0
3 88 [2]
4 88 ->
5 89 509
5 90 3FF
5 91 -1
5 92 -1
5 93 4
5 94 9
5 95 0
5 96 0
5 97 32768
5 98 [2]
6 98 ->
7 99 1
7 100 ->
8 101 -4
8 102 5
8 103 0
6 98 ->
7 99 6
7 104 ->
8 105 [1]
9 105 -100
4 88 ->
5 89 510
5 90 BFF
5 91 -1
5 92 -1
5 93 6
5 94 9
5 95 0
5 96 0
5 97 32768
5 98 [2]
6 98 ->
7 99 1
7 100 ->
8 101 -4
8 102 5
8 103 0
6 98 ->
7 99 6
7 104 ->
8 105 [1]
9 105 -100
3 106 -1
3 107 1
3 108 [1]
4 108 
5 109 11
5 110 0
5 111 [4][3]
$3FF,2*0
$2*0,3FF
$0,BFF,0
$3*0
2 112 NULL
2 113 9
2 114 -1
2 115 NULL
2 116 NULL
@parent_table 130 1
2 130 [2]
$3,5
2 117 ->
3 118 0
3 119 0
3 120 [2][3]
$3*0
$3*0
3 121 0
3 122 NULL
3 123 -1
2 124 -1
2 125 NULL
2 126 0
2 127 ->
3 128 2
1 129 ->
2 37 7
2 38 1
2 39 ->
3 40 7
3 41 917
3 42 NULL
3 43 1
3 44 [3]
$0,65536,0
3 45 0
3 46 991
3 47 -1
3 48 ->
4 49 0
4 50 266240
4 51 -1
4 52 -1
4 53 -1
4 54 -1
4 55 0
4 56 0
4 57 0
4 58 0
3 59 0
2 60 -1
2 61 no_name
2 62 2
2 63 ->
3 64 [6][4]
$10,204,2*0
$15,203,2*0
$20,200,3,0
$22,200,2,0
$24,200,1,0
$26,200,2*0
@edg_id_arr 131 1
3 131 [12][6]
$11,221,3,2*0,10
$12,221,2,2*0,10
$13,221,1,2*0,10
$14,221,3*0,10
$16,222,3,2*0,20
$17,222,2,2*0,22
$18,222,1,2*0,24
$19,222,3*0,26
$21,303,3,2*0,20
$23,303,2,0,3,22
$25,303,1,0,2,24
$27,303,2*0,1,26
@dtm_id_tab 132 0
3 132 [1]
4 132 
@dtm_id 133 1
5 133 9
@dim_id 134 1
5 134 -1
3 65 ->
@sv_frst_geom 135 1
4 135 10
3 66 [18]
$3*-1,-2049,2*-1,-16777217,3*-1,-536870913,-1,-1126176897,-2,-2097185,
$-203555329,495,0
3 67 NULL
3 68 ->
4 69 150023
4 70 150023
2 71 
3 72 [6]
4 72 ->
5 73 34
5 74 10
5 75 7
5 76 0
5 77 [2][2]
$2*0
$404E,403E
5 78 ->
6 79 [4][3]
$3FF,2*0
$2*0,3FF
$0,BFF,0
$3*0
5 80 ->
@frst_cntr_crv_hdr_ptr 136 1
6 136 11
@trv 137 1
6 137 1
@envlp 138 2
6 138 [2][2]
$2*0
$404E,403E
@next_cntr_ptr 139 0
5 139 NULL
5 81 15
5 82 -1
5 83 [2][3]
$2*0,C03E
$404E,2*0
4 72 ->
5 73 34
5 74 15
5 75 7
5 76 0
5 77 [2][2]
$2*0
$404E,403E
5 78 ->
6 79 [4][3]
$3FF,2*0
$2*0,3FF
$0,BFF,0
$0,401C,0
5 80 ->
6 136 16
6 137 1
6 138 [2][2]
$2*0
$404E,403E
5 139 NULL
5 81 20
5 82 1
5 83 [2][3]
$0,401C,C03E
$404E,401C,0
4 72 ->
5 73 34
5 74 20
5 75 7
5 76 0
5 77 [2][2]
$2*0
$403E,401C
5 78 ->
6 79 [4][3]
$2*0,BFF
$0,3FF,0
$3FF,2*0
$2*0,C03E
5 80 ->
6 136 11
6 137 1
6 138 [2][2]
$2*0
$403E,401C
5 139 NULL
5 81 22
5 82 1
5 83 [2][3]
$2*0,C03E
$0,401C,0
4 72 ->
5 73 34
5 74 22
5 75 7
5 76 0
5 77 [2][2]
$2*0
$404E,401C
5 78 ->
6 79 [4][3]
$3FF,2*0
$0,3FF,0
$2*0,3FF
$3*0
5 80 ->
6 136 77
6 137 -1
6 138 [2][2]
$404B,4003FA289C94865R
$404C,401202EBB1B5BCD6
5 139 ->
6 136 61
6 137 -1
6 138 [2][2]
$403D,4003FA289C94865R
$403F,401202EBB1B5BCD6
5 139 ->
6 136 12
6 137 1
6 138 [2][2]
$2*0
$404E,401C
5 139 ->
6 136 45
6 137 -1
6 138 [2][2]
$401,4003FA289C94865R
$4018,401202EBB1B5BCD6
5 139 NULL
5 81 24
5 82 1
5 83 [2][3]
$3*0
$404E,401C,0
4 72 ->
5 73 34
5 74 24
5 75 7
5 76 0
5 77 [2][2]
$2*0
$403E,401C
5 78 ->
6 79 [4][3]
$2*0,3FF
$0,3FF,0
$BFF,2*0
$404E,2*0
5 80 ->
6 136 13
6 137 1
6 138 [2][2]
$2*0
$403E,401C
5 139 NULL
5 81 26
5 82 1
5 83 [2][3]
$404E,0,C03E
$404E,401C,0
4 72 ->
5 73 34
5 74 26
5 75 7
5 76 0
5 77 [2][2]
$2*0
$404E,401C
5 78 ->
6 79 [4][3]
$BFF,2*0
$0,3FF,0
$2*0,BFF
$404E,0,C03E
5 80 ->
6 136 14
6 137 1
6 138 [2][2]
$2*0
$404E,401C
5 139 NULL
5 81 36
5 82 1
5 83 [2][3]
$2*0,C03E
$404E,401C,C03E
@crv_array 140 0
3 140 [12]
4 140 ->
@crv_id 141 1
5 141 11
@feat_id 142 1
5 142 7
@type 143 1
5 143 0
@crv_pnt_dir 144 1
5 144 [2]
$1,-1
@crv_pnt_arr 145 2
5 145 [2][4]
$0,403E,2*0
$2*0,403E,0
@crv_hdr_geom_ptr[0] 146 1
5 146 10
@crv_hdr_geom_ptr[1] 147 1
5 147 20
@next_crv_hdr_ptr[0] 148 1
5 148 12
@next_crv_hdr_ptr[1] 149 1
5 149 21
@ref_geom[0] 150 1
5 150 0
@ref_geom[1] 151 1
5 151 0
4 140 ->
5 141 12
5 142 7
5 143 0
5 144 [2]
$1,-1
5 145 [2][4]
$4*0
$404E,0,404E,0
5 146 10
5 147 22
5 148 13
5 149 23
5 150 0
5 151 0
4 140 ->
5 141 13
5 142 7
5 143 0
5 144 [2]
$1,-1
5 145 [2][4]
$404E,3*0
$404E,2*403E,0
5 146 10
5 147 24
5 148 14
5 149 25
5 150 0
5 151 0
4 140 ->
5 141 14
5 142 7
5 143 0
5 144 [2]
$1,-1
5 145 [2][4]
$404E,403E,2*0
$0,403E,404E,0
5 146 10
5 147 26
5 148 11
5 149 27
5 150 0
5 151 0
4 140 ->
5 141 16
5 142 7
5 143 0
5 144 [2]
$-1,1
5 145 [2][4]
$0,403E,0,401C
$2*0,403E,401C
5 146 15
5 147 20
5 148 19
5 149 23
5 150 0
5 151 0
4 140 ->
5 141 17
5 142 7
5 143 0
5 144 [2]
$-1,1
5 145 [2][4]
$3*0,401C
$404E,0,404E,401C
5 146 15
5 147 22
5 148 16
5 149 25
5 150 0
5 151 0
4 140 ->
5 141 18
5 142 7
5 143 0
5 144 [2]
$-1,1
5 145 [2][4]
$404E,2*0,401C
$404E,2*403E,401C
5 146 15
5 147 24
5 148 17
5 149 27
5 150 0
5 151 0
4 140 ->
5 141 19
5 142 7
5 143 0
5 144 [2]
$-1,1
5 145 [2][4]
$404E,403E,0,401C
$0,403E,404E,401C
5 146 15
5 147 26
5 148 18
5 149 21
5 150 0
5 151 0
4 140 ->
5 141 21
5 142 7
5 143 0
5 144 [2]
$1,-1
5 145 [2][4]
$2*0,404E,0
$0,401C,404E,401C
5 146 20
5 147 26
5 148 16
5 149 14
5 150 0
5 151 0
4 140 ->
5 141 23
5 142 7
5 143 0
5 144 [2]
$1,-1
5 145 [2][4]
$2*0,403E,0
$0,401C,403E,401C
5 146 22
5 147 20
5 148 17
5 149 11
5 150 0
5 151 0
4 140 ->
5 141 25
5 142 7
5 143 0
5 144 [2]
$1,-1
5 145 [2][4]
$2*0,404E,0
$0,401C,404E,401C
5 146 24
5 147 22
5 148 18
5 149 12
5 150 0
5 151 0
4 140 ->
5 141 27
5 142 7
5 143 0
5 144 [2]
$1,-1
5 145 [2][4]
$2*0,403E,0
$0,401C,403E,401C
5 146 26
5 147 24
5 148 19
5 149 13
5 150 0
5 151 0
2 84 NULL
2 85 ->
2 86 ->
3 87 [4][3]
$3FF,2*0
$2*0,3FF
$0,BFF,0
$3*0
3 88 [1]
4 88 ->
5 89 1853
5 90 0
5 91 5
5 92 -1
5 93 -1
5 94 -1
5 95 0
5 96 0
5 97 0
5 98 [1]
6 98 ->
7 99 6
7 104 ->
8 105 [1]
9 105 -100
3 106 -1
3 107 0
3 108 [2]
4 108 
5 109 1
5 110 0
5 111 [4][3]
$0,BFF,0
$3FF,2*0
$2*0,3FF
$3*0
4 108 
5 109 12
5 110 0
5 111 [4][3]
$3FF,2*0
$2*0,3FF
$0,BFF,0
$3*0
2 112 NULL
2 113 10
@gsec_ptr 152 0
2 152 [1]
3 152 
@type 153 1
4 153 2
@name 154 10
4 154 S2D0001
@gsec2d_ptr 155 0
4 155 ->
@name 156 10
5 156 S2D0001
@segtab_ptr 157 0
5 157 [6]
6 157 
@type 158 1
7 158 2
@dir 159 1
7 159 [3]
$1,2*0
@pointid 160 1
7 160 [2]
$0,1
@cntrid 161 1
7 161 1
@arcorient 162 1
7 162 0
@verhor 163 1
7 163 1
@radius 164 1
7 164 0
@ext_id 165 1
7 165 0
@gen_info 166 0
7 166 
@known_ent_info 167 0
7 167 
@attr 168 1
8 168 0
@known_ent_id 169 1
8 169 -1
6 157 
7 158 2
7 159 [3]
$0,-1,0
7 160 [2]
$1,2
7 161 2
7 162 0
7 163 0
7 164 0
7 165 1
7 166 
7 167 
8 168 0
8 169 -1
6 157 
7 158 2
7 159 [3]
$-1,2*0
7 160 [2]
$2,3
7 161 3
7 162 0
7 163 1
7 164 0
7 165 2
7 166 
7 167 
8 168 0
8 169 -1
6 157 
7 158 2
7 159 [3]
$0,1,0
7 160 [2]
$3,0
7 161 0
7 162 0
7 163 0
7 164 0
7 165 3
7 166 
7 167 
8 168 0
8 169 -1
6 157 
7 158 32770
7 159 [3]
$0,-1,0
7 160 [2]
$4,5
7 161 5
7 162 0
7 163 0
7 164 0
7 165 4
7 166 
@attributes 170 1
8 170 8
7 167 
8 168 0
8 169 -1
6 157 
7 158 32770
7 159 [3]
$-1,2*0
7 160 [2]
$6,7
7 161 7
7 162 0
7 163 1
7 164 0
7 165 5
7 166 
8 170 8
7 167 
8 168 0
8 169 -1
@dimtab_ptr 171 0
5 171 [5]
6 171 
@type 172 1
7 172 42
@value 173 2
7 173 0
@direct 174 1
7 174 0
@property 175 1
7 175 0
@leftpt 176 1
7 176 [2]
@rightpt 177 1
7 177 [2]
@offset 178 2
7 178 0
@ext_id 179 1
7 179 0
@dispdimattr 180 0
7 180 
@dimattr 181 1
8 181 [2]
$2*0
@dim_ref 182 0
7 182 [2]
8 182 
@item_id 183 1
9 183 4
@sense 184 1
9 184 4
@point 185 1
9 185 [2]
$2*-1
8 182 
9 183 3
9 184 4
9 185 [2]
$2*-1
6 171 
7 172 42
7 173 0
7 174 0
7 175 0
7 176 [2]
7 177 [2]
7 178 0
7 179 1
7 180 
8 181 [2]
$2*0
7 182 [2]
8 182 
9 183 5
9 184 4
9 185 [2]
$2*-1
8 182 
9 183 2
9 184 4
9 185 [2]
$2*-1
6 171 
7 172 42
7 173 0
7 174 0
7 175 0
7 176 [2]
7 177 [2]
7 178 0
7 179 2
7 180 
8 181 [2]
$2*0
7 182 [2]
8 182 
9 183 5
9 184 4
9 185 [2]
$2*-1
8 182 
9 183 3
9 184 1
9 185 [2]
$2*-1
6 171 
7 172 1
7 173 404E
7 174 0
7 175 0
7 176 [2]
7 177 [2]
7 178 0
7 179 3
7 180 
8 181 [2]
$34,0
7 182 [2]
8 182 
9 183 0
9 184 -1
9 185 [2]
$2*0
8 182 
9 183 -1
9 184 -1
9 185 [2]
$2*1
6 171 
7 172 1
7 173 403E
7 174 0
7 175 0
7 176 [2]
7 177 [2]
7 178 0
7 179 4
7 180 
8 181 [2]
$34,0
7 182 [2]
8 182 
9 183 1
9 184 -1
9 185 [2]
$2*1
8 182 
9 183 -1
9 184 -1
9 185 [2]
$2*2
@relat_ptr 186 0
5 186 [8]
6 186 
@id 187 1
7 187 -1
@used 188 1
7 188 0
@a 189 1
7 189 [4]
$3,4,2*-1
@b 190 1
7 190 [4]
$4*0
@c 191 2
7 191 [4]
$3FF,BFF,3FF,0
@sign 192 1
7 192 0
@idim 193 1
7 193 -1
@type 194 1
7 194 0
6 186 
7 187 -1
7 188 0
7 189 [4]
$0,4,2*-1
7 190 [4]
$4*0
7 191 [4]
$3FF,BFF,3FF,0
7 192 0
7 193 -1
7 194 0
6 186 
7 187 -1
7 188 0
7 189 [4]
$2,6,2*-1
7 190 [4]
$2*1,2*0
7 191 [4]
$3FF,BFF,3FF,0
7 192 0
7 193 -1
7 194 0
6 186 
7 187 -1
7 188 0
7 189 [4]
$3,6,2*-1
7 190 [4]
$2*1,2*0
7 191 [4]
$3FF,BFF,3FF,0
7 192 0
7 193 -1
7 194 0
6 186 
7 187 -1
7 188 1
7 189 [4]
$0,1,2*-1
7 190 [4]
$4*0
7 191 [4]
$3FF,BFF,2*3FF
7 192 1
7 193 3
7 194 0
6 186 
7 187 -1
7 188 1
7 189 [4]
$1,2,2*-1
7 190 [4]
$4*0
7 191 [4]
$3FF,BFF,2*3FF
7 192 0
7 193 0
7 194 0
6 186 
7 187 -1
7 188 0
7 189 [4]
$1,2,2*-1
7 190 [4]
$2*1,2*0
7 191 [4]
$3FF,BFF,2*3FF
7 192 -1
7 193 4
7 194 0
6 186 
7 187 -1
7 188 0
7 189 [4]
$0,1,2*-1
7 190 [4]
$2*1,2*0
7 191 [4]
$3FF,BFF,2*3FF
7 192 0
7 193 0
7 194 0
@formula_ptr 195 1
5 195 [8]
$0,1,2,3,4,5,6,7
@qind 196 1
5 196 -1
@totalpointid 197 1
5 197 8
@checkarcs_flag 198 1
5 198 1
@location 199 0
5 199 ->
@id 200 1
6 200 0
@param 201 2
6 201 0
@type 202 1
6 202 0
@nsket_info 203 0
5 203 ->
@scale 204 2
6 204 0
@m 205 1
6 205 0
@last_was_permanent 206 1
6 206 0
@unsolved_ptr 207 0
5 207 ->
@iges_file 208 10
6 208 NULL
@solve_version 209 1
5 209 1
@segdscr_tab 210 0
5 210 [6]
6 210 
@ent_mode 211 1
7 211 0
6 210 
7 211 0
6 210 
7 211 0
6 210 
7 211 0
6 210 
7 211 0
6 210 
7 211 0
@gsec3d_ptr 212 0
4 212 ->
@type 213 1
5 213 7
@name 214 10
5 214 S2D0001
@flip 215 1
5 215 1
@own_ref_id 216 1
5 216 -1
@first_chain_ptr 217 0
5 217 NULL
@quilt_id 218 1
5 218 -1
@plane_id 219 1
5 219 9
@plane_flip 220 1
5 220 -1
@ref_planes 221 0
5 221 [2]
6 221 
@plane_id 222 1
7 222 2
@ref_type 223 1
7 223 5
@ext_ref_id 224 1
7 224 -1
@seg_id 225 1
7 225 4
@flip_flag 226 1
7 226 0
@save_entity_ptr(line) 227 0
7 227 ->
@type 228 1
8 228 32770
@id 229 1
8 229 0
@gen_info 230 0
8 230 
9 170 8
@end1 231 2
8 231 [3]
$3*0
@end2 232 2
8 232 [3]
$0,C059,0
@back_entity_ptr(line) 233 0
7 233 ->
8 228 32770
8 229 0
8 230 
9 170 8
8 231 [3]
$3*0
8 232 [3]
$0,C059,0
6 221 
7 222 6
7 223 5
7 224 -1
7 225 5
7 226 0
7 227 ->
8 228 32770
8 229 0
8 230 
9 170 8
8 231 [3]
$3*0
8 232 [3]
$C059,2*0
7 233 ->
8 228 32770
8 229 0
8 230 
9 170 8
8 231 [3]
$3*0
8 232 [3]
$C059,2*0
@order_ptr 234 0
4 234 [4]
5 234 
@id 235 1
6 235 0
@flip 236 1
6 236 34
5 234 
6 235 1
6 236 0
5 234 
6 235 2
6 236 0
5 234 
6 235 3
6 236 4
@dim_id_tab 237 1
4 237 [5]
$0,1,2,3,4
@attributes 238 1
4 238 0
@xsec_id 239 1
4 239 -1
@gsec_info_arr 240 0
4 240 [1]
5 240 
@application_type 241 1
6 241 2
@application_id 242 1
6 242 -100
@secsolve_revnum 243 1
4 243 0
@rel_accuracy 244 2
4 244 BFF
@p_saved_result 245 0
4 245 ->
@entity(line) 246 0
5 246 ->
6 229 0
6 230 
6 231 [3]
$0,403E,0
6 232 [3]
$404E,403E,0
5 246 ->
6 229 1
6 230 
6 231 [3]
$404E,403E,0
6 232 [3]
$404E,2*0
5 246 ->
6 229 2
6 230 
6 231 [3]
$404E,2*0
6 232 [3]
$3*0
5 246 ->
6 229 3
6 230 
6 231 [3]
$3*0
6 232 [3]
$0,403E,0
5 246 ->
6 228 32770
6 229 4
6 230 
7 170 8
6 231 [3]
$3*0
6 232 [3]
$0,C059,0
5 246 ->
6 228 32770
6 229 5
6 230 
7 170 8
6 231 [3]
$3*0
6 232 [3]
$C059,2*0
@local_sys 247 2
5 247 [4][3]
$3FF,2*0
$2*0,3FF
$0,BFF,0
$3*0
2 114 -1
2 115 NULL
2 116 NULL
2 130 [3]
$1,5,8
2 117 ->
@crv_type 248 0
3 248 [12]
4 248 
@p_crv 249 1
5 249 11
@crv_type 250 1
5 250 7
4 248 
5 249 12
5 250 7
4 248 
5 249 13
5 250 7
4 248 
5 249 14
5 250 7
4 248 
5 249 16
5 250 7
4 248 
5 249 17
5 250 7
4 248 
5 249 18
5 250 7
4 248 
5 249 19
5 250 7
4 248 
5 249 21
5 250 7
4 248 
5 249 23
5 250 7
4 248 
5 249 25
5 250 7
4 248 
5 249 27
5 250 7
3 118 0
3 119 0
3 120 [2][3]
$3*0
$3*0
3 121 0
3 122 NULL
3 123 -1
2 124 -1
2 125 NULL
2 126 4
2 127 ->
@revnums 251 0
3 251 [2]
4 251 ->
@owner_type 252 1
5 252 4
@owner_ind 253 1
5 253 0
@ref_id 254 1
5 254 0
@ref_revnum 255 1
5 255 1
4 251 ->
5 252 4
5 253 0
5 254 1
5 255 1
3 128 1
1 129 ->
2 37 28
2 38 1
2 39 ->
3 40 63
3 41 979
3 42 NULL
3 43 0
3 44 [3]
$3*0
3 45 0
3 46 -1
3 47 -1
3 48 ->
4 49 0
4 50 0
4 51 -1
4 52 -1
4 53 -1
4 54 -1
4 55 0
4 56 0
4 57 0
4 58 1
3 59 0
2 60 -1
2 61 no_name
2 62 2
@entity(coord_sys) 256 0
2 256 ->
@type 257 1
3 257 18
@id 258 1
3 258 29
@gen_info 259 0
3 259 
@color 260 1
4 260 1
@sys_type 261 1
3 261 -1
@pnt_type 262 1
3 262 -1
@radius 263 2
3 263 0
@local_sys 264 2
3 264 [4][3]
$0,BFF,0
$2*0,3FF
$BFF,2*0
$2*0,C03E
@feat_id 265 1
3 265 28
@entity(text) 266 0
2 266 ->
@text_type 267 1
3 267 34
@text_value 268 10
3 268 EC_DEF
@txt_attrib 269 1
3 269 1
@coord 270 2
3 270 [3]
$406CF9E4BBB83D96,408125A330E05868,C0716FF6D4F6A6A1
@owner_id 271 1
3 271 29
@part_id 272 1
3 272 33
@height 273 2
3 273 BFF
@width_factor 274 2
3 274 BFF
@format_info 275 0
3 275 
@thickness 276 2
3 276 BFF
2 63 ->
@misc_id_tab 277 0
3 277 [1]
4 277 
@misc_hist 278 1
5 278 [5]
$29,534,0,-1,500
3 65 NULL
3 66 [18]
$3*-1,-2049,2*-1,-16777217,3*-1,-536870913,-1,-1126176897,-2,-2097185,
$-203555329,495,0
3 67 NULL
3 68 ->
4 69 150023
4 70 150023
2 71 
2 84 NULL
2 85 ->
2 86 ->
3 87 [4][3]
$0,BFF,0
$2*0,3FF
$BFF,2*0
$2*0,C03E
3 88 [5]
4 88 ->
5 89 1240
5 90 0
5 91 -1
5 92 -1
5 93 10
5 94 -1
5 95 0
5 96 0
5 97 0
5 98 [1]
6 98 ->
7 99 6
7 104 ->
8 105 [1]
9 105 -100
4 88 ->
5 89 1240
5 90 0
5 91 -1
5 92 -1
5 93 26
5 94 -1
5 95 0
5 96 0
5 97 0
5 98 [1]
6 98 ->
7 99 6
7 104 ->
8 105 [1]
9 105 -100
4 88 ->
5 89 1240
5 90 0
5 91 -1
5 92 -1
5 93 20
5 94 -1
5 95 0
5 96 0
5 97 0
5 98 [1]
6 98 ->
7 99 6
7 104 ->
8 105 [1]
9 105 -100
4 88 ->
5 89 1270
5 90 4
5 91 -1
5 92 -1
5 93 -1
5 94 -1
5 95 0
5 96 0
5 97 0
5 98 [1]
6 98 ->
7 99 6
7 104 ->
8 105 [1]
9 105 -100
4 88 ->
5 89 1271
5 90 C008
5 91 -1
5 92 -1
5 93 -1
5 94 -1
5 95 0
5 96 0
5 97 0
5 98 [1]
6 98 ->
7 99 6
7 104 ->
8 105 [1]
9 105 -100
3 106 -1
3 107 0
3 108 [1]
4 108 
5 109 10
5 110 0
5 111 [4][3]
$0,BFF,0
$2*0,3FF
$BFF,2*0
$2*0,C03E
2 112 NULL
2 113 -1
2 114 -1
2 115 NULL
2 116 NULL
2 130 [1]
3 130 7
2 117 ->
3 118 10
3 119 0
3 120 [2][3]
$2*0,C03E
$404E,401C,0
3 121 4050DC8FC4A9F4B4
3 122 NULL
3 123 -1
2 124 -1
2 125 NULL
2 126 3
2 127 ->
3 128 5
1 129 ->
2 37 31
2 38 1
2 39 ->
3 40 13
3 41 923
3 42 NULL
3 43 0
3 44 [3]
$3,2*0
3 45 0
3 46 -1
3 47 -1
3 48 ->
4 49 0
4 50 0
4 51 -1
4 52 970
4 53 -1
4 54 -1
4 55 0
4 56 0
4 57 0
4 58 0
3 59 0
2 60 -1
2 61 no_name
2 62 2
2 63 ->
3 64 [1][4]
$32,3*0
3 65 NULL
3 66 [18]
$3*-1,-2049,2*-1,-16777217,3*-1,-536870913,-1,-1126176897,-2,-2097185,
$-203555329,495,0
3 67 NULL
3 68 ->
4 69 150023
4 70 150023
2 71 
3 72 [1]
4 72 ->
5 73 34
5 74 32
5 75 31
5 76 -1
5 77 [2][2]
$2*0
$2*0
5 78 ->
6 79 [4][3]
$3FF,2*0
$0,3FF,0
$2*0,3FF
$3*0
5 80 NULL
5 81 0
5 82 1
5 83 [2][3]
$3*0
$3*0
2 84 NULL
2 85 ->
2 86 ->
3 87 [4][3]
$3FF,2*0
$0,3FF,0
$2*0,3FF
$3*0
3 88 [2]
4 88 ->
5 89 509
5 90 3FF
5 91 -1
5 92 -1
5 93 22
5 94 32
5 95 0
5 96 0
5 97 32768
5 98 [2]
6 98 ->
7 99 1
7 100 ->
8 101 -4
8 102 5
8 103 0
6 98 ->
7 99 6
7 104 ->
8 105 [1]
9 105 -100
4 88 ->
5 89 510
5 90 3FF
5 91 -1
5 92 -1
5 93 15
5 94 32
5 95 0
5 96 0
5 97 32768
5 98 [2]
6 98 ->
7 99 1
7 100 ->
8 101 -4
8 102 5
8 103 0
6 98 ->
7 99 6
7 104 ->
8 105 [1]
9 105 -100
3 106 -1
3 107 1
3 108 [1]
4 108 
5 109 11
5 110 0
5 111 [4][3]
$3FF,2*0
$0,3FF,0
$2*0,3FF
$3*0
2 112 NULL
2 113 32
2 114 -1
2 115 NULL
2 116 NULL
2 130 [1]
3 130 7
2 117 ->
3 118 10
3 119 0
3 120 [2][3]
$2*0,C03E
$404E,401C,0
3 121 4050DC8FC4A9F4B4
3 122 NULL
3 123 -1
2 124 -1
2 125 NULL
2 126 1
2 127 ->
3 128 2
1 129 ->
2 37 30
2 38 1
2 39 ->
3 40 7
3 41 917
3 42 NULL
3 43 1
3 44 [3]
$0,65536,0
3 45 0
3 46 991
3 47 -1
3 48 ->
4 49 0
4 50 266240
4 51 -1
4 52 971
4 53 -1
4 54 -1
4 55 0
4 56 0
4 57 0
4 58 0
3 59 0
2 60 -1
2 61 no_name
2 62 2
@entity(line3d) 279 0
2 279 ->
@type 280 1
3 280 11
@id 281 1
3 281 43
@gen_info 282 0
3 282 
@geom_id 283 1
3 283 39
@end1 284 2
3 284 [3]
$4014,400C,0
@end2 285 2
3 285 [3]
$401,400C,0
2 279 ->
3 280 13
3 281 44
3 282 
4 260 1
3 283 39
3 284 [3]
$4014,400C,0
3 285 [3]
$4014,400C,3FE
2 266 ->
3 267 19
3 268 A_1
3 269 1
3 270 [3]
$4089ED46A3E7D224,4076D1ACDC46672,C0371D9DB2028568
3 271 -1
3 272 13
3 273 BFF
3 274 BFF
3 275 
3 276 BFF
2 63 ->
3 64 [4][4]
$33,204,2*0
$36,203,2*0
$39,200,2*0
$41,200,-1,0
3 131 [10][6]
$34,221,3*0,33
$35,221,-1,2*0,33
$37,222,3*0,39
$38,222,-1,2*0,41
$40,303,2*0,-1,39
$42,303,-1,2*0,41
$45,226,22,39,0,22
$46,226,22,41,0,22
$47,224,40,2*0,39
$48,224,42,2*0,41
3 277 [2]
4 277 
5 278 [5]
$43,530,39,-1,500
4 277 
5 278 [5]
$44,531,39,-1,500
3 132 [1]
4 132 
5 133 32
5 134 -1
3 65 ->
@new_edges 286 1
4 286 [4]
$45,46,47,48
4 135 33
3 66 [18]
$3*-1,-2049,2*-1,-16777217,3*-1,-536870913,-1,-1126176897,-2,-2097185,
$-203555329,495,0
3 67 NULL
3 68 ->
4 69 150023
4 70 160012
2 71 
3 72 [4]
4 72 ->
5 73 34
5 74 33
5 75 30
5 76 -1
5 77 [2][2]
$401,4004
$4018,4012
5 78 ->
6 79 [4][3]
$3FF,2*0
$0,3FF,0
$2*0,3FF
$3*0
5 80 ->
6 136 34
6 137 1
6 138 [2][2]
$401,4004
$4018,4012
5 139 NULL
5 81 0
5 82 -1
5 83 [2][3]
$401,4004,0
$4018,4012,0
4 72 ->
5 73 34
5 74 36
5 75 30
5 76 0
5 77 [2][2]
$401,4004
$4018,4012
5 78 ->
6 79 [4][3]
$3FF,2*0
$0,3FF,0
$2*0,3FF
$2*0,3FE
5 80 ->
6 136 37
6 137 1
6 138 [2][2]
$401,4004
$4018,4012
5 139 NULL
5 81 39
5 82 1
5 83 [2][3]
$401,4004,3FE
$4018,4012,3FE
4 72 ->
5 73 36
5 74 39
5 75 30
5 76 0
5 77 [2][2]
$2*0
$400921FB54442D18,3FE
@srf_prim_ptr(cylinder) 287 0
5 287 ->
@local_sys 288 2
6 288 [4][3]
$3FF,2*0
$0,3FF,0
$2*0,3FF
$4014,400C,0
@radius 289 2
6 289 3FF
5 80 ->
6 136 45
6 137 1
6 138 [2][2]
$2*0
$400921FB54442D18,3FE
5 139 NULL
5 81 41
5 82 1
5 83 [2][3]
$401,400C,0
$4018,4012,3FE
4 72 ->
5 73 36
5 74 41
5 75 30
5 76 0
5 77 [2][2]
$400921FB54442D18,0
$401921FB54442D18,3FE
5 287 ->
6 288 [4][3]
$3FF,2*0
$0,3FF,0
$2*0,3FF
$4014,400C,0
6 289 3FF
5 80 ->
6 136 46
6 137 1
6 138 [2][2]
$400921FB54442D18,0
$401921FB54442D18,3FE
5 139 NULL
5 81 52
5 82 1
5 83 [2][3]
$401,4004,0
$4018,400C,3FE
3 140 [10]
4 140 ->
5 141 34
5 142 30
5 143 0
5 144 [2]
$1,-1
5 145 [11][4]
$4018,400C,2*0
$4017CDE1C2688AA,400E78DDE6E5FD2A,3FD41B2F769CF0E,0
$40173C6EF372FE95,401059E4608EAB4C,3FE41B2F769CF0E2,0
$401659E4608EAB4C,40113C6EF372FE95,3FEE28C731EB694E,0
$40153C6EF372FE95,4011CDE1C2688AA,3FF41B2F769CF0E,0
$4014,4012,3FF921FB54442D18,0
$4012C3910C8D016B,4011CDE1C2688AA,3FFE28C731EB695,0
$4011A61B9F7154B4,40113C6EF372FE95,400197C987C952C4,0
$4010C3910C8D016B,401059E4608EAB4C,40041B2F769CF0E,0
$4010321E3D97756,400E78DDE6E5FD2A,40069E9565708EFC,0
$401,400C,400921FB54442D18,0
5 146 33
5 147 39
5 148 35
5 149 40
5 150 0
5 151 0
4 140 ->
5 141 35
5 142 30
5 143 0
5 144 [2]
$1,-1
5 145 [11][4]
$401,400C,400921FB54442D18,0
$4010321E3D97756,40098722191A02D6,400BA5614317CB34,0
$4010C3910C8D016B,40074C373EE2A968,400E28C731EB695,0
$4011A61B9F7154B4,40058722191A02D6,40105616905F83B6,0
$4012C3910C8D016B,4004643C7B2EEAC,401197C987C952C4,0
$4014,4004,4012D97C7F3321D2,0
$40153C6EF372FE95,4004643C7B2EEAC,40141B2F769CF0E,0
$401659E4608EAB4C,40058722191A02D6,40155CE26E06BFER,0
$40173C6EF372FE95,40074C373EE2A968,40169E9565708EFC,0
$4017CDE1C2688AA,40098722191A02D6,4017E0485CDA5E0A,0
$4018,400C,401921FB54442D18,0
5 146 33
5 147 41
5 148 34
5 149 42
5 150 0
5 151 0
4 140 ->
5 141 37
5 142 30
5 143 0
5 144 [2]
$-1,1
5 145 [11][4]
$4018,400C,0,3FE
$4017CDE1C2688AA,400E78DDE6E5FD2A,3FD41B2F769CF0E,3FE
$40173C6EF372FE95,401059E4608EAB4C,3FE41B2F769CF0E2,3FE
$401659E4608EAB4C,40113C6EF372FE95,3FEE28C731EB694E,3FE
$40153C6EF372FE95,4011CDE1C2688AA,3FF41B2F769CF0E,3FE
$4014,4012,3FF921FB54442D18,3FE
$4012C3910C8D016B,4011CDE1C2688AA,3FFE28C731EB695,3FE
$4011A61B9F7154B4,40113C6EF372FE95,400197C987C952C4,3FE
$4010C3910C8D016B,401059E4608EAB4C,40041B2F769CF0E,3FE
$4010321E3D97756,400E78DDE6E5FD2A,40069E9565708EFC,3FE
$401,400C,400921FB54442D18,3FE
5 146 36
5 147 39
5 148 38
5 149 48
5 150 0
5 151 0
4 140 ->
5 141 38
5 142 30
5 143 0
5 144 [2]
$-1,1
5 145 [11][4]
$401,400C,400921FB54442D18,3FE
$4010321E3D97756,40098722191A02D6,400BA5614317CB34,3FE
$4010C3910C8D016B,40074C373EE2A968,400E28C731EB695,3FE
$4011A61B9F7154B4,40058722191A02D6,40105616905F83B6,3FE
$4012C3910C8D016B,4004643C7B2EEAC,401197C987C952C4,3FE
$4014,4004,4012D97C7F3321D2,3FE
$40153C6EF372FE95,4004643C7B2EEAC,40141B2F769CF0E,3FE
$401659E4608EAB4C,40058722191A02D6,40155CE26E06BFER,3FE
$40173C6EF372FE95,40074C373EE2A968,40169E9565708EFC,3FE
$4017CDE1C2688AA,40098722191A02D6,4017E0485CDA5E0A,3FE
$4018,400C,401921FB54442D18,3FE
5 146 36
5 147 41
5 148 37
5 149 47
5 150 0
5 151 0
4 140 ->
5 141 40
5 142 30
5 143 1
5 144 [2]
$1,-1
5 145 [2][4]
$2*0,401921FB54442D18,0
$0,3FE,401921FB54442D18,3FE
5 146 39
5 147 41
5 148 0
5 149 0
5 150 0
5 151 0
4 140 ->
5 141 42
5 142 30
5 143 1
5 144 [2]
$1,-1
5 145 [2][4]
$400921FB54442D18,0,400921FB54442D18,0
$400921FB54442D18,3FE,400921FB54442D18,3FE
5 146 41
5 147 39
5 148 0
5 149 0
5 150 0
5 151 0
4 140 ->
5 141 45
5 142 30
5 143 0
5 144 [2]
$1,-1
5 145 [12][4]
$4018,400C,2*0
$4017D6855379AA0B,400E40FCFFAED1B8,3FD247426BD47DE3,0
$40175D7190EC9E17,4010299DBF176B01,3FE247426BD47DE1,0
$40169E93CFEEEB1R,401105E337674514,3FEB6AE3A1BEBCD7,0
$4015A9628D9C712B,4011A37691DDC583,3FF247426BD47DE5,0
$401491BAFB207A27,4011F593C087085E,3FF6D91306C99D5B,0
$40136E4504DF85D9,4011F593C087085E,3FFB6AE3A1BEBCD5,0
$4012569D72638ED5,4011A37691DDC582,3FFFFCB43CB3DC4D,0
$4011616C301114F,401105E337674514,400247426BD47DE2,0
$4010A28E6F1361E9,4010299DBF176B01,4004902AB94F0DA,0
$4010297AAC8655F5,400E40FCFFAED1B8,4006D91306C99D5B,0
$401,400C,400921FB54442D18,0
5 146 22
5 147 39
5 148 46
5 149 47
5 150 0
5 151 0
4 140 ->
5 141 46
5 142 30
5 143 0
5 144 [2]
$1,-1
5 145 [12][4]
$401,400C,400921FB54442D18,0
$4010297AAC8655F5,4009BF0300512E48,400B6AE3A1BEBCD4,0
$4010A28E6F1361E9,4007ACC481D129FD,400DB3CBEF394C91,0
$4011616C301114F,4005F439913175D7,400FFCB43CB3DC4E,0
$4012569D72638ED4,4004B912DC4474FC,401122CE45173604,0
$40136E4504DF85D9,400414D87EF1EF4R,401247426BD47DE3,0
$401491BAFB207A27,400414D87EF1EF4R,40136BB69291C5C1,0
$4015A9628D9C712C,4004B912DC4474FC,4014902AB94F0DA,0
$40169E93CFEEEB1,4005F439913175D6,4015B49EE00C557C,0
$40175D7190EC9E17,4007ACC481D129FE,4016D91306C99D5C,0
$4017D6855379AA0B,4009BF0300512E48,4017FD872D86E53A,0
$4018,400C,401921FB54442D18,0
5 146 22
5 147 41
5 148 45
5 149 48
5 150 0
5 151 0
4 140 ->
5 141 47
5 142 30
5 143 1
5 144 [2]
$1,-1
5 145 [2][4]
$2*0,401921FB54442D18,0
$0,3FE,401921FB54442D18,3FE
5 146 39
5 147 41
5 148 37
5 149 46
5 150 0
5 151 0
4 140 ->
5 141 48
5 142 30
5 143 1
5 144 [2]
$1,-1
5 145 [2][4]
$400921FB54442D18,0,400921FB54442D18,0
$400921FB54442D18,3FE,400921FB54442D18,3FE
5 146 41
5 147 39
5 148 38
5 149 45
5 150 0
5 151 0
2 84 NULL
2 85 ->
2 86 ->
3 87 [4][3]
$3FF,2*0
$0,3FF,0
$2*0,3FF
$3*0
3 88 [1]
4 88 ->
5 89 1853
5 90 0
5 91 9
5 92 -1
5 93 -1
5 94 -1
5 95 0
5 96 0
5 97 0
5 98 [1]
6 98 ->
7 99 6
7 104 ->
8 105 [1]
9 105 -100
3 106 -1
3 107 0
3 108 [2]
4 108 
5 109 1
5 110 0
5 111 [4][3]
$3FF,2*0
$0,3FF,0
$2*0,3FF
$3*0
4 108 
5 109 12
5 110 0
5 111 [4][3]
$3FF,2*0
$0,3FF,0
$2*0,3FF
$3*0
@pat_rec_ptr(struct) 290 0
2 290 ->
@type 291 1
3 291 13
@pat_type 292 1
3 292 33
@lead_feat_id 293 1
3 293 30
@dir_array 294 0
3 294 [4]
4 294 
@num_inst 295 1
5 295 3
@ipar_id 296 1
5 296 0
@pat_dims_array 297 0
5 297 [1]
6 297 
@pat_dim_type 298 1
7 298 133
@orig_dimid 299 1
7 299 8
@local_dimid 300 1
7 300 2
@incr_dimid 301 1
7 301 10
@feat_id 302 1
7 302 30
@relations_data 303 0
7 303 NULL
@patt_tbls_info 304 0
5 304 NULL
4 294 
5 295 1
5 296 -1
5 304 NULL
4 294 
5 295 1
5 296 -1
5 304 NULL
4 294 
5 295 1
5 296 -1
5 304 NULL
@model_name 305 0
3 305 
@object_type 306 1
4 306 -1
@name 307 10
4 307 
@simpl_rep 308 0
4 308 NULL
@pat_feat_id 309 1
3 309 0
@model_dep_id 310 1
3 310 -1
2 112 NULL
2 113 33
2 152 [1]
3 152 
4 153 2
4 154 S2D0001
4 155 ->
5 156 S2D0001
5 157 [3]
6 157 
7 158 10
7 159 [3]
$3*0
7 160 [2]
$2*0
7 161 0
7 162 0
7 163 0
7 164 0
7 165 0
7 166 
7 167 
8 168 0
8 169 -1
6 157 
7 158 32770
7 159 [3]
$1,2*0
7 160 [2]
$1,2
7 161 2
7 162 0
7 163 1
7 164 0
7 165 3
7 166 
7 167 
8 168 0
8 169 -1
6 157 
7 158 32770
7 159 [3]
$0,1,0
7 160 [2]
$3,4
7 161 4
7 162 0
7 163 0
7 164 0
7 165 4
7 166 
7 167 
8 168 0
8 169 -1
5 171 [3]
6 171 
7 172 3
7 173 3FF
7 174 0
7 175 0
7 176 [2]
7 177 [2]
7 178 0
7 179 2
7 180 
8 181 [2]
$34,0
7 182 [2]
8 182 
9 183 0
9 184 -1
9 185 [2]
$2*-1
8 182 
9 183 -1
9 184 -1
9 185 [2]
$2*-1
6 171 
7 172 2
7 173 400C
7 174 0
7 175 0
7 176 [2]
7 177 [2]
7 178 0
7 179 3
7 180 
8 181 [2]
$34,0
7 182 [2]
8 182 
9 183 1
9 184 0
9 185 [2]
$2*0
8 182 
9 183 0
9 184 3
9 185 [2]
$1,2
6 171 
7 172 2
7 173 404B8
7 174 0
7 175 0
7 176 [2]
7 177 [2]
7 178 0
7 179 4
7 180 
8 181 [2]
$34,0
7 182 [2]
8 182 
9 183 2
9 184 0
9 185 [2]
$2*0
8 182 
9 183 0
9 184 3
9 185 [2]
$3,4
5 186 [3]
6 186 
7 187 -1
7 188 0
7 189 [4]
$4*0
7 190 [4]
$4*0
7 191 [4]
$4*3FF
7 192 1
7 193 0
7 194 14
6 186 
7 187 -1
7 188 0
7 189 [4]
$0,1,2*-1
7 190 [4]
$2*1,2*0
7 191 [4]
$3FF,BFF,2*3FF
7 192 1
7 193 1
7 194 0
6 186 
7 187 -1
7 188 0
7 189 [4]
$0,3,2*-1
7 190 [4]
$4*0
7 191 [4]
$3FF,BFF,2*3FF
7 192 -1
7 193 2
7 194 0
5 195 [3]
$0,1,2
5 196 -1
5 197 5
5 198 1
5 199 ->
6 200 0
6 201 0
6 202 0
5 203 ->
6 204 0
6 205 0
6 206 0
5 207 ->
6 208 NULL
5 209 1
5 210 [5]
6 210 
7 211 0
6 210 
7 211 0
6 210 
7 211 0
6 210 
7 211 0
6 210 
7 211 0
4 212 ->
5 213 7
5 214 S2D0001
5 215 1
5 216 -1
5 217 NULL
5 218 -1
5 219 32
5 220 -1
5 221 [2]
6 221 
7 222 17
7 223 6
7 224 -1
7 225 1
7 226 0
7 227 ->
8 228 32770
8 229 -1
8 230 
8 231 [3]
$0,401C,0
8 232 [3]
$404E,401C,0
7 233 ->
8 228 32770
8 229 -1
8 230 
8 231 [3]
$0,401C,0
8 232 [3]
$404E,401C,0
6 221 
7 222 23
7 223 6
7 224 -1
7 225 2
7 226 0
7 227 ->
8 228 32770
8 229 -1
8 230 
8 231 [3]
$3*0
8 232 [3]
$0,401C,0
7 233 ->
8 228 32770
8 229 -1
8 230 
8 231 [3]
$3*0
8 232 [3]
$0,401C,0
4 234 [2]
5 234 
6 235 0
6 236 2
5 234 
6 235 0
6 236 4
4 237 [3]
$6,7,8
4 238 0
4 239 -1
4 240 [1]
5 240 
6 241 2
6 242 -100
4 243 0
4 244 BFF
4 245 ->
@entity(circle) 311 0
5 311 ->
@id 312 1
6 312 0
@gen_info 313 0
6 313 
@center 314 2
6 314 [3]
$4014,400C,0
@radius 315 2
6 315 3FF
5 246 ->
6 228 32770
6 229 1
6 230 
6 231 [3]
$0,401C,0
6 232 [3]
$404E,401C,0
5 246 ->
6 228 32770
6 229 2
6 230 
6 231 [3]
$3*0
6 232 [3]
$0,401C,0
5 247 [4][3]
$3FF,2*0
$0,3FF,0
$2*0,3FF
$3*0
2 114 -1
2 115 NULL
2 116 NULL
2 130 [2]
$7,31
2 117 ->
@next_srf 316 0
3 316 [2]
4 316 
@p_srf 317 1
5 317 26
@next_geom_ptr 318 1
5 318 0
4 316 
5 317 33
5 318 36
@bnd_type 319 0
3 319 [7]
4 319 
@p_srf 320 1
5 320 20
@boundary_type 321 1
5 321 1
4 319 
5 320 22
5 321 1
4 319 
5 320 24
5 321 1
4 319 
5 320 26
5 321 1
4 319 
5 320 33
5 321 0
4 319 
5 320 39
5 321 1
4 319 
5 320 41
5 321 1
@contours 322 0
3 322 [3]
4 322 
@p_srf 323 1
5 323 22
@start_crv_arr 324 11
5 324 [1]
6 324 12
4 322 
5 323 39
5 324 [1]
6 324 34
4 322 
5 323 41
5 324 [1]
6 324 35
@next_crv 325 0
3 325 [4]
4 325 
@p_crv 326 1
5 326 37
@next_crv 327 11
5 327 [2]
$38,42
4 325 
5 326 38
5 327 [2]
$37,40
4 325 
5 326 40
5 327 [2]
$37,35
4 325 
5 326 42
5 327 [2]
$38,34
3 118 10
3 119 0
3 120 [2][3]
$2*0,C03E
$404E,401C,0
3 121 4050DC8FC4A9F4B4
3 122 NULL
3 123 -1
2 124 -1
2 125 NULL
2 126 7
2 127 ->
3 251 [2]
4 251 ->
5 252 4
5 253 0
5 254 0
5 255 4
4 251 ->
5 252 4
5 253 0
5 254 1
5 255 4
3 128 1
1 129 ->
2 37 49
2 38 1
2 39 ->
3 40 7
3 41 917
3 42 NULL
3 43 1
3 44 [3]
$0,65536,0
3 45 0
3 46 991
3 47 -1
3 48 ->
4 49 0
4 50 266240
4 51 -1
4 52 971
4 53 -1
4 54 -1
4 55 0
4 56 0
4 57 0
4 58 0
3 59 0
2 60 -1
2 61 no_name
2 62 2
2 279 ->
3 280 11
3 281 65
3 282 
3 283 53
3 284 [3]
$403E,400C,0
3 285 [3]
$403D,400C,0
2 279 ->
3 280 13
3 281 66
3 282 
4 260 1
3 283 53
3 284 [3]
$403E,400C,0
3 285 [3]
$403E,400C,3FE
2 266 ->
3 267 19
3 268 A_2
3 269 1
3 270 [3]
$4087D08759CD896E,4076D0BB3063ADBC,C0378B7133F3D719
3 271 -1
3 272 13
3 273 BFF
3 274 BFF
3 275 
3 276 BFF
2 63 ->
3 64 [4][4]
$51,204,2*0
$52,203,2*0
$53,200,2*0
$54,200,-1,0
3 131 [10][6]
$55,221,3*0,-1
$56,221,-1,2*0,-1
$57,222,3*0,-1
$58,222,-1,2*0,-1
$59,303,2*0,2*-1
$60,303,-1,2*0,-1
$61,286,45,2*0,-1
$62,286,46,2*0,-1
$63,286,47,2*0,-1
$64,286,48,2*0,-1
3 277 [2]
4 277 
5 278 [5]
$65,530,53,-1,500
4 277 
5 278 [5]
$66,531,53,-1,500
3 132 [1]
4 132 
5 133 32
5 134 -1
3 65 NULL
3 66 [18]
$3*-1,-2049,2*-1,-16777217,3*-1,-536870913,-1,-1126176897,-2,-2097185,
$-203555329,495,0
3 67 NULL
3 68 ->
4 69 150023
4 70 160012
2 71 
3 72 [4]
4 72 ->
5 73 34
5 74 51
5 75 49
5 76 -1
5 77 [2][2]
$401,4004
$4018,4012
5 78 ->
6 79 [4][3]
$3FF,2*0
$0,3FF,0
$2*0,3FF
$4039,2*0
5 80 ->
6 136 55
6 137 1
6 138 [2][2]
$401,4004
$4018,4012
5 139 NULL
5 81 0
5 82 -1
5 83 [2][3]
$403D,4004,0
$403F,4012,0
4 72 ->
5 73 34
5 74 52
5 75 49
5 76 0
5 77 [2][2]
$401,4004
$4018,4012
5 78 ->
6 79 [4][3]
$3FF,2*0
$0,3FF,0
$2*0,3FF
$4039,0,3FE
5 80 ->
6 136 57
6 137 1
6 138 [2][2]
$401,4004
$4018,4012
5 139 NULL
5 81 53
5 82 1
5 83 [2][3]
$403D,4004,3FE
$403F,4012,3FE
4 72 ->
5 73 36
5 74 53
5 75 49
5 76 0
5 77 [2][2]
$2*0
$400921FB54442D18,3FE
5 287 ->
6 288 [4][3]
$3FF,2*0
$0,3FF,0
$2*0,3FF
$403E,400C,0
6 289 3FF
5 80 ->
6 136 61
6 137 1
6 138 [2][2]
$2*0
$400921FB54442D18,3FE
5 139 NULL
5 81 54
5 82 1
5 83 [2][3]
$403D,400C,0
$403F,4012,3FE
4 72 ->
5 73 36
5 74 54
5 75 49
5 76 0
5 77 [2][2]
$400921FB54442D18,0
$401921FB54442D18,3FE
5 287 ->
6 288 [4][3]
$3FF,2*0
$0,3FF,0
$2*0,3FF
$403E,400C,0
6 289 3FF
5 80 ->
6 136 62
6 137 1
6 138 [2][2]
$400921FB54442D18,0
$401921FB54442D18,3FE
5 139 NULL
5 81 68
5 82 1
5 83 [2][3]
$403D,4004,0
$403F,400C,3FE
3 140 [10]
4 140 ->
5 141 55
5 142 49
5 143 0
5 144 [2]
$1,-1
5 145 [11][4]
$4018,400C,2*0
$4017CDE1C2688AA,400E78DDE6E5FD2A,3FD41B2F769CF0E,0
$40173C6EF372FE95,401059E4608EAB4C,3FE41B2F769CF0E2,0
$401659E4608EAB4C,40113C6EF372FE95,3FEE28C731EB694E,0
$40153C6EF372FE95,4011CDE1C2688AA,3FF41B2F769CF0E,0
$4014,4012,3FF921FB54442D18,0
$4012C3910C8D016B,4011CDE1C2688AA,3FFE28C731EB695,0
$4011A61B9F7154B4,40113C6EF372FE95,400197C987C952C4,0
$4010C3910C8D016B,401059E4608EAB4C,40041B2F769CF0E,0
$4010321E3D97756,400E78DDE6E5FD2A,40069E9565708EFC,0
$401,400C,400921FB54442D18,0
5 146 51
5 147 53
5 148 56
5 149 59
5 150 0
5 151 0
4 140 ->
5 141 56
5 142 49
5 143 0
5 144 [2]
$1,-1
5 145 [11][4]
$401,400C,400921FB54442D18,0
$4010321E3D97756,40098722191A02D6,400BA5614317CB34,0
$4010C3910C8D016B,40074C373EE2A968,400E28C731EB695,0
$4011A61B9F7154B4,40058722191A02D6,40105616905F83B6,0
$4012C3910C8D016B,4004643C7B2EEAC,401197C987C952C4,0
$4014,4004,4012D97C7F3321D2,0
$40153C6EF372FE95,4004643C7B2EEAC,40141B2F769CF0E,0
$401659E4608EAB4C,40058722191A02D6,40155CE26E06BFER,0
$40173C6EF372FE95,40074C373EE2A968,40169E9565708EFC,0
$4017CDE1C2688AA,40098722191A02D6,4017E0485CDA5E0A,0
$4018,400C,401921FB54442D18,0
5 146 51
5 147 54
5 148 55
5 149 60
5 150 0
5 151 0
4 140 ->
5 141 57
5 142 49
5 143 0
5 144 [2]
$-1,1
5 145 [11][4]
$4018,400C,0,3FE
$4017CDE1C2688AA,400E78DDE6E5FD2A,3FD41B2F769CF0E,3FE
$40173C6EF372FE95,401059E4608EAB4C,3FE41B2F769CF0E2,3FE
$401659E4608EAB4C,40113C6EF372FE95,3FEE28C731EB694E,3FE
$40153C6EF372FE95,4011CDE1C2688AA,3FF41B2F769CF0E,3FE
$4014,4012,3FF921FB54442D18,3FE
$4012C3910C8D016B,4011CDE1C2688AA,3FFE28C731EB695,3FE
$4011A61B9F7154B4,40113C6EF372FE95,400197C987C952C4,3FE
$4010C3910C8D016B,401059E4608EAB4C,40041B2F769CF0E,3FE
$4010321E3D97756,400E78DDE6E5FD2A,40069E9565708EFC,3FE
$401,400C,400921FB54442D18,3FE
5 146 52
5 147 53
5 148 58
5 149 64
5 150 0
5 151 0
4 140 ->
5 141 58
5 142 49
5 143 0
5 144 [2]
$-1,1
5 145 [11][4]
$401,400C,400921FB54442D18,3FE
$4010321E3D97756,40098722191A02D6,400BA5614317CB34,3FE
$4010C3910C8D016B,40074C373EE2A968,400E28C731EB695,3FE
$4011A61B9F7154B4,40058722191A02D6,40105616905F83B6,3FE
$4012C3910C8D016B,4004643C7B2EEAC,401197C987C952C4,3FE
$4014,4004,4012D97C7F3321D2,3FE
$40153C6EF372FE95,4004643C7B2EEAC,40141B2F769CF0E,3FE
$401659E4608EAB4C,40058722191A02D6,40155CE26E06BFER,3FE
$40173C6EF372FE95,40074C373EE2A968,40169E9565708EFC,3FE
$4017CDE1C2688AA,40098722191A02D6,4017E0485CDA5E0A,3FE
$4018,400C,401921FB54442D18,3FE
5 146 52
5 147 54
5 148 57
5 149 63
5 150 0
5 151 0
4 140 ->
5 141 59
5 142 49
5 143 1
5 144 [2]
$1,-1
5 145 [2][4]
$2*0,401921FB54442D18,0
$0,3FE,401921FB54442D18,3FE
5 146 53
5 147 54
5 148 0
5 149 0
5 150 0
5 151 0
4 140 ->
5 141 60
5 142 49
5 143 1
5 144 [2]
$1,-1
5 145 [2][4]
$400921FB54442D18,0,400921FB54442D18,0
$400921FB54442D18,3FE,400921FB54442D18,3FE
5 146 54
5 147 53
5 148 0
5 149 0
5 150 0
5 151 0
4 140 ->
5 141 61
5 142 49
5 143 0
5 144 [2]
$1,-1
5 145 [12][4]
$403F,400C,2*0
$403EF5A154DE6A83,400E40FCFFAED1B8,3FD247426BD47DE3,0
$403ED75C643B2786,4010299DBF176B01,3FE247426BD47DE1,0
$403EA7A4F3FBBAC4,401105E337674514,3FEB6AE3A1BEBCD7,0
$403E6A58A3671C4B,4011A37691DDC583,3FF247426BD47DE5,0
$403E246EBEC81E8A,4011F593C087085E,3FF6D91306C99D5B,0
$403DDB914137E176,4011F593C087085E,3FFB6AE3A1BEBCD5,0
$403D95A75C98E3B5,4011A37691DDC582,3FFFFCB43CB3DC4D,0
$403D585B0C04453C,401105E337674514,400247426BD47DE2,0
$403D28A39BC4D87A,4010299DBF176B01,4004902AB94F0DA,0
$403D0A5EAB21957D,400E40FCFFAED1B8,4006D91306C99D5B,0
$403D,400C,400921FB54442D18,0
5 146 22
5 147 53
5 148 62
5 149 63
5 150 0
5 151 0
4 140 ->
5 141 62
5 142 49
5 143 0
5 144 [2]
$1,-1
5 145 [12][4]
$403D,400C,400921FB54442D18,0
$403D0A5EAB21957D,4009BF0300512E48,400B6AE3A1BEBCD4,0
$403D28A39BC4D87A,4007ACC481D129FD,400DB3CBEF394C91,0
$403D585B0C04453C,4005F439913175D7,400FFCB43CB3DC4E,0
$403D95A75C98E3B5,4004B912DC4474FC,401122CE45173604,0
$403DDB914137E176,400414D87EF1EF4R,401247426BD47DE3,0
$403E246EBEC81E8A,400414D87EF1EF4R,40136BB69291C5C1,0
$403E6A58A3671C4B,4004B912DC4474FC,4014902AB94F0DA,0
$403EA7A4F3FBBAC4,4005F439913175D6,4015B49EE00C557C,0
$403ED75C643B2786,4007ACC481D129FE,4016D91306C99D5C,0
$403EF5A154DE6A83,4009BF0300512E48,4017FD872D86E53A,0
$403F,400C,401921FB54442D18,0
5 146 22
5 147 54
5 148 61
5 149 64
5 150 0
5 151 0
4 140 ->
5 141 63
5 142 49
5 143 1
5 144 [2]
$1,-1
5 145 [2][4]
$2*0,401921FB54442D18,0
$0,3FE,401921FB54442D18,3FE
5 146 53
5 147 54
5 148 57
5 149 62
5 150 0
5 151 0
4 140 ->
5 141 64
5 142 49
5 143 1
5 144 [2]
$1,-1
5 145 [2][4]
$400921FB54442D18,0,400921FB54442D18,0
$400921FB54442D18,3FE,400921FB54442D18,3FE
5 146 54
5 147 53
5 148 58
5 149 61
5 150 0
5 151 0
2 84 NULL
2 85 ->
2 86 ->
3 87 [4][3]
$3FF,2*0
$0,3FF,0
$2*0,3FF
$4039,2*0
3 88 [1]
4 88 ->
5 89 1853
5 90 0
5 91 9
5 92 -1
5 93 -1
5 94 -1
5 95 0
5 96 0
5 97 0
5 98 [1]
6 98 ->
7 99 6
7 104 ->
8 105 [1]
9 105 -100
3 106 -1
3 107 0
3 108 [2]
4 108 
5 109 1
5 110 0
5 111 [4][3]
$3FF,2*0
$0,3FF,0
$2*0,3FF
$3*0
4 108 
5 109 12
5 110 0
5 111 [4][3]
$3FF,2*0
$0,3FF,0
$2*0,3FF
$3*0
@pat_rec_ptr(member) 328 0
2 328 ->
@type 329 1
3 329 12
@create_status 330 1
3 330 426
@leader_id 331 1
3 331 30
@index 332 1
3 332 [4]
$1,3*0
2 112 NULL
2 113 52
2 152 [1]
3 152 
4 153 2
4 154 S2D0001
4 237 [3]
$6,7,11
4 238 0
4 239 0
4 243 0
4 244 0
4 245 ->
5 311 ->
6 312 0
6 313 
6 314 [3]
$403E,400C,0
6 315 3FF
5 246 ->
6 228 32770
6 229 1
6 230 
6 231 [3]
$0,401C,0
6 232 [3]
$404E,401C,0
5 246 ->
6 228 32770
6 229 2
6 230 
6 231 [3]
$3*0
6 232 [3]
$0,401C,0
5 247 [4][3]
$3FF,2*0
$0,3FF,0
$2*0,3FF
$3*0
2 114 -1
2 115 NULL
2 116 NULL
2 130 [3]
$7,30,31
2 117 NULL
2 124 -1
2 125 NULL
2 126 4
2 127 ->
3 128 1
1 129 ->
2 37 50
2 38 1
2 39 ->
3 40 7
3 41 917
3 42 NULL
3 43 1
3 44 [3]
$0,65536,0
3 45 0
3 46 991
3 47 -1
3 48 ->
4 49 0
4 50 266240
4 51 -1
4 52 971
4 53 -1
4 54 -1
4 55 0
4 56 0
4 57 0
4 58 0
3 59 0
2 60 -1
2 61 no_name
2 62 2
2 279 ->
3 280 11
3 281 81
3 282 
3 283 69
3 284 [3]
$404B8,400C,0
3 285 [3]
$404B,400C,0
2 279 ->
3 280 13
3 281 82
3 282 
4 260 1
3 283 69
3 284 [3]
$404B8,400C,0
3 285 [3]
$404B8,400C,3FE
2 266 ->
3 267 19
3 268 A_3
3 269 1
3 270 [3]
$4085B3C80FB340B8,4076CFC98480F459,C037F944B5E528CA
3 271 -1
3 272 13
3 273 BFF
3 274 BFF
3 275 
3 276 BFF
2 63 ->
3 64 [4][4]
$67,204,2*0
$68,203,2*0
$69,200,2*0
$70,200,-1,0
3 131 [10][6]
$71,221,3*0,-1
$72,221,-1,2*0,-1
$73,222,3*0,-1
$74,222,-1,2*0,-1
$75,303,2*0,2*-1
$76,303,-1,2*0,-1
$77,286,45,2*0,-1
$78,286,46,2*0,-1
$79,286,47,2*0,-1
$80,286,48,2*0,-1
3 277 [2]
4 277 
5 278 [5]
$81,530,69,-1,500
4 277 
5 278 [5]
$82,531,69,-1,500
3 132 [1]
4 132 
5 133 32
5 134 -1
3 65 ->
4 286 [40]
$71,72,73,74,75,76,77,78,79,80,71,72,73,74,75,76,77,78,79,80,71,72,73,74,
$75,76,77,78,79,80,71,72,73,74,75,76,77,78,79,80
4 135 -1
3 66 [18]
$3*-1,-2049,2*-1,-16777217,3*-1,-536870913,-1,-1126176897,-2,-2097185,
$-203555329,495,0
3 67 NULL
3 68 ->
4 69 150023
4 70 160012
2 71 
3 72 [4]
4 72 ->
5 73 34
5 74 67
5 75 50
5 76 -1
5 77 [2][2]
$401,4004
$4018,4012
5 78 ->
6 79 [4][3]
$3FF,2*0
$0,3FF,0
$2*0,3FF
$4049,2*0
5 80 ->
6 136 71
6 137 1
6 138 [2][2]
$401,4004
$4018,4012
5 139 NULL
5 81 0
5 82 -1
5 83 [2][3]
$404B,4004,0
$404C,4012,0
4 72 ->
5 73 34
5 74 68
5 75 50
5 76 0
5 77 [2][2]
$401,4004
$4018,4012
5 78 ->
6 79 [4][3]
$3FF,2*0
$0,3FF,0
$2*0,3FF
$4049,0,3FE
5 80 ->
6 136 73
6 137 1
6 138 [2][2]
$401,4004
$4018,4012
5 139 NULL
5 81 69
5 82 1
5 83 [2][3]
$404B,4004,3FE
$404C,4012,3FE
4 72 ->
5 73 36
5 74 69
5 75 50
5 76 0
5 77 [2][2]
$2*0
$400921FB54442D18,3FE
5 287 ->
6 288 [4][3]
$3FF,2*0
$0,3FF,0
$2*0,3FF
$404B8,400C,0
6 289 3FF
5 80 ->
6 136 77
6 137 1
6 138 [2][2]
$2*0
$400921FB54442D18,3FE
5 139 NULL
5 81 70
5 82 1
5 83 [2][3]
$404B,400C,0
$404C,4012,3FE
4 72 ->
5 73 36
5 74 70
5 75 50
5 76 0
5 77 [2][2]
$400921FB54442D18,0
$401921FB54442D18,3FE
5 287 ->
6 288 [4][3]
$3FF,2*0
$0,3FF,0
$2*0,3FF
$404B8,400C,0
6 289 3FF
5 80 ->
6 136 78
6 137 1
6 138 [2][2]
$400921FB54442D18,0
$401921FB54442D18,3FE
5 139 NULL
5 81 0
5 82 1
5 83 [2][3]
$404B,4004,0
$404C,400C,3FE
3 140 [10]
4 140 ->
5 141 71
5 142 50
5 143 0
5 144 [2]
$1,-1
5 145 [11][4]
$4018,400C,2*0
$4017CDE1C2688AA,400E78DDE6E5FD2A,3FD41B2F769CF0E,0
$40173C6EF372FE95,401059E4608EAB4C,3FE41B2F769CF0E2,0
$401659E4608EAB4C,40113C6EF372FE95,3FEE28C731EB694E,0
$40153C6EF372FE95,4011CDE1C2688AA,3FF41B2F769CF0E,0
$4014,4012,3FF921FB54442D18,0
$4012C3910C8D016B,4011CDE1C2688AA,3FFE28C731EB695,0
$4011A61B9F7154B4,40113C6EF372FE95,400197C987C952C4,0
$4010C3910C8D016B,401059E4608EAB4C,40041B2F769CF0E,0
$4010321E3D97756,400E78DDE6E5FD2A,40069E9565708EFC,0
$401,400C,400921FB54442D18,0
5 146 67
5 147 69
5 148 72
5 149 75
5 150 0
5 151 0
4 140 ->
5 141 72
5 142 50
5 143 0
5 144 [2]
$1,-1
5 145 [11][4]
$401,400C,400921FB54442D18,0
$4010321E3D97756,40098722191A02D6,400BA5614317CB34,0
$4010C3910C8D016B,40074C373EE2A968,400E28C731EB695,0
$4011A61B9F7154B4,40058722191A02D6,40105616905F83B6,0
$4012C3910C8D016B,4004643C7B2EEAC,401197C987C952C4,0
$4014,4004,4012D97C7F3321D2,0
$40153C6EF372FE95,4004643C7B2EEAC,40141B2F769CF0E,0
$401659E4608EAB4C,40058722191A02D6,40155CE26E06BFER,0
$40173C6EF372FE95,40074C373EE2A968,40169E9565708EFC,0
$4017CDE1C2688AA,40098722191A02D6,4017E0485CDA5E0A,0
$4018,400C,401921FB54442D18,0
5 146 67
5 147 70
5 148 71
5 149 76
5 150 0
5 151 0
4 140 ->
5 141 73
5 142 50
5 143 0
5 144 [2]
$-1,1
5 145 [11][4]
$4018,400C,0,3FE
$4017CDE1C2688AA,400E78DDE6E5FD2A,3FD41B2F769CF0E,3FE
$40173C6EF372FE95,401059E4608EAB4C,3FE41B2F769CF0E2,3FE
$401659E4608EAB4C,40113C6EF372FE95,3FEE28C731EB694E,3FE
$40153C6EF372FE95,4011CDE1C2688AA,3FF41B2F769CF0E,3FE
$4014,4012,3FF921FB54442D18,3FE
$4012C3910C8D016B,4011CDE1C2688AA,3FFE28C731EB695,3FE
$4011A61B9F7154B4,40113C6EF372FE95,400197C987C952C4,3FE
$4010C3910C8D016B,401059E4608EAB4C,40041B2F769CF0E,3FE
$4010321E3D97756,400E78DDE6E5FD2A,40069E9565708EFC,3FE
$401,400C,400921FB54442D18,3FE
5 146 68
5 147 69
5 148 74
5 149 80
5 150 0
5 151 0
4 140 ->
5 141 74
5 142 50
5 143 0
5 144 [2]
$-1,1
5 145 [11][4]
$401,400C,400921FB54442D18,3FE
$4010321E3D97756,40098722191A02D6,400BA5614317CB34,3FE
$4010C3910C8D016B,40074C373EE2A968,400E28C731EB695,3FE
$4011A61B9F7154B4,40058722191A02D6,40105616905F83B6,3FE
$4012C3910C8D016B,4004643C7B2EEAC,401197C987C952C4,3FE
$4014,4004,4012D97C7F3321D2,3FE
$40153C6EF372FE95,4004643C7B2EEAC,40141B2F769CF0E,3FE
$401659E4608EAB4C,40058722191A02D6,40155CE26E06BFER,3FE
$40173C6EF372FE95,40074C373EE2A968,40169E9565708EFC,3FE
$4017CDE1C2688AA,40098722191A02D6,4017E0485CDA5E0A,3FE
$4018,400C,401921FB54442D18,3FE
5 146 68
5 147 70
5 148 73
5 149 79
5 150 0
5 151 0
4 140 ->
5 141 75
5 142 50
5 143 1
5 144 [2]
$1,-1
5 145 [2][4]
$2*0,401921FB54442D18,0
$0,3FE,401921FB54442D18,3FE
5 146 69
5 147 70
5 148 0
5 149 0
5 150 0
5 151 0
4 140 ->
5 141 76
5 142 50
5 143 1
5 144 [2]
$1,-1
5 145 [2][4]
$400921FB54442D18,0,400921FB54442D18,0
$400921FB54442D18,3FE,400921FB54442D18,3FE
5 146 70
5 147 69
5 148 0
5 149 0
5 150 0
5 151 0
4 140 ->
5 141 77
5 142 50
5 143 0
5 144 [2]
$1,-1
5 145 [12][4]
$404C,400C,2*0
$404BFAD0AA6F3541,400E40FCFFAED1B8,3FD247426BD47DE3,0
$404BEBAE321D93C3,4010299DBF176B01,3FE247426BD47DE1,0
$404BD3D279FDDD62,401105E337674514,3FEB6AE3A1BEBCD7,0
$404BB52C51B38E25,4011A37691DDC583,3FF247426BD47DE5,0
$404B92375F640F45,4011F593C087085E,3FF6D91306C99D5B,0
$404B6DC8A09BF0BR,4011F593C087085E,3FFB6AE3A1BEBCD5,0
$404B4AD3AE4C71DB,4011A37691DDC582,3FFFFCB43CB3DC4D,0
$404B2C2D8602229E,401105E337674514,400247426BD47DE2,0
$404B1451CDE26C3D,4010299DBF176B01,4004902AB94F0DA,0
$404B052F5590CABF,400E40FCFFAED1B8,4006D91306C99D5B,0
$404B,400C,400921FB54442D18,0
5 146 22
5 147 69
5 148 78
5 149 79
5 150 0
5 151 0
4 140 ->
5 141 78
5 142 50
5 143 0
5 144 [2]
$1,-1
5 145 [12][4]
$404B,400C,400921FB54442D18,0
$404B052F5590CABF,4009BF0300512E48,400B6AE3A1BEBCD4,0
$404B1451CDE26C3D,4007ACC481D129FD,400DB3CBEF394C91,0
$404B2C2D8602229E,4005F439913175D7,400FFCB43CB3DC4E,0
$404B4AD3AE4C71DA,4004B912DC4474FC,401122CE45173604,0
$404B6DC8A09BF0BR,400414D87EF1EF4R,401247426BD47DE3,0
$404B92375F640F45,400414D87EF1EF4R,40136BB69291C5C1,0
$404BB52C51B38E26,4004B912DC4474FC,4014902AB94F0DA,0
$404BD3D279FDDD62,4005F439913175D6,4015B49EE00C557C,0
$404BEBAE321D93C3,4007ACC481D129FE,4016D91306C99D5C,0
$404BFAD0AA6F3541,4009BF0300512E48,4017FD872D86E53A,0
$404C,400C,401921FB54442D18,0
5 146 22
5 147 70
5 148 77
5 149 80
5 150 0
5 151 0
4 140 ->
5 141 79
5 142 50
5 143 1
5 144 [2]
$1,-1
5 145 [2][4]
$2*0,401921FB54442D18,0
$0,3FE,401921FB54442D18,3FE
5 146 69
5 147 70
5 148 73
5 149 78
5 150 0
5 151 0
4 140 ->
5 141 80
5 142 50
5 143 1
5 144 [2]
$1,-1
5 145 [2][4]
$400921FB54442D18,0,400921FB54442D18,0
$400921FB54442D18,3FE,400921FB54442D18,3FE
5 146 70
5 147 69
5 148 74
5 149 77
5 150 0
5 151 0
2 84 NULL
2 85 ->
2 86 ->
3 87 [4][3]
$3FF,2*0
$0,3FF,0
$2*0,3FF
$4049,2*0
3 88 [1]
4 88 ->
5 89 1853
5 90 0
5 91 9
5 92 -1
5 93 -1
5 94 -1
5 95 0
5 96 0
5 97 0
5 98 [1]
6 98 ->
7 99 6
7 104 ->
8 105 [1]
9 105 -100
3 106 -1
3 107 0
3 108 [2]
4 108 
5 109 1
5 110 0
5 111 [4][3]
$3FF,2*0
$0,3FF,0
$2*0,3FF
$3*0
4 108 
5 109 12
5 110 0
5 111 [4][3]
$3FF,2*0
$0,3FF,0
$2*0,3FF
$3*0
2 328 ->
3 329 12
3 330 426
3 331 30
3 332 [4]
$2,3*0
2 112 NULL
2 113 68
2 152 [1]
3 152 
4 153 2
4 154 S2D0001
4 237 [3]
$6,7,12
4 238 0
4 239 0
4 243 0
4 244 0
4 245 ->
5 311 ->
6 312 0
6 313 
6 314 [3]
$404B8,400C,0
6 315 3FF
5 246 ->
6 228 32770
6 229 1
6 230 
6 231 [3]
$0,401C,0
6 232 [3]
$404E,401C,0
5 246 ->
6 228 32770
6 229 2
6 230 
6 231 [3]
$3*0
6 232 [3]
$0,401C,0
5 247 [4][3]
$3FF,2*0
$0,3FF,0
$2*0,3FF
$3*0
2 114 -1
2 115 NULL
2 116 NULL
2 130 [3]
$7,30,31
2 117 ->
3 316 [1]
4 316 
5 317 41
5 318 0
3 322 [1]
4 322 
5 323 22
5 324 [2]
$12,45
3 118 10
3 119 0
3 120 [2][3]
$2*0,C03E
$404E,401C,0
3 121 4050DC8FC4A9F4B4
3 122 NULL
3 123 49
2 124 -1
2 125 NULL
2 126 4
2 127 ->
3 128 1
1 129 ->
2 37 86
2 38 1
2 39 ->
3 40 13
3 41 923
3 42 NULL
3 43 0
3 44 [3]
$3,2*0
3 45 0
3 46 -1
3 47 -1
3 48 ->
4 49 0
4 50 0
4 51 -1
4 52 970
4 53 -1
4 54 -1
4 55 0
4 56 0
4 57 0
4 58 0
3 59 0
2 60 -1
2 61 DTM4
2 62 2
2 63 ->
3 64 [1][4]
$87,3*0
3 65 NULL
3 66 [18]
$3*-1,-2049,2*-1,-16777217,3*-1,-536870913,-1,-1126176897,-2,-2097185,
$-203555329,495,0
3 67 NULL
3 68 ->
4 69 150023
4 70 160012
2 71 
3 72 [1]
4 72 ->
5 73 34
5 74 87
5 75 86
5 76 -1
5 77 [2][2]
$2*0
$2*0
5 78 ->
6 79 [4][3]
$0,3FF,0
$2*0,3FF
$3FF,2*0
$4014,400C,0
5 80 NULL
5 81 0
5 82 1
5 83 [2][3]
$3*0
$3*0
2 84 NULL
2 85 ->
2 86 ->
3 87 [4][3]
$0,3FF,0
$2*0,3FF
$3FF,2*0
$4014,400C,0
3 88 [1]
4 88 ->
5 89 508
5 90 3FF
5 91 -1
5 92 -1
5 93 44
5 94 87
5 95 0
5 96 0
5 97 32768
5 98 [2]
6 98 ->
7 99 1
7 100 ->
8 101 -4
8 102 5
8 103 0
6 98 ->
7 99 6
7 104 ->
8 105 [1]
9 105 -100
3 106 -1
3 107 1
3 108 [1]
4 108 
5 109 11
5 110 0
5 111 [4][3]
$0,3FF,0
$2*0,3FF
$3FF,2*0
$4014,400C,0
2 112 NULL
2 113 87
2 114 -1
2 115 NULL
2 116 NULL
2 130 [1]
3 130 30
2 117 ->
3 118 10
3 119 0
3 120 [2][3]
$2*0,C03E
$404E,401C,3FE
3 121 4050EAE3D5962821
3 122 NULL
3 123 -1
2 124 -1
2 125 NULL
2 126 0
2 127 ->
3 128 1
1 129 ->
2 37 88
2 38 1
2 39 ->
3 40 13
3 41 923
3 42 NULL
3 43 0
3 44 [3]
$3,2*0
3 45 0
3 46 -1
3 47 -1
3 48 ->
4 49 0
4 50 0
4 51 -1
4 52 970
4 53 -1
4 54 -1
4 55 0
4 56 0
4 57 0
4 58 0
3 59 0
2 60 -1
2 61 DTM5
2 62 2
2 63 ->
3 64 [1][4]
$89,3*0
3 65 NULL
3 66 [18]
$3*-1,-2049,2*-1,-16777217,3*-1,-536870913,-1,-1126176897,-2,-2097185,
$-203555329,495,0
3 67 NULL
3 68 ->
4 69 150023
4 70 160012
2 71 
3 72 [1]
4 72 ->
5 73 34
5 74 89
5 75 88
5 76 -1
5 77 [2][2]
$2*0
$2*0
5 78 ->
6 79 [4][3]
$2*0,BFF
$0,3FF,0
$3FF,2*0
$4014,400C,0
5 80 NULL
5 81 0
5 82 1
5 83 [2][3]
$3*0
$3*0
2 84 NULL
2 85 ->
2 86 ->
3 87 [4][3]
$2*0,BFF
$0,3FF,0
$3FF,2*0
$4014,400C,0
3 88 [2]
4 88 ->
5 89 508
5 90 3FF
5 91 -1
5 92 -1
5 93 44
5 94 89
5 95 0
5 96 0
5 97 32768
5 98 [2]
6 98 ->
7 99 1
7 100 ->
8 101 -4
8 102 5
8 103 0
6 98 ->
7 99 6
7 104 ->
8 105 [1]
9 105 -100
4 88 ->
5 89 504
5 90 3FF
5 91 -1
5 92 -1
5 93 87
5 94 89
5 95 0
5 96 0
5 97 32768
5 98 [2]
6 98 ->
7 99 1
7 100 ->
8 101 -4
8 102 5
8 103 0
6 98 ->
7 99 6
7 104 ->
8 105 [1]
9 105 -100
3 106 -1
3 107 1
3 108 [1]
4 108 
5 109 11
5 110 0
5 111 [4][3]
$2*0,BFF
$0,3FF,0
$3FF,2*0
$4014,400C,0
2 112 NULL
2 113 89
2 114 -1
2 115 NULL
2 116 NULL
2 130 [2]
$30,86
2 117 ->
3 118 10
3 119 0
3 120 [2][3]
$2*0,C03E
$404E,401C,3FE
3 121 4050EAE3D5962821
3 122 NULL
3 123 -1
2 124 -1
2 125 NULL
2 126 0
2 127 ->
3 128 2
1 129 ->
2 37 85
2 38 1
2 39 ->
3 40 63
3 41 979
3 42 NULL
3 43 0
3 44 [3]
$3*0
3 45 0
3 46 -1
3 47 -1
3 48 ->
4 49 0
4 50 0
4 51 -1
4 52 -1
4 53 -1
4 54 -1
4 55 0
4 56 0
4 57 0
4 58 1
3 59 0
2 60 -1
2 61 no_name
2 62 2
2 256 ->
3 257 18
3 258 90
3 259 
4 260 1
3 261 -1
3 262 -1
3 263 0
3 264 [4][3]
$0,BFF,0
$3FF,2*0
$2*0,3FF
$4014,400C,3FE
3 265 85
2 266 ->
3 267 34
3 268 CS0
3 269 1
3 270 [3]
$40672144625C2F09,4071C957F270FCD3,C0286D7A99906858
3 271 90
3 272 13
3 273 BFF
3 274 BFF
3 275 
3 276 BFF
2 63 ->
3 277 [1]
4 277 
5 278 [5]
$90,534,0,-1,500
3 132 [2]
4 132 
5 133 87
5 134 -1
4 132 
5 133 89
5 134 -1
3 65 NULL
3 66 [18]
$3*-1,-2049,2*-1,-16777217,3*-1,-536870913,-1,-1126176897,-2,-2097185,
$-203555329,495,0
3 67 NULL
3 68 ->
4 69 150023
4 70 160012
2 71 
2 84 NULL
2 85 ->
2 86 ->
3 87 [4][3]
$0,BFF,0
$3FF,2*0
$2*0,3FF
$4014,400C,3FE
3 88 [5]
4 88 ->
5 89 1240
5 90 0
5 91 -1
5 92 -1
5 93 36
5 94 -1
5 95 0
5 96 0
5 97 0
5 98 [1]
6 98 ->
7 99 6
7 104 ->
8 105 [1]
9 105 -100
4 88 ->
5 89 1240
5 90 0
5 91 -1
5 92 -1
5 93 87
5 94 -1
5 95 0
5 96 0
5 97 0
5 98 [1]
6 98 ->
7 99 6
7 104 ->
8 105 [1]
9 105 -100
4 88 ->
5 89 1240
5 90 0
5 91 -1
5 92 -1
5 93 89
5 94 -1
5 95 0
5 96 0
5 97 0
5 98 [1]
6 98 ->
7 99 6
7 104 ->
8 105 [1]
9 105 -100
4 88 ->
5 89 1270
5 90 4
5 91 -1
5 92 -1
5 93 -1
5 94 -1
5 95 0
5 96 0
5 97 0
5 98 [1]
6 98 ->
7 99 6
7 104 ->
8 105 [1]
9 105 -100
4 88 ->
5 89 1271
5 90 4008
5 91 -1
5 92 -1
5 93 -1
5 94 -1
5 95 0
5 96 0
5 97 0
5 98 [1]
6 98 ->
7 99 6
7 104 ->
8 105 [1]
9 105 -100
3 106 -1
3 107 0
3 108 [1]
4 108 
5 109 10
5 110 0
5 111 [4][3]
$0,BFF,0
$3FF,2*0
$2*0,3FF
$4014,400C,3FE
2 112 NULL
2 113 -1
2 114 -1
2 115 NULL
2 116 NULL
2 130 [3]
$30,86,88
2 117 ->
3 118 10
3 119 0
3 120 [2][3]
$2*0,C03E
$404E,401C,3FE
3 121 4050EAE3D5962821
3 122 NULL
3 123 -1
2 124 -1
2 125 NULL
2 126 2
2 127 ->
3 128 5
1 129 ->
2 37 92
2 38 1
2 39 ->
3 40 13
3 41 923
3 42 NULL
3 43 0
3 44 [3]
$3,2*0
3 45 0
3 46 -1
3 47 -1
3 48 ->
4 49 0
4 50 0
4 51 -1
4 52 970
4 53 -1
4 54 -1
4 55 0
4 56 0
4 57 0
4 58 0
3 59 0
2 60 -1
2 61 DTM6
2 62 2
2 63 ->
3 64 [1][4]
$93,3*0
3 65 NULL
3 66 [18]
$3*-1,-2049,2*-1,-16777217,3*-1,-536870913,-1,-1126176897,-2,-2097185,
$-203555329,495,0
3 67 NULL
3 68 ->
4 69 150023
4 70 160012
2 71 
3 72 [1]
4 72 ->
5 73 34
5 74 93
5 75 92
5 76 -1
5 77 [2][2]
$2*0
$2*0
5 78 ->
6 79 [4][3]
$0,3FF,0
$2*0,3FF
$3FF,2*0
$403E,400C,0
5 80 NULL
5 81 0
5 82 1
5 83 [2][3]
$3*0
$3*0
2 84 NULL
2 85 ->
2 86 ->
3 87 [4][3]
$0,3FF,0
$2*0,3FF
$3FF,2*0
$403E,400C,0
3 88 [1]
4 88 ->
5 89 508
5 90 3FF
5 91 -1
5 92 -1
5 93 66
5 94 93
5 95 0
5 96 0
5 97 32768
5 98 [2]
6 98 ->
7 99 1
7 100 ->
8 101 -4
8 102 5
8 103 0
6 98 ->
7 99 6
7 104 ->
8 105 [1]
9 105 -100
3 106 -1
3 107 1
3 108 [1]
4 108 
5 109 11
5 110 0
5 111 [4][3]
$0,3FF,0
$2*0,3FF
$3FF,2*0
$403E,400C,0
2 112 NULL
2 113 93
2 114 -1
2 115 NULL
2 116 NULL
2 130 [1]
3 130 49
2 117 ->
3 118 10
3 119 0
3 120 [2][3]
$2*0,C03E
$404E,401C,3FE
3 121 4050EAE3D5962821
3 122 NULL
3 123 -1
2 124 -1
2 125 NULL
2 126 0
2 127 ->
3 128 1
1 129 ->
2 37 94
2 38 1
2 39 ->
3 40 13
3 41 923
3 42 NULL
3 43 0
3 44 [3]
$3,2*0
3 45 0
3 46 -1
3 47 -1
3 48 ->
4 49 0
4 50 0
4 51 -1
4 52 970
4 53 -1
4 54 -1
4 55 0
4 56 0
4 57 0
4 58 0
3 59 0
2 60 -1
2 61 DTM7
2 62 2
2 63 ->
3 64 [1][4]
$95,3*0
3 65 NULL
3 66 [18]
$3*-1,-2049,2*-1,-16777217,3*-1,-536870913,-1,-1126176897,-2,-2097185,
$-203555329,495,0
3 67 NULL
3 68 ->
4 69 150023
4 70 160012
2 71 
3 72 [1]
4 72 ->
5 73 34
5 74 95
5 75 94
5 76 -1
5 77 [2][2]
$2*0
$2*0
5 78 ->
6 79 [4][3]
$2*0,BFF
$0,3FF,0
$3FF,2*0
$403E,400C,0
5 80 NULL
5 81 0
5 82 1
5 83 [2][3]
$3*0
$3*0
2 84 NULL
2 85 ->
2 86 ->
3 87 [4][3]
$2*0,BFF
$0,3FF,0
$3FF,2*0
$403E,400C,0
3 88 [2]
4 88 ->
5 89 508
5 90 3FF
5 91 -1
5 92 -1
5 93 66
5 94 95
5 95 0
5 96 0
5 97 32768
5 98 [2]
6 98 ->
7 99 1
7 100 ->
8 101 -4
8 102 5
8 103 0
6 98 ->
7 99 6
7 104 ->
8 105 [1]
9 105 -100
4 88 ->
5 89 504
5 90 3FF
5 91 -1
5 92 -1
5 93 93
5 94 95
5 95 0
5 96 0
5 97 32768
5 98 [2]
6 98 ->
7 99 1
7 100 ->
8 101 -4
8 102 5
8 103 0
6 98 ->
7 99 6
7 104 ->
8 105 [1]
9 105 -100
3 106 -1
3 107 1
3 108 [1]
4 108 
5 109 11
5 110 0
5 111 [4][3]
$2*0,BFF
$0,3FF,0
$3FF,2*0
$403E,400C,0
2 112 NULL
2 113 95
2 114 -1
2 115 NULL
2 116 NULL
2 130 [2]
$49,92
2 117 ->
3 118 10
3 119 0
3 120 [2][3]
$2*0,C03E
$404E,401C,3FE
3 121 4050EAE3D5962821
3 122 NULL
3 123 -1
2 124 -1
2 125 NULL
2 126 0
2 127 ->
3 128 2
1 129 ->
2 37 91
2 38 1
2 39 ->
3 40 63
3 41 979
3 42 NULL
3 43 0
3 44 [3]
$3*0
3 45 0
3 46 -1
3 47 -1
3 48 ->
4 49 0
4 50 0
4 51 -1
4 52 -1
4 53 -1
4 54 -1
4 55 0
4 56 0
4 57 0
4 58 1
3 59 0
2 60 -1
2 61 no_name
2 62 2
2 256 ->
3 257 18
3 258 96
3 259 
4 260 1
3 261 -1
3 262 -1
3 263 0
3 264 [4][3]
$0,BFF,0
$3FF,2*0
$2*0,3FF
$403E,400C,3FE
3 265 91
2 266 ->
3 267 34
3 268 CS1
3 269 1
3 270 [3]
$407D11A077635F5C,4071C957F270FCD3,405A8C730B26A5CE
3 271 96
3 272 13
3 273 BFF
3 274 BFF
3 275 
3 276 BFF
2 63 ->
3 277 [1]
4 277 
5 278 [5]
$96,534,0,-1,500
3 132 [2]
4 132 
5 133 93
5 134 -1
4 132 
5 133 95
5 134 -1
3 65 NULL
3 66 [18]
$3*-1,-2049,2*-1,-16777217,3*-1,-536870913,-1,-1126176897,-2,-2097185,
$-203555329,495,0
3 67 NULL
3 68 ->
4 69 150023
4 70 160012
2 71 
2 84 NULL
2 85 ->
2 86 ->
3 87 [4][3]
$0,BFF,0
$3FF,2*0
$2*0,3FF
$403E,400C,3FE
3 88 [5]
4 88 ->
5 89 1240
5 90 0
5 91 -1
5 92 -1
5 93 52
5 94 -1
5 95 0
5 96 0
5 97 0
5 98 [1]
6 98 ->
7 99 6
7 104 ->
8 105 [1]
9 105 -100
4 88 ->
5 89 1240
5 90 0
5 91 -1
5 92 -1
5 93 93
5 94 -1
5 95 0
5 96 0
5 97 0
5 98 [1]
6 98 ->
7 99 6
7 104 ->
8 105 [1]
9 105 -100
4 88 ->
5 89 1240
5 90 0
5 91 -1
5 92 -1
5 93 95
5 94 -1
5 95 0
5 96 0
5 97 0
5 98 [1]
6 98 ->
7 99 6
7 104 ->
8 105 [1]
9 105 -100
4 88 ->
5 89 1270
5 90 4
5 91 -1
5 92 -1
5 93 -1
5 94 -1
5 95 0
5 96 0
5 97 0
5 98 [1]
6 98 ->
7 99 6
7 104 ->
8 105 [1]
9 105 -100
4 88 ->
5 89 1271
5 90 4008
5 91 -1
5 92 -1
5 93 -1
5 94 -1
5 95 0
5 96 0
5 97 0
5 98 [1]
6 98 ->
7 99 6
7 104 ->
8 105 [1]
9 105 -100
3 106 -1
3 107 0
3 108 [1]
4 108 
5 109 10
5 110 0
5 111 [4][3]
$0,BFF,0
$3FF,2*0
$2*0,3FF
$403E,400C,3FE
2 112 NULL
2 113 -1
2 114 -1
2 115 NULL
2 116 NULL
2 130 [3]
$49,92,94
2 117 ->
3 118 10
3 119 0
3 120 [2][3]
$2*0,C03E
$404E,401C,3FE
3 121 4050EAE3D5962821
3 122 NULL
3 123 -1
2 124 -1
2 125 NULL
2 126 2
2 127 ->
3 128 5
1 129 ->
2 37 98
2 38 1
2 39 ->
3 40 13
3 41 923
3 42 NULL
3 43 0
3 44 [3]
$3,2*0
3 45 0
3 46 -1
3 47 -1
3 48 ->
4 49 0
4 50 0
4 51 -1
4 52 970
4 53 -1
4 54 -1
4 55 0
4 56 0
4 57 0
4 58 0
3 59 0
2 60 -1
2 61 DTM8
2 62 2
2 63 ->
3 64 [1][4]
$99,3*0
3 65 NULL
3 66 [18]
$3*-1,-2049,2*-1,-16777217,3*-1,-536870913,-1,-1126176897,-2,-2097185,
$-203555329,495,0
3 67 NULL
3 68 ->
4 69 150023
4 70 160012
2 71 
3 72 [1]
4 72 ->
5 73 34
5 74 99
5 75 98
5 76 -1
5 77 [2][2]
$2*0
$2*0
5 78 ->
6 79 [4][3]
$0,3FF,0
$2*0,3FF
$3FF,2*0
$404B8,400C,0
5 80 NULL
5 81 0
5 82 1
5 83 [2][3]
$3*0
$3*0
2 84 NULL
2 85 ->
2 86 ->
3 87 [4][3]
$0,3FF,0
$2*0,3FF
$3FF,2*0
$404B8,400C,0
3 88 [1]
4 88 ->
5 89 508
5 90 3FF
5 91 -1
5 92 -1
5 93 82
5 94 99
5 95 0
5 96 0
5 97 32768
5 98 [2]
6 98 ->
7 99 1
7 100 ->
8 101 -4
8 102 5
8 103 0
6 98 ->
7 99 6
7 104 ->
8 105 [1]
9 105 -100
3 106 -1
3 107 1
3 108 [1]
4 108 
5 109 11
5 110 0
5 111 [4][3]
$0,3FF,0
$2*0,3FF
$3FF,2*0
$404B8,400C,0
2 112 NULL
2 113 99
2 114 -1
2 115 NULL
2 116 NULL
2 130 [1]
3 130 50
2 117 ->
3 118 10
3 119 0
3 120 [2][3]
$2*0,C03E
$404E,401C,3FE
3 121 4050EAE3D5962821
3 122 NULL
3 123 -1
2 124 -1
2 125 NULL
2 126 0
2 127 ->
3 128 1
1 129 ->
2 37 100
2 38 1
2 39 ->
3 40 13
3 41 923
3 42 NULL
3 43 0
3 44 [3]
$3,2*0
3 45 0
3 46 -1
3 47 -1
3 48 ->
4 49 0
4 50 0
4 51 -1
4 52 970
4 53 -1
4 54 -1
4 55 0
4 56 0
4 57 0
4 58 0
3 59 0
2 60 -1
2 61 DTM9
2 62 2
2 63 ->
3 64 [1][4]
$101,3*0
3 65 NULL
3 66 [18]
$3*-1,-2049,2*-1,-16777217,3*-1,-536870913,-1,-1126176897,-2,-2097185,
$-203555329,495,0
3 67 NULL
3 68 ->
4 69 150023
4 70 160012
2 71 
3 72 [1]
4 72 ->
5 73 34
5 74 101
5 75 100
5 76 -1
5 77 [2][2]
$2*0
$2*0
5 78 ->
6 79 [4][3]
$2*0,BFF
$0,3FF,0
$3FF,2*0
$404B8,400C,0
5 80 NULL
5 81 0
5 82 1
5 83 [2][3]
$3*0
$3*0
2 84 NULL
2 85 ->
2 86 ->
3 87 [4][3]
$2*0,BFF
$0,3FF,0
$3FF,2*0
$404B8,400C,0
3 88 [2]
4 88 ->
5 89 508
5 90 3FF
5 91 -1
5 92 -1
5 93 82
5 94 101
5 95 0
5 96 0
5 97 32768
5 98 [2]
6 98 ->
7 99 1
7 100 ->
8 101 -4
8 102 5
8 103 0
6 98 ->
7 99 6
7 104 ->
8 105 [1]
9 105 -100
4 88 ->
5 89 504
5 90 3FF
5 91 -1
5 92 -1
5 93 99
5 94 101
5 95 0
5 96 0
5 97 32768
5 98 [2]
6 98 ->
7 99 1
7 100 ->
8 101 -4
8 102 5
8 103 0
6 98 ->
7 99 6
7 104 ->
8 105 [1]
9 105 -100
3 106 -1
3 107 1
3 108 [1]
4 108 
5 109 11
5 110 0
5 111 [4][3]
$2*0,BFF
$0,3FF,0
$3FF,2*0
$404B8,400C,0
2 112 NULL
2 113 101
2 114 -1
2 115 NULL
2 116 NULL
2 130 [2]
$50,98
2 117 ->
3 118 10
3 119 0
3 120 [2][3]
$2*0,C03E
$404E,401C,3FE
3 121 4050EAE3D5962821
3 122 NULL
3 123 -1
2 124 -1
2 125 NULL
2 126 0
2 127 ->
3 128 2
1 129 ->
2 37 97
2 38 1
2 39 ->
3 40 63
3 41 979
3 42 NULL
3 43 0
3 44 [3]
$3*0
3 45 0
3 46 -1
3 47 -1
3 48 ->
4 49 0
4 50 0
4 51 -1
4 52 -1
4 53 -1
4 54 -1
4 55 0
4 56 0
4 57 0
4 58 1
3 59 0
2 60 -1
2 61 no_name
2 62 2
2 256 ->
3 257 18
3 258 102
3 259 
4 260 1
3 261 -1
3 262 -1
3 263 0
3 264 [4][3]
$0,BFF,0
$3FF,2*0
$2*0,3FF
$404B8,400C,3FE
3 265 97
2 266 ->
3 267 34
3 268 CS2
3 269 1
3 270 [3]
$4087494F5ECC539B,4071C957F270FCD3,406C134AB4BFAC54
3 271 102
3 272 13
3 273 BFF
3 274 BFF
3 275 
3 276 BFF
2 63 ->
3 277 [1]
4 277 
5 278 [5]
$102,534,0,-1,500
3 132 [2]
4 132 
5 133 99
5 134 -1
4 132 
5 133 101
5 134 -1
3 65 NULL
3 66 [18]
$3*-1,-2049,2*-1,-16777217,3*-1,-536870913,-1,-1126176897,-2,-2097185,
$-203555329,495,0
3 67 NULL
3 68 ->
4 69 150023
4 70 160012
2 71 
2 84 NULL
2 85 ->
2 86 ->
3 87 [4][3]
$0,BFF,0
$3FF,2*0
$2*0,3FF
$404B8,400C,3FE
3 88 [5]
4 88 ->
5 89 1240
5 90 0
5 91 -1
5 92 -1
5 93 68
5 94 -1
5 95 0
5 96 0
5 97 0
5 98 [1]
6 98 ->
7 99 6
7 104 ->
8 105 [1]
9 105 -100
4 88 ->
5 89 1240
5 90 0
5 91 -1
5 92 -1
5 93 99
5 94 -1
5 95 0
5 96 0
5 97 0
5 98 [1]
6 98 ->
7 99 6
7 104 ->
8 105 [1]
9 105 -100
4 88 ->
5 89 1240
5 90 0
5 91 -1
5 92 -1
5 93 101
5 94 -1
5 95 0
5 96 0
5 97 0
5 98 [1]
6 98 ->
7 99 6
7 104 ->
8 105 [1]
9 105 -100
4 88 ->
5 89 1270
5 90 4
5 91 -1
5 92 -1
5 93 -1
5 94 -1
5 95 0
5 96 0
5 97 0
5 98 [1]
6 98 ->
7 99 6
7 104 ->
8 105 [1]
9 105 -100
4 88 ->
5 89 1271
5 90 4008
5 91 -1
5 92 -1
5 93 -1
5 94 -1
5 95 0
5 96 0
5 97 0
5 98 [1]
6 98 ->
7 99 6
7 104 ->
8 105 [1]
9 105 -100
3 106 -1
3 107 0
3 108 [1]
4 108 
5 109 10
5 110 0
5 111 [4][3]
$0,BFF,0
$3FF,2*0
$2*0,3FF
$404B8,400C,3FE
2 112 NULL
2 113 -1
2 114 -1
2 115 NULL
2 116 NULL
2 130 [3]
$50,98,100
2 117 ->
3 118 10
3 119 0
3 120 [2][3]
$2*0,C03E
$404E,401C,3FE
3 121 4050EAE3D5962821
3 122 NULL
3 123 -1
2 124 -1
2 125 NULL
2 126 2
2 127 ->
3 128 5
1 129 NULL
@assem_mass_prop_ptr 333 0
1 333 NULL
@mass_prop_ptr 334 0
1 334 ->
@type 335 1
2 335 0
@density 336 2
2 336 0
@init_dens 337 5
2 337 0
@rel_density 338 2
2 338 0
@init_rel_dens 339 5
2 339 0
@aver_density 340 2
2 340 0
@vrevnum 341 1
2 341 -1
@volume 342 2
2 342 0
@cg 343 2
2 343 [3]
$3*0
@inertia 344 2
2 344 [3][3]
$3*0
$3*0
$3*0
@eps 345 2
2 345 0
@surfarea 346 2
2 346 0
@assign_mp_ptr 347 0
1 347 NULL
@tol_default_ptr 348 0
1 348 ->
@type 349 1
2 349 10
@value 350 2
2 350 [7]
$0,3FB9R,3F847AE147AE147B,3F50624DD2F1A9FC,3F1A36E2EB1C432D,
$3EE4F8B588E368F1,3EB0C6F7A0B5ED8E
@ang_value 351 2
2 351 [7]
$0,6*3FE
@standard 352 1
2 352 0
@iso_tol_tbls_ptr 353 0
2 353 NULL
@first_xsec_ptr 354 0
1 354 NULL
@datum_count 355 1
1 355 0
@axis_count 356 1
1 356 3
@insert_layer_id 357 1
1 357 -1
@layer_count 358 1
1 358 1
@layer_list 359 0
1 359 [19]
2 359 
@feat_id 360 1
3 360 1
@layer_id 361 1
3 361 0
@back_layer_id 362 1
3 362 0
2 359 
3 360 3
3 361 0
3 362 0
2 359 
3 360 5
3 361 0
3 362 0
2 359 
3 360 8
3 361 0
3 362 0
2 359 
3 360 7
3 361 0
3 362 0
2 359 
3 360 28
3 361 0
3 362 0
2 359 
3 360 31
3 361 0
3 362 0
2 359 
3 360 30
3 361 0
3 362 0
2 359 
3 360 49
3 361 0
3 362 0
2 359 
3 360 50
3 361 0
3 362 0
2 359 
3 360 86
3 361 0
3 362 0
2 359 
3 360 88
3 361 0
3 362 0
2 359 
3 360 85
3 361 0
3 362 0
2 359 
3 360 92
3 361 0
3 362 0
2 359 
3 360 94
3 361 0
3 362 0
2 359 
3 360 91
3 361 0
3 362 0
2 359 
3 360 98
3 361 0
3 362 0
2 359 
3 360 100
3 361 0
3 362 0
2 359 
3 360 97
3 361 0
3 362 0
@lang_ptr 363 0
1 363 ->
@interact_on 364 1
2 364 -1
@first_csys_ptr 365 0
1 365 NULL
@color_prop_ptr 366 0
1 366 ->
@color_tab 367 0
2 367 [2]
3 367 
@maximum 368 2
4 368 [3]
$3*3FF
@ambient 369 2
4 369 3FECR
@diffuse 370 2
4 370 3FECR
@specular 371 2
4 371 3FE9R
@spec_coef 372 2
4 372 3FE
@transmission 373 2
4 373 0
@threshold 374 1
4 374 90
@gl_ind 375 1
4 375 0
3 367 
4 368 [3]
$3FE9R,3FE,3FA9R
4 369 3FECR
4 370 3FECR
4 371 3FE
4 372 3FA9R
4 373 0
4 374 90
4 375 0
@surf_ind_tab 376 0
2 376 [10]
3 376 
@surf_id 377 1
4 377 -1
@surf_color_inds 378 1
4 378 [2]
$0,-1
3 376 
4 377 70
4 378 [2]
$1,-1
3 376 
4 377 69
4 378 [2]
$1,-1
3 376 
4 377 54
4 378 [2]
$1,-1
3 376 
4 377 36
4 378 [2]
$1,-1
3 376 
4 377 39
4 378 [2]
$1,-1
3 376 
4 377 52
4 378 [2]
$1,-1
3 376 
4 377 53
4 378 [2]
$1,-1
3 376 
4 377 68
4 378 [2]
$1,-1
3 376 
4 377 41
4 378 [2]
$1,-1
@fem_data 379 0
1 379 NULL
@rel_part_eps 380 2
1 380 3F53A92A30553261
@names_table 381 0
1 381 [13]
2 381 ->
@id 382 1
3 382 2
@type 383 1
3 383 5
@name 384 10
3 384 DTM1
2 381 ->
3 382 4
3 383 5
3 384 DTM2
2 381 ->
3 382 6
3 383 5
3 384 DTM3
2 381 ->
3 382 87
3 383 5
3 384 DTM4
2 381 ->
3 382 89
3 383 5
3 384 DTM5
2 381 ->
3 382 93
3 383 5
3 384 DTM6
2 381 ->
3 382 95
3 383 5
3 384 DTM7
2 381 ->
3 382 99
3 383 5
3 384 DTM8
2 381 ->
3 382 101
3 383 5
3 384 DTM9
2 381 ->
3 382 29
3 383 25
3 384 EC_DEF
2 381 ->
3 382 90
3 383 25
3 384 CS0
2 381 ->
3 382 96
3 383 25
3 384 CS1
2 381 ->
3 382 102
3 383 25
3 384 CS2
@drv_tbl_ptr 385 0
1 385 NULL
@assembled_count 386 1
1 386 1
@part_type 387 1
1 387 1
@mat_name_ptr 388 10
1 388 NULL
@first_ent_id 389 1
1 389 526718
@first_view_id 390 1
1 390 0
@outline 391 2
1 391 [2][3]
$2*0,C03E
$404E,401C,3FE
@dim_num 392 1
1 392 13
@dim_array 393 0
1 393 [13]
2 393 ->
@type 394 1
3 394 8
@dim_type 395 1
3 395 42
@feat_id 396 1
3 396 7
@attributes 397 1
3 397 32
@dim_dat_ptr 398 0
3 398 ->
@value 399 2
4 399 0
@bck_value 400 2
4 400 0
@tol_ptr 401 0
4 401 ->
@type 402 1
5 402 9
@tol_type 403 1
5 403 3
@dual_digits_diff 404 1
5 404 999
@value 405 2
5 405 [2]
$2*3F847AE147AE147B
@nominal_value 406 2
4 406 0
@bound 407 1
4 407 20
@bck_bound 408 1
4 408 -1
@bck_tol_ptr 409 0
4 409 ->
@value 410 2
5 410 [2]
$2*3F847AE147AE147B
@datum_def_id 411 1
4 411 -1
@places_denom 412 1
4 412 2
@bck_places_denom 413 1
4 413 2
@dim_data_attrib 414 1
4 414 0
@dim_cosm_ptr 415 0
3 415 ->
@d0 416 2
4 416 0
@d1 417 2
4 417 0
@d2 418 2
4 418 0
@d3 419 2
4 419 0
@ord_info 420 0
4 420 NULL
@attach_ptr 421 0
3 421 NULL
@dim_text_ptr 422 0
3 422 ->
@symbol 423 10
4 423 d0
@parent_dim_id 424 1
3 424 -1
2 393 ->
3 394 8
3 395 42
3 396 7
3 397 32
3 398 ->
4 399 0
4 400 0
4 401 ->
5 402 9
5 403 3
5 404 999
5 405 [2]
$2*3F847AE147AE147B
4 406 0
4 407 20
4 408 -1
4 409 ->
5 410 [2]
$2*3F847AE147AE147B
4 411 -1
4 412 2
4 413 2
4 414 0
3 415 ->
4 416 0
4 417 0
4 418 0
4 419 0
4 420 NULL
3 421 NULL
3 422 ->
4 423 d1
3 424 -1
2 393 ->
3 394 8
3 395 42
3 396 7
3 397 32
3 398 ->
4 399 0
4 400 0
4 401 ->
5 402 9
5 403 3
5 404 999
5 405 [2]
$2*3F847AE147AE147B
4 406 0
4 407 20
4 408 -1
4 409 ->
5 410 [2]
$2*3F847AE147AE147B
4 411 -1
4 412 2
4 413 2
4 414 0
3 415 ->
4 416 0
4 417 0
4 418 0
4 419 0
4 420 NULL
3 421 NULL
3 422 ->
4 423 d2
3 424 -1
2 393 ->
3 394 8
3 395 1
3 396 7
3 397 289
3 398 ->
4 399 404E
4 400 404E
4 401 ->
5 402 9
5 403 3
5 404 999
5 405 [2]
$2*3F847AE147AE147B
4 406 404E
4 407 20
4 408 -1
4 409 ->
5 410 [2]
$2*3F847AE147AE147B
4 411 -1
4 412 2
4 413 2
4 414 0
3 415 ->
4 416 3FE26E2D5DF984D8
4 417 4055A98EF14E1391
4 418 3FE2580D0B69FCBA
4 419 404B1EDB6DB6DB71
4 420 NULL
3 421 NULL
3 422 ->
4 423 d3
3 424 -1
2 393 ->
3 394 8
3 395 1
3 396 7
3 397 289
3 398 ->
4 399 403E
4 400 403E
4 401 ->
5 402 9
5 403 3
5 404 999
5 405 [2]
$2*3F847AE147AE147B
4 406 403E
4 407 20
4 408 -1
4 409 ->
5 410 [2]
$2*3F847AE147AE147B
4 411 -1
4 412 2
4 413 2
4 414 0
3 415 ->
4 416 405DD1C5659C94E1
4 417 3FD5R
4 418 3FE54F6DA0962321
4 419 404B1EDB6DB6DB71
4 420 NULL
3 421 NULL
3 422 ->
4 423 d4
3 424 -1
2 393 ->
3 394 8
3 395 62
3 396 7
3 397 385
3 398 ->
4 399 401C
4 400 401C
4 401 ->
5 402 9
5 403 3
5 404 999
5 405 [2]
$2*3F847AE147AE147B
4 406 401C
4 407 20
4 408 -1
4 409 ->
5 410 [2]
$2*3F847AE147AE147B
4 411 -1
4 412 2
4 413 2
4 414 0
3 415 ->
4 416 0
4 417 0
4 418 0
4 419 0
4 420 NULL
3 421 NULL
3 422 ->
4 423 d5
3 424 -1
2 393 ->
3 394 8
3 395 3
3 396 30
3 397 289
3 398 ->
4 399 3FF
4 400 3FF
4 401 ->
5 402 9
5 403 3
5 404 999
5 405 [2]
$2*3F847AE147AE147B
4 406 3FF
4 407 20
4 408 -1
4 409 ->
5 410 [2]
$2*3F847AE147AE147B
4 411 -1
4 412 2
4 413 2
4 414 0
3 415 ->
4 416 4
4 417 405B41BA3460B504
4 418 3FD89998E2D0CD4R
4 419 403B1EDB6DB6DB73
4 420 NULL
3 421 NULL
3 422 ->
4 423 d6
@line_array 425 0
4 425 [1]
5 425 
@text_array 426 0
6 426 [2]
7 426 
@text_type 427 1
8 427 54
@text_value 428 10
8 428 R
@txt_attrib 429 1
8 429 1024
@owner_id 430 1
8 430 6
@part_id 431 1
8 431 11
@height 432 2
8 432 BFF
@width_factor 433 2
8 433 BFF
@format_info 434 0
8 434 
@thickness 435 2
8 435 BFF
7 426 
8 427 61
8 428 
8 429 1025
8 430 6
8 431 11
8 432 BFF
8 433 BFF
8 434 
8 435 BFF
3 424 -1
2 393 ->
3 394 8
3 395 2
3 396 30
3 397 289
3 398 ->
4 399 400C
4 400 400C
4 401 ->
5 402 9
5 403 3
5 404 999
5 405 [2]
$2*3F847AE147AE147B
4 406 400C
4 407 20
4 408 -1
4 409 ->
5 410 [2]
$2*3F847AE147AE147B
4 411 -1
4 412 2
4 413 2
4 414 0
3 415 ->
4 416 3FEB1810A4257164
4 417 4060139DF9764D53
4 418 405B654AB3C7C16E
4 419 403B1EDB6DB6DB73
4 420 NULL
3 421 NULL
3 422 ->
4 423 d7
3 424 -1
2 393 ->
3 394 8
3 395 2
3 396 30
3 397 293
3 398 ->
4 399 4014
4 400 4014
4 401 ->
5 402 9
5 403 3
5 404 999
5 405 [2]
$2*3F847AE147AE147B
4 406 4014
4 407 20
4 408 -1
4 409 ->
5 410 [2]
$2*3F847AE147AE147B
4 411 -1
4 412 2
4 413 2
4 414 0
3 415 ->
4 416 C04F2D9E149F2FD
4 417 4059040C4D27E973
4 418 4032C70709143487
4 419 403B1EDB6DB6DB73
4 420 NULL
3 421 NULL
3 422 ->
4 423 d8
3 424 -1
2 393 ->
3 394 8
3 395 62
3 396 30
3 397 385
3 398 ->
4 399 3FE
4 400 3FE
4 401 ->
5 402 9
5 403 3
5 404 999
5 405 [2]
$2*3F847AE147AE147B
4 406 3FE
4 407 20
4 408 -1
4 409 ->
5 410 [2]
$2*3F847AE147AE147B
4 411 -1
4 412 2
4 413 2
4 414 0
3 415 ->
4 416 0
4 417 0
4 418 0
4 419 0
4 420 NULL
3 421 NULL
3 422 ->
4 423 d9
3 424 -1
2 393 ->
3 394 8
3 395 9
3 396 30
3 397 257
3 398 ->
4 399 4039
4 400 4039
4 401 ->
5 402 9
5 403 3
5 404 999
5 405 [2]
$2*3F847AE147AE147B
4 406 4039
4 407 20
4 408 -1
4 409 ->
5 410 [2]
$2*3F847AE147AE147B
4 411 -1
4 412 2
4 413 2
4 414 0
3 415 ->
4 416 0
4 417 0
4 418 0
4 419 0
4 420 NULL
3 421 NULL
3 422 ->
4 423 d10
3 424 -1
2 393 ->
3 394 8
3 395 2
3 396 49
3 397 297
3 398 ->
4 399 403E
4 400 403E
4 401 ->
5 402 9
5 403 3
5 404 999
5 405 [2]
$2*3F847AE147AE147B
4 406 403E
4 407 20
4 408 -1
4 409 ->
5 410 [2]
$2*3F847AE147AE147B
4 411 -1
4 412 2
4 413 2
4 414 0
3 415 ->
4 416 C04F2D9E149F2FD
4 417 4059040C4D27E973
4 418 3FE
4 419 403B1EDB6DB6DB73
4 420 NULL
3 421 NULL
3 422 ->
4 423 d11
3 424 -1
2 393 ->
3 394 8
3 395 2
3 396 50
3 397 297
3 398 ->
4 399 404B8
4 400 404B8
4 401 ->
5 402 9
5 403 3
5 404 999
5 405 [2]
$2*3F847AE147AE147B
4 406 404B8
4 407 20
4 408 -1
4 409 ->
5 410 [2]
$2*3F847AE147AE147B
4 411 -1
4 412 2
4 413 2
4 414 0
3 415 ->
4 416 C04F2D9E149F2FD
4 417 4059040C4D27E973
4 418 3FE
4 419 403B1EDB6DB6DB73
4 420 NULL
3 421 NULL
3 422 ->
4 423 d12
3 424 -1
@ipar_num 436 1
1 436 1
@ipar_array 437 0
1 437 [1]
2 437 ->
@type 438 1
3 438 1
@ipar_type 439 1
3 439 2
@feat_id 440 1
3 440 30
@attributes 441 1
3 441 1
@value 442 1
3 442 3
@bck_value 443 1
3 443 3
@relpar_sets 444 0
1 444 [1]
2 444 
@id 445 1
3 445 -1
@type 446 1
3 446 2
@ext_ref_id 447 1
3 447 -1
@relatnum 448 1
3 448 0
@unit_arr 449 0
1 449 [2]
2 449 
@type 450 1
3 450 11
@factor 451 2
3 451 3FA42850A142850A
@name 452 10
3 452 MM
@unit_type 453 1
3 453 0
2 449 
3 450 12
3 451 4001A3173978B1AB
3 452 KILOGRAM
3 453 1
@geom_lib_ptr 454 0
1 454 NULL
@first_quilt_ptr 455 1
1 455 0
@attrib_array 456 1
1 456 [1]
2 456 0
@smt_info_ptr 457 0
1 457 NULL
@cable_info_ptr 458 0
1 458 NULL
@comp_info_ptr 459 0
1 459 NULL
@max_part_size 460 2
1 460 4050EAE3D5962821
@prt_misc_ptr 461 0
1 461 ->
@shrink_data_ptr 462 0
2 462 NULL
@layer_array 463 0
1 463 [2]
2 463 ->
@id 464 1
3 464 103
@type 465 1
3 465 117
@user_id 466 1
3 466 0
@weird_wline_ptr 467 0
3 467 ->
@weird_wline 468 10
4 468 CSYS
@layer_objects 469 0
3 469 [1]
4 469 
@type 470 1
5 470 3
@ids 471 1
5 471 [4]
$28,85,91,97
@saved_operation 472 1
3 472 3
2 463 ->
3 464 104
3 465 117
3 466 0
3 467 ->
4 468 AXES
3 469 [1]
4 469 
5 470 3
5 471 [3]
$30,49,50
3 472 3
@expld_mv_info 473 0
1 473 NULL
@state_info_ptr 474 0
1 474 NULL
@alumni_feats 475 0
1 475 NULL
@model_name 476 10
1 476 AFT_BOX
@p_mdl_grid 477 0
1 477 NULL
@mdl_status_ptr 478 0
1 478 NULL
@cfg_states 479 0
1 479 NULL
@disp_outl_info 480 0
1 480 
@disp_outline 481 2
2 481 [2][3]
$2*BFD5A78A072699C4,C03E569E281C9A67
$404E2B4F140E4D34,401D5A78A072699C,3FEAD3C503934CE2
@ribbon_info_ptr 482 0
1 482 NULL
@p_xref_data 483 0
1 483 ->
@View 484 0
0 484 ->
@id 485 1
1 485 0
@viewattr 486 0
1 486 
@attr_arr 487 1
2 487 [4]
$1,3*0
@mpoint 488 0
1 488 
@id 489 1
2 489 0
@coord 490 2
2 490 [3]
$403E,400C,C02D8
@first_instr_ptr 491 0
2 491 NULL
@attach_ptr 492 0
2 492 NULL
@vpoint 493 0
1 493 
2 489 0
2 490 [3]
$407F4,407A5E,0
2 491 NULL
2 492 NULL
@orient 494 2
1 494 [4][4]
$3FED7954E7DBA2F8,0,3FD8EC3AE92B676B,0
$BFD385CE5246572,3FE3E43A9692E21C,3FE7167619F550A2,0
$BFCEFC077F3F36A6,BFE91103985DA841,3FE25240DD3851BF,0
$3*0,3FF
@local_sys 495 2
1 495 [4][4]
$402667ABDEFC84EC,0,4012F201840FCE9F,0
$C00DAE47C1BF40B,401E3DD56A2A7468,40218CE7DDE9DE63,0
$C0078D9FC1FCDF96,C0230DF7B7BAC7B7,401BDAB3749E0E7C,0
$4060AF81D8C9B4C8,406FDC5C4B032B28,C05185CAD9323F5C,3FF
@first_instr_ptr 496 0
1 496 ->
@type 497 1
2 497 100
@geom_id 498 1
2 498 -1
@view_id 499 1
2 499 -1
@memb_num 500 1
2 500 0
@offset 501 2
2 501 0
@matrix 502 0
2 502 NULL
@next_instr_ptr 503 0
1 503 NULL
@outer_xsec_index 504 1
1 504 -1
@next_view_id 505 1
1 505 -2
@simp_rep_id 506 1
1 506 0
@name 507 10
1 507 no name
@matrix 508 2
1 508 [4][4]
$3FF,3*0
$0,3FF,2*0
$2*0,3FF,0
$3*0,3FF
@fit_outline 509 2
1 509 [2][3]
$4059,405518,C071DECEFBB57FCA
$408C2,4087BB,4071DECEFBB57FC9
@det_info_ptr 510 0
1 510 NULL
@named_view_pzmatr 511 0
1 511 NULL
@page_id 512 1
1 512 0
@model_name 513 10
1 513 NULL
@unrep_model_name 514 10
1 514 NULL
@assem_merge_parts 515 0
0 515 ->
#END_OF_UGC
