#UGC:2 PART 885 360 0 1 1 15 1600 9542 \
#- VERS 0 0                                                          \
#- HOST                                                              \
#- LINK                                                              \
#- DBID                                                              \
#- REVS 0,                                                           \
#- RELL 0,                                                           \
#- UOBJ_ID 0 0 0                                                     \
#-END_OF_UGC_HEADER
#P_OBJECT 6
@P_object 1 0
0 1 ->
@dep_db 2 0
1 2 ->
@usr_rev 3 0
1 3 [7]
2 3 
@name 4 10
3 4 SHOE
@mod_time 5 0
3 5 
@tm_sec 6 1
4 6 26
@tm_min 7 1
4 7 42
@tm_hour 8 1
4 8 18
@tm_mday 9 1
4 9 27
@tm_mon 10 1
4 10 9
@tm_year 11 1
4 11 93
@action 12 1
3 12 1000
@comment 13 10
3 13 Hostname: 'libe'
@rel_level 14 10
3 14 
@rev_string 15 10
3 15 
2 3 
3 4 ADMINISTRATOR
3 5 
4 6 47
4 7 38
4 8 18
4 9 31
4 10 9
4 11 93
3 12 1000
3 13 Hostname: 'AUTO17'
3 14 
3 15 
2 3 
3 4 SHOE
3 5 
4 6 44
4 7 29
4 8 1
4 9 24
4 10 10
4 11 93
3 12 1000
3 13 Hostname: 'libe'
3 14 
3 15 
2 3 
3 4 USER
3 5 
4 6 30
4 7 21
4 8 17
4 9 15
4 10 11
4 11 93
3 12 1000
3 13 Hostname: 'hogulu'
3 14 
3 15 
2 3 
3 4 USER
3 5 
4 6 17
4 7 44
4 8 20
4 9 13
4 10 9
4 11 94
3 12 1000
3 13 Hostname: 'wotje'
3 14 
3 15 
2 3 
3 4 USER
3 5 
4 6 57
4 7 9
4 8 14
4 9 28
4 10 9
4 11 94
3 12 1000
3 13 Hostname: 'cunha.mlo.dec.com'
3 14 
3 15 
2 3 
3 4 SETH
3 5 
4 6 6
4 7 2
4 8 20
4 9 23
4 10 9
4 11 95
3 12 1000
3 13 Hostname: 'eire'
3 14 
3 15 
@revnum_std 16 1
1 16 153
@flag 17 1
1 17 0
@name 18 10
1 18 NULL
@inst_hidden 19 1
1 19 0
@old_name 20 10
1 20 NULL
@appl_data 21 0
1 21 ->
@bounding_box 22 2
2 22 [2][3]
$C01A65A94D4DD7A5,BFB96A535375E921,C01A65A94D4DD7A5
$401A65A94D4DD7A5,401E65A94D4DD7A6,401A65A94D4DD7A5
@uobj_id 23 0
1 23 NULL
#END_OF_P_OBJECT
#Pro/ENGINEER  TM  Version G-01-10  (c) 1988-95 by Parametric Technology Corporation  All Rights Reserved. 9542
@Solid 24 0
0 24 ->
@tab_key 25 1
1 25 0
@tab_key_struct 26 0
1 26 ->
@tab_key_ptr 27 0
2 27 [102]
@type 28 1
1 28 2
@revnum_ptr 29 0
1 29 ->
@geom_revnum 30 1
2 30 158
@cosm_revnum 31 1
2 31 112
@first_member_ptr 32 0
1 32 NULL
@alumni_members 33 0
1 33 NULL
@frst_geom_ptr 34 1
1 34 10
@first_feat_ptr 35 0
1 35 ->
@id 36 1
2 36 1
@indep_attributes 37 1
2 37 1
@feat_type_ptr 38 0
2 38 ->
@table_id 39 1
3 39 13
@type 40 1
3 40 923
@feattype_key 41 10
3 41 NULL
@form 42 1
3 42 0
@attributes 43 1
3 43 [3]
$3*0
@placement 44 1
3 44 0
@intersection 45 1
3 45 -1
@internal_udf_type 46 1
3 46 -1
@param_choice_ptr 47 0
3 47 ->
@blend_choice 48 1
4 48 0
@depth_choice 49 1
4 49 0
@angle_choice 50 1
4 50 -1
@pat_choice 51 1
4 51 970
@round_choice 52 1
4 52 -1
@subsec_choice 53 1
4 53 -1
@sweep_choice 54 1
4 54 0
@dome_choice 55 1
4 55 0
@draft_choice 56 1
4 56 0
@misc_choice 57 1
4 57 0
@assoc_type 58 1
3 58 0
@symbol_key 59 1
2 59 -1
@sect_name 60 10
2 60 DTM1
@model_type 61 1
2 61 2
@idtab_ptr 62 0
2 62 ->
@srf_id_arr 63 1
3 63 [1][4]
$2,3*0
@save_geoms 64 0
3 64 NULL
@cr_flags_xar 65 1
3 65 [18]
$2*-1,-1025,-2049,268435455,-1,8191,0,2048,0,16,5*0,2,0
@cvt_feat_dat 66 0
3 66 NULL
@feat_dates_ptr 67 0
3 67 ->
@creat_date 68 1
4 68 0
@regen_date 69 1
4 69 150023
@geometry 70 0
2 70 
@srf_array 71 0
3 71 [1]
4 71 ->
@geom_type 72 1
5 72 34
@geom_id 73 1
5 73 2
@feat_id 74 1
5 74 1
@boundary_type 75 1
5 75 1
@envlp 76 2
5 76 [2][2]
$BFB96A535375E921,C01A65A94D4DD7A5
$401E65A94D4DD7A5,401A65A94D4DD7A5
@srf_prim_ptr(plane) 77 0
5 77 ->
@local_sys 78 2
6 78 [4][3]
$2*0,3FF
$3FF,2*0
$0,3FF,0
$3*0
@frst_cntr_ptr 79 0
5 79 NULL
@next_geom_ptr 80 1
5 80 0
@orient 81 1
5 81 1
@outline 82 2
5 82 [2][3]
$0,BFB96A535375E921,C01A65A94D4DD7A5
$0,401E65A94D4DD7A6,401A65A94D4DD7A5
@group_info_ptr 83 0
2 83 NULL
@intrs_pairs_ptr 84 0
2 84 ->
@place_rec_ptr 85 0
2 85 ->
@local_sys 86 2
3 86 [4][3]
$2*0,3FF
$3FF,2*0
$0,3FF,0
$3*0
@place_instruction_ptrs 87 0
3 87 [1]
4 87 ->
@type 88 1
5 88 513
@offset 89 2
5 89 0
@dim_id 90 1
5 90 -1
@ref_id 91 1
5 91 -1
@geometry1_id 92 1
5 92 -1
@geometry2_id 93 1
5 93 2
@memb_num1 94 1
5 94 0
@memb_num2 95 1
5 95 0
@attr 96 1
5 96 32768
@plin_info_arr 97 0
5 97 [2]
6 97 ->
@type 98 1
7 98 1
@data(plin_info_ref) 99 0
7 99 ->
@id_type1 100 1
8 100 -4
@id_type2 101 1
8 101 5
@offset2 102 2
8 102 0
6 97 ->
7 98 6
@data(plin_info_ui_step) 103 0
7 103 ->
@step_ids 104 1
8 104 [1]
9 104 -100
@own_ref_id 105 1
3 105 -1
@orient 106 1
3 106 1
@trf_arr 107 0
3 107 [1]
4 107 
@type 108 1
5 108 11
@idx 109 1
5 109 0
@transf 110 2
5 110 [4][3]
$2*0,3FF
$3FF,2*0
$0,3FF,0
$3*0
@next_prop 111 0
2 111 NULL
@first_geom_id 112 1
2 112 2
@cond_tbl_idx 113 1
2 113 -1
@comment 114 10
2 114 NULL
@merge_info_ptr 115 0
2 115 NULL
@topology_increment 116 0
2 116 ->
@first_geom 117 1
3 117 0
@first_quilt 118 1
3 118 0
@outline 119 2
3 119 [2][3]
$C019,0,C004
$4019,4034,4004
@max_part_size 120 2
3 120 0
@xform_increment 121 0
3 121 NULL
@roll_back_id 122 1
3 122 -1
@state_ind 123 1
2 123 -1
@alumni_info 124 0
2 124 NULL
@revnum 125 1
2 125 1
@rev_rec 126 0
2 126 ->
@num_plins 127 1
3 127 1
@next_feat_ptr 128 0
1 128 ->
2 36 3
2 37 1
2 38 ->
3 39 13
3 40 923
3 41 NULL
3 42 0
3 43 [3]
$3*0
3 44 0
3 45 -1
3 46 -1
3 47 ->
4 48 0
4 49 0
4 50 -1
4 51 970
4 52 -1
4 53 -1
4 54 0
4 55 0
4 56 0
4 57 0
3 58 0
2 59 -1
2 60 DTM2
2 61 2
2 62 ->
3 63 [1][4]
$4,3*0
3 64 NULL
3 65 [18]
$2*-1,-1025,-2049,268435455,-1,8191,0,2048,0,16,5*0,2,0
3 66 NULL
3 67 ->
4 68 0
4 69 150023
2 70 
3 71 [1]
4 71 ->
5 72 34
5 73 4
5 74 3
5 75 1
5 76 [2][2]
$2*C01A65A94D4DD7A5
$2*401A65A94D4DD7A5
5 77 ->
6 78 [4][3]
$0,3FF,0
$2*0,3FF
$3FF,2*0
$3*0
5 79 NULL
5 80 0
5 81 1
5 82 [2][3]
$C01A65A94D4DD7A5,0,C01A65A94D4DD7A5
$401A65A94D4DD7A5,0,401A65A94D4DD7A5
2 83 NULL
2 84 ->
2 85 ->
3 86 [4][3]
$0,3FF,0
$2*0,3FF
$3FF,2*0
$3*0
3 87 [1]
4 87 ->
5 88 514
5 89 0
5 90 -1
5 91 -1
5 92 -1
5 93 4
5 94 0
5 95 0
5 96 32768
5 97 [2]
6 97 ->
7 98 1
7 99 ->
8 100 -4
8 101 5
8 102 0
6 97 ->
7 98 6
7 103 ->
8 104 [1]
9 104 -100
3 105 -1
3 106 1
3 107 [1]
4 107 
5 108 11
5 109 0
5 110 [4][3]
$0,3FF,0
$2*0,3FF
$3FF,2*0
$3*0
2 111 NULL
2 112 4
2 113 -1
2 114 NULL
2 115 NULL
2 116 ->
3 117 0
3 118 0
3 119 [2][3]
$C019,0,C004
$4019,4034,4004
3 120 0
3 121 NULL
3 122 -1
2 123 -1
2 124 NULL
2 125 1
2 126 ->
3 127 1
1 128 ->
2 36 5
2 37 1
2 38 ->
3 39 13
3 40 923
3 41 NULL
3 42 0
3 43 [3]
$3*0
3 44 0
3 45 -1
3 46 -1
3 47 ->
4 48 0
4 49 0
4 50 -1
4 51 970
4 52 -1
4 53 -1
4 54 0
4 55 0
4 56 0
4 57 0
3 58 0
2 59 -1
2 60 DTM3
2 61 2
2 62 ->
3 63 [1][4]
$6,3*0
3 64 NULL
3 65 [18]
$2*-1,-1025,-2049,268435455,-1,8191,0,2048,0,16,5*0,2,0
3 66 NULL
3 67 ->
4 68 0
4 69 150023
2 70 
3 71 [1]
4 71 ->
5 72 34
5 73 6
5 74 5
5 75 1
5 76 [2][2]
$C01A65A94D4DD7A5,BFB96A535375E921
$401A65A94D4DD7A5,401E65A94D4DD7A5
5 77 ->
6 78 [4][3]
$3FF,2*0
$0,3FF,0
$2*0,3FF
$3*0
5 79 NULL
5 80 0
5 81 1
5 82 [2][3]
$C01A65A94D4DD7A5,BFB96A535375E921,0
$401A65A94D4DD7A5,401E65A94D4DD7A6,0
2 83 NULL
2 84 ->
2 85 ->
3 86 [4][3]
$3FF,2*0
$0,3FF,0
$2*0,3FF
$3*0
3 87 [1]
4 87 ->
5 88 515
5 89 0
5 90 -1
5 91 -1
5 92 -1
5 93 6
5 94 0
5 95 0
5 96 32768
5 97 [2]
6 97 ->
7 98 1
7 99 ->
8 100 -4
8 101 5
8 102 0
6 97 ->
7 98 6
7 103 ->
8 104 [1]
9 104 -100
3 105 -1
3 106 1
3 107 [1]
4 107 
5 108 11
5 109 0
5 110 [4][3]
$3FF,2*0
$0,3FF,0
$2*0,3FF
$3*0
2 111 NULL
2 112 6
2 113 -1
2 114 NULL
2 115 NULL
2 116 ->
3 117 0
3 118 0
3 119 [2][3]
$C019,0,C004
$4019,4034,4004
3 120 0
3 121 NULL
3 122 -1
2 123 -1
2 124 NULL
2 125 1
2 126 ->
3 127 1
1 128 ->
2 36 8
2 37 1
2 38 ->
3 39 13
3 40 923
3 41 NULL
3 42 0
3 43 [3]
$3,2*0
3 44 0
3 45 -1
3 46 -1
3 47 ->
4 48 0
4 49 0
4 50 -1
4 51 970
4 52 -1
4 53 -1
4 54 0
4 55 0
4 56 0
4 57 0
3 58 0
2 59 -1
2 60 no_name
2 61 2
2 62 ->
3 63 [1][4]
$9,3*0
3 64 NULL
3 65 [18]
$2*-1,-1025,-2049,268435455,-1,8191,0,2048,0,16,5*0,2,0
3 66 NULL
3 67 ->
4 68 0
4 69 150023
2 70 
3 71 [1]
4 71 ->
5 72 34
5 73 9
5 74 8
5 75 -1
5 76 [2][2]
$2*0
$2*0
5 77 ->
6 78 [4][3]
$3FF,2*0
$2*0,3FF
$0,BFF,0
$3*0
5 79 NULL
5 80 0
5 81 1
5 82 [2][3]
$3*0
$3*0
2 83 NULL
2 84 ->
2 85 ->
3 86 [4][3]
$3FF,2*0
$2*0,3FF
$0,BFF,0
$3*0
3 87 [2]
4 87 ->
5 88 509
5 89 3FF
5 90 -1
5 91 -1
5 92 4
5 93 9
5 94 0
5 95 0
5 96 32768
5 97 [2]
6 97 ->
7 98 1
7 99 ->
8 100 -4
8 101 5
8 102 0
6 97 ->
7 98 6
7 103 ->
8 104 [1]
9 104 -100
4 87 ->
5 88 510
5 89 BFF
5 90 -1
5 91 -1
5 92 6
5 93 9
5 94 0
5 95 0
5 96 32768
5 97 [2]
6 97 ->
7 98 1
7 99 ->
8 100 -4
8 101 5
8 102 0
6 97 ->
7 98 6
7 103 ->
8 104 [1]
9 104 -100
3 105 -1
3 106 1
3 107 [1]
4 107 
5 108 11
5 109 0
5 110 [4][3]
$3FF,2*0
$2*0,3FF
$0,BFF,0
$3*0
2 111 NULL
2 112 9
2 113 -1
2 114 NULL
2 115 NULL
@parent_table 129 1
2 129 [2]
$3,5
2 116 ->
3 117 0
3 118 0
3 119 [2][3]
$C019,0,C004
$4019,4034,4004
3 120 0
3 121 NULL
3 122 -1
2 123 -1
2 124 NULL
2 125 1
2 126 ->
3 127 2
1 128 ->
2 36 7
2 37 1
2 38 ->
3 39 7
3 40 917
3 41 NULL
3 42 1
3 43 [3]
$0,65536,0
3 44 0
3 45 991
3 46 -1
3 47 ->
4 48 0
4 49 266240
4 50 -1
4 51 970
4 52 -1
4 53 -1
4 54 0
4 55 0
4 56 0
4 57 0
3 58 0
2 59 -1
2 60 no_name
2 61 2
@entity(line3d) 130 0
2 130 ->
@type 131 1
3 131 11
@id 132 1
3 132 20
@gen_info 133 0
3 133 
@geom_id 134 1
3 134 16
@end1 135 2
3 135 [3]
$0,3FE,0
@end2 136 2
3 136 [3]
$C014,3FE,0
2 130 ->
3 131 13
3 132 21
3 133 
@color 137 1
4 137 1
3 134 16
3 135 [3]
$0,3FE,0
3 136 [3]
$0,401E,0
@entity(text) 138 0
2 138 ->
@text_type 139 1
3 139 19
@text_value 140 10
3 140 A_1
@txt_attrib 141 1
3 141 1
@coord 142 2
3 142 [3]
$4082BD064C0DF16R,406C1E07EC5D2208,C06A33BE1BC02EF3
@owner_id 143 1
3 143 -1
@part_id 144 1
3 144 31
@height 145 2
3 145 BFF
@width_factor 146 2
3 146 BFF
@format_info 147 0
3 147 
@thickness 148 2
3 148 BFF
2 62 ->
3 63 [4][4]
$10,204,2*0
$13,203,2*0
$16,200,2*0
$18,200,-1,0
@edg_id_arr 149 1
3 149 [6][6]
$11,221,3*0,10
$12,221,-1,2*0,10
$14,222,3*0,16
$15,222,-1,2*0,18
$17,220,3*0,16
$19,220,-1,2*0,18
@misc_id_tab 150 0
3 150 [2]
4 150 
@misc_hist 151 1
5 151 [5]
$20,530,16,-1,500
4 150 
5 151 [5]
$21,531,16,-1,500
@dtm_id_tab 152 0
3 152 [1]
4 152 
@dtm_id 153 1
5 153 9
@dim_id 154 1
5 154 -1
3 64 ->
@sv_frst_geom 155 1
4 155 10
3 65 [18]
$2*-1,-1025,-2049,268435455,-1,8191,0,2048,0,16,5*0,2,0
3 66 NULL
3 67 ->
4 68 0
4 69 150023
2 70 
3 71 [4]
4 71 ->
5 72 34
5 73 10
5 74 7
5 75 0
5 76 [2][2]
$2*C01A
$2*401A
5 77 ->
6 78 [4][3]
$3FF,2*0
$2*0,3FF
$0,BFF,0
$3*0
5 79 ->
@frst_cntr_crv_hdr_ptr 156 1
6 156 28
@trv 157 1
6 157 1
@envlp 158 2
6 158 [2][2]
$2*C01A
$2*401A
@next_cntr_ptr 159 0
5 159 NULL
5 80 13
5 81 -1
5 82 [2][3]
$C01A,0,C01A
$401A,0,401A
4 71 ->
5 72 34
5 73 13
5 74 7
5 75 0
5 76 [2][2]
$2*C014
$2*4014
5 77 ->
6 78 [4][3]
$3FF,2*0
$2*0,3FF
$0,BFF,0
$0,401E,0
5 79 ->
6 156 14
6 157 1
6 158 [2][2]
$2*C014
$2*4014
5 159 NULL
5 80 16
5 81 1
5 82 [2][3]
$C014,401E,C014
$4014,401E,4014
4 71 ->
5 72 36
5 73 16
5 74 7
5 75 0
5 76 [2][2]
$0,3FE
$400921FB54442D18,401E
@srf_prim_ptr(cylinder) 160 0
5 160 ->
@local_sys 161 2
6 161 [4][3]
$3FF,2*0
$2*0,3FF
$0,BFF,0
$3*0
@radius 162 2
6 162 4014
5 79 ->
6 156 46
6 157 1
6 158 [2][2]
$0,3FE
$400921FB54442D18,401E
5 159 NULL
5 80 18
5 81 1
5 82 [2][3]
$C014,3FE,C014
$4014,401E,0
4 71 ->
5 72 36
5 73 18
5 74 7
5 75 0
5 76 [2][2]
$400921FB54442D18,3FE
$401921FB54442D18,401E
5 160 ->
6 161 [4][3]
$3FF,2*0
$2*0,3FF
$0,BFF,0
$3*0
6 162 4014
5 79 ->
6 156 48
6 157 1
6 158 [2][2]
$400921FB54442D18,3FE
$401921FB54442D18,401E
5 159 NULL
5 80 32
5 81 1
5 82 [2][3]
$C014,3FE,0
$4014,401E,4014
@crv_array 163 0
3 163 [6]
4 163 ->
@crv_id 164 1
5 164 11
@feat_id 165 1
5 165 7
@type 166 1
5 166 0
@crv_pnt_dir 167 1
5 167 [2]
$1,-1
@crv_pnt_arr 168 2
5 168 [23][4]
$4014,3*0
$4013CBE2C2A329D5,3FE6C5373D131612,3FC247426BD47DE4,0
$4013309AA1605236,3FF689E1FCD4313,3FD247426BD47DE4,0
$40123150D954DB8C,40009DD9881C6BB2,3FDB6AE3A1BEBCD5,0
$4010D337D49F1674,4005A02976EA2E0E,3FE247426BD47DE3,0
$400E3AE02A08B2CA,400A31C61F552EA8,3FE6D91306C99D5B,0
$400A31C61F552EA9,400E3AE02A08B2C9,3FEB6AE3A1BEBCD4,0
$4005A02976EA2E0E,4010D337D49F1674,3FEFFCB43CB3DC4D,0
$40009DD9881C6BB2,40123150D954DB8C,3FF247426BD47DE3,0
$3FF689E1FCD4312C,4013309AA1605237,3FF4902AB94F0DA,0
$3FE6C5373D131618,4013CBE2C2A329D5,3FF6D91306C99D5B,0
$0,4014,3FF921FB54442D18,0
$BFE6C5373D13160E,4013CBE2C2A329D6,3FFB6AE3A1BEBCD4,0
$BFF689E1FCD43131,4013309AA1605236,3FFDB3CBEF394C91,0
$C0009DD9881C6BB2,40123150D954DB8C,3FFFFCB43CB3DC4D,0
$C005A02976EA2E0B,4010D337D49F1675,400122CE45173604,0
$C00A31C61F552EA9,400E3AE02A08B2C9,400247426BD47DE3,0
$C00E3AE02A08B2C9,400A31C61F552EA9,40036BB69291C5C1,0
$C010D337D49F1675,4005A02976EA2E0B,4004902AB94F0DA,0
$C0123150D954DB8C,40009DD9881C6BAF,4005B49EE00C557E,0
$C013309AA1605236,3FF689E1FCD43135,4006D91306C99D5B,0
$C013CBE2C2A329D6,3FE6C5373D13160E,4007FD872D86E53A,0
$C014,0,400921FB54442D18,0
@crv_hdr_geom_ptr[0] 169 1
5 169 10
@crv_hdr_geom_ptr[1] 170 1
5 170 16
@next_crv_hdr_ptr[0] 171 1
5 171 12
@next_crv_hdr_ptr[1] 172 1
5 172 17
@ref_geom[0] 173 1
5 173 0
@ref_geom[1] 174 1
5 174 0
4 163 ->
5 164 12
5 165 7
5 166 0
5 167 [2]
$1,-1
5 168 [23][4]
$C014,0,400921FB54442D18,0
$C013CBE2C2A329D6,BFE6C5373D13160E,400A466F7B0174F6,0
$C013309AA1605237,BFF689E1FCD4312C,400B6AE3A1BEBCD4,0
$C0123150D954DB8C,C0009DD9881C6BAF,400C8F57C87C04B2,0
$C010D337D49F1674,C005A02976EA2E0F,400DB3CBEF394C91,0
$C00E3AE02A08B2C9,C00A31C61F552EA9,400ED84015F6946F,0
$C00A31C61F552EA9,C00E3AE02A08B2C9,400FFCB43CB3DC4D,0
$C005A02976EA2E0B,C010D337D49F1675,4010909431B89216,0
$C0009DD9881C6BAF,C0123150D954DB8C,401122CE45173605,0
$BFF689E1FCD4312C,C013309AA1605237,4011B5085875D9F4,0
$BFE6C5373D13160E,C013CBE2C2A329D6,401247426BD47DE3,0
$0,C014,4012D97C7F3321D2,0
$3FE6C5373D13160E,C013CBE2C2A329D6,40136BB69291C5C1,0
$3FF689E1FCD4312C,C013309AA1605237,4013FDF0A5F069B,0
$40009DD9881C6BAF,C0123150D954DB8C,4014902AB94F0D9F,0
$4005A02976EA2E0B,C010D337D49F1675,40152264CCADB18E,0
$400A31C61F552EAC,C00E3AE02A08B2C6,4015B49EE00C557E,0
$400E3AE02A08B2C6,C00A31C61F552EAC,401646D8F36AF96C,0
$4010D337D49F1675,C005A02976EA2E0B,4016D91306C99D5C,0
$40123150D954DB8C,C0009DD9881C6BAF,40176B4D1A28414B,0
$4013309AA1605237,BFF689E1FCD4312C,4017FD872D86E53A,0
$4013CBE2C2A329D6,BFE6C5373D13160E,40188FC140E58929,0
$4014,0,401921FB54442D18,0
5 169 10
5 170 18
5 171 11
5 172 19
5 173 0
5 174 0
4 163 ->
5 164 14
5 165 7
5 166 0
5 167 [2]
$-1,1
5 168 [23][4]
$4014,2*0,401E
$4013CBE2C2A329D5,3FE6C5373D131612,3FC247426BD47DE4,401E
$4013309AA1605236,3FF689E1FCD4313,3FD247426BD47DE4,401E
$40123150D954DB8C,40009DD9881C6BB2,3FDB6AE3A1BEBCD5,401E
$4010D337D49F1674,4005A02976EA2E0E,3FE247426BD47DE3,401E
$400E3AE02A08B2CA,400A31C61F552EA8,3FE6D91306C99D5B,401E
$400A31C61F552EA9,400E3AE02A08B2C9,3FEB6AE3A1BEBCD4,401E
$4005A02976EA2E0E,4010D337D49F1674,3FEFFCB43CB3DC4D,401E
$40009DD9881C6BB2,40123150D954DB8C,3FF247426BD47DE3,401E
$3FF689E1FCD4312C,4013309AA1605237,3FF4902AB94F0DA,401E
$3FE6C5373D131618,4013CBE2C2A329D5,3FF6D91306C99D5B,401E
$0,4014,3FF921FB54442D18,401E
$BFE6C5373D13160E,4013CBE2C2A329D6,3FFB6AE3A1BEBCD4,401E
$BFF689E1FCD43131,4013309AA1605236,3FFDB3CBEF394C91,401E
$C0009DD9881C6BB2,40123150D954DB8C,3FFFFCB43CB3DC4D,401E
$C005A02976EA2E0B,4010D337D49F1675,400122CE45173604,401E
$C00A31C61F552EA9,400E3AE02A08B2C9,400247426BD47DE3,401E
$C00E3AE02A08B2C9,400A31C61F552EA9,40036BB69291C5C1,401E
$C010D337D49F1675,4005A02976EA2E0B,4004902AB94F0DA,401E
$C0123150D954DB8C,40009DD9881C6BAF,4005B49EE00C557E,401E
$C013309AA1605236,3FF689E1FCD43135,4006D91306C99D5B,401E
$C013CBE2C2A329D6,3FE6C5373D13160E,4007FD872D86E53A,401E
$C014,0,400921FB54442D18,401E
5 169 13
5 170 16
5 171 15
5 172 51
5 173 0
5 174 0
4 163 ->
5 164 15
5 165 7
5 166 0
5 167 [2]
$-1,1
5 168 [23][4]
$C014,0,400921FB54442D18,401E
$C013CBE2C2A329D6,BFE6C5373D13160E,400A466F7B0174F6,401E
$C013309AA1605237,BFF689E1FCD4312C,400B6AE3A1BEBCD4,401E
$C0123150D954DB8C,C0009DD9881C6BAF,400C8F57C87C04B2,401E
$C010D337D49F1674,C005A02976EA2E0F,400DB3CBEF394C91,401E
$C00E3AE02A08B2C9,C00A31C61F552EA9,400ED84015F6946F,401E
$C00A31C61F552EA9,C00E3AE02A08B2C9,400FFCB43CB3DC4D,401E
$C005A02976EA2E0B,C010D337D49F1675,4010909431B89216,401E
$C0009DD9881C6BAF,C0123150D954DB8C,401122CE45173605,401E
$BFF689E1FCD4312C,C013309AA1605237,4011B5085875D9F4,401E
$BFE6C5373D13160E,C013CBE2C2A329D6,401247426BD47DE3,401E
$0,C014,4012D97C7F3321D2,401E
$3FE6C5373D13160E,C013CBE2C2A329D6,40136BB69291C5C1,401E
$3FF689E1FCD4312C,C013309AA1605237,4013FDF0A5F069B,401E
$40009DD9881C6BAF,C0123150D954DB8C,4014902AB94F0D9F,401E
$4005A02976EA2E0B,C010D337D49F1675,40152264CCADB18E,401E
$400A31C61F552EAC,C00E3AE02A08B2C6,4015B49EE00C557E,401E
$400E3AE02A08B2C6,C00A31C61F552EAC,401646D8F36AF96C,401E
$4010D337D49F1675,C005A02976EA2E0B,4016D91306C99D5C,401E
$40123150D954DB8C,C0009DD9881C6BAF,40176B4D1A28414B,401E
$4013309AA1605237,BFF689E1FCD4312C,4017FD872D86E53A,401E
$4013CBE2C2A329D6,BFE6C5373D13160E,40188FC140E58929,401E
$4014,0,401921FB54442D18,401E
5 169 13
5 170 18
5 171 14
5 172 49
5 173 0
5 174 0
4 163 ->
5 164 17
5 165 7
5 166 1
5 167 [2]
$1,-1
5 168 [2][4]
$2*0,401921FB54442D18,0
$0,401E,401921FB54442D18,401E
5 169 16
5 170 18
5 171 0
5 172 0
5 173 0
5 174 0
4 163 ->
5 164 19
5 165 7
5 166 1
5 167 [2]
$1,-1
5 168 [2][4]
$400921FB54442D18,0,400921FB54442D18,0
$400921FB54442D18,401E,400921FB54442D18,401E
5 169 18
5 170 16
5 171 0
5 172 0
5 173 0
5 174 0
2 83 NULL
2 84 ->
2 85 ->
3 86 [4][3]
$3FF,2*0
$2*0,3FF
$0,BFF,0
$3*0
3 87 [1]
4 87 ->
5 88 1853
5 89 0
5 90 0
5 91 -1
5 92 -1
5 93 -1
5 94 0
5 95 0
5 96 0
5 97 [1]
6 97 ->
7 98 6
7 103 ->
8 104 [1]
9 104 -100
3 105 -1
3 106 0
3 107 [2]
4 107 
5 108 1
5 109 0
5 110 [4][3]
$0,BFF,0
$3FF,2*0
$2*0,3FF
$3*0
4 107 
5 108 12
5 109 0
5 110 [4][3]
$3FF,2*0
$2*0,3FF
$0,BFF,0
$3*0
2 111 NULL
2 112 10
@gsec_ptr 175 0
2 175 [1]
3 175 
@type 176 1
4 176 2
@name 177 10
4 177 S2D0021
@gsec2d_ptr 178 0
4 178 ->
@name 179 10
5 179 S2D0021
@segtab_ptr 180 0
5 180 [3]
6 180 
@type 181 1
7 181 10
@dir 182 1
7 182 [3]
$3*0
@pointid 183 1
7 183 [2]
$2*0
@cntrid 184 1
7 184 0
@arcorient 185 1
7 185 0
@verhor 186 1
7 186 0
@radius 187 1
7 187 0
@ext_id 188 1
7 188 0
@gen_info 189 0
7 189 
@known_ent_info 190 0
7 190 
@attr 191 1
8 191 0
@known_ent_id 192 1
8 192 -1
6 180 
7 181 32770
7 182 [3]
$-1,2*0
7 183 [2]
$1,2
7 184 2
7 185 0
7 186 1
7 187 0
7 188 1
7 189 
@attributes 193 1
8 193 8
7 190 
8 191 0
8 192 -1
6 180 
7 181 32770
7 182 [3]
$0,-1,0
7 183 [2]
$3,4
7 184 4
7 185 0
7 186 0
7 187 0
7 188 2
7 189 
8 193 8
7 190 
8 191 0
8 192 -1
@dimtab_ptr 194 0
5 194 [3]
6 194 
@type 195 1
7 195 42
@value 196 2
7 196 0
@direct 197 1
7 197 0
@property 198 1
7 198 0
@leftpt 199 1
7 199 [2]
@rightpt 200 1
7 200 [2]
@offset 201 2
7 201 0
@ext_id 202 1
7 202 0
@dispdimattr 203 0
7 203 
@dimattr 204 1
8 204 [2]
$2*0
@dim_ref 205 0
7 205 [2]
8 205 
@item_id 206 1
9 206 1
@sense 207 1
9 207 4
@point 208 1
9 208 [2]
$2*-1
8 205 
9 206 -1
9 207 4
9 208 [2]
$2*-1
6 194 
7 195 42
7 196 0
7 197 0
7 198 0
7 199 [2]
7 200 [2]
7 201 0
7 202 1
7 203 
8 204 [2]
$2*0
7 205 [2]
8 205 
9 206 2
9 207 4
9 208 [2]
$2*-1
8 205 
9 206 -1
9 207 4
9 208 [2]
$2*-1
6 194 
7 195 4
7 196 4014
7 197 0
7 198 0
7 199 [2]
7 200 [2]
7 201 0
7 202 2
7 203 
8 204 [2]
$34,0
7 205 [2]
8 205 
9 206 0
9 207 -1
9 208 [2]
$2*-1
8 205 
9 206 0
9 207 -1
9 208 [2]
$2*-1
@relat_ptr 209 0
5 209 [3]
6 209 
@id 210 1
7 210 -1
@used 211 1
7 211 0
@a 212 1
7 212 [4]
$0,1,2*-1
@b 213 1
7 213 [4]
$2*1,2*0
@c 214 2
7 214 [4]
$3FF,BFF,3FF,0
@sign 215 1
7 215 0
@idim 216 1
7 216 -1
@type 217 1
7 217 0
6 209 
7 210 -1
7 211 0
7 212 [4]
$0,3,2*-1
7 213 [4]
$4*0
7 214 [4]
$3FF,BFF,3FF,0
7 215 0
7 216 -1
7 217 0
6 209 
7 210 -1
7 211 0
7 212 [4]
$4*0
7 213 [4]
$4*0
7 214 [4]
$4*3FF
7 215 1
7 216 2
7 217 14
@formula_ptr 218 1
5 218 [3]
$0,1,2
@qind 219 1
5 219 -1
@totalpointid 220 1
5 220 5
@checkarcs_flag 221 1
5 221 1
@location 222 0
5 222 ->
@id 223 1
6 223 0
@param 224 2
6 224 0
@type 225 1
6 225 0
@nsket_info 226 0
5 226 ->
@scale 227 2
6 227 0
@m 228 1
6 228 0
@last_was_permanent 229 1
6 229 0
@unsolved_ptr 230 0
5 230 ->
@iges_file 231 10
6 231 NULL
@solve_version 232 1
5 232 1
@segdscr_tab 233 0
5 233 [3]
6 233 
@ent_mode 234 1
7 234 0
6 233 
7 234 0
6 233 
7 234 0
@gsec3d_ptr 235 0
4 235 ->
@type 236 1
5 236 7
@name 237 10
5 237 S2D0021
@flip 238 1
5 238 1
@own_ref_id 239 1
5 239 -1
@first_chain_ptr 240 0
5 240 NULL
@quilt_id 241 1
5 241 -1
@plane_id 242 1
5 242 9
@plane_flip 243 1
5 243 -1
@ref_planes 244 0
5 244 [2]
6 244 
@plane_id 245 1
7 245 6
@ref_type 246 1
7 246 5
@ext_ref_id 247 1
7 247 -1
@seg_id 248 1
7 248 1
@flip_flag 249 1
7 249 0
@save_entity_ptr(line) 250 0
7 250 ->
@type 251 1
8 251 32770
@id 252 1
8 252 0
@gen_info 253 0
8 253 
9 193 8
@end1 254 2
8 254 [3]
$3*0
@end2 255 2
8 255 [3]
$C059,2*0
@back_entity_ptr(line) 256 0
7 256 ->
8 251 32770
8 252 0
8 253 
9 193 8
8 254 [3]
$3*0
8 255 [3]
$C059,2*0
6 244 
7 245 2
7 246 5
7 247 -1
7 248 2
7 249 0
7 250 ->
8 251 32770
8 252 0
8 253 
9 193 8
8 254 [3]
$3*0
8 255 [3]
$0,C059,0
7 256 ->
8 251 32770
8 252 0
8 253 
9 193 8
8 254 [3]
$3*0
8 255 [3]
$0,C059,0
@order_ptr 257 0
4 257 [2]
5 257 
@id 258 1
6 258 0
@flip 259 1
6 259 2
5 257 
6 258 0
6 259 4
@dim_id_tab 260 1
4 260 [3]
$1,2,3
@attributes 261 1
4 261 0
@xsec_id 262 1
4 262 -1
@gsec_info_arr 263 0
4 263 [1]
5 263 
@application_type 264 1
6 264 2
@application_id 265 1
6 265 -100
@secsolve_revnum 266 1
4 266 0
@rel_accuracy 267 2
4 267 BFF
@p_saved_result 268 0
4 268 ->
@entity(circle) 269 0
5 269 ->
@id 270 1
6 270 0
@gen_info 271 0
6 271 
@center 272 2
6 272 [3]
$3*0
@radius 273 2
6 273 4014
@entity(line) 274 0
5 274 ->
6 251 32770
6 252 1
6 253 
7 193 8
6 254 [3]
$3*0
6 255 [3]
$C059,2*0
5 274 ->
6 251 32770
6 252 2
6 253 
7 193 8
6 254 [3]
$3*0
6 255 [3]
$0,C059,0
@local_sys 275 2
5 275 [4][3]
$3FF,2*0
$2*0,3FF
$0,BFF,0
$3*0
2 113 -1
2 114 NULL
2 115 NULL
2 129 [3]
$1,5,8
2 116 ->
@crv_type 276 0
3 276 [6]
4 276 
@p_crv 277 1
5 277 11
@crv_type 278 1
5 278 7
4 276 
5 277 12
5 278 7
4 276 
5 277 14
5 278 7
4 276 
5 277 15
5 278 7
4 276 
5 277 17
5 278 7
4 276 
5 277 19
5 278 7
3 117 0
3 118 0
3 119 [2][3]
$C019,0,C004
$4019,4034,4004
3 120 0
3 121 NULL
3 122 -1
2 123 -1
2 124 NULL
2 125 8
2 126 ->
@revnums 279 0
3 279 [2]
4 279 ->
@owner_type 280 1
5 280 4
@owner_ind 281 1
5 281 0
@ref_id 282 1
5 282 0
@ref_revnum 283 1
5 283 0
4 279 ->
5 280 4
5 281 0
5 282 1
5 283 0
3 127 1
1 128 ->
2 36 23
2 37 1
2 38 ->
3 39 13
3 40 923
3 41 NULL
3 42 0
3 43 [3]
$3,2*0
3 44 0
3 45 -1
3 46 -1
3 47 ->
4 48 0
4 49 0
4 50 -1
4 51 970
4 52 -1
4 53 -1
4 54 0
4 55 0
4 56 0
4 57 0
3 58 0
2 59 -1
2 60 DTM4
2 61 2
2 62 ->
3 63 [1][4]
$24,3*0
3 64 NULL
3 65 [18]
$2*-1,-1025,-2049,268435455,-1,8191,0,2048,0,16,5*0,2,0
3 66 NULL
3 67 ->
4 68 0
4 69 150023
2 70 
3 71 [1]
4 71 ->
5 72 34
5 73 24
5 74 23
5 75 -1
5 76 [2][2]
$2*0
$2*0
5 77 ->
6 78 [4][3]
$0,3FF,0
$2*0,3FF
$3FF,2*0
$3*0
5 79 NULL
5 80 0
5 81 1
5 82 [2][3]
$3*0
$3*0
2 83 NULL
2 84 ->
2 85 ->
3 86 [4][3]
$0,3FF,0
$2*0,3FF
$3FF,2*0
$3*0
3 87 [1]
4 87 ->
5 88 503
5 89 0
5 90 5
5 91 -1
5 92 4
5 93 24
5 94 0
5 95 0
5 96 32770
5 97 [2]
6 97 ->
7 98 1
7 99 ->
8 100 -4
8 101 5
8 102 0
6 97 ->
7 98 6
7 103 ->
8 104 [1]
9 104 -100
3 105 -1
3 106 1
3 107 [1]
4 107 
5 108 11
5 109 0
5 110 [4][3]
$0,3FF,0
$2*0,3FF
$3FF,2*0
$3*0
2 111 NULL
2 112 24
2 113 -1
2 114 NULL
2 115 NULL
2 129 [1]
3 129 3
2 116 ->
3 117 10
3 118 0
3 119 [2][3]
$C014,0,C014
$4014,401E,4014
3 120 403001FFE003FF6
3 121 NULL
3 122 -1
2 123 -1
2 124 NULL
2 125 8
2 126 ->
3 127 1
1 128 ->
2 36 25
2 37 1
2 38 ->
3 39 13
3 40 923
3 41 NULL
3 42 0
3 43 [3]
$3,2*0
3 44 0
3 45 -1
3 46 -1
3 47 ->
4 48 0
4 49 0
4 50 -1
4 51 970
4 52 -1
4 53 -1
4 54 0
4 55 0
4 56 0
4 57 0
3 58 0
2 59 -1
2 60 no_name
2 61 2
2 62 ->
3 63 [1][4]
$26,3*0
3 64 NULL
3 65 [18]
$2*-1,-1025,-2049,268435455,-1,8191,0,2048,0,16,5*0,2,0
3 66 NULL
3 67 ->
4 68 0
4 69 150023
2 70 
3 71 [1]
4 71 ->
5 72 34
5 73 26
5 74 25
5 75 -1
5 76 [2][2]
$2*0
$2*0
5 77 ->
6 78 [4][3]
$3FF,2*0
$2*0,3FF
$0,BFF,0
$3*0
5 79 NULL
5 80 0
5 81 1
5 82 [2][3]
$3*0
$3*0
2 83 NULL
2 84 ->
2 85 ->
3 86 [4][3]
$3FF,2*0
$2*0,3FF
$0,BFF,0
$3*0
3 87 [2]
4 87 ->
5 88 509
5 89 3FF
5 90 -1
5 91 -1
5 92 24
5 93 26
5 94 0
5 95 0
5 96 32768
5 97 [2]
6 97 ->
7 98 1
7 99 ->
8 100 -4
8 101 5
8 102 0
6 97 ->
7 98 6
7 103 ->
8 104 [1]
9 104 -100
4 87 ->
5 88 510
5 89 BFF
5 90 -1
5 91 -1
5 92 6
5 93 26
5 94 0
5 95 0
5 96 32768
5 97 [2]
6 97 ->
7 98 1
7 99 ->
8 100 -4
8 101 5
8 102 0
6 97 ->
7 98 6
7 103 ->
8 104 [1]
9 104 -100
3 105 -1
3 106 1
3 107 [1]
4 107 
5 108 11
5 109 0
5 110 [4][3]
$3FF,2*0
$2*0,3FF
$0,BFF,0
$3*0
2 111 NULL
2 112 26
2 113 -1
2 114 NULL
2 115 NULL
2 129 [2]
$5,23
2 116 ->
3 117 10
3 118 0
3 119 [2][3]
$C014,0,C014
$4014,401E,4014
3 120 403001FFE003FF6
3 121 NULL
3 122 -1
2 123 -1
2 124 NULL
2 125 8
2 126 ->
3 127 2
1 128 ->
2 36 22
2 37 1
2 38 ->
3 39 7
3 40 917
3 41 NULL
3 42 1
3 43 [3]
$0,65536,0
3 44 0
3 45 991
3 46 -1
3 47 ->
4 48 0
4 49 266240
4 50 -1
4 51 970
4 52 -1
4 53 -1
4 54 0
4 55 0
4 56 0
4 57 0
3 58 0
2 59 -1
2 60 no_name
2 61 2
2 62 ->
3 63 [6][4]
$27,204,2*0
$32,203,2*0
$37,200,2*0
$39,200,1,0
$41,200,2,0
$43,200,3,0
3 149 [56][6]
$28,221,3*0,27
$29,221,1,2*0,27
$30,221,2,2*0,27
$31,221,3,2*0,27
$33,222,3*0,37
$34,222,1,2*0,39
$35,222,2,2*0,41
$36,222,3,2*0,43
$38,220,3*0,37
$40,220,1,2*0,39
$42,220,2,2*0,41
$44,220,3,2*0,43
$45,223,16,27,0,16
$46,223,16,32,0,32
$47,223,18,27,0,18
$48,223,18,32,0,32
$49,224,17,2*0,16
$50,224,17,1,0,16
$51,224,19,2*0,18
$52,224,19,1,0,18
$58,225,10,27,0,10
$59,225,10,27,1,10
$62,223,16,32,1,32
$63,223,16,37,0,16
$64,223,16,41,0,41
$65,223,16,43,0,16
$66,223,16,43,1,43
$67,225,10,27,2,10
$68,225,10,27,3,10
$69,223,18,32,1,32
$70,223,18,37,0,37
$71,223,18,39,0,18
$72,223,18,39,1,39
$73,223,18,41,0,18
$74,224,11,2*0,10
$75,224,11,1,0,10
$76,224,11,2,0,10
$77,224,12,2*0,10
$78,224,12,1,0,10
$79,224,12,2,0,10
$80,224,28,2*0,10
$81,224,28,1,0,10
$82,224,29,2*0,10
$83,224,29,1,0,10
$84,224,30,2*0,10
$85,224,30,1,0,10
$86,224,31,2*0,10
$87,224,31,1,0,10
$88,224,33,2*0,37
$89,224,33,1,0,37
$90,224,34,2*0,39
$91,224,34,1,0,39
$92,224,35,2*0,41
$93,224,35,1,0,41
$94,224,36,2*0,43
$95,224,36,1,0,43
3 152 [2]
4 152 
5 153 24
5 154 5
4 152 
5 153 26
5 154 -1
3 64 ->
@new_edges 284 1
4 284 [6]
$46,48,49,51,58,59
4 155 27
3 65 [18]
$2*-1,-1025,-2049,268435455,-1,8191,0,2048,0,16,5*0,2,0
3 66 NULL
3 67 ->
4 68 0
4 69 160010
2 70 
3 71 [6]
4 71 ->
5 72 34
5 73 27
5 74 22
5 75 -1
5 76 [2][2]
$2*C01A
$2*401A
5 77 ->
6 78 [4][3]
$3FF,2*0
$2*0,3FF
$0,BFF,0
$3*0
5 79 NULL
5 80 32
5 81 -1
5 82 [2][3]
$C01A,0,C01A
$401A,0,401A
4 71 ->
5 72 34
5 73 32
5 74 22
5 75 0
5 76 [2][2]
$2*C01A
$2*401A
5 77 ->
6 78 [4][3]
$3FF,2*0
$2*0,3FF
$0,BFF,0
$0,3FE,0
5 79 ->
6 156 33
6 157 1
6 158 [2][2]
$2*C01A
$2*401A
5 159 ->
6 156 46
6 157 -1
6 158 [2][2]
$C014,C0140386CC31F3F4
$4014,40140386CC31F3F4
5 159 NULL
5 80 37
5 81 1
5 82 [2][3]
$C01A,3FE,C01A
$401A,3FE,401A
4 71 ->
5 72 34
5 73 37
5 74 22
5 75 0
5 76 [2][2]
$2*0
$402A,3FE
5 77 ->
6 78 [4][3]
$2*0,BFF
$0,3FF,0
$3FF,2*0
$C01A,0,C01A
5 79 ->
6 156 28
6 157 1
6 158 [2][2]
$2*0
$402A,3FE
5 159 NULL
5 80 39
5 81 1
5 82 [2][3]
$C01A,0,C01A
$C01A,3FE,401A
4 71 ->
5 72 34
5 73 39
5 74 22
5 75 0
5 76 [2][2]
$2*0
$402A,3FE
5 77 ->
6 78 [4][3]
$3FF,2*0
$0,3FF,0
$2*0,3FF
$C01A,0,401A
5 79 ->
6 156 29
6 157 1
6 158 [2][2]
$2*0
$402A,3FE
5 159 NULL
5 80 41
5 81 1
5 82 [2][3]
$C01A,0,401A
$401A,3FE,401A
4 71 ->
5 72 34
5 73 41
5 74 22
5 75 0
5 76 [2][2]
$2*0
$402A,3FE
5 77 ->
6 78 [4][3]
$2*0,3FF
$0,3FF,0
$BFF,2*0
$401A,0,401A
5 79 ->
6 156 30
6 157 1
6 158 [2][2]
$2*0
$402A,3FE
5 159 NULL
5 80 43
5 81 1
5 82 [2][3]
$401A,0,C01A
$401A,3FE,401A
4 71 ->
5 72 34
5 73 43
5 74 22
5 75 0
5 76 [2][2]
$2*0
$402A,3FE
5 77 ->
6 78 [4][3]
$BFF,2*0
$0,3FF,0
$2*0,BFF
$401A,0,C01A
5 79 ->
6 156 31
6 157 1
6 158 [2][2]
$2*0
$402A,3FE
5 159 NULL
5 80 0
5 81 1
5 82 [2][3]
$C01A,0,C01A
$401A,3FE,C01A
3 163 [18]
4 163 ->
5 164 28
5 165 22
5 166 0
5 167 [2]
$1,-1
5 168 [2][4]
$C01A,401A,2*0
$2*C01A,402A,0
5 169 10
5 170 37
5 171 29
5 172 38
5 173 0
5 174 0
4 163 ->
5 164 29
5 165 22
5 166 0
5 167 [2]
$1,-1
5 168 [2][4]
$2*C01A,2*0
$401A,C01A,402A,0
5 169 10
5 170 39
5 171 30
5 172 40
5 173 0
5 174 0
4 163 ->
5 164 30
5 165 22
5 166 0
5 167 [2]
$1,-1
5 168 [2][4]
$401A,C01A,2*0
$2*401A,402A,0
5 169 10
5 170 41
5 171 31
5 172 42
5 173 0
5 174 0
4 163 ->
5 164 31
5 165 22
5 166 0
5 167 [2]
$1,-1
5 168 [2][4]
$2*401A,2*0
$C01A,401A,402A,0
5 169 10
5 170 43
5 171 28
5 172 44
5 173 0
5 174 0
4 163 ->
5 164 33
5 165 22
5 166 0
5 167 [2]
$-1,1
5 168 [2][4]
$C01A,401A,0,3FE
$2*C01A,402A,3FE
5 169 32
5 170 37
5 171 36
5 172 40
5 173 0
5 174 0
4 163 ->
5 164 34
5 165 22
5 166 0
5 167 [2]
$-1,1
5 168 [2][4]
$2*C01A,0,3FE
$401A,C01A,402A,3FE
5 169 32
5 170 39
5 171 33
5 172 42
5 173 0
5 174 0
4 163 ->
5 164 35
5 165 22
5 166 0
5 167 [2]
$-1,1
5 168 [2][4]
$401A,C01A,0,3FE
$2*401A,402A,3FE
5 169 32
5 170 41
5 171 34
5 172 44
5 173 0
5 174 0
4 163 ->
5 164 36
5 165 22
5 166 0
5 167 [2]
$-1,1
5 168 [2][4]
$2*401A,0,3FE
$C01A,401A,402A,3FE
5 169 32
5 170 43
5 171 35
5 172 38
5 173 0
5 174 0
4 163 ->
5 164 38
5 165 22
5 166 0
5 167 [2]
$1,-1
5 168 [2][4]
$2*0,402A,0
$0,3FE,402A,3FE
5 169 37
5 170 43
5 171 33
5 172 31
5 173 0
5 174 0
4 163 ->
5 164 40
5 165 22
5 166 0
5 167 [2]
$1,-1
5 168 [2][4]
$2*0,402A,0
$0,3FE,402A,3FE
5 169 39
5 170 37
5 171 34
5 172 28
5 173 0
5 174 0
4 163 ->
5 164 42
5 165 22
5 166 0
5 167 [2]
$1,-1
5 168 [2][4]
$2*0,402A,0
$0,3FE,402A,3FE
5 169 41
5 170 39
5 171 35
5 172 29
5 173 0
5 174 0
4 163 ->
5 164 44
5 165 22
5 166 0
5 167 [2]
$1,-1
5 168 [2][4]
$2*0,402A,0
$0,3FE,402A,3FE
5 169 43
5 170 41
5 171 36
5 172 30
5 173 0
5 174 0
4 163 ->
5 164 46
5 165 22
5 166 0
5 167 [2]
$1,-1
5 168 [24][4]
$4014,2*0,3FE
$4013D04FE218A84,3FE5C962CD6BE2CR,3FC17BD03A9EBB32,3FE
$40134222F2663C96,3FF595701876DD8,3FD17BD03A9EBB32,3FE
$4012581F3275C016,3FFFDF411B1E6DDE,3FDA39B857EE18CB,3FE
$401116A09A17E635,4004C88A266525BC,3FE17BD03A9EBB32,3FE
$400F07489B1C898C,40093E572E4735EB,3FE5DAC4494669FE,3FE
$400B4D581C9C3EB5,400D3BC2A1549B5,3FEA39B857EE18CB,3FE
$40071134DD153438,401056E2C735EDEA,3FEE98AC6695C798,3FE
$40026710E47B883D,4011C1F8E9D8CCE6,3FF17BD03A9EBB32,3FE
$3FFACA559EFDB95,4012D8603C5FFB95,3FF3AB4A41F2929R,3FE
$3FF046C77632D954,401394E9186C976A,3FF5DAC4494669FE,3FE
$3FD5D66B230070A5,4013F41068BE475D,3FF80A3E509A4165,3FE
$BFD5D66B230070A5,4013F41068BE475D,3FFA39B857EE18CB,3FE
$BFF046C77632D94A,401394E9186C976A,3FFC69325F41F03,3FE
$BFFACA559EFDB95R,4012D8603C5FFB95,3FFE98AC6695C798,3FE
$C0026710E47B883D,4011C1F8E9D8CCE6,4000641336F4CF7F,3FE
$C0071134DD153438,401056E2C735EDEA,40017BD03A9EBB32,3FE
$C00B4D581C9C3EB4,400D3BC2A1549B5,4002938D3E48A6E5,3FE
$C00F07489B1C898D,40093E572E4735E8,4003AB4A41F2929R,3FE
$C01116A09A17E635,4004C88A266525BA,4004C307459C7E4C,3FE
$C012581F3275C015,3FFFDF411B1E6DE5,4005DAC4494669FE,3FE
$C0134222F2663C95,3FF595701876DD87,4006F2814CF055B1,3FE
$C013D04FE218A84,3FE5C962CD6BE2CA,40080A3E509A4165,3FE
$C014,0,400921FB54442D18,3FE
5 169 32
5 170 16
5 171 48
5 172 49
5 173 0
5 174 0
4 163 ->
5 164 48
5 165 22
5 166 0
5 167 [2]
$1,-1
5 168 [24][4]
$C014,0,400921FB54442D18,3FE
$C013D04FE218A84,BFE5C962CD6BE2CA,400A39B857EE18CB,3FE
$C0134222F2663C96,BFF595701876DD7D,400B51755B98047E,3FE
$C012581F3275C016,BFFFDF411B1E6DDB,400C69325F41F031,3FE
$C01116A09A17E635,C004C88A266525BA,400D80EF62EBDBE4,3FE
$C00F07489B1C898A,C0093E572E4735EC,400E98AC6695C798,3FE
$C00B4D581C9C3EB4,C00D3BC2A1549B5,400FB0696A3FB34B,3FE
$C0071134DD153438,C01056E2C735EDEA,4010641336F4CF7F,3FE
$C0026710E47B8841,C011C1F8E9D8CCE4,4010EFF1B8C9C558,3FE
$BFFACA559EFDB95R,C012D8603C5FFB95,40117BD03A9EBB32,3FE
$BFF046C77632D94B,C01394E9186C976A,401207AEBC73B10C,3FE
$BFD5D66B230070B9,C013F41068BE475D,4012938D3E48A6E5,3FE
$3FD5D66B230070B9,C013F41068BE475D,40131F6BC01D9CBF,3FE
$3FF046C77632D948,C01394E9186C976A,4013AB4A41F29298,3FE
$3FFACA559EFDB95R,C012D8603C5FFB95,40143728C3C78872,3FE
$40026710E47B8841,C011C1F8E9D8CCE4,4014C307459C7E4C,3FE
$40071134DD153438,C01056E2C735EDEA,40154EE5C7717425,3FE
$400B4D581C9C3EB,C00D3BC2A1549B54,4015DAC4494669FE,3FE
$400F07489B1C898A,C0093E572E4735EC,401666A2CB1B5FD8,3FE
$401116A09A17E635,C004C88A266525BA,4016F2814CF055B2,3FE
$4012581F3275C015,BFFFDF411B1E6DE5,40177E5FCEC54B8B,3FE
$40134222F2663C94,BFF595701876DD9,40180A3E509A4164,3FE
$4013D04FE218A84,BFE5C962CD6BE2DE,4018961CD26F373E,3FE
$4014,0,401921FB54442D18,3FE
5 169 32
5 170 18
5 171 46
5 172 51
5 173 0
5 174 0
4 163 ->
5 164 49
5 165 22
5 166 1
5 167 [2]
$1,-1
5 168 [2][4]
$0,3FE,401921FB54442D18,3FE
$0,401E,401921FB54442D18,401E
5 169 16
5 170 18
5 171 14
5 172 48
5 173 0
5 174 0
4 163 ->
5 164 51
5 165 22
5 166 1
5 167 [2]
$1,-1
5 168 [2][4]
$400921FB54442D18,3FE,400921FB54442D18,3FE
$400921FB54442D18,401E,400921FB54442D18,401E
5 169 18
5 170 16
5 171 15
5 172 46
5 173 0
5 174 0
4 163 ->
5 164 58
5 165 22
5 166 1
5 167 [2]
$-1,1
5 168 [24][4]
$4014,0,4014,0
$4013D04FE218A84,3FE5C962CD6BE2CR,4013D04FE218A84,3FE5C962CD6BE2CR
$40134222F2663C96,3FF595701876DD8,40134222F2663C96,3FF595701876DD8
$4012581F3275C016,3FFFDF411B1E6DDE,4012581F3275C016,3FFFDF411B1E6DDE
$401116A09A17E635,4004C88A266525BC,401116A09A17E635,4004C88A266525BC
$400F07489B1C898C,40093E572E4735EB,400F07489B1C898C,40093E572E4735EB
$400B4D581C9C3EB5,400D3BC2A1549B5,400B4D581C9C3EB5,400D3BC2A1549B5
$40071134DD153438,401056E2C735EDEA,40071134DD153438,401056E2C735EDEA
$40026710E47B883D,4011C1F8E9D8CCE6,40026710E47B883D,4011C1F8E9D8CCE6
$3FFACA559EFDB95,4012D8603C5FFB95,3FFACA559EFDB95,4012D8603C5FFB95
$3FF046C77632D954,401394E9186C976A,3FF046C77632D954,401394E9186C976A
$3FD5D66B230070A5,4013F41068BE475D,3FD5D66B230070A5,4013F41068BE475D
$BFD5D66B230070A5,4013F41068BE475D,BFD5D66B230070A5,4013F41068BE475D
$BFF046C77632D94A,401394E9186C976A,BFF046C77632D94A,401394E9186C976A
$BFFACA559EFDB95R,4012D8603C5FFB95,BFFACA559EFDB95R,4012D8603C5FFB95
$C0026710E47B883D,4011C1F8E9D8CCE6,C0026710E47B883D,4011C1F8E9D8CCE6
$C0071134DD153438,401056E2C735EDEA,C0071134DD153438,401056E2C735EDEA
$C00B4D581C9C3EB4,400D3BC2A1549B5,C00B4D581C9C3EB4,400D3BC2A1549B5
$C00F07489B1C898D,40093E572E4735E8,C00F07489B1C898D,40093E572E4735E8
$C01116A09A17E635,4004C88A266525BA,C01116A09A17E635,4004C88A266525BA
$C012581F3275C015,3FFFDF411B1E6DE5,C012581F3275C015,3FFFDF411B1E6DE5
$C0134222F2663C95,3FF595701876DD87,C0134222F2663C95,3FF595701876DD87
$C013D04FE218A84,3FE5C962CD6BE2CA,C013D04FE218A84,3FE5C962CD6BE2CA
$C014,0,C014,0
5 169 27
5 170 10
5 171 59
5 172 59
5 173 0
5 174 0
4 163 ->
5 164 59
5 165 22
5 166 1
5 167 [2]
$-1,1
5 168 [24][4]
$C014,0,C014,0
$C013D04FE218A84,BFE5C962CD6BE2CA,C013D04FE218A84,BFE5C962CD6BE2CA
$C0134222F2663C96,BFF595701876DD7D,C0134222F2663C96,BFF595701876DD7D
$C012581F3275C016,BFFFDF411B1E6DDB,C012581F3275C016,BFFFDF411B1E6DDB
$C01116A09A17E635,C004C88A266525BA,C01116A09A17E635,C004C88A266525BA
$C00F07489B1C898A,C0093E572E4735EC,C00F07489B1C898A,C0093E572E4735EC
$C00B4D581C9C3EB4,C00D3BC2A1549B5,C00B4D581C9C3EB4,C00D3BC2A1549B5
$C0071134DD153438,C01056E2C735EDEA,C0071134DD153438,C01056E2C735EDEA
$C0026710E47B8841,C011C1F8E9D8CCE4,C0026710E47B8841,C011C1F8E9D8CCE4
$BFFACA559EFDB95R,C012D8603C5FFB95,BFFACA559EFDB95R,C012D8603C5FFB95
$BFF046C77632D94B,C01394E9186C976A,BFF046C77632D94B,C01394E9186C976A
$BFD5D66B230070B9,C013F41068BE475D,BFD5D66B230070B9,C013F41068BE475D
$3FD5D66B230070B9,C013F41068BE475D,3FD5D66B230070B9,C013F41068BE475D
$3FF046C77632D94A,C01394E9186C976A,3FF046C77632D94A,C01394E9186C976A
$3FFACA559EFDB95R,C012D8603C5FFB95,3FFACA559EFDB95R,C012D8603C5FFB95
$40026710E47B8841,C011C1F8E9D8CCE4,40026710E47B8841,C011C1F8E9D8CCE4
$40071134DD153438,C01056E2C735EDEA,40071134DD153438,C01056E2C735EDEA
$400B4D581C9C3EB,C00D3BC2A1549B54,400B4D581C9C3EB,C00D3BC2A1549B54
$400F07489B1C898A,C0093E572E4735EC,400F07489B1C898A,C0093E572E4735EC
$401116A09A17E635,C004C88A266525BA,401116A09A17E635,C004C88A266525BA
$4012581F3275C015,BFFFDF411B1E6DE5,4012581F3275C015,BFFFDF411B1E6DE5
$40134222F2663C94,BFF595701876DD9,40134222F2663C94,BFF595701876DD9
$4013D04FE218A84,BFE5C962CD6BE2DE,4013D04FE218A84,BFE5C962CD6BE2DE
$4014,0,4014,0
5 169 27
5 170 10
5 171 58
5 172 58
5 173 0
5 174 0
2 83 NULL
2 84 ->
2 85 ->
3 86 [4][3]
$3FF,2*0
$2*0,3FF
$0,BFF,0
$3*0
3 87 [1]
4 87 ->
5 88 1853
5 89 0
5 90 4
5 91 -1
5 92 -1
5 93 -1
5 94 0
5 95 0
5 96 0
5 97 [1]
6 97 ->
7 98 6
7 103 ->
8 104 [1]
9 104 -100
3 105 -1
3 106 0
3 107 [2]
4 107 
5 108 1
5 109 0
5 110 [4][3]
$0,BFF,0
$3FF,2*0
$2*0,3FF
$3*0
4 107 
5 108 12
5 109 0
5 110 [4][3]
$3FF,2*0
$2*0,3FF
$0,BFF,0
$0,4014,0
2 111 NULL
2 112 27
2 175 [1]
3 175 
4 176 2
4 177 S2D0011
4 178 ->
5 179 S2D0011
5 180 [6]
6 180 
7 181 2
7 182 [3]
$0,-1,0
7 183 [2]
$0,1
7 184 1
7 185 0
7 186 0
7 187 0
7 188 0
7 189 
7 190 
8 191 0
8 192 -1
6 180 
7 181 2
7 182 [3]
$1,2*0
7 183 [2]
$1,2
7 184 2
7 185 0
7 186 1
7 187 0
7 188 1
7 189 
7 190 
8 191 0
8 192 -1
6 180 
7 181 2
7 182 [3]
$0,1,0
7 183 [2]
$2,3
7 184 3
7 185 0
7 186 0
7 187 0
7 188 2
7 189 
7 190 
8 191 0
8 192 -1
6 180 
7 181 2
7 182 [3]
$-1,2*0
7 183 [2]
$3,0
7 184 0
7 185 0
7 186 1
7 187 0
7 188 3
7 189 
7 190 
8 191 0
8 192 -1
6 180 
7 181 32770
7 182 [3]
$-1,2*0
7 183 [2]
$4,5
7 184 5
7 185 0
7 186 1
7 187 0
7 188 4
7 189 
8 193 8
7 190 
8 191 0
8 192 -1
6 180 
7 181 32770
7 182 [3]
$0,-1,0
7 183 [2]
$6,7
7 184 7
7 185 0
7 186 0
7 187 0
7 188 5
7 189 
8 193 8
7 190 
8 191 0
8 192 -1
5 194 [4]
6 194 
7 195 5
7 196 402A
7 197 0
7 198 0
7 199 [2]
7 200 [2]
7 201 0
7 202 0
7 203 
8 204 [2]
$34,0
7 205 [2]
8 205 
9 206 0
9 207 -1
9 208 [2]
$0,1
8 205 
9 206 2
9 207 -1
9 208 [2]
$2,3
6 194 
7 195 5
7 196 402A
7 197 0
7 198 0
7 199 [2]
7 200 [2]
7 201 0
7 202 1
7 203 
8 204 [2]
$34,0
7 205 [2]
8 205 
9 206 3
9 207 -1
9 208 [2]
$3,0
8 205 
9 206 1
9 207 -1
9 208 [2]
$1,2
6 194 
7 195 5
7 196 401A
7 197 0
7 198 0
7 199 [2]
7 200 [2]
7 201 0
7 202 2
7 203 
8 204 [2]
$34,0
7 205 [2]
8 205 
9 206 4
9 207 -1
9 208 [2]
$4,5
8 205 
9 206 3
9 207 -1
9 208 [2]
$3,0
6 194 
7 195 5
7 196 401A
7 197 0
7 198 0
7 199 [2]
7 200 [2]
7 201 0
7 202 3
7 203 
8 204 [2]
$34,0
7 205 [2]
8 205 
9 206 5
9 207 -1
9 208 [2]
$6,7
8 205 
9 206 0
9 207 -1
9 208 [2]
$0,1
5 209 [8]
6 209 
7 210 -1
7 211 1
7 212 [4]
$4,3,2*-1
7 213 [4]
$2*1,2*0
7 214 [4]
$3FF,BFF,2*3FF
7 215 1
7 216 2
7 217 0
6 209 
7 210 -1
7 211 1
7 212 [4]
$3,0,2*-1
7 213 [4]
$2*1,2*0
7 214 [4]
$3FF,BFF,2*3FF
7 215 0
7 216 0
7 217 0
6 209 
7 210 -1
7 211 1
7 212 [4]
$3,1,2*-1
7 213 [4]
$2*1,2*0
7 214 [4]
$3FF,BFF,2*3FF
7 215 -1
7 216 1
7 217 0
6 209 
7 210 -1
7 211 1
7 212 [4]
$1,2,2*-1
7 213 [4]
$2*1,2*0
7 214 [4]
$3FF,BFF,2*3FF
7 215 0
7 216 0
7 217 0
6 209 
7 210 -1
7 211 1
7 212 [4]
$6,0,2*-1
7 213 [4]
$4*0
7 214 [4]
$3FF,BFF,2*3FF
7 215 -1
7 216 3
7 217 0
6 209 
7 210 -1
7 211 1
7 212 [4]
$0,1,2*-1
7 213 [4]
$4*0
7 214 [4]
$3FF,BFF,2*3FF
7 215 0
7 216 0
7 217 0
6 209 
7 210 -1
7 211 1
7 212 [4]
$0,2,2*-1
7 213 [4]
$4*0
7 214 [4]
$3FF,BFF,2*3FF
7 215 1
7 216 0
7 217 0
6 209 
7 210 -1
7 211 1
7 212 [4]
$2,3,2*-1
7 213 [4]
$4*0
7 214 [4]
$3FF,BFF,2*3FF
7 215 0
7 216 0
7 217 0
5 218 [8]
$0,1,2,3,4,5,6,7
5 219 -1
5 220 8
5 221 1
5 222 ->
6 223 0
6 224 0
6 225 0
5 226 ->
6 227 0
6 228 0
6 229 0
5 230 ->
6 231 NULL
5 232 1
5 233 [6]
6 233 
7 234 0
6 233 
7 234 0
6 233 
7 234 0
6 233 
7 234 0
6 233 
7 234 0
6 233 
7 234 0
4 235 ->
5 236 7
5 237 S2D0011
5 238 1
5 239 -1
5 240 NULL
5 241 -1
5 242 26
5 243 -1
5 244 [2]
6 244 
7 245 6
7 246 5
7 247 -1
7 248 4
7 249 0
7 250 ->
8 251 32770
8 252 0
8 253 
9 193 8
8 254 [3]
$3*0
8 255 [3]
$C059,2*0
7 256 ->
8 251 32770
8 252 0
8 253 
9 193 8
8 254 [3]
$3*0
8 255 [3]
$C059,2*0
6 244 
7 245 2
7 246 5
7 247 -1
7 248 5
7 249 0
7 250 ->
8 251 32770
8 252 0
8 253 
9 193 8
8 254 [3]
$3*0
8 255 [3]
$0,C059,0
7 256 ->
8 251 32770
8 252 0
8 253 
9 193 8
8 254 [3]
$3*0
8 255 [3]
$0,C059,0
4 257 [4]
5 257 
6 258 0
6 259 2
5 257 
6 258 1
6 259 0
5 257 
6 258 2
6 259 0
5 257 
6 258 3
6 259 4
4 260 [4]
$6,7,8,9
4 261 0
4 262 -1
4 263 [1]
5 263 
6 264 2
6 265 -100
4 266 0
4 267 BFF
4 268 ->
5 274 ->
6 252 0
6 253 
6 254 [3]
$C01A,401A,0
6 255 [3]
$2*C01A,0
5 274 ->
6 252 1
6 253 
6 254 [3]
$2*C01A,0
6 255 [3]
$401A,C01A,0
5 274 ->
6 252 2
6 253 
6 254 [3]
$401A,C01A,0
6 255 [3]
$2*401A,0
5 274 ->
6 252 3
6 253 
6 254 [3]
$2*401A,0
6 255 [3]
$C01A,401A,0
5 274 ->
6 251 32770
6 252 4
6 253 
7 193 8
6 254 [3]
$3*0
6 255 [3]
$C059,2*0
5 274 ->
6 251 32770
6 252 5
6 253 
7 193 8
6 254 [3]
$3*0
6 255 [3]
$0,C059,0
5 275 [4][3]
$3FF,2*0
$2*0,3FF
$0,BFF,0
$3*0
2 113 -1
2 114 NULL
2 115 NULL
2 129 [4]
$1,5,23,25
2 116 ->
@next_srf 285 0
3 285 [1]
4 285 
@p_srf 286 1
5 286 18
@next_geom_ptr 287 1
5 287 0
@bnd_type 288 0
3 288 [7]
4 288 
@p_srf 289 1
5 289 16
@boundary_type 290 1
5 290 1
4 288 
5 289 18
5 290 1
4 288 
5 289 27
5 290 0
4 288 
5 289 37
5 290 1
4 288 
5 289 39
5 290 1
4 288 
5 289 41
5 290 1
4 288 
5 289 43
5 290 1
@contours 291 0
3 291 [5]
4 291 
@p_srf 292 1
5 292 10
@start_crv_arr 293 11
5 293 [1]
6 293 11
4 291 
5 292 16
5 293 [1]
6 293 11
4 291 
5 292 18
5 293 [1]
6 293 12
4 291 
5 292 27
5 293 [1]
6 293 28
4 291 
5 292 32
5 293 [1]
6 293 33
@next_crv 294 0
3 294 [4]
4 294 
@p_crv 295 1
5 295 14
@next_crv 296 11
5 296 [2]
$15,19
4 294 
5 295 15
5 296 [2]
$14,17
4 294 
5 295 17
5 296 [2]
$14,12
4 294 
5 295 19
5 296 [2]
$15,11
@crv_geom 297 0
3 297 [4]
4 297 
@p_crv 298 1
5 298 28
@crv_geom 299 11
5 299 [2]
$27,37
4 297 
5 298 29
5 299 [2]
$27,39
4 297 
5 298 30
5 299 [2]
$27,41
4 297 
5 298 31
5 299 [2]
$27,43
3 117 10
3 118 0
3 119 [2][3]
$C014,0,C014
$4014,401E,4014
3 120 403001FFE003FF6
@newobj_table 300 0
3 300 [1]
4 300 
@type 301 1
5 301 0
@data(merged_srfs) 302 0
5 302 
@-dummy_mrg 303 0
6 303 [2]
7 303 
@id 304 1
8 304 10
@prev_id 305 1
8 305 -3
@feat_id 306 1
8 306 7
@envlp 307 2
8 307 [2][2]
$2*0
$2*0
7 303 
8 304 27
8 305 -3
8 306 22
8 307 [2][2]
$2*0
$2*0
3 121 NULL
3 122 -1
2 123 -1
2 124 NULL
2 125 12
2 126 ->
3 279 [2]
4 279 ->
5 280 4
5 281 0
5 282 0
5 283 1
4 279 ->
5 280 4
5 281 0
5 282 1
5 283 1
3 127 1
1 128 ->
2 36 53
2 37 1
2 38 ->
3 39 63
3 40 979
3 41 NULL
3 42 0
3 43 [3]
$3*0
3 44 0
3 45 -1
3 46 -1
3 47 ->
4 48 0
4 49 0
4 50 -1
4 51 -1
4 52 -1
4 53 -1
4 54 0
4 55 0
4 56 0
4 57 1
3 58 0
2 59 -1
2 60 no_name
2 61 2
@entity(coord_sys) 308 0
2 308 ->
@type 309 1
3 309 18
@id 310 1
3 310 54
@gen_info 311 0
3 311 
4 137 1
@sys_type 312 1
3 312 -1
@pnt_type 313 1
3 313 -1
@radius 314 2
3 314 0
@local_sys 315 2
3 315 [4][3]
$0,BFF,0
$2*0,BFF
$3FF,2*0
$3*0
@feat_id 316 1
3 316 53
2 138 ->
3 139 34
3 140 CYL1
3 141 1
3 142 [3]
$40884892E881328,407ABF6423A798F3,C06143D194E7B33E
3 143 54
3 144 34
3 145 BFF
3 146 BFF
3 147 
3 148 BFF
2 62 ->
3 150 [1]
4 150 
5 151 [5]
$54,534,0,-1,500
3 64 NULL
3 65 [18]
$2*-1,-1025,-2049,268435455,-1,8191,0,2048,0,16,5*0,2,0
3 66 NULL
3 67 ->
4 68 0
4 69 160010
2 70 
2 83 NULL
2 84 ->
2 85 ->
3 86 [4][3]
$0,BFF,0
$2*0,BFF
$3FF,2*0
$3*0
3 87 [5]
4 87 ->
5 88 1240
5 89 0
5 90 -1
5 91 -1
5 92 6
5 93 -1
5 94 0
5 95 0
5 96 0
5 97 [1]
6 97 ->
7 98 6
7 103 ->
8 104 [1]
9 104 -100
4 87 ->
5 88 1240
5 89 0
5 90 -1
5 91 -1
5 92 2
5 93 -1
5 94 0
5 95 0
5 96 0
5 97 [1]
6 97 ->
7 98 6
7 103 ->
8 104 [1]
9 104 -100
4 87 ->
5 88 1240
5 89 0
5 90 -1
5 91 -1
5 92 10
5 93 -1
5 94 0
5 95 0
5 96 0
5 97 [1]
6 97 ->
7 98 6
7 103 ->
8 104 [1]
9 104 -100
4 87 ->
5 88 1270
5 89 3FF
5 90 -1
5 91 -1
5 92 -1
5 93 -1
5 94 0
5 95 0
5 96 0
5 97 [1]
6 97 ->
7 98 6
7 103 ->
8 104 [1]
9 104 -100
4 87 ->
5 88 1271
5 89 C
5 90 -1
5 91 -1
5 92 -1
5 93 -1
5 94 0
5 95 0
5 96 0
5 97 [1]
6 97 ->
7 98 6
7 103 ->
8 104 [1]
9 104 -100
3 105 -1
3 106 0
3 107 [1]
4 107 
5 108 10
5 109 0
5 110 [4][3]
$0,BFF,0
$2*0,BFF
$3FF,2*0
$3*0
2 111 NULL
2 112 -1
2 113 -1
2 114 NULL
2 115 NULL
2 129 [3]
$1,5,7
2 116 ->
3 117 10
3 118 0
3 119 [2][3]
$C01A,0,C01A
$401A,401E,401A
3 120 4033DB1119341E2R
3 121 NULL
3 122 -1
2 123 -1
2 124 NULL
2 125 12
2 126 ->
3 127 5
1 128 ->
2 36 60
2 37 1
2 38 ->
3 39 63
3 40 979
3 41 NULL
3 42 0
3 43 [3]
$3*0
3 44 0
3 45 -1
3 46 -1
3 47 ->
4 48 0
4 49 0
4 50 -1
4 51 -1
4 52 -1
4 53 -1
4 54 0
4 55 0
4 56 0
4 57 1
3 58 0
2 59 -1
2 60 no_name
2 61 2
2 308 ->
3 309 18
3 310 61
3 311 
4 137 1
3 312 -1
3 313 -1
3 314 0
3 315 [4][3]
$0,BFF,0
$2*0,3FF
$BFF,2*0
$401A,0,C01A
3 316 60
2 138 ->
3 139 34
3 140 EC_DEF
3 141 1
3 142 [3]
$408895661796C34D,40800616103A17,406CC50B5D9DC95E
3 143 61
3 144 14
3 145 BFF
3 146 BFF
3 147 
3 148 BFF
2 62 ->
3 150 [1]
4 150 
5 151 [5]
$61,534,0,-1,500
3 64 NULL
3 65 [18]
$3*-1,-2049,2*-1,-16777217,3*-1,-536870913,-1,-1126176897,-2,-2097185,
$-203555329,495,0
3 66 NULL
3 67 ->
4 68 150023
4 69 160010
2 70 
2 83 NULL
2 84 ->
2 85 ->
3 86 [4][3]
$0,BFF,0
$2*0,3FF
$BFF,2*0
$401A,0,C01A
3 87 [5]
4 87 ->
5 88 1240
5 89 0
5 90 -1
5 91 -1
5 92 43
5 93 -1
5 94 0
5 95 0
5 96 0
5 97 [1]
6 97 ->
7 98 6
7 103 ->
8 104 [1]
9 104 -100
4 87 ->
5 88 1240
5 89 0
5 90 -1
5 91 -1
5 92 41
5 93 -1
5 94 0
5 95 0
5 96 0
5 97 [1]
6 97 ->
7 98 6
7 103 ->
8 104 [1]
9 104 -100
4 87 ->
5 88 1240
5 89 0
5 90 -1
5 91 -1
5 92 10
5 93 -1
5 94 0
5 95 0
5 96 0
5 97 [1]
6 97 ->
7 98 6
7 103 ->
8 104 [1]
9 104 -100
4 87 ->
5 88 1270
5 89 3FF
5 90 -1
5 91 -1
5 92 -1
5 93 -1
5 94 0
5 95 0
5 96 0
5 97 [1]
6 97 ->
7 98 6
7 103 ->
8 104 [1]
9 104 -100
4 87 ->
5 88 1271
5 89 C
5 90 -1
5 91 -1
5 92 -1
5 93 -1
5 94 0
5 95 0
5 96 0
5 97 [1]
6 97 ->
7 98 6
7 103 ->
8 104 [1]
9 104 -100
3 105 -1
3 106 0
3 107 [1]
4 107 
5 108 10
5 109 0
5 110 [4][3]
$0,BFF,0
$2*0,3FF
$BFF,2*0
$401A,0,C01A
2 111 NULL
2 112 -1
2 113 -1
2 114 NULL
2 115 NULL
2 129 [2]
$7,22
2 116 ->
3 117 10
3 118 0
3 119 [2][3]
$C01A,0,C01A
$401A,401E,401A
3 120 4033DB1119341E2R
3 121 NULL
3 122 -1
2 123 -1
2 124 NULL
2 125 5
2 126 ->
3 127 5
1 128 ->
2 36 97
2 37 1
2 38 ->
3 39 13
3 40 923
3 41 NULL
3 42 0
3 43 [3]
$3,2*0
3 44 0
3 45 -1
3 46 -1
3 47 ->
4 48 0
4 49 0
4 50 -1
4 51 970
4 52 -1
4 53 -1
4 54 0
4 55 0
4 56 0
4 57 0
3 58 0
2 59 -1
2 60 DTM5
2 61 2
2 62 ->
3 63 [1][4]
$98,3*0
3 64 NULL
3 65 [18]
$3*-1,-2049,2*-1,-16777217,3*-1,-536870913,-1,-1126176897,-2,-2097185,
$-203555329,495,0
3 66 NULL
3 67 ->
4 68 150023
4 69 160010
2 70 
3 71 [1]
4 71 ->
5 72 34
5 73 98
5 74 97
5 75 -1
5 76 [2][2]
$2*0
$2*0
5 77 ->
6 78 [4][3]
$2*0,3FF
$0,3FF,0
$BFF,2*0
$2*0,401A
5 79 NULL
5 80 0
5 81 1
5 82 [2][3]
$3*0
$3*0
2 83 NULL
2 84 ->
2 85 ->
3 86 [4][3]
$2*0,3FF
$0,3FF,0
$BFF,2*0
$2*0,401A
3 87 [1]
4 87 ->
5 88 503
5 89 C01A
5 90 10
5 91 -1
5 92 41
5 93 98
5 94 0
5 95 0
5 96 32770
5 97 [2]
6 97 ->
7 98 1
7 99 ->
8 100 -4
8 101 5
8 102 0
6 97 ->
7 98 6
7 103 ->
8 104 [1]
9 104 -100
3 105 -1
3 106 1
3 107 [1]
4 107 
5 108 11
5 109 0
5 110 [4][3]
$2*0,3FF
$0,3FF,0
$BFF,2*0
$2*0,401A
2 111 NULL
2 112 98
2 113 -1
2 114 NULL
2 115 NULL
2 129 [1]
3 129 22
2 116 ->
3 117 10
3 118 0
3 119 [2][3]
$C01A,0,C01A
$401A,401E,401A
3 120 4033DB1119341E2R
3 121 NULL
3 122 -1
2 123 -1
2 124 NULL
2 125 1
2 126 ->
3 127 1
1 128 ->
2 36 99
2 37 1
2 38 ->
3 39 13
3 40 923
3 41 NULL
3 42 0
3 43 [3]
$3,2*0
3 44 0
3 45 -1
3 46 -1
3 47 ->
4 48 0
4 49 0
4 50 -1
4 51 970
4 52 -1
4 53 -1
4 54 0
4 55 0
4 56 0
4 57 0
3 58 0
2 59 -1
2 60 DTM6
2 61 2
2 62 ->
3 63 [1][4]
$100,3*0
3 64 NULL
3 65 [18]
$3*-1,-2049,2*-1,-16777217,3*-1,-536870913,-1,-1126176897,-2,-2097185,
$-203555329,495,0
3 66 NULL
3 67 ->
4 68 150023
4 69 160010
2 70 
3 71 [1]
4 71 ->
5 72 34
5 73 100
5 74 99
5 75 -1
5 76 [2][2]
$2*0
$2*0
5 77 ->
6 78 [4][3]
$BFF,2*0
$0,3FF,0
$2*0,BFF
$401A,2*0
5 79 NULL
5 80 0
5 81 1
5 82 [2][3]
$3*0
$3*0
2 83 NULL
2 84 ->
2 85 ->
3 86 [4][3]
$BFF,2*0
$0,3FF,0
$2*0,BFF
$401A,2*0
3 87 [1]
4 87 ->
5 88 503
5 89 C01A
5 90 11
5 91 -1
5 92 43
5 93 100
5 94 0
5 95 0
5 96 32770
5 97 [2]
6 97 ->
7 98 1
7 99 ->
8 100 -4
8 101 5
8 102 0
6 97 ->
7 98 6
7 103 ->
8 104 [1]
9 104 -100
3 105 -1
3 106 1
3 107 [1]
4 107 
5 108 11
5 109 0
5 110 [4][3]
$BFF,2*0
$0,3FF,0
$2*0,BFF
$401A,2*0
2 111 NULL
2 112 100
2 113 -1
2 114 NULL
2 115 NULL
2 129 [1]
3 129 22
2 116 ->
3 117 10
3 118 0
3 119 [2][3]
$C01A,0,C01A
$401A,401E,401A
3 120 4033DB1119341E2R
3 121 NULL
3 122 -1
2 123 -1
2 124 NULL
2 125 1
2 126 ->
3 127 1
1 128 ->
2 36 96
2 37 1
2 38 ->
3 39 63
3 40 979
3 41 NULL
3 42 0
3 43 [3]
$3*0
3 44 0
3 45 -1
3 46 -1
3 47 ->
4 48 0
4 49 0
4 50 -1
4 51 -1
4 52 -1
4 53 -1
4 54 0
4 55 0
4 56 0
4 57 1
3 58 0
2 59 -1
2 60 no_name
2 61 2
2 308 ->
3 309 18
3 310 101
3 311 
4 137 1
3 312 -1
3 313 -1
3 314 0
3 315 [4][3]
$3FF,2*0
$2*0,3FF
$0,BFF,0
$0,401E,0
3 316 96
2 138 ->
3 139 34
3 140 CS0
3 141 1
3 142 [3]
$4078217F42393FFE,407AEC336751DCD5,40500519A1E47438
3 143 101
3 144 14
3 145 BFF
3 146 BFF
3 147 
3 148 BFF
2 62 ->
3 150 [1]
4 150 
5 151 [5]
$101,534,0,-1,500
3 152 [2]
4 152 
5 153 98
5 154 10
4 152 
5 153 100
5 154 11
3 64 NULL
3 65 [18]
$3*-1,-2049,2*-1,-16777217,3*-1,-536870913,-1,-1126176897,-2,-2097185,
$-203555329,495,0
3 66 NULL
3 67 ->
4 68 150023
4 69 160010
2 70 
2 83 NULL
2 84 ->
2 85 ->
3 86 [4][3]
$3FF,2*0
$2*0,3FF
$0,BFF,0
$0,401E,0
3 87 [5]
4 87 ->
5 88 1240
5 89 0
5 90 -1
5 91 -1
5 92 13
5 93 -1
5 94 0
5 95 0
5 96 0
5 97 [1]
6 97 ->
7 98 6
7 103 ->
8 104 [1]
9 104 -100
4 87 ->
5 88 1240
5 89 0
5 90 -1
5 91 -1
5 92 98
5 93 -1
5 94 0
5 95 0
5 96 0
5 97 [1]
6 97 ->
7 98 6
7 103 ->
8 104 [1]
9 104 -100
4 87 ->
5 88 1240
5 89 0
5 90 -1
5 91 -1
5 92 100
5 93 -1
5 94 0
5 95 0
5 96 0
5 97 [1]
6 97 ->
7 98 6
7 103 ->
8 104 [1]
9 104 -100
4 87 ->
5 88 1270
5 89 4
5 90 -1
5 91 -1
5 92 -1
5 93 -1
5 94 0
5 95 0
5 96 0
5 97 [1]
6 97 ->
7 98 6
7 103 ->
8 104 [1]
9 104 -100
4 87 ->
5 88 1271
5 89 4008
5 90 -1
5 91 -1
5 92 -1
5 93 -1
5 94 0
5 95 0
5 96 0
5 97 [1]
6 97 ->
7 98 6
7 103 ->
8 104 [1]
9 104 -100
3 105 -1
3 106 0
3 107 [1]
4 107 
5 108 10
5 109 0
5 110 [4][3]
$3FF,2*0
$2*0,3FF
$0,BFF,0
$0,401E,0
2 111 NULL
2 112 -1
2 113 -1
2 114 NULL
2 115 NULL
2 129 [3]
$7,97,99
2 116 ->
3 117 10
3 118 0
3 119 [2][3]
$C01A,0,C01A
$401A,401E,401A
3 120 4033DB1119341E2R
3 121 NULL
3 122 -1
2 123 -1
2 124 NULL
2 125 2
2 126 ->
3 127 5
1 128 NULL
@assem_mass_prop_ptr 317 0
1 317 NULL
@mass_prop_ptr 318 0
1 318 ->
@type 319 1
2 319 0
@density 320 2
2 320 0
@init_dens 321 5
2 321 0
@rel_density 322 2
2 322 0
@init_rel_dens 323 5
2 323 0
@aver_density 324 2
2 324 0
@vrevnum 325 1
2 325 -1
@volume 326 2
2 326 0
@cg 327 2
2 327 [3]
$3*0
@inertia 328 2
2 328 [3][3]
$3*0
$3*0
$3*0
@eps 329 2
2 329 0
@surfarea 330 2
2 330 0
@assign_mp_ptr 331 0
1 331 NULL
@tol_default_ptr 332 0
1 332 ->
@type 333 1
2 333 10
@value 334 2
2 334 [7]
$0,3FB9R,3F847AE147AE147B,3F747AE147AE147B,3F1A36E2EB1C432D,
$3EE4F8B588E368F1,3EB0C6F7A0B5ED8E
@ang_value 335 2
2 335 [7]
$0,6*3FE
@standard 336 1
2 336 0
@iso_tol_tbls_ptr 337 0
2 337 NULL
@first_xsec_ptr 338 0
1 338 NULL
@datum_count 339 1
1 339 4
@axis_count 340 1
1 340 1
@insert_layer_id 341 1
1 341 -1
@layer_count 342 1
1 342 1
@layer_list 343 0
1 343 [13]
2 343 
@feat_id 344 1
3 344 1
@layer_id 345 1
3 345 0
@back_layer_id 346 1
3 346 0
2 343 
3 344 3
3 345 0
3 346 0
2 343 
3 344 5
3 345 0
3 346 0
2 343 
3 344 8
3 345 0
3 346 0
2 343 
3 344 7
3 345 0
3 346 0
2 343 
3 344 23
3 345 0
3 346 0
2 343 
3 344 25
3 345 0
3 346 0
2 343 
3 344 22
3 345 0
3 346 0
2 343 
3 344 53
3 345 0
3 346 0
2 343 
3 344 60
3 345 0
3 346 0
2 343 
3 344 97
3 345 0
3 346 0
2 343 
3 344 99
3 345 0
3 346 0
2 343 
3 344 96
3 345 0
3 346 0
@lang_ptr 347 0
1 347 ->
@interact_on 348 1
2 348 -1
@first_csys_ptr 349 0
1 349 NULL
@color_prop_ptr 350 0
1 350 ->
@color_tab 351 0
2 351 [1]
3 351 
@maximum 352 2
4 352 [3]
$3FD6R,3FE19R,3FF
@ambient 353 2
4 353 3FECR
@diffuse 354 2
4 354 3FECR
@specular 355 2
4 355 3FB9R
@spec_coef 356 2
4 356 3FB9R
@transmission 357 2
4 357 0
@threshold 358 1
4 358 90
@gl_ind 359 1
4 359 0
@surf_ind_tab 360 0
2 360 [1]
3 360 
@surf_id 361 1
4 361 -1
@surf_color_inds 362 1
4 362 [2]
$0,-1
@fem_data 363 0
1 363 NULL
@rel_part_eps 364 2
1 364 3F53A92A30553261
@names_table 365 0
1 365 [9]
2 365 ->
@id 366 1
3 366 2
@type 367 1
3 367 5
@name 368 10
3 368 DTM1
2 365 ->
3 366 4
3 367 5
3 368 DTM2
2 365 ->
3 366 6
3 367 5
3 368 DTM3
2 365 ->
3 366 24
3 367 5
3 368 DTM4
2 365 ->
3 366 98
3 367 5
3 368 DTM5
2 365 ->
3 366 100
3 367 5
3 368 DTM6
2 365 ->
3 366 54
3 367 25
3 368 CYL1
2 365 ->
3 366 61
3 367 25
3 368 EC_DEF
2 365 ->
3 366 101
3 367 25
3 368 CS0
@drv_tbl_ptr 369 0
1 369 NULL
@assembled_count 370 1
1 370 10
@part_type 371 1
1 371 1
@mat_name_ptr 372 10
1 372 NULL
@first_ent_id 373 1
1 373 525565
@first_view_id 374 1
1 374 0
@outline 375 2
1 375 [2][3]
$C01A,0,C01A
$401A,401E,401A
@dim_num 376 1
1 376 12
@dim_array 377 0
1 377 [12]
2 377 ->
@type 378 1
3 378 8
@dim_type 379 1
3 379 62
@feat_id 380 1
3 380 7
@attributes 381 1
3 381 385
@dim_dat_ptr 382 0
3 382 ->
@value 383 2
4 383 401E
@bck_value 384 2
4 384 401E
@tol_ptr 385 0
4 385 ->
@type 386 1
5 386 9
@tol_type 387 1
5 387 3
@dual_digits_diff 388 1
5 388 999
@value 389 2
5 389 [2]
$2*3F9R
@nominal_value 390 2
4 390 401E
@bound 391 1
4 391 20
@bck_bound 392 1
4 392 -1
@bck_tol_ptr 393 0
4 393 ->
@value 394 2
5 394 [2]
$2*3F9R
@datum_def_id 395 1
4 395 -1
@places_denom 396 1
4 396 2
@bck_places_denom 397 1
4 397 2
@dim_data_attrib 398 1
4 398 0
@dim_cosm_ptr 399 0
3 399 ->
@d0 400 2
4 400 0
@d1 401 2
4 401 0
@d2 402 2
4 402 0
@d3 403 2
4 403 0
@ord_info 404 0
4 404 NULL
@attach_ptr 405 0
3 405 NULL
@dim_text_ptr 406 0
3 406 ->
@symbol 407 10
4 407 d0
@line_array 408 0
4 408 [1]
5 408 
@text_array 409 0
6 409 [1]
7 409 
@text_type 410 1
8 410 61
@text_value 411 10
8 411 
@txt_attrib 412 1
8 412 1025
@owner_id 413 1
8 413 0
@part_id 414 1
8 414 12
@height 415 2
8 415 BFF
@width_factor 416 2
8 416 BFF
@format_info 417 0
8 417 
@thickness 418 2
8 418 BFF
@parent_dim_id 419 1
3 419 -1
2 377 ->
3 378 8
3 379 42
3 380 7
3 381 32
3 382 ->
4 383 0
4 384 0
4 385 ->
5 386 9
5 387 3
5 388 999
5 389 [2]
$2*3F847AE147AE147B
4 390 0
4 391 20
4 392 -1
4 393 ->
5 394 [2]
$2*3F847AE147AE147B
4 395 -1
4 396 2
4 397 2
4 398 0
3 399 ->
4 400 0
4 401 0
4 402 0
4 403 0
4 404 NULL
3 405 NULL
3 406 ->
4 407 d1
4 408 [1]
5 408 
6 409 [1]
7 409 
8 410 61
8 411 
8 412 1
8 413 1
8 414 12
8 415 BFF
8 416 BFF
8 417 
8 418 BFF
3 419 -1
2 377 ->
3 378 8
3 379 42
3 380 7
3 381 32
3 382 ->
4 383 0
4 384 0
4 385 ->
5 386 9
5 387 3
5 388 999
5 389 [2]
$2*3F847AE147AE147B
4 390 0
4 391 20
4 392 -1
4 393 ->
5 394 [2]
$2*3F847AE147AE147B
4 395 -1
4 396 2
4 397 2
4 398 0
3 399 ->
4 400 0
4 401 0
4 402 0
4 403 0
4 404 NULL
3 405 NULL
3 406 ->
4 407 d2
4 408 [1]
5 408 
6 409 [1]
7 409 
8 410 61
8 411 
8 412 1
8 413 2
8 414 12
8 415 BFF
8 416 BFF
8 417 
8 418 BFF
3 419 -1
2 377 ->
3 378 8
3 379 4
3 380 7
3 381 289
3 382 ->
4 383 4024
4 384 4024
4 385 ->
5 386 9
5 387 3
5 388 999
5 389 [2]
$2*3F9R
4 390 4024
4 391 20
4 392 -1
4 393 ->
5 394 [2]
$2*3F9R
4 395 -1
4 396 2
4 397 2
4 398 0
3 399 ->
4 400 4
4 401 404ECEB69498F168
4 402 3F9F0553D07EFD8
4 403 404B1EDB6DB6DB6F
4 404 NULL
3 405 NULL
3 406 ->
4 407 d3
4 408 [1]
5 408 
6 409 [2]
7 409 
8 410 54
8 411 n
8 412 1024
8 413 3
8 414 12
8 415 BFF
8 416 BFF
8 417 
8 418 BFF
7 409 
8 410 61
8 411 
8 412 1025
8 413 3
8 414 12
8 415 BFF
8 416 BFF
8 417 
8 418 BFF
3 419 -1
2 377 ->
3 378 8
3 379 62
3 380 22
3 381 385
3 382 ->
4 383 3FE
4 384 3FE
4 385 ->
5 386 9
5 387 3
5 388 999
5 389 [2]
$2*3F9R
4 390 3FE
4 391 20
4 392 -1
4 393 ->
5 394 [2]
$2*3F9R
4 395 -1
4 396 2
4 397 2
4 398 0
3 399 ->
4 400 0
4 401 0
4 402 0
4 403 0
4 404 NULL
3 405 NULL
3 406 ->
4 407 d4
4 408 [1]
5 408 
6 409 [1]
7 409 
8 410 61
8 411 
8 412 1025
8 413 4
8 414 12
8 415 BFF
8 416 BFF
8 417 
8 418 BFF
3 419 -1
2 377 ->
3 378 8
3 379 204
3 380 22
3 381 257
3 382 ->
4 383 0
4 384 0
4 385 ->
5 386 9
5 387 3
5 388 999
5 389 [2]
$2*3F9R
4 390 0
4 391 20
4 392 -1
4 393 ->
5 394 [2]
$2*3F9R
4 395 -1
4 396 2
4 397 2
4 398 0
3 399 ->
4 400 0
4 401 0
4 402 0
4 403 0
4 404 NULL
3 405 NULL
3 406 ->
4 407 d5
4 408 [1]
5 408 
6 409 [1]
7 409 
8 410 61
8 411 
8 412 1025
8 413 5
8 414 12
8 415 BFF
8 416 BFF
8 417 
8 418 BFF
3 419 -1
2 377 ->
3 378 8
3 379 5
3 380 22
3 381 289
3 382 ->
4 383 402A
4 384 402A
4 385 ->
5 386 9
5 387 3
5 388 999
5 389 [2]
$2*3F9R
4 390 402A
4 391 20
4 392 -1
4 393 ->
5 394 [2]
$2*3F9R
4 395 -1
4 396 2
4 397 2
4 398 0
3 399 ->
4 400 3FEB62340A12772F
4 401 3FE3D1F00E2C4A68
4 402 3FEB62340A12772F
4 403 404B1EDB6DB6DB6E
4 404 NULL
3 405 NULL
3 406 ->
4 407 d6
4 408 [1]
5 408 
6 409 [1]
7 409 
8 410 61
8 411 
8 412 1025
8 413 6
8 414 12
8 415 BFF
8 416 BFF
8 417 
8 418 BFF
3 419 -1
2 377 ->
3 378 8
3 379 5
3 380 22
3 381 289
3 382 ->
4 383 402A
4 384 402A
4 385 ->
5 386 9
5 387 3
5 388 999
5 389 [2]
$2*3F9R
4 390 402A
4 391 20
4 392 -1
4 393 ->
5 394 [2]
$2*3F9R
4 395 -1
4 396 2
4 397 2
4 398 0
3 399 ->
4 400 4042DB56B4D19D27
4 401 3FC5B3D1F00E2C4E
4 402 3FEAAE95673D45A9
4 403 404B1EDB6DB6DB6E
4 404 NULL
3 405 NULL
3 406 ->
4 407 d7
4 408 [1]
5 408 
6 409 [1]
7 409 
8 410 61
8 411 
8 412 1025
8 413 7
8 414 12
8 415 BFF
8 416 BFF
8 417 
8 418 BFF
3 419 -1
2 377 ->
3 378 8
3 379 5
3 380 22
3 381 289
3 382 ->
4 383 401A
4 384 401A
4 385 ->
5 386 9
5 387 3
5 388 999
5 389 [2]
$2*3F9R
4 390 401A
4 391 20
4 392 -1
4 393 ->
5 394 [2]
$2*3F9R
4 395 -1
4 396 2
4 397 2
4 398 0
3 399 ->
4 400 3FE6A98C2BA559CF
4 401 3FE8071625344352
4 402 3FE05024366A0B4E
4 403 404B1EDB6DB6DB6E
4 404 NULL
3 405 NULL
3 406 ->
4 407 d8
4 408 [1]
5 408 
6 409 [1]
7 409 
8 410 61
8 411 
8 412 1025
8 413 8
8 414 12
8 415 BFF
8 416 BFF
8 417 
8 418 BFF
3 419 -1
2 377 ->
3 378 8
3 379 5
3 380 22
3 381 289
3 382 ->
4 383 401A
4 384 401A
4 385 ->
5 386 9
5 387 3
5 388 999
5 389 [2]
$2*3F9R
4 390 401A
4 391 20
4 392 -1
4 393 ->
5 394 [2]
$2*3F9R
4 395 -1
4 396 2
4 397 2
4 398 0
3 399 ->
4 400 3FCBB2C7C39134DF
4 401 3FE6B2EF2B67A3E
4 402 3FE21317EB4464ER
4 403 404B1EDB6DB6DB6E
4 404 NULL
3 405 NULL
3 406 ->
4 407 d9
4 408 [1]
5 408 
6 409 [1]
7 409 
8 410 61
8 411 
8 412 1025
8 413 9
8 414 12
8 415 BFF
8 416 BFF
8 417 
8 418 BFF
3 419 -1
2 377 ->
3 378 8
3 379 204
3 380 96
3 381 257
3 382 ->
4 383 C01A
4 384 C01A
4 385 ->
5 386 9
5 387 3
5 388 999
5 389 [2]
$2*3F847AE147AE147B
4 390 C01A
4 391 20
4 392 -1
4 393 ->
5 394 [2]
$2*3F847AE147AE147B
4 395 -1
4 396 2
4 397 2
4 398 4
3 399 ->
4 400 0
4 401 0
4 402 0
4 403 0
4 404 NULL
3 405 NULL
3 406 ->
4 407 d10
3 419 -1
2 377 ->
3 378 8
3 379 204
3 380 96
3 381 257
3 382 ->
4 383 C01A
4 384 C01A
4 385 ->
5 386 9
5 387 3
5 388 999
5 389 [2]
$2*3F847AE147AE147B
4 390 C01A
4 391 20
4 392 -1
4 393 ->
5 394 [2]
$2*3F847AE147AE147B
4 395 -1
4 396 2
4 397 2
4 398 4
3 399 ->
4 400 0
4 401 0
4 402 0
4 403 0
4 404 NULL
3 405 NULL
3 406 ->
4 407 d11
3 419 -1
@ipar_num 420 1
1 420 0
@relpar_sets 421 0
1 421 [1]
2 421 
@id 422 1
3 422 -1
@type 423 1
3 423 2
@ext_ref_id 424 1
3 424 -1
@relatnum 425 1
3 425 0
@unit_arr 426 0
1 426 [2]
2 426 
@type 427 1
3 427 21
@factor 428 2
3 428 3F9EB851EB851EB8
@name 429 10
3 429 MM
@unit_type 430 1
3 430 0
2 426 
3 427 2
3 428 3FF
3 429 POUND
3 430 1
@geom_lib_ptr 431 0
1 431 NULL
@merged_srfs 432 0
1 432 [1]
2 432 
@merged_list 433 0
3 433 [2]
4 433 
@geom_id 434 1
5 434 10
@feat_id 435 1
5 435 7
@old_envlp 436 2
5 436 [2][2]
$2*0
$2*0
4 433 
5 434 27
5 435 22
5 436 [2][2]
$2*C01A
$2*401A
@first_quilt_ptr 437 1
1 437 0
@attrib_array 438 1
1 438 [1]
2 438 0
@smt_info_ptr 439 0
1 439 NULL
@cable_info_ptr 440 0
1 440 NULL
@comp_info_ptr 441 0
1 441 NULL
@max_part_size 442 2
1 442 4033DB1119341E2R
@prt_misc_ptr 443 0
1 443 ->
@shrink_data_ptr 444 0
2 444 NULL
@layer_array 445 0
1 445 [3]
2 445 ->
@id 446 1
3 446 55
@type 447 1
3 447 117
@user_id 448 1
3 448 0
@weird_wline_ptr 449 0
3 449 ->
@weird_wline 450 10
4 450 DP
@layer_objects 451 0
3 451 [2]
4 451 
@type 452 1
5 452 3
@ids 453 1
5 453 [3]
$1,3,5
4 451 
5 452 144
@saved_operation 454 1
3 454 1
2 445 ->
3 446 56
3 447 117
3 448 0
3 449 ->
4 450 AXES
3 451 [2]
4 451 
5 452 3
5 453 [1]
6 453 7
4 451 
5 452 144
3 454 1
2 445 ->
3 446 57
3 447 117
3 448 0
3 449 ->
4 450 CSYS
3 451 [2]
4 451 
5 452 3
5 453 [2]
$53,60
4 451 
5 452 144
3 454 3
@expld_mv_info 455 0
1 455 NULL
@state_info_ptr 456 0
1 456 NULL
@alumni_feats 457 0
1 457 NULL
@model_name 458 10
1 458 CONN1
@p_mdl_grid 459 0
1 459 NULL
@mdl_status_ptr 460 0
1 460 NULL
@cfg_states 461 0
1 461 NULL
@disp_outl_info 462 0
1 462 
@disp_outline 463 2
2 463 [2][3]
$C01A65A94D4DD7A5,BFB96A535375E921,C01A65A94D4DD7A5
$401A65A94D4DD7A5,401E65A94D4DD7A6,401A65A94D4DD7A5
@ribbon_info_ptr 464 0
1 464 NULL
@p_xref_data 465 0
1 465 ->
@View 466 0
0 466 ->
@id 467 1
1 467 0
@viewattr 468 0
1 468 
@attr_arr 469 1
2 469 [4]
$1,3*0
@mpoint 470 0
1 470 
@id 471 1
2 471 0
@coord 472 2
2 472 [3]
$0,400E,0
@first_instr_ptr 473 0
2 473 NULL
@attach_ptr 474 0
2 474 NULL
@vpoint 475 0
1 475 
2 471 0
2 472 [3]
$407F4,407A5E,0
2 473 NULL
2 474 NULL
@orient 476 2
1 476 [4][4]
$3FD9101126D84EA3,BFE064DFB7B57F06,3FE87547D464EEBR,0
$BFEC6C5E16D5C76,3F7A0F7FC6E54E94,3FDD661EE08FD66F,0
$BFCEBED14A64EDED,BFEB7B1552706F92,BFDCF6BE6C8773CD,0
$3*0,3FF
@local_sys 477 2
1 477 [4][4]
$402D22975CFD2808,C0330ECF2A8BE9DB,403C6EA77618848R,0
$C0408556EA30888D,3FCE4B87150A507F,40311681BDC07BF7,0
$C021DEDC0C5F4734,C03FF23078C22BEB,C030D5C511FB30FB,0
$40837F405EE36001,407A4FCC98AE232A,C0500519A1E47438,3FF
@first_instr_ptr 478 0
1 478 ->
@type 479 1
2 479 215
@geom_id 480 1
2 480 -1
@view_id 481 1
2 481 -1
@memb_num 482 1
2 482 0
@offset 483 2
2 483 0
@matrix 484 0
2 484 ->
@matrix 485 2
3 485 [4][4]
$BF9287906C1B4B,BFD8ADA8E7FDB76D,3FED85075CC6C772,0
$BFEFF5DD0C5563DR,3FA97485669DD08R,3F53805F72FC5D,0
$BFA7B7937CE2376,BFED7B80610D48D9,BFD8B49510464D4C,0
$3*0,3FF
@next_instr_ptr 486 0
1 486 ->
2 479 125
2 480 -1
2 481 -1
2 482 0
2 483 0
2 484 ->
3 485 [4][4]
$3FEC8476712B1F5R,3FA5DC4EC112BA3B,BFDCE7F01CC2D456,0
$3F9AC3E1FAF95E3R,3FEFA681E2466078,3FC291C2F4AA9A31,0
$3FDCFC951AD9408B,BFC20F3EDEF25D59,3FEC2B913B41E7FB,0
$3*0,3FF
1 486 NULL
@outer_xsec_index 487 1
1 487 -1
@next_view_id 488 1
1 488 -2
@simp_rep_id 489 1
1 489 -1
@name 490 10
1 490 no name
@matrix 491 2
1 491 [4][4]
$3FF,3*0
$0,3FF,2*0
$2*0,3FF,0
$3*0,3FF
@fit_outline 492 2
1 492 [2][3]
$4059,405518,C076C81EF335C03A
$408C2,4087BB,4076C81EF335C03B
@det_info_ptr 493 0
1 493 NULL
@named_view_pzmatr 494 0
1 494 NULL
@page_id 495 1
1 495 0
@model_name 496 10
1 496 NULL
@unrep_model_name 497 10
1 497 NULL
@assem_merge_parts 498 0
0 498 ->
#END_OF_UGC
