#UGC:2 PART 830 340 0 1 1 15 1500 9537 \
#- VERS 0 0                                                          \
#- HOST                                                              \
#- LINK                                                              \
#- DBID                                                              \
#- REVS 0,                                                           \
#- RELL 0,                                                           \
#-END_OF_UGC_HEADER
#P_OBJECT 6
@P_object 1 0
0 1 ->
@dep_db 2 0
1 2 ->
@usr_rev 3 0
1 3 [5]
2 3 
@name 4 10
3 4 USER
@mod_time 5 0
3 5 
@tm_sec 6 1
4 6 29
@tm_min 7 1
4 7 43
@tm_hour 8 1
4 8 12
@tm_mday 9 1
4 9 30
@tm_mon 10 1
4 10 9
@tm_year 11 1
4 11 93
@action 12 1
3 12 1000
@comment 13 10
3 13 Hostname: 'bergen'
@rel_level 14 10
3 14 
@rev_string 15 10
3 15 
2 3 
3 4 ADMINISTRATOR
3 5 
4 6 37
4 7 6
4 8 8
4 9 4
4 10 10
4 11 93
3 12 1000
3 13 Hostname: 'AUTO14'
3 14 
3 15 
2 3 
3 4 USER
3 5 
4 6 38
4 7 15
4 8 17
4 9 15
4 10 10
4 11 93
3 12 1000
3 13 Hostname: 'bergen'
3 14 
3 15 
2 3 
3 4 USER
3 5 
4 6 40
4 7 8
4 8 19
4 9 23
4 10 10
4 11 93
3 12 1000
3 13 Hostname: 'kyushu'
3 14 
3 15 
2 3 
3 4 SETH
3 5 
4 6 42
4 7 58
4 8 23
4 9 12
4 10 9
4 11 95
3 12 1000
3 13 Hostname: 'eire'
3 14 
3 15 
@revnum_std 16 1
1 16 2
@flag 17 1
1 17 0
@name 18 10
1 18 NULL
@inst_hidden 19 1
1 19 0
@old_name 20 10
1 20 NULL
@appl_data 21 0
1 21 ->
@bounding_box 22 2
2 22 [2][3]
$3*BF910BEE14123D6R
$4002EEE4A8F4F147,4002EEE4A8F4F148,3FCBBB175C1BE146
#END_OF_P_OBJECT
#Pro/ENGINEER  TM  Version E-07-24  (c) 1988-95 by Parametric Technology Corporation  All Rights Reserved. 9537
@Solid 23 0
0 23 ->
@tab_key 24 1
1 24 0
@tab_key_struct 25 0
1 25 ->
@tab_key_ptr 26 0
2 26 [100]
@type 27 1
1 27 2
@revnum_ptr 28 0
1 28 ->
@geom_revnum 29 1
2 29 144
@cosm_revnum 30 1
2 30 8
@first_member_ptr 31 0
1 31 NULL
@alumni_members 32 0
1 32 NULL
@frst_geom_ptr 33 1
1 33 13
@first_feat_ptr 34 0
1 34 ->
@id 35 1
2 35 2
@indep_attributes 36 1
2 36 1
@feat_type_ptr 37 0
2 37 ->
@table_id 38 1
3 38 63
@type 39 1
3 39 979
@form 40 1
3 40 0
@attributes 41 1
3 41 [3]
$3*0
@placement 42 1
3 42 0
@intersection 43 1
3 43 -1
@internal_udf_type 44 1
3 44 -1
@param_choice_ptr 45 0
3 45 ->
@blend_choice 46 1
4 46 0
@depth_choice 47 1
4 47 0
@angle_choice 48 1
4 48 -1
@pat_choice 49 1
4 49 -1
@round_choice 50 1
4 50 -1
@subsec_choice 51 1
4 51 -1
@sweep_choice 52 1
4 52 0
@dome_choice 53 1
4 53 0
@draft_choice 54 1
4 54 0
@misc_choice 55 1
4 55 384
@assoc_type 56 1
3 56 0
@symbol_key 57 1
2 57 -1
@sect_name 58 10
2 58 no_name
@model_type 59 1
2 59 2
@entity(coord_sys) 60 0
2 60 ->
@type 61 1
3 61 18
@id 62 1
3 62 3
@gen_info 63 0
3 63 
@color 64 1
4 64 1
@sys_type 65 1
3 65 -1
@pnt_type 66 1
3 66 -1
@radius 67 2
3 67 0
@local_sys 68 2
3 68 [4][3]
$3FF,2*0
$0,3FF,0
$2*0,3FF
$3*0
@feat_id 69 1
3 69 2
@entity(text) 70 0
2 70 ->
@text_type 71 1
3 71 34
@text_value 72 10
3 72 EC_DEF
@txt_attrib 73 1
3 73 1
@coord 74 2
3 74 [3]
$408511B23C8A2D14,4081D3B9D4856B65,C05C780FF8F30175
@owner_id 75 1
3 75 3
@part_id 76 1
3 76 36
@height 77 2
3 77 BFF
@width_factor 78 2
3 78 BFF
@format_info 79 0
3 79 
@thickness 80 2
3 80 BFF
@idtab_ptr 81 0
2 81 ->
@misc_id_tab 82 0
3 82 [1]
4 82 
@misc_hist 83 1
5 83 [5]
$3,534,0,-1,500
@save_geoms 84 0
3 84 NULL
@cr_flags_xar 85 1
3 85 [17]
$2*-1,-1025,-2049,268435455,-1,8191,0,2048,5*0,2097152,2*0
@cvt_feat_dat 86 0
3 86 NULL
@feat_dates_ptr 87 0
3 87 ->
@creat_date 88 1
4 88 0
@regen_date 89 1
4 89 150023
@geometry 90 0
2 90 
@group_info_ptr 91 0
2 91 NULL
@intrs_pairs_ptr 92 0
2 92 ->
@place_rec_ptr 93 0
2 93 ->
@local_sys 94 2
3 94 [4][3]
$3FF,2*0
$0,3FF,0
$2*0,3FF
$3*0
@own_ref_id 95 1
3 95 -1
@orient 96 1
3 96 0
@trf_arr 97 0
3 97 [1]
4 97 
@type 98 1
5 98 10
@idx 99 1
5 99 0
@transf 100 2
5 100 [4][3]
$3FF,2*0
$0,3FF,0
$2*0,3FF
$3*0
@next_prop 101 0
2 101 NULL
@first_geom_id 102 1
2 102 -1
@cond_tbl_idx 103 1
2 103 -1
@comment 104 10
2 104 NULL
@merge_info_ptr 105 0
2 105 NULL
@topology_increment 106 0
2 106 ->
@first_geom 107 1
3 107 0
@first_quilt 108 1
3 108 0
@outline 109 2
3 109 [2][3]
$3*0
$3*0
@max_part_size 110 2
3 110 0
@xform_increment 111 0
3 111 NULL
@roll_back_id 112 1
3 112 -1
@state_ind 113 1
2 113 -1
@alumni_info 114 0
2 114 NULL
@revnum 115 1
2 115 0
@rev_rec 116 0
2 116 ->
@num_plins 117 1
3 117 0
@next_feat_ptr 118 0
1 118 ->
2 35 5
2 36 1
2 37 ->
3 38 13
3 39 923
3 40 0
3 41 [3]
$3*0
3 42 0
3 43 -1
3 44 -1
3 45 ->
4 46 0
4 47 0
4 48 -1
4 49 970
4 50 -1
4 51 -1
4 52 0
4 53 0
4 54 0
4 55 0
3 56 0
2 57 -1
2 58 DTM1
2 59 2
2 81 ->
@srf_id_arr 119 1
3 119 [1][4]
$6,3*0
3 84 NULL
3 85 [17]
$2*-1,-1025,-2049,268435455,-1,8191,0,2048,5*0,2097152,2*0
3 86 NULL
3 87 ->
4 88 0
4 89 150023
2 90 
@srf_array 120 0
3 120 [1]
4 120 ->
@geom_type 121 1
5 121 34
@geom_id 122 1
5 122 6
@feat_id 123 1
5 123 5
@boundary_type 124 1
5 124 1
@envlp 125 2
5 125 [2][2]
$2*BF910BEE14123D6R
$4002EEE4A8F4F147,4002EEE4A8F4F148
@srf_prim_ptr(plane) 126 0
5 126 ->
@local_sys 127 2
6 127 [4][3]
$3FF,2*0
$0,3FF,0
$2*0,3FF
$3*0
@frst_cntr_ptr 128 0
5 128 NULL
@next_geom_ptr 129 1
5 129 0
@orient 130 1
5 130 1
@outline 131 2
5 131 [2][3]
$2*BF910BEE14123D6R,0
$4002EEE4A8F4F147,4002EEE4A8F4F148,0
2 91 NULL
2 92 ->
2 93 ->
3 94 [4][3]
$3FF,2*0
$0,3FF,0
$2*0,3FF
$3*0
@place_instruction_ptrs 132 0
3 132 [1]
4 132 ->
@type 133 1
5 133 515
@offset 134 2
5 134 0
@dim_id 135 1
5 135 -1
@ref_id 136 1
5 136 -1
@geometry1_id 137 1
5 137 -1
@geometry2_id 138 1
5 138 6
@memb_num1 139 1
5 139 0
@memb_num2 140 1
5 140 0
@attr 141 1
5 141 32768
@plin_info_arr 142 0
5 142 [1]
6 142 ->
@type 143 1
7 143 1
@data(plin_info_ref) 144 0
7 144 ->
@id_type1 145 1
8 145 -4
@id_type2 146 1
8 146 5
@offset2 147 2
8 147 0
3 95 -1
3 96 1
3 97 [1]
4 97 
5 98 11
5 99 0
5 100 [4][3]
$3FF,2*0
$0,3FF,0
$2*0,3FF
$3*0
2 101 NULL
2 102 6
2 103 -1
2 104 NULL
2 105 NULL
2 106 ->
3 107 0
3 108 0
3 109 [2][3]
$3*0
$3*0
3 110 0
3 111 NULL
3 112 -1
2 113 -1
2 114 NULL
2 115 0
2 116 ->
3 117 1
1 118 ->
2 35 7
2 36 1
2 37 ->
3 38 13
3 39 923
3 40 0
3 41 [3]
$3*0
3 42 0
3 43 -1
3 44 -1
3 45 ->
4 46 0
4 47 0
4 48 -1
4 49 970
4 50 -1
4 51 -1
4 52 0
4 53 0
4 54 0
4 55 0
3 56 0
2 57 -1
2 58 DTM2
2 59 2
2 81 ->
3 119 [1][4]
$8,3*0
3 84 NULL
3 85 [17]
$2*-1,-1025,-2049,268435455,-1,8191,0,2048,5*0,2097152,2*0
3 86 NULL
3 87 ->
4 88 0
4 89 150023
2 90 
3 120 [1]
4 120 ->
5 121 34
5 122 8
5 123 7
5 124 1
5 125 [2][2]
$2*BF910BEE14123D6R
$4002EEE4A8F4F148,3FCBBB175C1BE146
5 126 ->
6 127 [4][3]
$2*0,3FF
$3FF,2*0
$0,3FF,0
$3*0
5 128 NULL
5 129 0
5 130 1
5 131 [2][3]
$0,2*BF910BEE14123D6R
$0,4002EEE4A8F4F148,3FCBBB175C1BE146
2 91 NULL
2 92 ->
2 93 ->
3 94 [4][3]
$2*0,3FF
$3FF,2*0
$0,3FF,0
$3*0
3 132 [1]
4 132 ->
5 133 513
5 134 0
5 135 -1
5 136 -1
5 137 -1
5 138 8
5 139 0
5 140 0
5 141 32768
5 142 [1]
6 142 ->
7 143 1
7 144 ->
8 145 -4
8 146 5
8 147 0
3 95 -1
3 96 1
3 97 [1]
4 97 
5 98 11
5 99 0
5 100 [4][3]
$2*0,3FF
$3FF,2*0
$0,3FF,0
$3*0
2 101 NULL
2 102 8
2 103 -1
2 104 NULL
2 105 NULL
2 106 ->
3 107 0
3 108 0
3 109 [2][3]
$3*0
$3*0
3 110 0
3 111 NULL
3 112 -1
2 113 -1
2 114 NULL
2 115 0
2 116 ->
3 117 1
1 118 ->
2 35 9
2 36 1
2 37 ->
3 38 13
3 39 923
3 40 0
3 41 [3]
$3*0
3 42 0
3 43 -1
3 44 -1
3 45 ->
4 46 0
4 47 0
4 48 -1
4 49 970
4 50 -1
4 51 -1
4 52 0
4 53 0
4 54 0
4 55 0
3 56 0
2 57 -1
2 58 DTM3
2 59 2
2 81 ->
3 119 [1][4]
$10,3*0
3 84 NULL
3 85 [17]
$2*-1,-1025,-2049,268435455,-1,8191,0,2048,5*0,2097152,2*0
3 86 NULL
3 87 ->
4 88 0
4 89 150023
2 90 
3 120 [1]
4 120 ->
5 121 34
5 122 10
5 123 9
5 124 1
5 125 [2][2]
$2*BF910BEE14123D6R
$3FCBBB175C1BE146,4002EEE4A8F4F147
5 126 ->
6 127 [4][3]
$0,3FF,0
$2*0,3FF
$3FF,2*0
$3*0
5 128 NULL
5 129 0
5 130 1
5 131 [2][3]
$BF910BEE14123D6R,0,BF910BEE14123D6R
$4002EEE4A8F4F147,0,3FCBBB175C1BE146
2 91 NULL
2 92 ->
2 93 ->
3 94 [4][3]
$0,3FF,0
$2*0,3FF
$3FF,2*0
$3*0
3 132 [1]
4 132 ->
5 133 514
5 134 0
5 135 -1
5 136 -1
5 137 -1
5 138 10
5 139 0
5 140 0
5 141 32768
5 142 [1]
6 142 ->
7 143 1
7 144 ->
8 145 -4
8 146 5
8 147 0
3 95 -1
3 96 1
3 97 [1]
4 97 
5 98 11
5 99 0
5 100 [4][3]
$0,3FF,0
$2*0,3FF
$3FF,2*0
$3*0
2 101 NULL
2 102 10
2 103 -1
2 104 NULL
2 105 NULL
2 106 ->
3 107 0
3 108 0
3 109 [2][3]
$3*0
$3*0
3 110 0
3 111 NULL
3 112 -1
2 113 -1
2 114 NULL
2 115 0
2 116 ->
3 117 1
1 118 ->
2 35 11
2 36 1
2 37 ->
3 38 13
3 39 923
3 40 0
3 41 [3]
$3,2*0
3 42 0
3 43 -1
3 44 -1
3 45 ->
4 46 0
4 47 0
4 48 -1
4 49 970
4 50 -1
4 51 -1
4 52 0
4 53 0
4 54 0
4 55 0
3 56 0
2 57 -1
2 58 no_name
2 59 2
2 81 ->
3 119 [1][4]
$12,3*0
3 84 NULL
3 85 [17]
$2*-1,-1025,-2049,268435455,-1,8191,0,2048,5*0,2097152,2*0
3 86 NULL
3 87 ->
4 88 150023
4 89 150023
2 90 
3 120 [1]
4 120 ->
5 121 34
5 122 12
5 123 11
5 124 -1
5 125 [2][2]
$2*0
$2*0
5 126 ->
6 127 [4][3]
$3FF,2*0
$0,3FF,0
$2*0,3FF
$3*0
5 128 NULL
5 129 0
5 130 1
5 131 [2][3]
$3*0
$3*0
2 91 NULL
2 92 ->
2 93 ->
3 94 [4][3]
$3FF,2*0
$0,3FF,0
$2*0,3FF
$3*0
3 132 [2]
4 132 ->
5 133 509
5 134 3FF
5 135 -1
5 136 -1
5 137 6
5 138 12
5 139 0
5 140 0
5 141 32768
5 142 [1]
6 142 ->
7 143 1
7 144 ->
8 145 -4
8 146 5
8 147 0
4 132 ->
5 133 510
5 134 3FF
5 135 -1
5 136 -1
5 137 10
5 138 12
5 139 0
5 140 0
5 141 32768
5 142 [1]
6 142 ->
7 143 1
7 144 ->
8 145 -4
8 146 5
8 147 0
3 95 -1
3 96 1
3 97 [1]
4 97 
5 98 11
5 99 0
5 100 [4][3]
$3FF,2*0
$0,3FF,0
$2*0,3FF
$3*0
2 101 NULL
2 102 12
2 103 -1
2 104 NULL
2 105 NULL
@parent_table 148 1
2 148 [2]
$5,9
2 106 ->
3 107 0
3 108 0
3 109 [2][3]
$3*0
$3*0
3 110 0
3 111 NULL
3 112 -1
2 113 -1
2 114 NULL
2 115 1
2 116 ->
3 117 2
1 118 ->
2 35 4
2 36 1
2 37 ->
3 38 7
3 39 917
3 40 1
3 41 [3]
$0,65536,0
3 42 0
3 43 990
3 44 -1
3 45 ->
4 46 0
4 47 1
4 48 -1
4 49 970
4 50 -1
4 51 -1
4 52 0
4 53 0
4 54 0
4 55 0
3 56 0
2 57 -1
2 58 no_name
2 59 2
2 81 ->
3 119 [6][4]
$13,204,2*0
$18,203,2*0
$23,200,2*0
$25,200,1,0
$27,200,2,0
$29,200,3,0
@edg_id_arr 149 1
3 149 [12][6]
$14,221,3*0,13
$15,221,1,2*0,13
$16,221,2,2*0,13
$17,221,3,2*0,13
$19,222,3*0,23
$20,222,1,2*0,25
$21,222,2,2*0,27
$22,222,3,2*0,29
$24,220,3*0,23
$26,220,1,2*0,25
$28,220,2,2*0,27
$30,220,3,2*0,29
@dtm_id_tab 150 0
3 150 [1]
4 150 
@dtm_id 151 1
5 151 12
@dim_id 152 1
5 152 -1
3 84 ->
@sv_frst_geom 153 1
4 153 13
3 85 [17]
$2*-1,-1025,-2049,268435455,-1,8191,0,2048,5*0,2097152,2*0
3 86 NULL
3 87 ->
4 88 150023
4 89 150023
2 90 
3 120 [6]
4 120 ->
5 121 34
5 122 13
5 123 4
5 124 0
5 125 [2][2]
$2*0
$2*4002CR
5 126 ->
6 127 [4][3]
$3FF,2*0
$0,3FF,0
$2*0,3FF
$3*0
5 128 ->
@frst_cntr_crv_hdr_ptr 154 1
6 154 58
@trv 155 1
6 155 1
@envlp 156 2
6 156 [2][2]
$2*0
$2*4002CR
@next_cntr_ptr 157 0
5 157 NULL
5 129 18
5 130 -1
5 131 [2][3]
$3*0
$2*4002CR,0
4 120 ->
5 121 34
5 122 18
5 123 4
5 124 0
5 125 [2][2]
$2*0
$2*4002CR
5 126 ->
6 127 [4][3]
$3FF,2*0
$0,3FF,0
$2*0,3FF
$2*0,3FC9R
5 128 ->
6 154 61
6 155 1
6 156 [2][2]
$2*0
$2*4002CR
5 157 NULL
5 129 23
5 130 1
5 131 [2][3]
$2*0,3FC9R
$2*4002CR,3FC9R
4 120 ->
5 121 34
5 122 23
5 123 4
5 124 1
5 125 [2][2]
$3FC3R,0
$4002CR,3FC9R
5 126 ->
6 127 [4][3]
$2*0,BFF
$BFF,2*0
$0,3FF,0
$0,4002CR,0
5 128 ->
6 154 58
6 155 1
6 156 [2][2]
$3FC3R,0
$4002CR,3FC9R
5 157 NULL
5 129 25
5 130 1
5 131 [2][3]
$3*0
$0,40019R,3FC9R
4 120 ->
5 121 34
5 122 25
5 123 4
5 124 1
5 125 [2][2]
$2*0
$4002CR,3FC9R
5 126 ->
6 127 [4][3]
$3FF,2*0
$2*0,BFF
$0,3FF,0
$3*0
5 128 ->
6 154 15
6 155 1
6 156 [2][2]
$2*0
$4002CR,3FC9R
5 157 NULL
5 129 27
5 130 1
5 131 [2][3]
$3*0
$4002CR,0,3FC9R
4 120 ->
5 121 34
5 122 27
5 123 4
5 124 1
5 125 [2][2]
$2*0
$4002CR,3FC9R
5 126 ->
6 127 [4][3]
$2*0,3FF
$3FF,2*0
$0,3FF,0
$4002CR,2*0
5 128 ->
6 154 16
6 155 1
6 156 [2][2]
$2*0
$4002CR,3FC9R
5 157 NULL
5 129 29
5 130 1
5 131 [2][3]
$4002CR,2*0
$2*4002CR,3FC9R
4 120 ->
5 121 34
5 122 29
5 123 4
5 124 1
5 125 [2][2]
$2*0
$40019R,3FC9R
5 126 ->
6 127 [4][3]
$BFF,2*0
$2*0,3FF
$0,3FF,0
$2*4002CR,0
5 128 ->
6 154 59
6 155 1
6 156 [2][2]
$2*0
$40019R,3FC9R
5 157 NULL
5 129 53
5 130 1
5 131 [2][3]
$3FC3R,4002CR,0
$2*4002CR,3FC9R
@crv_array 158 0
3 158 [12]
4 158 ->
@crv_id 159 1
5 159 14
@feat_id 160 1
5 160 4
@type 161 1
5 161 0
@crv_pnt_dir 162 1
5 162 [2]
$1,-1
@crv_pnt_arr 163 2
5 163 [2][4]
$0,4002CR,2*0
$2*0,4002CR,0
@crv_hdr_geom_ptr[0] 164 1
5 164 13
@crv_hdr_geom_ptr[1] 165 1
5 165 23
@next_crv_hdr_ptr[0] 166 1
5 166 0
@next_crv_hdr_ptr[1] 167 1
5 167 0
@ref_geom[0] 168 1
5 168 0
@ref_geom[1] 169 1
5 169 0
4 158 ->
5 159 15
5 160 4
5 161 0
5 162 [2]
$1,-1
5 163 [2][4]
$4*0
$4002CR,0,4002CR,0
5 164 13
5 165 25
5 166 16
5 167 26
5 168 0
5 169 0
4 158 ->
5 159 16
5 160 4
5 161 0
5 162 [2]
$1,-1
5 163 [2][4]
$4002CR,3*0
$3*4002CR,0
5 164 13
5 165 27
5 166 59
5 167 28
5 168 0
5 169 0
4 158 ->
5 159 17
5 160 4
5 161 0
5 162 [2]
$1,-1
5 163 [2][4]
$2*4002CR,2*0
$0,2*4002CR,0
5 164 13
5 165 29
5 166 0
5 167 0
5 168 0
5 169 0
4 158 ->
5 159 19
5 160 4
5 161 0
5 162 [2]
$-1,1
5 163 [2][4]
$0,4002CR,0,3FC9R
$2*0,4002CR,3FC9R
5 164 18
5 165 23
5 166 0
5 167 0
5 168 0
5 169 0
4 158 ->
5 159 20
5 160 4
5 161 0
5 162 [2]
$-1,1
5 163 [2][4]
$3*0,3FC9R
$4002CR,0,4002CR,3FC9R
5 164 18
5 165 25
5 166 61
5 167 28
5 168 0
5 169 0
4 158 ->
5 159 21
5 160 4
5 161 0
5 162 [2]
$-1,1
5 163 [2][4]
$4002CR,2*0,3FC9R
$3*4002CR,3FC9R
5 164 18
5 165 27
5 166 20
5 167 30
5 168 0
5 169 0
4 158 ->
5 159 22
5 160 4
5 161 0
5 162 [2]
$-1,1
5 163 [2][4]
$2*4002CR,0,3FC9R
$0,2*4002CR,3FC9R
5 164 18
5 165 29
5 166 0
5 167 0
5 168 0
5 169 0
4 158 ->
5 159 24
5 160 4
5 161 0
5 162 [2]
$1,-1
5 163 [2][4]
$2*0,4002CR,0
$0,3FC9R,4002CR,3FC9R
5 164 23
5 165 29
5 166 19
5 167 17
5 168 0
5 169 0
4 158 ->
5 159 26
5 160 4
5 161 0
5 162 [2]
$1,-1
5 163 [2][4]
$2*0,4002CR,0
$0,3FC9R,4002CR,3FC9R
5 164 25
5 165 23
5 166 20
5 167 58
5 168 0
5 169 0
4 158 ->
5 159 28
5 160 4
5 161 0
5 162 [2]
$1,-1
5 163 [2][4]
$2*0,4002CR,0
$0,3FC9R,4002CR,3FC9R
5 164 27
5 165 25
5 166 21
5 167 15
5 168 0
5 169 0
4 158 ->
5 159 30
5 160 4
5 161 0
5 162 [2]
$1,-1
5 163 [2][4]
$2*0,4002CR,0
$0,3FC9R,4002CR,3FC9R
5 164 29
5 165 27
5 166 60
5 167 16
5 168 0
5 169 0
2 91 NULL
2 92 ->
2 93 ->
3 94 [4][3]
$3FF,2*0
$0,3FF,0
$2*0,3FF
$3*0
3 132 [2]
4 132 ->
5 133 1853
5 134 0
5 135 0
5 136 -1
5 137 -1
5 138 -1
5 139 0
5 140 0
5 141 0
4 132 ->
5 133 35
5 134 0
5 135 -1
5 136 -1
5 137 12
5 138 13
5 139 0
5 140 0
5 141 0
5 142 [1]
6 142 ->
7 143 1
7 144 ->
8 145 -4
8 146 5
8 147 0
3 95 -1
3 96 0
3 97 [2]
4 97 
5 98 12
5 99 0
5 100 [4][3]
$3FF,2*0
$0,3FF,0
$2*0,3FF
$3*0
4 97 
5 98 1
5 99 0
5 100 [4][3]
$3FF,2*0
$0,3FF,0
$2*0,3FF
$3*0
2 101 NULL
2 102 13
@gsec_ptr 170 0
2 170 [1]
3 170 
@type 171 1
4 171 7
@name 172 10
4 172 
@gsec2d_ptr 173 0
4 173 ->
@name 174 10
5 174 
@segtab_ptr 175 0
5 175 [4]
6 175 
@type 176 1
7 176 2
@dir 177 1
7 177 [3]
$0,-1,0
@pointid 178 1
7 178 [2]
$0,1
@cntrid 179 1
7 179 1
@arcorient 180 1
7 180 0
@verhor 181 1
7 181 0
@radius 182 1
7 182 0
@ext_id 183 1
7 183 0
@gen_info 184 0
7 184 
@known_ent_info 185 0
7 185 
@attr 186 1
8 186 0
@known_ent_id 187 1
8 187 -1
6 175 
7 176 2
7 177 [3]
$1,2*0
7 178 [2]
$1,2
7 179 2
7 180 0
7 181 1
7 182 0
7 183 1
7 184 
7 185 
8 186 0
8 187 -1
6 175 
7 176 2
7 177 [3]
$0,1,0
7 178 [2]
$2,3
7 179 3
7 180 0
7 181 0
7 182 0
7 183 2
7 184 
7 185 
8 186 0
8 187 -1
6 175 
7 176 2
7 177 [3]
$-1,2*0
7 178 [2]
$3,0
7 179 0
7 180 0
7 181 1
7 182 0
7 183 3
7 184 
7 185 
8 186 0
8 187 -1
@qind 188 1
5 188 -1
@totalpointid 189 1
5 189 4
@checkarcs_flag 190 1
5 190 1
@location 191 0
5 191 ->
@id 192 1
6 192 0
@param 193 2
6 193 0
@type 194 1
6 194 0
@nsket_info 195 0
5 195 ->
@var_arr 196 0
6 196 [18]
7 196 
@type 197 5
8 197 5
@key 198 5
8 198 0
@value 199 2
8 199 0
@guess 200 2
8 200 0
@known 201 7
8 201 0
@homogeneity 202 7
8 202 0
@uvar_id 203 5
8 203 0
7 196 
8 197 5
8 198 1
8 199 0
8 200 3FF
8 201 0
8 202 0
8 203 0
7 196 
8 197 5
8 198 2
8 199 0
8 200 4
8 201 0
8 202 0
8 203 0
7 196 
8 197 5
8 198 3
8 199 0
8 200 3FE
8 201 0
8 202 0
8 203 0
7 196 
8 197 5
8 198 4
8 199 0
8 200 BFF
8 201 0
8 202 0
8 203 0
7 196 
8 197 5
8 198 5
8 199 0
8 200 C
8 201 0
8 202 0
8 203 0
7 196 
8 197 5
8 198 6
8 199 0
8 200 BFE
8 201 0
8 202 0
8 203 0
7 196 
8 197 5
8 198 7
8 199 0
8 200 400921FB54442D18
8 201 0
8 202 0
8 203 0
7 196 
8 197 5
8 198 8
8 199 0
8 200 3FF921FB54442D18
8 201 0
8 202 0
8 203 0
7 196 
8 197 5
8 198 9
8 199 0
8 200 BFF921FB54442D18
8 201 0
8 202 0
8 203 0
7 196 
8 197 1
8 198 0
8 199 0
8 200 0
8 201 0
8 202 1
8 203 0
7 196 
8 197 2
8 198 0
8 199 0
8 200 4002CR
8 201 0
8 202 1
8 203 0
7 196 
8 197 1
8 198 1
8 199 0
8 200 0
8 201 0
8 202 1
8 203 0
7 196 
8 197 2
8 198 1
8 199 0
8 200 0
8 201 0
8 202 1
8 203 0
7 196 
8 197 1
8 198 2
8 199 0
8 200 4002CR
8 201 0
8 202 1
8 203 0
7 196 
8 197 2
8 198 2
8 199 0
8 200 0
8 201 0
8 202 1
8 203 0
7 196 
8 197 1
8 198 3
8 199 0
8 200 4002CR
8 201 0
8 202 1
8 203 0
7 196 
8 197 2
8 198 3
8 199 0
8 200 4002CR
8 201 0
8 202 1
8 203 0
@scale 204 2
6 204 0
@scales 205 2
6 205 [2]
$2*0
@guesses 206 2
6 206 [36]
$0,3FF,4,3FE,BFF,C,BFE,400921FB54442D18,3FF921FB54442D18,BFF921FB54442D18,
$0,4002CR,2*0,4002CR,0,2*4002CR,18*0
@m 207 1
6 207 0
@last_was_permanent 208 1
6 208 0
@unsolved_ptr 209 0
5 209 ->
@iges_file 210 10
6 210 NULL
@save_first_db_ptr(line) 211 0
6 211 ->
@id 212 1
7 212 0
@gen_info 213 0
7 213 
@end1 214 2
7 214 [3]
$0,4002CR,0
@end2 215 2
7 215 [3]
$3*0
@entity(line) 216 0
6 216 ->
7 212 1
7 213 
7 214 [3]
$3*0
7 215 [3]
$4002CR,2*0
6 216 ->
7 212 2
7 213 
7 214 [3]
$4002CR,2*0
7 215 [3]
$2*4002CR,0
6 216 ->
7 212 3
7 213 
7 214 [3]
$2*4002CR,0
7 215 [3]
$0,4002CR,0
@solve_version 217 1
5 217 -1
@segdscr_tab 218 0
5 218 [4]
6 218 
@ent_mode 219 1
7 219 0
6 218 
7 219 0
6 218 
7 219 0
6 218 
7 219 0
@gsec3d_ptr 220 0
4 220 ->
@type 221 1
5 221 7
@name 222 10
5 222 
@flip 223 1
5 223 1
@own_ref_id 224 1
5 224 -1
@first_chain_ptr 225 0
5 225 NULL
@quilt_id 226 1
5 226 -1
@plane_id 227 1
5 227 12
@plane_flip 228 1
5 228 -1
@order_ptr 229 0
4 229 [4]
5 229 
@id 230 1
6 230 0
@flip 231 1
6 231 2
5 229 
6 230 1
6 231 0
5 229 
6 230 2
6 231 0
5 229 
6 230 3
6 231 4
@attributes 232 1
4 232 256
@xsec_id 233 1
4 233 -1
@secsolve_revnum 234 1
4 234 0
@rel_accuracy 235 2
4 235 BFF
@p_saved_result 236 0
4 236 ->
5 216 ->
6 212 0
6 213 
6 214 [3]
$0,4002CR,0
6 215 [3]
$3*0
5 216 ->
6 212 1
6 213 
6 214 [3]
$3*0
6 215 [3]
$4002CR,2*0
5 216 ->
6 212 2
6 213 
6 214 [3]
$4002CR,2*0
6 215 [3]
$2*4002CR,0
5 216 ->
6 212 3
6 213 
6 214 [3]
$2*4002CR,0
6 215 [3]
$0,4002CR,0
@local_sys 237 2
5 237 [4][3]
$3FF,2*0
$0,3FF,0
$2*0,3FF
$3*0
2 103 -1
2 104 NULL
2 105 NULL
2 148 [1]
3 148 11
2 106 ->
@crv_type 238 0
3 238 [12]
4 238 
@p_crv 239 1
5 239 14
@crv_type 240 1
5 240 7
4 238 
5 239 15
5 240 7
4 238 
5 239 16
5 240 7
4 238 
5 239 17
5 240 7
4 238 
5 239 19
5 240 7
4 238 
5 239 20
5 240 7
4 238 
5 239 21
5 240 7
4 238 
5 239 22
5 240 7
4 238 
5 239 24
5 240 7
4 238 
5 239 26
5 240 7
4 238 
5 239 28
5 240 7
4 238 
5 239 30
5 240 7
3 107 0
3 108 0
3 109 [2][3]
$3*0
$3*0
3 110 0
3 111 NULL
3 112 -1
2 113 -1
2 114 NULL
2 115 2
2 116 ->
3 117 2
1 118 ->
2 35 52
2 36 1
2 37 ->
3 38 4
3 39 914
3 40 0
3 41 [3]
$1024,2*0
3 42 0
3 43 991
3 44 -1
3 45 ->
4 46 0
4 47 0
4 48 -1
4 49 970
4 50 -1
4 51 -1
4 52 0
4 53 0
4 54 0
4 55 0
3 56 0
2 57 -1
2 58 no_name
2 59 2
2 81 ->
3 119 [1][4]
$53,208,24,0
3 149 [8][6]
$54,229,53,2*0,23
$55,229,53,1,0,53
$56,229,53,2,0,53
$57,229,53,3,0,18
$58,248,14,2*0,13
$59,248,17,2*0,13
$60,248,22,2*0,29
$61,248,19,2*0,23
3 84 NULL
3 85 [17]
$2*-1,-1025,-2049,268435455,-1,8191,0,2048,5*0,2097152,2*0
3 86 NULL
3 87 ->
4 88 0
4 89 150023
2 90 
3 120 [1]
4 120 ->
5 121 34
5 122 53
5 123 52
5 124 0
5 125 [2][2]
$2*0
$3FC9R,3FCB27247AFF148B
5 126 ->
6 127 [4][3]
$0,3FE6A09E667F3BCD,BFE6A09E667F3BCD
$0,2*3FE6A09E667F3BCD
$3FF,2*0
$0,40019R,0
5 128 ->
6 154 54
6 155 1
6 156 [2][2]
$2*0
$3FC9R,3FCB27247AFF148B
5 157 NULL
5 129 0
5 130 1
5 131 [2][3]
$0,40019R,0
$3FC3R,4002CR,3FC9R
3 158 [8]
4 158 ->
5 159 54
5 160 52
5 161 0
5 162 [2]
$-1,1
5 163 [2][4]
$2*0,3FC3R,0
$3FC9R,0,3FC3R,3FC9R
5 164 53
5 165 23
5 166 56
5 167 61
5 168 0
5 169 0
4 158 ->
5 159 55
5 160 52
5 161 0
5 162 [2]
$1,-1
5 163 [2][4]
$0,3FCB27247AFF148B,40019R,0
$3FC9R,3FCB27247AFF148B,40019R,3FC9R
5 164 53
5 165 29
5 166 57
5 167 59
5 168 0
5 169 0
4 158 ->
5 159 56
5 160 52
5 161 0
5 162 [2]
$1,-1
5 163 [2][4]
$3*0,40019R
$0,3FCB27247AFF148B,3FC3333333333328,4002CR
5 164 53
5 165 13
5 166 55
5 167 58
5 168 0
5 169 0
4 158 ->
5 159 57
5 160 52
5 161 0
5 162 [2]
$-1,1
5 163 [2][4]
$3FC9R,2*0,40019R
$3FC9R,3FCB27247AFF148B,3FC3333333333328,4002CR
5 164 53
5 165 18
5 166 54
5 167 60
5 168 0
5 169 0
4 158 ->
5 159 58
5 160 52
5 161 0
5 162 [2]
$1,-1
5 163 [2][4]
$0,40019R,3FC3R,0
$2*0,4002CR,0
5 164 13
5 165 23
5 166 15
5 167 54
5 168 0
5 169 0
4 158 ->
5 159 59
5 160 52
5 161 0
5 162 [2]
$1,-1
5 163 [2][4]
$2*4002CR,2*0
$3FC3333333333328,4002CR,40019R,0
5 164 13
5 165 29
5 166 56
5 167 30
5 168 0
5 169 0
4 158 ->
5 159 60
5 160 52
5 161 0
5 162 [2]
$-1,1
5 163 [2][4]
$2*4002CR,0,3FC9R
$3FC3333333333328,4002CR,40019R,3FC9R
5 164 18
5 165 29
5 166 21
5 167 55
5 168 0
5 169 0
4 158 ->
5 159 61
5 160 52
5 161 0
5 162 [2]
$-1,1
5 163 [2][4]
$0,40019R,3FC3R,3FC9R
$2*0,4002CR,3FC9R
5 164 18
5 165 23
5 166 57
5 167 26
5 168 0
5 169 0
2 91 NULL
2 92 ->
2 93 ->
3 94 [4][3]
$3FF,2*0
$0,3FF,0
$2*0,3FF
$3*0
3 132 [1]
4 132 ->
5 133 602
5 134 0
5 135 2
5 136 -1
5 137 24
5 138 -1
5 139 0
5 140 0
5 141 0
3 95 -1
3 96 0
2 101 NULL
2 102 -1
2 103 -1
2 104 NULL
2 105 NULL
2 148 [1]
3 148 4
2 106 ->
@next_srf 241 0
3 241 [1]
4 241 
@p_srf 242 1
5 242 29
@next_geom_ptr 243 1
5 243 0
@contours 244 0
3 244 [4]
4 244 
@p_srf 245 1
5 245 13
@start_crv_arr 246 11
5 246 [1]
6 246 14
4 244 
5 245 18
5 246 [1]
6 246 19
4 244 
5 245 23
5 246 [1]
6 246 14
4 244 
5 245 29
5 246 [1]
6 246 17
@next_crv 247 0
3 247 [8]
4 247 
@p_crv 248 1
5 248 14
@next_crv 249 11
5 249 [2]
$15,24
4 247 
5 248 16
5 249 [2]
$17,28
4 247 
5 248 17
5 249 [2]
$14,30
4 247 
5 248 19
5 249 [2]
$22,26
4 247 
5 248 20
5 249 [2]
$19,28
4 247 
5 248 22
5 249 [2]
$21,24
4 247 
5 248 26
5 249 [2]
$20,14
4 247 
5 248 30
5 249 [2]
$22,16
3 107 13
3 108 0
3 109 [2][3]
$3*0
$2*4002CR,3FC9R
3 110 400AA2A3FF5C7FF
3 111 NULL
3 112 -1
2 113 -1
2 114 NULL
2 115 2
2 116 ->
3 117 1
1 118 NULL
@assem_mass_prop_ptr 250 0
1 250 NULL
@mass_prop_ptr 251 0
1 251 ->
@type 252 1
2 252 0
@density 253 2
2 253 0
@init_dens 254 5
2 254 0
@rel_density 255 2
2 255 0
@init_rel_dens 256 5
2 256 0
@aver_density 257 2
2 257 0
@vrevnum 258 1
2 258 -1
@volume 259 2
2 259 0
@cg 260 2
2 260 [3]
$3*0
@inertia 261 2
2 261 [3][3]
$3*0
$3*0
$3*0
@eps 262 2
2 262 0
@surfarea 263 2
2 263 0
@assign_mp_ptr 264 0
1 264 NULL
@tol_default_ptr 265 0
1 265 ->
@type 266 1
2 266 10
@value 267 2
2 267 [7]
$0,3FB9R,3F847AE147AE147B,3F50624DD2F1A9FC,3F1A36E2EB1C432D,
$3EE4F8B588E368F1,3EB0C6F7A0B5ED8E
@ang_value 268 2
2 268 [7]
$0,6*3FE
@standard 269 1
2 269 0
@iso_tol_tbls_ptr 270 0
2 270 NULL
@first_xsec_ptr 271 0
1 271 NULL
@datum_count 272 1
1 272 3
@axis_count 273 1
1 273 0
@insert_layer_id 274 1
1 274 -1
@layer_count 275 1
1 275 1
@layer_list 276 0
1 276 [7]
2 276 
@feat_id 277 1
3 277 2
@layer_id 278 1
3 278 0
@back_layer_id 279 1
3 279 0
2 276 
3 277 5
3 278 0
3 279 0
2 276 
3 277 7
3 278 0
3 279 0
2 276 
3 277 9
3 278 0
3 279 0
2 276 
3 277 11
3 278 0
3 279 0
2 276 
3 277 4
3 278 0
3 279 0
2 276 
3 277 52
3 278 0
3 279 0
@lang_ptr 280 0
1 280 ->
@interact_on 281 1
2 281 -1
@first_csys_ptr 282 0
1 282 NULL
@color_prop_ptr 283 0
1 283 NULL
@fem_data 284 0
1 284 NULL
@rel_part_eps 285 2
1 285 3F53A92A30553261
@names_table 286 0
1 286 [4]
2 286 ->
@id 287 1
3 287 6
@type 288 1
3 288 5
@name 289 10
3 289 DTM1
2 286 ->
3 287 8
3 288 5
3 289 DTM2
2 286 ->
3 287 10
3 288 5
3 289 DTM3
2 286 ->
3 287 3
3 288 25
3 289 EC_DEF
@drv_tbl_ptr 290 0
1 290 NULL
@assembled_count 291 1
1 291 -9
@part_type 292 1
1 292 1
@mat_name_ptr 293 10
1 293 NULL
@first_ent_id 294 1
1 294 517574
@first_view_id 295 1
1 295 0
@outline 296 2
1 296 [2][3]
$3*0
$2*4002CR,3FC9R
@dim_num 297 1
1 297 4
@dim_array 298 0
1 298 [4]
2 298 ->
@type 299 1
3 299 8
@dim_type 300 1
3 300 62
@feat_id 301 1
3 301 4
@attributes 302 1
3 302 385
@dim_dat_ptr 303 0
3 303 ->
@value 304 2
4 304 3FC9R
@bck_value 305 2
4 305 3FC9R
@tol_ptr 306 0
4 306 ->
@type 307 1
5 307 9
@tol_type 308 1
5 308 3
@dual_digits_diff 309 1
5 309 999
@value 310 2
5 310 [2]
$2*3F847AE147AE147B
@nominal_value 311 2
4 311 3FC9R
@bound 312 1
4 312 20
@bck_bound 313 1
4 313 -1
@bck_tol_ptr 314 0
4 314 ->
@value 315 2
5 315 [2]
$2*3F847AE147AE147B
@datum_def_id 316 1
4 316 -1
@places_denom 317 1
4 317 2
@bck_places_denom 318 1
4 318 2
@dim_data_attrib 319 1
4 319 0
@dim_cosm_ptr 320 0
3 320 ->
@d0 321 2
4 321 0
@d1 322 2
4 322 0
@d2 323 2
4 323 0
@d3 324 2
4 324 0
@ord_info 325 0
4 325 NULL
@attach_ptr 326 0
3 326 NULL
@dim_text_ptr 327 0
3 327 ->
@symbol 328 10
4 328 d0
@line_array 329 0
4 329 [1]
5 329 
@text_array 330 0
6 330 [1]
7 330 
@text_type 331 1
8 331 61
@text_value 332 10
8 332 
@txt_attrib 333 1
8 333 1025
@owner_id 334 1
8 334 0
@part_id 335 1
8 335 14
@height 336 2
8 336 BFF
@width_factor 337 2
8 337 BFF
@format_info 338 0
8 338 
@thickness 339 2
8 339 BFF
@parent_dim_id 340 1
3 340 -1
2 298 NULL
2 298 ->
3 299 8
3 300 200
3 301 52
3 302 257
3 303 ->
4 304 3FC3R
4 305 3FC3R
4 306 ->
5 307 9
5 308 3
5 309 999
5 310 [2]
$2*3F847AE147AE147B
4 311 3FC3R
4 312 20
4 313 -1
4 314 ->
5 315 [2]
$2*3F847AE147AE147B
4 316 -1
4 317 2
4 318 2
4 319 0
3 320 ->
4 321 0
4 322 0
4 323 0
4 324 0
4 325 NULL
3 326 NULL
3 327 ->
4 328 d2
4 329 [1]
5 329 
6 330 [1]
7 330 
8 331 61
8 332 
8 333 1
8 334 2
8 335 14
8 336 BFF
8 337 BFF
8 338 
8 339 BFF
3 340 -1
2 298 NULL
@ipar_num 341 1
1 341 0
@relpar_sets 342 0
1 342 [1]
2 342 
@id 343 1
3 343 -1
@type 344 1
3 344 2
@ext_ref_id 345 1
3 345 -1
@relatnum 346 1
3 346 0
@unit_arr 347 0
1 347 [2]
2 347 
@type 348 1
3 348 1
@factor 349 2
3 349 3FF
@name 350 10
3 350 INCH
@unit_type 351 1
3 351 0
2 347 
3 348 2
3 349 3FF
3 350 POUND
3 351 1
@geom_lib_ptr 352 0
1 352 NULL
@first_quilt_ptr 353 1
1 353 0
@attrib_array 354 1
1 354 [1]
2 354 0
@smt_info_ptr 355 0
1 355 NULL
@cable_info_ptr 356 0
1 356 NULL
@comp_info_ptr 357 0
1 357 NULL
@max_part_size 358 2
1 358 400AA2A3FF5C7FF
@prt_misc_ptr 359 0
1 359 ->
@shrink_data_ptr 360 0
2 360 NULL
@expld_mv_info 361 0
1 361 NULL
@state_info_ptr 362 0
1 362 NULL
@alumni_feats 363 0
1 363 NULL
@model_name 364 10
1 364 MCM_QFP
@p_mdl_grid 365 0
1 365 NULL
@mdl_status_ptr 366 0
1 366 NULL
@cfg_states 367 0
1 367 NULL
@disp_outl_info 368 0
1 368 
@disp_outline 369 2
2 369 [2][3]
$3*BF910BEE14123D6R
$4002EEE4A8F4F147,4002EEE4A8F4F148,3FCBBB175C1BE146
@ribbon_info_ptr 370 0
1 370 NULL
@p_xref_data 371 0
1 371 ->
@View 372 0
0 372 ->
@id 373 1
1 373 0
@viewattr 374 0
1 374 
@attr_arr 375 1
2 375 [4]
$1,3*0
@mpoint 376 0
1 376 
@id 377 1
2 377 0
@coord 378 2
2 378 [3]
$2*3FF2CR,3FB9R
@first_instr_ptr 379 0
2 379 NULL
@attach_ptr 380 0
2 380 NULL
@vpoint 381 0
1 381 
2 377 0
2 378 [3]
$407F4,407A5E,0
2 379 NULL
2 380 NULL
@orient 382 2
1 382 [4][4]
$3FED7954E7DBA2F8,0,3FD8EC3AE92B676B,0
$BFD385CE5246572,3FE3E43A9692E21C,3FE7167619F550A2,0
$BFCEFC077F3F36A6,BFE91103985DA841,3FE25240DD3851BF,0
$3*0,3FF
@local_sys 383 2
1 383 [4][4]
$406EEC17AE103102,0,405A25BD8E7F6756,0
$C0547B631410CD5R,4064DE731DDE0134,406838E365EF486B,0
$C05040E552A370E,C06A4C54F4B8B723,406338B8D57D5A9E,0
$4073819020191BF3,406ED7DAD560D0E6,C076DF581ED1DF07,3FF
@first_instr_ptr 384 0
1 384 ->
@type 385 1
2 385 100
@geom_id 386 1
2 386 -1
@view_id 387 1
2 387 -1
@memb_num 388 1
2 388 0
@offset 389 2
2 389 0
@matrix 390 0
2 390 NULL
@next_instr_ptr 391 0
1 391 NULL
@outer_xsec_index 392 1
1 392 -1
@next_view_id 393 1
1 393 -2
@simp_rep_id 394 1
1 394 -1
@name 395 10
1 395 no name
@matrix 396 2
1 396 [4][4]
$3FF,3*0
$0,3FF,2*0
$2*0,3FF,0
$3*0,3FF
@fit_outline 397 2
1 397 [2][3]
$4059,405518,C07757C5EC53C88B
$408C2,4087BB,407757C5EC53C88D
@det_info_ptr 398 0
1 398 NULL
@named_view_pzmatr 399 0
1 399 NULL
@page_id 400 1
1 400 0
@model_name 401 10
1 401 NULL
@unrep_model_name 402 10
1 402 NULL
@assem_merge_parts 403 0
0 403 ->
#END_OF_UGC
