#UGC:2 PART 829 340 0 1 1 15 1500 9534 \
#- VERS 0 0                                                          \
#- HOST                                                              \
#- LINK                                                              \
#- DBID                                                              \
#- REVS 0,                                                           \
#- RELL 0,                                                           \
#-END_OF_UGC_HEADER
#P_OBJECT 6
@P_object 1 0
0 1 ->
@dep_db 2 0
1 2 ->
@usr_rev 3 0
1 3 [1]
2 3 
@name 4 10
3 4 USER
@mod_time 5 0
3 5 
@tm_sec 6 1
4 6 48
@tm_min 7 1
4 7 21
@tm_hour 8 1
4 8 15
@tm_mday 9 1
4 9 11
@tm_mon 10 1
4 10 9
@tm_year 11 1
4 11 95
@action 12 1
3 12 1000
@comment 13 10
3 13 Hostname: 'guinea'
@rel_level 14 10
3 14 
@rev_string 15 10
3 15 
@revnum_std 16 1
1 16 104
@flag 17 1
1 17 0
@name 18 10
1 18 NULL
@inst_hidden 19 1
1 19 0
@old_name 20 10
1 20 NULL
@appl_data 21 0
1 21 ->
@bounding_box 22 2
2 22 [2][3]
$BFB7159B58E16893,BFE2E2B36B1C2D12,BFB7159B58E16893
$402E2E2B36B1C2D1,3FB7159B58E16893,40242E2B36B1C2D1
#END_OF_P_OBJECT
#Pro/ENGINEER  TM  Version E-07-23  (c) 1988-95 by Parametric Technology Corporation  All Rights Reserved. 9534
@Solid 23 0
0 23 ->
@tab_key 24 1
1 24 0
@tab_key_struct 25 0
1 25 ->
@tab_key_ptr 26 0
2 26 [81]
@type 27 1
1 27 2
@revnum_ptr 28 0
1 28 ->
@geom_revnum 29 1
2 29 100
@cosm_revnum 30 1
2 30 1
@first_member_ptr 31 0
1 31 NULL
@alumni_members 32 0
1 32 NULL
@frst_geom_ptr 33 1
1 33 15
@first_feat_ptr 34 0
1 34 ->
@id 35 1
2 35 1
@indep_attributes 36 1
2 36 1
@feat_type_ptr 37 0
2 37 ->
@table_id 38 1
3 38 13
@type 39 1
3 39 923
@form 40 1
3 40 0
@attributes 41 1
3 41 [3]
$0,262144,0
@placement 42 1
3 42 0
@intersection 43 1
3 43 -1
@internal_udf_type 44 1
3 44 -1
@param_choice_ptr 45 0
3 45 ->
@blend_choice 46 1
4 46 0
@depth_choice 47 1
4 47 0
@angle_choice 48 1
4 48 -1
@pat_choice 49 1
4 49 -1
@round_choice 50 1
4 50 -1
@subsec_choice 51 1
4 51 -1
@sweep_choice 52 1
4 52 0
@dome_choice 53 1
4 53 0
@draft_choice 54 1
4 54 0
@misc_choice 55 1
4 55 0
@assoc_type 56 1
3 56 0
@symbol_key 57 1
2 57 -1
@sect_name 58 10
2 58 DTM1
@model_type 59 1
2 59 2
@idtab_ptr 60 0
2 60 ->
@srf_id_arr 61 1
3 61 [1][4]
$2,3*0
@save_geoms 62 0
3 62 NULL
@cr_flags_xar 63 1
3 63 [17]
$3*-1,-2049,2*-1,-16777217,3*-1,-536870913,-1,-1126176897,-2,-2097185,
$-203555329,1
@cvt_feat_dat 64 0
3 64 NULL
@feat_dates_ptr 65 0
3 65 ->
@creat_date 66 1
4 66 150023
@regen_date 67 1
4 67 150023
@geometry 68 0
2 68 
@srf_array 69 0
3 69 [1]
4 69 ->
@geom_type 70 1
5 70 34
@geom_id 71 1
5 71 2
@feat_id 72 1
5 72 1
@boundary_type 73 1
5 73 1
@envlp 74 2
5 74 [2][2]
$BFE2E2B36B1C2D12,BFB7159B58E16893
$3FB7159B58E16893,40242E2B36B1C2D1
@srf_prim_ptr(plane) 75 0
5 75 ->
@local_sys 76 2
6 76 [4][3]
$2*0,3FF
$3FF,2*0
$0,3FF,0
$3*0
@frst_cntr_ptr 77 0
5 77 NULL
@next_geom_ptr 78 1
5 78 0
@orient 79 1
5 79 1
@outline 80 2
5 80 [2][3]
$0,BFE2E2B36B1C2D12,BFB7159B58E16893
$0,3FB7159B58E1689,40242E2B36B1C2D1
@group_info_ptr 81 0
2 81 NULL
@intrs_pairs_ptr 82 0
2 82 ->
@place_rec_ptr 83 0
2 83 ->
@local_sys 84 2
3 84 [4][3]
$2*0,3FF
$3FF,2*0
$0,3FF,0
$3*0
@place_instruction_ptrs 85 0
3 85 [1]
4 85 ->
@type 86 1
5 86 513
@offset 87 2
5 87 0
@dim_id 88 1
5 88 -1
@ref_id 89 1
5 89 -1
@geometry1_id 90 1
5 90 -1
@geometry2_id 91 1
5 91 2
@memb_num1 92 1
5 92 0
@memb_num2 93 1
5 93 0
@attr 94 1
5 94 32768
@plin_info_arr 95 0
5 95 [1]
6 95 ->
@type 96 1
7 96 1
@data(plin_info_ref) 97 0
7 97 ->
@id_type1 98 1
8 98 -4
@id_type2 99 1
8 99 5
@offset2 100 2
8 100 0
@own_ref_id 101 1
3 101 -1
@orient 102 1
3 102 1
@trf_arr 103 0
3 103 [1]
4 103 
@type 104 1
5 104 11
@idx 105 1
5 105 0
@transf 106 2
5 106 [4][3]
$2*0,3FF
$3FF,2*0
$0,3FF,0
$3*0
@next_prop 107 0
2 107 NULL
@first_geom_id 108 1
2 108 2
@cond_tbl_idx 109 1
2 109 -1
@comment 110 10
2 110 NULL
@merge_info_ptr 111 0
2 111 NULL
@topology_increment 112 0
2 112 ->
@first_geom 113 1
3 113 0
@first_quilt 114 1
3 114 0
@outline 115 2
3 115 [2][3]
$3*0
$3*0
@max_part_size 116 2
3 116 0
@xform_increment 117 0
3 117 NULL
@roll_back_id 118 1
3 118 -1
@state_ind 119 1
2 119 -1
@alumni_info 120 0
2 120 NULL
@revnum 121 1
2 121 1
@rev_rec 122 0
2 122 ->
@num_plins 123 1
3 123 1
@next_feat_ptr 124 0
1 124 ->
2 35 3
2 36 1
2 37 ->
3 38 13
3 39 923
3 40 0
3 41 [3]
$0,262144,0
3 42 0
3 43 -1
3 44 -1
3 45 ->
4 46 0
4 47 0
4 48 -1
4 49 -1
4 50 -1
4 51 -1
4 52 0
4 53 0
4 54 0
4 55 0
3 56 0
2 57 -1
2 58 DTM2
2 59 2
2 60 ->
3 61 [1][4]
$4,3*0
3 62 NULL
3 63 [17]
$3*-1,-2049,2*-1,-16777217,3*-1,-536870913,-1,-1126176897,-2,-2097185,
$-203555329,1
3 64 NULL
3 65 ->
4 66 150023
4 67 150023
2 68 
3 69 [1]
4 69 ->
5 70 34
5 71 4
5 72 3
5 73 1
5 74 [2][2]
$2*BFB7159B58E16893
$40242E2B36B1C2D1,402E2E2B36B1C2D1
5 75 ->
6 76 [4][3]
$0,3FF,0
$2*0,3FF
$3FF,2*0
$3*0
5 77 NULL
5 78 0
5 79 1
5 80 [2][3]
$BFB7159B58E16893,0,BFB7159B58E16893
$402E2E2B36B1C2D1,0,40242E2B36B1C2D1
2 81 NULL
2 82 ->
2 83 ->
3 84 [4][3]
$0,3FF,0
$2*0,3FF
$3FF,2*0
$3*0
3 85 [1]
4 85 ->
5 86 514
5 87 0
5 88 -1
5 89 -1
5 90 -1
5 91 4
5 92 0
5 93 0
5 94 32768
5 95 [1]
6 95 ->
7 96 1
7 97 ->
8 98 -4
8 99 5
8 100 0
3 101 -1
3 102 1
3 103 [1]
4 103 
5 104 11
5 105 0
5 106 [4][3]
$0,3FF,0
$2*0,3FF
$3FF,2*0
$3*0
2 107 NULL
2 108 4
2 109 -1
2 110 NULL
2 111 NULL
2 112 ->
3 113 0
3 114 0
3 115 [2][3]
$3*0
$3*0
3 116 0
3 117 NULL
3 118 -1
2 119 -1
2 120 NULL
2 121 1
2 122 ->
3 123 1
1 124 ->
2 35 5
2 36 1
2 37 ->
3 38 13
3 39 923
3 40 0
3 41 [3]
$3*0
3 42 0
3 43 -1
3 44 -1
3 45 ->
4 46 0
4 47 0
4 48 -1
4 49 -1
4 50 -1
4 51 -1
4 52 0
4 53 0
4 54 0
4 55 0
3 56 0
2 57 -1
2 58 DTM3
2 59 2
2 60 ->
3 61 [1][4]
$6,3*0
3 62 NULL
3 63 [17]
$3*-1,-2049,2*-1,-16777217,3*-1,-536870913,-1,-1126176897,-2,-2097185,
$-203555329,1
3 64 NULL
3 65 ->
4 66 150023
4 67 150023
2 68 
3 69 [1]
4 69 ->
5 70 34
5 71 6
5 72 5
5 73 1
5 74 [2][2]
$BFB7159B58E16893,BFE2E2B36B1C2D12
$402E2E2B36B1C2D1,3FB7159B58E16893
5 75 ->
6 76 [4][3]
$3FF,2*0
$0,3FF,0
$2*0,3FF
$3*0
5 77 NULL
5 78 0
5 79 1
5 80 [2][3]
$BFB7159B58E16893,BFE2E2B36B1C2D12,0
$402E2E2B36B1C2D1,3FB7159B58E1689,0
2 81 NULL
2 82 ->
2 83 ->
3 84 [4][3]
$3FF,2*0
$0,3FF,0
$2*0,3FF
$3*0
3 85 [1]
4 85 ->
5 86 515
5 87 0
5 88 -1
5 89 -1
5 90 -1
5 91 6
5 92 0
5 93 0
5 94 32768
5 95 [1]
6 95 ->
7 96 1
7 97 ->
8 98 -4
8 99 5
8 100 0
3 101 -1
3 102 1
3 103 [1]
4 103 
5 104 11
5 105 0
5 106 [4][3]
$3FF,2*0
$0,3FF,0
$2*0,3FF
$3*0
2 107 NULL
2 108 6
2 109 -1
2 110 NULL
2 111 NULL
2 112 ->
3 113 0
3 114 0
3 115 [2][3]
$3*0
$3*0
3 116 0
3 117 NULL
3 118 -1
2 119 -1
2 120 NULL
2 121 1
2 122 ->
3 123 1
1 124 ->
2 35 8
2 36 1
2 37 ->
3 38 13
3 39 923
3 40 0
3 41 [3]
$3,2*0
3 42 0
3 43 -1
3 44 -1
3 45 ->
4 46 0
4 47 0
4 48 -1
4 49 970
4 50 -1
4 51 -1
4 52 0
4 53 0
4 54 0
4 55 0
3 56 0
2 57 -1
2 58 no_name
2 59 2
2 60 ->
3 61 [1][4]
$9,3*0
3 62 NULL
3 63 [17]
$3*-1,-2049,2*-1,-16777217,3*-1,-536870913,-1,-1126176897,-2,-2097185,
$-203555329,1
3 64 NULL
3 65 ->
4 66 150023
4 67 150023
2 68 
3 69 [1]
4 69 ->
5 70 34
5 71 9
5 72 8
5 73 -1
5 74 [2][2]
$2*0
$2*0
5 75 ->
6 76 [4][3]
$3FF,2*0
$2*0,3FF
$0,BFF,0
$3*0
5 77 NULL
5 78 0
5 79 1
5 80 [2][3]
$3*0
$3*0
2 81 NULL
2 82 ->
2 83 ->
3 84 [4][3]
$3FF,2*0
$2*0,3FF
$0,BFF,0
$3*0
3 85 [2]
4 85 ->
5 86 509
5 87 3FF
5 88 -1
5 89 -1
5 90 4
5 91 9
5 92 0
5 93 0
5 94 32768
5 95 [1]
6 95 ->
7 96 1
7 97 ->
8 98 -4
8 99 5
8 100 0
4 85 ->
5 86 511
5 87 3FF
5 88 -1
5 89 -1
5 90 2
5 91 9
5 92 0
5 93 0
5 94 32768
5 95 [1]
6 95 ->
7 96 1
7 97 ->
8 98 -4
8 99 5
8 100 0
3 101 -1
3 102 1
3 103 [1]
4 103 
5 104 11
5 105 0
5 106 [4][3]
$3FF,2*0
$2*0,3FF
$0,BFF,0
$3*0
2 107 NULL
2 108 9
2 109 -1
2 110 NULL
2 111 NULL
@parent_table 125 1
2 125 [2]
$1,3
2 112 ->
3 113 0
3 114 0
3 115 [2][3]
$3*0
$3*0
3 116 0
3 117 NULL
3 118 -1
2 119 -1
2 120 NULL
2 121 0
2 122 ->
3 123 2
1 124 ->
2 35 7
2 36 1
2 37 ->
3 38 31
3 39 942
3 40 1024
3 41 [3]
$134217728,65536,0
3 42 0
3 43 -1
3 44 -1
3 45 ->
4 46 0
4 47 0
4 48 -1
4 49 -1
4 50 -1
4 51 -1
4 52 0
4 53 0
4 54 0
4 55 32768
3 56 0
2 57 -1
2 58 no_name
2 59 2
2 60 ->
3 61 [27][4]
$10,204,2*0
$15,203,2*0
$20,200,2*0
$22,200,1,0
$24,200,2,0
$26,200,3,0
$28,2017,11,0
$29,2017,12,0
$30,2017,13,0
$31,2017,14,0
$32,2017,21,0
$33,2017,16,1
$34,2017,23,1
$35,2017,17,1
$36,2017,25,1
$37,2017,18,1
$38,2017,27,1
$39,2017,19,1
$41,252,15,0
$43,2017,42,1
$45,2017,44,1
$47,2017,46,1
$49,2017,48,1
$52,219,16,0
$54,219,19,0
$56,219,18,0
$57,219,17,0
@edg_id_arr 126 1
3 126 [20][6]
$11,221,4*0
$12,221,1,3*0
$13,221,2,3*0
$14,221,3,3*0
$16,222,3*0,52
$17,222,1,2*0,57
$18,222,2,2*0,56
$19,222,3,2*0,54
$21,303,2*0,3,0
$23,303,1,2*0,22
$25,303,2,0,1,24
$27,303,3,0,2,26
$42,243,16,2*0,41
$44,243,17,2*0,41
$46,243,18,2*0,41
$48,243,19,2*0,41
$50,241,19,2*0,54
$51,241,16,2*0,52
$53,241,18,2*0,56
$55,241,17,2*0,57
@misc_id_tab 127 0
3 127 [1]
4 127 
@misc_hist 128 1
5 128 [5]
$40,200,7,-1,501
@dtm_id_tab 129 0
3 129 [1]
4 129 
@dtm_id 130 1
5 130 9
@dim_id 131 1
5 131 -1
3 62 ->
@new_edges 132 1
4 132 [8]
$42,44,46,48,50,51,53,55
@new_quilts 133 1
4 133 [1]
5 133 40
@sv_frst_geom 134 1
4 134 15
3 63 [17]
$3*-1,-2049,2*-1,-16777217,3*-1,-536870913,-1,-1126176897,-2,-2097185,
$-203555329,1
3 64 NULL
3 65 ->
4 66 150023
4 67 150023
2 68 
3 69 [27]
4 69 ->
5 70 34
5 71 10
5 72 7
5 73 -1
5 74 [2][2]
$0,C024
$402E,0
5 75 ->
6 76 [4][3]
$3FF,2*0
$2*0,3FF
$0,BFF,0
$0,BF9275ADDBA9DD04,0
5 77 NULL
5 78 15
5 79 -1
5 80 [2][3]
$0,BF9275ADDBA9DD04,0
$0,BF9275ADDBA9DD04,0
4 69 ->
5 70 34
5 71 15
5 72 7
5 73 0
5 74 [2][2]
$0,C024
$402E,0
5 75 ->
6 76 [4][3]
$3FF,2*0
$2*0,3FF
$0,BFF,0
$3*0
5 77 ->
@frst_cntr_crv_hdr_ptr 135 1
6 135 16
@trv 136 1
6 136 1
@envlp 137 2
6 137 [2][2]
$0,C024
$402E,0
@next_cntr_ptr 138 0
5 138 ->
6 135 73
6 136 -1
6 137 [2][2]
$401A,C018019F80DB1BC2
$4021,C00FFCC0FE49C87C
5 138 NULL
5 78 52
5 79 1
5 80 [2][3]
$3*0
$402E,0,4024
4 69 ->
5 70 34
5 71 20
5 72 7
5 73 -1
5 74 [2][2]
$2*0
$4024,3F9275ADDBA9DD04
5 75 ->
6 76 [4][3]
$2*0,BFF
$0,3FF,0
$3FF,2*0
$0,BF9275ADDBA9DD04,0
5 77 NULL
5 78 22
5 79 1
5 80 [2][3]
$0,BF9275ADDBA9DD04,0
$0,BF9275ADDBA9DD04,0
4 69 ->
5 70 34
5 71 22
5 72 7
5 73 -1
5 74 [2][2]
$2*0
$402E,3F9275ADDBA9DD04
5 75 ->
6 76 [4][3]
$3FF,2*0
$0,3FF,0
$2*0,3FF
$0,BF9275ADDBA9DD04,4024
5 77 NULL
5 78 24
5 79 1
5 80 [2][3]
$0,BF9275ADDBA9DD04,0
$0,BF9275ADDBA9DD04,0
4 69 ->
5 70 34
5 71 24
5 72 7
5 73 -1
5 74 [2][2]
$2*0
$4024,3F9275ADDBA9DD04
5 75 ->
6 76 [4][3]
$2*0,3FF
$0,3FF,0
$BFF,2*0
$402E,BF9275ADDBA9DD04,4024
5 77 NULL
5 78 26
5 79 1
5 80 [2][3]
$0,BF9275ADDBA9DD04,0
$0,BF9275ADDBA9DD04,0
4 69 ->
5 70 34
5 71 26
5 72 7
5 73 -1
5 74 [2][2]
$2*0
$402E,3F9275ADDBA9DD04
5 75 ->
6 76 [4][3]
$BFF,2*0
$0,3FF,0
$2*0,BFF
$402E,BF9275ADDBA9DD04,0
5 77 NULL
5 78 0
5 79 1
5 80 [2][3]
$0,BF9275ADDBA9DD04,0
$0,BF9275ADDBA9DD04,0
4 69 ->
5 70 34
5 71 28
5 72 7
5 73 6
5 74 [2][2]
$BE112E0BE826D695,C024000000089706
$2*3E112E0BE826D695
5 75 ->
6 76 [4][3]
$3FF,2*0
$0,3FF,0
$2*0,3FF
$2*0,BF9275ADDBA9DD04
5 77 NULL
5 78 0
5 79 1
5 80 [2][3]
$3*0
$3*0
4 69 ->
5 70 34
5 71 29
5 72 7
5 73 6
5 74 [2][2]
$BE112E0BE826D695,C024000000089706
$402E000000089706,3E112E0BE826D695
5 75 ->
6 76 [4][3]
$3FF,2*0
$0,3FF,0
$2*0,3FF
$2*0,BF9275ADDBA9DD04
5 77 NULL
5 78 0
5 79 1
5 80 [2][3]
$3*0
$3*0
4 69 ->
5 70 34
5 71 30
5 72 7
5 73 6
5 74 [2][2]
$BE112E0BE826D695,C024000000089706
$402E000000089706,3E112E0BE826D695
5 75 ->
6 76 [4][3]
$3FF,2*0
$0,3FF,0
$2*0,3FF
$2*0,BF9275ADDBA9DD04
5 77 NULL
5 78 0
5 79 1
5 80 [2][3]
$3*0
$3*0
4 69 ->
5 70 34
5 71 31
5 72 7
5 73 6
5 74 [2][2]
$2*BE112E0BE826D695
$402E000000089706,3E112E0BE826D695
5 75 ->
6 76 [4][3]
$3FF,2*0
$0,3FF,0
$2*0,3FF
$2*0,BF9275ADDBA9DD04
5 77 NULL
5 78 0
5 79 1
5 80 [2][3]
$3*0
$3*0
4 69 ->
5 70 34
5 71 32
5 72 7
5 73 6
5 74 [2][2]
$2*BE112E0BE826D695
$3E112E0BE826D695,3F9275ADECD7E8EC
5 75 ->
6 76 [4][3]
$2*0,BFF
$BFF,2*0
$0,3FF,0
$2*0,BF9275ADDBA9DD04
5 77 NULL
5 78 0
5 79 1
5 80 [2][3]
$3*0
$3*0
4 69 ->
5 70 34
5 71 33
5 72 7
5 73 6
5 74 [2][2]
$2*BE112E0BE826D695
$4024000000089706,3F9275ADECD7E8EC
5 75 ->
6 76 [4][3]
$2*0,BFF
$0,3FF,0
$3FF,2*0
$0,BF9275ADDBA9DD04,0
5 77 NULL
5 78 0
5 79 1
5 80 [2][3]
$3*0
$3*0
4 69 ->
5 70 34
5 71 34
5 72 7
5 73 6
5 74 [2][2]
$2*BE112E0BE826D695
$4024000000089706,3F9275ADECD7E8EC
5 75 ->
6 76 [4][3]
$2*0,BFF
$BFF,2*0
$0,3FF,0
$2*0,BF9275ADDBA9DD04
5 77 NULL
5 78 0
5 79 1
5 80 [2][3]
$3*0
$3*0
4 69 ->
5 70 34
5 71 35
5 72 7
5 73 6
5 74 [2][2]
$2*BE112E0BE826D695
$402E000000089706,3F9275ADECD7E8EC
5 75 ->
6 76 [4][3]
$3FF,2*0
$0,3FF,0
$2*0,3FF
$0,BF9275ADDBA9DD04,4024
5 77 NULL
5 78 0
5 79 1
5 80 [2][3]
$3*0
$3*0
4 69 ->
5 70 34
5 71 36
5 72 7
5 73 6
5 74 [2][2]
$2*BE112E0BE826D695
$402E000000089706,3F9275ADECD7E8EC
5 75 ->
6 76 [4][3]
$3FF,2*0
$2*0,BFF
$0,3FF,0
$0,C024,BF9275ADDBA9DD04
5 77 NULL
5 78 0
5 79 1
5 80 [2][3]
$3*0
$3*0
4 69 ->
5 70 34
5 71 37
5 72 7
5 73 6
5 74 [2][2]
$2*BE112E0BE826D695
$4024000000089706,3F9275ADECD7E8EC
5 75 ->
6 76 [4][3]
$2*0,3FF
$0,3FF,0
$BFF,2*0
$402E,BF9275ADDBA9DD04,4024
5 77 NULL
5 78 0
5 79 1
5 80 [2][3]
$3*0
$3*0
4 69 ->
5 70 34
5 71 38
5 72 7
5 73 6
5 74 [2][2]
$2*BE112E0BE826D695
$4024000000089706,3F9275ADECD7E8EC
5 75 ->
6 76 [4][3]
$2*0,3FF
$3FF,2*0
$0,3FF,0
$402E,C024,BF9275ADDBA9DD04
5 77 NULL
5 78 0
5 79 1
5 80 [2][3]
$3*0
$3*0
4 69 ->
5 70 34
5 71 39
5 72 7
5 73 6
5 74 [2][2]
$2*BE112E0BE826D695
$402E000000089706,3F9275ADECD7E8EC
5 75 ->
6 76 [4][3]
$BFF,2*0
$0,3FF,0
$2*0,BFF
$402E,BF9275ADDBA9DD04,0
5 77 NULL
5 78 0
5 79 1
5 80 [2][3]
$3*0
$3*0
4 69 ->
5 70 34
5 71 41
5 72 7
5 73 0
5 74 [2][2]
$0,C024
$402E,0
5 75 ->
6 76 [4][3]
$3FF,2*0
$2*0,3FF
$0,BFF,0
$0,BFE,0
5 77 ->
6 135 42
6 136 1
6 137 [2][2]
$0,C024
$402E,0
5 138 ->
6 135 75
6 136 -1
6 137 [2][2]
$401A,C018019F80DB1BC2
$4021,C00FFCC0FE49C87C
5 138 NULL
5 78 79
5 79 -1
5 80 [2][3]
$0,BFE,0
$402E,BFE,4024
4 69 ->
5 70 34
5 71 43
5 72 7
5 73 6
5 74 [2][2]
$2*BE112E0BE826D695
$4024000000089706,3F9275ADECD7E8EC
5 75 ->
6 76 [4][3]
$2*0,BFF
$0,3FF,0
$3FF,2*0
$0,BFE093AD6EDD4EE8,0
5 77 NULL
5 78 0
5 79 1
5 80 [2][3]
$0,BFE,0
$0,BFE,0
4 69 ->
5 70 34
5 71 45
5 72 7
5 73 6
5 74 [2][2]
$2*BE112E0BE826D695
$402E000000089706,3F9275ADECD7E8EC
5 75 ->
6 76 [4][3]
$3FF,2*0
$0,3FF,0
$2*0,3FF
$0,BFE093AD6EDD4EE8,4024
5 77 NULL
5 78 0
5 79 1
5 80 [2][3]
$0,BFE,0
$0,BFE,0
4 69 ->
5 70 34
5 71 47
5 72 7
5 73 6
5 74 [2][2]
$2*BE112E0BE826D695
$4024000000089706,3F9275ADECD7E8EC
5 75 ->
6 76 [4][3]
$2*0,3FF
$0,3FF,0
$BFF,2*0
$402E,BFE093AD6EDD4EE8,4024
5 77 NULL
5 78 0
5 79 1
5 80 [2][3]
$0,BFE,0
$0,BFE,0
4 69 ->
5 70 34
5 71 49
5 72 7
5 73 6
5 74 [2][2]
$2*BE112E0BE826D695
$402E000000089706,3F9275ADECD7E8EC
5 75 ->
6 76 [4][3]
$BFF,2*0
$0,3FF,0
$2*0,BFF
$402E,BFE093AD6EDD4EE8,0
5 77 NULL
5 78 0
5 79 1
5 80 [2][3]
$0,BFE,0
$0,BFE,0
4 69 ->
5 70 34
5 71 52
5 72 7
5 73 0
5 74 [2][2]
$C014,BFD
$4014,3FD
5 75 ->
6 76 [4][3]
$2*0,BFF
$0,3FF,0
$3FF,2*0
$0,BFD,4014
5 77 ->
6 135 16
6 136 1
6 137 [2][2]
$C014,BFD
$4014,3FD
5 138 NULL
5 78 54
5 79 1
5 80 [2][3]
$0,BFE,0
$2*0,4024
4 69 ->
5 70 34
5 71 54
5 72 7
5 73 0
5 74 [2][2]
$C01E,BFD
$401E,3FD
5 75 ->
6 76 [4][3]
$BFF,2*0
$0,3FF,0
$2*0,BFF
$401E,BFD,0
5 77 ->
6 135 19
6 136 1
6 137 [2][2]
$C01E,BFD
$401E,3FD
5 138 NULL
5 78 56
5 79 1
5 80 [2][3]
$0,BFE,0
$402E,2*0
4 69 ->
5 70 34
5 71 56
5 72 7
5 73 0
5 74 [2][2]
$C014,BFD
$4014,3FD
5 75 ->
6 76 [4][3]
$2*0,3FF
$0,3FF,0
$BFF,2*0
$402E,BFD,4014
5 77 ->
6 135 18
6 136 1
6 137 [2][2]
$C014,BFD
$4014,3FD
5 138 NULL
5 78 57
5 79 1
5 80 [2][3]
$402E,BFE,0
$402E,0,4024
4 69 ->
5 70 34
5 71 57
5 72 7
5 73 0
5 74 [2][2]
$C01E,BFD
$401E,3FD
5 75 ->
6 76 [4][3]
$3FF,2*0
$0,3FF,0
$2*0,3FF
$401E,BFD,4024
5 77 ->
6 135 17
6 136 1
6 137 [2][2]
$C01E,BFD
$401E,3FD
5 138 NULL
5 78 41
5 79 1
5 80 [2][3]
$0,BFE,4024
$402E,0,4024
@crv_array 139 0
3 139 [20]
4 139 ->
@crv_id 140 1
5 140 11
@feat_id 141 1
5 141 7
@type 142 1
5 142 0
@crv_pnt_dir 143 1
5 143 [2]
$1,-1
@crv_pnt_arr 144 2
5 144 [2][4]
$4*0
$0,C024,4024,0
@crv_hdr_geom_ptr[0] 145 1
5 145 0
@crv_hdr_geom_ptr[1] 146 1
5 146 20
@next_crv_hdr_ptr[0] 147 1
5 147 12
@next_crv_hdr_ptr[1] 148 1
5 148 21
@ref_geom[0] 149 1
5 149 28
@ref_geom[1] 150 1
5 150 0
4 139 ->
5 140 12
5 141 7
5 142 0
5 143 [2]
$1,-1
5 144 [2][4]
$0,C024,2*0
$402E,C024,402E,0
5 145 0
5 146 22
5 147 13
5 148 23
5 149 29
5 150 0
4 139 ->
5 140 13
5 141 7
5 142 0
5 143 [2]
$1,-1
5 144 [2][4]
$402E,C024,2*0
$402E,0,4024,0
5 145 0
5 146 24
5 147 14
5 148 25
5 149 30
5 150 0
4 139 ->
5 140 14
5 141 7
5 142 0
5 143 [2]
$1,-1
5 144 [2][4]
$402E,3*0
$2*0,402E,0
5 145 0
5 146 26
5 147 11
5 148 27
5 149 31
5 150 0
4 139 ->
5 140 16
5 141 7
5 142 0
5 143 [2]
$-1,1
5 144 [2][4]
$2*0,C014,3FD
$0,C024,4014,3FD
5 145 15
5 146 52
5 147 19
5 148 51
5 149 0
5 150 0
4 139 ->
5 140 17
5 141 7
5 142 0
5 143 [2]
$-1,1
5 144 [2][4]
$0,C024,C01E,3FD
$402E,C024,401E,3FD
5 145 15
5 146 57
5 147 16
5 148 55
5 149 0
5 150 0
4 139 ->
5 140 18
5 141 7
5 142 0
5 143 [2]
$-1,1
5 144 [2][4]
$402E,C024,C014,3FD
$402E,0,4014,3FD
5 145 15
5 146 56
5 147 17
5 148 53
5 149 0
5 150 0
4 139 ->
5 140 19
5 141 7
5 142 0
5 143 [2]
$-1,1
5 144 [2][4]
$402E,0,C01E,3FD
$2*0,401E,3FD
5 145 15
5 146 54
5 147 18
5 148 50
5 149 0
5 150 0
4 139 ->
5 140 21
5 141 7
5 142 0
5 143 [2]
$1,-1
5 144 [2][4]
$2*0,402E,0
$0,3F9275ADDBA9DD04,402E,3F9275ADDBA9DD04
5 145 0
5 146 26
5 147 16
5 148 14
5 149 32
5 150 0
4 139 ->
5 140 23
5 141 7
5 142 0
5 143 [2]
$1,-1
5 144 [2][4]
$2*0,4024,0
$0,3F9275ADDBA9DD04,4024,3F9275ADDBA9DD04
5 145 22
5 146 0
5 147 17
5 148 11
5 149 0
5 150 34
4 139 ->
5 140 25
5 141 7
5 142 0
5 143 [2]
$1,-1
5 144 [2][4]
$2*0,402E,0
$0,3F9275ADDBA9DD04,402E,3F9275ADDBA9DD04
5 145 24
5 146 0
5 147 18
5 148 12
5 149 0
5 150 36
4 139 ->
5 140 27
5 141 7
5 142 0
5 143 [2]
$1,-1
5 144 [2][4]
$2*0,4024,0
$0,3F9275ADDBA9DD04,4024,3F9275ADDBA9DD04
5 145 26
5 146 0
5 147 19
5 148 13
5 149 0
5 150 38
4 139 ->
5 140 42
5 141 7
5 142 0
5 143 [2]
$1,-1
5 144 [2][4]
$2*0,C014,BFD
$0,C024,4014,BFD
5 145 41
5 146 52
5 147 44
5 148 50
5 149 0
5 150 0
4 139 ->
5 140 44
5 141 7
5 142 0
5 143 [2]
$1,-1
5 144 [2][4]
$0,C024,C01E,BFD
$402E,C024,401E,BFD
5 145 41
5 146 57
5 147 46
5 148 51
5 149 0
5 150 0
4 139 ->
5 140 46
5 141 7
5 142 0
5 143 [2]
$1,-1
5 144 [2][4]
$402E,C024,C014,BFD
$402E,0,4014,BFD
5 145 41
5 146 56
5 147 48
5 148 55
5 149 0
5 150 0
4 139 ->
5 140 48
5 141 7
5 142 0
5 143 [2]
$1,-1
5 144 [2][4]
$402E,0,C01E,BFD
$2*0,401E,BFD
5 145 41
5 146 54
5 147 42
5 148 53
5 149 0
5 150 0
4 139 ->
5 140 50
5 141 7
5 142 0
5 143 [2]
$1,-1
5 144 [2][4]
$401E,3FD,C014,3FD
$401E,BFD,C014,BFD
5 145 54
5 146 52
5 147 48
5 148 16
5 149 0
5 150 0
4 139 ->
5 140 51
5 141 7
5 142 0
5 143 [2]
$1,-1
5 144 [2][4]
$4014,3FD,C01E,3FD
$4014,BFD,C01E,BFD
5 145 52
5 146 57
5 147 42
5 148 17
5 149 0
5 150 0
4 139 ->
5 140 53
5 141 7
5 142 0
5 143 [2]
$1,-1
5 144 [2][4]
$4014,3FD,C01E,3FD
$4014,BFD,C01E,BFD
5 145 56
5 146 54
5 147 46
5 148 19
5 149 0
5 150 0
4 139 ->
5 140 55
5 141 7
5 142 0
5 143 [2]
$1,-1
5 144 [2][4]
$401E,3FD,C014,3FD
$401E,BFD,C014,BFD
5 145 57
5 146 56
5 147 44
5 148 18
5 149 0
5 150 0
@qlt_array 151 0
3 151 [1]
4 151 ->
@quilt_id 152 1
5 152 40
@data_type 153 1
5 153 57
@attr 154 1
5 154 -2147483647
@feat_id 155 1
5 155 7
@first_geom_ptr 156 1
5 156 15
@used_by_feat_id 157 1
5 157 7
@next_quilt_ptr 158 1
5 158 0
2 81 NULL
2 82 ->
2 83 ->
3 84 [4][3]
$3FF,2*0
$2*0,3FF
$0,BFF,0
$3*0
3 85 [2]
4 85 ->
5 86 887
5 87 BFF
5 88 2
5 89 -1
5 90 7
5 91 15
5 92 0
5 93 0
5 94 0
5 95 [1]
6 95 ->
7 96 1
7 97 ->
8 98 -4
8 99 5
8 100 0
4 85 ->
5 86 39
5 87 0
5 88 -1
5 89 -1
5 90 9
5 91 15
5 92 0
5 93 0
5 94 0
5 95 [1]
6 95 ->
7 96 1
7 97 ->
8 98 -4
8 99 5
8 100 0
3 101 -1
3 102 0
3 103 [2]
4 103 
5 104 1
5 105 0
5 106 [4][3]
$0,BFF,0
$3FF,2*0
$2*0,3FF
$3*0
4 103 
5 104 12
5 105 0
5 106 [4][3]
$3FF,2*0
$2*0,3FF
$0,BFF,0
$3*0
2 107 NULL
2 108 15
@gsec_ptr 159 0
2 159 [1]
3 159 
@type 160 1
4 160 2
@name 161 10
4 161 S2D0006
@gsec2d_ptr 162 0
4 162 ->
@name 163 10
5 163 S2D0006
@segtab_ptr 164 0
5 164 [6]
6 164 
@type 165 1
7 165 2
@dir 166 1
7 166 [3]
$0,-1,0
@pointid 167 1
7 167 [2]
$0,1
@cntrid 168 1
7 168 1
@arcorient 169 1
7 169 0
@verhor 170 1
7 170 0
@radius 171 1
7 171 0
@ext_id 172 1
7 172 0
@gen_info 173 0
7 173 
@known_ent_info 174 0
7 174 
@attr 175 1
8 175 0
@known_ent_id 176 1
8 176 -1
6 164 
7 165 2
7 166 [3]
$1,2*0
7 167 [2]
$1,2
7 168 2
7 169 0
7 170 1
7 171 0
7 172 1
7 173 
7 174 
8 175 0
8 176 -1
6 164 
7 165 2
7 166 [3]
$0,1,0
7 167 [2]
$2,3
7 168 3
7 169 0
7 170 0
7 171 0
7 172 2
7 173 
7 174 
8 175 0
8 176 -1
6 164 
7 165 2
7 166 [3]
$-1,2*0
7 167 [2]
$3,0
7 168 0
7 169 0
7 170 1
7 171 0
7 172 3
7 173 
7 174 
8 175 0
8 176 -1
6 164 
7 165 32770
7 166 [3]
$-1,2*0
7 167 [2]
$4,5
7 168 5
7 169 0
7 170 1
7 171 0
7 172 4
7 173 
@attributes 177 1
8 177 8
7 174 
8 175 0
8 176 -1
6 164 
7 165 32770
7 166 [3]
$0,-1,0
7 167 [2]
$6,7
7 168 7
7 169 0
7 170 0
7 171 0
7 172 5
7 173 
8 177 8
7 174 
8 175 0
8 176 -1
@dimtab_ptr 178 0
5 178 [2]
6 178 
@type 179 1
7 179 5
@value 180 2
7 180 4024
@direct 181 1
7 181 0
@property 182 1
7 182 0
@leftpt 183 1
7 183 [2]
@rightpt 184 1
7 184 [2]
@offset 185 2
7 185 0
@ext_id 186 1
7 186 0
@dispdimattr 187 0
7 187 
@dimattr 188 1
8 188 [2]
$34,0
@dim_ref 189 0
7 189 [2]
8 189 
@item_id 190 1
9 190 4
@sense 191 1
9 191 -1
@point 192 1
9 192 [2]
$4,5
8 189 
9 190 1
9 191 -1
9 192 [2]
$1,2
6 178 
7 179 5
7 180 402E
7 181 0
7 182 0
7 183 [2]
7 184 [2]
7 185 0
7 186 1
7 187 
8 188 [2]
$34,0
7 189 [2]
8 189 
9 190 2
9 191 -1
9 192 [2]
$2,3
8 189 
9 190 5
9 191 -1
9 192 [2]
$6,7
@relat_ptr 193 0
5 193 [8]
6 193 
@used 194 1
7 194 0
@a 195 1
7 195 [4]
$0,4,2*-1
@b 196 1
7 196 [4]
$2*1,2*0
@c 197 2
7 197 [4]
$3FF,BFF,3FF,0
@sign 198 1
7 198 0
@idim 199 1
7 199 -1
@type 200 1
7 200 0
6 193 
7 194 0
7 195 [4]
$3,0,2*-1
7 196 [4]
$2*1,2*0
7 197 [4]
$3FF,BFF,2*3FF
7 198 0
7 199 0
7 200 0
6 193 
7 194 0
7 195 [4]
$0,6,2*-1
7 196 [4]
$4*0
7 197 [4]
$3FF,BFF,3FF,0
7 198 0
7 199 -1
7 200 0
6 193 
7 194 1
7 195 [4]
$0,1,2*-1
7 196 [4]
$4*0
7 197 [4]
$3FF,BFF,2*3FF
7 198 0
7 199 0
7 200 0
6 193 
7 194 1
7 195 [4]
$4,1,2*-1
7 196 [4]
$2*1,2*0
7 197 [4]
$3FF,BFF,2*3FF
7 198 -1
7 199 0
7 200 0
6 193 
7 194 1
7 195 [4]
$1,2,2*-1
7 196 [4]
$2*1,2*0
7 197 [4]
$3FF,BFF,2*3FF
7 198 0
7 199 0
7 200 0
6 193 
7 194 0
7 195 [4]
$2,6,2*-1
7 196 [4]
$4*0
7 197 [4]
$3FF,BFF,2*3FF
7 198 -1
7 199 1
7 200 0
6 193 
7 194 1
7 195 [4]
$2,3,2*-1
7 196 [4]
$4*0
7 197 [4]
$3FF,BFF,2*3FF
7 198 0
7 199 0
7 200 0
@formula_ptr 201 1
5 201 [8]
$0,1,2,3,4,5,6,7
@qind 202 1
5 202 -1
@totalpointid 203 1
5 203 8
@checkarcs_flag 204 1
5 204 1
@location 205 0
5 205 ->
@id 206 1
6 206 0
@param 207 2
6 207 0
@type 208 1
6 208 0
@nsket_info 209 0
5 209 ->
@scale 210 2
6 210 0
@m 211 1
6 211 0
@last_was_permanent 212 1
6 212 0
@unsolved_ptr 213 0
5 213 ->
@iges_file 214 10
6 214 NULL
@solve_version 215 1
5 215 1
@segdscr_tab 216 0
5 216 [6]
6 216 
@ent_mode 217 1
7 217 0
6 216 
7 217 0
6 216 
7 217 0
6 216 
7 217 0
6 216 
7 217 0
6 216 
7 217 0
@gsec3d_ptr 218 0
4 218 ->
@type 219 1
5 219 7
@name 220 10
5 220 S2D0006
@flip 221 1
5 221 1
@own_ref_id 222 1
5 222 -1
@first_chain_ptr 223 0
5 223 NULL
@quilt_id 224 1
5 224 -1
@plane_id 225 1
5 225 9
@plane_flip 226 1
5 226 1
@ref_planes 227 0
5 227 [2]
6 227 
@plane_id 228 1
7 228 6
@ref_type 229 1
7 229 5
@ext_ref_id 230 1
7 230 -1
@seg_id 231 1
7 231 4
@flip_flag 232 1
7 232 0
@save_entity_ptr(line) 233 0
7 233 ->
@type 234 1
8 234 32770
@id 235 1
8 235 0
@gen_info 236 0
8 236 
9 177 8
@end1 237 2
8 237 [3]
$3*0
@end2 238 2
8 238 [3]
$C059,2*0
@back_entity_ptr(line) 239 0
7 239 ->
8 234 32770
8 235 0
8 236 
9 177 8
8 237 [3]
$3*0
8 238 [3]
$C059,2*0
6 227 
7 228 2
7 229 5
7 230 -1
7 231 5
7 232 0
7 233 ->
8 234 32770
8 235 0
8 236 
9 177 8
8 237 [3]
$3*0
8 238 [3]
$0,C059,0
7 239 ->
8 234 32770
8 235 0
8 236 
9 177 8
8 237 [3]
$3*0
8 238 [3]
$0,C059,0
@order_ptr 240 0
4 240 [4]
5 240 
@id 241 1
6 241 0
@flip 242 1
6 242 2
5 240 
6 241 1
6 242 0
5 240 
6 241 2
6 242 0
5 240 
6 241 3
6 242 4
@dim_id_tab 243 1
4 243 [2]
$0,1
@attributes 244 1
4 244 0
@xsec_id 245 1
4 245 -1
@secsolve_revnum 246 1
4 246 0
@rel_accuracy 247 2
4 247 BFF
@p_saved_result 248 0
4 248 ->
@entity(line) 249 0
5 249 ->
6 235 0
6 236 
6 237 [3]
$3*0
6 238 [3]
$0,C024,0
5 249 ->
6 235 1
6 236 
6 237 [3]
$0,C024,0
6 238 [3]
$402E,C024,0
5 249 ->
6 235 2
6 236 
6 237 [3]
$402E,C024,0
6 238 [3]
$402E,2*0
5 249 ->
6 235 3
6 236 
6 237 [3]
$402E,2*0
6 238 [3]
$3*0
5 249 ->
6 234 32770
6 235 4
6 236 
7 177 8
6 237 [3]
$3*0
6 238 [3]
$C059,2*0
5 249 ->
6 234 32770
6 235 5
6 236 
7 177 8
6 237 [3]
$3*0
6 238 [3]
$0,C059,0
@local_sys 250 2
5 250 [4][3]
$3FF,2*0
$2*0,3FF
$0,BFF,0
$3*0
2 109 -1
2 110 NULL
2 111 NULL
2 125 [3]
$1,5,8
2 112 ->
@next_srf 251 0
3 251 [1]
4 251 
@p_srf 252 1
5 252 15
@next_geom_ptr 253 1
5 253 0
@next_crv 254 0
3 254 [4]
4 254 
@p_crv 255 1
5 255 16
@next_crv 256 11
5 256 [2]
$19,23
4 254 
5 255 17
5 256 [2]
$16,25
4 254 
5 255 18
5 256 [2]
$17,27
4 254 
5 255 19
5 256 [2]
$18,21
@crv_geom 257 0
3 257 [4]
4 257 
@p_crv 258 1
5 258 16
@crv_geom 259 11
5 259 [2]
$15,0
4 257 
5 258 17
5 259 [2]
$15,0
4 257 
5 258 18
5 259 [2]
$15,0
4 257 
5 258 19
5 259 [2]
$15,0
@crv_type 260 0
3 260 [8]
4 260 
@p_crv 261 1
5 261 11
@crv_type 262 1
5 262 7
4 260 
5 261 12
5 262 7
4 260 
5 261 13
5 262 7
4 260 
5 261 14
5 262 7
4 260 
5 261 21
5 262 7
4 260 
5 261 23
5 262 7
4 260 
5 261 25
5 262 7
4 260 
5 261 27
5 262 7
@ref_geom 263 0
3 263 [4]
4 263 
@p_crv 264 1
5 264 16
@ref_geom 265 11
5 265 [2]
$0,33
4 263 
5 264 17
5 265 [2]
$0,35
4 263 
5 264 18
5 265 [2]
$0,37
4 263 
5 264 19
5 265 [2]
$0,39
3 113 0
3 114 0
3 115 [2][3]
$3*0
$3*0
3 116 0
@newobj_table 266 0
3 266 [1]
4 266 
@type 267 1
5 267 1
@data(sheetmetal_pairs) 268 0
5 268 
@-dummy_smtl 269 0
6 269 [6]
7 269 
@oper 270 1
8 270 2
@smtl_info 271 0
8 271 
@geom_id 272 1
9 272 15
@sheetm_type 273 1
9 273 2
@opp_geom_id 274 1
9 274 41
7 269 
8 270 2
8 271 
9 272 41
9 273 3
9 274 15
7 269 
8 270 2
8 271 
9 272 52
9 273 1
9 274 -1
7 269 
8 270 2
8 271 
9 272 54
9 273 1
9 274 -1
7 269 
8 270 2
8 271 
9 272 56
9 273 1
9 274 -1
7 269 
8 270 2
8 271 
9 272 57
9 273 1
9 274 -1
3 117 NULL
3 118 -1
2 119 -1
2 120 NULL
2 121 1
2 122 ->
@revnums 275 0
3 275 [2]
4 275 ->
@owner_type 276 1
5 276 4
@owner_ind 277 1
5 277 0
@ref_id 278 1
5 278 0
@ref_revnum 279 1
5 279 1
4 275 ->
5 276 4
5 277 0
5 278 1
5 279 1
3 123 2
1 124 ->
2 35 59
2 36 1
2 37 ->
3 38 13
3 39 923
3 40 0
3 41 [3]
$3,2*0
3 42 0
3 43 -1
3 44 -1
3 45 ->
4 46 0
4 47 0
4 48 -1
4 49 970
4 50 -1
4 51 -1
4 52 0
4 53 0
4 54 0
4 55 0
3 56 0
2 57 -1
2 58 no_name
2 59 2
2 60 ->
3 61 [1][4]
$60,3*0
3 62 NULL
3 63 [17]
$3*-1,-2049,2*-1,-16777217,3*-1,-536870913,-1,-1126176897,-2,-2097185,
$-203555329,1
3 64 NULL
3 65 ->
4 66 150023
4 67 150023
2 68 
3 69 [1]
4 69 ->
5 70 34
5 71 60
5 72 59
5 73 -1
5 74 [2][2]
$2*0
$2*0
5 75 ->
6 76 [4][3]
$3FF,2*0
$2*0,3FF
$0,BFF,0
$3*0
5 77 NULL
5 78 0
5 79 1
5 80 [2][3]
$3*0
$3*0
2 81 NULL
2 82 ->
2 83 ->
3 84 [4][3]
$3FF,2*0
$2*0,3FF
$0,BFF,0
$3*0
3 85 [2]
4 85 ->
5 86 509
5 87 3FF
5 88 -1
5 89 -1
5 90 15
5 91 60
5 92 0
5 93 0
5 94 32768
5 95 [1]
6 95 ->
7 96 1
7 97 ->
8 98 -4
8 99 5
8 100 0
4 85 ->
5 86 510
5 87 3FF
5 88 -1
5 89 -1
5 90 54
5 91 60
5 92 0
5 93 0
5 94 32768
5 95 [1]
6 95 ->
7 96 1
7 97 ->
8 98 -4
8 99 5
8 100 0
3 101 -1
3 102 1
3 103 [1]
4 103 
5 104 11
5 105 0
5 106 [4][3]
$3FF,2*0
$2*0,3FF
$0,BFF,0
$3*0
2 107 NULL
2 108 60
2 109 -1
2 110 NULL
2 111 NULL
2 125 [1]
3 125 7
2 112 ->
3 113 15
3 114 40
3 115 [2][3]
$0,BFE,0
$402E,0,4024
3 116 403208E15D7019B3
3 117 NULL
3 118 -1
2 119 -1
2 120 NULL
2 121 0
2 122 ->
3 123 2
1 124 ->
2 35 58
2 36 1
2 37 ->
3 38 43
3 39 955
3 40 1
3 41 [3]
$3*0
3 42 0
3 43 -1
3 44 -1
3 45 ->
4 46 0
4 47 18
4 48 -1
4 49 -1
4 50 -1
4 51 -1
4 52 0
4 53 0
4 54 0
4 55 0
3 56 0
2 57 -1
2 58 no_name
2 59 2
@entity(line3d) 280 0
2 280 ->
@type 281 1
3 281 11
@id 282 1
3 282 71
@gen_info 283 0
3 283 
@geom_id 284 1
3 284 69
@end1 285 2
3 285 [3]
$401E,BFE,4014
@end2 286 2
3 286 [3]
$401A,BFE,4014
2 280 ->
3 281 13
3 282 72
3 283 
@color 287 1
4 287 1
3 284 69
3 285 [3]
$401E,BFE,4014
3 286 [3]
$401E,0,4014
@entity(text) 288 0
2 288 ->
@text_type 289 1
3 289 19
@text_value 290 10
3 290 A_1
@txt_attrib 291 1
3 291 1
@coord 292 2
3 292 [3]
$407F7A9CEE409951,4079E68F2A877185,C021543FF337286
@owner_id 293 1
3 293 -1
@part_id 294 1
3 294 1
@height 295 2
3 295 BFF
@width_factor 296 2
3 296 BFF
@format_info 297 0
3 297 
@thickness 298 2
3 298 BFF
2 60 ->
3 61 [6][4]
$61,204,2*0
$64,203,2*0
$67,200,-1,0
$69,200,2*0
$79,219,73,0
$80,219,74,0
3 126 [12][6]
$62,221,-1,2*0,61
$63,221,3*0,61
$65,222,-1,2*0,67
$66,222,3*0,69
$68,303,-1,2*0,67
$70,303,2*0,-1,69
$73,223,15,67,0,15
$74,223,15,69,0,15
$75,243,73,2*0,79
$76,243,74,2*0,80
$77,241,74,2*0,80
$78,241,73,2*0,79
3 127 [2]
4 127 
5 128 [5]
$71,530,69,-1,500
4 127 
5 128 [5]
$72,531,69,-1,500
3 129 [1]
4 129 
5 130 60
5 131 -1
3 62 NULL
3 63 [17]
$3*-1,-2049,2*-1,-16777217,3*-1,-536870913,-1,-1126176897,-2,-2097185,
$-203555329,1
3 64 NULL
3 65 ->
4 66 150023
4 67 150023
2 68 
3 69 [6]
4 69 ->
5 70 34
5 71 61
5 72 58
5 73 -1
5 74 [2][2]
$401A,C018
$4021,C01
5 75 ->
6 76 [4][3]
$3FF,2*0
$2*0,3FF
$0,BFF,0
$0,BFF,0
5 77 ->
6 135 62
6 136 -1
6 137 [2][2]
$401A,C018
$4021,C01
5 138 NULL
5 78 0
5 79 -1
5 80 [2][3]
$401A,BFF,401
$4021,BFF,4018
4 69 ->
5 70 34
5 71 64
5 72 58
5 73 -1
5 74 [2][2]
$401A,C018
$4021,C01
5 75 ->
6 76 [4][3]
$3FF,2*0
$2*0,3FF
$0,BFF,0
$0,3FE,0
5 77 ->
6 135 65
6 136 -1
6 137 [2][2]
$401A,C018
$4021,C01
5 138 NULL
5 78 61
5 79 1
5 80 [2][3]
$401A,3FE,401
$4021,3FE,4018
4 69 ->
5 70 36
5 71 67
5 72 58
5 73 -1
5 74 [2][2]
$400921FB54442D18,0
$401921FB54442D18,3FF8
@srf_prim_ptr(cylinder) 299 0
5 299 ->
@local_sys 300 2
6 300 [4][3]
$3FF,2*0
$2*0,3FF
$0,BFF,0
$401E,BFF,4014
@radius 301 2
6 301 3FF
5 77 ->
6 135 62
6 136 1
6 137 [2][2]
$400921FB54442D18,0
$401921FB54442D18,3FF8
5 138 NULL
5 78 69
5 79 -1
5 80 [2][3]
$401A,BFF,4014
$4021,3FE,4018
4 69 ->
5 70 36
5 71 69
5 72 58
5 73 -1
5 74 [2][2]
$2*0
$400921FB54442D18,3FF8
5 299 ->
6 300 [4][3]
$3FF,2*0
$2*0,3FF
$0,BFF,0
$401E,BFF,4014
6 301 3FF
5 77 ->
6 135 63
6 136 1
6 137 [2][2]
$2*0
$400921FB54442D18,3FF8
5 138 NULL
5 78 64
5 79 -1
5 80 [2][3]
$401A,BFF,401
$4021,3FE,4014
4 69 ->
5 70 36
5 71 79
5 72 58
5 73 0
5 74 [2][2]
$0,BFD
$400921FB54442D16,3FD
5 299 ->
6 300 [4][3]
$BFF,2*0
$2*0,3FF
$0,3FF,0
$401E,BFD,4014
6 301 3FF
5 77 ->
6 135 73
6 136 1
6 137 [2][2]
$0,BFD
$400921FB54442D16,3FD
5 138 NULL
5 78 80
5 79 -1
5 80 [2][3]
$401A,BFE,4014
$4021,0,4018
4 69 ->
5 70 36
5 71 80
5 72 58
5 73 0
5 74 [2][2]
$0,BFD
$400921FB54442D16,3FD
5 299 ->
6 300 [4][3]
$3FF,2*0
$2*0,3FF
$0,BFF,0
$401E,BFD,4014
6 301 3FF
5 77 ->
6 135 74
6 136 1
6 137 [2][2]
$0,BFD
$400921FB54442D16,3FD
5 138 NULL
5 78 0
5 79 -1
5 80 [2][3]
$401A,BFE,401
$4021,0,4014
3 139 [12]
4 139 ->
5 140 62
5 141 58
5 142 0
5 143 [2]
$1,-1
5 144 [15][4]
$4021,C014,401921FB54442D18,0
$4020F329C0558E96,C014E3DC8718122C,40183C325A66500E,0
$4020CD4BCA9CB5C7,C015BC4C04D71ABC,4017566960887304,0
$4020904C37505DE5,C0167E741C517DBA,401670A066AA95FA,0
$40203F3A0E28BEDR,C01720986EA0BBCA,40158AD76CCCB8EF,0
$401FBC4C04D71ABC,C0179A9795396B8E,4014A50E72EEDBE6,0
$401EE3DC8718122C,C017E65380AB1D2D,4013BF457910FEDC,0
$401E,C018,4012D97C7F3321D2,0
$401D1C2378E7EDD4,C017E65380AB1D2D,4011F3B3855544C8,0
$401C43B3FB28E54R,C0179A9795396B8E,40110DEA8B7767BE,0
$401B818BE3AE8246,C01720986EA0BBC9,4010282191998AB4,0
$401ADF67915F4436,C0167E741C517DBA,400E84B12F775B53,0
$401A65686AC69472,C015BC4C04D71ABC,400CB91F3BBBA14,0
$401A19AC7F54E2D3,C014E3DC8718122C,400AED8D47FFE72C,0
$401A,C014,400921FB54442D18,0
5 145 61
5 146 67
5 147 63
5 148 68
5 149 0
5 150 0
4 139 ->
5 140 63
5 141 58
5 142 0
5 143 [2]
$1,-1
5 144 [15][4]
$401A,C014,400921FB54442D18,0
$401A19AC7F54E2D3,C0131C2378E7EDD4,4007566960887304,0
$401A65686AC69472,C01243B3FB28E54R,40058AD76CCCB8F,0
$401ADF67915F4437,C011818BE3AE8246,4003BF457910FEDC,0
$401B818BE3AE8246,C010DF67915F4436,4001F3B3855544C7,0
$401C43B3FB28E54R,C01065686AC69472,4000282191998AB4,0
$401D1C2378E7EDD4,C01019AC7F54E2D3,3FFCB91F3BBBA14,0
$401E,C01,3FF921FB54442D18,0
$401EE3DC8718122C,C01019AC7F54E2D3,3FF58AD76CCCB8F,0
$401FBC4C04D71ABC,C01065686AC69472,3FF1F3B3855544C8,0
$40203F3A0E28BEDR,C010DF67915F4437,3FECB91F3BBBA13F,0
$4020904C37505DE5,C011818BE3AE8246,3FE58AD76CCCB8EC,0
$4020CD4BCA9CB5C7,C01243B3FB28E54R,3FDCB91F3BBBA14,0
$4020F329C0558E97,C0131C2378E7EDD4,3FCCB91F3BBBA138,0
$4021,C014,2*0
5 145 61
5 146 69
5 147 62
5 148 70
5 149 0
5 150 0
4 139 ->
5 140 65
5 141 58
5 142 0
5 143 [2]
$-1,1
5 144 [15][4]
$4021,C014,401921FB54442D18,3FF8
$4020F329C0558E96,C014E3DC8718122C,40183C325A66500E,3FF8
$4020CD4BCA9CB5C7,C015BC4C04D71ABC,4017566960887304,3FF8
$4020904C37505DE5,C0167E741C517DBA,401670A066AA95FA,3FF8
$40203F3A0E28BEDR,C01720986EA0BBCA,40158AD76CCCB8EF,3FF8
$401FBC4C04D71ABC,C0179A9795396B8E,4014A50E72EEDBE6,3FF8
$401EE3DC8718122C,C017E65380AB1D2D,4013BF457910FEDC,3FF8
$401E,C018,4012D97C7F3321D2,3FF8
$401D1C2378E7EDD4,C017E65380AB1D2D,4011F3B3855544C8,3FF8
$401C43B3FB28E54R,C0179A9795396B8E,40110DEA8B7767BE,3FF8
$401B818BE3AE8246,C01720986EA0BBC9,4010282191998AB4,3FF8
$401ADF67915F4436,C0167E741C517DBA,400E84B12F775B53,3FF8
$401A65686AC69472,C015BC4C04D71ABC,400CB91F3BBBA14,3FF8
$401A19AC7F54E2D3,C014E3DC8718122C,400AED8D47FFE72C,3FF8
$401A,C014,400921FB54442D18,3FF8
5 145 64
5 146 67
5 147 66
5 148 70
5 149 0
5 150 0
4 139 ->
5 140 66
5 141 58
5 142 0
5 143 [2]
$-1,1
5 144 [15][4]
$401A,C014,400921FB54442D18,3FF8
$401A19AC7F54E2D3,C0131C2378E7EDD4,4007566960887304,3FF8
$401A65686AC69472,C01243B3FB28E54R,40058AD76CCCB8F,3FF8
$401ADF67915F4437,C011818BE3AE8246,4003BF457910FEDC,3FF8
$401B818BE3AE8246,C010DF67915F4436,4001F3B3855544C7,3FF8
$401C43B3FB28E54R,C01065686AC69472,4000282191998AB4,3FF8
$401D1C2378E7EDD4,C01019AC7F54E2D3,3FFCB91F3BBBA14,3FF8
$401E,C01,3FF921FB54442D18,3FF8
$401EE3DC8718122C,C01019AC7F54E2D3,3FF58AD76CCCB8F,3FF8
$401FBC4C04D71ABC,C01065686AC69472,3FF1F3B3855544C8,3FF8
$40203F3A0E28BEDR,C010DF67915F4437,3FECB91F3BBBA13F,3FF8
$4020904C37505DE5,C011818BE3AE8246,3FE58AD76CCCB8EC,3FF8
$4020CD4BCA9CB5C7,C01243B3FB28E54R,3FDCB91F3BBBA14,3FF8
$4020F329C0558E97,C0131C2378E7EDD4,3FCCB91F3BBBA138,3FF8
$4021,C014,0,3FF8
5 145 64
5 146 69
5 147 65
5 148 68
5 149 0
5 150 0
4 139 ->
5 140 68
5 141 58
5 142 1
5 143 [2]
$1,-1
5 144 [2][4]
$401921FB54442D18,3*0
$401921FB54442D18,3FF8,0,3FF8
5 145 67
5 146 69
5 147 65
5 148 63
5 149 0
5 150 0
4 139 ->
5 140 70
5 141 58
5 142 1
5 143 [2]
$1,-1
5 144 [2][4]
$400921FB54442D18,0,400921FB54442D18,0
$400921FB54442D18,3FF8,400921FB54442D18,3FF8
5 145 69
5 146 67
5 147 66
5 148 62
5 149 0
5 150 0
4 139 ->
5 140 73
5 141 58
5 142 0
5 143 [2]
$1,-1
5 144 [16][4]
$401A,C014,0,3FD
$401A166079B0BFF,C014D4E6CD6212C7,3FCACEE9F37BEBC,3FD
$401A58878A20100D,C015A07F921061AD,3FDACEE9F37BEBD,3FD
$401AC3910C8D016B,C01659E4608EAB4B,3FE41B2F769CF0D8,3FD
$401B52CF6D23BE84,C016F8FAF50677D8,3FEACEE9F37BEBC8,3FD
$401C,C01776CF5D0B0995,3FF0C152382D7364,3FD
$401CC3910C8D016B,C017CDE1C2688AA,3FF41B2F769CF0E,3FD
$401D94F67D930EA1,C017FA63F29F0CF9,3FF7750CB50C6E58,3FD
$401E6B09826CF15D,C017FA63F29F0CF9,3FFACEE9F37BEBD4,3FD
$401F3C6EF372FE95,C017CDE1C2688AA,3FFE28C731EB695,3FD
$402,C01776CF5D0B0996,4000C152382D7364,3FD
$40205698496E20BD,C016F8FAF50677D9,40026E40D765322,3FD
$40209E3779B97F4A,C01659E4608EAB4E,40041B2F769CF0DB,3FD
$4020D3BC3AEFF7F9,C015A07F921061AE,4005C81E15D4AF9B,3FD
$4020F4CFC327A008,C014D4E6CD6212C9,4007750CB50C6E58,3FD
$4021,C014,400921FB54442D16,3FD
5 145 15
5 146 79
5 147 74
5 148 78
5 149 0
5 150 0
4 139 ->
5 140 74
5 141 58
5 142 0
5 143 [2]
$1,-1
5 144 [16][4]
$4021,C014,0,3FD
$4020F4CFC327A008,C0132B19329DED38,3FCACEE9F37BEBE,3FD
$4020D3BC3AEFF7F9,C0125F806DEF9E53,3FDACEE9F37BEBE,3FD
$40209E3779B97F4B,C011A61B9F7154B5,3FE41B2F769CF0D8,3FD
$40205698496E20BE,C01107050AF98828,3FEACEE9F37BEBD,3FD
$402,C0108930A2F4F66B,3FF0C152382D7364,3FD
$401F3C6EF372FE96,C010321E3D97756,3FF41B2F769CF0DC,3FD
$401E6B09826CF15E,C010059C0D60F307,3FF7750CB50C6E58,3FD
$401D94F67D930EA2,C010059C0D60F307,3FFACEE9F37BEBD8,3FD
$401CC3910C8D016B,C010321E3D97756,3FFE28C731EB695,3FD
$401C,C0108930A2F4F66A,4000C152382D7364,3FD
$401B52CF6D23BE85,C01107050AF98828,40026E40D7653223,3FD
$401AC3910C8D016B,C011A61B9F7154B5,40041B2F769CF0E2,3FD
$401A58878A20100D,C0125F806DEF9E53,4005C81E15D4AF9E,3FD
$401A166079B0BFF,C0132B19329DED39,4007750CB50C6E5C,3FD
$401A,C014,400921FB54442D16,3FD
5 145 15
5 146 80
5 147 73
5 148 77
5 149 0
5 150 0
4 139 ->
5 140 75
5 141 58
5 142 0
5 143 [2]
$-1,1
5 144 [16][4]
$401A,C014,0,BFD
$401A166079B0BFF,C014D4E6CD6212C7,3FCACEE9F37BEBC,BFD
$401A58878A20100D,C015A07F921061AD,3FDACEE9F37BEBD,BFD
$401AC3910C8D016B,C01659E4608EAB4B,3FE41B2F769CF0D8,BFD
$401B52CF6D23BE84,C016F8FAF50677D8,3FEACEE9F37BEBC8,BFD
$401C,C01776CF5D0B0995,3FF0C152382D7364,BFD
$401CC3910C8D016B,C017CDE1C2688AA,3FF41B2F769CF0E,BFD
$401D94F67D930EA1,C017FA63F29F0CF9,3FF7750CB50C6E58,BFD
$401E6B09826CF15D,C017FA63F29F0CF9,3FFACEE9F37BEBD4,BFD
$401F3C6EF372FE95,C017CDE1C2688AA,3FFE28C731EB695,BFD
$402,C01776CF5D0B0996,4000C152382D7364,BFD
$40205698496E20BD,C016F8FAF50677D9,40026E40D765322,BFD
$40209E3779B97F4A,C01659E4608EAB4E,40041B2F769CF0DB,BFD
$4020D3BC3AEFF7F9,C015A07F921061AE,4005C81E15D4AF9B,BFD
$4020F4CFC327A008,C014D4E6CD6212C9,4007750CB50C6E58,BFD
$4021,C014,400921FB54442D16,BFD
5 145 41
5 146 79
5 147 76
5 148 77
5 149 0
5 150 0
4 139 ->
5 140 76
5 141 58
5 142 0
5 143 [2]
$-1,1
5 144 [16][4]
$4021,C014,0,BFD
$4020F4CFC327A008,C0132B19329DED38,3FCACEE9F37BEBE,BFD
$4020D3BC3AEFF7F9,C0125F806DEF9E53,3FDACEE9F37BEBE,BFD
$40209E3779B97F4B,C011A61B9F7154B5,3FE41B2F769CF0D8,BFD
$40205698496E20BE,C01107050AF98828,3FEACEE9F37BEBD,BFD
$402,C0108930A2F4F66B,3FF0C152382D7364,BFD
$401F3C6EF372FE96,C010321E3D97756,3FF41B2F769CF0DC,BFD
$401E6B09826CF15E,C010059C0D60F307,3FF7750CB50C6E58,BFD
$401D94F67D930EA2,C010059C0D60F307,3FFACEE9F37BEBD8,BFD
$401CC3910C8D016B,C010321E3D97756,3FFE28C731EB695,BFD
$401C,C0108930A2F4F66A,4000C152382D7364,BFD
$401B52CF6D23BE85,C01107050AF98828,40026E40D7653223,BFD
$401AC3910C8D016B,C011A61B9F7154B5,40041B2F769CF0E2,BFD
$401A58878A20100D,C0125F806DEF9E53,4005C81E15D4AF9E,BFD
$401A166079B0BFF,C0132B19329DED39,4007750CB50C6E5C,BFD
$401A,C014,400921FB54442D16,BFD
5 145 41
5 146 80
5 147 75
5 148 78
5 149 0
5 150 0
4 139 ->
5 140 77
5 141 58
5 142 6
5 143 [2]
$1,-1
5 144 [2][4]
$0,3FD,400921FB54442D16,3FD
$0,BFD,400921FB54442D16,BFD
5 145 80
5 146 79
5 147 76
5 148 73
5 149 0
5 150 0
4 139 ->
5 140 78
5 141 58
5 142 6
5 143 [2]
$1,-1
5 144 [2][4]
$0,3FD,400921FB54442D16,3FD
$0,BFD,400921FB54442D16,BFD
5 145 79
5 146 80
5 147 75
5 148 74
5 149 0
5 150 0
2 81 NULL
2 82 ->
2 83 ->
3 84 [4][3]
$3FF,2*0
$0,3FF,0
$2*0,3FF
$3*0
3 101 -1
3 102 0
3 103 [2]
4 103 
5 104 1
5 105 0
5 106 [4][3]
$3FF,2*0
$0,3FF,0
$2*0,3FF
$3*0
4 103 
5 104 12
5 105 0
5 106 [4][3]
$3FF,2*0
$0,3FF,0
$2*0,3FF
$3*0
2 107 NULL
2 108 -1
2 159 [1]
3 159 
4 160 2
4 161 S2D0001
4 162 ->
5 163 S2D0001
5 164 [4]
6 164 
7 165 10
7 166 [3]
$3*0
7 167 [2]
$2*0
7 168 0
7 169 0
7 170 0
7 171 0
7 172 0
7 173 
7 174 
8 175 0
8 176 -1
6 164 
7 165 18
7 166 [3]
$3*0
7 167 [2]
$2*0
7 168 0
7 169 0
7 170 0
7 171 0
7 172 3
7 173 
7 174 
8 175 0
8 176 -1
6 164 
7 165 32770
7 166 [3]
$0,-1,0
7 167 [2]
$1,2
7 168 2
7 169 0
7 170 0
7 171 0
7 172 1
7 173 
8 177 8
7 174 
8 175 0
8 176 -1
6 164 
7 165 32770
7 166 [3]
$-1,2*0
7 167 [2]
$3,4
7 168 4
7 169 0
7 170 1
7 171 0
7 172 2
7 173 
8 177 8
7 174 
8 175 0
8 176 -1
5 178 [3]
6 178 
7 179 2
7 180 401E
7 181 0
7 182 0
7 183 [2]
7 184 [2]
7 185 0
7 186 0
7 187 
8 188 [2]
$2082,0
7 189 [2]
8 189 
9 190 2
9 191 0
9 192 [2]
$2*0
8 189 
9 190 0
9 191 3
9 192 [2]
$1,2
6 178 
7 179 2
7 180 4014
7 181 0
7 182 0
7 183 [2]
7 184 [2]
7 185 0
7 186 1
7 187 
8 188 [2]
$2082,0
7 189 [2]
8 189 
9 190 3
9 191 0
9 192 [2]
$2*0
8 189 
9 190 0
9 191 3
9 192 [2]
$3,4
6 178 
7 179 4
7 180 3FF
7 181 0
7 182 0
7 183 [2]
7 184 [2]
7 185 0
7 186 2
7 187 
8 188 [2]
$2082,0
7 189 [2]
8 189 
9 190 0
9 191 -1
9 192 [2]
$2*-1
8 189 
9 190 0
9 191 -1
9 192 [2]
$2*-1
5 193 [3]
6 193 
7 194 0
7 195 [4]
$0,1,2*-1
7 196 [4]
$4*0
7 197 [4]
$3FF,BFF,2*3FF
7 198 -1
7 199 0
7 200 0
6 193 
7 194 0
7 195 [4]
$0,3,2*-1
7 196 [4]
$2*1,2*0
7 197 [4]
$3FF,BFF,2*3FF
7 198 1
7 199 1
7 200 0
6 193 
7 194 0
7 195 [4]
$4*0
7 196 [4]
$4*0
7 197 [4]
$4*3FF
7 198 1
7 199 2
7 200 14
5 201 [3]
$0,1,2
5 202 -1
5 203 5
5 204 1
5 205 ->
6 206 0
6 207 0
6 208 0
5 209 ->
6 210 0
6 211 0
6 212 0
5 213 ->
6 214 NULL
5 215 1
5 216 [4]
6 216 
7 217 0
6 216 
7 217 0
6 216 
7 217 0
6 216 
7 217 0
4 218 ->
5 219 7
5 220 S2D0001
5 221 1
5 222 -1
5 223 NULL
5 224 -1
5 225 60
5 226 1
5 227 [2]
6 227 
7 228 2
7 229 5
7 230 -1
7 231 2
7 232 32
7 233 ->
8 234 32770
8 235 0
8 236 
9 177 8
8 237 [3]
$3*0
8 238 [3]
$0,C059,0
7 239 ->
8 234 32770
8 235 0
8 236 
9 177 8
8 237 [3]
$3*0
8 238 [3]
$0,C059,0
6 227 
7 228 6
7 229 5
7 230 -1
7 231 3
7 232 32
7 233 ->
8 234 32770
8 235 0
8 236 
9 177 8
8 237 [3]
$3*0
8 238 [3]
$C059,2*0
7 239 ->
8 234 32770
8 235 0
8 236 
9 177 8
8 237 [3]
$3*0
8 238 [3]
$C059,2*0
4 240 [2]
5 240 
6 241 0
6 242 2
5 240 
6 241 0
6 242 4
4 243 [3]
$3,4,5
4 244 0
4 245 -1
4 246 0
4 247 BFF
4 248 ->
@entity(circle) 302 0
5 302 ->
@id 303 1
6 303 0
@gen_info 304 0
6 304 
@center 305 2
6 305 [3]
$401E,C014,0
@radius 306 2
6 306 3FF
@entity(coord_sys) 307 0
5 307 ->
@type 308 1
6 308 18
@id 309 1
6 309 1
@gen_info 310 0
6 310 
@sys_type 311 1
6 311 -1
@pnt_type 312 1
6 312 -1
@radius 313 2
6 313 3FC3R
@local_sys 314 2
6 314 [4][3]
$3FF,2*0
$0,3FF,0
$2*0,3FF
$401E,C014,0
@feat_id 315 1
6 315 -1
5 249 ->
6 234 32770
6 235 2
6 236 
7 177 8
6 237 [3]
$3*0
6 238 [3]
$0,C059,0
5 249 ->
6 234 32770
6 235 3
6 236 
7 177 8
6 237 [3]
$3*0
6 238 [3]
$C059,2*0
5 250 [4][3]
$3FF,2*0
$2*0,3FF
$0,BFF,0
$3*0
2 109 -1
2 110 NULL
2 111 NULL
@dat_ptr(punch_tool) 316 0
2 316 ->
@type 317 1
3 317 88
@attributes 318 1
3 318 3
@name 319 10
3 319 5MM_ROUND
2 125 [3]
$1,5,59
2 112 ->
3 251 [1]
4 251 
5 252 41
5 253 0
@contours 320 0
3 320 [2]
4 320 
@p_srf 321 1
5 321 15
@start_crv_arr 322 11
5 322 [1]
6 322 16
4 320 
5 321 41
5 322 [1]
6 322 42
3 113 15
3 114 40
3 115 [2][3]
$0,BFE,0
$402E,0,4024
3 116 403208E15D7019B3
3 266 [1]
4 266 
5 267 1
5 268 
6 269 [2]
7 269 
8 270 2
8 271 
9 272 79
9 273 1
9 274 -1
7 269 
8 270 2
8 271 
9 272 80
9 273 1
9 274 -1
3 117 NULL
3 118 -1
2 119 -1
2 120 NULL
2 121 2
2 122 ->
3 275 [2]
4 275 ->
5 276 4
5 277 0
5 278 0
5 279 1
4 275 ->
5 276 4
5 277 0
5 278 1
5 279 1
3 123 0
1 124 NULL
@assem_mass_prop_ptr 323 0
1 323 NULL
@mass_prop_ptr 324 0
1 324 ->
@type 325 1
2 325 0
@density 326 2
2 326 0
@init_dens 327 5
2 327 0
@rel_density 328 2
2 328 0
@init_rel_dens 329 5
2 329 0
@aver_density 330 2
2 330 0
@vrevnum 331 1
2 331 -1
@volume 332 2
2 332 0
@cg 333 2
2 333 [3]
$3*0
@inertia 334 2
2 334 [3][3]
$3*0
$3*0
$3*0
@eps 335 2
2 335 0
@surfarea 336 2
2 336 0
@assign_mp_ptr 337 0
1 337 NULL
@tol_default_ptr 338 0
1 338 ->
@type 339 1
2 339 10
@value 340 2
2 340 [7]
$0,3FB9R,3F847AE147AE147B,3F50624DD2F1A9FC,3F1A36E2EB1C432D,
$3EE4F8B588E368F1,3EB0C6F7A0B5ED8E
@ang_value 341 2
2 341 [7]
$0,6*3FE
@standard 342 1
2 342 0
@iso_tol_tbls_ptr 343 0
2 343 NULL
@first_xsec_ptr 344 0
1 344 NULL
@datum_count 345 1
1 345 0
@axis_count 346 1
1 346 1
@insert_layer_id 347 1
1 347 -1
@layer_count 348 1
1 348 1
@layer_list 349 0
1 349 [7]
2 349 
@feat_id 350 1
3 350 1
@layer_id 351 1
3 351 0
@back_layer_id 352 1
3 352 0
2 349 
3 350 3
3 351 0
3 352 0
2 349 
3 350 5
3 351 0
3 352 0
2 349 
3 350 8
3 351 0
3 352 0
2 349 
3 350 7
3 351 0
3 352 0
2 349 
3 350 59
3 351 0
3 352 0
2 349 
3 350 58
3 351 0
3 352 0
@lang_ptr 353 0
1 353 NULL
@first_csys_ptr 354 0
1 354 NULL
@color_prop_ptr 355 0
1 355 NULL
@fem_data 356 0
1 356 NULL
@rel_part_eps 357 2
1 357 3F53A92A30553261
@names_table 358 0
1 358 [3]
2 358 ->
@id 359 1
3 359 2
@type 360 1
3 360 5
@name 361 10
3 361 DTM1
2 358 ->
3 359 4
3 360 5
3 361 DTM2
2 358 ->
3 359 6
3 360 5
3 361 DTM3
@drv_tbl_ptr 362 0
1 362 ->
@prt_type 363 1
2 363 30
@gen_name 364 10
2 364 GENERIC
@model_type 365 1
2 365 2
@instances 366 0
2 366 [4]
3 366 ->
@name 367 10
4 367 1MM
@drv_tbl_ptr 368 0
4 368 ->
5 363 31
5 364 ROUND_PUNCH_GROUP
5 365 2
@dim_tab_file 369 10
5 369 NULL
@type 370 1
5 370 1
@revnum 371 1
5 371 0
@values 372 0
4 372 [1]
5 372 
@type 373 1
6 373 50
@value(d_val) 374 2
6 374 3FF
@attributes 375 1
4 375 0
3 366 ->
4 367 0_75MM
4 368 ->
5 363 31
5 364 ROUND_PUNCH_GROUP
5 365 2
5 369 NULL
5 370 1
5 371 0
4 372 [1]
5 372 
6 373 50
6 374 3FE8
4 375 0
3 366 ->
4 367 0_5MM
4 368 ->
5 363 31
5 364 ROUND_PUNCH_GROUP
5 365 2
5 369 NULL
5 370 1
5 371 0
4 372 [1]
5 372 
6 373 50
6 374 3FE
4 375 0
3 366 ->
4 367 0_25MM
4 368 ->
5 363 31
5 364 ROUND_PUNCH_GROUP
5 365 2
5 369 NULL
5 370 1
5 371 0
4 372 [1]
5 372 
6 373 50
6 374 3FD
4 375 0
2 369 NULL
@edit_header 376 10
2 376 [7]
3 376 # Pro/TABLE
3 376 # 
3 376 [] S 92;
3 376 [] W 10;
3 376 [A] W  3;
3 376 [B] W 10;
3 376 [C] W 10;
2 370 1
@items 377 0
2 377 [1]
3 377 
@type 378 1
4 378 2
@id 379 1
4 379 -1
@name 380 10
4 380 d5
@invisible 381 1
4 381 0
2 371 2
@assembled_count 382 1
1 382 0
@part_type 383 1
1 383 1
@mat_name_ptr 384 10
1 384 NULL
@first_ent_id 385 1
1 385 519067
@first_view_id 386 1
1 386 0
@outline 387 2
1 387 [2][3]
$0,BFE,0
$402E,0,4024
@dim_num 388 1
1 388 6
@dim_array 389 0
1 389 [6]
2 389 ->
@type 390 1
3 390 8
@dim_type 391 1
3 391 5
@feat_id 392 1
3 392 7
@attributes 393 1
3 393 289
@dim_dat_ptr 394 0
3 394 ->
@value 395 2
4 395 4024
@bck_value 396 2
4 396 4024
@tol_ptr 397 0
4 397 ->
@type 398 1
5 398 9
@tol_type 399 1
5 399 3
@dual_digits_diff 400 1
5 400 999
@value 401 2
5 401 [2]
$2*3F50624DD2F1A9FC
@nominal_value 402 2
4 402 4024
@bound 403 1
4 403 20
@bck_bound 404 1
4 404 -1
@bck_tol_ptr 405 0
4 405 ->
@value 406 2
5 406 [2]
$2*3F50624DD2F1A9FC
@datum_def_id 407 1
4 407 -1
@places_denom 408 1
4 408 3
@bck_places_denom 409 1
4 409 3
@dim_data_attrib 410 1
4 410 0
@dim_cosm_ptr 411 0
3 411 ->
@d0 412 2
4 412 405D75F0BF4E6DB8
@d1 413 2
4 413 3FE352DC22A0C5E
@d2 414 2
4 414 3FD97F49F80386FD
@d3 415 2
4 415 403B1EDB6DB6DB6F
@ord_info 416 0
4 416 NULL
@attach_ptr 417 0
3 417 NULL
@dim_text_ptr 418 0
3 418 ->
@symbol 419 10
4 419 d0
@parent_dim_id 420 1
3 420 -1
2 389 ->
3 390 8
3 391 5
3 392 7
3 393 289
3 394 ->
4 395 402E
4 396 402E
4 397 ->
5 398 9
5 399 3
5 400 999
5 401 [2]
$2*3F50624DD2F1A9FC
4 402 402E
4 403 20
4 404 -1
4 405 ->
5 406 [2]
$2*3F50624DD2F1A9FC
4 407 -1
4 408 3
4 409 3
4 410 0
3 411 ->
4 412 3FDCC9F724517EAB
4 413 C04A12867C3513B1
4 414 3FE197BD299C5D8B
4 415 403B1EDB6DB6DB6F
4 416 NULL
3 417 NULL
3 418 ->
4 419 d1
3 420 -1
2 389 ->
3 390 8
3 391 209
3 392 7
3 393 257
3 394 ->
4 395 BFE
4 396 BFE
4 397 ->
5 398 9
5 399 3
5 400 999
5 401 [2]
$2*3F847AE147AE147B
4 402 BFE
4 403 20
4 404 -1
4 405 ->
5 406 [2]
$2*3F847AE147AE147B
4 407 -1
4 408 2
4 409 2
4 410 4
3 411 ->
4 412 0
4 413 0
4 414 0
4 415 0
4 416 NULL
3 417 NULL
3 418 ->
4 419 d2
@line_array 421 0
4 421 [1]
5 421 
@text_array 422 0
6 422 [2]
7 422 
@text_type 423 1
8 423 61
@text_value 424 10
8 424 
@txt_attrib 425 1
8 425 1025
@owner_id 426 1
8 426 2
@part_id 427 1
8 427 1
@height 428 2
8 428 BFF
@width_factor 429 2
8 429 BFF
@format_info 430 0
8 430 
@thickness 431 2
8 431 BFF
7 422 
8 423 58
8 424 THICK
8 425 1024
8 426 2
8 427 1
8 428 BFF
8 429 BFF
8 430 
8 431 BFF
3 420 -1
2 389 ->
3 390 8
3 391 2
3 392 58
3 393 289
3 394 ->
4 395 401E
4 396 401E
4 397 ->
5 398 9
5 399 3
5 400 999
5 401 [2]
$2*3F50624DD2F1A9FC
4 402 401E
4 403 20
4 404 -1
4 405 ->
5 406 [2]
$2*3F50624DD2F1A9FC
4 407 -1
4 408 3
4 409 3
4 410 0
3 411 ->
4 412 C05C9DF8483CE56E
4 413 406609B8B303431E
4 414 3FD469FC19817074
4 415 403B1EDB6DB6DB6E
4 416 NULL
3 417 NULL
3 418 ->
4 419 d3
3 420 -1
2 389 ->
3 390 8
3 391 2
3 392 58
3 393 289
3 394 ->
4 395 4014
4 396 4014
4 397 ->
5 398 9
5 399 3
5 400 999
5 401 [2]
$2*3F50624DD2F1A9FC
4 402 4014
4 403 20
4 404 -1
4 405 ->
5 406 [2]
$2*3F50624DD2F1A9FC
4 407 -1
4 408 3
4 409 3
4 410 0
3 411 ->
4 412 C055DB8990550FBC
4 413 3FE9D94E726F6BE9
4 414 3FE3FBAD9EA13367
4 415 403B1EDB6DB6DB6E
4 416 NULL
3 417 NULL
3 418 ->
4 419 d4
3 420 -1
2 389 ->
3 390 8
3 391 4
3 392 58
3 393 289
3 394 ->
4 395 4
4 396 4
4 397 ->
5 398 9
5 399 3
5 400 999
5 401 [2]
$2*3F50624DD2F1A9FC
4 402 4
4 403 20
4 404 -1
4 405 ->
5 406 [2]
$2*3F50624DD2F1A9FC
4 407 -1
4 408 3
4 409 3
4 410 0
3 411 ->
4 412 3FF
4 413 405603C8429C793D
4 414 BFDD6BD066537BC2
4 415 403B1EDB6DB6DB6E
4 416 NULL
3 417 NULL
3 418 ->
4 419 d5
4 421 [1]
5 421 
6 422 [2]
7 422 
8 423 54
8 424 n
8 425 1024
8 426 5
8 427 1
8 428 BFF
8 429 BFF
8 430 
8 431 BFF
7 422 
8 423 61
8 424 
8 425 1025
8 426 5
8 427 1
8 428 BFF
8 429 BFF
8 430 
8 431 BFF
3 420 -1
@ipar_num 432 1
1 432 0
@relpar_sets 433 0
1 433 [1]
2 433 
@id 434 1
3 434 -1
@type 435 1
3 435 2
@ext_ref_id 436 1
3 436 -1
@relatnum 437 1
3 437 0
@unit_arr 438 0
1 438 [2]
2 438 
@type 439 1
3 439 11
@factor 440 2
3 440 3FA42850A142850A
@name 441 10
3 441 MM
@unit_type 442 1
3 442 0
2 438 
3 439 2
3 440 3FF
3 441 POUND
3 442 1
@geom_lib_ptr 443 0
1 443 NULL
@first_quilt_ptr 444 1
1 444 40
@attrib_array 445 1
1 445 [1]
2 445 2
@smt_info_ptr 446 0
1 446 ->
@table_id 447 1
2 447 -1
@thicken_feat 448 0
2 448 NULL
@quilt_id 449 1
2 449 -1
@prev_feat_id 450 1
2 450 -1
@def_y_factor 451 2
2 451 3FE
@fixed_geom_id 452 1
2 452 -1
@def_radius 453 2
2 453 BFF
@cable_info_ptr 454 0
1 454 NULL
@comp_info_ptr 455 0
1 455 NULL
@max_part_size 456 2
1 456 403208E15D7019B3
@prt_misc_ptr 457 0
1 457 ->
@shrink_data_ptr 458 0
2 458 NULL
@smtl_geom_info 459 0
1 459 [8]
2 459 
3 272 15
3 273 2
3 274 41
2 459 
3 272 41
3 273 3
3 274 15
2 459 
3 272 52
3 273 1
3 274 -1
2 459 
3 272 54
3 273 1
3 274 -1
2 459 
3 272 56
3 273 1
3 274 -1
2 459 
3 272 57
3 273 1
3 274 -1
2 459 
3 272 79
3 273 1
3 274 -1
2 459 
3 272 80
3 273 1
3 274 -1
@expld_mv_info 460 0
1 460 NULL
@state_info_ptr 461 0
1 461 NULL
@alumni_feats 462 0
1 462 NULL
@model_name 463 10
1 463 ROUND_PUNCH_GROUP
@p_mdl_grid 464 0
1 464 NULL
@mdl_status_ptr 465 0
1 465 NULL
@cfg_states 466 0
1 466 NULL
@disp_outl_info 467 0
1 467 
@disp_outline 468 2
2 468 [2][3]
$BFB7159B58E16893,BFE2E2B36B1C2D12,BFB7159B58E16893
$402E2E2B36B1C2D1,3FB7159B58E16893,40242E2B36B1C2D1
@ribbon_info_ptr 469 0
1 469 NULL
@p_xref_data 470 0
1 470 ->
@View 471 0
0 471 ->
@id 472 1
1 472 0
@viewattr 473 0
1 473 
@attr_arr 474 1
2 474 [4]
$1,3*0
@mpoint 475 0
1 475 
@id 476 1
2 476 0
@coord 477 2
2 477 [3]
$401E,BFD,4014
@first_instr_ptr 478 0
2 478 NULL
@attach_ptr 479 0
2 479 NULL
@vpoint 480 0
1 480 
2 476 0
2 477 [3]
$407F4,407A5E,0
2 478 NULL
2 479 NULL
@orient 481 2
1 481 [4][4]
$3FED7954E7DBA2F8,0,3FD8EC3AE92B676B,0
$BFD385CE5246572,3FE3E43A9692E21C,3FE7167619F550A2,0
$BFCEFC077F3F36A6,BFE91103985DA841,3FE25240DD3851BF,0
$3*0,3FF
@local_sys 482 2
1 482 [4][4]
$40461F5814ABE2FA,0,4032B4D8D091304A,0
$C02D4E77204CA872,403DDC355E239EFB,4041543FF337286,0
$C027419708E59D8F,C042D074C041F84B,403B80C84182EA41,0
$406BD4802F844506,40834BDCE6D0E4D6,C070D26236A33E94,3FF
@first_instr_ptr 483 0
1 483 ->
@type 484 1
2 484 100
@geom_id 485 1
2 485 -1
@view_id 486 1
2 486 -1
@memb_num 487 1
2 487 0
@offset 488 2
2 488 0
@matrix 489 0
2 489 NULL
@next_instr_ptr 490 0
1 490 ->
2 484 301
2 485 -1
2 486 -1
2 487 0
2 488 404804B7BD3CCEB4
2 489 NULL
1 490 NULL
@outer_xsec_index 491 1
1 491 -1
@next_view_id 492 1
1 492 -2
@simp_rep_id 493 1
1 493 0
@name 494 10
1 494 no name
@matrix 495 2
1 495 [4][4]
$3FF,3*0
$0,3FF,2*0
$2*0,3FF,0
$3*0,3FF
@fit_outline 496 2
1 496 [2][3]
$4059,405518,C0725C52B9F04B2
$408C2,4087BB,40725C52B9F04B2
@det_info_ptr 497 0
1 497 NULL
@named_view_pzmatr 498 0
1 498 NULL
@page_id 499 1
1 499 0
@model_name 500 10
1 500 NULL
@unrep_model_name 501 10
1 501 NULL
@assem_merge_parts 502 0
0 502 ->
#END_OF_UGC
