#UGC:2 PART 830 340 0 1 1 15 1500 9537 \
#- VERS 0 0                                                          \
#- HOST                                                              \
#- LINK                                                              \
#- DBID                                                              \
#- REVS 0,                                                           \
#- RELL 0,                                                           \
#-END_OF_UGC_HEADER
#P_OBJECT 6
@P_object 1 0
0 1 ->
@dep_db 2 0
1 2 ->
@usr_rev 3 0
1 3 [9]
2 3 
@name 4 10
3 4 USER
@mod_time 5 0
3 5 
@tm_sec 6 1
4 6 58
@tm_min 7 1
4 7 39
@tm_hour 8 1
4 8 23
@tm_mday 9 1
4 9 9
@tm_mon 10 1
4 10 9
@tm_year 11 1
4 11 93
@action 12 1
3 12 1000
@comment 13 10
3 13 Hostname: 'bergen'
@rel_level 14 10
3 14 
@rev_string 15 10
3 15 
2 3 
3 4 USER
3 5 
4 6 54
4 7 47
4 8 0
4 9 13
4 10 9
4 11 93
3 12 1000
3 13 Hostname: 'tristan'
3 14 
3 15 
2 3 
3 4 USER
3 5 
4 6 45
4 7 46
4 8 17
4 9 13
4 10 9
4 11 93
3 12 1000
3 13 Hostname: 'bergen'
3 14 
3 15 
2 3 
3 4 USER
3 5 
4 6 13
4 7 46
4 8 23
4 9 13
4 10 9
4 11 93
3 12 1000
3 13 Hostname: 'tristan'
3 14 
3 15 
2 3 
3 4 USER
3 5 
4 6 43
4 7 25
4 8 22
4 9 30
4 10 9
4 11 93
3 12 1000
3 13 Hostname: 'bergen'
3 14 
3 15 
2 3 
3 4 ADMINISTRATOR
3 5 
4 6 52
4 7 42
4 8 17
4 9 6
4 10 10
4 11 93
3 12 1000
3 13 Hostname: 'AUTO14'
3 14 
3 15 
2 3 
3 4 USER
3 5 
4 6 37
4 7 14
4 8 17
4 9 15
4 10 10
4 11 93
3 12 1000
3 13 Hostname: 'bergen'
3 14 
3 15 
2 3 
3 4 USER
3 5 
4 6 32
4 7 8
4 8 19
4 9 23
4 10 10
4 11 93
3 12 1000
3 13 Hostname: 'kyushu'
3 14 
3 15 
2 3 
3 4 SETH
3 5 
4 6 12
4 7 5
4 8 20
4 9 12
4 10 9
4 11 95
3 12 1000
3 13 Hostname: 'eire'
3 14 
3 15 
@revnum_std 16 1
1 16 5
@flag 17 1
1 17 0
@name 18 10
1 18 NULL
@inst_hidden 19 1
1 19 0
@old_name 20 10
1 20 NULL
@appl_data 21 0
1 21 ->
@bounding_box 22 2
2 22 [2][3]
$3*0
$4062C,3FF8,4059
#END_OF_P_OBJECT
#Pro/ENGINEER  TM  Version E-07-24  (c) 1988-95 by Parametric Technology Corporation  All Rights Reserved. 9537
@Solid 23 0
0 23 ->
@tab_key 24 1
1 24 0
@tab_key_struct 25 0
1 25 ->
@tab_key_ptr 26 0
2 26 [589]
@type 27 1
1 27 2
@revnum_ptr 28 0
1 28 ->
@geom_revnum 29 1
2 29 1002
@cosm_revnum 30 1
2 30 68
@first_member_ptr 31 0
1 31 NULL
@alumni_members 32 0
1 32 NULL
@frst_geom_ptr 33 1
1 33 2
@first_feat_ptr 34 0
1 34 ->
@id 35 1
2 35 1
@indep_attributes 36 1
2 36 1
@feat_type_ptr 37 0
2 37 ->
@table_id 38 1
3 38 0
@type 39 1
3 39 0
@form 40 1
3 40 129
@attributes 41 1
3 41 [3]
$0,65536,0
@placement 42 1
3 42 0
@intersection 43 1
3 43 991
@internal_udf_type 44 1
3 44 -1
@param_choice_ptr 45 0
3 45 ->
@blend_choice 46 1
4 46 0
@depth_choice 47 1
4 47 1
@angle_choice 48 1
4 48 -1
@pat_choice 49 1
4 49 970
@round_choice 50 1
4 50 -1
@subsec_choice 51 1
4 51 -1
@sweep_choice 52 1
4 52 0
@dome_choice 53 1
4 53 0
@draft_choice 54 1
4 54 0
@misc_choice 55 1
4 55 0
@assoc_type 56 1
3 56 0
@symbol_key 57 1
2 57 -1
@sect_name 58 10
2 58 no_name
@model_type 59 1
2 59 2
@idtab_ptr 60 0
2 60 ->
@srf_id_arr 61 1
3 61 [6][4]
$2,204,2*0
$7,203,2*0
$12,200,2*0
$14,200,2,0
$16,200,1,0
$18,200,3,0
@edg_id_arr 62 1
3 62 [12][6]
$3,221,3*0,2
$4,221,2,2*0,2
$5,221,1,2*0,2
$6,221,3,2*0,2
$8,222,3*0,12
$9,222,2,2*0,14
$10,222,1,2*0,16
$11,222,3,2*0,18
$13,220,3*0,12
$15,220,2,2*0,14
$17,220,1,2*0,16
$19,220,3,2*0,18
@par_id_tab 63 1
3 63 [1]
4 63 2
@save_geoms 64 0
3 64 ->
@sv_frst_geom 65 1
4 65 2
@cr_flags_xar 66 1
3 66 [17]
$2*-1,-1025,-2049,268435455,-1,8191,0,2048,5*0,2097152,2*0
@cvt_feat_dat 67 0
3 67 NULL
@feat_dates_ptr 68 0
3 68 ->
@creat_date 69 1
4 69 0
@regen_date 70 1
4 70 150023
@geometry 71 0
2 71 
@srf_array 72 0
3 72 [6]
4 72 ->
@geom_type 73 1
5 73 34
@geom_id 74 1
5 74 2
@feat_id 75 1
5 75 1
@boundary_type 76 1
5 76 0
@envlp 77 2
5 77 [2][2]
$2*0
$4062C,3FF8
@srf_prim_ptr(plane) 78 0
5 78 ->
@local_sys 79 2
6 79 [4][3]
$3FF,2*0
$0,3FF,0
$2*0,3FF
$3*0
@frst_cntr_ptr 80 0
5 80 ->
@frst_cntr_crv_hdr_ptr 81 1
6 81 3
@trv 82 1
6 82 1
@envlp 83 2
6 83 [2][2]
$2*0
$4062C,3FF8
@next_cntr_ptr 84 0
5 84 NULL
@next_geom_ptr 85 1
5 85 7
@orient 86 1
5 86 -1
@outline 87 2
5 87 [2][3]
$3*0
$4062C,3FF8,0
4 72 ->
5 73 34
5 74 7
5 75 1
5 76 0
5 77 [2][2]
$2*0
$4062C,3FF8
5 78 ->
6 79 [4][3]
$3FF,2*0
$0,3FF,0
$2*0,3FF
$2*0,4059
5 80 ->
6 81 8
6 82 1
6 83 [2][2]
$2*0
$4062C,3FF8
5 84 NULL
5 85 12
5 86 1
5 87 [2][3]
$2*0,4059
$4062C,3FF8,4059
4 72 ->
5 73 34
5 74 12
5 75 1
5 76 0
5 77 [2][2]
$2*0
$4062C,4059
5 78 ->
6 79 [4][3]
$3FF,2*0
$2*0,BFF
$0,3FF,0
$3*0
5 80 ->
6 81 3
6 82 1
6 83 [2][2]
$2*0
$4062C,4059
5 84 ->
6 81 445
6 82 -1
6 83 [2][2]
$401E,401DF8B2C3B9A7ED
$4029,402903A69E232C0A
5 84 ->
6 81 468
6 82 -1
6 83 [2][2]
$401E,4055DF8B2C3B9A7F
$4029,40572074D3C46581
5 84 ->
6 81 494
6 82 -1
6 83 [2][2]
$40613,401DF8B2C3B9A7ED
$4061D,402903A69E232C0A
5 84 ->
6 81 514
6 82 -1
6 83 [2][2]
$40613,4055DF8B2C3B9A7F
$4061D,40572074D3C46581
5 84 NULL
5 85 14
5 86 1
5 87 [2][3]
$3*0
$4062C,0,4059
4 72 ->
5 73 34
5 74 14
5 75 1
5 76 0
5 77 [2][2]
$2*0
$3FF8,4059
5 78 ->
6 79 [4][3]
$2*0,3FF
$3FF,2*0
$0,3FF,0
$4062C,2*0
5 80 ->
6 81 4
6 82 1
6 83 [2][2]
$2*0
$3FF8,4059
5 84 NULL
5 85 16
5 86 1
5 87 [2][3]
$4062C,2*0
$4062C,3FF8,4059
4 72 ->
5 73 34
5 74 16
5 75 1
5 76 0
5 77 [2][2]
$2*0
$4062C,4059
5 78 ->
6 79 [4][3]
$BFF,2*0
$2*0,3FF
$0,3FF,0
$4062C,3FF8,0
5 80 ->
6 81 5
6 82 1
6 83 [2][2]
$2*0
$4062C,4059
5 84 ->
6 81 447
6 82 -1
6 83 [2][2]
$40613,401DF8B2C3B9A7ED
$4061D,402903A69E232C0A
5 84 ->
6 81 470
6 82 -1
6 83 [2][2]
$40613,4055DF8B2C3B9A7F
$4061D,40572074D3C46581
5 84 ->
6 81 496
6 82 -1
6 83 [2][2]
$401E,401DF8B2C3B9A7ED
$4029,402903A69E232C0A
5 84 ->
6 81 516
6 82 -1
6 83 [2][2]
$401E,4055DF8B2C3B9A7F
$4029,40572074D3C46581
5 84 NULL
5 85 18
5 86 1
5 87 [2][3]
$0,3FF8,0
$4062C,3FF8,4059
4 72 ->
5 73 34
5 74 18
5 75 1
5 76 0
5 77 [2][2]
$2*0
$3FF8,4059
5 78 ->
6 79 [4][3]
$2*0,BFF
$BFF,2*0
$0,3FF,0
$0,3FF8,0
5 80 ->
6 81 6
6 82 1
6 83 [2][2]
$2*0
$3FF8,4059
5 84 NULL
5 85 439
5 86 1
5 87 [2][3]
$3*0
$0,3FF8,4059
@crv_array 88 0
3 88 [12]
4 88 ->
@crv_id 89 1
5 89 3
@feat_id 90 1
5 90 1
@type 91 1
5 91 0
@crv_pnt_dir 92 1
5 92 [2]
$1,-1
@crv_pnt_arr 93 2
5 93 [2][4]
$4*0
$4062C,0,4062C,0
@crv_hdr_geom_ptr[0] 94 1
5 94 2
@crv_hdr_geom_ptr[1] 95 1
5 95 12
@next_crv_hdr_ptr[0] 96 1
5 96 4
@next_crv_hdr_ptr[1] 97 1
5 97 13
@ref_geom[0] 98 1
5 98 0
@ref_geom[1] 99 1
5 99 0
4 88 ->
5 89 4
5 90 1
5 91 0
5 92 [2]
$1,-1
5 93 [2][4]
$4062C,3*0
$4062C,2*3FF8,0
5 94 2
5 95 14
5 96 5
5 97 15
5 98 0
5 99 0
4 88 ->
5 89 5
5 90 1
5 91 0
5 92 [2]
$1,-1
5 93 [2][4]
$4062C,3FF8,2*0
$0,3FF8,4062C,0
5 94 2
5 95 16
5 96 6
5 97 17
5 98 0
5 99 0
4 88 ->
5 89 6
5 90 1
5 91 0
5 92 [2]
$1,-1
5 93 [2][4]
$0,3FF8,2*0
$2*0,3FF8,0
5 94 2
5 95 18
5 96 3
5 97 19
5 98 0
5 99 0
4 88 ->
5 89 8
5 90 1
5 91 0
5 92 [2]
$-1,1
5 93 [2][4]
$3*0,4059
$4062C,0,4062C,4059
5 94 7
5 95 12
5 96 11
5 97 15
5 98 0
5 99 0
4 88 ->
5 89 9
5 90 1
5 91 0
5 92 [2]
$-1,1
5 93 [2][4]
$4062C,2*0,4059
$4062C,2*3FF8,4059
5 94 7
5 95 14
5 96 8
5 97 17
5 98 0
5 99 0
4 88 ->
5 89 10
5 90 1
5 91 0
5 92 [2]
$-1,1
5 93 [2][4]
$4062C,3FF8,0,4059
$0,3FF8,4062C,4059
5 94 7
5 95 16
5 96 9
5 97 19
5 98 0
5 99 0
4 88 ->
5 89 11
5 90 1
5 91 0
5 92 [2]
$-1,1
5 93 [2][4]
$0,3FF8,0,4059
$2*0,3FF8,4059
5 94 7
5 95 18
5 96 10
5 97 13
5 98 0
5 99 0
4 88 ->
5 89 13
5 90 1
5 91 0
5 92 [2]
$1,-1
5 93 [2][4]
$2*0,3FF8,0
$0,4059,3FF8,4059
5 94 12
5 95 18
5 96 8
5 97 6
5 98 0
5 99 0
4 88 ->
5 89 15
5 90 1
5 91 0
5 92 [2]
$1,-1
5 93 [2][4]
$2*0,4062C,0
$0,4059,4062C,4059
5 94 14
5 95 12
5 96 9
5 97 3
5 98 0
5 99 0
4 88 ->
5 89 17
5 90 1
5 91 0
5 92 [2]
$1,-1
5 93 [2][4]
$2*0,3FF8,0
$0,4059,3FF8,4059
5 94 16
5 95 14
5 96 10
5 97 4
5 98 0
5 99 0
4 88 ->
5 89 19
5 90 1
5 91 0
5 92 [2]
$1,-1
5 93 [2][4]
$2*0,4062C,0
$0,4059,4062C,4059
5 94 18
5 95 16
5 96 11
5 97 5
5 98 0
5 99 0
@group_info_ptr 100 0
2 100 NULL
@intrs_pairs_ptr 101 0
2 101 ->
@place_rec_ptr 102 0
2 102 ->
@local_sys 103 2
3 103 [4][3]
$3FF,2*0
$0,3FF,0
$2*0,3FF
$3*0
@place_instruction_ptrs 104 0
3 104 [1]
4 104 ->
@type 105 1
5 105 1853
@offset 106 2
5 106 0
@dim_id 107 1
5 107 1
@ref_id 108 1
5 108 -1
@geometry1_id 109 1
5 109 -1
@geometry2_id 110 1
5 110 -1
@memb_num1 111 1
5 111 0
@memb_num2 112 1
5 112 0
@attr 113 1
5 113 0
@own_ref_id 114 1
3 114 -1
@orient 115 1
3 115 0
@trf_arr 116 0
3 116 [1]
4 116 
@type 117 1
5 117 12
@idx 118 1
5 118 0
@transf 119 2
5 119 [4][3]
$3FF,2*0
$0,3FF,0
$2*0,3FF
$3*0
@next_prop 120 0
2 120 NULL
@first_geom_id 121 1
2 121 2
@gsec_ptr 122 0
2 122 [1]
3 122 
@type 123 1
4 123 1
@name 124 10
4 124 S2D0001
@gsec2d_ptr 125 0
4 125 ->
@name 126 10
5 126 S2D0001
@segtab_ptr 127 0
5 127 [1]
6 127 
@type 128 1
7 128 2
@dir 129 1
7 129 [3]
$1,2*0
@pointid 130 1
7 130 [2]
$0,1
@cntrid 131 1
7 131 1
@arcorient 132 1
7 132 0
@verhor 133 1
7 133 1
@radius 134 1
7 134 0
@ext_id 135 1
7 135 0
@gen_info 136 0
7 136 
@known_ent_info 137 0
7 137 
@attr 138 1
8 138 0
@known_ent_id 139 1
8 139 -1
@dimtab_ptr 140 0
5 140 [1]
6 140 
@type 141 1
7 141 1
@value 142 2
7 142 4062C
@direct 143 1
7 143 0
@property 144 1
7 144 0
@leftpt 145 1
7 145 [2]
@rightpt 146 1
7 146 [2]
@offset 147 2
7 147 0
@ext_id 148 1
7 148 0
@dispdimattr 149 0
7 149 
@dimattr 150 1
8 150 [2]
$18,0
@dim_ref 151 0
7 151 [2]
8 151 
@item_id 152 1
9 152 0
@sense 153 1
9 153 -1
@point 154 1
9 154 [2]
$2*0
8 151 
9 152 -1
9 153 0
9 154 [2]
$2*1
@relat_ptr 155 0
5 155 [2]
6 155 
@used 156 1
7 156 1
@a 157 1
7 157 [4]
$0,1,2*-1
@b 158 1
7 158 [4]
$2*1,2*0
@c 159 2
7 159 [4]
$3FF,BFF,2*3FF
@sign 160 1
7 160 0
@idim 161 1
7 161 0
@type 162 1
7 162 0
6 155 
7 156 1
7 157 [4]
$0,1,2*-1
7 158 [4]
$4*0
7 159 [4]
$3FF,BFF,2*3FF
7 160 1
7 161 0
7 162 0
@formula_ptr 163 1
5 163 [2]
$0,1
@qind 164 1
5 164 0
@totalpointid 165 1
5 165 2
@checkarcs_flag 166 1
5 166 1
@location 167 0
5 167 ->
@id 168 1
6 168 0
@param 169 2
6 169 0
@type 170 1
6 170 0
@nsket_info 171 0
5 171 ->
@scale 172 2
6 172 0
@m 173 1
6 173 0
@last_was_permanent 174 1
6 174 0
@unsolved_ptr 175 0
5 175 ->
@iges_file 176 10
6 176 NULL
@solve_version 177 1
5 177 1
@segdscr_tab 178 0
5 178 [1]
6 178 
@ent_mode 179 1
7 179 0
@order_ptr 180 0
4 180 [1]
5 180 
@id 181 1
6 181 0
@flip 182 1
6 182 142
@dim_id_tab 183 1
4 183 [1]
5 183 0
@attributes 184 1
4 184 0
@xsec_id 185 1
4 185 -1
@secsolve_revnum 186 1
4 186 0
@rel_accuracy 187 2
4 187 BFF
@p_saved_result 188 0
4 188 ->
@entity(line) 189 0
5 189 ->
@id 190 1
6 190 0
@gen_info 191 0
6 191 
@end1 192 2
6 192 [3]
$3*0
@end2 193 2
6 193 [3]
$4062C,2*0
@local_sys 194 2
5 194 [4][3]
$3FF,2*0
$0,3FF,0
$2*0,3FF
$3*0
@cond_tbl_idx 195 1
2 195 -1
@comment 196 10
2 196 NULL
@merge_info_ptr 197 0
2 197 NULL
@topology_increment 198 0
2 198 ->
@crv_type 199 0
3 199 [12]
4 199 
@p_crv 200 1
5 200 3
@crv_type 201 1
5 201 7
4 199 
5 200 4
5 201 7
4 199 
5 200 5
5 201 7
4 199 
5 200 6
5 201 7
4 199 
5 200 8
5 201 7
4 199 
5 200 9
5 201 7
4 199 
5 200 10
5 201 7
4 199 
5 200 11
5 201 7
4 199 
5 200 13
5 201 7
4 199 
5 200 15
5 201 7
4 199 
5 200 17
5 201 7
4 199 
5 200 19
5 201 7
@first_geom 202 1
3 202 0
@first_quilt 203 1
3 203 0
@outline 204 2
3 204 [2][3]
$3*0
$3*0
@max_part_size 205 2
3 205 0
@xform_increment 206 0
3 206 NULL
@roll_back_id 207 1
3 207 -1
@state_ind 208 1
2 208 -1
@alumni_info 209 0
2 209 NULL
@revnum 210 1
2 210 0
@rev_rec 211 0
2 211 ->
@num_plins 212 1
3 212 1
@next_feat_ptr 213 0
1 213 ->
2 35 332
2 36 1
2 37 ->
3 38 63
3 39 979
3 40 0
3 41 [3]
$3*0
3 42 0
3 43 -1
3 44 -1
3 45 ->
4 46 0
4 47 0
4 48 -1
4 49 -1
4 50 -1
4 51 -1
4 52 0
4 53 0
4 54 0
4 55 1
3 56 0
2 57 -1
2 58 no_name
2 59 2
@entity(coord_sys) 214 0
2 214 ->
@type 215 1
3 215 18
@id 216 1
3 216 333
@gen_info 217 0
3 217 
@color 218 1
4 218 1
@sys_type 219 1
3 219 -1
@pnt_type 220 1
3 220 -1
@radius 221 2
3 221 0
@local_sys 222 2
3 222 [4][3]
$BFF,2*0
$2*0,3FF
$0,3FF,0
$4062C,2*0
@feat_id 223 1
3 223 332
@entity(text) 224 0
2 224 ->
@text_type 225 1
3 225 34
@text_value 226 10
3 226 SIGNAL_CSYS
@txt_attrib 227 1
3 227 1
@coord 228 2
3 228 [3]
$408C7,40836029C908B14R,3FC809B4FFC018
@owner_id 229 1
3 229 333
@part_id 230 1
3 230 0
@height 231 2
3 231 BFF
@width_factor 232 2
3 232 BFF
@format_info 233 0
3 233 
@thickness 234 2
3 234 BFF
2 60 ->
@misc_id_tab 235 0
3 235 [1]
4 235 
@misc_hist 236 1
5 236 [5]
$333,534,0,-1,500
3 64 NULL
3 66 [17]
$2*-1,-1025,-2049,268435455,-1,8191,0,2048,5*0,2097152,2*0
3 67 NULL
3 68 ->
4 69 0
4 70 150023
2 71 
2 100 NULL
2 101 ->
2 102 ->
3 103 [4][3]
$BFF,2*0
$2*0,3FF
$0,3FF,0
$4062C,2*0
3 104 [5]
4 104 ->
5 105 1240
5 106 0
5 107 -1
5 108 -1
5 109 12
5 110 -1
5 111 0
5 112 0
5 113 0
4 104 ->
5 105 1240
5 106 0
5 107 -1
5 108 -1
5 109 2
5 110 -1
5 111 0
5 112 0
5 113 0
4 104 ->
5 105 1240
5 106 0
5 107 -1
5 108 -1
5 109 14
5 110 -1
5 111 0
5 112 0
5 113 0
4 104 ->
5 105 1270
5 106 C008
5 107 -1
5 108 -1
5 109 -1
5 110 -1
5 111 0
5 112 0
5 113 0
4 104 ->
5 105 1271
5 106 C
5 107 -1
5 108 -1
5 109 -1
5 110 -1
5 111 0
5 112 0
5 113 0
3 114 -1
3 115 0
3 116 [1]
4 116 
5 117 10
5 118 0
5 119 [4][3]
$BFF,2*0
$2*0,3FF
$0,3FF,0
$4062C,2*0
2 120 NULL
2 121 -1
2 195 -1
2 196 NULL
2 197 NULL
@parent_table 237 1
2 237 [1]
3 237 1
2 198 ->
3 202 2
3 203 0
3 204 [2][3]
$3*0
$4062C,3FF8,4059
3 205 40668914EC371328
3 206 NULL
3 207 -1
2 208 -1
2 209 NULL
2 210 0
2 211 ->
3 212 5
1 213 ->
2 35 428
2 36 1
2 37 ->
3 38 13
3 39 923
3 40 0
3 41 [3]
$3,2*0
3 42 0
3 43 -1
3 44 -1
3 45 ->
4 46 0
4 47 0
4 48 -1
4 49 970
4 50 -1
4 51 -1
4 52 0
4 53 0
4 54 0
4 55 0
3 56 0
2 57 -1
2 58 no_name
2 59 2
2 60 ->
3 61 [1][4]
$429,3*0
3 64 NULL
3 66 [17]
$2*-1,-1025,-2049,268435455,-1,8191,0,2048,5*0,2097152,2*0
3 67 NULL
3 68 ->
4 69 0
4 70 150023
2 71 
3 72 [1]
4 72 ->
5 73 34
5 74 429
5 75 428
5 76 -1
5 77 [2][2]
$2*0
$2*0
5 78 ->
6 79 [4][3]
$0,BFF,0
$3FF,2*0
$2*0,3FF
$405C970A3D70A3D7,3FF8,0
5 80 NULL
5 85 0
5 86 1
5 87 [2][3]
$3*0
$3*0
2 100 NULL
2 101 ->
2 102 ->
3 103 [4][3]
$0,BFF,0
$3FF,2*0
$2*0,3FF
$405C970A3D70A3D7,3FF8,0
3 104 [2]
4 104 ->
5 105 504
5 106 3FF
5 107 -1
5 108 -1
5 109 16
5 110 429
5 111 0
5 112 0
5 113 32768
@plin_info_arr 238 0
5 238 [1]
6 238 ->
@type 239 1
7 239 1
@data(plin_info_ref) 240 0
7 240 ->
@id_type1 241 1
8 241 -4
@id_type2 242 1
8 242 5
@offset2 243 2
8 243 0
4 104 ->
5 105 502
5 106 3FF
5 107 -1
5 108 -1
5 109 5
5 110 429
5 111 0
5 112 0
5 113 32768
5 238 [1]
6 238 ->
7 239 1
7 240 ->
8 241 -4
8 242 5
8 243 0
3 114 -1
3 115 1
3 116 [1]
4 116 
5 117 11
5 118 0
5 119 [4][3]
$0,BFF,0
$3FF,2*0
$2*0,3FF
$405C970A3D70A3D7,3FF8,0
2 120 NULL
2 121 429
2 195 -1
2 196 NULL
2 197 NULL
2 237 [1]
3 237 1
2 198 ->
3 202 2
3 203 0
3 204 [2][3]
$3*0
$4062C,3FF8,4059
3 205 40668914EC371328
3 206 NULL
3 207 -1
2 208 -1
2 209 NULL
2 210 0
2 211 ->
3 212 2
1 213 ->
2 35 430
2 36 1
2 37 ->
3 38 13
3 39 923
3 40 0
3 41 [3]
$3,2*0
3 42 0
3 43 -1
3 44 -1
3 45 ->
4 46 0
4 47 0
4 48 -1
4 49 970
4 50 -1
4 51 -1
4 52 0
4 53 0
4 54 0
4 55 0
3 56 0
2 57 -1
2 58 no_name
2 59 2
2 60 ->
3 61 [1][4]
$431,3*0
3 64 NULL
3 66 [17]
$2*-1,-1025,-2049,268435455,-1,8191,0,2048,5*0,2097152,2*0
3 67 NULL
3 68 ->
4 69 0
4 70 150023
2 71 
3 72 [1]
4 72 ->
5 73 34
5 74 431
5 75 430
5 76 -1
5 77 [2][2]
$2*0
$2*0
5 78 ->
6 79 [4][3]
$2*0,3FF
$3FF,2*0
$0,3FF,0
$0,3FF8,4037C28F5C28F5C4
5 80 NULL
5 85 0
5 86 1
5 87 [2][3]
$3*0
$3*0
2 100 NULL
2 101 ->
2 102 ->
3 103 [4][3]
$2*0,3FF
$3FF,2*0
$0,3FF,0
$0,3FF8,4037C28F5C28F5C4
3 104 [2]
4 104 ->
5 105 504
5 106 3FF
5 107 -1
5 108 -1
5 109 16
5 110 431
5 111 0
5 112 0
5 113 32768
5 238 [1]
6 238 ->
7 239 1
7 240 ->
8 241 -4
8 242 5
8 243 0
4 104 ->
5 105 502
5 106 3FF
5 107 -1
5 108 -1
5 109 19
5 110 431
5 111 0
5 112 0
5 113 32768
5 238 [1]
6 238 ->
7 239 1
7 240 ->
8 241 -4
8 242 5
8 243 0
3 114 -1
3 115 1
3 116 [1]
4 116 
5 117 11
5 118 0
5 119 [4][3]
$2*0,3FF
$3FF,2*0
$0,3FF,0
$0,3FF8,4037C28F5C28F5C4
2 120 NULL
2 121 431
2 195 -1
2 196 NULL
2 197 NULL
2 237 [1]
3 237 1
2 198 ->
3 202 2
3 203 0
3 204 [2][3]
$3*0
$4062C,3FF8,4059
3 205 40668914EC371328
3 206 NULL
3 207 -1
2 208 -1
2 209 NULL
2 210 0
2 211 ->
3 212 2
1 213 ->
2 35 427
2 36 1
2 37 ->
3 38 1
3 39 911
3 40 1
3 41 [3]
$0,65536,0
3 42 1
3 43 991
3 44 -1
3 45 ->
4 46 0
4 47 1052672
4 48 -1
4 49 970
4 50 -1
4 51 -1
4 52 0
4 53 0
4 54 0
4 55 0
3 56 0
2 57 -1
2 58 no_name
2 59 2
@entity(line3d) 244 0
2 244 ->
@type 245 1
3 245 11
@id 246 1
3 246 443
@gen_info 247 0
3 247 
@geom_id 248 1
3 248 439
@end1 249 2
3 249 [3]
$4024,3FF8,4024
@end2 250 2
3 250 [3]
$401E,3FF8,4024
2 244 ->
3 245 13
3 246 444
3 247 
4 218 1
3 248 439
3 249 [3]
$4024,3FF8,4024
3 250 [3]
$4024,0,4024
2 224 ->
3 225 19
3 226 A_7
3 227 1
3 228 [3]
$406F8974C4546F0F,408210EA5C305D6,C06D475EA032D8DE
3 229 -1
3 230 11
3 231 BFF
3 232 BFF
3 233 
3 234 BFF
2 60 ->
3 61 [4][4]
$433,204,2*0
$436,203,2*0
$439,200,2*0
$441,200,-1,0
3 62 [12][6]
$434,221,3*0,439
$435,221,-1,2*0,441
$437,222,3*0,436
$438,222,-1,2*0,436
$440,220,3*0,441
$442,220,-1,2*0,439
$445,223,12,439,0,12
$446,223,12,441,0,12
$447,226,16,439,0,439
$448,226,16,441,0,441
$449,224,440,2*0,441
$450,224,442,2*0,439
3 235 [2]
4 235 
5 236 [5]
$443,530,439,-1,500
4 235 
5 236 [5]
$444,531,439,-1,500
3 63 [1]
4 63 53
@dtm_id_tab 251 0
3 251 [2]
4 251 
@dtm_id 252 1
5 252 429
@dim_id 253 1
5 253 -1
4 251 
5 252 431
5 253 -1
3 64 ->
@new_edges 254 1
4 254 [6]
$445,446,447,448,449,450
4 65 433
3 66 [17]
$2*-1,-1025,-2049,268435455,-1,8191,0,2048,5*0,2097152,2*0
3 67 NULL
3 68 ->
4 69 0
4 70 150023
2 71 
3 72 [4]
4 72 ->
5 73 34
5 74 433
5 75 427
5 76 -1
5 77 [2][2]
$2*C004
$2*4004
5 78 ->
6 79 [4][3]
$3FF,2*0
$2*0,BFF
$0,3FF,0
$4024,3FF8,4024
5 80 ->
6 81 434
6 82 1
6 83 [2][2]
$2*C004
$2*4004
5 84 NULL
5 85 436
5 86 1
5 87 [2][3]
$401E,3FF8,401E
$4029,3FF8,4029
4 72 ->
5 73 34
5 74 436
5 75 427
5 76 -1
5 77 [2][2]
$2*C004
$2*4004
5 78 ->
6 79 [4][3]
$3FF,2*0
$2*0,BFF
$0,3FF,0
$4024,BFC7134DAAEB6138,4024
5 80 ->
6 81 437
6 82 1
6 83 [2][2]
$2*C004
$2*4004
5 84 NULL
5 85 0
5 86 -1
5 87 [2][3]
$401E,BFC7134DAAEB6138,401E
$4029,BFC7134DAAEB6138,4029
4 72 ->
5 73 36
5 74 439
5 75 427
5 76 0
5 77 [2][2]
$2*0
$400921FB54442D18,3FF8
@srf_prim_ptr(cylinder) 255 0
5 255 ->
@local_sys 256 2
6 256 [4][3]
$3FF,2*0
$2*0,BFF
$0,3FF,0
$4024,3FF8,4024
@radius 257 2
6 257 4004
5 80 ->
6 81 445
6 82 1
6 83 [2][2]
$2*0
$400921FB54442D18,3FF8
5 84 NULL
5 85 441
5 86 -1
5 87 [2][3]
$401E,0,4024
$4029,3FF8,4029
4 72 ->
5 73 36
5 74 441
5 75 427
5 76 0
5 77 [2][2]
$400921FB54442D18,0
$401921FB54442D18,3FF8
5 255 ->
6 256 [4][3]
$3FF,2*0
$2*0,BFF
$0,3FF,0
$4024,3FF8,4024
6 257 4004
5 80 ->
6 81 446
6 82 1
6 83 [2][2]
$400921FB54442D18,0
$401921FB54442D18,3FF8
5 84 NULL
5 85 462
5 86 -1
5 87 [2][3]
$401E,0,401E
$4029,3FF8,4024
3 88 [12]
4 88 ->
5 89 434
5 90 427
5 91 0
5 92 [2]
$-1,1
5 93 [11][4]
$4004,3*0
$40030568CC0AB51F,3FE8B8AB04FBE3A4,3FD41B2F769CF0E1,0
$40002E2AC13EF8E9,3FF782EBC592B0F6,3FE41B2F769CF0E,0
$3FF782EBC592B0F6,40002E2AC13EF8E9,3FEE28C731EB695,0
$3FE8B8AB04FBE3A4,40030568CC0AB51F,3FF41B2F769CF0E,0
$0,4004,3FF921FB54442D18,0
$BFE8B8AB04FBE3A4,40030568CC0AB51F,3FFE28C731EB695,0
$BFF782EBC592B0F6,40002E2AC13EF8E9,400197C987C952C4,0
$C0002E2AC13EF8E9,3FF782EBC592B0F6,40041B2F769CF0E,0
$C0030568CC0AB51F,3FE8B8AB04FBE3A4,40069E9565708EFC,0
$C004,0,400921FB54442D18,0
5 94 433
5 95 439
5 96 435
5 97 442
5 98 0
5 99 0
4 88 ->
5 89 435
5 90 427
5 91 0
5 92 [2]
$-1,1
5 93 [11][4]
$C004,0,400921FB54442D18,0
$C0030568CC0AB51F,BFE8B8AB04FBE3A4,400BA5614317CB34,0
$C0002E2AC13EF8E9,BFF782EBC592B0F6,400E28C731EB695,0
$BFF782EBC592B0F6,C0002E2AC13EF8E9,40105616905F83B6,0
$BFE8B8AB04FBE3A4,C0030568CC0AB51F,401197C987C952C4,0
$0,C004,4012D97C7F3321D2,0
$3FE8B8AB04FBE3A4,C0030568CC0AB51F,40141B2F769CF0E,0
$3FF782EBC592B0F6,C0002E2AC13EF8E9,40155CE26E06BFER,0
$40002E2AC13EF8E9,BFF782EBC592B0F6,40169E9565708EFC,0
$40030568CC0AB51F,BFE8B8AB04FBE3A4,4017E0485CDA5E0A,0
$4004,0,401921FB54442D18,0
5 94 433
5 95 441
5 96 434
5 97 440
5 98 0
5 99 0
4 88 ->
5 89 437
5 90 427
5 91 0
5 92 [2]
$1,-1
5 93 [11][4]
$4004,2*0,3FFAE269B55D6C27
$40030568CC0AB51F,3FE8B8AB04FBE3A4,3FD41B2F769CF0E1,3FFAE269B55D6C27
$40002E2AC13EF8E9,3FF782EBC592B0F6,3FE41B2F769CF0E,3FFAE269B55D6C27
$3FF782EBC592B0F6,40002E2AC13EF8E9,3FEE28C731EB695,3FFAE269B55D6C27
$3FE8B8AB04FBE3A4,40030568CC0AB51F,3FF41B2F769CF0E,3FFAE269B55D6C27
$0,4004,3FF921FB54442D18,3FFAE269B55D6C27
$BFE8B8AB04FBE3A4,40030568CC0AB51F,3FFE28C731EB695,3FFAE269B55D6C27
$BFF782EBC592B0F6,40002E2AC13EF8E9,400197C987C952C4,3FFAE269B55D6C27
$C0002E2AC13EF8E9,3FF782EBC592B0F6,40041B2F769CF0E,3FFAE269B55D6C27
$C0030568CC0AB51F,3FE8B8AB04FBE3A4,40069E9565708EFC,3FFAE269B55D6C27
$C004,0,400921FB54442D18,3FFAE269B55D6C27
5 94 436
5 95 439
5 96 438
5 97 440
5 98 0
5 99 0
4 88 ->
5 89 438
5 90 427
5 91 0
5 92 [2]
$1,-1
5 93 [11][4]
$C004,0,400921FB54442D18,3FFAE269B55D6C27
$C0030568CC0AB51F,BFE8B8AB04FBE3A4,400BA5614317CB34,3FFAE269B55D6C27
$C0002E2AC13EF8E9,BFF782EBC592B0F6,400E28C731EB695,3FFAE269B55D6C27
$BFF782EBC592B0F6,C0002E2AC13EF8E9,40105616905F83B6,3FFAE269B55D6C27
$BFE8B8AB04FBE3A4,C0030568CC0AB51F,401197C987C952C4,3FFAE269B55D6C27
$0,C004,4012D97C7F3321D2,3FFAE269B55D6C27
$3FE8B8AB04FBE3A4,C0030568CC0AB51F,40141B2F769CF0E,3FFAE269B55D6C27
$3FF782EBC592B0F6,C0002E2AC13EF8E9,40155CE26E06BFER,3FFAE269B55D6C27
$40002E2AC13EF8E9,BFF782EBC592B0F6,40169E9565708EFC,3FFAE269B55D6C27
$40030568CC0AB51F,BFE8B8AB04FBE3A4,4017E0485CDA5E0A,3FFAE269B55D6C27
$4004,0,401921FB54442D18,3FFAE269B55D6C27
5 94 436
5 95 441
5 96 437
5 97 442
5 98 0
5 99 0
4 88 ->
5 89 440
5 90 427
5 91 1
5 92 [2]
$-1,1
5 93 [2][4]
$2*0,401921FB54442D18,0
$0,3FFAE269B55D6C27,401921FB54442D18,3FFAE269B55D6C27
5 94 439
5 95 441
5 96 0
5 97 0
5 98 0
5 99 0
4 88 ->
5 89 442
5 90 427
5 91 1
5 92 [2]
$-1,1
5 93 [2][4]
$400921FB54442D18,0,400921FB54442D18,0
$400921FB54442D18,3FFAE269B55D6C27,400921FB54442D18,3FFAE269B55D6C27
5 94 441
5 95 439
5 96 0
5 97 0
5 98 0
5 99 0
4 88 ->
5 89 445
5 90 427
5 91 0
5 92 [2]
$1,-1
5 93 [12][4]
$4029,4024,0,3FF8
$4028CC26A858148E,4025689E1FCD4313,3FD247426BD47DE3,3FF8
$402834CDF527C59D,4026B4052EDD45C2,3FE247426BD47DE3,3FF8
$40274638C3EAA5D5,4027C75C05411659,3FEB6AE3A1BEBCD4,3FF8
$402613BB31038D76,40288C54365536E3,3FF247426BD47DE3,3FF8
$4024B629B9E898B1,4028F2F8B0A8CA75,3FF6D91306C99D5B,3FF8
$402349D64617675,4028F2F8B0A8CA76,3FFB6AE3A1BEBCD4,3FF8
$4021EC44CEFC728A,40288C54365536E3,3FFFFCB43CB3DC4D,3FF8
$4020B9C73C155A2B,4027C75C05411659,400247426BD47DE3,3FF8
$401F966415B074C6,4026B4052EDD45C1,4004902AB94F0DA,3FF8
$401E67B2AF4FD6E5,4025689E1FCD4313,4006D91306C99D5B,3FF8
$401E,4024,400921FB54442D18,3FF8
5 94 12
5 95 439
5 96 446
5 97 449
5 98 0
5 99 0
4 88 ->
5 89 446
5 90 427
5 91 0
5 92 [2]
$1,-1
5 93 [12][4]
$401E,4024,400921FB54442D18,3FF8
$401E67B2AF4FD6E4,40229761E032BCED,400B6AE3A1BEBCD4,3FF8
$401F966415B074C6,40214BFAD122BA3E,400DB3CBEF394C91,3FF8
$4020B9C73C155A2B,402038A3FABEE9A7,400FFCB43CB3DC4D,3FF8
$4021EC44CEFC728A,401EE7579355923A,401122CE45173605,3FF8
$402349D64617675,401E1A0E9EAE6B15,401247426BD47DE3,3FF8
$4024B629B9E898B,401E1A0E9EAE6B15,40136BB69291C5C1,3FF8
$402613BB31038D76,401EE7579355923A,4014902AB94F0D9F,3FF8
$40274638C3EAA5D6,402038A3FABEE9A7,4015B49EE00C557E,3FF8
$402834CDF527C59D,40214BFAD122BA3F,4016D91306C99D5C,3FF8
$4028CC26A858148E,40229761E032BCED,4017FD872D86E53A,3FF8
$4029,4024,401921FB54442D18,3FF8
5 94 12
5 95 441
5 96 445
5 97 450
5 98 0
5 99 0
4 88 ->
5 89 447
5 90 427
5 91 0
5 92 [2]
$-1,1
5 93 [12][4]
$40613,4024,2*0
$4061333D957A7EB7,4025689E1FCD4312,3FD247426BD47DD8,0
$40613CB320AD83A6,4026B4052EDD45C,3FE247426BD47DDB,0
$40614B9C73C155A3,4027C75C0541165C,3FEB6AE3A1BEBCE8,0
$40615EC44CEFC729,40288C54365536E5,3FF247426BD47DF6,0
$4061749D64617675,4028F2F8B0A8CA76,3FF6D91306C99D5E,0
$40618B629B9E898B,4028F2F8B0A8CA76,3FFB6AE3A1BEBCD4,0
$4061A13BB31038D7,40288C54365536E5,3FFFFCB43CB3DC3A,0
$4061B4638C3EAA5D,4027C75C0541165C,400247426BD47DDE,0
$4061C34CDF527C5A,4026B4052EDD45C,4004902AB94F0DA4,0
$4061CCC26A858149,4025689E1FCD4313,4006D91306C99D5C,0
$4061D,4024,400921FB54442D18,0
5 94 16
5 95 439
5 96 448
5 97 450
5 98 0
5 99 0
4 88 ->
5 89 448
5 90 427
5 91 0
5 92 [2]
$-1,1
5 93 [12][4]
$4061D,4024,400921FB54442D18,0
$4061CCC26A858149,40229761E032BCER,400B6AE3A1BEBCD3,0
$4061C34CDF527C5A,40214BFAD122BA4,400DB3CBEF394C8E,0
$4061B4638C3EAA5D,402038A3FABEE9A4,400FFCB43CB3DC52,0
$4061A13BB31038D7,401EE75793559236,401122CE45173609,0
$40618B629B9E898B,401E1A0E9EAE6B15,401247426BD47DE3,0
$4061749D64617675,401E1A0E9EAE6B15,40136BB69291C5C1,0
$40615EC44CEFC729,401EE75793559236,4014902AB94F0D9B,0
$40614B9C73C155A3,402038A3FABEE9A4,4015B49EE00C557A,0
$40613CB320AD83A6,40214BFAD122BA4,4016D91306C99D5D,0
$4061333D957A7EB7,40229761E032BCED,4017FD872D86E53A,0
$40613,4024,401921FB54442D18,0
5 94 16
5 95 441
5 96 447
5 97 449
5 98 0
5 99 0
4 88 ->
5 89 449
5 90 427
5 91 1
5 92 [2]
$-1,1
5 93 [2][4]
$2*0,401921FB54442D18,0
$0,3FF8,401921FB54442D18,3FF8
5 94 439
5 95 441
5 96 447
5 97 446
5 98 0
5 99 0
4 88 ->
5 89 450
5 90 427
5 91 1
5 92 [2]
$-1,1
5 93 [2][4]
$400921FB54442D18,0,400921FB54442D18,0
$400921FB54442D18,3FF8,400921FB54442D18,3FF8
5 94 441
5 95 439
5 96 448
5 97 445
5 98 0
5 99 0
2 100 NULL
2 101 ->
2 102 ->
3 103 [4][3]
$3FF,2*0
$2*0,BFF
$0,3FF,0
$4024,3FF8,4024
3 104 [3]
4 104 ->
5 105 5
5 106 0
5 107 -1
5 108 -1
5 109 16
5 110 433
5 111 0
5 112 0
5 113 0
5 238 [1]
6 238 ->
7 239 1
7 240 ->
8 241 -4
8 242 5
8 243 0
4 104 ->
5 105 6
5 106 4024
5 107 54
5 108 -1
5 109 429
5 110 433
5 111 0
5 112 0
5 113 0
5 238 [1]
6 238 ->
7 239 1
7 240 ->
8 241 -4
8 242 5
8 243 0
4 104 ->
5 105 6
5 106 4024
5 107 55
5 108 -1
5 109 431
5 110 433
5 111 0
5 112 0
5 113 0
5 238 [1]
6 238 ->
7 239 1
7 240 ->
8 241 -4
8 242 5
8 243 0
3 114 -1
3 115 0
3 116 [1]
4 116 
5 117 12
5 118 0
5 119 [4][3]
$3FF,2*0
$2*0,BFF
$0,3FF,0
$4024,3FF8,4024
2 120 NULL
2 121 433
2 195 -1
2 196 NULL
2 197 NULL
2 237 [3]
$1,428,430
2 198 ->
@next_srf 258 0
3 258 [2]
4 258 
@p_srf 259 1
5 259 18
@next_geom_ptr 260 1
5 260 0
4 258 
5 259 436
5 260 439
@bnd_type 261 0
3 261 [8]
4 261 
@p_srf 262 1
5 262 12
@boundary_type 263 1
5 263 1
4 261 
5 262 14
5 263 1
4 261 
5 262 16
5 263 1
4 261 
5 262 18
5 263 1
4 261 
5 262 433
5 263 0
4 261 
5 262 436
5 263 0
4 261 
5 262 439
5 263 1
4 261 
5 262 441
5 263 1
@contours 264 0
3 264 [4]
4 264 
@p_srf 265 1
5 265 12
@start_crv_arr 266 11
5 266 [1]
6 266 3
4 264 
5 265 16
5 266 [1]
6 266 5
4 264 
5 265 439
5 266 [1]
6 266 434
4 264 
5 265 441
5 266 [1]
6 266 435
@next_crv 267 0
3 267 [2]
4 267 
@p_crv 268 1
5 268 440
@next_crv 269 11
5 269 [2]
$434,438
4 267 
5 268 442
5 269 [2]
$435,437
3 202 2
3 203 0
3 204 [2][3]
$3*0
$4062C,3FF8,4059
3 205 40668914EC371328
3 206 NULL
3 207 -1
2 208 -1
2 209 NULL
2 210 0
2 211 ->
3 212 3
1 213 ->
2 35 451
2 36 1
2 37 ->
3 38 13
3 39 923
3 40 0
3 41 [3]
$3,2*0
3 42 0
3 43 -1
3 44 -1
3 45 ->
4 46 0
4 47 0
4 48 -1
4 49 970
4 50 -1
4 51 -1
4 52 0
4 53 0
4 54 0
4 55 0
3 56 0
2 57 -1
2 58 no_name
2 59 2
2 60 ->
3 61 [1][4]
$454,3*0
3 64 NULL
3 66 [17]
$2*-1,-1025,-2049,268435455,-1,8191,0,2048,5*0,2097152,2*0
3 67 NULL
3 68 ->
4 69 0
4 70 150023
2 71 
3 72 [1]
4 72 ->
5 73 34
5 74 454
5 75 451
5 76 -1
5 77 [2][2]
$2*0
$2*0
5 78 ->
6 79 [4][3]
$0,BFF,0
$3FF,2*0
$2*0,3FF
$405C970A3D70A3D7,3FF8,4059
5 80 NULL
5 85 0
5 86 1
5 87 [2][3]
$3*0
$3*0
2 100 ->
@id 270 1
3 270 451
@type 271 1
3 271 73
@head_feat_id 272 1
3 272 451
@more_info 273 0
3 273 ->
@attributes 274 1
4 274 0
@name 275 10
4 275 COPIED_GROUP
@group_feats 276 1
4 276 [3]
$451,452,453
@new_dims 277 1
4 277 [3]
$56,57,58
@new_refs 278 0
4 278 [8]
5 278 
@geom_id 279 1
6 279 451
@attributes 280 1
6 280 0
5 278 
6 279 452
6 280 0
5 278 
6 279 453
6 280 0
5 278 
6 279 16
6 280 0
5 278 
6 279 386
6 280 0
5 278 
6 279 19
6 280 0
5 278 
6 279 454
6 280 0
5 278 
6 279 455
6 280 0
@new_keys 281 1
4 281 [23]
$451,452,453,454,455,456,457,458,459,460,461,462,463,464,465,466,467,468,
$469,470,471,472,473
@gp_keys 282 0
4 282 [5]
5 282 
@gp_key_ptr(gp_geom) 283 0
6 283 ->
@feat_id 284 1
7 284 0
@type 285 1
7 285 5
@prompt 286 10
7 286 surface corresponding to highlighted surface
@id 287 1
7 287 0
@equiv_id 288 1
7 288 -1
@geom_hist 289 0
7 289 NULL
@attributes 290 1
7 290 0
@geom_type 291 1
7 291 34
@plane_norm 292 2
7 292 [3]
$0,3FF,0
5 282 
@gp_key_ptr(gp_edge) 293 0
6 293 ->
@feat_id 294 1
7 294 0
@type 295 1
7 295 6
@prompt 296 10
7 296 edge corresponding to highlighted edge
@id 297 1
7 297 0
@edge_hist 298 0
7 298 NULL
@attributes 299 1
7 299 0
@ent_type 300 1
7 300 0
@edge_dir 301 2
7 301 [3]
$3*0
5 282 
6 293 ->
7 294 1
7 295 6
7 296 edge corresponding to highlighted edge
7 297 0
7 298 NULL
7 299 0
7 300 0
7 301 [3]
$3*0
5 282 
6 283 ->
7 284 0
7 285 5
7 286 NULL
7 287 0
7 288 -1
7 289 ->
@fc_hist 302 1
8 302 [4]
$6,3*0
7 290 1
7 291 34
7 292 [3]
$2*0,3FF
5 282 
6 283 ->
7 284 1
7 285 5
7 286 NULL
7 287 0
7 288 -1
7 289 ->
8 302 [4]
$7,3*0
7 290 1
7 291 34
7 292 [3]
$3FF,2*0
@old_symbols 303 10
4 303 [3]
5 303 d53
5 303 d54
5 303 d55
@drv_tbl_ptr 304 0
4 304 NULL
@instance_name 305 10
4 305 NULL
2 101 ->
2 102 ->
3 103 [4][3]
$0,BFF,0
$3FF,2*0
$2*0,3FF
$405C970A3D70A3D7,3FF8,4059
3 104 [2]
4 104 ->
5 105 504
5 106 3FF
5 107 -1
5 108 -1
5 109 16
5 110 454
5 111 0
5 112 0
5 113 32768
5 238 [1]
6 238 ->
7 239 1
7 240 ->
8 241 -4
8 242 5
8 243 0
4 104 ->
5 105 502
5 106 3FF
5 107 -1
5 108 -1
5 109 10
5 110 454
5 111 0
5 112 0
5 113 32768
5 238 [1]
6 238 ->
7 239 1
7 240 ->
8 241 -4
8 242 5
8 243 0
3 114 -1
3 115 1
3 116 [1]
4 116 
5 117 11
5 118 0
5 119 [4][3]
$0,BFF,0
$3FF,2*0
$2*0,3FF
$405C970A3D70A3D7,3FF8,4059
2 120 NULL
2 121 454
2 195 -1
2 196 NULL
2 197 NULL
2 237 [1]
3 237 1
2 198 ->
3 202 2
3 203 0
3 204 [2][3]
$3*0
$4062C,3FF8,4059
3 205 40668914EC371328
3 206 NULL
3 207 -1
2 208 -1
2 209 NULL
2 210 0
2 211 ->
3 212 2
1 213 ->
2 35 452
2 36 1
2 37 ->
3 38 13
3 39 923
3 40 0
3 41 [3]
$3,2*0
3 42 0
3 43 -1
3 44 -1
3 45 ->
4 46 0
4 47 0
4 48 -1
4 49 970
4 50 -1
4 51 -1
4 52 0
4 53 0
4 54 0
4 55 0
3 56 0
2 57 -1
2 58 no_name
2 59 2
2 60 ->
3 61 [1][4]
$455,3*0
3 64 NULL
3 66 [17]
$2*-1,-1025,-2049,268435455,-1,8191,0,2048,5*0,2097152,2*0
3 67 NULL
3 68 ->
4 69 0
4 70 150023
2 71 
3 72 [1]
4 72 ->
5 73 34
5 74 455
5 75 452
5 76 -1
5 77 [2][2]
$2*0
$2*0
5 78 ->
6 79 [4][3]
$2*0,3FF
$3FF,2*0
$0,3FF,0
$0,3FF8,4037C28F5C28F5C4
5 80 NULL
5 85 0
5 86 1
5 87 [2][3]
$3*0
$3*0
2 100 ->
3 270 452
3 271 73
3 272 451
3 273 NULL
2 101 ->
2 102 ->
3 103 [4][3]
$2*0,3FF
$3FF,2*0
$0,3FF,0
$0,3FF8,4037C28F5C28F5C4
3 104 [2]
4 104 ->
5 105 504
5 106 3FF
5 107 -1
5 108 -1
5 109 16
5 110 455
5 111 0
5 112 0
5 113 32768
5 238 [1]
6 238 ->
7 239 1
7 240 ->
8 241 -4
8 242 5
8 243 0
4 104 ->
5 105 502
5 106 3FF
5 107 -1
5 108 -1
5 109 19
5 110 455
5 111 0
5 112 0
5 113 32768
5 238 [1]
6 238 ->
7 239 1
7 240 ->
8 241 -4
8 242 5
8 243 0
3 114 -1
3 115 1
3 116 [1]
4 116 
5 117 11
5 118 0
5 119 [4][3]
$2*0,3FF
$3FF,2*0
$0,3FF,0
$0,3FF8,4037C28F5C28F5C4
2 120 NULL
2 121 455
2 195 -1
2 196 NULL
2 197 NULL
2 237 [2]
$1,451
2 198 ->
3 202 2
3 203 0
3 204 [2][3]
$3*0
$4062C,3FF8,4059
3 205 40668914EC371328
3 206 NULL
3 207 -1
2 208 -1
2 209 NULL
2 210 0
2 211 ->
3 212 2
1 213 ->
2 35 453
2 36 1
2 37 ->
3 38 1
3 39 911
3 40 1
3 41 [3]
$0,65536,0
3 42 1
3 43 991
3 44 -1
3 45 ->
4 46 0
4 47 1052672
4 48 -1
4 49 970
4 50 -1
4 51 -1
4 52 0
4 53 0
4 54 0
4 55 0
3 56 0
2 57 -1
2 58 no_name
2 59 2
2 244 ->
3 245 11
3 246 466
3 247 
3 248 462
3 249 [3]
$4024,3FF8,40568
3 250 [3]
$401E,3FF8,40568
2 244 ->
3 245 13
3 246 467
3 247 
4 218 1
3 248 462
3 249 [3]
$4024,3FF8,40568
3 250 [3]
$4024,0,40568
2 224 ->
3 225 19
3 226 A_8
3 227 1
3 228 [3]
$4063A4BBEA80BF,4070E378046D128,C0225ECBA777D1C
3 229 -1
3 230 11
3 231 BFF
3 232 BFF
3 233 
3 234 BFF
2 60 ->
3 61 [4][4]
$456,204,2*0
$459,203,2*0
$462,200,2*0
$464,200,-1,0
3 62 [12][6]
$457,221,3*0,462
$458,221,-1,2*0,464
$460,222,3*0,459
$461,222,-1,2*0,459
$463,220,3*0,464
$465,220,-1,2*0,462
$468,223,12,462,0,12
$469,223,12,464,0,12
$470,226,16,462,0,462
$471,226,16,464,0,464
$472,224,463,2*0,464
$473,224,465,2*0,462
3 235 [2]
4 235 
5 236 [5]
$466,530,462,-1,500
4 235 
5 236 [5]
$467,531,462,-1,500
3 63 [1]
4 63 56
3 251 [2]
4 251 
5 252 454
5 253 -1
4 251 
5 252 455
5 253 -1
3 64 ->
4 254 [6]
$468,469,470,471,472,473
4 65 456
3 66 [17]
$2*-1,-1025,-2049,268435455,-1,8191,0,2048,5*0,2097152,2*0
3 67 NULL
3 68 ->
4 69 0
4 70 150023
2 71 
3 72 [4]
4 72 ->
5 73 34
5 74 456
5 75 453
5 76 -1
5 77 [2][2]
$2*C004
$2*4004
5 78 ->
6 79 [4][3]
$3FF,2*0
$2*0,BFF
$0,3FF,0
$4024,3FF8,40568
5 80 ->
6 81 457
6 82 1
6 83 [2][2]
$2*C004
$2*4004
5 84 NULL
5 85 459
5 86 1
5 87 [2][3]
$401E,3FF8,4055E
$4029,3FF8,40572
4 72 ->
5 73 34
5 74 459
5 75 453
5 76 -1
5 77 [2][2]
$2*C004
$2*4004
5 78 ->
6 79 [4][3]
$3FF,2*0
$2*0,BFF
$0,3FF,0
$4024,BFC7134DAAEB6138,40568
5 80 ->
6 81 460
6 82 1
6 83 [2][2]
$2*C004
$2*4004
5 84 NULL
5 85 0
5 86 -1
5 87 [2][3]
$401E,BFC7134DAAEB6138,4055E
$4029,BFC7134DAAEB6138,40572
4 72 ->
5 73 36
5 74 462
5 75 453
5 76 0
5 77 [2][2]
$2*0
$400921FB54442D18,3FF8
5 255 ->
6 256 [4][3]
$3FF,2*0
$2*0,BFF
$0,3FF,0
$4024,3FF8,40568
6 257 4004
5 80 ->
6 81 468
6 82 1
6 83 [2][2]
$2*0
$400921FB54442D18,3FF8
5 84 NULL
5 85 464
5 86 -1
5 87 [2][3]
$401E,0,40568
$4029,3FF8,40572
4 72 ->
5 73 36
5 74 464
5 75 453
5 76 0
5 77 [2][2]
$400921FB54442D18,0
$401921FB54442D18,3FF8
5 255 ->
6 256 [4][3]
$3FF,2*0
$2*0,BFF
$0,3FF,0
$4024,3FF8,40568
6 257 4004
5 80 ->
6 81 469
6 82 1
6 83 [2][2]
$400921FB54442D18,0
$401921FB54442D18,3FF8
5 84 NULL
5 85 488
5 86 -1
5 87 [2][3]
$401E,0,4055E
$4029,3FF8,40568
3 88 [12]
4 88 ->
5 89 457
5 90 453
5 91 0
5 92 [2]
$-1,1
5 93 [11][4]
$4004,3*0
$40030568CC0AB51F,3FE8B8AB04FBE3A4,3FD41B2F769CF0E1,0
$40002E2AC13EF8E9,3FF782EBC592B0F6,3FE41B2F769CF0E,0
$3FF782EBC592B0F6,40002E2AC13EF8E9,3FEE28C731EB695,0
$3FE8B8AB04FBE3A4,40030568CC0AB51F,3FF41B2F769CF0E,0
$0,4004,3FF921FB54442D18,0
$BFE8B8AB04FBE3A4,40030568CC0AB51F,3FFE28C731EB695,0
$BFF782EBC592B0F6,40002E2AC13EF8E9,400197C987C952C4,0
$C0002E2AC13EF8E9,3FF782EBC592B0F6,40041B2F769CF0E,0
$C0030568CC0AB51F,3FE8B8AB04FBE3A4,40069E9565708EFC,0
$C004,0,400921FB54442D18,0
5 94 456
5 95 462
5 96 458
5 97 465
5 98 0
5 99 0
4 88 ->
5 89 458
5 90 453
5 91 0
5 92 [2]
$-1,1
5 93 [11][4]
$C004,0,400921FB54442D18,0
$C0030568CC0AB51F,BFE8B8AB04FBE3A4,400BA5614317CB34,0
$C0002E2AC13EF8E9,BFF782EBC592B0F6,400E28C731EB695,0
$BFF782EBC592B0F6,C0002E2AC13EF8E9,40105616905F83B6,0
$BFE8B8AB04FBE3A4,C0030568CC0AB51F,401197C987C952C4,0
$0,C004,4012D97C7F3321D2,0
$3FE8B8AB04FBE3A4,C0030568CC0AB51F,40141B2F769CF0E,0
$3FF782EBC592B0F6,C0002E2AC13EF8E9,40155CE26E06BFER,0
$40002E2AC13EF8E9,BFF782EBC592B0F6,40169E9565708EFC,0
$40030568CC0AB51F,BFE8B8AB04FBE3A4,4017E0485CDA5E0A,0
$4004,0,401921FB54442D18,0
5 94 456
5 95 464
5 96 457
5 97 463
5 98 0
5 99 0
4 88 ->
5 89 460
5 90 453
5 91 0
5 92 [2]
$1,-1
5 93 [11][4]
$4004,2*0,3FFAE269B55D6C27
$40030568CC0AB51F,3FE8B8AB04FBE3A4,3FD41B2F769CF0E1,3FFAE269B55D6C27
$40002E2AC13EF8E9,3FF782EBC592B0F6,3FE41B2F769CF0E,3FFAE269B55D6C27
$3FF782EBC592B0F6,40002E2AC13EF8E9,3FEE28C731EB695,3FFAE269B55D6C27
$3FE8B8AB04FBE3A4,40030568CC0AB51F,3FF41B2F769CF0E,3FFAE269B55D6C27
$0,4004,3FF921FB54442D18,3FFAE269B55D6C27
$BFE8B8AB04FBE3A4,40030568CC0AB51F,3FFE28C731EB695,3FFAE269B55D6C27
$BFF782EBC592B0F6,40002E2AC13EF8E9,400197C987C952C4,3FFAE269B55D6C27
$C0002E2AC13EF8E9,3FF782EBC592B0F6,40041B2F769CF0E,3FFAE269B55D6C27
$C0030568CC0AB51F,3FE8B8AB04FBE3A4,40069E9565708EFC,3FFAE269B55D6C27
$C004,0,400921FB54442D18,3FFAE269B55D6C27
5 94 459
5 95 462
5 96 461
5 97 463
5 98 0
5 99 0
4 88 ->
5 89 461
5 90 453
5 91 0
5 92 [2]
$1,-1
5 93 [11][4]
$C004,0,400921FB54442D18,3FFAE269B55D6C27
$C0030568CC0AB51F,BFE8B8AB04FBE3A4,400BA5614317CB34,3FFAE269B55D6C27
$C0002E2AC13EF8E9,BFF782EBC592B0F6,400E28C731EB695,3FFAE269B55D6C27
$BFF782EBC592B0F6,C0002E2AC13EF8E9,40105616905F83B6,3FFAE269B55D6C27
$BFE8B8AB04FBE3A4,C0030568CC0AB51F,401197C987C952C4,3FFAE269B55D6C27
$0,C004,4012D97C7F3321D2,3FFAE269B55D6C27
$3FE8B8AB04FBE3A4,C0030568CC0AB51F,40141B2F769CF0E,3FFAE269B55D6C27
$3FF782EBC592B0F6,C0002E2AC13EF8E9,40155CE26E06BFER,3FFAE269B55D6C27
$40002E2AC13EF8E9,BFF782EBC592B0F6,40169E9565708EFC,3FFAE269B55D6C27
$40030568CC0AB51F,BFE8B8AB04FBE3A4,4017E0485CDA5E0A,3FFAE269B55D6C27
$4004,0,401921FB54442D18,3FFAE269B55D6C27
5 94 459
5 95 464
5 96 460
5 97 465
5 98 0
5 99 0
4 88 ->
5 89 463
5 90 453
5 91 1
5 92 [2]
$-1,1
5 93 [2][4]
$2*0,401921FB54442D18,0
$0,3FFAE269B55D6C27,401921FB54442D18,3FFAE269B55D6C27
5 94 462
5 95 464
5 96 0
5 97 0
5 98 0
5 99 0
4 88 ->
5 89 465
5 90 453
5 91 1
5 92 [2]
$-1,1
5 93 [2][4]
$400921FB54442D18,0,400921FB54442D18,0
$400921FB54442D18,3FFAE269B55D6C27,400921FB54442D18,3FFAE269B55D6C27
5 94 464
5 95 462
5 96 0
5 97 0
5 98 0
5 99 0
4 88 ->
5 89 468
5 90 453
5 91 0
5 92 [2]
$1,-1
5 93 [12][4]
$4029,40568,0,3FF8
$4028CC26A858148E,4056AD13C3F9A862,3FD247426BD47DE3,3FF8
$402834CDF527C59D,4056D680A5DBA8B8,3FE247426BD47DE3,3FF8
$40274638C3EAA5D5,4056F8EB80A822CB,3FEB6AE3A1BEBCD4,3FF8
$402613BB31038D76,4057118A86CAA6DC,3FF247426BD47DE3,3FF8
$4024B629B9E898B1,40571E5F1615194F,3FF6D91306C99D5B,3FF8
$402349D64617675,40571E5F1615194F,3FFB6AE3A1BEBCD4,3FF8
$4021EC44CEFC728A,4057118A86CAA6DC,3FFFFCB43CB3DC4D,3FF8
$4020B9C73C155A2B,4056F8EB80A822CB,400247426BD47DE3,3FF8
$401F966415B074C6,4056D680A5DBA8B8,4004902AB94F0DA,3FF8
$401E67B2AF4FD6E5,4056AD13C3F9A862,4006D91306C99D5B,3FF8
$401E,40568,400921FB54442D18,3FF8
5 94 12
5 95 462
5 96 469
5 97 472
5 98 0
5 99 0
4 88 ->
5 89 469
5 90 453
5 91 0
5 92 [2]
$1,-1
5 93 [12][4]
$401E,40568,400921FB54442D18,3FF8
$401E67B2AF4FD6E4,405652EC3C06579E,400B6AE3A1BEBCD4,3FF8
$401F966415B074C6,4056297F5A245748,400DB3CBEF394C91,3FF8
$4020B9C73C155A2B,405607147F57DD35,400FFCB43CB3DC4D,3FF8
$4021EC44CEFC728A,4055EE7579355924,401122CE45173605,3FF8
$402349D64617675,4055E1A0E9EAE6B1,401247426BD47DE3,3FF8
$4024B629B9E898B,4055E1A0E9EAE6B1,40136BB69291C5C1,3FF8
$402613BB31038D76,4055EE7579355924,4014902AB94F0D9F,3FF8
$40274638C3EAA5D6,405607147F57DD35,4015B49EE00C557E,3FF8
$402834CDF527C59D,4056297F5A245748,4016D91306C99D5C,3FF8
$4028CC26A858148E,405652EC3C06579E,4017FD872D86E53A,3FF8
$4029,40568,401921FB54442D18,3FF8
5 94 12
5 95 464
5 96 468
5 97 473
5 98 0
5 99 0
4 88 ->
5 89 470
5 90 453
5 91 0
5 92 [2]
$-1,1
5 93 [12][4]
$40613,40568,2*0
$4061333D957A7EB7,4056AD13C3F9A862,3FD247426BD47DD8,0
$40613CB320AD83A6,4056D680A5DBA8B8,3FE247426BD47DD6,0
$40614B9C73C155A3,4056F8EB80A822CB,3FEB6AE3A1BEBCF1,0
$40615EC44CEFC729,4057118A86CAA6DR,3FF247426BD47DEC,0
$4061749D64617675,40571E5F1615194F,3FF6D91306C99D5E,0
$40618B629B9E898B,40571E5F1615194F,3FFB6AE3A1BEBCD4,0
$4061A13BB31038D7,4057118A86CAA6DR,3FFFFCB43CB3DC4R,0
$4061B4638C3EAA5D,4056F8EB80A822CB,400247426BD47DDC,0
$4061C34CDF527C5A,4056D680A5DBA8B8,4004902AB94F0DA4,0
$4061CCC26A858149,4056AD13C3F9A862,4006D91306C99D5C,0
$4061D,40568,400921FB54442D18,0
5 94 16
5 95 462
5 96 471
5 97 473
5 98 0
5 99 0
4 88 ->
5 89 471
5 90 453
5 91 0
5 92 [2]
$-1,1
5 93 [12][4]
$4061D,40568,400921FB54442D18,0
$4061CCC26A858149,405652EC3C06579E,400B6AE3A1BEBCD3,0
$4061C34CDF527C5A,4056297F5A245748,400DB3CBEF394C8D,0
$4061B4638C3EAA5D,405607147F57DD35,400FFCB43CB3DC54,0
$4061A13BB31038D7,4055EE7579355923,401122CE45173607,0
$40618B629B9E898B,4055E1A0E9EAE6B1,401247426BD47DE3,0
$4061749D64617675,4055E1A0E9EAE6B1,40136BB69291C5C1,0
$40615EC44CEFC729,4055EE7579355923,4014902AB94F0D9D,0
$40614B9C73C155A3,405607147F57DD34,4015B49EE00C5579,0
$40613CB320AD83A6,4056297F5A245748,4016D91306C99D5D,0
$4061333D957A7EB7,405652EC3C06579E,4017FD872D86E53A,0
$40613,40568,401921FB54442D18,0
5 94 16
5 95 464
5 96 470
5 97 472
5 98 0
5 99 0
4 88 ->
5 89 472
5 90 453
5 91 1
5 92 [2]
$-1,1
5 93 [2][4]
$2*0,401921FB54442D18,0
$0,3FF8,401921FB54442D18,3FF8
5 94 462
5 95 464
5 96 470
5 97 469
5 98 0
5 99 0
4 88 ->
5 89 473
5 90 453
5 91 1
5 92 [2]
$-1,1
5 93 [2][4]
$400921FB54442D18,0,400921FB54442D18,0
$400921FB54442D18,3FF8,400921FB54442D18,3FF8
5 94 464
5 95 462
5 96 471
5 97 468
5 98 0
5 99 0
2 100 ->
3 270 453
3 271 73
3 272 451
3 273 NULL
2 101 ->
2 102 ->
3 103 [4][3]
$3FF,2*0
$2*0,BFF
$0,3FF,0
$4024,3FF8,40568
3 104 [3]
4 104 ->
5 105 5
5 106 0
5 107 -1
5 108 -1
5 109 16
5 110 456
5 111 0
5 112 0
5 113 0
5 238 [1]
6 238 ->
7 239 1
7 240 ->
8 241 -4
8 242 5
8 243 0
4 104 ->
5 105 6
5 106 C024
5 107 57
5 108 -1
5 109 454
5 110 456
5 111 0
5 112 0
5 113 0
5 238 [1]
6 238 ->
7 239 1
7 240 ->
8 241 -4
8 242 5
8 243 0
4 104 ->
5 105 6
5 106 4024
5 107 58
5 108 -1
5 109 455
5 110 456
5 111 0
5 112 0
5 113 0
5 238 [1]
6 238 ->
7 239 1
7 240 ->
8 241 -4
8 242 5
8 243 0
3 114 -1
3 115 0
3 116 [1]
4 116 
5 117 12
5 118 0
5 119 [4][3]
$3FF,2*0
$2*0,BFF
$0,3FF,0
$4024,3FF8,40568
2 120 NULL
2 121 456
2 195 -1
2 196 NULL
2 197 NULL
2 237 [4]
$1,427,451,452
2 198 ->
3 258 [2]
4 258 
5 259 441
5 260 0
4 258 
5 259 459
5 260 462
3 261 [4]
4 261 
5 262 456
5 263 0
4 261 
5 262 459
5 263 0
4 261 
5 262 462
5 263 1
4 261 
5 262 464
5 263 1
3 264 [4]
4 264 
5 265 12
5 266 [2]
$3,445
4 264 
5 265 16
5 266 [2]
$5,447
4 264 
5 265 462
5 266 [1]
6 266 457
4 264 
5 265 464
5 266 [1]
6 266 458
3 267 [2]
4 267 
5 268 463
5 269 [2]
$457,461
4 267 
5 268 465
5 269 [2]
$458,460
3 202 2
3 203 0
3 204 [2][3]
$3*0
$4062C,3FF8,4059
3 205 40668914EC371328
3 206 NULL
3 207 -1
2 208 -1
2 209 NULL
2 210 0
2 211 ->
3 212 3
1 213 ->
2 35 474
2 36 1
2 37 ->
3 38 13
3 39 923
3 40 0
3 41 [3]
$3,2*0
3 42 0
3 43 -1
3 44 -1
3 45 ->
4 46 0
4 47 0
4 48 -1
4 49 970
4 50 -1
4 51 -1
4 52 0
4 53 0
4 54 0
4 55 0
3 56 0
2 57 -1
2 58 no_name
2 59 2
2 60 ->
3 61 [1][4]
$480,3*0
3 64 NULL
3 66 [17]
$2*-1,-1025,-2049,268435455,-1,8191,0,2048,5*0,2097152,2*0
3 67 NULL
3 68 ->
4 69 0
4 70 150023
2 71 
3 72 [1]
4 72 ->
5 73 34
5 74 480
5 75 474
5 76 -1
5 77 [2][2]
$2*0
$2*0
5 78 ->
6 79 [4][3]
$0,BFF,0
$3FF,2*0
$2*0,3FF
$405C970A3D70A3D7,3FF8,0
5 80 NULL
5 85 0
5 86 1
5 87 [2][3]
$3*0
$3*0
2 100 ->
3 270 474
3 271 73
3 272 474
3 273 ->
4 274 0
4 275 COPIED_GROUP
4 276 [6]
$474,475,476,477,478,479
4 277 [6]
$59,60,61,62,63,64
4 278 [14]
5 278 
6 279 474
6 280 0
5 278 
6 279 475
6 280 0
5 278 
6 279 476
6 280 0
5 278 
6 279 477
6 280 0
5 278 
6 279 478
6 280 0
5 278 
6 279 479
6 280 0
5 278 
6 279 16
6 280 0
5 278 
6 279 5
6 280 0
5 278 
6 279 422
6 280 0
5 278 
6 279 480
6 280 0
5 278 
6 279 481
6 280 0
5 278 
6 279 10
6 280 0
5 278 
6 279 500
6 280 0
5 278 
6 279 501
6 280 0
4 281 [46]
$474,475,476,477,478,479,480,481,482,483,484,485,486,487,488,489,490,491,
$492,493,494,495,496,497,498,499,500,501,502,503,504,505,506,507,508,509,510,
$511,512,513,514,515,516,517,518,519
4 282 [8]
5 282 
6 283 ->
7 284 0
7 285 5
7 286 surface corresponding to highlighted surface
7 287 0
7 288 -1
7 289 NULL
7 290 0
7 291 34
7 292 [3]
$0,3FF,0
5 282 
6 293 ->
7 294 0
7 295 6
7 296 edge corresponding to highlighted edge
7 297 0
7 298 NULL
7 299 0
7 300 0
7 301 [3]
$3*0
5 282 
6 293 ->
7 294 1
7 295 6
7 296 edge corresponding to highlighted edge
7 297 0
7 298 NULL
7 299 0
7 300 0
7 301 [3]
$3*0
5 282 
6 283 ->
7 284 0
7 285 5
7 286 NULL
7 287 0
7 288 -1
7 289 ->
8 302 [4]
$9,3*0
7 290 1
7 291 34
7 292 [3]
$2*0,3FF
5 282 
6 283 ->
7 284 1
7 285 5
7 286 NULL
7 287 0
7 288 -1
7 289 ->
8 302 [4]
$10,3*0
7 290 1
7 291 34
7 292 [3]
$3FF,2*0
5 282 
6 293 ->
7 294 3
7 295 6
7 296 edge corresponding to highlighted edge
7 297 0
7 298 NULL
7 299 0
7 300 0
7 301 [3]
$3*0
5 282 
6 283 ->
7 284 3
7 285 5
7 286 NULL
7 287 0
7 288 -1
7 289 ->
8 302 [4]
$12,3*0
7 290 1
7 291 34
7 292 [3]
$2*0,3FF
5 282 
6 283 ->
7 284 4
7 285 5
7 286 NULL
7 287 0
7 288 -1
7 289 ->
8 302 [4]
$13,3*0
7 290 1
7 291 34
7 292 [3]
$3FF,2*0
4 303 [6]
5 303 d53
5 303 d54
5 303 d55
5 303 d56
5 303 d57
5 303 d58
4 304 NULL
4 305 NULL
2 101 ->
2 102 ->
3 103 [4][3]
$0,BFF,0
$3FF,2*0
$2*0,3FF
$405C970A3D70A3D7,3FF8,0
3 104 [2]
4 104 ->
5 105 504
5 106 3FF
5 107 -1
5 108 -1
5 109 16
5 110 480
5 111 0
5 112 0
5 113 32768
5 238 [1]
6 238 ->
7 239 1
7 240 ->
8 241 -4
8 242 5
8 243 0
4 104 ->
5 105 502
5 106 3FF
5 107 -1
5 108 -1
5 109 5
5 110 480
5 111 0
5 112 0
5 113 32768
5 238 [1]
6 238 ->
7 239 1
7 240 ->
8 241 -4
8 242 5
8 243 0
3 114 -1
3 115 1
3 116 [1]
4 116 
5 117 11
5 118 0
5 119 [4][3]
$0,BFF,0
$3FF,2*0
$2*0,3FF
$405C970A3D70A3D7,3FF8,0
2 120 NULL
2 121 480
2 195 -1
2 196 NULL
2 197 NULL
2 237 [1]
3 237 1
2 198 ->
3 202 2
3 203 0
3 204 [2][3]
$3*0
$4062C,3FF8,4059
3 205 40668914EC371328
3 206 NULL
3 207 -1
2 208 -1
2 209 NULL
2 210 0
2 211 ->
3 212 2
1 213 ->
2 35 475
2 36 1
2 37 ->
3 38 13
3 39 923
3 40 0
3 41 [3]
$3,2*0
3 42 0
3 43 -1
3 44 -1
3 45 ->
4 46 0
4 47 0
4 48 -1
4 49 970
4 50 -1
4 51 -1
4 52 0
4 53 0
4 54 0
4 55 0
3 56 0
2 57 -1
2 58 no_name
2 59 2
2 60 ->
3 61 [1][4]
$481,3*0
3 64 NULL
3 66 [17]
$2*-1,-1025,-2049,268435455,-1,8191,0,2048,5*0,2097152,2*0
3 67 NULL
3 68 ->
4 69 0
4 70 150023
2 71 
3 72 [1]
4 72 ->
5 73 34
5 74 481
5 75 475
5 76 -1
5 77 [2][2]
$2*0
$2*0
5 78 ->
6 79 [4][3]
$2*0,3FF
$3FF,2*0
$0,3FF,0
$4062C,0,4037C28F5C28F5C4
5 80 NULL
5 85 0
5 86 1
5 87 [2][3]
$3*0
$3*0
2 100 ->
3 270 475
3 271 73
3 272 474
3 273 NULL
2 101 ->
2 102 ->
3 103 [4][3]
$2*0,3FF
$3FF,2*0
$0,3FF,0
$4062C,0,4037C28F5C28F5C4
3 104 [2]
4 104 ->
5 105 504
5 106 3FF
5 107 -1
5 108 -1
5 109 16
5 110 481
5 111 0
5 112 0
5 113 32768
5 238 [1]
6 238 ->
7 239 1
7 240 ->
8 241 -4
8 242 5
8 243 0
4 104 ->
5 105 502
5 106 3FF
5 107 -1
5 108 -1
5 109 15
5 110 481
5 111 0
5 112 0
5 113 32768
5 238 [1]
6 238 ->
7 239 1
7 240 ->
8 241 -4
8 242 5
8 243 0
3 114 -1
3 115 1
3 116 [1]
4 116 
5 117 11
5 118 0
5 119 [4][3]
$2*0,3FF
$3FF,2*0
$0,3FF,0
$4062C,0,4037C28F5C28F5C4
2 120 NULL
2 121 481
2 195 -1
2 196 NULL
2 197 NULL
2 237 [2]
$1,474
2 198 ->
3 202 2
3 203 0
3 204 [2][3]
$3*0
$4062C,3FF8,4059
3 205 40668914EC371328
3 206 NULL
3 207 -1
2 208 -1
2 209 NULL
2 210 0
2 211 ->
3 212 2
1 213 ->
2 35 476
2 36 1
2 37 ->
3 38 1
3 39 911
3 40 1
3 41 [3]
$0,65536,0
3 42 1
3 43 991
3 44 -1
3 45 ->
4 46 0
4 47 1052672
4 48 -1
4 49 970
4 50 -1
4 51 -1
4 52 0
4 53 0
4 54 0
4 55 0
3 56 0
2 57 -1
2 58 no_name
2 59 2
2 244 ->
3 245 11
3 246 492
3 247 
3 248 488
3 249 [3]
$40618,3FF8,4024
3 250 [3]
$40613,3FF8,4024
2 244 ->
3 245 13
3 246 493
3 247 
4 218 1
3 248 488
3 249 [3]
$40618,3FF8,4024
3 250 [3]
$40618,0,4024
2 224 ->
3 225 19
3 226 A_9
3 227 1
3 228 [3]
$408A44D4D2B988F4,408210EA5C305D6,402D014894B722A
3 229 -1
3 230 11
3 231 BFF
3 232 BFF
3 233 
3 234 BFF
2 60 ->
3 61 [4][4]
$482,204,2*0
$485,203,2*0
$488,200,2*0
$490,200,-1,0
3 62 [12][6]
$483,221,3*0,488
$484,221,-1,2*0,490
$486,222,3*0,485
$487,222,-1,2*0,485
$489,220,3*0,490
$491,220,-1,2*0,488
$494,223,12,488,0,12
$495,223,12,490,0,12
$496,226,16,488,0,488
$497,226,16,490,0,490
$498,224,489,2*0,490
$499,224,491,2*0,488
3 235 [2]
4 235 
5 236 [5]
$492,530,488,-1,500
4 235 
5 236 [5]
$493,531,488,-1,500
3 63 [1]
4 63 59
3 251 [2]
4 251 
5 252 480
5 253 -1
4 251 
5 252 481
5 253 -1
3 64 ->
4 254 [6]
$494,495,496,497,498,499
4 65 482
3 66 [17]
$2*-1,-1025,-2049,268435455,-1,8191,0,2048,5*0,2097152,2*0
3 67 NULL
3 68 ->
4 69 0
4 70 150023
2 71 
3 72 [4]
4 72 ->
5 73 34
5 74 482
5 75 476
5 76 -1
5 77 [2][2]
$2*C004
$2*4004
5 78 ->
6 79 [4][3]
$3FF,2*0
$2*0,BFF
$0,3FF,0
$40618,3FF8,4024
5 80 ->
6 81 483
6 82 1
6 83 [2][2]
$2*C004
$2*4004
5 84 NULL
5 85 485
5 86 1
5 87 [2][3]
$40613,3FF8,401E
$4061D,3FF8,4029
4 72 ->
5 73 34
5 74 485
5 75 476
5 76 -1
5 77 [2][2]
$2*C004
$2*4004
5 78 ->
6 79 [4][3]
$3FF,2*0
$2*0,BFF
$0,3FF,0
$40618,BFC7134DAAEB6138,4024
5 80 ->
6 81 486
6 82 1
6 83 [2][2]
$2*C004
$2*4004
5 84 NULL
5 85 0
5 86 -1
5 87 [2][3]
$40613,BFC7134DAAEB6138,401E
$4061D,BFC7134DAAEB6138,4029
4 72 ->
5 73 36
5 74 488
5 75 476
5 76 0
5 77 [2][2]
$2*0
$400921FB54442D18,3FF8
5 255 ->
6 256 [4][3]
$3FF,2*0
$2*0,BFF
$0,3FF,0
$40618,3FF8,4024
6 257 4004
5 80 ->
6 81 494
6 82 1
6 83 [2][2]
$2*0
$400921FB54442D18,3FF8
5 84 NULL
5 85 490
5 86 -1
5 87 [2][3]
$40613,0,4024
$4061D,3FF8,4029
4 72 ->
5 73 36
5 74 490
5 75 476
5 76 0
5 77 [2][2]
$400921FB54442D18,0
$401921FB54442D18,3FF8
5 255 ->
6 256 [4][3]
$3FF,2*0
$2*0,BFF
$0,3FF,0
$40618,3FF8,4024
6 257 4004
5 80 ->
6 81 495
6 82 1
6 83 [2][2]
$400921FB54442D18,0
$401921FB54442D18,3FF8
5 84 NULL
5 85 508
5 86 -1
5 87 [2][3]
$40613,0,401E
$4061D,3FF8,4024
3 88 [12]
4 88 ->
5 89 483
5 90 476
5 91 0
5 92 [2]
$-1,1
5 93 [11][4]
$4004,3*0
$40030568CC0AB51F,3FE8B8AB04FBE3A4,3FD41B2F769CF0E1,0
$40002E2AC13EF8E9,3FF782EBC592B0F6,3FE41B2F769CF0E,0
$3FF782EBC592B0F6,40002E2AC13EF8E9,3FEE28C731EB695,0
$3FE8B8AB04FBE3A4,40030568CC0AB51F,3FF41B2F769CF0E,0
$0,4004,3FF921FB54442D18,0
$BFE8B8AB04FBE3A4,40030568CC0AB51F,3FFE28C731EB695,0
$BFF782EBC592B0F6,40002E2AC13EF8E9,400197C987C952C4,0
$C0002E2AC13EF8E9,3FF782EBC592B0F6,40041B2F769CF0E,0
$C0030568CC0AB51F,3FE8B8AB04FBE3A4,40069E9565708EFC,0
$C004,0,400921FB54442D18,0
5 94 482
5 95 488
5 96 484
5 97 491
5 98 0
5 99 0
4 88 ->
5 89 484
5 90 476
5 91 0
5 92 [2]
$-1,1
5 93 [11][4]
$C004,0,400921FB54442D18,0
$C0030568CC0AB51F,BFE8B8AB04FBE3A4,400BA5614317CB34,0
$C0002E2AC13EF8E9,BFF782EBC592B0F6,400E28C731EB695,0
$BFF782EBC592B0F6,C0002E2AC13EF8E9,40105616905F83B6,0
$BFE8B8AB04FBE3A4,C0030568CC0AB51F,401197C987C952C4,0
$0,C004,4012D97C7F3321D2,0
$3FE8B8AB04FBE3A4,C0030568CC0AB51F,40141B2F769CF0E,0
$3FF782EBC592B0F6,C0002E2AC13EF8E9,40155CE26E06BFER,0
$40002E2AC13EF8E9,BFF782EBC592B0F6,40169E9565708EFC,0
$40030568CC0AB51F,BFE8B8AB04FBE3A4,4017E0485CDA5E0A,0
$4004,0,401921FB54442D18,0
5 94 482
5 95 490
5 96 483
5 97 489
5 98 0
5 99 0
4 88 ->
5 89 486
5 90 476
5 91 0
5 92 [2]
$1,-1
5 93 [11][4]
$4004,2*0,3FFAE269B55D6C27
$40030568CC0AB51F,3FE8B8AB04FBE3A4,3FD41B2F769CF0E1,3FFAE269B55D6C27
$40002E2AC13EF8E9,3FF782EBC592B0F6,3FE41B2F769CF0E,3FFAE269B55D6C27
$3FF782EBC592B0F6,40002E2AC13EF8E9,3FEE28C731EB695,3FFAE269B55D6C27
$3FE8B8AB04FBE3A4,40030568CC0AB51F,3FF41B2F769CF0E,3FFAE269B55D6C27
$0,4004,3FF921FB54442D18,3FFAE269B55D6C27
$BFE8B8AB04FBE3A4,40030568CC0AB51F,3FFE28C731EB695,3FFAE269B55D6C27
$BFF782EBC592B0F6,40002E2AC13EF8E9,400197C987C952C4,3FFAE269B55D6C27
$C0002E2AC13EF8E9,3FF782EBC592B0F6,40041B2F769CF0E,3FFAE269B55D6C27
$C0030568CC0AB51F,3FE8B8AB04FBE3A4,40069E9565708EFC,3FFAE269B55D6C27
$C004,0,400921FB54442D18,3FFAE269B55D6C27
5 94 485
5 95 488
5 96 487
5 97 489
5 98 0
5 99 0
4 88 ->
5 89 487
5 90 476
5 91 0
5 92 [2]
$1,-1
5 93 [11][4]
$C004,0,400921FB54442D18,3FFAE269B55D6C27
$C0030568CC0AB51F,BFE8B8AB04FBE3A4,400BA5614317CB34,3FFAE269B55D6C27
$C0002E2AC13EF8E9,BFF782EBC592B0F6,400E28C731EB695,3FFAE269B55D6C27
$BFF782EBC592B0F6,C0002E2AC13EF8E9,40105616905F83B6,3FFAE269B55D6C27
$BFE8B8AB04FBE3A4,C0030568CC0AB51F,401197C987C952C4,3FFAE269B55D6C27
$0,C004,4012D97C7F3321D2,3FFAE269B55D6C27
$3FE8B8AB04FBE3A4,C0030568CC0AB51F,40141B2F769CF0E,3FFAE269B55D6C27
$3FF782EBC592B0F6,C0002E2AC13EF8E9,40155CE26E06BFER,3FFAE269B55D6C27
$40002E2AC13EF8E9,BFF782EBC592B0F6,40169E9565708EFC,3FFAE269B55D6C27
$40030568CC0AB51F,BFE8B8AB04FBE3A4,4017E0485CDA5E0A,3FFAE269B55D6C27
$4004,0,401921FB54442D18,3FFAE269B55D6C27
5 94 485
5 95 490
5 96 486
5 97 491
5 98 0
5 99 0
4 88 ->
5 89 489
5 90 476
5 91 1
5 92 [2]
$-1,1
5 93 [2][4]
$2*0,401921FB54442D18,0
$0,3FFAE269B55D6C27,401921FB54442D18,3FFAE269B55D6C27
5 94 488
5 95 490
5 96 0
5 97 0
5 98 0
5 99 0
4 88 ->
5 89 491
5 90 476
5 91 1
5 92 [2]
$-1,1
5 93 [2][4]
$400921FB54442D18,0,400921FB54442D18,0
$400921FB54442D18,3FFAE269B55D6C27,400921FB54442D18,3FFAE269B55D6C27
5 94 490
5 95 488
5 96 0
5 97 0
5 98 0
5 99 0
4 88 ->
5 89 494
5 90 476
5 91 0
5 92 [2]
$1,-1
5 93 [12][4]
$4061D,4024,0,3FF8
$4061CCC26A858149,4025689E1FCD4313,3FD247426BD47DE3,3FF8
$4061C34CDF527C5A,4026B4052EDD45C2,3FE247426BD47DE3,3FF8
$4061B4638C3EAA5D,4027C75C05411659,3FEB6AE3A1BEBCD4,3FF8
$4061A13BB31038D7,40288C54365536E3,3FF247426BD47DE3,3FF8
$40618B629B9E898B,4028F2F8B0A8CA75,3FF6D91306C99D5B,3FF8
$4061749D64617675,4028F2F8B0A8CA76,3FFB6AE3A1BEBCD4,3FF8
$40615EC44CEFC729,40288C54365536E3,3FFFFCB43CB3DC4D,3FF8
$40614B9C73C155A3,4027C75C05411659,400247426BD47DE3,3FF8
$40613CB320AD83A6,4026B4052EDD45C1,4004902AB94F0DA,3FF8
$4061333D957A7EB7,4025689E1FCD4313,4006D91306C99D5B,3FF8
$40613,4024,400921FB54442D18,3FF8
5 94 12
5 95 488
5 96 495
5 97 498
5 98 0
5 99 0
4 88 ->
5 89 495
5 90 476
5 91 0
5 92 [2]
$1,-1
5 93 [12][4]
$40613,4024,400921FB54442D18,3FF8
$4061333D957A7EB7,40229761E032BCED,400B6AE3A1BEBCD4,3FF8
$40613CB320AD83A6,40214BFAD122BA3E,400DB3CBEF394C91,3FF8
$40614B9C73C155A3,402038A3FABEE9A7,400FFCB43CB3DC4D,3FF8
$40615EC44CEFC729,401EE7579355923A,401122CE45173605,3FF8
$4061749D64617675,401E1A0E9EAE6B15,401247426BD47DE3,3FF8
$40618B629B9E898B,401E1A0E9EAE6B15,40136BB69291C5C1,3FF8
$4061A13BB31038D7,401EE7579355923A,4014902AB94F0D9F,3FF8
$4061B4638C3EAA5D,402038A3FABEE9A7,4015B49EE00C557E,3FF8
$4061C34CDF527C5A,40214BFAD122BA3F,4016D91306C99D5C,3FF8
$4061CCC26A858149,40229761E032BCED,4017FD872D86E53A,3FF8
$4061D,4024,401921FB54442D18,3FF8
5 94 12
5 95 490
5 96 494
5 97 499
5 98 0
5 99 0
4 88 ->
5 89 496
5 90 476
5 91 0
5 92 [2]
$-1,1
5 93 [12][4]
$401E,4024,2*0
$401E67B2AF4FD6E,4025689E1FCD4313,3FD247426BD47DE3,0
$401F966415B074C,4026B4052EDD45C2,3FE247426BD47DE3,0
$4020B9C73C155A3,4027C75C05411659,3FEB6AE3A1BEBCD4,0
$4021EC44CEFC729,40288C54365536E3,3FF247426BD47DE3,0
$402349D64617675,4028F2F8B0A8CA75,3FF6D91306C99D5B,0
$4024B629B9E898B,4028F2F8B0A8CA76,3FFB6AE3A1BEBCD4,0
$402613BB31038D7,40288C54365536E3,3FFFFCB43CB3DC4D,0
$40274638C3EAA5D,4027C75C05411659,400247426BD47DE3,0
$402834CDF527C5A,4026B4052EDD45C1,4004902AB94F0DA,0
$4028CC26A858149,4025689E1FCD4313,4006D91306C99D5B,0
$4029,4024,400921FB54442D18,0
5 94 16
5 95 488
5 96 497
5 97 499
5 98 0
5 99 0
4 88 ->
5 89 497
5 90 476
5 91 0
5 92 [2]
$-1,1
5 93 [12][4]
$4029,4024,400921FB54442D18,0
$4028CC26A858149,40229761E032BCED,400B6AE3A1BEBCD4,0
$402834CDF527C5A,40214BFAD122BA3E,400DB3CBEF394C91,0
$40274638C3EAA5D,402038A3FABEE9A7,400FFCB43CB3DC4D,0
$402613BB31038D7,401EE7579355923A,401122CE45173605,0
$4024B629B9E898B,401E1A0E9EAE6B15,401247426BD47DE3,0
$402349D64617675,401E1A0E9EAE6B15,40136BB69291C5C1,0
$4021EC44CEFC729,401EE7579355923A,4014902AB94F0D9F,0
$4020B9C73C155A3,402038A3FABEE9A7,4015B49EE00C557E,0
$401F966415B074C,40214BFAD122BA3F,4016D91306C99D5C,0
$401E67B2AF4FD6E,40229761E032BCED,4017FD872D86E53A,0
$401E,4024,401921FB54442D18,0
5 94 16
5 95 490
5 96 496
5 97 498
5 98 0
5 99 0
4 88 ->
5 89 498
5 90 476
5 91 1
5 92 [2]
$-1,1
5 93 [2][4]
$2*0,401921FB54442D18,0
$0,3FF8,401921FB54442D18,3FF8
5 94 488
5 95 490
5 96 496
5 97 495
5 98 0
5 99 0
4 88 ->
5 89 499
5 90 476
5 91 1
5 92 [2]
$-1,1
5 93 [2][4]
$400921FB54442D18,0,400921FB54442D18,0
$400921FB54442D18,3FF8,400921FB54442D18,3FF8
5 94 490
5 95 488
5 96 497
5 97 494
5 98 0
5 99 0
2 100 ->
3 270 476
3 271 73
3 272 474
3 273 NULL
2 101 ->
2 102 ->
3 103 [4][3]
$3FF,2*0
$2*0,BFF
$0,3FF,0
$40618,3FF8,4024
3 104 [3]
4 104 ->
5 105 5
5 106 0
5 107 -1
5 108 -1
5 109 16
5 110 482
5 111 0
5 112 0
5 113 0
5 238 [1]
6 238 ->
7 239 1
7 240 ->
8 241 -4
8 242 5
8 243 0
4 104 ->
5 105 6
5 106 4024
5 107 60
5 108 -1
5 109 480
5 110 482
5 111 0
5 112 0
5 113 0
5 238 [1]
6 238 ->
7 239 1
7 240 ->
8 241 -4
8 242 5
8 243 0
4 104 ->
5 105 6
5 106 C024
5 107 61
5 108 -1
5 109 481
5 110 482
5 111 0
5 112 0
5 113 0
5 238 [1]
6 238 ->
7 239 1
7 240 ->
8 241 -4
8 242 5
8 243 0
3 114 -1
3 115 0
3 116 [1]
4 116 
5 117 12
5 118 0
5 119 [4][3]
$3FF,2*0
$2*0,BFF
$0,3FF,0
$40618,3FF8,4024
2 120 NULL
2 121 482
2 195 -1
2 196 NULL
2 197 NULL
2 237 [4]
$1,427,474,475
2 198 ->
3 258 [2]
4 258 
5 259 464
5 260 0
4 258 
5 259 485
5 260 488
3 261 [4]
4 261 
5 262 482
5 263 0
4 261 
5 262 485
5 263 0
4 261 
5 262 488
5 263 1
4 261 
5 262 490
5 263 1
3 264 [4]
4 264 
5 265 12
5 266 [3]
$3,445,468
4 264 
5 265 16
5 266 [3]
$5,447,470
4 264 
5 265 488
5 266 [1]
6 266 483
4 264 
5 265 490
5 266 [1]
6 266 484
3 267 [2]
4 267 
5 268 489
5 269 [2]
$483,487
4 267 
5 268 491
5 269 [2]
$484,486
3 202 2
3 203 0
3 204 [2][3]
$3*0
$4062C,3FF8,4059
3 205 40668914EC371328
3 206 NULL
3 207 -1
2 208 -1
2 209 NULL
2 210 0
2 211 ->
3 212 3
1 213 ->
2 35 477
2 36 1
2 37 ->
3 38 13
3 39 923
3 40 0
3 41 [3]
$3,2*0
3 42 0
3 43 -1
3 44 -1
3 45 ->
4 46 0
4 47 0
4 48 -1
4 49 970
4 50 -1
4 51 -1
4 52 0
4 53 0
4 54 0
4 55 0
3 56 0
2 57 -1
2 58 no_name
2 59 2
2 60 ->
3 61 [1][4]
$500,3*0
3 64 NULL
3 66 [17]
$2*-1,-1025,-2049,268435455,-1,8191,0,2048,5*0,2097152,2*0
3 67 NULL
3 68 ->
4 69 0
4 70 150023
2 71 
3 72 [1]
4 72 ->
5 73 34
5 74 500
5 75 477
5 76 -1
5 77 [2][2]
$2*0
$2*0
5 78 ->
6 79 [4][3]
$0,BFF,0
$3FF,2*0
$2*0,3FF
$405C970A3D70A3D7,3FF8,4059
5 80 NULL
5 85 0
5 86 1
5 87 [2][3]
$3*0
$3*0
2 100 ->
3 270 477
3 271 73
3 272 474
3 273 NULL
2 101 ->
2 102 ->
3 103 [4][3]
$0,BFF,0
$3FF,2*0
$2*0,3FF
$405C970A3D70A3D7,3FF8,4059
3 104 [2]
4 104 ->
5 105 504
5 106 3FF
5 107 -1
5 108 -1
5 109 16
5 110 500
5 111 0
5 112 0
5 113 32768
5 238 [1]
6 238 ->
7 239 1
7 240 ->
8 241 -4
8 242 5
8 243 0
4 104 ->
5 105 502
5 106 3FF
5 107 -1
5 108 -1
5 109 10
5 110 500
5 111 0
5 112 0
5 113 32768
5 238 [1]
6 238 ->
7 239 1
7 240 ->
8 241 -4
8 242 5
8 243 0
3 114 -1
3 115 1
3 116 [1]
4 116 
5 117 11
5 118 0
5 119 [4][3]
$0,BFF,0
$3FF,2*0
$2*0,3FF
$405C970A3D70A3D7,3FF8,4059
2 120 NULL
2 121 500
2 195 -1
2 196 NULL
2 197 NULL
2 237 [4]
$1,474,475,476
2 198 ->
3 202 2
3 203 0
3 204 [2][3]
$3*0
$4062C,3FF8,4059
3 205 40668914EC371328
3 206 NULL
3 207 -1
2 208 -1
2 209 NULL
2 210 0
2 211 ->
3 212 2
1 213 ->
2 35 478
2 36 1
2 37 ->
3 38 13
3 39 923
3 40 0
3 41 [3]
$3,2*0
3 42 0
3 43 -1
3 44 -1
3 45 ->
4 46 0
4 47 0
4 48 -1
4 49 970
4 50 -1
4 51 -1
4 52 0
4 53 0
4 54 0
4 55 0
3 56 0
2 57 -1
2 58 no_name
2 59 2
2 60 ->
3 61 [1][4]
$501,3*0
3 64 NULL
3 66 [17]
$2*-1,-1025,-2049,268435455,-1,8191,0,2048,5*0,2097152,2*0
3 67 NULL
3 68 ->
4 69 0
4 70 150023
2 71 
3 72 [1]
4 72 ->
5 73 34
5 74 501
5 75 478
5 76 -1
5 77 [2][2]
$2*0
$2*0
5 78 ->
6 79 [4][3]
$2*0,3FF
$3FF,2*0
$0,3FF,0
$4062C,0,4037C28F5C28F5C4
5 80 NULL
5 85 0
5 86 1
5 87 [2][3]
$3*0
$3*0
2 100 ->
3 270 478
3 271 73
3 272 474
3 273 NULL
2 101 ->
2 102 ->
3 103 [4][3]
$2*0,3FF
$3FF,2*0
$0,3FF,0
$4062C,0,4037C28F5C28F5C4
3 104 [2]
4 104 ->
5 105 504
5 106 3FF
5 107 -1
5 108 -1
5 109 16
5 110 501
5 111 0
5 112 0
5 113 32768
5 238 [1]
6 238 ->
7 239 1
7 240 ->
8 241 -4
8 242 5
8 243 0
4 104 ->
5 105 502
5 106 3FF
5 107 -1
5 108 -1
5 109 15
5 110 501
5 111 0
5 112 0
5 113 32768
5 238 [1]
6 238 ->
7 239 1
7 240 ->
8 241 -4
8 242 5
8 243 0
3 114 -1
3 115 1
3 116 [1]
4 116 
5 117 11
5 118 0
5 119 [4][3]
$2*0,3FF
$3FF,2*0
$0,3FF,0
$4062C,0,4037C28F5C28F5C4
2 120 NULL
2 121 501
2 195 -1
2 196 NULL
2 197 NULL
2 237 [5]
$1,474,475,476,477
2 198 ->
3 202 2
3 203 0
3 204 [2][3]
$3*0
$4062C,3FF8,4059
3 205 40668914EC371328
3 206 NULL
3 207 -1
2 208 -1
2 209 NULL
2 210 0
2 211 ->
3 212 2
1 213 ->
2 35 479
2 36 1
2 37 ->
3 38 1
3 39 911
3 40 1
3 41 [3]
$0,65536,0
3 42 1
3 43 991
3 44 -1
3 45 ->
4 46 0
4 47 1052672
4 48 -1
4 49 970
4 50 -1
4 51 -1
4 52 0
4 53 0
4 54 0
4 55 0
3 56 0
2 57 -1
2 58 no_name
2 59 2
2 244 ->
3 245 11
3 246 512
3 247 
3 248 508
3 249 [3]
$40618,3FF8,40568
3 250 [3]
$40613,3FF8,40568
2 244 ->
3 245 13
3 246 513
3 247 
4 218 1
3 248 508
3 249 [3]
$40618,3FF8,40568
3 250 [3]
$40618,0,40568
2 224 ->
3 225 19
3 226 A_10
3 227 1
3 228 [3]
$40874BA69C449CF,4070E378046D128,406DF1866F06CDEC
3 229 -1
3 230 11
3 231 BFF
3 232 BFF
3 233 
3 234 BFF
2 60 ->
3 61 [4][4]
$502,204,2*0
$505,203,2*0
$508,200,2*0
$510,200,-1,0
3 62 [12][6]
$503,221,3*0,508
$504,221,-1,2*0,510
$506,222,3*0,505
$507,222,-1,2*0,505
$509,220,3*0,510
$511,220,-1,2*0,508
$514,223,12,508,0,12
$515,223,12,510,0,12
$516,226,16,508,0,508
$517,226,16,510,0,510
$518,224,509,2*0,510
$519,224,511,2*0,508
3 235 [2]
4 235 
5 236 [5]
$512,530,508,-1,500
4 235 
5 236 [5]
$513,531,508,-1,500
3 63 [1]
4 63 62
3 251 [2]
4 251 
5 252 500
5 253 -1
4 251 
5 252 501
5 253 -1
3 64 ->
4 254 [6]
$514,515,516,517,518,519
4 65 502
3 66 [17]
$2*-1,-1025,-2049,268435455,-1,8191,0,2048,5*0,2097152,2*0
3 67 NULL
3 68 ->
4 69 0
4 70 150023
2 71 
3 72 [4]
4 72 ->
5 73 34
5 74 502
5 75 479
5 76 -1
5 77 [2][2]
$2*C004
$2*4004
5 78 ->
6 79 [4][3]
$3FF,2*0
$2*0,BFF
$0,3FF,0
$40618,3FF8,40568
5 80 ->
6 81 503
6 82 1
6 83 [2][2]
$2*C004
$2*4004
5 84 NULL
5 85 505
5 86 1
5 87 [2][3]
$40613,3FF8,4055E
$4061D,3FF8,40572
4 72 ->
5 73 34
5 74 505
5 75 479
5 76 -1
5 77 [2][2]
$2*C004
$2*4004
5 78 ->
6 79 [4][3]
$3FF,2*0
$2*0,BFF
$0,3FF,0
$40618,BFC7134DAAEB6138,40568
5 80 ->
6 81 506
6 82 1
6 83 [2][2]
$2*C004
$2*4004
5 84 NULL
5 85 0
5 86 -1
5 87 [2][3]
$40613,BFC7134DAAEB6138,4055E
$4061D,BFC7134DAAEB6138,40572
4 72 ->
5 73 36
5 74 508
5 75 479
5 76 0
5 77 [2][2]
$2*0
$400921FB54442D18,3FF8
5 255 ->
6 256 [4][3]
$3FF,2*0
$2*0,BFF
$0,3FF,0
$40618,3FF8,40568
6 257 4004
5 80 ->
6 81 514
6 82 1
6 83 [2][2]
$2*0
$400921FB54442D18,3FF8
5 84 NULL
5 85 510
5 86 -1
5 87 [2][3]
$40613,0,40568
$4061D,3FF8,40572
4 72 ->
5 73 36
5 74 510
5 75 479
5 76 0
5 77 [2][2]
$400921FB54442D18,0
$401921FB54442D18,3FF8
5 255 ->
6 256 [4][3]
$3FF,2*0
$2*0,BFF
$0,3FF,0
$40618,3FF8,40568
6 257 4004
5 80 ->
6 81 515
6 82 1
6 83 [2][2]
$400921FB54442D18,0
$401921FB54442D18,3FF8
5 84 NULL
5 85 0
5 86 -1
5 87 [2][3]
$40613,0,4055E
$4061D,3FF8,40568
3 88 [12]
4 88 ->
5 89 503
5 90 479
5 91 0
5 92 [2]
$-1,1
5 93 [11][4]
$4004,3*0
$40030568CC0AB51F,3FE8B8AB04FBE3A4,3FD41B2F769CF0E1,0
$40002E2AC13EF8E9,3FF782EBC592B0F6,3FE41B2F769CF0E,0
$3FF782EBC592B0F6,40002E2AC13EF8E9,3FEE28C731EB695,0
$3FE8B8AB04FBE3A4,40030568CC0AB51F,3FF41B2F769CF0E,0
$0,4004,3FF921FB54442D18,0
$BFE8B8AB04FBE3A4,40030568CC0AB51F,3FFE28C731EB695,0
$BFF782EBC592B0F6,40002E2AC13EF8E9,400197C987C952C4,0
$C0002E2AC13EF8E9,3FF782EBC592B0F6,40041B2F769CF0E,0
$C0030568CC0AB51F,3FE8B8AB04FBE3A4,40069E9565708EFC,0
$C004,0,400921FB54442D18,0
5 94 502
5 95 508
5 96 504
5 97 511
5 98 0
5 99 0
4 88 ->
5 89 504
5 90 479
5 91 0
5 92 [2]
$-1,1
5 93 [11][4]
$C004,0,400921FB54442D18,0
$C0030568CC0AB51F,BFE8B8AB04FBE3A4,400BA5614317CB34,0
$C0002E2AC13EF8E9,BFF782EBC592B0F6,400E28C731EB695,0
$BFF782EBC592B0F6,C0002E2AC13EF8E9,40105616905F83B6,0
$BFE8B8AB04FBE3A4,C0030568CC0AB51F,401197C987C952C4,0
$0,C004,4012D97C7F3321D2,0
$3FE8B8AB04FBE3A4,C0030568CC0AB51F,40141B2F769CF0E,0
$3FF782EBC592B0F6,C0002E2AC13EF8E9,40155CE26E06BFER,0
$40002E2AC13EF8E9,BFF782EBC592B0F6,40169E9565708EFC,0
$40030568CC0AB51F,BFE8B8AB04FBE3A4,4017E0485CDA5E0A,0
$4004,0,401921FB54442D18,0
5 94 502
5 95 510
5 96 503
5 97 509
5 98 0
5 99 0
4 88 ->
5 89 506
5 90 479
5 91 0
5 92 [2]
$1,-1
5 93 [11][4]
$4004,2*0,3FFAE269B55D6C27
$40030568CC0AB51F,3FE8B8AB04FBE3A4,3FD41B2F769CF0E1,3FFAE269B55D6C27
$40002E2AC13EF8E9,3FF782EBC592B0F6,3FE41B2F769CF0E,3FFAE269B55D6C27
$3FF782EBC592B0F6,40002E2AC13EF8E9,3FEE28C731EB695,3FFAE269B55D6C27
$3FE8B8AB04FBE3A4,40030568CC0AB51F,3FF41B2F769CF0E,3FFAE269B55D6C27
$0,4004,3FF921FB54442D18,3FFAE269B55D6C27
$BFE8B8AB04FBE3A4,40030568CC0AB51F,3FFE28C731EB695,3FFAE269B55D6C27
$BFF782EBC592B0F6,40002E2AC13EF8E9,400197C987C952C4,3FFAE269B55D6C27
$C0002E2AC13EF8E9,3FF782EBC592B0F6,40041B2F769CF0E,3FFAE269B55D6C27
$C0030568CC0AB51F,3FE8B8AB04FBE3A4,40069E9565708EFC,3FFAE269B55D6C27
$C004,0,400921FB54442D18,3FFAE269B55D6C27
5 94 505
5 95 508
5 96 507
5 97 509
5 98 0
5 99 0
4 88 ->
5 89 507
5 90 479
5 91 0
5 92 [2]
$1,-1
5 93 [11][4]
$C004,0,400921FB54442D18,3FFAE269B55D6C27
$C0030568CC0AB51F,BFE8B8AB04FBE3A4,400BA5614317CB34,3FFAE269B55D6C27
$C0002E2AC13EF8E9,BFF782EBC592B0F6,400E28C731EB695,3FFAE269B55D6C27
$BFF782EBC592B0F6,C0002E2AC13EF8E9,40105616905F83B6,3FFAE269B55D6C27
$BFE8B8AB04FBE3A4,C0030568CC0AB51F,401197C987C952C4,3FFAE269B55D6C27
$0,C004,4012D97C7F3321D2,3FFAE269B55D6C27
$3FE8B8AB04FBE3A4,C0030568CC0AB51F,40141B2F769CF0E,3FFAE269B55D6C27
$3FF782EBC592B0F6,C0002E2AC13EF8E9,40155CE26E06BFER,3FFAE269B55D6C27
$40002E2AC13EF8E9,BFF782EBC592B0F6,40169E9565708EFC,3FFAE269B55D6C27
$40030568CC0AB51F,BFE8B8AB04FBE3A4,4017E0485CDA5E0A,3FFAE269B55D6C27
$4004,0,401921FB54442D18,3FFAE269B55D6C27
5 94 505
5 95 510
5 96 506
5 97 511
5 98 0
5 99 0
4 88 ->
5 89 509
5 90 479
5 91 1
5 92 [2]
$-1,1
5 93 [2][4]
$2*0,401921FB54442D18,0
$0,3FFAE269B55D6C27,401921FB54442D18,3FFAE269B55D6C27
5 94 508
5 95 510
5 96 0
5 97 0
5 98 0
5 99 0
4 88 ->
5 89 511
5 90 479
5 91 1
5 92 [2]
$-1,1
5 93 [2][4]
$400921FB54442D18,0,400921FB54442D18,0
$400921FB54442D18,3FFAE269B55D6C27,400921FB54442D18,3FFAE269B55D6C27
5 94 510
5 95 508
5 96 0
5 97 0
5 98 0
5 99 0
4 88 ->
5 89 514
5 90 479
5 91 0
5 92 [2]
$1,-1
5 93 [12][4]
$4061D,40568,0,3FF8
$4061CCC26A858149,4056AD13C3F9A862,3FD247426BD47DE3,3FF8
$4061C34CDF527C5A,4056D680A5DBA8B8,3FE247426BD47DE3,3FF8
$4061B4638C3EAA5D,4056F8EB80A822CB,3FEB6AE3A1BEBCD4,3FF8
$4061A13BB31038D7,4057118A86CAA6DC,3FF247426BD47DE3,3FF8
$40618B629B9E898B,40571E5F1615194F,3FF6D91306C99D5B,3FF8
$4061749D64617675,40571E5F1615194F,3FFB6AE3A1BEBCD4,3FF8
$40615EC44CEFC729,4057118A86CAA6DC,3FFFFCB43CB3DC4D,3FF8
$40614B9C73C155A3,4056F8EB80A822CB,400247426BD47DE3,3FF8
$40613CB320AD83A6,4056D680A5DBA8B8,4004902AB94F0DA,3FF8
$4061333D957A7EB7,4056AD13C3F9A862,4006D91306C99D5B,3FF8
$40613,40568,400921FB54442D18,3FF8
5 94 12
5 95 508
5 96 515
5 97 518
5 98 0
5 99 0
4 88 ->
5 89 515
5 90 479
5 91 0
5 92 [2]
$1,-1
5 93 [12][4]
$40613,40568,400921FB54442D18,3FF8
$4061333D957A7EB7,405652EC3C06579E,400B6AE3A1BEBCD4,3FF8
$40613CB320AD83A6,4056297F5A245748,400DB3CBEF394C91,3FF8
$40614B9C73C155A3,405607147F57DD35,400FFCB43CB3DC4D,3FF8
$40615EC44CEFC729,4055EE7579355924,401122CE45173605,3FF8
$4061749D64617675,4055E1A0E9EAE6B1,401247426BD47DE3,3FF8
$40618B629B9E898B,4055E1A0E9EAE6B1,40136BB69291C5C1,3FF8
$4061A13BB31038D7,4055EE7579355924,4014902AB94F0D9F,3FF8
$4061B4638C3EAA5D,405607147F57DD35,4015B49EE00C557E,3FF8
$4061C34CDF527C5A,4056297F5A245748,4016D91306C99D5C,3FF8
$4061CCC26A858149,405652EC3C06579E,4017FD872D86E53A,3FF8
$4061D,40568,401921FB54442D18,3FF8
5 94 12
5 95 510
5 96 514
5 97 519
5 98 0
5 99 0
4 88 ->
5 89 516
5 90 479
5 91 0
5 92 [2]
$-1,1
5 93 [12][4]
$401E,40568,2*0
$401E67B2AF4FD6E,4056AD13C3F9A862,3FD247426BD47DE3,0
$401F966415B074C,4056D680A5DBA8B8,3FE247426BD47DE3,0
$4020B9C73C155A3,4056F8EB80A822CB,3FEB6AE3A1BEBCD4,0
$4021EC44CEFC729,4057118A86CAA6DC,3FF247426BD47DE3,0
$402349D64617675,40571E5F1615194F,3FF6D91306C99D5B,0
$4024B629B9E898B,40571E5F1615194F,3FFB6AE3A1BEBCD4,0
$402613BB31038D7,4057118A86CAA6DC,3FFFFCB43CB3DC4D,0
$40274638C3EAA5D,4056F8EB80A822CB,400247426BD47DE3,0
$402834CDF527C5A,4056D680A5DBA8B8,4004902AB94F0DA,0
$4028CC26A858149,4056AD13C3F9A862,4006D91306C99D5B,0
$4029,40568,400921FB54442D18,0
5 94 16
5 95 508
5 96 517
5 97 519
5 98 0
5 99 0
4 88 ->
5 89 517
5 90 479
5 91 0
5 92 [2]
$-1,1
5 93 [12][4]
$4029,40568,400921FB54442D18,0
$4028CC26A858149,405652EC3C06579E,400B6AE3A1BEBCD4,0
$402834CDF527C5A,4056297F5A245748,400DB3CBEF394C91,0
$40274638C3EAA5D,405607147F57DD35,400FFCB43CB3DC4D,0
$402613BB31038D7,4055EE7579355924,401122CE45173605,0
$4024B629B9E898B,4055E1A0E9EAE6B1,401247426BD47DE3,0
$402349D64617675,4055E1A0E9EAE6B1,40136BB69291C5C1,0
$4021EC44CEFC729,4055EE7579355924,4014902AB94F0D9F,0
$4020B9C73C155A3,405607147F57DD35,4015B49EE00C557E,0
$401F966415B074C,4056297F5A245748,4016D91306C99D5C,0
$401E67B2AF4FD6E,405652EC3C06579E,4017FD872D86E53A,0
$401E,40568,401921FB54442D18,0
5 94 16
5 95 510
5 96 516
5 97 518
5 98 0
5 99 0
4 88 ->
5 89 518
5 90 479
5 91 1
5 92 [2]
$-1,1
5 93 [2][4]
$2*0,401921FB54442D18,0
$0,3FF8,401921FB54442D18,3FF8
5 94 508
5 95 510
5 96 516
5 97 515
5 98 0
5 99 0
4 88 ->
5 89 519
5 90 479
5 91 1
5 92 [2]
$-1,1
5 93 [2][4]
$400921FB54442D18,0,400921FB54442D18,0
$400921FB54442D18,3FF8,400921FB54442D18,3FF8
5 94 510
5 95 508
5 96 517
5 97 514
5 98 0
5 99 0
2 100 ->
3 270 479
3 271 73
3 272 474
3 273 NULL
2 101 ->
2 102 ->
3 103 [4][3]
$3FF,2*0
$2*0,BFF
$0,3FF,0
$40618,3FF8,40568
3 104 [3]
4 104 ->
5 105 5
5 106 0
5 107 -1
5 108 -1
5 109 16
5 110 502
5 111 0
5 112 0
5 113 0
5 238 [1]
6 238 ->
7 239 1
7 240 ->
8 241 -4
8 242 5
8 243 0
4 104 ->
5 105 6
5 106 C024
5 107 63
5 108 -1
5 109 500
5 110 502
5 111 0
5 112 0
5 113 0
5 238 [1]
6 238 ->
7 239 1
7 240 ->
8 241 -4
8 242 5
8 243 0
4 104 ->
5 105 6
5 106 C024
5 107 64
5 108 -1
5 109 501
5 110 502
5 111 0
5 112 0
5 113 0
5 238 [1]
6 238 ->
7 239 1
7 240 ->
8 241 -4
8 242 5
8 243 0
3 114 -1
3 115 0
3 116 [1]
4 116 
5 117 12
5 118 0
5 119 [4][3]
$3FF,2*0
$2*0,BFF
$0,3FF,0
$40618,3FF8,40568
2 120 NULL
2 121 502
2 195 -1
2 196 NULL
2 197 NULL
2 237 [7]
$1,453,474,475,476,477,478
2 198 ->
3 258 [2]
4 258 
5 259 490
5 260 0
4 258 
5 259 505
5 260 508
3 261 [4]
4 261 
5 262 502
5 263 0
4 261 
5 262 505
5 263 0
4 261 
5 262 508
5 263 1
4 261 
5 262 510
5 263 1
3 264 [4]
4 264 
5 265 12
5 266 [4]
$3,445,468,494
4 264 
5 265 16
5 266 [4]
$5,447,470,496
4 264 
5 265 508
5 266 [1]
6 266 503
4 264 
5 265 510
5 266 [1]
6 266 504
3 267 [2]
4 267 
5 268 509
5 269 [2]
$503,507
4 267 
5 268 511
5 269 [2]
$504,506
3 202 2
3 203 0
3 204 [2][3]
$3*0
$4062C,3FF8,4059
3 205 40668914EC371328
3 206 NULL
3 207 -1
2 208 -1
2 209 NULL
2 210 0
2 211 ->
3 212 3
1 213 ->
2 35 587
2 36 1
2 37 ->
3 38 13
3 39 923
3 40 0
3 41 [3]
$3,2*0
3 42 0
3 43 -1
3 44 -1
3 45 ->
4 46 0
4 47 0
4 48 -1
4 49 970
4 50 -1
4 51 -1
4 52 0
4 53 0
4 54 0
4 55 0
3 56 0
2 57 -1
2 58 no_name
2 59 2
2 60 ->
3 61 [1][4]
$588,3*0
3 64 NULL
3 66 [17]
$2*-1,-1025,-2049,536870911,-1,65535,0,2048,5*0,2097152,2*0
3 67 NULL
3 68 ->
4 69 0
4 70 150023
2 71 
3 72 [1]
4 72 ->
5 73 34
5 74 588
5 75 587
5 76 -1
5 77 [2][2]
$2*0
$2*0
5 78 ->
6 79 [4][3]
$0,BFF,0
$2*0,3FF
$BFF,2*0
$4062C,3FF8,0
5 80 NULL
5 85 0
5 86 1
5 87 [2][3]
$3*0
$3*0
2 100 NULL
2 101 ->
2 102 ->
3 103 [4][3]
$0,BFF,0
$2*0,3FF
$BFF,2*0
$4062C,3FF8,0
3 104 [2]
4 104 ->
5 105 509
5 106 3FF
5 107 -1
5 108 -1
5 109 16
5 110 588
5 111 0
5 112 0
5 113 32768
5 238 [1]
6 238 ->
7 239 1
7 240 ->
8 241 -4
8 242 5
8 243 0
4 104 ->
5 105 510
5 106 BFF
5 107 -1
5 108 -1
5 109 14
5 110 588
5 111 0
5 112 0
5 113 32768
5 238 [1]
6 238 ->
7 239 1
7 240 ->
8 241 -4
8 242 5
8 243 0
3 114 -1
3 115 1
3 116 [1]
4 116 
5 117 11
5 118 0
5 119 [4][3]
$0,BFF,0
$2*0,3FF
$BFF,2*0
$4062C,3FF8,0
2 120 NULL
2 121 588
2 195 -1
2 196 NULL
2 197 NULL
2 237 [1]
3 237 1
2 198 ->
3 202 2
3 203 0
3 204 [2][3]
$3*0
$4062C,3FF8,4059
3 205 40668914EC371328
3 206 NULL
3 207 -1
2 208 -1
2 209 NULL
2 210 0
2 211 ->
3 212 2
1 213 ->
2 35 586
2 36 1
2 37 ->
3 38 21
3 39 933
3 40 0
3 41 [3]
$2097152,2*0
3 42 0
3 43 -1
3 44 -1
3 45 ->
4 46 0
4 47 0
4 48 -1
4 49 970
4 50 -1
4 51 -1
4 52 0
4 53 0
4 54 0
4 55 13
3 56 0
2 57 -1
2 58 no_name
2 59 2
@entity(cosmetic) 306 0
2 306 ->
@type 307 1
3 307 50
@id 308 1
3 308 -1
@gen_info 309 0
3 309 
@owner_type 310 1
3 310 3
@owner_id 311 1
3 311 -1
@text_ptr 312 0
3 312 NULL
@cosm_disp_ents 313 0
3 313 ->
@first_disp_ent(line) 314 0
4 314 ->
5 190 5
5 191 
5 192 [3]
$C008,4008,0
5 193 [3]
$C008,40626,0
4 189 ->
5 190 11
5 191 
5 192 [3]
$C008,40626,0
5 193 [3]
$C0584,40626,0
4 189 ->
5 190 9
5 191 
@flip 315 1
5 315 -1
5 192 [3]
$C0584,4008,0
5 193 [3]
$C0584,40626,0
4 189 ->
5 190 7
5 191 
5 315 -1
5 192 [3]
$C008,4008,0
5 193 [3]
$C0584,4008,0
@plane_ptr 316 0
3 316 ->
@trf43 317 2
4 317 [4][3]
$0,BFF,0
$2*0,3FF
$BFF,2*0
$4062C,3FF8,0
@attr 318 1
3 318 0
2 60 ->
3 63 [2]
$180,181
3 251 [1]
4 251 
5 252 588
5 253 -1
3 64 NULL
3 66 [17]
$2*-1,-1025,-2049,536870911,-1,65535,0,2048,5*0,2097152,2*0
3 67 NULL
3 68 ->
4 69 0
4 70 150023
2 71 
2 100 NULL
2 101 ->
2 102 ->
3 103 [4][3]
$3FF,2*0
$0,3FF,0
$2*0,3FF
$3*0
3 114 -1
3 115 0
3 116 [1]
4 116 
5 117 1
5 118 0
5 119 [4][3]
$0,3FF,0
$BFF,2*0
$2*0,3FF
$3*0
2 120 NULL
2 121 -1
2 122 [1]
3 122 
4 123 2
4 124 S2D0001
4 125 ->
5 126 S2D0001
5 127 [12]
6 127 
7 128 2
7 129 [3]
$0,1,0
7 130 [2]
$0,1
7 131 1
7 132 0
7 133 0
7 134 0
7 135 5
7 136 
7 137 
8 138 24
8 139 8
6 127 
7 128 2
7 129 [3]
$-1,2*0
7 130 [2]
$0,2
7 131 2
7 132 0
7 133 1
7 134 0
7 135 7
7 136 
7 137 
8 138 24
8 139 9
6 127 
7 128 2
7 129 [3]
$0,1,0
7 130 [2]
$2,3
7 131 3
7 132 0
7 133 0
7 134 0
7 135 9
7 136 
7 137 
8 138 24
8 139 10
6 127 
7 128 2
7 129 [3]
$-1,2*0
7 130 [2]
$1,3
7 131 0
7 132 0
7 133 1
7 134 0
7 135 11
7 136 
7 137 
8 138 24
8 139 11
6 127 
7 128 32770
7 129 [3]
$0,1,0
7 130 [2]
$4,5
7 131 5
7 132 0
7 133 0
7 134 0
7 135 0
7 136 
7 137 
8 138 0
8 139 -1
6 127 
7 128 32770
7 129 [3]
$-1,2*0
7 130 [2]
$6,7
7 131 7
7 132 0
7 133 1
7 134 0
7 135 1
7 136 
7 137 
8 138 0
8 139 -1
6 127 
7 128 32770
7 129 [3]
$0,1,0
7 130 [2]
$8,9
7 131 9
7 132 0
7 133 0
7 134 0
7 135 2
7 136 
7 137 
8 138 0
8 139 -1
6 127 
7 128 32770
7 129 [3]
$-1,2*0
7 130 [2]
$10,11
7 131 11
7 132 0
7 133 1
7 134 0
7 135 3
7 136 
7 137 
8 138 0
8 139 -1
6 127 
7 128 32770
7 129 [3]
$0,1,0
7 130 [2]
$12,13
7 131 13
7 132 0
7 133 0
7 134 0
7 135 4
7 136 
7 137 
8 138 0
8 139 -1
6 127 
7 128 32770
7 129 [3]
$-1,2*0
7 130 [2]
$14,15
7 131 15
7 132 0
7 133 1
7 134 0
7 135 6
7 136 
7 137 
8 138 0
8 139 -1
6 127 
7 128 32770
7 129 [3]
$0,1,0
7 130 [2]
$16,17
7 131 17
7 132 0
7 133 0
7 134 0
7 135 8
7 136 
7 137 
8 138 0
8 139 -1
6 127 
7 128 32770
7 129 [3]
$-1,2*0
7 130 [2]
$18,19
7 131 19
7 132 0
7 133 1
7 134 0
7 135 10
7 136 
7 137 
8 138 0
8 139 -1
5 140 [5]
6 140 
7 141 68
7 142 C008
7 143 0
7 144 0
7 145 [2]
7 146 [2]
7 147 0
7 148 0
7 149 
8 150 [2]
$34,0
7 151 [8]
8 151 
9 152 4
9 153 131072
9 154 [2]
$2*-1
8 151 
9 152 8
9 153 65536
9 154 [2]
$2*-1
8 151 
9 152 5
9 153 1
9 154 [2]
$2*0
8 151 
9 152 9
9 153 65537
9 154 [2]
$2*0
8 151 
9 152 6
9 153 2
9 154 [2]
$2*0
8 151 
9 152 10
9 153 65538
9 154 [2]
$2*0
8 151 
9 152 7
9 153 3
9 154 [2]
$2*0
8 151 
9 152 11
9 153 65539
9 154 [2]
$2*0
6 140 
7 141 40
7 142 0
7 143 0
7 144 0
7 145 [2]
7 146 [2]
7 147 0
7 148 1
7 149 
8 150 [2]
$2*0
7 151 [2]
8 151 
9 152 8
9 153 4
9 154 [2]
$2*-1
8 151 
9 152 0
9 153 4
9 154 [2]
$2*-1
6 140 
7 141 40
7 142 0
7 143 0
7 144 0
7 145 [2]
7 146 [2]
7 147 0
7 148 2
7 149 
8 150 [2]
$2*0
7 151 [2]
8 151 
9 152 9
9 153 4
9 154 [2]
$2*-1
8 151 
9 152 1
9 153 4
9 154 [2]
$2*-1
6 140 
7 141 40
7 142 0
7 143 0
7 144 0
7 145 [2]
7 146 [2]
7 147 0
7 148 3
7 149 
8 150 [2]
$2*0
7 151 [2]
8 151 
9 152 10
9 153 4
9 154 [2]
$2*-1
8 151 
9 152 2
9 153 4
9 154 [2]
$2*-1
6 140 
7 141 40
7 142 0
7 143 0
7 144 0
7 145 [2]
7 146 [2]
7 147 0
7 148 4
7 149 
8 150 [2]
$2*0
7 151 [2]
8 151 
9 152 11
9 153 4
9 154 [2]
$2*-1
8 151 
9 152 3
9 153 4
9 154 [2]
$2*-1
5 155 [8]
6 155 
7 156 0
7 157 [4]
$0,12,2*-1
7 158 [4]
$4*0
7 159 [4]
$3FF,BFF,3FF,0
7 160 0
7 161 -1
7 162 0
6 155 
7 156 0
7 157 [4]
$0,12,2*-1
7 158 [4]
$2*1,2*0
7 159 [4]
$3FF,BFF,3FF,0
7 160 0
7 161 -1
7 162 0
6 155 
7 156 0
7 157 [4]
$1,13,2*-1
7 158 [4]
$4*0
7 159 [4]
$3FF,BFF,3FF,0
7 160 0
7 161 -1
7 162 0
6 155 
7 156 0
7 157 [4]
$1,13,2*-1
7 158 [4]
$2*1,2*0
7 159 [4]
$3FF,BFF,3FF,0
7 160 0
7 161 -1
7 162 0
6 155 
7 156 0
7 157 [4]
$2,15,2*-1
7 158 [4]
$4*0
7 159 [4]
$3FF,BFF,3FF,0
7 160 0
7 161 -1
7 162 0
6 155 
7 156 0
7 157 [4]
$2,15,2*-1
7 158 [4]
$2*1,2*0
7 159 [4]
$3FF,BFF,3FF,0
7 160 0
7 161 -1
7 162 0
6 155 
7 156 0
7 157 [4]
$3,17,2*-1
7 158 [4]
$4*0
7 159 [4]
$3FF,BFF,3FF,0
7 160 0
7 161 -1
7 162 0
6 155 
7 156 0
7 157 [4]
$3,17,2*-1
7 158 [4]
$2*1,2*0
7 159 [4]
$3FF,BFF,3FF,0
7 160 0
7 161 -1
7 162 0
5 163 [8]
$0,1,2,3,4,5,6,7
5 164 -1
5 165 20
5 166 1
5 167 ->
6 168 0
6 169 0
6 170 0
5 171 ->
6 172 0
6 173 0
6 174 0
5 175 ->
6 176 NULL
5 177 1
5 178 [12]
6 178 
7 179 0
6 178 
7 179 0
6 178 
7 179 0
6 178 
7 179 0
6 178 
7 179 0
6 178 
7 179 0
6 178 
7 179 0
6 178 
7 179 0
6 178 
7 179 0
6 178 
7 179 0
6 178 
7 179 0
6 178 
7 179 0
@gsec3d_ptr 319 0
4 319 ->
@type 320 1
5 320 7
@name 321 10
5 321 S2D0001
@flip 322 1
5 322 1
@own_ref_id 323 1
5 323 -1
@first_chain_ptr 324 0
5 324 NULL
@quilt_id 325 1
5 325 -1
@plane_id 326 1
5 326 588
@plane_flip 327 1
5 327 1
@ref_planes 328 0
5 328 [4]
6 328 
@plane_id 329 1
7 329 5
@ref_type 330 1
7 330 6
@ext_ref_id 331 1
7 331 -1
@seg_id 332 1
7 332 4
@flip_flag 333 1
7 333 0
@save_entity_ptr(line) 334 0
7 334 ->
@type 335 1
8 335 32770
8 190 -1
8 191 
8 192 [3]
$3*0
8 193 [3]
$0,4062C,0
@back_entity_ptr(line) 336 0
7 336 ->
8 335 32770
8 190 -1
8 191 
8 192 [3]
$3*0
8 193 [3]
$0,4062C,0
6 328 
7 329 17
7 330 6
7 331 -1
7 332 5
7 333 0
7 334 ->
8 335 32770
8 190 -1
8 191 
8 192 [3]
$3*0
8 193 [3]
$C059,2*0
7 336 ->
8 335 32770
8 190 -1
8 191 
8 192 [3]
$3*0
8 193 [3]
$C059,2*0
6 328 
7 329 10
7 330 6
7 331 -1
7 332 6
7 333 0
7 334 ->
8 335 32770
8 190 -1
8 191 
8 192 [3]
$C059,2*0
8 193 [3]
$C059,4062C,0
7 336 ->
8 335 32770
8 190 -1
8 191 
8 192 [3]
$C059,2*0
8 193 [3]
$C059,4062C,0
6 328 
7 329 19
7 330 6
7 331 -1
7 332 7
7 333 0
7 334 ->
8 335 32770
8 190 -1
8 191 
8 192 [3]
$0,4062C,0
8 193 [3]
$C059,4062C,0
7 336 ->
8 335 32770
8 190 -1
8 191 
8 192 [3]
$0,4062C,0
8 193 [3]
$C059,4062C,0
4 180 [4]
5 180 
6 181 0
6 182 2
5 180 
6 181 3
6 182 0
5 180 
6 181 2
6 182 1
5 180 
6 181 1
6 182 5
4 183 [5]
$175,176,177,178,179
4 184 0
4 185 -1
4 186 0
4 187 BFF
4 188 ->
5 189 ->
6 190 0
6 191 
6 192 [3]
$C008,4008,0
6 193 [3]
$C008,40626,0
5 189 ->
6 190 1
6 191 
6 315 -1
6 192 [3]
$C008,4008,0
6 193 [3]
$C0584,4008,0
5 189 ->
6 190 2
6 191 
6 315 -1
6 192 [3]
$C0584,4008,0
6 193 [3]
$C0584,40626,0
5 189 ->
6 190 3
6 191 
6 192 [3]
$C008,40626,0
6 193 [3]
$C0584,40626,0
5 189 ->
6 335 32770
6 190 4
6 191 
6 192 [3]
$3*0
6 193 [3]
$0,4062C,0
5 189 ->
6 335 32770
6 190 5
6 191 
6 192 [3]
$3*0
6 193 [3]
$C059,2*0
5 189 ->
6 335 32770
6 190 6
6 191 
6 192 [3]
$C059,2*0
6 193 [3]
$C059,4062C,0
5 189 ->
6 335 32770
6 190 7
6 191 
6 192 [3]
$0,4062C,0
6 193 [3]
$C059,4062C,0
5 189 ->
6 335 32770
6 190 8
6 191 
6 192 [3]
$C008,4008,0
6 193 [3]
$C008,40626,0
5 189 ->
6 335 32770
6 190 9
6 191 
6 315 -1
6 192 [3]
$C008,4008,0
6 193 [3]
$C0584,4008,0
5 189 ->
6 335 32770
6 190 10
6 191 
6 315 -1
6 192 [3]
$C0584,4008,0
6 193 [3]
$C0584,40626,0
5 189 ->
6 335 32770
6 190 11
6 191 
6 192 [3]
$C008,40626,0
6 193 [3]
$C0584,40626,0
5 194 [4][3]
$0,BFF,0
$2*0,3FF
$BFF,2*0
$4062C,3FF8,0
2 195 -1
2 196 NULL
2 197 NULL
2 237 [2]
$1,587
2 198 ->
3 202 2
3 203 0
3 204 [2][3]
$3*0
$4062C,3FF8,4059
3 205 40668914EC371328
3 206 NULL
3 207 -1
2 208 -1
2 209 NULL
2 210 0
2 211 ->
@revnums 337 0
3 337 [4]
4 337 ->
@owner_type 338 1
5 338 4
@owner_ind 339 1
5 339 0
@ref_id 340 1
5 340 0
@ref_revnum 341 1
5 341 0
4 337 ->
5 338 4
5 339 0
5 340 1
5 341 0
4 337 ->
5 338 4
5 339 0
5 340 2
5 341 0
4 337 ->
5 338 4
5 339 0
5 340 3
5 341 0
3 212 0
1 213 NULL
@assem_mass_prop_ptr 342 0
1 342 NULL
@mass_prop_ptr 343 0
1 343 ->
@type 344 1
2 344 0
@density 345 2
2 345 0
@init_dens 346 5
2 346 0
@rel_density 347 2
2 347 0
@init_rel_dens 348 5
2 348 0
@aver_density 349 2
2 349 0
@vrevnum 350 1
2 350 -1
@volume 351 2
2 351 0
@cg 352 2
2 352 [3]
$3*0
@inertia 353 2
2 353 [3][3]
$3*0
$3*0
$3*0
@eps 354 2
2 354 0
@surfarea 355 2
2 355 0
@assign_mp_ptr 356 0
1 356 NULL
@tol_default_ptr 357 0
1 357 ->
@type 358 1
2 358 10
@value 359 2
2 359 [7]
$0,3FB9R,3F847AE147AE147B,3F50624DD2F1A9FC,3F1A36E2EB1C432D,
$3EE4F8B588E368F1,3EB0C6F7A0B5ED8E
@ang_value 360 2
2 360 [7]
$0,6*3FE
@standard 361 1
2 361 0
@iso_tol_tbls_ptr 362 0
2 362 NULL
@ref_part_table 363 0
1 363 [2]
2 363 NULL
2 363 NULL
@first_xsec_ptr 364 0
1 364 NULL
@datum_count 365 1
1 365 1
@axis_count 366 1
1 366 10
@insert_layer_id 367 1
1 367 -1
@layer_count 368 1
1 368 1
@layer_list 369 0
1 369 [16]
2 369 
@feat_id 370 1
3 370 1
@layer_id 371 1
3 371 0
@back_layer_id 372 1
3 372 0
2 369 
3 370 332
3 371 0
3 372 0
2 369 
3 370 428
3 371 0
3 372 0
2 369 
3 370 430
3 371 0
3 372 0
2 369 
3 370 427
3 371 0
3 372 0
2 369 
3 370 451
3 371 0
3 372 0
2 369 
3 370 452
3 371 0
3 372 0
2 369 
3 370 453
3 371 0
3 372 0
2 369 
3 370 474
3 371 0
3 372 0
2 369 
3 370 475
3 371 0
3 372 0
2 369 
3 370 476
3 371 0
3 372 0
2 369 
3 370 477
3 371 0
3 372 0
2 369 
3 370 478
3 371 0
3 372 0
2 369 
3 370 479
3 371 0
3 372 0
2 369 
3 370 587
3 371 0
3 372 0
2 369 
3 370 586
3 371 0
3 372 0
@lang_ptr 373 0
1 373 ->
@interact_on 374 1
2 374 -1
@first_csys_ptr 375 0
1 375 NULL
@color_prop_ptr 376 0
1 376 ->
@color_tab 377 0
2 377 [1]
3 377 
@maximum 378 2
4 378 [3]
$3FD7DF3B645A1CAC,3FE6B851EB851EB8,3FD4189374BC6A7F
@ambient 379 2
4 379 3FECR
@diffuse 380 2
4 380 3FECR
@specular 381 2
4 381 3FE9R
@spec_coef 382 2
4 382 3FE
@transmission 383 2
4 383 0
@threshold 384 1
4 384 90
@gl_ind 385 1
4 385 0
@surf_ind_tab 386 0
2 386 [1]
3 386 
@surf_id 387 1
4 387 -1
@surf_color_inds 388 1
4 388 [2]
$0,-1
@fem_data 389 0
1 389 ->
@fem_layer_id 390 1
2 390 -1
@fem_mesh_revnum 391 1
2 391 1
@fem_constr_revnum 392 1
2 392 1
@p_user_fem_data 393 0
2 393 ->
@user_shell_model_ptr 394 0
3 394 NULL
@constr_case_ptr 395 0
3 395 [2]
4 395 
@case_name 396 10
5 396 _solid_msh_cntrl
@con_case_id 397 1
5 397 0
@max_constr_id 398 1
5 398 -1
4 395 
5 396 _shell_msh_cntrl
5 397 1
5 398 -1
@p_partition_info 399 0
3 399 NULL
@mirr_geom_ids 400 1
3 400 [3]
$3*-1
@default_contact_type 401 1
3 401 4
@rel_part_eps 402 2
1 402 3F53A92A30553261
@names_table 403 0
1 403 [1]
2 403 ->
@id 404 1
3 404 333
@type 405 1
3 405 25
@name 406 10
3 406 SIGNAL_CSYS
@drv_tbl_ptr 407 0
1 407 NULL
@assembled_count 408 1
1 408 2
@part_type 409 1
1 409 1
@mat_name_ptr 410 10
1 410 NULL
@first_ent_id 411 1
1 411 695099
@first_view_id 412 1
1 412 0
@outline 413 2
1 413 [2][3]
$3*0
$4062C,3FF8,4059
@dim_num 414 1
1 414 182
@dim_array 415 0
1 415 [182]
2 415 ->
@type 416 1
3 416 8
@dim_type 417 1
3 417 1
@feat_id 418 1
3 418 1
@attributes 419 1
3 419 289
@dim_dat_ptr 420 0
3 420 ->
@value 421 2
4 421 4062C
@bck_value 422 2
4 422 4062C
@tol_ptr 423 0
4 423 ->
@type 424 1
5 424 9
@tol_type 425 1
5 425 3
@dual_digits_diff 426 1
5 426 999
@value 427 2
5 427 [2]
$2*3F847AE147AE147B
@nominal_value 428 2
4 428 4062C
@bound 429 1
4 429 20
@bck_bound 430 1
4 430 -1
@bck_tol_ptr 431 0
4 431 ->
@value 432 2
5 432 [2]
$2*3F847AE147AE147B
@datum_def_id 433 1
4 433 -1
@places_denom 434 1
4 434 2
@bck_places_denom 435 1
4 435 2
@dim_data_attrib 436 1
4 436 0
@dim_cosm_ptr 437 0
3 437 ->
@d0 438 2
4 438 3FE00A6C21DF6E18
@d1 439 2
4 439 405E7527BF9853B4
@d2 440 2
4 440 3FE00A6C21DF6E17
@d3 441 2
4 441 403B1EDB6DB6DB6E
@ord_info 442 0
4 442 NULL
@attach_ptr 443 0
3 443 NULL
@dim_text_ptr 444 0
3 444 ->
@symbol 445 10
4 445 d0
@line_array 446 0
4 446 [1]
5 446 
@text_array 447 0
6 447 [1]
7 447 
@text_type 448 1
8 448 61
@text_value 449 10
8 449 
@txt_attrib 450 1
8 450 1025
@owner_id 451 1
8 451 0
@part_id 452 1
8 452 15
@height 453 2
8 453 BFF
@width_factor 454 2
8 454 BFF
@format_info 455 0
8 455 
@thickness 456 2
8 456 BFF
@parent_dim_id 457 1
3 457 -1
2 415 ->
3 416 8
3 417 62
3 418 1
3 419 385
3 420 ->
4 421 4059
4 422 4059
4 423 ->
5 424 9
5 425 3
5 426 999
5 427 [2]
$2*3F847AE147AE147B
4 428 4059
4 429 20
4 430 -1
4 431 ->
5 432 [2]
$2*3F847AE147AE147B
4 433 -1
4 434 2
4 435 2
4 436 0
3 437 ->
4 438 0
4 439 0
4 440 0
4 441 0
4 442 NULL
3 443 NULL
3 444 ->
4 445 d1
4 446 [1]
5 446 
6 447 [1]
7 447 
8 448 61
8 449 
8 450 1025
8 451 1
8 452 15
8 453 BFF
8 454 BFF
8 455 
8 456 BFF
3 457 -1
2 415 ->
3 416 8
3 417 212
3 418 1
3 419 385
3 420 ->
4 421 3FF8
4 422 3FF8
4 423 ->
5 424 9
5 425 3
5 426 999
5 427 [2]
$2*3F847AE147AE147B
4 428 3FF8
4 429 20
4 430 -1
4 431 ->
5 432 [2]
$2*3F847AE147AE147B
4 433 -1
4 434 2
4 435 2
4 436 0
3 437 ->
4 438 0
4 439 0
4 440 0
4 441 0
4 442 NULL
3 443 NULL
3 444 ->
4 445 d2
4 446 [1]
5 446 
6 447 [2]
7 447 
8 448 61
8 449 
8 450 1025
8 451 2
8 452 15
8 453 BFF
8 454 BFF
8 455 
8 456 BFF
7 447 
8 448 58
8 449  THICK
8 450 1024
8 451 2
8 452 15
8 453 BFF
8 454 BFF
8 455 
8 456 BFF
3 457 -1
2 415 NULL
2 415 NULL
2 415 NULL
2 415 NULL
2 415 NULL
2 415 NULL
2 415 NULL
2 415 NULL
2 415 NULL
2 415 NULL
2 415 NULL
2 415 NULL
2 415 NULL
2 415 NULL
2 415 NULL
2 415 NULL
2 415 NULL
2 415 NULL
2 415 NULL
2 415 NULL
2 415 NULL
2 415 NULL
2 415 NULL
2 415 NULL
2 415 NULL
2 415 NULL
2 415 NULL
2 415 NULL
2 415 NULL
2 415 NULL
2 415 NULL
2 415 NULL
2 415 NULL
2 415 NULL
2 415 NULL
2 415 NULL
2 415 NULL
2 415 NULL
2 415 NULL
2 415 NULL
2 415 NULL
2 415 NULL
2 415 NULL
2 415 NULL
2 415 NULL
2 415 NULL
2 415 NULL
2 415 NULL
2 415 NULL
2 415 NULL
2 415 ->
3 416 8
3 417 4
3 418 427
3 419 257
3 420 ->
4 421 4014
4 422 4014
4 423 ->
5 424 9
5 425 3
5 426 999
5 427 [2]
$2*3F847AE147AE147B
4 428 4014
4 429 20
4 430 -1
4 431 ->
5 432 [2]
$2*3F847AE147AE147B
4 433 -1
4 434 2
4 435 2
4 436 0
3 437 ->
4 438 0
4 439 0
4 440 0
4 441 0
4 442 NULL
3 443 NULL
3 444 ->
4 445 d53
4 446 [1]
5 446 
6 447 [2]
7 447 
8 448 54
8 449 n
8 450 1024
8 451 53
8 452 15
8 453 BFF
8 454 BFF
8 455 
8 456 BFF
7 447 
8 448 61
8 449 
8 450 1025
8 451 53
8 452 15
8 453 BFF
8 454 BFF
8 455 
8 456 BFF
3 457 -1
2 415 ->
3 416 8
3 417 201
3 418 427
3 419 257
3 420 ->
4 421 4024
4 422 4024
4 423 ->
5 424 9
5 425 3
5 426 999
5 427 [2]
$2*3F847AE147AE147B
4 428 4024
4 429 20
4 430 -1
4 431 ->
5 432 [2]
$2*3F847AE147AE147B
4 433 -1
4 434 2
4 435 2
4 436 0
3 437 ->
4 438 0
4 439 0
4 440 0
4 441 0
4 442 NULL
3 443 NULL
3 444 ->
4 445 d54
4 446 [1]
5 446 
6 447 [1]
7 447 
8 448 61
8 449 
8 450 1
8 451 54
8 452 15
8 453 BFF
8 454 BFF
8 455 
8 456 BFF
3 457 -1
2 415 ->
3 416 8
3 417 201
3 418 427
3 419 257
3 420 ->
4 421 4024
4 422 4024
4 423 ->
5 424 9
5 425 3
5 426 999
5 427 [2]
$2*3F847AE147AE147B
4 428 4024
4 429 20
4 430 -1
4 431 ->
5 432 [2]
$2*3F847AE147AE147B
4 433 -1
4 434 2
4 435 2
4 436 0
3 437 ->
4 438 0
4 439 0
4 440 0
4 441 0
4 442 NULL
3 443 NULL
3 444 ->
4 445 d55
4 446 [1]
5 446 
6 447 [1]
7 447 
8 448 61
8 449 
8 450 1
8 451 55
8 452 15
8 453 BFF
8 454 BFF
8 455 
8 456 BFF
3 457 -1
2 415 ->
3 416 8
3 417 4
3 418 453
3 419 257
3 420 ->
4 421 4014
4 422 4014
4 423 ->
5 424 9
5 425 3
5 426 999
5 427 [2]
$2*3F847AE147AE147B
4 428 4014
4 429 20
4 430 -1
4 431 ->
5 432 [2]
$2*3F847AE147AE147B
4 433 -1
4 434 2
4 435 2
4 436 0
3 437 ->
4 438 0
4 439 0
4 440 0
4 441 0
4 442 NULL
3 443 NULL
3 444 ->
4 445 d56
4 446 [1]
5 446 
6 447 [2]
7 447 
8 448 54
8 449 n
8 450 1024
8 451 53
8 452 15
8 453 BFF
8 454 BFF
8 455 
8 456 BFF
7 447 
8 448 61
8 449 
8 450 1
8 451 53
8 452 15
8 453 BFF
8 454 BFF
8 455 
8 456 BFF
3 457 53
2 415 ->
3 416 8
3 417 201
3 418 453
3 419 257
3 420 ->
4 421 C024
4 422 C024
4 423 ->
5 424 9
5 425 3
5 426 999
5 427 [2]
$2*3F847AE147AE147B
4 428 C024
4 429 20
4 430 -1
4 431 ->
5 432 [2]
$2*3F847AE147AE147B
4 433 -1
4 434 2
4 435 2
4 436 7
3 437 ->
4 438 0
4 439 0
4 440 0
4 441 0
4 442 NULL
3 443 NULL
3 444 ->
4 445 d57
4 446 [1]
5 446 
6 447 [1]
7 447 
8 448 61
8 449 
8 450 1
8 451 57
8 452 15
8 453 BFF
8 454 BFF
8 455 
8 456 BFF
3 457 54
2 415 ->
3 416 8
3 417 201
3 418 453
3 419 257
3 420 ->
4 421 4024
4 422 4024
4 423 ->
5 424 9
5 425 3
5 426 999
5 427 [2]
$2*3F847AE147AE147B
4 428 4024
4 429 20
4 430 -1
4 431 ->
5 432 [2]
$2*3F847AE147AE147B
4 433 -1
4 434 2
4 435 2
4 436 0
3 437 ->
4 438 0
4 439 0
4 440 0
4 441 0
4 442 NULL
3 443 NULL
3 444 ->
4 445 d58
4 446 [1]
5 446 
6 447 [1]
7 447 
8 448 61
8 449 
8 450 1
8 451 58
8 452 15
8 453 BFF
8 454 BFF
8 455 
8 456 BFF
3 457 55
2 415 ->
3 416 8
3 417 4
3 418 476
3 419 257
3 420 ->
4 421 4014
4 422 4014
4 423 ->
5 424 9
5 425 3
5 426 999
5 427 [2]
$2*3F847AE147AE147B
4 428 4014
4 429 20
4 430 -1
4 431 ->
5 432 [2]
$2*3F847AE147AE147B
4 433 -1
4 434 2
4 435 2
4 436 0
3 437 ->
4 438 0
4 439 0
4 440 0
4 441 0
4 442 NULL
3 443 NULL
3 444 ->
4 445 d59
4 446 [1]
5 446 
6 447 [2]
7 447 
8 448 54
8 449 n
8 450 1024
8 451 53
8 452 15
8 453 BFF
8 454 BFF
8 455 
8 456 BFF
7 447 
8 448 61
8 449 
8 450 1
8 451 53
8 452 15
8 453 BFF
8 454 BFF
8 455 
8 456 BFF
3 457 53
2 415 ->
3 416 8
3 417 201
3 418 476
3 419 257
3 420 ->
4 421 4024
4 422 4024
4 423 ->
5 424 9
5 425 3
5 426 999
5 427 [2]
$2*3F847AE147AE147B
4 428 4024
4 429 20
4 430 -1
4 431 ->
5 432 [2]
$2*3F847AE147AE147B
4 433 -1
4 434 2
4 435 2
4 436 0
3 437 ->
4 438 0
4 439 0
4 440 0
4 441 0
4 442 NULL
3 443 NULL
3 444 ->
4 445 d60
4 446 [1]
5 446 
6 447 [1]
7 447 
8 448 61
8 449 
8 450 1
8 451 60
8 452 15
8 453 BFF
8 454 BFF
8 455 
8 456 BFF
3 457 54
2 415 ->
3 416 8
3 417 201
3 418 476
3 419 257
3 420 ->
4 421 C024
4 422 C024
4 423 ->
5 424 9
5 425 3
5 426 999
5 427 [2]
$2*3F847AE147AE147B
4 428 C024
4 429 20
4 430 -1
4 431 ->
5 432 [2]
$2*3F847AE147AE147B
4 433 -1
4 434 2
4 435 2
4 436 7
3 437 ->
4 438 0
4 439 0
4 440 0
4 441 0
4 442 NULL
3 443 NULL
3 444 ->
4 445 d61
4 446 [1]
5 446 
6 447 [1]
7 447 
8 448 61
8 449 
8 450 1
8 451 61
8 452 15
8 453 BFF
8 454 BFF
8 455 
8 456 BFF
3 457 55
2 415 ->
3 416 8
3 417 4
3 418 479
3 419 257
3 420 ->
4 421 4014
4 422 4014
4 423 ->
5 424 9
5 425 3
5 426 999
5 427 [2]
$2*3F847AE147AE147B
4 428 4014
4 429 20
4 430 -1
4 431 ->
5 432 [2]
$2*3F847AE147AE147B
4 433 -1
4 434 2
4 435 2
4 436 0
3 437 ->
4 438 0
4 439 0
4 440 0
4 441 0
4 442 NULL
3 443 NULL
3 444 ->
4 445 d62
4 446 [1]
5 446 
6 447 [2]
7 447 
8 448 54
8 449 n
8 450 1024
8 451 53
8 452 15
8 453 BFF
8 454 BFF
8 455 
8 456 BFF
7 447 
8 448 61
8 449 
8 450 1
8 451 53
8 452 15
8 453 BFF
8 454 BFF
8 455 
8 456 BFF
3 457 53
2 415 ->
3 416 8
3 417 201
3 418 479
3 419 257
3 420 ->
4 421 C024
4 422 C024
4 423 ->
5 424 9
5 425 3
5 426 999
5 427 [2]
$2*3F847AE147AE147B
4 428 C024
4 429 20
4 430 -1
4 431 ->
5 432 [2]
$2*3F847AE147AE147B
4 433 -1
4 434 2
4 435 2
4 436 7
3 437 ->
4 438 0
4 439 0
4 440 0
4 441 0
4 442 NULL
3 443 NULL
3 444 ->
4 445 d63
4 446 [1]
5 446 
6 447 [1]
7 447 
8 448 61
8 449 
8 450 1
8 451 63
8 452 15
8 453 BFF
8 454 BFF
8 455 
8 456 BFF
3 457 54
2 415 ->
3 416 8
3 417 201
3 418 479
3 419 257
3 420 ->
4 421 C024
4 422 C024
4 423 ->
5 424 9
5 425 3
5 426 999
5 427 [2]
$2*3F847AE147AE147B
4 428 C024
4 429 20
4 430 -1
4 431 ->
5 432 [2]
$2*3F847AE147AE147B
4 433 -1
4 434 2
4 435 2
4 436 7
3 437 ->
4 438 0
4 439 0
4 440 0
4 441 0
4 442 NULL
3 443 NULL
3 444 ->
4 445 d64
4 446 [1]
5 446 
6 447 [1]
7 447 
8 448 61
8 449 
8 450 1
8 451 64
8 452 15
8 453 BFF
8 454 BFF
8 455 
8 456 BFF
3 457 55
2 415 NULL
2 415 NULL
2 415 NULL
2 415 NULL
2 415 NULL
2 415 NULL
2 415 NULL
2 415 NULL
2 415 NULL
2 415 NULL
2 415 NULL
2 415 NULL
2 415 NULL
2 415 NULL
2 415 NULL
2 415 NULL
2 415 NULL
2 415 NULL
2 415 NULL
2 415 NULL
2 415 NULL
2 415 NULL
2 415 NULL
2 415 NULL
2 415 NULL
2 415 NULL
2 415 NULL
2 415 NULL
2 415 NULL
2 415 NULL
2 415 NULL
2 415 NULL
2 415 NULL
2 415 NULL
2 415 NULL
2 415 NULL
2 415 NULL
2 415 NULL
2 415 NULL
2 415 NULL
2 415 NULL
2 415 NULL
2 415 NULL
2 415 NULL
2 415 NULL
2 415 NULL
2 415 NULL
2 415 NULL
2 415 NULL
2 415 NULL
2 415 NULL
2 415 NULL
2 415 NULL
2 415 NULL
2 415 NULL
2 415 NULL
2 415 NULL
2 415 NULL
2 415 NULL
2 415 NULL
2 415 NULL
2 415 NULL
2 415 NULL
2 415 NULL
2 415 NULL
2 415 NULL
2 415 NULL
2 415 NULL
2 415 NULL
2 415 NULL
2 415 NULL
2 415 NULL
2 415 NULL
2 415 NULL
2 415 NULL
2 415 NULL
2 415 NULL
2 415 NULL
2 415 NULL
2 415 NULL
2 415 NULL
2 415 NULL
2 415 NULL
2 415 NULL
2 415 NULL
2 415 NULL
2 415 NULL
2 415 NULL
2 415 NULL
2 415 NULL
2 415 NULL
2 415 NULL
2 415 NULL
2 415 NULL
2 415 NULL
2 415 NULL
2 415 NULL
2 415 NULL
2 415 NULL
2 415 NULL
2 415 NULL
2 415 NULL
2 415 NULL
2 415 NULL
2 415 NULL
2 415 NULL
2 415 NULL
2 415 NULL
2 415 NULL
2 415 NULL
2 415 ->
3 416 8
3 417 68
3 418 586
3 419 33
3 420 ->
4 421 C008
4 422 C008
4 423 ->
5 424 9
5 425 3
5 426 999
5 427 [2]
$2*3F847AE147AE147B
4 428 C008
4 429 20
4 430 -1
4 431 ->
5 432 [2]
$2*3F847AE147AE147B
4 433 -1
4 434 2
4 435 2
4 436 4
3 437 ->
4 438 4052C49D130EBEC7
4 439 C052849D130EBEC7
4 440 0
4 441 0
4 442 NULL
3 443 NULL
3 444 ->
4 445 d175
4 446 [1]
5 446 
6 447 [1]
7 447 
8 448 61
8 449 
8 450 1
8 451 175
8 452 15
8 453 BFF
8 454 BFF
8 455 
8 456 BFF
3 457 -1
2 415 ->
3 416 8
3 417 40
3 418 586
3 419 32
3 420 ->
4 421 0
4 422 0
4 423 ->
5 424 9
5 425 3
5 426 999
5 427 [2]
$2*3F847AE147AE147B
4 428 0
4 429 20
4 430 -1
4 431 ->
5 432 [2]
$2*3F847AE147AE147B
4 433 -1
4 434 2
4 435 2
4 436 0
3 437 ->
4 438 0
4 439 0
4 440 0
4 441 0
4 442 NULL
3 443 NULL
3 444 ->
4 445 d176
4 446 [1]
5 446 
6 447 [1]
7 447 
8 448 61
8 449 
8 450 1
8 451 176
8 452 15
8 453 BFF
8 454 BFF
8 455 
8 456 BFF
3 457 -1
2 415 ->
3 416 8
3 417 40
3 418 586
3 419 32
3 420 ->
4 421 0
4 422 0
4 423 ->
5 424 9
5 425 3
5 426 999
5 427 [2]
$2*3F847AE147AE147B
4 428 0
4 429 20
4 430 -1
4 431 ->
5 432 [2]
$2*3F847AE147AE147B
4 433 -1
4 434 2
4 435 2
4 436 0
3 437 ->
4 438 0
4 439 0
4 440 0
4 441 0
4 442 NULL
3 443 NULL
3 444 ->
4 445 d177
4 446 [1]
5 446 
6 447 [1]
7 447 
8 448 61
8 449 
8 450 1
8 451 177
8 452 15
8 453 BFF
8 454 BFF
8 455 
8 456 BFF
3 457 -1
2 415 ->
3 416 8
3 417 40
3 418 586
3 419 32
3 420 ->
4 421 0
4 422 0
4 423 ->
5 424 9
5 425 3
5 426 999
5 427 [2]
$2*3F847AE147AE147B
4 428 0
4 429 20
4 430 -1
4 431 ->
5 432 [2]
$2*3F847AE147AE147B
4 433 -1
4 434 2
4 435 2
4 436 0
3 437 ->
4 438 0
4 439 0
4 440 0
4 441 0
4 442 NULL
3 443 NULL
3 444 ->
4 445 d178
4 446 [1]
5 446 
6 447 [1]
7 447 
8 448 61
8 449 
8 450 1
8 451 178
8 452 15
8 453 BFF
8 454 BFF
8 455 
8 456 BFF
3 457 -1
2 415 ->
3 416 8
3 417 40
3 418 586
3 419 32
3 420 ->
4 421 0
4 422 0
4 423 ->
5 424 9
5 425 3
5 426 999
5 427 [2]
$2*3F847AE147AE147B
4 428 0
4 429 20
4 430 -1
4 431 ->
5 432 [2]
$2*3F847AE147AE147B
4 433 -1
4 434 2
4 435 2
4 436 0
3 437 ->
4 438 0
4 439 0
4 440 0
4 441 0
4 442 NULL
3 443 NULL
3 444 ->
4 445 d179
4 446 [1]
5 446 
6 447 [1]
7 447 
8 448 61
8 449 
8 450 1
8 451 179
8 452 15
8 453 BFF
8 454 BFF
8 455 
8 456 BFF
3 457 -1
2 415 ->
3 416 8
3 417 9
3 418 586
3 419 385
3 420 ->
4 421 403E
4 422 403E
4 423 ->
5 424 9
5 425 3
5 426 999
5 427 [2]
$2*3F847AE147AE147B
4 428 403E
4 429 20
4 430 -1
4 431 ->
5 432 [2]
$2*3F847AE147AE147B
4 433 -1
4 434 2
4 435 2
4 436 0
3 437 ->
4 438 0
4 439 0
4 440 0
4 441 0
4 442 NULL
3 443 NULL
3 444 ->
4 445 d180
4 446 [1]
5 446 
6 447 [1]
7 447 
8 448 61
8 449 
8 450 1
8 451 180
8 452 15
8 453 BFF
8 454 BFF
8 455 
8 456 BFF
3 457 -1
2 415 ->
3 416 8
3 417 9
3 418 586
3 419 385
3 420 ->
4 421 4014
4 422 4014
4 423 ->
5 424 9
5 425 3
5 426 999
5 427 [2]
$2*3F847AE147AE147B
4 428 4014
4 429 20
4 430 -1
4 431 ->
5 432 [2]
$2*3F847AE147AE147B
4 433 -1
4 434 2
4 435 2
4 436 0
3 437 ->
4 438 0
4 439 0
4 440 0
4 441 0
4 442 NULL
3 443 NULL
3 444 ->
4 445 d181
4 446 [1]
5 446 
6 447 [1]
7 447 
8 448 61
8 449 
8 450 1
8 451 181
8 452 15
8 453 BFF
8 454 BFF
8 455 
8 456 BFF
3 457 -1
@ipar_num 458 1
1 458 2
@ipar_array 459 0
1 459 [2]
2 459 NULL
2 459 NULL
@relpar_sets 460 0
1 460 [1]
2 460 
@id 461 1
3 461 -1
@type 462 1
3 462 2
@ext_ref_id 463 1
3 463 -1
@relatnum 464 1
3 464 0
@unit_arr 465 0
1 465 [2]
2 465 
@type 466 1
3 466 11
@factor 467 2
3 467 3FA42850A142850A
@name 468 10
3 468 MM
@unit_type 469 1
3 469 0
2 465 
3 466 2
3 467 3FF
3 468 POUND
3 469 1
@geom_lib_ptr 470 0
1 470 NULL
@first_quilt_ptr 471 1
1 471 0
@attrib_array 472 1
1 472 [1]
2 472 0
@smt_info_ptr 473 0
1 473 NULL
@cable_info_ptr 474 0
1 474 NULL
@comp_info_ptr 475 0
1 475 NULL
@max_part_size 476 2
1 476 40668914EC371328
@prt_misc_ptr 477 0
1 477 ->
@shrink_data_ptr 478 0
2 478 NULL
@expld_mv_info 479 0
1 479 NULL
@state_info_ptr 480 0
1 480 NULL
@alumni_feats 481 0
1 481 NULL
@model_name 482 10
1 482 SIGNAL_PROC_BOARD
@p_mdl_grid 483 0
1 483 NULL
@mdl_status_ptr 484 0
1 484 NULL
@cfg_states 485 0
1 485 NULL
@disp_outl_info 486 0
1 486 
@disp_outline 487 2
2 487 [2][3]
$3*0
$4062C,3FF8,4059
@ribbon_info_ptr 488 0
1 488 NULL
@p_xref_data 489 0
1 489 ->
@View 490 0
0 490 ->
@id 491 1
1 491 0
@viewattr 492 0
1 492 
@attr_arr 493 1
2 493 [4]
$1,3*0
@mpoint 494 0
1 494 
@id 495 1
2 495 0
@coord 496 2
2 496 [3]
$4052C,3FE8,4049
@first_instr_ptr 497 0
2 497 NULL
@attach_ptr 498 0
2 498 NULL
@vpoint 499 0
1 499 
2 495 0
2 496 [3]
$407F4,407A5E,0
2 497 NULL
2 498 NULL
@orient 500 2
1 500 [4][4]
$3FED7954E7DBA2F8,0,3FD8EC3AE92B676B,0
$BFD385CE5246572,3FE3E43A9692E21C,3FE7167619F550A2,0
$BFCEFC077F3F36A6,BFE91103985DA841,3FE25240DD3851BF,0
$3*0,3FF
@local_sys 501 2
1 501 [4][4]
$40121A0F64141CBC,0,3FFE9CFF2CCB1E8E,0
$BFF7FAEE3309BD4B,40086EE999EF1583,400C5BF7CDFE2D14,0
$BFF3078E2952B34C,C00ECA2DECB90D34,40068127EAFC4968,0
$406BA5D7DAE1B94E,40832029C908B14R,C071ECFC4D9F0BE4,3FF
@first_instr_ptr 502 0
1 502 ->
@type 503 1
2 503 100
@geom_id 504 1
2 504 -1
@view_id 505 1
2 505 -1
@memb_num 506 1
2 506 0
@offset 507 2
2 507 0
@matrix 508 0
2 508 NULL
@next_instr_ptr 509 0
1 509 NULL
@outer_xsec_index 510 1
1 510 -1
@next_view_id 511 1
1 511 -2
@simp_rep_id 512 1
1 512 -1
@name 513 10
1 513 no name
@matrix 514 2
1 514 [4][4]
$3FF,3*0
$0,3FF,2*0
$2*0,3FF,0
$3*0,3FF
@fit_outline 515 2
1 515 [2][3]
$4059,405518,C071ECFC4D9F0BE4
$408C2,4087BB,4071ECFC4D9F0BE4
@det_info_ptr 516 0
1 516 NULL
@named_view_pzmatr 517 0
1 517 NULL
@page_id 518 1
1 518 0
@model_name 519 10
1 519 NULL
@unrep_model_name 520 10
1 520 NULL
@assem_merge_parts 521 0
0 521 ->
#END_OF_UGC
