#UGC:2 PART 885 360 0 1 1 15 1600 9542 \
#- VERS 0 0                                                          \
#- HOST                                                              \
#- LINK                                                              \
#- DBID                                                              \
#- REVS 0,                                                           \
#- RELL 0,                                                           \
#- UOBJ_ID 0 0 0                                                     \
#-END_OF_UGC_HEADER
#P_OBJECT 6
@P_object 1 0
0 1 ->
@dep_db 2 0
1 2 ->
@usr_rev 3 0
1 3 [3]
2 3 
@name 4 10
3 4 USER
@mod_time 5 0
3 5 
@tm_sec 6 1
4 6 3
@tm_min 7 1
4 7 17
@tm_hour 8 1
4 8 17
@tm_mday 9 1
4 9 15
@tm_mon 10 1
4 10 10
@tm_year 11 1
4 11 93
@action 12 1
3 12 1000
@comment 13 10
3 13 Hostname: 'bergen'
@rel_level 14 10
3 14 
@rev_string 15 10
3 15 
2 3 
3 4 USER
3 5 
4 6 45
4 7 8
4 8 19
4 9 23
4 10 10
4 11 93
3 12 1000
3 13 Hostname: 'kyushu'
3 14 
3 15 
2 3 
3 4 SETH
3 5 
4 6 35
4 7 56
4 8 18
4 9 30
4 10 9
4 11 95
3 12 1000
3 13 Hostname: 'eire'
3 14 
3 15 
@revnum_std 16 1
1 16 75
@flag 17 1
1 17 0
@name 18 10
1 18 NULL
@inst_hidden 19 1
1 19 0
@old_name 20 10
1 20 NULL
@appl_data 21 0
1 21 ->
@bounding_box 22 2
2 22 [2][3]
$BFAB658552F06281,BFE1B658552F0628,BF6CBEBB956C8E8
$3FAB658552F06281,3FAB658552F0628R,3FD69FE3DD913F83
@uobj_id 23 0
1 23 NULL
#END_OF_P_OBJECT
#Pro/ENGINEER  TM  Version G-01-10  (c) 1988-95 by Parametric Technology Corporation  All Rights Reserved. 9542
@Solid 24 0
0 24 ->
@tab_key 25 1
1 25 0
@tab_key_struct 26 0
1 26 ->
@tab_key_ptr 27 0
2 27 [57]
@type 28 1
1 28 2
@revnum_ptr 29 0
1 29 ->
@geom_revnum 30 1
2 30 98
@cosm_revnum 31 1
2 31 18
@first_member_ptr 32 0
1 32 NULL
@alumni_members 33 0
1 33 NULL
@frst_geom_ptr 34 1
1 34 13
@first_feat_ptr 35 0
1 35 ->
@id 36 1
2 36 2
@indep_attributes 37 1
2 37 1
@feat_type_ptr 38 0
2 38 ->
@table_id 39 1
3 39 63
@type 40 1
3 40 979
@feattype_key 41 10
3 41 NULL
@form 42 1
3 42 0
@attributes 43 1
3 43 [3]
$3*0
@placement 44 1
3 44 0
@intersection 45 1
3 45 -1
@internal_udf_type 46 1
3 46 -1
@param_choice_ptr 47 0
3 47 ->
@blend_choice 48 1
4 48 0
@depth_choice 49 1
4 49 0
@angle_choice 50 1
4 50 -1
@pat_choice 51 1
4 51 -1
@round_choice 52 1
4 52 -1
@subsec_choice 53 1
4 53 -1
@sweep_choice 54 1
4 54 0
@dome_choice 55 1
4 55 0
@draft_choice 56 1
4 56 0
@misc_choice 57 1
4 57 384
@assoc_type 58 1
3 58 0
@symbol_key 59 1
2 59 -1
@sect_name 60 10
2 60 no_name
@model_type 61 1
2 61 2
@entity(coord_sys) 62 0
2 62 ->
@type 63 1
3 63 18
@id 64 1
3 64 3
@gen_info 65 0
3 65 
@color 66 1
4 66 1
@sys_type 67 1
3 67 -1
@pnt_type 68 1
3 68 -1
@radius 69 2
3 69 0
@local_sys 70 2
3 70 [4][3]
$3FF,2*0
$0,3FF,0
$2*0,3FF
$3*0
@feat_id 71 1
3 71 2
@entity(text) 72 0
2 72 ->
@text_type 73 1
3 73 34
@text_value 74 10
3 74 EC_DEF
@txt_attrib 75 1
3 75 1
@coord 76 2
3 76 [3]
$407DB2BFFFA5F09,4086D305380E43FR,40549814B0F360DA
@owner_id 77 1
3 77 3
@part_id 78 1
3 78 19
@height 79 2
3 79 BFF
@width_factor 80 2
3 80 BFF
@format_info 81 0
3 81 
@thickness 82 2
3 82 BFF
@idtab_ptr 83 0
2 83 ->
@misc_id_tab 84 0
3 84 [1]
4 84 
@misc_hist 85 1
5 85 [5]
$3,534,0,-1,500
@save_geoms 86 0
3 86 NULL
@cr_flags_xar 87 1
3 87 [18]
$2*-1,-1025,-2049,268435455,-1,8191,0,2048,5*0,2097152,0,2,0
@cvt_feat_dat 88 0
3 88 NULL
@feat_dates_ptr 89 0
3 89 ->
@creat_date 90 1
4 90 0
@regen_date 91 1
4 91 0
@geometry 92 0
2 92 
@group_info_ptr 93 0
2 93 NULL
@intrs_pairs_ptr 94 0
2 94 ->
@place_rec_ptr 95 0
2 95 ->
@local_sys 96 2
3 96 [4][3]
$3FF,2*0
$0,3FF,0
$2*0,3FF
$3*0
@own_ref_id 97 1
3 97 -1
@orient 98 1
3 98 0
@trf_arr 99 0
3 99 [1]
4 99 
@type 100 1
5 100 10
@idx 101 1
5 101 0
@transf 102 2
5 102 [4][3]
$3FF,2*0
$0,3FF,0
$2*0,3FF
$3*0
@next_prop 103 0
2 103 NULL
@first_geom_id 104 1
2 104 -1
@cond_tbl_idx 105 1
2 105 -1
@comment 106 10
2 106 NULL
@merge_info_ptr 107 0
2 107 NULL
@topology_increment 108 0
2 108 ->
@first_geom 109 1
3 109 0
@first_quilt 110 1
3 110 0
@outline 111 2
3 111 [2][3]
$3*0
$3*0
@max_part_size 112 2
3 112 0
@xform_increment 113 0
3 113 NULL
@roll_back_id 114 1
3 114 -1
@state_ind 115 1
2 115 -1
@alumni_info 116 0
2 116 NULL
@revnum 117 1
2 117 -1
@rev_rec 118 0
2 118 NULL
@next_feat_ptr 119 0
1 119 ->
2 36 5
2 37 1
2 38 ->
3 39 13
3 40 923
3 41 NULL
3 42 0
3 43 [3]
$3*0
3 44 0
3 45 -1
3 46 -1
3 47 ->
4 48 0
4 49 0
4 50 -1
4 51 970
4 52 -1
4 53 -1
4 54 0
4 55 0
4 56 0
4 57 0
3 58 0
2 59 -1
2 60 DTM1
2 61 2
2 83 ->
@srf_id_arr 120 1
3 120 [1][4]
$6,3*0
3 86 NULL
3 87 [18]
$2*-1,-1025,-2049,268435455,-1,8191,0,2048,5*0,2097152,0,2,0
3 88 NULL
3 89 ->
4 90 0
4 91 0
2 92 
@srf_array 121 0
3 121 [1]
4 121 ->
@geom_type 122 1
5 122 34
@geom_id 123 1
5 123 6
@feat_id 124 1
5 124 5
@boundary_type 125 1
5 125 1
@envlp 126 2
5 126 [2][2]
$BFAB658552F06281,BFE1B658552F0628
$3FAB658552F06281,3FAB658552F0628R
@srf_prim_ptr(plane) 127 0
5 127 ->
@local_sys 128 2
6 128 [4][3]
$3FF,2*0
$0,3FF,0
$2*0,3FF
$3*0
@frst_cntr_ptr 129 0
5 129 NULL
@next_geom_ptr 130 1
5 130 0
@orient 131 1
5 131 1
@outline 132 2
5 132 [2][3]
$BFAB658552F06281,BFE1B658552F0628,0
$3FAB658552F06281,3FAB658552F0628,0
2 93 NULL
2 94 ->
2 95 ->
3 96 [4][3]
$3FF,2*0
$0,3FF,0
$2*0,3FF
$3*0
@place_instruction_ptrs 133 0
3 133 [1]
4 133 ->
@type 134 1
5 134 515
@offset 135 2
5 135 0
@dim_id 136 1
5 136 -1
@ref_id 137 1
5 137 -1
@geometry1_id 138 1
5 138 -1
@geometry2_id 139 1
5 139 6
@memb_num1 140 1
5 140 0
@memb_num2 141 1
5 141 0
@attr 142 1
5 142 32768
@plin_info_arr 143 0
5 143 [2]
6 143 ->
@type 144 1
7 144 1
@data(plin_info_ref) 145 0
7 145 ->
@id_type1 146 1
8 146 -4
@id_type2 147 1
8 147 5
@offset2 148 2
8 148 0
6 143 ->
7 144 6
@data(plin_info_ui_step) 149 0
7 149 ->
@step_ids 150 1
8 150 [1]
9 150 -100
3 97 -1
3 98 1
3 99 [1]
4 99 
5 100 11
5 101 0
5 102 [4][3]
$3FF,2*0
$0,3FF,0
$2*0,3FF
$3*0
2 103 NULL
2 104 6
2 105 -1
2 106 NULL
2 107 NULL
2 108 ->
3 109 0
3 110 0
3 111 [2][3]
$3*0
$3*0
3 112 0
3 113 NULL
3 114 -1
2 115 -1
2 116 NULL
2 117 -1
2 118 NULL
1 119 ->
2 36 7
2 37 1
2 38 ->
3 39 13
3 40 923
3 41 NULL
3 42 0
3 43 [3]
$3*0
3 44 0
3 45 -1
3 46 -1
3 47 ->
4 48 0
4 49 0
4 50 -1
4 51 970
4 52 -1
4 53 -1
4 54 0
4 55 0
4 56 0
4 57 0
3 58 0
2 59 -1
2 60 DTM2
2 61 2
2 83 ->
3 120 [1][4]
$8,3*0
3 86 NULL
3 87 [18]
$2*-1,-1025,-2049,268435455,-1,8191,0,2048,5*0,2097152,0,2,0
3 88 NULL
3 89 ->
4 90 0
4 91 0
2 92 
3 121 [1]
4 121 ->
5 122 34
5 123 8
5 124 7
5 125 1
5 126 [2][2]
$BFE1B658552F0628,BF6CBEBB956C8E8
$3FAB658552F0628R,3FD69FE3DD913F83
5 127 ->
6 128 [4][3]
$2*0,3FF
$3FF,2*0
$0,3FF,0
$3*0
5 129 NULL
5 130 0
5 131 1
5 132 [2][3]
$0,BFE1B658552F0628,BF6CBEBB956C8E8
$0,3FAB658552F0628,3FD69FE3DD913F83
2 93 NULL
2 94 ->
2 95 ->
3 96 [4][3]
$2*0,3FF
$3FF,2*0
$0,3FF,0
$3*0
3 133 [1]
4 133 ->
5 134 513
5 135 0
5 136 -1
5 137 -1
5 138 -1
5 139 8
5 140 0
5 141 0
5 142 32768
5 143 [2]
6 143 ->
7 144 1
7 145 ->
8 146 -4
8 147 5
8 148 0
6 143 ->
7 144 6
7 149 ->
8 150 [1]
9 150 -100
3 97 -1
3 98 1
3 99 [1]
4 99 
5 100 11
5 101 0
5 102 [4][3]
$2*0,3FF
$3FF,2*0
$0,3FF,0
$3*0
2 103 NULL
2 104 8
2 105 -1
2 106 NULL
2 107 NULL
2 108 ->
3 109 0
3 110 0
3 111 [2][3]
$3*0
$3*0
3 112 0
3 113 NULL
3 114 -1
2 115 -1
2 116 NULL
2 117 -1
2 118 NULL
1 119 ->
2 36 9
2 37 1
2 38 ->
3 39 13
3 40 923
3 41 NULL
3 42 0
3 43 [3]
$3*0
3 44 0
3 45 -1
3 46 -1
3 47 ->
4 48 0
4 49 0
4 50 -1
4 51 970
4 52 -1
4 53 -1
4 54 0
4 55 0
4 56 0
4 57 0
3 58 0
2 59 -1
2 60 DTM3
2 61 2
2 83 ->
3 120 [1][4]
$10,3*0
3 86 NULL
3 87 [18]
$2*-1,-1025,-2049,268435455,-1,8191,0,2048,5*0,2097152,0,2,0
3 88 NULL
3 89 ->
4 90 0
4 91 0
2 92 
3 121 [1]
4 121 ->
5 122 34
5 123 10
5 124 9
5 125 1
5 126 [2][2]
$BF6CBEBB956C8E8,BFAB658552F06281
$3FD69FE3DD913F83,3FAB658552F06281
5 127 ->
6 128 [4][3]
$0,3FF,0
$2*0,3FF
$3FF,2*0
$3*0
5 129 NULL
5 130 0
5 131 1
5 132 [2][3]
$BFAB658552F06281,0,BF6CBEBB956C8E8
$3FAB658552F06281,0,3FD69FE3DD913F83
2 93 NULL
2 94 ->
2 95 ->
3 96 [4][3]
$0,3FF,0
$2*0,3FF
$3FF,2*0
$3*0
3 133 [1]
4 133 ->
5 134 514
5 135 0
5 136 -1
5 137 -1
5 138 -1
5 139 10
5 140 0
5 141 0
5 142 32768
5 143 [2]
6 143 ->
7 144 1
7 145 ->
8 146 -4
8 147 5
8 148 0
6 143 ->
7 144 6
7 149 ->
8 150 [1]
9 150 -100
3 97 -1
3 98 1
3 99 [1]
4 99 
5 100 11
5 101 0
5 102 [4][3]
$0,3FF,0
$2*0,3FF
$3FF,2*0
$3*0
2 103 NULL
2 104 10
2 105 -1
2 106 NULL
2 107 NULL
2 108 ->
3 109 0
3 110 0
3 111 [2][3]
$3*0
$3*0
3 112 0
3 113 NULL
3 114 -1
2 115 -1
2 116 NULL
2 117 -1
2 118 NULL
1 119 ->
2 36 11
2 37 1
2 38 ->
3 39 13
3 40 923
3 41 NULL
3 42 0
3 43 [3]
$3,2*0
3 44 0
3 45 -1
3 46 -1
3 47 ->
4 48 0
4 49 0
4 50 -1
4 51 970
4 52 -1
4 53 -1
4 54 0
4 55 0
4 56 0
4 57 0
3 58 0
2 59 -1
2 60 no_name
2 61 2
2 83 ->
3 120 [1][4]
$12,3*0
3 86 NULL
3 87 [18]
$2*-1,-1025,-2049,268435455,-1,8191,0,2048,5*0,2097152,0,2,0
3 88 NULL
3 89 ->
4 90 0
4 91 0
2 92 
3 121 [1]
4 121 ->
5 122 34
5 123 12
5 124 11
5 125 -1
5 126 [2][2]
$2*0
$2*0
5 127 ->
6 128 [4][3]
$3FF,2*0
$0,3FF,0
$2*0,3FF
$3*0
5 129 NULL
5 130 0
5 131 1
5 132 [2][3]
$3*0
$3*0
2 93 NULL
2 94 ->
2 95 ->
3 96 [4][3]
$3FF,2*0
$0,3FF,0
$2*0,3FF
$3*0
3 133 [2]
4 133 ->
5 134 509
5 135 3FF
5 136 -1
5 137 -1
5 138 6
5 139 12
5 140 0
5 141 0
5 142 32768
5 143 [2]
6 143 ->
7 144 1
7 145 ->
8 146 -4
8 147 5
8 148 0
6 143 ->
7 144 6
7 149 ->
8 150 [1]
9 150 -100
4 133 ->
5 134 510
5 135 3FF
5 136 -1
5 137 -1
5 138 10
5 139 12
5 140 0
5 141 0
5 142 32768
5 143 [2]
6 143 ->
7 144 1
7 145 ->
8 146 -4
8 147 5
8 148 0
6 143 ->
7 144 6
7 149 ->
8 150 [1]
9 150 -100
3 97 -1
3 98 1
3 99 [1]
4 99 
5 100 11
5 101 0
5 102 [4][3]
$3FF,2*0
$0,3FF,0
$2*0,3FF
$3*0
2 103 NULL
2 104 12
2 105 -1
2 106 NULL
2 107 NULL
@parent_table 151 1
2 151 [2]
$5,9
2 108 ->
3 109 0
3 110 0
3 111 [2][3]
$3*0
$3*0
3 112 0
3 113 NULL
3 114 -1
2 115 -1
2 116 NULL
2 117 -1
2 118 NULL
1 119 ->
2 36 4
2 37 1
2 38 ->
3 39 7
3 40 917
3 41 NULL
3 42 1
3 43 [3]
$3*0
3 44 0
3 45 990
3 46 -1
3 47 ->
4 48 0
4 49 1
4 50 -1
4 51 970
4 52 -1
4 53 -1
4 54 0
4 55 0
4 56 0
4 57 0
3 58 0
2 59 -1
2 60 no_name
2 61 2
2 83 ->
3 120 [6][4]
$13,204,2*0
$18,203,2*0
$23,200,2*0
$25,200,1,0
$27,200,2,0
$29,200,3,0
@edg_id_arr 152 1
3 152 [12][6]
$14,221,3*0,13
$15,221,1,2*0,13
$16,221,2,2*0,13
$17,221,3,2*0,13
$19,222,3*0,23
$20,222,1,2*0,25
$21,222,2,2*0,27
$22,222,3,2*0,29
$24,220,3*0,23
$26,220,1,2*0,25
$28,220,2,2*0,27
$30,220,3,2*0,29
@dtm_id_tab 153 0
3 153 [1]
4 153 
@dtm_id 154 1
5 154 12
@dim_id 155 1
5 155 -1
3 86 NULL
3 87 [18]
$2*-1,-1025,-2049,268435455,-1,8191,0,2048,5*0,2097152,0,2,0
3 88 NULL
3 89 ->
4 90 0
4 91 0
2 92 
3 121 [6]
4 121 ->
5 122 34
5 123 13
5 124 4
5 125 0
5 126 [2][2]
$BFA9R,BFE19R
$2*3FA9R
5 127 ->
6 128 [4][3]
$3FF,2*0
$0,3FF,0
$2*0,3FF
$3*0
5 129 ->
@frst_cntr_crv_hdr_ptr 156 1
6 156 14
@trv 157 1
6 157 1
@envlp 158 2
6 158 [2][2]
$BFA9R,BFE19R
$2*3FA9R
@next_cntr_ptr 159 0
5 159 NULL
5 130 18
5 131 -1
5 132 [2][3]
$BFA9R,BFE19R,0
$3FA9R,3FA99999999999A,0
4 121 ->
5 122 34
5 123 18
5 124 4
5 125 0
5 126 [2][2]
$BFA9R,BFE19R
$2*3FA9R
5 127 ->
6 128 [4][3]
$3FF,2*0
$0,3FF,0
$2*0,3FF
$2*0,3FD6R
5 129 ->
6 156 19
6 157 1
6 158 [2][2]
$BFA9R,BFE19R
$2*3FA9R
5 159 NULL
5 130 23
5 131 1
5 132 [2][3]
$BFA9R,BFE19R,3FD6R
$3FA9R,3FA99999999999A,3FD6R
4 121 ->
5 122 34
5 123 23
5 124 4
5 125 1
5 126 [2][2]
$2*0
$3FE3R,3FD6R
5 127 ->
6 128 [4][3]
$2*0,3FF
$3FF,2*0
$0,3FF,0
$3FA9R,BFE19R,0
5 129 ->
6 156 14
6 157 1
6 158 [2][2]
$2*0
$3FE3R,3FD6R
5 159 NULL
5 130 25
5 131 1
5 132 [2][3]
$3FA9R,BFE19R,0
$3FA9R,3FA99999999999A,3FD6R
4 121 ->
5 122 34
5 123 25
5 124 4
5 125 1
5 126 [2][2]
$2*0
$3FB9R,3FD6R
5 127 ->
6 128 [4][3]
$BFF,2*0
$2*0,3FF
$0,3FF,0
$2*3FA9R,0
5 129 ->
6 156 15
6 157 1
6 158 [2][2]
$2*0
$3FB9R,3FD6R
5 159 NULL
5 130 27
5 131 1
5 132 [2][3]
$BFA9R,3FA9R,0
$2*3FA9R,3FD6R
4 121 ->
5 122 34
5 123 27
5 124 4
5 125 1
5 126 [2][2]
$2*0
$3FE3R,3FD6R
5 127 ->
6 128 [4][3]
$2*0,BFF
$BFF,2*0
$0,3FF,0
$BFA9R,3FA9R,0
5 129 ->
6 156 16
6 157 1
6 158 [2][2]
$2*0
$3FE3R,3FD6R
5 159 NULL
5 130 29
5 131 1
5 132 [2][3]
$BFA9R,BFE19R,0
$BFA9R,3FA9R,3FD6R
4 121 ->
5 122 34
5 123 29
5 124 4
5 125 1
5 126 [2][2]
$2*0
$3FB9R,3FD6R
5 127 ->
6 128 [4][3]
$3FF,2*0
$2*0,BFF
$0,3FF,0
$BFA9R,BFE19R,0
5 129 ->
6 156 17
6 157 1
6 158 [2][2]
$2*0
$3FB9R,3FD6R
5 159 NULL
5 130 0
5 131 1
5 132 [2][3]
$BFA9R,BFE19R,0
$3FA9R,BFE19R,3FD6R
@crv_array 160 0
3 160 [12]
4 160 ->
@crv_id 161 1
5 161 14
@feat_id 162 1
5 162 4
@type 163 1
5 163 0
@crv_pnt_dir 164 1
5 164 [2]
$1,-1
@crv_pnt_arr 165 2
5 165 [2][4]
$3FA9R,BFE19R,2*0
$2*3FA9R,3FE3R,0
@crv_hdr_geom_ptr[0] 166 1
5 166 13
@crv_hdr_geom_ptr[1] 167 1
5 167 23
@next_crv_hdr_ptr[0] 168 1
5 168 15
@next_crv_hdr_ptr[1] 169 1
5 169 24
@ref_geom[0] 170 1
5 170 0
@ref_geom[1] 171 1
5 171 0
4 160 ->
5 161 15
5 162 4
5 163 0
5 164 [2]
$1,-1
5 165 [2][4]
$2*3FA9R,2*0
$BFA9R,3FA9R,3FB9R,0
5 166 13
5 167 25
5 168 16
5 169 26
5 170 0
5 171 0
4 160 ->
5 161 16
5 162 4
5 163 0
5 164 [2]
$1,-1
5 165 [2][4]
$BFA9R,3FA9R,2*0
$BFA9R,BFE19R,3FE3R,0
5 166 13
5 167 27
5 168 17
5 169 28
5 170 0
5 171 0
4 160 ->
5 161 17
5 162 4
5 163 0
5 164 [2]
$1,-1
5 165 [2][4]
$BFA9R,BFE19R,2*0
$3FA9R,BFE19R,3FB9R,0
5 166 13
5 167 29
5 168 14
5 169 30
5 170 0
5 171 0
4 160 ->
5 161 19
5 162 4
5 163 0
5 164 [2]
$-1,1
5 165 [2][4]
$3FA9R,BFE19R,0,3FD6R
$2*3FA9R,3FE3R,3FD6R
5 166 18
5 167 23
5 168 22
5 169 26
5 170 0
5 171 0
4 160 ->
5 161 20
5 162 4
5 163 0
5 164 [2]
$-1,1
5 165 [2][4]
$2*3FA9R,0,3FD6R
$BFA9R,3FA9R,3FB9R,3FD6R
5 166 18
5 167 25
5 168 19
5 169 28
5 170 0
5 171 0
4 160 ->
5 161 21
5 162 4
5 163 0
5 164 [2]
$-1,1
5 165 [2][4]
$BFA9R,3FA9R,0,3FD6R
$BFA9R,BFE19R,3FE3R,3FD6R
5 166 18
5 167 27
5 168 20
5 169 30
5 170 0
5 171 0
4 160 ->
5 161 22
5 162 4
5 163 0
5 164 [2]
$-1,1
5 165 [2][4]
$BFA9R,BFE19R,0,3FD6R
$3FA9R,BFE19R,3FB9R,3FD6R
5 166 18
5 167 29
5 168 21
5 169 24
5 170 0
5 171 0
4 160 ->
5 161 24
5 162 4
5 163 0
5 164 [2]
$1,-1
5 165 [2][4]
$2*0,3FB9R,0
$0,3FD6R,3FB9R,3FD6R
5 166 23
5 167 29
5 168 19
5 169 17
5 170 0
5 171 0
4 160 ->
5 161 26
5 162 4
5 163 0
5 164 [2]
$1,-1
5 165 [2][4]
$2*0,3FE3R,0
$0,3FD6R,3FE3R,3FD6R
5 166 25
5 167 23
5 168 20
5 169 14
5 170 0
5 171 0
4 160 ->
5 161 28
5 162 4
5 163 0
5 164 [2]
$1,-1
5 165 [2][4]
$2*0,3FB9R,0
$0,3FD6R,3FB9R,3FD6R
5 166 27
5 167 25
5 168 21
5 169 15
5 170 0
5 171 0
4 160 ->
5 161 30
5 162 4
5 163 0
5 164 [2]
$1,-1
5 165 [2][4]
$2*0,3FE3R,0
$0,3FD6R,3FE3R,3FD6R
5 166 29
5 167 27
5 168 22
5 169 16
5 170 0
5 171 0
2 93 NULL
2 94 ->
2 95 ->
3 96 [4][3]
$3FF,2*0
$0,3FF,0
$2*0,3FF
$3*0
3 133 [2]
4 133 ->
5 134 1853
5 135 0
5 136 0
5 137 -1
5 138 -1
5 139 -1
5 140 0
5 141 0
5 142 0
5 143 [1]
6 143 ->
7 144 6
7 149 ->
8 150 [1]
9 150 -100
4 133 ->
5 134 35
5 135 0
5 136 -1
5 137 -1
5 138 12
5 139 13
5 140 0
5 141 0
5 142 0
5 143 [2]
6 143 ->
7 144 1
7 145 ->
8 146 -4
8 147 5
8 148 0
6 143 ->
7 144 6
7 149 ->
8 150 [1]
9 150 -100
3 97 -1
3 98 0
3 99 [2]
4 99 
5 100 12
5 101 0
5 102 [4][3]
$3FF,2*0
$0,3FF,0
$2*0,3FF
$3*0
4 99 
5 100 1
5 101 0
5 102 [4][3]
$3FF,2*0
$0,3FF,0
$2*0,3FF
$3*0
2 103 NULL
2 104 13
@gsec_ptr 172 0
2 172 [1]
3 172 
@type 173 1
4 173 7
@name 174 10
4 174 
@gsec2d_ptr 175 0
4 175 ->
@name 176 10
5 176 
@segtab_ptr 177 0
5 177 [4]
6 177 
@type 178 1
7 178 2
@dir 179 1
7 179 [3]
$0,1,0
@pointid 180 1
7 180 [2]
$0,1
@cntrid 181 1
7 181 1
@arcorient 182 1
7 182 0
@verhor 183 1
7 183 0
@radius 184 1
7 184 0
@ext_id 185 1
7 185 0
@gen_info 186 0
7 186 
@known_ent_info 187 0
7 187 
@attr 188 1
8 188 0
@known_ent_id 189 1
8 189 -1
6 177 
7 178 2
7 179 [3]
$-1,2*0
7 180 [2]
$1,2
7 181 2
7 182 0
7 183 1
7 184 0
7 185 1
7 186 
7 187 
8 188 0
8 189 -1
6 177 
7 178 2
7 179 [3]
$0,-1,0
7 180 [2]
$2,3
7 181 3
7 182 0
7 183 0
7 184 0
7 185 2
7 186 
7 187 
8 188 0
8 189 -1
6 177 
7 178 2
7 179 [3]
$1,2*0
7 180 [2]
$3,0
7 181 0
7 182 0
7 183 1
7 184 0
7 185 3
7 186 
7 187 
8 188 0
8 189 -1
@qind 190 1
5 190 -1
@totalpointid 191 1
5 191 4
@checkarcs_flag 192 1
5 192 1
@location 193 0
5 193 ->
@id 194 1
6 194 0
@param 195 2
6 195 0
@type 196 1
6 196 0
@nsket_info 197 0
5 197 ->
@var_arr 198 0
6 198 [18]
7 198 
@type 199 5
8 199 5
@key 200 5
8 200 0
@value 201 2
8 201 0
@guess 202 2
8 202 0
@known 203 7
8 203 0
@homogeneity 204 7
8 204 0
@uvar_id 205 5
8 205 0
7 198 
8 199 5
8 200 1
8 201 0
8 202 3FF
8 203 0
8 204 0
8 205 0
7 198 
8 199 5
8 200 2
8 201 0
8 202 4
8 203 0
8 204 0
8 205 0
7 198 
8 199 5
8 200 3
8 201 0
8 202 3FE
8 203 0
8 204 0
8 205 0
7 198 
8 199 5
8 200 4
8 201 0
8 202 BFF
8 203 0
8 204 0
8 205 0
7 198 
8 199 5
8 200 5
8 201 0
8 202 C
8 203 0
8 204 0
8 205 0
7 198 
8 199 5
8 200 6
8 201 0
8 202 BFE
8 203 0
8 204 0
8 205 0
7 198 
8 199 5
8 200 7
8 201 0
8 202 400921FB54442D18
8 203 0
8 204 0
8 205 0
7 198 
8 199 5
8 200 8
8 201 0
8 202 3FF921FB54442D18
8 203 0
8 204 0
8 205 0
7 198 
8 199 5
8 200 9
8 201 0
8 202 BFF921FB54442D18
8 203 0
8 204 0
8 205 0
7 198 
8 199 1
8 200 0
8 201 0
8 202 3FA9R
8 203 0
8 204 1
8 205 0
7 198 
8 199 2
8 200 0
8 201 0
8 202 BFE19R
8 203 0
8 204 1
8 205 0
7 198 
8 199 1
8 200 1
8 201 0
8 202 3FA9R
8 203 0
8 204 1
8 205 0
7 198 
8 199 2
8 200 1
8 201 0
8 202 3FA99999999999A
8 203 0
8 204 1
8 205 0
7 198 
8 199 1
8 200 2
8 201 0
8 202 BFA9R
8 203 0
8 204 1
8 205 0
7 198 
8 199 2
8 200 2
8 201 0
8 202 3FA9R
8 203 0
8 204 1
8 205 0
7 198 
8 199 1
8 200 3
8 201 0
8 202 BFA9R
8 203 0
8 204 1
8 205 0
7 198 
8 199 2
8 200 3
8 201 0
8 202 BFE19R
8 203 0
8 204 1
8 205 0
@scale 206 2
6 206 0
@scales 207 2
6 207 [2]
$2*0
@guesses 208 2
6 208 [36]
$0,3FF,4,3FE,BFF,C,BFE,400921FB54442D18,3FF921FB54442D18,BFF921FB54442D18,
$3FA9R,BFE19R,3FA9R,3FA99999999999A,BFA9R,3FA9R,BFA9R,BFE19R,18*0
@m 209 1
6 209 0
@last_was_permanent 210 1
6 210 0
@unsolved_ptr 211 0
5 211 ->
@iges_file 212 10
6 212 NULL
@save_first_db_ptr(line) 213 0
6 213 ->
@id 214 1
7 214 0
@gen_info 215 0
7 215 
@end1 216 2
7 216 [3]
$3FA9R,BFE19R,0
@end2 217 2
7 217 [3]
$2*3FA9R,0
@entity(line) 218 0
6 218 ->
7 214 1
7 215 
7 216 [3]
$2*3FA9R,0
7 217 [3]
$BFA9R,3FA9R,0
6 218 ->
7 214 2
7 215 
7 216 [3]
$BFA9R,3FA9R,0
7 217 [3]
$BFA9R,BFE19R,0
6 218 ->
7 214 3
7 215 
7 216 [3]
$BFA9R,BFE19R,0
7 217 [3]
$3FA9R,BFE19R,0
@solve_version 219 1
5 219 -1
@segdscr_tab 220 0
5 220 [4]
6 220 
@ent_mode 221 1
7 221 0
6 220 
7 221 0
6 220 
7 221 0
6 220 
7 221 0
@gsec3d_ptr 222 0
4 222 ->
@type 223 1
5 223 7
@name 224 10
5 224 
@flip 225 1
5 225 1
@own_ref_id 226 1
5 226 -1
@first_chain_ptr 227 0
5 227 NULL
@quilt_id 228 1
5 228 -1
@plane_id 229 1
5 229 12
@plane_flip 230 1
5 230 -1
@order_ptr 231 0
4 231 [4]
5 231 
@id 232 1
6 232 0
@flip 233 1
6 233 2
5 231 
6 232 1
6 233 0
5 231 
6 232 2
6 233 0
5 231 
6 232 3
6 233 4
@attributes 234 1
4 234 256
@xsec_id 235 1
4 235 -1
@gsec_info_arr 236 0
4 236 [1]
5 236 
@application_type 237 1
6 237 2
@application_id 238 1
6 238 -100
@secsolve_revnum 239 1
4 239 0
@rel_accuracy 240 2
4 240 BFF
@p_saved_result 241 0
4 241 NULL
2 105 -1
2 106 NULL
2 107 NULL
2 151 [1]
3 151 11
2 108 ->
3 109 0
3 110 0
3 111 [2][3]
$3*0
$3*0
3 112 0
3 113 NULL
3 114 -1
2 115 -1
2 116 NULL
2 117 -1
2 118 NULL
1 119 ->
2 36 32
2 37 1
2 38 ->
3 39 13
3 40 923
3 41 NULL
3 42 0
3 43 [3]
$3,2*0
3 44 0
3 45 -1
3 46 -1
3 47 ->
4 48 0
4 49 0
4 50 -1
4 51 970
4 52 -1
4 53 -1
4 54 0
4 55 0
4 56 0
4 57 0
3 58 0
2 59 -1
2 60 DTM4
2 61 2
2 83 ->
3 120 [1][4]
$33,3*0
3 86 NULL
3 87 [18]
$3*-1,-2049,2*-1,-16777217,3*-1,-536870913,-1,-1126176897,-2,-2097185,
$-203555329,495,0
3 88 NULL
3 89 ->
4 90 150023
4 91 150023
2 92 
3 121 [1]
4 121 ->
5 122 34
5 123 33
5 124 32
5 125 1
5 126 [2][2]
$2*BF6CBEBB956C8E8
$3FBA7F8F7644FE0D,3FD69FE3DD913F83
5 127 ->
6 128 [4][3]
$BFF,2*0
$2*0,3FF
$0,3FF,0
$3FA9R,2*0
5 129 NULL
5 130 0
5 131 1
5 132 [2][3]
$BFAB658552F06281,BFE,BF6CBEBB956C8E8
$3FAB658552F06281,BFE,3FD69FE3DD913F83
2 93 NULL
2 94 ->
2 95 ->
3 96 [4][3]
$BFF,2*0
$2*0,3FF
$0,3FF,0
$3FA9R,2*0
3 133 [1]
4 133 ->
5 134 503
5 135 BFA9R
5 136 1
5 137 -1
5 138 25
5 139 33
5 140 0
5 141 0
5 142 32768
5 143 [2]
6 143 ->
7 144 1
7 145 ->
8 146 -4
8 147 5
8 148 0
6 143 ->
7 144 6
7 149 ->
8 150 [1]
9 150 -100
3 97 -1
3 98 1
3 99 [1]
4 99 
5 100 11
5 101 0
5 102 [4][3]
$BFF,2*0
$2*0,3FF
$0,3FF,0
$3FA9R,BFA503F31DF802BR,0
2 103 NULL
2 104 33
2 105 -1
2 106 NULL
2 107 NULL
2 151 [1]
3 151 4
2 108 ->
3 109 13
3 110 0
3 111 [2][3]
$BFA9R,BFE19R,0
$3FA9R,3FA99999999999A,3FD6R
3 112 3FE675028CBCCF5R
3 113 NULL
3 114 -1
2 115 -1
2 116 NULL
2 117 0
2 118 ->
@num_plins 242 1
3 242 1
1 119 ->
2 36 34
2 37 1
2 38 ->
3 39 13
3 40 923
3 41 NULL
3 42 0
3 43 [3]
$3,2*0
3 44 0
3 45 -1
3 46 -1
3 47 ->
4 48 0
4 49 0
4 50 -1
4 51 970
4 52 -1
4 53 -1
4 54 0
4 55 0
4 56 0
4 57 0
3 58 0
2 59 -1
2 60 DTM5
2 61 2
2 83 ->
3 120 [1][4]
$35,3*0
3 86 NULL
3 87 [18]
$3*-1,-2049,2*-1,-16777217,3*-1,-536870913,-1,-1126176897,-2,-2097185,
$-203555329,495,0
3 88 NULL
3 89 ->
4 90 150023
4 91 150023
2 92 
3 121 [1]
4 121 ->
5 122 34
5 123 35
5 124 34
5 125 1
5 126 [2][2]
$BFE1B658552F0628,BF6CBEBB956C8E8
$3FAB658552F0628R,3FD69FE3DD913F83
5 127 ->
6 128 [4][3]
$2*0,3FF
$3FF,2*0
$0,3FF,0
$3*0
5 129 NULL
5 130 0
5 131 1
5 132 [2][3]
$0,BFE1B658552F0628,BF6CBEBB956C8E8
$0,3FAB658552F0628,3FD69FE3DD913F83
2 93 NULL
2 94 ->
2 95 ->
3 96 [4][3]
$2*0,3FF
$3FF,2*0
$0,3FF,0
$3*0
3 133 [1]
4 133 ->
5 134 503
5 135 0
5 136 2
5 137 -1
5 138 8
5 139 35
5 140 0
5 141 0
5 142 32770
5 143 [2]
6 143 ->
7 144 1
7 145 ->
8 146 -4
8 147 5
8 148 0
6 143 ->
7 144 6
7 149 ->
8 150 [1]
9 150 -100
3 97 -1
3 98 1
3 99 [1]
4 99 
5 100 11
5 101 0
5 102 [4][3]
$2*0,3FF
$3FF,2*0
$0,3FF,0
$3*0
2 103 NULL
2 104 35
2 105 -1
2 106 NULL
2 107 NULL
2 151 [1]
3 151 7
2 108 ->
3 109 13
3 110 0
3 111 [2][3]
$BFA9R,BFE19R,0
$3FA9R,3FA99999999999A,3FD6R
3 112 3FE675028CBCCF5R
3 113 NULL
3 114 -1
2 115 -1
2 116 NULL
2 117 0
2 118 ->
3 242 1
1 119 ->
2 36 31
2 37 1
2 38 ->
3 39 63
3 40 979
3 41 NULL
3 42 0
3 43 [3]
$3*0
3 44 0
3 45 -1
3 46 -1
3 47 ->
4 48 0
4 49 0
4 50 -1
4 51 971
4 52 -1
4 53 -1
4 54 0
4 55 0
4 56 0
4 57 1
3 58 0
2 59 -1
2 60 no_name
2 61 2
2 62 ->
3 63 18
3 64 36
3 65 
4 66 1
3 67 -1
3 68 -1
3 69 0
3 70 [4][3]
$0,BFF,0
$3FF,2*0
$2*0,3FF
$2*0,3FD6R
3 71 31
2 72 ->
3 73 34
3 74 CS0
3 75 1
3 76 [3]
$40784204BA8C9A16,407C0B28F008DD19,40720423D8FEC636
3 77 36
3 78 10
3 79 BFF
3 80 BFF
3 81 
3 82 BFF
2 83 ->
3 84 [1]
4 84 
5 85 [5]
$36,534,0,-1,500
3 153 [2]
4 153 
5 154 33
5 155 1
4 153 
5 154 35
5 155 2
3 86 NULL
3 87 [18]
$3*-1,-2049,2*-1,-16777217,3*-1,-536870913,-1,-1126176897,-2,-2097185,
$-203555329,495,0
3 88 NULL
3 89 ->
4 90 150023
4 91 150023
2 92 
2 93 NULL
2 94 ->
2 95 ->
3 96 [4][3]
$0,BFF,0
$3FF,2*0
$2*0,3FF
$2*0,3FD6R
3 133 [5]
4 133 ->
5 134 1240
5 135 0
5 136 -1
5 137 -1
5 138 18
5 139 -1
5 140 0
5 141 0
5 142 0
5 143 [1]
6 143 ->
7 144 6
7 149 ->
8 150 [1]
9 150 -100
4 133 ->
5 134 1240
5 135 0
5 136 -1
5 137 -1
5 138 33
5 139 -1
5 140 0
5 141 0
5 142 0
5 143 [1]
6 143 ->
7 144 6
7 149 ->
8 150 [1]
9 150 -100
4 133 ->
5 134 1240
5 135 0
5 136 -1
5 137 -1
5 138 35
5 139 -1
5 140 0
5 141 0
5 142 0
5 143 [1]
6 143 ->
7 144 6
7 149 ->
8 150 [1]
9 150 -100
4 133 ->
5 134 1270
5 135 4
5 136 -1
5 137 -1
5 138 -1
5 139 -1
5 140 0
5 141 0
5 142 0
5 143 [1]
6 143 ->
7 144 6
7 149 ->
8 150 [1]
9 150 -100
4 133 ->
5 134 1271
5 135 4008
5 136 -1
5 137 -1
5 138 -1
5 139 -1
5 140 0
5 141 0
5 142 0
5 143 [1]
6 143 ->
7 144 6
7 149 ->
8 150 [1]
9 150 -100
3 97 -1
3 98 0
3 99 [1]
4 99 
5 100 10
5 101 0
5 102 [4][3]
$0,BFF,0
$3FF,2*0
$2*0,3FF
$2*0,3FD6R
@pat_rec_ptr(struct) 243 0
2 243 ->
@type 244 1
3 244 13
@pat_type 245 1
3 245 5
@lead_feat_id 246 1
3 246 31
@dir_array 247 0
3 247 [4]
4 247 
@num_inst 248 1
5 248 3
@ipar_id 249 1
5 249 0
@pat_dims_array 250 0
5 250 [1]
6 250 
@pat_dim_type 251 1
7 251 161
@orig_dimid 252 1
7 252 1
@local_dimid 253 1
7 253 0
@incr_dimid 254 1
7 254 3
@feat_id 255 1
7 255 31
@relations_data 256 0
7 256 NULL
@patt_tbls_info 257 0
5 257 NULL
4 247 
5 248 1
5 249 -1
5 257 NULL
4 247 
5 248 1
5 249 -1
5 257 NULL
4 247 
5 248 1
5 249 -1
5 257 NULL
@model_name 258 0
3 258 
@object_type 259 1
4 259 -1
@name 260 10
4 260 
@simpl_rep 261 0
4 261 NULL
@pat_feat_id 262 1
3 262 0
@model_dep_id 263 1
3 263 -1
2 103 NULL
2 104 -1
2 105 -1
2 106 NULL
2 107 NULL
2 151 [3]
$4,32,34
2 108 ->
3 109 13
3 110 0
3 111 [2][3]
$BFA9R,BFE19R,0
$3FA9R,3FA99999999999A,3FD6R
3 112 3FE675028CBCCF5R
3 113 NULL
3 114 -1
2 115 -1
2 116 NULL
2 117 4
2 118 ->
3 242 5
1 119 ->
2 36 37
2 37 1
2 38 ->
3 39 63
3 40 979
3 41 NULL
3 42 0
3 43 [3]
$3*0
3 44 0
3 45 -1
3 46 -1
3 47 ->
4 48 0
4 49 0
4 50 -1
4 51 971
4 52 -1
4 53 -1
4 54 0
4 55 0
4 56 0
4 57 1
3 58 0
2 59 -1
2 60 no_name
2 61 2
2 62 ->
3 63 18
3 64 39
3 65 
4 66 1
3 67 -1
3 68 -1
3 69 0
3 70 [4][3]
$0,BFF,0
$3FF,2*0
$2*0,3FF
$0,BFD,3FD6R
3 71 37
2 72 ->
3 73 34
3 74 CS1
3 75 1
3 76 [3]
$407D27A25D7354C3,4072108F3FF62A8D,4059BC3D5983DBFC
3 77 39
3 78 10
3 79 BFF
3 80 BFF
3 81 
3 82 BFF
2 83 ->
3 84 [1]
4 84 
5 85 [5]
$39,534,0,-1,500
3 153 [2]
4 153 
5 154 33
5 155 4
4 153 
5 154 35
5 155 2
3 86 NULL
3 87 [18]
$3*-1,-2049,2*-1,-16777217,3*-1,-536870913,-1,-1126176897,-2,-2097185,
$-203555329,495,0
3 88 NULL
3 89 ->
4 90 150023
4 91 150023
2 92 
2 93 NULL
2 94 ->
2 95 ->
3 96 [4][3]
$0,BFF,0
$3FF,2*0
$2*0,3FF
$0,BFD,3FD6R
3 133 [5]
4 133 ->
5 134 1240
5 135 0
5 136 -1
5 137 -1
5 138 18
5 139 -1
5 140 0
5 141 0
5 142 0
5 143 [1]
6 143 ->
7 144 6
7 149 ->
8 150 [1]
9 150 -100
4 133 ->
5 134 1240
5 135 0
5 136 -1
5 137 -1
5 138 33
5 139 -1
5 140 0
5 141 0
5 142 0
5 143 [1]
6 143 ->
7 144 6
7 149 ->
8 150 [1]
9 150 -100
4 133 ->
5 134 1240
5 135 0
5 136 -1
5 137 -1
5 138 35
5 139 -1
5 140 0
5 141 0
5 142 0
5 143 [1]
6 143 ->
7 144 6
7 149 ->
8 150 [1]
9 150 -100
4 133 ->
5 134 1270
5 135 4
5 136 -1
5 137 -1
5 138 -1
5 139 -1
5 140 0
5 141 0
5 142 0
5 143 [1]
6 143 ->
7 144 6
7 149 ->
8 150 [1]
9 150 -100
4 133 ->
5 134 1271
5 135 4008
5 136 -1
5 137 -1
5 138 -1
5 139 -1
5 140 0
5 141 0
5 142 0
5 143 [1]
6 143 ->
7 144 6
7 149 ->
8 150 [1]
9 150 -100
3 97 -1
3 98 0
3 99 [1]
4 99 
5 100 10
5 101 0
5 102 [4][3]
$0,BFF,0
$3FF,2*0
$2*0,3FF
$0,BFD,3FD6R
@pat_rec_ptr(member) 264 0
2 264 ->
@type 265 1
3 265 12
@create_status 266 1
3 266 86
@leader_id 267 1
3 267 31
@index 268 1
3 268 [4]
$1,3*0
2 103 NULL
2 104 -1
2 105 -1
2 106 NULL
2 107 NULL
2 151 [4]
$4,31,32,34
2 108 NULL
2 115 -1
2 116 NULL
2 117 3
2 118 ->
3 242 5
1 119 ->
2 36 38
2 37 1
2 38 ->
3 39 63
3 40 979
3 41 NULL
3 42 0
3 43 [3]
$3*0
3 44 0
3 45 -1
3 46 -1
3 47 ->
4 48 0
4 49 0
4 50 -1
4 51 971
4 52 -1
4 53 -1
4 54 0
4 55 0
4 56 0
4 57 1
3 58 0
2 59 -1
2 60 no_name
2 61 2
2 62 ->
3 63 18
3 64 40
3 65 
4 66 1
3 67 -1
3 68 -1
3 69 0
3 70 [4][3]
$0,BFF,0
$3FF,2*0
$2*0,3FF
$0,BFE,3FD6R
3 71 38
2 72 ->
3 73 34
3 74 CS2
3 75 1
3 76 [3]
$408106A0002D07B8,40602BEB1FC6F004,C0549814B0F360DE
3 77 40
3 78 10
3 79 BFF
3 80 BFF
3 81 
3 82 BFF
2 83 ->
3 84 [1]
4 84 
5 85 [5]
$40,534,0,-1,500
3 153 [2]
4 153 
5 154 33
5 155 5
4 153 
5 154 35
5 155 2
3 86 NULL
3 87 [18]
$3*-1,-2049,2*-1,-16777217,3*-1,-536870913,-1,-1126176897,-2,-2097185,
$-203555329,495,0
3 88 NULL
3 89 ->
4 90 150023
4 91 150023
2 92 
2 93 NULL
2 94 ->
2 95 ->
3 96 [4][3]
$0,BFF,0
$3FF,2*0
$2*0,3FF
$0,BFE,3FD6R
3 133 [5]
4 133 ->
5 134 1240
5 135 0
5 136 -1
5 137 -1
5 138 18
5 139 -1
5 140 0
5 141 0
5 142 0
5 143 [1]
6 143 ->
7 144 6
7 149 ->
8 150 [1]
9 150 -100
4 133 ->
5 134 1240
5 135 0
5 136 -1
5 137 -1
5 138 33
5 139 -1
5 140 0
5 141 0
5 142 0
5 143 [1]
6 143 ->
7 144 6
7 149 ->
8 150 [1]
9 150 -100
4 133 ->
5 134 1240
5 135 0
5 136 -1
5 137 -1
5 138 35
5 139 -1
5 140 0
5 141 0
5 142 0
5 143 [1]
6 143 ->
7 144 6
7 149 ->
8 150 [1]
9 150 -100
4 133 ->
5 134 1270
5 135 4
5 136 -1
5 137 -1
5 138 -1
5 139 -1
5 140 0
5 141 0
5 142 0
5 143 [1]
6 143 ->
7 144 6
7 149 ->
8 150 [1]
9 150 -100
4 133 ->
5 134 1271
5 135 4008
5 136 -1
5 137 -1
5 138 -1
5 139 -1
5 140 0
5 141 0
5 142 0
5 143 [1]
6 143 ->
7 144 6
7 149 ->
8 150 [1]
9 150 -100
3 97 -1
3 98 0
3 99 [1]
4 99 
5 100 10
5 101 0
5 102 [4][3]
$0,BFF,0
$3FF,2*0
$2*0,3FF
$0,BFE,3FD6R
2 264 ->
3 265 12
3 266 86
3 267 31
3 268 [4]
$2,3*0
2 103 NULL
2 104 -1
2 105 -1
2 106 NULL
2 107 NULL
2 151 [4]
$4,31,32,34
2 108 ->
3 109 13
3 110 0
3 111 [2][3]
$BFA9R,BFE19R,0
$3FA9R,3FA99999999999A,3FD6R
3 112 3FE675028CBCCF5R
3 113 NULL
3 114 37
2 115 -1
2 116 NULL
2 117 3
2 118 ->
3 242 5
1 119 ->
2 36 41
2 37 1
2 38 ->
3 39 13
3 40 923
3 41 NULL
3 42 0
3 43 [3]
$3*0
3 44 0
3 45 -1
3 46 -1
3 47 ->
4 48 0
4 49 0
4 50 -1
4 51 -1
4 52 -1
4 53 -1
4 54 0
4 55 0
4 56 0
4 57 0
3 58 0
2 59 -1
2 60 CONN_DATUM
2 61 2
2 83 ->
3 120 [1][4]
$42,3*0
3 86 NULL
3 87 [18]
$3*-1,-2049,2*-1,-16777217,3*-1,-536870913,-1,-1126176897,-2,-2097185,
$-203555329,495,0
3 88 NULL
3 89 ->
4 90 150023
4 91 150023
2 92 
3 121 [1]
4 121 ->
5 122 34
5 123 42
5 124 41
5 125 1
5 126 [2][2]
$BFAB658552F06281,BFE1B658552F0628
$3FAB658552F06281,3FAB658552F0628R
5 127 ->
6 128 [4][3]
$3FF,2*0
$0,3FF,0
$2*0,3FF
$2*0,3FD6R
5 129 NULL
5 130 0
5 131 1
5 132 [2][3]
$BFAB658552F06281,BFE1B658552F0628,3FD6R
$3FAB658552F06281,3FAB658552F0628,3FD6R
2 93 NULL
2 94 ->
2 95 ->
3 96 [4][3]
$3FF,2*0
$0,3FF,0
$2*0,3FF
$2*0,3FD6R
3 133 [1]
4 133 ->
5 134 512
5 135 3FF
5 136 -1
5 137 -1
5 138 18
5 139 42
5 140 0
5 141 0
5 142 32768
5 143 [2]
6 143 ->
7 144 1
7 145 ->
8 146 -4
8 147 5
8 148 0
6 143 ->
7 144 6
7 149 ->
8 150 [1]
9 150 -100
3 97 -1
3 98 1
3 99 [1]
4 99 
5 100 11
5 101 0
5 102 [4][3]
$3FF,2*0
$0,3FF,0
$2*0,3FF
$2*0,3FD6R
2 103 NULL
2 104 42
2 105 -1
2 106 NULL
2 107 NULL
2 151 [1]
3 151 4
2 108 ->
3 109 13
3 110 0
3 111 [2][3]
$BFA9R,BFE19R,0
$3FA9R,3FA99999999999A,3FD6R
3 112 3FE675028CBCCF5R
3 113 NULL
3 114 -1
2 115 -1
2 116 NULL
2 117 1
2 118 ->
3 242 1
1 119 ->
2 36 43
2 37 1
2 38 ->
3 39 15
3 40 926
3 41 NULL
3 42 0
3 43 [3]
$3*0
3 44 0
3 45 -1
3 46 -1
3 47 ->
4 48 0
4 49 0
4 50 -1
4 51 971
4 52 -1
4 53 -1
4 54 0
4 55 0
4 56 0
4 57 0
3 58 0
2 59 -1
2 60 no_name
2 61 2
@entity(line3d) 269 0
2 269 ->
@type 270 1
3 270 11
@id 271 1
3 271 45
@gen_info 272 0
3 272 
@geom_id 273 1
3 273 44
@end1 274 2
3 274 [3]
$2*0,3FD5DC6C7B992A2
@end2 275 2
3 275 [3]
$BF1A36E2EB1C432D,0,3FD5DC6C7B992A2
2 269 ->
3 270 13
3 271 46
3 272 
4 66 1
3 273 44
3 274 [3]
$2*0,3FD5DC6C7B992A2
3 275 [3]
$2*0,3FD6F0605133A2AC
2 72 ->
3 73 19
3 74 A_1
3 75 1
3 76 [3]
$4077C38778EBD6A7,407BF799C3218D02,4071B4E135F9CB4E
3 77 -1
3 78 10
3 79 BFF
3 80 BFF
3 81 
3 82 BFF
2 83 ->
3 120 [1][4]
$44,3*0
3 84 [2]
4 84 
5 85 [5]
$45,530,44,-1,500
4 84 
5 85 [5]
$46,531,44,-1,500
3 86 NULL
3 87 [18]
$3*-1,-2049,2*-1,-16777217,3*-1,-536870913,-1,-1126176897,-2,-2097185,
$-203555329,495,0
3 88 NULL
3 89 ->
4 90 150023
4 91 150023
2 92 
3 121 [1]
4 121 ->
5 122 36
5 123 44
5 124 43
5 125 1
5 126 [2][2]
$0,BF813F3D59A788B4
$401921E11D6141FC,3F813F3D59A788B4
@srf_prim_ptr(cylinder) 276 0
5 276 ->
@local_sys 277 2
6 277 [4][3]
$3FF,2*0
$0,3FF,0
$2*0,3FF
$2*0,3FD6R
@radius 278 2
6 278 3F1A36E2EB1C432D
5 129 NULL
5 130 0
5 131 1
5 132 [2][3]
$BF1A36E2EB1C432D,BF1A36E2EB1C452D,3FD5DC6C7B992A2
$3F1A36E2EB1C432D,3F1A36E2EB1C412D,3FD6F0605133A2AC
2 93 NULL
2 94 ->
2 95 ->
3 96 [4][3]
$3FF,2*0
$0,3FF,0
$2*0,3FF
$2*0,3FD6R
3 133 [3]
4 133 ->
5 134 6
5 135 0
5 136 6
5 137 -1
5 138 8
5 139 44
5 140 0
5 141 0
5 142 0
5 143 [2]
6 143 ->
7 144 1
7 145 ->
8 146 -4
8 147 5
8 148 0
6 143 ->
7 144 6
7 149 ->
8 150 [1]
9 150 -100
4 133 ->
5 134 6
5 135 BFA9R
5 136 7
5 137 -1
5 138 25
5 139 44
5 140 0
5 141 0
5 142 0
5 143 [2]
6 143 ->
7 144 1
7 145 ->
8 146 -4
8 147 5
8 148 0
6 143 ->
7 144 6
7 149 ->
8 150 [1]
9 150 -100
4 133 ->
5 134 710
5 135 0
5 136 -1
5 137 -1
5 138 18
5 139 44
5 140 0
5 141 0
5 142 0
5 143 [2]
6 143 ->
7 144 1
7 145 ->
8 146 -4
8 147 5
8 148 0
6 143 ->
7 144 6
7 149 ->
8 150 [1]
9 150 -100
3 97 -1
3 98 0
3 99 [2]
4 99 
5 100 8
5 101 0
5 102 [4][3]
$3FF,2*0
$0,3FF,0
$2*0,3FF
$2*0,3FD6R
4 99 
5 100 9
5 101 0
5 102 [4][3]
$0,BF813F3D59A788B4,401921E11D6141FC
$3F813F3D59A788B4,3FF,0
$2*0,3FF
$3*0
2 243 ->
3 244 13
3 245 5
3 246 43
3 247 [4]
4 247 
5 248 3
5 249 1
5 250 [1]
6 250 
7 251 145
7 252 7
7 253 1
7 254 8
7 255 43
7 256 NULL
5 257 NULL
4 247 
5 248 1
5 249 -1
5 257 NULL
4 247 
5 248 1
5 249 -1
5 257 NULL
4 247 
5 248 1
5 249 -1
5 257 NULL
3 258 
4 259 -1
4 260 
4 261 NULL
3 262 0
3 263 -1
2 103 NULL
2 104 44
2 105 -1
2 106 NULL
2 107 NULL
2 151 [2]
$4,7
2 108 ->
3 109 13
3 110 0
3 111 [2][3]
$BFA9R,BFE19R,0
$3FA9R,3FA99999999999A,3FD6R
3 112 3FE675028CBCCF5R
3 113 NULL
3 114 -1
2 115 -1
2 116 NULL
2 117 1
2 118 ->
3 242 3
1 119 ->
2 36 47
2 37 1
2 38 ->
3 39 15
3 40 926
3 41 NULL
3 42 0
3 43 [3]
$3*0
3 44 0
3 45 -1
3 46 -1
3 47 ->
4 48 0
4 49 0
4 50 -1
4 51 971
4 52 -1
4 53 -1
4 54 0
4 55 0
4 56 0
4 57 0
3 58 0
2 59 -1
2 60 no_name
2 61 2
2 269 ->
3 270 11
3 271 50
3 272 
3 273 49
3 274 [3]
$0,BFD,3FD5DC6C7B992A2
3 275 [3]
$BF1A36E2EB1C432D,BFD,3FD5DC6C7B992A2
2 269 ->
3 270 13
3 271 51
3 272 
4 66 1
3 273 49
3 274 [3]
$0,BFD,3FD5DC6C7B992A2
3 275 [3]
$0,BFD,3FD6F0605133A2AC
2 72 ->
3 73 19
3 74 A_2
3 75 1
3 76 [3]
$407CA9251BD2915R,4071FD00130EDA76,40587F32CD6FF05E
3 77 -1
3 78 10
3 79 BFF
3 80 BFF
3 81 
3 82 BFF
2 83 ->
3 120 [1][4]
$49,3*0
3 84 [2]
4 84 
5 85 [5]
$50,530,49,-1,500
4 84 
5 85 [5]
$51,531,49,-1,500
3 86 NULL
3 87 [18]
$3*-1,-2049,2*-1,-16777217,3*-1,-536870913,-1,-1126176897,-2,-2097185,
$-203555329,495,0
3 88 NULL
3 89 ->
4 90 150023
4 91 150023
2 92 
3 121 [1]
4 121 ->
5 122 36
5 123 49
5 124 47
5 125 1
5 126 [2][2]
$0,BF813F3D59A788B4
$401921E11D6141FC,3F813F3D59A788B4
5 276 ->
6 277 [4][3]
$3FF,2*0
$0,3FF,0
$2*0,3FF
$0,BFD,3FD6R
6 278 3F1A36E2EB1C432D
5 129 NULL
5 130 0
5 131 1
5 132 [2][3]
$BF1A36E2EB1C432D,BFD001A36E2EB1C4,3FD5DC6C7B992A2
$3F1A36E2EB1C432D,BFCFFCB923A29C78,3FD6F0605133A2AC
2 93 NULL
2 94 ->
2 95 ->
3 96 [4][3]
$3FF,2*0
$0,3FF,0
$2*0,3FF
$0,BFD,3FD6R
3 133 [3]
4 133 ->
5 134 6
5 135 0
5 136 6
5 137 -1
5 138 8
5 139 49
5 140 0
5 141 0
5 142 0
5 143 [2]
6 143 ->
7 144 1
7 145 ->
8 146 -4
8 147 5
8 148 0
6 143 ->
7 144 6
7 149 ->
8 150 [1]
9 150 -100
4 133 ->
5 134 6
5 135 BFD3R
5 136 9
5 137 -1
5 138 25
5 139 49
5 140 0
5 141 0
5 142 0
5 143 [2]
6 143 ->
7 144 1
7 145 ->
8 146 -4
8 147 5
8 148 0
6 143 ->
7 144 6
7 149 ->
8 150 [1]
9 150 -100
4 133 ->
5 134 710
5 135 0
5 136 -1
5 137 -1
5 138 18
5 139 49
5 140 0
5 141 0
5 142 0
5 143 [2]
6 143 ->
7 144 1
7 145 ->
8 146 -4
8 147 5
8 148 0
6 143 ->
7 144 6
7 149 ->
8 150 [1]
9 150 -100
3 97 -1
3 98 0
3 99 [2]
4 99 
5 100 8
5 101 0
5 102 [4][3]
$3FF,2*0
$0,3FF,0
$2*0,3FF
$0,BFD,3FD6R
4 99 
5 100 9
5 101 0
5 102 [4][3]
$0,BF813F3D59A788B4,401921E11D6141FC
$3F813F3D59A788B4,3FF,0
$2*0,3FF
$3*0
2 264 ->
3 265 12
3 266 86
3 267 43
3 268 [4]
$1,3*0
2 103 NULL
2 104 49
2 105 -1
2 106 NULL
2 107 NULL
2 151 [3]
$4,7,43
2 108 NULL
2 115 -1
2 116 NULL
2 117 1
2 118 ->
3 242 3
1 119 ->
2 36 48
2 37 1
2 38 ->
3 39 15
3 40 926
3 41 NULL
3 42 0
3 43 [3]
$3*0
3 44 0
3 45 -1
3 46 -1
3 47 ->
4 48 0
4 49 0
4 50 -1
4 51 971
4 52 -1
4 53 -1
4 54 0
4 55 0
4 56 0
4 57 0
3 58 0
2 59 -1
2 60 no_name
2 61 2
2 269 ->
3 270 11
3 271 53
3 272 
3 273 52
3 274 [3]
$0,BFE,3FD5DC6C7B992A2
3 275 [3]
$BF1A36E2EB1C432D,BFE,3FD5DC6C7B992A2
2 269 ->
3 270 13
3 271 54
3 272 
4 66 1
3 273 52
3 274 [3]
$0,BFE,3FD5DC6C7B992A2
3 275 [3]
$0,BFE,3FD6F0605133A2AC
2 72 ->
3 73 19
3 74 A_3
3 75 1
3 76 [3]
$4080C7615F5CA601,406004CCC5F84FD4,C055D51F3D074C7C
3 77 -1
3 78 10
3 79 BFF
3 80 BFF
3 81 
3 82 BFF
2 83 ->
3 120 [1][4]
$52,3*0
3 84 [2]
4 84 
5 85 [5]
$53,530,52,-1,500
4 84 
5 85 [5]
$54,531,52,-1,500
3 86 NULL
3 87 [18]
$3*-1,-2049,2*-1,-16777217,3*-1,-536870913,-1,-1126176897,-2,-2097185,
$-203555329,495,0
3 88 NULL
3 89 ->
4 90 150023
4 91 150023
2 92 
3 121 [1]
4 121 ->
5 122 36
5 123 52
5 124 48
5 125 1
5 126 [2][2]
$0,BF813F3D59A788B4
$401921E11D6141FC,3F813F3D59A788B4
5 276 ->
6 277 [4][3]
$3FF,2*0
$0,3FF,0
$2*0,3FF
$0,BFE,3FD6R
6 278 3F1A36E2EB1C432D
5 129 NULL
5 130 0
5 131 1
5 132 [2][3]
$BF1A36E2EB1C432D,BFE000D1B71758E2,3FD5DC6C7B992A2
$3F1A36E2EB1C432D,BFDFFE5C91D14E3C,3FD6F0605133A2AC
2 93 NULL
2 94 ->
2 95 ->
3 96 [4][3]
$3FF,2*0
$0,3FF,0
$2*0,3FF
$0,BFE,3FD6R
3 133 [3]
4 133 ->
5 134 6
5 135 0
5 136 6
5 137 -1
5 138 8
5 139 52
5 140 0
5 141 0
5 142 0
5 143 [2]
6 143 ->
7 144 1
7 145 ->
8 146 -4
8 147 5
8 148 0
6 143 ->
7 144 6
7 149 ->
8 150 [1]
9 150 -100
4 133 ->
5 134 6
5 135 BFE19R
5 136 10
5 137 -1
5 138 25
5 139 52
5 140 0
5 141 0
5 142 0
5 143 [2]
6 143 ->
7 144 1
7 145 ->
8 146 -4
8 147 5
8 148 0
6 143 ->
7 144 6
7 149 ->
8 150 [1]
9 150 -100
4 133 ->
5 134 710
5 135 0
5 136 -1
5 137 -1
5 138 18
5 139 52
5 140 0
5 141 0
5 142 0
5 143 [2]
6 143 ->
7 144 1
7 145 ->
8 146 -4
8 147 5
8 148 0
6 143 ->
7 144 6
7 149 ->
8 150 [1]
9 150 -100
3 97 -1
3 98 0
3 99 [2]
4 99 
5 100 8
5 101 0
5 102 [4][3]
$3FF,2*0
$0,3FF,0
$2*0,3FF
$0,BFE,3FD6R
4 99 
5 100 9
5 101 0
5 102 [4][3]
$0,BF813F3D59A788B4,401921E11D6141FC
$3F813F3D59A788B4,3FF,0
$2*0,3FF
$3*0
2 264 ->
3 265 12
3 266 86
3 267 43
3 268 [4]
$2,3*0
2 103 NULL
2 104 52
2 105 -1
2 106 NULL
2 107 NULL
2 151 [3]
$4,7,43
2 108 ->
3 109 13
3 110 0
3 111 [2][3]
$BFA9R,BFE19R,0
$3FA9R,3FA99999999999A,3FD6R
3 112 3FE675028CBCCF5R
3 113 NULL
3 114 47
2 115 -1
2 116 NULL
2 117 1
2 118 ->
3 242 3
1 119 NULL
@assem_mass_prop_ptr 279 0
1 279 NULL
@mass_prop_ptr 280 0
1 280 ->
@type 281 1
2 281 0
@density 282 2
2 282 0
@init_dens 283 5
2 283 0
@rel_density 284 2
2 284 0
@init_rel_dens 285 5
2 285 0
@aver_density 286 2
2 286 0
@vrevnum 287 1
2 287 -1
@volume 288 2
2 288 0
@cg 289 2
2 289 [3]
$3*0
@inertia 290 2
2 290 [3][3]
$3*0
$3*0
$3*0
@eps 291 2
2 291 0
@surfarea 292 2
2 292 0
@assign_mp_ptr 293 0
1 293 NULL
@tol_default_ptr 294 0
1 294 ->
@type 295 1
2 295 10
@value 296 2
2 296 [7]
$0,3FB9R,3F847AE147AE147B,3F50624DD2F1A9FC,3F1A36E2EB1C432D,
$3EE4F8B588E368F1,3EB0C6F7A0B5ED8E
@ang_value 297 2
2 297 [7]
$0,6*3FE
@standard 298 1
2 298 0
@iso_tol_tbls_ptr 299 0
2 299 NULL
@first_xsec_ptr 300 0
1 300 NULL
@datum_count 301 1
1 301 3
@axis_count 302 1
1 302 3
@insert_layer_id 303 1
1 303 -1
@layer_count 304 1
1 304 1
@layer_list 305 0
1 305 [15]
2 305 
@feat_id 306 1
3 306 2
@layer_id 307 1
3 307 0
@back_layer_id 308 1
3 308 0
2 305 
3 306 5
3 307 0
3 308 0
2 305 
3 306 7
3 307 0
3 308 0
2 305 
3 306 9
3 307 0
3 308 0
2 305 
3 306 11
3 307 0
3 308 0
2 305 
3 306 4
3 307 0
3 308 0
2 305 
3 306 32
3 307 0
3 308 0
2 305 
3 306 34
3 307 0
3 308 0
2 305 
3 306 31
3 307 0
3 308 0
2 305 
3 306 37
3 307 0
3 308 0
2 305 
3 306 38
3 307 0
3 308 0
2 305 
3 306 41
3 307 0
3 308 0
2 305 
3 306 43
3 307 0
3 308 0
2 305 
3 306 47
3 307 0
3 308 0
2 305 
3 306 48
3 307 0
3 308 0
@lang_ptr 309 0
1 309 ->
@interact_on 310 1
2 310 -1
@first_csys_ptr 311 0
1 311 NULL
@color_prop_ptr 312 0
1 312 ->
@color_tab 313 0
2 313 [1]
3 313 
@maximum 314 2
4 314 [3]
$3FE19R,3FE6R,3FE
@ambient 315 2
4 315 3FE
@diffuse 316 2
4 316 3FF
@specular 317 2
4 317 3FE
@spec_coef 318 2
4 318 3FE
@transmission 319 2
4 319 0
@threshold 320 1
4 320 90
@gl_ind 321 1
4 321 0
@surf_ind_tab 322 0
2 322 [1]
3 322 
@surf_id 323 1
4 323 -1
@surf_color_inds 324 1
4 324 [2]
$0,-1
@fem_data 325 0
1 325 NULL
@rel_part_eps 326 2
1 326 3F53A92A30553261
@names_table 327 0
1 327 [10]
2 327 ->
@id 328 1
3 328 6
@type 329 1
3 329 5
@name 330 10
3 330 DTM1
2 327 ->
3 328 8
3 329 5
3 330 DTM2
2 327 ->
3 328 10
3 329 5
3 330 DTM3
2 327 ->
3 328 33
3 329 5
3 330 DTM4
2 327 ->
3 328 35
3 329 5
3 330 DTM5
2 327 ->
3 328 42
3 329 5
3 330 CONN_DATUM
2 327 ->
3 328 3
3 329 25
3 330 EC_DEF
2 327 ->
3 328 36
3 329 25
3 330 CS0
2 327 ->
3 328 39
3 329 25
3 330 CS1
2 327 ->
3 328 40
3 329 25
3 330 CS2
@drv_tbl_ptr 331 0
1 331 NULL
@assembled_count 332 1
1 332 0
@part_type 333 1
1 333 1
@mat_name_ptr 334 10
1 334 NULL
@first_ent_id 335 1
1 335 524409
@first_view_id 336 1
1 336 0
@outline 337 2
1 337 [2][3]
$BFA9R,BFE19R,0
$3FA9R,3FA99999999999A,3FD6R
@dim_num 338 1
1 338 11
@dim_array 339 0
1 339 [11]
2 339 ->
@type 340 1
3 340 8
@dim_type 341 1
3 341 62
@feat_id 342 1
3 342 4
@attributes 343 1
3 343 385
@dim_dat_ptr 344 0
3 344 ->
@value 345 2
4 345 3FD6R
@bck_value 346 2
4 346 3FD6R
@tol_ptr 347 0
4 347 ->
@type 348 1
5 348 9
@tol_type 349 1
5 349 3
@dual_digits_diff 350 1
5 350 999
@value 351 2
5 351 [2]
$2*3F847AE147AE147B
@nominal_value 352 2
4 352 3FD6R
@bound 353 1
4 353 20
@bck_bound 354 1
4 354 -1
@bck_tol_ptr 355 0
4 355 ->
@value 356 2
5 356 [2]
$2*3F847AE147AE147B
@datum_def_id 357 1
4 357 -1
@places_denom 358 1
4 358 2
@bck_places_denom 359 1
4 359 2
@dim_data_attrib 360 1
4 360 0
@dim_cosm_ptr 361 0
3 361 ->
@d0 362 2
4 362 0
@d1 363 2
4 363 0
@d2 364 2
4 364 0
@d3 365 2
4 365 0
@ord_info 366 0
4 366 NULL
@attach_ptr 367 0
3 367 NULL
@dim_text_ptr 368 0
3 368 ->
@symbol 369 10
4 369 d0
@line_array 370 0
4 370 [1]
5 370 
@text_array 371 0
6 371 [1]
7 371 
@text_type 372 1
8 372 61
@text_value 373 10
8 373 
@txt_attrib 374 1
8 374 1025
@owner_id 375 1
8 375 0
@part_id 376 1
8 376 9
@height 377 2
8 377 BFF
@width_factor 378 2
8 378 BFF
@format_info 379 0
8 379 
@thickness 380 2
8 380 BFF
@parent_dim_id 381 1
3 381 -1
2 339 ->
3 340 8
3 341 204
3 342 31
3 343 261
3 344 ->
4 345 BFA9R
4 346 BFA9R
4 347 ->
5 348 9
5 349 3
5 350 999
5 351 [2]
$2*3F847AE147AE147B
4 352 BFA9R
4 353 20
4 354 -1
4 355 ->
5 356 [2]
$2*3F847AE147AE147B
4 357 -1
4 358 2
4 359 2
4 360 4
3 361 ->
4 362 0
4 363 0
4 364 0
4 365 0
4 366 NULL
3 367 NULL
3 368 ->
4 369 d1
3 381 -1
2 339 ->
3 340 8
3 341 204
3 342 31
3 343 257
3 344 ->
4 345 0
4 346 0
4 347 ->
5 348 9
5 349 3
5 350 999
5 351 [2]
$2*3F847AE147AE147B
4 352 0
4 353 20
4 354 -1
4 355 ->
5 356 [2]
$2*3F847AE147AE147B
4 357 -1
4 358 2
4 359 2
4 360 0
3 361 ->
4 362 0
4 363 0
4 364 0
4 365 0
4 366 NULL
3 367 NULL
3 368 ->
4 369 d2
3 381 -1
2 339 ->
3 340 8
3 341 9
3 342 31
3 343 257
3 344 ->
4 345 BFD
4 346 BFD
4 347 ->
5 348 9
5 349 3
5 350 999
5 351 [2]
$2*3F847AE147AE147B
4 352 BFD
4 353 20
4 354 -1
4 355 ->
5 356 [2]
$2*3F847AE147AE147B
4 357 -1
4 358 2
4 359 2
4 360 4
3 361 ->
4 362 0
4 363 0
4 364 0
4 365 0
4 366 NULL
3 367 NULL
3 368 ->
4 369 d3
3 381 -1
2 339 ->
3 340 8
3 341 204
3 342 37
3 343 265
3 344 ->
4 345 BFD3R
4 346 BFD3R
4 347 ->
5 348 9
5 349 3
5 350 999
5 351 [2]
$2*3F847AE147AE147B
4 352 BFD3R
4 353 20
4 354 -1
4 355 ->
5 356 [2]
$2*3F847AE147AE147B
4 357 -1
4 358 2
4 359 2
4 360 4
3 361 ->
4 362 0
4 363 0
4 364 0
4 365 0
4 366 NULL
3 367 NULL
3 368 ->
4 369 d4
3 381 -1
2 339 ->
3 340 8
3 341 204
3 342 38
3 343 265
3 344 ->
4 345 BFE19R
4 346 BFE19R
4 347 ->
5 348 9
5 349 3
5 350 999
5 351 [2]
$2*3F847AE147AE147B
4 352 BFE19R
4 353 20
4 354 -1
4 355 ->
5 356 [2]
$2*3F847AE147AE147B
4 357 -1
4 358 2
4 359 2
4 360 4
3 361 ->
4 362 0
4 363 0
4 364 0
4 365 0
4 366 NULL
3 367 NULL
3 368 ->
4 369 d5
3 381 -1
2 339 ->
3 340 8
3 341 201
3 342 43
3 343 257
3 344 ->
4 345 0
4 346 0
4 347 ->
5 348 9
5 349 3
5 350 999
5 351 [2]
$2*3F847AE147AE147B
4 352 0
4 353 20
4 354 -1
4 355 ->
5 356 [2]
$2*3F847AE147AE147B
4 357 -1
4 358 2
4 359 2
4 360 0
3 361 ->
4 362 0
4 363 0
4 364 0
4 365 0
4 366 NULL
3 367 NULL
3 368 ->
4 369 d6
3 381 -1
2 339 ->
3 340 8
3 341 201
3 342 43
3 343 261
3 344 ->
4 345 BFA9R
4 346 BFA9R
4 347 ->
5 348 9
5 349 3
5 350 999
5 351 [2]
$2*3F847AE147AE147B
4 352 BFA9R
4 353 20
4 354 -1
4 355 ->
5 356 [2]
$2*3F847AE147AE147B
4 357 -1
4 358 2
4 359 2
4 360 4
3 361 ->
4 362 0
4 363 0
4 364 0
4 365 0
4 366 NULL
3 367 NULL
3 368 ->
4 369 d7
3 381 -1
2 339 ->
3 340 8
3 341 9
3 342 43
3 343 257
3 344 ->
4 345 BFD
4 346 BFD
4 347 ->
5 348 9
5 349 3
5 350 999
5 351 [2]
$2*3F847AE147AE147B
4 352 BFD
4 353 20
4 354 -1
4 355 ->
5 356 [2]
$2*3F847AE147AE147B
4 357 -1
4 358 2
4 359 2
4 360 0
3 361 ->
4 362 0
4 363 0
4 364 0
4 365 0
4 366 NULL
3 367 NULL
3 368 ->
4 369 d8
3 381 -1
2 339 ->
3 340 8
3 341 201
3 342 47
3 343 265
3 344 ->
4 345 BFD3R
4 346 BFD3R
4 347 ->
5 348 9
5 349 3
5 350 999
5 351 [2]
$2*3F847AE147AE147B
4 352 BFD3R
4 353 20
4 354 -1
4 355 ->
5 356 [2]
$2*3F847AE147AE147B
4 357 -1
4 358 2
4 359 2
4 360 4
3 361 ->
4 362 0
4 363 0
4 364 0
4 365 0
4 366 NULL
3 367 NULL
3 368 ->
4 369 d9
3 381 -1
2 339 ->
3 340 8
3 341 201
3 342 48
3 343 265
3 344 ->
4 345 BFE19R
4 346 BFE19R
4 347 ->
5 348 9
5 349 3
5 350 999
5 351 [2]
$2*3F847AE147AE147B
4 352 BFE19R
4 353 20
4 354 -1
4 355 ->
5 356 [2]
$2*3F847AE147AE147B
4 357 -1
4 358 2
4 359 2
4 360 4
3 361 ->
4 362 0
4 363 0
4 364 0
4 365 0
4 366 NULL
3 367 NULL
3 368 ->
4 369 d10
3 381 -1
@ipar_num 382 1
1 382 2
@ipar_array 383 0
1 383 [2]
2 383 ->
@type 384 1
3 384 1
@ipar_type 385 1
3 385 2
@feat_id 386 1
3 386 31
@attributes 387 1
3 387 1
@value 388 1
3 388 3
@bck_value 389 1
3 389 3
2 383 ->
3 384 1
3 385 2
3 386 43
3 387 1
3 388 3
3 389 3
@relpar_sets 390 0
1 390 [1]
2 390 
@id 391 1
3 391 -1
@type 392 1
3 392 2
@ext_ref_id 393 1
3 393 -1
@relatnum 394 1
3 394 0
@unit_arr 395 0
1 395 [2]
2 395 
@type 396 1
3 396 1
@factor 397 2
3 397 3FF
@name 398 10
3 398 INCH
@unit_type 399 1
3 399 0
2 395 
3 396 2
3 397 3FF
3 398 POUND
3 399 1
@ref_dim_array 400 0
1 400 [1]
2 400 ->
3 340 28
3 341 1001
3 342 -1
3 343 131329
3 344 ->
4 345 BFE3R
4 346 0
4 347 ->
5 348 9
5 349 3
5 350 999
5 351 [2]
$2*3F847AE147AE147B
4 352 0
4 353 20
4 354 -1
4 355 ->
5 356 [2]
$2*3F847AE147AE147B
4 357 -1
4 358 2
4 359 2
4 360 0
3 361 ->
4 362 0
4 363 0
4 364 0
4 365 0
4 366 NULL
3 367 ->
@type 401 1
4 401 10
@attach_id 402 1
4 402 25
@index 403 1
4 403 [2]
$2*0
@view_id 404 1
4 404 -1
@point 405 2
4 405 [3]
$3*0
@vec 406 2
4 406 [3]
$3*0
@attribute 407 1
4 407 0
@ext_model_id 408 1
4 408 -1
@next_attach_ptr 409 0
3 409 ->
4 401 10
4 402 29
4 403 [2]
$2*0
4 404 -1
4 405 [3]
$3*0
4 406 [3]
$3*0
4 407 0
4 408 -1
3 409 NULL
3 368 ->
4 369 rd0
4 370 [1]
5 370 
6 371 [2]
7 371 
8 372 61
8 373 
8 374 1025
8 375 0
8 376 9
8 377 BFF
8 378 BFF
8 379 
8 380 BFF
7 371 
8 372 58
8 373  REF
8 374 1024
8 375 0
8 376 9
8 377 BFF
8 378 BFF
8 379 
8 380 BFF
3 381 -1
@geom_lib_ptr 410 0
1 410 NULL
@first_quilt_ptr 411 1
1 411 0
@attrib_array 412 1
1 412 [1]
2 412 0
@smt_info_ptr 413 0
1 413 NULL
@cable_info_ptr 414 0
1 414 NULL
@comp_info_ptr 415 0
1 415 NULL
@max_part_size 416 2
1 416 3FE675028CBCCF5R
@prt_misc_ptr 417 0
1 417 ->
@shrink_data_ptr 418 0
2 418 NULL
@layer_array 419 0
1 419 [2]
2 419 ->
@id 420 1
3 420 55
@type 421 1
3 421 117
@user_id 422 1
3 422 0
@weird_wline_ptr 423 0
3 423 ->
@weird_wline 424 10
4 424 CSYS
@layer_objects 425 0
3 425 [1]
4 425 
@type 426 1
5 426 3
@ids 427 1
5 427 [4]
$2,31,37,38
@saved_operation 428 1
3 428 3
2 419 ->
3 420 56
3 421 117
3 422 0
3 423 ->
4 424 AXES
3 425 [1]
4 425 
5 426 3
5 427 [3]
$43,47,48
3 428 3
@expld_mv_info 429 0
1 429 NULL
@state_info_ptr 430 0
1 430 NULL
@alumni_feats 431 0
1 431 NULL
@model_name 432 10
1 432 SIP6
@p_mdl_grid 433 0
1 433 NULL
@mdl_status_ptr 434 0
1 434 NULL
@cfg_states 435 0
1 435 NULL
@disp_outl_info 436 0
1 436 
@disp_outline 437 2
2 437 [2][3]
$BFAB658552F06281,BFE1B658552F0628,BF6CBEBB956C8E8
$3FAB658552F06281,3FAB658552F0628R,3FD69FE3DD913F83
@ribbon_info_ptr 438 0
1 438 NULL
@p_xref_data 439 0
1 439 ->
@View 440 0
0 440 ->
@id 441 1
1 441 0
@viewattr 442 0
1 442 
@attr_arr 443 1
2 443 [4]
$1,3*0
@mpoint 444 0
1 444 
@id 445 1
2 445 0
@coord 446 2
2 446 [3]
$0,BFD,3FC6R
@first_instr_ptr 447 0
2 447 NULL
@attach_ptr 448 0
2 448 NULL
@vpoint 449 0
1 449 
2 445 0
2 446 [3]
$407F4,407A5E,0
2 447 NULL
2 448 NULL
@orient 450 2
1 450 [4][4]
$3FED7954E7DBA2F8,0,3FD8EC3AE92B676B,0
$BFD385CE5246572,3FE3E43A9692E21C,3FE7167619F550A2,0
$BFCEFC077F3F36A6,BFE91103985DA841,3FE25240DD3851BF,0
$3*0,3FF
@local_sys 451 2
1 451 [4][4]
$408D927ABA3BF6FD,0,4079017EA54657A1,0
$C07396768B9AEAB6,4083F53360256518,40872A29053B9E6D,0
$C06F167741B55BE1,C0892666B6F7866C,408261E2ADA753FR,0
$407D12BFFFA5F09,40869305380E43FR,40549814B0F360DA,3FF
@first_instr_ptr 452 0
1 452 ->
@type 453 1
2 453 100
@geom_id 454 1
2 454 -1
@view_id 455 1
2 455 -1
@memb_num 456 1
2 456 0
@offset 457 2
2 457 0
@matrix 458 0
2 458 NULL
@next_instr_ptr 459 0
1 459 NULL
@outer_xsec_index 460 1
1 460 -1
@next_view_id 461 1
1 461 -2
@simp_rep_id 462 1
1 462 -1
@name 463 10
1 463 no name
@matrix 464 2
1 464 [4][4]
$3FF,3*0
$0,3FF,2*0
$2*0,3FF,0
$3*0,3FF
@fit_outline 465 2
1 465 [2][3]
$4059,405518,C075F655C9DE4B02
$408C2,4087BB,4075F655C9DE4B02
@det_info_ptr 466 0
1 466 NULL
@named_view_pzmatr 467 0
1 467 NULL
@page_id 468 1
1 468 0
@model_name 469 10
1 469 NULL
@unrep_model_name 470 10
1 470 NULL
@assem_merge_parts 471 0
0 471 ->
#END_OF_UGC
