#UGC:2 PART 885 360 0 1 1 15 1600 9542 \
#- VERS 0 0                                                          \
#- HOST                                                              \
#- LINK                                                              \
#- DBID                                                              \
#- REVS 0,                                                           \
#- RELL 0,                                                           \
#- UOBJ_ID 0 0 0                                                     \
#-END_OF_UGC_HEADER
#P_OBJECT 6
@P_object 1 0
0 1 ->
@dep_db 2 0
1 2 ->
@usr_rev 3 0
1 3 [1]
2 3 
@name 4 10
3 4 SETH
@mod_time 5 0
3 5 
@tm_sec 6 1
4 6 9
@tm_min 7 1
4 7 26
@tm_hour 8 1
4 8 1
@tm_mday 9 1
4 9 2
@tm_mon 10 1
4 10 10
@tm_year 11 1
4 11 95
@action 12 1
3 12 1000
@comment 13 10
3 13 Hostname: 'eire'
@rel_level 14 10
3 14 
@rev_string 15 10
3 15 
@revnum_std 16 1
1 16 363
@flag 17 1
1 17 0
@name 18 10
1 18 NULL
@inst_hidden 19 1
1 19 0
@old_name 20 10
1 20 NULL
@appl_data 21 0
1 21 ->
@bounding_box 22 2
2 22 [2][3]
$C0092DDCEBCA85BC,C0012DDCEBCA85BC,C0244B773AF2A16F
$403625BB9D7950B8,40204B773AF2A16F,40012DDCEBCA85BC
@uobj_id 23 0
1 23 NULL
#END_OF_P_OBJECT
#Pro/ENGINEER  TM  Version G-01-10  (c) 1988-95 by Parametric Technology Corporation  All Rights Reserved. 9542
@Solid 24 0
0 24 ->
@tab_key 25 1
1 25 0
@tab_key_struct 26 0
1 26 ->
@tab_key_ptr 27 0
2 27 [230]
@type 28 1
1 28 2
@revnum_ptr 29 0
1 29 ->
@geom_revnum 30 1
2 30 303
@cosm_revnum 31 1
2 31 68
@first_member_ptr 32 0
1 32 NULL
@alumni_members 33 0
1 33 NULL
@frst_geom_ptr 34 1
1 34 15
@first_feat_ptr 35 0
1 35 ->
@id 36 1
2 36 1
@indep_attributes 37 1
2 37 1
@feat_type_ptr 38 0
2 38 ->
@table_id 39 1
3 39 13
@type 40 1
3 40 923
@feattype_key 41 10
3 41 NULL
@form 42 1
3 42 0
@attributes 43 1
3 43 [3]
$0,262144,0
@placement 44 1
3 44 0
@intersection 45 1
3 45 -1
@internal_udf_type 46 1
3 46 -1
@param_choice_ptr 47 0
3 47 ->
@blend_choice 48 1
4 48 0
@depth_choice 49 1
4 49 0
@angle_choice 50 1
4 50 -1
@pat_choice 51 1
4 51 -1
@round_choice 52 1
4 52 -1
@subsec_choice 53 1
4 53 -1
@sweep_choice 54 1
4 54 0
@dome_choice 55 1
4 55 0
@draft_choice 56 1
4 56 0
@misc_choice 57 1
4 57 0
@assoc_type 58 1
3 58 0
@symbol_key 59 1
2 59 -1
@sect_name 60 10
2 60 DTM1
@model_type 61 1
2 61 2
@idtab_ptr 62 0
2 62 ->
@srf_id_arr 63 1
3 63 [1][4]
$2,3*0
@save_geoms 64 0
3 64 NULL
@cr_flags_xar 65 1
3 65 [18]
$3*-1,-2049,2*-1,-16777217,3*-1,-536870913,-1,-1126176897,-2,-2097185,
$-203555329,495,0
@cvt_feat_dat 66 0
3 66 NULL
@feat_dates_ptr 67 0
3 67 ->
@creat_date 68 1
4 68 150023
@regen_date 69 1
4 69 150023
@geometry 70 0
2 70 
@srf_array 71 0
3 71 [1]
4 71 ->
@geom_type 72 1
5 72 34
@geom_id 73 1
5 73 2
@feat_id 74 1
5 74 1
@boundary_type 75 1
5 75 1
@envlp 76 2
5 76 [2][2]
$C0012DDCEBCA85BC,C0244B773AF2A16F
$40204B773AF2A16F,40012DDCEBCA85BC
@srf_prim_ptr(plane) 77 0
5 77 ->
@local_sys 78 2
6 78 [4][3]
$2*0,3FF
$3FF,2*0
$0,3FF,0
$3*0
@frst_cntr_ptr 79 0
5 79 NULL
@next_geom_ptr 80 1
5 80 0
@orient 81 1
5 81 1
@outline 82 2
5 82 [2][3]
$0,C0012DDCEBCA85BC,C0244B773AF2A16F
$0,40204B773AF2A16F,40012DDCEBCA85BC
@group_info_ptr 83 0
2 83 NULL
@intrs_pairs_ptr 84 0
2 84 ->
@place_rec_ptr 85 0
2 85 ->
@local_sys 86 2
3 86 [4][3]
$2*0,3FF
$3FF,2*0
$0,3FF,0
$3*0
@place_instruction_ptrs 87 0
3 87 [1]
4 87 ->
@type 88 1
5 88 513
@offset 89 2
5 89 0
@dim_id 90 1
5 90 -1
@ref_id 91 1
5 91 -1
@geometry1_id 92 1
5 92 -1
@geometry2_id 93 1
5 93 2
@memb_num1 94 1
5 94 0
@memb_num2 95 1
5 95 0
@attr 96 1
5 96 32768
@plin_info_arr 97 0
5 97 [2]
6 97 ->
@type 98 1
7 98 1
@data(plin_info_ref) 99 0
7 99 ->
@id_type1 100 1
8 100 -4
@id_type2 101 1
8 101 5
@offset2 102 2
8 102 0
6 97 ->
7 98 6
@data(plin_info_ui_step) 103 0
7 103 ->
@step_ids 104 1
8 104 [1]
9 104 -100
@own_ref_id 105 1
3 105 -1
@orient 106 1
3 106 1
@trf_arr 107 0
3 107 [1]
4 107 
@type 108 1
5 108 11
@idx 109 1
5 109 0
@transf 110 2
5 110 [4][3]
$2*0,3FF
$3FF,2*0
$0,3FF,0
$3*0
@next_prop 111 0
2 111 NULL
@first_geom_id 112 1
2 112 2
@cond_tbl_idx 113 1
2 113 -1
@comment 114 10
2 114 NULL
@merge_info_ptr 115 0
2 115 NULL
@topology_increment 116 0
2 116 ->
@first_geom 117 1
3 117 0
@first_quilt 118 1
3 118 0
@outline 119 2
3 119 [2][3]
$3*0
$3*0
@max_part_size 120 2
3 120 0
@xform_increment 121 0
3 121 NULL
@roll_back_id 122 1
3 122 -1
@state_ind 123 1
2 123 -1
@alumni_info 124 0
2 124 NULL
@revnum 125 1
2 125 4
@rev_rec 126 0
2 126 ->
@num_plins 127 1
3 127 1
@next_feat_ptr 128 0
1 128 ->
2 36 3
2 37 1
2 38 ->
3 39 13
3 40 923
3 41 NULL
3 42 0
3 43 [3]
$0,262144,0
3 44 0
3 45 -1
3 46 -1
3 47 ->
4 48 0
4 49 0
4 50 -1
4 51 -1
4 52 -1
4 53 -1
4 54 0
4 55 0
4 56 0
4 57 0
3 58 0
2 59 -1
2 60 DTM2
2 61 2
2 62 ->
3 63 [1][4]
$4,3*0
3 64 NULL
3 65 [18]
$3*-1,-2049,2*-1,-16777217,3*-1,-536870913,-1,-1126176897,-2,-2097185,
$-203555329,495,0
3 66 NULL
3 67 ->
4 68 150023
4 69 150023
2 70 
3 71 [1]
4 71 ->
5 72 34
5 73 4
5 74 3
5 75 1
5 76 [2][2]
$C0244B773AF2A16F,C0092DDCEBCA85BC
$40012DDCEBCA85BC,403625BB9D7950B8
5 77 ->
6 78 [4][3]
$0,3FF,0
$2*0,3FF
$3FF,2*0
$3*0
5 79 NULL
5 80 0
5 81 1
5 82 [2][3]
$C0092DDCEBCA85BC,0,C0244B773AF2A16F
$403625BB9D7950B8,0,40012DDCEBCA85BC
2 83 NULL
2 84 ->
2 85 ->
3 86 [4][3]
$0,3FF,0
$2*0,3FF
$3FF,2*0
$3*0
3 87 [1]
4 87 ->
5 88 514
5 89 0
5 90 -1
5 91 -1
5 92 -1
5 93 4
5 94 0
5 95 0
5 96 32768
5 97 [2]
6 97 ->
7 98 1
7 99 ->
8 100 -4
8 101 5
8 102 0
6 97 ->
7 98 6
7 103 ->
8 104 [1]
9 104 -100
3 105 -1
3 106 1
3 107 [1]
4 107 
5 108 11
5 109 0
5 110 [4][3]
$0,3FF,0
$2*0,3FF
$3FF,2*0
$3*0
2 111 NULL
2 112 4
2 113 -1
2 114 NULL
2 115 NULL
2 116 ->
3 117 0
3 118 0
3 119 [2][3]
$3*0
$3*0
3 120 0
3 121 NULL
3 122 -1
2 123 -1
2 124 NULL
2 125 4
2 126 ->
3 127 1
1 128 ->
2 36 5
2 37 1
2 38 ->
3 39 13
3 40 923
3 41 NULL
3 42 0
3 43 [3]
$3*0
3 44 0
3 45 -1
3 46 -1
3 47 ->
4 48 0
4 49 0
4 50 -1
4 51 -1
4 52 -1
4 53 -1
4 54 0
4 55 0
4 56 0
4 57 0
3 58 0
2 59 -1
2 60 DTM3
2 61 2
2 62 ->
3 63 [1][4]
$6,3*0
3 64 NULL
3 65 [18]
$3*-1,-2049,2*-1,-16777217,3*-1,-536870913,-1,-1126176897,-2,-2097185,
$-203555329,495,0
3 66 NULL
3 67 ->
4 68 150023
4 69 150023
2 70 
3 71 [1]
4 71 ->
5 72 34
5 73 6
5 74 5
5 75 1
5 76 [2][2]
$C0092DDCEBCA85BC,C0012DDCEBCA85BC
$403625BB9D7950B8,40204B773AF2A16F
5 77 ->
6 78 [4][3]
$3FF,2*0
$0,3FF,0
$2*0,3FF
$3*0
5 79 NULL
5 80 0
5 81 1
5 82 [2][3]
$C0092DDCEBCA85BC,C0012DDCEBCA85BC,0
$403625BB9D7950B8,40204B773AF2A16F,0
2 83 NULL
2 84 ->
2 85 ->
3 86 [4][3]
$3FF,2*0
$0,3FF,0
$2*0,3FF
$3*0
3 87 [1]
4 87 ->
5 88 515
5 89 0
5 90 -1
5 91 -1
5 92 -1
5 93 6
5 94 0
5 95 0
5 96 32768
5 97 [2]
6 97 ->
7 98 1
7 99 ->
8 100 -4
8 101 5
8 102 0
6 97 ->
7 98 6
7 103 ->
8 104 [1]
9 104 -100
3 105 -1
3 106 1
3 107 [1]
4 107 
5 108 11
5 109 0
5 110 [4][3]
$3FF,2*0
$0,3FF,0
$2*0,3FF
$3*0
2 111 NULL
2 112 6
2 113 -1
2 114 NULL
2 115 NULL
2 116 ->
3 117 0
3 118 0
3 119 [2][3]
$3*0
$3*0
3 120 0
3 121 NULL
3 122 -1
2 123 -1
2 124 NULL
2 125 4
2 126 ->
3 127 1
1 128 ->
2 36 8
2 37 1
2 38 ->
3 39 13
3 40 923
3 41 NULL
3 42 0
3 43 [3]
$3,2*0
3 44 0
3 45 -1
3 46 -1
3 47 ->
4 48 0
4 49 0
4 50 -1
4 51 970
4 52 -1
4 53 -1
4 54 0
4 55 0
4 56 0
4 57 0
3 58 0
2 59 -1
2 60 no_name
2 61 2
2 62 ->
3 63 [1][4]
$9,3*0
3 64 NULL
3 65 [18]
$3*-1,-2049,2*-1,-16777217,3*-1,-536870913,-1,-1126176897,-2,-2097185,
$-203555329,495,0
3 66 NULL
3 67 ->
4 68 150023
4 69 150023
2 70 
3 71 [1]
4 71 ->
5 72 34
5 73 9
5 74 8
5 75 -1
5 76 [2][2]
$2*0
$2*0
5 77 ->
6 78 [4][3]
$3FF,2*0
$2*0,3FF
$0,BFF,0
$3*0
5 79 NULL
5 80 0
5 81 1
5 82 [2][3]
$3*0
$3*0
2 83 NULL
2 84 ->
2 85 ->
3 86 [4][3]
$3FF,2*0
$2*0,3FF
$0,BFF,0
$3*0
3 87 [2]
4 87 ->
5 88 509
5 89 3FF
5 90 -1
5 91 -1
5 92 4
5 93 9
5 94 0
5 95 0
5 96 32768
5 97 [2]
6 97 ->
7 98 1
7 99 ->
8 100 -4
8 101 5
8 102 0
6 97 ->
7 98 6
7 103 ->
8 104 [1]
9 104 -100
4 87 ->
5 88 510
5 89 BFF
5 90 -1
5 91 -1
5 92 6
5 93 9
5 94 0
5 95 0
5 96 32768
5 97 [2]
6 97 ->
7 98 1
7 99 ->
8 100 -4
8 101 5
8 102 0
6 97 ->
7 98 6
7 103 ->
8 104 [1]
9 104 -100
3 105 -1
3 106 1
3 107 [1]
4 107 
5 108 11
5 109 0
5 110 [4][3]
$3FF,2*0
$2*0,3FF
$0,BFF,0
$3*0
2 111 NULL
2 112 9
2 113 -1
2 114 NULL
2 115 NULL
@parent_table 129 1
2 129 [2]
$3,5
2 116 ->
3 117 0
3 118 0
3 119 [2][3]
$3*0
$3*0
3 120 0
3 121 NULL
3 122 -1
2 123 -1
2 124 NULL
2 125 3
2 126 ->
3 127 2
1 128 ->
2 36 7
2 37 1
2 38 ->
3 39 7
3 40 917
3 41 NULL
3 42 1
3 43 [3]
$0,65536,0
3 44 0
3 45 991
3 46 -1
3 47 ->
4 48 0
4 49 266240
4 50 -1
4 51 -1
4 52 -1
4 53 -1
4 54 0
4 55 0
4 56 0
4 57 0
3 58 0
2 59 -1
2 60 no_name
2 61 2
2 62 ->
3 63 [6][4]
$10,204,2*0
$15,203,2*0
$20,200,3,0
$22,200,2,0
$24,200,1,0
$26,200,2*0
@edg_id_arr 130 1
3 130 [12][6]
$11,221,3,2*0,10
$12,221,2,2*0,10
$13,221,1,2*0,10
$14,221,3*0,10
$16,222,3,2*0,20
$17,222,2,2*0,22
$18,222,1,2*0,24
$19,222,3*0,26
$21,303,3,2*0,20
$23,303,2,0,3,22
$25,303,1,0,2,24
$27,303,2*0,1,26
@dtm_id_tab 131 0
3 131 [1]
4 131 
@dtm_id 132 1
5 132 9
@dim_id 133 1
5 133 -1
3 64 ->
@sv_frst_geom 134 1
4 134 10
3 65 [18]
$3*-1,-2049,2*-1,-16777217,3*-1,-536870913,-1,-1126176897,-2,-2097185,
$-203555329,495,0
3 66 NULL
3 67 ->
4 68 150023
4 69 150023
2 70 
3 71 [6]
4 71 ->
5 72 34
5 73 10
5 74 7
5 75 -1
5 76 [2][2]
$2*0
$4034,402
5 77 ->
6 78 [4][3]
$3FF,2*0
$2*0,3FF
$0,BFF,0
$3*0
5 79 ->
@frst_cntr_crv_hdr_ptr 135 1
6 135 11
@trv 136 1
6 136 1
@envlp 137 2
6 137 [2][2]
$2*0
$4034,402
@next_cntr_ptr 138 0
5 138 NULL
5 80 0
5 81 -1
5 82 [2][3]
$2*0,C02
$4034,2*0
4 71 ->
5 72 34
5 73 15
5 74 7
5 75 0
5 76 [2][2]
$2*0
$4034,402
5 77 ->
6 78 [4][3]
$3FF,2*0
$2*0,3FF
$0,BFF,0
$0,402,0
5 79 ->
6 135 173
6 136 -1
6 137 [2][2]
$2*400C
$2*4012
5 138 ->
6 135 156
6 136 -1
6 137 [2][2]
$4023,400C
$4025,4012
5 138 ->
6 135 16
6 136 1
6 137 [2][2]
$2*0
$4034,402
5 138 ->
6 135 46
6 136 -1
6 137 [2][2]
$402F,400C
$40308,4012
5 138 NULL
5 80 20
5 81 1
5 82 [2][3]
$0,402,C02
$4034,402,0
4 71 ->
5 72 34
5 73 20
5 74 7
5 75 0
5 76 [2][2]
$2*0
$2*402
5 77 ->
6 78 [4][3]
$2*0,BFF
$0,3FF,0
$3FF,2*0
$2*0,C02
5 79 ->
6 135 200
6 136 1
6 137 [2][2]
$2*0
$2*402
5 138 NULL
5 80 22
5 81 1
5 82 [2][3]
$2*0,C02
$0,402,0
4 71 ->
5 72 34
5 73 22
5 74 7
5 75 0
5 76 [2][2]
$2*0
$4034,402
5 77 ->
6 78 [4][3]
$3FF,2*0
$0,3FF,0
$2*0,3FF
$3*0
5 79 ->
6 135 201
6 136 1
6 137 [2][2]
$2*0
$4034,402
5 138 NULL
5 80 24
5 81 1
5 82 [2][3]
$3*0
$4034,402,0
4 71 ->
5 72 34
5 73 24
5 74 7
5 75 0
5 76 [2][2]
$2*0
$2*402
5 77 ->
6 78 [4][3]
$2*0,3FF
$0,3FF,0
$BFF,2*0
$4034,2*0
5 79 ->
6 135 202
6 136 1
6 137 [2][2]
$2*0
$2*402
5 138 NULL
5 80 26
5 81 1
5 82 [2][3]
$4034,0,C02
$4034,402,0
4 71 ->
5 72 34
5 73 26
5 74 7
5 75 0
5 76 [2][2]
$2*0
$4034,402
5 77 ->
6 78 [4][3]
$BFF,2*0
$0,3FF,0
$2*0,BFF
$4034,0,C02
5 79 ->
6 135 203
6 136 1
6 137 [2][2]
$2*0
$4034,402
5 138 NULL
5 80 37
5 81 1
5 82 [2][3]
$2*0,C02
$4034,402,C02
@crv_array 139 0
3 139 [12]
4 139 ->
@crv_id 140 1
5 140 11
@feat_id 141 1
5 141 7
@type 142 1
5 142 0
@crv_pnt_dir 143 1
5 143 [2]
$1,-1
@crv_pnt_arr 144 2
5 144 [2][4]
$0,402,2*0
$2*0,402,0
@crv_hdr_geom_ptr[0] 145 1
5 145 10
@crv_hdr_geom_ptr[1] 146 1
5 146 20
@next_crv_hdr_ptr[0] 147 1
5 147 12
@next_crv_hdr_ptr[1] 148 1
5 148 21
@ref_geom[0] 149 1
5 149 0
@ref_geom[1] 150 1
5 150 0
4 139 ->
5 140 12
5 141 7
5 142 0
5 143 [2]
$1,-1
5 144 [2][4]
$4*0
$4034,0,4034,0
5 145 10
5 146 22
5 147 13
5 148 23
5 149 0
5 150 0
4 139 ->
5 140 13
5 141 7
5 142 0
5 143 [2]
$1,-1
5 144 [2][4]
$4034,3*0
$4034,2*402,0
5 145 10
5 146 24
5 147 14
5 148 25
5 149 0
5 150 0
4 139 ->
5 140 14
5 141 7
5 142 0
5 143 [2]
$1,-1
5 144 [2][4]
$4034,402,2*0
$0,402,4034,0
5 145 10
5 146 26
5 147 11
5 148 27
5 149 0
5 150 0
4 139 ->
5 140 16
5 141 7
5 142 0
5 143 [2]
$-1,1
5 144 [2][4]
$0,402,0,402
$2*0,2*402
5 145 15
5 146 20
5 147 19
5 148 205
5 149 0
5 150 0
4 139 ->
5 140 17
5 141 7
5 142 0
5 143 [2]
$-1,1
5 144 [2][4]
$3*0,402
$4034,0,4034,402
5 145 15
5 146 22
5 147 16
5 148 206
5 149 0
5 150 0
4 139 ->
5 140 18
5 141 7
5 142 0
5 143 [2]
$-1,1
5 144 [2][4]
$4034,2*0,402
$4034,3*402
5 145 15
5 146 24
5 147 17
5 148 207
5 149 0
5 150 0
4 139 ->
5 140 19
5 141 7
5 142 0
5 143 [2]
$-1,1
5 144 [2][4]
$4034,402,0,402
$0,402,4034,402
5 145 15
5 146 26
5 147 18
5 148 204
5 149 0
5 150 0
4 139 ->
5 140 21
5 141 7
5 142 0
5 143 [2]
$1,-1
5 144 [2][4]
$2*0,4034,0
$0,402,4034,402
5 145 20
5 146 26
5 147 0
5 148 0
5 149 0
5 150 0
4 139 ->
5 140 23
5 141 7
5 142 0
5 143 [2]
$1,-1
5 144 [2][4]
$2*0,402,0
$0,3*402
5 145 22
5 146 20
5 147 0
5 148 0
5 149 0
5 150 0
4 139 ->
5 140 25
5 141 7
5 142 0
5 143 [2]
$1,-1
5 144 [2][4]
$2*0,4034,0
$0,402,4034,402
5 145 24
5 146 22
5 147 0
5 148 0
5 149 0
5 150 0
4 139 ->
5 140 27
5 141 7
5 142 0
5 143 [2]
$1,-1
5 144 [2][4]
$2*0,402,0
$0,3*402
5 145 26
5 146 24
5 147 0
5 148 0
5 149 0
5 150 0
2 83 NULL
2 84 ->
2 85 ->
3 86 [4][3]
$3FF,2*0
$2*0,3FF
$0,BFF,0
$3*0
3 87 [1]
4 87 ->
5 88 1853
5 89 0
5 90 4
5 91 -1
5 92 -1
5 93 -1
5 94 0
5 95 0
5 96 0
5 97 [1]
6 97 ->
7 98 6
7 103 ->
8 104 [1]
9 104 -100
3 105 -1
3 106 0
3 107 [2]
4 107 
5 108 1
5 109 0
5 110 [4][3]
$0,BFF,0
$3FF,2*0
$2*0,3FF
$3*0
4 107 
5 108 12
5 109 0
5 110 [4][3]
$3FF,2*0
$2*0,3FF
$0,BFF,0
$3*0
2 111 NULL
2 112 10
@gsec_ptr 151 0
2 151 [1]
3 151 
@type 152 1
4 152 2
@name 153 10
4 153 S2D0006
@gsec2d_ptr 154 0
4 154 ->
@name 155 10
5 155 S2D0006
@segtab_ptr 156 0
5 156 [6]
6 156 
@type 157 1
7 157 2
@dir 158 1
7 158 [3]
$1,2*0
@pointid 159 1
7 159 [2]
$0,1
@cntrid 160 1
7 160 1
@arcorient 161 1
7 161 0
@verhor 162 1
7 162 1
@radius 163 1
7 163 0
@ext_id 164 1
7 164 0
@gen_info 165 0
7 165 
@known_ent_info 166 0
7 166 
@attr 167 1
8 167 0
@known_ent_id 168 1
8 168 -1
6 156 
7 157 2
7 158 [3]
$0,-1,0
7 159 [2]
$1,2
7 160 2
7 161 0
7 162 0
7 163 0
7 164 1
7 165 
7 166 
8 167 0
8 168 -1
6 156 
7 157 2
7 158 [3]
$-1,2*0
7 159 [2]
$2,3
7 160 3
7 161 0
7 162 1
7 163 0
7 164 2
7 165 
7 166 
8 167 0
8 168 -1
6 156 
7 157 2
7 158 [3]
$0,1,0
7 159 [2]
$3,0
7 160 0
7 161 0
7 162 0
7 163 0
7 164 3
7 165 
7 166 
8 167 0
8 168 -1
6 156 
7 157 32770
7 158 [3]
$-1,2*0
7 159 [2]
$4,5
7 160 5
7 161 0
7 162 1
7 163 0
7 164 4
7 165 
@attributes 169 1
8 169 8
7 166 
8 167 0
8 168 -1
6 156 
7 157 32770
7 158 [3]
$0,-1,0
7 159 [2]
$6,7
7 160 7
7 161 0
7 162 0
7 163 0
7 164 5
7 165 
8 169 8
7 166 
8 167 0
8 168 -1
@dimtab_ptr 170 0
5 170 [4]
6 170 
@type 171 1
7 171 42
@value 172 2
7 172 0
@direct 173 1
7 173 0
@property 174 1
7 174 0
@leftpt 175 1
7 175 [2]
@rightpt 176 1
7 176 [2]
@offset 177 2
7 177 0
@ext_id 178 1
7 178 0
@dispdimattr 179 0
7 179 
@dimattr 180 1
8 180 [2]
$2*0
@dim_ref 181 0
7 181 [2]
8 181 
@item_id 182 1
9 182 4
@sense 183 1
9 183 4
@point 184 1
9 184 [2]
$2*-1
8 181 
9 182 2
9 183 4
9 184 [2]
$2*-1
6 170 
7 171 42
7 172 0
7 173 0
7 174 0
7 175 [2]
7 176 [2]
7 177 0
7 178 1
7 179 
8 180 [2]
$2*0
7 181 [2]
8 181 
9 182 5
9 183 4
9 184 [2]
$2*-1
8 181 
9 182 3
9 183 4
9 184 [2]
$2*-1
6 170 
7 171 1
7 172 402
7 173 0
7 174 0
7 175 [2]
7 176 [2]
7 177 0
7 178 2
7 179 
8 180 [2]
$34,0
7 181 [2]
8 181 
9 182 3
9 183 -1
9 184 [2]
$2*3
8 181 
9 182 -1
9 183 -1
9 184 [2]
$2*0
6 170 
7 171 1
7 172 4034
7 173 0
7 174 0
7 175 [2]
7 176 [2]
7 177 0
7 178 3
7 179 
8 180 [2]
$34,0
7 181 [2]
8 181 
9 182 0
9 183 -1
9 184 [2]
$2*0
8 181 
9 182 -1
9 183 -1
9 184 [2]
$2*1
@relat_ptr 185 0
5 185 [8]
6 185 
@id 186 1
7 186 -1
@used 187 1
7 187 0
@a 188 1
7 188 [4]
$2,4,2*-1
@b 189 1
7 189 [4]
$2*1,2*0
@c 190 2
7 190 [4]
$3FF,BFF,3FF,0
@sign 191 1
7 191 0
@idim 192 1
7 192 -1
@type 193 1
7 193 0
6 185 
7 186 -1
7 187 0
7 188 [4]
$3,4,2*-1
7 189 [4]
$2*1,2*0
7 190 [4]
$3FF,BFF,3FF,0
7 191 0
7 192 -1
7 193 0
6 185 
7 186 -1
7 187 0
7 188 [4]
$3,6,2*-1
7 189 [4]
$4*0
7 190 [4]
$3FF,BFF,3FF,0
7 191 0
7 192 -1
7 193 0
6 185 
7 186 -1
7 187 0
7 188 [4]
$0,6,2*-1
7 189 [4]
$4*0
7 190 [4]
$3FF,BFF,3FF,0
7 191 0
7 192 -1
7 193 0
6 185 
7 186 -1
7 187 1
7 188 [4]
$3,0,2*-1
7 189 [4]
$2*1,2*0
7 190 [4]
$3FF,BFF,2*3FF
7 191 1
7 192 2
7 193 0
6 185 
7 186 -1
7 187 1
7 188 [4]
$0,1,2*-1
7 189 [4]
$2*1,2*0
7 190 [4]
$3FF,BFF,2*3FF
7 191 0
7 192 0
7 193 0
6 185 
7 186 -1
7 187 1
7 188 [4]
$0,1,2*-1
7 189 [4]
$4*0
7 190 [4]
$3FF,BFF,2*3FF
7 191 1
7 192 3
7 193 0
6 185 
7 186 -1
7 187 1
7 188 [4]
$1,2,2*-1
7 189 [4]
$4*0
7 190 [4]
$3FF,BFF,2*3FF
7 191 0
7 192 0
7 193 0
@formula_ptr 194 1
5 194 [8]
$0,1,2,3,4,5,6,7
@qind 195 1
5 195 -1
@totalpointid 196 1
5 196 8
@checkarcs_flag 197 1
5 197 1
@location 198 0
5 198 ->
@id 199 1
6 199 0
@param 200 2
6 200 0
@type 201 1
6 201 0
@nsket_info 202 0
5 202 ->
@scale 203 2
6 203 0
@m 204 1
6 204 0
@last_was_permanent 205 1
6 205 0
@unsolved_ptr 206 0
5 206 ->
@iges_file 207 10
6 207 NULL
@solve_version 208 1
5 208 1
@segdscr_tab 209 0
5 209 [6]
6 209 
@ent_mode 210 1
7 210 0
6 209 
7 210 0
6 209 
7 210 0
6 209 
7 210 0
6 209 
7 210 0
6 209 
7 210 0
@gsec3d_ptr 211 0
4 211 ->
@type 212 1
5 212 7
@name 213 10
5 213 S2D0006
@flip 214 1
5 214 1
@own_ref_id 215 1
5 215 -1
@first_chain_ptr 216 0
5 216 NULL
@quilt_id 217 1
5 217 -1
@plane_id 218 1
5 218 9
@plane_flip 219 1
5 219 -1
@ref_planes 220 0
5 220 [2]
6 220 
@plane_id 221 1
7 221 6
@ref_type 222 1
7 222 5
@ext_ref_id 223 1
7 223 -1
@seg_id 224 1
7 224 4
@flip_flag 225 1
7 225 0
@save_entity_ptr(line) 226 0
7 226 ->
@type 227 1
8 227 32770
@id 228 1
8 228 0
@gen_info 229 0
8 229 
9 169 8
@end1 230 2
8 230 [3]
$3*0
@end2 231 2
8 231 [3]
$C059,2*0
@back_entity_ptr(line) 232 0
7 232 ->
8 227 32770
8 228 0
8 229 
9 169 8
8 230 [3]
$3*0
8 231 [3]
$C059,2*0
6 220 
7 221 2
7 222 5
7 223 -1
7 224 5
7 225 0
7 226 ->
8 227 32770
8 228 0
8 229 
9 169 8
8 230 [3]
$3*0
8 231 [3]
$0,C059,0
7 232 ->
8 227 32770
8 228 0
8 229 
9 169 8
8 230 [3]
$3*0
8 231 [3]
$0,C059,0
@order_ptr 233 0
4 233 [4]
5 233 
@id 234 1
6 234 0
@flip 235 1
6 235 34
5 233 
6 234 1
6 235 0
5 233 
6 234 2
6 235 0
5 233 
6 234 3
6 235 4
@dim_id_tab 236 1
4 236 [4]
$0,1,2,3
@attributes 237 1
4 237 0
@xsec_id 238 1
4 238 -1
@gsec_info_arr 239 0
4 239 [1]
5 239 
@application_type 240 1
6 240 2
@application_id 241 1
6 241 -100
@secsolve_revnum 242 1
4 242 0
@rel_accuracy 243 2
4 243 BFF
@p_saved_result 244 0
4 244 ->
@entity(line) 245 0
5 245 ->
6 228 0
6 229 
6 230 [3]
$0,402,0
6 231 [3]
$4034,402,0
5 245 ->
6 228 1
6 229 
6 230 [3]
$4034,402,0
6 231 [3]
$4034,2*0
5 245 ->
6 228 2
6 229 
6 230 [3]
$4034,2*0
6 231 [3]
$3*0
5 245 ->
6 228 3
6 229 
6 230 [3]
$3*0
6 231 [3]
$0,402,0
5 245 ->
6 227 32770
6 228 4
6 229 
7 169 8
6 230 [3]
$3*0
6 231 [3]
$C059,2*0
5 245 ->
6 227 32770
6 228 5
6 229 
7 169 8
6 230 [3]
$3*0
6 231 [3]
$0,C059,0
@local_sys 246 2
5 246 [4][3]
$3FF,2*0
$2*0,3FF
$0,BFF,0
$3*0
2 113 -1
2 114 NULL
2 115 NULL
2 129 [3]
$1,5,8
2 116 ->
@crv_type 247 0
3 247 [12]
4 247 
@p_crv 248 1
5 248 11
@crv_type 249 1
5 249 7
4 247 
5 248 12
5 249 7
4 247 
5 248 13
5 249 7
4 247 
5 248 14
5 249 7
4 247 
5 248 16
5 249 7
4 247 
5 248 17
5 249 7
4 247 
5 248 18
5 249 7
4 247 
5 248 19
5 249 7
4 247 
5 248 21
5 249 7
4 247 
5 248 23
5 249 7
4 247 
5 248 25
5 249 7
4 247 
5 248 27
5 249 7
3 117 0
3 118 0
3 119 [2][3]
$3*0
$3*0
3 120 0
3 121 NULL
3 122 -1
2 123 -1
2 124 NULL
2 125 5
2 126 ->
@revnums 250 0
3 250 [2]
4 250 ->
@owner_type 251 1
5 251 4
@owner_ind 252 1
5 252 0
@ref_id 253 1
5 253 0
@ref_revnum 254 1
5 254 1
4 250 ->
5 251 4
5 252 0
5 253 1
5 254 1
3 127 1
1 128 ->
2 36 29
2 37 1
2 38 ->
3 39 13
3 40 923
3 41 NULL
3 42 0
3 43 [3]
$3,2*0
3 44 0
3 45 -1
3 46 -1
3 47 ->
4 48 0
4 49 0
4 50 -1
4 51 970
4 52 -1
4 53 -1
4 54 0
4 55 0
4 56 0
4 57 0
3 58 0
2 59 -1
2 60 no_name
2 61 2
2 62 ->
3 63 [1][4]
$30,3*0
3 64 NULL
3 65 [18]
$3*-1,-2049,2*-1,-16777217,3*-1,-536870913,-1,-1126176897,-2,-2097185,
$-203555329,495,0
3 66 NULL
3 67 ->
4 68 150023
4 69 150023
2 70 
3 71 [1]
4 71 ->
5 72 34
5 73 30
5 74 29
5 75 -1
5 76 [2][2]
$2*0
$2*0
5 77 ->
6 78 [4][3]
$0,BFF,0
$3FF,2*0
$2*0,3FF
$402E7EF9DB22D0E4,402,C02
5 79 NULL
5 80 0
5 81 1
5 82 [2][3]
$3*0
$3*0
2 83 NULL
2 84 ->
2 85 ->
3 86 [4][3]
$0,BFF,0
$3FF,2*0
$2*0,3FF
$402E7EF9DB22D0E4,402,C02
3 87 [2]
4 87 ->
5 88 504
5 89 3FF
5 90 -1
5 91 -1
5 92 15
5 93 30
5 94 0
5 95 0
5 96 32768
5 97 [2]
6 97 ->
7 98 1
7 99 ->
8 100 -4
8 101 5
8 102 0
6 97 ->
7 98 6
7 103 ->
8 104 [1]
9 104 -100
4 87 ->
5 88 502
5 89 3FF
5 90 -1
5 91 -1
5 92 19
5 93 30
5 94 0
5 95 0
5 96 32768
5 97 [2]
6 97 ->
7 98 1
7 99 ->
8 100 -4
8 101 5
8 102 0
6 97 ->
7 98 6
7 103 ->
8 104 [1]
9 104 -100
3 105 -1
3 106 1
3 107 [1]
4 107 
5 108 11
5 109 0
5 110 [4][3]
$0,BFF,0
$3FF,2*0
$2*0,3FF
$402E7EF9DB22D0E4,402,C02
2 111 NULL
2 112 30
2 113 -1
2 114 NULL
2 115 NULL
2 129 [1]
3 129 7
2 116 ->
3 117 10
3 118 0
3 119 [2][3]
$2*0,C02
$4034,402,0
3 120 4036FA6EA162D0F
3 121 NULL
3 122 -1
2 123 -1
2 124 NULL
2 125 4
2 126 ->
3 127 2
1 128 ->
2 36 31
2 37 1
2 38 ->
3 39 13
3 40 923
3 41 NULL
3 42 0
3 43 [3]
$3,2*0
3 44 0
3 45 -1
3 46 -1
3 47 ->
4 48 0
4 49 0
4 50 -1
4 51 970
4 52 -1
4 53 -1
4 54 0
4 55 0
4 56 0
4 57 0
3 58 0
2 59 -1
2 60 no_name
2 61 2
2 62 ->
3 63 [1][4]
$32,3*0
3 64 NULL
3 65 [18]
$3*-1,-2049,2*-1,-16777217,3*-1,-536870913,-1,-1126176897,-2,-2097185,
$-203555329,495,0
3 66 NULL
3 67 ->
4 68 150023
4 69 150023
2 70 
3 71 [1]
4 71 ->
5 72 34
5 73 32
5 74 31
5 75 -1
5 76 [2][2]
$2*0
$2*0
5 77 ->
6 78 [4][3]
$2*0,BFF
$3FF,2*0
$0,BFF,0
$4034,402,BFFE69AD42C3C9F1
5 79 NULL
5 80 0
5 81 1
5 82 [2][3]
$3*0
$3*0
2 83 NULL
2 84 ->
2 85 ->
3 86 [4][3]
$2*0,BFF
$3FF,2*0
$0,BFF,0
$4034,402,BFFE69AD42C3C9F1
3 87 [2]
4 87 ->
5 88 504
5 89 3FF
5 90 -1
5 91 -1
5 92 15
5 93 32
5 94 0
5 95 0
5 96 32768
5 97 [2]
6 97 ->
7 98 1
7 99 ->
8 100 -4
8 101 5
8 102 0
6 97 ->
7 98 6
7 103 ->
8 104 [1]
9 104 -100
4 87 ->
5 88 502
5 89 3FF
5 90 -1
5 91 -1
5 92 18
5 93 32
5 94 0
5 95 0
5 96 32768
5 97 [2]
6 97 ->
7 98 1
7 99 ->
8 100 -4
8 101 5
8 102 0
6 97 ->
7 98 6
7 103 ->
8 104 [1]
9 104 -100
3 105 -1
3 106 1
3 107 [1]
4 107 
5 108 11
5 109 0
5 110 [4][3]
$2*0,BFF
$3FF,2*0
$0,BFF,0
$4034,402,BFFE69AD42C3C9F1
2 111 NULL
2 112 32
2 113 -1
2 114 NULL
2 115 NULL
2 129 [1]
3 129 7
2 116 ->
3 117 10
3 118 0
3 119 [2][3]
$2*0,C02
$4034,402,0
3 120 4036FA6EA162D0F
3 121 NULL
3 122 -1
2 123 -1
2 124 NULL
2 125 4
2 126 ->
3 127 2
1 128 ->
2 36 28
2 37 1
2 38 ->
3 39 1
3 40 911
3 41 NULL
3 42 1
3 43 [3]
$0,65536,0
3 44 1
3 45 991
3 46 -1
3 47 ->
4 48 0
4 49 266240
4 50 -1
4 51 971
4 52 -1
4 53 -1
4 54 0
4 55 0
4 56 0
4 57 0
3 58 0
2 59 -1
2 60 no_name
2 61 2
@entity(line3d) 255 0
2 255 ->
@type 256 1
3 256 11
@id 257 1
3 257 44
@gen_info 258 0
3 258 
@geom_id 259 1
3 259 40
@end1 260 2
3 260 [3]
$403,402,C01
@end2 261 2
3 261 [3]
$402F,402,C01
2 255 ->
3 256 13
3 257 45
3 258 
@color 262 1
4 262 1
3 259 40
3 260 [3]
$403,402,C01
3 261 [3]
$403,4,C01
@entity(text) 263 0
2 263 ->
@text_type 264 1
3 264 19
@text_value 265 10
3 265 A_1
@txt_attrib 266 1
3 266 1
@coord 267 2
3 267 [3]
$40836AC586287AC,407FA67EE9CAFEE3,4064DE9A1D18F889
@owner_id 268 1
3 268 -1
@part_id 269 1
3 269 0
@height 270 2
3 270 BFF
@width_factor 271 2
3 271 BFF
@format_info 272 0
3 272 
@thickness 273 2
3 273 BFF
2 62 ->
3 63 [4][4]
$34,204,2*0
$37,203,2*0
$40,200,2*0
$42,200,-1,0
3 130 [19][6]
$35,221,3*0,40
$36,221,-1,2*0,42
$38,222,3*0,37
$39,222,-1,2*0,37
$41,303,2*0,-1,42
$43,303,-1,2*0,40
$46,226,15,40,0,40
$47,226,15,42,0,42
$48,224,41,2*0,42
$49,224,43,2*0,40
$50,223,24,37,0,37
$51,223,24,40,0,24
$52,223,24,42,0,40
$53,224,18,2*0,24
$54,224,18,1,0,24
$55,224,38,2*0,37
$56,224,39,2*0,37
$57,231,46,47,0,40
$58,231,56,55,0,40
@misc_id_tab 274 0
3 274 [2]
4 274 
@misc_hist 275 1
5 275 [5]
$44,530,40,-1,500
4 274 
5 275 [5]
$45,531,40,-1,500
@par_id_tab 276 1
3 276 [1]
4 276 6
3 131 [2]
4 131 
5 132 30
5 133 -1
4 131 
5 132 32
5 133 -1
3 64 ->
@new_edges 277 1
4 277 [4]
$46,47,48,49
4 134 34
3 65 [18]
$3*-1,-2049,2*-1,-16777217,3*-1,-536870913,-1,-1126176897,-2,-2097185,
$-203555329,495,0
3 66 NULL
3 67 ->
4 68 150023
4 69 160010
2 70 
3 71 [4]
4 71 ->
5 72 34
5 73 34
5 74 28
5 75 -1
5 76 [2][2]
$BFE,BFE00BAEC6D6F354
$3FE,3FE00BAEC6D6F354
5 77 ->
6 78 [4][3]
$3FF,2*0
$2*0,BFF
$0,3FF,0
$403,402,C01
5 79 ->
6 135 35
6 136 1
6 137 [2][2]
$BFE,BFE00BAEC6D6F354
$3FE,3FE00BAEC6D6F354
5 138 NULL
5 80 0
5 81 1
5 82 [2][3]
$402F,402,C0120175D8DADE6A
$40308,402,C00BFD144E4A432B
4 71 ->
5 72 34
5 73 37
5 74 28
5 75 0
5 76 [2][2]
$BFE,BFE00BAEC6D6F354
$3FE,3FE00BAEC6D6F354
5 77 ->
6 78 [4][3]
$3FF,2*0
$2*0,BFF
$0,3FF,0
$403,4,C01
5 79 ->
6 135 38
6 136 1
6 137 [2][2]
$BFE,BFE00BAEC6D6F354
$3FE,3FE00BAEC6D6F354
5 138 NULL
5 80 40
5 81 -1
5 82 [2][3]
$402F,4,C0120175D8DADE6A
$40308,4,C00BFD144E4A432B
4 71 ->
5 72 36
5 73 40
5 74 28
5 75 0
5 76 [2][2]
$2*0
$400921FB54442D18,4018
@srf_prim_ptr(cylinder) 278 0
5 278 ->
@local_sys 279 2
6 279 [4][3]
$3FF,2*0
$2*0,BFF
$0,3FF,0
$403,402,C01
@radius 280 2
6 280 3FE
5 79 ->
6 135 46
6 136 1
6 137 [2][2]
$2*0
$400921FB54442D18,4018
5 138 NULL
5 80 42
5 81 -1
5 82 [2][3]
$402F,4,C01
$40308,402,C00C
4 71 ->
5 72 36
5 73 42
5 74 28
5 75 0
5 76 [2][2]
$400921FB54442D18,0
$401921FB54442D18,4018
5 278 ->
6 279 [4][3]
$3FF,2*0
$2*0,BFF
$0,3FF,0
$403,402,C01
6 280 3FE
5 79 ->
6 135 47
6 136 1
6 137 [2][2]
$400921FB54442D18,0
$401921FB54442D18,4018
5 138 NULL
5 80 147
5 81 -1
5 82 [2][3]
$402F,4,C012
$40308,402,C01
3 139 [10]
4 139 ->
5 140 35
5 141 28
5 142 0
5 143 [2]
$-1,1
5 144 [12][4]
$3FE,3*0
$3FDEB42A9BCD5057,3FC207E7FD768DC,3FD247426BD47DE3,0
$3FDAEB8C8764F0BA,3FD14CEDF8BB580B,3FE247426BD47DE2,0
$3FD4F49E7F775887,3FD82F19BB3A28A1,3FEB6AE3A1BEBCD4,0
$3FCA9628D9C712B6,3FDD1BB48EEE2C14,3FF247426BD47DE3,0
$3FB2375F640F44E,3FDFAC9E043842EF,3FF6D91306C99D5B,0
$BFB2375F640F44D8,3FDFAC9E043842F,3FFB6AE3A1BEBCD4,0
$BFCA9628D9C712B6,3FDD1BB48EEE2C14,3FFFFCB43CB3DC4D,0
$BFD4F49E7F775887,3FD82F19BB3A28A1,400247426BD47DE3,0
$BFDAEB8C8764F0BR,3FD14CEDF8BB5809,4004902AB94F0DA,0
$BFDEB42A9BCD5056,3FC207E7FD768DC4,4006D91306C99D5B,0
$BFE,0,400921FB54442D18,0
5 145 34
5 146 40
5 147 36
5 148 43
5 149 0
5 150 0
4 139 ->
5 140 36
5 141 28
5 142 0
5 143 [2]
$-1,1
5 144 [12][4]
$BFE,0,400921FB54442D18,0
$BFDEB42A9BCD5058,BFC207E7FD768DBD,400B6AE3A1BEBCD4,0
$BFDAEB8C8764F0B9,BFD14CEDF8BB580C,400DB3CBEF394C91,0
$BFD4F49E7F775887,BFD82F19BB3A28A1,400FFCB43CB3DC4D,0
$BFCA9628D9C712B2,BFDD1BB48EEE2C14,401122CE45173605,0
$BFB2375F640F44D8,BFDFAC9E043842F,401247426BD47DE3,0
$3FB2375F640F44D8,BFDFAC9E043842F,40136BB69291C5C1,0
$3FCA9628D9C712B2,BFDD1BB48EEE2C14,4014902AB94F0D9F,0
$3FD4F49E7F77588A,BFD82F19BB3A289E,4015B49EE00C557E,0
$3FDAEB8C8764F0BR,BFD14CEDF8BB5809,4016D91306C99D5C,0
$3FDEB42A9BCD5058,BFC207E7FD768DBD,4017FD872D86E53A,0
$3FE,0,401921FB54442D18,0
5 145 34
5 146 42
5 147 35
5 148 41
5 149 0
5 150 0
4 139 ->
5 140 38
5 141 28
5 142 0
5 143 [2]
$1,-1
5 144 [12][4]
$3FE,2*0,4018
$3FDEB42A9BCD5057,3FC207E7FD768DC,3FD247426BD47DE3,4018
$3FDAEB8C8764F0BA,3FD14CEDF8BB580B,3FE247426BD47DE2,4018
$3FD4F49E7F775887,3FD82F19BB3A28A1,3FEB6AE3A1BEBCD4,4018
$3FCA9628D9C712B6,3FDD1BB48EEE2C14,3FF247426BD47DE3,4018
$3FB2375F640F44E,3FDFAC9E043842EF,3FF6D91306C99D5B,4018
$BFB2375F640F44D8,3FDFAC9E043842F,3FFB6AE3A1BEBCD4,4018
$BFCA9628D9C712B6,3FDD1BB48EEE2C14,3FFFFCB43CB3DC4D,4018
$BFD4F49E7F775887,3FD82F19BB3A28A1,400247426BD47DE3,4018
$BFDAEB8C8764F0BR,3FD14CEDF8BB5809,4004902AB94F0DA,4018
$BFDEB42A9BCD5056,3FC207E7FD768DC4,4006D91306C99D5B,4018
$BFE,0,400921FB54442D18,4018
5 145 37
5 146 40
5 147 39
5 148 48
5 149 0
5 150 0
4 139 ->
5 140 39
5 141 28
5 142 0
5 143 [2]
$1,-1
5 144 [12][4]
$BFE,0,400921FB54442D18,4018
$BFDEB42A9BCD5058,BFC207E7FD768DBD,400B6AE3A1BEBCD4,4018
$BFDAEB8C8764F0B9,BFD14CEDF8BB580C,400DB3CBEF394C91,4018
$BFD4F49E7F775887,BFD82F19BB3A28A1,400FFCB43CB3DC4D,4018
$BFCA9628D9C712B2,BFDD1BB48EEE2C14,401122CE45173605,4018
$BFB2375F640F44D8,BFDFAC9E043842F,401247426BD47DE3,4018
$3FB2375F640F44D8,BFDFAC9E043842F,40136BB69291C5C1,4018
$3FCA9628D9C712B2,BFDD1BB48EEE2C14,4014902AB94F0D9F,4018
$3FD4F49E7F77588A,BFD82F19BB3A289E,4015B49EE00C557E,4018
$3FDAEB8C8764F0BR,BFD14CEDF8BB5809,4016D91306C99D5C,4018
$3FDEB42A9BCD5058,BFC207E7FD768DBD,4017FD872D86E53A,4018
$3FE,0,401921FB54442D18,4018
5 145 37
5 146 42
5 147 38
5 148 49
5 149 0
5 150 0
4 139 ->
5 140 41
5 141 28
5 142 1
5 143 [2]
$-1,1
5 144 [2][4]
$2*0,401921FB54442D18,0
$0,4018,401921FB54442D18,4018
5 145 40
5 146 42
5 147 0
5 148 0
5 149 0
5 150 0
4 139 ->
5 140 43
5 141 28
5 142 1
5 143 [2]
$-1,1
5 144 [2][4]
$400921FB54442D18,0,400921FB54442D18,0
$400921FB54442D18,4018,400921FB54442D18,4018
5 145 42
5 146 40
5 147 0
5 148 0
5 149 0
5 150 0
4 139 ->
5 140 46
5 141 28
5 142 0
5 143 [2]
$-1,1
5 144 [13][4]
$40308,401,2*0
$40307BA3751D22FC,400EF6F823E6CF97,3FD0C152382D7368,0
$40306ED9EBA1613R,400E,3FE0C152382D7369,0
$40305A827999FCEF,400D2BEC33301886,3FE921FB54442D1D,0
$40304,400C8930A2F4F66B,3FF0C152382D7364,0
$40302120FB83260D,400C22E45716E81D,3FF4F1A6C638D043,0
$403,400C,3FF921FB54442D17,0
$402FBDBE08F9B3E6,400C22E45716E81D,3FFD524FE24F89E9,0
$402F8,400C8930A2F4F66A,4000C152382D7363,0
$402F4AFB0CCC062R,400D2BEC33301886,4002D97C7F3321D1,0
$402F224C28BD3D9B,400E,4004F1A6C638D03E,0
$402F08B915C5BA07,400EF6F823E6CF97,400709D10D3E7EAB,0
$402F,401,400921FB54442D18,0
5 145 15
5 146 40
5 147 47
5 148 49
5 149 0
5 150 0
4 139 ->
5 140 47
5 141 28
5 142 0
5 143 [2]
$-1,1
5 144 [13][4]
$402F,401,400921FB54442D18,0
$402F08B915C5BA07,40108483EE0C9835,400B3A259B49DB85,0
$402F224C28BD3D9B,4011,400D524FE24F89F2,0
$402F4AFB0CCC062R,40116A09E667F3BD,400F6A7A2955385E,0
$402F8,4011BB67AE8584CB,4010C152382D7365,0
$402FBDBE08F9B3E6,4011EE8DD4748BF1,4011CD675BB04A9B,0
$403,4012,4012D97C7F3321D1,0
$40302120FB83260D,4011EE8DD4748BF2,4013E591A2B5F907,0
$40304,4011BB67AE8584CA,4014F1A6C638D04,0
$40305A827999FCEF,40116A09E667F3BD,4015FDBBE9BBA775,0
$40306ED9EBA1613R,4011,401709D10D3E7EAB,0
$40307BA3751D22FC,40108483EE0C9834,401815E630C155E2,0
$40308,401,401921FB54442D18,0
5 145 15
5 146 42
5 147 46
5 148 48
5 149 0
5 150 0
4 139 ->
5 140 48
5 141 28
5 142 1
5 143 [2]
$-1,1
5 144 [2][4]
$2*0,401921FB54442D18,0
$0,4018,401921FB54442D18,4018
5 145 40
5 146 42
5 147 46
5 148 39
5 149 0
5 150 0
4 139 ->
5 140 49
5 141 28
5 142 1
5 143 [2]
$-1,1
5 144 [2][4]
$400921FB54442D18,0,400921FB54442D18,0
$400921FB54442D18,4018,400921FB54442D18,4018
5 145 42
5 146 40
5 147 47
5 148 38
5 149 0
5 150 0
2 83 NULL
2 84 ->
2 85 ->
3 86 [4][3]
$3FF,2*0
$2*0,BFF
$0,3FF,0
$403,402,C01
3 87 [4]
4 87 ->
5 88 5
5 89 0
5 90 -1
5 91 -1
5 92 15
5 93 34
5 94 0
5 95 0
5 96 0
5 97 [2]
6 97 ->
7 98 1
7 99 ->
8 100 -4
8 101 5
8 102 0
6 97 ->
7 98 6
7 103 ->
8 104 [1]
9 104 -100
4 87 ->
5 88 6
5 89 401
5 90 7
5 91 -1
5 92 30
5 93 34
5 94 0
5 95 0
5 96 0
5 97 [2]
6 97 ->
7 98 1
7 99 ->
8 100 -4
8 101 5
8 102 0
6 97 ->
7 98 6
7 103 ->
8 104 [1]
9 104 -100
4 87 ->
5 88 6
5 89 401
5 90 8
5 91 -1
5 92 32
5 93 34
5 94 0
5 95 0
5 96 0
5 97 [2]
6 97 ->
7 98 1
7 99 ->
8 100 -4
8 101 5
8 102 0
6 97 ->
7 98 6
7 103 ->
8 104 [1]
9 104 -100
4 87 ->
5 88 1853
5 89 0
5 90 5
5 91 -1
5 92 -1
5 93 -1
5 94 0
5 95 0
5 96 0
5 97 [1]
6 97 ->
7 98 6
7 103 ->
8 104 [1]
9 104 -100
3 105 -1
3 106 0
3 107 [1]
4 107 
5 108 12
5 109 0
5 110 [4][3]
$3FF,2*0
$2*0,BFF
$0,3FF,0
$403,402,C01
@pat_rec_ptr(struct) 281 0
2 281 ->
@type 282 1
3 282 13
@pat_type 283 1
3 283 33
@lead_feat_id 284 1
3 284 28
@dir_array 285 0
3 285 [4]
4 285 
@num_inst 286 1
5 286 3
@ipar_id 287 1
5 287 0
@pat_dims_array 288 0
5 288 [1]
6 288 
@pat_dim_type 289 1
7 289 145
@orig_dimid 290 1
7 290 8
@local_dimid 291 1
7 291 1
@incr_dimid 292 1
7 292 9
@feat_id 293 1
7 293 28
@relations_data 294 0
7 294 NULL
@patt_tbls_info 295 0
5 295 NULL
4 285 
5 286 1
5 287 -1
5 295 NULL
4 285 
5 286 1
5 287 -1
5 295 NULL
4 285 
5 286 1
5 287 -1
5 295 NULL
@model_name 296 0
3 296 
@object_type 297 1
4 297 -1
@name 298 10
4 298 
@simpl_rep 299 0
4 299 NULL
@pat_feat_id 300 1
3 300 0
@model_dep_id 301 1
3 301 -1
2 111 NULL
2 112 34
2 113 -1
2 114 NULL
2 115 NULL
2 129 [3]
$7,29,31
2 116 ->
@next_srf 302 0
3 302 [2]
4 302 
@p_srf 303 1
5 303 26
@next_geom_ptr 304 1
5 304 0
4 302 
5 303 34
5 304 37
@bnd_type 305 0
3 305 [7]
4 305 
@p_srf 306 1
5 306 20
@boundary_type 307 1
5 307 1
4 305 
5 306 22
5 307 1
4 305 
5 306 24
5 307 1
4 305 
5 306 26
5 307 1
4 305 
5 306 34
5 307 0
4 305 
5 306 40
5 307 1
4 305 
5 306 42
5 307 1
@contours 308 0
3 308 [3]
4 308 
@p_srf 309 1
5 309 15
@start_crv_arr 310 11
5 310 [1]
6 310 16
4 308 
5 309 40
5 310 [1]
6 310 35
4 308 
5 309 42
5 310 [1]
6 310 36
@next_crv 311 0
3 311 [4]
4 311 
@p_crv 312 1
5 312 38
@next_crv 313 11
5 313 [2]
$39,41
4 311 
5 312 39
5 313 [2]
$38,43
4 311 
5 312 41
5 313 [2]
$35,39
4 311 
5 312 43
5 313 [2]
$36,38
3 117 10
3 118 0
3 119 [2][3]
$2*0,C02
$4034,402,0
3 120 4036FA6EA162D0F
3 121 NULL
3 122 -1
2 123 -1
2 124 NULL
2 125 21
2 126 ->
3 127 4
1 128 ->
2 36 145
2 37 1
2 38 ->
3 39 1
3 40 911
3 41 NULL
3 42 1
3 43 [3]
$0,65536,0
3 44 1
3 45 991
3 46 -1
3 47 ->
4 48 0
4 49 266240
4 50 -1
4 51 971
4 52 -1
4 53 -1
4 54 0
4 55 0
4 56 0
4 57 0
3 58 0
2 59 -1
2 60 no_name
2 61 2
2 255 ->
3 256 11
3 257 160
3 258 
3 259 148
3 260 [3]
$4024,402,C01
3 261 [3]
$4023,402,C01
2 255 ->
3 256 13
3 257 161
3 258 
4 262 1
3 259 148
3 260 [3]
$4024,402,C01
3 261 [3]
$4024,4,C01
2 263 ->
3 264 19
3 265 A_7
3 266 1
3 267 [3]
$407D70B20993FFB6,407FA67EE9CAFEE3,4059DA30D96D84DC
3 268 -1
3 269 0
3 270 BFF
3 271 BFF
3 272 
3 273 BFF
2 62 ->
3 63 [4][4]
$146,204,2*0
$147,203,2*0
$148,200,2*0
$149,200,-1,0
3 130 [10][6]
$150,221,3*0,-1
$151,221,-1,2*0,-1
$152,222,3*0,-1
$153,222,-1,2*0,-1
$154,303,2*0,2*-1
$155,303,-1,2*0,-1
$156,286,46,2*0,-1
$157,286,47,2*0,-1
$158,286,48,2*0,-1
$159,286,49,2*0,-1
3 274 [2]
4 274 
5 275 [5]
$160,530,148,-1,500
4 274 
5 275 [5]
$161,531,148,-1,500
3 276 [1]
4 276 6
3 131 [2]
4 131 
5 132 30
5 133 -1
4 131 
5 132 32
5 133 -1
3 64 ->
4 277 [10]
$150,151,152,153,154,155,156,157,158,159
4 134 -1
3 65 [18]
$3*-1,-2049,2*-1,-16777217,3*-1,-536870913,-1,-1126176897,-2,-2097185,
$-203555329,495,0
3 66 NULL
3 67 ->
4 68 150023
4 69 160010
2 70 
3 71 [4]
4 71 ->
5 72 34
5 73 146
5 74 145
5 75 -1
5 76 [2][2]
$BFE,BFE00BAEC6D6F354
$3FE,3FE00BAEC6D6F354
5 77 ->
6 78 [4][3]
$3FF,2*0
$2*0,BFF
$0,3FF,0
$4024,402,C01
5 79 ->
6 135 150
6 136 1
6 137 [2][2]
$BFE,BFE00BAEC6D6F354
$3FE,3FE00BAEC6D6F354
5 138 NULL
5 80 0
5 81 1
5 82 [2][3]
$4023,402,C0120175D8DADE6A
$4025,402,C00BFD144E4A432B
4 71 ->
5 72 34
5 73 147
5 74 145
5 75 0
5 76 [2][2]
$BFE,BFE00BAEC6D6F354
$3FE,3FE00BAEC6D6F354
5 77 ->
6 78 [4][3]
$3FF,2*0
$2*0,BFF
$0,3FF,0
$4024,4,C01
5 79 ->
6 135 152
6 136 1
6 137 [2][2]
$BFE,BFE00BAEC6D6F354
$3FE,3FE00BAEC6D6F354
5 138 NULL
5 80 148
5 81 -1
5 82 [2][3]
$4023,4,C0120175D8DADE6A
$4025,4,C00BFD144E4A432B
4 71 ->
5 72 36
5 73 148
5 74 145
5 75 0
5 76 [2][2]
$2*0
$400921FB54442D18,4018
5 278 ->
6 279 [4][3]
$3FF,2*0
$2*0,BFF
$0,3FF,0
$4024,402,C01
6 280 3FE
5 79 ->
6 135 156
6 136 1
6 137 [2][2]
$2*0
$400921FB54442D18,4018
5 138 NULL
5 80 149
5 81 -1
5 82 [2][3]
$4023,4,C01
$4025,402,C00C
4 71 ->
5 72 36
5 73 149
5 74 145
5 75 0
5 76 [2][2]
$400921FB54442D18,0
$401921FB54442D18,4018
5 278 ->
6 279 [4][3]
$3FF,2*0
$2*0,BFF
$0,3FF,0
$4024,402,C01
6 280 3FE
5 79 ->
6 135 157
6 136 1
6 137 [2][2]
$400921FB54442D18,0
$401921FB54442D18,4018
5 138 NULL
5 80 164
5 81 -1
5 82 [2][3]
$4023,4,C012
$4025,402,C01
3 139 [10]
4 139 ->
5 140 150
5 141 145
5 142 0
5 143 [2]
$-1,1
5 144 [12][4]
$3FE,3*0
$3FDEB42A9BCD5057,3FC207E7FD768DC,3FD247426BD47DE3,0
$3FDAEB8C8764F0BA,3FD14CEDF8BB580B,3FE247426BD47DE2,0
$3FD4F49E7F775887,3FD82F19BB3A28A1,3FEB6AE3A1BEBCD4,0
$3FCA9628D9C712B6,3FDD1BB48EEE2C14,3FF247426BD47DE3,0
$3FB2375F640F44E,3FDFAC9E043842EF,3FF6D91306C99D5B,0
$BFB2375F640F44D8,3FDFAC9E043842F,3FFB6AE3A1BEBCD4,0
$BFCA9628D9C712B6,3FDD1BB48EEE2C14,3FFFFCB43CB3DC4D,0
$BFD4F49E7F775887,3FD82F19BB3A28A1,400247426BD47DE3,0
$BFDAEB8C8764F0BR,3FD14CEDF8BB5809,4004902AB94F0DA,0
$BFDEB42A9BCD5056,3FC207E7FD768DC4,4006D91306C99D5B,0
$BFE,0,400921FB54442D18,0
5 145 146
5 146 148
5 147 151
5 148 155
5 149 0
5 150 0
4 139 ->
5 140 151
5 141 145
5 142 0
5 143 [2]
$-1,1
5 144 [12][4]
$BFE,0,400921FB54442D18,0
$BFDEB42A9BCD5058,BFC207E7FD768DBD,400B6AE3A1BEBCD4,0
$BFDAEB8C8764F0B9,BFD14CEDF8BB580C,400DB3CBEF394C91,0
$BFD4F49E7F775887,BFD82F19BB3A28A1,400FFCB43CB3DC4D,0
$BFCA9628D9C712B2,BFDD1BB48EEE2C14,401122CE45173605,0
$BFB2375F640F44D8,BFDFAC9E043842F,401247426BD47DE3,0
$3FB2375F640F44D8,BFDFAC9E043842F,40136BB69291C5C1,0
$3FCA9628D9C712B2,BFDD1BB48EEE2C14,4014902AB94F0D9F,0
$3FD4F49E7F77588A,BFD82F19BB3A289E,4015B49EE00C557E,0
$3FDAEB8C8764F0BR,BFD14CEDF8BB5809,4016D91306C99D5C,0
$3FDEB42A9BCD5058,BFC207E7FD768DBD,4017FD872D86E53A,0
$3FE,0,401921FB54442D18,0
5 145 146
5 146 149
5 147 150
5 148 154
5 149 0
5 150 0
4 139 ->
5 140 152
5 141 145
5 142 0
5 143 [2]
$1,-1
5 144 [12][4]
$3FE,2*0,4018
$3FDEB42A9BCD5057,3FC207E7FD768DC,3FD247426BD47DE3,4018
$3FDAEB8C8764F0BA,3FD14CEDF8BB580B,3FE247426BD47DE2,4018
$3FD4F49E7F775887,3FD82F19BB3A28A1,3FEB6AE3A1BEBCD4,4018
$3FCA9628D9C712B6,3FDD1BB48EEE2C14,3FF247426BD47DE3,4018
$3FB2375F640F44E,3FDFAC9E043842EF,3FF6D91306C99D5B,4018
$BFB2375F640F44D8,3FDFAC9E043842F,3FFB6AE3A1BEBCD4,4018
$BFCA9628D9C712B6,3FDD1BB48EEE2C14,3FFFFCB43CB3DC4D,4018
$BFD4F49E7F775887,3FD82F19BB3A28A1,400247426BD47DE3,4018
$BFDAEB8C8764F0BR,3FD14CEDF8BB5809,4004902AB94F0DA,4018
$BFDEB42A9BCD5056,3FC207E7FD768DC4,4006D91306C99D5B,4018
$BFE,0,400921FB54442D18,4018
5 145 147
5 146 148
5 147 153
5 148 158
5 149 0
5 150 0
4 139 ->
5 140 153
5 141 145
5 142 0
5 143 [2]
$1,-1
5 144 [12][4]
$BFE,0,400921FB54442D18,4018
$BFDEB42A9BCD5058,BFC207E7FD768DBD,400B6AE3A1BEBCD4,4018
$BFDAEB8C8764F0B9,BFD14CEDF8BB580C,400DB3CBEF394C91,4018
$BFD4F49E7F775887,BFD82F19BB3A28A1,400FFCB43CB3DC4D,4018
$BFCA9628D9C712B2,BFDD1BB48EEE2C14,401122CE45173605,4018
$BFB2375F640F44D8,BFDFAC9E043842F,401247426BD47DE3,4018
$3FB2375F640F44D8,BFDFAC9E043842F,40136BB69291C5C1,4018
$3FCA9628D9C712B2,BFDD1BB48EEE2C14,4014902AB94F0D9F,4018
$3FD4F49E7F77588A,BFD82F19BB3A289E,4015B49EE00C557E,4018
$3FDAEB8C8764F0BR,BFD14CEDF8BB5809,4016D91306C99D5C,4018
$3FDEB42A9BCD5058,BFC207E7FD768DBD,4017FD872D86E53A,4018
$3FE,0,401921FB54442D18,4018
5 145 147
5 146 149
5 147 152
5 148 159
5 149 0
5 150 0
4 139 ->
5 140 154
5 141 145
5 142 1
5 143 [2]
$-1,1
5 144 [2][4]
$2*0,401921FB54442D18,0
$0,4018,401921FB54442D18,4018
5 145 148
5 146 149
5 147 0
5 148 0
5 149 0
5 150 0
4 139 ->
5 140 155
5 141 145
5 142 1
5 143 [2]
$-1,1
5 144 [2][4]
$400921FB54442D18,0,400921FB54442D18,0
$400921FB54442D18,4018,400921FB54442D18,4018
5 145 149
5 146 148
5 147 0
5 148 0
5 149 0
5 150 0
4 139 ->
5 140 156
5 141 145
5 142 0
5 143 [2]
$-1,1
5 144 [13][4]
$4025,401,2*0
$4024F746EA3A45F8,400EF6F823E6CF97,3FD0C152382D7368,0
$4024DDB3D742C26R,400E,3FE0C152382D7369,0
$4024B504F333F9DE,400D2BEC33301886,3FE921FB54442D1D,0
$40248,400C8930A2F4F66B,3FF0C152382D7364,0
$40244241F7064C1A,400C22E45716E81D,3FF4F1A6C638D043,0
$4024,400C,3FF921FB54442D17,0
$4023BDBE08F9B3E6,400C22E45716E81D,3FFD524FE24F89E9,0
$40238,400C8930A2F4F66A,4000C152382D7363,0
$40234AFB0CCC062R,400D2BEC33301886,4002D97C7F3321D1,0
$4023224C28BD3D9B,400E,4004F1A6C638D03E,0
$402308B915C5BA07,400EF6F823E6CF97,400709D10D3E7EAB,0
$4023,401,400921FB54442D18,0
5 145 15
5 146 148
5 147 157
5 148 159
5 149 0
5 150 0
4 139 ->
5 140 157
5 141 145
5 142 0
5 143 [2]
$-1,1
5 144 [13][4]
$4023,401,400921FB54442D18,0
$402308B915C5BA07,40108483EE0C9835,400B3A259B49DB85,0
$4023224C28BD3D9B,4011,400D524FE24F89F2,0
$40234AFB0CCC062R,40116A09E667F3BD,400F6A7A2955385E,0
$40238,4011BB67AE8584CB,4010C152382D7365,0
$4023BDBE08F9B3E6,4011EE8DD4748BF1,4011CD675BB04A9B,0
$4024,4012,4012D97C7F3321D1,0
$40244241F7064C1A,4011EE8DD4748BF2,4013E591A2B5F907,0
$40248,4011BB67AE8584CA,4014F1A6C638D04,0
$4024B504F333F9DE,40116A09E667F3BD,4015FDBBE9BBA775,0
$4024DDB3D742C26R,4011,401709D10D3E7EAB,0
$4024F746EA3A45F8,40108483EE0C9834,401815E630C155E2,0
$4025,401,401921FB54442D18,0
5 145 15
5 146 149
5 147 156
5 148 158
5 149 0
5 150 0
4 139 ->
5 140 158
5 141 145
5 142 1
5 143 [2]
$-1,1
5 144 [2][4]
$2*0,401921FB54442D18,0
$0,4018,401921FB54442D18,4018
5 145 148
5 146 149
5 147 156
5 148 153
5 149 0
5 150 0
4 139 ->
5 140 159
5 141 145
5 142 1
5 143 [2]
$-1,1
5 144 [2][4]
$400921FB54442D18,0,400921FB54442D18,0
$400921FB54442D18,4018,400921FB54442D18,4018
5 145 149
5 146 148
5 147 157
5 148 152
5 149 0
5 150 0
2 83 NULL
2 84 ->
2 85 ->
3 86 [4][3]
$3FF,2*0
$2*0,BFF
$0,3FF,0
$4024,402,C01
3 87 [4]
4 87 ->
5 88 5
5 89 0
5 90 -1
5 91 -1
5 92 15
5 93 146
5 94 0
5 95 0
5 96 0
5 97 [2]
6 97 ->
7 98 1
7 99 ->
8 100 -4
8 101 5
8 102 0
6 97 ->
7 98 6
7 103 ->
8 104 [1]
9 104 -100
4 87 ->
5 88 6
5 89 401
5 90 7
5 91 -1
5 92 30
5 93 146
5 94 0
5 95 0
5 96 0
5 97 [2]
6 97 ->
7 98 1
7 99 ->
8 100 -4
8 101 5
8 102 0
6 97 ->
7 98 6
7 103 ->
8 104 [1]
9 104 -100
4 87 ->
5 88 6
5 89 4024
5 90 10
5 91 -1
5 92 32
5 93 146
5 94 0
5 95 0
5 96 0
5 97 [2]
6 97 ->
7 98 1
7 99 ->
8 100 -4
8 101 5
8 102 0
6 97 ->
7 98 6
7 103 ->
8 104 [1]
9 104 -100
4 87 ->
5 88 1853
5 89 0
5 90 5
5 91 -1
5 92 -1
5 93 146
5 94 0
5 95 0
5 96 0
5 97 [1]
6 97 ->
7 98 6
7 103 ->
8 104 [1]
9 104 -100
3 105 -1
3 106 0
3 107 [1]
4 107 
5 108 12
5 109 0
5 110 [4][3]
$3FF,2*0
$2*0,BFF
$0,3FF,0
$403,402,C01
@pat_rec_ptr(member) 314 0
2 314 ->
@type 315 1
3 315 12
@create_status 316 1
3 316 426
@leader_id 317 1
3 317 28
@index 318 1
3 318 [4]
$1,3*0
2 111 NULL
2 112 147
2 113 -1
2 114 NULL
2 115 NULL
2 129 [4]
$7,28,29,31
2 116 NULL
2 123 -1
2 124 NULL
2 125 16
2 126 ->
3 127 4
1 128 ->
2 36 162
2 37 1
2 38 ->
3 39 1
3 40 911
3 41 NULL
3 42 1
3 43 [3]
$0,65536,0
3 44 1
3 45 991
3 46 -1
3 47 ->
4 48 0
4 49 266240
4 50 -1
4 51 971
4 52 -1
4 53 -1
4 54 0
4 55 0
4 56 0
4 57 0
3 58 0
2 59 -1
2 60 no_name
2 61 2
2 255 ->
3 256 11
3 257 177
3 258 
3 259 165
3 260 [3]
$401,402,C01
3 261 [3]
$400C,402,C01
2 255 ->
3 256 13
3 257 178
3 258 
4 262 1
3 259 165
3 260 [3]
$401,402,C01
3 261 [3]
$401,4,C01
2 263 ->
3 264 19
3 265 A_8
3 266 1
3 267 [3]
$40740BD906D709EC,407FA67EE9CAFEE3,4043EE5AF152313C
3 268 -1
3 269 0
3 270 BFF
3 271 BFF
3 272 
3 273 BFF
2 62 ->
3 63 [4][4]
$163,204,2*0
$164,203,2*0
$165,200,2*0
$166,200,-1,0
3 130 [10][6]
$167,221,3*0,-1
$168,221,-1,2*0,-1
$169,222,3*0,-1
$170,222,-1,2*0,-1
$171,303,2*0,2*-1
$172,303,-1,2*0,-1
$173,286,46,2*0,-1
$174,286,47,2*0,-1
$175,286,48,2*0,-1
$176,286,49,2*0,-1
3 274 [2]
4 274 
5 275 [5]
$177,530,165,-1,500
4 274 
5 275 [5]
$178,531,165,-1,500
3 276 [1]
4 276 6
3 131 [2]
4 131 
5 132 30
5 133 -1
4 131 
5 132 32
5 133 -1
3 64 ->
4 277 [110]
$167,168,169,170,171,172,173,174,175,176,167,168,169,170,171,172,173,174,
$175,176,167,168,169,170,171,172,173,174,175,176,167,168,169,170,171,172,173,
$174,175,176,167,168,169,170,171,172,173,174,175,176,167,168,169,170,171,172,
$173,174,175,176,167,168,169,170,171,172,173,174,175,176,167,168,169,170,171,
$172,173,174,175,176,167,168,169,170,171,172,173,174,175,176,167,168,169,170,
$171,172,173,174,175,176,167,168,169,170,171,172,173,174,175,176
4 134 -1
3 65 [18]
$3*-1,-2049,2*-1,-16777217,3*-1,-536870913,-1,-1126176897,-2,-2097185,
$-203555329,495,0
3 66 NULL
3 67 ->
4 68 150023
4 69 160010
2 70 
3 71 [4]
4 71 ->
5 72 34
5 73 163
5 74 162
5 75 -1
5 76 [2][2]
$BFE,BFE00BAEC6D6F354
$3FE,3FE00BAEC6D6F354
5 77 ->
6 78 [4][3]
$3FF,2*0
$2*0,BFF
$0,3FF,0
$401,402,C01
5 79 ->
6 135 167
6 136 1
6 137 [2][2]
$BFE,BFE00BAEC6D6F354
$3FE,3FE00BAEC6D6F354
5 138 NULL
5 80 0
5 81 1
5 82 [2][3]
$400C,402,C0120175D8DADE6A
$4012,402,C00BFD144E4A432B
4 71 ->
5 72 34
5 73 164
5 74 162
5 75 0
5 76 [2][2]
$BFE,BFE00BAEC6D6F354
$3FE,3FE00BAEC6D6F354
5 77 ->
6 78 [4][3]
$3FF,2*0
$2*0,BFF
$0,3FF,0
$401,4,C01
5 79 ->
6 135 169
6 136 1
6 137 [2][2]
$BFE,BFE00BAEC6D6F354
$3FE,3FE00BAEC6D6F354
5 138 NULL
5 80 165
5 81 -1
5 82 [2][3]
$400C,4,C0120175D8DADE6A
$4012,4,C00BFD144E4A432B
4 71 ->
5 72 36
5 73 165
5 74 162
5 75 0
5 76 [2][2]
$2*0
$400921FB54442D18,4018
5 278 ->
6 279 [4][3]
$3FF,2*0
$2*0,BFF
$0,3FF,0
$401,402,C01
6 280 3FE
5 79 ->
6 135 173
6 136 1
6 137 [2][2]
$2*0
$400921FB54442D18,4018
5 138 NULL
5 80 166
5 81 -1
5 82 [2][3]
$400C,4,C01
$4012,402,C00C
4 71 ->
5 72 36
5 73 166
5 74 162
5 75 0
5 76 [2][2]
$400921FB54442D18,0
$401921FB54442D18,4018
5 278 ->
6 279 [4][3]
$3FF,2*0
$2*0,BFF
$0,3FF,0
$401,402,C01
6 280 3FE
5 79 ->
6 135 174
6 136 1
6 137 [2][2]
$400921FB54442D18,0
$401921FB54442D18,4018
5 138 NULL
5 80 182
5 81 -1
5 82 [2][3]
$400C,4,C012
$4012,402,C01
3 139 [10]
4 139 ->
5 140 167
5 141 162
5 142 0
5 143 [2]
$-1,1
5 144 [12][4]
$3FE,3*0
$3FDEB42A9BCD5057,3FC207E7FD768DC,3FD247426BD47DE3,0
$3FDAEB8C8764F0BA,3FD14CEDF8BB580B,3FE247426BD47DE2,0
$3FD4F49E7F775887,3FD82F19BB3A28A1,3FEB6AE3A1BEBCD4,0
$3FCA9628D9C712B6,3FDD1BB48EEE2C14,3FF247426BD47DE3,0
$3FB2375F640F44E,3FDFAC9E043842EF,3FF6D91306C99D5B,0
$BFB2375F640F44D8,3FDFAC9E043842F,3FFB6AE3A1BEBCD4,0
$BFCA9628D9C712B6,3FDD1BB48EEE2C14,3FFFFCB43CB3DC4D,0
$BFD4F49E7F775887,3FD82F19BB3A28A1,400247426BD47DE3,0
$BFDAEB8C8764F0BR,3FD14CEDF8BB5809,4004902AB94F0DA,0
$BFDEB42A9BCD5056,3FC207E7FD768DC4,4006D91306C99D5B,0
$BFE,0,400921FB54442D18,0
5 145 163
5 146 165
5 147 168
5 148 172
5 149 0
5 150 0
4 139 ->
5 140 168
5 141 162
5 142 0
5 143 [2]
$-1,1
5 144 [12][4]
$BFE,0,400921FB54442D18,0
$BFDEB42A9BCD5058,BFC207E7FD768DBD,400B6AE3A1BEBCD4,0
$BFDAEB8C8764F0B9,BFD14CEDF8BB580C,400DB3CBEF394C91,0
$BFD4F49E7F775887,BFD82F19BB3A28A1,400FFCB43CB3DC4D,0
$BFCA9628D9C712B2,BFDD1BB48EEE2C14,401122CE45173605,0
$BFB2375F640F44D8,BFDFAC9E043842F,401247426BD47DE3,0
$3FB2375F640F44D8,BFDFAC9E043842F,40136BB69291C5C1,0
$3FCA9628D9C712B2,BFDD1BB48EEE2C14,4014902AB94F0D9F,0
$3FD4F49E7F77588A,BFD82F19BB3A289E,4015B49EE00C557E,0
$3FDAEB8C8764F0BR,BFD14CEDF8BB5809,4016D91306C99D5C,0
$3FDEB42A9BCD5058,BFC207E7FD768DBD,4017FD872D86E53A,0
$3FE,0,401921FB54442D18,0
5 145 163
5 146 166
5 147 167
5 148 171
5 149 0
5 150 0
4 139 ->
5 140 169
5 141 162
5 142 0
5 143 [2]
$1,-1
5 144 [12][4]
$3FE,2*0,4018
$3FDEB42A9BCD5057,3FC207E7FD768DC,3FD247426BD47DE3,4018
$3FDAEB8C8764F0BA,3FD14CEDF8BB580B,3FE247426BD47DE2,4018
$3FD4F49E7F775887,3FD82F19BB3A28A1,3FEB6AE3A1BEBCD4,4018
$3FCA9628D9C712B6,3FDD1BB48EEE2C14,3FF247426BD47DE3,4018
$3FB2375F640F44E,3FDFAC9E043842EF,3FF6D91306C99D5B,4018
$BFB2375F640F44D8,3FDFAC9E043842F,3FFB6AE3A1BEBCD4,4018
$BFCA9628D9C712B6,3FDD1BB48EEE2C14,3FFFFCB43CB3DC4D,4018
$BFD4F49E7F775887,3FD82F19BB3A28A1,400247426BD47DE3,4018
$BFDAEB8C8764F0BR,3FD14CEDF8BB5809,4004902AB94F0DA,4018
$BFDEB42A9BCD5056,3FC207E7FD768DC4,4006D91306C99D5B,4018
$BFE,0,400921FB54442D18,4018
5 145 164
5 146 165
5 147 170
5 148 175
5 149 0
5 150 0
4 139 ->
5 140 170
5 141 162
5 142 0
5 143 [2]
$1,-1
5 144 [12][4]
$BFE,0,400921FB54442D18,4018
$BFDEB42A9BCD5058,BFC207E7FD768DBD,400B6AE3A1BEBCD4,4018
$BFDAEB8C8764F0B9,BFD14CEDF8BB580C,400DB3CBEF394C91,4018
$BFD4F49E7F775887,BFD82F19BB3A28A1,400FFCB43CB3DC4D,4018
$BFCA9628D9C712B2,BFDD1BB48EEE2C14,401122CE45173605,4018
$BFB2375F640F44D8,BFDFAC9E043842F,401247426BD47DE3,4018
$3FB2375F640F44D8,BFDFAC9E043842F,40136BB69291C5C1,4018
$3FCA9628D9C712B2,BFDD1BB48EEE2C14,4014902AB94F0D9F,4018
$3FD4F49E7F77588A,BFD82F19BB3A289E,4015B49EE00C557E,4018
$3FDAEB8C8764F0BR,BFD14CEDF8BB5809,4016D91306C99D5C,4018
$3FDEB42A9BCD5058,BFC207E7FD768DBD,4017FD872D86E53A,4018
$3FE,0,401921FB54442D18,4018
5 145 164
5 146 166
5 147 169
5 148 176
5 149 0
5 150 0
4 139 ->
5 140 171
5 141 162
5 142 1
5 143 [2]
$-1,1
5 144 [2][4]
$2*0,401921FB54442D18,0
$0,4018,401921FB54442D18,4018
5 145 165
5 146 166
5 147 0
5 148 0
5 149 0
5 150 0
4 139 ->
5 140 172
5 141 162
5 142 1
5 143 [2]
$-1,1
5 144 [2][4]
$400921FB54442D18,0,400921FB54442D18,0
$400921FB54442D18,4018,400921FB54442D18,4018
5 145 166
5 146 165
5 147 0
5 148 0
5 149 0
5 150 0
4 139 ->
5 140 173
5 141 162
5 142 0
5 143 [2]
$-1,1
5 144 [13][4]
$4012,401,2*0
$4011EE8DD4748BF,400EF6F823E6CF97,3FD0C152382D7368,0
$4011BB67AE8584CR,400E,3FE0C152382D7369,0
$40116A09E667F3BC,400D2BEC33301886,3FE921FB54442D1D,0
$4011,400C8930A2F4F66B,3FF0C152382D7364,0
$40108483EE0C9834,400C22E45716E81D,3FF4F1A6C638D043,0
$401,400C,3FF921FB54442D17,0
$400EF6F823E6CF98,400C22E45716E81D,3FFD524FE24F89E9,0
$400E,400C8930A2F4F66A,4000C152382D7363,0
$400D2BEC333018R,400D2BEC33301886,4002D97C7F3321D1,0
$400C8930A2F4F66C,400E,4004F1A6C638D03E,0
$400C22E45716E81C,400EF6F823E6CF97,400709D10D3E7EAB,0
$400C,401,400921FB54442D18,0
5 145 15
5 146 165
5 147 174
5 148 176
5 149 0
5 150 0
4 139 ->
5 140 174
5 141 162
5 142 0
5 143 [2]
$-1,1
5 144 [13][4]
$400C,401,400921FB54442D18,0
$400C22E45716E81C,40108483EE0C9835,400B3A259B49DB85,0
$400C8930A2F4F66C,4011,400D524FE24F89F2,0
$400D2BEC333018R,40116A09E667F3BD,400F6A7A2955385E,0
$400E,4011BB67AE8584CB,4010C152382D7365,0
$400EF6F823E6CF98,4011EE8DD4748BF1,4011CD675BB04A9B,0
$401,4012,4012D97C7F3321D1,0
$40108483EE0C9834,4011EE8DD4748BF2,4013E591A2B5F907,0
$4011,4011BB67AE8584CA,4014F1A6C638D04,0
$40116A09E667F3BC,40116A09E667F3BD,4015FDBBE9BBA775,0
$4011BB67AE8584CR,4011,401709D10D3E7EAB,0
$4011EE8DD4748BF,40108483EE0C9834,401815E630C155E2,0
$4012,401,401921FB54442D18,0
5 145 15
5 146 166
5 147 173
5 148 175
5 149 0
5 150 0
4 139 ->
5 140 175
5 141 162
5 142 1
5 143 [2]
$-1,1
5 144 [2][4]
$2*0,401921FB54442D18,0
$0,4018,401921FB54442D18,4018
5 145 165
5 146 166
5 147 173
5 148 170
5 149 0
5 150 0
4 139 ->
5 140 176
5 141 162
5 142 1
5 143 [2]
$-1,1
5 144 [2][4]
$400921FB54442D18,0,400921FB54442D18,0
$400921FB54442D18,4018,400921FB54442D18,4018
5 145 166
5 146 165
5 147 174
5 148 169
5 149 0
5 150 0
2 83 NULL
2 84 ->
2 85 ->
3 86 [4][3]
$3FF,2*0
$2*0,BFF
$0,3FF,0
$401,402,C01
3 87 [4]
4 87 ->
5 88 5
5 89 0
5 90 -1
5 91 -1
5 92 15
5 93 163
5 94 0
5 95 0
5 96 0
5 97 [2]
6 97 ->
7 98 1
7 99 ->
8 100 -4
8 101 5
8 102 0
6 97 ->
7 98 6
7 103 ->
8 104 [1]
9 104 -100
4 87 ->
5 88 6
5 89 401
5 90 7
5 91 -1
5 92 30
5 93 163
5 94 0
5 95 0
5 96 0
5 97 [2]
6 97 ->
7 98 1
7 99 ->
8 100 -4
8 101 5
8 102 0
6 97 ->
7 98 6
7 103 ->
8 104 [1]
9 104 -100
4 87 ->
5 88 6
5 89 403
5 90 11
5 91 -1
5 92 32
5 93 163
5 94 0
5 95 0
5 96 0
5 97 [2]
6 97 ->
7 98 1
7 99 ->
8 100 -4
8 101 5
8 102 0
6 97 ->
7 98 6
7 103 ->
8 104 [1]
9 104 -100
4 87 ->
5 88 1853
5 89 0
5 90 5
5 91 -1
5 92 -1
5 93 163
5 94 0
5 95 0
5 96 0
5 97 [1]
6 97 ->
7 98 6
7 103 ->
8 104 [1]
9 104 -100
3 105 -1
3 106 0
3 107 [1]
4 107 
5 108 12
5 109 0
5 110 [4][3]
$3FF,2*0
$2*0,BFF
$0,3FF,0
$403,402,C01
2 314 ->
3 315 12
3 316 426
3 317 28
3 318 [4]
$2,3*0
2 111 NULL
2 112 164
2 113 -1
2 114 NULL
2 115 NULL
2 129 [4]
$7,28,29,31
2 116 ->
3 302 [1]
4 302 
5 303 42
5 304 0
3 308 [1]
4 308 
5 309 15
5 310 [2]
$16,46
3 117 10
3 118 0
3 119 [2][3]
$2*0,C02
$4034,402,0
3 120 4036FA6EA162D0F
3 121 NULL
3 122 145
2 123 -1
2 124 NULL
2 125 14
2 126 ->
3 127 4
1 128 ->
2 36 180
2 37 1
2 38 ->
3 39 13
3 40 923
3 41 NULL
3 42 0
3 43 [3]
$3,2*0
3 44 0
3 45 -1
3 46 -1
3 47 ->
4 48 0
4 49 0
4 50 -1
4 51 970
4 52 -1
4 53 -1
4 54 0
4 55 0
4 56 0
4 57 0
3 58 0
2 59 -1
2 60 no_name
2 61 2
2 62 ->
3 63 [1][4]
$181,3*0
3 64 NULL
3 65 [18]
$3*-1,-2049,2*-1,-16777217,3*-1,-536870913,-1,-1126176897,-2,-2097185,
$-203555329,495,0
3 66 NULL
3 67 ->
4 68 150023
4 69 160010
2 70 
3 71 [1]
4 71 ->
5 72 34
5 73 181
5 74 180
5 75 -1
5 76 [2][2]
$2*0
$2*0
5 77 ->
6 78 [4][3]
$3FF,2*0
$2*0,BFF
$0,3FF,0
$3*0
5 79 NULL
5 80 0
5 81 1
5 82 [2][3]
$3*0
$3*0
2 83 NULL
2 84 ->
2 85 ->
3 86 [4][3]
$3FF,2*0
$2*0,BFF
$0,3FF,0
$3*0
3 87 [2]
4 87 ->
5 88 509
5 89 3FF
5 90 -1
5 91 -1
5 92 10
5 93 181
5 94 0
5 95 0
5 96 32768
5 97 [2]
6 97 ->
7 98 1
7 99 ->
8 100 -4
8 101 5
8 102 0
6 97 ->
7 98 6
7 103 ->
8 104 [1]
9 104 -100
4 87 ->
5 88 510
5 89 3FF
5 90 -1
5 91 -1
5 92 22
5 93 181
5 94 0
5 95 0
5 96 32768
5 97 [2]
6 97 ->
7 98 1
7 99 ->
8 100 -4
8 101 5
8 102 0
6 97 ->
7 98 6
7 103 ->
8 104 [1]
9 104 -100
3 105 -1
3 106 1
3 107 [1]
4 107 
5 108 11
5 109 0
5 110 [4][3]
$3FF,2*0
$2*0,BFF
$0,3FF,0
$3*0
2 111 NULL
2 112 181
2 113 -1
2 114 NULL
2 115 NULL
2 129 [1]
3 129 7
2 116 ->
3 117 10
3 118 0
3 119 [2][3]
$2*0,C02
$4034,402,0
3 120 4036FA6EA162D0F
3 121 NULL
3 122 -1
2 123 -1
2 124 NULL
2 125 3
2 126 ->
3 127 2
1 128 ->
2 36 179
2 37 1
2 38 ->
3 39 7
3 40 917
3 41 NULL
3 42 1
3 43 [3]
$0,65536,0
3 44 0
3 45 991
3 46 -1
3 47 ->
4 48 0
4 49 266240
4 50 -1
4 51 -1
4 52 -1
4 53 -1
4 54 0
4 55 0
4 56 0
4 57 0
3 58 0
2 59 -1
2 60 no_name
2 61 2
2 62 ->
3 63 [6][4]
$182,204,2*0
$187,203,2*0
$192,200,3,0
$194,200,2,0
$196,200,1,0
$198,200,2*0
3 130 [20][6]
$183,221,3,2*0,182
$184,221,2,2*0,182
$185,221,1,2*0,182
$186,221,3*0,182
$188,222,3,2*0,192
$189,222,2,2*0,194
$190,222,1,2*0,196
$191,222,3*0,198
$193,303,3,2*0,192
$195,303,2,0,3,194
$197,303,1,0,2,196
$199,303,2*0,1,198
$200,225,20,182,0,182
$201,225,22,182,0,182
$202,225,24,182,0,182
$203,225,26,182,0,182
$204,224,21,2*0,20
$205,224,23,2*0,22
$206,224,25,2*0,24
$207,224,27,2*0,26
3 131 [1]
4 131 
5 132 181
5 133 -1
3 64 ->
4 277 [8]
$200,201,202,203,204,205,206,207
4 134 182
3 65 [18]
$3*-1,-2049,2*-1,-16777217,3*-1,-536870913,-1,-1126176897,-2,-2097185,
$-203555329,495,0
3 66 NULL
3 67 ->
4 68 150023
4 69 160010
2 70 
3 71 [6]
4 71 ->
5 72 34
5 73 182
5 74 179
5 75 0
5 76 [2][2]
$C008,C024
$4036,4
5 77 ->
6 78 [4][3]
$3FF,2*0
$2*0,BFF
$0,3FF,0
$3*0
5 79 ->
6 135 183
6 136 1
6 137 [2][2]
$C008,C024
$4036,4
5 138 ->
6 135 200
6 136 -1
6 137 [2][2]
$0,C02
$4034,0
5 138 NULL
5 80 187
5 81 -1
5 82 [2][3]
$C008,0,C024
$4036,0,4
4 71 ->
5 72 34
5 73 187
5 74 179
5 75 0
5 76 [2][2]
$C008,C024
$4036,4
5 77 ->
6 78 [4][3]
$3FF,2*0
$2*0,BFF
$0,3FF,0
$0,C,0
5 79 ->
6 135 188
6 136 1
6 137 [2][2]
$C008,C024
$4036,4
5 138 NULL
5 80 192
5 81 1
5 82 [2][3]
$C008,C,C024
$4036,C,4
4 71 ->
5 72 34
5 73 192
5 74 179
5 75 0
5 76 [2][2]
$2*0
$4028,4
5 77 ->
6 78 [4][3]
$2*0,BFF
$0,BFF,0
$BFF,2*0
$C008,0,4
5 79 ->
6 135 183
6 136 1
6 137 [2][2]
$2*0
$4028,4
5 138 NULL
5 80 194
5 81 1
5 82 [2][3]
$C008,C,C024
$C008,0,4
4 71 ->
5 72 34
5 73 194
5 74 179
5 75 0
5 76 [2][2]
$2*0
$4039,4
5 77 ->
6 78 [4][3]
$3FF,2*0
$0,BFF,0
$2*0,BFF
$C008,0,C024
5 79 ->
6 135 184
6 136 1
6 137 [2][2]
$2*0
$4039,4
5 138 NULL
5 80 196
5 81 1
5 82 [2][3]
$C008,C,C024
$4036,0,C024
4 71 ->
5 72 34
5 73 196
5 74 179
5 75 0
5 76 [2][2]
$2*0
$4028,4
5 77 ->
6 78 [4][3]
$2*0,3FF
$0,BFF,0
$3FF,2*0
$4036,0,C024
5 79 ->
6 135 185
6 136 1
6 137 [2][2]
$2*0
$4028,4
5 138 NULL
5 80 198
5 81 1
5 82 [2][3]
$4036,C,C024
$4036,0,4
4 71 ->
5 72 34
5 73 198
5 74 179
5 75 0
5 76 [2][2]
$2*0
$4039,4
5 77 ->
6 78 [4][3]
$BFF,2*0
$0,BFF,0
$2*0,3FF
$4036,0,4
5 79 ->
6 135 186
6 136 1
6 137 [2][2]
$2*0
$4039,4
5 138 NULL
5 80 0
5 81 1
5 82 [2][3]
$C008,C,4
$4036,0,4
3 139 [20]
4 139 ->
5 140 183
5 141 179
5 142 0
5 143 [2]
$1,-1
5 144 [2][4]
$C008,4,2*0
$C008,C024,4028,0
5 145 182
5 146 192
5 147 184
5 148 193
5 149 0
5 150 0
4 139 ->
5 140 184
5 141 179
5 142 0
5 143 [2]
$1,-1
5 144 [2][4]
$C008,C024,2*0
$4036,C024,4039,0
5 145 182
5 146 194
5 147 185
5 148 195
5 149 0
5 150 0
4 139 ->
5 140 185
5 141 179
5 142 0
5 143 [2]
$1,-1
5 144 [2][4]
$4036,C024,2*0
$4036,4,4028,0
5 145 182
5 146 196
5 147 186
5 148 197
5 149 0
5 150 0
4 139 ->
5 140 186
5 141 179
5 142 0
5 143 [2]
$1,-1
5 144 [2][4]
$4036,4,2*0
$C008,4,4039,0
5 145 182
5 146 198
5 147 183
5 148 199
5 149 0
5 150 0
4 139 ->
5 140 188
5 141 179
5 142 0
5 143 [2]
$-1,1
5 144 [2][4]
$C008,4,0,4
$C008,C024,4028,4
5 145 187
5 146 192
5 147 191
5 148 195
5 149 0
5 150 0
4 139 ->
5 140 189
5 141 179
5 142 0
5 143 [2]
$-1,1
5 144 [2][4]
$C008,C024,0,4
$4036,C024,4039,4
5 145 187
5 146 194
5 147 188
5 148 197
5 149 0
5 150 0
4 139 ->
5 140 190
5 141 179
5 142 0
5 143 [2]
$-1,1
5 144 [2][4]
$4036,C024,0,4
$4036,4,4028,4
5 145 187
5 146 196
5 147 189
5 148 199
5 149 0
5 150 0
4 139 ->
5 140 191
5 141 179
5 142 0
5 143 [2]
$-1,1
5 144 [2][4]
$4036,4,0,4
$C008,4,4039,4
5 145 187
5 146 198
5 147 190
5 148 193
5 149 0
5 150 0
4 139 ->
5 140 193
5 141 179
5 142 0
5 143 [2]
$1,-1
5 144 [2][4]
$2*0,4039,0
$0,4,4039,4
5 145 192
5 146 198
5 147 188
5 148 186
5 149 0
5 150 0
4 139 ->
5 140 195
5 141 179
5 142 0
5 143 [2]
$1,-1
5 144 [2][4]
$2*0,4028,0
$0,4,4028,4
5 145 194
5 146 192
5 147 189
5 148 183
5 149 0
5 150 0
4 139 ->
5 140 197
5 141 179
5 142 0
5 143 [2]
$1,-1
5 144 [2][4]
$2*0,4039,0
$0,4,4039,4
5 145 196
5 146 194
5 147 190
5 148 184
5 149 0
5 150 0
4 139 ->
5 140 199
5 141 179
5 142 0
5 143 [2]
$1,-1
5 144 [2][4]
$2*0,4028,0
$0,4,4028,4
5 145 198
5 146 196
5 147 191
5 148 185
5 149 0
5 150 0
4 139 ->
5 140 200
5 141 179
5 142 0
5 143 [2]
$-1,1
5 144 [2][4]
$3*0,C02
$402,3*0
5 145 20
5 146 182
5 147 204
5 148 201
5 149 0
5 150 0
4 139 ->
5 140 201
5 141 179
5 142 0
5 143 [2]
$-1,1
5 144 [2][4]
$4*0
$4034,0,4034,0
5 145 22
5 146 182
5 147 205
5 148 202
5 149 0
5 150 0
4 139 ->
5 140 202
5 141 179
5 142 0
5 143 [2]
$-1,1
5 144 [2][4]
$2*0,4034,0
$402,0,4034,C02
5 145 24
5 146 182
5 147 206
5 148 203
5 149 0
5 150 0
4 139 ->
5 140 203
5 141 179
5 142 0
5 143 [2]
$-1,1
5 144 [2][4]
$2*0,4034,C02
$4034,2*0,C02
5 145 26
5 146 182
5 147 207
5 148 200
5 149 0
5 150 0
4 139 ->
5 140 204
5 141 179
5 142 0
5 143 [2]
$1,-1
5 144 [2][4]
$2*0,4034,0
$0,402,4034,402
5 145 20
5 146 26
5 147 16
5 148 203
5 149 0
5 150 0
4 139 ->
5 140 205
5 141 179
5 142 0
5 143 [2]
$1,-1
5 144 [2][4]
$2*0,402,0
$0,3*402
5 145 22
5 146 20
5 147 17
5 148 200
5 149 0
5 150 0
4 139 ->
5 140 206
5 141 179
5 142 0
5 143 [2]
$1,-1
5 144 [2][4]
$2*0,4034,0
$0,402,4034,402
5 145 24
5 146 22
5 147 18
5 148 201
5 149 0
5 150 0
4 139 ->
5 140 207
5 141 179
5 142 0
5 143 [2]
$1,-1
5 144 [2][4]
$2*0,402,0
$0,3*402
5 145 26
5 146 24
5 147 19
5 148 202
5 149 0
5 150 0
2 83 NULL
2 84 ->
2 85 ->
3 86 [4][3]
$3FF,2*0
$2*0,BFF
$0,3FF,0
$3*0
3 87 [1]
4 87 ->
5 88 1853
5 89 0
5 90 16
5 91 -1
5 92 -1
5 93 -1
5 94 0
5 95 0
5 96 0
5 97 [1]
6 97 ->
7 98 6
7 103 ->
8 104 [1]
9 104 -100
3 105 -1
3 106 0
3 107 [2]
4 107 
5 108 1
5 109 0
5 110 [4][3]
$3FF,2*0
$0,BFF,0
$2*0,BFF
$3*0
4 107 
5 108 12
5 109 0
5 110 [4][3]
$3FF,2*0
$2*0,BFF
$0,3FF,0
$3*0
2 111 NULL
2 112 182
2 151 [1]
3 151 
4 152 2
4 153 S2D0007
4 154 ->
5 155 S2D0007
5 156 [6]
6 156 
7 157 2
7 158 [3]
$1,2*0
7 159 [2]
$0,1
7 160 1
7 161 0
7 162 1
7 163 0
7 164 0
7 165 
7 166 
8 167 0
8 168 -1
6 156 
7 157 2
7 158 [3]
$0,-1,0
7 159 [2]
$1,2
7 160 2
7 161 0
7 162 0
7 163 0
7 164 1
7 165 
7 166 
8 167 0
8 168 -1
6 156 
7 157 2
7 158 [3]
$-1,2*0
7 159 [2]
$2,3
7 160 3
7 161 0
7 162 1
7 163 0
7 164 2
7 165 
7 166 
8 167 0
8 168 -1
6 156 
7 157 2
7 158 [3]
$0,1,0
7 159 [2]
$3,0
7 160 0
7 161 0
7 162 0
7 163 0
7 164 3
7 165 
7 166 
8 167 0
8 168 -1
6 156 
7 157 32770
7 158 [3]
$1,2*0
7 159 [2]
$4,5
7 160 5
7 161 0
7 162 1
7 163 0
7 164 4
7 165 
7 166 
8 167 0
8 168 -1
6 156 
7 157 32770
7 158 [3]
$0,-1,0
7 159 [2]
$6,7
7 160 7
7 161 0
7 162 0
7 163 0
7 164 5
7 165 
7 166 
8 167 0
8 168 -1
5 170 [4]
6 170 
7 171 5
7 172 4
7 173 0
7 174 0
7 175 [2]
7 176 [2]
7 177 0
7 178 0
7 179 
8 180 [2]
$34,0
7 181 [2]
8 181 
9 182 0
9 183 -1
9 184 [2]
$0,1
8 181 
9 182 4
9 183 -1
9 184 [2]
$4,5
6 170 
7 171 5
7 172 4
7 173 0
7 174 0
7 175 [2]
7 176 [2]
7 177 0
7 178 1
7 179 
8 180 [2]
$34,0
7 181 [2]
8 181 
9 182 5
9 183 -1
9 184 [2]
$6,7
8 181 
9 182 1
9 183 -1
9 184 [2]
$1,2
6 170 
7 171 1
7 172 4039
7 173 0
7 174 0
7 175 [2]
7 176 [2]
7 177 0
7 178 2
7 179 
8 180 [2]
$34,0
7 181 [2]
8 181 
9 182 0
9 183 -1
9 184 [2]
$2*0
8 181 
9 182 -1
9 183 -1
9 184 [2]
$2*1
6 170 
7 171 1
7 172 4028
7 173 0
7 174 0
7 175 [2]
7 176 [2]
7 177 0
7 178 3
7 179 
8 180 [2]
$524322,0
7 181 [2]
8 181 
9 182 1
9 183 -1
9 184 [2]
$2*1
8 181 
9 182 -1
9 183 -1
9 184 [2]
$2*2
5 185 [8]
6 185 
7 186 -1
7 187 0
7 188 [4]
$0,4,2*-1
7 189 [4]
$2*1,2*0
7 190 [4]
$3FF,BFF,2*3FF
7 191 -1
7 192 0
7 193 0
6 185 
7 186 -1
7 187 1
7 188 [4]
$0,1,2*-1
7 189 [4]
$2*1,2*0
7 190 [4]
$3FF,BFF,2*3FF
7 191 0
7 192 0
7 193 0
6 185 
7 186 -1
7 187 1
7 188 [4]
$6,1,2*-1
7 189 [4]
$4*0
7 190 [4]
$3FF,BFF,2*3FF
7 191 1
7 192 1
7 193 0
6 185 
7 186 -1
7 187 1
7 188 [4]
$1,2,2*-1
7 189 [4]
$4*0
7 190 [4]
$3FF,BFF,2*3FF
7 191 0
7 192 0
7 193 0
6 185 
7 186 -1
7 187 0
7 188 [4]
$0,1,2*-1
7 189 [4]
$4*0
7 190 [4]
$3FF,BFF,2*3FF
7 191 1
7 192 2
7 193 0
6 185 
7 186 -1
7 187 0
7 188 [4]
$3,0,2*-1
7 189 [4]
$4*0
7 190 [4]
$3FF,BFF,2*3FF
7 191 0
7 192 0
7 193 0
6 185 
7 186 -1
7 187 1
7 188 [4]
$1,2,2*-1
7 189 [4]
$2*1,2*0
7 190 [4]
$3FF,BFF,2*3FF
7 191 -1
7 192 3
7 193 0
6 185 
7 186 -1
7 187 1
7 188 [4]
$2,3,2*-1
7 189 [4]
$2*1,2*0
7 190 [4]
$3FF,BFF,2*3FF
7 191 0
7 192 0
7 193 0
5 194 [8]
$0,1,2,3,4,5,6,7
5 195 -1
5 196 8
5 197 1
5 198 ->
6 199 0
6 200 0
6 201 0
5 202 ->
6 203 0
6 204 0
6 205 0
5 206 ->
6 207 NULL
5 208 1
5 209 [6]
6 209 
7 210 0
6 209 
7 210 0
6 209 
7 210 0
6 209 
7 210 0
6 209 
7 210 0
6 209 
7 210 0
4 211 ->
5 212 7
5 213 S2D0007
5 214 1
5 215 -1
5 216 NULL
5 217 -1
5 218 181
5 219 -1
5 220 [2]
6 220 
7 221 12
7 222 6
7 223 -1
7 224 4
7 225 0
7 226 ->
8 227 32770
8 228 -1
8 229 
8 230 [3]
$3*0
8 231 [3]
$4034,2*0
7 232 ->
8 227 32770
8 228 -1
8 229 
8 230 [3]
$3*0
8 231 [3]
$4034,2*0
6 220 
7 221 13
7 222 6
7 223 -1
7 224 5
7 225 0
7 226 ->
8 227 32770
8 228 -1
8 229 
8 230 [3]
$4034,2*0
8 231 [3]
$4034,C02,0
7 232 ->
8 227 32770
8 228 -1
8 229 
8 230 [3]
$4034,2*0
8 231 [3]
$4034,C02,0
4 233 [4]
5 233 
6 234 0
6 235 34
5 233 
6 234 1
6 235 0
5 233 
6 234 2
6 235 0
5 233 
6 234 3
6 235 4
4 236 [4]
$12,13,14,15
4 237 0
4 238 -1
4 239 [1]
5 239 
6 240 2
6 241 -100
4 242 0
4 243 BFF
4 244 ->
5 245 ->
6 228 0
6 229 
6 230 [3]
$C008,4,0
6 231 [3]
$4036,4,0
5 245 ->
6 228 1
6 229 
6 230 [3]
$4036,4,0
6 231 [3]
$4036,C024,0
5 245 ->
6 228 2
6 229 
6 230 [3]
$4036,C024,0
6 231 [3]
$C008,C024,0
5 245 ->
6 228 3
6 229 
6 230 [3]
$C008,C024,0
6 231 [3]
$C008,4,0
5 245 ->
6 227 32770
6 228 4
6 229 
6 230 [3]
$3*0
6 231 [3]
$4034,2*0
5 245 ->
6 227 32770
6 228 5
6 229 
6 230 [3]
$4034,2*0
6 231 [3]
$4034,C02,0
5 246 [4][3]
$3FF,2*0
$2*0,BFF
$0,3FF,0
$3*0
2 113 -1
2 114 NULL
2 115 NULL
2 129 [2]
$7,180
2 116 ->
3 302 [2]
4 302 
5 303 10
5 304 15
4 302 
5 303 166
5 304 0
3 305 [5]
4 305 
5 306 10
5 307 0
4 305 
5 306 192
5 307 1
4 305 
5 306 194
5 307 1
4 305 
5 306 196
5 307 1
4 305 
5 306 198
5 307 1
3 308 [5]
4 308 
5 309 20
5 310 [1]
6 310 11
4 308 
5 309 22
5 310 [1]
6 310 12
4 308 
5 309 24
5 310 [1]
6 310 13
4 308 
5 309 26
5 310 [1]
6 310 14
4 308 
5 309 182
5 310 [1]
6 310 183
3 311 [8]
4 311 
5 312 16
5 313 [2]
$19,23
4 311 
5 312 17
5 313 [2]
$16,25
4 311 
5 312 18
5 313 [2]
$17,27
4 311 
5 312 19
5 313 [2]
$18,21
4 311 
5 312 21
5 313 [2]
$16,14
4 311 
5 312 23
5 313 [2]
$17,11
4 311 
5 312 25
5 313 [2]
$18,12
4 311 
5 312 27
5 313 [2]
$19,13
3 117 10
3 118 0
3 119 [2][3]
$2*0,C02
$4034,402,0
3 120 4036FA6EA162D0F
3 121 NULL
3 122 -1
2 123 -1
2 124 NULL
2 125 6
2 126 ->
3 250 [2]
4 250 ->
5 251 4
5 252 0
5 253 0
5 254 5
4 250 ->
5 251 4
5 252 0
5 253 1
5 254 5
3 127 1
1 128 ->
2 36 208
2 37 1
2 38 ->
3 39 63
3 40 979
3 41 NULL
3 42 0
3 43 [3]
$3*0
3 44 0
3 45 -1
3 46 -1
3 47 ->
4 48 0
4 49 0
4 50 -1
4 51 -1
4 52 -1
4 53 -1
4 54 0
4 55 0
4 56 0
4 57 1
3 58 0
2 59 -1
2 60 no_name
2 61 2
@entity(coord_sys) 319 0
2 319 ->
@type 320 1
3 320 18
@id 321 1
3 321 209
@gen_info 322 0
3 322 
4 262 1
@sys_type 323 1
3 323 -1
@pnt_type 324 1
3 324 -1
@radius 325 2
3 325 0
@local_sys 326 2
3 326 [4][3]
$3FF,2*0
$2*0,3FF
$0,BFF,0
$4036,C,4
@feat_id 327 1
3 327 208
2 263 ->
3 264 34
3 265 EC_DEF
3 266 1
3 267 [3]
$4089C8E456E0620C,406B308C39A94136,405FED2E28D4E98E
3 268 209
3 269 0
3 270 BFF
3 271 BFF
3 272 
3 273 BFF
2 62 ->
3 274 [1]
4 274 
5 275 [5]
$209,534,0,-1,500
3 64 NULL
3 65 [18]
$3*-1,-2049,2*-1,-16777217,3*-1,-536870913,-1,-1126176897,-2,-2097185,
$-203555329,495,0
3 66 NULL
3 67 ->
4 68 150023
4 69 160010
2 70 
2 83 NULL
2 84 ->
2 85 ->
3 86 [4][3]
$3FF,2*0
$2*0,3FF
$0,BFF,0
$4036,C,4
3 87 [5]
4 87 ->
5 88 1240
5 89 0
5 90 -1
5 91 -1
5 92 196
5 93 -1
5 94 0
5 95 0
5 96 0
5 97 [1]
6 97 ->
7 98 6
7 103 ->
8 104 [1]
9 104 -100
4 87 ->
5 88 1240
5 89 0
5 90 -1
5 91 -1
5 92 198
5 93 -1
5 94 0
5 95 0
5 96 0
5 97 [1]
6 97 ->
7 98 6
7 103 ->
8 104 [1]
9 104 -100
4 87 ->
5 88 1240
5 89 0
5 90 -1
5 91 -1
5 92 187
5 93 -1
5 94 0
5 95 0
5 96 0
5 97 [1]
6 97 ->
7 98 6
7 103 ->
8 104 [1]
9 104 -100
4 87 ->
5 88 1270
5 89 3FF
5 90 -1
5 91 -1
5 92 -1
5 93 -1
5 94 0
5 95 0
5 96 0
5 97 [1]
6 97 ->
7 98 6
7 103 ->
8 104 [1]
9 104 -100
4 87 ->
5 88 1271
5 89 C
5 90 -1
5 91 -1
5 92 -1
5 93 -1
5 94 0
5 95 0
5 96 0
5 97 [1]
6 97 ->
7 98 6
7 103 ->
8 104 [1]
9 104 -100
3 105 -1
3 106 0
3 107 [1]
4 107 
5 108 10
5 109 0
5 110 [4][3]
$3FF,2*0
$2*0,3FF
$0,BFF,0
$4036,C,4
2 111 NULL
2 112 -1
2 113 -1
2 114 NULL
2 115 NULL
2 129 [1]
3 129 179
2 116 ->
3 117 15
3 118 0
3 119 [2][3]
$C008,C,C024
$4036,402,4
3 120 403D7A9306C70F64
3 121 NULL
3 122 -1
2 123 -1
2 124 NULL
2 125 2
2 126 ->
3 127 5
1 128 ->
2 36 211
2 37 1
2 38 ->
3 39 13
3 40 923
3 41 NULL
3 42 0
3 43 [3]
$3,2*0
3 44 0
3 45 -1
3 46 -1
3 47 ->
4 48 0
4 49 0
4 50 -1
4 51 970
4 52 -1
4 53 -1
4 54 0
4 55 0
4 56 0
4 57 0
3 58 0
2 59 -1
2 60 DTM4
2 61 2
2 62 ->
3 63 [1][4]
$212,3*0
3 64 NULL
3 65 [18]
$3*-1,-2049,2*-1,-16777217,3*-1,-536870913,-1,-1126176897,-2,-2097185,
$-203555329,8635887,0
3 66 NULL
3 67 ->
4 68 150025
4 69 160010
2 70 
3 71 [1]
4 71 ->
5 72 34
5 73 212
5 74 211
5 75 -1
5 76 [2][2]
$2*0
$2*0
5 77 ->
6 78 [4][3]
$0,3FF,0
$BFF,2*0
$2*0,3FF
$401,402,C01
5 79 NULL
5 80 0
5 81 1
5 82 [2][3]
$3*0
$3*0
2 83 NULL
2 84 ->
2 85 ->
3 86 [4][3]
$0,3FF,0
$BFF,2*0
$2*0,3FF
$401,402,C01
3 87 [1]
4 87 ->
5 88 508
5 89 3FF
5 90 -1
5 91 -1
5 92 178
5 93 212
5 94 0
5 95 0
5 96 32768
5 97 [2]
6 97 ->
7 98 1
7 99 ->
8 100 -4
8 101 5
8 102 0
6 97 ->
7 98 6
7 103 ->
8 104 [1]
9 104 -100
3 105 -1
3 106 1
3 107 [1]
4 107 
5 108 11
5 109 0
5 110 [4][3]
$0,3FF,0
$BFF,2*0
$2*0,3FF
$401,402,C01
2 111 NULL
2 112 212
2 113 -1
2 114 NULL
2 115 NULL
2 129 [1]
3 129 162
2 116 ->
3 117 15
3 118 0
3 119 [2][3]
$C008,C,C024
$4036,402,4
3 120 403D7A9306C70F64
3 121 NULL
3 122 -1
2 123 -1
2 124 NULL
2 125 0
2 126 ->
3 127 1
1 128 ->
2 36 213
2 37 1
2 38 ->
3 39 13
3 40 923
3 41 NULL
3 42 0
3 43 [3]
$3,2*0
3 44 0
3 45 -1
3 46 -1
3 47 ->
4 48 0
4 49 0
4 50 -1
4 51 970
4 52 -1
4 53 -1
4 54 0
4 55 0
4 56 0
4 57 0
3 58 0
2 59 -1
2 60 DTM5
2 61 2
2 62 ->
3 63 [1][4]
$214,3*0
3 64 NULL
3 65 [18]
$3*-1,-2049,2*-1,-16777217,3*-1,-536870913,-1,-1126176897,-2,-2097185,
$-203555329,8635887,0
3 66 NULL
3 67 ->
4 68 150025
4 69 160010
2 70 
3 71 [1]
4 71 ->
5 72 34
5 73 214
5 74 213
5 75 -1
5 76 [2][2]
$2*0
$2*0
5 77 ->
6 78 [4][3]
$2*0,3FF
$0,BFF,0
$3FF,2*0
$401,402,C01
5 79 NULL
5 80 0
5 81 1
5 82 [2][3]
$3*0
$3*0
2 83 NULL
2 84 ->
2 85 ->
3 86 [4][3]
$2*0,3FF
$0,BFF,0
$3FF,2*0
$401,402,C01
3 87 [2]
4 87 ->
5 88 504
5 89 3FF
5 90 -1
5 91 -1
5 92 212
5 93 214
5 94 0
5 95 0
5 96 32768
5 97 [2]
6 97 ->
7 98 1
7 99 ->
8 100 -4
8 101 5
8 102 0
6 97 ->
7 98 6
7 103 ->
8 104 [1]
9 104 -100
4 87 ->
5 88 508
5 89 3FF
5 90 -1
5 91 -1
5 92 178
5 93 214
5 94 0
5 95 0
5 96 32768
5 97 [2]
6 97 ->
7 98 1
7 99 ->
8 100 -4
8 101 5
8 102 0
6 97 ->
7 98 6
7 103 ->
8 104 [1]
9 104 -100
3 105 -1
3 106 1
3 107 [1]
4 107 
5 108 11
5 109 0
5 110 [4][3]
$2*0,3FF
$0,BFF,0
$3FF,2*0
$401,402,C01
2 111 NULL
2 112 214
2 113 -1
2 114 NULL
2 115 NULL
2 129 [2]
$162,211
2 116 ->
3 117 15
3 118 0
3 119 [2][3]
$C008,C,C024
$4036,402,4
3 120 403D7A9306C70F64
3 121 NULL
3 122 -1
2 123 -1
2 124 NULL
2 125 0
2 126 ->
3 127 2
1 128 ->
2 36 210
2 37 1
2 38 ->
3 39 63
3 40 979
3 41 NULL
3 42 0
3 43 [3]
$3*0
3 44 0
3 45 -1
3 46 -1
3 47 ->
4 48 0
4 49 0
4 50 -1
4 51 -1
4 52 -1
4 53 -1
4 54 0
4 55 0
4 56 0
4 57 1
3 58 0
2 59 -1
2 60 no_name
2 61 2
2 319 ->
3 320 18
3 321 215
3 322 
4 262 1
3 323 -1
3 324 -1
3 325 0
3 326 [4][3]
$0,3FF,0
$2*0,3FF
$3FF,2*0
$401,402,C01
3 327 210
2 263 ->
3 264 34
3 265 CS0
3 266 1
3 267 [3]
$4074ABD906D709EC,4080133F74E57F72,4043EE5AF152313C
3 268 215
3 269 13
3 270 BFF
3 271 BFF
3 272 
3 273 BFF
2 62 ->
3 274 [1]
4 274 
5 275 [5]
$215,534,0,-1,500
3 131 [2]
4 131 
5 132 212
5 133 -1
4 131 
5 132 214
5 133 -1
3 64 NULL
3 65 [18]
$3*-1,-2049,2*-1,-16777217,3*-1,-536870913,-1,-1126176897,-2,-2097185,
$-203555329,8635887,0
3 66 NULL
3 67 ->
4 68 150025
4 69 160010
2 70 
2 83 NULL
2 84 ->
2 85 ->
3 86 [4][3]
$0,3FF,0
$2*0,3FF
$3FF,2*0
$401,402,C01
3 87 [5]
4 87 ->
5 88 1240
5 89 0
5 90 -1
5 91 -1
5 92 15
5 93 -1
5 94 0
5 95 0
5 96 0
5 97 [1]
6 97 ->
7 98 6
7 103 ->
8 104 [1]
9 104 -100
4 87 ->
5 88 1240
5 89 0
5 90 -1
5 91 -1
5 92 212
5 93 -1
5 94 0
5 95 0
5 96 0
5 97 [1]
6 97 ->
7 98 6
7 103 ->
8 104 [1]
9 104 -100
4 87 ->
5 88 1240
5 89 0
5 90 -1
5 91 -1
5 92 214
5 93 -1
5 94 0
5 95 0
5 96 0
5 97 [1]
6 97 ->
7 98 6
7 103 ->
8 104 [1]
9 104 -100
4 87 ->
5 88 1270
5 89 4
5 90 -1
5 91 -1
5 92 -1
5 93 -1
5 94 0
5 95 0
5 96 0
5 97 [1]
6 97 ->
7 98 6
7 103 ->
8 104 [1]
9 104 -100
4 87 ->
5 88 1271
5 89 4008
5 90 -1
5 91 -1
5 92 -1
5 93 -1
5 94 0
5 95 0
5 96 0
5 97 [1]
6 97 ->
7 98 6
7 103 ->
8 104 [1]
9 104 -100
3 105 -1
3 106 0
3 107 [1]
4 107 
5 108 10
5 109 0
5 110 [4][3]
$0,3FF,0
$2*0,3FF
$3FF,2*0
$401,402,C01
2 111 NULL
2 112 -1
2 113 -1
2 114 NULL
2 115 NULL
2 129 [3]
$7,211,213
2 116 ->
3 117 15
3 118 0
3 119 [2][3]
$C008,C,C024
$4036,402,4
3 120 403D7A9306C70F64
3 121 NULL
3 122 -1
2 123 -1
2 124 NULL
2 125 1
2 126 ->
3 127 5
1 128 ->
2 36 217
2 37 1
2 38 ->
3 39 13
3 40 923
3 41 NULL
3 42 0
3 43 [3]
$3,2*0
3 44 0
3 45 -1
3 46 -1
3 47 ->
4 48 0
4 49 0
4 50 -1
4 51 970
4 52 -1
4 53 -1
4 54 0
4 55 0
4 56 0
4 57 0
3 58 0
2 59 -1
2 60 DTM6
2 61 2
2 62 ->
3 63 [1][4]
$218,3*0
3 64 NULL
3 65 [18]
$3*-1,-2049,2*-1,-16777217,3*-1,-536870913,-1,-1126176897,-2,-2097185,
$-203555329,8635887,0
3 66 NULL
3 67 ->
4 68 150025
4 69 160010
2 70 
3 71 [1]
4 71 ->
5 72 34
5 73 218
5 74 217
5 75 -1
5 76 [2][2]
$2*0
$2*0
5 77 ->
6 78 [4][3]
$0,3FF,0
$BFF,2*0
$2*0,3FF
$4024,402,C01
5 79 NULL
5 80 0
5 81 1
5 82 [2][3]
$3*0
$3*0
2 83 NULL
2 84 ->
2 85 ->
3 86 [4][3]
$0,3FF,0
$BFF,2*0
$2*0,3FF
$4024,402,C01
3 87 [1]
4 87 ->
5 88 508
5 89 3FF
5 90 -1
5 91 -1
5 92 161
5 93 218
5 94 0
5 95 0
5 96 32768
5 97 [2]
6 97 ->
7 98 1
7 99 ->
8 100 -4
8 101 5
8 102 0
6 97 ->
7 98 6
7 103 ->
8 104 [1]
9 104 -100
3 105 -1
3 106 1
3 107 [1]
4 107 
5 108 11
5 109 0
5 110 [4][3]
$0,3FF,0
$BFF,2*0
$2*0,3FF
$4024,402,C01
2 111 NULL
2 112 218
2 113 -1
2 114 NULL
2 115 NULL
2 129 [1]
3 129 145
2 116 ->
3 117 15
3 118 0
3 119 [2][3]
$C008,C,C024
$4036,402,4
3 120 403D7A9306C70F64
3 121 NULL
3 122 -1
2 123 -1
2 124 NULL
2 125 0
2 126 ->
3 127 1
1 128 ->
2 36 219
2 37 1
2 38 ->
3 39 13
3 40 923
3 41 NULL
3 42 0
3 43 [3]
$3,2*0
3 44 0
3 45 -1
3 46 -1
3 47 ->
4 48 0
4 49 0
4 50 -1
4 51 970
4 52 -1
4 53 -1
4 54 0
4 55 0
4 56 0
4 57 0
3 58 0
2 59 -1
2 60 DTM7
2 61 2
2 62 ->
3 63 [1][4]
$220,3*0
3 64 NULL
3 65 [18]
$3*-1,-2049,2*-1,-16777217,3*-1,-536870913,-1,-1126176897,-2,-2097185,
$-203555329,8635887,0
3 66 NULL
3 67 ->
4 68 150025
4 69 160010
2 70 
3 71 [1]
4 71 ->
5 72 34
5 73 220
5 74 219
5 75 -1
5 76 [2][2]
$2*0
$2*0
5 77 ->
6 78 [4][3]
$2*0,BFF
$BFF,2*0
$0,3FF,0
$4024,402,C01
5 79 NULL
5 80 0
5 81 1
5 82 [2][3]
$3*0
$3*0
2 83 NULL
2 84 ->
2 85 ->
3 86 [4][3]
$2*0,BFF
$BFF,2*0
$0,3FF,0
$4024,402,C01
3 87 [2]
4 87 ->
5 88 508
5 89 3FF
5 90 -1
5 91 -1
5 92 161
5 93 220
5 94 0
5 95 0
5 96 32768
5 97 [2]
6 97 ->
7 98 1
7 99 ->
8 100 -4
8 101 5
8 102 0
6 97 ->
7 98 6
7 103 ->
8 104 [1]
9 104 -100
4 87 ->
5 88 504
5 89 3FF
5 90 -1
5 91 -1
5 92 218
5 93 220
5 94 0
5 95 0
5 96 32768
5 97 [2]
6 97 ->
7 98 1
7 99 ->
8 100 -4
8 101 5
8 102 0
6 97 ->
7 98 6
7 103 ->
8 104 [1]
9 104 -100
3 105 -1
3 106 1
3 107 [1]
4 107 
5 108 11
5 109 0
5 110 [4][3]
$2*0,BFF
$BFF,2*0
$0,3FF,0
$4024,402,C01
2 111 NULL
2 112 220
2 113 -1
2 114 NULL
2 115 NULL
2 129 [2]
$145,217
2 116 ->
3 117 15
3 118 0
3 119 [2][3]
$C008,C,C024
$4036,402,4
3 120 403D7A9306C70F64
3 121 NULL
3 122 -1
2 123 -1
2 124 NULL
2 125 0
2 126 ->
3 127 2
1 128 ->
2 36 216
2 37 1
2 38 ->
3 39 63
3 40 979
3 41 NULL
3 42 0
3 43 [3]
$3*0
3 44 0
3 45 -1
3 46 -1
3 47 ->
4 48 0
4 49 0
4 50 -1
4 51 -1
4 52 -1
4 53 -1
4 54 0
4 55 0
4 56 0
4 57 1
3 58 0
2 59 -1
2 60 no_name
2 61 2
2 319 ->
3 320 18
3 321 221
3 322 
4 262 1
3 323 -1
3 324 -1
3 325 0
3 326 [4][3]
$0,3FF,0
$2*0,3FF
$3FF,2*0
$4024,402,C01
3 327 216
2 263 ->
3 264 34
3 265 CS1
3 266 1
3 267 [3]
$407E10B20993FFB6,4080133F74E57F72,4059DA30D96D84DC
3 268 221
3 269 13
3 270 BFF
3 271 BFF
3 272 
3 273 BFF
2 62 ->
3 274 [1]
4 274 
5 275 [5]
$221,534,0,-1,500
3 131 [2]
4 131 
5 132 218
5 133 -1
4 131 
5 132 220
5 133 -1
3 64 NULL
3 65 [18]
$3*-1,-2049,2*-1,-16777217,3*-1,-536870913,-1,-1126176897,-2,-2097185,
$-203555329,8635887,0
3 66 NULL
3 67 ->
4 68 150025
4 69 160010
2 70 
2 83 NULL
2 84 ->
2 85 ->
3 86 [4][3]
$0,3FF,0
$2*0,3FF
$3FF,2*0
$4024,402,C01
3 87 [5]
4 87 ->
5 88 1240
5 89 0
5 90 -1
5 91 -1
5 92 15
5 93 -1
5 94 0
5 95 0
5 96 0
5 97 [1]
6 97 ->
7 98 6
7 103 ->
8 104 [1]
9 104 -100
4 87 ->
5 88 1240
5 89 0
5 90 -1
5 91 -1
5 92 218
5 93 -1
5 94 0
5 95 0
5 96 0
5 97 [1]
6 97 ->
7 98 6
7 103 ->
8 104 [1]
9 104 -100
4 87 ->
5 88 1240
5 89 0
5 90 -1
5 91 -1
5 92 220
5 93 -1
5 94 0
5 95 0
5 96 0
5 97 [1]
6 97 ->
7 98 6
7 103 ->
8 104 [1]
9 104 -100
4 87 ->
5 88 1270
5 89 4
5 90 -1
5 91 -1
5 92 -1
5 93 -1
5 94 0
5 95 0
5 96 0
5 97 [1]
6 97 ->
7 98 6
7 103 ->
8 104 [1]
9 104 -100
4 87 ->
5 88 1271
5 89 4008
5 90 -1
5 91 -1
5 92 -1
5 93 -1
5 94 0
5 95 0
5 96 0
5 97 [1]
6 97 ->
7 98 6
7 103 ->
8 104 [1]
9 104 -100
3 105 -1
3 106 0
3 107 [1]
4 107 
5 108 10
5 109 0
5 110 [4][3]
$0,3FF,0
$2*0,3FF
$3FF,2*0
$4024,402,C01
2 111 NULL
2 112 -1
2 113 -1
2 114 NULL
2 115 NULL
2 129 [3]
$7,217,219
2 116 ->
3 117 15
3 118 0
3 119 [2][3]
$C008,C,C024
$4036,402,4
3 120 403D7A9306C70F64
3 121 NULL
3 122 -1
2 123 -1
2 124 NULL
2 125 1
2 126 ->
3 127 5
1 128 ->
2 36 223
2 37 1
2 38 ->
3 39 13
3 40 923
3 41 NULL
3 42 0
3 43 [3]
$3,2*0
3 44 0
3 45 -1
3 46 -1
3 47 ->
4 48 0
4 49 0
4 50 -1
4 51 970
4 52 -1
4 53 -1
4 54 0
4 55 0
4 56 0
4 57 0
3 58 0
2 59 -1
2 60 DTM8
2 61 2
2 62 ->
3 63 [1][4]
$224,3*0
3 64 NULL
3 65 [18]
$3*-1,-2049,2*-1,-16777217,3*-1,-536870913,-1,-1126176897,-2,-2097185,
$-203555329,8635887,0
3 66 NULL
3 67 ->
4 68 150025
4 69 160010
2 70 
3 71 [1]
4 71 ->
5 72 34
5 73 224
5 74 223
5 75 -1
5 76 [2][2]
$2*0
$2*0
5 77 ->
6 78 [4][3]
$0,3FF,0
$BFF,2*0
$2*0,3FF
$403,402,C01
5 79 NULL
5 80 0
5 81 1
5 82 [2][3]
$3*0
$3*0
2 83 NULL
2 84 ->
2 85 ->
3 86 [4][3]
$0,3FF,0
$BFF,2*0
$2*0,3FF
$403,402,C01
3 87 [1]
4 87 ->
5 88 508
5 89 3FF
5 90 -1
5 91 -1
5 92 45
5 93 224
5 94 0
5 95 0
5 96 32768
5 97 [2]
6 97 ->
7 98 1
7 99 ->
8 100 -4
8 101 5
8 102 0
6 97 ->
7 98 6
7 103 ->
8 104 [1]
9 104 -100
3 105 -1
3 106 1
3 107 [1]
4 107 
5 108 11
5 109 0
5 110 [4][3]
$0,3FF,0
$BFF,2*0
$2*0,3FF
$403,402,C01
2 111 NULL
2 112 224
2 113 -1
2 114 NULL
2 115 NULL
2 129 [1]
3 129 28
2 116 ->
3 117 15
3 118 0
3 119 [2][3]
$C008,C,C024
$4036,402,4
3 120 403D7A9306C70F64
3 121 NULL
3 122 -1
2 123 -1
2 124 NULL
2 125 0
2 126 ->
3 127 1
1 128 ->
2 36 225
2 37 1
2 38 ->
3 39 13
3 40 923
3 41 NULL
3 42 0
3 43 [3]
$3,2*0
3 44 0
3 45 -1
3 46 -1
3 47 ->
4 48 0
4 49 0
4 50 -1
4 51 970
4 52 -1
4 53 -1
4 54 0
4 55 0
4 56 0
4 57 0
3 58 0
2 59 -1
2 60 DTM9
2 61 2
2 62 ->
3 63 [1][4]
$226,3*0
3 64 NULL
3 65 [18]
$3*-1,-2049,2*-1,-16777217,3*-1,-536870913,-1,-1126176897,-2,-2097185,
$-203555329,8635887,0
3 66 NULL
3 67 ->
4 68 150025
4 69 160010
2 70 
3 71 [1]
4 71 ->
5 72 34
5 73 226
5 74 225
5 75 -1
5 76 [2][2]
$2*0
$2*0
5 77 ->
6 78 [4][3]
$2*0,BFF
$BFF,2*0
$0,3FF,0
$403,402,C01
5 79 NULL
5 80 0
5 81 1
5 82 [2][3]
$3*0
$3*0
2 83 NULL
2 84 ->
2 85 ->
3 86 [4][3]
$2*0,BFF
$BFF,2*0
$0,3FF,0
$403,402,C01
3 87 [2]
4 87 ->
5 88 508
5 89 3FF
5 90 -1
5 91 -1
5 92 45
5 93 226
5 94 0
5 95 0
5 96 32768
5 97 [2]
6 97 ->
7 98 1
7 99 ->
8 100 -4
8 101 5
8 102 0
6 97 ->
7 98 6
7 103 ->
8 104 [1]
9 104 -100
4 87 ->
5 88 504
5 89 3FF
5 90 -1
5 91 -1
5 92 224
5 93 226
5 94 0
5 95 0
5 96 32768
5 97 [2]
6 97 ->
7 98 1
7 99 ->
8 100 -4
8 101 5
8 102 0
6 97 ->
7 98 6
7 103 ->
8 104 [1]
9 104 -100
3 105 -1
3 106 1
3 107 [1]
4 107 
5 108 11
5 109 0
5 110 [4][3]
$2*0,BFF
$BFF,2*0
$0,3FF,0
$403,402,C01
2 111 NULL
2 112 226
2 113 -1
2 114 NULL
2 115 NULL
2 129 [2]
$28,223
2 116 ->
3 117 15
3 118 0
3 119 [2][3]
$C008,C,C024
$4036,402,4
3 120 403D7A9306C70F64
3 121 NULL
3 122 -1
2 123 -1
2 124 NULL
2 125 0
2 126 ->
3 127 2
1 128 ->
2 36 222
2 37 1
2 38 ->
3 39 63
3 40 979
3 41 NULL
3 42 0
3 43 [3]
$3*0
3 44 0
3 45 -1
3 46 -1
3 47 ->
4 48 0
4 49 0
4 50 -1
4 51 -1
4 52 -1
4 53 -1
4 54 0
4 55 0
4 56 0
4 57 1
3 58 0
2 59 -1
2 60 no_name
2 61 2
2 319 ->
3 320 18
3 321 227
3 322 
4 262 1
3 323 -1
3 324 -1
3 325 0
3 326 [4][3]
$0,3FF,0
$2*0,3FF
$3FF,2*0
$403,402,C01
3 327 222
2 263 ->
3 264 34
3 265 CS2
3 266 1
3 267 [3]
$4083BAC586287AC,4080133F74E57F72,4064DE9A1D18F889
3 268 227
3 269 13
3 270 BFF
3 271 BFF
3 272 
3 273 BFF
2 62 ->
3 274 [1]
4 274 
5 275 [5]
$227,534,0,-1,500
3 131 [2]
4 131 
5 132 224
5 133 -1
4 131 
5 132 226
5 133 -1
3 64 NULL
3 65 [18]
$3*-1,-2049,2*-1,-16777217,3*-1,-536870913,-1,-1126176897,-2,-2097185,
$-203555329,8635887,0
3 66 NULL
3 67 ->
4 68 150025
4 69 160010
2 70 
2 83 NULL
2 84 ->
2 85 ->
3 86 [4][3]
$0,3FF,0
$2*0,3FF
$3FF,2*0
$403,402,C01
3 87 [5]
4 87 ->
5 88 1240
5 89 0
5 90 -1
5 91 -1
5 92 15
5 93 -1
5 94 0
5 95 0
5 96 0
5 97 [1]
6 97 ->
7 98 6
7 103 ->
8 104 [1]
9 104 -100
4 87 ->
5 88 1240
5 89 0
5 90 -1
5 91 -1
5 92 224
5 93 -1
5 94 0
5 95 0
5 96 0
5 97 [1]
6 97 ->
7 98 6
7 103 ->
8 104 [1]
9 104 -100
4 87 ->
5 88 1240
5 89 0
5 90 -1
5 91 -1
5 92 226
5 93 -1
5 94 0
5 95 0
5 96 0
5 97 [1]
6 97 ->
7 98 6
7 103 ->
8 104 [1]
9 104 -100
4 87 ->
5 88 1270
5 89 4
5 90 -1
5 91 -1
5 92 -1
5 93 -1
5 94 0
5 95 0
5 96 0
5 97 [1]
6 97 ->
7 98 6
7 103 ->
8 104 [1]
9 104 -100
4 87 ->
5 88 1271
5 89 4008
5 90 -1
5 91 -1
5 92 -1
5 93 -1
5 94 0
5 95 0
5 96 0
5 97 [1]
6 97 ->
7 98 6
7 103 ->
8 104 [1]
9 104 -100
3 105 -1
3 106 0
3 107 [1]
4 107 
5 108 10
5 109 0
5 110 [4][3]
$0,3FF,0
$2*0,3FF
$3FF,2*0
$403,402,C01
2 111 NULL
2 112 -1
2 113 -1
2 114 NULL
2 115 NULL
2 129 [3]
$7,223,225
2 116 ->
3 117 15
3 118 0
3 119 [2][3]
$C008,C,C024
$4036,402,4
3 120 403D7A9306C70F64
3 121 NULL
3 122 -1
2 123 -1
2 124 NULL
2 125 1
2 126 ->
3 127 5
1 128 NULL
@assem_mass_prop_ptr 328 0
1 328 NULL
@mass_prop_ptr 329 0
1 329 ->
@type 330 1
2 330 0
@density 331 2
2 331 0
@init_dens 332 5
2 332 0
@rel_density 333 2
2 333 0
@init_rel_dens 334 5
2 334 0
@aver_density 335 2
2 335 0
@vrevnum 336 1
2 336 -1
@volume 337 2
2 337 0
@cg 338 2
2 338 [3]
$3*0
@inertia 339 2
2 339 [3][3]
$3*0
$3*0
$3*0
@eps 340 2
2 340 0
@surfarea 341 2
2 341 0
@assign_mp_ptr 342 0
1 342 NULL
@tol_default_ptr 343 0
1 343 ->
@type 344 1
2 344 10
@value 345 2
2 345 [7]
$0,3FB9R,3F847AE147AE147B,3F50624DD2F1A9FC,3F1A36E2EB1C432D,
$3EE4F8B588E368F1,3EB0C6F7A0B5ED8E
@ang_value 346 2
2 346 [7]
$0,6*3FE
@standard 347 1
2 347 0
@iso_tol_tbls_ptr 348 0
2 348 NULL
@first_xsec_ptr 349 0
1 349 NULL
@datum_count 350 1
1 350 0
@axis_count 351 1
1 351 8
@insert_layer_id 352 1
1 352 -1
@layer_count 353 1
1 353 1
@layer_list 354 0
1 354 [22]
2 354 
@feat_id 355 1
3 355 1
@layer_id 356 1
3 356 0
@back_layer_id 357 1
3 357 0
2 354 
3 355 3
3 356 0
3 357 0
2 354 
3 355 5
3 356 0
3 357 0
2 354 
3 355 8
3 356 0
3 357 0
2 354 
3 355 7
3 356 0
3 357 0
2 354 
3 355 29
3 356 0
3 357 0
2 354 
3 355 31
3 356 0
3 357 0
2 354 
3 355 28
3 356 0
3 357 0
2 354 
3 355 145
3 356 0
3 357 0
2 354 
3 355 162
3 356 0
3 357 0
2 354 
3 355 180
3 356 0
3 357 0
2 354 
3 355 179
3 356 0
3 357 0
2 354 
3 355 208
3 356 0
3 357 0
2 354 
3 355 211
3 356 0
3 357 0
2 354 
3 355 213
3 356 0
3 357 0
2 354 
3 355 210
3 356 0
3 357 0
2 354 
3 355 217
3 356 0
3 357 0
2 354 
3 355 219
3 356 0
3 357 0
2 354 
3 355 216
3 356 0
3 357 0
2 354 
3 355 223
3 356 0
3 357 0
2 354 
3 355 225
3 356 0
3 357 0
2 354 
3 355 222
3 356 0
3 357 0
@lang_ptr 358 0
1 358 ->
@interact_on 359 1
2 359 -1
@first_csys_ptr 360 0
1 360 NULL
@color_prop_ptr 361 0
1 361 ->
@color_tab 362 0
2 362 [1]
3 362 
@maximum 363 2
4 363 [3]
$3FC3R,3FE8,3FC3R
@ambient 364 2
4 364 3FF
@diffuse 365 2
4 365 3FF
@specular 366 2
4 366 3FE
@spec_coef 367 2
4 367 3FE
@transmission 368 2
4 368 0
@threshold 369 1
4 369 90
@gl_ind 370 1
4 370 0
@surf_ind_tab 371 0
2 371 [1]
3 371 
@surf_id 372 1
4 372 -1
@surf_color_inds 373 1
4 373 [2]
$0,-1
@fem_data 374 0
1 374 NULL
@rel_part_eps 375 2
1 375 3F53A92A30553261
@names_table 376 0
1 376 [13]
2 376 ->
@id 377 1
3 377 2
@type 378 1
3 378 5
@name 379 10
3 379 DTM1
2 376 ->
3 377 4
3 378 5
3 379 DTM2
2 376 ->
3 377 6
3 378 5
3 379 DTM3
2 376 ->
3 377 212
3 378 5
3 379 DTM4
2 376 ->
3 377 214
3 378 5
3 379 DTM5
2 376 ->
3 377 218
3 378 5
3 379 DTM6
2 376 ->
3 377 220
3 378 5
3 379 DTM7
2 376 ->
3 377 224
3 378 5
3 379 DTM8
2 376 ->
3 377 226
3 378 5
3 379 DTM9
2 376 ->
3 377 209
3 378 25
3 379 EC_DEF
2 376 ->
3 377 215
3 378 25
3 379 CS0
2 376 ->
3 377 221
3 378 25
3 379 CS1
2 376 ->
3 377 227
3 378 25
3 379 CS2
@drv_tbl_ptr 380 0
1 380 NULL
@assembled_count 381 1
1 381 1
@part_type 382 1
1 382 1
@mat_name_ptr 383 10
1 383 NULL
@first_ent_id 384 1
1 384 530907
@first_view_id 385 1
1 385 0
@outline 386 2
1 386 [2][3]
$C008,C,C024
$4036,402,4
@dim_num 387 1
1 387 17
@dim_array 388 0
1 388 [17]
2 388 ->
@type 389 1
3 389 8
@dim_type 390 1
3 390 42
@feat_id 391 1
3 391 7
@attributes 392 1
3 392 32
@dim_dat_ptr 393 0
3 393 ->
@value 394 2
4 394 0
@bck_value 395 2
4 395 0
@tol_ptr 396 0
4 396 ->
@type 397 1
5 397 9
@tol_type 398 1
5 398 3
@dual_digits_diff 399 1
5 399 999
@value 400 2
5 400 [2]
$2*3F847AE147AE147B
@nominal_value 401 2
4 401 0
@bound 402 1
4 402 20
@bck_bound 403 1
4 403 -1
@bck_tol_ptr 404 0
4 404 ->
@value 405 2
5 405 [2]
$2*3F847AE147AE147B
@datum_def_id 406 1
4 406 -1
@places_denom 407 1
4 407 2
@bck_places_denom 408 1
4 408 2
@dim_data_attrib 409 1
4 409 0
@dim_cosm_ptr 410 0
3 410 ->
@d0 411 2
4 411 0
@d1 412 2
4 412 0
@d2 413 2
4 413 0
@d3 414 2
4 414 0
@ord_info 415 0
4 415 NULL
@attach_ptr 416 0
3 416 NULL
@dim_text_ptr 417 0
3 417 ->
@symbol 418 10
4 418 d0
@parent_dim_id 419 1
3 419 -1
2 388 ->
3 389 8
3 390 42
3 391 7
3 392 32
3 393 ->
4 394 0
4 395 0
4 396 ->
5 397 9
5 398 3
5 399 999
5 400 [2]
$2*3F847AE147AE147B
4 401 0
4 402 20
4 403 -1
4 404 ->
5 405 [2]
$2*3F847AE147AE147B
4 406 -1
4 407 2
4 408 2
4 409 0
3 410 ->
4 411 0
4 412 0
4 413 0
4 414 0
4 415 NULL
3 416 NULL
3 417 ->
4 418 d1
3 419 -1
2 388 ->
3 389 8
3 390 1
3 391 7
3 392 289
3 393 ->
4 394 402
4 395 402
4 396 ->
5 397 9
5 398 3
5 399 999
5 400 [2]
$2*3F847AE147AE147B
4 401 402
4 402 20
4 403 -1
4 404 ->
5 405 [2]
$2*3F847AE147AE147B
4 406 -1
4 407 2
4 408 2
4 409 0
3 410 ->
4 411 C051143203845EE1
4 412 3FE15B1E5F75271
4 413 3FE0E99F0B4F966C
4 414 403B1EDB6DB6DB71
4 415 NULL
3 416 NULL
3 417 ->
4 418 d2
3 419 -1
2 388 ->
3 389 8
3 390 1
3 391 7
3 392 289
3 393 ->
4 394 4034
4 395 4034
4 396 ->
5 397 9
5 398 3
5 399 999
5 400 [2]
$2*3F847AE147AE147B
4 401 4034
4 402 20
4 403 -1
4 404 ->
5 405 [2]
$2*3F847AE147AE147B
4 406 -1
4 407 2
4 408 2
4 409 0
3 410 ->
4 411 3FD5A65CAD32E56B
4 412 404F16CC34266524
4 413 3FD565A2C5288065
4 414 403B1EDB6DB6DB71
4 415 NULL
3 416 NULL
3 417 ->
4 418 d3
3 419 -1
2 388 ->
3 389 8
3 390 62
3 391 7
3 392 385
3 393 ->
4 394 402
4 395 402
4 396 ->
5 397 9
5 398 3
5 399 999
5 400 [2]
$2*3F847AE147AE147B
4 401 402
4 402 20
4 403 -1
4 404 ->
5 405 [2]
$2*3F847AE147AE147B
4 406 -1
4 407 2
4 408 2
4 409 0
3 410 ->
4 411 0
4 412 0
4 413 0
4 414 0
4 415 NULL
3 416 NULL
3 417 ->
4 418 d4
3 419 -1
2 388 ->
3 389 8
3 390 62
3 391 28
3 392 385
3 393 ->
4 394 4018
4 395 4018
4 396 ->
5 397 9
5 398 3
5 399 999
5 400 [2]
$2*3F847AE147AE147B
4 401 4018
4 402 20
4 403 -1
4 404 ->
5 405 [2]
$2*3F847AE147AE147B
4 406 -1
4 407 2
4 408 2
4 409 0
3 410 ->
4 411 0
4 412 0
4 413 0
4 414 0
4 415 NULL
3 416 NULL
3 417 ->
4 418 d5
3 419 -1
2 388 ->
3 389 8
3 390 4
3 391 28
3 392 257
3 393 ->
4 394 3FF
4 395 3FF
4 396 ->
5 397 9
5 398 3
5 399 999
5 400 [2]
$2*3F847AE147AE147B
4 401 3FF
4 402 20
4 403 -1
4 404 ->
5 405 [2]
$2*3F847AE147AE147B
4 406 -1
4 407 2
4 408 2
4 409 0
3 410 ->
4 411 0
4 412 0
4 413 0
4 414 0
4 415 NULL
3 416 NULL
3 417 ->
4 418 d6
@line_array 420 0
4 420 [1]
5 420 
@text_array 421 0
6 421 [2]
7 421 
@text_type 422 1
8 422 54
@text_value 423 10
8 423 n
@txt_attrib 424 1
8 424 1024
@owner_id 425 1
8 425 6
@part_id 426 1
8 426 55
@height 427 2
8 427 BFF
@width_factor 428 2
8 428 BFF
@format_info 429 0
8 429 
@thickness 430 2
8 430 BFF
7 421 
8 422 61
8 423 
8 424 1025
8 425 6
8 426 55
8 427 BFF
8 428 BFF
8 429 
8 430 BFF
3 419 -1
2 388 ->
3 389 8
3 390 201
3 391 28
3 392 257
3 393 ->
4 394 401
4 395 401
4 396 ->
5 397 9
5 398 3
5 399 999
5 400 [2]
$2*3F847AE147AE147B
4 401 401
4 402 20
4 403 -1
4 404 ->
5 405 [2]
$2*3F847AE147AE147B
4 406 -1
4 407 2
4 408 2
4 409 0
3 410 ->
4 411 0
4 412 0
4 413 0
4 414 0
4 415 NULL
3 416 NULL
3 417 ->
4 418 d7
3 419 -1
2 388 ->
3 389 8
3 390 201
3 391 28
3 392 261
3 393 ->
4 394 401
4 395 401
4 396 ->
5 397 9
5 398 3
5 399 999
5 400 [2]
$2*3F847AE147AE147B
4 401 401
4 402 20
4 403 -1
4 404 ->
5 405 [2]
$2*3F847AE147AE147B
4 406 -1
4 407 2
4 408 2
4 409 0
3 410 ->
4 411 0
4 412 0
4 413 0
4 414 0
4 415 NULL
3 416 NULL
3 417 ->
4 418 d8
3 419 -1
2 388 ->
3 389 8
3 390 9
3 391 28
3 392 257
3 393 ->
4 394 4018
4 395 4018
4 396 ->
5 397 9
5 398 3
5 399 999
5 400 [2]
$2*3F847AE147AE147B
4 401 4018
4 402 20
4 403 -1
4 404 ->
5 405 [2]
$2*3F847AE147AE147B
4 406 -1
4 407 2
4 408 2
4 409 0
3 410 ->
4 411 0
4 412 0
4 413 0
4 414 0
4 415 NULL
3 416 NULL
3 417 ->
4 418 d9
3 419 -1
2 388 ->
3 389 8
3 390 201
3 391 145
3 392 265
3 393 ->
4 394 4024
4 395 4024
4 396 ->
5 397 9
5 398 3
5 399 999
5 400 [2]
$2*3F847AE147AE147B
4 401 4024
4 402 20
4 403 -1
4 404 ->
5 405 [2]
$2*3F847AE147AE147B
4 406 -1
4 407 2
4 408 2
4 409 0
3 410 ->
4 411 0
4 412 0
4 413 0
4 414 0
4 415 NULL
3 416 NULL
3 417 ->
4 418 d10
3 419 -1
2 388 ->
3 389 8
3 390 201
3 391 162
3 392 265
3 393 ->
4 394 403
4 395 403
4 396 ->
5 397 9
5 398 3
5 399 999
5 400 [2]
$2*3F847AE147AE147B
4 401 403
4 402 20
4 403 -1
4 404 ->
5 405 [2]
$2*3F847AE147AE147B
4 406 -1
4 407 2
4 408 2
4 409 0
3 410 ->
4 411 0
4 412 0
4 413 0
4 414 0
4 415 NULL
3 416 NULL
3 417 ->
4 418 d11
3 419 -1
2 388 ->
3 389 8
3 390 5
3 391 179
3 392 289
3 393 ->
4 394 4
4 395 4
4 396 ->
5 397 9
5 398 3
5 399 999
5 400 [2]
$2*3F847AE147AE147B
4 401 4
4 402 20
4 403 -1
4 404 ->
5 405 [2]
$2*3F847AE147AE147B
4 406 -1
4 407 2
4 408 2
4 409 0
3 410 ->
4 411 3FE671B7A26A1994
4 412 4051543203845EDC
4 413 405181E67C76089
4 414 403B1EDB6DB6DB72
4 415 NULL
3 416 NULL
3 417 ->
4 418 d12
3 419 -1
2 388 ->
3 389 8
3 390 5
3 391 179
3 392 289
3 393 ->
4 394 4
4 395 4
4 396 ->
5 397 9
5 398 3
5 399 999
5 400 [2]
$2*3F847AE147AE147B
4 401 4
4 402 20
4 403 -1
4 404 ->
5 405 [2]
$2*3F847AE147AE147B
4 406 -1
4 407 2
4 408 2
4 409 0
3 410 ->
4 411 3FEAA08295A0C83B
4 412 3FE42BC2BC2BC2BC
4 413 40532ADFF3E78F12
4 414 403B1EDB6DB6DB72
4 415 NULL
3 416 NULL
3 417 ->
4 418 d13
3 419 -1
2 388 ->
3 389 8
3 390 1
3 391 179
3 392 289
3 393 ->
4 394 4039
4 395 4039
4 396 ->
5 397 9
5 398 3
5 399 999
5 400 [2]
$2*3F847AE147AE147B
4 401 4039
4 402 20
4 403 -1
4 404 ->
5 405 [2]
$2*3F847AE147AE147B
4 406 -1
4 407 2
4 408 2
4 409 0
3 410 ->
4 411 3FE2F9BE29E556C9
4 412 4051D6B56AC946F2
4 413 3FE2EE6E5233E3F5
4 414 403B1EDB6DB6DB72
4 415 NULL
3 416 NULL
3 417 ->
4 418 d14
3 419 -1
2 388 ->
3 389 8
3 390 1
3 391 179
3 392 289
3 393 ->
4 394 4028
4 395 4028
4 396 ->
5 397 9
5 398 3
5 399 999
5 400 [2]
$2*3F847AE147AE147B
4 401 4028
4 402 20
4 403 -1
4 404 ->
5 405 [2]
$2*3F847AE147AE147B
4 406 -1
4 407 2
4 408 2
4 409 0
3 410 ->
4 411 3FE705B68BD58F6
4 412 3FDB13B13B13B13B
4 413 3FE29FC4BBA1D024
4 414 403B1EDB6DB6DB72
4 415 NULL
3 416 NULL
3 417 ->
4 418 d15
3 419 -1
2 388 ->
3 389 8
3 390 62
3 391 179
3 392 385
3 393 ->
4 394 4
4 395 4
4 396 ->
5 397 9
5 398 3
5 399 999
5 400 [2]
$2*3F847AE147AE147B
4 401 4
4 402 20
4 403 -1
4 404 ->
5 405 [2]
$2*3F847AE147AE147B
4 406 -1
4 407 2
4 408 2
4 409 0
3 410 ->
4 411 0
4 412 0
4 413 0
4 414 0
4 415 NULL
3 416 NULL
3 417 ->
4 418 d16
3 419 -1
@ipar_num 431 1
1 431 1
@ipar_array 432 0
1 432 [1]
2 432 ->
@type 433 1
3 433 1
@ipar_type 434 1
3 434 2
@feat_id 435 1
3 435 28
@attributes 436 1
3 436 1
@value 437 1
3 437 3
@bck_value 438 1
3 438 3
@relpar_sets 439 0
1 439 [1]
2 439 
@id 440 1
3 440 -1
@type 441 1
3 441 2
@ext_ref_id 442 1
3 442 -1
@relatnum 443 1
3 443 0
@unit_arr 444 0
1 444 [2]
2 444 
@type 445 1
3 445 21
@factor 446 2
3 446 3F9EB851EB851EB8
@name 447 10
3 447 MM
@unit_type 448 1
3 448 0
2 444 
3 445 12
3 446 4001A3173978B1AB
3 447 KILOGRAM
3 448 1
@geom_lib_ptr 449 0
1 449 NULL
@first_quilt_ptr 450 1
1 450 0
@attrib_array 451 1
1 451 [1]
2 451 0
@smt_info_ptr 452 0
1 452 NULL
@cable_info_ptr 453 0
1 453 NULL
@comp_info_ptr 454 0
1 454 NULL
@max_part_size 455 2
1 455 403D7A9306C70F64
@prt_misc_ptr 456 0
1 456 ->
@shrink_data_ptr 457 0
2 457 NULL
@layer_array 458 0
1 458 [2]
2 458 ->
@id 459 1
3 459 228
@type 460 1
3 460 117
@user_id 461 1
3 461 0
@weird_wline_ptr 462 0
3 462 ->
@weird_wline 463 10
4 463 CSYS
@layer_objects 464 0
3 464 [1]
4 464 
@type 465 1
5 465 3
@ids 466 1
5 466 [4]
$208,210,216,222
@saved_operation 467 1
3 467 3
2 458 ->
3 459 229
3 460 117
3 461 0
3 462 ->
4 463 AXES
3 464 [1]
4 464 
5 465 3
5 466 [3]
$28,145,162
3 467 3
@expld_mv_info 468 0
1 468 NULL
@state_info_ptr 469 0
1 469 NULL
@alumni_feats 470 0
1 470 NULL
@model_name 471 10
1 471 3PINCONN
@p_mdl_grid 472 0
1 472 NULL
@mdl_status_ptr 473 0
1 473 NULL
@cfg_states 474 0
1 474 NULL
@disp_outl_info 475 0
1 475 
@disp_outline 476 2
2 476 [2][3]
$C0092DDCEBCA85BC,C0012DDCEBCA85BC,C0244B773AF2A16F
$403625BB9D7950B8,40204B773AF2A16F,40012DDCEBCA85BC
@ribbon_info_ptr 477 0
1 477 NULL
@p_xref_data 478 0
1 478 ->
@View 479 0
0 479 ->
@id 480 1
1 480 0
@viewattr 481 0
1 481 
@attr_arr 482 1
2 482 [4]
$1,3*0
@mpoint 483 0
1 483 
@id 484 1
2 484 0
@coord 485 2
2 485 [3]
$4023,4008,C01
@first_instr_ptr 486 0
2 486 NULL
@attach_ptr 487 0
2 487 NULL
@vpoint 488 0
1 488 
2 484 0
2 485 [3]
$407F4,407A5E,0
2 486 NULL
2 487 NULL
@orient 489 2
1 489 [4][4]
$3FED7954E7DBA2F8,0,3FD8EC3AE92B676B,0
$BFD385CE5246572,3FE3E43A9692E21C,3FE7167619F550A2,0
$BFCEFC077F3F36A6,BFE91103985DA841,3FE25240DD3851BF,0
$3*0,3FF
@local_sys 490 2
1 490 [4][4]
$40390CED5CA28F71,0,40252EAF2BB0905,0
$C02097BC086D51C,4030E7FC85BCC93D,40339F6B1EF52FDR,0
$C01A5596D4A35D58,C0354DF299010159,402F24ADCF04AFDC,0
$40704933447F84AR,4071DF0400AC59ER,C0584CA973973756,3FF
@first_instr_ptr 491 0
1 491 ->
@type 492 1
2 492 100
@geom_id 493 1
2 493 -1
@view_id 494 1
2 494 -1
@memb_num 495 1
2 495 0
@offset 496 2
2 496 0
@matrix 497 0
2 497 NULL
@next_instr_ptr 498 0
1 498 NULL
@outer_xsec_index 499 1
1 499 -1
@next_view_id 500 1
1 500 -2
@simp_rep_id 501 1
1 501 0
@name 502 10
1 502 no name
@matrix 503 2
1 503 [4][4]
$3FF,3*0
$0,3FF,2*0
$2*0,3FF,0
$3*0,3FF
@fit_outline 504 2
1 504 [2][3]
$4059,405518,C074AAE869C3B6DR
$408C2,4087BB,4074AAE869C3B6DE
@det_info_ptr 505 0
1 505 NULL
@named_view_pzmatr 506 0
1 506 NULL
@page_id 507 1
1 507 0
@model_name 508 10
1 508 NULL
@unrep_model_name 509 10
1 509 NULL
@assem_merge_parts 510 0
0 510 ->
#END_OF_UGC
