------------------------------------------------------------
Pro/MECHANICA STRUCTURE Version 18.0(50)
Summary for Design Study "final_static_run"
Thu May 22, 1997   15:57:36
------------------------------------------------------------

Run Settings
   Memory allocation for block solver: 50.0      
   Generate elements automatically.
No errors were found in the model.

Pro/MECHANICA Structure Model Summary

   Model Type: Three Dimensional

   Points:         98
   Edges:         241
   Faces:         144

   Springs:         0
   Masses:          0
   Beams:           0
   Shells:        144
   Solids:          0

   Elements:      144

------------------------------------------------------------

Standard Design Study

Description:
   Rerun lid after outer surfaces of boombox are change
   d

Static Analysis "final_static_run":

   Convergence Method: Single-Pass Adaptive

   Convergence Loop Log:                         (15:59:58)

   >> Pass  1 <<
         Calculating Element Equations           (15:59:58)
            Total Number of Equations:    3899
            Maximum Edge Order:              3
         Solving Equations                       (16:00:07)
         Calculating Disp and Stress Results     (16:00:55)
            Plotting Grid:                   4
         Resource Check                          (16:02:00)
            Elapsed Time     (sec):     269.42
            CPU Time         (sec):     239.05
            Memory Usage      (kb):      60204
            Wrk Dir Dsk Usage (kb):       5121

   >> Pass  2 <<
         Calculating Element Equations           (16:02:01)
            Total Number of Equations:   27965
            Maximum Edge Order:              9
         Solving Equations                       (16:05:09)
         Calculating Disp and Stress Results     (16:08:45)
            Plotting Grid:                   4
         Resource Check                          (16:10:52)
            Elapsed Time     (sec):     801.82
            CPU Time         (sec):     537.20
            Memory Usage      (kb):      62424
            Wrk Dir Dsk Usage (kb):     103425

	 RMS Stress Error Estimates:

         Load Set          Stress Error  % of Max Prin Str
         ----------------  ------------  -----------------
         load1             4.48e-01       2.7% of 1.66e+01

   Total Mass of Model: 7.067749e-05

   Total Cost of Model: 0.000000e+00

   Mass Moments of Inertia about WCS Origin:

     Ixx:  2.00355e+00
     Ixy: -1.47503e-04  Iyy:  2.36239e-01
     Ixz: -7.24421e-05  Iyz: -2.71923e-02  Izz:  2.02581e+00

   Principal MMOI and Principal Axes Relative to WCS Origin:

            Max Prin           Mid Prin           Min Prin
           2.02622e+00        2.00355e+00        2.35826e-01

   WCS X: -3.09625e-03        9.99995e-01        8.40552e-05
   WCS Y: -1.51893e-02       -1.31076e-04        9.99885e-01
   WCS Z:  9.99880e-01        3.09462e-03        1.51896e-02

   Center of Mass Location Relative to WCS Origin:
                  ( 1.52044e-02,  1.63680e+02,  2.30854e+00)

   Mass Moments of Inertia about the Center of Mass:

     Ixx:  1.09650e-01
     Ixy:  2.83886e-05  Iyy:  2.35863e-01
     Ixz: -6.99613e-05  Iyz: -4.85954e-04  Izz:  1.32284e-01

   Principal MMOI and Principal Axes Relative to COM:

            Max Prin           Mid Prin           Min Prin
           2.35865e-01        1.32282e-01        1.09650e-01

   WCS X:  2.27521e-04       -3.08538e-03        9.99995e-01
   WCS Y:  9.99989e-01        4.69231e-03       -2.13042e-04
   WCS Z: -4.69163e-03        9.99984e-01        3.08642e-03

   Constraint Set: constraint1

   Load Set: load1

      Resultant Load on Model:
         in global X direction: 1.026956e-12
         in global Y direction: -5.499962e+01
         in global Z direction: 1.342719e-11

      Measures:

      max_beam_bending:  0.000000e+00
      max_beam_tensile:  0.000000e+00
      max_beam_torsion:  0.000000e+00
      max_beam_total:    0.000000e+00
      max_disp_mag:      6.204869e-01
      max_disp_x:        1.433043e-01
      max_disp_y:       -6.099633e-01
      max_disp_z:        5.535103e-01
      max_prin_mag:     -1.658236e+01
      max_rot_mag:       3.274871e-02
      max_rot_x:         2.675580e-02
      max_rot_y:         1.260882e-02
      max_rot_z:        -2.729500e-02
      max_stress_prin:   1.585606e+01
      max_stress_vm:     1.481199e+01
      max_stress_xx:    -1.225497e+01
      max_stress_xy:    -5.864951e+00
      max_stress_xz:    -2.927869e+00
      max_stress_yy:    -1.556026e+01
      max_stress_yz:    -5.457446e+00
      max_stress_zz:     1.491433e+01
      min_stress_prin:  -1.658236e+01
      strain_energy:     1.617170e+01

Analysis "final_static_run" Completed  (16:10:54)

------------------------------------------------------------

Memory and Disk Usage:

   Machine Type: HP
   RAM Allocation for Solver (megabytes): 50.0

   Total Elapsed Time (seconds): 804.38    
   Total CPU Time     (seconds): 537.37    
   Maximum Memory Usage (kilobytes): 62424     
   Working Directory Disk Usage (kilobytes): 103425    

   Results Directory Size (kilobytes):
   4976 ./final_static_run

   Maximum Data Base Working File Sizes (kilobytes):
   46080 ./final_static_run.tmp/kel1.bas
   57344 ./final_static_run.tmp/kblk1.bas

------------------------------------------------------------
Run Completed
Thu May 22, 1997   16:10:55
------------------------------------------------------------
