------------------------------------------------------------
Pro/MECHANICA STRUCTURE Version 18.0(28)
Summary for Design Study "stat_start"
Fri May  9, 1997   22:51:13
------------------------------------------------------------

Run Settings
   Memory allocation for block solver: 64.0      
   Generate elements automatically.
No errors were found in the model.

Pro/MECHANICA Structure Model Summary

   Model Type: Three Dimensional

   Points:        323
   Edges:        1596
   Faces:        2285

   Springs:         0
   Masses:          0
   Beams:           0
   Shells:          0
   Solids:       1013

   Elements:     1013

------------------------------------------------------------

Standard Design Study

Static Analysis "stat_start":

   Convergence Method: Single-Pass Adaptive

   Convergence Loop Log:                         (22:53:28)

   >> Pass  1 <<
         Calculating Element Equations           (22:53:32)
            Total Number of Equations:   17334
            Maximum Edge Order:              3
         Solving Equations                       (22:53:38)
         Calculating Disp and Stress Results     (22:54:09)
            Plotting Grid:                   4
         Resource Check                          (22:55:11)
            Elapsed Time     (sec):     239.80
            CPU Time         (sec):     220.07
            Memory Usage      (kb):     112000
            Wrk Dir Dsk Usage (kb):      48005

   >> Pass  2 <<
         Calculating Element Equations           (22:55:17)
            Total Number of Equations:   21288
            Maximum Edge Order:              5
         Solving Equations                       (22:55:21)
         Calculating Disp and Stress Results     (22:55:58)
            Plotting Grid:                   4
         Resource Check                          (22:57:07)
            Elapsed Time     (sec):     356.02
            CPU Time         (sec):     324.62
            Memory Usage      (kb):     117568
            Wrk Dir Dsk Usage (kb):      60469

	 RMS Stress Error Estimates:

         Load Set          Stress Error  % of Max Prin Str
         ----------------  ------------  -----------------
         load1             9.89e+00       3.2% of 3.09e+02

   Total Mass of Model: 3.087257e-05

   Total Cost of Model: 0.000000e+00

   Mass Moments of Inertia about WCS Origin:

     Ixx:  1.58128e-02
     Ixy:  1.03820e-02  Iyy:  1.00653e-02
     Ixz: -9.20268e-09  Iyz: -2.24371e-08  Izz:  2.56434e-02

   Principal MMOI and Principal Axes Relative to WCS Origin:

            Max Prin           Mid Prin           Min Prin
           2.56434e-02        2.37115e-02        2.16665e-03

   WCS X: -8.29698e-06        7.95855e-01       -6.05488e-01
   WCS Y: -6.96985e-06        6.05488e-01        7.95855e-01
   WCS Z:  1.00000e+00        1.08233e-05        5.23266e-07

   Center of Mass Location Relative to WCS Origin:
                  ( 1.35187e+01, -2.08938e+01, -1.95662e-04)

   Mass Moments of Inertia about the Center of Mass:

     Ixx:  2.33543e-03
     Ixy:  1.66186e-03  Iyy:  4.42318e-03
     Ixz: -9.08636e-08  Iyz:  1.03773e-07  Izz:  6.52383e-03

   Principal MMOI and Principal Axes Relative to COM:

            Max Prin           Mid Prin           Min Prin
           6.52383e-03        5.34182e-03        1.41679e-03

   WCS X: -3.05071e-06        4.83783e-01        8.75188e-01
   WCS Y:  4.69871e-05        8.75188e-01       -4.83783e-01
   WCS Z:  1.00000e+00       -3.96467e-05        2.54015e-05

   Constraint Set: constraint1

   Load Set: load1

      Measures:

      max_beam_bending:  0.000000e+00
      max_beam_tensile:  0.000000e+00
      max_beam_torsion:  0.000000e+00
      max_beam_total:    0.000000e+00
      max_disp_mag:      6.040762e-02
      max_disp_x:       -5.260361e-02
      max_disp_y:       -3.641869e-02
      max_disp_z:       -5.872324e-04
      max_prin_mag:      3.092121e+02
      max_rot_mag:       0.000000e+00
      max_rot_x:         0.000000e+00
      max_rot_y:         0.000000e+00
      max_rot_z:         0.000000e+00
      max_stress_prin:   3.092121e+02
      max_stress_vm:     3.070334e+02
      max_stress_xx:    -1.427563e+02
      max_stress_xy:    -1.664016e+02
      max_stress_xz:     2.600667e+01
      max_stress_yy:     2.635120e+02
      max_stress_yz:    -2.641294e+01
      max_stress_zz:    -6.833751e+01
      min_stress_prin:  -1.894286e+02
      strain_energy:     2.194927e+01

Analysis "stat_start" Completed  (22:57:10)

------------------------------------------------------------

Memory and Disk Usage:

   Machine Type: SGI
   RAM Allocation for Solver (megabytes): 64.0

   Total Elapsed Time (seconds): 358.94    
   Total CPU Time     (seconds): 327.31    
   Maximum Memory Usage (kilobytes): 117568    
   Working Directory Disk Usage (kilobytes): 60469     

   Results Directory Size (kilobytes):
   12386 ./stat_start

   Maximum Data Base Working File Sizes (kilobytes):
   21428 ./../../../../../../vol1/stat_start.tmp/kel1.bas
   1596 ./../../../../../../vol1/stat_start.tmp/gblk1.bas
   37444 ./../../../../../../vol1/stat_start.tmp/kblk1.bas

------------------------------------------------------------
Run Completed
Fri May  9, 1997   22:57:10
------------------------------------------------------------
