------------------------------------------------------------
Pro/MECHANICA STRUCTURE Version 18.0(28)
Summary for Design Study "opt_mass"
Fri May  9, 1997   23:15:33
------------------------------------------------------------

Run Settings
   Memory allocation for block solver: 128.0     
   Perform mesh smoothing after each parameter update.
   Remesh after each parameter update.
   Generate elements automatically.
No errors were found in the model.

Pro/MECHANICA Structure Model Summary

   Model Type: Three Dimensional

   Points:        323
   Edges:        1596
   Faces:        2285

   Springs:         0
   Masses:          0
   Beams:           0
   Shells:          0
   Solids:       1013

   Elements:     1013

------------------------------------------------------------

Optimization Design Study

Goal
   Minimize: total_mass  

Limit: 1
   Analysis: stat_start
   Load Set: load1
   max_stress_vm <  3.0000e+02

Parameter           Min. Value   Initial Value  Max. Value
top_hole_dia                 2             3             4
External_Radius            3.5             5             5
Bot_Dep_Angle               18            18            40
left_side_radius            50           100           500
cut1                      0.05          0.05           1.5

Optimization Convergence Tolerance: 1         %
Maximum Number of Optimization Iterations: 10

Begin Analysis of Goal and Limits of             (23:15:54)
Initial Design

------------------------------------------------------------

Initial Design Status

Parameters:
   top_hole_dia                 3
   External_Radius              5
   Bot_Dep_Angle               18
   left_side_radius           100
   cut1                      0.05
Status of Optimization Limits:
1. max_stress_vm     2.4979e+02 <  3.0000e+02 (satisfied)

Goal (before optimization):  3.3097e-05

Resource Check                                   (23:37:29)
   Elapsed Time     (sec):    1316.67
   CPU Time         (sec):    1113.78
   Memory Usage      (kb):     223336
   Wrk Dir Dsk Usage (kb):      56473

Begin Optimization Iteration 1                   (23:37:29)

     Begin Line Search                           (23:37:29)
     Step size governed by lower limit on
     parameter left_side_radius

     Line Search Iteration 1    

     Parameters:
        top_hole_dia           3.00279
        External_Radius        4.98618
        Bot_Dep_Angle          18.0868
        left_side_radius          97.5
        cut1                 0.0788997
     Goal:  3.2853e-05

     Parameters:
        top_hole_dia           3.05576
        External_Radius        4.72369
        Bot_Dep_Angle          19.7354
        left_side_radius            50
        cut1                  0.627994
     Goal:  2.8428e-05

     Completed Line Search                       (23:42:17)

Result of Optimization Iteration 1
Parameters:
   top_hole_dia           3.05576
   External_Radius        4.72369
   Bot_Dep_Angle          19.7354
   left_side_radius            50
   cut1                  0.627994
Goal:  2.8428e-05
Status of Optimization Limits:
1. max_stress_vm     2.6019e+02 <  3.0000e+02 (satisfied)

Resource Check                                   (00:03:58)
   Elapsed Time     (sec):    2905.77
   CPU Time         (sec):    2403.29
   Memory Usage      (kb):     253120
   Wrk Dir Dsk Usage (kb):      50953

Begin Optimization Iteration 2                   (00:03:58)

     Begin Line Search                           (00:03:58)
     Step size governed by upper limit on
     parameter cut1

     Line Search Iteration 1    

     Parameters:
        top_hole_dia           3.06082
        External_Radius        4.70312
        Bot_Dep_Angle           19.839
        left_side_radius            50
        cut1                  0.671594
     Goal:  2.8138e-05

     Parameters:
        top_hole_dia           3.15692
        External_Radius         4.3123
        Bot_Dep_Angle          21.8073
        left_side_radius            50
        cut1                       1.5
     Goal:  2.2817e-05

     Completed Line Search                       (00:10:36)

Result of Optimization Iteration 2
Parameters:
   top_hole_dia           3.15692
   External_Radius         4.3123
   Bot_Dep_Angle          21.8073
   left_side_radius            50
   cut1                       1.5
Goal:  2.2817e-05
Status of Optimization Limits:
1. max_stress_vm     2.8782e+02 <  3.0000e+02 (satisfied)

Resource Check                                   (00:34:39)
   Elapsed Time     (sec):    4747.07
   CPU Time         (sec):    3955.57
   Memory Usage      (kb):     288696
   Wrk Dir Dsk Usage (kb):      59673

Begin Optimization Iteration 3                   (00:34:39)

     Begin Line Search                           (00:34:39)
     Step size governed by limit 1 (max_stress_vm)

     Line Search Iteration 1    

     Parameters:
        top_hole_dia           3.15996
        External_Radius        4.30392
        Bot_Dep_Angle          21.8154
        left_side_radius            50
        cut1                       1.5
     Goal:  2.2802e-05

     Parameters:
        top_hole_dia            3.2177
        External_Radius        4.14469
        Bot_Dep_Angle          21.9688
        left_side_radius            50
        cut1                       1.5
     Goal:  2.2519e-05

     Checking limit: 1 (max_stress_vm)
     Status of Optimization Limit: 1
     max_stress_vm     3.0134e+02 <  3.0000e+02 (satisfied)

     Completed Line Search                       (00:45:01)

Result of Optimization Iteration 3
Parameters:
   top_hole_dia            3.2177
   External_Radius        4.14469
   Bot_Dep_Angle          21.9688
   left_side_radius            50
   cut1                       1.5
Goal:  2.2519e-05
Status of Optimization Limits:
1. max_stress_vm     3.0134e+02 <  3.0000e+02 (satisfied)

Resource Check                                   (01:04:50)
   Elapsed Time     (sec):    6558.46
   CPU Time         (sec):    5390.92
   Memory Usage      (kb):     316872
   Wrk Dir Dsk Usage (kb):      58357

Begin Optimization Iteration 4                   (01:04:50)

     Begin line search along limit boundary.     (01:10:29)

     Line Search Iteration 1    

     Parameters:
        top_hole_dia           3.20449
        External_Radius        4.14125
        Bot_Dep_Angle          22.1607
        left_side_radius            50
        cut1                       1.5
     Goal:  2.2517e-05

     Parameters:
        top_hole_dia            2.9535
        External_Radius        4.07592
        Bot_Dep_Angle          25.8075
        left_side_radius            50
        cut1                       1.5
     Goal:  2.2456e-05

Result of Optimization Iteration 4
Parameters:
   top_hole_dia            2.9535
   External_Radius        4.07592
   Bot_Dep_Angle          25.8075
   left_side_radius            50
   cut1                       1.5
Goal:  2.2456e-05
Status of Optimization Limits:
1. max_stress_vm     3.0281e+02 <  3.0000e+02 (satisfied)

Resource Check                                   (01:42:31)
   Elapsed Time     (sec):    8819.18
   CPU Time         (sec):    7221.16
   Memory Usage      (kb):     355880
   Wrk Dir Dsk Usage (kb):      59045

Begin Optimization Iteration 5                   (01:42:31)

     Begin line search along limit boundary.     (01:48:23)

     Line Search Iteration 1    

     Parameters:
        top_hole_dia           2.95946
        External_Radius        4.07677
        Bot_Dep_Angle          25.9039
        left_side_radius            50
        cut1                       1.5
     Goal:  2.2455e-05

     Parameters:
        top_hole_dia           3.07281
        External_Radius        4.09298
        Bot_Dep_Angle          27.7349
        left_side_radius            50
        cut1                       1.5
     Goal:  2.2427e-05
     Parameters:
        top_hole_dia           3.07281
        External_Radius        4.09298
        Bot_Dep_Angle          27.7349
        left_side_radius            50
        cut1                       1.5
     Status of Optimization Limit: 1
     max_stress_vm     3.1002e+02 <  3.0000e+02 (VIOLATED)

     Fixing Optimization Limit                   (01:59:12)
     1 (max_stress_vm)

     Parameters:
        top_hole_dia           3.04007
        External_Radius        4.22176
        Bot_Dep_Angle          27.7349
        left_side_radius            50
        cut1                   1.49644
     Status of Optimization Limit: 1
     max_stress_vm     3.0317e+02 <  3.0000e+02 (VIOLATED)

     Parameters:
        top_hole_dia           3.03289
        External_Radius        4.24999
        Bot_Dep_Angle          27.7349
        left_side_radius            50
        cut1                   1.49566
     Status of Optimization Limit: 1
     max_stress_vm     3.0186e+02 <  3.0000e+02 (satisfied)
** Warning: Changing the parameters has produced invalid
            model or geometry for the following parameter
            values:

Parameters:
   top_hole_dia           3.03289
   External_Radius        4.24999
   Bot_Dep_Angle          27.7349
   left_side_radius            50
   cut1                   1.48116
Recovering from invalid parameter values by cutting
step size.

Result of Optimization Iteration 5
Parameters:
   top_hole_dia           3.03289
   External_Radius        4.24999
   Bot_Dep_Angle          27.7349
   left_side_radius            50
   cut1                   1.49729
Goal:  2.2727e-05
Status of Optimization Limits:
1. max_stress_vm     3.0186e+02 <  3.0000e+02 (satisfied)

Resource Check                                   (02:43:46)
   Elapsed Time     (sec):   12494.08
   CPU Time         (sec):   10053.28
   Memory Usage      (kb):     406968
   Wrk Dir Dsk Usage (kb):      61169

Begin Optimization Iteration 6                   (02:43:46)

     Begin line search along limit boundary.     (02:50:17)

     Line Search Iteration 1    

     Parameters:
        top_hole_dia            3.0411
        External_Radius        4.24496
        Bot_Dep_Angle          27.6957
        left_side_radius            50
        cut1                   1.49729
     Goal:  2.2708e-05

     Parameters:
        top_hole_dia           3.19697
        External_Radius        4.14937
        Bot_Dep_Angle          26.9508
        left_side_radius            50
        cut1                   1.49729
     Goal:  2.2501e-05

Result of Optimization Iteration 6
Parameters:
   top_hole_dia           3.19697
   External_Radius        4.14937
   Bot_Dep_Angle          26.9508
   left_side_radius            50
   cut1                   1.49729
Goal:  2.2501e-05
Status of Optimization Limits:
1. max_stress_vm     3.0055e+02 <  3.0000e+02 (satisfied)

Resource Check                                   (03:21:18)
   Elapsed Time     (sec):   14745.69
   CPU Time         (sec):   11836.01
   Memory Usage      (kb):     428768
   Wrk Dir Dsk Usage (kb):      60337

Begin Optimization Iteration 7                   (03:21:18)

     Begin line search along limit boundary.     (03:27:13)

     Line Search Iteration 1    

     Parameters:
        top_hole_dia           3.19339
        External_Radius        4.14848
        Bot_Dep_Angle          27.0129
        left_side_radius            50
        cut1                   1.49729
     Goal:  2.2500e-05

     Parameters:
        top_hole_dia           3.12546
        External_Radius        4.13156
        Bot_Dep_Angle          28.1931
        left_side_radius            50
        cut1                   1.49729
     Goal:  2.2483e-05

     Status of Optimization Limits:
     1. max_stress_vm     3.0797e+02 <  3.0000e+02 (VIOLATED)

     Optimization limits have been violated
     during optimization.

     Begin search for feasible values            (03:59:08)
     of parameters.

     Fixing Optimization Limit                   (03:59:08)
     1 (max_stress_vm)

     Parameters:
        top_hole_dia           3.14839
        External_Radius        4.18818
        Bot_Dep_Angle          27.7391
        left_side_radius       66.7254
        cut1                   1.49729
     Status of Optimization Limit: 1
     max_stress_vm     3.0005e+02 <  3.0000e+02 (satisfied)
** Warning: Changing the parameters has produced invalid
            model or geometry for the following parameter
            values:

Parameters:
   top_hole_dia           3.14839
   External_Radius        4.18818
   Bot_Dep_Angle          27.7391
   left_side_radius       71.2254
   cut1                   1.49729
Recovering from invalid parameter values by cutting
step size.

     Status of Optimization Limits:
     1. max_stress_vm     3.0005e+02 <  3.0000e+02 (satisfied)

     The parameter values are now feasible.

Result of Optimization Iteration 7
Parameters:
   top_hole_dia           3.14839
   External_Radius        4.18818
   Bot_Dep_Angle          27.7391
   left_side_radius            50
   cut1                   1.49729
Goal:  2.2656e-05
Status of Optimization Limits:
1. max_stress_vm     3.0005e+02 <  3.0000e+02 (satisfied)

Resource Check                                   (04:30:02)
   Elapsed Time     (sec):   18870.09
   CPU Time         (sec):   15073.93
   Memory Usage      (kb):     471472
   Wrk Dir Dsk Usage (kb):      64829

Begin Optimization Iteration 8                   (04:30:02)

Optimization converged; insignificant change in  (04:30:02)
the goal function relative to its initial value.

Best Design Found:
Parameters:
   top_hole_dia            2.9535
   External_Radius        4.07592
   Bot_Dep_Angle          25.8075
   left_side_radius            50
   cut1                       1.5
Goal:  2.2456e-05

Repeating analyses corresponding to best design. (04:30:02)

Optimization study statistics:
Number of Base Analyses: 16
Number of Perturbation Analyses: 47

------------------------------------------------------------

Memory and Disk Usage:

   Machine Type: SGI
   RAM Allocation for Solver (megabytes): 128.0

   Total Elapsed Time (seconds): 19264.12  
   Total CPU Time     (seconds): 15390.69  
   Maximum Memory Usage (kilobytes): 473664    
   Working Directory Disk Usage (kilobytes): 64829     
   Total Elapsed Time in Parameter Updates (seconds):
      6350.73   
   Total Engine Elapsed Time Minus Param. Updates (seconds):
      12913.38  
   Total CPU Time in Parameter Updates (seconds):
      4155.25   
   Total Engine CPU Time Minus Param. Updates (seconds):
      11235.44  

   Results Directory Size (kilobytes):
   14513 ./opt_mass

   Maximum Data Base Working File Sizes (kilobytes):
   21196 ./../../../../../../vol1/opt_mass.tmp/kel1.bas
   1580 ./../../../../../../vol1/opt_mass.tmp/gblk1.bas
   42052 ./../../../../../../vol1/opt_mass.tmp/kblk1.bas

------------------------------------------------------------
Run Completed
Sat May 10, 1997   04:36:36
------------------------------------------------------------
