#UGC:2 PART 886 360 0 1 1 15 1600 9546 \
#- VERS 0 0                                                          \
#- HOST                                                              \
#- LINK                                                              \
#- DBID                                                              \
#- REVS 0,                                                           \
#- RELL 0,                                                           \
#- UOBJ_ID 0 0 0                                                     \
#-END_OF_UGC_HEADER
#P_OBJECT 6
@P_object 1 0
0 1 ->
@depend 2 0
1 2 [1]
2 2 
@model_name 3 10
3 3 BOX_PROCESSOR_3
@model_type 4 1
3 4 1
@revnum 5 1
3 5 155
@bom_count 6 1
3 6 1
@dep_type 7 1
3 7 8
@stamp 8 0
3 8 
@major_vers 9 0
4 9 
@vers 10 1
5 10 0
@alias_name 11 10
5 11 
@minor_vers 12 0
4 12 
@vers 13 1
5 13 0
@reason 14 10
3 14 
@dep_db 15 0
1 15 ->
@dep_db 16 0
2 16 [6]
3 16 ->
@to_model_id 17 1
4 17 0
@dep_type 18 1
4 18 4
@obj_id 19 1
4 19 0
@obj_type 20 1
4 20 242
3 16 ->
4 17 0
4 18 4
4 19 1
4 20 242
3 16 ->
4 17 0
4 18 4
4 19 2
4 20 242
3 16 ->
4 17 0
4 18 4
4 19 3
4 20 242
3 16 ->
4 17 0
4 18 4
4 19 4
4 20 242
3 16 ->
4 17 0
4 18 4
4 19 5
4 20 242
@model_db 21 0
2 21 [1]
3 21 ->
@model_t_type 22 1
4 22 1
@model_name 23 10
4 23 BOX_PROCESSOR_3
@generic_name 24 10
4 24 
@stamp 25 0
4 25 
@usr_rev 26 0
1 26 [1]
2 26 
@name 27 10
3 27 STEVEC
@mod_time 28 0
3 28 
@tm_sec 29 1
4 29 1
@tm_min 30 1
4 30 4
@tm_hour 31 1
4 31 15
@tm_mday 32 1
4 32 22
@tm_mon 33 1
4 33 10
@tm_year 34 1
4 34 95
@action 35 1
3 35 1000
@comment 36 10
3 36 Hostname: 'zemlya'
@rel_level 37 10
3 37 
@rev_string 38 10
3 38 
@revnum_std 39 1
1 39 61
@flag 40 1
1 40 0
@name 41 10
1 41 NULL
@inst_hidden 42 1
1 42 0
@old_name 43 10
1 43 NULL
@appl_data 44 0
1 44 ->
@bounding_box 45 2
2 45 [2][3]
$C043R,403E,C03685D34E7E22A
$4,4050B64E091185B2,403685D34E7E229D
@uobj_id 46 0
1 46 NULL
#END_OF_P_OBJECT
#Pro/ENGINEER  TM  Version G-01-13  (c) 1988-95 by Parametric Technology Corporation  All Rights Reserved. 9546
@Solid 47 0
0 47 ->
@tab_key 48 1
1 48 0
@tab_key_struct 49 0
1 49 ->
@tab_key_ptr 50 0
2 50 [45]
@cmprs_tabkey 51 0
2 51 NULL
@type 52 1
1 52 2
@revnum_ptr 53 0
1 53 ->
@geom_revnum 54 1
2 54 60
@cosm_revnum 55 1
2 55 1
@first_member_ptr 56 0
1 56 NULL
@alumni_members 57 0
1 57 NULL
@frst_geom_ptr 58 1
1 58 8
@first_feat_ptr 59 0
1 59 ->
@id 60 1
2 60 2
@indep_attributes 61 1
2 61 1
@feat_type_ptr 62 0
2 62 ->
@table_id 63 1
3 63 -1
@type 64 1
3 64 923
@feattype_key 65 10
3 65 NULL
@form 66 1
3 66 0
@attributes 67 1
3 67 [3]
$3,2*0
@placement 68 1
3 68 0
@intersection 69 1
3 69 -1
@internal_udf_type 70 1
3 70 -1
@param_choice_ptr 71 0
3 71 ->
@blend_choice 72 1
4 72 0
@depth_choice 73 1
4 73 0
@angle_choice 74 1
4 74 -1
@pat_choice 75 1
4 75 970
@round_choice 76 1
4 76 -1
@subsec_choice 77 1
4 77 -1
@sweep_choice 78 1
4 78 0
@dome_choice 79 1
4 79 0
@draft_choice 80 1
4 80 0
@misc_choice 81 1
4 81 0
@assoc_type 82 1
3 82 0
@symbol_key 83 1
2 83 -1
@sect_name 84 10
2 84 no_name
@model_type 85 1
2 85 2
@idtab_ptr 86 0
2 86 ->
@srf_id_arr 87 1
3 87 [1][4]
$3,3*0
@save_geoms 88 0
3 88 NULL
@cr_flags_xar 89 1
3 89 [18]
$3*-1,-2049,2*-1,-16777217,3*-1,-536870913,-1,-1126176897,-2,-2097185,
$-2097665,-1,1048429
@cvt_feat_dat 90 0
3 90 NULL
@feat_dates_ptr 91 0
3 91 ->
@creat_date 92 1
4 92 160012
@regen_date 93 1
4 93 160013
@geometry 94 0
2 94 
@srf_array 95 0
3 95 [1]
4 95 ->
@geom_type 96 1
5 96 34
@geom_id 97 1
5 97 3
@feat_id 98 1
5 98 2
@boundary_type 99 1
5 99 -1
@envlp 100 2
5 100 [2][2]
$2*0
$2*0
@srf_prim_ptr(plane) 101 0
5 101 ->
@local_sys 102 2
6 102 [4][3]
$2*0,3FF
$0,3FF,0
$BFF,2*0
$4,4042,402C
@frst_cntr_ptr 103 0
5 103 NULL
@next_geom_ptr 104 1
5 104 0
@orient 105 1
5 105 1
@outline 106 2
5 106 [2][3]
$3*0
$3*0
@group_info_ptr 107 0
2 107 NULL
@intrs_pairs_ptr 108 0
2 108 ->
@place_rec_ptr 109 0
2 109 ->
@local_sys 110 2
3 110 [4][3]
$2*0,3FF
$0,3FF,0
$BFF,2*0
$4,4042,402C
@place_instruction_ptrs 111 0
3 111 [1]
4 111 ->
@type 112 1
5 112 512
@offset 113 2
5 113 0
@dim_id 114 1
5 114 -1
@ref_id 115 1
5 115 0
@geometry1_id 116 1
5 116 8
@geometry2_id 117 1
5 117 3
@memb_num1 118 1
5 118 1
@memb_num2 119 1
5 119 0
@memb_id_tab1 120 1
5 120 [1]
6 120 13
@attr 121 1
5 121 33280
@plin_info_arr 122 0
5 122 [2]
6 122 ->
@type 123 1
7 123 1
@data(plin_info_ref) 124 0
7 124 ->
@id_type1 125 1
8 125 -4
@id_type2 126 1
8 126 5
@offset2 127 2
8 127 0
6 122 ->
7 123 6
@data(plin_info_ui_step) 128 0
7 128 ->
@step_ids 129 1
8 129 [1]
9 129 -100
@own_ref_id 130 1
3 130 0
@orient 131 1
3 131 1
@trf_arr 132 0
3 132 [1]
4 132 
@type 133 1
5 133 11
@idx 134 1
5 134 0
@transf 135 2
5 135 [4][3]
$2*0,3FF
$0,3FF,0
$BFF,2*0
$4,4042,402C
@next_prop 136 0
2 136 NULL
@first_geom_id 137 1
2 137 3
@cond_tbl_idx 138 1
2 138 -1
@comment 139 10
2 139 NULL
@merge_info_ptr 140 0
2 140 NULL
@topology_increment 141 0
2 141 ->
@first_geom 142 1
3 142 0
@first_quilt 143 1
3 143 0
@outline 144 2
3 144 [2][3]
$C043R,403E,C03685D34E7E22A3
$4,4050B64E091185B2,403685D34E7E22A
@max_part_size 145 2
3 145 0
@xform_increment 146 0
3 146 NULL
@roll_back_id 147 1
3 147 -1
@state_ind 148 1
2 148 -1
@alumni_info 149 0
2 149 NULL
@revnum 150 1
2 150 0
@rev_rec 151 0
2 151 ->
@revnums 152 0
3 152 [2]
4 152 ->
@owner_type 153 1
5 153 3
@owner_ind 154 1
5 154 -1
@ref_id 155 1
5 155 -1
@ref_revnum 156 1
5 156 -1
@memb_tab_revnums 157 1
5 157 [1]
6 157 0
4 152 ->
5 153 1
5 154 -1
5 155 0
5 156 67
5 157 [1]
6 157 0
@num_plins 158 1
3 158 1
@next_feat_ptr 159 0
1 159 ->
2 60 4
2 61 1
2 62 ->
3 63 -1
3 64 923
3 65 NULL
3 66 0
3 67 [3]
$3,2*0
3 68 0
3 69 -1
3 70 -1
3 71 ->
4 72 0
4 73 0
4 74 -1
4 75 970
4 76 -1
4 77 -1
4 78 0
4 79 0
4 80 0
4 81 0
3 82 0
2 83 -1
2 84 no_name
2 85 2
2 86 ->
3 87 [1][4]
$5,3*0
3 88 NULL
3 89 [18]
$3*-1,-2049,2*-1,-16777217,3*-1,-536870913,-1,-1126176897,-2,-2097185,
$-2097665,-1,1048429
3 90 NULL
3 91 ->
4 92 160012
4 93 160013
2 94 
3 95 [1]
4 95 ->
5 96 34
5 97 5
5 98 4
5 99 -1
5 100 [2][2]
$2*0
$2*0
5 101 ->
6 102 [4][3]
$0,BFF,0
$2*0,3FF
$BFF,2*0
$4,4050B64E091185B2,4012
5 103 NULL
5 104 0
5 105 1
5 106 [2][3]
$3*0
$3*0
2 107 NULL
2 108 ->
2 109 ->
3 110 [4][3]
$0,BFF,0
$2*0,3FF
$BFF,2*0
$4,4050B64E091185B2,4012
3 111 [1]
4 111 ->
5 112 512
5 113 0
5 114 -1
5 115 0
5 116 32
5 117 5
5 118 1
5 119 0
5 120 [1]
6 120 13
5 121 33280
5 122 [2]
6 122 ->
7 123 1
7 124 ->
8 125 -4
8 126 5
8 127 0
6 122 ->
7 123 6
7 128 ->
8 129 [1]
9 129 -100
3 130 0
3 131 1
3 132 [1]
4 132 
5 133 11
5 134 0
5 135 [4][3]
$0,BFF,0
$2*0,3FF
$BFF,2*0
$4,4050B64E091185B2,4012
2 136 NULL
2 137 5
2 138 -1
2 139 NULL
2 140 NULL
2 141 ->
3 142 0
3 143 0
3 144 [2][3]
$C043R,403E,C03685D34E7E22A3
$4,4050B64E091185B2,403685D34E7E22A
3 145 0
3 146 NULL
3 147 -1
2 148 -1
2 149 NULL
2 150 0
2 151 ->
3 152 [2]
4 152 ->
5 153 3
5 154 -1
5 155 -1
5 156 -1
5 157 [1]
6 157 0
4 152 ->
5 153 1
5 154 -1
5 155 0
5 156 67
5 157 [1]
6 157 0
3 158 1
1 159 ->
2 60 6
2 61 1
2 62 ->
3 63 -1
3 64 923
3 65 NULL
3 66 0
3 67 [3]
$3,2*0
3 68 0
3 69 -1
3 70 -1
3 71 ->
4 72 0
4 73 0
4 74 -1
4 75 970
4 76 -1
4 77 -1
4 78 0
4 79 0
4 80 0
4 81 0
3 82 0
2 83 -1
2 84 no_name
2 85 2
2 86 ->
3 87 [1][4]
$7,3*0
3 88 NULL
3 89 [18]
$3*-1,-2049,2*-1,-16777217,3*-1,-536870913,-1,-1126176897,-2,-2097185,
$-2097665,-1,1048429
3 90 NULL
3 91 ->
4 92 160012
4 93 160013
2 94 
3 95 [1]
4 95 ->
5 96 34
5 97 7
5 98 6
5 99 -1
5 100 [2][2]
$2*0
$2*0
5 101 ->
6 102 [4][3]
$2*0,BFF
$0,3FF,0
$3FF,2*0
$4,4042,402C
5 103 NULL
5 104 0
5 105 1
5 106 [2][3]
$3*0
$3*0
2 107 NULL
2 108 ->
2 109 ->
3 110 [4][3]
$2*0,BFF
$0,3FF,0
$3FF,2*0
$4,4042,402C
3 111 [2]
4 111 ->
5 112 509
5 113 BFF
5 114 -1
5 115 -1
5 116 3
5 117 7
5 118 0
5 119 0
5 121 32768
5 122 [2]
6 122 ->
7 123 1
7 124 ->
8 125 -4
8 126 5
8 127 0
6 122 ->
7 123 6
7 128 ->
8 129 [1]
9 129 -100
4 111 ->
5 112 510
5 113 3FF
5 114 -1
5 115 -1
5 116 5
5 117 7
5 118 0
5 119 0
5 121 32768
5 122 [2]
6 122 ->
7 123 1
7 124 ->
8 125 -4
8 126 5
8 127 0
6 122 ->
7 123 6
7 128 ->
8 129 [1]
9 129 -100
3 130 -1
3 131 1
3 132 [1]
4 132 
5 133 11
5 134 0
5 135 [4][3]
$2*0,BFF
$0,3FF,0
$3FF,2*0
$4,4042,402C
2 136 NULL
2 137 7
2 138 -1
2 139 NULL
2 140 NULL
@parent_table 160 1
2 160 [2]
$2,4
2 141 ->
3 142 0
3 143 0
3 144 [2][3]
$C043R,403E,C03685D34E7E22A3
$4,4050B64E091185B2,403685D34E7E22A
3 145 0
3 146 NULL
3 147 -1
2 148 -1
2 149 NULL
2 150 0
2 151 ->
3 158 2
1 159 ->
2 60 1
2 61 1
2 62 ->
3 63 -1
3 64 917
3 65 NULL
3 66 1
3 67 [3]
$0,65536,0
3 68 0
3 69 991
3 70 -1
3 71 ->
4 72 0
4 73 4198400
4 74 -1
4 75 -1
4 76 -1
4 77 -1
4 78 0
4 79 0
4 80 0
4 81 0
3 82 0
2 83 -1
2 84 no_name
2 85 2
2 86 ->
3 87 [12][4]
$8,204,2*0
$17,203,2*0
$26,200,1,0
$28,200,3,0
$30,200,5,0
$32,200,7,0
$34,200,9,0
$36,200,11,0
$38,200,13,0
$40,200,15,0
$42,218,19,2
$43,214,42,0
@edg_id_arr 161 1
3 161 [24][6]
$9,221,1,2*0,8
$10,221,3,2*0,8
$11,221,5,2*0,8
$12,221,7,2*0,8
$13,221,9,2*0,8
$14,221,11,2*0,8
$15,221,13,2*0,8
$16,221,15,2*0,8
$18,222,1,2*0,26
$19,222,3,2*0,28
$20,222,5,2*0,30
$21,222,7,2*0,32
$22,222,9,2*0,34
$23,222,11,2*0,36
$24,222,13,2*0,38
$25,222,15,2*0,40
$27,303,1,0,15,26
$29,303,3,0,1,28
$31,303,5,0,3,30
$33,303,7,0,5,32
$35,303,9,0,7,34
$37,303,11,0,9,36
$39,303,13,0,11,38
$41,303,15,0,13,40
@dtm_id_tab 162 0
3 162 [3]
4 162 
@dtm_id 163 1
5 163 3
@dim_id 164 1
5 164 -1
4 162 
5 163 5
5 164 -1
4 162 
5 163 7
5 164 -1
3 88 ->
@sv_frst_geom 165 1
4 165 8
3 89 [18]
$3*-1,-2049,2*-1,-16777217,3*-1,-536870913,-1,-1126176897,-2,-2097185,
$-2097665,-1,1048429
3 90 NULL
3 91 ->
4 92 160012
4 93 160013
2 94 
3 95 [12]
4 95 ->
5 96 34
5 97 8
5 98 1
5 99 0
5 100 [2][2]
$C04242E9A73F114F,C018
$40210BA69CFC453A,403ED938244616C8
5 101 ->
6 102 [4][3]
$2*0,BFF
$0,3FF,0
$3FF,2*0
$4,4042,402C
5 103 ->
@frst_cntr_crv_hdr_ptr 166 1
6 166 9
@trv 167 1
6 167 1
@envlp 168 2
6 168 [2][2]
$C04242E9A73F114F,C018
$40210BA69CFC453A,403ED938244616C8
@next_cntr_ptr 169 0
5 169 NULL
5 104 43
5 105 -1
5 106 [2][3]
$4,403E,C03685D34E7E229E
$4,4050B64E091185B2,403685D34E7E229E
4 95 ->
5 96 34
5 97 17
5 98 1
5 99 -1
5 100 [2][2]
$C04242E9A73F114F,C018
$40210BA69CFC453A,403ED938244616C8
5 101 ->
6 102 [4][3]
$2*0,BFF
$0,3FF,0
$3FF,2*0
$C043R,4042,402C
5 103 ->
6 166 18
6 167 1
6 168 [2][2]
$C04242E9A73F114F,C018
$40210BA69CFC453A,403ED938244616C8
5 169 NULL
5 104 0
5 105 1
5 106 [2][3]
$4,4042,402C
$4,4042,402C
4 95 ->
5 96 34
5 97 26
5 98 1
5 99 1
5 100 [2][2]
$2*0
$40210BA69CFC453C,40443R
5 101 ->
6 102 [4][3]
$0,BFF,0
$2*0,BFF
$3FF,2*0
$4,4042,C03685D34E7E229E
5 103 ->
6 166 9
6 167 1
6 168 [2][2]
$2*0
$40210BA69CFC453C,40443R
5 169 NULL
5 104 28
5 105 1
5 106 [2][3]
$C043R,4042,C03685D34E7E229E
$4,4042,C02C
4 95 ->
5 96 34
5 97 28
5 98 1
5 99 1
5 100 [2][2]
$2*0
$4018,40443R
5 101 ->
6 102 [4][3]
$0,BFF,0
$BFF,2*0
$2*0,BFF
$4,4042,C02C
5 103 ->
6 166 10
6 167 1
6 168 [2][2]
$2*0
$4018,40443R
5 169 NULL
5 104 30
5 105 1
5 106 [2][3]
$C043R,403E,C02C
$4,4042,C02C
4 95 ->
5 96 34
5 97 30
5 98 1
5 99 1
5 100 [2][2]
$2*0
$403C,40443R
5 101 ->
6 102 [4][3]
$0,BFF,0
$2*0,BFF
$3FF,2*0
$4,403E,C02C
5 103 ->
6 166 11
6 167 1
6 168 [2][2]
$2*0
$403C,40443R
5 169 NULL
5 104 32
5 105 1
5 106 [2][3]
$C043R,403E,C02C
$4,403E,402C
4 95 ->
5 96 34
5 97 32
5 98 1
5 99 1
5 100 [2][2]
$2*0
$4018,40443R
5 101 ->
6 102 [4][3]
$0,BFF,0
$3FF,2*0
$2*0,3FF
$4,403E,402C
5 103 ->
6 166 12
6 167 1
6 168 [2][2]
$2*0
$4018,40443R
5 169 NULL
5 104 34
5 105 1
5 106 [2][3]
$C043R,403E,402C
$4,4042,402C
4 95 ->
5 96 34
5 97 34
5 98 1
5 99 1
5 100 [2][2]
$2*0
$40210BA69CFC453A,40443R
5 101 ->
6 102 [4][3]
$0,BFF,0
$2*0,BFF
$3FF,2*0
$4,4042,402C
5 103 ->
6 166 13
6 167 1
6 168 [2][2]
$2*0
$40210BA69CFC453A,40443R
5 169 NULL
5 104 36
5 105 1
5 106 [2][3]
$C043R,4042,402C
$4,4042,403685D34E7E229D
4 95 ->
5 96 34
5 97 36
5 98 1
5 99 1
5 100 [2][2]
$2*0
$40406A05CAA89245,40443R
5 101 ->
6 102 [4][3]
$0,BFF,0
$3FEE11F642522D1F,0,3FD5E3A8748A0BE6
$BFD5E3A8748A0BE6,0,3FEE11F642522D1F
$4,4042,403685D34E7E229D
5 103 ->
6 166 14
6 167 1
6 168 [2][2]
$2*0
$40406A05CAA89245,40443R
5 169 NULL
5 104 38
5 105 1
5 106 [2][3]
$C043R,4042,402696F20008B516
$4,4050B64E091185B2,403685D34E7E229D
4 95 ->
5 96 34
5 97 38
5 98 1
5 99 1
5 100 [2][2]
$2*0
$403696F20008B517,40443R
5 101 ->
6 102 [4][3]
$0,BFF,0
$2*0,3FF
$BFF,2*0
$4,4050B64E091185B2,402696F20008B516
5 103 ->
6 166 15
6 167 1
6 168 [2][2]
$2*0
$403696F20008B517,40443R
5 169 NULL
5 104 40
5 105 1
5 106 [2][3]
$C043R,4050B64E091185B2,C02696F20008B518
$4,4050B64E091185B2,402696F20008B516
4 95 ->
5 96 34
5 97 40
5 98 1
5 99 1
5 100 [2][2]
$2*0
$40406A05CAA89245,40443R
5 101 ->
6 102 [4][3]
$0,BFF,0
$BFEE11F642522D1F,0,3FD5E3A8748A0BE6
$BFD5E3A8748A0BE6,0,BFEE11F642522D1F
$4,4050B64E091185B2,C02696F20008B518
5 103 ->
6 166 16
6 167 1
6 168 [2][2]
$2*0
$40406A05CAA89245,40443R
5 169 NULL
5 104 0
5 105 1
5 106 [2][3]
$C043R,4042,C03685D34E7E229E
$4,4050B64E091185B2,C02696F20008B518
4 95 ->
5 96 34
5 97 42
5 98 1
5 99 -1
5 100 [2][2]
$C0328,4034401C9E7DCF98
$C023,403ED938244616C8
5 101 ->
6 102 [4][3]
$2*0,BFF
$0,3FF,0
$3FF,2*0
$C043R,4042,402C
5 103 NULL
5 104 0
5 105 1
5 106 [2][3]
$C043R,404C200E4F3EE7CR,C012
$C043R,4050B64E091185B2,4012
4 95 ->
5 96 34
5 97 43
5 98 1
5 99 0
5 100 [2][2]
$C04242E9A73F114F,C018
$40210BA69CFC453A,403ED938244616C7
5 101 ->
6 102 [4][3]
$2*0,BFF
$0,3FF,0
$3FF,2*0
$C043R,4042,402C
5 103 ->
6 166 18
6 167 1
6 168 [2][2]
$C04242E9A73F114F,C018
$40210BA69CFC453A,403ED938244616C7
5 169 NULL
5 104 26
5 105 1
5 106 [2][3]
$C043R,403E,C03685D34E7E229E
$C043R,4050B64E091185B2,403685D34E7E229E
@crv_array 170 0
3 170 [24]
4 170 ->
@crv_id 171 1
5 171 9
@feat_id 172 1
5 172 1
@type 173 1
5 173 0
@crv_pnt_dir 174 1
5 174 [2]
$1,-1
@crv_pnt_arr 175 2
5 175 [2][4]
$C04242E9A73F114F,3*0
$C03C,0,40210BA69CFC453C,0
@crv_hdr_geom_ptr[0] 176 1
5 176 8
@crv_hdr_geom_ptr[1] 177 1
5 177 26
@next_crv_hdr_ptr[0] 178 1
5 178 10
@next_crv_hdr_ptr[1] 179 1
5 179 27
@ref_geom[0] 180 1
5 180 0
@ref_geom[1] 181 1
5 181 0
4 170 ->
5 171 10
5 172 1
5 173 0
5 174 [2]
$1,-1
5 175 [2][4]
$C03C,3*0
$C03C,C018,4018,0
5 176 8
5 177 28
5 178 11
5 179 29
5 180 0
5 181 0
4 170 ->
5 171 11
5 172 1
5 173 0
5 174 [2]
$1,-1
5 175 [2][4]
$C03C,C018,2*0
$0,C018,403C,0
5 176 8
5 177 30
5 178 12
5 179 31
5 180 0
5 181 0
4 170 ->
5 171 12
5 172 1
5 173 0
5 174 [2]
$1,-1
5 175 [2][4]
$0,C018,2*0
$2*0,4018,0
5 176 8
5 177 32
5 178 13
5 179 33
5 180 0
5 181 0
4 170 ->
5 171 13
5 172 1
5 173 0
5 174 [2]
$1,-1
5 175 [2][4]
$4*0
$40210BA69CFC453A,0,40210BA69CFC453A,0
5 176 8
5 177 34
5 178 14
5 179 35
5 180 0
5 181 0
4 170 ->
5 171 14
5 172 1
5 173 0
5 174 [2]
$1,-1
5 175 [2][4]
$40210BA69CFC453A,3*0
$C005A437FFDD2BA8,403ED938244616C8,40406A05CAA89245,0
5 176 8
5 177 36
5 178 15
5 179 37
5 180 0
5 181 0
4 170 ->
5 171 15
5 172 1
5 173 0
5 174 [2]
$1,-1
5 175 [2][4]
$C005A437FFDD2BA8,403ED938244616C8,2*0
$C0394B7900045A8C,403ED938244616C8,403696F20008B517,0
5 176 8
5 177 38
5 178 16
5 179 39
5 180 0
5 181 0
4 170 ->
5 171 16
5 172 1
5 173 0
5 174 [2]
$1,-1
5 175 [2][4]
$C0394B7900045A8C,403ED938244616C8,2*0
$C04242E9A73F114F,0,40406A05CAA89245,0
5 176 8
5 177 40
5 178 9
5 179 41
5 180 0
5 181 0
4 170 ->
5 171 18
5 172 1
5 173 0
5 174 [2]
$-1,1
5 175 [2][4]
$C04242E9A73F114F,3CE495BC041DCA68,0,40443R
$C03C,3CED80ADFCBB5E9A,40210BA69CFC453C,40443R
5 176 43
5 177 26
5 178 25
5 179 29
5 180 0
5 181 0
4 170 ->
5 171 19
5 172 1
5 173 0
5 174 [2]
$-1,1
5 175 [2][4]
$C03C,3CED80ADFCBB5E9A,0,40443R
$C03C,C018,4018,40443R
5 176 43
5 177 28
5 178 18
5 179 31
5 180 0
5 181 0
4 170 ->
5 171 20
5 172 1
5 173 0
5 174 [2]
$-1,1
5 175 [2][4]
$C03C,C018,0,40443R
$0,C018,403C,40443R
5 176 43
5 177 30
5 178 19
5 179 33
5 180 0
5 181 0
4 170 ->
5 171 21
5 172 1
5 173 0
5 174 [2]
$-1,1
5 175 [2][4]
$0,C018,0,40443R
$2*0,4018,40443R
5 176 43
5 177 32
5 178 20
5 179 35
5 180 0
5 181 0
4 170 ->
5 171 22
5 172 1
5 173 0
5 174 [2]
$-1,1
5 175 [2][4]
$3*0,40443R
$40210BA69CFC453A,0,40210BA69CFC453A,40443R
5 176 43
5 177 34
5 178 21
5 179 37
5 180 0
5 181 0
4 170 ->
5 171 23
5 172 1
5 173 0
5 174 [2]
$-1,1
5 175 [2][4]
$40210BA69CFC453A,2*0,40443R
$C005A437FFDD2BA8,403ED938244616C6,40406A05CAA89245,40443R
5 176 43
5 177 36
5 178 22
5 179 39
5 180 0
5 181 0
4 170 ->
5 171 24
5 172 1
5 173 0
5 174 [2]
$-1,1
5 175 [2][4]
$C005A437FFDD2BA8,403ED938244616C6,0,40443R
$C0394B7900045A8C,403ED938244616C7,403696F20008B517,40443R
5 176 43
5 177 38
5 178 23
5 179 41
5 180 0
5 181 0
4 170 ->
5 171 25
5 172 1
5 173 0
5 174 [2]
$-1,1
5 175 [2][4]
$C0394B7900045A8C,403ED938244616C7,0,40443R
$C04242E9A73F114F,3CE495BC041DCA68,40406A05CAA89245,40443R
5 176 43
5 177 40
5 178 24
5 179 27
5 180 0
5 181 0
4 170 ->
5 171 27
5 172 1
5 173 0
5 174 [2]
$1,-1
5 175 [2][4]
$2*0,40406A05CAA89245,0
$0,40443R,40406A05CAA89245,40443R
5 176 26
5 177 40
5 178 18
5 179 16
5 180 0
5 181 0
4 170 ->
5 171 29
5 172 1
5 173 0
5 174 [2]
$1,-1
5 175 [2][4]
$2*0,40210BA69CFC453C,0
$0,40443R,40210BA69CFC453C,40443R
5 176 28
5 177 26
5 178 19
5 179 9
5 180 0
5 181 0
4 170 ->
5 171 31
5 172 1
5 173 0
5 174 [2]
$1,-1
5 175 [2][4]
$2*0,4018,0
$0,40443R,4018,40443R
5 176 30
5 177 28
5 178 20
5 179 10
5 180 0
5 181 0
4 170 ->
5 171 33
5 172 1
5 173 0
5 174 [2]
$1,-1
5 175 [2][4]
$2*0,403C,0
$0,40443R,403C,40443R
5 176 32
5 177 30
5 178 21
5 179 11
5 180 0
5 181 0
4 170 ->
5 171 35
5 172 1
5 173 0
5 174 [2]
$1,-1
5 175 [2][4]
$2*0,4018,0
$0,40443R,4018,40443R
5 176 34
5 177 32
5 178 22
5 179 12
5 180 0
5 181 0
4 170 ->
5 171 37
5 172 1
5 173 0
5 174 [2]
$1,-1
5 175 [2][4]
$2*0,40210BA69CFC453A,0
$0,40443R,40210BA69CFC453A,40443R
5 176 36
5 177 34
5 178 23
5 179 13
5 180 0
5 181 0
4 170 ->
5 171 39
5 172 1
5 173 0
5 174 [2]
$1,-1
5 175 [2][4]
$2*0,40406A05CAA89245,0
$0,40443R,40406A05CAA89245,40443R
5 176 38
5 177 36
5 178 24
5 179 14
5 180 0
5 181 0
4 170 ->
5 171 41
5 172 1
5 173 0
5 174 [2]
$1,-1
5 175 [2][4]
$2*0,403696F20008B517,0
$0,40443R,403696F20008B517,40443R
5 176 40
5 177 38
5 178 25
5 179 15
5 180 0
5 181 0
2 107 NULL
2 108 ->
2 109 ->
3 110 [4][3]
$2*0,BFF
$0,3FF,0
$3FF,2*0
$4,4042,402C
3 111 [5]
4 111 ->
5 112 1851
5 113 0
5 114 -1
5 115 0
5 116 19
5 117 -1
5 118 1
5 119 0
5 120 [1]
6 120 13
5 121 512
5 122 [1]
6 122 ->
7 123 6
7 128 ->
8 129 [1]
9 129 3
4 111 ->
5 112 1857
5 113 3FD40C6D60102747
5 114 -1
5 115 1
5 116 -1
5 117 -1
5 118 0
5 119 0
5 121 0
5 122 [1]
6 122 ->
7 123 6
7 128 ->
8 129 [1]
9 129 3
4 111 ->
5 112 1859
5 113 3FEE40821A691DB3
5 114 -1
5 115 -1
5 116 -1
5 117 -1
5 118 0
5 119 0
5 121 0
5 122 [1]
6 122 ->
7 123 6
7 128 ->
8 129 [1]
9 129 3
4 111 ->
5 112 1861
5 113 0
5 114 -1
5 115 -1
5 116 1
5 117 1
5 118 0
5 119 0
5 121 0
5 122 [1]
6 122 ->
7 123 6
7 128 ->
8 129 [1]
9 129 -100
4 111 ->
5 112 1863
5 113 0
5 114 -1
5 115 -1
5 116 1
5 117 -1
5 118 0
5 119 0
5 121 0
5 122 [1]
6 122 ->
7 123 6
7 128 ->
8 129 [1]
9 129 -100
3 130 0
3 131 0
3 132 [2]
4 132 
5 133 1
5 134 0
5 135 [4][3]
$BFF,2*0
$0,3FF,0
$2*0,BFF
$3*0
4 132 
5 133 12
5 134 0
5 135 [4][3]
$2*0,BFF
$0,3FF,0
$3FF,2*0
$4,4042,402C
2 136 NULL
2 137 8
@gsec_ptr 182 0
2 182 [1]
3 182 
@type 183 1
4 183 2
@name 184 10
4 184 S2D0002
@gsec2d_ptr 185 0
4 185 ->
@name 186 10
5 186 S2D0002
@segtab_ptr 187 0
5 187 [16]
6 187 
@type 188 1
7 188 2
@dir 189 1
7 189 [3]
$1,2*0
@pointid 190 1
7 190 [2]
$0,1
@cntrid 191 1
7 191 1
@arcorient 192 1
7 192 0
@verhor 193 1
7 193 1
@radius 194 1
7 194 0
@ext_id 195 1
7 195 1
@gen_info 196 0
7 196 
@known_ent_info 197 0
7 197 
@attr 198 1
8 198 16
@known_ent_id 199 1
8 199 8
6 187 
7 188 2
7 189 [3]
$0,-1,0
7 190 [2]
$1,2
7 191 2
7 192 0
7 193 0
7 194 0
7 195 3
7 196 
7 197 
8 198 24
8 199 9
6 187 
7 188 2
7 189 [3]
$1,2*0
7 190 [2]
$2,3
7 191 3
7 192 0
7 193 1
7 194 0
7 195 5
7 196 
7 197 
8 198 24
8 199 10
6 187 
7 188 2
7 189 [3]
$0,1,0
7 190 [2]
$3,4
7 191 4
7 192 0
7 193 0
7 194 0
7 195 7
7 196 
7 197 
8 198 24
8 199 11
6 187 
7 188 2
7 189 [3]
$1,2*0
7 190 [2]
$4,5
7 191 5
7 192 0
7 193 1
7 194 0
7 195 9
7 196 
7 197 
8 198 8
8 199 12
6 187 
7 188 2
7 189 [3]
$-1,1,0
7 190 [2]
$5,6
7 191 4
7 192 0
7 193 -2
7 194 0
7 195 11
7 196 
7 197 
8 198 0
8 199 13
6 187 
7 188 2
7 189 [3]
$-1,2*0
7 190 [2]
$6,7
7 191 7
7 192 0
7 193 1
7 194 0
7 195 13
7 196 
7 197 
8 198 0
8 199 14
6 187 
7 188 2
7 189 [3]
$2*-1,0
7 190 [2]
$7,0
7 191 5
7 192 0
7 193 3
7 194 0
7 195 15
7 196 
7 197 
8 198 0
8 199 15
6 187 
7 188 32770
7 189 [3]
$1,2*0
7 190 [2]
$8,9
7 191 9
7 192 0
7 193 1
7 194 0
7 195 0
7 196 
7 197 
8 198 0
8 199 -1
6 187 
7 188 32770
7 189 [3]
$0,-1,0
7 190 [2]
$10,11
7 191 11
7 192 0
7 193 0
7 194 0
7 195 2
7 196 
7 197 
8 198 0
8 199 -1
6 187 
7 188 32770
7 189 [3]
$1,2*0
7 190 [2]
$12,13
7 191 13
7 192 0
7 193 1
7 194 0
7 195 4
7 196 
7 197 
8 198 0
8 199 -1
6 187 
7 188 32770
7 189 [3]
$0,1,0
7 190 [2]
$14,15
7 191 15
7 192 0
7 193 0
7 194 0
7 195 6
7 196 
7 197 
8 198 0
8 199 -1
6 187 
7 188 32770
7 189 [3]
$1,2*0
7 190 [2]
$16,17
7 191 17
7 192 0
7 193 1
7 194 0
7 195 8
7 196 
7 197 
8 198 0
8 199 -1
6 187 
7 188 32770
7 189 [3]
$-1,1,0
7 190 [2]
$18,19
7 191 -1
7 192 0
7 193 -4
7 194 0
7 195 10
7 196 
7 197 
8 198 0
8 199 -1
6 187 
7 188 32770
7 189 [3]
$-1,2*0
7 190 [2]
$20,21
7 191 21
7 192 0
7 193 1
7 194 0
7 195 12
7 196 
7 197 
8 198 0
8 199 -1
6 187 
7 188 32770
7 189 [3]
$2*-1,0
7 190 [2]
$22,23
7 191 -1
7 192 0
7 193 5
7 194 0
7 195 14
7 196 
7 197 
8 198 0
8 199 -1
@dimtab_ptr 200 0
5 200 [8]
6 200 
@type 201 1
7 201 40
@value 202 2
7 202 0
@direct 203 1
7 203 0
@property 204 1
7 204 0
@leftpt 205 1
7 205 [2]
@rightpt 206 1
7 206 [2]
@offset 207 2
7 207 0
@ext_id 208 1
7 208 0
@dispdimattr 209 0
7 209 
@dimattr 210 1
8 210 [2]
$2*0
@dim_ref 211 0
7 211 [2]
8 211 
@item_id 212 1
9 212 8
@sense 213 1
9 213 4
@point 214 1
9 214 [2]
$2*-1
8 211 
9 212 0
9 213 4
9 214 [2]
$2*-1
6 200 
7 201 40
7 202 0
7 203 0
7 204 0
7 205 [2]
7 206 [2]
7 207 0
7 208 1
7 209 
8 210 [2]
$2*0
7 211 [2]
8 211 
9 212 9
9 213 4
9 214 [2]
$2*-1
8 211 
9 212 1
9 213 4
9 214 [2]
$2*-1
6 200 
7 201 40
7 202 0
7 203 0
7 204 0
7 205 [2]
7 206 [2]
7 207 0
7 208 2
7 209 
8 210 [2]
$2*0
7 211 [2]
8 211 
9 212 10
9 213 4
9 214 [2]
$2*-1
8 211 
9 212 2
9 213 4
9 214 [2]
$2*-1
6 200 
7 201 40
7 202 0
7 203 0
7 204 0
7 205 [2]
7 206 [2]
7 207 0
7 208 3
7 209 
8 210 [2]
$2*0
7 211 [2]
8 211 
9 212 11
9 213 4
9 214 [2]
$2*-1
8 211 
9 212 3
9 213 4
9 214 [2]
$2*-1
6 200 
7 201 40
7 202 0
7 203 0
7 204 0
7 205 [2]
7 206 [2]
7 207 0
7 208 4
7 209 
8 210 [2]
$2*0
7 211 [2]
8 211 
9 212 12
9 213 4
9 214 [2]
$2*-1
8 211 
9 212 4
9 213 4
9 214 [2]
$2*-1
6 200 
7 201 40
7 202 0
7 203 0
7 204 0
7 205 [2]
7 206 [2]
7 207 0
7 208 5
7 209 
8 210 [2]
$2*0
7 211 [2]
8 211 
9 212 13
9 213 4
9 214 [2]
$2*-1
8 211 
9 212 5
9 213 4
9 214 [2]
$2*-1
6 200 
7 201 40
7 202 0
7 203 0
7 204 0
7 205 [2]
7 206 [2]
7 207 0
7 208 6
7 209 
8 210 [2]
$2*0
7 211 [2]
8 211 
9 212 14
9 213 4
9 214 [2]
$2*-1
8 211 
9 212 6
9 213 4
9 214 [2]
$2*-1
6 200 
7 201 40
7 202 0
7 203 0
7 204 0
7 205 [2]
7 206 [2]
7 207 0
7 208 7
7 209 
8 210 [2]
$2*0
7 211 [2]
8 211 
9 212 15
9 213 4
9 214 [2]
$2*-1
8 211 
9 212 7
9 213 4
9 214 [2]
$2*-1
@relat_ptr 215 0
5 215 [18]
6 215 
@id 216 1
7 216 0
@used 217 1
7 217 0
@a 218 1
7 218 [4]
$0,8,2*-1
@b 219 1
7 219 [4]
$2*1,2*0
@c 220 2
7 220 [4]
$3FF,BFF,3FF,0
@sign 221 1
7 221 0
@idim 222 1
7 222 -1
@type 223 1
7 223 0
6 215 
7 216 2
7 217 0
7 218 [4]
$1,9,2*-1
7 219 [4]
$4*0
7 220 [4]
$3FF,BFF,3FF,0
7 221 0
7 222 -1
7 223 0
6 215 
7 216 3
7 217 0
7 218 [4]
$1,9,2*-1
7 219 [4]
$2*1,2*0
7 220 [4]
$3FF,BFF,3FF,0
7 221 0
7 222 -1
7 223 0
6 215 
7 216 6
7 217 0
7 218 [4]
$2,11,2*-1
7 219 [4]
$4*0
7 220 [4]
$3FF,BFF,3FF,0
7 221 0
7 222 -1
7 223 0
6 215 
7 216 7
7 217 0
7 218 [4]
$2,11,2*-1
7 219 [4]
$2*1,2*0
7 220 [4]
$3FF,BFF,3FF,0
7 221 0
7 222 -1
7 223 0
6 215 
7 216 10
7 217 0
7 218 [4]
$3,13,2*-1
7 219 [4]
$4*0
7 220 [4]
$3FF,BFF,3FF,0
7 221 0
7 222 -1
7 223 0
6 215 
7 216 11
7 217 0
7 218 [4]
$3,13,2*-1
7 219 [4]
$2*1,2*0
7 220 [4]
$3FF,BFF,3FF,0
7 221 0
7 222 -1
7 223 0
6 215 
7 216 14
7 217 0
7 218 [4]
$4,15,2*-1
7 219 [4]
$4*0
7 220 [4]
$3FF,BFF,3FF,0
7 221 0
7 222 -1
7 223 0
6 215 
7 216 15
7 217 0
7 218 [4]
$4,15,2*-1
7 219 [4]
$2*1,2*0
7 220 [4]
$3FF,BFF,3FF,0
7 221 0
7 222 -1
7 223 0
6 215 
7 216 18
7 217 0
7 218 [4]
$5,16,2*-1
7 219 [4]
$2*1,2*0
7 220 [4]
$3FF,BFF,3FF,0
7 221 0
7 222 -1
7 223 0
6 215 
7 216 24
7 217 0
7 218 [4]
$6,20,2*-1
7 219 [4]
$2*1,2*0
7 220 [4]
$3FF,BFF,3FF,0
7 221 0
7 222 -1
7 223 0
6 215 
7 216 26
7 217 0
7 218 [4]
$7,20,2*-1
7 219 [4]
$2*1,2*0
7 220 [4]
$3FF,BFF,3FF,0
7 221 0
7 222 -1
7 223 0
6 215 
7 216 40
7 217 4
7 218 [4]
$18,19,18,19
7 219 [4]
$2*0,2*1
7 220 [4]
$3FF,2*BFF,3FF
7 221 -4
7 222 -1
7 223 9
6 215 
7 216 20
7 217 0
7 218 [4]
$5,18,5,18
7 219 [4]
$2*0,2*1
7 220 [4]
$3FF,2*BFF,3FF
7 221 -4
7 222 -1
7 223 9
6 215 
7 216 22
7 217 0
7 218 [4]
$6,18,6,18
7 219 [4]
$2*0,2*1
7 220 [4]
$3FF,2*BFF,3FF
7 221 -4
7 222 -1
7 223 9
6 215 
7 216 41
7 217 4
7 218 [4]
$22,23,22,23
7 219 [4]
$2*0,2*1
7 220 [4]
$3FF,2*BFF,3FF
7 221 5
7 222 -1
7 223 9
6 215 
7 216 28
7 217 0
7 218 [4]
$7,22,7,22
7 219 [4]
$2*0,2*1
7 220 [4]
$3FF,2*BFF,3FF
7 221 5
7 222 -1
7 223 9
6 215 
7 216 30
7 217 0
7 218 [4]
$0,22,0,22
7 219 [4]
$2*0,2*1
7 220 [4]
$3FF,2*BFF,3FF
7 221 5
7 222 -1
7 223 9
@formula_ptr 224 1
5 224 [18]
$0,1,2,3,4,5,6,7,8,9,10,11,12,13,14,15,16,17
@qind 225 1
5 225 -1
@totalpointid 226 1
5 226 24
@checkarcs_flag 227 1
5 227 1
@location 228 0
5 228 ->
@id 229 1
6 229 0
@param 230 2
6 230 0
@type 231 1
6 231 0
@nsket_info 232 0
5 232 ->
@scale 233 2
6 233 0
@m 234 1
6 234 0
@last_was_permanent 235 1
6 235 0
@unsolved_ptr 236 0
5 236 ->
@iges_file 237 10
6 237 NULL
@solve_version 238 1
5 238 1
@segdscr_tab 239 0
5 239 [16]
6 239 
@ent_mode 240 1
7 240 0
6 239 
7 240 0
6 239 
7 240 0
6 239 
7 240 0
6 239 
7 240 0
6 239 
7 240 0
6 239 
7 240 0
6 239 
7 240 0
6 239 
7 240 0
6 239 
7 240 0
6 239 
7 240 0
6 239 
7 240 0
6 239 
7 240 0
6 239 
7 240 0
6 239 
7 240 0
6 239 
7 240 0
@skamp_ptr 241 0
5 241 [20]
6 241 
@id 242 1
7 242 0
@type 243 1
7 243 1
@flags 244 1
7 244 0
@status 245 1
7 245 3
@items 246 0
7 246 [1]
8 246 
@ent_id 247 1
9 247 1
@sense 248 1
9 248 0
6 241 
7 242 1
7 243 0
7 244 0
7 245 3
7 246 [2]
8 246 
9 247 3
9 248 2
8 246 
9 247 1
9 248 3
6 241 
7 242 2
7 243 2
7 244 0
7 245 3
7 246 [1]
8 246 
9 247 3
9 248 0
6 241 
7 242 3
7 243 0
7 244 0
7 245 3
7 246 [2]
8 246 
9 247 5
9 248 2
8 246 
9 247 3
9 248 3
6 241 
7 242 4
7 243 1
7 244 0
7 245 3
7 246 [1]
8 246 
9 247 5
9 248 0
6 241 
7 242 5
7 243 0
7 244 0
7 245 3
7 246 [2]
8 246 
9 247 7
9 248 2
8 246 
9 247 5
9 248 3
6 241 
7 242 6
7 243 2
7 244 0
7 245 3
7 246 [1]
8 246 
9 247 7
9 248 0
6 241 
7 242 7
7 243 0
7 244 0
7 245 3
7 246 [2]
8 246 
9 247 9
9 248 2
8 246 
9 247 7
9 248 3
6 241 
7 242 8
7 243 1
7 244 0
7 245 3
7 246 [1]
8 246 
9 247 9
9 248 0
6 241 
7 242 9
7 243 0
7 244 0
7 245 3
7 246 [2]
8 246 
9 247 11
9 248 2
8 246 
9 247 9
9 248 3
6 241 
7 242 10
7 243 0
7 244 0
7 245 3
7 246 [2]
8 246 
9 247 13
9 248 2
8 246 
9 247 11
9 248 3
6 241 
7 242 11
7 243 1
7 244 0
7 245 3
7 246 [1]
8 246 
9 247 13
9 248 0
6 241 
7 242 12
7 243 0
7 244 0
7 245 3
7 246 [2]
8 246 
9 247 15
9 248 2
8 246 
9 247 13
9 248 3
6 241 
7 242 13
7 243 0
7 244 0
7 245 3
7 246 [2]
8 246 
9 247 15
9 248 3
8 246 
9 247 1
9 248 2
6 241 
7 242 14
7 243 1
7 244 0
7 245 3
7 246 [1]
8 246 
9 247 0
9 248 0
6 241 
7 242 15
7 243 2
7 244 0
7 245 3
7 246 [1]
8 246 
9 247 2
9 248 0
6 241 
7 242 16
7 243 1
7 244 0
7 245 3
7 246 [1]
8 246 
9 247 4
9 248 0
6 241 
7 242 17
7 243 2
7 244 0
7 245 3
7 246 [1]
8 246 
9 247 6
9 248 0
6 241 
7 242 18
7 243 1
7 244 0
7 245 3
7 246 [1]
8 246 
9 247 8
9 248 0
6 241 
7 242 19
7 243 1
7 244 0
7 245 3
7 246 [1]
8 246 
9 247 12
9 248 0
@gsec3d_ptr 249 0
4 249 ->
@type 250 1
5 250 7
@name 251 10
5 251 S2D0002
@flip 252 1
5 252 1
@own_ref_id 253 1
5 253 0
@first_chain_ptr 254 0
5 254 NULL
@quilt_id 255 1
5 255 -1
@plane_id 256 1
5 256 7
@plane_flip 257 1
5 257 -1
@ref_planes 258 0
5 258 [8]
6 258 
@plane_id 259 1
7 259 40
@ref_type 260 1
7 260 6
@ext_ref_id 261 1
7 261 1
@seg_id 262 1
7 262 8
@flip_flag 263 1
7 263 0
@save_entity_ptr(line) 264 0
7 264 ->
@type 265 1
8 265 32770
@id 266 1
8 266 -1
@gen_info 267 0
8 267 
@end1 268 2
8 268 [3]
$C04,2*0
@end2 269 2
8 269 [3]
$C03C,2*0
@back_entity_ptr(line) 270 0
7 270 ->
8 265 32770
8 266 -1
8 267 
8 268 [3]
$C04,2*0
8 269 [3]
$C03C,2*0
6 258 
7 259 30
7 260 6
7 261 2
7 262 9
7 263 0
7 264 ->
8 265 32770
8 266 -1
8 267 
8 268 [3]
$C03C,2*0
8 269 [3]
$C03C,C018,0
7 270 ->
8 265 32770
8 266 -1
8 267 
8 268 [3]
$C03C,2*0
8 269 [3]
$C03C,C018,0
6 258 
7 259 31
7 260 6
7 261 2
7 262 10
7 263 2112
7 264 ->
8 265 32770
8 266 -1
8 267 
8 268 [3]
$C03C,C018,0
8 269 [3]
$0,C018,0
7 270 ->
8 265 32770
8 266 -1
8 267 
8 268 [3]
$C03C,C018,0
8 269 [3]
$0,C018,0
6 258 
7 259 24
7 260 6
7 261 2
7 262 11
7 263 2112
7 264 ->
8 265 32770
8 266 -1
8 267 
8 268 [3]
$0,C018,0
8 269 [3]
$3*0
7 270 ->
8 265 32770
8 266 -1
8 267 
8 268 [3]
$0,C018,0
8 269 [3]
$3*0
6 258 
7 259 44
7 260 6
7 261 1
7 262 12
7 263 0
7 264 ->
8 265 32770
8 266 -1
8 267 
8 268 [3]
$3*0
8 269 [3]
$401,2*0
7 270 ->
8 265 32770
8 266 -1
8 267 
8 268 [3]
$3*0
8 269 [3]
$401,2*0
6 258 
7 259 610
7 260 6
7 261 3
7 262 13
7 263 0
7 264 ->
8 265 32770
8 266 -1
8 267 
8 268 [3]
$4014B2648BB3DA6C,4022666CC6490148,0
8 269 [3]
$400E41B77BE4B4E8,402A0CBC96A45134,0
7 270 ->
8 265 32770
8 266 -1
8 267 
8 268 [3]
$4014B2648BB3DA6C,4022666CC6490148,0
8 269 [3]
$400E41B77BE4B4E8,402A0CBC96A45134,0
6 258 
7 259 21
7 260 6
7 261 4
7 262 14
7 263 0
7 264 ->
8 265 32770
8 266 -1
8 267 
8 268 [3]
$C023,403ED938244616C8,0
8 269 [3]
$C0328,403ED938244616C8,0
7 270 ->
8 265 32770
8 266 -1
8 267 
8 268 [3]
$C023,403ED938244616C8,0
8 269 [3]
$C0328,403ED938244616C8,0
6 258 
7 259 594
7 260 6
7 261 5
7 262 15
7 263 0
7 264 ->
8 265 32770
8 266 -1
8 267 
8 268 [3]
$C03FC836EF7C969F,402A0CBC96A4513,0
8 269 [3]
$C040964C91767B4E,4022666CC6490148,0
7 270 ->
8 265 32770
8 266 -1
8 267 
8 268 [3]
$C03FC836EF7C969F,402A0CBC96A4513,0
8 269 [3]
$C040964C91767B4E,4022666CC6490148,0
@order_ptr 271 0
4 271 [8]
5 271 
@id 272 1
6 272 0
@flip 273 1
6 273 2
5 271 
6 272 1
6 273 0
5 271 
6 272 2
6 273 0
5 271 
6 272 3
6 273 0
5 271 
6 272 4
6 273 0
5 271 
6 272 5
6 273 0
5 271 
6 272 6
6 273 0
5 271 
6 272 7
6 273 4
@dim_id_tab 274 1
4 274 [8]
$0,1,2,3,4,5,6,7
@attributes 275 1
4 275 0
@xsec_id 276 1
4 276 -1
@gsec_info_arr 277 0
4 277 [1]
5 277 
@application_type 278 1
6 278 2
@application_id 279 1
6 279 1
@secsolve_revnum 280 1
4 280 0
@rel_accuracy 281 2
4 281 BFF
@p_saved_result 282 0
4 282 ->
@entity(line) 283 0
5 283 ->
6 266 0
6 267 
6 268 [3]
$C04242E9A73F114F,2*0
6 269 [3]
$C03C,2*0
5 283 ->
6 266 1
6 267 
6 268 [3]
$C03C,2*0
6 269 [3]
$C03C,C018,0
5 283 ->
6 266 2
6 267 
6 268 [3]
$C03C,C018,0
6 269 [3]
$0,C018,0
5 283 ->
6 266 3
6 267 
6 268 [3]
$0,C018,0
6 269 [3]
$3*0
5 283 ->
6 266 4
6 267 
6 268 [3]
$3*0
6 269 [3]
$40210BA69CFC453A,2*0
5 283 ->
6 266 5
6 267 
6 268 [3]
$40210BA69CFC453A,2*0
6 269 [3]
$C005A437FFDD2BA9,403ED938244616C8,0
5 283 ->
6 266 6
6 267 
6 268 [3]
$C005A437FFDD2BA9,403ED938244616C8,0
6 269 [3]
$C0394B7900045A8C,403ED938244616C8,0
5 283 ->
6 266 7
6 267 
6 268 [3]
$C0394B7900045A8C,403ED938244616C8,0
6 269 [3]
$C04242E9A73F114F,2*0
5 283 ->
6 265 32770
6 266 8
6 267 
6 268 [3]
$C04,2*0
6 269 [3]
$C03C,2*0
5 283 ->
6 265 32770
6 266 9
6 267 
6 268 [3]
$C03C,2*0
6 269 [3]
$C03C,C018,0
5 283 ->
6 265 32770
6 266 10
6 267 
6 268 [3]
$C03C,C018,0
6 269 [3]
$0,C018,0
5 283 ->
6 265 32770
6 266 11
6 267 
6 268 [3]
$0,C018,0
6 269 [3]
$3*0
5 283 ->
6 265 32770
6 266 12
6 267 
6 268 [3]
$3*0
6 269 [3]
$401,2*0
5 283 ->
6 265 32770
6 266 13
6 267 
6 268 [3]
$4014B2648BB3DA6C,4022666CC6490148,0
6 269 [3]
$400E41B77BE4B4E8,402A0CBC96A45134,0
5 283 ->
6 265 32770
6 266 14
6 267 
6 268 [3]
$C023,403ED938244616C8,0
6 269 [3]
$C0328,403ED938244616C8,0
5 283 ->
6 265 32770
6 266 15
6 267 
6 268 [3]
$C03FC836EF7C969F,402A0CBC96A4513,0
6 269 [3]
$C040964C91767B4E,4022666CC6490148,0
@local_sys 284 2
5 284 [4][3]
$2*0,BFF
$0,3FF,0
$3FF,2*0
$4,4042,402C
2 138 -1
2 139 NULL
2 140 NULL
2 160 [3]
$2,4,6
2 141 ->
@crv_type 285 0
3 285 [24]
4 285 
@p_crv 286 1
5 286 9
@crv_type 287 1
5 287 7
4 285 
5 286 10
5 287 7
4 285 
5 286 11
5 287 7
4 285 
5 286 12
5 287 7
4 285 
5 286 13
5 287 7
4 285 
5 286 14
5 287 7
4 285 
5 286 15
5 287 7
4 285 
5 286 16
5 287 7
4 285 
5 286 18
5 287 7
4 285 
5 286 19
5 287 7
4 285 
5 286 20
5 287 7
4 285 
5 286 21
5 287 7
4 285 
5 286 22
5 287 7
4 285 
5 286 23
5 287 7
4 285 
5 286 24
5 287 7
4 285 
5 286 25
5 287 7
4 285 
5 286 27
5 287 7
4 285 
5 286 29
5 287 7
4 285 
5 286 31
5 287 7
4 285 
5 286 33
5 287 7
4 285 
5 286 35
5 287 7
4 285 
5 286 37
5 287 7
4 285 
5 286 39
5 287 7
4 285 
5 286 41
5 287 7
3 142 0
3 143 0
3 144 [2][3]
$C043R,403E,C03685D34E7E22A3
$4,4050B64E091185B2,403685D34E7E22A
3 145 0
3 146 NULL
3 147 -1
2 148 -1
2 149 NULL
2 150 2
2 151 NULL
1 159 NULL
@assem_mass_prop_ptr 288 0
1 288 NULL
@mass_prop_ptr 289 0
1 289 ->
@type 290 1
2 290 0
@density 291 2
2 291 0
@init_dens 292 5
2 292 0
@rel_density 293 2
2 293 0
@init_rel_dens 294 5
2 294 0
@aver_density 295 2
2 295 0
@vrevnum 296 1
2 296 -1
@volume 297 2
2 297 0
@cg 298 2
2 298 [3]
$3*0
@inertia 299 2
2 299 [3][3]
$3*0
$3*0
$3*0
@eps 300 2
2 300 0
@surfarea 301 2
2 301 0
@assign_mp_ptr 302 0
1 302 NULL
@tol_default_ptr 303 0
1 303 ->
@type 304 1
2 304 10
@value 305 2
2 305 [7]
$0,3FB9R,3F847AE147AE147B,3F50624DD2F1A9FC,3F1A36E2EB1C432D,
$3EE4F8B588E368F1,3EB0C6F7A0B5ED8E
@ang_value 306 2
2 306 [7]
$0,6*3FE
@standard 307 1
2 307 0
@iso_tol_tbls_ptr 308 0
2 308 NULL
@ref_part_table 309 0
1 309 [6]
2 309 ->
@name 310 10
3 310 BOX_PROCESSOR_3
@id 311 1
3 311 15
@type 312 1
3 312 1
@revnum 313 1
3 313 -1
@memb_id_tab 314 1
3 314 [1]
4 314 51
@dep_id 315 1
3 315 0
@attributes 316 1
3 316 0
@simpl_rep 317 0
3 317 NULL
2 309 ->
3 310 BOX_PROCESSOR_3
3 311 15
3 312 1
3 313 -1
3 314 [1]
4 314 10
3 315 1
3 316 0
3 317 NULL
2 309 ->
3 310 BOX_PROCESSOR_3
3 311 15
3 312 1
3 313 -1
3 314 [1]
4 314 9
3 315 2
3 316 0
3 317 NULL
2 309 ->
3 310 BOX_PROCESSOR_3
3 311 15
3 312 1
3 313 -1
3 314 [1]
4 314 11
3 315 3
3 316 0
3 317 NULL
2 309 ->
3 310 BOX_PROCESSOR_3
3 311 15
3 312 1
3 313 -1
3 314 [1]
4 314 13
3 315 4
3 316 0
3 317 NULL
2 309 ->
3 310 BOX_PROCESSOR_3
3 311 15
3 312 1
3 313 -1
3 314 [1]
4 314 12
3 315 5
3 316 0
3 317 NULL
@first_xsec_ptr 318 0
1 318 NULL
@datum_count 319 1
1 319 0
@axis_count 320 1
1 320 0
@insert_layer_id 321 1
1 321 -1
@layer_count 322 1
1 322 1
@layer_list 323 0
1 323 [4]
2 323 
@feat_id 324 1
3 324 2
@layer_id 325 1
3 325 0
@back_layer_id 326 1
3 326 0
2 323 
3 324 4
3 325 0
3 326 0
2 323 
3 324 6
3 325 0
3 326 0
2 323 
3 324 1
3 325 0
3 326 0
@lang_ptr 327 0
1 327 ->
@interact_on 328 1
2 328 -1
@first_csys_ptr 329 0
1 329 NULL
@color_prop_ptr 330 0
1 330 NULL
@fem_data 331 0
1 331 NULL
@rel_part_eps 332 2
1 332 3F53A92A30553261
@drv_tbl_ptr 333 0
1 333 NULL
@assembled_count 334 1
1 334 0
@part_type 335 1
1 335 1
@mat_name_ptr 336 10
1 336 NULL
@first_ent_id 337 1
1 337 521763
@first_view_id 338 1
1 338 0
@outline 339 2
1 339 [2][3]
$C043R,403E,C03685D34E7E229E
$4,4050B64E091185B2,403685D34E7E229E
@dim_num 340 1
1 340 8
@dim_array 341 0
1 341 [8]
2 341 ->
@type 342 1
3 342 8
@dim_type 343 1
3 343 40
@feat_id 344 1
3 344 1
@attributes 345 1
3 345 32
@dim_dat_ptr 346 0
3 346 ->
@value 347 2
4 347 0
@bck_value 348 2
4 348 0
@tol_ptr 349 0
4 349 ->
@type 350 1
5 350 9
@tol_type 351 1
5 351 4
@dual_digits_diff 352 1
5 352 999
@value 353 2
5 353 [2]
$2*3F847AE147AE147B
@nominal_value 354 2
4 354 0
@bound 355 1
4 355 20
@bck_bound 356 1
4 356 -1
@bck_tol_ptr 357 0
4 357 ->
@value 358 2
5 358 [2]
$2*3F847AE147AE147B
@datum_def_id 359 1
4 359 -1
@places_denom 360 1
4 360 2
@bck_places_denom 361 1
4 361 2
@dim_data_attrib 362 1
4 362 0
@dim_cosm_ptr 363 0
3 363 ->
@d0 364 2
4 364 0
@d1 365 2
4 365 0
@d2 366 2
4 366 0
@d3 367 2
4 367 0
@ord_info 368 0
4 368 NULL
@attach_ptr 369 0
3 369 NULL
@dim_text_ptr 370 0
3 370 ->
@symbol 371 10
4 371 d0
@parent_dim_id 372 1
3 372 -1
2 341 ->
3 342 8
3 343 40
3 344 1
3 345 32
3 346 ->
4 347 0
4 348 0
4 349 ->
5 350 9
5 351 4
5 352 999
5 353 [2]
$2*3F847AE147AE147B
4 354 0
4 355 20
4 356 -1
4 357 ->
5 358 [2]
$2*3F847AE147AE147B
4 359 -1
4 360 2
4 361 2
4 362 0
3 363 ->
4 364 0
4 365 0
4 366 0
4 367 0
4 368 NULL
3 369 NULL
3 370 ->
4 371 d1
3 372 -1
2 341 ->
3 342 8
3 343 40
3 344 1
3 345 32
3 346 ->
4 347 0
4 348 0
4 349 ->
5 350 9
5 351 4
5 352 999
5 353 [2]
$2*3F847AE147AE147B
4 354 0
4 355 20
4 356 -1
4 357 ->
5 358 [2]
$2*3F847AE147AE147B
4 359 -1
4 360 2
4 361 2
4 362 0
3 363 ->
4 364 0
4 365 0
4 366 0
4 367 0
4 368 NULL
3 369 NULL
3 370 ->
4 371 d2
3 372 -1
2 341 ->
3 342 8
3 343 40
3 344 1
3 345 32
3 346 ->
4 347 0
4 348 0
4 349 ->
5 350 9
5 351 4
5 352 999
5 353 [2]
$2*3F847AE147AE147B
4 354 0
4 355 20
4 356 -1
4 357 ->
5 358 [2]
$2*3F847AE147AE147B
4 359 -1
4 360 2
4 361 2
4 362 0
3 363 ->
4 364 0
4 365 0
4 366 0
4 367 0
4 368 NULL
3 369 NULL
3 370 ->
4 371 d3
3 372 -1
2 341 ->
3 342 8
3 343 40
3 344 1
3 345 32
3 346 ->
4 347 0
4 348 0
4 349 ->
5 350 9
5 351 4
5 352 999
5 353 [2]
$2*3F847AE147AE147B
4 354 0
4 355 20
4 356 -1
4 357 ->
5 358 [2]
$2*3F847AE147AE147B
4 359 -1
4 360 2
4 361 2
4 362 0
3 363 ->
4 364 0
4 365 0
4 366 0
4 367 0
4 368 NULL
3 369 NULL
3 370 ->
4 371 d4
3 372 -1
2 341 ->
3 342 8
3 343 40
3 344 1
3 345 32
3 346 ->
4 347 0
4 348 0
4 349 ->
5 350 9
5 351 4
5 352 999
5 353 [2]
$2*3F847AE147AE147B
4 354 0
4 355 20
4 356 -1
4 357 ->
5 358 [2]
$2*3F847AE147AE147B
4 359 -1
4 360 2
4 361 2
4 362 0
3 363 ->
4 364 0
4 365 0
4 366 0
4 367 0
4 368 NULL
3 369 NULL
3 370 ->
4 371 d5
3 372 -1
2 341 ->
3 342 8
3 343 40
3 344 1
3 345 32
3 346 ->
4 347 0
4 348 0
4 349 ->
5 350 9
5 351 4
5 352 999
5 353 [2]
$2*3F847AE147AE147B
4 354 0
4 355 20
4 356 -1
4 357 ->
5 358 [2]
$2*3F847AE147AE147B
4 359 -1
4 360 2
4 361 2
4 362 0
3 363 ->
4 364 0
4 365 0
4 366 0
4 367 0
4 368 NULL
3 369 NULL
3 370 ->
4 371 d6
3 372 -1
2 341 ->
3 342 8
3 343 40
3 344 1
3 345 32
3 346 ->
4 347 0
4 348 0
4 349 ->
5 350 9
5 351 4
5 352 999
5 353 [2]
$2*3F847AE147AE147B
4 354 0
4 355 20
4 356 -1
4 357 ->
5 358 [2]
$2*3F847AE147AE147B
4 359 -1
4 360 2
4 361 2
4 362 0
3 363 ->
4 364 0
4 365 0
4 366 0
4 367 0
4 368 NULL
3 369 NULL
3 370 ->
4 371 d7
3 372 -1
@ipar_num 373 1
1 373 0
@relpar_sets 374 0
1 374 [1]
2 374 
@id 375 1
3 375 -1
@type 376 1
3 376 2
@ext_ref_id 377 1
3 377 -1
@relatnum 378 1
3 378 0
@unit_arr 379 0
1 379 [2]
2 379 
@type 380 1
3 380 1
@factor 381 2
3 381 3FF
@name 382 10
3 382 INCH
@unit_type 383 1
3 383 0
2 379 
3 380 2
3 381 3FF
3 382 POUND
3 383 1
@geom_lib_ptr 384 0
1 384 NULL
@first_quilt_ptr 385 1
1 385 0
@attrib_array 386 1
1 386 [1]
2 386 4
@smt_info_ptr 387 0
1 387 NULL
@cable_info_ptr 388 0
1 388 NULL
@comp_info_ptr 389 0
1 389 NULL
@max_part_size 390 2
1 390 4051B61B1092C392
@prt_misc_ptr 391 0
1 391 ->
@shrink_data_ptr 392 0
2 392 NULL
@layer_array 393 0
1 393 [1]
2 393 ->
@id 394 1
3 394 44
@type 395 1
3 395 117
@user_id 396 1
3 396 0
@weird_wline_ptr 397 0
3 397 ->
@weird_wline 398 10
4 398 7_ALL_FEATURES
@layer_objects 399 0
3 399 [1]
4 399 
@type 400 1
5 400 3
@ids 401 1
5 401 [1]
6 401 1
@saved_operation 402 1
3 402 1
@expld_mv_info 403 0
1 403 NULL
@state_info_ptr 404 0
1 404 NULL
@alumni_feats 405 0
1 405 NULL
@model_name 406 10
1 406 EN
@p_mdl_grid 407 0
1 407 NULL
@mdl_status_ptr 408 0
1 408 NULL
@cfg_states 409 0
1 409 NULL
@disp_outl_info 410 0
1 410 
@disp_outline 411 2
2 411 [2][3]
$C043R,403E,C03685D34E7E22A
$4,4050B64E091185B2,403685D34E7E229D
@ribbon_info_ptr 412 0
1 412 NULL
@p_xref_data 413 0
1 413 ->
@View 414 0
0 414 ->
@id 415 1
1 415 0
@viewattr 416 0
1 416 
@attr_arr 417 1
2 417 [4]
$1,3*0
@mpoint 418 0
1 418 
@id 419 1
2 419 0
@coord 420 2
2 420 [3]
$3*0
@first_instr_ptr 421 0
2 421 NULL
@attach_ptr 422 0
2 422 NULL
@vpoint 423 0
1 423 
2 419 0
2 420 [3]
$407F4,407A5E,0
2 421 NULL
2 422 NULL
@orient 424 2
1 424 [4][4]
$3FF,3*0
$0,3FF,2*0
$2*0,3FF,0
$3*0,3FF
@local_sys 425 2
1 425 [4][4]
$3FF,3*0
$0,3FF,2*0
$2*0,3FF,0
$3*0,3FF
@first_instr_ptr 426 0
1 426 ->
@type 427 1
2 427 100
@geom_id 428 1
2 428 -1
@view_id 429 1
2 429 -1
@memb_num 430 1
2 430 0
@offset 431 2
2 431 0
@matrix 432 0
2 432 NULL
@next_instr_ptr 433 0
1 433 NULL
@outer_xsec_index 434 1
1 434 -1
@next_view_id 435 1
1 435 -2
@simp_rep_id 436 1
1 436 0
@name 437 10
1 437 no name
@matrix 438 2
1 438 [4][4]
$3FF,3*0
$0,3FF,2*0
$2*0,3FF,0
$3*0,3FF
@fit_outline 439 2
1 439 [2][3]
$3*0
$3*0
@det_info_ptr 440 0
1 440 NULL
@named_view_pzmatr 441 0
1 441 NULL
@page_id 442 1
1 442 0
@model_name 443 10
1 443 NULL
@unrep_model_name 444 10
1 444 NULL
@saved_pro_dls 445 0
1 445 ->
@assem_merge_parts 446 0
0 446 ->
#END_OF_UGC
