#UGC:2 PART 886 360 0 1 1 15 1600 9546 \
#- VERS 0 0                                                          \
#- HOST                                                              \
#- LINK                                                              \
#- DBID                                                              \
#- REVS 0,                                                           \
#- RELL 0,                                                           \
#- UOBJ_ID 0 0 0                                                     \
#-END_OF_UGC_HEADER
#P_OBJECT 6
@P_object 1 0
0 1 ->
@dep_db 2 0
1 2 ->
@usr_rev 3 0
1 3 [3]
2 3 
@name 4 10
3 4 MARKL
@mod_time 5 0
3 5 
@tm_sec 6 1
4 6 19
@tm_min 7 1
4 7 36
@tm_hour 8 1
4 8 13
@tm_mday 9 1
4 9 20
@tm_mon 10 1
4 10 9
@tm_year 11 1
4 11 95
@action 12 1
3 12 1000
@comment 13 10
3 13 Hostname: 'taimyr'
@rel_level 14 10
3 14 
@rev_string 15 10
3 15 
2 3 
3 4 SHOE
3 5 
4 6 37
4 7 30
4 8 13
4 9 3
4 10 10
4 11 95
3 12 1000
3 13 Hostname: 'magnum'
3 14 
3 15 
2 3 
3 4 STEVEC
3 5 
4 6 6
4 7 4
4 8 15
4 9 22
4 10 10
4 11 95
3 12 1000
3 13 Hostname: 'zemlya'
3 14 
3 15 
@revnum_std 16 1
1 16 89
@flag 17 1
1 17 0
@name 18 10
1 18 NULL
@inst_hidden 19 1
1 19 0
@old_name 20 10
1 20 NULL
@appl_data 21 0
1 21 ->
@bounding_box 22 2
2 22 [2][3]
$BFEED54F4986BE8B,BF8BBA38C8160938,BFEED54F4986BE8B
$3FEED54F4986BE8B,3FD647A524D2A475,3FEED54F4986BE8B
@uobj_id 23 0
1 23 NULL
#END_OF_P_OBJECT
#Pro/ENGINEER  TM  Version G-01-13  (c) 1988-95 by Parametric Technology Corporation  All Rights Reserved. 9546
@Solid 24 0
0 24 ->
@tab_key 25 1
1 25 0
@tab_key_struct 26 0
1 26 ->
@tab_key_ptr 27 0
2 27 [62]
@cmprs_tabkey 28 0
2 28 NULL
@type 29 1
1 29 2
@revnum_ptr 30 0
1 30 ->
@geom_revnum 31 1
2 31 76
@cosm_revnum 32 1
2 32 11
@first_member_ptr 33 0
1 33 NULL
@alumni_members 34 0
1 34 NULL
@frst_geom_ptr 35 1
1 35 21
@first_feat_ptr 36 0
1 36 ->
@id 37 1
2 37 1
@indep_attributes 38 1
2 38 1
@feat_type_ptr 39 0
2 39 ->
@table_id 40 1
3 40 13
@type 41 1
3 41 923
@feattype_key 42 10
3 42 NULL
@form 43 1
3 43 0
@attributes 44 1
3 44 [3]
$0,262144,0
@placement 45 1
3 45 0
@intersection 46 1
3 46 -1
@internal_udf_type 47 1
3 47 -1
@param_choice_ptr 48 0
3 48 ->
@blend_choice 49 1
4 49 0
@depth_choice 50 1
4 50 0
@angle_choice 51 1
4 51 -1
@pat_choice 52 1
4 52 -1
@round_choice 53 1
4 53 -1
@subsec_choice 54 1
4 54 -1
@sweep_choice 55 1
4 55 0
@dome_choice 56 1
4 56 0
@draft_choice 57 1
4 57 0
@misc_choice 58 1
4 58 0
@assoc_type 59 1
3 59 0
@symbol_key 60 1
2 60 -1
@sect_name 61 10
2 61 DTM1
@model_type 62 1
2 62 2
@idtab_ptr 63 0
2 63 ->
@srf_id_arr 64 1
3 64 [1][4]
$2,3*0
@save_geoms 65 0
3 65 NULL
@cr_flags_xar 66 1
3 66 [18]
$3*-1,-2049,2*-1,-16777217,3*-1,-536870913,-1,-1126176897,-2,-2097185,
$-203555329,3,0
@cvt_feat_dat 67 0
3 67 NULL
@feat_dates_ptr 68 0
3 68 ->
@creat_date 69 1
4 69 150023
@regen_date 70 1
4 70 150023
@geometry 71 0
2 71 
@srf_array 72 0
3 72 [1]
4 72 ->
@geom_type 73 1
5 73 34
@geom_id 74 1
5 74 2
@feat_id 75 1
5 75 1
@boundary_type 76 1
5 76 1
@envlp 77 2
5 77 [2][2]
$BF8BBA38C8160938,BFEED54F4986BE8B
$3FD647A524D2A475,3FEED54F4986BE8B
@srf_prim_ptr(plane) 78 0
5 78 ->
@local_sys 79 2
6 79 [4][3]
$2*0,3FF
$3FF,2*0
$0,3FF,0
$3*0
@frst_cntr_ptr 80 0
5 80 NULL
@next_geom_ptr 81 1
5 81 0
@orient 82 1
5 82 1
@outline 83 2
5 83 [2][3]
$0,BF8BBA38C8160938,BFEED54F4986BE8B
$0,3FD647A524D2A476,3FEED54F4986BE8B
@group_info_ptr 84 0
2 84 NULL
@intrs_pairs_ptr 85 0
2 85 ->
@place_rec_ptr 86 0
2 86 ->
@local_sys 87 2
3 87 [4][3]
$2*0,3FF
$3FF,2*0
$0,3FF,0
$3*0
@place_instruction_ptrs 88 0
3 88 [1]
4 88 ->
@type 89 1
5 89 513
@offset 90 2
5 90 0
@dim_id 91 1
5 91 -1
@ref_id 92 1
5 92 -1
@geometry1_id 93 1
5 93 -1
@geometry2_id 94 1
5 94 2
@memb_num1 95 1
5 95 0
@memb_num2 96 1
5 96 0
@attr 97 1
5 97 32768
@plin_info_arr 98 0
5 98 [2]
6 98 ->
@type 99 1
7 99 1
@data(plin_info_ref) 100 0
7 100 ->
@id_type1 101 1
8 101 -4
@id_type2 102 1
8 102 5
@offset2 103 2
8 103 0
6 98 ->
7 99 6
@data(plin_info_ui_step) 104 0
7 104 ->
@step_ids 105 1
8 105 [1]
9 105 -100
@own_ref_id 106 1
3 106 -1
@orient 107 1
3 107 1
@trf_arr 108 0
3 108 [1]
4 108 
@type 109 1
5 109 11
@idx 110 1
5 110 0
@transf 111 2
5 111 [4][3]
$2*0,3FF
$3FF,2*0
$0,3FF,0
$3*0
@next_prop 112 0
2 112 NULL
@first_geom_id 113 1
2 113 2
@cond_tbl_idx 114 1
2 114 -1
@comment 115 10
2 115 NULL
@merge_info_ptr 116 0
2 116 NULL
@topology_increment 117 0
2 117 ->
@first_geom 118 1
3 118 0
@first_quilt 119 1
3 119 0
@outline 120 2
3 120 [2][3]
$3*0
$3*0
@max_part_size 121 2
3 121 0
@xform_increment 122 0
3 122 NULL
@roll_back_id 123 1
3 123 -1
@state_ind 124 1
2 124 -1
@alumni_info 125 0
2 125 NULL
@revnum 126 1
2 126 1
@rev_rec 127 0
2 127 ->
@num_plins 128 1
3 128 1
@next_feat_ptr 129 0
1 129 ->
2 37 4
2 38 1
2 39 ->
3 40 13
3 41 923
3 42 NULL
3 43 0
3 44 [3]
$0,262144,0
3 45 0
3 46 -1
3 47 -1
3 48 ->
4 49 0
4 50 0
4 51 -1
4 52 -1
4 53 -1
4 54 -1
4 55 0
4 56 0
4 57 0
4 58 0
3 59 0
2 60 -1
2 61 DTM2
2 62 2
2 63 ->
3 64 [1][4]
$5,3*0
3 65 NULL
3 66 [18]
$3*-1,-2049,2*-1,-16777217,3*-1,-536870913,-1,-1126176897,-2,-2097185,
$-203555329,3,0
3 67 NULL
3 68 ->
4 69 150023
4 70 150023
2 71 
3 72 [1]
4 72 ->
5 73 34
5 74 5
5 75 4
5 76 1
5 77 [2][2]
$2*BFEED54F4986BE8B
$2*3FEED54F4986BE8B
5 78 ->
6 79 [4][3]
$0,3FF,0
$2*0,3FF
$3FF,2*0
$3*0
5 80 NULL
5 81 0
5 82 1
5 83 [2][3]
$BFEED54F4986BE8B,0,BFEED54F4986BE8B
$3FEED54F4986BE8B,0,3FEED54F4986BE8B
2 84 NULL
2 85 ->
2 86 ->
3 87 [4][3]
$0,3FF,0
$2*0,3FF
$3FF,2*0
$3*0
3 88 [1]
4 88 ->
5 89 514
5 90 0
5 91 -1
5 92 -1
5 93 -1
5 94 5
5 95 0
5 96 0
5 97 32768
5 98 [2]
6 98 ->
7 99 1
7 100 ->
8 101 -4
8 102 5
8 103 0
6 98 ->
7 99 6
7 104 ->
8 105 [1]
9 105 -100
3 106 -1
3 107 1
3 108 [1]
4 108 
5 109 11
5 110 0
5 111 [4][3]
$0,3FF,0
$2*0,3FF
$3FF,2*0
$3*0
2 112 NULL
2 113 5
2 114 -1
2 115 NULL
2 116 NULL
2 117 ->
3 118 0
3 119 0
3 120 [2][3]
$3*0
$3*0
3 121 0
3 122 NULL
3 123 -1
2 124 -1
2 125 NULL
2 126 1
2 127 ->
3 128 1
1 129 ->
2 37 6
2 38 1
2 39 ->
3 40 13
3 41 923
3 42 NULL
3 43 0
3 44 [3]
$3*0
3 45 0
3 46 -1
3 47 -1
3 48 ->
4 49 0
4 50 0
4 51 -1
4 52 -1
4 53 -1
4 54 -1
4 55 0
4 56 0
4 57 0
4 58 0
3 59 0
2 60 -1
2 61 DTM3
2 62 2
2 63 ->
3 64 [1][4]
$7,3*0
3 65 NULL
3 66 [18]
$3*-1,-2049,2*-1,-16777217,3*-1,-536870913,-1,-1126176897,-2,-2097185,
$-203555329,3,0
3 67 NULL
3 68 ->
4 69 150023
4 70 150023
2 71 
3 72 [1]
4 72 ->
5 73 34
5 74 7
5 75 6
5 76 1
5 77 [2][2]
$BFEED54F4986BE8B,BF8BBA38C8160938
$3FEED54F4986BE8B,3FD647A524D2A475
5 78 ->
6 79 [4][3]
$3FF,2*0
$0,3FF,0
$2*0,3FF
$3*0
5 80 NULL
5 81 0
5 82 1
5 83 [2][3]
$BFEED54F4986BE8B,BF8BBA38C8160938,0
$3FEED54F4986BE8B,3FD647A524D2A476,0
2 84 NULL
2 85 ->
2 86 ->
3 87 [4][3]
$3FF,2*0
$0,3FF,0
$2*0,3FF
$3*0
3 88 [1]
4 88 ->
5 89 515
5 90 0
5 91 -1
5 92 -1
5 93 -1
5 94 7
5 95 0
5 96 0
5 97 32768
5 98 [2]
6 98 ->
7 99 1
7 100 ->
8 101 -4
8 102 5
8 103 0
6 98 ->
7 99 6
7 104 ->
8 105 [1]
9 105 -100
3 106 -1
3 107 1
3 108 [1]
4 108 
5 109 11
5 110 0
5 111 [4][3]
$3FF,2*0
$0,3FF,0
$2*0,3FF
$3*0
2 112 NULL
2 113 7
2 114 -1
2 115 NULL
2 116 NULL
2 117 ->
3 118 0
3 119 0
3 120 [2][3]
$3*0
$3*0
3 121 0
3 122 NULL
3 123 -1
2 124 -1
2 125 NULL
2 126 1
2 127 ->
3 128 1
1 129 ->
2 37 9
2 38 1
2 39 ->
3 40 13
3 41 923
3 42 NULL
3 43 0
3 44 [3]
$3,2*0
3 45 0
3 46 -1
3 47 -1
3 48 ->
4 49 0
4 50 0
4 51 -1
4 52 970
4 53 -1
4 54 -1
4 55 0
4 56 0
4 57 0
4 58 0
3 59 0
2 60 -1
2 61 no_name
2 62 2
2 63 ->
3 64 [1][4]
$10,3*0
3 65 NULL
3 66 [18]
$3*-1,-2049,2*-1,-16777217,3*-1,-536870913,-1,-1126176897,-2,-2097185,
$-203555329,3,0
3 67 NULL
3 68 ->
4 69 150023
4 70 150023
2 71 
3 72 [1]
4 72 ->
5 73 34
5 74 10
5 75 9
5 76 -1
5 77 [2][2]
$2*0
$2*0
5 78 ->
6 79 [4][3]
$3FF,2*0
$0,3FF,0
$2*0,3FF
$3*0
5 80 NULL
5 81 0
5 82 1
5 83 [2][3]
$3*0
$3*0
2 84 NULL
2 85 ->
2 86 ->
3 87 [4][3]
$3FF,2*0
$0,3FF,0
$2*0,3FF
$3*0
3 88 [2]
4 88 ->
5 89 509
5 90 3FF
5 91 -1
5 92 -1
5 93 7
5 94 10
5 95 0
5 96 0
5 97 32768
5 98 [2]
6 98 ->
7 99 1
7 100 ->
8 101 -4
8 102 5
8 103 0
6 98 ->
7 99 6
7 104 ->
8 105 [1]
9 105 -100
4 88 ->
5 89 510
5 90 3FF
5 91 -1
5 92 -1
5 93 5
5 94 10
5 95 0
5 96 0
5 97 32768
5 98 [2]
6 98 ->
7 99 1
7 100 ->
8 101 -4
8 102 5
8 103 0
6 98 ->
7 99 6
7 104 ->
8 105 [1]
9 105 -100
3 106 -1
3 107 1
3 108 [1]
4 108 
5 109 11
5 110 0
5 111 [4][3]
$3FF,2*0
$0,3FF,0
$2*0,3FF
$3*0
2 112 NULL
2 113 10
2 114 -1
2 115 NULL
2 116 NULL
@parent_table 130 1
2 130 [2]
$4,6
2 117 ->
3 118 0
3 119 0
3 120 [2][3]
$3*0
$3*0
3 121 0
3 122 NULL
3 123 -1
2 124 -1
2 125 NULL
2 126 0
2 127 ->
3 128 2
1 129 ->
2 37 8
2 38 1
2 39 ->
3 40 7
3 41 917
3 42 NULL
3 43 2
3 44 [3]
$0,65536,0
3 45 0
3 46 991
3 47 -1
3 48 ->
4 49 0
4 50 0
4 51 964
4 52 -1
4 53 -1
4 54 -1
4 55 0
4 56 0
4 57 0
4 58 0
3 59 0
2 60 -1
2 61 no_name
2 62 2
@entity(line3d) 131 0
2 131 ->
@type 132 1
3 132 11
@id 133 1
3 133 47
@gen_info 134 0
3 134 
@geom_id 135 1
3 135 11
@end1 136 2
3 136 [3]
$0,3FD6R,0
@end2 137 2
3 137 [3]
$BFEE66666666667,3FD6R,0
2 131 ->
3 132 13
3 133 48
3 134 
@color 138 1
4 138 1
3 135 11
3 136 [3]
$0,3FD6R,0
3 137 [3]
$3*0
@entity(text) 139 0
2 139 ->
@text_type 140 1
3 140 19
@text_value 141 10
3 141 A_1
@txt_attrib 142 1
3 142 1
@coord 143 2
3 143 [3]
$407E10A828EA124E,407CC825F6DEF712,40466BCAAC8459AB
@owner_id 144 1
3 144 -1
@part_id 145 1
3 145 69
@height 146 2
3 146 BFF
@width_factor 147 2
3 147 BFF
@format_info 148 0
3 148 
@thickness 149 2
3 149 BFF
2 63 ->
3 64 [12][4]
$11,204,2*0
$16,203,2*0
$21,200,2,0
$23,200,3,0
$25,200,4,0
$27,200,5,0
$29,204,0,1
$34,203,0,1
$39,200,2,1
$41,200,3,1
$43,200,4,1
$45,200,5,1
@edg_id_arr 150 1
3 150 [24][6]
$12,221,2,2*0,11
$13,221,3,2*0,41
$14,221,4,2*0,43
$15,221,5,2*0,11
$17,222,2,2*0,21
$18,222,3,2*0,23
$19,222,4,2*0,25
$20,222,5,2*0,27
$22,303,2,0,5,21
$24,303,3,0,2,23
$26,303,4,0,3,25
$28,303,5,0,4,27
$30,221,2,1,0,29
$31,221,3,1,0,29
$32,221,4,1,0,29
$33,221,5,1,0,29
$35,222,2,1,0,-1
$36,222,3,1,0,-1
$37,222,4,1,0,-1
$38,222,5,1,0,34
$40,303,2,1,5,45
$42,303,3,1,2,21
$44,303,4,1,3,41
$46,303,5,1,4,43
@misc_id_tab 151 0
3 151 [2]
4 151 
@misc_hist 152 1
5 152 [5]
$47,530,11,-1,500
4 151 
5 152 [5]
$48,531,11,-1,500
@dtm_id_tab 153 0
3 153 [1]
4 153 
@dtm_id 154 1
5 154 10
@dim_id 155 1
5 155 -1
3 65 ->
@sv_frst_geom 156 1
4 156 21
3 66 [18]
$3*-1,-2049,2*-1,-16777217,3*-1,-536870913,-1,-1126176897,-2,-2097185,
$-203555329,3,0
3 67 NULL
3 68 ->
4 69 150023
4 70 150023
2 71 
3 72 [12]
4 72 ->
5 73 34
5 74 11
5 75 8
5 76 -1
5 77 [2][2]
$BFEE66666666667,3F91EB851EB852
$3FEE66666666667,3FD7851EB851EB8R
5 78 ->
6 79 [4][3]
$BFF,2*0
$0,BFF,0
$2*0,3FF
$0,3FD7851EB851EB8R,0
5 80 NULL
5 81 21
5 82 -1
5 83 [2][3]
$3*0
$3*0
4 72 ->
5 73 34
5 74 16
5 75 8
5 76 -1
5 77 [2][2]
$0,3F91EB851EB852
$3FEE66666666667,3FD7851EB851EB8R
5 78 ->
6 79 [4][3]
$BFF,2*0
$0,BFF,0
$2*0,3FF
$0,3FD7851EB851EB8R,0
5 80 NULL
5 81 21
5 82 -1
5 83 [2][3]
$3*0
$3*0
4 72 ->
5 73 34
5 74 21
5 75 8
5 76 0
5 77 [2][2]
$2*BFEE6R
$2*3FEE6R
5 78 ->
6 79 [4][3]
$BFF,2*0
$2*0,BFF
$0,BFF,0
$3*0
5 80 ->
@frst_cntr_crv_hdr_ptr 157 1
6 157 24
@trv 158 1
6 158 1
@envlp 159 2
6 159 [2][2]
$2*BFEE6R
$2*3FEE6R
@next_cntr_ptr 160 0
5 160 NULL
5 81 23
5 82 1
5 83 [2][3]
$BFEE6R,0,BFEE6R
$3FEE6R,0,3FEE6R
4 72 ->
5 73 36
5 74 23
5 75 8
5 76 1
5 77 [2][2]
$C00921FB54442D18,3FB539FA33CCAA1F
$0,3FD7851EB851EB8R
@srf_prim_ptr(cylinder) 161 0
5 161 ->
@local_sys 162 2
6 162 [4][3]
$BFF,2*0
$2*0,BFF
$0,BFF,0
$0,3FD7851EB851EB8R,0
@radius 163 2
6 163 3FEE6R
5 80 ->
6 157 61
6 158 1
6 159 [2][2]
$C00921FB54442D18,3FB539FA33CCAA1F
$0,3FD7851EB851EB8R
5 160 NULL
5 81 25
5 82 1
5 83 [2][3]
$BFEE6R,2*0
$3FEE6R,3FD236A02B5EC1,3FEE6R
4 72 ->
5 73 38
5 74 25
5 75 8
5 76 1
5 77 [2][2]
$C00921FB54442D18,C013DFF4DFAB7216
$0,C012D97C7F3321D2
@srf_prim_ptr(torus) 164 0
5 164 ->
@local_sys 165 2
6 165 [4][3]
$BFF,2*0
$2*0,BFF
$0,BFF,0
$0,400DBFB4017B3519,0
@radius1 166 2
6 166 0
@radius2 167 2
6 167 400C
5 80 ->
6 157 60
6 158 1
6 159 [2][2]
$C00921FB54442D18,C013DFF4DFAB7216
$0,C012D97C7F3321D2
5 160 NULL
5 81 41
5 82 -1
5 83 [2][3]
$BFEC64F52EDF8C92,3FCBFB4017B3519,0
$3FEC64F52EDF8C92,3FD54F0FF13C6DB8,3FEC64F52EDF8C92
4 72 ->
5 73 36
5 74 27
5 75 8
5 76 -1
5 77 [2][2]
$C00921FB54442D18,3FC30EFD58F0858
$0,3FD7851EB851EB8R
5 161 ->
6 162 [4][3]
$BFF,2*0
$2*0,BFF
$0,BFF,0
$0,3FD7851EB851EB8R,0
6 163 3EE4F8B588E368F1
5 80 NULL
5 81 0
5 82 -1
5 83 [2][3]
$3*0
$3*0
4 72 ->
5 73 34
5 74 29
5 75 8
5 76 -1
5 77 [2][2]
$BFEE66666666667,3F91EB851EB852
$3FEE66666666667,3FD7851EB851EB8R
5 78 ->
6 79 [4][3]
$BFF,2*0
$0,BFF,0
$2*0,3FF
$0,3FD7851EB851EB8R,0
5 80 NULL
5 81 41
5 82 -1
5 83 [2][3]
$3*0
$3*0
4 72 ->
5 73 34
5 74 34
5 75 8
5 76 -1
5 77 [2][2]
$0,3F91EB851EB852
$3FEE66666666667,3FD7851EB851EB8R
5 78 ->
6 79 [4][3]
$BFF,2*0
$0,BFF,0
$2*0,3FF
$0,3FD7851EB851EB8R,0
5 80 NULL
5 81 39
5 82 1
5 83 [2][3]
$3*0
$3*0
4 72 ->
5 73 34
5 74 39
5 75 8
5 76 -1
5 77 [2][2]
$BFEE6R,0
$2*3FEE6R
5 78 ->
6 79 [4][3]
$BFF,2*0
$2*0,BFF
$0,BFF,0
$3*0
5 80 NULL
5 81 41
5 82 1
5 83 [2][3]
$3*0
$3*0
4 72 ->
5 73 36
5 74 41
5 75 8
5 76 1
5 77 [2][2]
$C01921FB54442D18,3FB539FA33CCAA1F
$C00921FB54442D18,3FD7851EB851EB8R
5 161 ->
6 162 [4][3]
$BFF,2*0
$2*0,BFF
$0,BFF,0
$0,3FD7851EB851EB8R,0
6 163 3FEE6R
5 80 ->
6 157 61
6 158 1
6 159 [2][2]
$C01921FB54442D18,3FB539FA33CCAA1F
$C00921FB54442D18,3FD7851EB851EB8R
5 160 NULL
5 81 43
5 82 1
5 83 [2][3]
$BFEE6R,0,BFEE6R
$3FEE6R,3FD236A02B5EC1,0
4 72 ->
5 73 38
5 74 43
5 75 8
5 76 1
5 77 [2][2]
$C01921FB54442D18,C013DFF4DFAB7216
$C00921FB54442D18,C012D97C7F3321D2
5 164 ->
6 165 [4][3]
$BFF,2*0
$2*0,BFF
$0,BFF,0
$0,400DBFB4017B3519,0
6 166 0
6 167 400C
5 80 ->
6 157 60
6 158 1
6 159 [2][2]
$C01921FB54442D18,C013DFF4DFAB7216
$C00921FB54442D18,C012D97C7F3321D2
5 160 NULL
5 81 50
5 82 -1
5 83 [2][3]
$BFEC64F52EDF8C92,3FCBFB4017B3519,BFEC64F52EDF8C92
$3FEC64F52EDF8C92,3FD54F0FF13C6DB8,0
4 72 ->
5 73 36
5 74 45
5 75 8
5 76 -1
5 77 [2][2]
$C01921FB54442D18,3FC30EFD58F0858
$C00921FB54442D18,3FD7851EB851EB8R
5 161 ->
6 162 [4][3]
$BFF,2*0
$2*0,BFF
$0,BFF,0
$0,3FD7851EB851EB8R,0
6 163 3EE4F8B588E368F1
5 80 NULL
5 81 0
5 82 -1
5 83 [2][3]
$3*0
$3*0
@crv_array 168 0
3 168 [24]
4 168 ->
@crv_id 169 1
5 169 12
@feat_id 170 1
5 170 8
@type 171 1
5 171 0
@crv_pnt_dir 172 1
5 172 [2]
$1,-1
@crv_pnt_arr 173 2
5 173 [2][4]
$0,3FD7851EB851EB8R,2*0
$BFEE6R,3FD7851EB851EB8R,BFEE6R,0
@crv_hdr_geom_ptr[0] 174 1
5 174 11
@crv_hdr_geom_ptr[1] 175 1
5 175 21
@next_crv_hdr_ptr[0] 176 1
5 176 13
@next_crv_hdr_ptr[1] 177 1
5 177 17
@ref_geom[0] 178 1
5 178 0
@ref_geom[1] 179 1
5 179 0
4 168 ->
5 169 13
5 170 8
5 171 1
5 172 [2]
$1,-1
5 173 [2][4]
$C00921FB54442D18,3FD7851EB851EB8R,C00921FB54442D18,3FD7851EB851EB8R
$C00921FB54442D18,3F91EB851EB8522,C00921FB54442D18,3F91EB851EB8522
5 174 41
5 175 23
5 176 0
5 177 0
5 178 0
5 179 0
4 168 ->
5 169 14
5 170 8
5 171 1
5 172 [2]
$1,-1
5 173 [7][4]
$C00921FB54442D18,C013F2F5DB71757C,C00921FB54442D18,C013F2F5DB71757C
$C00921FB54442D18,C013C40C4C11BCE,C00921FB54442D18,C013C40C4C11BCE
$C00921FB54442D18,C0139522BCB204R,C00921FB54442D18,C0139522BCB204R
$C00921FB54442D18,C01366392D524BA8,C00921FB54442D18,C01366392D524BA8
$C00921FB54442D18,C013374F9DF2930C,C00921FB54442D18,C013374F9DF2930C
$C00921FB54442D18,C01308660E92DA6E,C00921FB54442D18,C01308660E92DA6E
$C00921FB54442D18,C012D97C7F3321D2,C00921FB54442D18,C012D97C7F3321D2
5 174 43
5 175 25
5 176 0
5 177 0
5 178 0
5 179 0
4 168 ->
5 169 15
5 170 8
5 171 1
5 172 [2]
$1,-1
5 173 [2][4]
$0,3FC30EFD58F0858,0,3FC30EFD58F0858
$0,3FD7851EB851EB8R,0,3FD7851EB851EB8R
5 174 11
5 175 11
5 176 12
5 177 19
5 178 0
5 179 0
4 168 ->
5 169 17
5 170 8
5 171 0
5 172 [2]
$-1,1
5 173 [2][4]
$0,3FD7851EB851EB8R,2*0
$3FEE6R,3FD7851EB851EB8R,3FEE6R,0
5 174 11
5 175 21
5 176 12
5 177 24
5 178 0
5 179 0
4 168 ->
5 169 18
5 170 8
5 171 1
5 172 [2]
$-1,1
5 173 [2][4]
$C01921FB54442D18,3FD7851EB851EB8R,0,3FD7851EB851EB8R
$C01921FB54442D18,3F91EB851EB8522,0,3F91EB851EB8522
5 174 41
5 175 23
5 176 0
5 177 0
5 178 0
5 179 0
4 168 ->
5 169 19
5 170 8
5 171 1
5 172 [2]
$-1,1
5 173 [7][4]
$C01921FB54442D18,C013F2F5DB71757C,0,C013F2F5DB71757C
$C01921FB54442D18,C013C40C4C11BCE,0,C013C40C4C11BCE
$C01921FB54442D18,C0139522BCB204R,0,C0139522BCB204R
$C01921FB54442D18,C01366392D524BA8,0,C01366392D524BA8
$C01921FB54442D18,C013374F9DF2930C,0,C013374F9DF2930C
$C01921FB54442D18,C01308660E92DA6E,0,C01308660E92DA6E
$C01921FB54442D18,C012D97C7F3321D2,0,C012D97C7F3321D2
5 174 43
5 175 25
5 176 0
5 177 0
5 178 0
5 179 0
4 168 ->
5 169 20
5 170 8
5 171 0
5 172 [2]
$-1,1
5 173 [2][4]
$0,3FC30EFD58F0858,0,3FC30EFD58F0858
$0,3FD7851EB851EB8R,0,3FD7851EB851EB8R
5 174 16
5 175 27
5 176 0
5 177 0
5 178 0
5 179 0
4 168 ->
5 169 22
5 170 8
5 171 0
5 172 [2]
$1,-1
5 173 [4][4]
$2*0,C00921FB54442D18,3FD7851EB851EB8R
$2*0,C000C152382D736R,3FD7851EB851EB8R
$2*0,BFF0C152382D736R,3FD7851EB851EB8R
$3*0,3FD7851EB851EB8R
5 174 21
5 175 27
5 176 0
5 177 0
5 178 0
5 179 0
4 168 ->
5 169 24
5 170 8
5 171 0
5 172 [2]
$1,-1
5 173 [35][4]
$C00921FB54442D18,3FD7851EB851EB8R,BFEE6R,0
$C00864BF3B331CB5,3FD7851EB851EB8R,BFEE45339F91FA93,BFB6708DE3086E3R
$C007A78322220C53,3FD7851EB851EB8R,BFEDE1E3CD46196R,BFC6580C8A98D65E
$C006EA470910FBF,3FD7851EB851EB8R,BFED3D4FD7B931FD,BFD0A3827C371926
$C0062D0AEFFFEB8E,3FD7851EB851EB8R,BFEC58DF33677C49,BFD5F6A77F475D05
$C0056FCED6EEDB2B,3FD7851EB851EB8R,BFEB3684CFFCDF0A,BFDB19D40F667D37
$C004B292BDDDCAC8,3FD7851EB851EB8R,BFE9D8BAD69AB524,BFE000E7D99EDF39
$C003F556A4CCBA6R,3FD7851EB851EB8R,BFE8427D40C585A9,BFE251F19C7E727
$C003381A8BBBAA03,3FD7851EB851EB8R,BFE6774353CBD1B,BFE47AF80EE25B5B
$C0027ADE72AA99A1,3FD7851EB851EB8R,BFE47AF80EE25B5B,BFE6774353CBD1B
$C001BDA25999893E,3FD7851EB851EB8R,BFE251F19C7E727,BFE8427D40C585A9
$C0010066408878DC,3FD7851EB851EB8R,BFE000E7D99EDF39,BFE9D8BAD69AB524
$C000432A27776879,3FD7851EB851EB8R,BFDB19D40F667D37,BFEB3684CFFCDF0A
$BFFF0BDC1CCCB02D,3FD7851EB851EB8R,BFD5F6A77F475D06,BFEC58DF33677C49
$BFFD9163EAAA8F68,3FD7851EB851EB8R,BFD0A3827C371928,BFED3D4FD7B931FD
$BFFC16EBB8886EA3,3FD7851EB851EB8R,BFC6580C8A98D663,BFEDE1E3CD46196R
$BFFA9C7386664DR,3FD7851EB851EB8R,BFB6708DE3086E3,BFEE45339F91FA94
$BFF921FB54442D18,3FD7851EB851EB8R,0,BFEE6R
$BFF7A78322220C53,3FD7851EB851EB8R,3FB6708DE3086E3,BFEE45339F91FA94
$BFF62D0AEFFFEB8D,3FD7851EB851EB8R,3FC6580C8A98D663,BFEDE1E3CD46196R
$BFF4B292BDDDCAC8,3FD7851EB851EB8R,3FD0A3827C371928,BFED3D4FD7B931FD
$BFF3381A8BBBAA03,3FD7851EB851EB8R,3FD5F6A77F475D06,BFEC58DF33677C49
$BFF1BDA25999893E,3FD7851EB851EB8R,3FDB19D40F667D37,BFEB3684CFFCDF0A
$BFF0432A27776878,3FD7851EB851EB8R,3FE000E7D99EDF3A,BFE9D8BAD69AB52R
$BFED9163EAAA8F68,3FD7851EB851EB8R,3FE251F19C7E727,BFE8427D40C585A9
$BFEA9C7386664DDC,3FD7851EB851EB8R,3FE47AF80EE25B5C,BFE6774353CBD1AF
$BFE7A78322220C54,3FD7851EB851EB8R,3FE6774353CBD1AF,BFE47AF80EE25B5C
$BFE4B292BDDDCAC8,3FD7851EB851EB8R,3FE8427D40C585A9,BFE251F19C7E727
$BFE1BDA25999894,3FD7851EB851EB8R,3FE9D8BAD69AB52R,BFE000E7D99EDF3A
$BFDD9163EAAA8F68,3FD7851EB851EB8R,3FEB3684CFFCDF0A,BFDB19D40F667D37
$BFD7A78322220C58,3FD7851EB851EB8R,3FEC58DF33677C48,BFD5F6A77F475D09
$BFD1BDA25999894,3FD7851EB851EB8R,3FED3D4FD7B931FD,BFD0A3827C371928
$BFC7A78322220C5,3FD7851EB851EB8R,3FEDE1E3CD46196R,BFC6580C8A98D65B
$BFB7A78322220C6,3FD7851EB851EB8R,3FEE45339F91FA93,BFB6708DE3086E3E
$0,3FD7851EB851EB8R,3FEE6R,0
5 174 23
5 175 21
5 176 58
5 177 42
5 178 0
5 179 0
4 168 ->
5 169 26
5 170 8
5 171 0
5 172 [2]
$1,-1
5 173 [35][4]
$C00921FB54442D18,C013F2F5DB71757C,C00921FB54442D18,3F91EB851EB8522
$C00864BF3B331CB5,C013F2F5DB71757C,C00864BF3B331CB5,3F91EB851EB8522
$C007A78322220C53,C013F2F5DB71757C,C007A78322220C53,3F91EB851EB8522
$C006EA470910FBF,C013F2F5DB71757C,C006EA470910FBF,3F91EB851EB8522
$C0062D0AEFFFEB8E,C013F2F5DB71757C,C0062D0AEFFFEB8E,3F91EB851EB8522
$C0056FCED6EEDB2B,C013F2F5DB71757C,C0056FCED6EEDB2B,3F91EB851EB8522
$C004B292BDDDCAC8,C013F2F5DB71757C,C004B292BDDDCAC8,3F91EB851EB8522
$C003F556A4CCBA6R,C013F2F5DB71757C,C003F556A4CCBA6R,3F91EB851EB8522
$C003381A8BBBAA03,C013F2F5DB71757C,C003381A8BBBAA03,3F91EB851EB8522
$C0027ADE72AA99A1,C013F2F5DB71757C,C0027ADE72AA99A1,3F91EB851EB8522
$C001BDA25999893E,C013F2F5DB71757C,C001BDA25999893E,3F91EB851EB8522
$C0010066408878DC,C013F2F5DB71757C,C0010066408878DC,3F91EB851EB8522
$C000432A27776879,C013F2F5DB71757C,C000432A27776879,3F91EB851EB8522
$BFFF0BDC1CCCB02D,C013F2F5DB71757C,BFFF0BDC1CCCB02D,3F91EB851EB8522
$BFFD9163EAAA8F68,C013F2F5DB71757C,BFFD9163EAAA8F68,3F91EB851EB8522
$BFFC16EBB8886EA3,C013F2F5DB71757C,BFFC16EBB8886EA3,3F91EB851EB8522
$BFFA9C7386664DR,C013F2F5DB71757C,BFFA9C7386664DR,3F91EB851EB8522
$BFF921FB54442D18,C013F2F5DB71757C,BFF921FB54442D18,3F91EB851EB8522
$BFF7A78322220C53,C013F2F5DB71757C,BFF7A78322220C53,3F91EB851EB8522
$BFF62D0AEFFFEB8D,C013F2F5DB71757C,BFF62D0AEFFFEB8D,3F91EB851EB8522
$BFF4B292BDDDCAC8,C013F2F5DB71757C,BFF4B292BDDDCAC8,3F91EB851EB8522
$BFF3381A8BBBAA03,C013F2F5DB71757C,BFF3381A8BBBAA03,3F91EB851EB8522
$BFF1BDA25999893E,C013F2F5DB71757C,BFF1BDA25999893E,3F91EB851EB8522
$BFF0432A27776878,C013F2F5DB71757C,BFF0432A27776878,3F91EB851EB8522
$BFED9163EAAA8F68,C013F2F5DB71757C,BFED9163EAAA8F68,3F91EB851EB8522
$BFEA9C7386664DDC,C013F2F5DB71757C,BFEA9C7386664DDC,3F91EB851EB8522
$BFE7A78322220C54,C013F2F5DB71757C,BFE7A78322220C54,3F91EB851EB8522
$BFE4B292BDDDCAC8,C013F2F5DB71757C,BFE4B292BDDDCAC8,3F91EB851EB8522
$BFE1BDA25999894,C013F2F5DB71757C,BFE1BDA25999894,3F91EB851EB8522
$BFDD9163EAAA8F68,C013F2F5DB71757C,BFDD9163EAAA8F68,3F91EB851EB8522
$BFD7A78322220C58,C013F2F5DB71757C,BFD7A78322220C58,3F91EB851EB8522
$BFD1BDA25999894,C013F2F5DB71757C,BFD1BDA25999894,3F91EB851EB8522
$BFC7A78322220C5,C013F2F5DB71757C,BFC7A78322220C5,3F91EB851EB8522
$BFB7A78322220C6,C013F2F5DB71757C,BFB7A78322220C6,3F91EB851EB8522
$0,C013F2F5DB71757C,0,3F91EB851EB8522
5 174 25
5 175 23
5 176 19
5 177 13
5 178 0
5 179 0
4 168 ->
5 169 28
5 170 8
5 171 0
5 172 [2]
$1,-1
5 173 [4][4]
$C00921FB54442D18,3FC30EFD58F0858,C00921FB54442D18,C012D97C7F3321D2
$C000C152382D736R,3FC30EFD58F0858,C000C152382D736R,C012D97C7F3321D2
$BFF0C152382D736R,3FC30EFD58F0858,BFF0C152382D736R,C012D97C7F3321D2
$0,3FC30EFD58F0858,0,C012D97C7F3321D2
5 174 27
5 175 25
5 176 0
5 177 0
5 178 0
5 179 0
4 168 ->
5 169 30
5 170 8
5 171 0
5 172 [2]
$2*1
5 173 [2][4]
$0,3FD7851EB851EB8R,2*0
$BFEE6R,3FD7851EB851EB8R,BFEE6R,0
5 174 29
5 175 21
5 176 31
5 177 42
5 178 0
5 179 0
4 168 ->
5 169 31
5 170 8
5 171 0
5 172 [2]
$2*1
5 173 [2][4]
$BFEE6R,3FD7851EB851EB8R,C00921FB54442D18,3FD7851EB851EB8R
$BFEE6R,3F91EB851EB8522,C00921FB54442D18,3F91EB851EB8522
5 174 29
5 175 41
5 176 0
5 177 0
5 178 0
5 179 0
4 168 ->
5 169 32
5 170 8
5 171 0
5 172 [2]
$2*1
5 173 [7][4]
$BFEE66666666667,3F91EB851EB852,C00921FB54442D18,C013F2F5DB71757C
$BFE96E7184A61F5A,3FAD6D0ABAE7778,C00921FB54442D18,C013C40C4C11BCE
$BFE468D33508013F,3FB71D669FB871C,C00921FB54442D18,C0139522BCB204R
$BFDEB07C35B95587,3FBDAB0198FE33,C00921FB54442D18,C01366392D524BA8
$BFD47ED57A8B757A,3FC12DE8892E2FA,C00921FB54442D18,C013374F9DF2930C
$BFC48458442238F,3FC296A7FBD125A,C00921FB54442D18,C01308660E92DA6E
$0,3FC30EFD58F0858,C00921FB54442D18,C012D97C7F3321D2
5 174 29
5 175 43
5 176 0
5 177 0
5 178 0
5 179 0
4 168 ->
5 169 33
5 170 8
5 171 1
5 172 [2]
$-1,1
5 173 [2][4]
$0,3FC30EFD58F0858,0,3FC30EFD58F0858
$0,3FD7851EB851EB8R,0,3FD7851EB851EB8R
5 174 29
5 175 29
5 176 32
5 177 35
5 178 0
5 179 0
4 168 ->
5 169 35
5 170 8
5 171 0
5 172 [2]
$2*-1
5 173 [2][4]
$0,3FD7851EB851EB8R,2*0
$3FEE6R,3FD7851EB851EB8R,3FEE6R,0
5 174 29
5 175 21
5 176 30
5 177 17
5 178 0
5 179 0
4 168 ->
5 169 36
5 170 8
5 171 0
5 172 [2]
$2*-1
5 173 [2][4]
$3FEE6R,3FD7851EB851EB8R,C01921FB54442D18,3FD7851EB851EB8R
$3FEE6R,3F91EB851EB8522,C01921FB54442D18,3F91EB851EB8522
5 174 29
5 175 41
5 176 0
5 177 0
5 178 0
5 179 0
4 168 ->
5 169 37
5 170 8
5 171 0
5 172 [2]
$2*-1
5 173 [7][4]
$3FEE66666666667,3F91EB851EB852,C01921FB54442D18,C013F2F5DB71757C
$3FE96E7184A61F5A,3FAD6D0ABAE7778,C01921FB54442D18,C013C40C4C11BCE
$3FE468D33508013F,3FB71D669FB871C,C01921FB54442D18,C0139522BCB204R
$3FDEB07C35B95587,3FBDAB0198FE33,C01921FB54442D18,C01366392D524BA8
$3FD47ED57A8B757A,3FC12DE8892E2FA,C01921FB54442D18,C013374F9DF2930C
$3FC48458442238F,3FC296A7FBD125A,C01921FB54442D18,C01308660E92DA6E
$0,3FC30EFD58F0858,C01921FB54442D18,C012D97C7F3321D2
5 174 29
5 175 43
5 176 0
5 177 0
5 178 0
5 179 0
4 168 ->
5 169 38
5 170 8
5 171 0
5 172 [2]
$1,-1
5 173 [2][4]
$0,3FC30EFD58F0858,C01921FB54442D18,3FC30EFD58F0858
$0,3FD7851EB851EB8R,C01921FB54442D18,3FD7851EB851EB8R
5 174 34
5 175 45
5 176 0
5 177 0
5 178 0
5 179 0
4 168 ->
5 169 40
5 170 8
5 171 0
5 172 [2]
$-1,1
5 173 [4][4]
$2*0,C00921FB54442D18,3FD7851EB851EB8R
$2*0,C010C152382D7365,3FD7851EB851EB8R
$2*0,C014F1A6C638D03E,3FD7851EB851EB8R
$2*0,C01921FB54442D18,3FD7851EB851EB8R
5 174 39
5 175 45
5 176 0
5 177 0
5 178 0
5 179 0
4 168 ->
5 169 42
5 170 8
5 171 0
5 172 [2]
$-1,1
5 173 [35][4]
$C00921FB54442D18,3FD7851EB851EB8R,BFEE6R,0
$C009DF376D553D7B,3FD7851EB851EB8R,BFEE45339F91FA93,3FB6708DE3086E3R
$C00A9C7386664DR,3FD7851EB851EB8R,BFEDE1E3CD46196R,3FC6580C8A98D65E
$C00B59AF9F775E4,3FD7851EB851EB8R,BFED3D4FD7B931FD,3FD0A3827C371926
$C00C16EBB8886EA2,3FD7851EB851EB8R,BFEC58DF33677C49,3FD5F6A77F475D05
$C00CD427D1997F05,3FD7851EB851EB8R,BFEB3684CFFCDF0A,3FDB19D40F667D37
$C00D9163EAAA8F68,3FD7851EB851EB8R,BFE9D8BAD69AB524,3FE000E7D99EDF39
$C00E4EA003BB9FCA,3FD7851EB851EB8R,BFE8427D40C585A9,3FE251F19C7E727
$C00F0BDC1CCCB02D,3FD7851EB851EB8R,BFE6774353CBD1B,3FE47AF80EE25B5B
$C00FC91835DDC08F,3FD7851EB851EB8R,BFE47AF80EE25B5B,3FE6774353CBD1B
$C010432A27776879,3FD7851EB851EB8R,BFE251F19C7E727,3FE8427D40C585A9
$C010A1C833FFF0AR,3FD7851EB851EB8R,BFE000E7D99EDF39,3FE9D8BAD69AB524
$C0110066408878DC,3FD7851EB851EB8R,BFDB19D40F667D37,3FEB3684CFFCDF0A
$C0115F044D11010D,3FD7851EB851EB8R,BFD5F6A77F475D06,3FEC58DF33677C49
$C011BDA25999893E,3FD7851EB851EB8R,BFD0A3827C371928,3FED3D4FD7B931FD
$C0121C406622116F,3FD7851EB851EB8R,BFC6580C8A98D663,3FEDE1E3CD46196R
$C0127ADE72AA99A1,3FD7851EB851EB8R,BFB6708DE3086E3,3FEE45339F91FA94
$C012D97C7F3321D2,3FD7851EB851EB8R,0,3FEE6R
$C013381A8BBBAA03,3FD7851EB851EB8R,3FB6708DE3086E3,3FEE45339F91FA94
$C01396B898443235,3FD7851EB851EB8R,3FC6580C8A98D663,3FEDE1E3CD46196R
$C013F556A4CCBA6R,3FD7851EB851EB8R,3FD0A3827C371928,3FED3D4FD7B931FD
$C01453F4B1554297,3FD7851EB851EB8R,3FD5F6A77F475D06,3FEC58DF33677C49
$C014B292BDDDCAC8,3FD7851EB851EB8R,3FDB19D40F667D37,3FEB3684CFFCDF0A
$C0151130CA6652FA,3FD7851EB851EB8R,3FE000E7D99EDF3A,3FE9D8BAD69AB52R
$C0156FCED6EEDB2B,3FD7851EB851EB8R,3FE251F19C7E727,3FE8427D40C585A9
$C015CE6CE377635C,3FD7851EB851EB8R,3FE47AF80EE25B5C,3FE6774353CBD1AF
$C0162D0AEFFFEB8E,3FD7851EB851EB8R,3FE6774353CBD1AF,3FE47AF80EE25B5C
$C0168BA8FC8873BF,3FD7851EB851EB8R,3FE8427D40C585A9,3FE251F19C7E727
$C016EA470910FBF,3FD7851EB851EB8R,3FE9D8BAD69AB52R,3FE000E7D99EDF3A
$C01748E51599842R,3FD7851EB851EB8R,3FEB3684CFFCDF0A,3FDB19D40F667D37
$C017A78322220C52,3FD7851EB851EB8R,3FEC58DF33677C48,3FD5F6A77F475D09
$C01806212EAA9484,3FD7851EB851EB8R,3FED3D4FD7B931FD,3FD0A3827C371928
$C01864BF3B331CB6,3FD7851EB851EB8R,3FEDE1E3CD46196R,3FC6580C8A98D65B
$C018C35D47BBA4E6,3FD7851EB851EB8R,3FEE45339F91FA93,3FB6708DE3086E3E
$C01921FB54442D18,3FD7851EB851EB8R,3FEE6R,0
5 174 41
5 175 21
5 176 61
5 177 24
5 178 0
5 179 0
4 168 ->
5 169 44
5 170 8
5 171 0
5 172 [2]
$-1,1
5 173 [35][4]
$C00921FB54442D18,C013F2F5DB71757C,C00921FB54442D18,3F91EB851EB8522
$C009DF376D553D7B,C013F2F5DB71757C,C009DF376D553D7B,3F91EB851EB8522
$C00A9C7386664DR,C013F2F5DB71757C,C00A9C7386664DR,3F91EB851EB8522
$C00B59AF9F775E4,C013F2F5DB71757C,C00B59AF9F775E4,3F91EB851EB8522
$C00C16EBB8886EA2,C013F2F5DB71757C,C00C16EBB8886EA2,3F91EB851EB8522
$C00CD427D1997F05,C013F2F5DB71757C,C00CD427D1997F05,3F91EB851EB8522
$C00D9163EAAA8F68,C013F2F5DB71757C,C00D9163EAAA8F68,3F91EB851EB8522
$C00E4EA003BB9FCA,C013F2F5DB71757C,C00E4EA003BB9FCA,3F91EB851EB8522
$C00F0BDC1CCCB02D,C013F2F5DB71757C,C00F0BDC1CCCB02D,3F91EB851EB8522
$C00FC91835DDC08F,C013F2F5DB71757C,C00FC91835DDC08F,3F91EB851EB8522
$C010432A27776879,C013F2F5DB71757C,C010432A27776879,3F91EB851EB8522
$C010A1C833FFF0AR,C013F2F5DB71757C,C010A1C833FFF0AR,3F91EB851EB8522
$C0110066408878DC,C013F2F5DB71757C,C0110066408878DC,3F91EB851EB8522
$C0115F044D11010D,C013F2F5DB71757C,C0115F044D11010D,3F91EB851EB8522
$C011BDA25999893E,C013F2F5DB71757C,C011BDA25999893E,3F91EB851EB8522
$C0121C406622116F,C013F2F5DB71757C,C0121C406622116F,3F91EB851EB8522
$C0127ADE72AA99A1,C013F2F5DB71757C,C0127ADE72AA99A1,3F91EB851EB8522
$C012D97C7F3321D2,C013F2F5DB71757C,C012D97C7F3321D2,3F91EB851EB8522
$C013381A8BBBAA03,C013F2F5DB71757C,C013381A8BBBAA03,3F91EB851EB8522
$C01396B898443235,C013F2F5DB71757C,C01396B898443235,3F91EB851EB8522
$C013F556A4CCBA6R,C013F2F5DB71757C,C013F556A4CCBA6R,3F91EB851EB8522
$C01453F4B1554297,C013F2F5DB71757C,C01453F4B1554297,3F91EB851EB8522
$C014B292BDDDCAC8,C013F2F5DB71757C,C014B292BDDDCAC8,3F91EB851EB8522
$C0151130CA6652FA,C013F2F5DB71757C,C0151130CA6652FA,3F91EB851EB8522
$C0156FCED6EEDB2B,C013F2F5DB71757C,C0156FCED6EEDB2B,3F91EB851EB8522
$C015CE6CE377635C,C013F2F5DB71757C,C015CE6CE377635C,3F91EB851EB8522
$C0162D0AEFFFEB8E,C013F2F5DB71757C,C0162D0AEFFFEB8E,3F91EB851EB8522
$C0168BA8FC8873BF,C013F2F5DB71757C,C0168BA8FC8873BF,3F91EB851EB8522
$C016EA470910FBF,C013F2F5DB71757C,C016EA470910FBF,3F91EB851EB8522
$C01748E51599842R,C013F2F5DB71757C,C01748E51599842R,3F91EB851EB8522
$C017A78322220C52,C013F2F5DB71757C,C017A78322220C52,3F91EB851EB8522
$C01806212EAA9484,C013F2F5DB71757C,C01806212EAA9484,3F91EB851EB8522
$C01864BF3B331CB6,C013F2F5DB71757C,C01864BF3B331CB6,3F91EB851EB8522
$C018C35D47BBA4E6,C013F2F5DB71757C,C018C35D47BBA4E6,3F91EB851EB8522
$C01921FB54442D18,C013F2F5DB71757C,C01921FB54442D18,3F91EB851EB8522
5 174 43
5 175 41
5 176 14
5 177 18
5 178 0
5 179 0
4 168 ->
5 169 46
5 170 8
5 171 0
5 172 [2]
$-1,1
5 173 [4][4]
$C00921FB54442D18,3FC30EFD58F0858,C00921FB54442D18,C012D97C7F3321D2
$C010C152382D7365,3FC30EFD58F0858,C010C152382D7365,C012D97C7F3321D2
$C014F1A6C638D03E,3FC30EFD58F0858,C014F1A6C638D03E,C012D97C7F3321D2
$C01921FB54442D18,3FC30EFD58F0858,C01921FB54442D18,C012D97C7F3321D2
5 174 45
5 175 43
5 176 0
5 177 0
5 178 0
5 179 0
2 84 NULL
2 85 ->
2 86 ->
3 87 [4][3]
$3FF,2*0
$0,3FF,0
$2*0,3FF
$3*0
3 88 [1]
4 88 ->
5 89 21
5 90 0
5 91 -1
5 92 -1
5 93 10
5 94 11
5 95 0
5 96 0
5 97 0
5 98 [2]
6 98 ->
7 99 1
7 100 ->
8 101 -4
8 102 5
8 103 0
6 98 ->
7 99 6
7 104 ->
8 105 [1]
9 105 -100
3 106 -1
3 107 0
3 108 [2]
4 108 
5 109 1
5 110 0
5 111 [4][3]
$3FF,2*0
$0,3FF,0
$2*0,3FF
$3*0
4 108 
5 109 12
5 110 0
5 111 [4][3]
$3FF,2*0
$0,3FF,0
$2*0,3FF
$3*0
2 112 NULL
2 113 21
@gsec_ptr 180 0
2 180 [1]
3 180 
@type 181 1
4 181 2
@name 182 10
4 182 S2D0004
@gsec2d_ptr 183 0
4 183 ->
@name 184 10
5 184 S2D0004
@segtab_ptr 185 0
5 185 [7]
6 185 
@type 186 1
7 186 2
@dir 187 1
7 187 [3]
$1,2*0
@pointid 188 1
7 188 [2]
$0,1
@cntrid 189 1
7 189 1
@arcorient 190 1
7 190 0
@verhor 191 1
7 191 1
@radius 192 1
7 192 0
@ext_id 193 1
7 193 2
@gen_info 194 0
7 194 
@known_ent_info 195 0
7 195 
@attr 196 1
8 196 0
@known_ent_id 197 1
8 197 -1
6 185 
7 186 2
7 187 [3]
$0,1,0
7 188 [2]
$1,2
7 189 2
7 190 0
7 191 0
7 192 0
7 193 3
7 194 
7 195 
8 196 0
8 197 -1
6 185 
7 186 3
7 187 [3]
$2*1,0
7 188 [2]
$3,2
7 189 4
7 190 0
7 191 -1
7 192 0
7 193 4
7 194 
7 195 
8 196 0
8 197 -1
6 185 
7 186 2
7 187 [3]
$0,-1,0
7 188 [2]
$3,0
7 189 0
7 190 0
7 191 0
7 192 0
7 193 5
7 194 
7 195 
8 196 0
8 197 -1
6 185 
7 186 5
7 187 [3]
$0,1,0
7 188 [2]
$2*5
7 189 5
7 190 0
7 191 0
7 192 0
7 193 0
7 194 
7 195 
8 196 0
8 197 -1
6 185 
7 186 32770
7 187 [3]
$0,-1,0
7 188 [2]
$6,7
7 189 7
7 190 0
7 191 0
7 192 0
7 193 1
7 194 
@attributes 198 1
8 198 8
7 195 
8 196 0
8 197 -1
6 185 
7 186 32770
7 187 [3]
$1,2*0
7 188 [2]
$8,9
7 189 9
7 190 0
7 191 1
7 192 0
7 193 6
7 194 
8 198 8
7 195 
8 196 0
8 197 -1
@dimtab_ptr 199 0
5 199 [5]
6 199 
@type 200 1
7 200 42
@value 201 2
7 201 0
@direct 202 1
7 202 0
@property 203 1
7 203 0
@leftpt 204 1
7 204 [2]
@rightpt 205 1
7 205 [2]
@offset 206 2
7 206 0
@ext_id 207 1
7 207 0
@dispdimattr 208 0
7 208 
@dimattr 209 1
8 209 [2]
$2*0
@dim_ref 210 0
7 210 [2]
8 210 
@item_id 211 1
9 211 5
@sense 212 1
9 212 4
@point 213 1
9 213 [2]
$2*-1
8 210 
9 211 4
9 212 4
9 213 [2]
$2*-1
6 199 
7 200 3
7 201 400C
7 202 0
7 203 0
7 204 [2]
7 205 [2]
7 206 0
7 207 1
7 208 
8 209 [2]
$34,0
7 210 [2]
8 210 
9 211 2
9 212 -1
9 213 [2]
$2*-1
8 210 
9 211 -1
9 212 -1
9 213 [2]
$2*-1
6 199 
7 200 1
7 201 3FD6R
7 202 0
7 203 0
7 204 [2]
7 205 [2]
7 206 0
7 207 2
7 208 
8 209 [2]
$524322,0
7 210 [2]
8 210 
9 211 1
9 212 -1
9 213 [2]
$2*1
8 210 
9 211 -1
9 212 -1
9 213 [2]
$2*2
6 199 
7 200 5
7 201 3FEE6R
7 202 0
7 203 0
7 204 [2]
7 205 [2]
7 206 0
7 207 3
7 208 
8 209 [2]
$290,0
7 210 [2]
8 210 
9 211 4
9 212 -1
9 213 [2]
$2*5
8 210 
9 211 1
9 212 -1
9 213 [2]
$1,2
6 199 
7 200 42
7 201 0
7 202 0
7 203 0
7 204 [2]
7 205 [2]
7 206 0
7 207 4
7 208 
8 209 [2]
$2*0
7 210 [2]
8 210 
9 211 6
9 212 4
9 213 [2]
$2*-1
8 210 
9 211 0
9 212 4
9 213 [2]
$2*-1
@relat_ptr 214 0
5 214 [13]
6 214 
@id 215 1
7 215 -1
@used 216 1
7 216 0
@a 217 1
7 217 [4]
$5,6,2*-1
@b 218 1
7 218 [4]
$4*0
@c 219 2
7 219 [4]
$3FF,BFF,3FF,0
@sign 220 1
7 220 0
@idim 221 1
7 221 -1
@type 222 1
7 222 0
6 214 
7 215 -1
7 216 1
7 217 [4]
$5,0,2*-1
7 218 [4]
$4*0
7 219 [4]
$3FF,BFF,2*3FF
7 220 0
7 221 -1
7 222 0
6 214 
7 215 -1
7 216 0
7 217 [4]
$0,8,2*-1
7 218 [4]
$2*1,2*0
7 219 [4]
$3FF,BFF,3FF,0
7 220 0
7 221 -1
7 222 0
6 214 
7 215 -1
7 216 0
7 217 [4]
$5,0,2*-1
7 218 [4]
$2*1,2*0
7 219 [4]
$3FF,BFF,2*3FF
7 220 0
7 221 -1
7 222 0
6 214 
7 215 -1
7 216 0
7 217 [4]
$1,8,2*-1
7 218 [4]
$2*1,2*0
7 219 [4]
$3FF,BFF,3FF,0
7 220 0
7 221 -1
7 222 0
6 214 
7 215 -1
7 216 0
7 217 [4]
$3,0,2*-1
7 218 [4]
$4*0
7 219 [4]
$3FF,BFF,2*3FF
7 220 0
7 221 0
7 222 0
6 214 
7 215 -1
7 216 0
7 217 [4]
$4,5,2*-1
7 218 [4]
$4*0
7 219 [4]
$3FF,BFF,2*3FF
7 220 0
7 221 0
7 222 0
6 214 
7 215 -1
7 216 0
7 217 [4]
$4*0
7 218 [4]
$4*0
7 219 [4]
$4*3FF
7 220 1
7 221 1
7 222 14
6 214 
7 215 -1
7 216 1
7 217 [4]
$1,2,2*-1
7 218 [4]
$2*1,2*0
7 219 [4]
$3FF,BFF,2*3FF
7 220 1
7 221 2
7 222 0
6 214 
7 215 -1
7 216 1
7 217 [4]
$5,1,2*-1
7 218 [4]
$4*0
7 219 [4]
$3FF,BFF,2*3FF
7 220 1
7 221 3
7 222 0
6 214 
7 215 -1
7 216 1
7 217 [4]
$1,2,2*-1
7 218 [4]
$4*0
7 219 [4]
$3FF,BFF,2*3FF
7 220 0
7 221 0
7 222 0
6 214 
7 215 -1
7 216 8
7 217 [4]
$3,2,2*0
7 218 [4]
$4,3*0
7 219 [4]
$3FF,BFF,3FF,BFF
7 220 1
7 221 0
7 222 6
6 214 
7 215 -1
7 216 1
7 217 [4]
$3,2,2*0
7 218 [4]
$4,3*0
7 219 [4]
$3FF,BFF,3FF,BFF
7 220 1
7 221 0
7 222 6
@formula_ptr 223 1
5 223 [13]
$0,1,2,3,4,5,6,7,8,9,10,11,12
@qind 224 1
5 224 -1
@totalpointid 225 1
5 225 10
@checkarcs_flag 226 1
5 226 1
@location 227 0
5 227 ->
@id 228 1
6 228 0
@param 229 2
6 229 0
@type 230 1
6 230 0
@nsket_info 231 0
5 231 ->
@scale 232 2
6 232 40720ACD59EED1E9
@m 233 1
6 233 8
@last_was_permanent 234 1
6 234 0
@unsolved_ptr 235 0
5 235 ->
@iges_file 236 10
6 236 NULL
@solve_version 237 1
5 237 1
@segdscr_tab 238 0
5 238 [7]
6 238 
@ent_mode 239 1
7 239 0
6 238 
7 239 0
6 238 
7 239 0
6 238 
7 239 0
6 238 
7 239 0
6 238 
7 239 0
6 238 
7 239 0
@gsec3d_ptr 240 0
4 240 ->
@type 241 1
5 241 7
@name 242 10
5 242 S2D0004
@flip 243 1
5 243 1
@own_ref_id 244 1
5 244 -1
@first_chain_ptr 245 0
5 245 NULL
@quilt_id 246 1
5 246 -1
@plane_id 247 1
5 247 10
@plane_flip 248 1
5 248 -1
@ref_planes 249 0
5 249 [2]
6 249 
@plane_id 250 1
7 250 2
@ref_type 251 1
7 251 5
@ext_ref_id 252 1
7 252 -1
@seg_id 253 1
7 253 5
@flip_flag 254 1
7 254 0
@save_entity_ptr(line) 255 0
7 255 ->
@type 256 1
8 256 32770
@id 257 1
8 257 0
@gen_info 258 0
8 258 
9 198 8
@end1 259 2
8 259 [3]
$3*0
@end2 260 2
8 260 [3]
$0,C059,0
@back_entity_ptr(line) 261 0
7 261 ->
8 256 32770
8 257 0
8 258 
9 198 8
8 259 [3]
$3*0
8 260 [3]
$0,C059,0
6 249 
7 250 5
7 251 5
7 252 -1
7 253 6
7 254 0
7 255 ->
8 256 32770
8 257 0
8 258 
9 198 8
8 259 [3]
$3*0
8 260 [3]
$4059,2*0
7 261 ->
8 256 32770
8 257 0
8 258 
9 198 8
8 259 [3]
$3*0
8 260 [3]
$4059,2*0
@order_ptr 262 0
4 262 [4]
5 262 
@id 263 1
6 263 0
@flip 264 1
6 264 2
5 262 
6 263 1
6 264 0
5 262 
6 263 2
6 264 1
5 262 
6 263 3
6 264 4
@dim_id_tab 265 1
4 265 [5]
$0,1,2,3,4
@attributes 266 1
4 266 0
@xsec_id 267 1
4 267 -1
@gsec_info_arr 268 0
4 268 [1]
5 268 
@application_type 269 1
6 269 2
@application_id 270 1
6 270 -100
@secsolve_revnum 271 1
4 271 0
@rel_accuracy 272 2
4 272 BFF
@p_saved_result 273 0
4 273 ->
@entity(line) 274 0
5 274 ->
6 257 0
6 258 
6 259 [3]
$3*0
6 260 [3]
$3FEE6R,2*0
5 274 ->
6 257 1
6 258 
6 259 [3]
$3FEE6R,2*0
6 260 [3]
$3FEE6R,3FD6R,0
@entity(arc) 275 0
5 275 ->
@id 276 1
6 276 2
@gen_info 277 0
6 277 
@center 278 2
6 278 [3]
$0,400DBFB4017B3519,0
@radius 279 2
6 279 400C
@end1 280 2
6 280 [3]
$0,3FCBFB4017B3519,0
@end2 281 2
6 281 [3]
$3FEE6R,3FD6R,0
@t0 282 2
6 282 4012D97C7F3321D2
@t1 283 2
6 283 4013F2F5DB71757C
5 274 ->
6 257 3
6 258 
6 259 [3]
$0,3FCBFB4017B3519,0
6 260 [3]
$3*0
5 274 ->
6 256 5
6 257 4
6 258 
@flip 284 1
6 284 0
6 259 [3]
$0,BF91EB851EB851E,0
6 260 [3]
$0,3FD7851EB851EB8R,0
5 274 ->
6 256 32770
6 257 5
6 258 
7 198 8
6 259 [3]
$3*0
6 260 [3]
$0,C059,0
5 274 ->
6 256 32770
6 257 6
6 258 
7 198 8
6 259 [3]
$3*0
6 260 [3]
$4059,2*0
@local_sys 285 2
5 285 [4][3]
$3FF,2*0
$0,3FF,0
$2*0,3FF
$3*0
2 114 -1
2 115 NULL
2 116 NULL
2 130 [3]
$1,4,9
2 117 ->
@crv_type 286 0
3 286 [20]
4 286 
@p_crv 287 1
5 287 12
@crv_type 288 1
5 288 7
4 286 
5 287 15
5 288 7
4 286 
5 287 17
5 288 7
4 286 
5 287 20
5 288 7
4 286 
5 287 22
5 288 7
4 286 
5 287 24
5 288 7
4 286 
5 287 26
5 288 7
4 286 
5 287 28
5 288 7
4 286 
5 287 30
5 288 7
4 286 
5 287 31
5 288 7
4 286 
5 287 32
5 288 7
4 286 
5 287 33
5 288 7
4 286 
5 287 35
5 288 7
4 286 
5 287 36
5 288 7
4 286 
5 287 37
5 288 7
4 286 
5 287 38
5 288 7
4 286 
5 287 40
5 288 7
4 286 
5 287 42
5 288 7
4 286 
5 287 44
5 288 7
4 286 
5 287 46
5 288 7
3 118 0
3 119 0
3 120 [2][3]
$3*0
$3*0
3 121 0
3 122 NULL
3 123 -1
2 124 -1
2 125 NULL
2 126 1
2 127 ->
@revnums 289 0
3 289 [2]
4 289 ->
@owner_type 290 1
5 290 4
@owner_ind 291 1
5 291 0
@ref_id 292 1
5 292 0
@ref_revnum 293 1
5 293 1
4 289 ->
5 290 4
5 291 0
5 292 1
5 293 1
3 128 1
1 129 ->
2 37 49
2 38 1
2 39 ->
3 40 3
3 41 913
3 42 NULL
3 43 0
3 44 [3]
$3*0
3 45 0
3 46 991
3 47 -1
3 48 ->
4 49 0
4 50 0
4 51 -1
4 52 -1
4 53 989
4 54 -1
4 55 0
4 56 0
4 57 0
4 58 1
3 59 0
2 60 -1
2 61 no_name
2 62 2
2 63 ->
3 64 [2][4]
$50,208,44,0
$53,208,26,0
3 150 [10][6]
$51,229,50,1,0,50
$52,229,50,2*0,41
$54,229,53,2*0,25
$55,229,53,1,0,53
$56,229,53,3,0,50
$57,229,53,2,0,53
$58,248,18,2*0,23
$59,248,19,2*0,25
$60,248,14,2*0,43
$61,248,13,2*0,41
3 65 NULL
3 66 [18]
$3*-1,-2049,2*-1,-16777217,3*-1,-536870913,-1,-1126176897,-2,-2097185,
$-203555329,3,0
3 67 NULL
3 68 ->
4 69 150023
4 70 150023
2 71 
3 72 [2]
4 72 ->
5 73 38
5 74 50
5 75 49
5 76 0
5 77 [2][2]
$C01921FB54442D18,BFFD3BDCD6256E97
$C00921FB54442D18,BD04
5 164 ->
6 165 [4][3]
$BFF,2*0
$2*0,BFF
$0,BFF,0
$0,3FD236A02B5EC0F8,0
6 166 3FECR
6 167 3FA9R
5 80 ->
6 157 51
6 158 1
6 159 [2][2]
$C01921FB54442D18,BFFD3BDCD6256E97
$C00921FB54442D18,BD04
5 160 NULL
5 81 53
5 82 1
5 83 [2][3]
$BFEE6R,3FD236A02B5EC1,BFEE6R
$3FEE6R,3FD569D35E91F42B,0
4 72 ->
5 73 38
5 74 53
5 75 49
5 76 0
5 77 [2][2]
$C00921FB54442D18,BFFD3BDCD6256E97
$0,BD04
5 164 ->
6 165 [4][3]
$BFF,2*0
$2*0,BFF
$0,BFF,0
$0,3FD236A02B5EC0F8,0
6 166 3FECR
6 167 3FA9R
5 80 ->
6 157 54
6 158 1
6 159 [2][2]
$C00921FB54442D18,BFFD3BDCD6256E97
$0,BD04
5 160 NULL
5 81 0
5 82 1
5 83 [2][3]
$BFEE6R,3FD236A02B5EC1,0
$3FEE6R,3FD569D35E91F42B,3FEE6R
3 168 [10]
4 168 ->
5 169 51
5 170 49
5 171 8
5 172 [2]
$1,-1
5 173 [25][4]
$C00921FB54442D18,BFFD3BDCD6256E96,C00921FB54442D18,C013DFF4DFAB7216
$C00A2E1077C7044F,BFFD3BDCD6256E96,C00A2E1077C7044F,C013DFF4DFAB7216
$C00B3A259B49DB84,BFFD3BDCD6256E96,C00B3A259B49DB84,C013DFF4DFAB7216
$C00C463ABECCB2BR,BFFD3BDCD6256E96,C00C463ABECCB2BR,C013DFF4DFAB7216
$C00D524FE24F89F2,BFFD3BDCD6256E96,C00D524FE24F89F2,C013DFF4DFAB7216
$C00E5E6505D26128,BFFD3BDCD6256E95,C00E5E6505D26128,C013DFF4DFAB7216
$C00F6A7A2955385E,BFFD3BDCD6256E96,C00F6A7A2955385E,C013DFF4DFAB7216
$C0103B47A66C07CA,BFFD3BDCD6256E96,C0103B47A66C07CA,C013DFF4DFAB7216
$C010C152382D736R,BFFD3BDCD6256E97,C010C152382D736R,C013DFF4DFAB7216
$C011475CC9EEDF,BFFD3BDCD6256E96,C011475CC9EEDF,C013DFF4DFAB7216
$C011CD675BB04A9C,BFFD3BDCD6256E96,C011CD675BB04A9C,C013DFF4DFAB7216
$C0125371ED71B637,BFFD3BDCD6256E96,C0125371ED71B637,C013DFF4DFAB7216
$C012D97C7F3321D2,BFFD3BDCD6256E96,C012D97C7F3321D2,C013DFF4DFAB7216
$C0135F8710F48D6D,BFFD3BDCD6256E96,C0135F8710F48D6D,C013DFF4DFAB7216
$C013E591A2B5F908,BFFD3BDCD6256E96,C013E591A2B5F908,C013DFF4DFAB7216
$C0146B9C347764A4,BFFD3BDCD6256E96,C0146B9C347764A4,C013DFF4DFAB7216
$C014F1A6C638D03E,BFFD3BDCD6256E96,C014F1A6C638D03E,C013DFF4DFAB7216
$C01577B157FA3BDA,BFFD3BDCD6256E96,C01577B157FA3BDA,C013DFF4DFAB7216
$C015FDBBE9BBA775,BFFD3BDCD6256E96,C015FDBBE9BBA775,C013DFF4DFAB7216
$C01683C67B7D131,BFFD3BDCD6256E96,C01683C67B7D131,C013DFF4DFAB7216
$C01709D10D3E7EAC,BFFD3BDCD6256E96,C01709D10D3E7EAC,C013DFF4DFAB7216
$C0178FDB9EFFEA46,BFFD3BDCD6256E96,C0178FDB9EFFEA46,C013DFF4DFAB7216
$C01815E630C155E1,BFFD3BDCD6256E96,C01815E630C155E1,C013DFF4DFAB7216
$C0189BF0C282C17D,BFFD3BDCD6256E96,C0189BF0C282C17D,C013DFF4DFAB7216
$C01921FB54442D18,BFFD3BDCD6256E96,C01921FB54442D18,C013DFF4DFAB7216
5 174 50
5 175 43
5 176 56
5 177 60
5 178 0
5 179 0
4 168 ->
5 169 52
5 170 49
5 171 8
5 172 [2]
$-1,1
5 173 [25][4]
$C00921FB54442D18,BD04,C00921FB54442D18,3FB539FA33CCAA2R
$C00A2E1077C7044F,BD04,C00A2E1077C7044F,3FB539FA33CCAA2R
$C00B3A259B49DB84,BD04,C00B3A259B49DB84,3FB539FA33CCAA2R
$C00C463ABECCB2BR,BD04,C00C463ABECCB2BR,3FB539FA33CCAA2R
$C00D524FE24F89F2,BD04,C00D524FE24F89F2,3FB539FA33CCAA1F
$C00E5E6505D26128,BD04,C00E5E6505D26128,3FB539FA33CCAA2R
$C00F6A7A2955385E,BD04,C00F6A7A2955385E,3FB539FA33CCAA2R
$C0103B47A66C07CA,BD04,C0103B47A66C07CA,3FB539FA33CCAA2R
$C010C152382D736R,BD04,C010C152382D736R,3FB539FA33CCAA2R
$C011475CC9EEDF,BD04,C011475CC9EEDF,3FB539FA33CCAA2R
$C011CD675BB04A9C,BD04,C011CD675BB04A9C,3FB539FA33CCAA2R
$C0125371ED71B637,BD04,C0125371ED71B637,3FB539FA33CCAA2R
$C012D97C7F3321D2,BD04,C012D97C7F3321D2,3FB539FA33CCAA2R
$C0135F8710F48D6D,BD04,C0135F8710F48D6D,3FB539FA33CCAA2R
$C013E591A2B5F908,BD04,C013E591A2B5F908,3FB539FA33CCAA2R
$C0146B9C347764A4,BD04,C0146B9C347764A4,3FB539FA33CCAA2R
$C014F1A6C638D03E,BD04,C014F1A6C638D03E,3FB539FA33CCAA2R
$C01577B157FA3BDA,BD04,C01577B157FA3BDA,3FB539FA33CCAA2R
$C015FDBBE9BBA775,BD04,C015FDBBE9BBA775,3FB539FA33CCAA2R
$C01683C67B7D131,BD04,C01683C67B7D131,3FB539FA33CCAA2R
$C01709D10D3E7EAC,BD04,C01709D10D3E7EAC,3FB539FA33CCAA2R
$C0178FDB9EFFEA46,BD04,C0178FDB9EFFEA46,3FB539FA33CCAA2R
$C01815E630C155E1,BD04,C01815E630C155E1,3FB539FA33CCAA2R
$C0189BF0C282C17D,BD04,C0189BF0C282C17D,3FB539FA33CCAA2R
$C01921FB54442D18,BD04,C01921FB54442D18,3FB539FA33CCAA2R
5 174 50
5 175 41
5 176 57
5 177 58
5 178 0
5 179 0
4 168 ->
5 169 54
5 170 49
5 171 8
5 172 [2]
$-1,1
5 173 [25][4]
$C00921FB54442D18,BFFD3BDCD6256E96,C00921FB54442D18,C013DFF4DFAB7216
$C00815E630C155E2,BFFD3BDCD6256E96,C00815E630C155E2,C013DFF4DFAB7216
$C00709D10D3E7EAB,BFFD3BDCD6256E96,C00709D10D3E7EAB,C013DFF4DFAB7216
$C005FDBBE9BBA775,BFFD3BDCD6256E96,C005FDBBE9BBA775,C013DFF4DFAB7216
$C004F1A6C638D03F,BFFD3BDCD6256E96,C004F1A6C638D03F,C013DFF4DFAB7216
$C003E591A2B5F908,BFFD3BDCD6256E95,C003E591A2B5F908,C013DFF4DFAB7216
$C002D97C7F3321D2,BFFD3BDCD6256E96,C002D97C7F3321D2,C013DFF4DFAB7216
$C001CD675BB04A9B,BFFD3BDCD6256E96,C001CD675BB04A9B,C013DFF4DFAB7216
$C000C152382D736R,BFFD3BDCD6256E97,C000C152382D736R,C013DFF4DFAB7216
$BFFF6A7A2955385E,BFFD3BDCD6256E96,BFFF6A7A2955385E,C013DFF4DFAB7216
$BFFD524FE24F89F,BFFD3BDCD6256E96,BFFD524FE24F89F,C013DFF4DFAB7216
$BFFB3A259B49DB86,BFFD3BDCD6256E96,BFFB3A259B49DB86,C013DFF4DFAB7216
$BFF921FB54442D18,BFFD3BDCD6256E96,BFF921FB54442D18,C013DFF4DFAB7216
$BFF709D10D3E7EAC,BFFD3BDCD6256E96,BFF709D10D3E7EAC,C013DFF4DFAB7216
$BFF4F1A6C638D03E,BFFD3BDCD6256E96,BFF4F1A6C638D03E,C013DFF4DFAB7216
$BFF2D97C7F3321D2,BFFD3BDCD6256E96,BFF2D97C7F3321D2,C013DFF4DFAB7216
$BFF0C152382D736R,BFFD3BDCD6256E96,BFF0C152382D736R,C013DFF4DFAB7216
$BFED524FE24F89F,BFFD3BDCD6256E96,BFED524FE24F89F,C013DFF4DFAB7216
$BFE921FB54442D18,BFFD3BDCD6256E96,BFE921FB54442D18,C013DFF4DFAB7216
$BFE4F1A6C638D04,BFFD3BDCD6256E96,BFE4F1A6C638D04,C013DFF4DFAB7216
$BFE0C152382D7364,BFFD3BDCD6256E96,BFE0C152382D7364,C013DFF4DFAB7216
$BFD921FB54442D18,BFFD3BDCD6256E96,BFD921FB54442D18,C013DFF4DFAB7216
$BFD0C152382D7367,BFFD3BDCD6256E96,BFD0C152382D7367,C013DFF4DFAB7216
$BFC0C152382D7361,BFFD3BDCD6256E96,BFC0C152382D7361,C013DFF4DFAB7216
$0,BFFD3BDCD6256E96,0,C013DFF4DFAB7216
5 174 53
5 175 25
5 176 57
5 177 59
5 178 0
5 179 0
4 168 ->
5 169 55
5 170 49
5 171 8
5 172 [2]
$1,-1
5 173 [25][4]
$C00921FB54442D18,BD04,C00921FB54442D18,3FB539FA33CCAA2R
$C00815E630C155E2,BD04,C00815E630C155E2,3FB539FA33CCAA2R
$C00709D10D3E7EAB,BD04,C00709D10D3E7EAB,3FB539FA33CCAA2R
$C005FDBBE9BBA775,BD04,C005FDBBE9BBA775,3FB539FA33CCAA2R
$C004F1A6C638D03F,BD04,C004F1A6C638D03F,3FB539FA33CCAA1F
$C003E591A2B5F908,BD04,C003E591A2B5F908,3FB539FA33CCAA2R
$C002D97C7F3321D2,BD04,C002D97C7F3321D2,3FB539FA33CCAA2R
$C001CD675BB04A9B,BD04,C001CD675BB04A9B,3FB539FA33CCAA2R
$C000C152382D736R,BD04,C000C152382D736R,3FB539FA33CCAA2R
$BFFF6A7A2955385E,BD04,BFFF6A7A2955385E,3FB539FA33CCAA2R
$BFFD524FE24F89F,BD04,BFFD524FE24F89F,3FB539FA33CCAA2R
$BFFB3A259B49DB86,BD04,BFFB3A259B49DB86,3FB539FA33CCAA2R
$BFF921FB54442D18,BD04,BFF921FB54442D18,3FB539FA33CCAA2R
$BFF709D10D3E7EAC,BD04,BFF709D10D3E7EAC,3FB539FA33CCAA2R
$BFF4F1A6C638D03E,BD04,BFF4F1A6C638D03E,3FB539FA33CCAA2R
$BFF2D97C7F3321D2,BD04,BFF2D97C7F3321D2,3FB539FA33CCAA2R
$BFF0C152382D736R,BD04,BFF0C152382D736R,3FB539FA33CCAA2R
$BFED524FE24F89F,BD04,BFED524FE24F89F,3FB539FA33CCAA2R
$BFE921FB54442D18,BD04,BFE921FB54442D18,3FB539FA33CCAA2R
$BFE4F1A6C638D04,BD04,BFE4F1A6C638D04,3FB539FA33CCAA2R
$BFE0C152382D7364,BD04,BFE0C152382D7364,3FB539FA33CCAA2R
$BFD921FB54442D18,BD04,BFD921FB54442D18,3FB539FA33CCAA2R
$BFD0C152382D7367,BD04,BFD0C152382D7367,3FB539FA33CCAA2R
$BFC0C152382D7361,BD04,BFC0C152382D7361,3FB539FA33CCAA2R
$0,BD04,0,3FB539FA33CCAA2R
5 174 53
5 175 23
5 176 56
5 177 61
5 178 0
5 179 0
4 168 ->
5 169 56
5 170 49
5 171 1
5 172 [2]
$-1,1
5 173 [8][4]
$0,BFFD3BDCD6256E96,C01921FB54442D18,BFFD3BDCD6256E96
$0,BFF90EBD49D6F11A,C01921FB54442D18,BFF90EBD49D6F11A
$0,BFF4E19DBD88739D,C01921FB54442D18,BFF4E19DBD88739D
$0,BFF0B47E3139F61E,C01921FB54442D18,BFF0B47E3139F61E
$0,BFE90EBD49D6F141,C01921FB54442D18,BFE90EBD49D6F141
$0,BFE0B47E3139F647,C01921FB54442D18,BFE0B47E3139F647
$0,BFD0B47E3139F698,C01921FB54442D18,BFD0B47E3139F698
$0,BD04,C01921FB54442D18,BD04
5 174 53
5 175 50
5 176 54
5 177 52
5 178 0
5 179 0
4 168 ->
5 169 57
5 170 49
5 171 1
5 172 [2]
$1,-1
5 173 [8][4]
$C00921FB54442D18,BFFD3BDCD6256E96,C00921FB54442D18,BFFD3BDCD6256E96
$C00921FB54442D18,BFF90EBD49D6F11A,C00921FB54442D18,BFF90EBD49D6F11A
$C00921FB54442D18,BFF4E19DBD88739D,C00921FB54442D18,BFF4E19DBD88739D
$C00921FB54442D18,BFF0B47E3139F61E,C00921FB54442D18,BFF0B47E3139F61E
$C00921FB54442D18,BFE90EBD49D6F141,C00921FB54442D18,BFE90EBD49D6F141
$C00921FB54442D18,BFE0B47E3139F647,C00921FB54442D18,BFE0B47E3139F647
$C00921FB54442D18,BFD0B47E3139F698,C00921FB54442D18,BFD0B47E3139F698
$C00921FB54442D18,BD04,C00921FB54442D18,BD04
5 174 53
5 175 50
5 176 55
5 177 51
5 178 0
5 179 0
4 168 ->
5 169 58
5 170 49
5 171 1
5 172 [2]
$-1,1
5 173 [2][4]
$C01921FB54442D18,3FD7851EB851EB8R,0,3FD7851EB851EB8R
$C01921FB54442D18,3FB539FA33CCAA2R,0,3FB539FA33CCAA2R
5 174 41
5 175 23
5 176 42
5 177 55
5 178 0
5 179 0
4 168 ->
5 169 59
5 170 49
5 171 1
5 172 [2]
$-1,1
5 173 [7][4]
$C01921FB54442D18,C013DFF4DFAB7216,0,C013DFF4DFAB7216
$C01921FB54442D18,C013B43624ECBA0C,0,C013B43624ECBA0C
$C01921FB54442D18,C01388776A2E02,0,C01388776A2E02
$C01921FB54442D18,C0135CB8AF6F49F5,0,C0135CB8AF6F49F5
$C01921FB54442D18,C01330F9F4B091E9,0,C01330F9F4B091E9
$C01921FB54442D18,C013053B39F1D9DR,0,C013053B39F1D9DR
$C01921FB54442D18,C012D97C7F3321D2,0,C012D97C7F3321D2
5 174 43
5 175 25
5 176 51
5 177 60
5 178 0
5 179 0
4 168 ->
5 169 60
5 170 49
5 171 1
5 172 [2]
$1,-1
5 173 [7][4]
$C00921FB54442D18,C013DFF4DFAB7216,C00921FB54442D18,C013DFF4DFAB7216
$C00921FB54442D18,C013B43624ECBA0C,C00921FB54442D18,C013B43624ECBA0C
$C00921FB54442D18,C01388776A2E02,C00921FB54442D18,C01388776A2E02
$C00921FB54442D18,C0135CB8AF6F49F5,C00921FB54442D18,C0135CB8AF6F49F5
$C00921FB54442D18,C01330F9F4B091E9,C00921FB54442D18,C01330F9F4B091E9
$C00921FB54442D18,C013053B39F1D9DR,C00921FB54442D18,C013053B39F1D9DR
$C00921FB54442D18,C012D97C7F3321D2,C00921FB54442D18,C012D97C7F3321D2
5 174 43
5 175 25
5 176 59
5 177 54
5 178 0
5 179 0
4 168 ->
5 169 61
5 170 49
5 171 1
5 172 [2]
$1,-1
5 173 [2][4]
$C00921FB54442D18,3FD7851EB851EB8R,C00921FB54442D18,3FD7851EB851EB8R
$C00921FB54442D18,3FB539FA33CCAA2R,C00921FB54442D18,3FB539FA33CCAA2R
5 174 41
5 175 23
5 176 52
5 177 24
5 178 0
5 179 0
2 84 NULL
2 85 ->
2 86 ->
3 87 [4][3]
$3FF,2*0
$0,3FF,0
$2*0,3FF
$3*0
3 88 [14]
4 88 ->
5 89 1650
5 90 0
5 91 -1
5 92 -1
5 93 0
5 94 -1
5 95 0
5 96 0
5 97 0
5 98 [1]
6 98 ->
7 99 6
7 104 ->
8 105 [1]
9 105 -100
4 88 ->
5 89 9
5 90 0
5 91 -1
5 92 -1
5 93 44
5 94 -1
5 95 0
5 96 0
5 97 0
5 98 [1]
6 98 ->
7 99 6
7 104 ->
8 105 [1]
9 105 -100
4 88 ->
5 89 1657
5 90 0
5 91 -1
5 92 -1
5 93 1
5 94 -1
5 95 0
5 96 0
5 97 0
5 98 [1]
6 98 ->
7 99 6
7 104 ->
8 105 [1]
9 105 -100
4 88 ->
5 89 40
5 90 0
5 91 -1
5 92 -1
5 93 43
5 94 -1
5 95 0
5 96 0
5 97 2048
5 98 [1]
6 98 ->
7 99 6
7 104 ->
8 105 [1]
9 105 -100
4 88 ->
5 89 40
5 90 0
5 91 -1
5 92 -1
5 93 41
5 94 -1
5 95 0
5 96 0
5 97 2048
5 98 [1]
6 98 ->
7 99 6
7 104 ->
8 105 [1]
9 105 -100
4 88 ->
5 89 1651
5 90 0
5 91 -1
5 92 -1
5 93 4
5 94 4
5 95 0
5 96 0
5 97 0
5 98 [1]
6 98 ->
7 99 6
7 104 ->
8 105 [1]
9 105 -100
4 88 ->
5 89 1654
5 90 BFF
5 91 -1
5 92 -1
5 93 0
5 94 -1
5 95 0
5 96 0
5 97 0
5 98 [1]
6 98 ->
7 99 6
7 104 ->
8 105 [1]
9 105 -100
4 88 ->
5 89 9
5 90 0
5 91 -1
5 92 -1
5 93 26
5 94 -1
5 95 0
5 96 0
5 97 0
5 98 [1]
6 98 ->
7 99 6
7 104 ->
8 105 [1]
9 105 -100
4 88 ->
5 89 1657
5 90 0
5 91 -1
5 92 -1
5 93 -1
5 94 -1
5 95 0
5 96 0
5 97 0
5 98 [1]
6 98 ->
7 99 6
7 104 ->
8 105 [1]
9 105 -100
4 88 ->
5 89 40
5 90 0
5 91 -1
5 92 -1
5 93 25
5 94 -1
5 95 0
5 96 0
5 97 2048
5 98 [1]
6 98 ->
7 99 6
7 104 ->
8 105 [1]
9 105 -100
4 88 ->
5 89 40
5 90 0
5 91 -1
5 92 -1
5 93 23
5 94 -1
5 95 0
5 96 0
5 97 2048
5 98 [1]
6 98 ->
7 99 6
7 104 ->
8 105 [1]
9 105 -100
4 88 ->
5 89 1651
5 90 0
5 91 -1
5 92 -1
5 93 4
5 94 4
5 95 0
5 96 0
5 97 0
5 98 [1]
6 98 ->
7 99 6
7 104 ->
8 105 [1]
9 105 -100
4 88 ->
5 89 1655
5 90 0
5 91 -1
5 92 -1
5 93 -1
5 94 -1
5 95 0
5 96 0
5 97 0
5 98 [1]
6 98 ->
7 99 6
7 104 ->
8 105 [1]
9 105 -100
4 88 ->
5 89 885
5 90 0
5 91 5
5 92 -1
5 93 -1
5 94 -1
5 95 0
5 96 0
5 97 0
5 98 [1]
6 98 ->
7 99 6
7 104 ->
8 105 [1]
9 105 -100
3 106 -1
3 107 0
2 112 NULL
2 113 -1
2 114 -1
2 115 NULL
2 116 NULL
2 130 [1]
3 130 8
2 117 ->
@next_srf 294 0
3 294 [1]
4 294 
@p_srf 295 1
5 295 43
@next_geom_ptr 296 1
5 296 0
@contours 297 0
3 297 [4]
4 297 
@p_srf 298 1
5 298 23
@start_crv_arr 299 11
5 299 [1]
6 299 13
4 297 
5 298 25
5 299 [1]
6 299 14
4 297 
5 298 41
5 299 [1]
6 299 13
4 297 
5 298 43
5 299 [1]
6 299 14
@next_crv 300 0
3 300 [6]
4 300 
@p_crv 301 1
5 301 13
@next_crv 302 11
5 302 [2]
$44,24
4 300 
5 301 14
5 302 [2]
$19,26
4 300 
5 301 18
5 302 [2]
$42,26
4 300 
5 301 19
5 302 [2]
$44,14
4 300 
5 301 24
5 302 [2]
$18,42
4 300 
5 301 42
5 302 [2]
$13,24
3 118 21
3 119 0
3 120 [2][3]
$BFEE66666666667,0,BFEE66666666667
$3FEE66666666667,3FD6R,3FEE66666666667
3 121 4005AD79B34092F4
3 122 NULL
3 123 -1
2 124 -1
2 125 NULL
2 126 1
2 127 ->
3 128 14
1 129 NULL
@assem_mass_prop_ptr 303 0
1 303 NULL
@mass_prop_ptr 304 0
1 304 ->
@type 305 1
2 305 0
@density 306 2
2 306 0
@init_dens 307 5
2 307 0
@rel_density 308 2
2 308 0
@init_rel_dens 309 5
2 309 0
@aver_density 310 2
2 310 0
@vrevnum 311 1
2 311 -1
@volume 312 2
2 312 0
@cg 313 2
2 313 [3]
$3*0
@inertia 314 2
2 314 [3][3]
$3*0
$3*0
$3*0
@eps 315 2
2 315 0
@surfarea 316 2
2 316 0
@assign_mp_ptr 317 0
1 317 NULL
@tol_default_ptr 318 0
1 318 ->
@type 319 1
2 319 10
@value 320 2
2 320 [7]
$0,3FB9R,3F847AE147AE147B,3F50624DD2F1A9FC,3F1A36E2EB1C432D,
$3EE4F8B588E368F1,3EB0C6F7A0B5ED8E
@ang_value 321 2
2 321 [7]
$0,6*3FE
@standard 322 1
2 322 0
@iso_tol_tbls_ptr 323 0
2 323 NULL
@first_xsec_ptr 324 0
1 324 NULL
@datum_count 325 1
1 325 0
@axis_count 326 1
1 326 1
@insert_layer_id 327 1
1 327 -1
@layer_count 328 1
1 328 1
@layer_list 329 0
1 329 [6]
2 329 
@feat_id 330 1
3 330 1
@layer_id 331 1
3 331 0
@back_layer_id 332 1
3 332 0
2 329 
3 330 4
3 331 0
3 332 0
2 329 
3 330 6
3 331 0
3 332 0
2 329 
3 330 9
3 331 0
3 332 0
2 329 
3 330 8
3 331 0
3 332 0
2 329 
3 330 49
3 331 0
3 332 0
@lang_ptr 333 0
1 333 ->
@interact_on 334 1
2 334 -1
@first_csys_ptr 335 0
1 335 NULL
@color_prop_ptr 336 0
1 336 ->
@color_tab 337 0
2 337 [1]
3 337 
@maximum 338 2
4 338 [3]
$3FD4CR,3FE8CR,3FBE353F7CED9168
@ambient 339 2
4 339 3FECR
@diffuse 340 2
4 340 3FECR
@specular 341 2
4 341 3FE9R
@spec_coef 342 2
4 342 3FE
@transmission 343 2
4 343 0
@threshold 344 1
4 344 90
@gl_ind 345 1
4 345 0
@surf_ind_tab 346 0
2 346 [1]
3 346 
@surf_id 347 1
4 347 -1
@surf_color_inds 348 1
4 348 [2]
$0,-1
@fem_data 349 0
1 349 NULL
@rel_part_eps 350 2
1 350 3F53A92A30553261
@names_table 351 0
1 351 [3]
2 351 ->
@id 352 1
3 352 2
@type 353 1
3 353 5
@name 354 10
3 354 DTM1
2 351 ->
3 352 5
3 353 5
3 354 DTM2
2 351 ->
3 352 7
3 353 5
3 354 DTM3
@drv_tbl_ptr 355 0
1 355 NULL
@assembled_count 356 1
1 356 0
@part_type 357 1
1 357 1
@mat_name_ptr 358 10
1 358 NULL
@first_ent_id 359 1
1 359 519067
@first_view_id 360 1
1 360 0
@outline 361 2
1 361 [2][3]
$BFEE6R,0,BFEE6R
$3FEE6R,3FD569D35E91F42B,3FEE6R
@dim_num 362 1
1 362 6
@dim_array 363 0
1 363 [6]
2 363 ->
@type 364 1
3 364 8
@dim_type 365 1
3 365 42
@feat_id 366 1
3 366 8
@attributes 367 1
3 367 32
@dim_dat_ptr 368 0
3 368 ->
@value 369 2
4 369 0
@bck_value 370 2
4 370 0
@tol_ptr 371 0
4 371 ->
@type 372 1
5 372 9
@tol_type 373 1
5 373 3
@dual_digits_diff 374 1
5 374 999
@value 375 2
5 375 [2]
$2*3F847AE147AE147B
@nominal_value 376 2
4 376 0
@bound 377 1
4 377 20
@bck_bound 378 1
4 378 -1
@bck_tol_ptr 379 0
4 379 ->
@value 380 2
5 380 [2]
$2*3F847AE147AE147B
@datum_def_id 381 1
4 381 -1
@places_denom 382 1
4 382 2
@bck_places_denom 383 1
4 383 2
@dim_data_attrib 384 1
4 384 0
@dim_cosm_ptr 385 0
3 385 ->
@d0 386 2
4 386 0
@d1 387 2
4 387 0
@d2 388 2
4 388 0
@d3 389 2
4 389 0
@ord_info 390 0
4 390 NULL
@attach_ptr 391 0
3 391 NULL
@dim_text_ptr 392 0
3 392 ->
@symbol 393 10
4 393 d0
@parent_dim_id 394 1
3 394 -1
2 363 ->
3 364 8
3 365 3
3 366 8
3 367 289
3 368 ->
4 369 400C
4 370 400C
4 371 ->
5 372 9
5 373 3
5 374 999
5 375 [2]
$2*3F847AE147AE147B
4 376 400C
4 377 20
4 378 -1
4 379 ->
5 380 [2]
$2*3F847AE147AE147B
4 381 -1
4 382 2
4 383 2
4 384 0
3 385 ->
4 386 400C
4 387 C058F2C33FD1D1DR
4 388 0
4 389 403B1EDB6DB6DB7
4 390 NULL
3 391 NULL
3 392 ->
4 393 d1
@line_array 395 0
4 395 [1]
5 395 
@text_array 396 0
6 396 [2]
7 396 
@text_type 397 1
8 397 54
@text_value 398 10
8 398 R
@txt_attrib 399 1
8 399 1
@owner_id 400 1
8 400 1
@part_id 401 1
8 401 68
@height 402 2
8 402 BFF
@width_factor 403 2
8 403 BFF
@format_info 404 0
8 404 
@thickness 405 2
8 405 BFF
7 396 
8 397 61
8 398 
8 399 1
8 400 1
8 401 68
8 402 BFF
8 403 BFF
8 404 
8 405 BFF
3 394 -1
2 363 ->
3 364 8
3 365 1
3 366 8
3 367 289
3 368 ->
4 369 3FD6R
4 370 3FD6R
4 371 ->
5 372 9
5 373 3
5 374 999
5 375 [2]
$2*3F847AE147AE147B
4 376 3FD6R
4 377 20
4 378 -1
4 379 ->
5 380 [2]
$2*3F847AE147AE147B
4 381 -1
4 382 2
4 383 2
4 384 0
3 385 ->
4 386 40530BD2A771DD94
4 387 3FE0456C797DD497
4 388 3FE006160FF9E9EC
4 389 403B1EDB6DB6DB7
4 390 NULL
3 391 NULL
3 392 ->
4 393 d2
3 394 -1
2 363 ->
3 364 8
3 365 5
3 366 8
3 367 353
3 368 ->
4 369 3FFE6R
4 370 3FFE6R
4 371 ->
5 372 9
5 373 3
5 374 999
5 375 [2]
$2*3F847AE147AE147B
4 376 3FFE6R
4 377 20
4 378 -1
4 379 ->
5 380 [2]
$2*3F847AE147AE147B
4 381 -1
4 382 2
4 383 2
4 384 0
3 385 ->
4 386 3FD75270D0456C78
4 387 C03CB4F740E5C20F
4 388 3FE5D49C34115B1E
4 389 403B1EDB6DB6DB7
4 390 NULL
3 391 NULL
3 392 ->
4 393 d3
4 395 [1]
5 395 
6 396 [2]
7 396 
8 397 54
8 398 n
8 399 1
8 400 3
8 401 68
8 402 BFF
8 403 BFF
8 404 
8 405 BFF
7 396 
8 397 61
8 398 
8 399 1
8 400 3
8 401 68
8 402 BFF
8 403 BFF
8 404 
8 405 BFF
3 394 -1
2 363 ->
3 364 8
3 365 42
3 366 8
3 367 32
3 368 ->
4 369 0
4 370 0
4 371 ->
5 372 9
5 373 3
5 374 999
5 375 [2]
$2*3F847AE147AE147B
4 376 0
4 377 20
4 378 -1
4 379 ->
5 380 [2]
$2*3F847AE147AE147B
4 381 -1
4 382 2
4 383 2
4 384 0
3 385 ->
4 386 0
4 387 0
4 388 0
4 389 0
4 390 NULL
3 391 NULL
3 392 ->
4 393 d4
3 394 -1
2 363 ->
3 364 8
3 365 3
3 366 49
3 367 257
3 368 ->
4 369 3FA9R
4 370 3FA9R
4 371 ->
5 372 9
5 373 3
5 374 999
5 375 [2]
$2*3F847AE147AE147B
4 376 3FA9R
4 377 20
4 378 -1
4 379 ->
5 380 [2]
$2*3F847AE147AE147B
4 381 -1
4 382 2
4 383 2
4 384 0
3 385 ->
4 386 0
4 387 0
4 388 0
4 389 0
4 390 NULL
3 391 NULL
3 392 ->
4 393 d5
4 395 [1]
5 395 
6 396 [2]
7 396 
8 397 54
8 398 R
8 399 1
8 400 5
8 401 68
8 402 BFF
8 403 BFF
8 404 
8 405 BFF
7 396 
8 397 61
8 398 
8 399 1
8 400 5
8 401 68
8 402 BFF
8 403 BFF
8 404 
8 405 BFF
3 394 -1
@ipar_num 406 1
1 406 0
@relpar_sets 407 0
1 407 [1]
2 407 
@id 408 1
3 408 -1
@type 409 1
3 409 2
@ext_ref_id 410 1
3 410 -1
@param 411 0
3 411 [6]
4 411 
@sym 412 10
5 412 
@value 413 0
5 413 
@type 414 1
6 414 50
@value(d_val) 415 2
6 415 0
@bak_value 416 0
5 416 
6 414 50
6 415 0
4 411 
5 412 DESCRIPTION
5 413 
6 414 51
@value(s_val) 417 10
6 417 BUTTON, GREEN
5 416 
6 414 51
6 417 BUTTON, GREEN
4 411 
5 412 
5 413 
6 414 50
6 415 0
5 416 
6 414 50
6 415 0
4 411 
5 412 COST
5 413 
6 414 50
6 415 3FD3R
5 416 
6 414 50
6 415 3FD3R
4 411 
5 412 
5 413 
6 414 50
6 415 0
5 416 
6 414 50
6 415 0
4 411 
5 412 VENDOR
5 413 
6 414 51
6 417 ALLENSON ELECTRICAL
5 416 
6 414 51
6 417 ALLENSON ELECTRICAL
@relatnum 418 1
3 418 0
@unit_arr 419 0
1 419 [2]
2 419 
@type 420 1
3 420 1
@factor 421 2
3 421 3FF
@name 422 10
3 422 INCH
@unit_type 423 1
3 423 0
2 419 
3 420 2
3 421 3FF
3 422 POUND
3 423 1
@geom_lib_ptr 424 0
1 424 NULL
@first_quilt_ptr 425 1
1 425 0
@attrib_array 426 1
1 426 [1]
2 426 0
@smt_info_ptr 427 0
1 427 NULL
@cable_info_ptr 428 0
1 428 NULL
@comp_info_ptr 429 0
1 429 NULL
@max_part_size 430 2
1 430 4005AD79B34092F4
@prt_misc_ptr 431 0
1 431 ->
@shrink_data_ptr 432 0
2 432 NULL
@layer_array 433 0
1 433 [1]
2 433 ->
@id 434 1
3 434 3
@type 435 1
3 435 117
@user_id 436 1
3 436 0
@weird_wline_ptr 437 0
3 437 ->
@weird_wline 438 10
4 438 DTMS
@layer_objects 439 0
3 439 [1]
4 439 
@type 440 1
5 440 3
@ids 441 1
5 441 [4]
$1,4,6,8
@saved_operation 442 1
3 442 3
@expld_mv_info 443 0
1 443 NULL
@state_info_ptr 444 0
1 444 NULL
@alumni_feats 445 0
1 445 NULL
@model_name 446 10
1 446 START_BUTTON
@p_mdl_grid 447 0
1 447 NULL
@mdl_status_ptr 448 0
1 448 NULL
@cfg_states 449 0
1 449 NULL
@disp_outl_info 450 0
1 450 
@disp_outline 451 2
2 451 [2][3]
$BFEED54F4986BE8B,BF8BBA38C8160938,BFEED54F4986BE8B
$3FEED54F4986BE8B,3FD647A524D2A475,3FEED54F4986BE8B
@ribbon_info_ptr 452 0
1 452 NULL
@p_xref_data 453 0
1 453 ->
@View 454 0
0 454 ->
@id 455 1
1 455 0
@viewattr 456 0
1 456 
@attr_arr 457 1
2 457 [4]
$1,3*0
@mpoint 458 0
1 458 
@id 459 1
2 459 0
@coord 460 2
2 460 [3]
$0,3FC569D35E91F42B,0
@first_instr_ptr 461 0
2 461 NULL
@attach_ptr 462 0
2 462 NULL
@vpoint 463 0
1 463 
2 459 0
2 460 [3]
$407F4,407A5E,0
2 461 NULL
2 462 NULL
@orient 464 2
1 464 [4][4]
$3FED7954E7DBA2F8,0,3FD8EC3AE92B676B,0
$BFD385CE5246572,3FE3E43A9692E21C,3FE7167619F550A2,0
$BFCEFC077F3F36A6,BFE91103985DA841,3FE25240DD3851BF,0
$3*0,3FF
@local_sys 465 2
1 465 [4][4]
$40739517707CABCA,0,40608F0092593FAD,0
$C059F10C8DC68084,406A6E847D7FE66E,406EADC76F19B52B,0
$C054960318262E2E,C070A770FBBAEAAD,406858601855754R,0
$40802ADFD442852D,40782801FA822EBE,C044877FBBD2D72D,3FF
@first_instr_ptr 466 0
1 466 ->
@type 467 1
2 467 100
@geom_id 468 1
2 468 -1
@view_id 469 1
2 469 -1
@memb_num 470 1
2 470 0
@offset 471 2
2 471 0
@matrix 472 0
2 472 NULL
@next_instr_ptr 473 0
1 473 ->
2 467 301
2 468 -1
2 469 -1
2 470 0
2 471 407542BC574742EA
2 472 NULL
1 473 NULL
@outer_xsec_index 474 1
1 474 -1
@next_view_id 475 1
1 475 -2
@simp_rep_id 476 1
1 476 0
@name 477 10
1 477 no name
@matrix 478 2
1 478 [4][4]
$3FF,3*0
$0,3FF,2*0
$2*0,3FF,0
$3*0,3FF
@fit_outline 479 2
1 479 [2][3]
$4059,405518,C0767AE453676FC4
$408C2,4087BB,40767AE453676FC4
@det_info_ptr 480 0
1 480 NULL
@named_view_pzmatr 481 0
1 481 NULL
@page_id 482 1
1 482 0
@model_name 483 10
1 483 NULL
@unrep_model_name 484 10
1 484 NULL
@saved_pro_dls 485 0
1 485 ->
@assem_merge_parts 486 0
0 486 ->
#END_OF_UGC
