#UGC:2 PART 966 400 0 1 1 15 1800 9652 000007ed \
#- VERS 0 0                                                          \
#- HOST                                                              \
#- LINK                                                              \
#- DBID                                                              \
#- REVS 0,                                                           \
#- RELL 0,                                                           \
#- UOBJ_ID 853875023 307328476 157252110                             \
#- MACH HP_HP-UX_A.09.07_A                                           \
#-END_OF_UGC_HEADER
#P_OBJECT 6
@P_object 1 0
0 1 ->
@depend 2 0
1 2 [1]
2 2 
@model_name 3 10
3 3 CONDENSATION<UTUBE>
@model_type 4 1
3 4 1
@revnum 5 1
3 5 565
@bom_count 6 1
3 6 1
@dep_type 7 1
3 7 8
@stamp 8 0
3 8 
@major_vers 9 0
4 9 
@vers 10 1
5 10 0
@alias_name 11 10
5 11 
@minor_vers 12 0
4 12 
@vers 13 1
5 13 0
@reason 14 10
3 14 
@dep_db 15 0
1 15 ->
@dep_db 16 0
2 16 [1]
3 16 ->
@to_model_id 17 1
4 17 0
@dep_type 18 1
4 18 4
@obj_id 19 1
4 19 0
@obj_type 20 1
4 20 242
@model_db 21 0
2 21 [1]
3 21 ->
@model_t_type 22 1
4 22 1
@model_name 23 10
4 23 CONDENSATION
@generic_name 24 10
4 24 UTUBE
@stamp 25 0
4 25 
@usr_rev 26 0
1 26 [2]
2 26 
@name 27 10
3 27 USER
@mod_time 28 0
3 28 
@tm_sec 29 1
4 29 14
@tm_min 30 1
4 30 2
@tm_hour 31 1
4 31 23
@tm_mday 32 1
4 32 15
@tm_mon 33 1
4 33 9
@tm_year 34 1
4 34 95
@action 35 1
3 35 1000
@comment 36 10
3 36 Hostname: 'haystack'
@rel_level 37 10
3 37 
@rev_string 38 10
3 38 
2 26 
3 27 WARGELIN
3 28 
4 29 23
4 30 30
4 31 19
4 32 21
4 33 0
4 34 97
3 35 1000
3 36 Hostname: 'minos'
3 37 
3 38 
@revnum_std 39 1
1 39 141
@flag 40 1
1 40 0
@name 41 10
1 41 NULL
@inst_hidden 42 1
1 42 0
@old_name 43 10
1 43 NULL
@appl_data 44 0
1 44 ->
@bounding_box 45 2
2 45 [2][3]
$3FEA,3FE9F9AFED742603,C0345CR
$40018,3FF303280945ECFE,3FC
@ver_key 46 0
1 46 ->
@time 47 1
2 47 853874946
@random_num 48 1
2 48 307036239
@hostid 49 1
2 49 157252110
#END_OF_P_OBJECT
#Pro/ENGINEER  TM  Version H-01-21  (c) 1988-96 by Parametric Technology Corporation  All Rights Reserved. 9652
@Toc 50 0
0 50 ->
@entry 51 10
1 51 [128]
2 51 BasicData 2b9a 4ec 0 966########################################################
2 51 BasicText 3086 249 0 966########################################################
2 51 GeomDepen 32cf 71 0 966#########################################################
2 51 DispCntrl 3340 29e 0 966########################################################
2 51 DisplData 35de 38 0 966#########################################################
2 51 LargeText 3616 a6 0 966#########################################################
2 51 FamilyInf 36bc 40 0 966#########################################################
2 51 VisibGeom 36fc 4771 0 966#######################################################
2 51 NovisGeom 7e6d 1b6d 0 966#######################################################
2 51 ActEntity 99da 2c4 0 966########################################################
2 51 AllFeatur 9c9e 108c 0 966#######################################################
2 51 FullMData ad2a 931 0 966########################################################
2 51 ModelView#0 b65b 58c 0 966######################################################
2 51 DispDataColor bbe7 1c8 0 966####################################################
2 51 DispDataTable bdaf 1269 0 966###################################################
2 51 AssMrgPrt d018 29 0 966#########################################################
2 51 ################################################################################
2 51 ################################################################################
2 51 ################################################################################
2 51 ################################################################################
2 51 ################################################################################
2 51 ################################################################################
2 51 ################################################################################
2 51 ################################################################################
2 51 ################################################################################
2 51 ################################################################################
2 51 ################################################################################
2 51 ################################################################################
2 51 ################################################################################
2 51 ################################################################################
2 51 ################################################################################
2 51 ################################################################################
2 51 ################################################################################
2 51 ################################################################################
2 51 ################################################################################
2 51 ################################################################################
2 51 ################################################################################
2 51 ################################################################################
2 51 ################################################################################
2 51 ################################################################################
2 51 ################################################################################
2 51 ################################################################################
2 51 ################################################################################
2 51 ################################################################################
2 51 ################################################################################
2 51 ################################################################################
2 51 ################################################################################
2 51 ################################################################################
2 51 ################################################################################
2 51 ################################################################################
2 51 ################################################################################
2 51 ################################################################################
2 51 ################################################################################
2 51 ################################################################################
2 51 ################################################################################
2 51 ################################################################################
2 51 ################################################################################
2 51 ################################################################################
2 51 ################################################################################
2 51 ################################################################################
2 51 ################################################################################
2 51 ################################################################################
2 51 ################################################################################
2 51 ################################################################################
2 51 ################################################################################
2 51 ################################################################################
2 51 ################################################################################
2 51 ################################################################################
2 51 ################################################################################
2 51 ################################################################################
2 51 ################################################################################
2 51 ################################################################################
2 51 ################################################################################
2 51 ################################################################################
2 51 ################################################################################
2 51 ################################################################################
2 51 ################################################################################
2 51 ################################################################################
2 51 ################################################################################
2 51 ################################################################################
2 51 ################################################################################
2 51 ################################################################################
2 51 ################################################################################
2 51 ################################################################################
2 51 ################################################################################
2 51 ################################################################################
2 51 ################################################################################
2 51 ################################################################################
2 51 ################################################################################
2 51 ################################################################################
2 51 ################################################################################
2 51 ################################################################################
2 51 ################################################################################
2 51 ################################################################################
2 51 ################################################################################
2 51 ################################################################################
2 51 ################################################################################
2 51 ################################################################################
2 51 ################################################################################
2 51 ################################################################################
2 51 ################################################################################
2 51 ################################################################################
2 51 ################################################################################
2 51 ################################################################################
2 51 ################################################################################
2 51 ################################################################################
2 51 ################################################################################
2 51 ################################################################################
2 51 ################################################################################
2 51 ################################################################################
2 51 ################################################################################
2 51 ################################################################################
2 51 ################################################################################
2 51 ################################################################################
2 51 ################################################################################
2 51 ################################################################################
2 51 ################################################################################
2 51 ################################################################################
2 51 ################################################################################
2 51 ################################################################################
2 51 ################################################################################
2 51 ################################################################################
2 51 ################################################################################
2 51 ################################################################################
2 51 ################################################################################
2 51 ################################################################################
2 51 ################################################################################
2 51 ################################################################################
#BasicData
@Sld_BasicData 1 0
0 1 ->
@tab_key 2 1
1 2 0
@tab_key_struct 3 0
1 3 ->
@tab_key_ptr 4 0
2 4 [59]
@cmprs_tabkey 5 0
2 5 NULL
@type 6 1
1 6 2
@revnum_ptr 7 0
1 7 ->
@geom_revnum 8 1
2 8 119
@cosm_revnum 9 1
2 9 1
@tol_default_ptr 10 0
1 10 ->
@type 11 1
2 11 10
@value 12 2
2 12 [7]
$0,3FB9R,3F847AE147AE147B,3F50624DD2F1A9FC,3F1A36E2EB1C432D,
$3EE4F8B588E368F1,3EB0C6F7A0B5ED8E
@ang_value 13 2
2 13 [7]
$0,6*3FE
@standard 14 1
2 14 0
@iso_tol_tbls_ptr 15 0
2 15 NULL
@datum_count 16 1
1 16 0
@axis_count 17 1
1 17 0
@insert_layer_id 18 1
1 18 -1
@layer_count 19 1
1 19 1
@rel_part_eps 20 2
1 20 3F53A92A30553261
@model_eps 21 2
1 21 0
@fixed_model_eps 22 1
1 22 0
@assembled_count 23 1
1 23 0
@part_type 24 1
1 24 1
@first_ent_id 25 1
1 25 516377
@first_view_id 26 1
1 26 0
@outline 27 2
1 27 [2][3]
$3FEA,3FE9F9AFED742603,C0345CR
$40018,3FF303280945ECFE,3FC
@dim_num 28 1
1 28 3
@geom_lib_ptr 29 0
1 29 NULL
@attrib_array 30 1
1 30 [3]
$4,0,4
@max_part_size 31 2
1 31 4034897B898D92A6
@model_name 32 10
1 32 COND_TUBE
@disp_outl_info 33 0
1 33 
@disp_outline 34 2
2 34 [2][3]
$3FEA,3FE9F9AFED742603,C0345CR
$40018,3FF303280945ECFE,3FC
@sel_outl_info 35 0
1 35 ->
@outline 36 2
2 36 [2][3]
$3FEA,3FE9F9AFED742603,C0345CR
$40018,3FF303280945ECFE,3FC
#BasicText
@Sld_BasicText 1 0
0 1 ->
@assem_mass_prop_ptr 2 0
1 2 NULL
@mass_prop_ptr 3 0
1 3 ->
@type 4 1
2 4 0
@density 5 2
2 5 0
@init_dens 6 5
2 6 0
@rel_density 7 2
2 7 0
@init_rel_dens 8 5
2 8 0
@aver_density 9 2
2 9 0
@vrevnum 10 1
2 10 -1
@volume 11 2
2 11 0
@cg 12 2
2 12 [3]
$3*0
@inertia 13 2
2 13 [3][3]
$3*0
$3*0
$3*0
@eps 14 2
2 14 0
@surfarea 15 2
2 15 0
@assign_mp_ptr 16 0
1 16 NULL
@mat_name_ptr 17 10
1 17 NULL
@unit_arr 18 0
1 18 [2]
2 18 
@type 19 1
3 19 1
@factor 20 2
3 20 3FF
@name 21 10
3 21 INCH
@unit_type 22 1
3 22 0
2 18 
3 19 2
3 20 3FF
3 21 POUND
3 22 1
#GeomDepen
@Sld_GeomDepend 1 0
0 1 ->
@frst_geom_ptr 2 1
1 2 2
@fem_data 3 0
1 3 NULL
@first_quilt_ptr 4 1
1 4 0
#DispCntrl
@Sld_DispCntrl 1 0
0 1 ->
@color_prop_ptr 2 0
1 2 ->
@color_refs 3 0
2 3 [1]
3 3 
@ref_color 4 0
4 4 ->
@maximum 5 2
5 5 [3]
$3FE9R,3FE,3FA9R
@ambient 6 2
5 6 3FECR
@diffuse 7 2
5 7 3FECR
@specular 8 2
5 8 3FE
@spec_coef 9 2
5 9 3FA9R
@transmission 10 2
5 10 0
@threshold 11 1
5 11 90
@gl_ind 12 1
5 12 2
@highlight 13 2
5 13 [3]
$3*3FF
@reflection 14 2
5 14 3FECR
@bump_height 15 2
5 15 3FF
@bump 16 3
5 16 NULL
@decal_intensity 17 2
5 17 4059
@decal 18 3
5 18 NULL
@texture 19 3
5 19 NULL
@surf_ind_tab 20 0
2 20 [1]
3 20 
@surf_id 21 1
4 21 -1
@surf_color_inds 22 1
4 22 [2]
$0,-1
@surf_pl 23 0
4 23 [2]
5 23 
@placement_ptr 24 0
6 24 NULL
5 23 
6 24 NULL
#DisplData
@Sld_DispData 1 0
0 1 ->
@disp_data 2 0
1 2 
#LargeText
@Sld_LargeText 1 0
0 1 ->
@relpar_sets 2 0
1 2 [1]
2 2 
@id 3 1
3 3 -1
@type 4 1
3 4 2
@ext_ref_id 5 1
3 5 -1
@relatnum 6 1
3 6 0
@cfg_states 7 0
1 7 NULL
#FamilyInf
@Sld_FamilyInfo 1 0
0 1 ->
@drv_tbl_ptr 2 0
1 2 NULL
#VisibGeom
@Sld_VisGeom 1 0
0 1 ->
@active_geom 2 0
1 2 
@srf_array 3 0
2 3 [14]
3 3 ->
@geom_type 4 1
4 4 34
@geom_id 5 1
4 5 2
@feat_id 6 1
4 6 1
@boundary_type 7 1
4 7 0
@envlp 8 2
4 8 [2][2]
$BFC8,BFC819404A2F67F3
$3FC8,3FC819404A2F67F2
@srf_prim_ptr(plane) 9 0
4 9 ->
@local_sys 10 2
5 10 [4][3]
$BFF,2*0
$0,3FF,0
$2*0,BFF
$4,3FF,3FC
@frst_cntr_ptr 11 0
4 11 ->
@frst_cntr_crv_hdr_ptr 12 1
5 12 3
@trv 13 1
5 13 1
@envlp 14 2
5 14 [2][2]
$BFC8,BFC819404A2F67F3
$3FC8,3FC819404A2F67F2
@next_cntr_ptr 15 0
4 15 ->
5 12 5
5 13 -1
5 14 [2][2]
$2*BFC2E147AE147AE1
$2*3FC2E147AE147AE1
4 15 NULL
@next_geom_ptr 16 1
4 16 12
@orient 17 1
4 17 -1
@outline 18 2
4 18 [2][3]
$3FFD,3FE9F9AFED742603,3FC
$40018,3FF303280945ECFE,3FC
3 3 ->
4 4 36
4 5 12
4 6 1
4 7 1
4 8 [2][2]
$2*0
$400921FB54442D18,4033CR
@srf_prim_ptr(cylinder) 19 0
4 19 ->
@local_sys 20 2
5 20 [4][3]
$BFF,2*0
$0,3FF,0
$2*0,BFF
$4,3FF,3FC
@radius 21 2
5 21 3FC8
4 11 ->
5 12 3
5 13 1
5 14 [2][2]
$2*0
$400921FB54442D18,4033CR
4 15 NULL
4 16 14
4 17 1
4 18 [2][3]
$3FFD,3FF,C033ACR
$40018,3FF3,3FC
3 3 ->
4 4 36
4 5 14
4 6 1
4 7 1
4 8 [2][2]
$400921FB54442D18,0
$401921FB54442D18,4033CR
4 19 ->
5 20 [4][3]
$BFF,2*0
$0,3FF,0
$2*0,BFF
$4,3FF,3FC
5 21 3FC8
4 11 ->
5 12 4
5 13 1
5 14 [2][2]
$400921FB54442D18,0
$401921FB54442D18,4033CR
4 15 NULL
4 16 16
4 17 1
4 18 [2][3]
$3FFD,3FEA,C033ACR
$40018,3FF,3FC
3 3 ->
4 4 36
4 5 16
4 6 1
4 7 1
4 8 [2][2]
$400921FB54442D18,0
$401921FB54442D18,4033CR
4 19 ->
5 20 [4][3]
$BFF,2*0
$0,3FF,0
$2*0,BFF
$4,3FF,3FC
5 21 3FC2E147AE147AE1
4 11 ->
5 12 5
5 13 1
5 14 [2][2]
$400921FB54442D18,0
$401921FB54442D18,4033CR
4 15 NULL
4 16 18
4 17 -1
4 18 [2][3]
$3FFDA3D70A3D70A4,3FEB47AE147AE148,C033ACR
$40012E147AE147AE,3FF,3FC
3 3 ->
4 4 36
4 5 18
4 6 1
4 7 1
4 8 [2][2]
$2*0
$400921FB54442D18,4033CR
4 19 ->
5 20 [4][3]
$BFF,2*0
$0,3FF,0
$2*0,BFF
$4,3FF,3FC
5 21 3FC2E147AE147AE1
4 11 ->
5 12 6
5 13 1
5 14 [2][2]
$2*0
$400921FB54442D18,4033CR
4 15 NULL
4 16 30
4 17 -1
4 18 [2][3]
$3FFDA3D70A3D70A4,3FF,C033ACR
$40012E147AE147AE,3FF25C28F5C28F5C,3FC
3 3 ->
4 4 38
4 5 30
4 6 1
4 7 1
4 8 [2][2]
$C00921FB54442D18,0
$0,400921FB54442D18
@srf_prim_ptr(torus) 22 0
4 22 ->
@local_sys 23 2
5 23 [4][3]
$BFF,2*0
$2*0,3FF
$0,3FF,0
$3FF8,3FF,C033ACR
@radius1 24 2
5 24 3FE
@radius2 25 2
5 25 3FC8
4 11 ->
5 12 8
5 13 1
5 14 [2][2]
$C00921FB54442D18,0
$0,400921FB54442D18
4 15 NULL
4 16 32
4 17 1
4 18 [2][3]
$3FEA,3FF,C0345CR
$40018,3FF3,C033ACR
3 3 ->
4 4 38
4 5 32
4 6 1
4 7 1
4 8 [2][2]
$2*C00921FB54442D18
$2*0
4 22 ->
5 23 [4][3]
$BFF,2*0
$2*0,3FF
$0,3FF,0
$3FF8,3FF,C033ACR
5 24 3FE
5 25 3FC8
4 11 ->
5 12 9
5 13 1
5 14 [2][2]
$2*C00921FB54442D18
$2*0
4 15 NULL
4 16 34
4 17 1
4 18 [2][3]
$2*3FEA,C0345CR
$40018,3FF,C033ACR
3 3 ->
4 4 38
4 5 34
4 6 1
4 7 1
4 8 [2][2]
$2*C00921FB54442D18
$2*0
4 22 ->
5 23 [4][3]
$BFF,2*0
$2*0,3FF
$0,3FF,0
$3FF8,3FF,C033ACR
5 24 3FE
5 25 3FC2E147AE147AE1
4 11 ->
5 12 10
5 13 1
5 14 [2][2]
$2*C00921FB54442D18
$2*0
4 15 NULL
4 16 36
4 17 -1
4 18 [2][3]
$2*3FEB47AE147AE148,C034528F5C28F5C2
$40012E147AE147AE,3FF,C033ACR
3 3 ->
4 4 38
4 5 36
4 6 1
4 7 1
4 8 [2][2]
$C00921FB54442D18,0
$0,400921FB54442D18
4 22 ->
5 23 [4][3]
$BFF,2*0
$2*0,3FF
$0,3FF,0
$3FF8,3FF,C033ACR
5 24 3FE
5 25 3FC2E147AE147AE1
4 11 ->
5 12 11
5 13 1
5 14 [2][2]
$C00921FB54442D18,0
$0,400921FB54442D18
4 15 NULL
4 16 43
4 17 -1
4 18 [2][3]
$3FEB47AE147AE148,3FF,C034528F5C28F5C2
$40012E147AE147AE,3FF25C28F5C28F5C,C033ACR
3 3 ->
4 4 34
4 5 43
4 6 1
4 7 0
4 8 [2][2]
$BFC8,BFC819404A2F67F3
$3FC8,3FC819404A2F67F2
4 9 ->
5 10 [4][3]
$3FF,2*0
$0,3FF,0
$2*0,3FF
$2*3FF,3FC
4 11 ->
5 12 44
5 13 1
5 14 [2][2]
$BFC8,BFC819404A2F67F3
$3FC8,3FC819404A2F67F2
4 15 ->
5 12 46
5 13 -1
5 14 [2][2]
$2*BFC2E147AE147AE1
$2*3FC2E147AE147AE1
4 15 NULL
4 16 48
4 17 1
4 18 [2][3]
$3FEA,3FE9F9AFED742603,3FC
$3FF3,3FF303280945ECFE,3FC
3 3 ->
4 4 36
4 5 48
4 6 1
4 7 1
4 8 [2][2]
$2*0
$400921FB54442D18,4033CR
4 19 ->
5 20 [4][3]
$3FF,2*0
$0,3FF,0
$2*0,3FF
$2*3FF,C033ACR
5 21 3FC8
4 11 ->
5 12 26
5 13 1
5 14 [2][2]
$2*0
$400921FB54442D18,4033CR
4 15 NULL
4 16 50
4 17 1
4 18 [2][3]
$3FEA,3FF,C033ACR
$2*3FF3,3FC
3 3 ->
4 4 36
4 5 50
4 6 1
4 7 1
4 8 [2][2]
$400921FB54442D18,0
$401921FB54442D18,4033CR
4 19 ->
5 20 [4][3]
$3FF,2*0
$0,3FF,0
$2*0,3FF
$2*3FF,C033ACR
5 21 3FC8
4 11 ->
5 12 27
5 13 1
5 14 [2][2]
$400921FB54442D18,0
$401921FB54442D18,4033CR
4 15 NULL
4 16 52
4 17 1
4 18 [2][3]
$2*3FEA,C033ACR
$3FF3,3FF,3FC
3 3 ->
4 4 36
4 5 52
4 6 1
4 7 1
4 8 [2][2]
$400921FB54442D18,0
$401921FB54442D18,4033CR
4 19 ->
5 20 [4][3]
$3FF,2*0
$0,3FF,0
$2*0,3FF
$2*3FF,C033ACR
5 21 3FC2E147AE147AE1
4 11 ->
5 12 28
5 13 1
5 14 [2][2]
$400921FB54442D18,0
$401921FB54442D18,4033CR
4 15 NULL
4 16 54
4 17 -1
4 18 [2][3]
$2*3FEB47AE147AE148,C033ACR
$3FF25C28F5C28F5C,3FF,3FC
3 3 ->
4 4 36
4 5 54
4 6 1
4 7 1
4 8 [2][2]
$2*0
$400921FB54442D18,4033CR
4 19 ->
5 20 [4][3]
$3FF,2*0
$0,3FF,0
$2*0,3FF
$2*3FF,C033ACR
5 21 3FC2E147AE147AE1
4 11 ->
5 12 29
5 13 1
5 14 [2][2]
$2*0
$400921FB54442D18,4033CR
4 15 NULL
4 16 0
4 17 -1
4 18 [2][3]
$3FEB47AE147AE148,3FF,C033ACR
$2*3FF25C28F5C28F5C,3FC
@crv_array 26 0
2 26 [28]
3 26 ->
@crv_id 27 1
4 27 3
@feat_id 28 1
4 28 1
@type 29 1
4 29 0
@crv_pnt_dir 30 1
4 30 [2]
$1,-1
@crv_pnt_arr 31 2
4 31 [10][4]
$3FC8,3*0
$3FC68D78B1BDA1D4,3FB06ABE576788F8,3FD657184AE7448R,0
$3FC26293BA1B7C2B,3FBEDA92FB5A212A,3FE657184AE74487,0
$3FB8,3FC4C8DC2E42398,3FF0C152382D7365,0
$3FA0AB93DE8896A9,3FC7A2A8A960D51R,3FF657184AE74487,0
$BFA0AB93DE8896A6,3FC7A2A8A960D51R,3FFBECDE5DA115A9,0
$BFB8,3FC4C8DC2E42398,4000C152382D7365,0
$BFC26293BA1B7C2A,3FBEDA92FB5A212D,40038C35418A5BF6,0
$BFC68D78B1BDA1D4,3FB06ABE576788FA,400657184AE74487,0
$BFC8,0,400921FB54442D18,0
@crv_hdr_geom_ptr[0] 32 1
4 32 2
@crv_hdr_geom_ptr[1] 33 1
4 33 12
@next_crv_hdr_ptr[0] 34 1
4 34 4
@next_crv_hdr_ptr[1] 35 1
4 35 13
@ref_geom[0] 36 1
4 36 0
@ref_geom[1] 37 1
4 37 0
3 26 ->
4 27 4
4 28 1
4 29 0
4 30 [2]
$1,-1
4 31 [10][4]
$BFC8,0,400921FB54442D18,0
$BFC68D78B1BDA1D5,BFB06ABE576788F7,400BECDE5DA115A8,0
$BFC26293BA1B7C2C,BFBEDA92FB5A212A,400EB7C166FDFE39,0
$BFB8,BFC4C8DC2E42397E,4010C152382D7364,0
$BFA0AB93DE8896A7,BFC7A2A8A960D51R,401226C3BCDBE7AE,0
$3FA0AB93DE88969D,BFC7A2A8A960D512,40138C35418A5BF6,0
$3FB8,BFC4C8DC2E423982,4014F1A6C638D03E,0
$3FC26293BA1B7C29,BFBEDA92FB5A212E,401657184AE74487,0
$3FC68D78B1BDA1D5,BFB06ABE576788F6,4017BC89CF95B8D,0
$3FC8,0,401921FB54442D18,0
4 32 2
4 33 14
4 34 3
4 35 15
4 36 0
4 37 0
3 26 ->
4 27 5
4 28 1
4 29 0
4 30 [2]
$1,-1
4 31 [9][4]
$3FC2E147AE147AE1,0,401921FB54442D18,0
$3FC1715E53D8B4A,BFACE676F7E294BA,40178FDB9EFFEA46,0
$3FBAB34A45BF1879,BFBAB34A45BF187D,4015FDBBE9BBA775,0
$3FACE676F7E294B1,BFC1715E53D8B4A1,40146B9C347764A4,0
$0,BFC2E147AE147AE1,4012D97C7F3321D2,0
$BFACE676F7E294B9,BFC1715E53D8B4A,4011475CC9EEDF,0
$BFBAB34A45BF187D,BFBAB34A45BF187B,400F6A7A2955385E,0
$BFC1715E53D8B4A2,BFACE676F7E294AR,400C463ABECCB2BA,0
$BFC2E147AE147AE1,0,400921FB54442D18,0
4 32 2
4 33 16
4 34 6
4 35 17
4 36 0
4 37 0
3 26 ->
4 27 6
4 28 1
4 29 0
4 30 [2]
$1,-1
4 31 [9][4]
$BFC2E147AE147AE1,0,400921FB54442D18,0
$BFC1715E53D8B4A1,3FACE676F7E294AF,4005FDBBE9BBA775,0
$BFBAB34A45BF187B,3FBAB34A45BF187C,4002D97C7F3321D2,0
$BFACE676F7E294AC,3FC1715E53D8B4A1,3FFF6A7A2955385E,0
$0,3FC2E147AE147AE1,3FF921FB54442D18,0
$3FACE676F7E294AE,3FC1715E53D8B4A1,3FF2D97C7F3321D2,0
$3FBAB34A45BF187C,3FBAB34A45BF187B,3FE921FB54442D17,0
$3FC1715E53D8B4A1,3FACE676F7E294AD,3FD921FB54442D19,0
$3FC2E147AE147AE1,3*0
4 32 2
4 33 18
4 34 5
4 35 19
4 36 0
4 37 0
3 26 ->
4 27 8
4 28 1
4 29 0
4 30 [2]
$-1,1
4 31 [10][4]
$C00921FB54442D18,400921FB54442D18,0,4033CR
$C00921FB54442D18,400657184AE74486,3FD657184AE7448R,4033CR
$C00921FB54442D18,40038C35418A5BF6,3FE657184AE74487,4033CR
$C00921FB54442D18,4000C152382D7365,3FF0C152382D7365,4033CR
$C00921FB54442D18,3FFBECDE5DA115A9,3FF657184AE74487,4033CR
$C00921FB54442D18,3FF657184AE7448R,3FFBECDE5DA115A9,4033CR
$C00921FB54442D18,3FF0C152382D7365,4000C152382D7365,4033CR
$C00921FB54442D18,3FE657184AE74489,40038C35418A5BF6,4033CR
$C00921FB54442D18,3FD657184AE74487,400657184AE74487,4033CR
$C00921FB54442D18,0,400921FB54442D18,4033CR
4 32 30
4 33 12
4 34 31
4 35 15
4 36 0
4 37 0
3 26 ->
4 27 9
4 28 1
4 29 0
4 30 [2]
$-1,1
4 31 [10][4]
$C00921FB54442D18,0,400921FB54442D18,4033CR
$C00921FB54442D18,BFD657184AE7448R,400BECDE5DA115A8,4033CR
$C00921FB54442D18,BFE657184AE74485,400EB7C166FDFE39,4033CR
$C00921FB54442D18,BFF0C152382D7363,4010C152382D7364,4033CR
$C00921FB54442D18,BFF657184AE7448R,401226C3BCDBE7AE,4033CR
$C00921FB54442D18,BFFBECDE5DA115A8,40138C35418A5BF6,4033CR
$C00921FB54442D18,C000C152382D7365,4014F1A6C638D03E,4033CR
$C00921FB54442D18,C0038C35418A5BF6,401657184AE74487,4033CR
$C00921FB54442D18,C00657184AE7448R,4017BC89CF95B8D,4033CR
$2*C00921FB54442D18,401921FB54442D18,4033CR
4 32 32
4 33 14
4 34 33
4 35 13
4 36 0
4 37 0
3 26 ->
4 27 10
4 28 1
4 29 6
4 30 [2]
$-1,1
4 31 [9][4]
$2*C00921FB54442D18,401921FB54442D18,4033CR
$C00921FB54442D18,C005FDBBE9BBA773,40178FDB9EFFEA46,4033CR
$C00921FB54442D18,C002D97C7F3321D1,4015FDBBE9BBA775,4033CR
$C00921FB54442D18,BFFF6A7A2955386,40146B9C347764A4,4033CR
$C00921FB54442D18,BFF921FB54442D18,4012D97C7F3321D2,4033CR
$C00921FB54442D18,BFF2D97C7F3321CE,4011475CC9EEDF,4033CR
$C00921FB54442D18,BFE921FB54442D13,400F6A7A2955385E,4033CR
$C00921FB54442D18,BFD921FB54442D1D,400C463ABECCB2BA,4033CR
$C00921FB54442D18,0,400921FB54442D18,4033CR
4 32 34
4 33 16
4 34 35
4 35 19
4 36 0
4 37 0
3 26 ->
4 27 11
4 28 1
4 29 6
4 30 [2]
$-1,1
4 31 [9][4]
$C00921FB54442D18,0,400921FB54442D18,4033CR
$C00921FB54442D18,3FD921FB54442D1,4005FDBBE9BBA775,4033CR
$C00921FB54442D18,3FE921FB54442D1D,4002D97C7F3321D2,4033CR
$C00921FB54442D18,3FF2D97C7F3321D1,3FFF6A7A2955385E,4033CR
$C00921FB54442D18,2*3FF921FB54442D18,4033CR
$C00921FB54442D18,3FFF6A7A2955386,3FF2D97C7F3321D2,4033CR
$C00921FB54442D18,4002D97C7F3321D2,3FE921FB54442D17,4033CR
$C00921FB54442D18,4005FDBBE9BBA776,3FD921FB54442D19,4033CR
$C00921FB54442D18,400921FB54442D18,0,4033CR
4 32 36
4 33 18
4 34 37
4 35 17
4 36 0
4 37 0
3 26 ->
4 27 13
4 28 1
4 29 1
4 30 [2]
$1,-1
4 31 [2][4]
$2*0,401921FB54442D18,0
$0,4033CR,401921FB54442D18,4033CR
4 32 12
4 33 14
4 34 8
4 35 4
4 36 0
4 37 0
3 26 ->
4 27 15
4 28 1
4 29 1
4 30 [2]
$1,-1
4 31 [2][4]
$400921FB54442D18,0,400921FB54442D18,0
$400921FB54442D18,4033CR,400921FB54442D18,4033CR
4 32 14
4 33 12
4 34 9
4 35 3
4 36 0
4 37 0
3 26 ->
4 27 17
4 28 1
4 29 1
4 30 [2]
$1,-1
4 31 [2][4]
$401921FB54442D18,3*0
$401921FB54442D18,4033CR,0,4033CR
4 32 16
4 33 18
4 34 10
4 35 6
4 36 0
4 37 0
3 26 ->
4 27 19
4 28 1
4 29 1
4 30 [2]
$1,-1
4 31 [2][4]
$400921FB54442D18,0,400921FB54442D18,0
$400921FB54442D18,4033CR,400921FB54442D18,4033CR
4 32 18
4 33 16
4 34 11
4 35 5
4 36 0
4 37 0
3 26 ->
4 27 26
4 28 1
4 29 0
4 30 [2]
$-1,1
4 31 [10][4]
$3*0,400921FB54442D18
$3FD657184AE7448R,2*0,400657184AE74486
$3FE657184AE74487,2*0,40038C35418A5BF6
$3FF0C152382D7365,2*0,4000C152382D7365
$3FF657184AE74487,2*0,3FFBECDE5DA115A9
$3FFBECDE5DA115A9,2*0,3FF657184AE7448R
$4000C152382D736R,2*0,3FF0C152382D736R
$40038C35418A5BF7,2*0,3FE657184AE7448C
$400657184AE7448R,2*0,3FD657184AE74492
$400921FB54442D18,3*0
4 32 48
4 33 30
4 34 49
4 35 33
4 36 0
4 37 0
3 26 ->
4 27 27
4 28 1
4 29 0
4 30 [2]
$-1,1
4 31 [10][4]
$400921FB54442D18,3*0
$400BECDE5DA115A8,2*0,BFD657184AE7448R
$400EB7C166FDFE39,2*0,BFE657184AE74485
$4010C152382D7364,2*0,BFF0C152382D7363
$401226C3BCDBE7AE,2*0,BFF657184AE7448R
$40138C35418A5BF6,2*0,BFFBECDE5DA115A8
$4014F1A6C638D03E,2*0,C000C152382D7364
$401657184AE74487,2*0,C0038C35418A5BF5
$4017BC89CF95B8D1,2*0,C00657184AE74487
$401921FB54442D18,2*0,C00921FB54442D18
4 32 50
4 33 32
4 34 51
4 35 31
4 36 0
4 37 0
3 26 ->
4 27 28
4 28 1
4 29 6
4 30 [2]
$-1,1
4 31 [9][4]
$401921FB54442D18,2*0,C00921FB54442D18
$40178FDB9EFFEA46,2*0,C005FDBBE9BBA773
$4015FDBBE9BBA775,2*0,C002D97C7F3321D1
$40146B9C347764A4,2*0,BFFF6A7A2955386
$4012D97C7F3321D2,2*0,BFF921FB54442D18
$4011475CC9EEDF,2*0,BFF2D97C7F3321CE
$400F6A7A2955385E,2*0,BFE921FB54442D13
$400C463ABECCB2BA,2*0,BFD921FB54442D1D
$400921FB54442D18,3*0
4 32 52
4 33 34
4 34 53
4 35 37
4 36 0
4 37 0
3 26 ->
4 27 29
4 28 1
4 29 6
4 30 [2]
$-1,1
4 31 [9][4]
$400921FB54442D18,3*0
$4005FDBBE9BBA775,2*0,3FD921FB54442D1
$4002D97C7F3321D2,2*0,3FE921FB54442D1D
$3FFF6A7A2955385E,2*0,3FF2D97C7F3321D1
$3FF921FB54442D18,2*0,3FF921FB54442D18
$3FF2D97C7F3321D2,2*0,3FFF6A7A2955386
$3FE921FB54442D17,2*0,4002D97C7F3321D2
$3FD921FB54442D19,2*0,4005FDBBE9BBA776
$3*0,400921FB54442D18
4 32 54
4 33 36
4 34 55
4 35 35
4 36 0
4 37 0
3 26 ->
4 27 31
4 28 1
4 29 1
4 30 [2]
$1,-1
4 31 [11][4]
$C00921FB54442D18,400921FB54442D18,2*C00921FB54442D18
$C0069E9565708EFC,400921FB54442D18,C0069E9565708EFC,C00921FB54442D18
$C0041B2F769CF0E,400921FB54442D18,C0041B2F769CF0E,C00921FB54442D18
$C00197C987C952C4,400921FB54442D18,C00197C987C952C4,C00921FB54442D18
$BFFE28C731EB695,400921FB54442D18,BFFE28C731EB695,C00921FB54442D18
$BFF921FB54442D18,400921FB54442D18,BFF921FB54442D18,C00921FB54442D18
$BFF41B2F769CF0E,400921FB54442D18,BFF41B2F769CF0E,C00921FB54442D18
$BFEE28C731EB695,400921FB54442D18,BFEE28C731EB695,C00921FB54442D18
$BFE41B2F769CF0E,400921FB54442D18,BFE41B2F769CF0E,C00921FB54442D18
$BFD41B2F769CF0E,400921FB54442D18,BFD41B2F769CF0E,C00921FB54442D18
$0,400921FB54442D18,0,C00921FB54442D18
4 32 30
4 33 32
4 34 26
4 35 9
4 36 0
4 37 0
3 26 ->
4 27 33
4 28 1
4 29 1
4 30 [2]
$1,-1
4 31 [13][4]
$C00921FB54442D18,0,C00921FB54442D18,0
$C00709D10D3E7EAB,0,C00709D10D3E7EAB,0
$C004F1A6C638D03F,0,C004F1A6C638D03F,0
$C002D97C7F3321D2,0,C002D97C7F3321D2,0
$C000C152382D736R,0,C000C152382D736R,0
$BFFD524FE24F89F1,0,BFFD524FE24F89F1,0
$BFF921FB54442D18,0,BFF921FB54442D18,0
$BFF4F1A6C638D03E,0,BFF4F1A6C638D03E,0
$BFF0C152382D736R,0,BFF0C152382D736R,0
$BFE921FB54442D18,0,BFE921FB54442D18,0
$BFE0C152382D7364,0,BFE0C152382D7364,0
$BFD0C152382D7368,0,BFD0C152382D7368,0
$4*0
4 32 32
4 33 30
4 34 27
4 35 8
4 36 0
4 37 0
3 26 ->
4 27 35
4 28 1
4 29 1
4 30 [2]
$1,-1
4 31 [11][4]
$3*C00921FB54442D18,400921FB54442D18
$C0069E9565708EFC,C00921FB54442D18,C0069E9565708EFC,400921FB54442D18
$C0041B2F769CF0E,C00921FB54442D18,C0041B2F769CF0E,400921FB54442D18
$C00197C987C952C4,C00921FB54442D18,C00197C987C952C4,400921FB54442D18
$BFFE28C731EB695,C00921FB54442D18,BFFE28C731EB695,400921FB54442D18
$BFF921FB54442D18,C00921FB54442D18,BFF921FB54442D18,400921FB54442D18
$BFF41B2F769CF0E,C00921FB54442D18,BFF41B2F769CF0E,400921FB54442D18
$BFEE28C731EB695,C00921FB54442D18,BFEE28C731EB695,400921FB54442D18
$BFE41B2F769CF0E,C00921FB54442D18,BFE41B2F769CF0E,400921FB54442D18
$BFD41B2F769CF0E,C00921FB54442D18,BFD41B2F769CF0E,400921FB54442D18
$0,C00921FB54442D18,0,400921FB54442D18
4 32 34
4 33 36
4 34 28
4 35 11
4 36 0
4 37 0
3 26 ->
4 27 37
4 28 1
4 29 1
4 30 [2]
$1,-1
4 31 [13][4]
$C00921FB54442D18,0,C00921FB54442D18,0
$C00709D10D3E7EAB,0,C00709D10D3E7EAB,0
$C004F1A6C638D03F,0,C004F1A6C638D03F,0
$C002D97C7F3321D2,0,C002D97C7F3321D2,0
$C000C152382D736R,0,C000C152382D736R,0
$BFFD524FE24F89F1,0,BFFD524FE24F89F1,0
$BFF921FB54442D18,0,BFF921FB54442D18,0
$BFF4F1A6C638D03E,0,BFF4F1A6C638D03E,0
$BFF0C152382D736R,0,BFF0C152382D736R,0
$BFE921FB54442D18,0,BFE921FB54442D18,0
$BFE0C152382D7364,0,BFE0C152382D7364,0
$BFD0C152382D7368,0,BFD0C152382D7368,0
$4*0
4 32 36
4 33 34
4 34 29
4 35 10
4 36 0
4 37 0
3 26 ->
4 27 44
4 28 1
4 29 0
4 30 [2]
$-1,1
4 31 [10][4]
$3FC8,2*0,4033CR
$3FC68D78B1BDA1D4,3FB06ABE576788F8,3FD657184AE7448R,4033CR
$3FC26293BA1B7C2B,3FBEDA92FB5A212A,3FE657184AE74487,4033CR
$3FB8,3FC4C8DC2E42398,3FF0C152382D7365,4033CR
$3FA0AB93DE8896A9,3FC7A2A8A960D51R,3FF657184AE74487,4033CR
$BFA0AB93DE8896A6,3FC7A2A8A960D51R,3FFBECDE5DA115A9,4033CR
$BFB8,3FC4C8DC2E42398,4000C152382D7365,4033CR
$BFC26293BA1B7C2A,3FBEDA92FB5A212D,40038C35418A5BF6,4033CR
$BFC68D78B1BDA1D4,3FB06ABE576788FA,400657184AE74487,4033CR
$BFC8,0,400921FB54442D18,4033CR
4 32 43
4 33 48
4 34 45
4 35 51
4 36 0
4 37 0
3 26 ->
4 27 45
4 28 1
4 29 0
4 30 [2]
$-1,1
4 31 [10][4]
$BFC8,0,400921FB54442D18,4033CR
$BFC68D78B1BDA1D5,BFB06ABE576788F7,400BECDE5DA115A8,4033CR
$BFC26293BA1B7C2C,BFBEDA92FB5A212A,400EB7C166FDFE39,4033CR
$BFB8,BFC4C8DC2E42397E,4010C152382D7364,4033CR
$BFA0AB93DE8896A7,BFC7A2A8A960D51R,401226C3BCDBE7AE,4033CR
$3FA0AB93DE88969D,BFC7A2A8A960D512,40138C35418A5BF6,4033CR
$3FB8,BFC4C8DC2E423982,4014F1A6C638D03E,4033CR
$3FC26293BA1B7C29,BFBEDA92FB5A212E,401657184AE74487,4033CR
$3FC68D78B1BDA1D5,BFB06ABE576788F6,4017BC89CF95B8D,4033CR
$3FC8,0,401921FB54442D18,4033CR
4 32 43
4 33 50
4 34 44
4 35 49
4 36 0
4 37 0
3 26 ->
4 27 46
4 28 1
4 29 0
4 30 [2]
$-1,1
4 31 [9][4]
$3FC2E147AE147AE1,0,401921FB54442D18,4033CR
$3FC1715E53D8B4A,BFACE676F7E294BA,40178FDB9EFFEA46,4033CR
$3FBAB34A45BF1879,BFBAB34A45BF187D,4015FDBBE9BBA775,4033CR
$3FACE676F7E294B1,BFC1715E53D8B4A1,40146B9C347764A4,4033CR
$0,BFC2E147AE147AE1,4012D97C7F3321D2,4033CR
$BFACE676F7E294B9,BFC1715E53D8B4A,4011475CC9EEDF,4033CR
$BFBAB34A45BF187D,BFBAB34A45BF187B,400F6A7A2955385E,4033CR
$BFC1715E53D8B4A2,BFACE676F7E294AR,400C463ABECCB2BA,4033CR
$BFC2E147AE147AE1,0,400921FB54442D18,4033CR
4 32 43
4 33 52
4 34 47
4 35 55
4 36 0
4 37 0
3 26 ->
4 27 47
4 28 1
4 29 0
4 30 [2]
$-1,1
4 31 [9][4]
$BFC2E147AE147AE1,0,400921FB54442D18,4033CR
$BFC1715E53D8B4A1,3FACE676F7E294AF,4005FDBBE9BBA775,4033CR
$BFBAB34A45BF187B,3FBAB34A45BF187C,4002D97C7F3321D2,4033CR
$BFACE676F7E294AC,3FC1715E53D8B4A1,3FFF6A7A2955385E,4033CR
$0,3FC2E147AE147AE1,3FF921FB54442D18,4033CR
$3FACE676F7E294AE,3FC1715E53D8B4A1,3FF2D97C7F3321D2,4033CR
$3FBAB34A45BF187C,3FBAB34A45BF187B,3FE921FB54442D17,4033CR
$3FC1715E53D8B4A1,3FACE676F7E294AD,3FD921FB54442D19,4033CR
$3FC2E147AE147AE1,2*0,4033CR
4 32 43
4 33 54
4 34 46
4 35 53
4 36 0
4 37 0
3 26 ->
4 27 49
4 28 1
4 29 1
4 30 [2]
$1,-1
4 31 [2][4]
$2*0,401921FB54442D18,0
$0,4033CR,401921FB54442D18,4033CR
4 32 48
4 33 50
4 34 44
4 35 27
4 36 0
4 37 0
3 26 ->
4 27 51
4 28 1
4 29 1
4 30 [2]
$1,-1
4 31 [2][4]
$400921FB54442D18,0,400921FB54442D18,0
$400921FB54442D18,4033CR,400921FB54442D18,4033CR
4 32 50
4 33 48
4 34 45
4 35 26
4 36 0
4 37 0
3 26 ->
4 27 53
4 28 1
4 29 1
4 30 [2]
$1,-1
4 31 [2][4]
$401921FB54442D18,3*0
$401921FB54442D18,4033CR,0,4033CR
4 32 52
4 33 54
4 34 46
4 35 29
4 36 0
4 37 0
3 26 ->
4 27 55
4 28 1
4 29 1
4 30 [2]
$1,-1
4 31 [2][4]
$400921FB54442D18,0,400921FB54442D18,0
$400921FB54442D18,4033CR,400921FB54442D18,4033CR
4 32 54
4 33 52
4 34 47
4 35 28
4 36 0
4 37 0
#NovisGeom
@Sld_NonVisGeom 1 0
0 1 ->
@inactive_geom 2 0
1 2 
@srf_array 3 0
2 3 [4]
3 3 ->
@geom_type 4 1
4 4 34
@geom_id 5 1
4 5 7
@feat_id 6 1
4 6 1
@boundary_type 7 1
4 7 -1
@envlp 8 2
4 8 [2][2]
$BFC8,BFC819404A2F67F3
$3FC8,3FC819404A2F67F2
@srf_prim_ptr(plane) 9 0
4 9 ->
@local_sys 10 2
5 10 [4][3]
$BFF,2*0
$0,3FF,0
$2*0,BFF
$4,3FF,C033ACR
@frst_cntr_ptr 11 0
4 11 ->
@frst_cntr_crv_hdr_ptr 12 1
5 12 8
@trv 13 1
5 13 1
@envlp 14 2
5 14 [2][2]
$BFC8,BFC819404A2F67F3
$3FC8,3FC819404A2F67F2
@next_cntr_ptr 15 0
4 15 ->
5 12 10
5 13 -1
5 14 [2][2]
$2*BFC2E147AE147AE1
$2*3FC2E147AE147AE1
4 15 NULL
@next_geom_ptr 16 1
4 16 12
@orient 17 1
4 17 1
@outline 18 2
4 18 [2][3]
$4,3FF,3FC
$4,3FF,3FC
3 3 ->
4 4 34
4 5 20
4 6 1
4 7 -1
4 8 [2][2]
$BFE6,3FE9F9AFED742604
$BFD4,3FF303280945ECFE
4 9 ->
5 10 [4][3]
$BFF,2*0
$0,3FF,0
$2*0,BFF
$3FF8,0,C033ACR
4 11 ->
5 12 21
5 13 1
5 14 [2][2]
$BFE6,3FE9F9AFED742604
$BFD4,3FF303280945ECFE
4 15 ->
5 12 23
5 13 -1
5 14 [2][2]
$BFE4B851EB851EB8,3FEB47AE147AE148
$BFD68F5C28F5C29,3FF25C28F5C28F5C
4 15 NULL
4 16 25
4 17 1
4 18 [2][3]
$4,3FF,C033ACR
$4,3FF,C033ACR
3 3 ->
4 4 34
4 5 25
4 6 1
4 7 -1
4 8 [2][2]
$BFE6,3FE9F9AFED742604
$BFD4,3FF303280945ECFE
4 9 ->
5 10 [4][3]
$3FF,2*0
$0,3FF,0
$2*0,3FF
$3FF8,0,C033ACR
4 11 ->
5 12 26
5 13 1
5 14 [2][2]
$BFE6,3FE9F9AFED742604
$BFD4,3FF303280945ECFE
4 15 ->
5 12 28
5 13 -1
5 14 [2][2]
$BFE4B851EB851EB8,3FEB47AE147AE148
$BFD68F5C28F5C29,3FF25C28F5C28F5C
4 15 NULL
4 16 30
4 17 1
4 18 [2][3]
$4,3FF,C033ACR
$4,3FF,C033ACR
3 3 ->
4 4 34
4 5 38
4 6 1
4 7 -1
4 8 [2][2]
$BFC8,BFC819404A2F67F3
$3FC8,3FC819404A2F67F2
4 9 ->
5 10 [4][3]
$3FF,2*0
$0,3FF,0
$2*0,3FF
$2*3FF,C033ACR
4 11 ->
5 12 39
5 13 1
5 14 [2][2]
$BFC8,BFC819404A2F67F3
$3FC8,3FC819404A2F67F2
4 15 ->
5 12 41
5 13 -1
5 14 [2][2]
$2*BFC2E147AE147AE1
$2*3FC2E147AE147AE1
4 15 NULL
4 16 43
4 17 1
4 18 [2][3]
$2*3FF,C033ACR
$2*3FF,C033ACR
@crv_array 19 0
2 19 [8]
3 19 ->
@crv_id 20 1
4 20 21
@feat_id 21 1
4 21 1
@type 22 1
4 22 0
@crv_pnt_dir 23 1
4 23 [2]
$2*-1
@crv_pnt_arr 24 2
4 24 [10][4]
$BFD4,3FF,C00921FB54442D18,400921FB54442D18
$BFD4B943A7212F16,3FF106ABE576789,C00921FB54442D18,400657184AE74486
$BFD6CEB622F241EA,3FF1EDA92FB5A213,C00921FB54442D18,40038C35418A5BF6
$BFDA,3FF2991B85C8473,C00921FB54442D18,4000C152382D7365
$BFDDEA8D842EED2B,3FF2F455152C1AA2,C00921FB54442D18,3FFBECDE5DA115A9
$BFE10AB93DE8896A,3FF2F455152C1AA2,C00921FB54442D18,3FF657184AE7448R
$BFE3,3FF2991B85C8473,C00921FB54442D18,3FF0C152382D736R
$BFE498A4EE86DF0A,3FF1EDA92FB5A213,C00921FB54442D18,3FE657184AE7448C
$BFE5A35E2C6F6875,3FF106ABE576789,C00921FB54442D18,3FD657184AE74492
$BFE6,3FF,C00921FB54442D18,0
@crv_hdr_geom_ptr[0] 25 1
4 25 20
@crv_hdr_geom_ptr[1] 26 1
4 26 30
@next_crv_hdr_ptr[0] 27 1
4 27 0
@next_crv_hdr_ptr[1] 28 1
4 28 0
@ref_geom[0] 29 1
4 29 0
@ref_geom[1] 30 1
4 30 0
3 19 ->
4 20 22
4 21 1
4 22 0
4 23 [2]
$2*-1
4 24 [10][4]
$BFE6,3FF,C00921FB54442D18,0
$BFE5A35E2C6F6875,3FEDF2A835130EE1,C00921FB54442D18,BFD657184AE7448R
$BFE498A4EE86DF0B,3FEC24ADA094BBDB,C00921FB54442D18,BFE657184AE74485
$BFE3,3FEACDC8F46F71A,C00921FB54442D18,BFF0C152382D7363
$BFE10AB93DE8896A,3FEA1755D5A7CABC,C00921FB54442D18,BFF657184AE7448R
$BFDDEA8D842EED2C,3FEA1755D5A7CABC,C00921FB54442D18,BFFBECDE5DA115A8
$BFDA,3FEACDC8F46F71A,C00921FB54442D18,C000C152382D7364
$BFD6CEB622F241EC,3FEC24ADA094BBDA,C00921FB54442D18,C0038C35418A5BF5
$BFD4B943A7212F16,3FEDF2A835130EE1,C00921FB54442D18,C00657184AE74487
$BFD4,3FF,2*C00921FB54442D18
4 25 20
4 26 32
4 27 0
4 28 0
4 29 0
4 30 0
3 19 ->
4 20 23
4 21 1
4 22 0
4 23 [2]
$2*-1
4 24 [9][4]
$BFD68F5C28F5C29,3FF,2*C00921FB54442D18
$BFD74750D613A5B,3FEE31989081D6B4,C00921FB54442D18,C005FDBBE9BBA773
$BFD9532D6E9039E2,3FECA996B7481CF,C00921FB54442D18,C002D97C7F3321D1
$BFDC63312103AD6A,3FEBA3A86B09D2D8,C00921FB54442D18,BFFF6A7A2955386
$BFE,3FEB47AE147AE148,C00921FB54442D18,BFF921FB54442D18
$BFE1CE676F7E294C,3FEBA3A86B09D2D8,C00921FB54442D18,BFF2D97C7F3321CE
$BFE3566948B7E31,3FECA996B7481CF1,C00921FB54442D18,BFE921FB54442D13
$BFE45C5794F62D28,3FEE31989081D6B5,C00921FB54442D18,BFD921FB54442D1D
$BFE4B851EB851EB8,3FF,C00921FB54442D18,0
4 25 20
4 26 34
4 27 0
4 28 0
4 29 0
4 30 0
3 19 ->
4 20 24
4 21 1
4 22 0
4 23 [2]
$2*-1
4 24 [9][4]
$BFE4B851EB851EB8,3FF,C00921FB54442D18,0
$BFE45C5794F62D28,3FF0E733B7BF14A5,C00921FB54442D18,3FD921FB54442D1
$BFE3566948B7E30F,3FF1AB34A45BF18R,C00921FB54442D18,3FE921FB54442D1D
$BFE1CE676F7E294B,3FF22E2BCA7B1694,C00921FB54442D18,3FF2D97C7F3321D1
$BFE,3FF25C28F5C28F5C,C00921FB54442D18,3FF921FB54442D18
$BFDC63312103AD6A,3FF22E2BCA7B1694,C00921FB54442D18,3FFF6A7A2955386
$BFD9532D6E9039E1,3FF1AB34A45BF18R,C00921FB54442D18,4002D97C7F3321D2
$BFD74750D613A5B,3FF0E733B7BF14A5,C00921FB54442D18,4005FDBBE9BBA776
$BFD68F5C28F5C29,3FF,C00921FB54442D18,400921FB54442D18
4 25 20
4 26 36
4 27 0
4 28 0
4 29 0
4 30 0
3 19 ->
4 20 39
4 21 1
4 22 0
4 23 [2]
$2*-1
4 24 [10][4]
$3FC8,3*0
$3FC68D78B1BDA1D4,3FB06ABE576788F8,3FD657184AE7448R,0
$3FC26293BA1B7C2B,3FBEDA92FB5A212A,3FE657184AE74487,0
$3FB8,3FC4C8DC2E42398,3FF0C152382D7365,0
$3FA0AB93DE8896A9,3FC7A2A8A960D51R,3FF657184AE74487,0
$BFA0AB93DE8896A6,3FC7A2A8A960D51R,3FFBECDE5DA115A9,0
$BFB8,3FC4C8DC2E42398,4000C152382D7365,0
$BFC26293BA1B7C2A,3FBEDA92FB5A212D,40038C35418A5BF6,0
$BFC68D78B1BDA1D4,3FB06ABE576788FA,400657184AE74487,0
$BFC8,0,400921FB54442D18,0
4 25 38
4 26 48
4 27 0
4 28 0
4 29 0
4 30 0
3 19 ->
4 20 40
4 21 1
4 22 0
4 23 [2]
$2*-1
4 24 [10][4]
$BFC8,0,400921FB54442D18,0
$BFC68D78B1BDA1D5,BFB06ABE576788F7,400BECDE5DA115A8,0
$BFC26293BA1B7C2C,BFBEDA92FB5A212A,400EB7C166FDFE39,0
$BFB8,BFC4C8DC2E42397E,4010C152382D7364,0
$BFA0AB93DE8896A7,BFC7A2A8A960D51R,401226C3BCDBE7AE,0
$3FA0AB93DE88969D,BFC7A2A8A960D512,40138C35418A5BF6,0
$3FB8,BFC4C8DC2E423982,4014F1A6C638D03E,0
$3FC26293BA1B7C29,BFBEDA92FB5A212E,401657184AE74487,0
$3FC68D78B1BDA1D5,BFB06ABE576788F6,4017BC89CF95B8D,0
$3FC8,0,401921FB54442D18,0
4 25 38
4 26 50
4 27 0
4 28 0
4 29 0
4 30 0
3 19 ->
4 20 41
4 21 1
4 22 0
4 23 [2]
$2*-1
4 24 [9][4]
$3FC2E147AE147AE1,0,401921FB54442D18,0
$3FC1715E53D8B4A,BFACE676F7E294BA,40178FDB9EFFEA46,0
$3FBAB34A45BF1879,BFBAB34A45BF187D,4015FDBBE9BBA775,0
$3FACE676F7E294B1,BFC1715E53D8B4A1,40146B9C347764A4,0
$0,BFC2E147AE147AE1,4012D97C7F3321D2,0
$BFACE676F7E294B9,BFC1715E53D8B4A,4011475CC9EEDF,0
$BFBAB34A45BF187D,BFBAB34A45BF187B,400F6A7A2955385E,0
$BFC1715E53D8B4A2,BFACE676F7E294AR,400C463ABECCB2BA,0
$BFC2E147AE147AE1,0,400921FB54442D18,0
4 25 38
4 26 52
4 27 0
4 28 0
4 29 0
4 30 0
3 19 ->
4 20 42
4 21 1
4 22 0
4 23 [2]
$2*-1
4 24 [9][4]
$BFC2E147AE147AE1,0,400921FB54442D18,0
$BFC1715E53D8B4A1,3FACE676F7E294AF,4005FDBBE9BBA775,0
$BFBAB34A45BF187B,3FBAB34A45BF187C,4002D97C7F3321D2,0
$BFACE676F7E294AC,3FC1715E53D8B4A1,3FFF6A7A2955385E,0
$0,3FC2E147AE147AE1,3FF921FB54442D18,0
$3FACE676F7E294AE,3FC1715E53D8B4A1,3FF2D97C7F3321D2,0
$3FBAB34A45BF187C,3FBAB34A45BF187B,3FE921FB54442D17,0
$3FC1715E53D8B4A1,3FACE676F7E294AD,3FD921FB54442D19,0
$3FC2E147AE147AE1,3*0
4 25 38
4 26 54
4 27 0
4 28 0
4 29 0
4 30 0
@external_geom 31 0
1 31 
#ActEntity
@Sld_Entities 1 0
0 1 ->
@act_feat_ents 2 0
1 2 [1]
2 2 
@feat_id 3 1
3 3 1
@datum_id 4 1
3 4 -1
@entity_ptr(line) 5 0
3 5 ->
@id 6 1
4 6 56
@gen_info 7 0
4 7 
@font 8 1
5 8 3
@color 9 1
5 9 1
@flip 10 1
4 10 -1
@end1 11 2
4 11 [3]
$4,3FF,C033ACR
@end2 12 2
4 12 [3]
$4,3FF,3FC
@entity(arc_z) 13 0
3 13 ->
@type 14 1
4 14 15
@id 15 1
4 15 57
@gen_info 16 0
4 16 
5 8 3
5 9 1
@flip 17 1
4 17 1
@center 18 2
4 18 [3]
$3FF8,3FF,C033ACR
@radius 19 2
4 19 3FE
@end1 20 2
4 20 [3]
$4,3FF,C033ACR
@end2 21 2
4 21 [3]
$2*3FF,C033ACR
@t0 22 2
4 22 0
@t1 23 2
4 23 400921FB54442D18
@z_vec 24 2
4 24 [3]
$0,3FF,0
@entity(line) 25 0
3 25 ->
4 6 58
4 7 
5 8 3
5 9 1
4 11 [3]
$2*3FF,C033ACR
4 12 [3]
$2*3FF,3FC
#AllFeatur
@Sld_Features 1 0
0 1 ->
@first_feat_ptr 2 0
1 2 ->
@id 3 1
2 3 1
@indep_attributes 4 1
2 4 2049
@feat_type_ptr 5 0
2 5 ->
@table_id 6 1
3 6 108
@type 7 1
3 7 1029
@feattype_key 8 10
3 8 NULL
@form 9 1
3 9 0
@attributes 10 1
3 10 [3]
$3*0
@placement 11 1
3 11 0
@intersection 12 1
3 12 991
@internal_udf_type 13 1
3 13 -1
@param_choice_ptr 14 0
3 14 ->
@blend_choice 15 1
4 15 0
@depth_choice 16 1
4 16 0
@angle_choice 17 1
4 17 -1
@pat_choice 18 1
4 18 -1
@round_choice 19 1
4 19 -1
@subsec_choice 20 1
4 20 -1
@sweep_choice 21 1
4 21 0
@dome_choice 22 1
4 22 0
@draft_choice 23 1
4 23 0
@misc_choice 24 1
4 24 [2]
$2*0
@assoc_type 25 1
3 25 0
@symbol_key 26 1
2 26 -1
@sect_name 27 10
2 27 no_name
@model_type 28 1
2 28 2
@idtab_ptr 29 0
2 29 ->
@srf_id_arr 30 1
3 30 [18][4]
$2,204,0,160
$7,203,0,160
$12,200,0,160
$14,200,-1,160
$16,200,-2,160
$18,200,1,160
$20,204,0,168
$25,203,0,168
$30,200,0,168
$32,200,-1,168
$34,200,-2,168
$36,200,1,168
$38,204,0,158
$43,203,0,158
$48,200,0,158
$50,200,-1,158
$52,200,-2,158
$54,200,1,158
@edg_id_arr 31 1
3 31 [36][6]
$3,221,0,160,0,2
$4,221,-1,160,0,2
$5,221,-2,160,0,2
$6,221,1,160,0,2
$8,222,0,160,0,12
$9,222,-1,160,0,14
$10,222,-2,160,0,16
$11,222,1,160,0,18
$13,303,0,160,-1,12
$15,303,-1,160,0,14
$17,303,-2,160,1,16
$19,303,1,160,-2,18
$21,221,0,168,0,-1
$22,221,-1,168,0,-1
$23,221,-2,168,0,-1
$24,221,1,168,0,-1
$26,222,0,168,0,30
$27,222,-1,168,0,32
$28,222,-2,168,0,34
$29,222,1,168,0,36
$31,303,0,168,-1,30
$33,303,-1,168,0,32
$35,303,-2,168,1,34
$37,303,1,168,-2,36
$39,221,0,158,0,-1
$40,221,-1,158,0,-1
$41,221,-2,158,0,-1
$42,221,1,158,0,-1
$44,222,0,158,0,48
$45,222,-1,158,0,50
$46,222,-2,158,0,52
$47,222,1,158,0,54
$49,303,0,158,-1,48
$51,303,-1,158,0,50
$53,303,-2,158,1,52
$55,303,1,158,-2,54
@misc_id_tab 32 0
3 32 [3]
4 32 
@misc_hist 33 1
5 33 [5]
$56,533,160,-1,500
4 32 
5 33 [5]
$57,533,168,-1,500
4 32 
5 33 [5]
$58,533,158,-1,500
@save_geoms 34 0
3 34 NULL
@cr_flags_xar 35 1
3 35 [27]
$3*-1,-2049,2*-1,-16777217,3*-1,-536870913,-1,-1126176897,-2,-2097185,
$-203555329,495,10*0
@cvt_feat_dat 36 0
3 36 NULL
@feat_dates_ptr 37 0
3 37 ->
@creat_date 38 1
4 38 150023
@regen_date 39 1
4 39 180021
@group_info_ptr 40 0
2 40 NULL
@intrs_pairs_ptr 41 0
2 41 ->
@place_rec_ptr 42 0
2 42 ->
@local_sys 43 2
3 43 [4][3]
$3FF,2*0
$0,3FF,0
$2*0,3FF
$3*0
@place_instruction_ptrs 44 0
3 44 [6]
4 44 ->
@type 45 1
5 45 3026
@offset 46 2
5 46 4033CR
@dim_id 47 1
5 47 0
@ref_id 48 1
5 48 3
@geometry1_id 49 1
5 49 56
@geometry2_id 50 1
5 50 -1
@memb_num1 51 1
5 51 0
@memb_num2 52 1
5 52 0
@attr 53 1
5 53 0
@plin_info_arr 54 0
5 54 [1]
6 54 ->
@type 55 1
7 55 6
@data(plin_info_ui_step) 56 0
7 56 ->
@step_ids 57 1
8 57 [1]
9 57 -100
4 44 ->
5 45 3026
5 46 3FE
5 47 1
5 48 4
5 49 57
5 50 -2
5 51 0
5 52 0
5 53 0
5 54 [1]
6 54 ->
7 55 6
7 56 ->
8 57 [1]
9 57 -100
4 44 ->
5 45 3026
5 46 4033CR
5 47 2
5 48 5
5 49 58
5 50 -1
5 51 0
5 52 0
5 53 0
5 54 [1]
6 54 ->
7 55 6
7 56 ->
8 57 [1]
9 57 -100
4 44 ->
5 45 3006
5 46 0
5 47 -1
5 48 6
5 49 160
5 50 -1
5 51 0
5 52 0
5 53 512
4 44 ->
5 45 3006
5 46 0
5 47 -1
5 48 7
5 49 168
5 50 -1
5 51 0
5 52 0
5 53 512
4 44 ->
5 45 3006
5 46 0
5 47 -1
5 48 8
5 49 158
5 50 -1
5 51 0
5 52 0
5 53 512
@own_ref_id 58 1
3 58 0
@orient 59 1
3 59 0
@next_prop 60 0
2 60 NULL
@first_geom_id 61 1
2 61 -1
@cond_tbl_idx 62 1
2 62 -1
@comment 63 10
2 63 NULL
@merge_info_ptr 64 0
2 64 NULL
@topology_increment 65 0
2 65 ->
@first_geom 66 1
3 66 0
@first_quilt 67 1
3 67 0
@outline 68 2
3 68 [2][3]
$3*0
$3*0
@max_part_size 69 2
3 69 0
@xform_increment 70 0
3 70 NULL
@roll_back_id 71 1
3 71 -1
@state_ind 72 1
2 72 -1
@alumni_info 73 0
2 73 NULL
@revnum 74 1
2 74 70
@rev_rec 75 0
2 75 ->
@revnums 76 0
3 76 [4]
4 76 ->
@owner_type 77 1
5 77 3
@owner_ind 78 1
5 78 -1
@ref_id 79 1
5 79 -1
@ref_revnum 80 1
5 80 -1
@memb_tab_revnums 81 1
5 81 [1]
6 81 18
4 76 ->
5 77 1
5 78 -1
5 79 6
5 80 43
4 76 ->
5 77 1
5 78 -1
5 79 7
5 80 41
4 76 ->
5 77 1
5 78 -1
5 79 8
5 80 43
@num_plins 82 1
3 82 6
@expl_state_ref 83 0
2 83 NULL
@feat_outl_info 84 0
2 84 ->
@ent_outl 85 2
3 85 [2][3]
$2*3FF,C0342CR
$4,3FF,3FC
@next_feat_ptr 86 0
1 86 NULL
@layer_list 87 0
1 87 [1]
2 87 
@feat_id 88 1
3 88 1
@layer_id 89 1
3 89 0
@back_layer_id 90 1
3 90 0
#FullMData
@Sld_FullData 1 0
0 1 ->
@first_member_ptr 2 0
1 2 NULL
@alumni_members 3 0
1 3 NULL
@ref_part_table 4 0
1 4 [1]
2 4 ->
@name 5 10
3 5 CONDENSATION<UTUBE>
@id 6 1
3 6 -1
@type 7 1
3 7 1
@revnum 8 1
3 8 -1
@memb_id_tab 9 1
3 9 [1]
4 9 194
@dep_id 10 1
3 10 0
@attributes 11 1
3 11 0
@simpl_rep 12 0
3 12 NULL
@first_xsec_ptr 13 0
1 13 NULL
@lang_ptr 14 0
1 14 ->
@interact_on 15 1
2 15 -1
@first_csys_ptr 16 0
1 16 NULL
@dim_array 17 0
1 17 [3]
2 17 ->
@type 18 1
3 18 8
@dim_type 19 1
3 19 9
@feat_id 20 1
3 20 1
@attributes 21 1
3 21 4353
@dim_dat_ptr 22 0
3 22 ->
@value 23 2
4 23 4033CR
@bck_value 24 2
4 24 4033CR
@tol_ptr 25 0
4 25 ->
@type 26 1
5 26 9
@tol_type 27 1
5 27 3
@dual_digits_diff 28 1
5 28 999
@value 29 2
5 29 [2]
$2*3F847AE147AE147B
@nominal_value 30 2
4 30 4033CR
@bound 31 1
4 31 20
@bck_bound 32 1
4 32 -1
@bck_tol_ptr 33 0
4 33 ->
@value 34 2
5 34 [2]
$2*3F847AE147AE147B
@datum_def_id 35 1
4 35 -1
@places_denom 36 1
4 36 2
@bck_places_denom 37 1
4 37 2
@dim_data_attrib 38 1
4 38 0
@dim_cosm_ptr 39 0
3 39 ->
@d0 40 2
4 40 40811ECF41C099A1
@d1 41 2
4 41 0
@d2 42 2
4 42 3FE
@d3 43 2
4 43 403B189F6E8DABAD
@ord_info 44 0
4 44 NULL
@attach_ptr 45 0
3 45 NULL
@dim_text_ptr 46 0
3 46 ->
@symbol 47 10
4 47 d0
@parent_dim_id 48 1
3 48 -1
2 17 ->
3 18 8
3 19 15
3 20 1
3 21 4353
3 22 ->
4 23 3FE
4 24 3FE
4 25 ->
5 26 9
5 27 3
5 28 999
5 29 [2]
$2*3F847AE147AE147B
4 30 3FE
4 31 20
4 32 -1
4 33 ->
5 34 [2]
$2*3F847AE147AE147B
4 35 -1
4 36 2
4 37 2
4 38 0
3 39 ->
4 40 0
4 41 0
4 42 0
4 43 0
4 44 NULL
3 45 NULL
3 46 ->
4 47 d1
3 48 -1
2 17 ->
3 18 8
3 19 9
3 20 1
3 21 4353
3 22 ->
4 23 4033CR
4 24 4033CR
4 25 ->
5 26 9
5 27 3
5 28 999
5 29 [2]
$2*3F847AE147AE147B
4 30 4033CR
4 31 20
4 32 -1
4 33 ->
5 34 [2]
$2*3F847AE147AE147B
4 35 -1
4 36 2
4 37 2
4 38 0
3 39 ->
4 40 40819C8C856E8317
4 41 0
4 42 3FE
4 43 403B189F6E8DABAD
4 44 NULL
3 45 NULL
3 46 ->
4 47 d2
3 48 -1
@ipar_num 49 1
1 49 0
@smt_info_ptr 50 0
1 50 NULL
@cable_info_ptr 51 0
1 51 NULL
@comp_info_ptr 52 0
1 52 NULL
@prt_misc_ptr 53 0
1 53 ->
@shrink_data_ptr 54 0
2 54 NULL
@expld_mv_info 55 0
1 55 NULL
@state_info_ptr 56 0
1 56 NULL
@alumni_feats 57 0
1 57 NULL
@p_mdl_grid 58 0
1 58 NULL
@mdl_status_ptr 59 0
1 59 NULL
@appl_info_arr 60 0
1 60 [1]
2 60 
@id 61 1
3 61 -1
@type 62 1
3 62 14
@ribbon_info_ptr 63 0
1 63 NULL
@p_xref_data 64 0
1 64 ->
#ModelView#0
@View 1 0
0 1 ->
@id 2 1
1 2 0
@viewattr 3 0
1 3 
@attr_arr 4 1
2 4 [4]
$1,3*0
@mpoint 5 0
1 5 
@id 6 1
2 6 0
@coord 7 2
2 7 [3]
$3FF8,3FF,C0243CR
@first_instr_ptr 8 0
2 8 NULL
@attach_ptr 9 0
2 9 NULL
@vpoint 10 0
1 10 
2 6 0
2 7 [3]
$407F4,407A5E,0
2 8 NULL
2 9 NULL
@orient 11 2
1 11 [4][4]
$3FED7954E7DBA2F8,0,3FD8EC3AE92B676B,0
$BFD385CE5246572,3FE3E43A9692E21C,3FE7167619F550A2,0
$BFCEFC077F3F36A6,BFE91103985DA841,3FE25240DD3851BF,0
$3*0,3FF
@local_sys 12 2
1 12 [4][4]
$40431771AC8D4CDC,0,403024C1A3006EA7,0
$C0294A993D0DDAE,4039C4EC1FED0D5D,403DE8EED097E783,0
$C02411ECD60E0354,C0403C953D09856C,4037BC2AF969C7B7,0
$40761D446F449BAD,4050E10EB7355DA,40674164FF3B5386,3FF
@first_instr_ptr 13 0
1 13 ->
@type 14 1
2 14 100
@geom_id 15 1
2 15 -1
@view_id 16 1
2 16 -1
@memb_num 17 1
2 17 0
@offset 18 2
2 18 0
@matrix 19 0
2 19 NULL
@next_instr_ptr 20 0
1 20 ->
2 14 301
2 15 -1
2 16 -1
2 17 0
2 18 4044BA51D3B7EC6D
2 19 NULL
1 20 NULL
@outer_xsec_index 21 1
1 21 -1
@next_view_id 22 1
1 22 -2
@simp_rep_id 23 1
1 23 0
@name 24 10
1 24 no name
@matrix 25 2
1 25 [4][4]
$3FF,3*0
$0,3FF,2*0
$2*0,3FF,0
$3*0,3FF
@fit_outline 26 2
1 26 [2][3]
$4059,405518,C0703DD9709BF0DF
$408C2,4087BB,40703DD9709BF0E
@det_info_ptr 27 0
1 27 NULL
@named_view_pzmatr 28 0
1 28 NULL
@page_id 29 1
1 29 0
@model_name 30 10
1 30 NULL
@unrep_model_name 31 10
1 31 NULL
@saved_pro_dls 32 0
1 32 ->
@explode_state 33 0
1 33 NULL
#DispDataColor
@ref_color_table 1 0
0 1 
@ref_color_arr 2 0
1 2 [1]
2 2 
@maximum 3 2
3 3 [3]
$3FE9R,3FE,3FA9R
@ambient 4 2
3 4 3FECR
@diffuse 5 2
3 5 3FECR
@specular 6 2
3 6 3FE
@spec_coef 7 2
3 7 3FA9R
@transmission 8 2
3 8 0
@threshold 9 1
3 9 90
@gl_ind 10 1
3 10 2
@highlight 11 2
3 11 [3]
$3*3FF
@reflection 12 2
3 12 3FECR
@bump_height 13 2
3 13 3FF
@bump 14 3
3 14 NULL
@decal_intensity 15 2
3 15 4059
@decal 16 3
3 16 NULL
@texture 17 3
3 17 NULL
#DispDataTable
@disp_data_table 1 0
0 1 
@disp_data_arr 2 0
1 2 [1]
2 2 
@disp_data 3 0
3 3 ->
@wire 4 0
4 4 
@disp_list_valid 5 1
5 5 1
@pending 6 1
5 6 0
@disp_list_status 7 1
5 7 3
@disp_list_version 8 1
5 8 119
@view_matrix 9 2
5 9 [4][4]
$3FF,3*0
$0,3FF,2*0
$2*0,3FF,0
$3*0,3FF
@outline 10 2
5 10 [2][3]
$2*3FEA,C0342CCCC
$40018,3FF3,3FC
@dl_block_mem_size 11 0
5 11 
@dl_block_mem_size 12 1
6 12 32768
@list 13 0
5 13 ->
@ptr 14 0
6 14 [26]
7 14 
@data(dl_gc) 15 0
8 15 ->
@header 16 0
9 16 
@header 17 0
10 17 
@type 18 5
11 18 53
@count 19 5
11 19 1
@size 20 1
11 20 36
@int_data 21 1
9 21 [5]
$2*2,0,1,0
@linewidth 22 6
9 22 0
7 14 
8 15 ->
9 16 
10 17 
11 18 53
11 19 1
11 20 36
9 21 [5]
$2*2,0,1,0
9 22 0
7 14 
@data(dl_arc3) 23 0
8 23 ->
@dl_header 24 0
9 24 
10 17 
11 18 43
11 19 1
11 20 140
@array 25 6
9 25 [15]
$3E4,4,3F8,3E,0,40490FDB,2*0,BF8,3FE8,3F8,3E,400C,3F8,3E
@matrix 26 6
9 26 [4][4]
$3F8,3*0
$0,3F8,2*0
$2*0,3F8,0
$4*0
7 14 
8 23 ->
9 24 
10 17 
11 18 43
11 19 1
11 20 140
9 25 [15]
$3E4,4,3F8,3E,0,40490FDB,2*0,BF8,400C,3F8,3E,3FE8,3F8,3E
9 26 [4][4]
$3F8,3*0
$0,3F8,2*0
$2*0,3F8,0
$4*0
7 14 
8 23 ->
9 24 
10 17 
11 18 43
11 19 1
11 20 140
9 25 [15]
$3E170A3D,4,3F8,3E,0,40490FDB,2*0,3F8,3FED1EB8,3F8,3E,400970A4,3F8,3E
9 26 [4][4]
$3F8,3*0
$0,3F8,2*0
$2*0,3F8,0
$4*0
7 14 
8 23 ->
9 24 
10 17 
11 18 43
11 19 1
11 20 140
9 25 [15]
$3E170A3D,4,3F8,3E,0,40490FDB,2*0,3F8,400970A4,3F8,3E,3FED1EB8,3F8,3E
9 26 [4][4]
$3F8,3*0
$0,3F8,2*0
$2*0,3F8,0
$4*0
7 14 
8 23 ->
9 24 
10 17 
11 18 43
11 19 1
11 20 140
9 25 [15]
$3E4,4,3F8,C19D6R,0,40490FDB,A50D313,0,BF8,3FE8,3F8,C19D6R,400C,3F8,C19D6R
9 26 [4][4]
$3F8,3*0
$0,3F8,2*0
$2*0,3F8,0
$4*0
7 14 
8 23 ->
9 24 
10 17 
11 18 43
11 19 1
11 20 140
9 25 [15]
$3E4,4,3F8,C19D6R,0,40490FDB,A50D313,0,BF8,400C,3F8,C19D6R,3FE8,3F8,C19D6R
9 26 [4][4]
$3F8,3*0
$0,3F8,2*0
$2*0,3F8,0
$4*0
7 14 
8 23 ->
9 24 
10 17 
11 18 43
11 19 1
11 20 140
9 25 [15]
$3E170A3D,4,3F8,C19D6R,0,40490FDB,250D313,0,3F8,3FED1EB8,3F8,C19D6R,
$400970A4,3F8,C19D6R
9 26 [4][4]
$3F8,3*0
$0,3F8,2*0
$2*0,3F8,0
$4*0
7 14 
8 23 ->
9 24 
10 17 
11 18 43
11 19 1
11 20 140
9 25 [15]
$3E170A3D,4,3F8,C19D6R,0,40490FDB,250D313,0,3F8,400970A4,3F8,C19D6R,
$3FED1EB8,3F8,C19D6R
9 26 [4][4]
$3F8,3*0
$0,3F8,2*0
$2*0,3F8,0
$4*0
7 14 
8 23 ->
9 24 
10 17 
11 18 43
11 19 1
11 20 140
9 25 [15]
$3E4,2*3F8,3E,0,40490FDB,2*0,3F8,3F98,3F8,3E,3F5,3F8,3E
9 26 [4][4]
$3F8,3*0
$0,3F8,2*0
$2*0,3F8,0
$4*0
7 14 
8 23 ->
9 24 
10 17 
11 18 43
11 19 1
11 20 140
9 25 [15]
$3E4,2*3F8,3E,0,40490FDB,2*0,3F8,3F5,3F8,3E,3F98,3F8,3E
9 26 [4][4]
$3F8,3*0
$0,3F8,2*0
$2*0,3F8,0
$4*0
7 14 
8 23 ->
9 24 
10 17 
11 18 43
11 19 1
11 20 140
9 25 [15]
$3E170A3D,2*3F8,3E,0,40490FDB,2*0,BF8,3F92E148,3F8,3E,3F5A3D71,3F8,3E
9 26 [4][4]
$3F8,3*0
$0,3F8,2*0
$2*0,3F8,0
$4*0
7 14 
8 23 ->
9 24 
10 17 
11 18 43
11 19 1
11 20 140
9 25 [15]
$3E170A3D,2*3F8,3E,0,40490FDB,2*0,BF8,3F5A3D71,3F8,3E,3F92E148,3F8,3E
9 26 [4][4]
$3F8,3*0
$0,3F8,2*0
$2*0,3F8,0
$4*0
7 14 
8 23 ->
9 24 
10 17 
11 18 43
11 19 1
11 20 140
9 25 [15]
$3E4,2*3F8,C19D6R,0,40490FDB,2*0,3F8,3F98,3F8,C19D6R,3F5,3F8,C19D6R
9 26 [4][4]
$3F8,3*0
$0,3F8,2*0
$2*0,3F8,0
$4*0
7 14 
8 23 ->
9 24 
10 17 
11 18 43
11 19 1
11 20 140
9 25 [15]
$3E4,2*3F8,C19D6R,0,40490FDB,2*0,3F8,3F5,3F8,C19D6R,3F98,3F8,C19D6R
9 26 [4][4]
$3F8,3*0
$0,3F8,2*0
$2*0,3F8,0
$4*0
7 14 
8 23 ->
9 24 
10 17 
11 18 43
11 19 1
11 20 140
9 25 [15]
$3E170A3D,2*3F8,C19D6R,0,40490FDB,2*0,BF8,3F92E148,3F8,C19D6R,3F5A3D71,3F8,
$C19D6R
9 26 [4][4]
$3F8,3*0
$0,3F8,2*0
$2*0,3F8,0
$4*0
7 14 
8 23 ->
9 24 
10 17 
11 18 43
11 19 1
11 20 140
9 25 [15]
$3E170A3D,2*3F8,C19D6R,0,40490FDB,2*0,BF8,3F5A3D71,3F8,C19D6R,3F92E148,3F8,
$C19D6R
9 26 [4][4]
$3F8,3*0
$0,3F8,2*0
$2*0,3F8,0
$4*0
7 14 
@data(dl_int) 27 0
8 27 ->
@dl_header 28 0
9 28 
10 17 
11 18 4
11 19 1
11 20 16
@value_int 29 1
9 29 0
7 14 
8 27 ->
9 28 
10 17 
11 18 7
11 19 1
11 20 16
9 29 2
7 14 
8 23 ->
9 24 
10 17 
11 18 43
11 19 1
11 20 140
9 25 [15]
$3F,3FC,3F8,C19D6R,0,40490FDB,0,3F8,0,4,3F8,C19D6R,2*3F8,C19D6R
9 26 [4][4]
$3F8,3*0
$0,3F8,2*0
$2*0,3F8,0
$4*0
7 14 
@data(dl_header) 30 0
8 30 ->
9 17 
10 18 1024
10 19 76
10 20 12
7 14 
@data(dl_multi_line) 31 0
8 31 ->
@dl_multi_line 32 0
9 32 
@dl_header 33 0
10 33 
11 17 
12 18 26
12 19 4
12 20 76
@midpnt 34 6
10 34 [4]
$411E9A15,3FC,3F8,C11C6R
@points 35 6
10 35 [12]
$4,3F8,C19D6R,4,3F8,3E,2*3F8,C19D6R,2*3F8,3E
7 14 
8 27 ->
9 28 
10 17 
11 18 4
11 19 1
11 20 16
9 29 2
7 14 
8 27 ->
9 28 
10 17 
11 18 7
11 19 1
11 20 16
9 29 0
7 14 
8 30 ->
9 17 
10 18 0
10 19 0
10 20 0
@locked 36 1
5 36 0
@visibile 37 1
5 37 1
@contents 38 1
5 38 2
@attached 39 1
5 39 0
@part_color 40 1
4 40 0
@model_type 41 1
4 41 2
@generic_name 42 10
4 42 NULL
@label 43 10
4 43 NULL
#AssMrgPrt
@assem_merge_parts 1 0
0 1 ->
#END_OF_UGC
