

Input part file name: f:/data5/repository/PTC/V18/piping18/base.hh.sat


Output part file name: f:/data5/repository/PTC/V18/piping18/base.hh.f.sat




Input part file name: f:/data5/repository/PTC/V18/piping18/collector-13920.hh.sat


Output part file name: f:/data5/repository/PTC/V18/piping18/collector-13920.hh.f.sat



Input part file name: f:/data5/repository/PTC/V18/piping18/collector-40932.hh.sat


Output part file name: f:/data5/repository/PTC/V18/piping18/collector-40932.hh.f.sat



Input part file name: f:/data5/repository/PTC/V18/piping18/cond_tube.hh.sat


Output part file name: f:/data5/repository/PTC/V18/piping18/cond_tube.hh.f.sat



Input part file name: f:/data5/repository/PTC/V18/piping18/condenser.hh.sat


Output part file name: f:/data5/repository/PTC/V18/piping18/condenser.hh.f.sat



Input part file name: f:/data5/repository/PTC/V18/piping18/condenser_fan.hh.sat


Output part file name: f:/data5/repository/PTC/V18/piping18/condenser_fan.hh.f.sat



Input part file name: f:/data5/repository/PTC/V18/piping18/evaporator.hh.sat


Output part file name: f:/data5/repository/PTC/V18/piping18/evaporator.hh.f.sat



Input part file name: f:/data5/repository/PTC/V18/piping18/evaporator_fan.hh.sat


Output part file name: f:/data5/repository/PTC/V18/piping18/evaporator_fan.hh.f.sat



Input part file name: f:/data5/repository/PTC/V18/piping18/comp-13920.hh.sat


Output part file name: f:/data5/repository/PTC/V18/piping18/comp-13920.hh.f.sat



Input part file name: f:/data5/repository/PTC/V18/piping18/condenser_shroud.hh.sat


Output part file name: f:/data5/repository/PTC/V18/piping18/condenser_shroud.hh.f.sat



Input part file name: f:/data5/repository/PTC/V18/piping18/frame.hh.sat



Input part file name: f:/data5/repository/PTC/V18/piping18/suction.hh.sat


Output part file name: f:/data5/repository/PTC/V18/piping18/suction.hh.f.sat



Input part file name: f:/data5/repository/PTC/V18/piping18/tris.hh.sat


Output part file name: f:/data5/repository/PTC/V18/piping18/tris.hh.f.sat



Input part file name: f:/data5/repository/PTC/V18/piping18/motor.hh.sat


Output part file name: f:/data5/repository/PTC/V18/piping18/motor.hh.f.sat



Input part file name: f:/data5/repository/PTC/V18/piping18/front_panel.hh.sat



Input part file name: f:/data5/repository/PTC/V18/piping18/comp-40932.hh.sat


Output part file name: f:/data5/repository/PTC/V18/piping18/comp-40932.hh.f.sat



Input part file name: f:/data5/repository/PTC/V18/piping18/evaporator_shroud.hh.sat


Output part file name: f:/data5/repository/PTC/V18/piping18/evaporator_shroud.hh.f.sat



Input part file name: f:/data5/repository/PTC/V18/piping18/skeleton.hh.sat



Input part file name: f:/data5/repository/PTC/V18/piping18/evap-tube.hh.sat


Output part file name: f:/data5/repository/PTC/V18/piping18/evap-tube.hh.f.sat



Input part file name: f:/data5/repository/PTC/V18/piping18/control_knob.hh.sat


Output part file name: f:/data5/repository/PTC/V18/piping18/control_knob.hh.f.sat



Input part file name: f:/data5/repository/PTC/V18/piping18/control_shroud.hh.sat


Output part file name: f:/data5/repository/PTC/V18/piping18/control_shroud.hh.f.sat



Input part file name: f:/data5/repository/PTC/V18/piping18/fan_ring.hh.sat


Output part file name: f:/data5/repository/PTC/V18/piping18/fan_ring.hh.f.sat



Input part file name: f:/data5/repository/PTC/V18/piping18/corner.hh.sat


Output part file name: f:/data5/repository/PTC/V18/piping18/corner.hh.f.sat



Input part file name: f:/data5/repository/PTC/V18/piping18/elbow2.hh.sat


Output part file name: f:/data5/repository/PTC/V18/piping18/elbow2.hh.f.sat



Input part file name: f:/data5/repository/PTC/V18/piping18/grommet.hh.sat


Output part file name: f:/data5/repository/PTC/V18/piping18/grommet.hh.f.sat



Input part file name: f:/data5/repository/PTC/V18/piping18/support.hh.sat


Output part file name: f:/data5/repository/PTC/V18/piping18/support.hh.f.sat



Input part file name: f:/data5/repository/PTC/V18/piping18/reducer.hh.sat


Output part file name: f:/data5/repository/PTC/V18/piping18/reducer.hh.f.sat



Input part file name: f:/data5/repository/PTC/V18/piping18/tube_end.hh.sat


Output part file name: f:/data5/repository/PTC/V18/piping18/tube_end.hh.f.sat



Input part file name: f:/data5/repository/PTC/V18/piping18/return.hh.sat


Output part file name: f:/data5/repository/PTC/V18/piping18/return.hh.f.sat



Input part file name: f:/data5/repository/PTC/V18/piping18/hose_end.hh.sat


Output part file name: f:/data5/repository/PTC/V18/piping18/hose_end.hh.f.sat



Input part file name: f:/data5/repository/PTC/V18/piping18/manifold.hh.sat


Output part file name: f:/data5/repository/PTC/V18/piping18/manifold.hh.f.sat



Input part file name: f:/data5/repository/PTC/V18/piping18/return_20.hh.sat


Output part file name: f:/data5/repository/PTC/V18/piping18/return_20.hh.f.sat



Input part file name: f:/data5/repository/PTC/V18/piping18/return-3.hh.sat


Output part file name: f:/data5/repository/PTC/V18/piping18/return-3.hh.f.sat



Input part file name: f:/data5/repository/PTC/V18/piping18/st-brk.hh.sat


Output part file name: f:/data5/repository/PTC/V18/piping18/st-brk.hh.f.sat



Input part file name: f:/data5/repository/PTC/V18/piping18/elbow.hh.sat


Output part file name: f:/data5/repository/PTC/V18/piping18/elbow.hh.f.sat



Input part file name: f:/data5/repository/PTC/V18/piping18/py452566.hh.sat


Output part file name: f:/data5/repository/PTC/V18/piping18/py452566.hh.f.sat



Input part file name: f:/data5/repository/PTC/V18/piping18/frame.prt.hh.sat



Input part file name: f:/data5/repository/PTC/V18/piping18/collector-40932.prt.hh.sat


Output part file name: f:/data5/repository/PTC/V18/piping18/collector-40932.prt.hh.f.sat



Input part file name: f:/data5/repository/PTC/V18/piping18/cond_tube.prt.hh.sat


Output part file name: f:/data5/repository/PTC/V18/piping18/cond_tube.prt.hh.f.sat



Input part file name: f:/data5/repository/PTC/V18/piping18/condenser.prt.hh.sat


Output part file name: f:/data5/repository/PTC/V18/piping18/condenser.prt.hh.f.sat



Input part file name: f:/data5/repository/PTC/V18/piping18/condenser_fan.prt.hh.sat


Output part file name: f:/data5/repository/PTC/V18/piping18/condenser_fan.prt.hh.f.sat



Input part file name: f:/data5/repository/PTC/V18/piping18/evaporator.prt.hh.sat


Output part file name: f:/data5/repository/PTC/V18/piping18/evaporator.prt.hh.f.sat



Input part file name: f:/data5/repository/PTC/V18/piping18/evaporator_fan.prt.hh.sat


Output part file name: f:/data5/repository/PTC/V18/piping18/evaporator_fan.prt.hh.f.sat



Input part file name: f:/data5/repository/PTC/V18/piping18/comp-13920.prt.hh.sat


Output part file name: f:/data5/repository/PTC/V18/piping18/comp-13920.prt.hh.f.sat



Input part file name: f:/data5/repository/PTC/V18/piping18/suction.prt.hh.sat


Output part file name: f:/data5/repository/PTC/V18/piping18/suction.prt.hh.f.sat



Input part file name: f:/data5/repository/PTC/V18/piping18/tris.prt.hh.sat


Output part file name: f:/data5/repository/PTC/V18/piping18/tris.prt.hh.f.sat



Input part file name: f:/data5/repository/PTC/V18/piping18/motor.prt.hh.sat


Output part file name: f:/data5/repository/PTC/V18/piping18/motor.prt.hh.f.sat



Input part file name: f:/data5/repository/PTC/V18/piping18/front_panel.prt.hh.sat



Input part file name: f:/data5/repository/PTC/V18/piping18/comp-40932.prt.hh.sat


Output part file name: f:/data5/repository/PTC/V18/piping18/comp-40932.prt.hh.f.sat



Input part file name: f:/data5/repository/PTC/V18/piping18/evaporator_shroud.prt.hh.sat


Output part file name: f:/data5/repository/PTC/V18/piping18/evaporator_shroud.prt.hh.f.sat



Input part file name: f:/data5/repository/PTC/V18/piping18/skeleton.prt.hh.sat



Input part file name: f:/data5/repository/PTC/V18/piping18/evap-tube.prt.hh.sat


Output part file name: f:/data5/repository/PTC/V18/piping18/evap-tube.prt.hh.f.sat



Input part file name: f:/data5/repository/PTC/V18/piping18/control_knob.prt.hh.sat


Output part file name: f:/data5/repository/PTC/V18/piping18/control_knob.prt.hh.f.sat



Input part file name: f:/data5/repository/PTC/V18/piping18/collector-13920.prt.hh.sat


Output part file name: f:/data5/repository/PTC/V18/piping18/collector-13920.prt.hh.f.sat



Input part file name: f:/data5/repository/PTC/V18/piping18/control_shroud.prt.hh.sat


Output part file name: f:/data5/repository/PTC/V18/piping18/control_shroud.prt.hh.f.sat



Input part file name: f:/data5/repository/PTC/V18/piping18/fan_ring.prt.hh.sat


Output part file name: f:/data5/repository/PTC/V18/piping18/fan_ring.prt.hh.f.sat



Input part file name: f:/data5/repository/PTC/V18/piping18/corner.prt.hh.sat


Output part file name: f:/data5/repository/PTC/V18/piping18/corner.prt.hh.f.sat



Input part file name: f:/data5/repository/PTC/V18/piping18/elbow2.prt.hh.sat


Output part file name: f:/data5/repository/PTC/V18/piping18/elbow2.prt.hh.f.sat



Input part file name: f:/data5/repository/PTC/V18/piping18/grommet.prt.hh.sat


Output part file name: f:/data5/repository/PTC/V18/piping18/grommet.prt.hh.f.sat



Input part file name: f:/data5/repository/PTC/V18/piping18/support.prt.hh.sat


Output part file name: f:/data5/repository/PTC/V18/piping18/support.prt.hh.f.sat




Input part file name: f:/data5/repository/PTC/V18/piping18/tube_end.prt.hh.sat


Output part file name: f:/data5/repository/PTC/V18/piping18/tube_end.prt.hh.f.sat



Input part file name: f:/data5/repository/PTC/V18/piping18/return.prt.hh.sat


Output part file name: f:/data5/repository/PTC/V18/piping18/return.prt.hh.f.sat



Input part file name: f:/data5/repository/PTC/V18/piping18/hose_end.prt.hh.sat


Output part file name: f:/data5/repository/PTC/V18/piping18/hose_end.prt.hh.f.sat



Input part file name: f:/data5/repository/PTC/V18/piping18/manifold.prt.hh.sat


Output part file name: f:/data5/repository/PTC/V18/piping18/manifold.prt.hh.f.sat



Input part file name: f:/data5/repository/PTC/V18/piping18/return_20.prt.hh.sat


Output part file name: f:/data5/repository/PTC/V18/piping18/return_20.prt.hh.f.sat



Input part file name: f:/data5/repository/PTC/V18/piping18/return-3.prt.hh.sat


Output part file name: f:/data5/repository/PTC/V18/piping18/return-3.prt.hh.f.sat



Input part file name: f:/data5/repository/PTC/V18/piping18/st-brk.prt.hh.sat


Output part file name: f:/data5/repository/PTC/V18/piping18/st-brk.prt.hh.f.sat



Input part file name: f:/data5/repository/PTC/V18/piping18/elbow.prt.hh.sat


Output part file name: f:/data5/repository/PTC/V18/piping18/elbow.prt.hh.f.sat



Input part file name: f:/data5/repository/PTC/V18/piping18/py452566.prt.hh.sat


Output part file name: f:/data5/repository/PTC/V18/piping18/py452566.prt.hh.f.sat



Input part file name: f:/data5/repository/PTC/V18/piping18/base.prt.hh.sat


Output part file name: f:/data5/repository/PTC/V18/piping18/base.prt.hh.f.sat




Input part file name: f:/data5/repository/PTC/V18/piping18/condenser_shroud.prt.hh.sat


Output part file name: f:/data5/repository/PTC/V18/piping18/condenser_shroud.prt.hh.f.sat

