#UGC:2 PART 887 360 0 1 1 15 1600 9547 \
#- VERS 0 0                                                          \
#- HOST                                                              \
#- LINK                                                              \
#- DBID                                                              \
#- REVS 0,                                                           \
#- RELL 0,                                                           \
#- UOBJ_ID 0 0 0                                                     \
#-END_OF_UGC_HEADER
#P_OBJECT 6
@P_object 1 0
0 1 ->
@dep_db 2 0
1 2 ->
@usr_rev 3 0
1 3 [3]
2 3 
@name 4 10
3 4 WARGELIN
@mod_time 5 0
3 5 
@tm_sec 6 1
4 6 58
@tm_min 7 1
4 7 13
@tm_hour 8 1
4 8 17
@tm_mday 9 1
4 9 31
@tm_mon 10 1
4 10 9
@tm_year 11 1
4 11 94
@action 12 1
3 12 1000
@comment 13 10
3 13 Hostname: 'minos'
@rel_level 14 10
3 14 
@rev_string 15 10
3 15 
2 3 
3 4 USER
3 5 
4 6 39
4 7 7
4 8 19
4 9 15
4 10 9
4 11 95
3 12 1000
3 13 Hostname: 'haystack'
3 14 
3 15 
2 3 
3 4 WARGELIN
3 5 
4 6 11
4 7 1
4 8 22
4 9 30
4 10 10
4 11 95
3 12 1000
3 13 Hostname: 'minos'
3 14 
3 15 
@revnum_std 16 1
1 16 470
@flag 17 1
1 17 0
@name 18 10
1 18 NULL
@inst_hidden 19 1
1 19 0
@old_name 20 10
1 20 NULL
@appl_data 21 0
1 21 ->
@bounding_box 22 2
2 22 [2][3]
$BFC9FE9AB8DA16C9,BF694047D01F4C1R,BFBA639F8E149C4R
$3FBA690889F1D7D5,3FE0194047D01F4C,3FBA639F8E149C4R
@uobj_id 23 0
1 23 NULL
#END_OF_P_OBJECT
#Pro/ENGINEER  TM  Version G-01-14  (c) 1988-95 by Parametric Technology Corporation  All Rights Reserved. 9547
@Solid 24 0
0 24 ->
@tab_key 25 1
1 25 0
@tab_key_struct 26 0
1 26 ->
@tab_key_ptr 27 0
2 27 [329]
@cmprs_tabkey 28 0
2 28 NULL
@type 29 1
1 29 2
@revnum_ptr 30 0
1 30 ->
@geom_revnum 31 1
2 31 408
@cosm_revnum 32 1
2 32 82
@first_member_ptr 33 0
1 33 NULL
@alumni_members 34 0
1 34 NULL
@frst_geom_ptr 35 1
1 35 13
@first_feat_ptr 36 0
1 36 ->
@id 37 1
2 37 3
@indep_attributes 38 1
2 38 1
@feat_type_ptr 39 0
2 39 ->
@table_id 40 1
3 40 63
@type 41 1
3 41 979
@feattype_key 42 10
3 42 NULL
@form 43 1
3 43 0
@attributes 44 1
3 44 [3]
$3*0
@placement 45 1
3 45 0
@intersection 46 1
3 46 -1
@internal_udf_type 47 1
3 47 -1
@param_choice_ptr 48 0
3 48 ->
@blend_choice 49 1
4 49 0
@depth_choice 50 1
4 50 0
@angle_choice 51 1
4 51 -1
@pat_choice 52 1
4 52 -1
@round_choice 53 1
4 53 -1
@subsec_choice 54 1
4 54 -1
@sweep_choice 55 1
4 55 0
@dome_choice 56 1
4 56 0
@draft_choice 57 1
4 57 0
@misc_choice 58 1
4 58 384
@assoc_type 59 1
3 59 0
@symbol_key 60 1
2 60 -1
@sect_name 61 10
2 61 no_name
@model_type 62 1
2 62 2
@entity(coord_sys) 63 0
2 63 ->
@type 64 1
3 64 18
@id 65 1
3 65 4
@gen_info 66 0
3 66 
@color 67 1
4 67 1
@sys_type 68 1
3 68 -1
@pnt_type 69 1
3 69 -1
@radius 70 2
3 70 0
@local_sys 71 2
3 71 [4][3]
$3FF,2*0
$0,3FF,0
$2*0,3FF
$3*0
@feat_id 72 1
3 72 3
@entity(text) 73 0
2 73 ->
@text_type 74 1
3 74 34
@text_value 75 10
3 75 DEFAULT
@txt_attrib 76 1
3 76 1
@coord 77 2
3 77 [3]
$4080306F461386F6,407A192090E8483E,C01101680266190E
@owner_id 78 1
3 78 4
@part_id 79 1
3 79 58
@height 80 2
3 80 BFF
@width_factor 81 2
3 81 BFF
@format_info 82 0
3 82 
@thickness 83 2
3 83 BFF
@idtab_ptr 84 0
2 84 ->
@misc_id_tab 85 0
3 85 [1]
4 85 
@misc_hist 86 1
5 86 [5]
$4,534,0,-1,500
@save_geoms 87 0
3 87 NULL
@cr_flags_xar 88 1
3 88 [18]
$2*-1,-1025,-2049,2*-1,-16777217,3*-1,67108863,0,134217728,0,65536,0,2,0
@cvt_feat_dat 89 0
3 89 NULL
@feat_dates_ptr 90 0
3 90 ->
@creat_date 91 1
4 91 0
@regen_date 92 1
4 92 150023
@geometry 93 0
2 93 
@group_info_ptr 94 0
2 94 NULL
@intrs_pairs_ptr 95 0
2 95 ->
@place_rec_ptr 96 0
2 96 ->
@local_sys 97 2
3 97 [4][3]
$3FF,2*0
$0,3FF,0
$2*0,3FF
$3*0
@own_ref_id 98 1
3 98 -1
@orient 99 1
3 99 0
@trf_arr 100 0
3 100 [1]
4 100 
@type 101 1
5 101 10
@idx 102 1
5 102 0
@transf 103 2
5 103 [4][3]
$3FF,2*0
$0,3FF,0
$2*0,3FF
$3*0
@next_prop 104 0
2 104 NULL
@first_geom_id 105 1
2 105 -1
@cond_tbl_idx 106 1
2 106 -1
@comment 107 10
2 107 NULL
@merge_info_ptr 108 0
2 108 NULL
@topology_increment 109 0
2 109 ->
@first_geom 110 1
3 110 0
@first_quilt 111 1
3 111 0
@outline 112 2
3 112 [2][3]
$BFF60C183060C183,0,C039
$3FE60C40BDC8C97R,3FF93264C993264C,40385F2E8A68BCFC
@max_part_size 113 2
3 113 0
@xform_increment 114 0
3 114 NULL
@roll_back_id 115 1
3 115 -1
@state_ind 116 1
2 116 -1
@alumni_info 117 0
2 117 NULL
@revnum 118 1
2 118 3
@rev_rec 119 0
2 119 ->
@num_plins 120 1
3 120 0
@next_feat_ptr 121 0
1 121 ->
2 37 1
2 38 1
2 39 ->
3 40 13
3 41 923
3 42 NULL
3 43 0
3 44 [3]
$262144,2*0
3 45 0
3 46 -1
3 47 -1
3 48 ->
4 49 0
4 50 0
4 51 -1
4 52 -1
4 53 -1
4 54 -1
4 55 0
4 56 0
4 57 0
4 58 0
3 59 0
2 60 -1
2 61 DTM1
2 62 2
2 84 ->
@srf_id_arr 122 1
3 122 [1][4]
$5,3*0
3 87 NULL
3 88 [18]
$2*-1,-1025,-2049,2*-1,-16777217,3*-1,67108863,0,134217728,0,65536,0,2,0
3 89 NULL
3 90 ->
4 91 0
4 92 150023
2 93 
@srf_array 123 0
3 123 [1]
4 123 ->
@geom_type 124 1
5 124 34
@geom_id 125 1
5 125 5
@feat_id 126 1
5 126 1
@boundary_type 127 1
5 127 1
@envlp 128 2
5 128 [2][2]
$BF694047D01F4C1R,BFBA639F8E149C4R
$3FE0194047D01F4C,3FBA639F8E149C4R
@srf_prim_ptr(plane) 129 0
5 129 ->
@local_sys 130 2
6 130 [4][3]
$2*0,3FF
$3FF,2*0
$0,3FF,0
$3*0
@frst_cntr_ptr 131 0
5 131 NULL
@next_geom_ptr 132 1
5 132 0
@orient 133 1
5 133 1
@outline 134 2
5 134 [2][3]
$0,BF694047D01F4C1R,BFBA639F8E149C4R
$0,3FE0194047D01F4C,3FBA639F8E149C4R
2 94 NULL
2 95 ->
2 96 ->
3 97 [4][3]
$2*0,3FF
$3FF,2*0
$0,3FF,0
$3*0
@place_instruction_ptrs 135 0
3 135 [1]
4 135 ->
@type 136 1
5 136 524
@offset 137 2
5 137 0
@dim_id 138 1
5 138 0
@ref_id 139 1
5 139 -1
@geometry1_id 140 1
5 140 4
@geometry2_id 141 1
5 141 5
@memb_num1 142 1
5 142 0
@memb_num2 143 1
5 143 0
@attr 144 1
5 144 32768
@plin_info_arr 145 0
5 145 [2]
6 145 ->
@type 146 1
7 146 1
@data(plin_info_ref) 147 0
7 147 ->
@id_type1 148 1
8 148 -4
@id_type2 149 1
8 149 5
@offset2 150 2
8 150 0
6 145 ->
7 146 6
@data(plin_info_ui_step) 151 0
7 151 ->
@step_ids 152 1
8 152 [1]
9 152 -100
3 98 -1
3 99 1
3 100 [1]
4 100 
5 101 11
5 102 0
5 103 [4][3]
$2*0,3FF
$3FF,2*0
$0,3FF,0
$3*0
2 104 NULL
2 105 5
2 106 -1
2 107 NULL
2 108 NULL
@parent_table 153 1
2 153 [1]
3 153 3
2 109 ->
3 110 0
3 111 0
3 112 [2][3]
$BFF60C183060C183,0,C039
$3FE60C40BDC8C97R,3FF93264C993264C,40385F2E8A68BCFC
3 113 0
3 114 NULL
3 115 -1
2 116 -1
2 117 NULL
2 118 3
2 119 ->
3 120 1
1 121 ->
2 37 6
2 38 1
2 39 ->
3 40 13
3 41 923
3 42 NULL
3 43 0
3 44 [3]
$262144,2*0
3 45 0
3 46 -1
3 47 -1
3 48 ->
4 49 0
4 50 0
4 51 -1
4 52 -1
4 53 -1
4 54 -1
4 55 0
4 56 0
4 57 0
4 58 0
3 59 0
2 60 -1
2 61 DTM2
2 62 2
2 84 ->
3 122 [1][4]
$7,3*0
3 87 NULL
3 88 [18]
$2*-1,-1025,-2049,2*-1,-16777217,3*-1,67108863,0,134217728,0,65536,0,2,0
3 89 NULL
3 90 ->
4 91 0
4 92 150023
2 93 
3 123 [1]
4 123 ->
5 124 34
5 125 7
5 126 6
5 127 1
5 128 [2][2]
$BFBA639F8E149C4R,BFC9FE9AB8DA16C9
$3FBA639F8E149C4R,3FBA690889F1D7D5
5 129 ->
6 130 [4][3]
$0,3FF,0
$2*0,3FF
$3FF,2*0
$3*0
5 131 NULL
5 132 0
5 133 1
5 134 [2][3]
$BFC9FE9AB8DA16C9,0,BFBA639F8E149C4R
$3FBA690889F1D7D6,0,3FBA639F8E149C4R
2 94 NULL
2 95 ->
2 96 ->
3 97 [4][3]
$0,3FF,0
$2*0,3FF
$3FF,2*0
$3*0
3 135 [1]
4 135 ->
5 136 525
5 137 0
5 138 1
5 139 -1
5 140 4
5 141 7
5 142 0
5 143 0
5 144 32768
5 145 [2]
6 145 ->
7 146 1
7 147 ->
8 148 -4
8 149 5
8 150 0
6 145 ->
7 146 6
7 151 ->
8 152 [1]
9 152 -100
3 98 -1
3 99 1
3 100 [1]
4 100 
5 101 11
5 102 0
5 103 [4][3]
$0,3FF,0
$2*0,3FF
$3FF,2*0
$3*0
2 104 NULL
2 105 7
2 106 -1
2 107 NULL
2 108 NULL
2 153 [1]
3 153 3
2 109 ->
3 110 0
3 111 0
3 112 [2][3]
$BFF60C183060C183,0,C039
$3FE60C40BDC8C97R,3FF93264C993264C,40385F2E8A68BCFC
3 113 0
3 114 NULL
3 115 -1
2 116 -1
2 117 NULL
2 118 3
2 119 ->
3 120 1
1 121 ->
2 37 8
2 38 1
2 39 ->
3 40 13
3 41 923
3 42 NULL
3 43 0
3 44 [3]
$262144,2*0
3 45 0
3 46 -1
3 47 -1
3 48 ->
4 49 0
4 50 0
4 51 -1
4 52 -1
4 53 -1
4 54 -1
4 55 0
4 56 0
4 57 0
4 58 0
3 59 0
2 60 -1
2 61 DTM3
2 62 2
2 84 ->
3 122 [1][4]
$9,3*0
3 87 NULL
3 88 [18]
$2*-1,-1025,-2049,2*-1,-16777217,3*-1,67108863,0,134217728,0,65536,0,2,0
3 89 NULL
3 90 ->
4 91 0
4 92 150023
2 93 
3 123 [1]
4 123 ->
5 124 34
5 125 9
5 126 8
5 127 1
5 128 [2][2]
$BFC9FE9AB8DA16C9,BF694047D01F4C1R
$3FBA690889F1D7D5,3FE0194047D01F4C
5 129 ->
6 130 [4][3]
$3FF,2*0
$0,3FF,0
$2*0,3FF
$3*0
5 131 NULL
5 132 0
5 133 1
5 134 [2][3]
$BFC9FE9AB8DA16C9,BF694047D01F4C1R,0
$3FBA690889F1D7D6,3FE0194047D01F4C,0
2 94 NULL
2 95 ->
2 96 ->
3 97 [4][3]
$3FF,2*0
$0,3FF,0
$2*0,3FF
$3*0
3 135 [1]
4 135 ->
5 136 519
5 137 0
5 138 2
5 139 -1
5 140 4
5 141 9
5 142 0
5 143 0
5 144 32768
5 145 [2]
6 145 ->
7 146 1
7 147 ->
8 148 -4
8 149 5
8 150 0
6 145 ->
7 146 6
7 151 ->
8 152 [1]
9 152 -100
3 98 -1
3 99 1
3 100 [1]
4 100 
5 101 11
5 102 0
5 103 [4][3]
$3FF,2*0
$0,3FF,0
$2*0,3FF
$3*0
2 104 NULL
2 105 9
2 106 -1
2 107 NULL
2 108 NULL
2 153 [1]
3 153 3
2 109 ->
3 110 0
3 111 0
3 112 [2][3]
$BFF60C183060C183,0,C039
$3FE60C40BDC8C97R,3FF93264C993264C,40385F2E8A68BCFC
3 113 0
3 114 NULL
3 115 -1
2 116 -1
2 117 NULL
2 118 3
2 119 ->
3 120 1
1 121 ->
2 37 11
2 38 1
2 39 ->
3 40 13
3 41 923
3 42 NULL
3 43 0
3 44 [3]
$3,2*0
3 45 0
3 46 -1
3 47 -1
3 48 ->
4 49 0
4 50 0
4 51 -1
4 52 970
4 53 -1
4 54 -1
4 55 0
4 56 0
4 57 0
4 58 0
3 59 0
2 60 -1
2 61 no_name
2 62 2
2 84 ->
3 122 [1][4]
$12,3*0
3 87 NULL
3 88 [18]
$2*-1,-1025,-2049,2*-1,-16777217,3*-1,67108863,0,134217728,0,65536,0,2,0
3 89 NULL
3 90 ->
4 91 150023
4 92 150023
2 93 
3 123 [1]
4 123 ->
5 124 34
5 125 12
5 126 11
5 127 -1
5 128 [2][2]
$2*0
$2*0
5 129 ->
6 130 [4][3]
$3FF,2*0
$2*0,3FF
$0,BFF,0
$3*0
5 131 NULL
5 132 0
5 133 1
5 134 [2][3]
$3*0
$3*0
2 94 NULL
2 95 ->
2 96 ->
3 97 [4][3]
$3FF,2*0
$2*0,3FF
$0,BFF,0
$3*0
3 135 [2]
4 135 ->
5 136 509
5 137 3FF
5 138 -1
5 139 -1
5 140 7
5 141 12
5 142 0
5 143 0
5 144 32768
5 145 [2]
6 145 ->
7 146 1
7 147 ->
8 148 -4
8 149 5
8 150 0
6 145 ->
7 146 6
7 151 ->
8 152 [1]
9 152 -100
4 135 ->
5 136 510
5 137 BFF
5 138 -1
5 139 -1
5 140 9
5 141 12
5 142 0
5 143 0
5 144 32768
5 145 [2]
6 145 ->
7 146 1
7 147 ->
8 148 -4
8 149 5
8 150 0
6 145 ->
7 146 6
7 151 ->
8 152 [1]
9 152 -100
3 98 -1
3 99 1
3 100 [1]
4 100 
5 101 11
5 102 0
5 103 [4][3]
$3FF,2*0
$2*0,3FF
$0,BFF,0
$3*0
2 104 NULL
2 105 12
2 106 -1
2 107 NULL
2 108 NULL
2 153 [2]
$6,8
2 109 ->
3 110 0
3 111 0
3 112 [2][3]
$BFF60C183060C183,0,C039
$3FE60C40BDC8C97R,3FF93264C993264C,40385F2E8A68BCFC
3 113 0
3 114 NULL
3 115 -1
2 116 -1
2 117 NULL
2 118 2
2 119 ->
3 120 2
1 121 ->
2 37 10
2 38 1
2 39 ->
3 40 7
3 41 917
3 42 NULL
3 43 1
3 44 [3]
$0,65536,0
3 45 0
3 46 991
3 47 -1
3 48 ->
4 49 0
4 50 266240
4 51 -1
4 52 -1
4 53 -1
4 54 -1
4 55 0
4 56 0
4 57 0
4 58 0
3 59 0
2 60 -1
2 61 no_name
2 62 2
2 84 ->
3 122 [10][4]
$13,204,2*0
$22,203,2*0
$31,200,14,0
$33,200,13,0
$35,200,25,0
$37,200,24,0
$39,200,26,0
$41,200,18,0
$43,200,12,0
$45,200,11,0
@edg_id_arr 154 1
3 154 [32][6]
$14,221,14,2*0,13
$15,221,13,2*0,13
$16,221,25,2*0,13
$17,221,24,2*0,13
$18,221,26,2*0,13
$19,221,18,2*0,13
$20,221,12,2*0,13
$21,221,11,2*0,13
$23,222,14,2*0,31
$24,222,13,2*0,33
$25,222,25,2*0,35
$26,222,24,2*0,37
$27,222,26,2*0,39
$28,222,18,2*0,41
$29,222,12,2*0,43
$30,222,11,2*0,45
$32,220,14,2*0,31
$34,220,13,2*0,33
$36,220,25,2*0,35
$38,220,24,2*0,37
$40,220,26,2*0,39
$42,220,18,2*0,41
$44,220,12,2*0,43
$46,220,11,2*0,45
$258,224,19,2*0,13
$259,224,19,1,0,43
$260,224,17,2*0,35
$261,224,17,1,0,13
$262,224,28,2*0,41
$263,224,28,1,0,41
$264,224,26,2*0,37
$265,224,26,1,0,37
@dtm_id_tab 155 0
3 155 [1]
4 155 
@dtm_id 156 1
5 156 12
@dim_id 157 1
5 157 -1
3 87 ->
@sv_frst_geom 158 1
4 158 13
3 88 [18]
$2*-1,-1025,-2049,2*-1,-16777217,3*-1,67108863,0,134217728,0,65536,0,2,0
3 89 NULL
3 90 ->
4 91 150023
4 92 150023
2 93 
3 123 [10]
4 123 ->
5 124 34
5 125 13
5 126 10
5 127 0
5 128 [2][2]
$BFC9R,BFB9999D4F93A1E3
$3FB99F064B70DD73,3FB9999D4F93A1E3
5 129 ->
6 130 [4][3]
$3FF,2*0
$2*0,3FF
$0,BFF,0
$3*0
5 131 ->
@frst_cntr_crv_hdr_ptr 159 1
6 159 14
@trv 160 1
6 160 1
@envlp 161 2
6 161 [2][2]
$BFC9R,BFB9999D4F93A1E3
$3FB99F064B70DD73,3FB9999D4F93A1E3
@next_cntr_ptr 162 0
5 162 ->
6 159 62
6 160 -1
6 161 [2][2]
$BFB,BFB00518C1B54432
$3FB,3FB00518C1B54432
5 162 NULL
5 132 22
5 133 -1
5 134 [2][3]
$BFC9R,0,BFB9999D4F93A1E3
$3FB99F064B70DD74,0,3FB9999D4F93A1E3
4 123 ->
5 124 34
5 125 22
5 126 10
5 127 0
5 128 [2][2]
$BFC9R,BFB9999D4F93A1E3
$3FB99F064B70DD73,3FB9999D4F93A1E3
5 129 ->
6 130 [4][3]
$3FF,2*0
$2*0,3FF
$0,BFF,0
$0,3FE,0
5 131 ->
6 159 23
6 160 1
6 161 [2][2]
$BFC9R,BFB9999D4F93A1E3
$3FB99F064B70DD73,3FB9999D4F93A1E3
5 162 ->
6 159 64
6 160 -1
6 161 [2][2]
$BFB,BFB00518C1B54432
$3FB,3FB00518C1B54432
5 162 NULL
5 132 31
5 133 1
5 134 [2][3]
$BFC9R,3FE,BFB9999D4F93A1E3
$3FB99F064B70DD74,3FE,3FB9999D4F93A1E3
4 123 ->
5 124 34
5 125 31
5 126 10
5 127 0
5 128 [2][2]
$2*0
$3FC9R,3FE
5 129 ->
6 130 [4][3]
$2*0,BFF
$0,3FF,0
$3FF,2*0
$BFC9R,0,BFB9R
5 131 ->
6 159 14
6 160 1
6 161 [2][2]
$2*0
$3FC9R,3FE
5 162 NULL
5 132 33
5 133 1
5 134 [2][3]
$BFC9R,0,BFB9R
$BFC9R,3FE,3FB9R
4 123 ->
5 124 34
5 125 33
5 126 10
5 127 0
5 128 [2][2]
$2*0
$3FA9R,3FE
5 129 ->
6 130 [4][3]
$3FF,2*0
$0,3FF,0
$2*0,3FF
$BFC9R,0,3FB9R
5 131 ->
6 159 15
6 160 1
6 161 [2][2]
$2*0
$3FA9R,3FE
5 162 NULL
5 132 35
5 133 1
5 134 [2][3]
$BFC9R,0,3FB9R
$BFC3R,3FE,3FB9R
4 123 ->
5 124 34
5 125 35
5 126 10
5 127 0
5 128 [2][2]
$2*0
$3F8B702097647BB,3FE
5 129 ->
6 130 [4][3]
$2*0,3FF
$0,3FF,0
$BFF,2*0
$BFC3R,0,3FB9R
5 131 ->
6 159 16
6 160 1
6 161 [2][2]
$2*0
$3F8B702097647BB,3FE
5 162 NULL
5 132 37
5 133 1
5 134 [2][3]
$BFC3R,0,3FB62B9586AD0A24
$BFC3R,3FE,3FB9R
4 123 ->
5 124 36
5 125 37
5 126 10
5 127 0
5 128 [2][2]
$3FE5579FDC3A8F4R,0
$400921FB54442D18,3FE
@srf_prim_ptr(cylinder) 163 0
5 163 ->
@local_sys 164 2
6 164 [4][3]
$3FF,2*0
$2*0,3FF
$0,BFF,0
$BFBC28F5C28F5C28,0,3FB62B9586AD0A24
@radius 165 2
6 165 3FA47AE147AE147B
5 131 ->
6 159 17
6 160 1
6 161 [2][2]
$3FE5579FDC3A8F4R,0
$400921FB54442D18,3FE
5 162 NULL
5 132 39
5 133 -1
5 134 [2][3]
$BFC3R,0,3FA7DC49C5ABFFCD
$BFB41D41D41D41D3,3FE,3FB62B9586AD0A24
4 123 ->
5 124 36
5 125 39
5 126 10
5 127 0
5 128 [2][2]
$400E77E34B52D0E7,0
$40218402816F78DE,3FE
5 163 ->
6 164 [4][3]
$3FF,2*0
$2*0,3FF
$0,BFF,0
$3*0
6 165 3FB9R
5 131 ->
6 159 18
6 160 1
6 161 [2][2]
$400E77E34B52D0E7,0
$40218402816F78DE,3FE
5 162 NULL
5 132 41
5 133 1
5 134 [2][3]
$BFB41D41D41D41D8,0,BFB9R
$3FB9R,3FE,3FB9R
4 123 ->
5 124 36
5 125 41
5 126 10
5 127 0
5 128 [2][2]
$400921FB54442D18,0
$4016770758BCDB3,3FE
5 163 ->
6 164 [4][3]
$3FF,2*0
$2*0,3FF
$0,BFF,0
$BFBC28F5C28F5C28,0,BFB62B9586AD0A24
6 165 3FA47AE147AE147B
5 131 ->
6 159 19
6 160 1
6 161 [2][2]
$400921FB54442D18,0
$4016770758BCDB3,3FE
5 162 NULL
5 132 43
5 133 -1
5 134 [2][3]
$BFC3R,0,BFB62B9586AD0A24
$BFB41D41D41D41D3,3FE,BFA7DC49C5ABFFCD
4 123 ->
5 124 34
5 125 43
5 126 10
5 127 0
5 128 [2][2]
$2*0
$3F8B702097647BB,3FE
5 129 ->
6 130 [4][3]
$2*0,3FF
$0,3FF,0
$BFF,2*0
$BFC3R,0,BFB62B9586AD0A24
5 131 ->
6 159 20
6 160 1
6 161 [2][2]
$2*0
$3F8B702097647BB,3FE
5 162 NULL
5 132 45
5 133 1
5 134 [2][3]
$BFC3R,0,BFB9R
$BFC3R,3FE,BFB62B9586AD0A24
4 123 ->
5 124 34
5 125 45
5 126 10
5 127 0
5 128 [2][2]
$2*0
$3FA9R,3FE
5 129 ->
6 130 [4][3]
$BFF,2*0
$0,3FF,0
$2*0,BFF
$BFC3R,0,BFB9R
5 131 ->
6 159 21
6 160 1
6 161 [2][2]
$2*0
$3FA9R,3FE
5 162 NULL
5 132 56
5 133 1
5 134 [2][3]
$BFC9R,0,BFB9R
$BFC3R,3FE,BFB9R
@crv_array 166 0
3 166 [24]
4 166 ->
@crv_id 167 1
5 167 14
@feat_id 168 1
5 168 10
@type 169 1
5 169 0
@crv_pnt_dir 170 1
5 170 [2]
$1,-1
@crv_pnt_arr 171 2
5 171 [2][4]
$BFC9R,3FB9R,2*0
$BFC9R,BFB9R,3FC9R,0
@crv_hdr_geom_ptr[0] 172 1
5 172 13
@crv_hdr_geom_ptr[1] 173 1
5 173 31
@next_crv_hdr_ptr[0] 174 1
5 174 15
@next_crv_hdr_ptr[1] 175 1
5 175 32
@ref_geom[0] 176 1
5 176 0
@ref_geom[1] 177 1
5 177 0
4 166 ->
5 167 15
5 168 10
5 169 0
5 170 [2]
$1,-1
5 171 [2][4]
$BFC9R,BFB9R,2*0
$BFC3R,BFB9R,3FA9R,0
5 172 13
5 173 33
5 174 16
5 175 34
5 176 0
5 177 0
4 166 ->
5 167 16
5 168 10
5 169 0
5 170 [2]
$1,-1
5 171 [2][4]
$BFC3R,BFB9R,2*0
$BFC3R,BFB62B9586AD0A24,3F8B702097647BB,0
5 172 13
5 173 35
5 174 17
5 175 36
5 176 0
5 177 0
4 166 ->
5 167 17
5 168 10
5 169 0
5 170 [2]
$1,-1
5 171 [14][4]
$BFC3R,BFB62B9586AD0A24,400921FB54442D18,0
$BFC31B862731E9B2,BFB43B94F0566065,40079C213967714E,0
$BFC2D559FA4F1F17,BFB25D7F974414FC,400616471E8AB583,0
$BFC26337A8D8749F,BFB0A29AFFFF0403,4004906D03ADF9B9,0
$BFC1C93EC23033D4,BFAE35CE7485D56A,40030A92E8D13DER,0
$BFC10CFF4688FBE3,BFABA915CDC3BA67,400184B8CDF48224,0
$BFC035463522979F,BFA9B6A0B0553DD3,3FFFFDBD662F8CB3,0
$BFBE93BD4D9F0D92,BFA870710E62B4DE,3FFCF2093076151F,0
$BFBCA69374E90AEF,BFA7E24F9CE3ADEC,3FF9E654FABC9D8A,0
$BFBAB4DFDC32BF9D,BFA8115ED7D66859,3FF6DAA0C50325F6,0
$BFB8D09D77E6F17F,BFA8FBEB85575CB9,3FF3CEEC8F49AE6,0
$BFB70B4AEAB84629,BFAA997C6EC9120D,3FF0C338599036CD,0
$BFB57548B94FB09C,BFACDB20BEA1E7D2,3FEB6F0847AD7E6C,0
$BFB41D41D41D41C1,BFAFABFA2E1BC58,3FE5579FDC3A8F4R,0
5 172 13
5 173 37
5 174 18
5 175 38
5 176 0
5 177 0
4 166 ->
5 167 18
5 168 10
5 169 0
5 170 [2]
$1,-1
5 171 [34][4]
$BFB41D41D41D41C1,BFAFABFA2E1BC58,400E77E34B52D0E7,0
$BFB185B7ED3E44CA,BFB2A9DDAD70EF54,400FAB0B41751748,0
$BFAD12F01AE18C02,BFB5127927B5BFDC,40106F199BCBAED5,0
$BFA6735590609C04,BFB701F787BDF029,401108AD96DCD206,0
$BF9EA563A7EDD634,BFB86D38EB5B4F4,4011A24191EDF537,0
$BF8F67F08CAD761D,BFB94C157CB76B7,40123BD58CFF1868,0
$BF3A12F5F6DEA948,BFB9998C524D53B8,4012D56988103B98,0
$3F8DCB7013952E2F,BFB953E0310AE10C,40136EFD83215EC9,0
$3F9DDE1C4F8121DF,BFB87CA18B4F2F6,401408917E3281FA,0
$3FA6156B05500934,BFB718A58352489F,4014A2257943A52A,0
$3FACBCDA7B1E5A02,BFB52FEA24A29441,40153BB97454C85B,0
$3FB15F8EF662C2D7,BFB2CD68745C2FDE,4015D54D6F65EB8C,0
$3FB3FCD60A1176C8,BFAFFDAAC040B1DA,40166EE16A770EBD,0
$3FB6273BC0952B5R,BFA9A8A5EC8F2C1,40170875658831ED,0
$3FB7D24DAA3A43D2,BFA2C0275834E67R,4017A2096099551E,0
$3FB8F47529E22A62,BF96D7C71C0D4524,40183B9D5BAA784F,0
$3FB9872E9112986,BF7EAFD41DB4BF7R,4018D53156BB9B8,0
$3FB9872E9112986,3F7EAFD41DB4BF3F,40196EC551CCBEB,0
$3FB8F47529E22A63,3F96D7C71C0D4517,401A08594CDDE1E1,0
$3FB7D24DAA3A43D4,3FA2C0275834E66F,401AA1ED47EF0512,0
$3FB6273BC0952B5A,3FA9A8A5EC8F2BFR,401B3B8143002842,0
$3FB3FCD60A1176CB,3FAFFDAAC040B1D5,401BD5153E114B73,0
$3FB15F8EF662C2D9,3FB2CD68745C2FDB,401C6EA939226EA4,0
$3FACBCDA7B1E5A07,3FB52FEA24A2944,401D083D343391D5,0
$3FA6156B0550093A,3FB718A58352489D,401DA1D12F44B506,0
$3F9DDE1C4F8121ED,3FB87CA18B4F2F6,401E3B652A55D836,0
$3F8DCB7013952E7D,3FB953E0310AE10A,401ED4F92566FB6R,0
$BF3A12F5F6DE9F5A,3FB9998C524D53B8,401F6E8D20781E97,0
$BF8F67F08CAD7602,3FB94C157CB76B7,402004108DC4A0E4,0
$BF9EA563A7EDD60F,3FB86D38EB5B4F43,402050DA8B4D327C,0
$BFA6735590609BFE,3FB701F787BDF02B,40209DA488D5C415,0
$BFAD12F01AE18C07,3FB5127927B5BFDA,4020EA6E865E55AE,0
$BFB185B7ED3E44C9,3FB2A9DDAD70EF54,4021373883E6E746,0
$BFB41D41D41D41EC,3FAFABFA2E1BC523,40218402816F78DE,0
5 172 13
5 173 39
5 174 19
5 175 40
5 176 0
5 177 0
4 166 ->
5 167 19
5 168 10
5 169 0
5 170 [2]
$1,-1
5 171 [14][4]
$BFB41D41D41D41EC,3FAFABFA2E1BC523,4016770758BCDB3,0
$BFB57548B94FB09C,3FACDB20BEA1E7D4,4015B41A4B4E7D4B,0
$BFB70B4AEAB84627,3FAA997C6EC9120F,4014F12D3DE01F6R,0
$BFB8D09D77E6F17F,3FA8FBEB85575CB8,40142E403071C18,0
$BFBAB4DFDC32BF9C,3FA8115ED7D66859,40136B532303639B,0
$BFBCA69374E90AER,3FA7E24F9CE3ADEC,4012A866159505B6,0
$BFBE93BD4D9F0D93,3FA870710E62B4DE,4011E5790826A7D,0
$BFC035463522979E,3FA9B6A0B0553DD2,4011228BFAB849EC,0
$BFC10CFF4688FBE3,3FABA915CDC3BA68,40105F9EED49EC06,0
$BFC1C93EC23033D4,3FAE35CE7485D56C,400F3963BFB71C42,0
$BFC26337A8D8749F,3FB0A29AFFFF0403,400DB389A4DA607R,0
$BFC2D559FA4F1F17,3FB25D7F974414FD,400C2DAF89FDA4AD,0
$BFC31B862731E9B2,3FB43B94F0566065,400AA7D56F20E8E2,0
$BFC3R,3FB62B9586AD0A24,400921FB54442D18,0
5 172 13
5 173 41
5 174 20
5 175 42
5 176 0
5 177 0
4 166 ->
5 167 20
5 168 10
5 169 0
5 170 [2]
$1,-1
5 171 [2][4]
$BFC3R,3FB62B9586AD0A24,2*0
$BFC3R,3FB9R,3F8B702097647BB,0
5 172 13
5 173 43
5 174 21
5 175 44
5 176 0
5 177 0
4 166 ->
5 167 21
5 168 10
5 169 0
5 170 [2]
$1,-1
5 171 [2][4]
$BFC3R,3FB9R,2*0
$BFC9R,3FB9R,3FA9R,0
5 172 13
5 173 45
5 174 14
5 175 46
5 176 0
5 177 0
4 166 ->
5 167 23
5 168 10
5 169 0
5 170 [2]
$-1,1
5 171 [2][4]
$BFC9R,3FB9R,0,3FE
$BFC9R,BFB9R,3FC9R,3FE
5 172 22
5 173 31
5 174 30
5 175 34
5 176 0
5 177 0
4 166 ->
5 167 24
5 168 10
5 169 0
5 170 [2]
$-1,1
5 171 [2][4]
$BFC9R,BFB9R,0,3FE
$BFC3R,BFB9R,3FA9R,3FE
5 172 22
5 173 33
5 174 23
5 175 36
5 176 0
5 177 0
4 166 ->
5 167 25
5 168 10
5 169 0
5 170 [2]
$-1,1
5 171 [2][4]
$BFC3R,BFB9R,0,3FE
$BFC3R,BFB62B9586AD0A24,3F8B702097647BB,3FE
5 172 22
5 173 35
5 174 24
5 175 38
5 176 0
5 177 0
4 166 ->
5 167 26
5 168 10
5 169 0
5 170 [2]
$-1,1
5 171 [14][4]
$BFC3R,BFB62B9586AD0A24,400921FB54442D18,3FE
$BFC31B862731E9B2,BFB43B94F0566065,40079C213967714E,3FE
$BFC2D559FA4F1F17,BFB25D7F974414FC,400616471E8AB583,3FE
$BFC26337A8D8749F,BFB0A29AFFFF0403,4004906D03ADF9B9,3FE
$BFC1C93EC23033D4,BFAE35CE7485D56A,40030A92E8D13DER,3FE
$BFC10CFF4688FBE3,BFABA915CDC3BA67,400184B8CDF48224,3FE
$BFC035463522979F,BFA9B6A0B0553DD3,3FFFFDBD662F8CB3,3FE
$BFBE93BD4D9F0D92,BFA870710E62B4DE,3FFCF2093076151F,3FE
$BFBCA69374E90AEF,BFA7E24F9CE3ADEC,3FF9E654FABC9D8A,3FE
$BFBAB4DFDC32BF9D,BFA8115ED7D66859,3FF6DAA0C50325F6,3FE
$BFB8D09D77E6F17F,BFA8FBEB85575CB9,3FF3CEEC8F49AE6,3FE
$BFB70B4AEAB84629,BFAA997C6EC9120D,3FF0C338599036CD,3FE
$BFB57548B94FB09C,BFACDB20BEA1E7D2,3FEB6F0847AD7E6C,3FE
$BFB41D41D41D41C1,BFAFABFA2E1BC58,3FE5579FDC3A8F4R,3FE
5 172 22
5 173 37
5 174 25
5 175 40
5 176 0
5 177 0
4 166 ->
5 167 27
5 168 10
5 169 0
5 170 [2]
$-1,1
5 171 [34][4]
$BFB41D41D41D41C1,BFAFABFA2E1BC58,400E77E34B52D0E7,3FE
$BFB185B7ED3E44CA,BFB2A9DDAD70EF54,400FAB0B41751748,3FE
$BFAD12F01AE18C02,BFB5127927B5BFDC,40106F199BCBAED5,3FE
$BFA6735590609C04,BFB701F787BDF029,401108AD96DCD206,3FE
$BF9EA563A7EDD634,BFB86D38EB5B4F4,4011A24191EDF537,3FE
$BF8F67F08CAD761D,BFB94C157CB76B7,40123BD58CFF1868,3FE
$BF3A12F5F6DEA948,BFB9998C524D53B8,4012D56988103B98,3FE
$3F8DCB7013952E2F,BFB953E0310AE10C,40136EFD83215EC9,3FE
$3F9DDE1C4F8121DF,BFB87CA18B4F2F6,401408917E3281FA,3FE
$3FA6156B05500934,BFB718A58352489F,4014A2257943A52A,3FE
$3FACBCDA7B1E5A02,BFB52FEA24A29441,40153BB97454C85B,3FE
$3FB15F8EF662C2D7,BFB2CD68745C2FDE,4015D54D6F65EB8C,3FE
$3FB3FCD60A1176C8,BFAFFDAAC040B1DA,40166EE16A770EBD,3FE
$3FB6273BC0952B5R,BFA9A8A5EC8F2C1,40170875658831ED,3FE
$3FB7D24DAA3A43D2,BFA2C0275834E67R,4017A2096099551E,3FE
$3FB8F47529E22A62,BF96D7C71C0D4524,40183B9D5BAA784F,3FE
$3FB9872E9112986,BF7EAFD41DB4BF7R,4018D53156BB9B8,3FE
$3FB9872E9112986,3F7EAFD41DB4BF3F,40196EC551CCBEB,3FE
$3FB8F47529E22A63,3F96D7C71C0D4517,401A08594CDDE1E1,3FE
$3FB7D24DAA3A43D4,3FA2C0275834E66F,401AA1ED47EF0512,3FE
$3FB6273BC0952B5A,3FA9A8A5EC8F2BFR,401B3B8143002842,3FE
$3FB3FCD60A1176CB,3FAFFDAAC040B1D5,401BD5153E114B73,3FE
$3FB15F8EF662C2D9,3FB2CD68745C2FDB,401C6EA939226EA4,3FE
$3FACBCDA7B1E5A07,3FB52FEA24A2944,401D083D343391D5,3FE
$3FA6156B0550093A,3FB718A58352489D,401DA1D12F44B506,3FE
$3F9DDE1C4F8121ED,3FB87CA18B4F2F6,401E3B652A55D836,3FE
$3F8DCB7013952E7D,3FB953E0310AE10A,401ED4F92566FB6R,3FE
$BF3A12F5F6DE9F5A,3FB9998C524D53B8,401F6E8D20781E97,3FE
$BF8F67F08CAD7602,3FB94C157CB76B7,402004108DC4A0E4,3FE
$BF9EA563A7EDD60F,3FB86D38EB5B4F43,402050DA8B4D327C,3FE
$BFA6735590609BFE,3FB701F787BDF02B,40209DA488D5C415,3FE
$BFAD12F01AE18C07,3FB5127927B5BFDA,4020EA6E865E55AE,3FE
$BFB185B7ED3E44C9,3FB2A9DDAD70EF54,4021373883E6E746,3FE
$BFB41D41D41D41EC,3FAFABFA2E1BC523,40218402816F78DE,3FE
5 172 22
5 173 39
5 174 26
5 175 42
5 176 0
5 177 0
4 166 ->
5 167 28
5 168 10
5 169 0
5 170 [2]
$-1,1
5 171 [14][4]
$BFB41D41D41D41EC,3FAFABFA2E1BC523,4016770758BCDB3,3FE
$BFB57548B94FB09C,3FACDB20BEA1E7D4,4015B41A4B4E7D4B,3FE
$BFB70B4AEAB84627,3FAA997C6EC9120F,4014F12D3DE01F6R,3FE
$BFB8D09D77E6F17F,3FA8FBEB85575CB8,40142E403071C18,3FE
$BFBAB4DFDC32BF9C,3FA8115ED7D66859,40136B532303639B,3FE
$BFBCA69374E90AER,3FA7E24F9CE3ADEC,4012A866159505B6,3FE
$BFBE93BD4D9F0D93,3FA870710E62B4DE,4011E5790826A7D,3FE
$BFC035463522979E,3FA9B6A0B0553DD2,4011228BFAB849EC,3FE
$BFC10CFF4688FBE3,3FABA915CDC3BA68,40105F9EED49EC06,3FE
$BFC1C93EC23033D4,3FAE35CE7485D56C,400F3963BFB71C42,3FE
$BFC26337A8D8749F,3FB0A29AFFFF0403,400DB389A4DA607R,3FE
$BFC2D559FA4F1F17,3FB25D7F974414FD,400C2DAF89FDA4AD,3FE
$BFC31B862731E9B2,3FB43B94F0566065,400AA7D56F20E8E2,3FE
$BFC3R,3FB62B9586AD0A24,400921FB54442D18,3FE
5 172 22
5 173 41
5 174 27
5 175 44
5 176 0
5 177 0
4 166 ->
5 167 29
5 168 10
5 169 0
5 170 [2]
$-1,1
5 171 [2][4]
$BFC3R,3FB62B9586AD0A24,0,3FE
$BFC3R,3FB9R,3F8B702097647BB,3FE
5 172 22
5 173 43
5 174 28
5 175 46
5 176 0
5 177 0
4 166 ->
5 167 30
5 168 10
5 169 0
5 170 [2]
$-1,1
5 171 [2][4]
$BFC3R,3FB9R,0,3FE
$BFC9R,3FB9R,3FA9R,3FE
5 172 22
5 173 45
5 174 29
5 175 32
5 176 0
5 177 0
4 166 ->
5 167 32
5 168 10
5 169 0
5 170 [2]
$1,-1
5 171 [2][4]
$2*0,3FA9R,0
$0,3FE,3FA9R,3FE
5 172 31
5 173 45
5 174 23
5 175 21
5 176 0
5 177 0
4 166 ->
5 167 34
5 168 10
5 169 0
5 170 [2]
$1,-1
5 171 [2][4]
$2*0,3FC9R,0
$0,3FE,3FC9R,3FE
5 172 33
5 173 31
5 174 24
5 175 14
5 176 0
5 177 0
4 166 ->
5 167 36
5 168 10
5 169 0
5 170 [2]
$1,-1
5 171 [2][4]
$2*0,3FA9R,0
$0,3FE,3FA9R,3FE
5 172 35
5 173 33
5 174 25
5 175 15
5 176 0
5 177 0
4 166 ->
5 167 38
5 168 10
5 169 0
5 170 [2]
$1,-1
5 171 [2][4]
$400921FB54442D18,0,3F8B702097647BB,0
$400921FB54442D18,3FE,3F8B702097647BB,3FE
5 172 37
5 173 35
5 174 26
5 175 16
5 176 0
5 177 0
4 166 ->
5 167 40
5 168 10
5 169 0
5 170 [2]
$1,-1
5 171 [2][4]
$400E77E34B52D0E7,0,3FE5579FDC3A8F4R,0
$400E77E34B52D0E7,3FE,3FE5579FDC3A8F4R,3FE
5 172 39
5 173 37
5 174 27
5 175 17
5 176 0
5 177 0
4 166 ->
5 167 42
5 168 10
5 169 0
5 170 [2]
$1,-1
5 171 [2][4]
$4016770758BCDB3,0,40218402816F78DE,0
$4016770758BCDB3,3FE,40218402816F78DE,3FE
5 172 41
5 173 39
5 174 28
5 175 18
5 176 0
5 177 0
4 166 ->
5 167 44
5 168 10
5 169 0
5 170 [2]
$1,-1
5 171 [2][4]
$2*0,400921FB54442D18,0
$0,3FE,400921FB54442D18,3FE
5 172 43
5 173 41
5 174 29
5 175 19
5 176 0
5 177 0
4 166 ->
5 167 46
5 168 10
5 169 0
5 170 [2]
$1,-1
5 171 [2][4]
$2*0,3F8B702097647BB,0
$0,3FE,3F8B702097647BB,3FE
5 172 45
5 173 43
5 174 30
5 175 20
5 176 0
5 177 0
2 94 NULL
2 95 ->
2 96 ->
3 97 [4][3]
$3FF,2*0
$2*0,3FF
$0,BFF,0
$3*0
3 135 [1]
4 135 ->
5 136 1853
5 137 0
5 138 3
5 139 -1
5 140 -1
5 141 -1
5 142 0
5 143 0
5 144 0
5 145 [1]
6 145 ->
7 146 6
7 151 ->
8 152 [1]
9 152 -100
3 98 -1
3 99 0
3 100 [2]
4 100 
5 101 1
5 102 0
5 103 [4][3]
$0,BFF,0
$3FF,2*0
$2*0,3FF
$3*0
4 100 
5 101 12
5 102 0
5 103 [4][3]
$3FF,2*0
$2*0,3FF
$0,BFF,0
$3*0
2 104 NULL
2 105 13
@gsec_ptr 178 0
2 178 [1]
3 178 
@type 179 1
4 179 2
@name 180 10
4 180 S2D0012
@gsec2d_ptr 181 0
4 181 ->
@name 182 10
5 182 S2D0012
@segtab_ptr 183 0
5 183 [11]
6 183 
@type 184 1
7 184 2
@dir 185 1
7 185 [3]
$1,2*0
@pointid 186 1
7 186 [2]
$0,1
@cntrid 187 1
7 187 1
@arcorient 188 1
7 188 0
@verhor 189 1
7 189 1
@radius 190 1
7 190 0
@ext_id 191 1
7 191 11
@gen_info 192 0
7 192 
@known_ent_info 193 0
7 193 
@attr 194 1
8 194 0
@known_ent_id 195 1
8 195 -1
6 183 
7 184 2
7 185 [3]
$-1,2*0
7 186 [2]
$2,3
7 187 3
7 188 0
7 189 1
7 190 0
7 191 13
7 192 
7 193 
8 194 0
8 195 -1
6 183 
7 184 2
7 185 [3]
$0,1,0
7 186 [2]
$3,0
7 187 0
7 188 0
7 189 0
7 190 0
7 191 14
7 192 
7 193 
8 194 0
8 195 -1
6 183 
7 184 32769
7 185 [3]
$3*0
7 186 [2]
$2*0
7 187 4
7 188 0
7 189 0
7 190 0
7 191 15
7 192 
7 193 
8 194 0
8 195 -1
6 183 
7 184 3
7 185 [3]
$1,-1,0
7 186 [2]
$5,6
7 187 7
7 188 0
7 189 -1
7 190 0
7 191 18
7 192 
7 193 
8 194 0
8 195 -1
6 183 
7 184 2
7 185 [3]
$0,-1,0
7 186 [2]
$1,5
7 187 0
7 188 0
7 189 0
7 190 0
7 191 12
7 192 
7 193 
8 194 0
8 195 -1
6 183 
7 184 3
7 185 [3]
$2*-1,0
7 186 [2]
$8,9
7 187 10
7 188 0
7 189 -1
7 190 1
7 191 24
7 192 
7 193 
8 194 0
8 195 -1
6 183 
7 184 2
7 185 [3]
$0,-1,0
7 186 [2]
$9,2
7 187 0
7 188 0
7 189 0
7 190 0
7 191 25
7 192 
7 193 
8 194 0
8 195 -1
6 183 
7 184 3
7 185 [3]
$0,1,0
7 186 [2]
$8,6
7 187 4
7 188 0
7 189 0
7 190 2
7 191 26
7 192 
7 193 
8 194 0
8 195 -1
6 183 
7 184 32770
7 185 [3]
$-1,2*0
7 186 [2]
$11,12
7 187 12
7 188 0
7 189 1
7 190 0
7 191 16
7 192 
@attributes 196 1
8 196 8
7 193 
8 194 0
8 195 -1
6 183 
7 184 32770
7 185 [3]
$0,-1,0
7 186 [2]
$13,14
7 187 14
7 188 0
7 189 0
7 190 0
7 191 17
7 192 
8 196 8
7 193 
8 194 0
8 195 -1
@dimtab_ptr 197 0
5 197 [7]
6 197 
@type 198 1
7 198 3
@value 199 2
7 199 3FB9R
@direct 200 1
7 200 0
@property 201 1
7 201 0
@leftpt 202 1
7 202 [2]
@rightpt 203 1
7 203 [2]
@offset 204 2
7 204 0
@ext_id 205 1
7 205 9
@dispdimattr 206 0
7 206 
@dimattr 207 1
8 207 [2]
$2082,0
@dim_ref 208 0
7 208 [2]
8 208 
@item_id 209 1
9 209 8
@sense 210 1
9 210 -1
@point 211 1
9 211 [2]
$2*-1
8 208 
9 209 -1
9 210 -1
9 211 [2]
$2*-1
6 197 
7 198 1
7 199 3FA9R
7 200 0
7 201 0
7 202 [2]
7 203 [2]
7 204 0
7 205 10
7 206 
8 207 [2]
$2082,0
7 208 [2]
8 208 
9 209 0
9 210 -1
9 211 [2]
$2*0
8 208 
9 209 -1
9 210 -1
9 211 [2]
$2*1
6 197 
7 198 5
7 199 3FB9R
7 200 0
7 201 0
7 202 [2]
7 203 [2]
7 204 0
7 205 12
7 206 
8 207 [2]
$2082,0
7 208 [2]
8 208 
9 209 0
9 210 -1
9 211 [2]
$0,1
8 208 
9 209 9
9 210 -1
9 211 [2]
$11,12
6 197 
7 198 5
7 199 3FC3R
7 200 0
7 201 0
7 202 [2]
7 203 [2]
7 204 0
7 205 13
7 206 
8 207 [2]
$2082,0
7 208 [2]
8 208 
9 209 7
9 210 -1
9 211 [2]
$9,2
8 208 
9 209 10
9 210 -1
9 211 [2]
$13,14
6 197 
7 198 42
7 199 0
7 200 0
7 201 0
7 202 [2]
7 203 [2]
7 204 0
7 205 15
7 206 
8 207 [2]
$2082,0
7 208 [2]
8 208 
9 209 3
9 210 3
9 211 [2]
$2*-1
8 208 
9 209 8
9 210 3
9 211 [2]
$2*-1
6 197 
7 198 3
7 199 3FA47AE147AE147B
7 200 0
7 201 0
7 202 [2]
7 203 [2]
7 204 0
7 205 16
7 206 
8 207 [2]
$2082,0
7 208 [2]
8 208 
9 209 4
9 210 -1
9 211 [2]
$2*-1
8 208 
9 209 -1
9 210 -1
9 211 [2]
$2*-1
6 197 
7 198 3
7 199 3FA47AE147AE147B
7 200 0
7 201 0
7 202 [2]
7 203 [2]
7 204 0
7 205 17
7 206 
8 207 [2]
$2082,0
7 208 [2]
8 208 
9 209 6
9 210 -1
9 211 [2]
$2*-1
8 208 
9 209 -1
9 210 -1
9 211 [2]
$2*-1
@relat_ptr 212 0
5 212 [21]
6 212 
@id 213 1
7 213 -1
@used 214 1
7 214 0
@a 215 1
7 215 [4]
$2,3*0
@b 216 1
7 216 [4]
$4*0
@c 217 2
7 217 [4]
$4*3FF
@sign 218 1
7 218 1
@idim 219 1
7 219 0
@type 220 1
7 220 14
6 212 
7 213 -1
7 214 0
7 215 [4]
$0,11,2*-1
7 216 [4]
$2*1,2*0
7 217 [4]
$3FF,BFF,2*3FF
7 218 -1
7 219 2
7 220 0
6 212 
7 213 -1
7 214 1
7 215 [4]
$0,1,2*-1
7 216 [4]
$2*1,2*0
7 217 [4]
$3FF,BFF,2*3FF
7 218 0
7 219 0
7 220 0
6 212 
7 213 -1
7 214 0
7 215 [4]
$9,13,2*-1
7 216 [4]
$4*0
7 217 [4]
$3FF,BFF,2*3FF
7 218 1
7 219 3
7 220 0
6 212 
7 213 -1
7 214 1
7 215 [4]
$9,2,2*-1
7 216 [4]
$4*0
7 217 [4]
$3FF,BFF,2*3FF
7 218 0
7 219 0
7 220 0
6 212 
7 213 -1
7 214 0
7 215 [4]
$4*0
7 216 [4]
$4*0
7 217 [4]
$4*3FF
7 218 1
7 219 5
7 220 14
6 212 
7 213 -1
7 214 0
7 215 [4]
$1,3*0
7 216 [4]
$4*0
7 217 [4]
$4*3FF
7 218 1
7 219 6
7 220 14
6 212 
7 213 -1
7 214 6
7 215 [4]
$9,2,8,0
7 216 [4]
$10,7,2*0
7 217 [4]
$BFF,2*3FF,0
7 218 -1
7 219 1
7 220 5
6 212 
7 213 -1
7 214 3
7 215 [4]
$10,4,8,1
7 216 [4]
$1,2,9,6
7 217 [4]
$2*3FF,BFF,3FF
7 218 -1
7 219 -1
7 220 11
6 212 
7 213 -1
7 214 3
7 215 [4]
$8,9,2*0
7 216 [4]
$10,3*0
7 217 [4]
$2*3FF,BFF,3FF
7 218 1
7 219 1
7 220 6
6 212 
7 213 -1
7 214 0
7 215 [4]
$4,10,8,2
7 216 [4]
$2,1,6,9
7 217 [4]
$3*BFF,3FF
7 218 -1
7 219 -1
7 220 11
6 212 
7 213 -1
7 214 1
7 215 [4]
$9,1,2*-1
7 216 [4]
$4*0
7 217 [4]
$3FF,BFF,2*3FF
7 218 0
7 219 -1
7 220 0
6 212 
7 213 -1
7 214 1
7 215 [4]
$1,5,2*-1
7 216 [4]
$4*0
7 217 [4]
$3FF,BFF,2*3FF
7 218 0
7 219 0
7 220 0
6 212 
7 213 -1
7 214 6
7 215 [4]
$5,1,6,0
7 216 [4]
$7,5,2*0
7 217 [4]
$BFF,3*3FF
7 218 1
7 219 0
7 220 5
6 212 
7 213 -1
7 214 3
7 215 [4]
$7,4,6,2
7 216 [4]
$0,2,5,8
7 217 [4]
$3FF,2*BFF,3FF
7 218 -1
7 219 -1
7 220 11
6 212 
7 213 -1
7 214 1
7 215 [4]
$5,6,2*0
7 216 [4]
$7,3*0
7 217 [4]
$BFF,2*3FF,BFF
7 218 1
7 219 0
7 220 6
6 212 
7 213 -1
7 214 0
7 215 [4]
$4,7,6,1
7 216 [4]
$2,0,8,5
7 217 [4]
$BFF,3FF,BFF,3FF
7 218 -1
7 219 -1
7 220 11
6 212 
7 213 -1
7 214 0
7 215 [4]
$0,1,2*-1
7 216 [4]
$4*0
7 217 [4]
$3FF,BFF,2*3FF
7 218 1
7 219 1
7 220 0
6 212 
7 213 -1
7 214 0
7 215 [4]
$3,0,2*-1
7 216 [4]
$4*0
7 217 [4]
$3FF,BFF,2*3FF
7 218 0
7 219 0
7 220 0
6 212 
7 213 -1
7 214 3
7 215 [4]
$1,5,9,2
7 216 [4]
$4*1
7 217 [4]
$3FF,2*BFF,3FF
7 218 0
7 219 -1
7 220 0
6 212 
7 213 -1
7 214 1
7 215 [4]
$2,3,2*-1
7 216 [4]
$2*1,2*0
7 217 [4]
$3FF,BFF,2*3FF
7 218 0
7 219 0
7 220 0
@formula_ptr 221 1
5 221 [21]
$0,1,2,3,4,5,6,7,8,9,10,11,12,13,14,15,16,17,18,19,20
@qind 222 1
5 222 -1
@totalpointid 223 1
5 223 15
@checkarcs_flag 224 1
5 224 1
@location 225 0
5 225 ->
@id 226 1
6 226 0
@param 227 2
6 227 0
@type 228 1
6 228 0
@nsket_info 229 0
5 229 ->
@scale 230 2
6 230 40586C38A621F204
@m 231 1
6 231 7
@last_was_permanent 232 1
6 232 0
@unsolved_ptr 233 0
5 233 ->
@iges_file 234 10
6 234 NULL
@solve_version 235 1
5 235 1
@segdscr_tab 236 0
5 236 [27]
6 236 
@ent_mode 237 1
7 237 0
6 236 
7 237 0
6 236 
7 237 0
6 236 
7 237 0
6 236 
7 237 0
6 236 
7 237 0
6 236 
7 237 0
6 236 
7 237 0
6 236 
7 237 0
6 236 
7 237 0
6 236 
7 237 0
6 236 
7 237 0
6 236 
7 237 0
6 236 
7 237 0
6 236 
7 237 0
6 236 
7 237 0
6 236 
7 237 0
6 236 
7 237 0
6 236 
7 237 0
6 236 
7 237 0
6 236 
7 237 0
6 236 
7 237 0
6 236 
7 237 0
6 236 
7 237 0
6 236 
7 237 0
6 236 
7 237 0
6 236 
7 237 0
@gsec3d_ptr 238 0
4 238 ->
@type 239 1
5 239 7
@name 240 10
5 240 S2D0012
@flip 241 1
5 241 1
@own_ref_id 242 1
5 242 -1
@first_chain_ptr 243 0
5 243 NULL
@quilt_id 244 1
5 244 -1
@plane_id 245 1
5 245 12
@plane_flip 246 1
5 246 -1
@ref_planes 247 0
5 247 [3]
6 247 
@plane_id 248 1
7 248 4
@ref_type 249 1
7 249 25
@ext_ref_id 250 1
7 250 -1
@seg_id 251 1
7 251 3
@flip_flag 252 1
7 252 0
@save_entity_ptr(point) 253 0
7 253 ->
@type 254 1
8 254 32769
@id 255 1
8 255 -1
@gen_info 256 0
8 256 
@flip 257 1
8 257 1
@pnt 258 2
8 258 [3]
$3*0
@ref_id 259 1
8 259 -1
@feat_id 260 1
8 260 -1
@back_entity_ptr(point) 261 0
7 261 ->
8 254 32769
8 255 -1
8 256 
8 257 1
8 258 [3]
$3*0
8 259 -1
8 260 -1
6 247 
7 248 9
7 249 5
7 250 -1
7 251 9
7 252 0
@save_entity_ptr(line) 262 0
7 262 ->
@type 263 1
8 263 32770
@id 264 1
8 264 0
@gen_info 265 0
8 265 
9 196 8
@end1 266 2
8 266 [3]
$3*0
@end2 267 2
8 267 [3]
$C059,2*0
@back_entity_ptr(line) 268 0
7 268 ->
8 263 32770
8 264 0
8 265 
9 196 8
8 266 [3]
$3*0
8 267 [3]
$C059,2*0
6 247 
7 248 5
7 249 5
7 250 -1
7 251 10
7 252 0
7 262 ->
8 263 32770
8 264 0
8 265 
9 196 8
8 266 [3]
$3*0
8 267 [3]
$0,C059,0
7 268 ->
8 263 32770
8 264 0
8 265 
9 196 8
8 266 [3]
$3*0
8 267 [3]
$0,C059,0
@order_ptr 269 0
4 269 [8]
5 269 
@id 270 1
6 270 0
@flip 271 1
6 271 34
5 269 
6 270 5
6 271 0
5 269 
6 270 4
6 271 0
5 269 
6 270 8
6 271 1
5 269 
6 270 6
6 271 0
5 269 
6 270 7
6 271 0
5 269 
6 270 1
6 271 0
5 269 
6 270 2
6 271 4
@dim_id_tab 272 1
4 272 [7]
$4,5,6,7,8,9,10
@attributes 273 1
4 273 0
@xsec_id 274 1
4 274 -1
@gsec_info_arr 275 0
4 275 [1]
5 275 
@application_type 276 1
6 276 2
@application_id 277 1
6 277 -100
@secsolve_revnum 278 1
4 278 0
@rel_accuracy 279 2
4 279 BFF
@p_saved_result 280 0
4 280 ->
@entity(line) 281 0
5 281 ->
6 264 0
6 265 
6 266 [3]
$BFC9R,3FB9R,0
6 267 [3]
$BFC3R,3FB9R,0
5 281 ->
6 264 1
6 265 
6 266 [3]
$BFC3R,BFB9R,0
6 267 [3]
$BFC9R,BFB9R,0
5 281 ->
6 264 2
6 265 
6 266 [3]
$BFC9R,BFB9R,0
6 267 [3]
$BFC9R,3FB9R,0
@entity(point) 282 0
5 282 ->
6 254 32769
6 255 3
6 256 
6 257 1
6 258 [3]
$3*0
6 259 -1
6 260 -1
@entity(arc) 283 0
5 283 ->
@id 284 1
6 284 4
@gen_info 285 0
6 285 
@center 286 2
6 286 [3]
$BFBC28F5C28F5C28,3FB62B9586AD0A24,0
@radius 287 2
6 287 3FA47AE147AE147B
@end1 288 2
6 288 [3]
$BFC3R,3FB62B9586AD0A24,0
@end2 289 2
6 289 [3]
$BFB41D41D41D41D4,3FAFABFA2E1BC558,0
@t0 290 2
6 290 400921FB54442D18
@t1 291 2
6 291 4016770758BCDB3
5 281 ->
6 264 5
6 265 
6 266 [3]
$BFC3R,3FB9R,0
6 267 [3]
$BFC3R,3FB62B9586AD0A24,0
5 283 ->
6 284 6
6 285 
6 286 [3]
$BFBC28F5C28F5C28,BFB62B9586AD0A24,0
6 287 3FA47AE147AE147B
6 288 [3]
$BFB41D41D41D41D4,BFAFABFA2E1BC558,0
6 289 [3]
$BFC3R,BFB62B9586AD0A24,0
6 290 3FE5579FDC3A8F4R
6 291 400921FB54442D18
5 281 ->
6 264 7
6 265 
6 266 [3]
$BFC3R,BFB62B9586AD0A24,0
6 267 [3]
$BFC3R,BFB9R,0
5 283 ->
6 284 8
6 285 
6 286 [3]
$3*0
6 287 3FB9R
6 288 [3]
$BFB41D41D41D41D4,BFAFABFA2E1BC558,0
6 289 [3]
$BFB41D41D41D41D4,3FAFABFA2E1BC558,0
6 290 400E77E34B52D0E8
6 291 40218402816F78DE
5 281 ->
6 263 32770
6 264 9
6 265 
7 196 8
6 266 [3]
$3*0
6 267 [3]
$C059,2*0
5 281 ->
6 263 32770
6 264 10
6 265 
7 196 8
6 266 [3]
$3*0
6 267 [3]
$0,C059,0
@local_sys 292 2
5 292 [4][3]
$3FF,2*0
$2*0,3FF
$0,BFF,0
$3*0
2 106 -1
2 107 NULL
2 108 NULL
2 153 [4]
$1,3,8,11
2 109 ->
@crv_type 293 0
3 293 [24]
4 293 
@p_crv 294 1
5 294 14
@crv_type 295 1
5 295 7
4 293 
5 294 15
5 295 7
4 293 
5 294 16
5 295 7
4 293 
5 294 17
5 295 7
4 293 
5 294 18
5 295 7
4 293 
5 294 19
5 295 7
4 293 
5 294 20
5 295 7
4 293 
5 294 21
5 295 7
4 293 
5 294 23
5 295 7
4 293 
5 294 24
5 295 7
4 293 
5 294 25
5 295 7
4 293 
5 294 26
5 295 7
4 293 
5 294 27
5 295 7
4 293 
5 294 28
5 295 7
4 293 
5 294 29
5 295 7
4 293 
5 294 30
5 295 7
4 293 
5 294 32
5 295 7
4 293 
5 294 34
5 295 7
4 293 
5 294 36
5 295 7
4 293 
5 294 38
5 295 7
4 293 
5 294 40
5 295 7
4 293 
5 294 42
5 295 7
4 293 
5 294 44
5 295 7
4 293 
5 294 46
5 295 7
3 110 0
3 111 0
3 112 [2][3]
$BFF60C183060C183,0,C039
$3FE60C40BDC8C97R,3FF93264C993264C,40385F2E8A68BCFC
3 113 0
3 114 NULL
3 115 -1
2 116 -1
2 117 NULL
2 118 29
2 119 ->
@revnums 296 0
3 296 [3]
4 296 ->
@owner_type 297 1
5 297 4
@owner_ind 298 1
5 298 0
@ref_id 299 1
5 299 0
@ref_revnum 300 1
5 300 3
4 296 ->
5 297 4
5 298 0
5 299 1
5 300 3
4 296 ->
5 297 4
5 298 0
5 299 2
5 300 3
3 120 1
1 121 ->
2 37 48
2 38 1
2 39 ->
3 40 13
3 41 923
3 42 NULL
3 43 0
3 44 [3]
$3,2*0
3 45 0
3 46 -1
3 47 -1
3 48 ->
4 49 0
4 50 0
4 51 -1
4 52 970
4 53 -1
4 54 -1
4 55 0
4 56 0
4 57 0
4 58 0
3 59 0
2 60 -1
2 61 no_name
2 62 2
2 84 ->
3 122 [1][4]
$49,3*0
3 87 NULL
3 88 [18]
$2*-1,-1025,-2049,2*-1,-16777217,3*-1,67108863,0,134217728,0,65536,0,2,0
3 89 NULL
3 90 ->
4 91 0
4 92 150023
2 93 
3 123 [1]
4 123 ->
5 124 34
5 125 49
5 126 48
5 127 -1
5 128 [2][2]
$2*0
$2*0
5 129 ->
6 130 [4][3]
$3FF,2*0
$2*0,BFF
$0,3FF,0
$0,3FE,0
5 131 NULL
5 132 0
5 133 1
5 134 [2][3]
$3*0
$3*0
2 94 NULL
2 95 ->
2 96 ->
3 97 [4][3]
$3FF,2*0
$2*0,BFF
$0,3FF,0
$0,3FE,0
3 135 [2]
4 135 ->
5 136 509
5 137 BFF
5 138 -1
5 139 -1
5 140 22
5 141 49
5 142 0
5 143 0
5 144 32768
5 145 [2]
6 145 ->
7 146 1
7 147 ->
8 148 -4
8 149 5
8 150 0
6 145 ->
7 146 6
7 151 ->
8 152 [1]
9 152 -100
4 135 ->
5 136 511
5 137 3FF
5 138 -1
5 139 -1
5 140 5
5 141 49
5 142 0
5 143 0
5 144 32768
5 145 [2]
6 145 ->
7 146 1
7 147 ->
8 148 -4
8 149 5
8 150 0
6 145 ->
7 146 6
7 151 ->
8 152 [1]
9 152 -100
3 98 -1
3 99 1
3 100 [1]
4 100 
5 101 11
5 102 0
5 103 [4][3]
$3FF,2*0
$2*0,BFF
$0,3FF,0
$0,3FE,0
2 104 NULL
2 105 49
2 106 -1
2 107 NULL
2 108 NULL
2 153 [2]
$1,10
2 109 ->
3 110 13
3 111 0
3 112 [2][3]
$BFC9R,0,BFB9999D4F93A1E3
$3FB99F064B70DD74,3FE,3FB9999D4F93A1E3
3 113 3FE3BA381A98736D
3 114 NULL
3 115 -1
2 116 -1
2 117 NULL
2 118 27
2 119 ->
3 120 2
1 121 ->
2 37 47
2 38 1
2 39 ->
3 40 6
3 41 916
3 42 NULL
3 43 1
3 44 [3]
$0,65536,0
3 45 0
3 46 991
3 47 -1
3 48 ->
4 49 0
4 50 1052672
4 51 -1
4 52 -1
4 53 -1
4 54 -1
4 55 0
4 56 0
4 57 0
4 58 0
3 59 0
2 60 -1
2 61 no_name
2 62 2
@entity(line3d) 301 0
2 301 ->
@type 302 1
3 302 11
@id 303 1
3 303 60
@gen_info 304 0
3 304 
@geom_id 305 1
3 305 56
@end1 306 2
3 306 [3]
$0,3FE,0
@end2 307 2
3 307 [3]
$BFB,3FE,0
2 301 ->
3 302 13
3 303 61
3 304 
4 67 1
3 305 56
3 306 [3]
$0,3FE,0
3 307 [3]
$3*0
2 73 ->
3 74 19
3 75 A_1
3 76 1
3 77 [3]
$407F90EDA83BF64F,40698FF160FEB7F5,404BD1CA3E31E5CF
3 78 -1
3 79 58
3 80 BFF
3 81 BFF
3 82 
3 83 BFF
2 84 ->
3 122 [4][4]
$50,204,2*0
$53,203,2*0
$56,200,2*0
$58,200,-1,0
3 154 [12][6]
$51,221,3*0,50
$52,221,-1,2*0,50
$54,222,3*0,56
$55,222,-1,2*0,58
$57,220,3*0,56
$59,220,-1,2*0,58
$62,223,13,56,0,13
$63,223,13,58,0,13
$64,226,22,56,0,56
$65,226,22,58,0,58
$66,224,57,2*0,58
$67,224,59,2*0,56
3 85 [2]
4 85 
5 86 [5]
$60,530,56,-1,500
4 85 
5 86 [5]
$61,531,56,-1,500
3 155 [1]
4 155 
5 156 49
5 157 -1
3 87 ->
@new_edges 308 1
4 308 [6]
$62,63,64,65,66,67
4 158 50
3 88 [18]
$2*-1,-1025,-2049,2*-1,-16777217,3*-1,67108863,0,134217728,0,65536,0,2,0
3 89 NULL
3 90 ->
4 91 0
4 92 150023
2 93 
3 123 [4]
4 123 ->
5 124 34
5 125 50
5 126 47
5 127 -1
5 128 [2][2]
$2*BFB
$2*3FB
5 129 ->
6 130 [4][3]
$3FF,2*0
$2*0,BFF
$0,3FF,0
$0,3FE,0
5 131 ->
6 159 51
6 160 1
6 161 [2][2]
$2*BFB
$2*3FB
5 162 NULL
5 132 53
5 133 1
5 134 [2][3]
$BFB,3FE,BFB
$3FB,3FE,3FB
4 123 ->
5 124 34
5 125 53
5 126 47
5 127 -1
5 128 [2][2]
$2*BFB
$2*3FB
5 129 ->
6 130 [4][3]
$3FF,2*0
$2*0,BFF
$0,3FF,0
$0,BFA99999999999A,0
5 131 ->
6 159 54
6 160 1
6 161 [2][2]
$2*BFB
$2*3FB
5 162 NULL
5 132 0
5 133 -1
5 134 [2][3]
$BFB,BFA99999999999A,BFB
$3FB,BFA99999999999A,3FB
4 123 ->
5 124 36
5 125 56
5 126 47
5 127 0
5 128 [2][2]
$2*0
$400921FB54442D18,3FE
5 163 ->
6 164 [4][3]
$3FF,2*0
$2*0,BFF
$0,3FF,0
$0,3FE,0
6 165 3FB
5 131 ->
6 159 62
6 160 1
6 161 [2][2]
$2*0
$400921FB54442D18,3FE
5 162 NULL
5 132 58
5 133 -1
5 134 [2][3]
$BFB,2*0
$3FB,3FE,3FB
4 123 ->
5 124 36
5 125 58
5 126 47
5 127 0
5 128 [2][2]
$400921FB54442D18,0
$401921FB54442D18,3FE
5 163 ->
6 164 [4][3]
$3FF,2*0
$2*0,BFF
$0,3FF,0
$0,3FE,0
6 165 3FB
5 131 ->
6 159 63
6 160 1
6 161 [2][2]
$400921FB54442D18,0
$401921FB54442D18,3FE
5 162 NULL
5 132 0
5 133 -1
5 134 [2][3]
$BFB,0,BFB
$3FB,3FE,0
3 166 [12]
4 166 ->
5 167 51
5 168 47
5 169 0
5 170 [2]
$1,-1
5 171 [17][4]
$BFB,0,400921FB54442D18,0
$BFAF6297CFF75CB,3F88F8B83C69A617,40078FDB9EFFEA46,0
$BFAD906BCF328D46,3F987DE2A6AEA965,4005FDBBE9BBA775,0
$BFAA9B66290EA1A4,3FA1C73B39AE68C8,40046B9C347764A4,0
$BFA6A09E667F3BCR,3FA6A09E667F3BCD,4002D97C7F3321D2,0
$BFA1C73B39AE68C6,3FAA9B66290EA1A5,4001475CC9EEDF,0
$BF987DE2A6AEA962,3FAD906BCF328D46,3FFF6A7A2955385E,0
$BF88F8B83C69A608,3FAF6297CFF75CB,3FFC463ABECCB2BR,0
$0,3FB,3FF921FB54442D18,0
$3F88F8B83C69A60D,3FAF6297CFF75CB,3FF5FDBBE9BBA775,0
$3F987DE2A6AEA964,3FAD906BCF328D46,3FF2D97C7F3321D2,0
$3FA1C73B39AE68C9,3FAA9B66290EA1A3,3FEF6A7A2955385E,0
$3FA6A09E667F3BCD,3FA6A09E667F3BCR,3FE921FB54442D17,0
$3FAA9B66290EA1A3,3FA1C73B39AE68C8,3FE2D97C7F3321D2,0
$3FAD906BCF328D46,3F987DE2A6AEA963,3FD921FB54442D19,0
$3FAF6297CFF75CB,3F88F8B83C69A60A,3FC921FB54442D17,0
$3FB,3*0
5 172 50
5 173 56
5 174 52
5 175 59
5 176 0
5 177 0
4 166 ->
5 167 52
5 168 47
5 169 0
5 170 [2]
$1,-1
5 171 [17][4]
$3FB,0,401921FB54442D18,0
$3FAF6297CFF75CAF,BF88F8B83C69A61B,401858EB79A20BAF,0
$3FAD906BCF328D4R,BF987DE2A6AEA96E,40178FDB9EFFEA46,0
$3FAA9B66290EA1A3,BFA1C73B39AE68C8,4016C6CBC45DC8DE,0
$3FA6A09E667F3BCB,BFA6A09E667F3BCE,4015FDBBE9BBA775,0
$3FA1C73B39AE68C5,BFAA9B66290EA1A5,401534AC0F19860C,0
$3F987DE2A6AEA967,BFAD906BCF328D45,40146B9C347764A4,0
$3F88F8B83C69A60C,BFAF6297CFF75CB,4013A28C59D5433B,0
$0,BFB,4012D97C7F3321D2,0
$BF88F8B83C69A619,BFAF6297CFF75CAF,4012106CA4910069,0
$BF987DE2A6AEA96D,BFAD906BCF328D4R,4011475CC9EEDF,0
$BFA1C73B39AE68C8,BFAA9B66290EA1A3,40107E4CEF4CBD98,0
$BFA6A09E667F3BCE,BFA6A09E667F3BCR,400F6A7A2955385E,0
$BFAA9B66290EA1A5,BFA1C73B39AE68C6,400DD85A7410F58C,0
$BFAD906BCF328D47,BF987DE2A6AEA961,400C463ABECCB2BR,0
$BFAF6297CFF75CB,BF88F8B83C69A60E,400AB41B09886FE9,0
$BFB,0,400921FB54442D18,0
5 172 50
5 173 58
5 174 51
5 175 57
5 176 0
5 177 0
4 166 ->
5 167 54
5 168 47
5 169 0
5 170 [2]
$-1,1
5 171 [17][4]
$BFB,0,400921FB54442D18,3FE19R
$BFAF6297CFF75CB,3F88F8B83C69A617,40078FDB9EFFEA46,3FE19R
$BFAD906BCF328D46,3F987DE2A6AEA965,4005FDBBE9BBA775,3FE19R
$BFAA9B66290EA1A4,3FA1C73B39AE68C8,40046B9C347764A4,3FE19R
$BFA6A09E667F3BCR,3FA6A09E667F3BCD,4002D97C7F3321D2,3FE19R
$BFA1C73B39AE68C6,3FAA9B66290EA1A5,4001475CC9EEDF,3FE19R
$BF987DE2A6AEA962,3FAD906BCF328D46,3FFF6A7A2955385E,3FE19R
$BF88F8B83C69A608,3FAF6297CFF75CB,3FFC463ABECCB2BR,3FE19R
$0,3FB,3FF921FB54442D18,3FE19R
$3F88F8B83C69A60D,3FAF6297CFF75CB,3FF5FDBBE9BBA775,3FE19R
$3F987DE2A6AEA964,3FAD906BCF328D46,3FF2D97C7F3321D2,3FE19R
$3FA1C73B39AE68C9,3FAA9B66290EA1A3,3FEF6A7A2955385E,3FE19R
$3FA6A09E667F3BCD,3FA6A09E667F3BCR,3FE921FB54442D17,3FE19R
$3FAA9B66290EA1A3,3FA1C73B39AE68C8,3FE2D97C7F3321D2,3FE19R
$3FAD906BCF328D46,3F987DE2A6AEA963,3FD921FB54442D19,3FE19R
$3FAF6297CFF75CB,3F88F8B83C69A60A,3FC921FB54442D17,3FE19R
$3FB,2*0,3FE19R
5 172 53
5 173 56
5 174 55
5 175 57
5 176 0
5 177 0
4 166 ->
5 167 55
5 168 47
5 169 0
5 170 [2]
$-1,1
5 171 [17][4]
$3FB,0,401921FB54442D18,3FE19R
$3FAF6297CFF75CAF,BF88F8B83C69A61B,401858EB79A20BAF,3FE19R
$3FAD906BCF328D4R,BF987DE2A6AEA96E,40178FDB9EFFEA46,3FE19R
$3FAA9B66290EA1A3,BFA1C73B39AE68C8,4016C6CBC45DC8DE,3FE19R
$3FA6A09E667F3BCB,BFA6A09E667F3BCE,4015FDBBE9BBA775,3FE19R
$3FA1C73B39AE68C5,BFAA9B66290EA1A5,401534AC0F19860C,3FE19R
$3F987DE2A6AEA967,BFAD906BCF328D45,40146B9C347764A4,3FE19R
$3F88F8B83C69A60C,BFAF6297CFF75CB,4013A28C59D5433B,3FE19R
$0,BFB,4012D97C7F3321D2,3FE19R
$BF88F8B83C69A619,BFAF6297CFF75CAF,4012106CA4910069,3FE19R
$BF987DE2A6AEA96D,BFAD906BCF328D4R,4011475CC9EEDF,3FE19R
$BFA1C73B39AE68C8,BFAA9B66290EA1A3,40107E4CEF4CBD98,3FE19R
$BFA6A09E667F3BCE,BFA6A09E667F3BCR,400F6A7A2955385E,3FE19R
$BFAA9B66290EA1A5,BFA1C73B39AE68C6,400DD85A7410F58C,3FE19R
$BFAD906BCF328D47,BF987DE2A6AEA961,400C463ABECCB2BR,3FE19R
$BFAF6297CFF75CB,BF88F8B83C69A60E,400AB41B09886FE9,3FE19R
$BFB,0,400921FB54442D18,3FE19R
5 172 53
5 173 58
5 174 54
5 175 59
5 176 0
5 177 0
4 166 ->
5 167 57
5 168 47
5 169 1
5 170 [2]
$1,-1
5 171 [2][4]
$0,3FE19R,401921FB54442D18,3FE19R
$2*0,401921FB54442D18,0
5 172 56
5 173 58
5 174 0
5 175 0
5 176 0
5 177 0
4 166 ->
5 167 59
5 168 47
5 169 1
5 170 [2]
$1,-1
5 171 [2][4]
$400921FB54442D18,3FE19R,400921FB54442D18,3FE19R
$400921FB54442D18,0,400921FB54442D18,0
5 172 58
5 173 56
5 174 0
5 175 0
5 176 0
5 177 0
4 166 ->
5 167 62
5 168 47
5 169 0
5 170 [2]
$1,-1
5 171 [18][4]
$3FB,2*0,3FE
$3FAF7484007FAEF3,BF87851AACD6C6B8,3FC7A78322220C57,3FE
$3FADD6D000370991,BF971E955D8E7CDA,3FD7A78322220C5,3FE
$3FAB34FA910EA3BR,BFA0D8884363DD7C,3FE1BDA25999893A,3FE
$3FA7A5F6075D4884,BFA58EEA2A9D6DA3,3FE7A78322220C53,3FE
$3FA348C86ED5F1BD,BFA9895B6C9A05F4,3FED9163EAAA8F65,3FE
$3F9C86FA2B2883D2,BFACA52D7C9E640A,3FF1BDA25999893D,3FE
$3F9183B1C61F0D03,BFAEC746923C349F,3FF4B292BDDDCAC8,3FE
$3F779EE63259B76F,BFAFDD0DEB564B2R,3FF7A78322220C52,3FE
$BF779EE63259B746,BFAFDD0DEB564B23,3FFA9C7386664DDC,3FE
$BF9183B1C61F0CF9,BFAEC746923C34A,3FFD9163EAAA8F6R,3FE
$BF9C86FA2B2883B7,BFACA52D7C9E641,4000432A27776876,3FE
$BFA348C86ED5F1B,BFA9895B6C9A05FE,4001BDA25999893B,3FE
$BFA7A5F6075D488,BFA58EEA2A9D6DA7,4003381A8BBBAA02,3FE
$BFAB34FA910EA3BA,BFA0D8884363DD7F,4004B292BDDDCAC9,3FE
$BFADD6D00037099,BF971E955D8E7CE3,40062D0AEFFFEB8D,3FE
$BFAF7484007FAEF3,BF87851AACD6C6B5,4007A78322220C53,3FE
$BFB,0,400921FB54442D18,3FE
5 172 13
5 173 56
5 174 63
5 175 66
5 176 0
5 177 0
4 166 ->
5 167 63
5 168 47
5 169 0
5 170 [2]
$1,-1
5 171 [18][4]
$BFB,0,400921FB54442D18,3FE
$BFAF7484007FAEF3,3F87851AACD6C6AC,400A9C7386664DR,3FE
$BFADD6D000370992,3F971E955D8E7CD8,400C16EBB8886EA2,3FE
$BFAB34FA910EA3BR,3FA0D8884363DD7C,400D9163EAAA8F67,3FE
$BFA7A5F6075D4884,3FA58EEA2A9D6DA3,400F0BDC1CCCB02D,3FE
$BFA348C86ED5F1BC,3FA9895B6C9A05F6,4010432A27776879,3FE
$BF9C86FA2B2883CA,3FACA52D7C9E640C,40110066408878DC,3FE
$BF9183B1C61F0D05,3FAEC746923C349F,4011BDA25999893E,3FE
$BF779EE63259B797,3FAFDD0DEB564B2R,40127ADE72AA99A,3FE
$3F779EE63259B73D,3FAFDD0DEB564B23,4013381A8BBBAA03,3FE
$3F9183B1C61F0CFR,3FAEC746923C349F,4013F556A4CCBA6R,3FE
$3F9C86FA2B2883C3,3FACA52D7C9E640D,4014B292BDDDCAC8,3FE
$3FA348C86ED5F1B2,3FA9895B6C9A05FD,40156FCED6EEDB2A,3FE
$3FA7A5F6075D487A,3FA58EEA2A9D6DAE,40162D0AEFFFEB8C,3FE
$3FAB34FA910EA3B7,3FA0D8884363DD83,4016EA470910FBF,3FE
$3FADD6D00037098E,3F971E955D8E7CED,4017A78322220C52,3FE
$3FAF7484007FAEF,3F87851AACD6C6E9,401864BF3B331CB4,3FE
$3FB,0,401921FB54442D18,3FE
5 172 13
5 173 58
5 174 62
5 175 67
5 176 0
5 177 0
4 166 ->
5 167 64
5 168 47
5 169 0
5 170 [2]
$-1,1
5 171 [18][4]
$3FB,3*0
$3FAF7484007FAEF3,BF87851AACD6C6B8,3FC7A78322220C57,0
$3FADD6D000370991,BF971E955D8E7CDA,3FD7A78322220C5,0
$3FAB34FA910EA3BR,BFA0D8884363DD7C,3FE1BDA25999893A,0
$3FA7A5F6075D4884,BFA58EEA2A9D6DA3,3FE7A78322220C53,0
$3FA348C86ED5F1BD,BFA9895B6C9A05F4,3FED9163EAAA8F65,0
$3F9C86FA2B2883D2,BFACA52D7C9E640A,3FF1BDA25999893D,0
$3F9183B1C61F0D03,BFAEC746923C349F,3FF4B292BDDDCAC8,0
$3F779EE63259B76F,BFAFDD0DEB564B2R,3FF7A78322220C52,0
$BF779EE63259B746,BFAFDD0DEB564B23,3FFA9C7386664DDC,0
$BF9183B1C61F0CF9,BFAEC746923C34A,3FFD9163EAAA8F6R,0
$BF9C86FA2B2883B7,BFACA52D7C9E641,4000432A27776876,0
$BFA348C86ED5F1B,BFA9895B6C9A05FE,4001BDA25999893B,0
$BFA7A5F6075D488,BFA58EEA2A9D6DA7,4003381A8BBBAA02,0
$BFAB34FA910EA3BA,BFA0D8884363DD7F,4004B292BDDDCAC9,0
$BFADD6D00037099,BF971E955D8E7CE3,40062D0AEFFFEB8D,0
$BFAF7484007FAEF3,BF87851AACD6C6B5,4007A78322220C53,0
$BFB,0,400921FB54442D18,0
5 172 22
5 173 56
5 174 65
5 175 67
5 176 0
5 177 0
4 166 ->
5 167 65
5 168 47
5 169 0
5 170 [2]
$-1,1
5 171 [18][4]
$BFB,0,400921FB54442D18,0
$BFAF7484007FAEF3,3F87851AACD6C6AF,400A9C7386664DR,0
$BFADD6D000370992,3F971E955D8E7CDA,400C16EBB8886EA2,0
$BFAB34FA910EA3BA,3FA0D8884363DD7E,400D9163EAAA8F67,0
$BFA7A5F6075D4884,3FA58EEA2A9D6DA4,400F0BDC1CCCB02D,0
$BFA348C86ED5F1BC,3FA9895B6C9A05F6,4010432A27776879,0
$BF9C86FA2B2883C9,3FACA52D7C9E640C,40110066408878DC,0
$BF9183B1C61F0D04,3FAEC746923C349F,4011BDA25999893E,0
$BF779EE63259B797,3FAFDD0DEB564B2R,40127ADE72AA99A,0
$3F779EE63259B73D,3FAFDD0DEB564B23,4013381A8BBBAA03,0
$3F9183B1C61F0CFR,3FAEC746923C349F,4013F556A4CCBA6R,0
$3F9C86FA2B2883C3,3FACA52D7C9E640D,4014B292BDDDCAC8,0
$3FA348C86ED5F1B2,3FA9895B6C9A05FD,40156FCED6EEDB2A,0
$3FA7A5F6075D487A,3FA58EEA2A9D6DAE,40162D0AEFFFEB8C,0
$3FAB34FA910EA3B7,3FA0D8884363DD83,4016EA470910FBF,0
$3FADD6D00037098E,3F971E955D8E7CED,4017A78322220C52,0
$3FAF7484007FAEF,3F87851AACD6C6E9,401864BF3B331CB4,0
$3FB,0,401921FB54442D18,0
5 172 22
5 173 58
5 174 64
5 175 66
5 176 0
5 177 0
4 166 ->
5 167 66
5 168 47
5 169 1
5 170 [2]
$-1,1
5 171 [2][4]
$2*0,401921FB54442D18,0
$0,3FE,401921FB54442D18,3FE
5 172 56
5 173 58
5 174 64
5 175 63
5 176 0
5 177 0
4 166 ->
5 167 67
5 168 47
5 169 1
5 170 [2]
$-1,1
5 171 [2][4]
$400921FB54442D18,0,400921FB54442D18,0
$400921FB54442D18,3FE,400921FB54442D18,3FE
5 172 58
5 173 56
5 174 65
5 175 62
5 176 0
5 177 0
2 94 NULL
2 95 ->
2 96 ->
3 97 [4][3]
$3FF,2*0
$2*0,BFF
$0,3FF,0
$0,3FE,0
3 98 -1
3 99 0
3 100 [2]
4 100 
5 101 1
5 102 0
5 103 [4][3]
$3FF,2*0
$0,BFF,0
$2*0,BFF
$3*0
4 100 
5 101 12
5 102 0
5 103 [4][3]
$3FF,2*0
$2*0,BFF
$0,3FF,0
$0,4044,0
2 104 NULL
2 105 50
2 178 [1]
3 178 
4 179 2
4 180 S2D0004
4 181 ->
5 182 S2D0004
5 183 [2]
6 183 
7 184 10
7 185 [3]
$3*0
7 186 [2]
$2*0
7 187 0
7 188 0
7 189 0
7 190 0
7 191 0
7 192 
7 193 
8 194 0
8 195 -1
6 183 
7 184 32769
7 185 [3]
$3*0
7 186 [2]
$2*0
7 187 0
7 188 0
7 189 0
7 190 0
7 191 1
7 192 
7 193 
8 194 0
8 195 -1
5 197 [2]
6 197 
7 198 42
7 199 0
7 200 0
7 201 0
7 202 [2]
7 203 [2]
7 204 0
7 205 0
7 206 
8 207 [2]
$2*0
7 208 [2]
8 208 
9 209 1
9 210 3
9 211 [2]
$2*-1
8 208 
9 209 0
9 210 3
9 211 [2]
$2*-1
6 197 
7 198 3
7 199 3FB
7 200 0
7 201 0
7 202 [2]
7 203 [2]
7 204 0
7 205 1
7 206 
8 207 [2]
$34,0
7 208 [2]
8 208 
9 209 0
9 210 -1
9 211 [2]
$2*-1
8 208 
9 209 -1
9 210 -1
9 211 [2]
$2*-1
5 212 [1]
6 212 
7 213 -1
7 214 0
7 215 [4]
$4*0
7 216 [4]
$4*0
7 217 [4]
$4*3FF
7 218 1
7 219 1
7 220 14
5 221 [1]
6 221 0
5 222 -1
5 223 1
5 224 1
5 225 ->
6 226 0
6 227 0
6 228 0
5 229 ->
6 230 0
6 231 0
6 232 0
5 233 ->
6 234 NULL
5 235 1
5 236 [2]
6 236 
7 237 0
6 236 
7 237 0
4 238 ->
5 239 7
5 240 S2D0004
5 241 1
5 242 -1
5 243 NULL
5 244 -1
5 245 49
5 246 -1
5 247 [1]
6 247 
7 248 4
7 249 25
7 250 -1
7 251 1
7 252 0
7 253 ->
8 254 32769
8 255 -1
8 256 
8 257 1
8 258 [3]
$3*0
8 259 -1
8 260 -1
7 261 ->
8 254 32769
8 255 -1
8 256 
8 257 1
8 258 [3]
$3*0
8 259 -1
8 260 -1
4 269 [2]
5 269 
6 270 0
6 271 2
5 269 
6 270 0
6 271 4
4 272 [2]
$12,13
4 273 0
4 274 -1
4 275 [1]
5 275 
6 276 2
6 277 -100
4 278 0
4 279 BFF
4 280 ->
@entity(circle) 309 0
5 309 ->
@id 310 1
6 310 0
@gen_info 311 0
6 311 
@center 312 2
6 312 [3]
$3*0
@radius 313 2
6 313 3FB
5 282 ->
6 254 32769
6 255 1
6 256 
6 257 1
6 258 [3]
$3*0
6 259 -1
6 260 -1
5 292 [4][3]
$3FF,2*0
$2*0,BFF
$0,3FF,0
$0,3FE,0
2 106 -1
2 107 NULL
2 108 NULL
2 153 [2]
$3,48
2 109 ->
@next_srf 314 0
3 314 [2]
4 314 
@p_srf 315 1
5 315 45
@next_geom_ptr 316 1
5 316 0
4 314 
5 315 53
5 316 56
@bnd_type 317 0
3 317 [12]
4 317 
@p_srf 318 1
5 318 31
@boundary_type 319 1
5 319 1
4 317 
5 318 33
5 319 1
4 317 
5 318 35
5 319 1
4 317 
5 318 37
5 319 1
4 317 
5 318 39
5 319 1
4 317 
5 318 41
5 319 1
4 317 
5 318 43
5 319 1
4 317 
5 318 45
5 319 1
4 317 
5 318 50
5 319 0
4 317 
5 318 53
5 319 0
4 317 
5 318 56
5 319 1
4 317 
5 318 58
5 319 1
@contours 320 0
3 320 [4]
4 320 
@p_srf 321 1
5 321 13
@start_crv_arr 322 11
5 322 [1]
6 322 14
4 320 
5 321 22
5 322 [1]
6 322 23
4 320 
5 321 56
5 322 [1]
6 322 51
4 320 
5 321 58
5 322 [1]
6 322 52
@next_crv 323 0
3 323 [2]
4 323 
@p_crv 324 1
5 324 57
@next_crv 325 11
5 325 [2]
$51,55
4 323 
5 324 59
5 325 [2]
$52,54
@crv_dirs 326 0
3 326 [6]
4 326 
@p_crv 327 1
5 327 51
@crv_pnt_dir 328 1
5 328 [2]
$-1,1
4 326 
5 327 52
5 328 [2]
$-1,1
4 326 
5 327 54
5 328 [2]
$1,-1
4 326 
5 327 55
5 328 [2]
$1,-1
4 326 
5 327 57
5 328 [2]
$-1,1
4 326 
5 327 59
5 328 [2]
$-1,1
3 110 13
3 111 0
3 112 [2][3]
$BFC9R,0,BFB9999D4F93A1E3
$3FB99F064B70DD74,3FE,3FB9999D4F93A1E3
3 113 3FE3BA381A98736D
3 114 NULL
3 115 -1
2 116 -1
2 117 NULL
2 118 32
2 119 ->
3 296 [1]
4 296 ->
5 297 4
5 298 0
5 299 0
5 300 3
3 120 0
1 121 ->
2 37 312
2 38 1
2 39 ->
3 40 20
3 41 931
3 42 NULL
3 43 0
3 44 [3]
$3*0
3 45 0
3 46 -1
3 47 -1
3 48 ->
4 49 0
4 50 0
4 51 -1
4 52 -1
4 53 -1
4 54 -1
4 55 0
4 56 0
4 57 0
4 58 256
3 59 0
2 60 -1
2 61 PNT0
2 62 2
2 282 ->
3 254 1
3 255 313
3 256 
4 67 1
3 257 1
3 258 [3]
$0,3FE,0
3 259 -1
3 260 312
2 73 ->
3 74 33
3 75 PNT0
3 76 1
3 77 [3]
$407D31F263D31EBA,4083ED7B2897E484,4071B4A6BF866B6
3 78 312
3 79 20
3 80 BFF
3 81 BFF
3 82 
3 83 BFF
2 282 ->
3 254 1
3 255 314
3 256 
4 67 1
3 257 1
3 258 [3]
$3*0
3 259 -1
3 260 312
2 73 ->
3 74 33
3 75 PNT1
3 76 1
3 77 [3]
$40855AC60B410352,4068A2135DA06DER,C06C84256425CCEB
3 78 312
3 79 20
3 80 BFF
3 81 BFF
3 82 
3 83 BFF
2 84 ->
3 85 [2]
4 85 
5 86 [5]
$313,532,0,-1,500
4 85 
5 86 [5]
$314,532,1,-1,500
3 87 NULL
3 88 [18]
$3*-1,-2049,2*-1,-16777217,3*-1,-536870913,-1,-1126176897,-2,-2097185,
$-203555329,495,0
3 89 NULL
3 90 ->
4 91 150023
4 92 150023
2 93 
2 94 NULL
2 95 ->
2 96 ->
3 97 [4][3]
$3FF,2*0
$2*0,BFF
$0,3FF,0
$3*0
3 135 [2]
4 135 ->
5 136 820
5 137 0
5 138 -1
5 139 -1
5 140 65
5 141 -1
5 142 0
5 143 0
5 144 1572864
5 145 [1]
6 145 ->
7 146 6
7 151 ->
8 152 [1]
9 152 -100
4 135 ->
5 136 820
5 137 0
5 138 -1
5 139 -1
5 140 62
5 141 -1
5 142 0
5 143 0
5 144 1572864
5 145 [1]
6 145 ->
7 146 6
7 151 ->
8 152 [1]
9 152 -100
3 98 -1
3 99 0
3 100 [2]
4 100 
5 101 7
5 102 0
5 103 [4][3]
$3FF,2*0
$2*0,BFF
$0,3FF,0
$0,3FE,0
4 100 
5 101 7
5 102 1
5 103 [4][3]
$3FF,2*0
$2*0,BFF
$0,3FF,0
$3*0
2 104 NULL
2 105 -1
2 106 -1
2 107 NULL
2 108 NULL
2 153 [2]
$10,47
2 109 ->
3 110 13
3 111 0
3 112 [2][3]
$BFC9R,0,BFB9999D4F93A1E3
$3FB99F064B70DD74,3FE,3FB9999D4F93A1E3
3 113 3FE3BA381A98736D
3 114 NULL
3 115 -1
2 116 -1
2 117 NULL
2 118 13
2 119 ->
3 120 2
1 121 ->
2 37 316
2 38 1
2 39 ->
3 40 63
3 41 979
3 42 NULL
3 43 0
3 44 [3]
$3*0
3 45 0
3 46 -1
3 47 -1
3 48 ->
4 49 0
4 50 0
4 51 -1
4 52 -1
4 53 -1
4 54 -1
4 55 0
4 56 0
4 57 0
4 58 8
3 59 0
2 60 -1
2 61 no_name
2 62 2
2 63 ->
3 64 18
3 65 317
3 66 
4 67 1
3 68 -1
3 69 -1
3 70 0
3 71 [4][3]
$0,3FF,0
$2*0,3FF
$3FF,2*0
$0,3FE,0
3 72 316
2 73 ->
3 74 34
3 75 PORT0
3 76 1
3 77 [3]
$407D31F263D31EBA,4084517B2897E484,4071B4A6BF866B6
3 78 317
3 79 20
3 80 BFF
3 81 BFF
3 82 
3 83 BFF
2 84 ->
3 85 [1]
4 85 
5 86 [5]
$317,534,0,-1,500
3 87 NULL
3 88 [18]
$3*-1,-2049,2*-1,-16777217,3*-1,-536870913,-1,-1126176897,-2,-2097185,
$-203555329,495,0
3 89 NULL
3 90 ->
4 91 150023
4 92 150023
2 93 
2 94 NULL
2 95 ->
2 96 ->
3 97 [4][3]
$0,3FF,0
$2*0,3FF
$3FF,2*0
$0,3FE,0
3 135 [5]
4 135 ->
5 136 1201
5 137 0
5 138 -1
5 139 -1
5 140 313
5 141 -1
5 142 0
5 143 0
5 144 0
5 145 [1]
6 145 ->
7 146 6
7 151 ->
8 152 [1]
9 152 -100
4 135 ->
5 136 1261
5 137 0
5 138 -1
5 139 -1
5 140 23
5 141 -1
5 142 0
5 143 0
5 144 0
5 145 [1]
6 145 ->
7 146 6
7 151 ->
8 152 [1]
9 152 -100
4 135 ->
5 136 1261
5 137 0
5 138 -1
5 139 -1
5 140 38
5 141 -1
5 142 0
5 143 0
5 144 0
5 145 [1]
6 145 ->
7 146 6
7 151 ->
8 152 [1]
9 152 -100
4 135 ->
5 136 1270
5 137 3FF
5 138 -1
5 139 -1
5 140 -1
5 141 -1
5 142 0
5 143 0
5 144 0
5 145 [1]
6 145 ->
7 146 6
7 151 ->
8 152 [1]
9 152 -100
4 135 ->
5 136 1271
5 137 C008
5 138 -1
5 139 -1
5 140 -1
5 141 -1
5 142 0
5 143 0
5 144 0
5 145 [1]
6 145 ->
7 146 6
7 151 ->
8 152 [1]
9 152 -100
3 98 -1
3 99 0
3 100 [1]
4 100 
5 101 10
5 102 0
5 103 [4][3]
$0,3FF,0
$2*0,3FF
$3FF,2*0
$0,3FE,0
2 104 NULL
2 105 -1
2 106 -1
2 107 NULL
2 108 NULL
2 153 [2]
$10,312
2 109 ->
3 110 13
3 111 0
3 112 [2][3]
$BFC9R,0,BFB9999D4F93A1E3
$3FB99F064B70DD74,3FE,3FB9999D4F93A1E3
3 113 3FE3BA381A98736D
3 114 NULL
3 115 -1
2 116 -1
2 117 NULL
2 118 13
2 119 ->
3 120 5
1 121 ->
2 37 319
2 38 1
2 39 ->
3 40 63
3 41 979
3 42 NULL
3 43 0
3 44 [3]
$3*0
3 45 0
3 46 -1
3 47 -1
3 48 ->
4 49 0
4 50 0
4 51 -1
4 52 -1
4 53 -1
4 54 -1
4 55 0
4 56 0
4 57 0
4 58 8
3 59 0
2 60 -1
2 61 no_name
2 62 2
2 63 ->
3 64 18
3 65 320
3 66 
4 67 1
3 68 -1
3 69 -1
3 70 0
3 71 [4][3]
$3FF,2*0
$2*0,BFF
$0,3FF,0
$3*0
3 72 319
2 73 ->
3 74 34
3 75 PORT1
3 76 1
3 77 [3]
$40855AC60B410352,406A32135DA06DER,C06C84256425CCEB
3 78 320
3 79 20
3 80 BFF
3 81 BFF
3 82 
3 83 BFF
2 84 ->
3 85 [1]
4 85 
5 86 [5]
$320,534,0,-1,500
3 87 NULL
3 88 [18]
$3*-1,-2049,2*-1,-16777217,3*-1,-536870913,-1,-1126176897,-2,-2097185,
$-203555329,495,0
3 89 NULL
3 90 ->
4 91 150023
4 92 150023
2 93 
2 94 NULL
2 95 ->
2 96 ->
3 97 [4][3]
$3FF,2*0
$2*0,BFF
$0,3FF,0
$3*0
3 135 [5]
4 135 ->
5 136 1201
5 137 0
5 138 -1
5 139 -1
5 140 314
5 141 -1
5 142 0
5 143 0
5 144 0
5 145 [1]
6 145 ->
7 146 6
7 151 ->
8 152 [1]
9 152 -100
4 135 ->
5 136 1261
5 137 0
5 138 -1
5 139 -1
5 140 23
5 141 -1
5 142 0
5 143 0
5 144 0
5 145 [1]
6 145 ->
7 146 6
7 151 ->
8 152 [1]
9 152 -100
4 135 ->
5 136 1261
5 137 0
5 138 -1
5 139 -1
5 140 38
5 141 -1
5 142 0
5 143 0
5 144 0
5 145 [1]
6 145 ->
7 146 6
7 151 ->
8 152 [1]
9 152 -100
4 135 ->
5 136 1270
5 137 C008
5 138 -1
5 139 -1
5 140 -1
5 141 -1
5 142 0
5 143 0
5 144 0
5 145 [1]
6 145 ->
7 146 6
7 151 ->
8 152 [1]
9 152 -100
4 135 ->
5 136 1271
5 137 3FF
5 138 -1
5 139 -1
5 140 -1
5 141 -1
5 142 0
5 143 0
5 144 0
5 145 [1]
6 145 ->
7 146 6
7 151 ->
8 152 [1]
9 152 -100
3 98 -1
3 99 0
3 100 [1]
4 100 
5 101 10
5 102 0
5 103 [4][3]
$3FF,2*0
$2*0,BFF
$0,3FF,0
$3*0
2 104 NULL
2 105 -1
2 106 -1
2 107 NULL
2 108 NULL
2 153 [2]
$10,312
2 109 ->
3 110 13
3 111 0
3 112 [2][3]
$BFC9R,0,BFB9999D4F93A1E3
$3FB99F064B70DD74,3FE,3FB9999D4F93A1E3
3 113 3FE3BA381A98736D
3 114 NULL
3 115 -1
2 116 -1
2 117 NULL
2 118 13
2 119 ->
3 120 5
1 121 NULL
@assem_mass_prop_ptr 329 0
1 329 NULL
@mass_prop_ptr 330 0
1 330 ->
@type 331 1
2 331 0
@density 332 2
2 332 0
@init_dens 333 5
2 333 0
@rel_density 334 2
2 334 0
@init_rel_dens 335 5
2 335 0
@aver_density 336 2
2 336 0
@vrevnum 337 1
2 337 -1
@volume 338 2
2 338 0
@cg 339 2
2 339 [3]
$3*0
@inertia 340 2
2 340 [3][3]
$3*0
$3*0
$3*0
@eps 341 2
2 341 0
@surfarea 342 2
2 342 0
@assign_mp_ptr 343 0
1 343 NULL
@tol_default_ptr 344 0
1 344 ->
@type 345 1
2 345 10
@value 346 2
2 346 [7]
$0,3FB9R,3F847AE147AE147B,3F50624DD2F1A9FC,3F1A36E2EB1C432D,
$3EE4F8B588E368F1,3EB0C6F7A0B5ED8E
@ang_value 347 2
2 347 [7]
$0,6*3FE
@standard 348 1
2 348 0
@iso_tol_tbls_ptr 349 0
2 349 NULL
@first_xsec_ptr 350 0
1 350 NULL
@datum_count 351 1
1 351 0
@axis_count 352 1
1 352 1
@insert_layer_id 353 1
1 353 -1
@layer_count 354 1
1 354 1
@layer_list 355 0
1 355 [11]
2 355 
@feat_id 356 1
3 356 3
@layer_id 357 1
3 357 0
@back_layer_id 358 1
3 358 0
2 355 
3 356 1
3 357 0
3 358 0
2 355 
3 356 6
3 357 0
3 358 0
2 355 
3 356 8
3 357 0
3 358 0
2 355 
3 356 11
3 357 0
3 358 0
2 355 
3 356 10
3 357 0
3 358 0
2 355 
3 356 48
3 357 0
3 358 0
2 355 
3 356 47
3 357 0
3 358 0
2 355 
3 356 312
3 357 0
3 358 0
2 355 
3 356 316
3 357 0
3 358 0
2 355 
3 356 319
3 357 0
3 358 0
@lang_ptr 359 0
1 359 ->
@interact_on 360 1
2 360 -1
@first_csys_ptr 361 0
1 361 NULL
@color_prop_ptr 362 0
1 362 ->
@color_tab 363 0
2 363 [2]
3 363 
@maximum 364 2
4 364 [3]
$3FF,2*3FC9R
@ambient 365 2
4 365 3FECR
@diffuse 366 2
4 366 3FECR
@specular 367 2
4 367 3FB9R
@spec_coef 368 2
4 368 3FB9R
@transmission 369 2
4 369 0
@threshold 370 1
4 370 90
@gl_ind 371 1
4 371 0
3 363 
4 364 [3]
$3FD6R,3FE19R,3FF
4 365 3FECR
4 366 3FECR
4 367 3FB9R
4 368 3FB9R
4 369 0
4 370 90
4 371 0
@surf_ind_tab 372 0
2 372 [3]
3 372 
@surf_id 373 1
4 373 22
@surf_color_inds 374 1
4 374 [2]
$0,-1
3 372 
4 373 -1
4 374 [2]
$1,-1
3 372 
4 373 13
4 374 [2]
$0,-1
@fem_data 375 0
1 375 NULL
@rel_part_eps 376 2
1 376 3F53A92A30553261
@names_table 377 0
1 377 [8]
2 377 ->
@id 378 1
3 378 5
@type 379 1
3 379 5
@name 380 10
3 380 DTM1
2 377 ->
3 378 7
3 379 5
3 380 DTM2
2 377 ->
3 378 9
3 379 5
3 380 DTM3
2 377 ->
3 378 4
3 379 25
3 380 DEFAULT
2 377 ->
3 378 317
3 379 25
3 380 PORT0
2 377 ->
3 378 320
3 379 25
3 380 PORT1
2 377 ->
3 378 313
3 379 66
3 380 PNT0
2 377 ->
3 378 314
3 379 66
3 380 PNT1
@drv_tbl_ptr 381 0
1 381 NULL
@assembled_count 382 1
1 382 8
@part_type 383 1
1 383 1
@mat_name_ptr 384 10
1 384 NULL
@first_ent_id 385 1
1 385 531901
@first_view_id 386 1
1 386 0
@outline 387 2
1 387 [2][3]
$BFC9R,0,BFB9999D4F93A1E3
$3FB99F064B70DD74,3FE,3FB9999D4F93A1E3
@dim_num 388 1
1 388 18
@dim_array 389 0
1 389 [18]
2 389 ->
@type 390 1
3 390 8
@dim_type 391 1
3 391 204
@feat_id 392 1
3 392 1
@attributes 393 1
3 393 257
@dim_dat_ptr 394 0
3 394 ->
@value 395 2
4 395 0
@bck_value 396 2
4 396 0
@tol_ptr 397 0
4 397 ->
@type 398 1
5 398 9
@tol_type 399 1
5 399 3
@dual_digits_diff 400 1
5 400 999
@value 401 2
5 401 [2]
$2*3F39CD34019CD34
@nominal_value 402 2
4 402 0
@bound 403 1
4 403 20
@bck_bound 404 1
4 404 -1
@bck_tol_ptr 405 0
4 405 ->
@value 406 2
5 406 [2]
$2*3F39CD34019CD34
@datum_def_id 407 1
4 407 -1
@places_denom 408 1
4 408 2
@bck_places_denom 409 1
4 409 2
@dim_data_attrib 410 1
4 410 0
@dim_cosm_ptr 411 0
3 411 ->
@d0 412 2
4 412 0
@d1 413 2
4 413 0
@d2 414 2
4 414 0
@d3 415 2
4 415 0
@ord_info 416 0
4 416 NULL
@attach_ptr 417 0
3 417 NULL
@dim_text_ptr 418 0
3 418 ->
@symbol 419 10
4 419 d0
@parent_dim_id 420 1
3 420 -1
2 389 ->
3 390 8
3 391 204
3 392 6
3 393 257
3 394 ->
4 395 0
4 396 0
4 397 ->
5 398 9
5 399 3
5 400 999
5 401 [2]
$2*3F39CD34019CD34
4 402 0
4 403 20
4 404 -1
4 405 ->
5 406 [2]
$2*3F39CD34019CD34
4 407 -1
4 408 2
4 409 2
4 410 0
3 411 ->
4 412 0
4 413 0
4 414 0
4 415 0
4 416 NULL
3 417 NULL
3 418 ->
4 419 d1
3 420 -1
2 389 ->
3 390 8
3 391 204
3 392 8
3 393 257
3 394 ->
4 395 0
4 396 0
4 397 ->
5 398 9
5 399 3
5 400 999
5 401 [2]
$2*3F39CD34019CD34
4 402 0
4 403 20
4 404 -1
4 405 ->
5 406 [2]
$2*3F39CD34019CD34
4 407 -1
4 408 2
4 409 2
4 410 0
3 411 ->
4 412 0
4 413 0
4 414 0
4 415 0
4 416 NULL
3 417 NULL
3 418 ->
4 419 d2
3 420 -1
2 389 ->
3 390 8
3 391 62
3 392 10
3 393 385
3 394 ->
4 395 3FE
4 396 3FE
4 397 ->
5 398 9
5 399 3
5 400 999
5 401 [2]
$2*3F39CD34019CD34
4 402 3FE
4 403 20
4 404 -1
4 405 ->
5 406 [2]
$2*3F39CD34019CD34
4 407 -1
4 408 2
4 409 2
4 410 0
3 411 ->
4 412 0
4 413 0
4 414 0
4 415 0
4 416 NULL
3 417 NULL
3 418 ->
4 419 d3
3 420 -1
2 389 ->
3 390 8
3 391 3
3 392 10
3 393 289
3 394 ->
4 395 3FB9R
4 396 3FB9R
4 397 ->
5 398 9
5 399 3
5 400 999
5 401 [2]
$2*3F39CD34019CD34
4 402 3FB9R
4 403 20
4 404 -1
4 405 ->
5 406 [2]
$2*3F39CD34019CD34
4 407 -1
4 408 2
4 409 2
4 410 0
3 411 ->
4 412 40318
4 413 404A86E59E3A6F0C
4 414 3FC6E8743EDA8D6
4 415 403B3FBD3BDF52D2
4 416 NULL
3 417 NULL
3 418 ->
4 419 d4
@line_array 421 0
4 421 [1]
5 421 
@text_array 422 0
6 422 [2]
7 422 
@text_type 423 1
8 423 54
@text_value 424 10
8 424 R
@txt_attrib 425 1
8 425 1024
@owner_id 426 1
8 426 4
@part_id 427 1
8 427 14
@height 428 2
8 428 BFF
@width_factor 429 2
8 429 BFF
@format_info 430 0
8 430 
@thickness 431 2
8 431 BFF
7 422 
8 423 61
8 424 
8 425 1025
8 426 4
8 427 14
8 428 BFF
8 429 BFF
8 430 
8 431 BFF
3 420 -1
2 389 ->
3 390 8
3 391 1
3 392 10
3 393 289
3 394 ->
4 395 3FA9R
4 396 3FA9R
4 397 ->
5 398 9
5 399 3
5 400 999
5 401 [2]
$2*3F39CD34019CD34
4 402 3FA9R
4 403 20
4 404 -1
4 405 ->
5 406 [2]
$2*3F39CD34019CD34
4 407 -1
4 408 2
4 409 2
4 410 0
3 411 ->
4 412 3FA6453584CD0ED3
4 413 404C4DD039E85AB7
4 414 3FE49AC2249AC213
4 415 403B3FBD3BDF52D2
4 416 NULL
3 417 NULL
3 418 ->
4 419 d5
3 420 -1
2 389 ->
3 390 8
3 391 5
3 392 10
3 393 289
3 394 ->
4 395 3FB9R
4 396 3FB9R
4 397 ->
5 398 9
5 399 3
5 400 999
5 401 [2]
$2*3F39CD34019CD34
4 402 3FB9R
4 403 20
4 404 -1
4 405 ->
5 406 [2]
$2*3F39CD34019CD34
4 407 -1
4 408 2
4 409 2
4 410 0
3 411 ->
4 412 C057900B94DEF1C1
4 413 3FE94334784A9DD5
4 414 3FDA26C46298E695
4 415 403B3FBD3BDF52D2
4 416 NULL
3 417 NULL
3 418 ->
4 419 d6
3 420 -1
2 389 ->
3 390 8
3 391 5
3 392 10
3 393 289
3 394 ->
4 395 3FC3R
4 396 3FC3R
4 397 ->
5 398 9
5 399 3
5 400 999
5 401 [2]
$2*3F39CD34019CD34
4 402 3FC3R
4 403 20
4 404 -1
4 405 ->
5 406 [2]
$2*3F39CD34019CD34
4 407 -1
4 408 2
4 409 2
4 410 0
3 411 ->
4 412 3FDC1DC6C47615E9
4 413 405C0DD039E85AB1
4 414 3FE3D9FBE045917A
4 415 403B3FBD3BDF52D2
4 416 NULL
3 417 NULL
3 418 ->
4 419 d7
3 420 -1
2 389 ->
3 390 8
3 391 42
3 392 10
3 393 32
3 394 ->
4 395 0
4 396 0
4 397 ->
5 398 9
5 399 3
5 400 999
5 401 [2]
$2*3F847AE147AE147B
4 402 0
4 403 20
4 404 -1
4 405 ->
5 406 [2]
$2*3F847AE147AE147B
4 407 -1
4 408 2
4 409 2
4 410 0
3 411 ->
4 412 0
4 413 0
4 414 0
4 415 0
4 416 NULL
3 417 NULL
3 418 ->
4 419 d8
3 420 -1
2 389 ->
3 390 8
3 391 3
3 392 10
3 393 289
3 394 ->
4 395 3FA47AE147AE147B
4 396 3FA47AE147AE147B
4 397 ->
5 398 9
5 399 3
5 400 999
5 401 [2]
$2*3F39CD34019CD34
4 402 3FA47AE147AE147B
4 403 20
4 404 -1
4 405 ->
5 406 [2]
$2*3F39CD34019CD34
4 407 -1
4 408 2
4 409 2
4 410 0
3 411 ->
4 412 40136R
4 413 4040E82280759CEA
4 414 3FE20CA340E650F8
4 415 403B3FBD3BDF52D2
4 416 NULL
3 417 NULL
3 418 ->
4 419 d9
4 421 [1]
5 421 
6 422 [2]
7 422 
8 423 54
8 424 R
8 425 1024
8 426 9
8 427 14
8 428 BFF
8 429 BFF
8 430 
8 431 BFF
7 422 
8 423 61
8 424 
8 425 1025
8 426 9
8 427 14
8 428 BFF
8 429 BFF
8 430 
8 431 BFF
3 420 -1
2 389 ->
3 390 8
3 391 3
3 392 10
3 393 289
3 394 ->
4 395 3FA47AE147AE147B
4 396 3FA47AE147AE147B
4 397 ->
5 398 9
5 399 3
5 400 999
5 401 [2]
$2*3F39CD34019CD34
4 402 3FA47AE147AE147B
4 403 20
4 404 -1
4 405 ->
5 406 [2]
$2*3F39CD34019CD34
4 407 -1
4 408 2
4 409 2
4 410 0
3 411 ->
4 412 401251EB851EB852
4 413 404422ECF33AC1A7
4 414 40165356E1B86EF3
4 415 403B3FBD3BDF52D2
4 416 NULL
3 417 NULL
3 418 ->
4 419 d10
4 421 [1]
5 421 
6 422 [2]
7 422 
8 423 54
8 424 R
8 425 1024
8 426 10
8 427 14
8 428 BFF
8 429 BFF
8 430 
8 431 BFF
7 422 
8 423 61
8 424 
8 425 1025
8 426 10
8 427 14
8 428 BFF
8 429 BFF
8 430 
8 431 BFF
3 420 -1
2 389 NULL
2 389 ->
3 390 8
3 391 42
3 392 47
3 393 32
3 394 ->
4 395 0
4 396 0
4 397 ->
5 398 9
5 399 3
5 400 999
5 401 [2]
$2*3F847AE147AE147B
4 402 0
4 403 20
4 404 -1
4 405 ->
5 406 [2]
$2*3F847AE147AE147B
4 407 -1
4 408 2
4 409 2
4 410 0
3 411 ->
4 412 0
4 413 0
4 414 0
4 415 0
4 416 NULL
3 417 NULL
3 418 ->
4 419 d12
3 420 -1
2 389 ->
3 390 8
3 391 3
3 392 47
3 393 289
3 394 ->
4 395 3FB
4 396 3FB
4 397 ->
5 398 9
5 399 3
5 400 999
5 401 [2]
$2*3F39CD34019CD34
4 402 3FB
4 403 20
4 404 -1
4 405 ->
5 406 [2]
$2*3F39CD34019CD34
4 407 -1
4 408 3
4 409 3
4 410 0
3 411 ->
4 412 402E
4 413 4056D1B9B1AB5BF9
4 414 3F91C8E97110142
4 415 403B3FBD3BDF52D3
4 416 NULL
3 417 NULL
3 418 ->
4 419 d13
4 421 [1]
5 421 
6 422 [2]
7 422 
8 423 54
8 424 R
8 425 1024
8 426 13
8 427 14
8 428 BFF
8 429 BFF
8 430 
8 431 BFF
7 422 
8 423 61
8 424 
8 425 1025
8 426 13
8 427 14
8 428 BFF
8 429 BFF
8 430 
8 431 BFF
3 420 -1
2 389 NULL
2 389 NULL
2 389 NULL
2 389 NULL
@ipar_num 432 1
1 432 0
@relpar_sets 433 0
1 433 [1]
2 433 
@id 434 1
3 434 -1
@type 435 1
3 435 2
@ext_ref_id 436 1
3 436 -1
@relatnum 437 1
3 437 0
@unit_arr 438 0
1 438 [2]
2 438 
@type 439 1
3 439 1
@factor 440 2
3 440 3FF
@name 441 10
3 441 INCH
@unit_type 442 1
3 442 0
2 438 
3 439 2
3 440 3FF
3 441 POUND
3 442 1
@geom_lib_ptr 443 0
1 443 NULL
@first_quilt_ptr 444 1
1 444 0
@attrib_array 445 1
1 445 [1]
2 445 0
@smt_info_ptr 446 0
1 446 NULL
@cable_info_ptr 447 0
1 447 NULL
@comp_info_ptr 448 0
1 448 NULL
@max_part_size 449 2
1 449 3FE3BA381A98736D
@prt_misc_ptr 450 0
1 450 ->
@shrink_data_ptr 451 0
2 451 NULL
@layer_array 452 0
1 452 [4]
2 452 ->
@id 453 1
3 453 92
@type 454 1
3 454 117
@user_id 455 1
3 455 0
@weird_wline_ptr 456 0
3 456 ->
@weird_wline 457 10
4 457 CSYS
@layer_objects 458 0
3 458 [1]
4 458 
@type 459 1
5 459 3
@ids 460 1
5 460 [1]
6 460 3
@saved_operation 461 1
3 461 3
2 452 ->
3 453 251
3 454 117
3 455 0
3 456 ->
4 457 DATUMS
3 458 [1]
4 458 
5 459 3
5 460 [4]
$1,6,8,47
3 461 3
2 452 ->
3 453 315
3 454 117
3 455 0
3 456 ->
4 457 _POINTS
3 458 [1]
4 458 
5 459 66
5 460 [2]
$313,314
3 461 3
2 452 ->
3 453 318
3 454 117
3 455 0
3 456 ->
4 457 _CSYS
3 458 [1]
4 458 
5 459 3
5 460 [2]
$316,319
3 461 3
@expld_mv_info 462 0
1 462 NULL
@state_info_ptr 463 0
1 463 NULL
@alumni_feats 464 0
1 464 NULL
@model_name 465 10
1 465 ST-BRK
@p_mdl_grid 466 0
1 466 NULL
@mdl_status_ptr 467 0
1 467 NULL
@cfg_states 468 0
1 468 NULL
@disp_outl_info 469 0
1 469 
@disp_outline 470 2
2 470 [2][3]
$BFC9FE9AB8DA16C9,BF694047D01F4C1R,BFBA639F8E149C4R
$3FBA690889F1D7D5,3FE0194047D01F4C,3FBA639F8E149C4R
@ribbon_info_ptr 471 0
1 471 NULL
@p_xref_data 472 0
1 472 ->
@View 473 0
0 473 ->
@id 474 1
1 474 0
@viewattr 475 0
1 475 
@attr_arr 476 1
2 476 [4]
$1,3*0
@mpoint 477 0
1 477 
@id 478 1
2 478 0
@coord 479 2
2 479 [3]
$BFA9942CE7C255BD,3FD,0
@first_instr_ptr 480 0
2 480 NULL
@attach_ptr 481 0
2 481 NULL
@vpoint 482 0
1 482 
2 478 0
2 479 [3]
$407F4,407A5E,0
2 480 NULL
2 481 NULL
@orient 483 2
1 483 [4][4]
$3FED7954E7DBA2F8,0,3FD8EC3AE92B676B,0
$BFD385CE5246572,3FE3E43A9692E21C,3FE7167619F550A2,0
$BFCEFC077F3F36A6,BFE91103985DA841,3FE25240DD3851BF,0
$3*0,3FF
@local_sys 484 2
1 484 [4][4]
$4094670EF3438FE4,0,4081408C1EC81823,0
$C07B0733655DCFD4,408B89ECA25F9212,408FF6B9719951D5,0
$C07572BD5D9BB204,C0915A0292D5E0E,40895D690B82685A,0
$40850AC60B410352,406932135DA06DER,C06C84256425CCEB,3FF
@first_instr_ptr 485 0
1 485 ->
@type 486 1
2 486 100
@geom_id 487 1
2 487 -1
@view_id 488 1
2 488 -1
@memb_num 489 1
2 489 0
@offset 490 2
2 490 0
@matrix 491 0
2 491 NULL
@next_instr_ptr 492 0
1 492 ->
2 486 301
2 487 -1
2 488 -1
2 489 0
2 490 409626B2982369A7
2 491 NULL
1 492 NULL
@outer_xsec_index 493 1
1 493 -1
@next_view_id 494 1
1 494 -2
@simp_rep_id 495 1
1 495 0
@name 496 10
1 496 no name
@matrix 497 2
1 497 [4][4]
$3FF,3*0
$0,3FF,2*0
$2*0,3FF,0
$3*0,3FF
@fit_outline 498 2
1 498 [2][3]
$4059,405518,C07AB1146F3C3A3
$408C2,4087BB,407AB1146F3C3A3
@det_info_ptr 499 0
1 499 NULL
@named_view_pzmatr 500 0
1 500 NULL
@page_id 501 1
1 501 0
@model_name 502 10
1 502 NULL
@unrep_model_name 503 10
1 503 NULL
@assem_merge_parts 504 0
0 504 ->
#END_OF_UGC
