#UGC:2 PART 887 360 0 1 1 15 1600 9547 \
#- VERS 0 0                                                          \
#- HOST                                                              \
#- LINK                                                              \
#- DBID                                                              \
#- REVS 0,                                                           \
#- RELL 0,                                                           \
#- UOBJ_ID 0 0 0                                                     \
#-END_OF_UGC_HEADER
#P_OBJECT 6
@P_object 1 0
0 1 ->
@dep_db 2 0
1 2 ->
@usr_rev 3 0
1 3 [2]
2 3 
@name 4 10
3 4 USER
@mod_time 5 0
3 5 
@tm_sec 6 1
4 6 12
@tm_min 7 1
4 7 32
@tm_hour 8 1
4 8 17
@tm_mday 9 1
4 9 14
@tm_mon 10 1
4 10 9
@tm_year 11 1
4 11 95
@action 12 1
3 12 1000
@comment 13 10
3 13 Hostname: 'haystack'
@rel_level 14 10
3 14 
@rev_string 15 10
3 15 
2 3 
3 4 WARGELIN
3 5 
4 6 34
4 7 48
4 8 14
4 9 1
4 10 11
4 11 95
3 12 1000
3 13 Hostname: 'minos'
3 14 
3 15 
@revnum_std 16 1
1 16 56
@flag 17 1
1 17 0
@name 18 10
1 18 NULL
@inst_hidden 19 1
1 19 0
@old_name 20 10
1 20 NULL
@appl_data 21 0
1 21 ->
@bounding_box 22 2
2 22 [2][3]
$2*BFF04CA10F88B8F4,BF932843E22E3CFC
$3FF04CA10F88B8F4,4000265087C45C7A,3FF04CA10F88B8F4
@uobj_id 23 0
1 23 NULL
#END_OF_P_OBJECT
#Pro/ENGINEER  TM  Version G-01-14  (c) 1988-95 by Parametric Technology Corporation  All Rights Reserved. 9547
@Solid 24 0
0 24 ->
@tab_key 25 1
1 25 0
@tab_key_struct 26 0
1 26 ->
@tab_key_ptr 27 0
2 27 [32]
@cmprs_tabkey 28 0
2 28 NULL
@type 29 1
1 29 2
@revnum_ptr 30 0
1 30 ->
@geom_revnum 31 1
2 31 48
@cosm_revnum 32 1
2 32 8
@first_member_ptr 33 0
1 33 NULL
@alumni_members 34 0
1 34 NULL
@frst_geom_ptr 35 1
1 35 13
@first_feat_ptr 36 0
1 36 ->
@id 37 1
2 37 3
@indep_attributes 38 1
2 38 1
@feat_type_ptr 39 0
2 39 ->
@table_id 40 1
3 40 63
@type 41 1
3 41 979
@feattype_key 42 10
3 42 NULL
@form 43 1
3 43 0
@attributes 44 1
3 44 [3]
$3*0
@placement 45 1
3 45 0
@intersection 46 1
3 46 -1
@internal_udf_type 47 1
3 47 -1
@param_choice_ptr 48 0
3 48 ->
@blend_choice 49 1
4 49 0
@depth_choice 50 1
4 50 0
@angle_choice 51 1
4 51 -1
@pat_choice 52 1
4 52 -1
@round_choice 53 1
4 53 -1
@subsec_choice 54 1
4 54 -1
@sweep_choice 55 1
4 55 0
@dome_choice 56 1
4 56 0
@draft_choice 57 1
4 57 0
@misc_choice 58 1
4 58 384
@assoc_type 59 1
3 59 0
@symbol_key 60 1
2 60 -1
@sect_name 61 10
2 61 no_name
@model_type 62 1
2 62 2
@entity(coord_sys) 63 0
2 63 ->
@type 64 1
3 64 18
@id 65 1
3 65 4
@gen_info 66 0
3 66 
@color 67 1
4 67 1
@sys_type 68 1
3 68 -1
@pnt_type 69 1
3 69 -1
@radius 70 2
3 70 0
@local_sys 71 2
3 71 [4][3]
$3FF,2*0
$0,3FF,0
$2*0,3FF
$3*0
@feat_id 72 1
3 72 3
@entity(text) 73 0
2 73 ->
@text_type 74 1
3 74 34
@text_value 75 10
3 75 DEFAULT
@txt_attrib 76 1
3 76 1
@coord 77 2
3 77 [3]
$40777ECF02631102,4065B7433DB0F54,4054C4ECA0B7C4C4
@owner_id 78 1
3 78 4
@part_id 79 1
3 79 21
@height 80 2
3 80 BFF
@width_factor 81 2
3 81 BFF
@format_info 82 0
3 82 
@thickness 83 2
3 83 BFF
@idtab_ptr 84 0
2 84 ->
@misc_id_tab 85 0
3 85 [1]
4 85 
@misc_hist 86 1
5 86 [5]
$4,534,0,-1,500
@save_geoms 87 0
3 87 NULL
@cr_flags_xar 88 1
3 88 [18]
$3*-1,-2049,2*-1,-16777217,3*-1,-536870913,-1,-1126176897,-2,-2097185,
$-203555329,495,0
@cvt_feat_dat 89 0
3 89 NULL
@feat_dates_ptr 90 0
3 90 ->
@creat_date 91 1
4 91 150023
@regen_date 92 1
4 92 150023
@geometry 93 0
2 93 
@group_info_ptr 94 0
2 94 NULL
@intrs_pairs_ptr 95 0
2 95 ->
@place_rec_ptr 96 0
2 96 ->
@local_sys 97 2
3 97 [4][3]
$3FF,2*0
$0,3FF,0
$2*0,3FF
$3*0
@own_ref_id 98 1
3 98 -1
@orient 99 1
3 99 0
@trf_arr 100 0
3 100 [1]
4 100 
@type 101 1
5 101 10
@idx 102 1
5 102 0
@transf 103 2
5 103 [4][3]
$3FF,2*0
$0,3FF,0
$2*0,3FF
$3*0
@next_prop 104 0
2 104 NULL
@first_geom_id 105 1
2 105 -1
@cond_tbl_idx 106 1
2 106 -1
@comment 107 10
2 107 NULL
@merge_info_ptr 108 0
2 108 NULL
@topology_increment 109 0
2 109 ->
@first_geom 110 1
3 110 0
@first_quilt 111 1
3 111 0
@outline 112 2
3 112 [2][3]
$3*0
$3*0
@max_part_size 113 2
3 113 0
@xform_increment 114 0
3 114 NULL
@roll_back_id 115 1
3 115 -1
@state_ind 116 1
2 116 -1
@alumni_info 117 0
2 117 NULL
@revnum 118 1
2 118 1
@rev_rec 119 0
2 119 ->
@num_plins 120 1
3 120 0
@next_feat_ptr 121 0
1 121 ->
2 37 1
2 38 1
2 39 ->
3 40 13
3 41 923
3 42 NULL
3 43 0
3 44 [3]
$2*262144,0
3 45 0
3 46 -1
3 47 -1
3 48 ->
4 49 0
4 50 0
4 51 -1
4 52 -1
4 53 -1
4 54 -1
4 55 0
4 56 0
4 57 0
4 58 0
3 59 0
2 60 -1
2 61 DTM1
2 62 2
2 84 ->
@srf_id_arr 122 1
3 122 [1][4]
$5,3*0
3 87 NULL
3 88 [18]
$3*-1,-2049,2*-1,-16777217,3*-1,-536870913,-1,-1126176897,-2,-2097185,
$-203555329,495,0
3 89 NULL
3 90 ->
4 91 150023
4 92 150023
2 93 
@srf_array 123 0
3 123 [1]
4 123 ->
@geom_type 124 1
5 124 34
@geom_id 125 1
5 125 5
@feat_id 126 1
5 126 1
@boundary_type 127 1
5 127 1
@envlp 128 2
5 128 [2][2]
$BFF04CA10F88B8F4,BF932843E22E3CFC
$4000265087C45C7A,3FF04CA10F88B8F4
@srf_prim_ptr(plane) 129 0
5 129 ->
@local_sys 130 2
6 130 [4][3]
$2*0,3FF
$3FF,2*0
$0,3FF,0
$3*0
@frst_cntr_ptr 131 0
5 131 NULL
@next_geom_ptr 132 1
5 132 0
@orient 133 1
5 133 1
@outline 134 2
5 134 [2][3]
$0,BFF04CA10F88B8F4,BF932843E22E3CFC
$0,4000265087C45C7A,3FF04CA10F88B8F4
2 94 NULL
2 95 ->
2 96 ->
3 97 [4][3]
$2*0,3FF
$3FF,2*0
$0,3FF,0
$3*0
@place_instruction_ptrs 135 0
3 135 [1]
4 135 ->
@type 136 1
5 136 524
@offset 137 2
5 137 0
@dim_id 138 1
5 138 0
@ref_id 139 1
5 139 -1
@geometry1_id 140 1
5 140 4
@geometry2_id 141 1
5 141 5
@memb_num1 142 1
5 142 0
@memb_num2 143 1
5 143 0
@attr 144 1
5 144 32768
@plin_info_arr 145 0
5 145 [2]
6 145 ->
@type 146 1
7 146 1
@data(plin_info_ref) 147 0
7 147 ->
@id_type1 148 1
8 148 -4
@id_type2 149 1
8 149 5
@offset2 150 2
8 150 0
6 145 ->
7 146 6
@data(plin_info_ui_step) 151 0
7 151 ->
@step_ids 152 1
8 152 [1]
9 152 -100
3 98 -1
3 99 1
3 100 [1]
4 100 
5 101 11
5 102 0
5 103 [4][3]
$2*0,3FF
$3FF,2*0
$0,3FF,0
$3*0
2 104 NULL
2 105 5
2 106 -1
2 107 NULL
2 108 NULL
@parent_table 153 1
2 153 [1]
3 153 3
2 109 ->
3 110 0
3 111 0
3 112 [2][3]
$3*0
$3*0
3 113 0
3 114 NULL
3 115 -1
2 116 -1
2 117 NULL
2 118 1
2 119 ->
3 120 1
1 121 ->
2 37 6
2 38 1
2 39 ->
3 40 13
3 41 923
3 42 NULL
3 43 0
3 44 [3]
$2*262144,0
3 45 0
3 46 -1
3 47 -1
3 48 ->
4 49 0
4 50 0
4 51 -1
4 52 -1
4 53 -1
4 54 -1
4 55 0
4 56 0
4 57 0
4 58 0
3 59 0
2 60 -1
2 61 DTM2
2 62 2
2 84 ->
3 122 [1][4]
$7,3*0
3 87 NULL
3 88 [18]
$3*-1,-2049,2*-1,-16777217,3*-1,-536870913,-1,-1126176897,-2,-2097185,
$-203555329,495,0
3 89 NULL
3 90 ->
4 91 150023
4 92 150023
2 93 
3 123 [1]
4 123 ->
5 124 34
5 125 7
5 126 6
5 127 1
5 128 [2][2]
$BF932843E22E3CFC,BFF04CA10F88B8F4
$2*3FF04CA10F88B8F4
5 129 ->
6 130 [4][3]
$0,3FF,0
$2*0,3FF
$3FF,2*0
$3*0
5 131 NULL
5 132 0
5 133 1
5 134 [2][3]
$BFF04CA10F88B8F4,0,BF932843E22E3CFC
$3FF04CA10F88B8F4,0,3FF04CA10F88B8F4
2 94 NULL
2 95 ->
2 96 ->
3 97 [4][3]
$0,3FF,0
$2*0,3FF
$3FF,2*0
$3*0
3 135 [1]
4 135 ->
5 136 525
5 137 0
5 138 1
5 139 -1
5 140 4
5 141 7
5 142 0
5 143 0
5 144 32768
5 145 [2]
6 145 ->
7 146 1
7 147 ->
8 148 -4
8 149 5
8 150 0
6 145 ->
7 146 6
7 151 ->
8 152 [1]
9 152 -100
3 98 -1
3 99 1
3 100 [1]
4 100 
5 101 11
5 102 0
5 103 [4][3]
$0,3FF,0
$2*0,3FF
$3FF,2*0
$3*0
2 104 NULL
2 105 7
2 106 -1
2 107 NULL
2 108 NULL
2 153 [1]
3 153 3
2 109 ->
3 110 0
3 111 0
3 112 [2][3]
$3*0
$3*0
3 113 0
3 114 NULL
3 115 -1
2 116 -1
2 117 NULL
2 118 1
2 119 ->
3 120 1
1 121 ->
2 37 8
2 38 1
2 39 ->
3 40 13
3 41 923
3 42 NULL
3 43 0
3 44 [3]
$262144,2*0
3 45 0
3 46 -1
3 47 -1
3 48 ->
4 49 0
4 50 0
4 51 -1
4 52 -1
4 53 -1
4 54 -1
4 55 0
4 56 0
4 57 0
4 58 0
3 59 0
2 60 -1
2 61 DTM3
2 62 2
2 84 ->
3 122 [1][4]
$9,3*0
3 87 NULL
3 88 [18]
$3*-1,-2049,2*-1,-16777217,3*-1,-536870913,-1,-1126176897,-2,-2097185,
$-203555329,495,0
3 89 NULL
3 90 ->
4 91 150023
4 92 150023
2 93 
3 123 [1]
4 123 ->
5 124 34
5 125 9
5 126 8
5 127 1
5 128 [2][2]
$2*BFF04CA10F88B8F4
$3FF04CA10F88B8F4,4000265087C45C7A
5 129 ->
6 130 [4][3]
$3FF,2*0
$0,3FF,0
$2*0,3FF
$3*0
5 131 NULL
5 132 0
5 133 1
5 134 [2][3]
$2*BFF04CA10F88B8F4,0
$3FF04CA10F88B8F4,4000265087C45C7A,0
2 94 NULL
2 95 ->
2 96 ->
3 97 [4][3]
$3FF,2*0
$0,3FF,0
$2*0,3FF
$3*0
3 135 [1]
4 135 ->
5 136 519
5 137 0
5 138 2
5 139 -1
5 140 4
5 141 9
5 142 0
5 143 0
5 144 32768
5 145 [2]
6 145 ->
7 146 1
7 147 ->
8 148 -4
8 149 5
8 150 0
6 145 ->
7 146 6
7 151 ->
8 152 [1]
9 152 -100
3 98 -1
3 99 1
3 100 [1]
4 100 
5 101 11
5 102 0
5 103 [4][3]
$3FF,2*0
$0,3FF,0
$2*0,3FF
$3*0
2 104 NULL
2 105 9
2 106 -1
2 107 NULL
2 108 NULL
2 153 [1]
3 153 3
2 109 ->
3 110 0
3 111 0
3 112 [2][3]
$3*0
$3*0
3 113 0
3 114 NULL
3 115 -1
2 116 -1
2 117 NULL
2 118 1
2 119 ->
3 120 1
1 121 ->
2 37 11
2 38 1
2 39 ->
3 40 13
3 41 923
3 42 NULL
3 43 0
3 44 [3]
$3,2*0
3 45 0
3 46 -1
3 47 -1
3 48 ->
4 49 0
4 50 0
4 51 -1
4 52 970
4 53 -1
4 54 -1
4 55 0
4 56 0
4 57 0
4 58 0
3 59 0
2 60 -1
2 61 no_name
2 62 2
2 84 ->
3 122 [1][4]
$12,3*0
3 87 NULL
3 88 [18]
$3*-1,-2049,2*-1,-16777217,3*-1,-536870913,-1,-1126176897,-2,-2097185,
$-203555329,495,0
3 89 NULL
3 90 ->
4 91 150023
4 92 150023
2 93 
3 123 [1]
4 123 ->
5 124 34
5 125 12
5 126 11
5 127 -1
5 128 [2][2]
$2*0
$2*0
5 129 ->
6 130 [4][3]
$BFF,2*0
$0,BFF,0
$2*0,3FF
$3*0
5 131 NULL
5 132 0
5 133 1
5 134 [2][3]
$3*0
$3*0
2 94 NULL
2 95 ->
2 96 ->
3 97 [4][3]
$BFF,2*0
$0,BFF,0
$2*0,3FF
$3*0
3 135 [2]
4 135 ->
5 136 509
5 137 3FF
5 138 -1
5 139 -1
5 140 9
5 141 12
5 142 0
5 143 0
5 144 32768
5 145 [2]
6 145 ->
7 146 1
7 147 ->
8 148 -4
8 149 5
8 150 0
6 145 ->
7 146 6
7 151 ->
8 152 [1]
9 152 -100
4 135 ->
5 136 510
5 137 BFF
5 138 -1
5 139 -1
5 140 7
5 141 12
5 142 0
5 143 0
5 144 32768
5 145 [2]
6 145 ->
7 146 1
7 147 ->
8 148 -4
8 149 5
8 150 0
6 145 ->
7 146 6
7 151 ->
8 152 [1]
9 152 -100
3 98 -1
3 99 1
3 100 [1]
4 100 
5 101 11
5 102 0
5 103 [4][3]
$BFF,2*0
$0,BFF,0
$2*0,3FF
$3*0
2 104 NULL
2 105 12
2 106 -1
2 107 NULL
2 108 NULL
2 153 [2]
$6,8
2 109 ->
3 110 0
3 111 0
3 112 [2][3]
$3*0
$3*0
3 113 0
3 114 NULL
3 115 -1
2 116 -1
2 117 NULL
2 118 0
2 119 ->
3 120 2
1 121 ->
2 37 10
2 38 1
2 39 ->
3 40 7
3 41 917
3 42 NULL
3 43 1
3 44 [3]
$0,65536,0
3 45 0
3 46 991
3 47 -1
3 48 ->
4 49 0
4 50 266240
4 51 -1
4 52 -1
4 53 -1
4 54 -1
4 55 0
4 56 0
4 57 0
4 58 0
3 59 0
2 60 -1
2 61 no_name
2 62 2
2 84 ->
3 122 [6][4]
$13,204,2*0
$18,203,2*0
$23,200,3,0
$25,200,2,0
$27,200,1,0
$29,200,2*0
@edg_id_arr 154 1
3 154 [12][6]
$14,221,3,2*0,13
$15,221,2,2*0,13
$16,221,1,2*0,13
$17,221,3*0,13
$19,222,3,2*0,23
$20,222,2,2*0,25
$21,222,1,2*0,27
$22,222,3*0,29
$24,303,3,2*0,23
$26,303,2,0,3,25
$28,303,1,0,2,27
$30,303,2*0,1,29
@dtm_id_tab 155 0
3 155 [1]
4 155 
@dtm_id 156 1
5 156 12
@dim_id 157 1
5 157 -1
3 87 ->
@sv_frst_geom 158 1
4 158 13
3 88 [18]
$3*-1,-2049,2*-1,-16777217,3*-1,-536870913,-1,-1126176897,-2,-2097185,
$-203555329,495,0
3 89 NULL
3 90 ->
4 91 150023
4 92 150023
2 93 
3 123 [6]
4 123 ->
5 124 34
5 125 13
5 126 10
5 127 0
5 128 [2][2]
$BFF,C
$2*3FF
5 129 ->
6 130 [4][3]
$BFF,2*0
$0,BFF,0
$2*0,3FF
$3*0
5 131 ->
@frst_cntr_crv_hdr_ptr 159 1
6 159 14
@trv 160 1
6 160 1
@envlp 161 2
6 161 [2][2]
$BFF,C
$2*3FF
@next_cntr_ptr 162 0
5 162 NULL
5 132 18
5 133 -1
5 134 [2][3]
$2*BFF,0
$3FF,4,0
4 123 ->
5 124 34
5 125 18
5 126 10
5 127 0
5 128 [2][2]
$BFF,C
$2*3FF
5 129 ->
6 130 [4][3]
$BFF,2*0
$0,BFF,0
$2*0,3FF
$2*0,3FF
5 131 ->
6 159 19
6 160 1
6 161 [2][2]
$BFF,C
$2*3FF
5 162 NULL
5 132 23
5 133 1
5 134 [2][3]
$2*BFF,3FF
$3FF,4,3FF
4 123 ->
5 124 34
5 125 23
5 126 10
5 127 1
5 128 [2][2]
$2*0
$4008,3FF
5 129 ->
6 130 [4][3]
$2*0,3FF
$3FF,2*0
$0,3FF,0
$3FF,BFF,0
5 131 ->
6 159 14
6 160 1
6 161 [2][2]
$2*0
$4008,3FF
5 162 NULL
5 132 25
5 133 1
5 134 [2][3]
$3FF,BFF,0
$3FF,4,3FF
4 123 ->
5 124 34
5 125 25
5 126 10
5 127 1
5 128 [2][2]
$2*0
$4,3FF
5 129 ->
6 130 [4][3]
$BFF,2*0
$2*0,3FF
$0,3FF,0
$3FF,4,0
5 131 ->
6 159 15
6 160 1
6 161 [2][2]
$2*0
$4,3FF
5 162 NULL
5 132 27
5 133 1
5 134 [2][3]
$BFF,4,0
$3FF,4,3FF
4 123 ->
5 124 34
5 125 27
5 126 10
5 127 1
5 128 [2][2]
$2*0
$4008,3FF
5 129 ->
6 130 [4][3]
$2*0,BFF
$BFF,2*0
$0,3FF,0
$BFF,4,0
5 131 ->
6 159 16
6 160 1
6 161 [2][2]
$2*0
$4008,3FF
5 162 NULL
5 132 29
5 133 1
5 134 [2][3]
$2*BFF,0
$BFF,4,3FF
4 123 ->
5 124 34
5 125 29
5 126 10
5 127 1
5 128 [2][2]
$2*0
$4,3FF
5 129 ->
6 130 [4][3]
$3FF,2*0
$2*0,BFF
$0,3FF,0
$2*BFF,0
5 131 ->
6 159 17
6 160 1
6 161 [2][2]
$2*0
$4,3FF
5 162 NULL
5 132 0
5 133 1
5 134 [2][3]
$2*BFF,0
$3FF,BFF,3FF
@crv_array 163 0
3 163 [12]
4 163 ->
@crv_id 164 1
5 164 14
@feat_id 165 1
5 165 10
@type 166 1
5 166 0
@crv_pnt_dir 167 1
5 167 [2]
$1,-1
@crv_pnt_arr 168 2
5 168 [2][4]
$BFF,3FF,2*0
$BFF,C,4008,0
@crv_hdr_geom_ptr[0] 169 1
5 169 13
@crv_hdr_geom_ptr[1] 170 1
5 170 23
@next_crv_hdr_ptr[0] 171 1
5 171 15
@next_crv_hdr_ptr[1] 172 1
5 172 24
@ref_geom[0] 173 1
5 173 0
@ref_geom[1] 174 1
5 174 0
4 163 ->
5 164 15
5 165 10
5 166 0
5 167 [2]
$1,-1
5 168 [2][4]
$BFF,C,2*0
$3FF,C,4,0
5 169 13
5 170 25
5 171 16
5 172 26
5 173 0
5 174 0
4 163 ->
5 164 16
5 165 10
5 166 0
5 167 [2]
$1,-1
5 168 [2][4]
$3FF,C,2*0
$2*3FF,4008,0
5 169 13
5 170 27
5 171 17
5 172 28
5 173 0
5 174 0
4 163 ->
5 164 17
5 165 10
5 166 0
5 167 [2]
$1,-1
5 168 [2][4]
$2*3FF,2*0
$BFF,3FF,4,0
5 169 13
5 170 29
5 171 14
5 172 30
5 173 0
5 174 0
4 163 ->
5 164 19
5 165 10
5 166 0
5 167 [2]
$-1,1
5 168 [2][4]
$BFF,3FF,0,3FF
$BFF,C,4008,3FF
5 169 18
5 170 23
5 171 22
5 172 26
5 173 0
5 174 0
4 163 ->
5 164 20
5 165 10
5 166 0
5 167 [2]
$-1,1
5 168 [2][4]
$BFF,C,0,3FF
$3FF,C,4,3FF
5 169 18
5 170 25
5 171 19
5 172 28
5 173 0
5 174 0
4 163 ->
5 164 21
5 165 10
5 166 0
5 167 [2]
$-1,1
5 168 [2][4]
$3FF,C,0,3FF
$2*3FF,4008,3FF
5 169 18
5 170 27
5 171 20
5 172 30
5 173 0
5 174 0
4 163 ->
5 164 22
5 165 10
5 166 0
5 167 [2]
$-1,1
5 168 [2][4]
$2*3FF,0,3FF
$BFF,3FF,4,3FF
5 169 18
5 170 29
5 171 21
5 172 24
5 173 0
5 174 0
4 163 ->
5 164 24
5 165 10
5 166 0
5 167 [2]
$1,-1
5 168 [2][4]
$2*0,4,0
$0,3FF,4,3FF
5 169 23
5 170 29
5 171 19
5 172 17
5 173 0
5 174 0
4 163 ->
5 164 26
5 165 10
5 166 0
5 167 [2]
$1,-1
5 168 [2][4]
$2*0,4008,0
$0,3FF,4008,3FF
5 169 25
5 170 23
5 171 20
5 172 14
5 173 0
5 174 0
4 163 ->
5 164 28
5 165 10
5 166 0
5 167 [2]
$1,-1
5 168 [2][4]
$2*0,4,0
$0,3FF,4,3FF
5 169 27
5 170 25
5 171 21
5 172 15
5 173 0
5 174 0
4 163 ->
5 164 30
5 165 10
5 166 0
5 167 [2]
$1,-1
5 168 [2][4]
$2*0,4008,0
$0,3FF,4008,3FF
5 169 29
5 170 27
5 171 22
5 172 16
5 173 0
5 174 0
2 94 NULL
2 95 ->
2 96 ->
3 97 [4][3]
$BFF,2*0
$0,BFF,0
$2*0,3FF
$3*0
3 135 [1]
4 135 ->
5 136 1853
5 137 0
5 138 7
5 139 -1
5 140 -1
5 141 -1
5 142 0
5 143 0
5 144 0
5 145 [1]
6 145 ->
7 146 6
7 151 ->
8 152 [1]
9 152 -100
3 98 -1
3 99 0
3 100 [1]
4 100 
5 101 1
5 102 0
5 103 [4][3]
$BFF,2*0
$0,BFF,0
$2*0,3FF
$3*0
2 104 NULL
2 105 13
@gsec_ptr 175 0
2 175 [1]
3 175 
@type 176 1
4 176 2
@name 177 10
4 177 S2D0010
@gsec2d_ptr 178 0
4 178 ->
@name 179 10
5 179 S2D0010
@segtab_ptr 180 0
5 180 [6]
6 180 
@type 181 1
7 181 2
@dir 182 1
7 182 [3]
$1,2*0
@pointid 183 1
7 183 [2]
$0,1
@cntrid 184 1
7 184 1
@arcorient 185 1
7 185 0
@verhor 186 1
7 186 1
@radius 187 1
7 187 0
@ext_id 188 1
7 188 0
@gen_info 189 0
7 189 
@known_ent_info 190 0
7 190 
@attr 191 1
8 191 0
@known_ent_id 192 1
8 192 -1
6 180 
7 181 2
7 182 [3]
$0,-1,0
7 183 [2]
$1,2
7 184 2
7 185 0
7 186 0
7 187 0
7 188 1
7 189 
7 190 
8 191 0
8 192 -1
6 180 
7 181 2
7 182 [3]
$-1,2*0
7 183 [2]
$2,3
7 184 3
7 185 0
7 186 1
7 187 0
7 188 2
7 189 
7 190 
8 191 0
8 192 -1
6 180 
7 181 2
7 182 [3]
$0,1,0
7 183 [2]
$3,0
7 184 0
7 185 0
7 186 0
7 187 0
7 188 3
7 189 
7 190 
8 191 0
8 192 -1
6 180 
7 181 32770
7 182 [3]
$-1,2*0
7 183 [2]
$4,5
7 184 5
7 185 0
7 186 1
7 187 0
7 188 4
7 189 
@attributes 193 1
8 193 8
7 190 
8 191 0
8 192 -1
6 180 
7 181 32770
7 182 [3]
$0,1,0
7 183 [2]
$6,7
7 184 7
7 185 0
7 186 0
7 187 0
7 188 5
7 189 
8 193 8
7 190 
8 191 0
8 192 -1
@dimtab_ptr 194 0
5 194 [4]
6 194 
@type 195 1
7 195 1
@value 196 2
7 196 4008
@direct 197 1
7 197 0
@property 198 1
7 198 0
@leftpt 199 1
7 199 [2]
@rightpt 200 1
7 200 [2]
@offset 201 2
7 201 0
@ext_id 202 1
7 202 0
@dispdimattr 203 0
7 203 
@dimattr 204 1
8 204 [2]
$34,0
@dim_ref 205 0
7 205 [2]
8 205 
@item_id 206 1
9 206 1
@sense 207 1
9 207 -1
@point 208 1
9 208 [2]
$2*1
8 205 
9 206 -1
9 207 -1
9 208 [2]
$2*2
6 194 
7 195 1
7 196 4
7 197 0
7 198 0
7 199 [2]
7 200 [2]
7 201 0
7 202 1
7 203 
8 204 [2]
$34,0
7 205 [2]
8 205 
9 206 0
9 207 -1
9 208 [2]
$2*0
8 205 
9 206 -1
9 207 -1
9 208 [2]
$2*1
6 194 
7 195 5
7 196 3FF
7 197 0
7 198 0
7 199 [2]
7 200 [2]
7 201 0
7 202 3
7 203 
8 204 [2]
$34,0
7 205 [2]
8 205 
9 206 0
9 207 -1
9 208 [2]
$0,1
8 205 
9 206 4
9 207 -1
9 208 [2]
$4,5
6 194 
7 195 5
7 196 3FF
7 197 0
7 198 0
7 199 [2]
7 200 [2]
7 201 0
7 202 4
7 203 
8 204 [2]
$34,0
7 205 [2]
8 205 
9 206 1
9 207 -1
9 208 [2]
$1,2
8 205 
9 206 5
9 207 -1
9 208 [2]
$6,7
@relat_ptr 209 0
5 209 [8]
6 209 
@id 210 1
7 210 -1
@used 211 1
7 211 0
@a 212 1
7 212 [4]
$0,4,2*-1
@b 213 1
7 213 [4]
$2*1,2*0
@c 214 2
7 214 [4]
$3FF,BFF,2*3FF
@sign 215 1
7 215 -1
@idim 216 1
7 216 2
@type 217 1
7 217 0
6 209 
7 210 -1
7 211 1
7 212 [4]
$0,1,2*-1
7 213 [4]
$2*1,2*0
7 214 [4]
$3FF,BFF,2*3FF
7 215 0
7 216 0
7 217 0
6 209 
7 210 -1
7 211 1
7 212 [4]
$1,2,2*-1
7 213 [4]
$2*1,2*0
7 214 [4]
$3FF,BFF,2*3FF
7 215 -1
7 216 0
7 217 0
6 209 
7 210 -1
7 211 1
7 212 [4]
$2,3,2*-1
7 213 [4]
$2*1,2*0
7 214 [4]
$3FF,BFF,2*3FF
7 215 0
7 216 0
7 217 0
6 209 
7 210 -1
7 211 0
7 212 [4]
$1,6,2*-1
7 213 [4]
$4*0
7 214 [4]
$3FF,BFF,2*3FF
7 215 -1
7 216 3
7 217 0
6 209 
7 210 -1
7 211 1
7 212 [4]
$1,2,2*-1
7 213 [4]
$4*0
7 214 [4]
$3FF,BFF,2*3FF
7 215 0
7 216 0
7 217 0
6 209 
7 210 -1
7 211 0
7 212 [4]
$0,1,2*-1
7 213 [4]
$4*0
7 214 [4]
$3FF,BFF,2*3FF
7 215 1
7 216 1
7 217 0
6 209 
7 210 -1
7 211 0
7 212 [4]
$3,0,2*-1
7 213 [4]
$4*0
7 214 [4]
$3FF,BFF,2*3FF
7 215 0
7 216 0
7 217 0
@formula_ptr 218 1
5 218 [8]
$0,1,2,3,4,5,6,7
@qind 219 1
5 219 -1
@totalpointid 220 1
5 220 8
@checkarcs_flag 221 1
5 221 1
@location 222 0
5 222 ->
@id 223 1
6 223 0
@param 224 2
6 224 0
@type 225 1
6 225 0
@nsket_info 226 0
5 226 ->
@scale 227 2
6 227 0
@m 228 1
6 228 0
@last_was_permanent 229 1
6 229 0
@unsolved_ptr 230 0
5 230 ->
@iges_file 231 10
6 231 NULL
@solve_version 232 1
5 232 1
@segdscr_tab 233 0
5 233 [6]
6 233 
@ent_mode 234 1
7 234 0
6 233 
7 234 0
6 233 
7 234 0
6 233 
7 234 0
6 233 
7 234 0
6 233 
7 234 0
@gsec3d_ptr 235 0
4 235 ->
@type 236 1
5 236 7
@name 237 10
5 237 S2D0010
@flip 238 1
5 238 1
@own_ref_id 239 1
5 239 -1
@first_chain_ptr 240 0
5 240 NULL
@quilt_id 241 1
5 241 -1
@plane_id 242 1
5 242 12
@plane_flip 243 1
5 243 -1
@ref_planes 244 0
5 244 [2]
6 244 
@plane_id 245 1
7 245 7
@ref_type 246 1
7 246 5
@ext_ref_id 247 1
7 247 -1
@seg_id 248 1
7 248 4
@flip_flag 249 1
7 249 0
@save_entity_ptr(line) 250 0
7 250 ->
@type 251 1
8 251 32770
@id 252 1
8 252 0
@gen_info 253 0
8 253 
9 193 8
@end1 254 2
8 254 [3]
$3*0
@end2 255 2
8 255 [3]
$C059,2*0
@back_entity_ptr(line) 256 0
7 256 ->
8 251 32770
8 252 0
8 253 
9 193 8
8 254 [3]
$3*0
8 255 [3]
$C059,2*0
6 244 
7 245 5
7 246 5
7 247 -1
7 248 5
7 249 0
7 250 ->
8 251 32770
8 252 0
8 253 
9 193 8
8 254 [3]
$3*0
8 255 [3]
$0,4059,0
7 256 ->
8 251 32770
8 252 0
8 253 
9 193 8
8 254 [3]
$3*0
8 255 [3]
$0,4059,0
@order_ptr 257 0
4 257 [4]
5 257 
@id 258 1
6 258 0
@flip 259 1
6 259 34
5 257 
6 258 1
6 259 0
5 257 
6 258 2
6 259 0
5 257 
6 258 3
6 259 4
@dim_id_tab 260 1
4 260 [4]
$3,4,5,6
@attributes 261 1
4 261 0
@xsec_id 262 1
4 262 -1
@gsec_info_arr 263 0
4 263 [1]
5 263 
@application_type 264 1
6 264 2
@application_id 265 1
6 265 -100
@secsolve_revnum 266 1
4 266 0
@rel_accuracy 267 2
4 267 BFF
@p_saved_result 268 0
4 268 ->
@entity(line) 269 0
5 269 ->
6 252 0
6 253 
6 254 [3]
$BFF,3FF,0
6 255 [3]
$2*3FF,0
5 269 ->
6 252 1
6 253 
6 254 [3]
$2*3FF,0
6 255 [3]
$3FF,C,0
5 269 ->
6 252 2
6 253 
6 254 [3]
$3FF,C,0
6 255 [3]
$BFF,C,0
5 269 ->
6 252 3
6 253 
6 254 [3]
$BFF,C,0
6 255 [3]
$BFF,3FF,0
5 269 ->
6 251 32770
6 252 4
6 253 
7 193 8
6 254 [3]
$3*0
6 255 [3]
$C059,2*0
5 269 ->
6 251 32770
6 252 5
6 253 
7 193 8
6 254 [3]
$3*0
6 255 [3]
$0,4059,0
@local_sys 270 2
5 270 [4][3]
$BFF,2*0
$0,BFF,0
$2*0,3FF
$3*0
2 106 -1
2 107 NULL
2 108 NULL
2 153 [3]
$1,6,11
2 109 ->
@crv_type 271 0
3 271 [12]
4 271 
@p_crv 272 1
5 272 14
@crv_type 273 1
5 273 7
4 271 
5 272 15
5 273 7
4 271 
5 272 16
5 273 7
4 271 
5 272 17
5 273 7
4 271 
5 272 19
5 273 7
4 271 
5 272 20
5 273 7
4 271 
5 272 21
5 273 7
4 271 
5 272 22
5 273 7
4 271 
5 272 24
5 273 7
4 271 
5 272 26
5 273 7
4 271 
5 272 28
5 273 7
4 271 
5 272 30
5 273 7
3 110 0
3 111 0
3 112 [2][3]
$3*0
$3*0
3 113 0
3 114 NULL
3 115 -1
2 116 -1
2 117 NULL
2 118 1
2 119 ->
@revnums 274 0
3 274 [2]
4 274 ->
@owner_type 275 1
5 275 4
@owner_ind 276 1
5 276 0
@ref_id 277 1
5 277 0
@ref_revnum 278 1
5 278 1
4 274 ->
5 275 4
5 276 0
5 277 1
5 278 1
3 120 1
1 121 NULL
@assem_mass_prop_ptr 279 0
1 279 NULL
@mass_prop_ptr 280 0
1 280 ->
@type 281 1
2 281 0
@density 282 2
2 282 0
@init_dens 283 5
2 283 0
@rel_density 284 2
2 284 0
@init_rel_dens 285 5
2 285 0
@aver_density 286 2
2 286 0
@vrevnum 287 1
2 287 -1
@volume 288 2
2 288 0
@cg 289 2
2 289 [3]
$3*0
@inertia 290 2
2 290 [3][3]
$3*0
$3*0
$3*0
@eps 291 2
2 291 0
@surfarea 292 2
2 292 0
@assign_mp_ptr 293 0
1 293 NULL
@tol_default_ptr 294 0
1 294 ->
@type 295 1
2 295 10
@value 296 2
2 296 [7]
$0,3FB9R,3F847AE147AE147B,3F50624DD2F1A9FC,3F1A36E2EB1C432D,
$3EE4F8B588E368F1,3EB0C6F7A0B5ED8E
@ang_value 297 2
2 297 [7]
$0,6*3FE
@standard 298 1
2 298 0
@iso_tol_tbls_ptr 299 0
2 299 NULL
@first_xsec_ptr 300 0
1 300 NULL
@datum_count 301 1
1 301 0
@axis_count 302 1
1 302 0
@insert_layer_id 303 1
1 303 -1
@layer_count 304 1
1 304 1
@layer_list 305 0
1 305 [6]
2 305 
@feat_id 306 1
3 306 3
@layer_id 307 1
3 307 0
@back_layer_id 308 1
3 308 0
2 305 
3 306 1
3 307 0
3 308 0
2 305 
3 306 6
3 307 0
3 308 0
2 305 
3 306 8
3 307 0
3 308 0
2 305 
3 306 11
3 307 0
3 308 0
2 305 
3 306 10
3 307 0
3 308 0
@lang_ptr 309 0
1 309 ->
@interact_on 310 1
2 310 -1
@first_csys_ptr 311 0
1 311 NULL
@color_prop_ptr 312 0
1 312 NULL
@fem_data 313 0
1 313 NULL
@rel_part_eps 314 2
1 314 3F53A92A30553261
@names_table 315 0
1 315 [4]
2 315 ->
@id 316 1
3 316 5
@type 317 1
3 317 5
@name 318 10
3 318 DTM1
2 315 ->
3 316 7
3 317 5
3 318 DTM2
2 315 ->
3 316 9
3 317 5
3 318 DTM3
2 315 ->
3 316 4
3 317 25
3 318 DEFAULT
@drv_tbl_ptr 319 0
1 319 NULL
@assembled_count 320 1
1 320 1
@part_type 321 1
1 321 1
@mat_name_ptr 322 10
1 322 NULL
@first_ent_id 323 1
1 323 521763
@first_view_id 324 1
1 324 0
@outline 325 2
1 325 [2][3]
$2*BFF,0
$3FF,4,3FF
@dim_num 326 1
1 326 8
@dim_array 327 0
1 327 [8]
2 327 ->
@type 328 1
3 328 8
@dim_type 329 1
3 329 204
@feat_id 330 1
3 330 1
@attributes 331 1
3 331 257
@dim_dat_ptr 332 0
3 332 ->
@value 333 2
4 333 0
@bck_value 334 2
4 334 0
@tol_ptr 335 0
4 335 ->
@type 336 1
5 336 9
@tol_type 337 1
5 337 3
@dual_digits_diff 338 1
5 338 999
@value 339 2
5 339 [2]
$2*3F847AE147AE147B
@nominal_value 340 2
4 340 0
@bound 341 1
4 341 20
@bck_bound 342 1
4 342 -1
@bck_tol_ptr 343 0
4 343 ->
@value 344 2
5 344 [2]
$2*3F847AE147AE147B
@datum_def_id 345 1
4 345 -1
@places_denom 346 1
4 346 2
@bck_places_denom 347 1
4 347 2
@dim_data_attrib 348 1
4 348 0
@dim_cosm_ptr 349 0
3 349 ->
@d0 350 2
4 350 0
@d1 351 2
4 351 0
@d2 352 2
4 352 0
@d3 353 2
4 353 0
@ord_info 354 0
4 354 NULL
@attach_ptr 355 0
3 355 NULL
@dim_text_ptr 356 0
3 356 ->
@symbol 357 10
4 357 d0
@parent_dim_id 358 1
3 358 -1
2 327 ->
3 328 8
3 329 204
3 330 6
3 331 257
3 332 ->
4 333 0
4 334 0
4 335 ->
5 336 9
5 337 3
5 338 999
5 339 [2]
$2*3F847AE147AE147B
4 340 0
4 341 20
4 342 -1
4 343 ->
5 344 [2]
$2*3F847AE147AE147B
4 345 -1
4 346 2
4 347 2
4 348 0
3 349 ->
4 350 0
4 351 0
4 352 0
4 353 0
4 354 NULL
3 355 NULL
3 356 ->
4 357 d1
3 358 -1
2 327 ->
3 328 8
3 329 204
3 330 8
3 331 257
3 332 ->
4 333 0
4 334 0
4 335 ->
5 336 9
5 337 3
5 338 999
5 339 [2]
$2*3F847AE147AE147B
4 340 0
4 341 20
4 342 -1
4 343 ->
5 344 [2]
$2*3F847AE147AE147B
4 345 -1
4 346 2
4 347 2
4 348 0
3 349 ->
4 350 0
4 351 0
4 352 0
4 353 0
4 354 NULL
3 355 NULL
3 356 ->
4 357 d2
3 358 -1
2 327 ->
3 328 8
3 329 1
3 330 10
3 331 289
3 332 ->
4 333 4008
4 334 4008
4 335 ->
5 336 9
5 337 3
5 338 999
5 339 [2]
$2*3F50624DD2F1A9FC
4 340 4008
4 341 20
4 342 -1
4 343 ->
5 344 [2]
$2*3F50624DD2F1A9FC
4 345 -1
4 346 3
4 347 2
4 348 0
3 349 ->
4 350 40492AD73A0DD4F3
4 351 3FDEFA8D9DF51B39
4 352 3FE06F92BE759CC9
4 353 404B1EDB6DB6DB6F
4 354 NULL
3 355 NULL
3 356 ->
4 357 d3
3 358 -1
2 327 ->
3 328 8
3 329 1
3 330 10
3 331 289
3 332 ->
4 333 4
4 334 4
4 335 ->
5 336 9
5 337 3
5 338 999
5 339 [2]
$2*3F50624DD2F1A9FC
4 340 4
4 341 20
4 342 -1
4 343 ->
5 344 [2]
$2*3F50624DD2F1A9FC
4 345 -1
4 346 3
4 347 2
4 348 0
3 349 ->
4 350 3FE95900EAE56405
4 351 40568BA4FE516CCE
4 352 3FE957E1B616368B
4 353 404B1EDB6DB6DB6F
4 354 NULL
3 355 NULL
3 356 ->
4 357 d4
3 358 -1
2 327 ->
3 328 8
3 329 5
3 330 10
3 331 289
3 332 ->
4 333 3FF
4 334 3FF
4 335 ->
5 336 9
5 337 3
5 338 999
5 339 [2]
$2*3F50624DD2F1A9FC
4 340 3FF
4 341 20
4 342 -1
4 343 ->
5 344 [2]
$2*3F50624DD2F1A9FC
4 345 -1
4 346 3
4 347 2
4 348 0
3 349 ->
4 350 3FEBA43E64EE90FA
4 351 3FE8572620AE4C3E
4 352 3FD6BA425C55AB09
4 353 404B1EDB6DB6DB6F
4 354 NULL
3 355 NULL
3 356 ->
4 357 d5
3 358 -1
2 327 ->
3 328 8
3 329 5
3 330 10
3 331 289
3 332 ->
4 333 3FF
4 334 3FF
4 335 ->
5 336 9
5 337 3
5 338 999
5 339 [2]
$2*3F50624DD2F1A9FC
4 340 3FF
4 341 20
4 342 -1
4 343 ->
5 344 [2]
$2*3F50624DD2F1A9FC
4 345 -1
4 346 3
4 347 2
4 348 0
3 349 ->
4 350 3FE765D9765D976R
4 351 3FC5C9882B931057
4 352 3FE27D5C4457EEF5
4 353 404B1EDB6DB6DB6F
4 354 NULL
3 355 NULL
3 356 ->
4 357 d6
3 358 -1
2 327 ->
3 328 8
3 329 62
3 330 10
3 331 385
3 332 ->
4 333 3FF
4 334 3FF
4 335 ->
5 336 9
5 337 3
5 338 999
5 339 [2]
$2*3F847AE147AE147B
4 340 3FF
4 341 20
4 342 -1
4 343 ->
5 344 [2]
$2*3F847AE147AE147B
4 345 -1
4 346 2
4 347 2
4 348 0
3 349 ->
4 350 0
4 351 0
4 352 0
4 353 0
4 354 NULL
3 355 NULL
3 356 ->
4 357 d7
3 358 -1
@ipar_num 359 1
1 359 0
@relpar_sets 360 0
1 360 [1]
2 360 
@id 361 1
3 361 -1
@type 362 1
3 362 2
@ext_ref_id 363 1
3 363 -1
@relatnum 364 1
3 364 0
@unit_arr 365 0
1 365 [2]
2 365 
@type 366 1
3 366 1
@factor 367 2
3 367 3FF
@name 368 10
3 368 INCH
@unit_type 369 1
3 369 0
2 365 
3 366 2
3 367 3FF
3 368 POUND
3 369 1
@geom_lib_ptr 370 0
1 370 NULL
@first_quilt_ptr 371 1
1 371 0
@attrib_array 372 1
1 372 [1]
2 372 0
@smt_info_ptr 373 0
1 373 NULL
@cable_info_ptr 374 0
1 374 NULL
@comp_info_ptr 375 0
1 375 NULL
@max_part_size 376 2
1 376 400DEEEA11683F49
@prt_misc_ptr 377 0
1 377 ->
@shrink_data_ptr 378 0
2 378 NULL
@layer_array 379 0
1 379 [1]
2 379 ->
@id 380 1
3 380 31
@type 381 1
3 381 117
@user_id 382 1
3 382 0
@weird_wline_ptr 383 0
3 383 ->
@weird_wline 384 10
4 384 BLANK
@layer_objects 385 0
3 385 [1]
4 385 
@type 386 1
5 386 3
@ids 387 1
5 387 [5]
$1,3,6,8,10
@saved_operation 388 1
3 388 3
@expld_mv_info 389 0
1 389 NULL
@state_info_ptr 390 0
1 390 NULL
@alumni_feats 391 0
1 391 NULL
@model_name 392 10
1 392 TRIS
@p_mdl_grid 393 0
1 393 NULL
@mdl_status_ptr 394 0
1 394 NULL
@cfg_states 395 0
1 395 NULL
@disp_outl_info 396 0
1 396 
@disp_outline 397 2
2 397 [2][3]
$2*BFF04CA10F88B8F4,BF932843E22E3CFC
$3FF04CA10F88B8F4,4000265087C45C7A,3FF04CA10F88B8F4
@ribbon_info_ptr 398 0
1 398 NULL
@p_xref_data 399 0
1 399 ->
@View 400 0
0 400 ->
@id 401 1
1 401 0
@viewattr 402 0
1 402 
@attr_arr 403 1
2 403 [4]
$1,3*0
@mpoint 404 0
1 404 
@id 405 1
2 405 0
@coord 406 2
2 406 [3]
$0,2*3FE
@first_instr_ptr 407 0
2 407 NULL
@attach_ptr 408 0
2 408 NULL
@vpoint 409 0
1 409 
2 405 0
2 406 [3]
$407F4,407A5E,0
2 407 NULL
2 408 NULL
@orient 410 2
1 410 [4][4]
$BFF,3*0
$0,BFF,2*0
$2*0,3FF,0
$3*0,3FF
@local_sys 411 2
1 411 [4][4]
$C06BC74E71EE2BAC,3*0
$0,C06BC74E71EE2BAC,2*0
$2*0,406BC74E71EE2BAC,0
$407F4,4080A7E9CE3DC576,C05BC74E71EE2BAC,3FF
@first_instr_ptr 412 0
1 412 ->
@type 413 1
2 413 100
@geom_id 414 1
2 414 -1
@view_id 415 1
2 415 -1
@memb_num 416 1
2 416 0
@offset 417 2
2 417 0
@matrix 418 0
2 418 NULL
@next_instr_ptr 419 0
1 419 ->
2 413 115
2 414 12
2 415 -1
2 416 0
2 417 0
2 418 NULL
1 419 ->
2 413 301
2 414 -1
2 415 -1
2 416 0
2 417 406BC74E71EE2BAC
2 418 NULL
1 419 NULL
@outer_xsec_index 420 1
1 420 -1
@next_view_id 421 1
1 421 -2
@simp_rep_id 422 1
1 422 0
@name 423 10
1 423 no name
@matrix 424 2
1 424 [4][4]
$3FF,3*0
$0,3FF,2*0
$2*0,3FF,0
$3*0,3FF
@fit_outline 425 2
1 425 [2][3]
$4059,405518,C05CD1631C23A8A6
$408C2,4087BB,405CD1631C23A8A6
@det_info_ptr 426 0
1 426 NULL
@named_view_pzmatr 427 0
1 427 NULL
@page_id 428 1
1 428 0
@model_name 429 10
1 429 NULL
@unrep_model_name 430 10
1 430 NULL
@assem_merge_parts 431 0
0 431 ->
#END_OF_UGC
