

Input part file name: f:/data5/repository/PTC/V18/cmm18/ps_17r.hh.sat


Output part file name: f:/data5/repository/PTC/V18/cmm18/ps_17r.hh.f.sat



Input part file name: f:/data5/repository/PTC/V18/cmm18/ph9a.hh.sat
Error: An error occured during Feature Recognition


Output part file name: f:/data5/repository/PTC/V18/cmm18/ph9a.hh.f.sat



Input part file name: f:/data5/repository/PTC/V18/cmm18/tp25w.hh.sat


Output part file name: f:/data5/repository/PTC/V18/cmm18/tp25w.hh.f.sat



Input part file name: f:/data5/repository/PTC/V18/cmm18/ph9b.hh.sat


Output part file name: f:/data5/repository/PTC/V18/cmm18/ph9b.hh.f.sat



Input part file name: f:/data5/repository/PTC/V18/cmm18/pmd0039da.hh.sat
*** Error (kernel/kerndata/bulletin:BAD_TAG)
    tag id is not valid in history stream
Aborting program



Input part file name: f:/data5/repository/PTC/V18/cmm18/paa1.hh.sat


Output part file name: f:/data5/repository/PTC/V18/cmm18/paa1.hh.f.sat



Input part file name: f:/data5/repository/PTC/V18/cmm18/ph9a.prt.hh.sat
Error: An error occured during Feature Recognition


Output part file name: f:/data5/repository/PTC/V18/cmm18/ph9a.prt.hh.f.sat



Input part file name: f:/data5/repository/PTC/V18/cmm18/ph9b.prt.hh.sat


Output part file name: f:/data5/repository/PTC/V18/cmm18/ph9b.prt.hh.f.sat



Input part file name: f:/data5/repository/PTC/V18/cmm18/pmd0039da.prt.hh.sat
Error: An error occured during Feature Recognition


Output part file name: f:/data5/repository/PTC/V18/cmm18/pmd0039da.prt.hh.f.sat



Input part file name: f:/data5/repository/PTC/V18/cmm18/paa1.prt.hh.sat


Output part file name: f:/data5/repository/PTC/V18/cmm18/paa1.prt.hh.f.sat



Input part file name: f:/data5/repository/PTC/V18/cmm18/ps_17r.prt.hh.sat


Output part file name: f:/data5/repository/PTC/V18/cmm18/ps_17r.prt.hh.f.sat



Input part file name: f:/data5/repository/PTC/V18/cmm18/tp25w.prt.hh.sat


Output part file name: f:/data5/repository/PTC/V18/cmm18/tp25w.prt.hh.f.sat

