#UGC:2 PART 981 420 0 1 1 15 1900 9725 0000052b \
#- VERS 0 0                                                          \
#- HOST                                                              \
#- LINK                                                              \
#- DBID                                                              \
#- REVS 0,                                                           \
#- RELL 0,                                                           \
#- UOBJ_ID 867346498 190545299 -2139524619                           \
#- MACH                                                              \
#-END_OF_UGC_HEADER
#P_OBJECT 6
@P_object 1 0
0 1 ->
@dep_db 2 0
1 2 ->
@usr_rev 3 0
1 3 [1]
2 3 
@name 4 10
3 4 USER
@mod_time 5 0
3 5 
@tm_sec 6 1
4 6 16
@tm_min 7 1
4 7 52
@tm_hour 8 1
4 8 17
@tm_mday 9 1
4 9 26
@tm_mon 10 1
4 10 5
@tm_year 11 1
4 11 97
@action 12 1
3 12 1000
@comment 13 10
3 13 Hostname: 'softail'
@rel_level 14 10
3 14 
@rev_string 15 10
3 15 
@revnum_std 16 1
1 16 72
@flag 17 1
1 17 0
@name 18 10
1 18 NULL
@inst_hidden 19 1
1 19 0
@old_name 20 10
1 20 NULL
@appl_data 21 0
1 21 ->
@bounding_box 22 2
2 22 [2][3]
$3*0
$4,3FC9R,4
@ver_key 23 0
1 23 ->
@time 24 1
2 24 867346578
@random_num 25 1
2 25 190858019
@hostid 26 1
2 26 -2139524619
@last_read 27 1
1 27 -1
#END_OF_P_OBJECT
#Pro/ENGINEER  TM  Version H-03-14  (c) 1988-97 by Parametric Technology Corporation  All Rights Reserved. 9725
@Toc 28 0
0 28 ->
@entry 29 10
1 29 [128]
2 29 BasicData 2b9a 480 0 981########################################################
2 29 BasicText 301a 272 0 981########################################################
2 29 GeomDepen 328c 73 0 981#########################################################
2 29 DispCntrl 32ff 42 0 981#########################################################
2 29 DisplData 3341 38 0 981#########################################################
2 29 LargeText 3379 fd 0 981#########################################################
2 29 FamilyInf 3476 40 0 981#########################################################
2 29 VisibGeom 34b6 d13 0 981########################################################
2 29 NovisGeom 41c9 2a96 0 981#######################################################
2 29 ActEntity 6c5f 295 0 981########################################################
2 29 AllFeatur 6ef4 3a2c 0 981#######################################################
2 29 FullMData a920 db2 0 981########################################################
2 29 ModelView#0 b6d2 a34 0 981######################################################
2 29 DispDataColor c106 2d 0 981#####################################################
2 29 DispDataTable c133 52a 0 981####################################################
2 29 AssMrgPrt c65d 29 0 981#########################################################
2 29 ################################################################################
2 29 ################################################################################
2 29 ################################################################################
2 29 ################################################################################
2 29 ################################################################################
2 29 ################################################################################
2 29 ################################################################################
2 29 ################################################################################
2 29 ################################################################################
2 29 ################################################################################
2 29 ################################################################################
2 29 ################################################################################
2 29 ################################################################################
2 29 ################################################################################
2 29 ################################################################################
2 29 ################################################################################
2 29 ################################################################################
2 29 ################################################################################
2 29 ################################################################################
2 29 ################################################################################
2 29 ################################################################################
2 29 ################################################################################
2 29 ################################################################################
2 29 ################################################################################
2 29 ################################################################################
2 29 ################################################################################
2 29 ################################################################################
2 29 ################################################################################
2 29 ################################################################################
2 29 ################################################################################
2 29 ################################################################################
2 29 ################################################################################
2 29 ################################################################################
2 29 ################################################################################
2 29 ################################################################################
2 29 ################################################################################
2 29 ################################################################################
2 29 ################################################################################
2 29 ################################################################################
2 29 ################################################################################
2 29 ################################################################################
2 29 ################################################################################
2 29 ################################################################################
2 29 ################################################################################
2 29 ################################################################################
2 29 ################################################################################
2 29 ################################################################################
2 29 ################################################################################
2 29 ################################################################################
2 29 ################################################################################
2 29 ################################################################################
2 29 ################################################################################
2 29 ################################################################################
2 29 ################################################################################
2 29 ################################################################################
2 29 ################################################################################
2 29 ################################################################################
2 29 ################################################################################
2 29 ################################################################################
2 29 ################################################################################
2 29 ################################################################################
2 29 ################################################################################
2 29 ################################################################################
2 29 ################################################################################
2 29 ################################################################################
2 29 ################################################################################
2 29 ################################################################################
2 29 ################################################################################
2 29 ################################################################################
2 29 ################################################################################
2 29 ################################################################################
2 29 ################################################################################
2 29 ################################################################################
2 29 ################################################################################
2 29 ################################################################################
2 29 ################################################################################
2 29 ################################################################################
2 29 ################################################################################
2 29 ################################################################################
2 29 ################################################################################
2 29 ################################################################################
2 29 ################################################################################
2 29 ################################################################################
2 29 ################################################################################
2 29 ################################################################################
2 29 ################################################################################
2 29 ################################################################################
2 29 ################################################################################
2 29 ################################################################################
2 29 ################################################################################
2 29 ################################################################################
2 29 ################################################################################
2 29 ################################################################################
2 29 ################################################################################
2 29 ################################################################################
2 29 ################################################################################
2 29 ################################################################################
2 29 ################################################################################
2 29 ################################################################################
2 29 ################################################################################
2 29 ################################################################################
2 29 ################################################################################
2 29 ################################################################################
2 29 ################################################################################
2 29 ################################################################################
2 29 ################################################################################
2 29 ################################################################################
2 29 ################################################################################
2 29 ################################################################################
2 29 ################################################################################
2 29 ################################################################################
2 29 ################################################################################
#BasicData
@Sld_BasicData 1 0
0 1 ->
@tab_key 2 1
1 2 0
@tab_key_struct 3 0
1 3 ->
@type 4 4
2 4 H
@tab_key_ptr 5 0
2 5 [60]
@cmprs_tabkey 6 0
2 6 NULL
@type 7 1
1 7 2
@revnum_ptr 8 0
1 8 ->
@geom_revnum 9 1
2 9 73
@cosm_revnum 10 1
2 10 1
@tol_default_ptr 11 0
1 11 ->
@type 12 1
2 12 10
@value 13 2
2 13 [7]
$0,3FB9R,3F847AE147AE147B,3F50624DD2F1A9FC,3F1A36E2EB1C432D,
$3EE4F8B588E368F1,3EB0C6F7A0B5ED8E
@ang_value 14 2
2 14 [7]
$0,6*3FE
@standard 15 1
2 15 0
@iso_tol_tbls_ptr 16 0
2 16 NULL
@datum_count 17 1
1 17 0
@axis_count 18 1
1 18 0
@insert_layer_id 19 1
1 19 -1
@layer_count 20 1
1 20 1
@rel_part_eps 21 2
1 21 3F53A92A30553261
@model_eps 22 2
1 22 0
@fixed_model_eps 23 1
1 23 0
@assembled_count 24 1
1 24 0
@part_type 25 1
1 25 1
@first_ent_id 26 1
1 26 518073
@first_view_id 27 1
1 27 0
@outline 28 2
1 28 [2][3]
$3*0
$4,3FC9R,4
@dim_num 29 1
1 29 5
@geom_lib_ptr 30 0
1 30 NULL
@attrib_array 31 1
1 31 [3]
$2,2*0
@max_part_size 32 2
1 32 4006AF150DC81142
@model_name 33 10
1 33 PART_MULTI_22
@disp_outl_info 34 0
1 34 
@disp_outline 35 2
2 35 [2][3]
$3*0
$4,3FC9R,4
@sel_outl_info 36 0
1 36 ->
@outline 37 2
2 37 [2][3]
$3*0
$4,3FC9R,4
#BasicText
@Sld_BasicText 1 0
0 1 ->
@assem_mass_prop_ptr 2 0
1 2 NULL
@mass_prop_ptr 3 0
1 3 ->
@type 4 1
2 4 0
@density 5 2
2 5 0
@init_dens 6 5
2 6 0
@rel_density 7 2
2 7 0
@init_rel_dens 8 5
2 8 0
@aver_density 9 2
2 9 0
@vrevnum 10 1
2 10 -1
@volume 11 2
2 11 0
@cg 12 2
2 12 [3]
$3*0
@inertia 13 2
2 13 [3][3]
$3*0
$3*0
$3*0
@eps 14 2
2 14 0
@surfarea 15 2
2 15 0
@assign_mp_ptr 16 0
1 16 NULL
@mat_name_ptr 17 10
1 17 NULL
@unit_arr 18 0
1 18 [3]
2 18 
@type 19 1
3 19 1
@factor 20 2
3 20 3FF
@name 21 10
3 21 INCH
@unit_type 22 1
3 22 0
2 18 
3 19 2
3 20 3FF
3 21 POUND
3 22 1
2 18 
3 19 11
3 20 3FF
3 21 HOURS
3 22 2
#GeomDepen
@Sld_GeomDepend 1 0
0 1 ->
@frst_geom_ptr 2 1
1 2 17
@fem_data 3 0
1 3 NULL
@first_quilt_ptr 4 1
1 4 16
#DispCntrl
@Sld_DispCntrl 1 0
0 1 ->
@color_prop_ptr 2 0
1 2 NULL
#DisplData
@Sld_DispData 1 0
0 1 ->
@disp_data 2 0
1 2 
#LargeText
@Sld_LargeText 1 0
0 1 ->
@names_table 2 0
1 2 [1]
2 2 ->
@id 3 1
3 3 33
@type 4 1
3 4 25
@name 5 10
3 5 CS0
@relpar_sets 6 0
1 6 [1]
2 6 
@id 7 1
3 7 -1
@type 8 1
3 8 2
@ext_ref_id 9 1
3 9 -1
@relatnum 10 1
3 10 0
@cfg_states 11 0
1 11 NULL
#FamilyInf
@Sld_FamilyInfo 1 0
0 1 ->
@drv_tbl_ptr 2 0
1 2 NULL
#VisibGeom
@Sld_VisGeom 1 0
0 1 ->
@active_geom 2 0
1 2 
@srf_array 3 0
2 3 [5]
3 3 ->
@geom_type 4 1
4 4 34
@geom_id 5 1
4 5 8
@feat_id 6 1
4 6 1
@boundary_type 7 1
4 7 0
@envlp 8 2
4 8 [2][2]
$2*0
$2*4
@srf_prim_ptr(plane) 9 0
4 9 ->
@local_sys 10 2
5 10 [4][3]
$3FF,2*0
$2*0,BFF
$0,3FF,0
$3*0
@frst_cntr_ptr 11 0
4 11 ->
@frst_cntr_crv_hdr_ptr 12 1
5 12 54
@trv 13 1
5 13 1
@envlp 14 2
5 14 [2][2]
$2*0
$2*4
@next_cntr_ptr 15 0
4 15 NULL
@next_geom_ptr 16 1
4 16 31
@orient 17 1
4 17 1
@outline 18 2
4 18 [2][3]
$3*0
$4,0,4
3 3 ->
4 4 34
4 5 17
4 6 1
4 7 0
4 8 [2][2]
$2*0
$2*4
4 9 ->
5 10 [4][3]
$3FF,2*0
$2*0,BFF
$0,3FF,0
$0,3FC9R,0
4 11 ->
5 12 51
5 13 1
5 14 [2][2]
$2*0
$2*4
4 15 NULL
4 16 8
4 17 -1
4 18 [2][3]
$0,3FC9R,0
$4,3FC9R,4
3 3 ->
4 4 34
4 5 30
4 6 1
4 7 0
4 8 [2][2]
$BFF,BFB9R
$3FF,3FB9R
4 9 ->
5 10 [4][3]
$3FF,2*0
$0,BFF,0
$2*0,BFF
$3FF,3FB9R,4
4 11 ->
5 12 57
5 13 1
5 14 [2][2]
$BFF,BFB9R
$3FF,3FB9R
4 15 NULL
4 16 59
4 17 -1
4 18 [2][3]
$2*0,4
$4,3FC9R,4
3 3 ->
4 4 34
4 5 31
4 6 1
4 7 0
4 8 [2][2]
$BFF,BFB9R
$3FF,3FB9R
4 9 ->
5 10 [4][3]
$2*0,3FF
$0,BFF,0
$3FF,2*0
$4,3FB9R,3FF
4 11 ->
5 12 58
5 13 1
5 14 [2][2]
$BFF,BFB9R
$3FF,3FB9R
4 15 NULL
4 16 30
4 17 1
4 18 [2][3]
$4,2*0
$4,3FC9R,4
3 3 ->
4 4 34
4 5 59
4 6 34
4 7 0
4 8 [2][2]
$BFF6A09E667F3BCR,BFB9R
$3FF6A09E667F3BCR,3FB9R
4 9 ->
5 10 [4][3]
$BFE6A09E667F3BCR,0,BFE6A09E667F3BCR
$0,3FF,0
$3FE6A09E667F3BCR,0,BFE6A09E667F3BCR
$3FF,3FB9R,3FF
4 11 ->
5 12 51
5 13 1
5 14 [2][2]
$BFF6A09E667F3BCR,BFB9R
$3FF6A09E667F3BCR,3FB9R
4 15 NULL
4 16 0
4 17 1
4 18 [2][3]
$3*0
$4,3FC9R,4
@crv_array 19 0
2 19 [9]
3 19 ->
@crv_id 20 1
4 20 29
@feat_id 21 1
4 21 1
@type 22 1
4 22 0
@crv_pnt_dir 23 1
4 23 [2]
$1,-1
@crv_pnt_arr 24 2
4 24 [2][4]
$3FF,3FB9R,3FF,3FB9R
$3FF,BFB9R,3FF,BFB9R
@crv_hdr_geom_ptr[0] 25 1
4 25 31
@crv_hdr_geom_ptr[1] 26 1
4 26 30
@next_crv_hdr_ptr[0] 27 1
4 27 53
@next_crv_hdr_ptr[1] 28 1
4 28 55
@ref_geom[0] 29 1
4 29 0
@ref_geom[1] 30 1
4 30 0
3 19 ->
4 20 51
4 21 34
4 22 0
4 23 [2]
$-1,1
4 24 [2][4]
$4,0,BFF6A09E667F3BCR,3FB9R
$0,4,3FF6A09E667F3BCR,3FB9R
4 25 17
4 26 59
4 27 53
4 28 57
4 29 0
4 30 0
3 19 ->
4 20 52
4 21 34
4 22 0
4 23 [2]
$1,-1
4 24 [2][4]
$BFF,BFB9R,0,4
$3FF,BFB9R,2*4
4 25 30
4 26 17
4 27 29
4 28 51
4 29 0
4 30 0
3 19 ->
4 20 53
4 21 34
4 22 0
4 23 [2]
$-1,1
4 24 [2][4]
$BFF,BFB9R,4,0
$3FF,BFB9R,2*4
4 25 31
4 26 17
4 27 58
4 28 52
4 29 0
4 30 0
3 19 ->
4 20 54
4 21 34
4 22 0
4 23 [2]
$1,-1
4 24 [2][4]
$4,0,BFF6A09E667F3BCR,BFB9R
$0,4,3FF6A09E667F3BCR,BFB9R
4 25 8
4 26 59
4 27 55
4 28 58
4 29 0
4 30 0
3 19 ->
4 20 55
4 21 34
4 22 0
4 23 [2]
$-1,1
4 24 [2][4]
$BFF,3FB9R,0,4
$3FF,3FB9R,2*4
4 25 30
4 26 8
4 27 57
4 28 56
4 29 0
4 30 0
3 19 ->
4 20 56
4 21 34
4 22 0
4 23 [2]
$1,-1
4 24 [2][4]
$BFF,3FB9R,4,0
$3FF,3FB9R,2*4
4 25 31
4 26 8
4 27 29
4 28 54
4 29 0
4 30 0
3 19 ->
4 20 57
4 21 34
4 22 0
4 23 [2]
$1,-1
4 24 [2][4]
$3FF6A09E667F3BCR,3FB9R,BFF,BFB9R
$3FF6A09E667F3BCR,BFB9R,BFF,3FB9R
4 25 59
4 26 30
4 27 54
4 28 52
4 29 0
4 30 0
3 19 ->
4 20 58
4 21 34
4 22 0
4 23 [2]
$1,-1
4 24 [2][4]
$BFF,BFB9R,BFF6A09E667F3BCR,3FB9R
$BFF,3FB9R,BFF6A09E667F3BCR,BFB9R
4 25 31
4 26 59
4 27 56
4 28 51
4 29 0
4 30 0
@qlt_array 31 0
2 31 [1]
3 31 ->
@quilt_id 32 1
4 32 16
@data_type 33 1
4 33 57
@attr 34 1
4 34 1
@feat_id 35 1
4 35 1
@first_geom_ptr 36 1
4 36 8
@used_by_feat_id 37 1
4 37 1
@next_quilt_ptr 38 1
4 38 0
#NovisGeom
@Sld_NonVisGeom 1 0
0 1 ->
@inactive_geom 2 0
1 2 
@srf_array 3 0
2 3 [20]
3 3 ->
@geom_type 4 1
4 4 34
@geom_id 5 1
4 5 2
@feat_id 6 1
4 6 1
@boundary_type 7 1
4 7 -1
@envlp 8 2
4 8 [2][2]
$2*0
$4,3FDA8BEA9EA7F08C
@srf_prim_ptr(plane) 9 0
4 9 ->
@local_sys 10 2
5 10 [4][3]
$3FF,2*0
$0,3FF,0
$2*0,3FF
$3*0
@frst_cntr_ptr 11 0
4 11 ->
@frst_cntr_crv_hdr_ptr 12 1
5 12 3
@trv 13 1
5 13 0
@envlp 14 2
5 14 [2][2]
$2*0
$2*0
@next_cntr_ptr 15 0
4 15 NULL
@next_geom_ptr 16 1
4 16 5
@orient 17 1
4 17 -1
@outline 18 2
4 18 [2][3]
$3*0
$3*0
3 3 ->
4 4 34
4 5 5
4 6 1
4 7 -1
4 8 [2][2]
$2*0
$4,3FDA8BEA9EA7F08C
4 9 ->
5 10 [4][3]
$3FF,2*0
$0,3FF,0
$2*0,3FF
$2*0,4
4 11 ->
5 12 6
5 13 0
5 14 [2][2]
$2*0
$2*0
4 15 NULL
4 16 8
4 17 1
4 18 [2][3]
$3*0
$3*0
3 3 ->
4 4 36
4 5 10
4 6 1
4 7 -1
4 8 [2][2]
$3FE921FB54442D19,0
$4002D97C7F3321D2,4
@srf_prim_ptr(cylinder) 19 0
4 19 ->
@local_sys 20 2
5 20 [4][3]
$3FF,2*0
$0,3FF,0
$2*0,3FF
$3FF,BFF,0
@radius 21 2
5 21 3FF6A09E667F3BCD
4 11 ->
5 12 4
5 13 0
5 14 [2][2]
$2*0
$2*0
4 15 NULL
4 16 0
4 17 1
4 18 [2][3]
$3*0
$3*0
3 3 ->
4 4 36
4 5 12
4 6 1
4 7 6
4 8 [2][2]
$2*BE112E0BE826D695
$4002D97C7F557DEA,3E112E0BE826D695
4 19 ->
5 20 [4][3]
$3FF,2*0
$0,3FF,0
$2*0,3FF
$3FF,BFF,0
5 21 3FF6A09E667F3BCD
4 11 NULL
4 16 0
4 17 1
4 18 [2][3]
$3*0
$3*0
3 3 ->
4 4 36
4 5 13
4 6 1
4 7 6
4 8 [2][2]
$2*BE112E0BE826D695
$3FE921FB54CD9D78,4000000000225C18
4 19 ->
5 20 [4][3]
$3FF,2*0
$0,3FF,0
$2*0,3FF
$3FF,BFF,0
5 21 3FF6A09E667F3BCD
4 11 NULL
4 16 0
4 17 1
4 18 [2][3]
$3*0
$3*0
3 3 ->
4 4 36
4 5 14
4 6 1
4 7 6
4 8 [2][2]
$2*BE112E0BE826D695
$4002D97C7F557DEA,4000000000225C18
4 19 ->
5 20 [4][3]
$3FF,2*0
$0,3FF,0
$2*0,3FF
$3FF,BFF,0
5 21 3FF6A09E667F3BCD
4 11 NULL
4 16 0
4 17 1
4 18 [2][3]
$3*0
$3*0
3 3 ->
4 4 36
4 5 15
4 6 1
4 7 6
4 8 [2][2]
$2*BE112E0BE826D695
$4002D97C7F557DEA,4000000000225C18
4 19 ->
5 20 [4][3]
$3FF,2*0
$0,3FF,0
$2*0,3FF
$3FF,BFF,0
5 21 3FF6A09E667F3BCD
4 11 NULL
4 16 0
4 17 1
4 18 [2][3]
$3*0
$3*0
3 3 ->
4 4 36
4 5 21
4 6 1
4 7 6
4 8 [2][2]
$2*BE112E0BE826D695
$4002D97C7F557DEA,4000000000225C18
4 19 ->
5 20 [4][3]
$3FF,2*0
$0,3FF,0
$2*0,3FF
$3FF,BFE9R,0
5 21 3FF6A09E667F3BCD
4 11 NULL
4 16 0
4 17 1
4 18 [2][3]
$0,3FC9R,0
$0,3FC9R,0
3 3 ->
4 4 36
4 5 23
4 6 1
4 7 6
4 8 [2][2]
$2*BE112E0BE826D695
$3FE921FB54CD9D78,4000000000225C18
4 19 ->
5 20 [4][3]
$3FF,2*0
$0,3FF,0
$2*0,3FF
$3FF,BFE9R,0
5 21 3FF6A09E667F3BCD
4 11 NULL
4 16 0
4 17 1
4 18 [2][3]
$0,3FC9R,0
$0,3FC9R,0
3 3 ->
4 4 34
4 5 26
4 6 1
4 7 -1
4 8 [2][2]
$BFF,BFB9R
$3FF,3FB9R
4 9 ->
5 10 [4][3]
$3FF,2*0
$0,BFF,0
$2*0,BFF
$3FF,3FB9R,0
4 11 ->
5 12 3
5 13 1
5 14 [2][2]
$BFF,BFB9R
$3FF,3FB9R
4 15 NULL
4 16 28
4 17 1
4 18 [2][3]
$3*0
$4,3FC9R,0
3 3 ->
4 4 34
4 5 28
4 6 1
4 7 -1
4 8 [2][2]
$BFF,BFB9R
$3FF,3FB9R
4 9 ->
5 10 [4][3]
$2*0,3FF
$0,BFF,0
$3FF,2*0
$0,3FB9R,3FF
4 11 ->
5 12 9
5 13 1
5 14 [2][2]
$BFF,BFB9R
$3FF,3FB9R
4 15 NULL
4 16 30
4 17 -1
4 18 [2][3]
$3*0
$0,3FC9R,4
3 3 ->
4 4 34
4 5 36
4 6 35
4 7 -1
4 8 [2][2]
$2*0
$2*0
4 9 ->
5 10 [4][3]
$3FF,2*0
$2*0,3FF
$0,BFF,0
$0,3FC9R,0
4 11 NULL
4 16 0
4 17 1
4 18 [2][3]
$3*0
$3*0
3 3 ->
4 4 34
4 5 37
4 6 34
4 7 -1
4 8 [2][2]
$0,C
$4,0
4 9 ->
5 10 [4][3]
$3FF,2*0
$2*0,3FF
$0,BFF,0
$0,BFC9R,0
4 11 ->
5 12 38
5 13 -1
5 14 [2][2]
$0,C
$4,0
4 15 NULL
4 16 0
4 17 1
4 18 [2][3]
$0,BFC9R,0
$4,BFC9R,4
3 3 ->
4 4 34
4 5 40
4 6 34
4 7 -1
4 8 [2][2]
$0,C
$4,0
4 9 ->
5 10 [4][3]
$3FF,2*0
$2*0,3FF
$0,BFF,0
$0,3FD9R,0
4 11 ->
5 12 41
5 13 -1
5 14 [2][2]
$0,C
$4,0
4 15 NULL
4 16 37
4 17 -1
4 18 [2][3]
$0,3FD9R,0
$4,3FD9R,4
3 3 ->
4 4 34
4 5 43
4 6 34
4 7 -1
4 8 [2][2]
$2*0
$4006A09E667F3BCR,3FE3R
4 9 ->
5 10 [4][3]
$BFE6A09E667F3BCR,0,BFE6A09E667F3BCR
$0,3FF,0
$3FE6A09E667F3BCR,0,BFE6A09E667F3BCR
$4,BFC9R,0
4 11 ->
5 12 38
5 13 1
5 14 [2][2]
$2*0
$4006A09E667F3BCR,3FE3R
4 15 NULL
4 16 40
4 17 1
4 18 [2][3]
$0,BFC9R,0
$4,3FD9R,4
3 3 ->
4 4 36
4 5 45
4 6 34
4 7 -1
4 8 [2][2]
$BFF921FB54442D18,0
$0,3FE3R
4 19 ->
5 20 [4][3]
$3FF,2*0
$0,3FF,0
$2*0,3FF
$3*0
5 21 4
4 11 ->
5 12 39
5 13 0
5 14 [2][2]
$BFF921FB54442D18,0
$0,3FE3R
4 15 NULL
4 16 0
4 17 1
4 18 [2][3]
$3*0
$3*0
3 3 ->
4 4 36
4 5 47
4 6 34
4 7 6
4 8 [2][2]
$BFF921FB5488E548,BE112E0BE826D695
$2*3E112E0BE826D695
4 19 ->
5 20 [4][3]
$3FF,2*0
$2*0,3FF
$0,BFF,0
$0,BFC9R,0
5 21 4
4 11 NULL
4 16 0
4 17 1
4 18 [2][3]
$0,BFC9R,0
$0,BFC9R,0
3 3 ->
4 4 36
4 5 48
4 6 34
4 7 6
4 8 [2][2]
$BFF921FB5488E548,BE112E0BE826D695
$3E112E0BE826D695,3FE3333333BCA393
4 19 ->
5 20 [4][3]
$3FF,2*0
$2*0,3FF
$0,BFF,0
$0,BFC9R,0
5 21 4
4 11 NULL
4 16 0
4 17 1
4 18 [2][3]
$0,BFC9R,0
$0,BFC9R,0
3 3 ->
4 4 36
4 5 49
4 6 34
4 7 6
4 8 [2][2]
$BFF921FB5488E548,BE112E0BE826D695
$3E112E0BE826D695,3FE3333333BCA393
4 19 ->
5 20 [4][3]
$3FF,2*0
$2*0,3FF
$0,BFF,0
$0,BFC9R,0
5 21 4
4 11 NULL
4 16 0
4 17 1
4 18 [2][3]
$0,BFC9R,0
$0,BFC9R,0
3 3 ->
4 4 36
4 5 50
4 6 34
4 7 6
4 8 [2][2]
$2*BE112E0BE826D695
$3E112E0BE826D695,3FE3333333BCA393
4 19 ->
5 20 [4][3]
$3FF,2*0
$2*0,3FF
$0,BFF,0
$0,BFC9R,0
5 21 4
4 11 NULL
4 16 0
4 17 1
4 18 [2][3]
$0,BFC9R,0
$0,BFC9R,0
@crv_array 22 0
2 22 [19]
3 22 ->
@crv_id 23 1
4 23 3
@feat_id 24 1
4 24 1
@type 25 1
4 25 0
@crv_pnt_dir 26 1
4 26 [2]
$2*1
@crv_pnt_arr 27 2
4 27 [2][4]
$BFF,3FB9R,2*0
$3FF,3FB9R,4,0
@crv_hdr_geom_ptr[0] 28 1
4 28 26
@crv_hdr_geom_ptr[1] 29 1
4 29 8
@next_crv_hdr_ptr[0] 30 1
4 30 25
@next_crv_hdr_ptr[1] 31 1
4 31 11
@ref_geom[0] 32 1
4 32 0
@ref_geom[1] 33 1
4 33 0
3 22 ->
4 23 4
4 24 1
4 25 2
4 26 [2]
$1,-1
4 27 [16][4]
$4,0,3FE921FB54442D19,0
$3FFE3D69C0C86E6C,3FB95B5D42FF959,3FEC7BD892B3AA93,0
$3FFC52E2E3B4B52R,3FC7D0CA762A5AF,3FEFD5B5D123280D,0
$3FFA45CB3BD6302C,3FD0A50B5DB8934C,3FF197C987C952C4,0
$3FF81BE38F3E3916,3FD47F807F0519F8,3FF344B827011182,0
$3FF5DB3D742C265R,3FD76CF5D0B09954,3FF4F1A6C638D03F,0
$3FF38A2A4B914D25,3FD96535401A9E0C,3FF69E9565708EFC,0
$3FF12F2988A8D974,3FDA62B87E2B953,3FF84B8404A84DBA,0
$3FEDA1ACEEAE4D16,3FDA62B87E2B953,3FF9F872A3E00C7R,0
$3FE8EBAB68DD65B7,3FD96535401A9E0C,3FFBA5614317CB34,0
$3FE4498517A7B354,3FD76CF5D0B09954,3FFD524FE24F89F3,0
$3FDF9071C3071BAC,3FD47F807F0519FC,3FFEFF3E818748AE,0
$3FD6E8D310A73F52,3FD0A50B5DB8934C,40005616905F83B6,0
$3FCD68E8E25A56F4,3FC7D0CA762A5AF,40012C8DDFFB6315,0
$3FBC2963F379192,3FB95B5D42FF959,400203052F974274,0
$2*0,4002D97C7F3321D2,0
4 28 2
4 29 0
4 30 3
4 31 11
4 32 0
4 33 12
3 22 ->
4 23 6
4 24 1
4 25 0
4 26 [2]
$2*-1
4 27 [2][4]
$BFF,3FB9R,0,4
$3FF,3FB9R,2*4
4 28 30
4 29 8
4 30 27
4 31 9
4 32 0
4 33 0
3 22 ->
4 23 7
4 24 1
4 25 2
4 26 [2]
$-1,1
4 27 [16][4]
$4,0,3FE921FB54442D19,4
$3FFE3D69C0C86E6C,3FB95B5D42FF959,3FEC7BD892B3AA93,4
$3FFC52E2E3B4B52R,3FC7D0CA762A5AF,3FEFD5B5D123280D,4
$3FFA45CB3BD6302C,3FD0A50B5DB8934C,3FF197C987C952C4,4
$3FF81BE38F3E3916,3FD47F807F0519F8,3FF344B827011182,4
$3FF5DB3D742C265R,3FD76CF5D0B09954,3FF4F1A6C638D03F,4
$3FF38A2A4B914D25,3FD96535401A9E0C,3FF69E9565708EFC,4
$3FF12F2988A8D974,3FDA62B87E2B953,3FF84B8404A84DBA,4
$3FEDA1ACEEAE4D16,3FDA62B87E2B953,3FF9F872A3E00C7R,4
$3FE8EBAB68DD65B7,3FD96535401A9E0C,3FFBA5614317CB34,4
$3FE4498517A7B354,3FD76CF5D0B09954,3FFD524FE24F89F3,4
$3FDF9071C3071BAC,3FD47F807F0519FC,3FFEFF3E818748AE,4
$3FD6E8D310A73F52,3FD0A50B5DB8934C,40005616905F83B6,4
$3FCD68E8E25A56F4,3FC7D0CA762A5AF,40012C8DDFFB6315,4
$3FBC2963F379192,3FB95B5D42FF959,400203052F974274,4
$2*0,4002D97C7F3321D2,4
4 28 5
4 29 0
4 30 6
4 31 9
4 32 0
4 33 14
3 22 ->
4 23 9
4 24 1
4 25 0
4 26 [2]
$2*-1
4 27 [2][4]
$2*0,BFF,3FB9R
$0,4,3FF,3FB9R
4 28 8
4 29 28
4 30 3
4 31 24
4 32 0
4 33 0
3 22 ->
4 23 11
4 24 1
4 25 0
4 26 [2]
$2*1
4 27 [2][4]
$BFF,3FB9R,4,0
$3FF,3FB9R,2*4
4 28 31
4 29 8
4 30 29
4 31 6
4 32 0
4 33 0
3 22 ->
4 23 18
4 24 1
4 25 0
4 26 [2]
$-1,1
4 27 [2][4]
$BFF,BFB9R,2*0
$3FF,BFB9R,4,0
4 28 26
4 29 17
4 30 24
4 31 22
4 32 0
4 33 0
3 22 ->
4 23 19
4 24 1
4 25 0
4 26 [2]
$1,-1
4 27 [2][4]
$BFF,BFB9R,0,4
$3FF,BFB9R,2*4
4 28 30
4 29 17
4 30 29
4 31 0
4 32 0
4 33 0
3 22 ->
4 23 20
4 24 1
4 25 0
4 26 [2]
$-1,1
4 27 [2][4]
$2*0,BFF,BFB9R
$0,4,3FF,BFB9R
4 28 17
4 29 28
4 30 18
4 31 27
4 32 0
4 33 0
3 22 ->
4 23 22
4 24 1
4 25 0
4 26 [2]
$-1,1
4 27 [2][4]
$BFF,BFB9R,4,0
$3FF,BFB9R,2*4
4 28 31
4 29 17
4 30 25
4 31 0
4 32 0
4 33 0
3 22 ->
4 23 24
4 24 1
4 25 0
4 26 [2]
$1,-1
4 27 [2][4]
$BFF,3FB9R,BFF,3FB9R
$BFF,BFB9R,BFF,BFB9R
4 28 28
4 29 26
4 30 20
4 31 3
4 32 0
4 33 0
3 22 ->
4 23 25
4 24 1
4 25 0
4 26 [2]
$1,-1
4 27 [2][4]
$3FF,3FB9R,BFF,3FB9R
$3FF,BFB9R,BFF,BFB9R
4 28 26
4 29 31
4 30 18
4 31 11
4 32 0
4 33 0
3 22 ->
4 23 27
4 24 1
4 25 0
4 26 [2]
$1,-1
4 27 [2][4]
$BFF,3FB9R,3FF,3FB9R
$BFF,BFB9R,3FF,BFB9R
4 28 30
4 29 28
4 30 19
4 31 9
4 32 0
4 33 0
3 22 ->
4 23 38
4 24 34
4 25 0
4 26 [2]
$1,-1
4 27 [2][4]
$4,3*0
$0,C,4006A09E667F3BCR,0
4 28 37
4 29 43
4 30 39
4 31 44
4 32 0
4 33 0
3 22 ->
4 23 39
4 24 34
4 25 2
4 26 [2]
$1,-1
4 27 [16][4]
$0,C,BFF921FB54442D18,0
$3FCAC2609B3C5765,BFFFD31F94F867C7,BFF7750CB50C6E5B,0
$3FDA9CD9AC4258F,BFFF4CFC327A0081,BFF5C81E15D4AF9E,0
$3FE3C6EF372FE94F,BFFE6F0E134455,BFF41B2F769CF0E,0
$3FEA07F921061AD4,BFFD3BC3AEFF7F96,BFF26E40D76532R,0
$3FF,BFFBB67AE8584CAB,BFF0C152382D7365,0
$3FF2CF2304755A5E,BFF9E3779B97F4A9,BFEE28C731EB695,0
$3FF5698496E20BD8,BFF7C7D7A833BEC2,BFEACEE9F37BEBD5,0
$3FF7C7D7A833BEC2,BFF5698496E20BD8,BFE7750CB50C6E5B,0
$3FF9E3779B97F4A9,BFF2CF2304755A5E,BFE41B2F769CF0E,0
$3FFBB67AE8584CAC,BFF,BFE0C152382D7364,0
$3FFD3BC3AEFF7F97,BFEA07F921061AD,BFDACEE9F37BEBD5,0
$3FFE6F0E134455,BFE3C6EF372FE94E,BFD41B2F769CF0E,0
$3FFF4CFC327A0081,BFDA9CD9AC4258ER,BFCACEE9F37BEBD,0
$3FFFD31F94F867C7,BFCAC2609B3C576,BFBACEE9F37BEBD,0
$4,3*0
4 28 37
4 29 0
4 30 38
4 31 46
4 32 0
4 33 47
3 22 ->
4 23 41
4 24 34
4 25 0
4 26 [2]
$-1,1
4 27 [2][4]
$4,2*0,3FE3R
$0,C,4006A09E667F3BCR,3FE3R
4 28 40
4 29 43
4 30 42
4 31 46
4 32 0
4 33 0
3 22 ->
4 23 42
4 24 34
4 25 2
4 26 [2]
$-1,1
4 27 [16][4]
$0,C,BFF921FB54442D18,3FE3R
$3FCAC2609B3C5765,BFFFD31F94F867C7,BFF7750CB50C6E5B,3FE3R
$3FDA9CD9AC4258F,BFFF4CFC327A0081,BFF5C81E15D4AF9E,3FE3R
$3FE3C6EF372FE94F,BFFE6F0E134455,BFF41B2F769CF0E,3FE3R
$3FEA07F921061AD4,BFFD3BC3AEFF7F96,BFF26E40D76532R,3FE3R
$3FF,BFFBB67AE8584CAB,BFF0C152382D7365,3FE3R
$3FF2CF2304755A5E,BFF9E3779B97F4A9,BFEE28C731EB695,3FE3R
$3FF5698496E20BD8,BFF7C7D7A833BEC2,BFEACEE9F37BEBD5,3FE3R
$3FF7C7D7A833BEC2,BFF5698496E20BD8,BFE7750CB50C6E5B,3FE3R
$3FF9E3779B97F4A9,BFF2CF2304755A5E,BFE41B2F769CF0E,3FE3R
$3FFBB67AE8584CAC,BFF,BFE0C152382D7364,3FE3R
$3FFD3BC3AEFF7F97,BFEA07F921061AD,BFDACEE9F37BEBD5,3FE3R
$3FFE6F0E134455,BFE3C6EF372FE94E,BFD41B2F769CF0E,3FE3R
$3FFF4CFC327A0081,BFDA9CD9AC4258ER,BFCACEE9F37BEBD,3FE3R
$3FFFD31F94F867C7,BFCAC2609B3C576,BFBACEE9F37BEBD,3FE3R
$4,2*0,3FE3R
4 28 40
4 29 0
4 30 41
4 31 44
4 32 0
4 33 49
3 22 ->
4 23 44
4 24 34
4 25 0
4 26 [2]
$1,-1
4 27 [2][4]
$4*0
$0,3FE3R,0,3FE3R
4 28 43
4 29 0
4 30 41
4 31 39
4 32 0
4 33 50
3 22 ->
4 23 46
4 24 34
4 25 0
4 26 [2]
$1,-1
4 27 [2][4]
$BFF921FB54442D18,0,4006A09E667F3BCR,0
$BFF921FB54442D18,3FE3R,4006A09E667F3BCR,3FE3R
4 28 0
4 29 43
4 30 42
4 31 38
4 32 48
4 33 0
@external_geom 34 0
1 34 
#ActEntity
@Sld_Entities 1 0
0 1 ->
@act_feat_ents 2 0
1 2 [1]
2 2 
@feat_id 3 1
3 3 32
@datum_id 4 1
3 4 -1
@entity_ptr(coord_sys) 5 0
3 5 ->
@type 6 1
4 6 18
@id 7 1
4 7 33
@gen_info 8 0
4 8 
@color 9 1
5 9 1
@sys_type 10 1
4 10 -1
@pnt_type 11 1
4 11 -1
@radius 12 2
4 12 0
@local_sys 13 2
4 13 [4][3]
$3FF,2*0
$2*0,3FF
$0,BFF,0
$0,3FC9R,4
@feat_id 14 1
4 14 32
@entity(text) 15 0
3 15 ->
@text_type 16 1
4 16 34
@text_value 17 10
4 17 CS0
@txt_attrib 18 1
4 18 1
@coord 19 2
4 19 [3]
$407CB573DF1821E7,4071E643594764D,C09BE503525FA60B
@owner_id 20 1
4 20 33
@height 21 2
4 21 BFF
@width_factor 22 2
4 22 BFF
@format_info 23 0
4 23 
@thickness 24 2
4 24 BFF
#AllFeatur
@Sld_Features 1 0
0 1 ->
@first_feat_ptr 2 0
1 2 ->
@id 3 1
2 3 1
@indep_attributes 4 1
2 4 4097
@feat_type_ptr 5 0
2 5 ->
@table_id 6 1
3 6 -1
@type 7 1
3 7 942
@feattype_key 8 10
3 8 NULL
@form 9 1
3 9 1
@attributes 10 1
3 10 [3]
$134217760,65536,0
@placement 11 1
3 11 0
@intersection 12 1
3 12 991
@internal_udf_type 13 1
3 13 -1
@param_choice_ptr 14 0
3 14 ->
@blend_choice 15 1
4 15 0
@depth_choice 16 1
4 16 1073741824
@angle_choice 17 1
4 17 0
@pat_choice 18 1
4 18 -1
@round_choice 19 1
4 19 -1
@subsec_choice 20 1
4 20 -1
@sweep_choice 21 1
4 21 0
@dome_choice 22 1
4 22 0
@draft_choice 23 1
4 23 0
@misc_choice 24 1
4 24 [2]
$32772,0
@assoc_type 25 1
3 25 0
@symbol_key 26 1
2 26 -1
@sect_name 27 10
2 27 no_name
@model_type 28 1
2 28 2
@idtab_ptr 29 0
2 29 ->
@srf_id_arr 30 1
3 30 [15][4]
$2,204,2*0
$5,203,2*0
$8,200,2*0
$10,200,1,0
$12,2017,4,1
$13,2017,11,0
$14,2017,7,1
$15,2017,9,1
$17,252,8,0
$21,2017,20,1
$23,2017,22,0
$26,219,3,0
$28,219,9,0
$30,219,6,0
$31,219,11,0
@edg_id_arr 31 1
3 31 [14][6]
$3,221,3*0,26
$4,221,1,2*0,2
$6,222,3*0,8
$7,222,1,3*0
$9,304,3*0,8
$11,302,3*0,31
$18,243,3,2*0,17
$19,243,6,2*0,30
$20,243,9,2*0,28
$22,243,11,2*0,17
$24,241,9,2*0,28
$25,241,3,2*0,26
$27,241,6,2*0,30
$29,241,11,2*0,31
@misc_id_tab 32 0
3 32 [1]
4 32 
@misc_hist 33 1
5 33 [5]
$16,200,1,-1,501
@save_geoms 34 0
3 34 ->
@new_edges 35 1
4 35 [8]
$18,19,20,22,24,25,27,29
@new_quilts 36 1
4 36 [1]
5 36 16
@sv_frst_geom 37 1
4 37 8
@cr_flags_xar 38 1
3 38 [30]
$3*-1,-2049,2*-1,-16777217,3*-1,-536870913,-1,-1126176897,-2,-2097185,
$-2097665,-1,-1073741843,-1,-1073741825,-257,-261121,-1,-32769,-1,-4194305,
$3*-1,16383
@cvt_feat_dat 39 0
3 39 NULL
@feat_dates_ptr 40 0
3 40 ->
@creat_date 41 1
4 41 190014
@regen_date 42 1
4 42 190014
@group_info_ptr 43 0
2 43 NULL
@intrs_pairs_ptr 44 0
2 44 ->
@place_rec_ptr 45 0
2 45 ->
@local_sys 46 2
3 46 [4][3]
$3FF,2*0
$0,3FF,0
$2*0,3FF
$3*0
@place_instruction_ptrs 47 0
3 47 [2]
4 47 ->
@type 48 1
5 48 887
@offset 49 2
5 49 BFF
@dim_id 50 1
5 50 1
@ref_id 51 1
5 51 -1
@geometry1_id 52 1
5 52 1
@geometry2_id 53 1
5 53 -1
@memb_num1 54 1
5 54 0
@memb_num2 55 1
5 55 0
@attr 56 1
5 56 0
@plin_info_arr 57 0
5 57 [1]
6 57 ->
@type 58 1
7 58 6
@data(plin_info_ui_step) 59 0
7 59 ->
@step_ids 60 1
8 60 [1]
9 60 4
4 47 ->
5 48 1854
5 49 0
5 50 2
5 51 -1
5 52 -1
5 53 -1
5 54 0
5 55 0
5 56 0
5 57 [1]
6 57 ->
7 58 6
7 59 ->
8 60 [1]
9 60 3
@own_ref_id 61 1
3 61 -1
@orient 62 1
3 62 0
@next_prop 63 0
2 63 NULL
@first_geom_id 64 1
2 64 8
@gsec_ptr 65 0
2 65 [1]
3 65 
@type 66 1
4 66 1
@is_ref_gsec 67 1
4 67 0
@name 68 10
4 68 S2D0008
@gsec2d_ptr 69 0
4 69 ->
@name 70 10
5 70 S2D0008
@segtab_ptr 71 0
5 71 [1]
6 71 
@type 72 1
7 72 2
@dir 73 1
7 73 [3]
$1,2*0
@pointid 74 1
7 74 [2]
$0,1
@cntrid 75 1
7 75 -1
@arcorient 76 1
7 76 0
@verhor 77 1
7 77 1
@radius 78 1
7 78 0
@radius2 79 1
7 79 0
@ext_id 80 1
7 80 0
@gen_info 81 0
7 81 
@ent_spec_data(null_ptr) 82 0
7 82 ->
@known_ent_info 83 0
7 83 
@attr 84 1
8 84 0
@known_ent_id 85 1
8 85 -1
@dimtab_ptr 86 0
5 86 [1]
6 86 
@type 87 1
7 87 1
@value 88 2
7 88 4
@direct 89 1
7 89 0
@property 90 1
7 90 0
@leftpt 91 1
7 91 [2]
@rightpt 92 1
7 92 [2]
@offset 93 2
7 93 0
@ext_id 94 1
7 94 0
@dispdimattr 95 0
7 95 
@dimattr 96 1
8 96 [4]
$18,3*0
@dim_ref 97 0
7 97 [2]
8 97 
@item_id 98 1
9 98 0
@sense 99 1
9 99 4
@point 100 1
9 100 [2]
$2*0
8 97 
9 98 -1
9 99 0
9 100 [2]
$2*1
@relat_ptr 101 0
5 101 [2]
6 101 
@id 102 1
7 102 0
@used 103 1
7 103 1
@a 104 1
7 104 [4]
$0,1,2*-1
@b 105 1
7 105 [4]
$2*1,2*0
@c 106 2
7 106 [4]
$3FF,BFF,2*3FF
@sign 107 1
7 107 0
@idim 108 1
7 108 0
@type 109 1
7 109 0
6 101 
7 102 1
7 103 1
7 104 [4]
$0,1,2*-1
7 105 [4]
$4*0
7 106 [4]
$3FF,BFF,2*3FF
7 107 1
7 108 0
7 109 0
@formula_ptr 110 1
5 110 [2]
$0,1
@qind 111 1
5 111 0
@anchor 112 0
5 112 NULL
@totalpointid 113 1
5 113 2
@checkarcs_flag 114 1
5 114 1
@location 115 0
5 115 ->
@id 116 1
6 116 0
@param 117 2
6 117 0
@type 118 1
6 118 0
@nsket_info 119 0
5 119 ->
@scale 120 2
6 120 400E2D8D35C03A5
@m 121 1
6 121 5
@last_was_permanent 122 1
6 122 0
@unsolved_ptr 123 0
5 123 ->
@iges_file 124 10
6 124 NULL
@solve_version 125 1
5 125 1
@segdscr_tab 126 0
5 126 [1]
6 126 
@ent_mode 127 1
7 127 0
@segm_ent_ptr(ent_ptr) 128 0
7 128 ->
@skamp_ptr 129 0
5 129 [1]
6 129 
@id 130 1
7 130 0
@type 131 1
7 131 1
@flags 132 1
7 132 0
@status 133 1
7 133 3
@items 134 0
7 134 [1]
8 134 
@ent_id 135 1
9 135 0
@sense 136 1
9 136 0
@triples_ptr 137 0
5 137 [1]
6 137 
@rel_id 138 1
7 138 0
@eqn_id 139 1
7 139 0
@skamp_id 140 1
7 140 0
@order_ptr 141 0
4 141 [1]
5 141 
@id 142 1
6 142 0
@flip 143 1
6 143 14
@dim_id_tab 144 1
4 144 [1]
5 144 0
@attributes 145 1
4 145 262144
@xsec_id 146 1
4 146 -1
@gsec_info_arr 147 0
4 147 [1]
5 147 
@application_type 148 1
6 148 2
@application_id 149 1
6 149 1
@secsolve_revnum 150 1
4 150 0
@rel_accuracy 151 2
4 151 BFF
@cr_flags 152 1
4 152 255
@p_saved_result 153 0
4 153 ->
@entity(line) 154 0
5 154 ->
@id 155 1
6 155 0
@gen_info 156 0
6 156 
@end1 157 2
6 157 [3]
$3*0
@end2 158 2
6 158 [3]
$4,2*0
@local_sys 159 2
5 159 [4][3]
$3FF,2*0
$0,3FF,0
$2*0,3FF
$3*0
@cond_tbl_idx 160 1
2 160 -1
@comment 161 10
2 161 NULL
@merge_info_ptr 162 0
2 162 NULL
@topology_increment 163 0
2 163 ->
@next_srf 164 0
3 164 [1]
4 164 
@p_srf 165 1
5 165 8
@next_geom_ptr 166 1
5 166 0
@next_crv 167 0
3 167 [4]
4 167 
@p_crv 168 1
5 168 3
@next_crv 169 11
5 169 [2]
$0,9
4 167 
5 168 6
5 169 [2]
$0,11
4 167 
5 168 9
5 169 [2]
$6,0
4 167 
5 168 11
5 169 [2]
$0,3
@crv_geom 170 0
3 170 [4]
4 170 
@p_crv 171 1
5 171 3
@crv_geom 172 11
5 172 [2]
$0,8
4 170 
5 171 6
5 172 [2]
$0,8
4 170 
5 171 9
5 172 [2]
$8,0
4 170 
5 171 11
5 172 [2]
$0,8
@ref_geom 173 0
3 173 [2]
4 173 
@p_crv 174 1
5 174 9
@ref_geom 175 11
5 175 [2]
$0,15
4 173 
5 174 11
5 175 [2]
$13,0
@first_geom 176 1
3 176 0
@first_quilt 177 1
3 177 0
@outline 178 2
3 178 [2][3]
$3*0
$3*0
@max_part_size 179 2
3 179 0
@newobj_table 180 0
3 180 [1]
4 180 
@type 181 1
5 181 1
@data(sheetmetal_pairs) 182 0
5 182 
@-dummy_smtl 183 0
6 183 [6]
7 183 
@oper 184 1
8 184 2
@smtl_info 185 0
8 185 
@geom_id 186 1
9 186 8
@sheetm_type 187 1
9 187 2
@opp_geom_id 188 1
9 188 17
7 183 
8 184 2
8 185 
9 186 17
9 187 3
9 188 8
7 183 
8 184 2
8 185 
9 186 26
9 187 1
9 188 -1
7 183 
8 184 2
8 185 
9 186 28
9 187 1
9 188 -1
7 183 
8 184 2
8 185 
9 186 30
9 187 1
9 188 -1
7 183 
8 184 2
8 185 
9 186 31
9 187 1
9 188 -1
@xform_increment 189 0
3 189 NULL
@roll_back_id 190 1
3 190 -1
@state_ind 191 1
2 191 -1
@alumni_info 192 0
2 192 NULL
@revnum 193 1
2 193 2
@rev_rec 194 0
2 194 ->
@num_plins 195 1
3 195 2
@expl_state_ref 196 0
2 196 NULL
@feat_outl_info 197 0
2 197 NULL
@next_feat_ptr 198 0
1 198 ->
2 3 32
2 4 4097
2 5 ->
3 6 -1
3 7 979
3 8 NULL
3 9 0
3 10 [3]
$3*0
3 11 0
3 12 -1
3 13 -1
3 14 ->
4 15 0
4 16 0
4 17 0
4 18 -1
4 19 -1
4 20 -1
4 21 0
4 22 0
4 23 0
4 24 [2]
$16,0
3 25 0
2 26 -1
2 27 no_name
2 28 2
2 29 ->
3 32 [1]
4 32 
5 33 [5]
$33,534,0,-1,500
3 34 NULL
3 38 [30]
$3*-1,-2049,2*-1,-16777217,3*-1,-536870913,-1,-1126176897,-2,-2097185,
$-2097665,-1,-1073741843,-1,-1073741825,-257,-261121,-1,-32769,-1,-4194305,
$2*-1,-536870913,16383
3 39 NULL
3 40 ->
4 41 190014
4 42 190014
2 43 NULL
2 44 ->
2 45 ->
3 46 [4][3]
$3FF,2*0
$2*0,3FF
$0,BFF,0
$0,3FC9R,4
3 47 [4]
4 47 ->
5 48 1261
5 49 0
5 50 -1
5 51 -1
5 52 20
5 53 -1
5 54 0
5 55 0
5 56 0
4 47 ->
5 48 1261
5 49 0
5 50 -1
5 51 -1
5 52 19
5 53 -1
5 54 0
5 55 0
5 56 0
4 47 ->
5 48 1270
5 49 4
5 50 -1
5 51 -1
5 52 -1
5 53 -1
5 54 0
5 55 0
5 56 0
4 47 ->
5 48 1271
5 49 BFF
5 50 -1
5 51 -1
5 52 -1
5 53 -1
5 54 0
5 55 0
5 56 0
3 61 -1
3 62 0
@trf_arr 199 0
3 199 [1]
4 199 
@type 200 1
5 200 10
@idx 201 1
5 201 0
@transf 202 2
5 202 [4][3]
$3FF,2*0
$2*0,3FF
$0,BFF,0
$0,3FC9R,4
2 63 NULL
2 64 -1
2 160 -1
2 161 NULL
2 162 NULL
@parent_table 203 1
2 203 [1]
3 203 1
2 163 ->
3 176 8
3 177 16
3 178 [2][3]
$3*0
$4,3FC9R,4
3 179 4006AF150DC81142
3 189 NULL
3 190 -1
2 191 -1
2 192 NULL
2 193 1
2 194 ->
3 195 4
2 196 NULL
2 197 ->
@ent_outl 204 2
3 204 [2][3]
$0,3FC9R,4
$0,3FC9R,4
1 198 ->
2 3 35
2 4 4097
2 5 ->
3 6 -1
3 7 923
3 8 NULL
3 9 0
3 10 [3]
$3,2*0
3 11 0
3 12 -1
3 13 -1
3 14 ->
4 15 0
4 16 0
4 17 0
4 18 970
4 19 -1
4 20 -1
4 21 0
4 22 0
4 23 0
4 24 [2]
$2*0
3 25 0
2 26 -1
2 27 no_name
2 28 2
2 29 ->
3 30 [1][4]
$36,3*0
3 34 NULL
3 38 [30]
$3*-1,-2049,2*-1,-16777217,3*-1,-536870913,-1,-1126176897,-2,-2097185,
$-2097665,-1,-1073741843,-1,-1073741825,-257,-261121,-1,-32769,-1,-4194305,
$3*-1,16383
3 39 NULL
3 40 ->
4 41 190014
4 42 190014
2 43 NULL
2 44 ->
2 45 ->
3 46 [4][3]
$3FF,2*0
$2*0,3FF
$0,BFF,0
$0,3FC9R,0
3 47 [2]
4 47 ->
5 48 509
5 49 3FF
5 50 -1
5 51 -1
5 52 17
5 53 36
5 54 0
5 55 0
5 56 32768
5 57 [1]
6 57 ->
7 58 1
@data(plin_info_ref) 205 0
7 205 ->
@id_type1 206 1
8 206 -4
@id_type2 207 1
8 207 5
@offset2 208 2
8 208 0
4 47 ->
5 48 510
5 49 BFF
5 50 -1
5 51 -1
5 52 30
5 53 36
5 54 0
5 55 0
5 56 32768
5 57 [1]
6 57 ->
7 58 1
7 205 ->
8 206 -4
8 207 5
8 208 0
3 61 -1
3 62 1
3 199 [1]
4 199 
5 200 11
5 201 0
5 202 [4][3]
$3FF,2*0
$2*0,3FF
$0,BFF,0
$0,3FC9R,0
2 63 NULL
2 64 36
2 160 -1
2 161 NULL
2 162 NULL
2 203 [1]
3 203 1
2 163 ->
3 176 8
3 177 16
3 178 [2][3]
$3*0
$4,3FC9R,4
3 179 4006AF150DC81142
3 189 NULL
3 190 -1
2 191 -1
2 192 NULL
2 193 0
2 194 ->
3 195 2
2 196 NULL
2 197 NULL
1 198 ->
2 3 34
2 4 1
2 5 ->
3 6 -1
3 7 955
3 8 NULL
3 9 1
3 10 [3]
$32,2*0
3 11 0
3 12 991
3 13 -1
3 14 ->
4 15 0
4 16 1052672
4 17 0
4 18 -1
4 19 -1
4 20 -1
4 21 0
4 22 0
4 23 0
4 24 [2]
$2*0
3 25 0
2 26 -1
2 27 no_name
2 28 2
2 29 ->
3 30 [9][4]
$37,204,2*0
$40,203,2*0
$43,200,2*0
$45,200,1,0
$47,2017,39,1
$48,2017,46,0
$49,2017,42,1
$50,2017,44,1
$59,219,51,0
3 31 [14][6]
$38,221,3*0,37
$39,221,1,2*0,37
$41,222,3*0,43
$42,222,1,3*0
$44,304,3*0,43
$46,302,4*0
$51,223,17,43,0,59
$52,224,19,2*0,30
$53,224,22,2*0,17
$54,243,51,2*0,8
$55,243,52,2*0,8
$56,243,53,2*0,31
$57,241,51,2*0,59
$58,241,53,2*0,31
@dtm_id_tab 209 0
3 209 [1]
4 209 
@dtm_id 210 1
5 210 36
@dim_id 211 1
5 211 -1
3 34 NULL
3 38 [30]
$3*-1,-2049,2*-1,-16777217,3*-1,-536870913,-1,-1126176897,-2,-2097185,
$-2097665,-1,-1073741843,-1,-1073741825,-257,-261121,-1,-32769,-1,-4194305,
$3*-1,16383
3 39 NULL
3 40 ->
4 41 190014
4 42 190014
2 43 NULL
2 44 ->
2 45 ->
3 46 [4][3]
$3FF,2*0
$0,3FF,0
$2*0,3FF
$3*0
3 47 [1]
4 47 ->
5 48 5039
5 49 4008
5 50 -1
5 51 -1
5 52 -1
5 53 -1
5 54 0
5 55 0
5 56 0
5 57 [1]
6 57 ->
7 58 6
7 59 ->
8 60 [1]
9 60 1
3 61 -1
3 62 0
3 199 [1]
4 199 
5 200 1
5 201 0
5 202 [4][3]
$3FF,2*0
$0,BFF,0
$2*0,BFF
$3*0
2 63 NULL
2 64 -1
2 65 [1]
3 65 
4 66 2
4 67 0
4 68 S2D0009
4 69 ->
5 70 S2D0009
5 71 [3]
6 71 
7 72 2
7 73 [3]
$2*1,0
7 74 [2]
$0,1
7 75 -1
7 76 0
7 77 2
7 78 0
7 79 0
7 80 0
7 81 
7 82 ->
7 83 
8 84 0
8 85 -1
6 71 
7 72 32769
7 73 [3]
$3*0
7 74 [2]
$2*-1
7 75 1
7 76 0
7 77 0
7 78 0
7 79 0
7 80 1
7 81 
7 82 ->
7 83 
8 84 0
8 85 -1
6 71 
7 72 32769
7 73 [3]
$3*0
7 74 [2]
$2*-1
7 75 0
7 76 0
7 77 0
7 78 0
7 79 0
7 80 2
7 81 
7 82 ->
7 83 
8 84 0
8 85 -1
5 86 [2]
6 86 
7 87 42
7 88 0
7 89 0
7 90 0
7 91 [2]
7 92 [2]
7 93 0
7 94 0
7 95 
8 96 [4]
$4*0
7 97 [2]
8 97 
9 98 1
9 99 3
9 100 [2]
$2*-1
8 97 
9 98 0
9 99 2
9 100 [2]
$2*-1
6 86 
7 87 42
7 88 0
7 89 0
7 90 0
7 91 [2]
7 92 [2]
7 93 0
7 94 1
7 95 
8 96 [4]
$4*0
7 97 [2]
8 97 
9 98 2
9 99 3
9 100 [2]
$2*-1
8 97 
9 98 0
9 99 1
9 100 [2]
$2*-1
5 101 [1]
6 101 
7 102 0
7 103 4
7 104 [4]
$0,1,0,1
7 105 [4]
$2*0,2*1
7 106 [4]
$3FF,2*BFF,3FF
7 107 2
7 108 -1
7 109 9
5 110 [1]
6 110 0
5 111 -1
5 112 NULL
5 113 2
5 114 1
5 115 ->
6 116 0
6 117 0
6 118 0
5 119 ->
6 120 40069DAD41CE322E
6 121 0
6 122 0
5 123 ->
6 124 NULL
5 125 1
5 126 [3]
6 126 
7 127 0
7 128 ->
6 126 
7 127 0
7 128 ->
6 126 
7 127 0
7 128 ->
5 129 [2]
6 129 
7 130 0
7 131 0
7 132 0
7 133 35
7 134 [2]
8 134 
9 135 0
9 136 2
8 134 
9 135 2
9 136 0
6 129 
7 130 1
7 131 0
7 132 0
7 133 35
7 134 [2]
8 134 
9 135 0
9 136 3
8 134 
9 135 1
9 136 0
@gsec3d_ptr 212 0
4 212 ->
@type 213 1
5 213 7
@name 214 10
5 214 S2D0009
@flip 215 1
5 215 1
@own_ref_id 216 1
5 216 -1
@first_chain_ptr 217 0
5 217 NULL
@first_offs_chain_ptr 218 0
5 218 NULL
@quilt_id 219 1
5 219 -1
@plane_id 220 1
5 220 36
@plane_flip 221 1
5 221 1
@ref_planes 222 0
5 222 [2]
6 222 
@plane_id 223 1
7 223 18
@ref_type 224 1
7 224 72
@ext_ref_id 225 1
7 225 -1
@seg_id 226 1
7 226 1
@flip_flag 227 1
7 227 0
@save_entity_ptr(point) 228 0
7 228 ->
@type 229 1
8 229 32769
@id 230 1
8 230 -1
@gen_info 231 0
8 231 
@flip 232 1
8 232 1
@pnt 233 2
8 233 [3]
$4,2*0
@ref_id 234 1
8 234 -1
@feat_id 235 1
8 235 -1
@back_entity_ptr(point) 236 0
7 236 ->
8 229 32769
8 230 -1
8 231 
8 232 1
8 233 [3]
$4,2*0
8 234 -1
8 235 -1
6 222 
7 223 19
7 224 71
7 225 -1
7 226 2
7 227 0
7 228 ->
8 229 32769
8 230 -1
8 231 
8 232 1
8 233 [3]
$0,C,0
8 234 -1
8 235 -1
7 236 ->
8 229 32769
8 230 -1
8 231 
8 232 1
8 233 [3]
$0,C,0
8 234 -1
8 235 -1
4 141 [1]
5 141 
6 142 0
6 143 14
4 144 [2]
$3,4
4 145 262144
4 146 -1
4 147 [1]
5 147 
6 148 2
6 149 1
4 150 0
4 151 BFF
4 152 255
4 153 ->
5 154 ->
6 155 0
6 156 
6 157 [3]
$0,C,0
6 158 [3]
$4,2*0
@entity(point) 237 0
5 237 ->
6 229 32769
6 230 1
6 231 
6 232 1
6 233 [3]
$4,2*0
6 234 -1
6 235 -1
5 237 ->
6 229 32769
6 230 2
6 231 
6 232 1
6 233 [3]
$0,C,0
6 234 -1
6 235 -1
5 159 [4][3]
$3FF,2*0
$2*0,3FF
$0,BFF,0
$0,3FC9R,0
2 160 -1
2 161 NULL
2 162 NULL
2 203 [2]
$1,35
2 163 ->
3 164 [4]
4 164 
5 165 8
5 166 26
4 164 
5 165 17
5 166 0
4 164 
5 165 30
5 166 31
4 164 
5 165 31
5 166 17
@bnd_type 238 0
3 238 [4]
4 238 
@p_srf 239 1
5 239 8
@boundary_type 240 1
5 240 1
4 238 
5 239 17
5 240 1
4 238 
5 239 26
5 240 0
4 238 
5 239 28
5 240 0
@contours 241 0
3 241 [4]
4 241 
@p_srf 242 1
5 242 8
@start_crv_arr 243 11
5 243 [1]
6 243 3
4 241 
5 242 17
5 243 [1]
6 243 18
4 241 
5 242 30
5 243 [1]
6 243 6
4 241 
5 242 31
5 243 [1]
6 243 11
3 167 [7]
4 167 
5 168 3
5 169 [2]
$25,9
4 167 
5 168 6
5 169 [2]
$27,11
4 167 
5 168 9
5 169 [2]
$6,24
4 167 
5 168 11
5 169 [2]
$29,3
4 167 
5 168 19
5 169 [2]
$29,20
4 167 
5 168 22
5 169 [2]
$25,19
4 167 
5 168 29
5 169 [2]
$22,6
@crv_dirs 244 0
3 244 [4]
4 244 
@p_crv 245 1
5 245 3
@crv_pnt_dir 246 1
5 246 [2]
$1,-1
4 244 
5 245 6
5 246 [2]
$-1,1
4 244 
5 245 9
5 246 [2]
$1,-1
4 244 
5 245 11
5 246 [2]
$1,-1
@qlt_attr 247 0
3 247 [1]
4 247 
@p_quilt 248 1
5 248 16
@attr 249 1
5 249 0
3 176 8
3 177 16
3 178 [2][3]
$3*0
$4,3FC9R,4
3 179 4006AF150DC81142
3 180 [1]
4 180 
5 181 1
5 182 
6 183 [1]
7 183 
8 184 2
8 185 
9 186 59
9 187 1
9 188 -1
3 189 NULL
3 190 -1
2 191 -1
2 192 NULL
2 193 2
2 194 ->
@revnums 250 0
3 250 [2]
4 250 ->
@owner_type 251 1
5 251 4
@owner_ind 252 1
5 252 0
@ref_id 253 1
5 253 0
@ref_revnum 254 1
5 254 2
4 250 ->
5 251 4
5 252 0
5 253 1
5 254 2
3 195 1
2 196 NULL
2 197 NULL
1 198 NULL
@layer_list 255 0
1 255 [4]
2 255 
@feat_id 256 1
3 256 1
@layer_id 257 1
3 257 0
@back_layer_id 258 1
3 258 0
2 255 
3 256 32
3 257 0
3 258 0
2 255 
3 256 35
3 257 0
3 258 0
2 255 
3 256 34
3 257 0
3 258 0
#FullMData
@Sld_FullData 1 0
0 1 ->
@first_member_ptr 2 0
1 2 NULL
@alumni_members 3 0
1 3 NULL
@first_xsec_ptr 4 0
1 4 NULL
@lang_ptr 5 0
1 5 ->
@interact_on 6 1
2 6 -1
@first_csys_ptr 7 0
1 7 NULL
@dim_array 8 0
1 8 [5]
2 8 ->
@type 9 1
3 9 8
@dim_type 10 1
3 10 1
@feat_id 11 1
3 11 1
@attributes 12 1
3 12 289
@dim_dat_ptr 13 0
3 13 ->
@value 14 2
4 14 4
@bck_value 15 2
4 15 4
@tol_ptr 16 0
4 16 ->
@type 17 1
5 17 9
@tol_type 18 1
5 18 1
@dual_digits_diff 19 1
5 19 999
@value 20 2
5 20 [2]
$2*3F50624DD2F1A9FC
@nominal_value 21 2
4 21 4
@bound 22 1
4 22 20
@bck_bound 23 1
4 23 -1
@bck_tol_ptr 24 0
4 24 ->
@value 25 2
5 25 [2]
$2*3F50624DD2F1A9FC
@datum_def_id 26 1
4 26 -1
@places_denom 27 1
4 27 3
@bck_places_denom 28 1
4 28 3
@dim_data_attrib 29 1
4 29 0
@dim_cosm_ptr 30 0
3 30 ->
@d0 31 2
4 31 3FD851EB851EB85
@d1 32 2
4 32 402EAB4626436AA
@d2 33 2
4 33 3FD851EB851EB85
@d3 34 2
4 34 403B1EDB6DB6DB7
@ord_info 35 0
4 35 NULL
@attach_ptr 36 0
3 36 NULL
@dim_text_ptr 37 0
3 37 ->
@symbol 38 10
4 38 d0
@parent_dim_id 39 1
3 39 -1
2 8 ->
3 9 8
3 10 209
3 11 1
3 12 257
3 13 ->
4 14 BFC9R
4 15 BFC9R
4 16 ->
5 17 9
5 18 1
5 19 999
5 20 [2]
$2*3F50624DD2F1A9FC
4 21 BFC9R
4 22 20
4 23 -1
4 24 ->
5 25 [2]
$2*3F50624DD2F1A9FC
4 26 -1
4 27 3
4 28 3
4 29 4
3 30 ->
4 31 0
4 32 0
4 33 0
4 34 0
4 35 NULL
3 36 NULL
3 37 ->
4 38 d1
@line_array 40 0
4 40 [1]
5 40 
@text_array 41 0
6 41 [2]
7 41 
@text_type 42 1
8 42 61
@text_value 43 10
8 43 
@txt_attrib 44 1
8 44 1
@owner_id 45 1
8 45 1
@height 46 2
8 46 BFF
@width_factor 47 2
8 47 BFF
@format_info 48 0
8 48 
@thickness 49 2
8 49 BFF
7 41 
8 42 58
8 43 THICK
8 44 1
8 45 1
8 46 BFF
8 47 BFF
8 48 
8 49 BFF
3 39 -1
2 8 ->
3 9 8
3 10 62
3 11 1
3 12 385
3 13 ->
4 14 4
4 15 4
4 16 ->
5 17 9
5 18 1
5 19 999
5 20 [2]
$2*3F50624DD2F1A9FC
4 21 4
4 22 20
4 23 -1
4 24 ->
5 25 [2]
$2*3F50624DD2F1A9FC
4 26 -1
4 27 3
4 28 3
4 29 0
3 30 ->
4 31 0
4 32 0
4 33 0
4 34 0
4 35 NULL
3 36 NULL
3 37 ->
4 38 d2
3 39 -1
2 8 ->
3 9 8
3 10 42
3 11 34
3 12 32
3 13 ->
4 14 0
4 15 0
4 16 ->
5 17 9
5 18 1
5 19 999
5 20 [2]
$2*3F50624DD2F1A9FC
4 21 0
4 22 20
4 23 -1
4 24 ->
5 25 [2]
$2*3F50624DD2F1A9FC
4 26 -1
4 27 3
4 28 3
4 29 0
3 30 ->
4 31 0
4 32 0
4 33 0
4 34 0
4 35 NULL
3 36 NULL
3 37 ->
4 38 d3
3 39 -1
2 8 ->
3 9 8
3 10 42
3 11 34
3 12 32
3 13 ->
4 14 0
4 15 0
4 16 ->
5 17 9
5 18 1
5 19 999
5 20 [2]
$2*3F50624DD2F1A9FC
4 21 0
4 22 20
4 23 -1
4 24 ->
5 25 [2]
$2*3F50624DD2F1A9FC
4 26 -1
4 27 3
4 28 3
4 29 0
3 30 ->
4 31 0
4 32 0
4 33 0
4 34 0
4 35 NULL
3 36 NULL
3 37 ->
4 38 d4
3 39 -1
@ipar_num 50 1
1 50 0
@smt_info_ptr 51 0
1 51 ->
@table_id 52 1
2 52 -1
@thicken_feat 53 0
2 53 NULL
@quilt_id 54 1
2 54 -1
@prev_feat_id 55 1
2 55 -1
@def_y_factor 56 2
2 56 3FE
@fixed_geom_id 57 1
2 57 -1
@def_radius 58 2
2 58 BFF
@cur_rule 59 1
2 59 0
@cable_info_ptr 60 0
1 60 NULL
@comp_info_ptr 61 0
1 61 NULL
@prt_misc_ptr 62 0
1 62 ->
@shrink_data_ptr 63 0
2 63 NULL
@smtl_geom_info 64 0
1 64 [7]
2 64 
@geom_id 65 1
3 65 8
@sheetm_type 66 1
3 66 2
@opp_geom_id 67 1
3 67 17
2 64 
3 65 17
3 66 3
3 67 8
2 64 
3 65 26
3 66 1
3 67 -1
2 64 
3 65 28
3 66 1
3 67 -1
2 64 
3 65 30
3 66 1
3 67 -1
2 64 
3 65 31
3 66 1
3 67 -1
2 64 
3 65 59
3 66 1
3 67 -1
@expld_mv_info 68 0
1 68 NULL
@state_info_ptr 69 0
1 69 NULL
@alumni_feats 70 0
1 70 NULL
@p_mdl_grid 71 0
1 71 NULL
@mdl_status_ptr 72 0
1 72 NULL
@appl_info_arr 73 0
1 73 [1]
2 73 
@id 74 1
3 74 -1
@type 75 1
3 75 13
@ribbon_info_ptr 76 0
1 76 NULL
@p_xref_data 77 0
1 77 ->
@first_analysis_feat 78 0
1 78 NULL
#ModelView#0
@View 1 0
0 1 ->
@id 2 1
1 2 0
@viewattr 3 0
1 3 
@attr_arr 4 1
2 4 [4]
$1,3*0
@mpoint 5 0
1 5 
@id 6 1
2 6 0
@coord 7 2
2 7 [3]
$3FF,3FB9R,3FF
@first_instr_ptr 8 0
2 8 NULL
@attach_ptr 9 0
2 9 NULL
@vpoint 10 0
1 10 
2 6 0
2 7 [3]
$407F4,407A5E,0
2 8 NULL
2 9 NULL
@orient 11 2
1 11 [4][4]
$3FED7954E7DBA2F8,0,3FD8EC3AE92B676B,0
$BFD385CE5246572,3FE3E43A9692E21C,3FE7167619F550A2,0
$BFCEFC077F3F36A6,BFE91103985DA841,3FE25240DD3851BF,0
$3*0,3FF
@local_sys 12 2
1 12 [4][4]
$40734A88D4E86DB9,0,40604FF531EE206D,0
$C0598E47BCDE2EAE,406A09E1F8AA486D,406E38F953BC0A51,0
$C05447A24CAE77A6,C07068088EF2246D,4067FBAF3E69D1BD,0
$4071AAEE562F248E,4084BC5EA1419D34,C0A18DE84F8B78CD,3FF
@world_matrix_ptr 13 0
1 13 NULL
@first_instr_ptr 14 0
1 14 ->
@type 15 1
2 15 100
@geom_id 16 1
2 16 -1
@view_id 17 1
2 17 -1
@memb_num 18 1
2 18 0
@offset 19 2
2 19 0
@matrix 20 0
2 20 NULL
@next_instr_ptr 21 0
1 21 ->
2 15 301
2 16 -1
2 17 -1
2 18 0
2 19 4074F1C9ED283968
2 20 NULL
1 21 NULL
@outer_xsec_index 22 1
1 22 -1
@next_view_id 23 1
1 23 -2
@simp_rep_id 24 1
1 24 0
@name 25 10
1 25 no name
@fit_outline 26 2
1 26 [2][3]
$4059,405518,C085A8AB7C5BC6R
$408C2,4087BB,0
@det_info_ptr 27 0
1 27 NULL
@named_view_pzmatr 28 0
1 28 NULL
@page_id 29 1
1 29 0
@model_name 30 10
1 30 NULL
@unrep_model_name 31 10
1 31 NULL
@saved_pro_dls 32 0
1 32 ->
@pro_dls 33 0
2 33 [7]
3 33 
@pro_dl_data 34 0
4 34 ->
@appl_type 35 1
5 35 1
@dl_type 36 1
5 36 5
@dl_id 37 1
5 37 0
@dl_hdr 38 0
5 38 
@disp_list_version 39 1
6 39 0
@visibility 40 1
6 40 33554433
@status_mask 41 1
6 41 3
@creation_scale 42 2
6 42 0
@view_matrix 43 2
6 43 [4][4]
$3FF,3*0
$0,3FF,2*0
$2*0,3FF,0
$3*0,3FF
@outline 44 2
6 44 [2][3]
$3*0
$4,3FC99999A,4
@dl_block_mem_size 45 0
6 45 
@dl_block_mem_size 46 1
7 46 32768
@list 47 0
6 47 NULL
@token_contents 48 5
6 48 21
@render_attribs 49 5
6 49 1
@wire_colors 50 1
6 50 [2]
$543581798,553648127
@children 51 0
6 51 [1]
7 51 
@dl_data 52 0
8 52 
9 34 ->
10 35 46
10 36 5
10 37 1
@o_data 53 0
6 53 
@disp_data 54 0
7 54 NULL
3 33 
4 34 ->
5 35 42
5 36 7
5 37 0
3 33 
4 34 ->
5 35 46
5 36 5
5 37 1
5 38 
6 39 0
6 40 16
6 41 19
6 42 0
6 43 [4][4]
$3FF,3*0
$0,3FF,2*0
$2*0,3FF,0
$3*0,3FF
6 44 [2][3]
$3*0
$4,3FC99999A,4
6 45 
7 46 1024
6 47 NULL
6 48 5
6 49 0
6 50 [2]
$543581798,553648127
6 53 
7 54 ->
@part_color 55 1
8 55 -1
@color_prop_ptr 56 0
8 56 NULL
@model_type 57 1
8 57 2
@generic_name 58 10
8 58 NULL
@label 59 10
8 59 NULL
3 33 
4 34 ->
5 35 47
5 36 7
5 37 0
3 33 
4 34 ->
5 35 48
5 36 8
5 37 0
3 33 
4 34 ->
5 35 49
5 36 7
5 37 0
3 33 
4 34 ->
5 35 64
5 36 7
5 37 0
@explode_state 60 0
1 60 NULL
#H:aaF r2fa/)"
`t #H:a dB`/08x E_BG]nEK$%DbK>[xx'4^&M$t)#gN7n@`3FLtu+6AH/mYF=9z/siG_[r[ht	]#FXPY`S^7u<u1FH"ck=$uAX 7c-q=;~#wloC<z.c(xr6Ssqz CpRI}VR5_E(cV9VFaAGl}\1r9j9VL dX@tp9V'CHEyeOq;R
t&CG[Pl2ZneeiA-.}!S"aw6(2c*8~0O"1 	!^uAG_W.RR)F:gK$+hhK1J
HQS~RFp0_i&D0`Z4!E%sX.gCiCEqn}Jhg%Y!SH[c9#-aQDfg3'GL1E#vzJH[#B%@o+ZF||:l,k]82L3bs 3=&c
OQbX
!Ft22(R?]mK;'6$/=7<QS06-L3Z}^2~f&^S;_atk	];S1 ,ewL#ZW)/qA B~S=#qosk8>n&k5`t
ru[?k-f?qoz8~<C8nzNejFl:,~1Yc\85g}<5=
s<W5uH+!
(5&;(xF91Y9k(a$Y'.V J	Tx' DEIXRJ?IzC4 9a"X'T	LxHh#3xhATI0'H5bNth!e`CO(5f[bAg #AssMrgPrt
@assem_merge_parts 1 0
0 1 ->
#END_OF_UGC
