97.06.13 10:05 B c:\projects\booming\solutions\images\ani_capture.gif --> scotch /spidey/barry/solutions/images ani_capture.gif
97.06.13 10:05 B c:\projects\booming\solutions\images\ani_concurrent.gif --> scotch /spidey/barry/solutions/images ani_concurrent.gif
97.06.13 10:05 B c:\projects\booming\solutions\images\ani_ipm.gif --> scotch /spidey/barry/solutions/images ani_ipm.gif
97.06.13 10:05 B c:\projects\booming\solutions\images\autoplay.JPG --> scotch /spidey/barry/solutions/images autoplay.JPG
97.06.13 10:05 B c:\projects\booming\solutions\images\banner_bom.jpg --> scotch /spidey/barry/solutions/images banner_bom.jpg
97.06.13 10:05 B c:\projects\booming\solutions\images\banner_cae.jpg --> scotch /spidey/barry/solutions/images banner_cae.jpg
97.06.13 10:05 B c:\projects\booming\solutions\images\banner_cdm.JPG --> scotch /spidey/barry/solutions/images banner_cdm.JPG
97.06.13 10:05 B c:\projects\booming\solutions\images\banner_default.JPG --> scotch /spidey/barry/solutions/images banner_default.JPG
97.06.13 10:05 B c:\projects\booming\solutions\images\banner_edm.JPG --> scotch /spidey/barry/solutions/images banner_edm.JPG
97.06.13 10:05 B c:\projects\booming\solutions\images\banner_efi.jpg --> scotch /spidey/barry/solutions/images banner_efi.jpg
97.06.13 10:06 B c:\projects\booming\solutions\images\banner_index.psd --> scotch /spidey/barry/solutions/images banner_index.psd
97.06.13 10:06 B c:\projects\booming\solutions\images\banner_ipm.jpg --> scotch /spidey/barry/solutions/images banner_ipm.jpg
97.06.13 10:06 B c:\projects\booming\solutions\images\banner_rst.jpg --> scotch /spidey/barry/solutions/images banner_rst.jpg
97.06.13 10:06 B c:\projects\booming\solutions\images\banner_wed.JPG --> scotch /spidey/barry/solutions/images banner_wed.JPG
97.06.13 10:06 B c:\projects\booming\solutions\images\border_bottom.jpg --> scotch /spidey/barry/solutions/images border_bottom.jpg
97.06.13 10:06 B c:\projects\booming\solutions\images\border_left.jpg --> scotch /spidey/barry/solutions/images border_left.jpg
97.06.13 10:06 B c:\projects\booming\solutions\images\border_right.jpg --> scotch /spidey/barry/solutions/images border_right.jpg
97.06.13 10:06 B c:\projects\booming\solutions\images\border_top.jpg --> scotch /spidey/barry/solutions/images border_top.jpg
97.06.13 10:06 B c:\projects\booming\solutions\images\button1.jpg --> scotch /spidey/barry/solutions/images button1.jpg
97.06.13 10:06 B c:\projects\booming\solutions\images\button1a.jpg --> scotch /spidey/barry/solutions/images button1a.jpg
97.06.13 10:06 B c:\projects\booming\solutions\images\button2.jpg --> scotch /spidey/barry/solutions/images button2.jpg
97.06.13 10:06 B c:\projects\booming\solutions\images\button2a.jpg --> scotch /spidey/barry/solutions/images button2a.jpg
97.06.13 10:06 B c:\projects\booming\solutions\images\button3.jpg --> scotch /spidey/barry/solutions/images button3.jpg
97.06.13 10:06 B c:\projects\booming\solutions\images\button3a.jpg --> scotch /spidey/barry/solutions/images button3a.jpg
97.06.13 10:06 B c:\projects\booming\solutions\images\button4.jpg --> scotch /spidey/barry/solutions/images button4.jpg
97.06.13 10:06 B c:\projects\booming\solutions\images\button4a.jpg --> scotch /spidey/barry/solutions/images button4a.jpg
97.06.13 10:06 B c:\projects\booming\solutions\images\button5.jpg --> scotch /spidey/barry/solutions/images button5.jpg
97.06.13 10:06 B c:\projects\booming\solutions\images\button5a.jpg --> scotch /spidey/barry/solutions/images button5a.jpg
97.06.13 10:06 B c:\projects\booming\solutions\images\button6.jpg --> scotch /spidey/barry/solutions/images button6.jpg
97.06.13 10:06 B c:\projects\booming\solutions\images\button6a.jpg --> scotch /spidey/barry/solutions/images button6a.jpg
97.06.13 10:06 B c:\projects\booming\solutions\images\content.jpg --> scotch /spidey/barry/solutions/images content.jpg
97.06.13 10:06 B c:\projects\booming\solutions\images\content.psd --> scotch /spidey/barry/solutions/images content.psd
97.06.13 10:06 B c:\projects\booming\solutions\images\mechanical_anim.gif --> scotch /spidey/barry/solutions/images mechanical_anim.gif
97.06.13 10:06 B c:\projects\booming\solutions\images\presentation.gif --> scotch /spidey/barry/solutions/images presentation.gif
97.06.13 10:06 B c:\projects\booming\solutions\images\process.gif --> scotch /spidey/barry/solutions/images process.gif
97.06.13 10:06 B c:\projects\booming\solutions\images\proEpics.gif --> scotch /spidey/barry/solutions/images proEpics.gif
97.06.13 10:06 B c:\projects\booming\solutions\images\ptclogo.jpg --> scotch /spidey/barry/solutions/images ptclogo.jpg
97.06.13 10:06 B c:\projects\booming\solutions\images\supension.jpg --> scotch /spidey/barry/solutions/images supension.jpg
97.06.13 10:06 B c:\projects\booming\solutions\images\Susrend.tif --> scotch /spidey/barry/solutions/images Susrend.tif
97.06.13 10:06 B c:\projects\booming\solutions\images\Tyrrell2.tif --> scotch /spidey/barry/solutions/images Tyrrell2.tif
97.06.13 10:06 B c:\projects\booming\solutions\images\webpub.gif --> scotch /spidey/barry/solutions/images webpub.gif
97.06.13 15:02 B c:\projects\booming\solutions\images\mechanical_anim.gif --> scotch /spidey/barry mechanical_anim.gif
97.06.16 15:31 B c:\projects\booming\solutions\images\ani_capture.gif --> scotch /spidey/barry/solutions/images ani_capture.gif
97.06.16 15:31 B c:\projects\booming\solutions\images\ani_concurrent.gif --> scotch /spidey/barry/solutions/images ani_concurrent.gif
97.06.16 15:32 B c:\projects\booming\solutions\images\ani_ipm.gif --> scotch /spidey/barry/solutions/images ani_ipm.gif
97.06.16 15:32 B c:\projects\booming\solutions\images\autoplay.JPG --> scotch /spidey/barry/solutions/images autoplay.JPG
97.06.16 15:32 B c:\projects\booming\solutions\images\banner_bom.jpg --> scotch /spidey/barry/solutions/images banner_bom.jpg
97.06.16 15:32 B c:\projects\booming\solutions\images\banner_cae.jpg --> scotch /spidey/barry/solutions/images banner_cae.jpg
97.06.16 15:32 B c:\projects\booming\solutions\images\banner_cdm.JPG --> scotch /spidey/barry/solutions/images banner_cdm.JPG
97.06.16 15:32 B c:\projects\booming\solutions\images\banner_default.JPG --> scotch /spidey/barry/solutions/images banner_default.JPG
97.06.16 15:32 B c:\projects\booming\solutions\images\banner_edm.JPG --> scotch /spidey/barry/solutions/images banner_edm.JPG
97.06.16 15:32 B c:\projects\booming\solutions\images\banner_efi.jpg --> scotch /spidey/barry/solutions/images banner_efi.jpg
97.06.16 15:32 B c:\projects\booming\solutions\images\banner_index.psd --> scotch /spidey/barry/solutions/images banner_index.psd
97.06.16 15:32 B c:\projects\booming\solutions\images\banner_ipm.jpg --> scotch /spidey/barry/solutions/images banner_ipm.jpg
97.06.16 15:32 B c:\projects\booming\solutions\images\banner_rst.jpg --> scotch /spidey/barry/solutions/images banner_rst.jpg
97.06.16 15:32 B c:\projects\booming\solutions\images\banner_wed.JPG --> scotch /spidey/barry/solutions/images banner_wed.JPG
97.06.16 15:32 B c:\projects\booming\solutions\images\border_bottom.jpg --> scotch /spidey/barry/solutions/images border_bottom.jpg
97.06.16 15:32 B c:\projects\booming\solutions\images\border_left.jpg --> scotch /spidey/barry/solutions/images border_left.jpg
97.06.16 15:32 B c:\projects\booming\solutions\images\border_right.jpg --> scotch /spidey/barry/solutions/images border_right.jpg
97.06.16 15:32 B c:\projects\booming\solutions\images\border_top.jpg --> scotch /spidey/barry/solutions/images border_top.jpg
97.06.16 15:32 B c:\projects\booming\solutions\images\button1.jpg --> scotch /spidey/barry/solutions/images button1.jpg
97.06.16 15:32 B c:\projects\booming\solutions\images\button1a.jpg --> scotch /spidey/barry/solutions/images button1a.jpg
97.06.16 15:32 B c:\projects\booming\solutions\images\button2.jpg --> scotch /spidey/barry/solutions/images button2.jpg
97.06.16 15:32 B c:\projects\booming\solutions\images\button2a.jpg --> scotch /spidey/barry/solutions/images button2a.jpg
97.06.16 15:32 B c:\projects\booming\solutions\images\button3.jpg --> scotch /spidey/barry/solutions/images button3.jpg
97.06.16 15:32 B c:\projects\booming\solutions\images\button3a.jpg --> scotch /spidey/barry/solutions/images button3a.jpg
97.06.16 15:32 B c:\projects\booming\solutions\images\button4.jpg --> scotch /spidey/barry/solutions/images button4.jpg
97.06.16 15:32 B c:\projects\booming\solutions\images\button4a.jpg --> scotch /spidey/barry/solutions/images button4a.jpg
97.06.16 15:32 B c:\projects\booming\solutions\images\button5.jpg --> scotch /spidey/barry/solutions/images button5.jpg
97.06.16 15:32 B c:\projects\booming\solutions\images\button5a.jpg --> scotch /spidey/barry/solutions/images button5a.jpg
97.06.16 15:32 B c:\projects\booming\solutions\images\button6.jpg --> scotch /spidey/barry/solutions/images button6.jpg
97.06.16 15:32 B c:\projects\booming\solutions\images\button6a.jpg --> scotch /spidey/barry/solutions/images button6a.jpg
97.06.16 15:32 B c:\projects\booming\solutions\images\content.jpg --> scotch /spidey/barry/solutions/images content.jpg
97.06.16 15:32 B c:\projects\booming\solutions\images\content.psd --> scotch /spidey/barry/solutions/images content.psd
97.06.16 15:32 B c:\projects\booming\solutions\images\mechanical_anim.gif --> scotch /spidey/barry/solutions/images mechanical_anim.gif
97.06.16 15:32 B c:\projects\booming\solutions\images\presentation.gif --> scotch /spidey/barry/solutions/images presentation.gif
97.06.16 15:32 B c:\projects\booming\solutions\images\process.gif --> scotch /spidey/barry/solutions/images process.gif
97.06.16 15:32 B c:\projects\booming\solutions\images\proEpics.gif --> scotch /spidey/barry/solutions/images proEpics.gif
97.06.16 15:32 B c:\projects\booming\solutions\images\ptclogo.jpg --> scotch /spidey/barry/solutions/images ptclogo.jpg
97.06.16 15:32 B c:\projects\booming\solutions\images\supension.jpg --> scotch /spidey/barry/solutions/images supension.jpg
97.06.16 15:32 B c:\projects\booming\solutions\images\Susrend.tif --> scotch /spidey/barry/solutions/images Susrend.tif
97.06.16 15:32 B c:\projects\booming\solutions\images\Tyrrell2.tif --> scotch /spidey/barry/solutions/images Tyrrell2.tif
97.06.16 15:32 B c:\projects\booming\solutions\images\webpub.gif --> scotch /spidey/barry/solutions/images webpub.gif
97.06.16 15:32 B c:\projects\booming\solutions\images\WS_FTP.LOG --> scotch /spidey/barry/solutions/images WS_FTP.LOG
97.06.16 16:19 B c:\projects\booming\solutions\images\ani_capture.gif --> scotch /spidey/barry/solutions/images ani_capture.gif
97.06.16 16:19 B c:\projects\booming\solutions\images\ani_concurrent.gif --> scotch /spidey/barry/solutions/images ani_concurrent.gif
97.06.16 16:19 B c:\projects\booming\solutions\images\ani_ipm.gif --> scotch /spidey/barry/solutions/images ani_ipm.gif
97.06.16 16:19 B c:\projects\booming\solutions\images\autoplay.JPG --> scotch /spidey/barry/solutions/images autoplay.JPG
97.06.16 16:19 B c:\projects\booming\solutions\images\banner_bom.jpg --> scotch /spidey/barry/solutions/images banner_bom.jpg
97.06.16 16:19 B c:\projects\booming\solutions\images\banner_cae.jpg --> scotch /spidey/barry/solutions/images banner_cae.jpg
97.06.16 16:19 B c:\projects\booming\solutions\images\banner_cdm.JPG --> scotch /spidey/barry/solutions/images banner_cdm.JPG
97.06.16 16:19 B c:\projects\booming\solutions\images\banner_default.JPG --> scotch /spidey/barry/solutions/images banner_default.JPG
97.06.16 16:19 B c:\projects\booming\solutions\images\banner_edm.JPG --> scotch /spidey/barry/solutions/images banner_edm.JPG
97.06.16 16:20 B c:\projects\booming\solutions\images\banner_efi.jpg --> scotch /spidey/barry/solutions/images banner_efi.jpg
97.06.16 16:20 B c:\projects\booming\solutions\images\banner_index.psd --> scotch /spidey/barry/solutions/images banner_index.psd
97.06.16 16:20 B c:\projects\booming\solutions\images\banner_ipm.jpg --> scotch /spidey/barry/solutions/images banner_ipm.jpg
97.06.16 16:20 B c:\projects\booming\solutions\images\banner_rst.jpg --> scotch /spidey/barry/solutions/images banner_rst.jpg
97.06.16 16:20 B c:\projects\booming\solutions\images\banner_wed.JPG --> scotch /spidey/barry/solutions/images banner_wed.JPG
97.06.16 16:20 B c:\projects\booming\solutions\images\border_bottom.jpg --> scotch /spidey/barry/solutions/images border_bottom.jpg
97.06.16 16:20 B c:\projects\booming\solutions\images\border_left.jpg --> scotch /spidey/barry/solutions/images border_left.jpg
97.06.16 16:20 B c:\projects\booming\solutions\images\border_right.jpg --> scotch /spidey/barry/solutions/images border_right.jpg
97.06.16 16:20 B c:\projects\booming\solutions\images\border_top.jpg --> scotch /spidey/barry/solutions/images border_top.jpg
97.06.16 16:20 B c:\projects\booming\solutions\images\button1.jpg --> scotch /spidey/barry/solutions/images button1.jpg
97.06.16 16:20 B c:\projects\booming\solutions\images\button1a.jpg --> scotch /spidey/barry/solutions/images button1a.jpg
97.06.16 16:20 B c:\projects\booming\solutions\images\button2.jpg --> scotch /spidey/barry/solutions/images button2.jpg
97.06.16 16:20 B c:\projects\booming\solutions\images\button2a.jpg --> scotch /spidey/barry/solutions/images button2a.jpg
97.06.16 16:20 B c:\projects\booming\solutions\images\button3.jpg --> scotch /spidey/barry/solutions/images button3.jpg
97.06.16 16:20 B c:\projects\booming\solutions\images\button3a.jpg --> scotch /spidey/barry/solutions/images button3a.jpg
97.06.16 16:20 B c:\projects\booming\solutions\images\button4.jpg --> scotch /spidey/barry/solutions/images button4.jpg
97.06.16 16:20 B c:\projects\booming\solutions\images\button4a.jpg --> scotch /spidey/barry/solutions/images button4a.jpg
97.06.16 16:20 B c:\projects\booming\solutions\images\button5.jpg --> scotch /spidey/barry/solutions/images button5.jpg
97.06.16 16:20 B c:\projects\booming\solutions\images\button5a.jpg --> scotch /spidey/barry/solutions/images button5a.jpg
97.06.16 16:20 B c:\projects\booming\solutions\images\button6.jpg --> scotch /spidey/barry/solutions/images button6.jpg
97.06.16 16:20 B c:\projects\booming\solutions\images\button6a.jpg --> scotch /spidey/barry/solutions/images button6a.jpg
97.06.16 16:20 B c:\projects\booming\solutions\images\content.jpg --> scotch /spidey/barry/solutions/images content.jpg
97.06.16 16:20 B c:\projects\booming\solutions\images\content.psd --> scotch /spidey/barry/solutions/images content.psd
97.06.16 16:20 B c:\projects\booming\solutions\images\mechanical_anim.gif --> scotch /spidey/barry/solutions/images mechanical_anim.gif
97.06.16 16:20 B c:\projects\booming\solutions\images\presentation.gif --> scotch /spidey/barry/solutions/images presentation.gif
97.06.16 16:20 B c:\projects\booming\solutions\images\process.gif --> scotch /spidey/barry/solutions/images process.gif
97.06.16 16:20 B c:\projects\booming\solutions\images\proEpics.gif --> scotch /spidey/barry/solutions/images proEpics.gif
97.06.16 16:20 B c:\projects\booming\solutions\images\ptclogo.jpg --> scotch /spidey/barry/solutions/images ptclogo.jpg
97.06.16 16:20 B c:\projects\booming\solutions\images\small_logo.gif --> scotch /spidey/barry/solutions/images small_logo.gif
97.06.16 16:20 B c:\projects\booming\solutions\images\supension.jpg --> scotch /spidey/barry/solutions/images supension.jpg
97.06.16 16:20 B c:\projects\booming\solutions\images\Susrend.tif --> scotch /spidey/barry/solutions/images Susrend.tif
97.06.16 16:20 B c:\projects\booming\solutions\images\Tyrrell2.tif --> scotch /spidey/barry/solutions/images Tyrrell2.tif
97.06.16 16:20 B c:\projects\booming\solutions\images\webpub.gif --> scotch /spidey/barry/solutions/images webpub.gif
