#UGC:2 PART 889 360 0 1 1 15 1600 9620 \
#- VERS 0 0                                                          \
#- HOST                                                              \
#- LINK                                                              \
#- DBID                                                              \
#- REVS 0,                                                           \
#- RELL 0,                                                           \
#- UOBJ_ID 837198287 402592180 1916021781                            \
#-END_OF_UGC_HEADER
#P_OBJECT 6
@P_object 1 0
0 1 ->
@dep_db 2 0
1 2 ->
@usr_rev 3 0
1 3 [2]
2 3 
@name 4 10
3 4 OSTI
@mod_time 5 0
3 5 
@tm_sec 6 1
4 6 47
@tm_min 7 1
4 7 39
@tm_hour 8 1
4 8 15
@tm_mday 9 1
4 9 8
@tm_mon 10 1
4 10 2
@tm_year 11 1
4 11 96
@action 12 1
3 12 1000
@comment 13 10
3 13 Hostname: 'chaos'
@rel_level 14 10
3 14 
@rev_string 15 10
3 15 
2 3 
3 4 DMGAINES
3 5 
4 6 47
4 7 4
4 8 19
4 9 12
4 10 6
4 11 96
3 12 1000
3 13 Hostname: 'intrepid'
3 14 
3 15 
@revnum_std 16 1
1 16 144
@flag 17 1
1 17 0
@name 18 10
1 18 NULL
@inst_hidden 19 1
1 19 0
@old_name 20 10
1 20 NULL
@appl_data 21 0
1 21 ->
@bounding_box 22 2
2 22 [2][3]
$C020B8D58233D5C9,C014F1AB0467AB92,C010F6C9BCB99717
$4020B8D58233D5C9,4014F1AB0467AB92,401AEC8C4C15C00D
@uobj_id 23 0
1 23 NULL
#END_OF_P_OBJECT
#Pro/ENGINEER  TM  Release 16.0  (c) 1988-95 by Parametric Technology Corporation  All Rights Reserved. 9620
@Solid 24 0
0 24 ->
@tab_key 25 1
1 25 0
@tab_key_struct 26 0
1 26 ->
@tab_key_ptr 27 0
2 27 [108]
@cmprs_tabkey 28 0
2 28 NULL
@type 29 1
1 29 2
@revnum_ptr 30 0
1 30 ->
@geom_revnum 31 1
2 31 141
@cosm_revnum 32 1
2 32 3
@first_member_ptr 33 0
1 33 NULL
@alumni_members 34 0
1 34 NULL
@frst_geom_ptr 35 1
1 35 12
@first_feat_ptr 36 0
1 36 ->
@id 37 1
2 37 1
@indep_attributes 38 1
2 38 1
@feat_type_ptr 39 0
2 39 ->
@table_id 40 1
3 40 13
@type 41 1
3 41 923
@feattype_key 42 10
3 42 NULL
@form 43 1
3 43 0
@attributes 44 1
3 44 [3]
$3*0
@placement 45 1
3 45 0
@intersection 46 1
3 46 -1
@internal_udf_type 47 1
3 47 -1
@param_choice_ptr 48 0
3 48 ->
@blend_choice 49 1
4 49 0
@depth_choice 50 1
4 50 0
@angle_choice 51 1
4 51 -1
@pat_choice 52 1
4 52 970
@round_choice 53 1
4 53 -1
@subsec_choice 54 1
4 54 -1
@sweep_choice 55 1
4 55 0
@dome_choice 56 1
4 56 0
@draft_choice 57 1
4 57 0
@misc_choice 58 1
4 58 0
@assoc_type 59 1
3 59 0
@symbol_key 60 1
2 60 -1
@sect_name 61 10
2 61 DTM1
@model_type 62 1
2 62 2
@idtab_ptr 63 0
2 63 ->
@srf_id_arr 64 1
3 64 [1][4]
$2,3*0
@save_geoms 65 0
3 65 NULL
@cr_flags_xar 66 1
3 66 [23]
$2*-1,-1025,-2049,2*-1,-16777217,-1,134217727,5*0,2097152,0,2,3*0,1048576,
$2*0
@cvt_feat_dat 67 0
3 67 NULL
@feat_dates_ptr 68 0
3 68 ->
@creat_date 69 1
4 69 0
@regen_date 70 1
4 70 0
@geometry 71 0
2 71 
@srf_array 72 0
3 72 [1]
4 72 ->
@geom_type 73 1
5 73 34
@geom_id 74 1
5 74 2
@feat_id 75 1
5 75 1
@boundary_type 76 1
5 76 1
@envlp 77 2
5 77 [2][2]
$C014F1AB0467AB92,C010F6C9BCB99717
$4014F1AB0467AB92,401AEC8C4C15C00D
@srf_prim_ptr(plane) 78 0
5 78 ->
@local_sys 79 2
6 79 [4][3]
$2*0,3FF
$3FF,2*0
$0,3FF,0
$3*0
@frst_cntr_ptr 80 0
5 80 NULL
@next_geom_ptr 81 1
5 81 0
@orient 82 1
5 82 1
@outline 83 2
5 83 [2][3]
$0,C014F1AB0467AB92,C010F6C9BCB99717
$0,4014F1AB0467AB92,401AEC8C4C15C00D
@group_info_ptr 84 0
2 84 NULL
@intrs_pairs_ptr 85 0
2 85 ->
@place_rec_ptr 86 0
2 86 ->
@local_sys 87 2
3 87 [4][3]
$2*0,3FF
$3FF,2*0
$0,3FF,0
$3*0
@place_instruction_ptrs 88 0
3 88 [1]
4 88 ->
@type 89 1
5 89 513
@offset 90 2
5 90 0
@dim_id 91 1
5 91 -1
@ref_id 92 1
5 92 -1
@geometry1_id 93 1
5 93 -1
@geometry2_id 94 1
5 94 2
@memb_num1 95 1
5 95 0
@memb_num2 96 1
5 96 0
@attr 97 1
5 97 32768
@plin_info_arr 98 0
5 98 [2]
6 98 ->
@type 99 1
7 99 1
@data(plin_info_ref) 100 0
7 100 ->
@id_type1 101 1
8 101 -4
@id_type2 102 1
8 102 5
@offset2 103 2
8 103 0
6 98 ->
7 99 6
@data(plin_info_ui_step) 104 0
7 104 ->
@step_ids 105 1
8 105 [1]
9 105 -100
@own_ref_id 106 1
3 106 -1
@orient 107 1
3 107 1
@trf_arr 108 0
3 108 [1]
4 108 
@type 109 1
5 109 11
@idx 110 1
5 110 0
@transf 111 2
5 111 [4][3]
$2*0,3FF
$3FF,2*0
$0,3FF,0
$3*0
@next_prop 112 0
2 112 NULL
@first_geom_id 113 1
2 113 2
@cond_tbl_idx 114 1
2 114 -1
@comment 115 10
2 115 NULL
@merge_info_ptr 116 0
2 116 NULL
@topology_increment 117 0
2 117 ->
@first_geom 118 1
3 118 0
@first_quilt 119 1
3 119 0
@outline 120 2
3 120 [2][3]
$3*0
$3*0
@max_part_size 121 2
3 121 0
@xform_increment 122 0
3 122 NULL
@roll_back_id 123 1
3 123 -1
@state_ind 124 1
2 124 -1
@alumni_info 125 0
2 125 NULL
@revnum 126 1
2 126 -1
@rev_rec 127 0
2 127 NULL
@next_feat_ptr 128 0
1 128 ->
2 37 3
2 38 1
2 39 ->
3 40 13
3 41 923
3 42 NULL
3 43 0
3 44 [3]
$3*0
3 45 0
3 46 -1
3 47 -1
3 48 ->
4 49 0
4 50 0
4 51 -1
4 52 970
4 53 -1
4 54 -1
4 55 0
4 56 0
4 57 0
4 58 0
3 59 0
2 60 -1
2 61 DTM2
2 62 2
2 63 ->
3 64 [1][4]
$4,3*0
3 65 NULL
3 66 [23]
$2*-1,-1025,-2049,2*-1,-16777217,-1,134217727,5*0,2097152,0,2,3*0,1048576,
$2*0
3 67 NULL
3 68 ->
4 69 0
4 70 0
2 71 
3 72 [1]
4 72 ->
5 73 34
5 74 4
5 75 3
5 76 1
5 77 [2][2]
$C010F6C9BCB99717,C020B8D58233D5C9
$401AEC8C4C15C00D,4020B8D58233D5C9
5 78 ->
6 79 [4][3]
$0,3FF,0
$2*0,3FF
$3FF,2*0
$3*0
5 80 NULL
5 81 0
5 82 1
5 83 [2][3]
$C020B8D58233D5C9,0,C010F6C9BCB99717
$4020B8D58233D5C9,0,401AEC8C4C15C00D
2 84 NULL
2 85 ->
2 86 ->
3 87 [4][3]
$0,3FF,0
$2*0,3FF
$3FF,2*0
$3*0
3 88 [1]
4 88 ->
5 89 514
5 90 0
5 91 -1
5 92 -1
5 93 -1
5 94 4
5 95 0
5 96 0
5 97 32768
5 98 [2]
6 98 ->
7 99 1
7 100 ->
8 101 -4
8 102 5
8 103 0
6 98 ->
7 99 6
7 104 ->
8 105 [1]
9 105 -100
3 106 -1
3 107 1
3 108 [1]
4 108 
5 109 11
5 110 0
5 111 [4][3]
$0,3FF,0
$2*0,3FF
$3FF,2*0
$3*0
2 112 NULL
2 113 4
2 114 -1
2 115 NULL
2 116 NULL
2 117 ->
3 118 0
3 119 0
3 120 [2][3]
$3*0
$3*0
3 121 0
3 122 NULL
3 123 -1
2 124 -1
2 125 NULL
2 126 -1
2 127 NULL
1 128 ->
2 37 5
2 38 1
2 39 ->
3 40 13
3 41 923
3 42 NULL
3 43 0
3 44 [3]
$3*0
3 45 0
3 46 -1
3 47 -1
3 48 ->
4 49 0
4 50 0
4 51 -1
4 52 970
4 53 -1
4 54 -1
4 55 0
4 56 0
4 57 0
4 58 0
3 59 0
2 60 -1
2 61 DTM3
2 62 2
2 63 ->
3 64 [1][4]
$6,3*0
3 65 NULL
3 66 [23]
$2*-1,-1025,-2049,2*-1,-16777217,-1,134217727,5*0,2097152,0,2,3*0,1048576,
$2*0
3 67 NULL
3 68 ->
4 69 0
4 70 0
2 71 
3 72 [1]
4 72 ->
5 73 34
5 74 6
5 75 5
5 76 1
5 77 [2][2]
$C020B8D58233D5C9,C014F1AB0467AB92
$4020B8D58233D5C9,4014F1AB0467AB92
5 78 ->
6 79 [4][3]
$3FF,2*0
$0,3FF,0
$2*0,3FF
$3*0
5 80 NULL
5 81 0
5 82 1
5 83 [2][3]
$C020B8D58233D5C9,C014F1AB0467AB92,0
$4020B8D58233D5C9,4014F1AB0467AB92,0
2 84 NULL
2 85 ->
2 86 ->
3 87 [4][3]
$3FF,2*0
$0,3FF,0
$2*0,3FF
$3*0
3 88 [1]
4 88 ->
5 89 515
5 90 0
5 91 -1
5 92 -1
5 93 -1
5 94 6
5 95 0
5 96 0
5 97 32768
5 98 [2]
6 98 ->
7 99 1
7 100 ->
8 101 -4
8 102 5
8 103 0
6 98 ->
7 99 6
7 104 ->
8 105 [1]
9 105 -100
3 106 -1
3 107 1
3 108 [1]
4 108 
5 109 11
5 110 0
5 111 [4][3]
$3FF,2*0
$0,3FF,0
$2*0,3FF
$3*0
2 112 NULL
2 113 6
2 114 -1
2 115 NULL
2 116 NULL
2 117 ->
3 118 0
3 119 0
3 120 [2][3]
$3*0
$3*0
3 121 0
3 122 NULL
3 123 -1
2 124 -1
2 125 NULL
2 126 -1
2 127 NULL
1 128 ->
2 37 7
2 38 1
2 39 ->
3 40 63
3 41 979
3 42 NULL
3 43 0
3 44 [3]
$3*0
3 45 0
3 46 -1
3 47 -1
3 48 ->
4 49 0
4 50 0
4 51 -1
4 52 -1
4 53 -1
4 54 -1
4 55 0
4 56 0
4 57 0
4 58 128
3 59 0
2 60 -1
2 61 no_name
2 62 2
@entity(coord_sys) 129 0
2 129 ->
@type 130 1
3 130 18
@id 131 1
3 131 8
@gen_info 132 0
3 132 
@color 133 1
4 133 1
@sys_type 134 1
3 134 -1
@pnt_type 135 1
3 135 -1
@radius 136 2
3 136 0
@local_sys 137 2
3 137 [4][3]
$3FF,2*0
$0,3FF,0
$2*0,3FF
$3*0
@feat_id 138 1
3 138 7
@entity(text) 139 0
2 139 ->
@text_type 140 1
3 140 34
@text_value 141 10
3 141 CS0
@txt_attrib 142 1
3 142 1
@coord 143 2
3 143 [3]
$407B72F7D05ACA16,407462CEDC307EB4,C0657A725840D09R
@owner_id 144 1
3 144 8
@part_id 145 1
3 145 0
@height 146 2
3 146 BFF
@width_factor 147 2
3 147 BFF
@format_info 148 0
3 148 
@thickness 149 2
3 149 BFF
2 63 ->
@misc_id_tab 150 0
3 150 [1]
4 150 
@misc_hist 151 1
5 151 [5]
$8,534,0,-1,500
3 65 NULL
3 66 [23]
$2*-1,-1025,-2049,2*-1,-16777217,-1,134217727,5*0,2097152,0,2,3*0,1048576,
$2*0
3 67 NULL
3 68 ->
4 69 0
4 70 0
2 71 
2 84 NULL
2 85 ->
2 86 ->
3 87 [4][3]
$3FF,2*0
$0,3FF,0
$2*0,3FF
$3*0
3 106 -1
3 107 0
3 108 [1]
4 108 
5 109 10
5 110 0
5 111 [4][3]
$3FF,2*0
$0,3FF,0
$2*0,3FF
$3*0
2 112 NULL
2 113 -1
2 114 -1
2 115 NULL
2 116 NULL
2 117 ->
3 118 0
3 119 0
3 120 [2][3]
$3*0
$3*0
3 121 0
3 122 NULL
3 123 -1
2 124 -1
2 125 NULL
2 126 -1
2 127 NULL
1 128 ->
2 37 10
2 38 1
2 39 ->
3 40 13
3 41 923
3 42 NULL
3 43 0
3 44 [3]
$3,2*0
3 45 0
3 46 -1
3 47 -1
3 48 ->
4 49 0
4 50 0
4 51 -1
4 52 970
4 53 -1
4 54 -1
4 55 0
4 56 0
4 57 0
4 58 0
3 59 0
2 60 -1
2 61 no_name
2 62 2
2 63 ->
3 64 [1][4]
$11,3*0
3 65 NULL
3 66 [23]
$2*-1,-1025,-2049,2*-1,-16777217,-1,134217727,5*0,2097152,0,2,3*0,1048576,
$2*0
3 67 NULL
3 68 ->
4 69 0
4 70 0
2 71 
3 72 [1]
4 72 ->
5 73 34
5 74 11
5 75 10
5 76 -1
5 77 [2][2]
$2*0
$2*0
5 78 ->
6 79 [4][3]
$3FF,2*0
$0,3FF,0
$2*0,3FF
$3*0
5 80 NULL
5 81 0
5 82 1
5 83 [2][3]
$3*0
$3*0
2 84 NULL
2 85 ->
2 86 ->
3 87 [4][3]
$3FF,2*0
$0,3FF,0
$2*0,3FF
$3*0
3 88 [2]
4 88 ->
5 89 509
5 90 3FF
5 91 -1
5 92 -1
5 93 6
5 94 11
5 95 0
5 96 0
5 97 32768
5 98 [2]
6 98 ->
7 99 1
7 100 ->
8 101 -4
8 102 5
8 103 0
6 98 ->
7 99 6
7 104 ->
8 105 [1]
9 105 -100
4 88 ->
5 89 510
5 90 3FF
5 91 -1
5 92 -1
5 93 4
5 94 11
5 95 0
5 96 0
5 97 32768
5 98 [2]
6 98 ->
7 99 1
7 100 ->
8 101 -4
8 102 5
8 103 0
6 98 ->
7 99 6
7 104 ->
8 105 [1]
9 105 -100
3 106 -1
3 107 1
3 108 [1]
4 108 
5 109 11
5 110 0
5 111 [4][3]
$3FF,2*0
$0,3FF,0
$2*0,3FF
$3*0
2 112 NULL
2 113 11
2 114 -1
2 115 NULL
2 116 NULL
@parent_table 152 1
2 152 [2]
$3,5
2 117 ->
3 118 0
3 119 0
3 120 [2][3]
$3*0
$3*0
3 121 0
3 122 NULL
3 123 -1
2 124 -1
2 125 NULL
2 126 -1
2 127 NULL
1 128 ->
2 37 9
2 38 1
2 39 ->
3 40 7
3 41 917
3 42 NULL
3 43 1
3 44 [3]
$3*0
3 45 0
3 46 991
3 47 -1
3 48 ->
4 49 0
4 50 1073741824
4 51 -1
4 52 970
4 53 -1
4 54 -1
4 55 0
4 56 0
4 57 0
4 58 0
3 59 0
2 60 -1
2 61 no_name
2 62 2
2 63 ->
3 64 [10][4]
$12,204,2*0
$21,203,2*0
$30,200,5,0
$32,200,3,0
$34,200,6,0
$36,200,2,0
$38,200,7,0
$40,200,1,0
$42,200,4,0
$44,200,2*0
@edg_id_arr 153 1
3 153 [24][6]
$13,221,5,2*0,12
$14,221,3,2*0,12
$15,221,6,2*0,12
$16,221,2,2*0,12
$17,221,7,2*0,12
$18,221,1,2*0,12
$19,221,4,2*0,12
$20,221,3*0,12
$22,222,5,2*0,30
$23,222,3,2*0,32
$24,222,6,2*0,34
$25,222,2,2*0,36
$26,222,7,2*0,38
$27,222,1,2*0,40
$28,222,4,2*0,42
$29,222,3*0,44
$31,220,5,2*0,30
$33,220,3,2*0,32
$35,220,6,2*0,34
$37,220,2,2*0,36
$39,220,7,2*0,38
$41,220,1,2*0,40
$43,220,4,2*0,42
$45,220,3*0,44
@dtm_id_tab 154 0
3 154 [1]
4 154 
@dtm_id 155 1
5 155 11
@dim_id 156 1
5 156 -1
3 65 NULL
3 66 [23]
$2*-1,-1025,-2049,2*-1,-16777217,-1,134217727,5*0,2097152,0,2,3*0,1048576,
$2*0
3 67 NULL
3 68 ->
4 69 0
4 70 0
2 71 
3 72 [10]
4 72 ->
5 73 34
5 74 12
5 75 9
5 76 0
5 77 [2][2]
$C0208,C0148
$40208,40148
5 78 ->
6 79 [4][3]
$3FF,2*0
$0,3FF,0
$2*0,3FF
$2*0,C010851EB851EB85
5 80 ->
@frst_cntr_crv_hdr_ptr 157 1
6 157 13
@trv 158 1
6 158 1
@envlp 159 2
6 159 [2][2]
$C0208,C0148
$40208,40148
@next_cntr_ptr 160 0
5 160 NULL
5 81 21
5 82 -1
5 83 [2][3]
$C0208,C0148,C010851EB851EB85
$40208,40148,C010851EB851EB85
4 72 ->
5 73 34
5 74 21
5 75 9
5 76 0
5 77 [2][2]
$C0208,C0148
$40208,40148
5 78 ->
6 79 [4][3]
$3FF,2*0
$0,3FF,0
$2*0,3FF
$2*0,4010851EB851EB85
5 80 ->
6 157 22
6 158 1
6 159 [2][2]
$C0208,C0148
$40208,40148
5 160 ->
6 157 61
6 158 -1
6 159 [2][2]
$C008,C0080627E644354F
$4008,40080627E644354F
5 160 NULL
5 81 30
5 82 1
5 83 [2][3]
$C0208,C0148,4010851EB851EB85
$40208,40148,4010851EB851EB85
4 72 ->
5 73 36
5 74 30
5 75 9
5 76 0
5 77 [2][2]
$3FF921FB54442D18,0
$400921FB54442D18,4020851EB851EB85
@srf_prim_ptr(cylinder) 161 0
5 161 ->
@local_sys 162 2
6 162 [4][3]
$3FF,2*0
$0,3FF,0
$2*0,3FF
$C01D,40108,C010851EB851EB85
@radius 163 2
6 163 3FF
5 80 ->
6 157 13
6 158 1
6 159 [2][2]
$3FF921FB54442D18,0
$400921FB54442D18,4020851EB851EB85
5 160 NULL
5 81 32
5 82 1
5 83 [2][3]
$C0208,40108,C010851EB851EB85
$C01D,40148,4010851EB851EB85
4 72 ->
5 73 34
5 74 32
5 75 9
5 76 0
5 77 [2][2]
$2*0
$40208,4020851EB851EB85
5 78 ->
6 79 [4][3]
$2*0,BFF
$BFF,2*0
$0,3FF,0
$C0208,40108,C010851EB851EB85
5 80 ->
6 157 14
6 158 1
6 159 [2][2]
$2*0
$40208,4020851EB851EB85
5 160 NULL
5 81 34
5 82 1
5 83 [2][3]
$C0208,C0108,C010851EB851EB85
$C0208,40108,4010851EB851EB85
4 72 ->
5 73 36
5 74 34
5 75 9
5 76 0
5 77 [2][2]
$400921FB54442D18,0
$4012D97C7F3321D2,4020851EB851EB85
5 161 ->
6 162 [4][3]
$3FF,2*0
$0,3FF,0
$2*0,3FF
$C01D,C0108,C010851EB851EB85
6 163 3FF
5 80 ->
6 157 15
6 158 1
6 159 [2][2]
$400921FB54442D18,0
$4012D97C7F3321D2,4020851EB851EB85
5 160 NULL
5 81 36
5 82 1
5 83 [2][3]
$C0208,C0148,C010851EB851EB85
$C01D,C0108,4010851EB851EB85
4 72 ->
5 73 34
5 74 36
5 75 9
5 76 0
5 77 [2][2]
$2*0
$402D,4020851EB851EB85
5 78 ->
6 79 [4][3]
$3FF,2*0
$2*0,BFF
$0,3FF,0
$C01D,C0148,C010851EB851EB85
5 80 ->
6 157 16
6 158 1
6 159 [2][2]
$2*0
$402D,4020851EB851EB85
5 160 NULL
5 81 38
5 82 1
5 83 [2][3]
$C01D,C0148,C010851EB851EB85
$401D,C0148,4010851EB851EB85
4 72 ->
5 73 36
5 74 38
5 75 9
5 76 0
5 77 [2][2]
$4012D97C7F3321D2,0
$401921FB54442D18,4020851EB851EB85
5 161 ->
6 162 [4][3]
$3FF,2*0
$0,3FF,0
$2*0,3FF
$401D,C0108,C010851EB851EB85
6 163 3FF
5 80 ->
6 157 17
6 158 1
6 159 [2][2]
$4012D97C7F3321D2,0
$401921FB54442D18,4020851EB851EB85
5 160 NULL
5 81 40
5 82 1
5 83 [2][3]
$401D,C0148,C010851EB851EB85
$40208,C0108,4010851EB851EB85
4 72 ->
5 73 34
5 74 40
5 75 9
5 76 0
5 77 [2][2]
$2*0
$40208,4020851EB851EB85
5 78 ->
6 79 [4][3]
$2*0,3FF
$3FF,2*0
$0,3FF,0
$40208,C0108,C010851EB851EB85
5 80 ->
6 157 18
6 158 1
6 159 [2][2]
$2*0
$40208,4020851EB851EB85
5 160 NULL
5 81 42
5 82 1
5 83 [2][3]
$40208,C0108,C010851EB851EB85
$40208,40108,4010851EB851EB85
4 72 ->
5 73 36
5 74 42
5 75 9
5 76 0
5 77 [2][2]
$2*0
$3FF921FB54442D18,4020851EB851EB85
5 161 ->
6 162 [4][3]
$3FF,2*0
$0,3FF,0
$2*0,3FF
$401D,40108,C010851EB851EB85
6 163 3FF
5 80 ->
6 157 19
6 158 1
6 159 [2][2]
$2*0
$3FF921FB54442D18,4020851EB851EB85
5 160 NULL
5 81 44
5 82 1
5 83 [2][3]
$401D,40108,C010851EB851EB85
$40208,40148,4010851EB851EB85
4 72 ->
5 73 34
5 74 44
5 75 9
5 76 0
5 77 [2][2]
$2*0
$402D,4020851EB851EB85
5 78 ->
6 79 [4][3]
$BFF,2*0
$2*0,3FF
$0,3FF,0
$401D,40148,C010851EB851EB85
5 80 ->
6 157 20
6 158 1
6 159 [2][2]
$2*0
$402D,4020851EB851EB85
5 160 NULL
5 81 55
5 82 1
5 83 [2][3]
$C01D,40148,C010851EB851EB85
$401D,40148,4010851EB851EB85
@crv_array 164 0
3 164 [24]
4 164 ->
@crv_id 165 1
5 165 13
@feat_id 166 1
5 166 9
@type 167 1
5 167 0
@crv_pnt_dir 168 1
5 168 [2]
$1,-1
@crv_pnt_arr 169 2
5 169 [8][4]
$C01D,40148,3FF921FB54442D18,0
$C01DE3DC8718122C,4014665380AB1D2D,3FFCB91F3BBBA141,0
$C01EBC4C04D71ABC,40141A9795396B8E,4000282191998AB4,0
$C01F7E741C517DBA,4013A0986EA0BBCA,4001F3B3855544C7,0
$C020104C37505DE5,4012FE741C517DBA,4003BF457910FEDR,0
$C0204D4BCA9CB5C7,40123C4C04D71ABC,40058AD76CCCB8F,0
$C0207329C0558E97,401163DC8718122C,4007566960887305,0
$C0208,40108,400921FB54442D18,0
@crv_hdr_geom_ptr[0] 170 1
5 170 12
@crv_hdr_geom_ptr[1] 171 1
5 171 30
@next_crv_hdr_ptr[0] 172 1
5 172 14
@next_crv_hdr_ptr[1] 173 1
5 173 31
@ref_geom[0] 174 1
5 174 0
@ref_geom[1] 175 1
5 175 0
4 164 ->
5 165 14
5 166 9
5 167 0
5 168 [2]
$1,-1
5 169 [2][4]
$C0208,40108,2*0
$C0208,C0108,40208,0
5 170 12
5 171 32
5 172 15
5 173 33
5 174 0
5 175 0
4 164 ->
5 165 15
5 166 9
5 167 0
5 168 [2]
$1,-1
5 169 [8][4]
$C0208,C0108,400921FB54442D18,0
$C0207329C0558E97,C01163DC8718122C,400AED8D47FFE72B,0
$C0204D4BCA9CB5C7,C0123C4C04D71ABC,400CB91F3BBBA14,0
$C020104C37505DE5,C012FE741C517DBA,400E84B12F775B53,0
$C01F7E741C517DBA,C013A0986EA0BBC9,4010282191998AB4,0
$C01EBC4C04D71ABC,C0141A9795396B8E,40110DEA8B7767BE,0
$C01DE3DC8718122C,C014665380AB1D2D,4011F3B3855544C8,0
$C01D,C0148,4012D97C7F3321D2,0
5 170 12
5 171 34
5 172 16
5 173 35
5 174 0
5 175 0
4 164 ->
5 165 16
5 166 9
5 167 0
5 168 [2]
$1,-1
5 169 [2][4]
$C01D,C0148,2*0
$401D,C0148,402D,0
5 170 12
5 171 36
5 172 17
5 173 37
5 174 0
5 175 0
4 164 ->
5 165 17
5 166 9
5 167 0
5 168 [2]
$1,-1
5 169 [8][4]
$401D,C0148,4012D97C7F3321D2,0
$401DE3DC8718122C,C014665380AB1D2D,4013BF457910FEDC,0
$401EBC4C04D71ABC,C0141A9795396B8E,4014A50E72EEDBE6,0
$401F7E741C517DBA,C013A0986EA0BBCA,40158AD76CCCB8EF,0
$4020104C37505DE5,C012FE741C517DBA,401670A066AA95FA,0
$40204D4BCA9CB5C7,C0123C4C04D71ABC,4017566960887304,0
$40207329C0558E96,C01163DC8718122C,40183C325A66500E,0
$40208,C0108,401921FB54442D18,0
5 170 12
5 171 38
5 172 18
5 173 39
5 174 0
5 175 0
4 164 ->
5 165 18
5 166 9
5 167 0
5 168 [2]
$1,-1
5 169 [2][4]
$40208,C0108,2*0
$40208,40108,40208,0
5 170 12
5 171 40
5 172 19
5 173 41
5 174 0
5 175 0
4 164 ->
5 165 19
5 166 9
5 167 0
5 168 [2]
$1,-1
5 169 [8][4]
$40208,40108,2*0
$40207329C0558E97,401163DC8718122C,3FCCB91F3BBBA138,0
$40204D4BCA9CB5C7,40123C4C04D71ABC,3FDCB91F3BBBA14,0
$4020104C37505DE5,4012FE741C517DBA,3FE58AD76CCCB8EC,0
$401F7E741C517DBA,4013A0986EA0BBC9,3FECB91F3BBBA13F,0
$401EBC4C04D71ABC,40141A9795396B8E,3FF1F3B3855544C8,0
$401DE3DC8718122C,4014665380AB1D2D,3FF58AD76CCCB8F,0
$401D,40148,3FF921FB54442D18,0
5 170 12
5 171 42
5 172 20
5 173 43
5 174 0
5 175 0
4 164 ->
5 165 20
5 166 9
5 167 0
5 168 [2]
$1,-1
5 169 [2][4]
$401D,40148,2*0
$C01D,40148,402D,0
5 170 12
5 171 44
5 172 13
5 173 45
5 174 0
5 175 0
4 164 ->
5 165 22
5 166 9
5 167 0
5 168 [2]
$-1,1
5 169 [8][4]
$C01D,40148,3FF921FB54442D18,4020851EB851EB85
$C01DE3DC8718122C,4014665380AB1D2D,3FFCB91F3BBBA141,4020851EB851EB85
$C01EBC4C04D71ABC,40141A9795396B8E,4000282191998AB4,4020851EB851EB85
$C01F7E741C517DBA,4013A0986EA0BBCA,4001F3B3855544C7,4020851EB851EB85
$C020104C37505DE5,4012FE741C517DBA,4003BF457910FEDR,4020851EB851EB85
$C0204D4BCA9CB5C7,40123C4C04D71ABC,40058AD76CCCB8F,4020851EB851EB85
$C0207329C0558E97,401163DC8718122C,4007566960887305,4020851EB851EB85
$C0208,40108,400921FB54442D18,4020851EB851EB85
5 170 21
5 171 30
5 172 29
5 173 33
5 174 0
5 175 0
4 164 ->
5 165 23
5 166 9
5 167 0
5 168 [2]
$-1,1
5 169 [2][4]
$C0208,40108,0,4020851EB851EB85
$C0208,C0108,40208,4020851EB851EB85
5 170 21
5 171 32
5 172 22
5 173 35
5 174 0
5 175 0
4 164 ->
5 165 24
5 166 9
5 167 0
5 168 [2]
$-1,1
5 169 [8][4]
$C0208,C0108,400921FB54442D18,4020851EB851EB85
$C0207329C0558E97,C01163DC8718122C,400AED8D47FFE72B,4020851EB851EB85
$C0204D4BCA9CB5C7,C0123C4C04D71ABC,400CB91F3BBBA14,4020851EB851EB85
$C020104C37505DE5,C012FE741C517DBA,400E84B12F775B53,4020851EB851EB85
$C01F7E741C517DBA,C013A0986EA0BBC9,4010282191998AB4,4020851EB851EB85
$C01EBC4C04D71ABC,C0141A9795396B8E,40110DEA8B7767BE,4020851EB851EB85
$C01DE3DC8718122C,C014665380AB1D2D,4011F3B3855544C8,4020851EB851EB85
$C01D,C0148,4012D97C7F3321D2,4020851EB851EB85
5 170 21
5 171 34
5 172 23
5 173 37
5 174 0
5 175 0
4 164 ->
5 165 25
5 166 9
5 167 0
5 168 [2]
$-1,1
5 169 [2][4]
$C01D,C0148,0,4020851EB851EB85
$401D,C0148,402D,4020851EB851EB85
5 170 21
5 171 36
5 172 24
5 173 39
5 174 0
5 175 0
4 164 ->
5 165 26
5 166 9
5 167 0
5 168 [2]
$-1,1
5 169 [8][4]
$401D,C0148,4012D97C7F3321D2,4020851EB851EB85
$401DE3DC8718122C,C014665380AB1D2D,4013BF457910FEDC,4020851EB851EB85
$401EBC4C04D71ABC,C0141A9795396B8E,4014A50E72EEDBE6,4020851EB851EB85
$401F7E741C517DBA,C013A0986EA0BBCA,40158AD76CCCB8EF,4020851EB851EB85
$4020104C37505DE5,C012FE741C517DBA,401670A066AA95FA,4020851EB851EB85
$40204D4BCA9CB5C7,C0123C4C04D71ABC,4017566960887304,4020851EB851EB85
$40207329C0558E96,C01163DC8718122C,40183C325A66500E,4020851EB851EB85
$40208,C0108,401921FB54442D18,4020851EB851EB85
5 170 21
5 171 38
5 172 25
5 173 41
5 174 0
5 175 0
4 164 ->
5 165 27
5 166 9
5 167 0
5 168 [2]
$-1,1
5 169 [2][4]
$40208,C0108,0,4020851EB851EB85
$40208,40108,40208,4020851EB851EB85
5 170 21
5 171 40
5 172 26
5 173 43
5 174 0
5 175 0
4 164 ->
5 165 28
5 166 9
5 167 0
5 168 [2]
$-1,1
5 169 [8][4]
$40208,40108,0,4020851EB851EB85
$40207329C0558E97,401163DC8718122C,3FCCB91F3BBBA138,4020851EB851EB85
$40204D4BCA9CB5C7,40123C4C04D71ABC,3FDCB91F3BBBA14,4020851EB851EB85
$4020104C37505DE5,4012FE741C517DBA,3FE58AD76CCCB8EC,4020851EB851EB85
$401F7E741C517DBA,4013A0986EA0BBC9,3FECB91F3BBBA13F,4020851EB851EB85
$401EBC4C04D71ABC,40141A9795396B8E,3FF1F3B3855544C8,4020851EB851EB85
$401DE3DC8718122C,4014665380AB1D2D,3FF58AD76CCCB8F,4020851EB851EB85
$401D,40148,3FF921FB54442D18,4020851EB851EB85
5 170 21
5 171 42
5 172 27
5 173 45
5 174 0
5 175 0
4 164 ->
5 165 29
5 166 9
5 167 0
5 168 [2]
$-1,1
5 169 [2][4]
$401D,40148,0,4020851EB851EB85
$C01D,40148,402D,4020851EB851EB85
5 170 21
5 171 44
5 172 28
5 173 31
5 174 0
5 175 0
4 164 ->
5 165 31
5 166 9
5 167 0
5 168 [2]
$1,-1
5 169 [2][4]
$3FF921FB54442D18,0,402D,0
$3FF921FB54442D18,4020851EB851EB85,402D,4020851EB851EB85
5 170 30
5 171 44
5 172 22
5 173 20
5 174 0
5 175 0
4 164 ->
5 165 33
5 166 9
5 167 0
5 168 [2]
$1,-1
5 169 [2][4]
$2*0,400921FB54442D18,0
$0,4020851EB851EB85,400921FB54442D18,4020851EB851EB85
5 170 32
5 171 30
5 172 23
5 173 13
5 174 0
5 175 0
4 164 ->
5 165 35
5 166 9
5 167 0
5 168 [2]
$1,-1
5 169 [2][4]
$400921FB54442D18,0,40208,0
$400921FB54442D18,4020851EB851EB85,40208,4020851EB851EB85
5 170 34
5 171 32
5 172 24
5 173 14
5 174 0
5 175 0
4 164 ->
5 165 37
5 166 9
5 167 0
5 168 [2]
$1,-1
5 169 [2][4]
$2*0,4012D97C7F3321D2,0
$0,4020851EB851EB85,4012D97C7F3321D2,4020851EB851EB85
5 170 36
5 171 34
5 172 25
5 173 15
5 174 0
5 175 0
4 164 ->
5 165 39
5 166 9
5 167 0
5 168 [2]
$1,-1
5 169 [2][4]
$4012D97C7F3321D2,0,402D,0
$4012D97C7F3321D2,4020851EB851EB85,402D,4020851EB851EB85
5 170 38
5 171 36
5 172 26
5 173 16
5 174 0
5 175 0
4 164 ->
5 165 41
5 166 9
5 167 0
5 168 [2]
$1,-1
5 169 [2][4]
$2*0,401921FB54442D18,0
$0,4020851EB851EB85,401921FB54442D18,4020851EB851EB85
5 170 40
5 171 38
5 172 27
5 173 17
5 174 0
5 175 0
4 164 ->
5 165 43
5 166 9
5 167 0
5 168 [2]
$1,-1
5 169 [2][4]
$2*0,40208,0
$0,4020851EB851EB85,40208,4020851EB851EB85
5 170 42
5 171 40
5 172 28
5 173 18
5 174 0
5 175 0
4 164 ->
5 165 45
5 166 9
5 167 0
5 168 [2]
$1,-1
5 169 [2][4]
$2*0,3FF921FB54442D18,0
$0,4020851EB851EB85,3FF921FB54442D18,4020851EB851EB85
5 170 44
5 171 42
5 172 29
5 173 19
5 174 0
5 175 0
2 84 NULL
2 85 ->
2 86 ->
3 87 [4][3]
$3FF,2*0
$0,3FF,0
$2*0,3FF
$2*0,C010851EB851EB85
3 88 [1]
4 88 ->
5 89 1854
5 90 0
5 91 0
5 92 -1
5 93 -1
5 94 -1
5 95 0
5 96 0
5 97 0
5 98 [1]
6 98 ->
7 99 6
7 104 ->
8 105 [1]
9 105 -100
3 106 -1
3 107 0
3 108 [1]
4 108 
5 109 1
5 110 0
5 111 [4][3]
$3FF,2*0
$0,3FF,0
$2*0,3FF
$3*0
2 112 NULL
2 113 12
@gsec_ptr 176 0
2 176 [1]
3 176 
@type 177 1
4 177 2
@name 178 10
4 178 S2D0005
@gsec2d_ptr 179 0
4 179 ->
@name 180 10
5 180 S2D0005
@segtab_ptr 181 0
5 181 [10]
6 181 
@type 182 1
7 182 2
@dir 183 1
7 183 [3]
$1,2*0
@pointid 184 1
7 184 [2]
$0,1
@cntrid 185 1
7 185 1
@arcorient 186 1
7 186 0
@verhor 187 1
7 187 1
@radius 188 1
7 188 0
@ext_id 189 1
7 189 0
@gen_info 190 0
7 190 
@known_ent_info 191 0
7 191 
@attr 192 1
8 192 0
@known_ent_id 193 1
8 193 -1
6 181 
7 182 2
7 183 [3]
$0,-1,0
7 184 [2]
$2,3
7 185 3
7 186 0
7 187 0
7 188 0
7 189 1
7 190 
7 191 
8 192 0
8 193 -1
6 181 
7 182 2
7 183 [3]
$-1,2*0
7 184 [2]
$4,5
7 185 5
7 186 0
7 187 1
7 188 0
7 189 2
7 190 
7 191 
8 192 0
8 193 -1
6 181 
7 182 2
7 183 [3]
$0,1,0
7 184 [2]
$6,7
7 185 7
7 186 0
7 187 0
7 188 0
7 189 3
7 190 
7 191 
8 192 0
8 193 -1
6 181 
7 182 3
7 183 [3]
$-1,1,0
7 184 [2]
$2,1
7 185 8
7 186 0
7 187 3
7 188 0
7 189 4
7 190 
7 191 
8 192 0
8 193 -1
6 181 
7 182 3
7 183 [3]
$2*-1,0
7 184 [2]
$0,7
7 185 9
7 186 0
7 187 4
7 188 1
7 189 5
7 190 
7 191 
8 192 0
8 193 -1
6 181 
7 182 3
7 183 [3]
$1,-1,0
7 184 [2]
$6,5
7 185 10
7 186 0
7 187 5
7 188 2
7 189 6
7 190 
7 191 
8 192 0
8 193 -1
6 181 
7 182 3
7 183 [3]
$2*1,0
7 184 [2]
$4,3
7 185 11
7 186 0
7 187 6
7 188 3
7 189 7
7 190 
7 191 
8 192 0
8 193 -1
6 181 
7 182 32770
7 183 [3]
$0,-1,0
7 184 [2]
$12,13
7 185 13
7 186 0
7 187 0
7 188 0
7 189 8
7 190 
@attributes 194 1
8 194 8
7 191 
8 192 0
8 193 -1
6 181 
7 182 32770
7 183 [3]
$1,2*0
7 184 [2]
$14,15
7 185 15
7 186 0
7 187 1
7 188 0
7 189 9
7 190 
8 194 8
7 191 
8 192 0
8 193 -1
@dimtab_ptr 195 0
5 195 [8]
6 195 
@type 196 1
7 196 5
@value 197 2
7 197 40208
@direct 198 1
7 198 0
@property 199 1
7 199 0
@leftpt 200 1
7 200 [2]
@rightpt 201 1
7 201 [2]
@offset 202 2
7 202 0
@ext_id 203 1
7 203 0
@dispdimattr 204 0
7 204 
@dimattr 205 1
8 205 [2]
$34,0
@dim_ref 206 0
7 206 [2]
8 206 
@item_id 207 1
9 207 8
@sense 208 1
9 208 -1
@point 209 1
9 209 [2]
$12,13
8 206 
9 207 1
9 208 -1
9 209 [2]
$2,3
6 195 
7 196 5
7 197 40308
7 198 0
7 199 0
7 200 [2]
7 201 [2]
7 202 0
7 203 1
7 204 
8 205 [2]
$34,0
7 206 [2]
8 206 
9 207 1
9 208 -1
9 209 [2]
$2,3
8 206 
9 207 3
9 208 -1
9 209 [2]
$6,7
6 195 
7 196 5
7 197 40148
7 198 0
7 199 0
7 200 [2]
7 201 [2]
7 202 0
7 203 2
7 204 
8 205 [2]
$34,0
7 206 [2]
8 206 
9 207 9
9 208 -1
9 209 [2]
$14,15
8 206 
9 207 0
9 208 -1
9 209 [2]
$0,1
6 195 
7 196 5
7 197 40248
7 198 0
7 199 0
7 200 [2]
7 201 [2]
7 202 0
7 203 3
7 204 
8 205 [2]
$34,0
7 206 [2]
8 206 
9 207 0
9 208 -1
9 209 [2]
$0,1
8 206 
9 207 2
9 208 -1
9 209 [2]
$4,5
6 195 
7 196 3
7 197 3FF
7 198 0
7 199 0
7 200 [2]
7 201 [2]
7 202 0
7 203 4
7 204 
8 205 [2]
$34,0
7 206 [2]
8 206 
9 207 4
9 208 -1
9 209 [2]
$2*-1
8 206 
9 207 -1
9 208 -1
9 209 [2]
$2*-1
6 195 
7 196 3
7 197 3FF
7 198 0
7 199 0
7 200 [2]
7 201 [2]
7 202 0
7 203 5
7 204 
8 205 [2]
$34,0
7 206 [2]
8 206 
9 207 7
9 208 -1
9 209 [2]
$2*-1
8 206 
9 207 -1
9 208 -1
9 209 [2]
$2*-1
6 195 
7 196 3
7 197 3FF
7 198 0
7 199 0
7 200 [2]
7 201 [2]
7 202 0
7 203 6
7 204 
8 205 [2]
$34,0
7 206 [2]
8 206 
9 207 6
9 208 -1
9 209 [2]
$2*-1
8 206 
9 207 -1
9 208 -1
9 209 [2]
$2*-1
6 195 
7 196 3
7 197 3FF
7 198 0
7 199 0
7 200 [2]
7 201 [2]
7 202 0
7 203 7
7 204 
8 205 [2]
$34,0
7 206 [2]
8 206 
9 207 5
9 208 -1
9 209 [2]
$2*-1
8 206 
9 207 -1
9 208 -1
9 209 [2]
$2*-1
@relat_ptr 210 0
5 210 [28]
6 210 
@id 211 1
7 211 -1
@used 212 1
7 212 1
@a 213 1
7 213 [4]
$12,2,2*-1
@b 214 1
7 214 [4]
$4*0
@c 215 2
7 215 [4]
$3FF,BFF,2*3FF
@sign 216 1
7 216 1
@idim 217 1
7 217 0
@type 218 1
7 218 0
6 210 
7 211 -1
7 212 1
7 213 [4]
$2,3,2*-1
7 214 [4]
$4*0
7 215 [4]
$3FF,BFF,2*3FF
7 216 0
7 217 0
7 218 0
6 210 
7 211 -1
7 212 1
7 213 [4]
$2,6,2*-1
7 214 [4]
$4*0
7 215 [4]
$3FF,BFF,2*3FF
7 216 -1
7 217 1
7 218 0
6 210 
7 211 -1
7 212 1
7 213 [4]
$6,7,2*-1
7 214 [4]
$4*0
7 215 [4]
$3FF,BFF,2*3FF
7 216 0
7 217 0
7 218 0
6 210 
7 211 -1
7 212 1
7 213 [4]
$14,0,2*-1
7 214 [4]
$2*1,2*0
7 215 [4]
$3FF,BFF,2*3FF
7 216 1
7 217 2
7 218 0
6 210 
7 211 -1
7 212 1
7 213 [4]
$0,1,2*-1
7 214 [4]
$2*1,2*0
7 215 [4]
$3FF,BFF,2*3FF
7 216 0
7 217 0
7 218 0
6 210 
7 211 -1
7 212 1
7 213 [4]
$0,4,2*-1
7 214 [4]
$2*1,2*0
7 215 [4]
$3FF,BFF,2*3FF
7 216 -1
7 217 3
7 218 0
6 210 
7 211 -1
7 212 1
7 213 [4]
$4,5,2*-1
7 214 [4]
$2*1,2*0
7 215 [4]
$3FF,BFF,2*3FF
7 216 0
7 217 0
7 218 0
6 210 
7 211 -1
7 212 0
7 213 [4]
$4*0
7 214 [4]
$4*0
7 215 [4]
$4*3FF
7 216 1
7 217 4
7 218 14
6 210 
7 211 -1
7 212 1
7 213 [4]
$2,8,0,-1
7 214 [4]
$2*0,2,0
7 215 [4]
$3FF,2*BFF,0
7 216 0
7 217 -1
7 218 0
6 210 
7 211 -1
7 212 0
7 213 [4]
$1,8,2*-1
7 214 [4]
$4*0
7 215 [4]
$3FF,BFF,3FF,0
7 216 0
7 217 -1
7 218 0
6 210 
7 211 -1
7 212 8
7 213 [4]
$2,1,2*0
7 214 [4]
$8,3*0
7 215 [4]
$4*3FF
7 216 1
7 217 0
7 218 6
6 210 
7 211 -1
7 212 1
7 213 [4]
$2,1,2*0
7 214 [4]
$8,3*0
7 215 [4]
$4*3FF
7 216 1
7 217 0
7 218 6
6 210 
7 211 -1
7 212 0
7 213 [4]
$3,3*0
7 214 [4]
$4*0
7 215 [4]
$4*3FF
7 216 1
7 217 5
7 218 14
6 210 
7 211 -1
7 212 1
7 213 [4]
$3,11,3,-1
7 214 [4]
$2*0,2,0
7 215 [4]
$3FF,2*BFF,0
7 216 0
7 217 -1
7 218 0
6 210 
7 211 -1
7 212 0
7 213 [4]
$4,11,2*-1
7 214 [4]
$4*0
7 215 [4]
$3FF,BFF,3FF,0
7 216 0
7 217 -1
7 218 0
6 210 
7 211 -1
7 212 6
7 213 [4]
$4,3,2*0
7 214 [4]
$11,3*0
7 215 [4]
$2*BFF,2*3FF
7 216 1
7 217 3
7 218 6
6 210 
7 211 -1
7 212 3
7 213 [4]
$4,3,2*0
7 214 [4]
$11,3*0
7 215 [4]
$2*BFF,2*3FF
7 216 1
7 217 3
7 218 6
6 210 
7 211 -1
7 212 0
7 213 [4]
$2,3*0
7 214 [4]
$4*0
7 215 [4]
$4*3FF
7 216 1
7 217 6
7 218 14
6 210 
7 211 -1
7 212 0
7 213 [4]
$10,6,2,-1
7 214 [4]
$2*0,2,0
7 215 [4]
$3FF,2*BFF,0
7 216 0
7 217 -1
7 218 0
6 210 
7 211 -1
7 212 0
7 213 [4]
$5,10,2*-1
7 214 [4]
$4*0
7 215 [4]
$3FF,BFF,3FF,0
7 216 0
7 217 -1
7 218 0
6 210 
7 211 -1
7 212 8
7 213 [4]
$6,5,2*0
7 214 [4]
$10,3*0
7 215 [4]
$BFF,3FF,2*BFF
7 216 1
7 217 2
7 218 6
6 210 
7 211 -1
7 212 1
7 213 [4]
$6,5,2*0
7 214 [4]
$10,3*0
7 215 [4]
$BFF,3FF,2*BFF
7 216 1
7 217 2
7 218 6
6 210 
7 211 -1
7 212 0
7 213 [4]
$1,3*0
7 214 [4]
$4*0
7 215 [4]
$4*3FF
7 216 1
7 217 7
7 218 14
6 210 
7 211 -1
7 212 0
7 213 [4]
$9,7,1,-1
7 214 [4]
$2*0,2,0
7 215 [4]
$3FF,2*BFF,0
7 216 0
7 217 -1
7 218 0
6 210 
7 211 -1
7 212 0
7 213 [4]
$0,9,2*-1
7 214 [4]
$4*0
7 215 [4]
$3FF,BFF,3FF,0
7 216 0
7 217 -1
7 218 0
6 210 
7 211 -1
7 212 6
7 213 [4]
$0,7,2*0
7 214 [4]
$9,3*0
7 215 [4]
$2*3FF,BFF,3FF
7 216 1
7 217 1
7 218 6
6 210 
7 211 -1
7 212 3
7 213 [4]
$0,7,2*0
7 214 [4]
$9,3*0
7 215 [4]
$2*3FF,BFF,3FF
7 216 1
7 217 1
7 218 6
@formula_ptr 219 1
5 219 [28]
$0,1,2,3,4,5,6,7,8,9,10,11,12,13,14,15,16,17,18,19,20,21,22,23,24,25,26,27
@qind 220 1
5 220 -1
@anchor 221 0
5 221 NULL
@totalpointid 222 1
5 222 16
@checkarcs_flag 223 1
5 223 1
@location 224 0
5 224 ->
@id 225 1
6 225 0
@param 226 2
6 226 0
@type 227 1
6 227 0
@nsket_info 228 0
5 228 ->
@scale 229 2
6 229 0
@m 230 1
6 230 0
@last_was_permanent 231 1
6 231 0
@unsolved_ptr 232 0
5 232 ->
@iges_file 233 10
6 233 NULL
@solve_version 234 1
5 234 1
@segdscr_tab 235 0
5 235 [10]
6 235 
@ent_mode 236 1
7 236 0
6 235 
7 236 0
6 235 
7 236 0
6 235 
7 236 0
6 235 
7 236 0
6 235 
7 236 0
6 235 
7 236 0
6 235 
7 236 0
6 235 
7 236 0
6 235 
7 236 0
@gsec3d_ptr 237 0
4 237 ->
@type 238 1
5 238 7
@name 239 10
5 239 S2D0005
@flip 240 1
5 240 1
@own_ref_id 241 1
5 241 -1
@first_chain_ptr 242 0
5 242 NULL
@quilt_id 243 1
5 243 -1
@plane_id 244 1
5 244 11
@plane_flip 245 1
5 245 -1
@ref_planes 246 0
5 246 [2]
6 246 
@plane_id 247 1
7 247 2
@ref_type 248 1
7 248 5
@ext_ref_id 249 1
7 249 -1
@seg_id 250 1
7 250 8
@flip_flag 251 1
7 251 0
@save_entity_ptr(line) 252 0
7 252 ->
@type 253 1
8 253 32770
@id 254 1
8 254 0
@gen_info 255 0
8 255 
9 194 8
@end1 256 2
8 256 [3]
$3*0
@end2 257 2
8 257 [3]
$0,C059,0
@back_entity_ptr(line) 258 0
7 258 ->
8 253 32770
8 254 0
8 255 
9 194 8
8 256 [3]
$3*0
8 257 [3]
$0,C059,0
6 246 
7 247 4
7 248 5
7 249 -1
7 250 9
7 251 0
7 252 ->
8 253 32770
8 254 0
8 255 
9 194 8
8 256 [3]
$3*0
8 257 [3]
$4059,2*0
7 258 ->
8 253 32770
8 254 0
8 255 
9 194 8
8 256 [3]
$3*0
8 257 [3]
$4059,2*0
@order_ptr 259 0
4 259 [8]
5 259 
@id 260 1
6 260 0
@flip 261 1
6 261 34
5 259 
6 260 4
6 261 1
5 259 
6 260 1
6 261 0
5 259 
6 260 7
6 261 1
5 259 
6 260 2
6 261 0
5 259 
6 260 6
6 261 1
5 259 
6 260 3
6 261 0
5 259 
6 260 5
6 261 5
@dim_id_tab 262 1
4 262 [8]
$1,2,3,4,5,6,7,8
@attributes 263 1
4 263 0
@xsec_id 264 1
4 264 -1
@gsec_info_arr 265 0
4 265 [1]
5 265 
@application_type 266 1
6 266 2
@application_id 267 1
6 267 -100
@secsolve_revnum 268 1
4 268 0
@rel_accuracy 269 2
4 269 BFF
@p_saved_result 270 0
4 270 NULL
2 114 -1
2 115 NULL
2 116 NULL
2 152 [3]
$1,3,10
2 117 ->
3 118 0
3 119 0
3 120 [2][3]
$3*0
$3*0
3 121 0
3 122 NULL
3 123 -1
2 124 -1
2 125 NULL
2 126 -1
2 127 NULL
1 128 ->
2 37 47
2 38 1
2 39 ->
3 40 13
3 41 923
3 42 NULL
3 43 0
3 44 [3]
$3,2*0
3 45 0
3 46 -1
3 47 -1
3 48 ->
4 49 0
4 50 0
4 51 -1
4 52 970
4 53 -1
4 54 -1
4 55 0
4 56 0
4 57 0
4 58 0
3 59 0
2 60 -1
2 61 no_name
2 62 2
2 63 ->
3 64 [1][4]
$48,3*0
3 65 NULL
3 66 [23]
$2*-1,-1025,-2049,2*-1,-16777217,-1,134217727,5*0,2097152,0,2,3*0,1048576,
$2*0
3 67 NULL
3 68 ->
4 69 0
4 70 0
2 71 
3 72 [1]
4 72 ->
5 73 34
5 74 48
5 75 47
5 76 -1
5 77 [2][2]
$2*0
$2*0
5 78 ->
6 79 [4][3]
$3FF,2*0
$0,3FF,0
$2*0,3FF
$2*0,4010851EB851EB85
5 80 NULL
5 81 0
5 82 1
5 83 [2][3]
$3*0
$3*0
2 84 NULL
2 85 ->
2 86 ->
3 87 [4][3]
$3FF,2*0
$0,3FF,0
$2*0,3FF
$2*0,4010851EB851EB85
3 88 [2]
4 88 ->
5 89 509
5 90 3FF
5 91 -1
5 92 -1
5 93 21
5 94 48
5 95 0
5 96 0
5 97 32768
5 98 [2]
6 98 ->
7 99 1
7 100 ->
8 101 -4
8 102 5
8 103 0
6 98 ->
7 99 6
7 104 ->
8 105 [1]
9 105 -100
4 88 ->
5 89 510
5 90 3FF
5 91 -1
5 92 -1
5 93 4
5 94 48
5 95 0
5 96 0
5 97 32768
5 98 [2]
6 98 ->
7 99 1
7 100 ->
8 101 -4
8 102 5
8 103 0
6 98 ->
7 99 6
7 104 ->
8 105 [1]
9 105 -100
3 106 -1
3 107 1
3 108 [1]
4 108 
5 109 11
5 110 0
5 111 [4][3]
$3FF,2*0
$0,3FF,0
$2*0,3FF
$2*0,4010851EB851EB85
2 112 NULL
2 113 48
2 114 -1
2 115 NULL
2 116 NULL
2 152 [2]
$3,9
2 117 ->
3 118 12
3 119 0
3 120 [2][3]
$C0208,C0148,C010851EB851EB85
$40208,40148,4010851EB851EB85
3 121 40351B9A254734E5
3 122 NULL
3 123 -1
2 124 -1
2 125 NULL
2 126 -1
2 127 NULL
1 128 ->
2 37 46
2 38 1
2 39 ->
3 40 7
3 41 917
3 42 NULL
3 43 1
3 44 [3]
$3*0
3 45 0
3 46 991
3 47 -1
3 48 ->
4 49 0
4 50 266240
4 51 -1
4 52 970
4 53 -1
4 54 -1
4 55 0
4 56 0
4 57 0
4 58 0
3 59 0
2 60 -1
2 61 no_name
2 62 2
@entity(line3d) 271 0
2 271 ->
@type 272 1
3 272 11
@id 273 1
3 273 59
@gen_info 274 0
3 274 
@geom_id 275 1
3 275 55
@end1 276 2
3 276 [3]
$2*0,4010851EB851EB85
@end2 277 2
3 277 [3]
$C008,0,4010851EB851EB85
2 271 ->
3 272 13
3 273 60
3 274 
4 133 1
3 275 55
3 276 [3]
$2*0,4010851EB851EB85
3 277 [3]
$2*0,4015851EB851EB85
2 139 ->
3 140 19
3 141 A_1
3 142 1
3 143 [3]
$4079920E2E577B8C,407670C25CBE9A4A,C05F18C63B6D5C8C
3 144 -1
3 145 0
3 146 BFF
3 147 BFF
3 148 
3 149 BFF
2 63 ->
3 64 [4][4]
$49,204,2*0
$52,203,2*0
$55,200,2*0
$57,200,-1,0
3 153 [10][6]
$50,221,3*0,49
$51,221,-1,2*0,49
$53,222,3*0,55
$54,222,-1,2*0,57
$56,220,3*0,55
$58,220,-1,2*0,57
$61,226,21,55,0,21
$62,226,21,57,0,21
$63,224,56,2*0,55
$64,224,58,2*0,57
3 150 [2]
4 150 
5 151 [5]
$59,530,55,-1,500
4 150 
5 151 [5]
$60,531,55,-1,500
3 154 [1]
4 154 
5 155 48
5 156 -1
3 65 NULL
3 66 [23]
$2*-1,-1025,-2049,2*-1,-16777217,-1,134217727,5*0,2097152,0,2,3*0,1048576,
$2*0
3 67 NULL
3 68 ->
4 69 0
4 70 0
2 71 
3 72 [4]
4 72 ->
5 73 34
5 74 49
5 75 46
5 76 -1
5 77 [2][2]
$2*C008
$2*4008
5 78 ->
6 79 [4][3]
$3FF,2*0
$0,3FF,0
$2*0,3FF
$2*0,4010851EB851EB85
5 80 ->
6 157 50
6 158 1
6 159 [2][2]
$2*C008
$2*4008
5 160 NULL
5 81 0
5 82 -1
5 83 [2][3]
$2*C008,4010851EB851EB85
$2*4008,4010851EB851EB85
4 72 ->
5 73 34
5 74 52
5 75 46
5 76 -1
5 77 [2][2]
$2*C008
$2*4008
5 78 ->
6 79 [4][3]
$3FF,2*0
$0,3FF,0
$2*0,3FF
$2*0,4015851EB851EB85
5 80 ->
6 157 53
6 158 1
6 159 [2][2]
$2*C008
$2*4008
5 160 NULL
5 81 0
5 82 1
5 83 [2][3]
$2*C008,4015851EB851EB85
$2*4008,4015851EB851EB85
4 72 ->
5 73 36
5 74 55
5 75 46
5 76 0
5 77 [2][2]
$2*0
$400921FB54442D18,3FF4
5 161 ->
6 162 [4][3]
$3FF,2*0
$0,3FF,0
$2*0,3FF
$2*0,4010851EB851EB85
6 163 4008
5 80 ->
6 157 80
6 158 1
6 159 [2][2]
$2*0
$400921FB54442D18,3FF4
5 160 NULL
5 81 57
5 82 1
5 83 [2][3]
$C008,0,4010851EB851EB85
$2*4008,4015851EB851EB85
4 72 ->
5 73 36
5 74 57
5 75 46
5 76 0
5 77 [2][2]
$400921FB54442D18,0
$401921FB54442D18,3FF4
5 161 ->
6 162 [4][3]
$3FF,2*0
$0,3FF,0
$2*0,3FF
$2*0,4010851EB851EB85
6 163 4008
5 80 ->
6 157 81
6 158 1
6 159 [2][2]
$400921FB54442D18,0
$401921FB54442D18,3FF4
5 160 NULL
5 81 68
5 82 1
5 83 [2][3]
$2*C008,4010851EB851EB85
$4008,0,4015851EB851EB85
3 164 [10]
4 164 ->
5 165 50
5 166 46
5 167 0
5 168 [2]
$1,-1
5 169 [19][4]
$4008,3*0
$4007A2A8A960D51R,3FE0AB93DE8896A7,3FC657184AE74487,0
$40068D78B1BDA1D5,3FF06ABE576788F8,3FD657184AE74487,0
$4004C8DC2E42398,3FF8,3FE0C152382D7365,0
$40026293BA1B7C2B,3FFEDA92FB5A212A,3FE657184AE74487,0
$3FFEDA92FB5A212C,40026293BA1B7C2B,3FEBECDE5DA115A8,0
$3FF8,4004C8DC2E42398,3FF0C152382D7365,0
$3FF06ABE576788F9,40068D78B1BDA1D4,3FF38C35418A5BF6,0
$3FE0AB93DE8896A9,4007A2A8A960D51R,3FF657184AE74487,0
$0,4008,3FF921FB54442D18,0
$BFE0AB93DE8896A6,4007A2A8A960D51R,3FFBECDE5DA115AR,0
$BFF06ABE576788F8,40068D78B1BDA1D5,3FFEB7C166FDFE3A,0
$BFF8,4004C8DC2E42398,4000C152382D736R,0
$BFFEDA92FB5A212C,40026293BA1B7C2B,400226C3BCDBE7AE,0
$C0026293BA1B7C2A,3FFEDA92FB5A212D,40038C35418A5BF6,0
$C004C8DC2E42398,3FF8,4004F1A6C638D03F,0
$C0068D78B1BDA1D4,3FF06ABE576788FA,400657184AE74487,0
$C007A2A8A960D51R,3FE0AB93DE8896B,4007BC89CF95B8CF,0
$C008,0,400921FB54442D18,0
5 170 49
5 171 55
5 172 51
5 173 56
5 174 0
5 175 0
4 164 ->
5 165 51
5 166 46
5 167 0
5 168 [2]
$1,-1
5 169 [19][4]
$C008,0,400921FB54442D18,0
$C007A2A8A960D512,BFE0AB93DE88969E,400A876CD8F2A15F,0
$C0068D78B1BDA1D5,BFF06ABE576788F7,400BECDE5DA115A8,0
$C004C8DC2E423981,BFF8,400D524FE24F89F,0
$C0026293BA1B7C2C,BFFEDA92FB5A212A,400EB7C166FDFE39,0
$BFFEDA92FB5A212E,C0026293BA1B7C2A,40100E9975D63941,0
$BFF8,C004C8DC2E42397E,4010C152382D7364,0
$BFF06ABE576788F6,C0068D78B1BDA1D5,4011740AFA84AD8A,0
$BFE0AB93DE8896A7,C007A2A8A960D51R,401226C3BCDBE7AE,0
$0,C008,4012D97C7F3321D2,0
$3FE0AB93DE88969D,C007A2A8A960D512,40138C35418A5BF6,0
$3FF06ABE576788F,C0068D78B1BDA1D6,40143EEE03E1961A,0
$3FF8,C004C8DC2E423982,4014F1A6C638D03E,0
$3FFEDA92FB5A212A,C0026293BA1B7C2C,4015A45F88900A63,0
$40026293BA1B7C29,BFFEDA92FB5A212E,401657184AE74487,0
$4004C8DC2E423981,BFF8,401709D10D3E7EAC,0
$40068D78B1BDA1D5,BFF06ABE576788F6,4017BC89CF95B8D,0
$4007A2A8A960D51R,BFE0AB93DE8896A8,40186F4291ECF2F4,0
$4008,0,401921FB54442D18,0
5 170 49
5 171 57
5 172 50
5 173 58
5 174 0
5 175 0
4 164 ->
5 165 53
5 166 46
5 167 0
5 168 [2]
$-1,1
5 169 [19][4]
$4008,2*0,3FF4
$4007A2A8A960D51R,3FE0AB93DE8896A7,3FC657184AE74487,3FF4
$40068D78B1BDA1D5,3FF06ABE576788F8,3FD657184AE74487,3FF4
$4004C8DC2E42398,3FF8,3FE0C152382D7365,3FF4
$40026293BA1B7C2B,3FFEDA92FB5A212A,3FE657184AE74487,3FF4
$3FFEDA92FB5A212C,40026293BA1B7C2B,3FEBECDE5DA115A8,3FF4
$3FF8,4004C8DC2E42398,3FF0C152382D7365,3FF4
$3FF06ABE576788F9,40068D78B1BDA1D4,3FF38C35418A5BF6,3FF4
$3FE0AB93DE8896A9,4007A2A8A960D51R,3FF657184AE74487,3FF4
$0,4008,3FF921FB54442D18,3FF4
$BFE0AB93DE8896A6,4007A2A8A960D51R,3FFBECDE5DA115AR,3FF4
$BFF06ABE576788F8,40068D78B1BDA1D5,3FFEB7C166FDFE3A,3FF4
$BFF8,4004C8DC2E42398,4000C152382D736R,3FF4
$BFFEDA92FB5A212C,40026293BA1B7C2B,400226C3BCDBE7AE,3FF4
$C0026293BA1B7C2A,3FFEDA92FB5A212D,40038C35418A5BF6,3FF4
$C004C8DC2E42398,3FF8,4004F1A6C638D03F,3FF4
$C0068D78B1BDA1D4,3FF06ABE576788FA,400657184AE74487,3FF4
$C007A2A8A960D51R,3FE0AB93DE8896B,4007BC89CF95B8CF,3FF4
$C008,0,400921FB54442D18,3FF4
5 170 52
5 171 55
5 172 54
5 173 64
5 174 0
5 175 0
4 164 ->
5 165 54
5 166 46
5 167 0
5 168 [2]
$-1,1
5 169 [19][4]
$C008,0,400921FB54442D18,3FF4
$C007A2A8A960D512,BFE0AB93DE88969E,400A876CD8F2A15F,3FF4
$C0068D78B1BDA1D5,BFF06ABE576788F7,400BECDE5DA115A8,3FF4
$C004C8DC2E423981,BFF8,400D524FE24F89F,3FF4
$C0026293BA1B7C2C,BFFEDA92FB5A212A,400EB7C166FDFE39,3FF4
$BFFEDA92FB5A212E,C0026293BA1B7C2A,40100E9975D63941,3FF4
$BFF8,C004C8DC2E42397E,4010C152382D7364,3FF4
$BFF06ABE576788F6,C0068D78B1BDA1D5,4011740AFA84AD8A,3FF4
$BFE0AB93DE8896A7,C007A2A8A960D51R,401226C3BCDBE7AE,3FF4
$0,C008,4012D97C7F3321D2,3FF4
$3FE0AB93DE88969D,C007A2A8A960D512,40138C35418A5BF6,3FF4
$3FF06ABE576788F,C0068D78B1BDA1D6,40143EEE03E1961A,3FF4
$3FF8,C004C8DC2E423982,4014F1A6C638D03E,3FF4
$3FFEDA92FB5A212A,C0026293BA1B7C2C,4015A45F88900A63,3FF4
$40026293BA1B7C29,BFFEDA92FB5A212E,401657184AE74487,3FF4
$4004C8DC2E423981,BFF8,401709D10D3E7EAC,3FF4
$40068D78B1BDA1D5,BFF06ABE576788F6,4017BC89CF95B8D,3FF4
$4007A2A8A960D51R,BFE0AB93DE8896A8,40186F4291ECF2F4,3FF4
$4008,0,401921FB54442D18,3FF4
5 170 52
5 171 57
5 172 53
5 173 63
5 174 0
5 175 0
4 164 ->
5 165 56
5 166 46
5 167 1
5 168 [2]
$1,-1
5 169 [2][4]
$2*0,401921FB54442D18,0
$0,3FF4,401921FB54442D18,3FF4
5 170 55
5 171 57
5 172 0
5 173 0
5 174 0
5 175 0
4 164 ->
5 165 58
5 166 46
5 167 1
5 168 [2]
$1,-1
5 169 [2][4]
$400921FB54442D18,0,400921FB54442D18,0
$400921FB54442D18,3FF4,400921FB54442D18,3FF4
5 170 57
5 171 55
5 172 0
5 173 0
5 174 0
5 175 0
4 164 ->
5 165 61
5 166 46
5 167 0
5 168 [2]
$1,-1
5 169 [20][4]
$4008,3*0
$4007AC342F63B606,3FDF9A273EC40528,3FC52A170397BA2F,0
$4006B319E3DA54E9,3FEF2BD06C79377E,3FD52A170397BA2F,0
$40051B7C9A2AEF7C,3FF6D8710A721CF1,3FDFBF2285639745,0
$4002F07AB2BB59DA,3FFD7B7220D5E634,3FE52A170397BA3,0
$40004137CD4795BE,4001A849A72D6E8C,3FEA749CC47DA8BC,0
$3FFA40E622B3AD2F,4004178D0402AE6B,3FEFBF2285639746,0
$3FF348088B78312E,4005FA82E5CCC847,3FF284D42324C2EA,0
$3FE7910D2417962,400743FEC7A6A294,3FF52A170397BA32,0
$3FCFB5E1463170F7,4007EB03DF3BF2,3FF7CF59E40AB175,0
$BFCFB5E1463170EA,4007EB03DF3BF2,3FFA749CC47DA8BR,0
$BFE7910D24179628,400743FEC7A6A293,3FFD19DFA4F0A,0
$BFF348088B783124,4005FA82E5CCC849,3FFFBF2285639743,0
$BFFA40E622B3AD27,4004178D0402AE6E,40013232B2EB4745,0
$C0004137CD4795BC,4001A849A72D6E8E,400284D42324C2E8,0
$C002F07AB2BB59DA,3FFD7B7220D5E636,4003D775935E3E8C,0
$C0051B7C9A2AEF7C,3FF6D8710A721CEF,40052A170397BA3,0
$C006B319E3DA54E8,3FEF2BD06C79379,40067CB873D135D1,0
$C007AC342F63B607,3FDF9A273EC404E8,4007CF59E40AB178,0
$C008,0,400921FB54442D18,0
5 170 21
5 171 55
5 172 62
5 173 82
5 174 0
5 175 0
4 164 ->
5 165 62
5 166 46
5 167 0
5 168 [2]
$1,-1
5 169 [20][4]
$C008,0,400921FB54442D18,0
$C007AC342F63B606,BFDF9A273EC4052R,400A749CC47DA8BR,0
$C006B319E3DA54EA,BFEF2BD06C79377C,400BC73E34B7245E,0
$C0051B7C9A2AEF7B,BFF6D8710A721CF2,400D19DFA4F0A001,0
$C002F07AB2BB59DB,BFFD7B7220D5E634,400E6C81152A1BA4,0
$C0004137CD4795BF,C001A849A72D6E8B,400FBF2285639747,0
$BFFA40E622B3AD2F,C004178D0402AE6B,401088E1FACE8975,0
$BFF348088B783135,C005FA82E5CCC845,40113232B2EB4746,0
$BFE7910D24179645,C00743FEC7A6A29,4011DB836B080517,0
$BFCFB5E14631711C,C007EB03DF3BF2,401284D42324C2E9,0
$3FCFB5E1463170F4,C007EB03DF3BF2,40132E24DB4180BR,0
$3FE7910D2417960E,C00743FEC7A6A294,4013D775935E3E8B,0
$3FF348088B783125,C005FA82E5CCC848,401480C64B7AFC5D,0
$3FFA40E622B3AD1F,C004178D0402AE7,40152A170397BA2E,0
$40004137CD4795BC,C001A849A72D6E8F,4015D367BBB478,0
$4002F07AB2BB59D9,BFFD7B7220D5E638,40167CB873D135D2,0
$40051B7C9A2AEF7C,BFF6D8710A721CF,401726092BEDF3A4,0
$4006B319E3DA54E6,BFEF2BD06C793797,4017CF59E40AB174,0
$4007AC342F63B605,BFDF9A273EC4054D,401878AA9C276F46,0
$4008,0,401921FB54442D18,0
5 170 21
5 171 57
5 172 61
5 173 83
5 174 0
5 175 0
4 164 ->
5 165 63
5 166 46
5 167 1
5 168 [2]
$1,-1
5 169 [2][4]
$2*0,401921FB54442D18,0
$0,3FF4,401921FB54442D18,3FF4
5 170 55
5 171 57
5 172 0
5 173 0
5 174 0
5 175 0
4 164 ->
5 165 64
5 166 46
5 167 1
5 168 [2]
$1,-1
5 169 [2][4]
$400921FB54442D18,0,400921FB54442D18,0
$400921FB54442D18,3FF4,400921FB54442D18,3FF4
5 170 57
5 171 55
5 172 0
5 173 0
5 174 0
5 175 0
2 84 NULL
2 85 ->
2 86 ->
3 87 [4][3]
$3FF,2*0
$0,3FF,0
$2*0,3FF
$2*0,4010851EB851EB85
3 88 [1]
4 88 ->
5 89 1853
5 90 0
5 91 9
5 92 -1
5 93 -1
5 94 -1
5 95 0
5 96 0
5 97 0
5 98 [1]
6 98 ->
7 99 6
7 104 ->
8 105 [1]
9 105 -100
3 106 -1
3 107 0
3 108 [1]
4 108 
5 109 1
5 110 0
5 111 [4][3]
$3FF,2*0
$0,3FF,0
$2*0,3FF
$3*0
2 112 NULL
2 113 49
2 176 [1]
3 176 
4 177 2
4 178 S2D0006
4 179 ->
5 180 S2D0006
5 181 [3]
6 181 
7 182 10
7 183 [3]
$3*0
7 184 [2]
$2*0
7 185 0
7 186 0
7 187 0
7 188 0
7 189 0
7 190 
7 191 
8 192 0
8 193 -1
6 181 
7 182 32770
7 183 [3]
$1,2*0
7 184 [2]
$1,2
7 185 2
7 186 0
7 187 1
7 188 0
7 189 1
7 190 
8 194 8
7 191 
8 192 0
8 193 -1
6 181 
7 182 32770
7 183 [3]
$0,-1,0
7 184 [2]
$3,4
7 185 4
7 186 0
7 187 0
7 188 0
7 189 2
7 190 
8 194 8
7 191 
8 192 0
8 193 -1
5 195 [3]
6 195 
7 196 42
7 197 0
7 198 0
7 199 0
7 200 [2]
7 201 [2]
7 202 0
7 203 0
7 204 
8 205 [2]
$2*0
7 206 [2]
8 206 
9 207 1
9 208 4
9 209 [2]
$2*-1
8 206 
9 207 0
9 208 3
9 209 [2]
$2*-1
6 195 
7 196 42
7 197 0
7 198 0
7 199 0
7 200 [2]
7 201 [2]
7 202 0
7 203 1
7 204 
8 205 [2]
$2*0
7 206 [2]
8 206 
9 207 2
9 208 4
9 209 [2]
$2*-1
8 206 
9 207 0
9 208 3
9 209 [2]
$2*-1
6 195 
7 196 3
7 197 4008
7 198 0
7 199 0
7 200 [2]
7 201 [2]
7 202 0
7 203 2
7 204 
8 205 [2]
$34,0
7 206 [2]
8 206 
9 207 0
9 208 -1
9 209 [2]
$2*-1
8 206 
9 207 -1
9 208 -1
9 209 [2]
$2*-1
5 210 [3]
6 210 
7 211 -1
7 212 0
7 213 [4]
$0,1,2*-1
7 214 [4]
$2*1,2*0
7 215 [4]
$3FF,BFF,3FF,0
7 216 0
7 217 -1
7 218 0
6 210 
7 211 -1
7 212 0
7 213 [4]
$0,3,2*-1
7 214 [4]
$4*0
7 215 [4]
$3FF,BFF,3FF,0
7 216 0
7 217 -1
7 218 0
6 210 
7 211 -1
7 212 0
7 213 [4]
$4*0
7 214 [4]
$4*0
7 215 [4]
$4*3FF
7 216 1
7 217 2
7 218 14
5 219 [3]
$0,1,2
5 220 -1
5 221 NULL
5 222 5
5 223 1
5 224 ->
6 225 0
6 226 0
6 227 0
5 228 ->
6 229 0
6 230 0
6 231 0
5 232 ->
6 233 NULL
5 234 1
5 235 [3]
6 235 
7 236 0
6 235 
7 236 0
6 235 
7 236 0
4 237 ->
5 238 7
5 239 S2D0006
5 240 1
5 241 -1
5 242 NULL
5 243 -1
5 244 48
5 245 -1
5 246 [2]
6 246 
7 247 4
7 248 5
7 249 -1
7 250 1
7 251 0
7 252 ->
8 253 32770
8 254 0
8 255 
9 194 8
8 256 [3]
$3*0
8 257 [3]
$4059,2*0
7 258 ->
8 253 32770
8 254 0
8 255 
9 194 8
8 256 [3]
$3*0
8 257 [3]
$4059,2*0
6 246 
7 247 2
7 248 5
7 249 -1
7 250 2
7 251 0
7 252 ->
8 253 32770
8 254 0
8 255 
9 194 8
8 256 [3]
$3*0
8 257 [3]
$0,C059,0
7 258 ->
8 253 32770
8 254 0
8 255 
9 194 8
8 256 [3]
$3*0
8 257 [3]
$0,C059,0
4 259 [2]
5 259 
6 260 0
6 261 2
5 259 
6 260 0
6 261 4
4 262 [3]
$10,11,12
4 263 0
4 264 -1
4 265 [1]
5 265 
6 266 2
6 267 -100
4 268 0
4 269 BFF
4 270 NULL
2 114 -1
2 115 NULL
2 116 NULL
2 152 [3]
$1,3,47
2 117 ->
@next_srf 278 0
3 278 [1]
4 278 
@p_srf 279 1
5 279 44
@next_geom_ptr 280 1
5 280 0
@bnd_type 281 0
3 281 [8]
4 281 
@p_srf 282 1
5 282 30
@boundary_type 283 1
5 283 1
4 281 
5 282 32
5 283 1
4 281 
5 282 34
5 283 1
4 281 
5 282 36
5 283 1
4 281 
5 282 38
5 283 1
4 281 
5 282 40
5 283 1
4 281 
5 282 42
5 283 1
4 281 
5 282 44
5 283 1
@contours 284 0
3 284 [1]
4 284 
@p_srf 285 1
5 285 21
@start_crv_arr 286 11
5 286 [1]
6 286 22
3 118 12
3 119 0
3 120 [2][3]
$C0208,C0148,C010851EB851EB85
$40208,40148,4010851EB851EB85
3 121 40351B9A254734E5
3 122 NULL
3 123 -1
2 124 -1
2 125 NULL
2 126 -1
2 127 NULL
1 128 ->
2 37 66
2 38 1
2 39 ->
3 40 13
3 41 923
3 42 NULL
3 43 0
3 44 [3]
$3,2*0
3 45 0
3 46 -1
3 47 -1
3 48 ->
4 49 0
4 50 0
4 51 -1
4 52 970
4 53 -1
4 54 -1
4 55 0
4 56 0
4 57 0
4 58 0
3 59 0
2 60 -1
2 61 no_name
2 62 2
2 63 ->
3 64 [1][4]
$67,3*0
3 65 NULL
3 66 [23]
$2*-1,-1025,-2049,2*-1,-16777217,-1,134217727,5*0,2097152,0,2,3*0,1048576,
$2*0
3 67 NULL
3 68 ->
4 69 0
4 70 0
2 71 
3 72 [1]
4 72 ->
5 73 34
5 74 67
5 75 66
5 76 -1
5 77 [2][2]
$2*0
$2*0
5 78 ->
6 79 [4][3]
$BFF,2*0
$0,BFF,0
$2*0,3FF
$2*0,4015851EB851EB85
5 80 NULL
5 81 0
5 82 1
5 83 [2][3]
$3*0
$3*0
2 84 NULL
2 85 ->
2 86 ->
3 87 [4][3]
$BFF,2*0
$0,BFF,0
$2*0,3FF
$2*0,4015851EB851EB85
3 88 [2]
4 88 ->
5 89 509
5 90 3FF
5 91 -1
5 92 -1
5 93 52
5 94 67
5 95 0
5 96 0
5 97 32768
5 98 [2]
6 98 ->
7 99 1
7 100 ->
8 101 -4
8 102 5
8 103 0
6 98 ->
7 99 6
7 104 ->
8 105 [1]
9 105 -100
4 88 ->
5 89 510
5 90 BFF
5 91 -1
5 92 -1
5 93 4
5 94 67
5 95 0
5 96 0
5 97 32768
5 98 [2]
6 98 ->
7 99 1
7 100 ->
8 101 -4
8 102 5
8 103 0
6 98 ->
7 99 6
7 104 ->
8 105 [1]
9 105 -100
3 106 -1
3 107 1
3 108 [1]
4 108 
5 109 11
5 110 0
5 111 [4][3]
$BFF,2*0
$0,BFF,0
$2*0,3FF
$2*0,4015851EB851EB85
2 112 NULL
2 113 67
2 114 -1
2 115 NULL
2 116 NULL
2 152 [2]
$3,46
2 117 ->
3 118 12
3 119 0
3 120 [2][3]
$C0208,C0148,C010851EB851EB85
$40208,40148,4015851EB851EB85
3 121 4035A0A9A9E73DE
3 122 NULL
3 123 -1
2 124 -1
2 125 NULL
2 126 -1
2 127 NULL
1 128 ->
2 37 65
2 38 1
2 39 ->
3 40 7
3 41 917
3 42 NULL
3 43 1
3 44 [3]
$3*0
3 45 0
3 46 991
3 47 -1
3 48 ->
4 49 0
4 50 266240
4 51 -1
4 52 970
4 53 -1
4 54 -1
4 55 0
4 56 0
4 57 0
4 58 0
3 59 0
2 60 -1
2 61 no_name
2 62 2
2 271 ->
3 272 11
3 273 78
3 274 
3 275 74
3 276 [3]
$2*0,4015851EB851EB85
3 277 [3]
$401,0,4015851EB851EB85
2 271 ->
3 272 13
3 273 79
3 274 
4 133 1
3 275 74
3 276 [3]
$2*0,4015851EB851EB85
3 277 [3]
$2*0,401A7AE147AE147B
2 139 ->
3 140 19
3 141 A_2
3 142 1
3 143 [3]
$407930ED47B05C56,407736AFB4008C53,C05B81DA25A0DFA2
3 144 -1
3 145 0
3 146 BFF
3 147 BFF
3 148 
3 149 BFF
2 63 ->
3 64 [4][4]
$68,204,2*0
$71,203,2*0
$74,200,2*0
$76,200,-1,0
3 153 [10][6]
$69,221,3*0,68
$70,221,-1,2*0,68
$72,222,3*0,74
$73,222,-1,2*0,76
$75,220,3*0,74
$77,220,-1,2*0,76
$80,225,55,68,0,55
$81,225,57,68,0,57
$82,224,63,2*0,55
$83,224,64,2*0,57
3 150 [2]
4 150 
5 151 [5]
$78,530,74,-1,500
4 150 
5 151 [5]
$79,531,74,-1,500
3 154 [1]
4 154 
5 155 67
5 156 -1
3 65 NULL
3 66 [23]
$2*-1,-1025,-2049,2*-1,-16777217,-1,134217727,5*0,2097152,0,2,3*0,1048576,
$2*0
3 67 NULL
3 68 ->
4 69 0
4 70 0
2 71 
3 72 [4]
4 72 ->
5 73 34
5 74 68
5 75 65
5 76 0
5 77 [2][2]
$C01,C010041A9982CE34
$401,4010041A9982CE34
5 78 ->
6 79 [4][3]
$BFF,2*0
$0,BFF,0
$2*0,3FF
$2*0,4015851EB851EB85
5 80 ->
6 157 69
6 158 1
6 159 [2][2]
$C01,C010041A9982CE34
$401,4010041A9982CE34
5 160 ->
6 157 80
6 158 -1
6 159 [2][2]
$C008,C0080627E644354F
$4008,40080627E644354F
5 160 ->
6 157 102
6 158 -1
6 159 [2][2]
$BFC851EB851EB852,C00D86B820014BB5
$3FC851EB851EB852,C00A7947DFFEB44B
5 160 NULL
5 81 71
5 82 -1
5 83 [2][3]
$C01,C010041A9982CE34,4015851EB851EB85
$401,4010041A9982CE34,4015851EB851EB85
4 72 ->
5 73 34
5 74 71
5 75 65
5 76 0
5 77 [2][2]
$C01,C010041A9982CE34
$401,4010041A9982CE34
5 78 ->
6 79 [4][3]
$BFF,2*0
$0,BFF,0
$2*0,3FF
$2*0,401A7AE147AE147B
5 80 ->
6 157 72
6 158 1
6 159 [2][2]
$C01,C010041A9982CE34
$401,4010041A9982CE34
5 160 ->
6 157 104
6 158 -1
6 159 [2][2]
$BFC851EB851EB852,C00D86B820014BB5
$3FC851EB851EB852,C00A7947DFFEB44B
5 160 NULL
5 81 74
5 82 1
5 83 [2][3]
$C01,C010041A9982CE34,401A7AE147AE147B
$401,4010041A9982CE34,401A7AE147AE147B
4 72 ->
5 73 36
5 74 74
5 75 65
5 76 0
5 77 [2][2]
$2*0
$400921FB54442D18,3FF3D70A3D70A3D7
5 161 ->
6 162 [4][3]
$BFF,2*0
$0,BFF,0
$2*0,3FF
$2*0,4015851EB851EB85
6 163 401
5 80 ->
6 157 69
6 158 1
6 159 [2][2]
$2*0
$400921FB54442D18,3FF3D70A3D70A3D7
5 160 NULL
5 81 76
5 82 1
5 83 [2][3]
$2*C01,4015851EB851EB85
$401,0,401A7AE147AE147B
4 72 ->
5 73 36
5 74 76
5 75 65
5 76 0
5 77 [2][2]
$400921FB54442D18,0
$401921FB54442D18,3FF3D70A3D70A3D7
5 161 ->
6 162 [4][3]
$BFF,2*0
$0,BFF,0
$2*0,3FF
$2*0,4015851EB851EB85
6 163 401
5 80 ->
6 157 70
6 158 1
6 159 [2][2]
$400921FB54442D18,0
$401921FB54442D18,3FF3D70A3D70A3D7
5 160 NULL
5 81 92
5 82 1
5 83 [2][3]
$C01,0,4015851EB851EB85
$2*401,401A7AE147AE147B
3 164 [10]
4 164 ->
5 165 69
5 166 65
5 167 0
5 168 [2]
$1,-1
5 169 [20][4]
$401,3*0
$400F90459484F2B2,3FE5116F7F2D58C5,3FC52A170397BA3,0
$400E442285231BE1,3FF4C7E04850CFA9,3FD52A170397BA3,0
$400C24A622E3E9F9,3FFE75EC0DED7BED,3FDFBF2285639747,0
$400940A398F9CD23,4003A7A16B394423,3FE52A170397BA3,0
$4005AC4A670A1CFR,40078B0CDEE73E0F,3FEA749CC47DA8BR,0
$400180996C77C8CA,400ACA115AAE3DE4,3FEFBF2285639747,0
$3FF9B560B9F596EB,400D4E03DD110B08,3FF284D42324C2E9,0
$3FEF6C118574C841,400F0553B4DE2E18,3FF52A170397BA2F,0
$3FD523EB8420F5FA,400FE40529A542AR,3FF7CF59E40AB175,0
$BFD523EB8420F5F1,400FE40529A542AR,3FFA749CC47DA8BR,0
$BFEF6C118574C83D,400F0553B4DE2E18,3FFD19DFA4F0A002,0
$BFF9B560B9F596E6,400D4E03DD110B09,3FFFBF2285639747,0
$C00180996C77C8C8,400ACA115AAE3DE5,40013232B2EB4746,0
$C005AC4A670A1CFD,40078B0CDEE73E1,400284D42324C2E9,0
$C00940A398F9CD2R,4003A7A16B394424,4003D775935E3E8C,0
$C00C24A622E3E9F8,3FFE75EC0DED7BF,40052A170397BA2F,0
$C00E442285231BE1,3FF4C7E04850CFAC,40067CB873D135D2,0
$C00F90459484F2B2,3FE5116F7F2D58CA,4007CF59E40AB175,0
$C01,0,400921FB54442D18,0
5 170 68
5 171 74
5 172 70
5 173 75
5 174 0
5 175 0
4 164 ->
5 165 70
5 166 65
5 167 0
5 168 [2]
$1,-1
5 169 [20][4]
$C01,0,400921FB54442D18,0
$C00F90459484F2B3,BFE5116F7F2D58C1,400A749CC47DA8BA,0
$C00E442285231BE2,BFF4C7E04850CFA8,400BC73E34B7245E,0
$C00C24A622E3E9F9,BFFE75EC0DED7BED,400D19DFA4F0A001,0
$C00940A398F9CD24,C003A7A16B394423,400E6C81152A1BA4,0
$C005AC4A670A1CFR,C0078B0CDEE73E0F,400FBF2285639746,0
$C00180996C77C8CA,C00ACA115AAE3DE4,401088E1FACE8975,0
$BFF9B560B9F596F1,C00D4E03DD110B07,40113232B2EB4746,0
$BFEF6C118574C83D,C00F0553B4DE2E18,4011DB836B080518,0
$BFD523EB8420F613,C00FE40529A542AR,401284D42324C2E8,0
$3FD523EB8420F5F8,C00FE40529A542AR,40132E24DB4180BR,0
$3FEF6C118574C831,C00F0553B4DE2E19,4013D775935E3E8C,0
$3FF9B560B9F596EB,C00D4E03DD110B08,401480C64B7AFC5E,0
$400180996C77C8C7,C00ACA115AAE3DE6,40152A170397BA2F,0
$4005AC4A670A1CFA,C0078B0CDEE73E14,4015D367BBB478,0
$400940A398F9CD21,C003A7A16B394425,40167CB873D135D2,0
$400C24A622E3E9FA,BFFE75EC0DED7BEB,401726092BEDF3A4,0
$400E442285231BE1,BFF4C7E04850CFAE,4017CF59E40AB175,0
$400F90459484F2B1,BFE5116F7F2D58DE,401878AA9C276F46,0
$401,0,401921FB54442D18,0
5 170 68
5 171 76
5 172 69
5 173 77
5 174 0
5 175 0
4 164 ->
5 165 72
5 166 65
5 167 0
5 168 [2]
$-1,1
5 169 [20][4]
$401,2*0,3FF3D70A3D70A3D7
$400F90459484F2B2,3FE5116F7F2D58C5,3FC52A170397BA3,3FF3D70A3D70A3D7
$400E442285231BE1,3FF4C7E04850CFA9,3FD52A170397BA3,3FF3D70A3D70A3D7
$400C24A622E3E9F9,3FFE75EC0DED7BED,3FDFBF2285639747,3FF3D70A3D70A3D7
$400940A398F9CD23,4003A7A16B394423,3FE52A170397BA3,3FF3D70A3D70A3D7
$4005AC4A670A1CFR,40078B0CDEE73E0F,3FEA749CC47DA8BR,3FF3D70A3D70A3D7
$400180996C77C8CA,400ACA115AAE3DE4,3FEFBF2285639747,3FF3D70A3D70A3D7
$3FF9B560B9F596EB,400D4E03DD110B08,3FF284D42324C2E9,3FF3D70A3D70A3D7
$3FEF6C118574C841,400F0553B4DE2E18,3FF52A170397BA2F,3FF3D70A3D70A3D7
$3FD523EB8420F5FA,400FE40529A542AR,3FF7CF59E40AB175,3FF3D70A3D70A3D7
$BFD523EB8420F5F1,400FE40529A542AR,3FFA749CC47DA8BR,3FF3D70A3D70A3D7
$BFEF6C118574C83D,400F0553B4DE2E18,3FFD19DFA4F0A002,3FF3D70A3D70A3D7
$BFF9B560B9F596E6,400D4E03DD110B09,3FFFBF2285639747,3FF3D70A3D70A3D7
$C00180996C77C8C8,400ACA115AAE3DE5,40013232B2EB4746,3FF3D70A3D70A3D7
$C005AC4A670A1CFD,40078B0CDEE73E1,400284D42324C2E9,3FF3D70A3D70A3D7
$C00940A398F9CD2R,4003A7A16B394424,4003D775935E3E8C,3FF3D70A3D70A3D7
$C00C24A622E3E9F8,3FFE75EC0DED7BF,40052A170397BA2F,3FF3D70A3D70A3D7
$C00E442285231BE1,3FF4C7E04850CFAC,40067CB873D135D2,3FF3D70A3D70A3D7
$C00F90459484F2B2,3FE5116F7F2D58CA,4007CF59E40AB175,3FF3D70A3D70A3D7
$C01,0,400921FB54442D18,3FF3D70A3D70A3D7
5 170 71
5 171 74
5 172 73
5 173 77
5 174 0
5 175 0
4 164 ->
5 165 73
5 166 65
5 167 0
5 168 [2]
$-1,1
5 169 [20][4]
$C01,0,400921FB54442D18,3FF3D70A3D70A3D7
$C00F90459484F2B3,BFE5116F7F2D58C1,400A749CC47DA8BA,3FF3D70A3D70A3D7
$C00E442285231BE2,BFF4C7E04850CFA8,400BC73E34B7245E,3FF3D70A3D70A3D7
$C00C24A622E3E9F9,BFFE75EC0DED7BED,400D19DFA4F0A001,3FF3D70A3D70A3D7
$C00940A398F9CD24,C003A7A16B394423,400E6C81152A1BA4,3FF3D70A3D70A3D7
$C005AC4A670A1CFR,C0078B0CDEE73E0F,400FBF2285639746,3FF3D70A3D70A3D7
$C00180996C77C8CA,C00ACA115AAE3DE4,401088E1FACE8975,3FF3D70A3D70A3D7
$BFF9B560B9F596F1,C00D4E03DD110B07,40113232B2EB4746,3FF3D70A3D70A3D7
$BFEF6C118574C83D,C00F0553B4DE2E18,4011DB836B080518,3FF3D70A3D70A3D7
$BFD523EB8420F613,C00FE40529A542AR,401284D42324C2E8,3FF3D70A3D70A3D7
$3FD523EB8420F5F8,C00FE40529A542AR,40132E24DB4180BR,3FF3D70A3D70A3D7
$3FEF6C118574C831,C00F0553B4DE2E19,4013D775935E3E8C,3FF3D70A3D70A3D7
$3FF9B560B9F596EB,C00D4E03DD110B08,401480C64B7AFC5E,3FF3D70A3D70A3D7
$400180996C77C8C7,C00ACA115AAE3DE6,40152A170397BA2F,3FF3D70A3D70A3D7
$4005AC4A670A1CFA,C0078B0CDEE73E14,4015D367BBB478,3FF3D70A3D70A3D7
$400940A398F9CD21,C003A7A16B394425,40167CB873D135D2,3FF3D70A3D70A3D7
$400C24A622E3E9FA,BFFE75EC0DED7BEB,401726092BEDF3A4,3FF3D70A3D70A3D7
$400E442285231BE1,BFF4C7E04850CFAE,4017CF59E40AB175,3FF3D70A3D70A3D7
$400F90459484F2B1,BFE5116F7F2D58DE,401878AA9C276F46,3FF3D70A3D70A3D7
$401,0,401921FB54442D18,3FF3D70A3D70A3D7
5 170 71
5 171 76
5 172 72
5 173 75
5 174 0
5 175 0
4 164 ->
5 165 75
5 166 65
5 167 1
5 168 [2]
$1,-1
5 169 [2][4]
$2*0,401921FB54442D18,0
$0,3FF3D70A3D70A3D7,401921FB54442D18,3FF3D70A3D70A3D7
5 170 74
5 171 76
5 172 72
5 173 70
5 174 0
5 175 0
4 164 ->
5 165 77
5 166 65
5 167 1
5 168 [2]
$1,-1
5 169 [2][4]
$400921FB54442D18,0,400921FB54442D18,0
$400921FB54442D18,3FF3D70A3D70A3D7,400921FB54442D18,3FF3D70A3D70A3D7
5 170 76
5 171 74
5 172 73
5 173 69
5 174 0
5 175 0
4 164 ->
5 165 80
5 166 65
5 167 0
5 168 [2]
$-1,1
5 169 [20][4]
$C008,2*0,3FF4
$C007AC342F63B606,BFDF9A273EC40528,3FC52A170397BA2F,3FF4
$C006B319E3DA54EA,BFEF2BD06C79377C,3FD52A170397BA2E,3FF4
$C0051B7C9A2AEF7C,BFF6D8710A721CF,3FDFBF2285639743,3FF4
$C002F07AB2BB59DC,BFFD7B7220D5E632,3FE52A170397BA2D,3FF4
$C0004137CD4795C,C001A849A72D6E8A,3FEA749CC47DA8B9,3FF4
$BFFA40E622B3AD2F,C004178D0402AE6B,3FEFBF2285639746,3FF4
$BFF348088B78313R,C005FA82E5CCC845,3FF284D42324C2E8,3FF4
$BFE7910D2417963C,C00743FEC7A6A291,3FF52A170397BA2D,3FF4
$BFCFB5E14631713F,C007EB03DF3BF1FR,3FF7CF59E40AB172,3FF4
$3FCFB5E1463170BA,C007EB03DF3BF2,3FFA749CC47DA8B9,3FF4
$3FE7910D24179628,C00743FEC7A6A293,3FFD19DFA4F0A,3FF4
$3FF348088B78312C,C005FA82E5CCC847,3FFFBF2285639746,3FF4
$3FFA40E622B3AD27,C004178D0402AE6E,40013232B2EB4745,3FF4
$40004137CD4795BC,C001A849A72D6E8E,400284D42324C2E8,3FF4
$4002F07AB2BB59DA,BFFD7B7220D5E636,4003D775935E3E8C,3FF4
$40051B7C9A2AEF7A,BFF6D8710A721CF4,40052A170397BA2F,3FF4
$4006B319E3DA54E6,BFEF2BD06C79379A,40067CB873D135D,3FF4
$4007AC342F63B606,BFDF9A273EC4052F,4007CF59E40AB175,3FF4
$4008,0,400921FB54442D18,3FF4
5 170 68
5 171 55
5 172 81
5 173 83
5 174 0
5 175 0
4 164 ->
5 165 81
5 166 65
5 167 0
5 168 [2]
$-1,1
5 169 [20][4]
$4008,0,400921FB54442D18,3FF4
$4007AC342F63B606,3FDF9A273EC4052R,400A749CC47DA8BR,3FF4
$4006B319E3DA54EA,3FEF2BD06C79377C,400BC73E34B7245E,3FF4
$40051B7C9A2AEF7B,3FF6D8710A721CF2,400D19DFA4F0A001,3FF4
$4002F07AB2BB59DB,3FFD7B7220D5E634,400E6C81152A1BA4,3FF4
$40004137CD4795BF,4001A849A72D6E8B,400FBF2285639747,3FF4
$3FFA40E622B3AD2F,4004178D0402AE6B,401088E1FACE8975,3FF4
$3FF348088B783135,4005FA82E5CCC845,40113232B2EB4746,3FF4
$3FE7910D2417962E,400743FEC7A6A292,4011DB836B080518,3FF4
$3FCFB5E14631711C,4007EB03DF3BF2,401284D42324C2E9,3FF4
$BFCFB5E1463170F4,4007EB03DF3BF2,40132E24DB4180BR,3FF4
$BFE7910D2417963C,400743FEC7A6A291,4013D775935E3E8D,3FF4
$BFF348088B78313,4005FA82E5CCC846,401480C64B7AFC5E,3FF4
$BFFA40E622B3AD29,4004178D0402AE6C,40152A170397BA2F,3FF4
$C0004137CD4795BC,4001A849A72D6E8F,4015D367BBB478,3FF4
$C002F07AB2BB59D9,3FFD7B7220D5E638,40167CB873D135D2,3FF4
$C0051B7C9A2AEF76,3FF6D8710A721D06,401726092BEDF3A2,3FF4
$C006B319E3DA54E4,3FEF2BD06C7937B,4017CF59E40AB173,3FF4
$C007AC342F63B605,3FDF9A273EC4054D,401878AA9C276F46,3FF4
$C008,0,401921FB54442D18,3FF4
5 170 68
5 171 57
5 172 80
5 173 82
5 174 0
5 175 0
4 164 ->
5 165 82
5 166 65
5 167 1
5 168 [2]
$1,-1
5 169 [2][4]
$2*0,401921FB54442D18,0
$0,3FF4,401921FB54442D18,3FF4
5 170 55
5 171 57
5 172 80
5 173 62
5 174 0
5 175 0
4 164 ->
5 165 83
5 166 65
5 167 1
5 168 [2]
$1,-1
5 169 [2][4]
$400921FB54442D18,0,400921FB54442D18,0
$400921FB54442D18,3FF4,400921FB54442D18,3FF4
5 170 57
5 171 55
5 172 81
5 173 61
5 174 0
5 175 0
2 84 NULL
2 85 ->
2 86 ->
3 87 [4][3]
$BFF,2*0
$0,BFF,0
$2*0,3FF
$2*0,4015851EB851EB85
3 88 [1]
4 88 ->
5 89 1853
5 90 0
5 91 13
5 92 -1
5 93 -1
5 94 -1
5 95 0
5 96 0
5 97 0
5 98 [1]
6 98 ->
7 99 6
7 104 ->
8 105 [1]
9 105 -100
3 106 -1
3 107 0
3 108 [1]
4 108 
5 109 1
5 110 0
5 111 [4][3]
$BFF,2*0
$0,BFF,0
$2*0,3FF
$3*0
2 112 NULL
2 113 68
2 176 [1]
3 176 
4 177 2
4 178 S2D0007
4 179 ->
5 180 S2D0007
5 181 [3]
6 181 
7 182 10
7 183 [3]
$3*0
7 184 [2]
$2*0
7 185 0
7 186 0
7 187 0
7 188 0
7 189 0
7 190 
7 191 
8 192 0
8 193 -1
6 181 
7 182 32770
7 183 [3]
$-1,2*0
7 184 [2]
$1,2
7 185 2
7 186 0
7 187 1
7 188 0
7 189 1
7 190 
8 194 8
7 191 
8 192 0
8 193 -1
6 181 
7 182 32770
7 183 [3]
$0,1,0
7 184 [2]
$3,4
7 185 4
7 186 0
7 187 0
7 188 0
7 189 2
7 190 
8 194 8
7 191 
8 192 0
8 193 -1
5 195 [3]
6 195 
7 196 42
7 197 0
7 198 0
7 199 0
7 200 [2]
7 201 [2]
7 202 0
7 203 0
7 204 
8 205 [2]
$2*0
7 206 [2]
8 206 
9 207 1
9 208 4
9 209 [2]
$2*-1
8 206 
9 207 0
9 208 3
9 209 [2]
$2*-1
6 195 
7 196 42
7 197 0
7 198 0
7 199 0
7 200 [2]
7 201 [2]
7 202 0
7 203 1
7 204 
8 205 [2]
$2*0
7 206 [2]
8 206 
9 207 2
9 208 4
9 209 [2]
$2*-1
8 206 
9 207 0
9 208 3
9 209 [2]
$2*-1
6 195 
7 196 3
7 197 401
7 198 0
7 199 0
7 200 [2]
7 201 [2]
7 202 0
7 203 2
7 204 
8 205 [2]
$34,0
7 206 [2]
8 206 
9 207 0
9 208 -1
9 209 [2]
$2*-1
8 206 
9 207 -1
9 208 -1
9 209 [2]
$2*-1
5 210 [3]
6 210 
7 211 -1
7 212 0
7 213 [4]
$0,1,2*-1
7 214 [4]
$2*1,2*0
7 215 [4]
$3FF,BFF,3FF,0
7 216 0
7 217 -1
7 218 0
6 210 
7 211 -1
7 212 0
7 213 [4]
$0,3,2*-1
7 214 [4]
$4*0
7 215 [4]
$3FF,BFF,3FF,0
7 216 0
7 217 -1
7 218 0
6 210 
7 211 -1
7 212 0
7 213 [4]
$4*0
7 214 [4]
$4*0
7 215 [4]
$4*3FF
7 216 1
7 217 2
7 218 14
5 219 [3]
$0,1,2
5 220 -1
5 221 NULL
5 222 5
5 223 1
5 224 ->
6 225 0
6 226 0
6 227 0
5 228 ->
6 229 0
6 230 0
6 231 0
5 232 ->
6 233 NULL
5 234 1
5 235 [3]
6 235 
7 236 0
6 235 
7 236 0
6 235 
7 236 0
4 237 ->
5 238 7
5 239 S2D0007
5 240 1
5 241 -1
5 242 NULL
5 243 -1
5 244 67
5 245 -1
5 246 [2]
6 246 
7 247 4
7 248 5
7 249 -1
7 250 1
7 251 0
7 252 ->
8 253 32770
8 254 0
8 255 
9 194 8
8 256 [3]
$3*0
8 257 [3]
$C059,2*0
7 258 ->
8 253 32770
8 254 0
8 255 
9 194 8
8 256 [3]
$3*0
8 257 [3]
$C059,2*0
6 246 
7 247 2
7 248 5
7 249 -1
7 250 2
7 251 0
7 252 ->
8 253 32770
8 254 0
8 255 
9 194 8
8 256 [3]
$3*0
8 257 [3]
$0,4059,0
7 258 ->
8 253 32770
8 254 0
8 255 
9 194 8
8 256 [3]
$3*0
8 257 [3]
$0,4059,0
4 259 [2]
5 259 
6 260 0
6 261 2
5 259 
6 260 0
6 261 4
4 262 [3]
$14,15,16
4 263 0
4 264 -1
4 265 [1]
5 265 
6 266 2
6 267 -100
4 268 0
4 269 BFF
4 270 NULL
2 114 -1
2 115 NULL
2 116 NULL
2 152 [3]
$1,3,66
2 117 ->
3 278 [3]
4 278 
5 279 44
5 280 52
4 278 
5 279 52
5 280 55
4 278 
5 279 57
5 280 0
3 281 [1]
4 281 
5 282 52
5 283 0
3 284 [2]
4 284 
5 285 55
5 286 [1]
6 286 61
4 284 
5 285 57
5 286 [1]
6 286 62
@next_crv 287 0
3 287 [4]
4 287 
@p_crv 288 1
5 288 61
@next_crv 289 11
5 289 [2]
$62,63
4 287 
5 288 62
5 289 [2]
$61,64
4 287 
5 288 63
5 289 [2]
$53,62
4 287 
5 288 64
5 289 [2]
$54,61
3 118 12
3 119 0
3 120 [2][3]
$C0208,C0148,C010851EB851EB85
$40208,40148,4015851EB851EB85
3 121 4035A0A9A9E73DE
3 122 NULL
3 123 -1
2 124 -1
2 125 NULL
2 126 -1
2 127 NULL
1 128 ->
2 37 84
2 38 1
2 39 ->
3 40 1
3 41 911
3 42 NULL
3 43 1
3 44 [3]
$3*0
3 45 1
3 46 991
3 47 -1
3 48 ->
4 49 0
4 50 528384
4 51 -1
4 52 970
4 53 -1
4 54 -1
4 55 0
4 56 0
4 57 0
4 58 0
3 59 0
2 60 -1
2 61 no_name
2 62 2
2 271 ->
3 272 11
3 273 96
3 274 
3 275 92
3 276 [3]
$0,400C,401A7AE147AE147B
3 277 [3]
$3FC851EB851EB852,400C,401A7AE147AE147B
2 271 ->
3 272 13
3 273 97
3 274 
4 133 1
3 275 92
3 276 [3]
$0,400C,401A7AE147AE147B
3 277 [3]
$0,400C,4015851EB851EB85
2 139 ->
3 140 19
3 141 A_3
3 142 1
3 143 [3]
$40759B6774A92D41,4077FB07B0731E36,C05D5F061C29AC25
3 144 -1
3 145 6
3 146 BFF
3 147 BFF
3 148 
3 149 BFF
2 63 ->
3 64 [4][4]
$86,204,2*0
$89,203,2*0
$92,200,2*0
$94,200,-1,0
3 153 [16][6]
$87,221,3*0,92
$88,221,-1,2*0,94
$90,222,3*0,89
$91,222,-1,2*0,89
$93,220,3*0,94
$95,220,-1,2*0,92
$98,223,12,92,0,-1
$99,223,12,94,0,-1
$100,223,21,92,0,-1
$101,223,21,94,0,-1
$102,223,68,92,0,68
$103,223,68,94,0,68
$104,226,71,92,0,92
$105,226,71,94,0,94
$106,224,93,2*0,94
$107,224,95,2*0,92
3 150 [2]
4 150 
5 151 [5]
$96,530,92,-1,500
4 150 
5 151 [5]
$97,531,92,-1,500
@par_id_tab 290 1
3 290 [1]
4 290 17
3 65 NULL
3 66 [23]
$2*-1,-1025,-2049,2*-1,-16777217,-1,134217727,5*0,2097152,0,2,3*0,1048576,
$2*0
3 67 NULL
3 68 ->
4 69 0
4 70 0
2 71 
3 72 [4]
4 72 ->
5 73 34
5 74 86
5 75 84
5 76 -1
5 77 [2][2]
$2*BFC851EB851EB852
$2*3FC851EB851EB852
5 78 ->
6 79 [4][3]
$BFF,2*0
$0,3FF,0
$2*0,BFF
$0,400C,401A7AE147AE147B
5 80 ->
6 157 87
6 158 1
6 159 [2][2]
$2*BFC851EB851EB852
$2*3FC851EB851EB852
5 160 NULL
5 81 89
5 82 1
5 83 [2][3]
$BFC851EB851EB852,400A7AE147AE147B,401A7AE147AE147B
$3FC851EB851EB852,400D851EB851EB85,401A7AE147AE147B
4 72 ->
5 73 34
5 74 89
5 75 84
5 76 -1
5 77 [2][2]
$2*BFC851EB851EB852
$2*3FC851EB851EB852
5 78 ->
6 79 [4][3]
$BFF,2*0
$0,3FF,0
$2*0,BFF
$0,400C,C014D1EB851EB851
5 80 ->
6 157 90
6 158 1
6 159 [2][2]
$2*BFC851EB851EB852
$2*3FC851EB851EB852
5 160 NULL
5 81 0
5 82 -1
5 83 [2][3]
$BFC851EB851EB852,400A7AE147AE147B,C014D1EB851EB851
$3FC851EB851EB852,400D851EB851EB85,C014D1EB851EB851
4 72 ->
5 73 36
5 74 92
5 75 84
5 76 0
5 77 [2][2]
$2*0
$400921FB54442D18,3FF3D70A3D70A3D8
5 161 ->
6 162 [4][3]
$BFF,2*0
$0,3FF,0
$2*0,BFF
$0,400C,401A7AE147AE147B
6 163 3FC851EB851EB852
5 80 ->
6 157 102
6 158 1
6 159 [2][2]
$2*0
$400921FB54442D18,3FF3D70A3D70A3D8
5 160 NULL
5 81 94
5 82 -1
5 83 [2][3]
$BFC851EB851EB852,400C,4015851EB851EB85
$3FC851EB851EB852,400D851EB851EB85,401A7AE147AE147B
4 72 ->
5 73 36
5 74 94
5 75 84
5 76 0
5 77 [2][2]
$400921FB54442D18,0
$401921FB54442D18,3FF3D70A3D70A3D8
5 161 ->
6 162 [4][3]
$BFF,2*0
$0,3FF,0
$2*0,BFF
$0,400C,401A7AE147AE147B
6 163 3FC851EB851EB852
5 80 ->
6 157 103
6 158 1
6 159 [2][2]
$400921FB54442D18,0
$401921FB54442D18,3FF3D70A3D70A3D8
5 160 NULL
5 81 0
5 82 -1
5 83 [2][3]
$BFC851EB851EB852,400A7AE147AE147B,4015851EB851EB85
$3FC851EB851EB852,400C,401A7AE147AE147B
3 164 [12]
4 164 ->
5 165 87
5 166 84
5 167 0
5 168 [2]
$-1,1
5 169 [9][4]
$3FC851EB851EB852,3*0
$3FC6780003DEBD4A,3FB29D1CE5141A56,3FD921FB54442D19,0
$3FC13263E77F6AE4,3FC13263E77F6AE3,3FE921FB54442D17,0
$3FB29D1CE5141A56,3FC6780003DEBD4A,3FF2D97C7F3321D2,0
$0,3FC851EB851EB852,3FF921FB54442D18,0
$BFB29D1CE5141A5R,3FC6780003DEBD4A,3FFF6A7A2955385F,0
$BFC13263E77F6AE3,3FC13263E77F6AE4,4002D97C7F3321D2,0
$BFC6780003DEBD4A,3FB29D1CE5141A57,4005FDBBE9BBA775,0
$BFC851EB851EB852,0,400921FB54442D18,0
5 170 86
5 171 92
5 172 88
5 173 95
5 174 0
5 175 0
4 164 ->
5 165 88
5 166 84
5 167 0
5 168 [2]
$-1,1
5 169 [9][4]
$BFC851EB851EB852,0,400921FB54442D18,0
$BFC6780003DEBD4B,BFB29D1CE5141A54,400C463ABECCB2BA,0
$BFC13263E77F6AE4,BFC13263E77F6AE3,400F6A7A2955385E,0
$BFB29D1CE5141A5D,BFC6780003DEBD48,4011475CC9EEDF,0
$0,BFC851EB851EB852,4012D97C7F3321D2,0
$3FB29D1CE5141A59,BFC6780003DEBD49,40146B9C347764A4,0
$3FC13263E77F6AE2,BFC13263E77F6AE4,4015FDBBE9BBA775,0
$3FC6780003DEBD48,BFB29D1CE5141A5E,40178FDB9EFFEA46,0
$3FC851EB851EB852,0,401921FB54442D18,0
5 170 86
5 171 94
5 172 87
5 173 93
5 174 0
5 175 0
4 164 ->
5 165 90
5 166 84
5 167 0
5 168 [2]
$1,-1
5 169 [9][4]
$3FC851EB851EB852,2*0,4027A6R
$3FC6780003DEBD4A,3FB29D1CE5141A56,3FD921FB54442D19,4027A6R
$3FC13263E77F6AE4,3FC13263E77F6AE3,3FE921FB54442D17,4027A6R
$3FB29D1CE5141A56,3FC6780003DEBD4A,3FF2D97C7F3321D2,4027A6R
$0,3FC851EB851EB852,3FF921FB54442D18,4027A6R
$BFB29D1CE5141A5R,3FC6780003DEBD4A,3FFF6A7A2955385F,4027A6R
$BFC13263E77F6AE3,3FC13263E77F6AE4,4002D97C7F3321D2,4027A6R
$BFC6780003DEBD4A,3FB29D1CE5141A57,4005FDBBE9BBA775,4027A6R
$BFC851EB851EB852,0,400921FB54442D18,4027A6R
5 170 89
5 171 92
5 172 91
5 173 93
5 174 0
5 175 0
4 164 ->
5 165 91
5 166 84
5 167 0
5 168 [2]
$1,-1
5 169 [9][4]
$BFC851EB851EB852,0,400921FB54442D18,4027A6R
$BFC6780003DEBD4B,BFB29D1CE5141A54,400C463ABECCB2BA,4027A6R
$BFC13263E77F6AE4,BFC13263E77F6AE3,400F6A7A2955385E,4027A6R
$BFB29D1CE5141A5D,BFC6780003DEBD48,4011475CC9EEDF,4027A6R
$0,BFC851EB851EB852,4012D97C7F3321D2,4027A6R
$3FB29D1CE5141A59,BFC6780003DEBD49,40146B9C347764A4,4027A6R
$3FC13263E77F6AE2,BFC13263E77F6AE4,4015FDBBE9BBA775,4027A6R
$3FC6780003DEBD48,BFB29D1CE5141A5E,40178FDB9EFFEA46,4027A6R
$3FC851EB851EB852,0,401921FB54442D18,4027A6R
5 170 89
5 171 94
5 172 90
5 173 95
5 174 0
5 175 0
4 164 ->
5 165 93
5 166 84
5 167 1
5 168 [2]
$-1,1
5 169 [2][4]
$2*0,401921FB54442D18,0
$0,4027A6R,401921FB54442D18,4027A6R
5 170 92
5 171 94
5 172 0
5 173 0
5 174 0
5 175 0
4 164 ->
5 165 95
5 166 84
5 167 1
5 168 [2]
$-1,1
5 169 [2][4]
$400921FB54442D18,0,400921FB54442D18,0
$400921FB54442D18,4027A6R,400921FB54442D18,4027A6R
5 170 94
5 171 92
5 172 0
5 173 0
5 174 0
5 175 0
4 164 ->
5 165 102
5 166 84
5 167 0
5 168 [2]
$1,-1
5 169 [10][4]
$3FC851EB851EB852,C00C,0,3FF3D70A3D70A3D8
$3FC6DA737A157E72,C00C85163DA5D6AF,3FD657184AE7448R,3FF3D70A3D70A3D8
$3FC2A154D7E53CFA,C00CFA1F1B960DDA,3FE657184AE74483,3FF3D70A3D70A3D8
$3FB851EB851EB84E,C00D50FCE0CBDFCD,3FF0C152382D7367,3FF3D70A3D70A3D8
$3FA0E47A88C105E5,C00D7F35593BE489,3FF657184AE74487,3FF3D70A3D70A3D8
$BFA0E47A88C105E2,C00D7F35593BE489,3FFBECDE5DA115A9,3FF3D70A3D70A3D8
$BFB851EB851EB84F,C00D50FCE0CBDFCD,4000C152382D7365,3FF3D70A3D70A3D8
$BFC2A154D7E53CF7,C00CFA1F1B960DDA,40038C35418A5BF6,3FF3D70A3D70A3D8
$BFC6DA737A157E6E,C00C85163DA5D6B,400657184AE74485,3FF3D70A3D70A3D8
$BFC851EB851EB852,C00C,400921FB54442D18,3FF3D70A3D70A3D5
5 170 68
5 171 92
5 172 103
5 173 106
5 174 0
5 175 0
4 164 ->
5 165 103
5 166 84
5 167 0
5 168 [2]
$1,-1
5 169 [10][4]
$BFC851EB851EB852,C00C,400921FB54442D18,3FF3D70A3D70A3D8
$BFC6DA737A157E72,C00B7AE9C25A2951,400BECDE5DA115A9,3FF3D70A3D70A3D8
$BFC2A154D7E53CFD,C00B05E0E469F227,400EB7C166FDFE38,3FF3D70A3D70A3D8
$BFB851EB851EB84D,C00AAF031F34203R,4010C152382D736R,3FF3D70A3D70A3D8
$BFA0E47A88C105FB,C00A80CAA6C41B7R,401226C3BCDBE7AD,3FF3D70A3D70A3D8
$3FA0E47A88C105D9,C00A80CAA6C41B7R,40138C35418A5BF6,3FF3D70A3D70A3D8
$3FB851EB851EB849,C00AAF031F34203R,4014F1A6C638D03E,3FF3D70A3D70A3D8
$3FC2A154D7E53CF7,C00B05E0E469F226,401657184AE74487,3FF3D70A3D70A3D8
$3FC6DA737A157E6E,C00B7AE9C25A295,4017BC89CF95B8CE,3FF3D70A3D70A3D8
$3FC851EB851EB852,C00C,401921FB54442D18,3FF3D70A3D70A3D5
5 170 68
5 171 94
5 172 102
5 173 107
5 174 0
5 175 0
4 164 ->
5 165 104
5 166 84
5 167 0
5 168 [2]
$-1,1
5 169 [10][4]
$3FC851EB851EB852,C00C,2*0
$3FC6DA737A157E72,C00C85163DA5D6AF,3FD657184AE7448R,0
$3FC2A154D7E53CFA,C00CFA1F1B960DDA,3FE657184AE74483,0
$3FB851EB851EB84E,C00D50FCE0CBDFCD,3FF0C152382D7367,0
$3FA0E47A88C105E5,C00D7F35593BE489,3FF657184AE74487,0
$BFA0E47A88C105E2,C00D7F35593BE489,3FFBECDE5DA115A9,0
$BFB851EB851EB84F,C00D50FCE0CBDFCD,4000C152382D7365,0
$BFC2A154D7E53CF7,C00CFA1F1B960DDA,40038C35418A5BF6,0
$BFC6DA737A157E6E,C00C85163DA5D6B,400657184AE74485,0
$BFC851EB851EB852,C00C,400921FB54442D18,0
5 170 71
5 171 92
5 172 105
5 173 107
5 174 0
5 175 0
4 164 ->
5 165 105
5 166 84
5 167 0
5 168 [2]
$-1,1
5 169 [10][4]
$BFC851EB851EB852,C00C,400921FB54442D18,0
$BFC6DA737A157E72,C00B7AE9C25A2951,400BECDE5DA115A9,0
$BFC2A154D7E53CFD,C00B05E0E469F227,400EB7C166FDFE38,0
$BFB851EB851EB84C,C00AAF031F34203R,4010C152382D736R,0
$BFA0E47A88C105FB,C00A80CAA6C41B7R,401226C3BCDBE7AD,0
$3FA0E47A88C105D9,C00A80CAA6C41B7R,40138C35418A5BF6,0
$3FB851EB851EB849,C00AAF031F34203R,4014F1A6C638D03E,0
$3FC2A154D7E53CF7,C00B05E0E469F226,401657184AE74487,0
$3FC6DA737A157E6E,C00B7AE9C25A295,4017BC89CF95B8CE,0
$3FC851EB851EB852,C00C,401921FB54442D18,0
5 170 71
5 171 94
5 172 104
5 173 106
5 174 0
5 175 0
4 164 ->
5 165 106
5 166 84
5 167 1
5 168 [2]
$-1,1
5 169 [2][4]
$2*0,401921FB54442D18,0
$0,3FF3D70A3D70A3D8,401921FB54442D18,3FF3D70A3D70A3D5
5 170 92
5 171 94
5 172 104
5 173 103
5 174 0
5 175 0
4 164 ->
5 165 107
5 166 84
5 167 1
5 168 [2]
$-1,1
5 169 [2][4]
$400921FB54442D18,0,400921FB54442D18,0
$400921FB54442D18,3FF3D70A3D70A3D8,400921FB54442D18,3FF3D70A3D70A3D5
5 170 94
5 171 92
5 172 105
5 173 102
5 174 0
5 175 0
2 84 NULL
2 85 ->
2 86 ->
3 87 [4][3]
$BFF,2*0
$0,3FF,0
$2*0,BFF
$0,400C,401A7AE147AE147B
3 88 [3]
4 88 ->
5 89 5
5 90 0
5 91 -1
5 92 -1
5 93 71
5 94 86
5 95 0
5 96 0
5 97 0
5 98 [2]
6 98 ->
7 99 1
7 100 ->
8 101 -4
8 102 5
8 103 0
6 98 ->
7 99 6
7 104 ->
8 105 [1]
9 105 -100
4 88 ->
5 89 6
5 90 0
5 91 18
5 92 -1
5 93 2
5 94 86
5 95 0
5 96 0
5 97 0
5 98 [2]
6 98 ->
7 99 1
7 100 ->
8 101 -4
8 102 5
8 103 0
6 98 ->
7 99 6
7 104 ->
8 105 [1]
9 105 -100
4 88 ->
5 89 6
5 90 400C
5 91 19
5 92 -1
5 93 4
5 94 86
5 95 0
5 96 0
5 97 0
5 98 [2]
6 98 ->
7 99 1
7 100 ->
8 101 -4
8 102 5
8 103 0
6 98 ->
7 99 6
7 104 ->
8 105 [1]
9 105 -100
3 106 -1
3 107 0
3 108 [1]
4 108 
5 109 12
5 110 0
5 111 [4][3]
$BFF,2*0
$0,3FF,0
$2*0,BFF
$0,400C,401A7AE147AE147B
2 112 NULL
2 113 86
2 114 -1
2 115 NULL
2 116 NULL
2 152 [3]
$1,3,65
2 117 ->
3 278 [1]
4 278 
5 279 76
5 280 0
3 284 [2]
4 284 
5 285 68
5 286 [2]
$69,80
4 284 
5 285 71
5 286 [1]
6 286 72
3 118 12
3 119 0
3 120 [2][3]
$C0208,C0148,C010851EB851EB85
$40208,40148,401A7AE147AE147B
3 121 40363366DC3F8297
3 122 NULL
3 123 -1
2 124 -1
2 125 NULL
2 126 -1
2 127 NULL
1 128 NULL
@assem_mass_prop_ptr 291 0
1 291 NULL
@mass_prop_ptr 292 0
1 292 ->
@type 293 1
2 293 0
@density 294 2
2 294 0
@init_dens 295 5
2 295 0
@rel_density 296 2
2 296 0
@init_rel_dens 297 5
2 297 0
@aver_density 298 2
2 298 0
@vrevnum 299 1
2 299 -1
@volume 300 2
2 300 0
@cg 301 2
2 301 [3]
$3*0
@inertia 302 2
2 302 [3][3]
$3*0
$3*0
$3*0
@eps 303 2
2 303 0
@surfarea 304 2
2 304 0
@assign_mp_ptr 305 0
1 305 NULL
@tol_default_ptr 306 0
1 306 ->
@type 307 1
2 307 10
@value 308 2
2 308 [7]
$0,3FB9R,3F847AE147AE147B,3F50624DD2F1A9FC,3F1A36E2EB1C432D,
$3EE4F8B588E368F1,3EB0C6F7A0B5ED8E
@ang_value 309 2
2 309 [7]
$0,6*3FE
@standard 310 1
2 310 0
@iso_tol_tbls_ptr 311 0
2 311 NULL
@first_xsec_ptr 312 0
1 312 NULL
@datum_count 313 1
1 313 0
@axis_count 314 1
1 314 3
@insert_layer_id 315 1
1 315 -1
@layer_count 316 1
1 316 1
@layer_list 317 0
1 317 [11]
2 317 
@feat_id 318 1
3 318 1
@layer_id 319 1
3 319 0
@back_layer_id 320 1
3 320 0
2 317 
3 318 3
3 319 0
3 320 0
2 317 
3 318 5
3 319 0
3 320 0
2 317 
3 318 7
3 319 0
3 320 0
2 317 
3 318 10
3 319 0
3 320 0
2 317 
3 318 9
3 319 0
3 320 0
2 317 
3 318 47
3 319 0
3 320 0
2 317 
3 318 46
3 319 0
3 320 0
2 317 
3 318 66
3 319 0
3 320 0
2 317 
3 318 65
3 319 0
3 320 0
2 317 
3 318 84
3 319 0
3 320 0
@lang_ptr 321 0
1 321 NULL
@first_csys_ptr 322 0
1 322 NULL
@color_prop_ptr 323 0
1 323 NULL
@fem_data 324 0
1 324 NULL
@rel_part_eps 325 2
1 325 3F53A92A30553261
@names_table 326 0
1 326 [4]
2 326 ->
@id 327 1
3 327 2
@type 328 1
3 328 5
@name 329 10
3 329 DTM1
2 326 ->
3 327 4
3 328 5
3 329 DTM2
2 326 ->
3 327 6
3 328 5
3 329 DTM3
2 326 ->
3 327 8
3 328 25
3 329 CS0
@drv_tbl_ptr 330 0
1 330 NULL
@assembled_count 331 1
1 331 0
@part_type 332 1
1 332 1
@mat_name_ptr 333 10
1 333 NULL
@first_ent_id 334 1
1 334 533597
@first_view_id 335 1
1 335 0
@outline 336 2
1 336 [2][3]
$C0208,C0148,C010851EB851EB85
$40208,40148,401A7AE147AE147B
@dim_num 337 1
1 337 20
@dim_array 338 0
1 338 [20]
2 338 ->
@type 339 1
3 339 8
@dim_type 340 1
3 340 62
@feat_id 341 1
3 341 9
@attributes 342 1
3 342 385
@dim_dat_ptr 343 0
3 343 ->
@value 344 2
4 344 4020851EB851EB85
@bck_value 345 2
4 345 4020851EB851EB85
@tol_ptr 346 0
4 346 ->
@type 347 1
5 347 9
@tol_type 348 1
5 348 3
@dual_digits_diff 349 1
5 349 999
@value 350 2
5 350 [2]
$2*3F847AE147AE147B
@nominal_value 351 2
4 351 4020851EB851EB85
@bound 352 1
4 352 20
@bck_bound 353 1
4 353 -1
@bck_tol_ptr 354 0
4 354 ->
@value 355 2
5 355 [2]
$2*3F847AE147AE147B
@datum_def_id 356 1
4 356 -1
@places_denom 357 1
4 357 2
@bck_places_denom 358 1
4 358 2
@dim_data_attrib 359 1
4 359 0
@dim_cosm_ptr 360 0
3 360 ->
@d0 361 2
4 361 0
@d1 362 2
4 362 0
@d2 363 2
4 363 0
@d3 364 2
4 364 0
@ord_info 365 0
4 365 NULL
@attach_ptr 366 0
3 366 NULL
@dim_text_ptr 367 0
3 367 ->
@symbol 368 10
4 368 d0
@parent_dim_id 369 1
3 369 -1
2 338 ->
3 339 8
3 340 5
3 341 9
3 342 289
3 343 ->
4 344 40208
4 345 40208
4 346 ->
5 347 9
5 348 3
5 349 999
5 350 [2]
$2*3F847AE147AE147B
4 351 40208
4 352 20
4 353 -1
4 354 ->
5 355 [2]
$2*3F847AE147AE147B
4 356 -1
4 357 3
4 358 2
4 359 0
3 360 ->
4 361 3FE8A7DE6D1D6085
4 362 40612E2890D3534E
4 363 3FE162E20B225FF9
4 364 4037BE300A631C5C
4 365 NULL
3 366 NULL
3 367 ->
4 368 d1
3 369 -1
2 338 ->
3 339 8
3 340 5
3 341 9
3 342 289
3 343 ->
4 344 40308
4 345 40308
4 346 ->
5 347 9
5 348 3
5 349 999
5 350 [2]
$2*3F847AE147AE147B
4 351 40308
4 352 20
4 353 -1
4 354 ->
5 355 [2]
$2*3F847AE147AE147B
4 356 -1
4 357 3
4 358 2
4 359 0
3 360 ->
4 361 3FDBBA744F235F51
4 362 406440E9D655DE51
4 363 3FE222C5D86E5056
4 364 4037BE300A631C5C
4 365 NULL
3 366 NULL
3 367 ->
4 368 d2
3 369 -1
2 338 ->
3 339 8
3 340 5
3 341 9
3 342 289
3 343 ->
4 344 40148
4 345 40148
4 346 ->
5 347 9
5 348 3
5 349 999
5 350 [2]
$2*3F847AE147AE147B
4 351 40148
4 352 20
4 353 -1
4 354 ->
5 355 [2]
$2*3F847AE147AE147B
4 356 -1
4 357 3
4 358 2
4 359 0
3 360 ->
4 361 40437F937F26FE3F
4 362 3FE8074833FBEB4B
4 363 3FE00CF53D2BC528
4 364 4037BE300A631C5C
4 365 NULL
3 366 NULL
3 367 ->
4 368 d3
3 369 -1
2 338 ->
3 339 8
3 340 5
3 341 9
3 342 289
3 343 ->
4 344 40248
4 345 40248
4 346 ->
5 347 9
5 348 3
5 349 999
5 350 [2]
$2*3F847AE147AE147B
4 351 40248
4 352 20
4 353 -1
4 354 ->
5 355 [2]
$2*3F847AE147AE147B
4 356 -1
4 357 3
4 358 2
4 359 0
3 360 ->
4 361 40526901B20364
4 362 3FC6816DBFEB4716
4 363 3FEA434404E53976
4 364 4037BE300A631C5C
4 365 NULL
3 366 NULL
3 367 ->
4 368 d4
3 369 -1
2 338 ->
3 339 8
3 340 3
3 341 9
3 342 289
3 343 ->
4 344 3FF
4 345 3FF
4 346 ->
5 347 9
5 348 3
5 349 999
5 350 [2]
$2*3F847AE147AE147B
4 351 3FF
4 352 20
4 353 -1
4 354 ->
5 355 [2]
$2*3F847AE147AE147B
4 356 -1
4 357 3
4 358 2
4 359 0
3 360 ->
4 361 3FF
4 362 C05B1A3880668231
4 363 4017F6DF93C20B8C
4 364 4037BE300A631C5C
4 365 NULL
3 366 NULL
3 367 ->
4 368 d5
@line_array 370 0
4 370 [1]
5 370 
@text_array 371 0
6 371 [2]
7 371 
@text_type 372 1
8 372 54
@text_value 373 10
8 373 R
@txt_attrib 374 1
8 374 16777217
@owner_id 375 1
8 375 5
@part_id 376 1
8 376 6
@height 377 2
8 377 BFF
@width_factor 378 2
8 378 BFF
@format_info 379 0
8 379 
@thickness 380 2
8 380 BFF
7 371 
8 372 61
8 373 
8 374 16777217
8 375 5
8 376 6
8 377 BFF
8 378 BFF
8 379 
8 380 BFF
3 369 -1
2 338 ->
3 339 8
3 340 3
3 341 9
3 342 289
3 343 ->
4 344 3FF
4 345 3FF
4 346 ->
5 347 9
5 348 3
5 349 999
5 350 [2]
$2*3F847AE147AE147B
4 351 3FF
4 352 20
4 353 -1
4 354 ->
5 355 [2]
$2*3F847AE147AE147B
4 356 -1
4 357 3
4 358 2
4 359 0
3 360 ->
4 361 3FF
4 362 C05BCF07CC17CA03
4 363 3FAD1AEB4ABFF4
4 364 4037BE300A631C5C
4 365 NULL
3 366 NULL
3 367 ->
4 368 d6
4 370 [1]
5 370 
6 371 [2]
7 371 
8 372 54
8 373 R
8 374 16777217
8 375 6
8 376 6
8 377 BFF
8 378 BFF
8 379 
8 380 BFF
7 371 
8 372 61
8 373 
8 374 16777217
8 375 6
8 376 6
8 377 BFF
8 378 BFF
8 379 
8 380 BFF
3 369 -1
2 338 ->
3 339 8
3 340 3
3 341 9
3 342 289
3 343 ->
4 344 3FF
4 345 3FF
4 346 ->
5 347 9
5 348 3
5 349 999
5 350 [2]
$2*3F847AE147AE147B
4 351 3FF
4 352 20
4 353 -1
4 354 ->
5 355 [2]
$2*3F847AE147AE147B
4 356 -1
4 357 3
4 358 2
4 359 0
3 360 ->
4 361 3FF
4 362 C0587C7E9FED0863
4 363 3FC65124E869B2
4 364 4037BE300A631C5C
4 365 NULL
3 366 NULL
3 367 ->
4 368 d7
4 370 [1]
5 370 
6 371 [2]
7 371 
8 372 54
8 373 R
8 374 16777217
8 375 7
8 376 6
8 377 BFF
8 378 BFF
8 379 
8 380 BFF
7 371 
8 372 61
8 373 
8 374 16777217
8 375 7
8 376 6
8 377 BFF
8 378 BFF
8 379 
8 380 BFF
3 369 -1
2 338 ->
3 339 8
3 340 3
3 341 9
3 342 289
3 343 ->
4 344 3FF
4 345 3FF
4 346 ->
5 347 9
5 348 3
5 349 999
5 350 [2]
$2*3F847AE147AE147B
4 351 3FF
4 352 20
4 353 -1
4 354 ->
5 355 [2]
$2*3F847AE147AE147B
4 356 -1
4 357 3
4 358 2
4 359 0
3 360 ->
4 361 3FF
4 362 C059C34FBB2C771A
4 363 3FDCDEFC8439B4C
4 364 4037BE300A631C5C
4 365 NULL
3 366 NULL
3 367 ->
4 368 d8
4 370 [1]
5 370 
6 371 [2]
7 371 
8 372 54
8 373 R
8 374 16777217
8 375 8
8 376 6
8 377 BFF
8 378 BFF
8 379 
8 380 BFF
7 371 
8 372 61
8 373 
8 374 16777217
8 375 8
8 376 6
8 377 BFF
8 378 BFF
8 379 
8 380 BFF
3 369 -1
2 338 ->
3 339 8
3 340 62
3 341 46
3 342 385
3 343 ->
4 344 3FF4
4 345 3FF4
4 346 ->
5 347 9
5 348 3
5 349 999
5 350 [2]
$2*3F847AE147AE147B
4 351 3FF4
4 352 20
4 353 -1
4 354 ->
5 355 [2]
$2*3F847AE147AE147B
4 356 -1
4 357 2
4 358 2
4 359 0
3 360 ->
4 361 0
4 362 0
4 363 0
4 364 0
4 365 NULL
3 366 NULL
3 367 ->
4 368 d9
3 369 -1
2 338 ->
3 339 8
3 340 42
3 341 46
3 342 32
3 343 ->
4 344 0
4 345 0
4 346 ->
5 347 9
5 348 3
5 349 999
5 350 [2]
$2*3F847AE147AE147B
4 351 0
4 352 20
4 353 -1
4 354 ->
5 355 [2]
$2*3F847AE147AE147B
4 356 -1
4 357 3
4 358 2
4 359 0
3 360 ->
4 361 0
4 362 0
4 363 0
4 364 0
4 365 NULL
3 366 NULL
3 367 ->
4 368 d10
3 369 -1
2 338 ->
3 339 8
3 340 42
3 341 46
3 342 32
3 343 ->
4 344 0
4 345 0
4 346 ->
5 347 9
5 348 3
5 349 999
5 350 [2]
$2*3F847AE147AE147B
4 351 0
4 352 20
4 353 -1
4 354 ->
5 355 [2]
$2*3F847AE147AE147B
4 356 -1
4 357 3
4 358 2
4 359 0
3 360 ->
4 361 0
4 362 0
4 363 0
4 364 0
4 365 NULL
3 366 NULL
3 367 ->
4 368 d11
3 369 -1
2 338 ->
3 339 8
3 340 3
3 341 46
3 342 289
3 343 ->
4 344 4008
4 345 4008
4 346 ->
5 347 9
5 348 3
5 349 999
5 350 [2]
$2*3F847AE147AE147B
4 351 4008
4 352 20
4 353 -1
4 354 ->
5 355 [2]
$2*3F847AE147AE147B
4 356 -1
4 357 3
4 358 2
4 359 0
3 360 ->
4 361 4008
4 362 4052F887A89C95C1
4 363 BFBCC3F6959BAAD8
4 364 4037BE300A631C5C
4 365 NULL
3 366 NULL
3 367 ->
4 368 d12
4 370 [1]
5 370 
6 371 [2]
7 371 
8 372 54
8 373 R
8 374 16777217
8 375 12
8 376 6
8 377 BFF
8 378 BFF
8 379 
8 380 BFF
7 371 
8 372 61
8 373 
8 374 16777217
8 375 12
8 376 6
8 377 BFF
8 378 BFF
8 379 
8 380 BFF
3 369 -1
2 338 ->
3 339 8
3 340 62
3 341 65
3 342 385
3 343 ->
4 344 3FF3D70A3D70A3D7
4 345 3FF3D70A3D70A3D7
4 346 ->
5 347 9
5 348 3
5 349 999
5 350 [2]
$2*3F847AE147AE147B
4 351 3FF3D70A3D70A3D7
4 352 20
4 353 -1
4 354 ->
5 355 [2]
$2*3F847AE147AE147B
4 356 -1
4 357 2
4 358 2
4 359 0
3 360 ->
4 361 0
4 362 0
4 363 0
4 364 0
4 365 NULL
3 366 NULL
3 367 ->
4 368 d13
3 369 -1
2 338 ->
3 339 8
3 340 42
3 341 65
3 342 32
3 343 ->
4 344 0
4 345 0
4 346 ->
5 347 9
5 348 3
5 349 999
5 350 [2]
$2*3F847AE147AE147B
4 351 0
4 352 20
4 353 -1
4 354 ->
5 355 [2]
$2*3F847AE147AE147B
4 356 -1
4 357 3
4 358 2
4 359 0
3 360 ->
4 361 0
4 362 0
4 363 0
4 364 0
4 365 NULL
3 366 NULL
3 367 ->
4 368 d14
3 369 -1
2 338 ->
3 339 8
3 340 42
3 341 65
3 342 32
3 343 ->
4 344 0
4 345 0
4 346 ->
5 347 9
5 348 3
5 349 999
5 350 [2]
$2*3F847AE147AE147B
4 351 0
4 352 20
4 353 -1
4 354 ->
5 355 [2]
$2*3F847AE147AE147B
4 356 -1
4 357 3
4 358 2
4 359 0
3 360 ->
4 361 0
4 362 0
4 363 0
4 364 0
4 365 NULL
3 366 NULL
3 367 ->
4 368 d15
3 369 -1
2 338 ->
3 339 8
3 340 3
3 341 65
3 342 289
3 343 ->
4 344 401
4 345 401
4 346 ->
5 347 9
5 348 3
5 349 999
5 350 [2]
$2*3F847AE147AE147B
4 351 401
4 352 20
4 353 -1
4 354 ->
5 355 [2]
$2*3F847AE147AE147B
4 356 -1
4 357 3
4 358 2
4 359 0
3 360 ->
4 361 401
4 362 405B6780F1E951C1
4 363 BFD10A4608E62848
4 364 4037BE300A631C5C
4 365 NULL
3 366 NULL
3 367 ->
4 368 d16
4 370 [1]
5 370 
6 371 [2]
7 371 
8 372 54
8 373 R
8 374 16777217
8 375 16
8 376 6
8 377 BFF
8 378 BFF
8 379 
8 380 BFF
7 371 
8 372 61
8 373 
8 374 16777217
8 375 16
8 376 6
8 377 BFF
8 378 BFF
8 379 
8 380 BFF
3 369 -1
2 338 ->
3 339 8
3 340 4
3 341 84
3 342 257
3 343 ->
4 344 3FD851EB851EB852
4 345 3FD851EB851EB852
4 346 ->
5 347 9
5 348 3
5 349 999
5 350 [2]
$2*3F847AE147AE147B
4 351 3FD851EB851EB852
4 352 20
4 353 -1
4 354 ->
5 355 [2]
$2*3F847AE147AE147B
4 356 -1
4 357 2
4 358 2
4 359 0
3 360 ->
4 361 0
4 362 0
4 363 0
4 364 0
4 365 NULL
3 366 NULL
3 367 ->
4 368 d17
4 370 [1]
5 370 
6 371 [2]
7 371 
8 372 54
8 373 n
8 374 16777217
8 375 17
8 376 6
8 377 BFF
8 378 BFF
8 379 
8 380 BFF
7 371 
8 372 61
8 373 
8 374 16777217
8 375 17
8 376 6
8 377 BFF
8 378 BFF
8 379 
8 380 BFF
3 369 -1
2 338 ->
3 339 8
3 340 201
3 341 84
3 342 257
3 343 ->
4 344 0
4 345 0
4 346 ->
5 347 9
5 348 3
5 349 999
5 350 [2]
$2*3F847AE147AE147B
4 351 0
4 352 20
4 353 -1
4 354 ->
5 355 [2]
$2*3F847AE147AE147B
4 356 -1
4 357 2
4 358 2
4 359 0
3 360 ->
4 361 0
4 362 0
4 363 0
4 364 0
4 365 NULL
3 366 NULL
3 367 ->
4 368 d18
3 369 -1
2 338 ->
3 339 8
3 340 201
3 341 84
3 342 257
3 343 ->
4 344 400C
4 345 400C
4 346 ->
5 347 9
5 348 3
5 349 999
5 350 [2]
$2*3F847AE147AE147B
4 351 400C
4 352 20
4 353 -1
4 354 ->
5 355 [2]
$2*3F847AE147AE147B
4 356 -1
4 357 2
4 358 2
4 359 0
3 360 ->
4 361 0
4 362 0
4 363 0
4 364 0
4 365 NULL
3 366 NULL
3 367 ->
4 368 d19
3 369 -1
@ipar_num 381 1
1 381 0
@relpar_sets 382 0
1 382 [1]
2 382 
@id 383 1
3 383 -1
@type 384 1
3 384 2
@ext_ref_id 385 1
3 385 -1
@relatnum 386 1
3 386 0
@unit_arr 387 0
1 387 [2]
2 387 
@type 388 1
3 388 1
@factor 389 2
3 389 3FF
@name 390 10
3 390 INCH
@unit_type 391 1
3 391 0
2 387 
3 388 2
3 389 3FF
3 390 POUND
3 391 1
@geom_lib_ptr 392 0
1 392 NULL
@first_quilt_ptr 393 1
1 393 0
@attrib_array 394 1
1 394 [3]
$2*0,4
@smt_info_ptr 395 0
1 395 NULL
@cable_info_ptr 396 0
1 396 NULL
@comp_info_ptr 397 0
1 397 NULL
@max_part_size 398 2
1 398 40363366DC3F8297
@prt_misc_ptr 399 0
1 399 ->
@shrink_data_ptr 400 0
2 400 NULL
@expld_mv_info 401 0
1 401 NULL
@state_info_ptr 402 0
1 402 NULL
@alumni_feats 403 0
1 403 NULL
@model_name 404 10
1 404 PUMP120
@p_mdl_grid 405 0
1 405 NULL
@mdl_status_ptr 406 0
1 406 NULL
@cfg_states 407 0
1 407 NULL
@disp_outl_info 408 0
1 408 
@disp_outline 409 2
2 409 [2][3]
$C020B8D58233D5C9,C014F1AB0467AB92,C010F6C9BCB99717
$4020B8D58233D5C9,4014F1AB0467AB92,401AEC8C4C15C00D
@ribbon_info_ptr 410 0
1 410 NULL
@p_xref_data 411 0
1 411 ->
@View 412 0
0 412 ->
@id 413 1
1 413 0
@viewattr 414 0
1 414 
@attr_arr 415 1
2 415 [4]
$1,3*0
@mpoint 416 0
1 416 
@id 417 1
2 417 0
@coord 418 2
2 418 [3]
$2*0,3FF3EB851EB851EC
@first_instr_ptr 419 0
2 419 NULL
@attach_ptr 420 0
2 420 NULL
@vpoint 421 0
1 421 
2 417 0
2 418 [3]
$407F4,407A5E,0
2 419 NULL
2 420 NULL
@orient 422 2
1 422 [4][4]
$3FED7954E7DBA2F8,0,3FD8EC3AE92B676B,0
$BFD385CE5246572,3FE3E43A9692E21C,3FE7167619F550A2,0
$BFCEFC077F3F36A6,BFE91103985DA841,3FE25240DD3851BF,0
$3*0,3FF
@local_sys 423 2
1 423 [4][4]
$404155F0E1056F61,0,402D515348A923BA,0
$C026F71F903AA6AE,4037663263662701,403B28B794BAA82D,0
$C022396291E4DEA,C03D7C9883AAA097,40358D562E6B08D9,0
$407FF5833C27FC06,407CA960070B98D1,C03AD515892689BD,3FF
@first_instr_ptr 424 0
1 424 ->
@type 425 1
2 425 100
@geom_id 426 1
2 426 -1
@view_id 427 1
2 427 -1
@memb_num 428 1
2 428 0
@offset 429 2
2 429 0
@matrix 430 0
2 430 NULL
@next_instr_ptr 431 0
1 431 ->
2 425 301
2 426 -1
2 427 -1
2 428 0
2 429 4042D24AC8AB2A8
2 430 NULL
1 431 NULL
@outer_xsec_index 432 1
1 432 -1
@next_view_id 433 1
1 433 -2
@simp_rep_id 434 1
1 434 -1
@name 435 10
1 435 no name
@matrix 436 2
1 436 [4][4]
$3FF,3*0
$0,3FF,2*0
$2*0,3FF,0
$3*0,3FF
@fit_outline 437 2
1 437 [2][3]
$4059,405518,C077F009CB38A82D
$408C2,4087BB,4077F009CB38A82C
@det_info_ptr 438 0
1 438 NULL
@named_view_pzmatr 439 0
1 439 NULL
@page_id 440 1
1 440 0
@model_name 441 10
1 441 NULL
@unrep_model_name 442 10
1 442 NULL
@assem_merge_parts 443 0
0 443 ->
#END_OF_UGC
