
STEP Caselib version 4.1
Copyright (c) ProSTEP GmbH, Darmstadt, Germany 1992/98

STEP File Scanner

   Processing STEP file        : ././NC_HOLES/NC_HOLES.stp
   Creating SDAI-model in CDA identified by
      firstly  SDAI-model name : my_model
      secondly repository name : my_rep

Module= SCP, Function= SC_scn
Error code= 0206, error
Line >9<: Unknown format sequence >\w<.

Module= SCP, Function= SC_scn
Error code= 0206, error
Line >9<: Unknown format sequence >\d<.

Module= SCP, Function= SC_scn
Error code= 0206, error
Line >9<: Unknown format sequence >\r<.

Module= SCP, Function= SC_scn
Error code= 0206, error
Line >9<: Unknown format sequence >y\SD<.

Module= SCP, Function= SC_scn
Error code= 0206, error
Line >9<: Unknown format sequence >\NC<.

Module= SCP, Function= SC_scn
Error code= 0206, error
Line >9<: Unknown format sequence >\NC<.

Module= CDA, Function= CD_022()
Error code= 2259, error
Parameter /schema_name/ >AUTOMOTIVE_DESIGN {1 2 10303 214 -1 1 5 3}< incorrect or schema not available!

Module= CDA, Function= CD_022()
Error code= 2108, error
STEP file schema name not available, configuration schema >config_control_design< used!

Module= CDA, Function= CD_202()
Error code= 2260, warning
The short name handling was not initialised for the current schema!

Module= CDA, Function= CD_211
Error code= 3012, warning
Entity has no supertypes.

Module= CDA, Function= CD_211
Error code= 3003, warning
Specified attribute index is out of range.

Module= CDA, Function= CD_211
Error code= 3003, warning
Specified attribute index is out of range.

Module= CDA, Function= CD_211
Error code= 3003, warning
Specified attribute index is out of range.

Module= CDA, Function= CD_211
Error code= 3012, warning
Entity has no supertypes.

Module= CDA, Function= CD_211
Error code= 3003, warning
Specified attribute index is out of range.

Module= CDA, Function= CD_211
Error code= 3012, warning
Entity has no supertypes.

Module= CDA, Function= CD_211
Error code= 3003, warning
Specified attribute index is out of range.

Module= CDA, Function= CD_211
Error code= 3003, warning
Specified attribute index is out of range.

Module= CDA, Function= CD_211
Error code= 3003, warning
Specified attribute index is out of range.

Module= CDA, Function= CD_211
Error code= 3012, warning
Entity has no supertypes.

Module= CDA, Function= CD_211
Error code= 3003, warning
Specified attribute index is out of range.

Module= CDA, Function= CD_211
Error code= 3003, warning
Specified attribute index is out of range.

Module= CDA, Function= CD_211
Error code= 3003, warning
Specified attribute index is out of range.

Module= CDA, Function= CD_211
Error code= 3003, warning
Specified attribute index is out of range.

Module= CDA, Function= CD_211
Error code= 3012, warning
Entity has no supertypes.

Module= CDA, Function= CD_061()
Error code= 2225, error
The specified entity type >PRODUCT_TYPE< is not available within the used schema!

Module= SCP, Function= SC_prs
Error code= 0205, error
Line >34<: In entity instance >#33< invalid/unknown entity type >PRODUCT_TYPE<!

Module= CDA, Function= CD_131
Error code= 2214, warning
Requested value is empty.

Module= CDA, Function= CD_211
Error code= 3003, warning
Specified attribute index is out of range.

Module= CDA, Function= CD_211
Error code= 3003, warning
Specified attribute index is out of range.

Module= CDA, Function= CD_211
Error code= 3003, warning
Specified attribute index is out of range.

Module= CDA, Function= CD_211
Error code= 3003, warning
Specified attribute index is out of range.

Module= CDA, Function= CD_211
Error code= 3003, warning
Specified attribute index is out of range.

Module= CDA, Function= CD_211
Error code= 3003, warning
Specified attribute index is out of range.

Module= CDA, Function= CD_211
Error code= 3012, warning
Entity has no supertypes.

Module= CDA, Function= CD_211
Error code= 3003, warning
Specified attribute index is out of range.

Module= CDA, Function= CD_211
Error code= 3003, warning
Specified attribute index is out of range.

Module= CDA, Function= CD_211
Error code= 3003, warning
Specified attribute index is out of range.

Module= CDA, Function= CD_211
Error code= 3003, warning
Specified attribute index is out of range.

Module= CDA, Function= CD_211
Error code= 3003, warning
Specified attribute index is out of range.

Module= CDA, Function= CD_211
Error code= 3012, warning
Entity has no supertypes.

Module= CDA, Function= CD_211
Error code= 3003, warning
Specified attribute index is out of range.

Module= CDA, Function= CD_211
Error code= 3003, warning
Specified attribute index is out of range.

Module= CDA, Function= CD_211
Error code= 3003, warning
Specified attribute index is out of range.

Module= CDA, Function= CD_211
Error code= 3003, warning
Specified attribute index is out of range.

Module= CDA, Function= CD_211
Error code= 3003, warning
Specified attribute index is out of range.

Module= CDA, Function= CD_211
Error code= 3003, warning
Specified attribute index is out of range.

Module= CDA, Function= CD_211
Error code= 3003, warning
Specified attribute index is out of range.

Module= CDA, Function= CD_211
Error code= 3012, warning
Entity has no supertypes.

Module= CDA, Function= CD_211
Error code= 3003, warning
Specified attribute index is out of range.

Module= CDA, Function= CD_211
Error code= 3003, warning
Specified attribute index is out of range.

Module= CDA, Function= CD_211
Error code= 3003, warning
Specified attribute index is out of range.

Module= CDA, Function= CD_211
Error code= 3003, warning
Specified attribute index is out of range.

Module= CDA, Function= CD_211
Error code= 3003, warning
Specified attribute index is out of range.

Module= CDA, Function= CD_211
Error code= 3003, warning
Specified attribute index is out of range.

Module= CDA, Function= CD_211
Error code= 3012, warning
Entity has no supertypes.

Module= CDA, Function= CD_211
Error code= 3003, warning
Specified attribute index is out of range.

Module= CDA, Function= CD_211
Error code= 3003, warning
Specified attribute index is out of range.

Module= CDA, Function= CD_211
Error code= 3003, warning
Specified attribute index is out of range.

Module= CDA, Function= CD_211
Error code= 3003, warning
Specified attribute index is out of range.

Module= CDA, Function= CD_211
Error code= 3003, warning
Specified attribute index is out of range.

Module= CDA, Function= CD_211
Error code= 3012, warning
Entity has no supertypes.

Module= CDA, Function= CD_211
Error code= 3003, warning
Specified attribute index is out of range.

Module= CDA, Function= CD_211
Error code= 3003, warning
Specified attribute index is out of range.

Module= CDA, Function= CD_211
Error code= 3003, warning
Specified attribute index is out of range.

Module= CDA, Function= CD_211
Error code= 3003, warning
Specified attribute index is out of range.

Module= CDA, Function= CD_211
Error code= 3003, warning
Specified attribute index is out of range.

Module= CDA, Function= CD_211
Error code= 3003, warning
Specified attribute index is out of range.

Module= CDA, Function= CD_211
Error code= 3003, warning
Specified attribute index is out of range.

Module= CDA, Function= CD_211
Error code= 3012, warning
Entity has no supertypes.

Module= CDA, Function= CD_211
Error code= 3003, warning
Specified attribute index is out of range.

Module= CDA, Function= CD_211
Error code= 3003, warning
Specified attribute index is out of range.

Module= CDA, Function= CD_211
Error code= 3003, warning
Specified attribute index is out of range.

Module= CDA, Function= CD_211
Error code= 3003, warning
Specified attribute index is out of range.

Module= CDA, Function= CD_211
Error code= 3003, warning
Specified attribute index is out of range.

Module= CDA, Function= CD_211
Error code= 3012, warning
Entity has no supertypes.

Module= CDA, Function= CD_211
Error code= 3003, warning
Specified attribute index is out of range.

Module= CDA, Function= CD_211
Error code= 3003, warning
Specified attribute index is out of range.

Module= CDA, Function= CD_211
Error code= 3003, warning
Specified attribute index is out of range.

Module= CDA, Function= CD_211
Error code= 3003, warning
Specified attribute index is out of range.

Module= CDA, Function= CD_211
Error code= 3003, warning
Specified attribute index is out of range.

Module= CDA, Function= CD_211
Error code= 3003, warning
Specified attribute index is out of range.

Module= CDA, Function= CD_211
Error code= 3003, warning
Specified attribute index is out of range.

Module= CDA, Function= CD_211
Error code= 3012, warning
Entity has no supertypes.

Module= CDA, Function= CD_211
Error code= 3003, warning
Specified attribute index is out of range.

Module= CDA, Function= CD_211
Error code= 3003, warning
Specified attribute index is out of range.

Module= CDA, Function= CD_211
Error code= 3003, warning
Specified attribute index is out of range.

Module= CDA, Function= CD_211
Error code= 3003, warning
Specified attribute index is out of range.

Module= CDA, Function= CD_211
Error code= 3003, warning
Specified attribute index is out of range.

Module= CDA, Function= CD_211
Error code= 3003, warning
Specified attribute index is out of range.

Module= CDA, Function= CD_211
Error code= 3012, warning
Entity has no supertypes.

Module= CDA, Function= CD_211
Error code= 3003, warning
Specified attribute index is out of range.

Module= CDA, Function= CD_211
Error code= 3003, warning
Specified attribute index is out of range.

Module= CDA, Function= CD_211
Error code= 3003, warning
Specified attribute index is out of range.

Module= CDA, Function= CD_211
Error code= 3003, warning
Specified attribute index is out of range.

Module= CDA, Function= CD_211
Error code= 3003, warning
Specified attribute index is out of range.

Module= CDA, Function= CD_211
Error code= 3012, warning
Entity has no supertypes.

Module= CDA, Function= CD_211
Error code= 3003, warning
Specified attribute index is out of range.

Module= CDA, Function= CD_211
Error code= 3003, warning
Specified attribute index is out of range.

Module= CDA, Function= CD_211
Error code= 3003, warning
Specified attribute index is out of range.

Module= CDA, Function= CD_211
Error code= 3003, warning
Specified attribute index is out of range.

Module= CDA, Function= CD_211
Error code= 3003, warning
Specified attribute index is out of range.

Module= CDA, Function= CD_211
Error code= 3003, warning
Specified attribute index is out of range.

Module= CDA, Function= CD_211
Error code= 3003, warning
Specified attribute index is out of range.

Module= CDA, Function= CD_211
Error code= 3012, warning
Entity has no supertypes.

Module= CDA, Function= CD_211
Error code= 3003, warning
Specified attribute index is out of range.

Module= CDA, Function= CD_211
Error code= 3003, warning
Specified attribute index is out of range.

Module= CDA, Function= CD_211
Error code= 3003, warning
Specified attribute index is out of range.

Module= CDA, Function= CD_211
Error code= 3003, warning
Specified attribute index is out of range.

Module= CDA, Function= CD_211
Error code= 3003, warning
Specified attribute index is out of range.

Module= CDA, Function= CD_211
Error code= 3012, warning
Entity has no supertypes.

Module= CDA, Function= CD_211
Error code= 3003, warning
Specified attribute index is out of range.

Module= CDA, Function= CD_211
Error code= 3003, warning
Specified attribute index is out of range.

Module= CDA, Function= CD_211
Error code= 3003, warning
Specified attribute index is out of range.

Module= CDA, Function= CD_211
Error code= 3003, warning
Specified attribute index is out of range.

Module= CDA, Function= CD_211
Error code= 3003, warning
Specified attribute index is out of range.

Module= CDA, Function= CD_211
Error code= 3003, warning
Specified attribute index is out of range.

Module= CDA, Function= CD_211
Error code= 3003, warning
Specified attribute index is out of range.

Module= CDA, Function= CD_211
Error code= 3012, warning
Entity has no supertypes.

Module= CDA, Function= CD_211
Error code= 3003, warning
Specified attribute index is out of range.

Module= CDA, Function= CD_211
Error code= 3003, warning
Specified attribute index is out of range.

Module= CDA, Function= CD_211
Error code= 3003, warning
Specified attribute index is out of range.

Module= CDA, Function= CD_211
Error code= 3003, warning
Specified attribute index is out of range.

Module= CDA, Function= CD_211
Error code= 3003, warning
Specified attribute index is out of range.

Module= CDA, Function= CD_211
Error code= 3003, warning
Specified attribute index is out of range.

Module= CDA, Function= CD_211
Error code= 3012, warning
Entity has no supertypes.

Module= CDA, Function= CD_211
Error code= 3003, warning
Specified attribute index is out of range.

Module= CDA, Function= CD_211
Error code= 3003, warning
Specified attribute index is out of range.

Module= CDA, Function= CD_211
Error code= 3003, warning
Specified attribute index is out of range.

Module= CDA, Function= CD_211
Error code= 3003, warning
Specified attribute index is out of range.

Module= CDA, Function= CD_211
Error code= 3003, warning
Specified attribute index is out of range.

Module= CDA, Function= CD_211
Error code= 3012, warning
Entity has no supertypes.

Module= CDA, Function= CD_211
Error code= 3003, warning
Specified attribute index is out of range.

Module= CDA, Function= CD_211
Error code= 3003, warning
Specified attribute index is out of range.

Module= CDA, Function= CD_211
Error code= 3003, warning
Specified attribute index is out of range.

Module= CDA, Function= CD_211
Error code= 3003, warning
Specified attribute index is out of range.

Module= CDA, Function= CD_211
Error code= 3003, warning
Specified attribute index is out of range.

Module= CDA, Function= CD_211
Error code= 3003, warning
Specified attribute index is out of range.

Module= CDA, Function= CD_211
Error code= 3003, warning
Specified attribute index is out of range.

Module= CDA, Function= CD_211
Error code= 3012, warning
Entity has no supertypes.

Module= CDA, Function= CD_211
Error code= 3003, warning
Specified attribute index is out of range.

Module= CDA, Function= CD_211
Error code= 3003, warning
Specified attribute index is out of range.

Module= CDA, Function= CD_211
Error code= 3003, warning
Specified attribute index is out of range.

Module= CDA, Function= CD_211
Error code= 3003, warning
Specified attribute index is out of range.

Module= CDA, Function= CD_211
Error code= 3003, warning
Specified attribute index is out of range.

Module= CDA, Function= CD_211
Error code= 3012, warning
Entity has no supertypes.

Module= CDA, Function= CD_211
Error code= 3003, warning
Specified attribute index is out of range.

Module= CDA, Function= CD_211
Error code= 3003, warning
Specified attribute index is out of range.

Module= CDA, Function= CD_211
Error code= 3003, warning
Specified attribute index is out of range.

Module= CDA, Function= CD_211
Error code= 3003, warning
Specified attribute index is out of range.

Module= CDA, Function= CD_211
Error code= 3003, warning
Specified attribute index is out of range.

Module= CDA, Function= CD_211
Error code= 3003, warning
Specified attribute index is out of range.

Module= CDA, Function= CD_211
Error code= 3003, warning
Specified attribute index is out of range.

Module= CDA, Function= CD_211
Error code= 3012, warning
Entity has no supertypes.

Module= CDA, Function= CD_211
Error code= 3003, warning
Specified attribute index is out of range.

Module= CDA, Function= CD_211
Error code= 3003, warning
Specified attribute index is out of range.

Module= CDA, Function= CD_211
Error code= 3003, warning
Specified attribute index is out of range.

Module= CDA, Function= CD_211
Error code= 3003, warning
Specified attribute index is out of range.

Module= CDA, Function= CD_211
Error code= 3003, warning
Specified attribute index is out of range.

Module= CDA, Function= CD_211
Error code= 3012, warning
Entity has no supertypes.

Module= CDA, Function= CD_211
Error code= 3003, warning
Specified attribute index is out of range.

Module= CDA, Function= CD_211
Error code= 3003, warning
Specified attribute index is out of range.

Module= CDA, Function= CD_211
Error code= 3003, warning
Specified attribute index is out of range.

Module= CDA, Function= CD_211
Error code= 3003, warning
Specified attribute index is out of range.

Module= CDA, Function= CD_211
Error code= 3003, warning
Specified attribute index is out of range.

Module= CDA, Function= CD_211
Error code= 3003, warning
Specified attribute index is out of range.

Module= CDA, Function= CD_211
Error code= 3003, warning
Specified attribute index is out of range.

Module= CDA, Function= CD_211
Error code= 3012, warning
Entity has no supertypes.

Module= CDA, Function= CD_211
Error code= 3003, warning
Specified attribute index is out of range.

Module= CDA, Function= CD_211
Error code= 3003, warning
Specified attribute index is out of range.

Module= CDA, Function= CD_211
Error code= 3003, warning
Specified attribute index is out of range.

Module= CDA, Function= CD_211
Error code= 3003, warning
Specified attribute index is out of range.

Module= CDA, Function= CD_211
Error code= 3003, warning
Specified attribute index is out of range.

Module= CDA, Function= CD_211
Error code= 3012, warning
Entity has no supertypes.

Module= CDA, Function= CD_211
Error code= 3003, warning
Specified attribute index is out of range.

Module= CDA, Function= CD_211
Error code= 3003, warning
Specified attribute index is out of range.

Module= CDA, Function= CD_211
Error code= 3003, warning
Specified attribute index is out of range.

Module= CDA, Function= CD_211
Error code= 3003, warning
Specified attribute index is out of range.

Module= CDA, Function= CD_211
Error code= 3003, warning
Specified attribute index is out of range.

Module= CDA, Function= CD_211
Error code= 3003, warning
Specified attribute index is out of range.

Module= CDA, Function= CD_211
Error code= 3003, warning
Specified attribute index is out of range.

Module= CDA, Function= CD_211
Error code= 3012, warning
Entity has no supertypes.

Module= CDA, Function= CD_211
Error code= 3003, warning
Specified attribute index is out of range.

Module= CDA, Function= CD_211
Error code= 3003, warning
Specified attribute index is out of range.

Module= CDA, Function= CD_211
Error code= 3003, warning
Specified attribute index is out of range.

Module= CDA, Function= CD_211
Error code= 3003, warning
Specified attribute index is out of range.

Module= CDA, Function= CD_211
Error code= 3003, warning
Specified attribute index is out of range.

Module= CDA, Function= CD_211
Error code= 3012, warning
Entity has no supertypes.

Module= CDA, Function= CD_211
Error code= 3003, warning
Specified attribute index is out of range.

Module= CDA, Function= CD_211
Error code= 3003, warning
Specified attribute index is out of range.

Module= CDA, Function= CD_211
Error code= 3003, warning
Specified attribute index is out of range.

Module= CDA, Function= CD_211
Error code= 3003, warning
Specified attribute index is out of range.

Module= CDA, Function= CD_211
Error code= 3003, warning
Specified attribute index is out of range.

Module= CDA, Function= CD_211
Error code= 3003, warning
Specified attribute index is out of range.

Module= CDA, Function= CD_211
Error code= 3003, warning
Specified attribute index is out of range.

Module= CDA, Function= CD_211
Error code= 3012, warning
Entity has no supertypes.

Module= CDA, Function= CD_211
Error code= 3003, warning
Specified attribute index is out of range.

Module= CDA, Function= CD_211
Error code= 3003, warning
Specified attribute index is out of range.

Module= CDA, Function= CD_211
Error code= 3003, warning
Specified attribute index is out of range.

Module= CDA, Function= CD_211
Error code= 3003, warning
Specified attribute index is out of range.

Module= CDA, Function= CD_211
Error code= 3003, warning
Specified attribute index is out of range.

Module= CDA, Function= CD_211
Error code= 3012, warning
Entity has no supertypes.

Module= CDA, Function= CD_211
Error code= 3003, warning
Specified attribute index is out of range.

Module= CDA, Function= CD_211
Error code= 3003, warning
Specified attribute index is out of range.

Module= CDA, Function= CD_211
Error code= 3003, warning
Specified attribute index is out of range.

Module= CDA, Function= CD_211
Error code= 3003, warning
Specified attribute index is out of range.

Module= CDA, Function= CD_211
Error code= 3003, warning
Specified attribute index is out of range.

Module= CDA, Function= CD_211
Error code= 3003, warning
Specified attribute index is out of range.

Module= CDA, Function= CD_211
Error code= 3003, warning
Specified attribute index is out of range.

Module= CDA, Function= CD_211
Error code= 3012, warning
Entity has no supertypes.

Module= CDA, Function= CD_211
Error code= 3003, warning
Specified attribute index is out of range.

Module= CDA, Function= CD_211
Error code= 3003, warning
Specified attribute index is out of range.

Module= CDA, Function= CD_211
Error code= 3003, warning
Specified attribute index is out of range.

Module= CDA, Function= CD_211
Error code= 3003, warning
Specified attribute index is out of range.

Module= CDA, Function= CD_211
Error code= 3003, warning
Specified attribute index is out of range.

Module= CDA, Function= CD_211
Error code= 3012, warning
Entity has no supertypes.

Module= CDA, Function= CD_211
Error code= 3003, warning
Specified attribute index is out of range.

Module= CDA, Function= CD_211
Error code= 3003, warning
Specified attribute index is out of range.

Module= CDA, Function= CD_211
Error code= 3003, warning
Specified attribute index is out of range.

Module= CDA, Function= CD_211
Error code= 3003, warning
Specified attribute index is out of range.

Module= CDA, Function= CD_211
Error code= 3003, warning
Specified attribute index is out of range.

Module= CDA, Function= CD_211
Error code= 3003, warning
Specified attribute index is out of range.

Module= CDA, Function= CD_211
Error code= 3003, warning
Specified attribute index is out of range.

Module= CDA, Function= CD_211
Error code= 3012, warning
Entity has no supertypes.

Module= CDA, Function= CD_211
Error code= 3003, warning
Specified attribute index is out of range.

Module= CDA, Function= CD_211
Error code= 3003, warning
Specified attribute index is out of range.

Module= CDA, Function= CD_211
Error code= 3003, warning
Specified attribute index is out of range.

Module= CDA, Function= CD_211
Error code= 3003, warning
Specified attribute index is out of range.

Module= CDA, Function= CD_211
Error code= 3003, warning
Specified attribute index is out of range.

Module= CDA, Function= CD_211
Error code= 3012, warning
Entity has no supertypes.

Module= CDA, Function= CD_211
Error code= 3003, warning
Specified attribute index is out of range.

Module= CDA, Function= CD_211
Error code= 3003, warning
Specified attribute index is out of range.

Module= CDA, Function= CD_211
Error code= 3003, warning
Specified attribute index is out of range.

Module= CDA, Function= CD_211
Error code= 3003, warning
Specified attribute index is out of range.

Module= CDA, Function= CD_211
Error code= 3003, warning
Specified attribute index is out of range.

Module= CDA, Function= CD_211
Error code= 3003, warning
Specified attribute index is out of range.

Module= CDA, Function= CD_211
Error code= 3003, warning
Specified attribute index is out of range.

Module= CDA, Function= CD_211
Error code= 3012, warning
Entity has no supertypes.

Module= CDA, Function= CD_211
Error code= 3003, warning
Specified attribute index is out of range.

Module= CDA, Function= CD_211
Error code= 3003, warning
Specified attribute index is out of range.

Module= CDA, Function= CD_211
Error code= 3003, warning
Specified attribute index is out of range.

Module= CDA, Function= CD_211
Error code= 3003, warning
Specified attribute index is out of range.

Module= CDA, Function= CD_211
Error code= 3003, warning
Specified attribute index is out of range.

Module= CDA, Function= CD_211
Error code= 3012, warning
Entity has no supertypes.

Module= CDA, Function= CD_211
Error code= 3003, warning
Specified attribute index is out of range.

Module= CDA, Function= CD_211
Error code= 3003, warning
Specified attribute index is out of range.

Module= CDA, Function= CD_211
Error code= 3003, warning
Specified attribute index is out of range.

Module= CDA, Function= CD_211
Error code= 3003, warning
Specified attribute index is out of range.

Module= CDA, Function= CD_211
Error code= 3003, warning
Specified attribute index is out of range.

Module= CDA, Function= CD_211
Error code= 3003, warning
Specified attribute index is out of range.

Module= CDA, Function= CD_211
Error code= 3003, warning
Specified attribute index is out of range.

Module= CDA, Function= CD_211
Error code= 3012, warning
Entity has no supertypes.

Module= CDA, Function= CD_211
Error code= 3003, warning
Specified attribute index is out of range.

Module= CDA, Function= CD_211
Error code= 3003, warning
Specified attribute index is out of range.

Module= CDA, Function= CD_211
Error code= 3003, warning
Specified attribute index is out of range.

Module= CDA, Function= CD_211
Error code= 3003, warning
Specified attribute index is out of range.

Module= CDA, Function= CD_211
Error code= 3003, warning
Specified attribute index is out of range.

Module= CDA, Function= CD_211
Error code= 3012, warning
Entity has no supertypes.

Module= CDA, Function= CD_211
Error code= 3003, warning
Specified attribute index is out of range.

Module= CDA, Function= CD_211
Error code= 3003, warning
Specified attribute index is out of range.

Module= CDA, Function= CD_211
Error code= 3003, warning
Specified attribute index is out of range.

Module= CDA, Function= CD_211
Error code= 3003, warning
Specified attribute index is out of range.

Module= CDA, Function= CD_211
Error code= 3003, warning
Specified attribute index is out of range.

Module= CDA, Function= CD_211
Error code= 3003, warning
Specified attribute index is out of range.

Module= CDA, Function= CD_211
Error code= 3003, warning
Specified attribute index is out of range.

Module= CDA, Function= CD_211
Error code= 3012, warning
Entity has no supertypes.

Module= CDA, Function= CD_211
Error code= 3003, warning
Specified attribute index is out of range.

Module= CDA, Function= CD_211
Error code= 3003, warning
Specified attribute index is out of range.

Module= CDA, Function= CD_211
Error code= 3003, warning
Specified attribute index is out of range.

Module= CDA, Function= CD_211
Error code= 3003, warning
Specified attribute index is out of range.

Module= CDA, Function= CD_211
Error code= 3003, warning
Specified attribute index is out of range.

Module= CDA, Function= CD_211
Error code= 3012, warning
Entity has no supertypes.

Module= CDA, Function= CD_211
Error code= 3003, warning
Specified attribute index is out of range.

Module= CDA, Function= CD_211
Error code= 3003, warning
Specified attribute index is out of range.

Module= CDA, Function= CD_211
Error code= 3003, warning
Specified attribute index is out of range.

Module= CDA, Function= CD_211
Error code= 3003, warning
Specified attribute index is out of range.

Module= CDA, Function= CD_211
Error code= 3003, warning
Specified attribute index is out of range.

Module= CDA, Function= CD_211
Error code= 3003, warning
Specified attribute index is out of range.

Module= CDA, Function= CD_211
Error code= 3003, warning
Specified attribute index is out of range.

Module= CDA, Function= CD_211
Error code= 3012, warning
Entity has no supertypes.

Module= CDA, Function= CD_211
Error code= 3003, warning
Specified attribute index is out of range.

Module= CDA, Function= CD_211
Error code= 3003, warning
Specified attribute index is out of range.

Module= CDA, Function= CD_211
Error code= 3003, warning
Specified attribute index is out of range.

Module= CDA, Function= CD_211
Error code= 3003, warning
Specified attribute index is out of range.

Module= CDA, Function= CD_211
Error code= 3003, warning
Specified attribute index is out of range.

Module= CDA, Function= CD_211
Error code= 3012, warning
Entity has no supertypes.

Module= CDA, Function= CD_211
Error code= 3003, warning
Specified attribute index is out of range.

Module= CDA, Function= CD_211
Error code= 3003, warning
Specified attribute index is out of range.

Module= CDA, Function= CD_211
Error code= 3003, warning
Specified attribute index is out of range.

Module= CDA, Function= CD_211
Error code= 3003, warning
Specified attribute index is out of range.

Module= CDA, Function= CD_211
Error code= 3003, warning
Specified attribute index is out of range.

Module= CDA, Function= CD_211
Error code= 3003, warning
Specified attribute index is out of range.

Module= CDA, Function= CD_211
Error code= 3003, warning
Specified attribute index is out of range.

Module= CDA, Function= CD_211
Error code= 3012, warning
Entity has no supertypes.

Module= CDA, Function= CD_211
Error code= 3003, warning
Specified attribute index is out of range.

Module= CDA, Function= CD_211
Error code= 3003, warning
Specified attribute index is out of range.

Module= CDA, Function= CD_211
Error code= 3003, warning
Specified attribute index is out of range.

Module= CDA, Function= CD_211
Error code= 3003, warning
Specified attribute index is out of range.

Module= CDA, Function= CD_211
Error code= 3003, warning
Specified attribute index is out of range.

Module= CDA, Function= CD_211
Error code= 3012, warning
Entity has no supertypes.

Module= CDA, Function= CD_211
Error code= 3003, warning
Specified attribute index is out of range.

Module= CDA, Function= CD_211
Error code= 3003, warning
Specified attribute index is out of range.

Module= CDA, Function= CD_211
Error code= 3003, warning
Specified attribute index is out of range.

Module= CDA, Function= CD_211
Error code= 3003, warning
Specified attribute index is out of range.

Module= CDA, Function= CD_211
Error code= 3003, warning
Specified attribute index is out of range.

Module= CDA, Function= CD_211
Error code= 3003, warning
Specified attribute index is out of range.

Module= CDA, Function= CD_211
Error code= 3003, warning
Specified attribute index is out of range.

Module= CDA, Function= CD_211
Error code= 3012, warning
Entity has no supertypes.

Module= CDA, Function= CD_211
Error code= 3003, warning
Specified attribute index is out of range.

Module= CDA, Function= CD_211
Error code= 3003, warning
Specified attribute index is out of range.

Module= CDA, Function= CD_211
Error code= 3003, warning
Specified attribute index is out of range.

Module= CDA, Function= CD_211
Error code= 3003, warning
Specified attribute index is out of range.

Module= CDA, Function= CD_211
Error code= 3003, warning
Specified attribute index is out of range.

Module= CDA, Function= CD_211
Error code= 3012, warning
Entity has no supertypes.

Module= CDA, Function= CD_211
Error code= 3003, warning
Specified attribute index is out of range.

Module= CDA, Function= CD_211
Error code= 3003, warning
Specified attribute index is out of range.

Module= CDA, Function= CD_211
Error code= 3003, warning
Specified attribute index is out of range.

Module= CDA, Function= CD_211
Error code= 3003, warning
Specified attribute index is out of range.

Module= CDA, Function= CD_211
Error code= 3003, warning
Specified attribute index is out of range.

Module= CDA, Function= CD_211
Error code= 3003, warning
Specified attribute index is out of range.

Module= CDA, Function= CD_211
Error code= 3003, warning
Specified attribute index is out of range.

Module= CDA, Function= CD_211
Error code= 3012, warning
Entity has no supertypes.

Module= CDA, Function= CD_211
Error code= 3003, warning
Specified attribute index is out of range.

Module= CDA, Function= CD_211
Error code= 3003, warning
Specified attribute index is out of range.

Module= CDA, Function= CD_211
Error code= 3003, warning
Specified attribute index is out of range.

Module= CDA, Function= CD_211
Error code= 3003, warning
Specified attribute index is out of range.

Module= CDA, Function= CD_211
Error code= 3003, warning
Specified attribute index is out of range.

Module= CDA, Function= CD_211
Error code= 3012, warning
Entity has no supertypes.

Module= CDA, Function= CD_211
Error code= 3003, warning
Specified attribute index is out of range.

Module= CDA, Function= CD_211
Error code= 3003, warning
Specified attribute index is out of range.

Module= CDA, Function= CD_211
Error code= 3003, warning
Specified attribute index is out of range.

Module= CDA, Function= CD_211
Error code= 3003, warning
Specified attribute index is out of range.

Module= CDA, Function= CD_211
Error code= 3003, warning
Specified attribute index is out of range.

Module= CDA, Function= CD_211
Error code= 3003, warning
Specified attribute index is out of range.

Module= CDA, Function= CD_211
Error code= 3003, warning
Specified attribute index is out of range.

Module= CDA, Function= CD_211
Error code= 3012, warning
Entity has no supertypes.

Module= CDA, Function= CD_211
Error code= 3003, warning
Specified attribute index is out of range.

Module= CDA, Function= CD_211
Error code= 3003, warning
Specified attribute index is out of range.

Module= CDA, Function= CD_211
Error code= 3003, warning
Specified attribute index is out of range.

Module= CDA, Function= CD_211
Error code= 3003, warning
Specified attribute index is out of range.

Module= CDA, Function= CD_211
Error code= 3003, warning
Specified attribute index is out of range.

Module= CDA, Function= CD_211
Error code= 3012, warning
Entity has no supertypes.

Module= CDA, Function= CD_211
Error code= 3003, warning
Specified attribute index is out of range.

Module= CDA, Function= CD_211
Error code= 3003, warning
Specified attribute index is out of range.

Module= CDA, Function= CD_211
Error code= 3003, warning
Specified attribute index is out of range.

Module= CDA, Function= CD_211
Error code= 3003, warning
Specified attribute index is out of range.

Module= CDA, Function= CD_211
Error code= 3003, warning
Specified attribute index is out of range.

Module= CDA, Function= CD_211
Error code= 3003, warning
Specified attribute index is out of range.

Module= CDA, Function= CD_211
Error code= 3003, warning
Specified attribute index is out of range.

Module= CDA, Function= CD_211
Error code= 3012, warning
Entity has no supertypes.

Module= CDA, Function= CD_211
Error code= 3003, warning
Specified attribute index is out of range.

Module= CDA, Function= CD_211
Error code= 3003, warning
Specified attribute index is out of range.

Module= CDA, Function= CD_211
Error code= 3003, warning
Specified attribute index is out of range.

Module= CDA, Function= CD_211
Error code= 3003, warning
Specified attribute index is out of range.

Module= CDA, Function= CD_211
Error code= 3003, warning
Specified attribute index is out of range.

Module= CDA, Function= CD_211
Error code= 3012, warning
Entity has no supertypes.

Module= CDA, Function= CD_211
Error code= 3003, warning
Specified attribute index is out of range.

Module= CDA, Function= CD_211
Error code= 3003, warning
Specified attribute index is out of range.

Module= CDA, Function= CD_211
Error code= 3003, warning
Specified attribute index is out of range.

Module= CDA, Function= CD_211
Error code= 3003, warning
Specified attribute index is out of range.

Module= CDA, Function= CD_211
Error code= 3003, warning
Specified attribute index is out of range.

Module= CDA, Function= CD_211
Error code= 3003, warning
Specified attribute index is out of range.

Module= CDA, Function= CD_211
Error code= 3003, warning
Specified attribute index is out of range.

Module= CDA, Function= CD_211
Error code= 3012, warning
Entity has no supertypes.

Module= CDA, Function= CD_211
Error code= 3003, warning
Specified attribute index is out of range.

Module= CDA, Function= CD_211
Error code= 3003, warning
Specified attribute index is out of range.

Module= CDA, Function= CD_211
Error code= 3003, warning
Specified attribute index is out of range.

Module= CDA, Function= CD_211
Error code= 3003, warning
Specified attribute index is out of range.

Module= CDA, Function= CD_211
Error code= 3003, warning
Specified attribute index is out of range.

Module= CDA, Function= CD_211
Error code= 3012, warning
Entity has no supertypes.

Module= CDA, Function= CD_211
Error code= 3003, warning
Specified attribute index is out of range.

Module= CDA, Function= CD_211
Error code= 3003, warning
Specified attribute index is out of range.

Module= CDA, Function= CD_211
Error code= 3003, warning
Specified attribute index is out of range.

Module= CDA, Function= CD_211
Error code= 3003, warning
Specified attribute index is out of range.

Module= CDA, Function= CD_211
Error code= 3003, warning
Specified attribute index is out of range.

Module= CDA, Function= CD_211
Error code= 3003, warning
Specified attribute index is out of range.

Module= CDA, Function= CD_211
Error code= 3003, warning
Specified attribute index is out of range.

Module= CDA, Function= CD_211
Error code= 3012, warning
Entity has no supertypes.

Module= CDA, Function= CD_211
Error code= 3003, warning
Specified attribute index is out of range.

Module= CDA, Function= CD_211
Error code= 3003, warning
Specified attribute index is out of range.

Module= CDA, Function= CD_211
Error code= 3003, warning
Specified attribute index is out of range.

Module= CDA, Function= CD_211
Error code= 3003, warning
Specified attribute index is out of range.

Module= CDA, Function= CD_211
Error code= 3003, warning
Specified attribute index is out of range.

Module= CDA, Function= CD_211
Error code= 3012, warning
Entity has no supertypes.

Module= CDA, Function= CD_211
Error code= 3003, warning
Specified attribute index is out of range.

Module= CDA, Function= CD_211
Error code= 3003, warning
Specified attribute index is out of range.

Module= CDA, Function= CD_211
Error code= 3003, warning
Specified attribute index is out of range.

Module= CDA, Function= CD_211
Error code= 3003, warning
Specified attribute index is out of range.

Module= CDA, Function= CD_211
Error code= 3003, warning
Specified attribute index is out of range.

Module= CDA, Function= CD_211
Error code= 3003, warning
Specified attribute index is out of range.

Module= CDA, Function= CD_211
Error code= 3003, warning
Specified attribute index is out of range.

Module= CDA, Function= CD_211
Error code= 3012, warning
Entity has no supertypes.

Module= CDA, Function= CD_211
Error code= 3003, warning
Specified attribute index is out of range.

Module= CDA, Function= CD_211
Error code= 3003, warning
Specified attribute index is out of range.

Module= CDA, Function= CD_211
Error code= 3003, warning
Specified attribute index is out of range.

Module= CDA, Function= CD_211
Error code= 3003, warning
Specified attribute index is out of range.

Module= CDA, Function= CD_211
Error code= 3003, warning
Specified attribute index is out of range.

Module= CDA, Function= CD_211
Error code= 3012, warning
Entity has no supertypes.

Module= CDA, Function= CD_211
Error code= 3003, warning
Specified attribute index is out of range.

Module= CDA, Function= CD_211
Error code= 3003, warning
Specified attribute index is out of range.

Module= CDA, Function= CD_211
Error code= 3003, warning
Specified attribute index is out of range.

Module= CDA, Function= CD_211
Error code= 3003, warning
Specified attribute index is out of range.

Module= CDA, Function= CD_211
Error code= 3003, warning
Specified attribute index is out of range.

Module= CDA, Function= CD_211
Error code= 3003, warning
Specified attribute index is out of range.

Module= CDA, Function= CD_211
Error code= 3003, warning
Specified attribute index is out of range.

Module= CDA, Function= CD_211
Error code= 3012, warning
Entity has no supertypes.

Module= CDA, Function= CD_211
Error code= 3003, warning
Specified attribute index is out of range.

Module= CDA, Function= CD_211
Error code= 3003, warning
Specified attribute index is out of range.

Module= CDA, Function= CD_211
Error code= 3003, warning
Specified attribute index is out of range.

Module= CDA, Function= CD_211
Error code= 3003, warning
Specified attribute index is out of range.

Module= CDA, Function= CD_211
Error code= 3003, warning
Specified attribute index is out of range.

Module= CDA, Function= CD_211
Error code= 3012, warning
Entity has no supertypes.

Module= CDA, Function= CD_211
Error code= 3003, warning
Specified attribute index is out of range.

Module= CDA, Function= CD_211
Error code= 3003, warning
Specified attribute index is out of range.

Module= CDA, Function= CD_211
Error code= 3003, warning
Specified attribute index is out of range.

Module= CDA, Function= CD_211
Error code= 3003, warning
Specified attribute index is out of range.

Module= CDA, Function= CD_211
Error code= 3003, warning
Specified attribute index is out of range.

Module= CDA, Function= CD_211
Error code= 3003, warning
Specified attribute index is out of range.

Module= CDA, Function= CD_211
Error code= 3003, warning
Specified attribute index is out of range.

Module= CDA, Function= CD_211
Error code= 3012, warning
Entity has no supertypes.

Module= CDA, Function= CD_211
Error code= 3003, warning
Specified attribute index is out of range.

Module= CDA, Function= CD_211
Error code= 3003, warning
Specified attribute index is out of range.

Module= CDA, Function= CD_211
Error code= 3003, warning
Specified attribute index is out of range.

Module= CDA, Function= CD_211
Error code= 3003, warning
Specified attribute index is out of range.

Module= CDA, Function= CD_211
Error code= 3003, warning
Specified attribute index is out of range.

Module= CDA, Function= CD_211
Error code= 3012, warning
Entity has no supertypes.

Module= CDA, Function= CD_211
Error code= 3003, warning
Specified attribute index is out of range.

Module= CDA, Function= CD_211
Error code= 3003, warning
Specified attribute index is out of range.

Module= CDA, Function= CD_211
Error code= 3003, warning
Specified attribute index is out of range.

Module= CDA, Function= CD_211
Error code= 3003, warning
Specified attribute index is out of range.

Module= CDA, Function= CD_211
Error code= 3003, warning
Specified attribute index is out of range.

Module= CDA, Function= CD_211
Error code= 3003, warning
Specified attribute index is out of range.

Module= CDA, Function= CD_211
Error code= 3003, warning
Specified attribute index is out of range.

Module= CDA, Function= CD_211
Error code= 3012, warning
Entity has no supertypes.

Module= CDA, Function= CD_211
Error code= 3003, warning
Specified attribute index is out of range.

Module= CDA, Function= CD_211
Error code= 3003, warning
Specified attribute index is out of range.

Module= CDA, Function= CD_211
Error code= 3003, warning
Specified attribute index is out of range.

Module= CDA, Function= CD_211
Error code= 3003, warning
Specified attribute index is out of range.

Module= CDA, Function= CD_211
Error code= 3003, warning
Specified attribute index is out of range.

Module= CDA, Function= CD_211
Error code= 3012, warning
Entity has no supertypes.

Module= CDA, Function= CD_211
Error code= 3003, warning
Specified attribute index is out of range.

Module= CDA, Function= CD_211
Error code= 3003, warning
Specified attribute index is out of range.

Module= CDA, Function= CD_211
Error code= 3003, warning
Specified attribute index is out of range.

Module= CDA, Function= CD_211
Error code= 3003, warning
Specified attribute index is out of range.

Module= CDA, Function= CD_211
Error code= 3003, warning
Specified attribute index is out of range.

Module= CDA, Function= CD_211
Error code= 3003, warning
Specified attribute index is out of range.

Module= CDA, Function= CD_211
Error code= 3003, warning
Specified attribute index is out of range.

Module= CDA, Function= CD_211
Error code= 3012, warning
Entity has no supertypes.

Module= CDA, Function= CD_211
Error code= 3003, warning
Specified attribute index is out of range.

Module= CDA, Function= CD_211
Error code= 3003, warning
Specified attribute index is out of range.

Module= CDA, Function= CD_211
Error code= 3003, warning
Specified attribute index is out of range.

Module= CDA, Function= CD_211
Error code= 3003, warning
Specified attribute index is out of range.

Module= CDA, Function= CD_211
Error code= 3003, warning
Specified attribute index is out of range.

Module= CDA, Function= CD_211
Error code= 3012, warning
Entity has no supertypes.

Module= CDA, Function= CD_211
Error code= 3003, warning
Specified attribute index is out of range.

Module= CDA, Function= CD_211
Error code= 3003, warning
Specified attribute index is out of range.

Module= CDA, Function= CD_211
Error code= 3003, warning
Specified attribute index is out of range.

Module= CDA, Function= CD_211
Error code= 3003, warning
Specified attribute index is out of range.

Module= CDA, Function= CD_211
Error code= 3003, warning
Specified attribute index is out of range.

Module= CDA, Function= CD_211
Error code= 3003, warning
Specified attribute index is out of range.

Module= CDA, Function= CD_211
Error code= 3003, warning
Specified attribute index is out of range.

Module= CDA, Function= CD_211
Error code= 3012, warning
Entity has no supertypes.

Module= CDA, Function= CD_211
Error code= 3003, warning
Specified attribute index is out of range.

Module= CDA, Function= CD_211
Error code= 3003, warning
Specified attribute index is out of range.

Module= CDA, Function= CD_211
Error code= 3003, warning
Specified attribute index is out of range.

Module= CDA, Function= CD_211
Error code= 3003, warning
Specified attribute index is out of range.

Module= CDA, Function= CD_211
Error code= 3003, warning
Specified attribute index is out of range.

Module= CDA, Function= CD_211
Error code= 3012, warning
Entity has no supertypes.

Module= CDA, Function= CD_211
Error code= 3003, warning
Specified attribute index is out of range.

Module= CDA, Function= CD_211
Error code= 3003, warning
Specified attribute index is out of range.

Module= CDA, Function= CD_211
Error code= 3003, warning
Specified attribute index is out of range.

Module= CDA, Function= CD_211
Error code= 3003, warning
Specified attribute index is out of range.

Module= CDA, Function= CD_211
Error code= 3003, warning
Specified attribute index is out of range.

Module= CDA, Function= CD_211
Error code= 3003, warning
Specified attribute index is out of range.

Module= CDA, Function= CD_211
Error code= 3003, warning
Specified attribute index is out of range.

Module= CDA, Function= CD_211
Error code= 3012, warning
Entity has no supertypes.

Module= CDA, Function= CD_211
Error code= 3003, warning
Specified attribute index is out of range.

Module= CDA, Function= CD_211
Error code= 3003, warning
Specified attribute index is out of range.

Module= CDA, Function= CD_211
Error code= 3003, warning
Specified attribute index is out of range.

Module= CDA, Function= CD_211
Error code= 3003, warning
Specified attribute index is out of range.

Module= CDA, Function= CD_211
Error code= 3003, warning
Specified attribute index is out of range.

Module= CDA, Function= CD_211
Error code= 3012, warning
Entity has no supertypes.

Module= CDA, Function= CD_211
Error code= 3003, warning
Specified attribute index is out of range.

Module= CDA, Function= CD_211
Error code= 3003, warning
Specified attribute index is out of range.

Module= CDA, Function= CD_211
Error code= 3003, warning
Specified attribute index is out of range.

Module= CDA, Function= CD_211
Error code= 3003, warning
Specified attribute index is out of range.

Module= CDA, Function= CD_211
Error code= 3003, warning
Specified attribute index is out of range.

Module= CDA, Function= CD_211
Error code= 3003, warning
Specified attribute index is out of range.

Module= CDA, Function= CD_211
Error code= 3003, warning
Specified attribute index is out of range.

Module= CDA, Function= CD_211
Error code= 3012, warning
Entity has no supertypes.

Module= CDA, Function= CD_211
Error code= 3003, warning
Specified attribute index is out of range.

Module= CDA, Function= CD_211
Error code= 3003, warning
Specified attribute index is out of range.

Module= CDA, Function= CD_211
Error code= 3003, warning
Specified attribute index is out of range.

Module= CDA, Function= CD_211
Error code= 3003, warning
Specified attribute index is out of range.

Module= CDA, Function= CD_211
Error code= 3003, warning
Specified attribute index is out of range.

Module= CDA, Function= CD_211
Error code= 3012, warning
Entity has no supertypes.

Module= CDA, Function= CD_211
Error code= 3003, warning
Specified attribute index is out of range.

Module= CDA, Function= CD_211
Error code= 3003, warning
Specified attribute index is out of range.

Module= CDA, Function= CD_211
Error code= 3003, warning
Specified attribute index is out of range.

Module= CDA, Function= CD_211
Error code= 3003, warning
Specified attribute index is out of range.

Module= CDA, Function= CD_211
Error code= 3003, warning
Specified attribute index is out of range.

Module= CDA, Function= CD_211
Error code= 3003, warning
Specified attribute index is out of range.

Module= CDA, Function= CD_211
Error code= 3003, warning
Specified attribute index is out of range.

Module= CDA, Function= CD_211
Error code= 3012, warning
Entity has no supertypes.

Module= CDA, Function= CD_211
Error code= 3003, warning
Specified attribute index is out of range.

Module= CDA, Function= CD_211
Error code= 3003, warning
Specified attribute index is out of range.

Module= CDA, Function= CD_211
Error code= 3003, warning
Specified attribute index is out of range.

Module= CDA, Function= CD_211
Error code= 3003, warning
Specified attribute index is out of range.

Module= CDA, Function= CD_211
Error code= 3003, warning
Specified attribute index is out of range.

Module= CDA, Function= CD_211
Error code= 3012, warning
Entity has no supertypes.

Module= CDA, Function= CD_211
Error code= 3003, warning
Specified attribute index is out of range.

Module= CDA, Function= CD_211
Error code= 3003, warning
Specified attribute index is out of range.

Module= CDA, Function= CD_211
Error code= 3003, warning
Specified attribute index is out of range.

Module= CDA, Function= CD_211
Error code= 3003, warning
Specified attribute index is out of range.

Module= CDA, Function= CD_211
Error code= 3003, warning
Specified attribute index is out of range.

Module= CDA, Function= CD_211
Error code= 3003, warning
Specified attribute index is out of range.

Module= CDA, Function= CD_211
Error code= 3003, warning
Specified attribute index is out of range.

Module= CDA, Function= CD_211
Error code= 3012, warning
Entity has no supertypes.

Module= CDA, Function= CD_211
Error code= 3003, warning
Specified attribute index is out of range.

Module= CDA, Function= CD_211
Error code= 3003, warning
Specified attribute index is out of range.

Module= CDA, Function= CD_211
Error code= 3003, warning
Specified attribute index is out of range.

Module= CDA, Function= CD_211
Error code= 3003, warning
Specified attribute index is out of range.

Module= CDA, Function= CD_211
Error code= 3003, warning
Specified attribute index is out of range.

Module= CDA, Function= CD_211
Error code= 3012, warning
Entity has no supertypes.

Module= CDA, Function= CD_211
Error code= 3003, warning
Specified attribute index is out of range.

Module= CDA, Function= CD_211
Error code= 3003, warning
Specified attribute index is out of range.

Module= CDA, Function= CD_211
Error code= 3003, warning
Specified attribute index is out of range.

Module= CDA, Function= CD_211
Error code= 3003, warning
Specified attribute index is out of range.

Module= CDA, Function= CD_211
Error code= 3003, warning
Specified attribute index is out of range.

Module= CDA, Function= CD_211
Error code= 3003, warning
Specified attribute index is out of range.

Module= CDA, Function= CD_211
Error code= 3003, warning
Specified attribute index is out of range.

Module= CDA, Function= CD_211
Error code= 3012, warning
Entity has no supertypes.

Module= CDA, Function= CD_211
Error code= 3003, warning
Specified attribute index is out of range.

Module= CDA, Function= CD_211
Error code= 3003, warning
Specified attribute index is out of range.

Module= CDA, Function= CD_211
Error code= 3003, warning
Specified attribute index is out of range.

Module= CDA, Function= CD_211
Error code= 3003, warning
Specified attribute index is out of range.

Module= CDA, Function= CD_211
Error code= 3003, warning
Specified attribute index is out of range.

Module= CDA, Function= CD_211
Error code= 3012, warning
Entity has no supertypes.

Module= CDA, Function= CD_211
Error code= 3003, warning
Specified attribute index is out of range.

Module= CDA, Function= CD_211
Error code= 3003, warning
Specified attribute index is out of range.

Module= CDA, Function= CD_211
Error code= 3003, warning
Specified attribute index is out of range.

Module= CDA, Function= CD_211
Error code= 3003, warning
Specified attribute index is out of range.

Module= CDA, Function= CD_211
Error code= 3003, warning
Specified attribute index is out of range.

Module= CDA, Function= CD_211
Error code= 3003, warning
Specified attribute index is out of range.

Module= CDA, Function= CD_211
Error code= 3003, warning
Specified attribute index is out of range.

Module= CDA, Function= CD_211
Error code= 3012, warning
Entity has no supertypes.

Module= CDA, Function= CD_211
Error code= 3003, warning
Specified attribute index is out of range.

Module= CDA, Function= CD_211
Error code= 3003, warning
Specified attribute index is out of range.

Module= CDA, Function= CD_211
Error code= 3003, warning
Specified attribute index is out of range.

Module= CDA, Function= CD_211
Error code= 3003, warning
Specified attribute index is out of range.

Module= CDA, Function= CD_211
Error code= 3003, warning
Specified attribute index is out of range.

Module= CDA, Function= CD_211
Error code= 3012, warning
Entity has no supertypes.

Module= CDA, Function= CD_211
Error code= 3003, warning
Specified attribute index is out of range.

Module= CDA, Function= CD_211
Error code= 3003, warning
Specified attribute index is out of range.

Module= CDA, Function= CD_211
Error code= 3003, warning
Specified attribute index is out of range.

Module= CDA, Function= CD_211
Error code= 3003, warning
Specified attribute index is out of range.

Module= CDA, Function= CD_211
Error code= 3003, warning
Specified attribute index is out of range.

Module= CDA, Function= CD_211
Error code= 3003, warning
Specified attribute index is out of range.

Module= CDA, Function= CD_211
Error code= 3003, warning
Specified attribute index is out of range.

Module= CDA, Function= CD_211
Error code= 3012, warning
Entity has no supertypes.

Module= CDA, Function= CD_211
Error code= 3003, warning
Specified attribute index is out of range.

Module= CDA, Function= CD_211
Error code= 3003, warning
Specified attribute index is out of range.

Module= CDA, Function= CD_211
Error code= 3003, warning
Specified attribute index is out of range.

Module= CDA, Function= CD_211
Error code= 3003, warning
Specified attribute index is out of range.

Module= CDA, Function= CD_211
Error code= 3003, warning
Specified attribute index is out of range.

Module= CDA, Function= CD_211
Error code= 3012, warning
Entity has no supertypes.

Module= CDA, Function= CD_211
Error code= 3003, warning
Specified attribute index is out of range.

Module= CDA, Function= CD_211
Error code= 3003, warning
Specified attribute index is out of range.

Module= CDA, Function= CD_211
Error code= 3003, warning
Specified attribute index is out of range.

Module= CDA, Function= CD_211
Error code= 3003, warning
Specified attribute index is out of range.

Module= CDA, Function= CD_211
Error code= 3003, warning
Specified attribute index is out of range.

Module= CDA, Function= CD_211
Error code= 3003, warning
Specified attribute index is out of range.

Module= CDA, Function= CD_211
Error code= 3003, warning
Specified attribute index is out of range.

Module= CDA, Function= CD_211
Error code= 3012, warning
Entity has no supertypes.

Module= CDA, Function= CD_211
Error code= 3003, warning
Specified attribute index is out of range.

Module= CDA, Function= CD_211
Error code= 3003, warning
Specified attribute index is out of range.

Module= CDA, Function= CD_211
Error code= 3003, warning
Specified attribute index is out of range.

Module= CDA, Function= CD_211
Error code= 3003, warning
Specified attribute index is out of range.

Module= CDA, Function= CD_211
Error code= 3003, warning
Specified attribute index is out of range.

Module= CDA, Function= CD_211
Error code= 3012, warning
Entity has no supertypes.

Module= CDA, Function= CD_211
Error code= 3003, warning
Specified attribute index is out of range.

Module= CDA, Function= CD_211
Error code= 3003, warning
Specified attribute index is out of range.

Module= CDA, Function= CD_211
Error code= 3003, warning
Specified attribute index is out of range.

Module= CDA, Function= CD_211
Error code= 3003, warning
Specified attribute index is out of range.

Module= CDA, Function= CD_211
Error code= 3003, warning
Specified attribute index is out of range.

Module= CDA, Function= CD_211
Error code= 3003, warning
Specified attribute index is out of range.

Module= CDA, Function= CD_211
Error code= 3003, warning
Specified attribute index is out of range.

Module= CDA, Function= CD_211
Error code= 3012, warning
Entity has no supertypes.

Module= CDA, Function= CD_211
Error code= 3003, warning
Specified attribute index is out of range.

Module= CDA, Function= CD_211
Error code= 3003, warning
Specified attribute index is out of range.

Module= CDA, Function= CD_211
Error code= 3003, warning
Specified attribute index is out of range.

Module= CDA, Function= CD_211
Error code= 3003, warning
Specified attribute index is out of range.

Module= CDA, Function= CD_211
Error code= 3003, warning
Specified attribute index is out of range.

Module= CDA, Function= CD_211
Error code= 3012, warning
Entity has no supertypes.

Module= CDA, Function= CD_211
Error code= 3003, warning
Specified attribute index is out of range.

Module= CDA, Function= CD_211
Error code= 3003, warning
Specified attribute index is out of range.

Module= CDA, Function= CD_211
Error code= 3003, warning
Specified attribute index is out of range.

Module= CDA, Function= CD_211
Error code= 3003, warning
Specified attribute index is out of range.

Module= CDA, Function= CD_211
Error code= 3003, warning
Specified attribute index is out of range.

Module= CDA, Function= CD_211
Error code= 3003, warning
Specified attribute index is out of range.

Module= CDA, Function= CD_211
Error code= 3003, warning
Specified attribute index is out of range.

Module= CDA, Function= CD_211
Error code= 3012, warning
Entity has no supertypes.

Module= CDA, Function= CD_211
Error code= 3003, warning
Specified attribute index is out of range.

Module= CDA, Function= CD_211
Error code= 3003, warning
Specified attribute index is out of range.

Module= CDA, Function= CD_211
Error code= 3003, warning
Specified attribute index is out of range.

Module= CDA, Function= CD_211
Error code= 3003, warning
Specified attribute index is out of range.

Module= CDA, Function= CD_211
Error code= 3003, warning
Specified attribute index is out of range.

Module= CDA, Function= CD_211
Error code= 3012, warning
Entity has no supertypes.

Module= CDA, Function= CD_211
Error code= 3003, warning
Specified attribute index is out of range.

Module= CDA, Function= CD_211
Error code= 3003, warning
Specified attribute index is out of range.

Module= CDA, Function= CD_211
Error code= 3003, warning
Specified attribute index is out of range.

Module= CDA, Function= CD_211
Error code= 3003, warning
Specified attribute index is out of range.

Module= CDA, Function= CD_211
Error code= 3003, warning
Specified attribute index is out of range.

Module= CDA, Function= CD_211
Error code= 3003, warning
Specified attribute index is out of range.

Module= CDA, Function= CD_211
Error code= 3003, warning
Specified attribute index is out of range.

Module= CDA, Function= CD_211
Error code= 3012, warning
Entity has no supertypes.

Module= CDA, Function= CD_211
Error code= 3003, warning
Specified attribute index is out of range.

Module= CDA, Function= CD_211
Error code= 3003, warning
Specified attribute index is out of range.

Module= CDA, Function= CD_211
Error code= 3003, warning
Specified attribute index is out of range.

Module= CDA, Function= CD_211
Error code= 3003, warning
Specified attribute index is out of range.

Module= CDA, Function= CD_211
Error code= 3003, warning
Specified attribute index is out of range.

Module= CDA, Function= CD_211
Error code= 3012, warning
Entity has no supertypes.

Module= CDA, Function= CD_211
Error code= 3003, warning
Specified attribute index is out of range.

Module= CDA, Function= CD_211
Error code= 3003, warning
Specified attribute index is out of range.

Module= CDA, Function= CD_211
Error code= 3003, warning
Specified attribute index is out of range.

Module= CDA, Function= CD_211
Error code= 3003, warning
Specified attribute index is out of range.

Module= CDA, Function= CD_211
Error code= 3003, warning
Specified attribute index is out of range.

Module= CDA, Function= CD_211
Error code= 3003, warning
Specified attribute index is out of range.

Module= CDA, Function= CD_211
Error code= 3003, warning
Specified attribute index is out of range.

Module= CDA, Function= CD_211
Error code= 3012, warning
Entity has no supertypes.

Module= CDA, Function= CD_211
Error code= 3003, warning
Specified attribute index is out of range.

Module= CDA, Function= CD_211
Error code= 3003, warning
Specified attribute index is out of range.

Module= CDA, Function= CD_211
Error code= 3003, warning
Specified attribute index is out of range.

Module= CDA, Function= CD_211
Error code= 3003, warning
Specified attribute index is out of range.

Module= CDA, Function= CD_211
Error code= 3003, warning
Specified attribute index is out of range.

Module= CDA, Function= CD_211
Error code= 3012, warning
Entity has no supertypes.

Module= CDA, Function= CD_211
Error code= 3003, warning
Specified attribute index is out of range.

Module= CDA, Function= CD_211
Error code= 3003, warning
Specified attribute index is out of range.

Module= CDA, Function= CD_211
Error code= 3003, warning
Specified attribute index is out of range.

Module= CDA, Function= CD_211
Error code= 3003, warning
Specified attribute index is out of range.

Module= CDA, Function= CD_211
Error code= 3003, warning
Specified attribute index is out of range.

Module= CDA, Function= CD_211
Error code= 3003, warning
Specified attribute index is out of range.

Module= CDA, Function= CD_211
Error code= 3003, warning
Specified attribute index is out of range.

Module= CDA, Function= CD_211
Error code= 3012, warning
Entity has no supertypes.

Module= CDA, Function= CD_211
Error code= 3003, warning
Specified attribute index is out of range.

Module= CDA, Function= CD_211
Error code= 3003, warning
Specified attribute index is out of range.

Module= CDA, Function= CD_211
Error code= 3003, warning
Specified attribute index is out of range.

Module= CDA, Function= CD_211
Error code= 3003, warning
Specified attribute index is out of range.

Module= CDA, Function= CD_211
Error code= 3003, warning
Specified attribute index is out of range.

Module= CDA, Function= CD_211
Error code= 3012, warning
Entity has no supertypes.

Module= CDA, Function= CD_211
Error code= 3003, warning
Specified attribute index is out of range.

Module= CDA, Function= CD_211
Error code= 3003, warning
Specified attribute index is out of range.

Module= CDA, Function= CD_211
Error code= 3003, warning
Specified attribute index is out of range.

Module= CDA, Function= CD_211
Error code= 3003, warning
Specified attribute index is out of range.

Module= CDA, Function= CD_211
Error code= 3003, warning
Specified attribute index is out of range.

Module= CDA, Function= CD_211
Error code= 3003, warning
Specified attribute index is out of range.

Module= CDA, Function= CD_211
Error code= 3003, warning
Specified attribute index is out of range.

Module= CDA, Function= CD_211
Error code= 3012, warning
Entity has no supertypes.

Module= CDA, Function= CD_211
Error code= 3003, warning
Specified attribute index is out of range.

Module= CDA, Function= CD_211
Error code= 3003, warning
Specified attribute index is out of range.

Module= CDA, Function= CD_211
Error code= 3003, warning
Specified attribute index is out of range.

Module= CDA, Function= CD_211
Error code= 3003, warning
Specified attribute index is out of range.

Module= CDA, Function= CD_211
Error code= 3003, warning
Specified attribute index is out of range.

Module= CDA, Function= CD_211
Error code= 3012, warning
Entity has no supertypes.

Module= CDA, Function= CD_211
Error code= 3003, warning
Specified attribute index is out of range.

Module= CDA, Function= CD_211
Error code= 3003, warning
Specified attribute index is out of range.

Module= CDA, Function= CD_211
Error code= 3003, warning
Specified attribute index is out of range.

Module= CDA, Function= CD_211
Error code= 3003, warning
Specified attribute index is out of range.

Module= CDA, Function= CD_211
Error code= 3003, warning
Specified attribute index is out of range.

Module= CDA, Function= CD_211
Error code= 3003, warning
Specified attribute index is out of range.

Module= CDA, Function= CD_211
Error code= 3003, warning
Specified attribute index is out of range.

Module= CDA, Function= CD_211
Error code= 3012, warning
Entity has no supertypes.

Module= CDA, Function= CD_211
Error code= 3003, warning
Specified attribute index is out of range.

Module= CDA, Function= CD_211
Error code= 3003, warning
Specified attribute index is out of range.

Module= CDA, Function= CD_211
Error code= 3003, warning
Specified attribute index is out of range.

Module= CDA, Function= CD_211
Error code= 3003, warning
Specified attribute index is out of range.

Module= CDA, Function= CD_211
Error code= 3003, warning
Specified attribute index is out of range.

Module= CDA, Function= CD_211
Error code= 3012, warning
Entity has no supertypes.

Module= CDA, Function= CD_211
Error code= 3003, warning
Specified attribute index is out of range.

Module= CDA, Function= CD_211
Error code= 3003, warning
Specified attribute index is out of range.

Module= CDA, Function= CD_211
Error code= 3003, warning
Specified attribute index is out of range.

Module= CDA, Function= CD_211
Error code= 3003, warning
Specified attribute index is out of range.

Module= CDA, Function= CD_211
Error code= 3003, warning
Specified attribute index is out of range.

Module= CDA, Function= CD_211
Error code= 3003, warning
Specified attribute index is out of range.

Module= CDA, Function= CD_211
Error code= 3003, warning
Specified attribute index is out of range.

Module= CDA, Function= CD_211
Error code= 3012, warning
Entity has no supertypes.

Module= CDA, Function= CD_211
Error code= 3003, warning
Specified attribute index is out of range.

Module= CDA, Function= CD_211
Error code= 3003, warning
Specified attribute index is out of range.

Module= CDA, Function= CD_211
Error code= 3003, warning
Specified attribute index is out of range.

Module= CDA, Function= CD_211
Error code= 3003, warning
Specified attribute index is out of range.

Module= CDA, Function= CD_211
Error code= 3003, warning
Specified attribute index is out of range.

Module= CDA, Function= CD_211
Error code= 3012, warning
Entity has no supertypes.

Module= CDA, Function= CD_211
Error code= 3003, warning
Specified attribute index is out of range.

Module= CDA, Function= CD_211
Error code= 3003, warning
Specified attribute index is out of range.

Module= CDA, Function= CD_211
Error code= 3003, warning
Specified attribute index is out of range.

Module= CDA, Function= CD_211
Error code= 3003, warning
Specified attribute index is out of range.

Module= CDA, Function= CD_211
Error code= 3003, warning
Specified attribute index is out of range.

Module= CDA, Function= CD_211
Error code= 3003, warning
Specified attribute index is out of range.

Module= CDA, Function= CD_211
Error code= 3003, warning
Specified attribute index is out of range.

Module= CDA, Function= CD_211
Error code= 3012, warning
Entity has no supertypes.

Module= CDA, Function= CD_211
Error code= 3003, warning
Specified attribute index is out of range.

Module= CDA, Function= CD_211
Error code= 3003, warning
Specified attribute index is out of range.

Module= CDA, Function= CD_211
Error code= 3003, warning
Specified attribute index is out of range.

Module= CDA, Function= CD_211
Error code= 3003, warning
Specified attribute index is out of range.

Module= CDA, Function= CD_211
Error code= 3003, warning
Specified attribute index is out of range.

Module= CDA, Function= CD_211
Error code= 3012, warning
Entity has no supertypes.

Module= CDA, Function= CD_211
Error code= 3003, warning
Specified attribute index is out of range.

Module= CDA, Function= CD_211
Error code= 3003, warning
Specified attribute index is out of range.

Module= CDA, Function= CD_211
Error code= 3003, warning
Specified attribute index is out of range.

Module= CDA, Function= CD_211
Error code= 3003, warning
Specified attribute index is out of range.

Module= CDA, Function= CD_211
Error code= 3003, warning
Specified attribute index is out of range.

Module= CDA, Function= CD_211
Error code= 3003, warning
Specified attribute index is out of range.

Module= CDA, Function= CD_211
Error code= 3003, warning
Specified attribute index is out of range.

Module= CDA, Function= CD_211
Error code= 3012, warning
Entity has no supertypes.

Module= CDA, Function= CD_211
Error code= 3003, warning
Specified attribute index is out of range.

Module= CDA, Function= CD_211
Error code= 3003, warning
Specified attribute index is out of range.

Module= CDA, Function= CD_211
Error code= 3003, warning
Specified attribute index is out of range.

Module= CDA, Function= CD_211
Error code= 3003, warning
Specified attribute index is out of range.

Module= CDA, Function= CD_211
Error code= 3003, warning
Specified attribute index is out of range.

Module= CDA, Function= CD_211
Error code= 3012, warning
Entity has no supertypes.

Module= CDA, Function= CD_211
Error code= 3003, warning
Specified attribute index is out of range.

Module= CDA, Function= CD_211
Error code= 3003, warning
Specified attribute index is out of range.

Module= CDA, Function= CD_211
Error code= 3003, warning
Specified attribute index is out of range.

Module= CDA, Function= CD_211
Error code= 3003, warning
Specified attribute index is out of range.

Module= CDA, Function= CD_211
Error code= 3003, warning
Specified attribute index is out of range.

Module= CDA, Function= CD_211
Error code= 3003, warning
Specified attribute index is out of range.

Module= CDA, Function= CD_211
Error code= 3003, warning
Specified attribute index is out of range.

Module= CDA, Function= CD_211
Error code= 3012, warning
Entity has no supertypes.

Module= CDA, Function= CD_211
Error code= 3003, warning
Specified attribute index is out of range.

Module= CDA, Function= CD_211
Error code= 3003, warning
Specified attribute index is out of range.

Module= CDA, Function= CD_211
Error code= 3003, warning
Specified attribute index is out of range.

Module= CDA, Function= CD_211
Error code= 3003, warning
Specified attribute index is out of range.

Module= CDA, Function= CD_211
Error code= 3003, warning
Specified attribute index is out of range.

Module= CDA, Function= CD_211
Error code= 3012, warning
Entity has no supertypes.

Module= CDA, Function= CD_211
Error code= 3003, warning
Specified attribute index is out of range.

Module= CDA, Function= CD_211
Error code= 3003, warning
Specified attribute index is out of range.

Module= CDA, Function= CD_211
Error code= 3003, warning
Specified attribute index is out of range.

Module= CDA, Function= CD_211
Error code= 3003, warning
Specified attribute index is out of range.

Module= CDA, Function= CD_211
Error code= 3003, warning
Specified attribute index is out of range.

Module= CDA, Function= CD_211
Error code= 3003, warning
Specified attribute index is out of range.

Module= CDA, Function= CD_211
Error code= 3003, warning
Specified attribute index is out of range.

Module= CDA, Function= CD_211
Error code= 3012, warning
Entity has no supertypes.

Module= CDA, Function= CD_211
Error code= 3003, warning
Specified attribute index is out of range.

Module= CDA, Function= CD_211
Error code= 3003, warning
Specified attribute index is out of range.

Module= CDA, Function= CD_211
Error code= 3003, warning
Specified attribute index is out of range.

Module= CDA, Function= CD_211
Error code= 3003, warning
Specified attribute index is out of range.

Module= CDA, Function= CD_211
Error code= 3003, warning
Specified attribute index is out of range.

Module= CDA, Function= CD_211
Error code= 3012, warning
Entity has no supertypes.

Module= CDA, Function= CD_211
Error code= 3003, warning
Specified attribute index is out of range.

Module= CDA, Function= CD_211
Error code= 3003, warning
Specified attribute index is out of range.

Module= CDA, Function= CD_211
Error code= 3003, warning
Specified attribute index is out of range.

Module= CDA, Function= CD_211
Error code= 3003, warning
Specified attribute index is out of range.

Module= CDA, Function= CD_211
Error code= 3003, warning
Specified attribute index is out of range.

Module= CDA, Function= CD_211
Error code= 3003, warning
Specified attribute index is out of range.

Module= CDA, Function= CD_211
Error code= 3003, warning
Specified attribute index is out of range.

Module= CDA, Function= CD_211
Error code= 3012, warning
Entity has no supertypes.

Module= CDA, Function= CD_211
Error code= 3003, warning
Specified attribute index is out of range.

Module= CDA, Function= CD_211
Error code= 3003, warning
Specified attribute index is out of range.

Module= CDA, Function= CD_211
Error code= 3003, warning
Specified attribute index is out of range.

Module= CDA, Function= CD_211
Error code= 3003, warning
Specified attribute index is out of range.

Module= CDA, Function= CD_211
Error code= 3003, warning
Specified attribute index is out of range.

Module= CDA, Function= CD_211
Error code= 3012, warning
Entity has no supertypes.

Module= CDA, Function= CD_211
Error code= 3003, warning
Specified attribute index is out of range.

Module= CDA, Function= CD_211
Error code= 3003, warning
Specified attribute index is out of range.

Module= CDA, Function= CD_211
Error code= 3003, warning
Specified attribute index is out of range.

Module= CDA, Function= CD_211
Error code= 3003, warning
Specified attribute index is out of range.

Module= CDA, Function= CD_211
Error code= 3003, warning
Specified attribute index is out of range.

Module= CDA, Function= CD_211
Error code= 3003, warning
Specified attribute index is out of range.

Module= CDA, Function= CD_211
Error code= 3003, warning
Specified attribute index is out of range.

Module= CDA, Function= CD_211
Error code= 3012, warning
Entity has no supertypes.

Module= CDA, Function= CD_211
Error code= 3003, warning
Specified attribute index is out of range.

Module= CDA, Function= CD_211
Error code= 3003, warning
Specified attribute index is out of range.

Module= CDA, Function= CD_211
Error code= 3003, warning
Specified attribute index is out of range.

Module= CDA, Function= CD_211
Error code= 3003, warning
Specified attribute index is out of range.

Module= CDA, Function= CD_211
Error code= 3003, warning
Specified attribute index is out of range.

Module= CDA, Function= CD_211
Error code= 3012, warning
Entity has no supertypes.

Module= CDA, Function= CD_211
Error code= 3003, warning
Specified attribute index is out of range.

Module= CDA, Function= CD_211
Error code= 3003, warning
Specified attribute index is out of range.

Module= CDA, Function= CD_211
Error code= 3003, warning
Specified attribute index is out of range.

Module= CDA, Function= CD_211
Error code= 3003, warning
Specified attribute index is out of range.

Module= CDA, Function= CD_211
Error code= 3003, warning
Specified attribute index is out of range.

Module= CDA, Function= CD_211
Error code= 3003, warning
Specified attribute index is out of range.

Module= CDA, Function= CD_211
Error code= 3003, warning
Specified attribute index is out of range.

Module= CDA, Function= CD_211
Error code= 3012, warning
Entity has no supertypes.

Module= CDA, Function= CD_211
Error code= 3003, warning
Specified attribute index is out of range.

Module= CDA, Function= CD_211
Error code= 3003, warning
Specified attribute index is out of range.

Module= CDA, Function= CD_211
Error code= 3003, warning
Specified attribute index is out of range.

Module= CDA, Function= CD_211
Error code= 3003, warning
Specified attribute index is out of range.

Module= CDA, Function= CD_211
Error code= 3003, warning
Specified attribute index is out of range.

Module= CDA, Function= CD_211
Error code= 3012, warning
Entity has no supertypes.

Module= CDA, Function= CD_211
Error code= 3003, warning
Specified attribute index is out of range.

Module= CDA, Function= CD_211
Error code= 3003, warning
Specified attribute index is out of range.

Module= CDA, Function= CD_211
Error code= 3003, warning
Specified attribute index is out of range.

Module= CDA, Function= CD_211
Error code= 3003, warning
Specified attribute index is out of range.

Module= CDA, Function= CD_211
Error code= 3003, warning
Specified attribute index is out of range.

Module= CDA, Function= CD_211
Error code= 3003, warning
Specified attribute index is out of range.

Module= CDA, Function= CD_211
Error code= 3003, warning
Specified attribute index is out of range.

Module= CDA, Function= CD_211
Error code= 3012, warning
Entity has no supertypes.

Module= CDA, Function= CD_211
Error code= 3003, warning
Specified attribute index is out of range.

Module= CDA, Function= CD_211
Error code= 3003, warning
Specified attribute index is out of range.

Module= CDA, Function= CD_211
Error code= 3003, warning
Specified attribute index is out of range.

Module= CDA, Function= CD_211
Error code= 3003, warning
Specified attribute index is out of range.

Module= CDA, Function= CD_211
Error code= 3003, warning
Specified attribute index is out of range.

Module= CDA, Function= CD_211
Error code= 3012, warning
Entity has no supertypes.

Module= CDA, Function= CD_211
Error code= 3003, warning
Specified attribute index is out of range.

Module= CDA, Function= CD_211
Error code= 3003, warning
Specified attribute index is out of range.

Module= CDA, Function= CD_211
Error code= 3003, warning
Specified attribute index is out of range.

Module= CDA, Function= CD_211
Error code= 3003, warning
Specified attribute index is out of range.

Module= CDA, Function= CD_211
Error code= 3003, warning
Specified attribute index is out of range.

Module= CDA, Function= CD_211
Error code= 3003, warning
Specified attribute index is out of range.

Module= CDA, Function= CD_211
Error code= 3003, warning
Specified attribute index is out of range.

Module= CDA, Function= CD_211
Error code= 3012, warning
Entity has no supertypes.

Module= CDA, Function= CD_211
Error code= 3003, warning
Specified attribute index is out of range.

Module= CDA, Function= CD_211
Error code= 3003, warning
Specified attribute index is out of range.

Module= CDA, Function= CD_211
Error code= 3003, warning
Specified attribute index is out of range.

Module= CDA, Function= CD_211
Error code= 3003, warning
Specified attribute index is out of range.

Module= CDA, Function= CD_211
Error code= 3003, warning
Specified attribute index is out of range.

Module= CDA, Function= CD_211
Error code= 3003, warning
Specified attribute index is out of range.

Module= CDA, Function= CD_211
Error code= 3012, warning
Entity has no supertypes.

Module= CDA, Function= CD_211
Error code= 3003, warning
Specified attribute index is out of range.

Module= CDA, Function= CD_211
Error code= 3003, warning
Specified attribute index is out of range.

Module= CDA, Function= CD_211
Error code= 3003, warning
Specified attribute index is out of range.

Module= CDA, Function= CD_211
Error code= 3003, warning
Specified attribute index is out of range.

Module= CDA, Function= CD_211
Error code= 3003, warning
Specified attribute index is out of range.

Module= CDA, Function= CD_211
Error code= 3012, warning
Entity has no supertypes.

Module= CDA, Function= CD_211
Error code= 3003, warning
Specified attribute index is out of range.

Module= CDA, Function= CD_211
Error code= 3003, warning
Specified attribute index is out of range.

Module= CDA, Function= CD_211
Error code= 3003, warning
Specified attribute index is out of range.

Module= CDA, Function= CD_211
Error code= 3003, warning
Specified attribute index is out of range.

Module= CDA, Function= CD_211
Error code= 3003, warning
Specified attribute index is out of range.

Module= CDA, Function= CD_211
Error code= 3003, warning
Specified attribute index is out of range.

Module= CDA, Function= CD_211
Error code= 3003, warning
Specified attribute index is out of range.

Module= CDA, Function= CD_211
Error code= 3012, warning
Entity has no supertypes.

Module= CDA, Function= CD_211
Error code= 3003, warning
Specified attribute index is out of range.

Module= CDA, Function= CD_211
Error code= 3003, warning
Specified attribute index is out of range.

Module= CDA, Function= CD_211
Error code= 3003, warning
Specified attribute index is out of range.

Module= CDA, Function= CD_211
Error code= 3003, warning
Specified attribute index is out of range.

Module= CDA, Function= CD_211
Error code= 3003, warning
Specified attribute index is out of range.

Module= CDA, Function= CD_211
Error code= 3003, warning
Specified attribute index is out of range.

Module= CDA, Function= CD_211
Error code= 3012, warning
Entity has no supertypes.

Module= CDA, Function= CD_211
Error code= 3003, warning
Specified attribute index is out of range.

Module= CDA, Function= CD_211
Error code= 3003, warning
Specified attribute index is out of range.

Module= CDA, Function= CD_211
Error code= 3003, warning
Specified attribute index is out of range.

Module= CDA, Function= CD_211
Error code= 3003, warning
Specified attribute index is out of range.

Module= CDA, Function= CD_211
Error code= 3003, warning
Specified attribute index is out of range.

Module= CDA, Function= CD_211
Error code= 3012, warning
Entity has no supertypes.

Module= CDA, Function= CD_211
Error code= 3003, warning
Specified attribute index is out of range.

Module= CDA, Function= CD_211
Error code= 3003, warning
Specified attribute index is out of range.

Module= CDA, Function= CD_211
Error code= 3003, warning
Specified attribute index is out of range.

Module= CDA, Function= CD_211
Error code= 3003, warning
Specified attribute index is out of range.

Module= CDA, Function= CD_211
Error code= 3003, warning
Specified attribute index is out of range.

Module= CDA, Function= CD_211
Error code= 3003, warning
Specified attribute index is out of range.

Module= CDA, Function= CD_211
Error code= 3003, warning
Specified attribute index is out of range.

Module= CDA, Function= CD_211
Error code= 3012, warning
Entity has no supertypes.

Module= CDA, Function= CD_211
Error code= 3003, warning
Specified attribute index is out of range.

Module= CDA, Function= CD_211
Error code= 3003, warning
Specified attribute index is out of range.

Module= CDA, Function= CD_211
Error code= 3003, warning
Specified attribute index is out of range.

Module= CDA, Function= CD_211
Error code= 3003, warning
Specified attribute index is out of range.

Module= CDA, Function= CD_211
Error code= 3003, warning
Specified attribute index is out of range.

Module= CDA, Function= CD_211
Error code= 3003, warning
Specified attribute index is out of range.

Module= CDA, Function= CD_211
Error code= 3012, warning
Entity has no supertypes.

Module= CDA, Function= CD_211
Error code= 3003, warning
Specified attribute index is out of range.

Module= CDA, Function= CD_211
Error code= 3003, warning
Specified attribute index is out of range.

Module= CDA, Function= CD_211
Error code= 3003, warning
Specified attribute index is out of range.

Module= CDA, Function= CD_211
Error code= 3003, warning
Specified attribute index is out of range.

Module= CDA, Function= CD_211
Error code= 3003, warning
Specified attribute index is out of range.

Module= CDA, Function= CD_211
Error code= 3012, warning
Entity has no supertypes.

Module= CDA, Function= CD_211
Error code= 3003, warning
Specified attribute index is out of range.

Module= CDA, Function= CD_211
Error code= 3003, warning
Specified attribute index is out of range.

Module= CDA, Function= CD_211
Error code= 3003, warning
Specified attribute index is out of range.

Module= CDA, Function= CD_211
Error code= 3003, warning
Specified attribute index is out of range.

Module= CDA, Function= CD_211
Error code= 3003, warning
Specified attribute index is out of range.

Module= CDA, Function= CD_211
Error code= 3003, warning
Specified attribute index is out of range.

Module= CDA, Function= CD_211
Error code= 3003, warning
Specified attribute index is out of range.

Module= CDA, Function= CD_211
Error code= 3012, warning
Entity has no supertypes.

Module= CDA, Function= CD_211
Error code= 3003, warning
Specified attribute index is out of range.

Module= CDA, Function= CD_211
Error code= 3003, warning
Specified attribute index is out of range.

Module= CDA, Function= CD_211
Error code= 3003, warning
Specified attribute index is out of range.

Module= CDA, Function= CD_211
Error code= 3003, warning
Specified attribute index is out of range.

Module= CDA, Function= CD_211
Error code= 3003, warning
Specified attribute index is out of range.

Module= CDA, Function= CD_211
Error code= 3003, warning
Specified attribute index is out of range.

Module= CDA, Function= CD_211
Error code= 3012, warning
Entity has no supertypes.

Module= CDA, Function= CD_211
Error code= 3003, warning
Specified attribute index is out of range.

Module= CDA, Function= CD_211
Error code= 3003, warning
Specified attribute index is out of range.

Module= CDA, Function= CD_211
Error code= 3003, warning
Specified attribute index is out of range.

Module= CDA, Function= CD_211
Error code= 3003, warning
Specified attribute index is out of range.

Module= CDA, Function= CD_211
Error code= 3003, warning
Specified attribute index is out of range.

Module= CDA, Function= CD_211
Error code= 3012, warning
Entity has no supertypes.

Module= CDA, Function= CD_211
Error code= 3003, warning
Specified attribute index is out of range.

Module= CDA, Function= CD_211
Error code= 3003, warning
Specified attribute index is out of range.

Module= CDA, Function= CD_211
Error code= 3003, warning
Specified attribute index is out of range.

Module= CDA, Function= CD_211
Error code= 3003, warning
Specified attribute index is out of range.

Module= CDA, Function= CD_211
Error code= 3003, warning
Specified attribute index is out of range.

Module= CDA, Function= CD_211
Error code= 3003, warning
Specified attribute index is out of range.

Module= CDA, Function= CD_211
Error code= 3003, warning
Specified attribute index is out of range.

Module= CDA, Function= CD_211
Error code= 3012, warning
Entity has no supertypes.

Module= CDA, Function= CD_211
Error code= 3003, warning
Specified attribute index is out of range.

Module= CDA, Function= CD_211
Error code= 3003, warning
Specified attribute index is out of range.

Module= CDA, Function= CD_211
Error code= 3003, warning
Specified attribute index is out of range.

Module= CDA, Function= CD_211
Error code= 3003, warning
Specified attribute index is out of range.

Module= CDA, Function= CD_211
Error code= 3003, warning
Specified attribute index is out of range.

Module= CDA, Function= CD_211
Error code= 3003, warning
Specified attribute index is out of range.

Module= CDA, Function= CD_211
Error code= 3012, warning
Entity has no supertypes.

Module= CDA, Function= CD_211
Error code= 3003, warning
Specified attribute index is out of range.

Module= CDA, Function= CD_211
Error code= 3003, warning
Specified attribute index is out of range.

Module= CDA, Function= CD_211
Error code= 3003, warning
Specified attribute index is out of range.

Module= CDA, Function= CD_211
Error code= 3003, warning
Specified attribute index is out of range.

Module= CDA, Function= CD_211
Error code= 3003, warning
Specified attribute index is out of range.

Module= CDA, Function= CD_211
Error code= 3012, warning
Entity has no supertypes.

Module= CDA, Function= CD_211
Error code= 3003, warning
Specified attribute index is out of range.

Module= CDA, Function= CD_211
Error code= 3003, warning
Specified attribute index is out of range.

Module= CDA, Function= CD_211
Error code= 3003, warning
Specified attribute index is out of range.

Module= CDA, Function= CD_211
Error code= 3003, warning
Specified attribute index is out of range.

Module= CDA, Function= CD_211
Error code= 3003, warning
Specified attribute index is out of range.

Module= CDA, Function= CD_211
Error code= 3003, warning
Specified attribute index is out of range.

Module= CDA, Function= CD_211
Error code= 3003, warning
Specified attribute index is out of range.

Module= CDA, Function= CD_211
Error code= 3012, warning
Entity has no supertypes.

Module= CDA, Function= CD_211
Error code= 3003, warning
Specified attribute index is out of range.

Module= CDA, Function= CD_211
Error code= 3003, warning
Specified attribute index is out of range.

Module= CDA, Function= CD_211
Error code= 3003, warning
Specified attribute index is out of range.

Module= CDA, Function= CD_211
Error code= 3003, warning
Specified attribute index is out of range.

Module= CDA, Function= CD_211
Error code= 3003, warning
Specified attribute index is out of range.

Module= CDA, Function= CD_211
Error code= 3003, warning
Specified attribute index is out of range.

Module= CDA, Function= CD_211
Error code= 3012, warning
Entity has no supertypes.

Module= CDA, Function= CD_211
Error code= 3003, warning
Specified attribute index is out of range.

Module= CDA, Function= CD_211
Error code= 3003, warning
Specified attribute index is out of range.

Module= CDA, Function= CD_211
Error code= 3003, warning
Specified attribute index is out of range.

Module= CDA, Function= CD_211
Error code= 3003, warning
Specified attribute index is out of range.

Module= CDA, Function= CD_211
Error code= 3003, warning
Specified attribute index is out of range.

Module= CDA, Function= CD_211
Error code= 3012, warning
Entity has no supertypes.

Module= CDA, Function= CD_211
Error code= 3003, warning
Specified attribute index is out of range.

Module= CDA, Function= CD_211
Error code= 3003, warning
Specified attribute index is out of range.

Module= CDA, Function= CD_211
Error code= 3003, warning
Specified attribute index is out of range.

Module= CDA, Function= CD_211
Error code= 3003, warning
Specified attribute index is out of range.

Module= CDA, Function= CD_211
Error code= 3003, warning
Specified attribute index is out of range.

Module= CDA, Function= CD_211
Error code= 3003, warning
Specified attribute index is out of range.

Module= CDA, Function= CD_211
Error code= 3003, warning
Specified attribute index is out of range.

Module= CDA, Function= CD_211
Error code= 3012, warning
Entity has no supertypes.

Module= CDA, Function= CD_211
Error code= 3003, warning
Specified attribute index is out of range.

Module= CDA, Function= CD_211
Error code= 3003, warning
Specified attribute index is out of range.

Module= CDA, Function= CD_211
Error code= 3003, warning
Specified attribute index is out of range.

Module= CDA, Function= CD_211
Error code= 3003, warning
Specified attribute index is out of range.

Module= CDA, Function= CD_211
Error code= 3003, warning
Specified attribute index is out of range.

Module= CDA, Function= CD_211
Error code= 3003, warning
Specified attribute index is out of range.

Module= CDA, Function= CD_211
Error code= 3012, warning
Entity has no supertypes.

Module= CDA, Function= CD_211
Error code= 3003, warning
Specified attribute index is out of range.

Module= CDA, Function= CD_211
Error code= 3003, warning
Specified attribute index is out of range.

Module= CDA, Function= CD_211
Error code= 3003, warning
Specified attribute index is out of range.

Module= CDA, Function= CD_211
Error code= 3003, warning
Specified attribute index is out of range.

Module= CDA, Function= CD_211
Error code= 3003, warning
Specified attribute index is out of range.

Module= CDA, Function= CD_211
Error code= 3012, warning
Entity has no supertypes.

Module= CDA, Function= CD_211
Error code= 3003, warning
Specified attribute index is out of range.

Module= CDA, Function= CD_211
Error code= 3003, warning
Specified attribute index is out of range.

Module= CDA, Function= CD_211
Error code= 3003, warning
Specified attribute index is out of range.

Module= CDA, Function= CD_211
Error code= 3003, warning
Specified attribute index is out of range.

Module= CDA, Function= CD_211
Error code= 3003, warning
Specified attribute index is out of range.

Module= CDA, Function= CD_211
Error code= 3003, warning
Specified attribute index is out of range.

Module= CDA, Function= CD_211
Error code= 3003, warning
Specified attribute index is out of range.

Module= CDA, Function= CD_211
Error code= 3012, warning
Entity has no supertypes.

Module= CDA, Function= CD_211
Error code= 3003, warning
Specified attribute index is out of range.

Module= CDA, Function= CD_211
Error code= 3003, warning
Specified attribute index is out of range.

Module= CDA, Function= CD_211
Error code= 3003, warning
Specified attribute index is out of range.

Module= CDA, Function= CD_211
Error code= 3003, warning
Specified attribute index is out of range.

Module= CDA, Function= CD_211
Error code= 3003, warning
Specified attribute index is out of range.

Module= CDA, Function= CD_211
Error code= 3003, warning
Specified attribute index is out of range.

Module= CDA, Function= CD_211
Error code= 3012, warning
Entity has no supertypes.


STEP file completely read

Configuration options used by the STEP File Scanner:

   Generation of a new SDAI-model (1 : Yes, 0 : No)        :    1
   Number of aggregation values processed simultaneously   :    100
   Dimension of nested aggregations possible               :    20
   String length possible for attributes of entity UNKNOWN :    1024
   Number of unknown typed instances allowed               :    3000
   Entity type names as long names (1 : Yes, 0 : No)       :    0

Statistics:

   Lines read         	        	 	:    5769
   Bytes read        	 			:    276914
   Simple instances (totally)   	 	:    3732
   Including :	User-defined instances		:    0
   		Scope-defining instances	:    0
   		Complex instances 	 	:    139
   		Unknown instances        	:    1
		Typeless instances	 	:    0
   Severe errors in STEP file detected          :    2
   Number of STEP file comments         	:    1
   Short names read (1 : Yes, 0 : No)           :    0
   Reading of short names could not be initialized

Messages:

   STEP File Scanner information logged        :    1241
   STEP File Scanner warnings logged           :    624


STEP Caselib version 4.1
Copyright (c) ProSTEP GmbH, Darmstadt, Germany 1992/98

STEP File Scanner

   Processing STEP file        : ././NC_HOLES/NC_HOLES.stp
   Creating SDAI-model in CDA identified by
      firstly  SDAI-model name : my_model
      secondly repository name : my_rep

Module= CDA, Function= CS_create_asi()
Error code= 2233, information
Repository name >my_rep< already exists.

Module= CDA, Function= CS_create_model()
Error code= 2105, warning
SDAI-model name >my_model< already exists or is empty.

Module= CDA, Function= CD_011()
Error code= 2105, warning
SDAI-model name >my_model< already exists or is empty.

Module= CDA, Function= CD_014()
Error code= 2103, warning
SDAI-model has already been opened.

Module= SCP, Function= sc_prs()
Error code= 0302, fatal error
CDA function error - increase verbosity for CDA messages!


STEP file cannot be stored

Configuration options used by the STEP File Scanner:

   Generation of a new SDAI-model (1 : Yes, 0 : No)        :    1
   Number of aggregation values processed simultaneously   :    100
   Dimension of nested aggregations possible               :    20
   String length possible for attributes of entity UNKNOWN :    1024
   Number of unknown typed instances allowed               :    3000
   Entity type names as long names (1 : Yes, 0 : No)       :    0

Statistics:

   Lines read         	        	 	:    1
   Bytes read        	 			:    0
   Simple instances (totally)   	 	:    0
   Including :	User-defined instances		:    0
   		Scope-defining instances	:    0
   		Complex instances 	 	:    0
   		Unknown instances        	:    0
		Typeless instances	 	:    0
   Severe errors in STEP file detected          :    1
   Number of STEP file comments         	:    0
   Short names read (1 : Yes, 0 : No)           :    0
   Reading of short names could not be initialized

Messages:

   STEP File Scanner information logged        :    1242
   STEP File Scanner warnings logged           :    623

Module= CDA, Function= CD_083()
Error code= 2212, error
Invalid SDAI-model key!

Module= CDA, Function= CD_083()
Error code= 2212, error
Invalid SDAI-model key!

Module= CDA, Function= CD_083()
Error code= 2212, error
Invalid SDAI-model key!

Module= CDA, Function= CD_083()
Error code= 2212, error
Invalid SDAI-model key!

Module= CDA, Function= CD_083()
Error code= 2212, error
Invalid SDAI-model key!

Module= CDA, Function= CD_083()
Error code= 2212, error
Invalid SDAI-model key!

Module= CDA, Function= CD_083()
Error code= 2212, error
Invalid SDAI-model key!

Module= CDA, Function= CD_083()
Error code= 2212, error
Invalid SDAI-model key!

Module= CDA, Function= CD_083()
Error code= 2212, error
Invalid SDAI-model key!

Module= CDA, Function= CD_083()
Error code= 2212, error
Invalid SDAI-model key!

Module= CDA, Function= CD_013()
Error code= 2212, error
Invalid SDAI-model key!

Module= CDA, Function= CD_014()
Error code= 2212, error
Invalid SDAI-model key!

