97.06.13 10:05 B c:\projects\booming\solutions\_vti_pvt\_x_todo.htm --> scotch /spidey/barry/solutions/_vti_pvt _x_todo.htm
97.06.13 10:05 B c:\projects\booming\solutions\_vti_pvt\_x_todoh.htm --> scotch /spidey/barry/solutions/_vti_pvt _x_todoh.htm
97.06.13 10:05 B c:\projects\booming\solutions\_vti_pvt\access.cnf --> scotch /spidey/barry/solutions/_vti_pvt access.cnf
97.06.13 10:05 B c:\projects\booming\solutions\_vti_pvt\deptodoc.btr --> scotch /spidey/barry/solutions/_vti_pvt deptodoc.btr
97.06.13 10:05 B c:\projects\booming\solutions\_vti_pvt\doctodep.btr --> scotch /spidey/barry/solutions/_vti_pvt doctodep.btr
97.06.13 10:05 B c:\projects\booming\solutions\_vti_pvt\service.cnf --> scotch /spidey/barry/solutions/_vti_pvt service.cnf
97.06.13 10:05 B c:\projects\booming\solutions\_vti_pvt\service.lck --> scotch /spidey/barry/solutions/_vti_pvt service.lck
97.06.16 15:31 B c:\projects\booming\solutions\_vti_pvt\_x_todo.htm --> scotch /spidey/barry/solutions/_vti_pvt _x_todo.htm
97.06.16 15:31 B c:\projects\booming\solutions\_vti_pvt\_x_todoh.htm --> scotch /spidey/barry/solutions/_vti_pvt _x_todoh.htm
97.06.16 15:31 B c:\projects\booming\solutions\_vti_pvt\access.cnf --> scotch /spidey/barry/solutions/_vti_pvt access.cnf
97.06.16 15:31 B c:\projects\booming\solutions\_vti_pvt\deptodoc.btr --> scotch /spidey/barry/solutions/_vti_pvt deptodoc.btr
97.06.16 15:31 B c:\projects\booming\solutions\_vti_pvt\doctodep.btr --> scotch /spidey/barry/solutions/_vti_pvt doctodep.btr
97.06.16 15:31 B c:\projects\booming\solutions\_vti_pvt\service.cnf --> scotch /spidey/barry/solutions/_vti_pvt service.cnf
97.06.16 15:31 B c:\projects\booming\solutions\_vti_pvt\service.lck --> scotch /spidey/barry/solutions/_vti_pvt service.lck
97.06.16 15:31 B c:\projects\booming\solutions\_vti_pvt\WS_FTP.LOG --> scotch /spidey/barry/solutions/_vti_pvt WS_FTP.LOG
97.06.16 16:19 B c:\projects\booming\solutions\_vti_pvt\_x_todo.htm --> scotch /spidey/barry/solutions/_vti_pvt _x_todo.htm
97.06.16 16:19 B c:\projects\booming\solutions\_vti_pvt\_x_todoh.htm --> scotch /spidey/barry/solutions/_vti_pvt _x_todoh.htm
97.06.16 16:19 B c:\projects\booming\solutions\_vti_pvt\access.cnf --> scotch /spidey/barry/solutions/_vti_pvt access.cnf
97.06.16 16:19 B c:\projects\booming\solutions\_vti_pvt\deptodoc.btr --> scotch /spidey/barry/solutions/_vti_pvt deptodoc.btr
97.06.16 16:19 B c:\projects\booming\solutions\_vti_pvt\doctodep.btr --> scotch /spidey/barry/solutions/_vti_pvt doctodep.btr
97.06.16 16:19 B c:\projects\booming\solutions\_vti_pvt\service.cnf --> scotch /spidey/barry/solutions/_vti_pvt service.cnf
97.06.16 16:19 B c:\projects\booming\solutions\_vti_pvt\service.lck --> scotch /spidey/barry/solutions/_vti_pvt service.lck
