#UGC:2 PART 967 400 0 1 1 15 1800 9709 00000992 \
#- VERS -1 1                                                         \
#- HOST moon                                                         \
#- LINK                                                              \
#- DBID new_boom_box                                                 \
#- REVS 4,1.1+                                                       \
#- RELL 7,Initial                                                    \
#- UOBJ_ID 853799819 408952427 -2139529277                           \
#- MACH SUN_SunOS_5.5_Generic                                        \
#-END_OF_UGC_HEADER
#P_OBJECT 6
@P_object 1 0
0 1 ->
@depend 2 0
1 2 [2]
2 2 
@model_name 3 10
3 3 CD_PLAYER1
@model_type 4 1
3 4 1
@revnum 5 1
3 5 116
@bom_count 6 1
3 6 1
@dep_type 7 1
3 7 8
@stamp 8 0
3 8 
@major_vers 9 0
4 9 
@vers 10 1
5 10 -1
@alias_name 11 10
5 11 
@minor_vers 12 0
4 12 
@vers 13 1
5 13 0
@reason 14 10
3 14 
2 2 
3 3 BOOM_BOX
3 4 1
3 5 2880
3 6 1
3 7 8
3 8 
4 9 
5 10 -1
5 11 
4 12 
5 13 8
3 14 
@dep_db 15 0
1 15 ->
@dep_db 16 0
2 16 [4]
3 16 ->
@to_model_id 17 1
4 17 0
@dep_type 18 1
4 18 4
@obj_id 19 1
4 19 0
@obj_type 20 1
4 20 242
3 16 ->
4 17 1
4 18 4
4 19 1
4 20 242
3 16 ->
4 17 1
4 18 4
4 19 2
4 20 242
3 16 ->
4 17 1
4 18 4
4 19 3
4 20 242
@model_db 21 0
2 21 [2]
3 21 ->
@model_t_type 22 1
4 22 1
@model_name 23 10
4 23 CD_PLAYER1
@generic_name 24 10
4 24 
@stamp 25 0
4 25 
3 21 ->
4 22 1
4 23 BOOM_BOX
4 24 
4 25 
@usr_rev 26 0
1 26 [3]
2 26 
@name 27 10
3 27 GUEST
@mod_time 28 0
3 28 
@tm_sec 29 1
4 29 49
@tm_min 30 1
4 30 19
@tm_hour 31 1
4 31 23
@tm_mday 32 1
4 32 1
@tm_mon 33 1
4 33 1
@tm_year 34 1
4 34 97
@action 35 1
3 35 1000
@comment 36 10
3 36 Hostname: 'IRIS'
@rel_level 37 10
3 37 Initial
@rev_string 38 10
3 38 1.1+
2 26 
3 27 DAVID
3 28 
4 29 1
4 30 39
4 31 14
4 32 28
4 33 1
4 34 97
3 35 1000
3 36 Hostname: 'monk'
3 37 Initial
3 38 1.1+
2 26 
3 27 USER
3 28 
4 29 1
4 30 48
4 31 11
4 32 10
4 33 2
4 34 97
3 35 1000
3 36 Hostname: 'ruislip'
3 37 Initial
3 38 1.1+
@revnum_std 39 1
1 39 58
@flag 40 1
1 40 0
@name 41 10
1 41 NULL
@inst_hidden 42 1
1 42 0
@old_name 43 10
1 43 NULL
@appl_data 44 0
1 44 ->
@bounding_box 45 2
2 45 [2][3]
$C059FC916707443C,0,C0507C916707443C
$403BF2459C1D10ER,4062FE48B383A21E,40507C916707443C
@ver_key 46 0
1 46 ->
@time 47 1
2 47 857994455
@random_num 48 1
2 48 386940357
@hostid 49 1
2 49 825701426
@last_read 50 1
1 50 -1
#END_OF_P_OBJECT
#Pro/ENGINEER  TM  Version H-01-27  (c) 1988-96 by Parametric Technology Corporation  All Rights Reserved. 9709
@Toc 51 0
0 51 ->
@entry 52 10
1 52 [128]
2 52 BasicData 2b9a 51c 0 967########################################################
2 52 BasicText 30b6 27e 0 967########################################################
2 52 GeomDepen 3334 72 0 967#########################################################
2 52 DispCntrl 33a6 42 0 967#########################################################
2 52 DisplData 33e8 38 0 967#########################################################
2 52 LargeText 3420 273 0 967########################################################
2 52 FamilyInf 3693 40 0 967#########################################################
2 52 VisibGeom 36d3 1441 0 967#######################################################
2 52 NovisGeom 4b14 1bb 0 967########################################################
2 52 ActEntity 4ccf baf 0 967########################################################
2 52 AllFeatur 587e 4347 0 967#######################################################
2 52 FullMData 9bc5 2564 0 967#######################################################
2 52 ModelView#0 c129 3f4 0 967######################################################
2 52 DispDataColor c51d 1be 0 967####################################################
2 52 DispDataTable c6db 69d 0 967####################################################
2 52 AssMrgPrt cd78 29 0 967#########################################################
2 52 ################################################################################
2 52 ################################################################################
2 52 ################################################################################
2 52 ################################################################################
2 52 ################################################################################
2 52 ################################################################################
2 52 ################################################################################
2 52 ################################################################################
2 52 ################################################################################
2 52 ################################################################################
2 52 ################################################################################
2 52 ################################################################################
2 52 ################################################################################
2 52 ################################################################################
2 52 ################################################################################
2 52 ################################################################################
2 52 ################################################################################
2 52 ################################################################################
2 52 ################################################################################
2 52 ################################################################################
2 52 ################################################################################
2 52 ################################################################################
2 52 ################################################################################
2 52 ################################################################################
2 52 ################################################################################
2 52 ################################################################################
2 52 ################################################################################
2 52 ################################################################################
2 52 ################################################################################
2 52 ################################################################################
2 52 ################################################################################
2 52 ################################################################################
2 52 ################################################################################
2 52 ################################################################################
2 52 ################################################################################
2 52 ################################################################################
2 52 ################################################################################
2 52 ################################################################################
2 52 ################################################################################
2 52 ################################################################################
2 52 ################################################################################
2 52 ################################################################################
2 52 ################################################################################
2 52 ################################################################################
2 52 ################################################################################
2 52 ################################################################################
2 52 ################################################################################
2 52 ################################################################################
2 52 ################################################################################
2 52 ################################################################################
2 52 ################################################################################
2 52 ################################################################################
2 52 ################################################################################
2 52 ################################################################################
2 52 ################################################################################
2 52 ################################################################################
2 52 ################################################################################
2 52 ################################################################################
2 52 ################################################################################
2 52 ################################################################################
2 52 ################################################################################
2 52 ################################################################################
2 52 ################################################################################
2 52 ################################################################################
2 52 ################################################################################
2 52 ################################################################################
2 52 ################################################################################
2 52 ################################################################################
2 52 ################################################################################
2 52 ################################################################################
2 52 ################################################################################
2 52 ################################################################################
2 52 ################################################################################
2 52 ################################################################################
2 52 ################################################################################
2 52 ################################################################################
2 52 ################################################################################
2 52 ################################################################################
2 52 ################################################################################
2 52 ################################################################################
2 52 ################################################################################
2 52 ################################################################################
2 52 ################################################################################
2 52 ################################################################################
2 52 ################################################################################
2 52 ################################################################################
2 52 ################################################################################
2 52 ################################################################################
2 52 ################################################################################
2 52 ################################################################################
2 52 ################################################################################
2 52 ################################################################################
2 52 ################################################################################
2 52 ################################################################################
2 52 ################################################################################
2 52 ################################################################################
2 52 ################################################################################
2 52 ################################################################################
2 52 ################################################################################
2 52 ################################################################################
2 52 ################################################################################
2 52 ################################################################################
2 52 ################################################################################
2 52 ################################################################################
2 52 ################################################################################
2 52 ################################################################################
2 52 ################################################################################
2 52 ################################################################################
2 52 ################################################################################
2 52 ################################################################################
2 52 ################################################################################
2 52 ################################################################################
#BasicData
@Sld_BasicData 1 0
0 1 ->
@tab_key 2 1
1 2 0
@tab_key_struct 3 0
1 3 ->
@tab_key_ptr 4 0
2 4 [33]
@cmprs_tabkey 5 0
2 5 NULL
@type 6 1
1 6 2
@revnum_ptr 7 0
1 7 ->
@geom_revnum 8 1
2 8 58
@cosm_revnum 9 1
2 9 2
@tol_default_ptr 10 0
1 10 ->
@type 11 1
2 11 10
@value 12 2
2 12 [7]
$0,3FB9R,3F847AE147AE147B,3F50624DD2F1A9FC,3F1A36E2EB1C432D,
$3EE4F8B588E368F1,3EB0C6F7A0B5ED8E
@ang_value 13 2
2 13 [7]
$0,6*3FE
@standard 14 1
2 14 0
@iso_tol_tbls_ptr 15 0
2 15 NULL
@datum_count 16 1
1 16 0
@axis_count 17 1
1 17 1
@insert_layer_id 18 1
1 18 -1
@layer_count 19 1
1 19 1
@rel_part_eps 20 2
1 20 3F53A92A30553261
@model_eps 21 2
1 21 0
@fixed_model_eps 22 1
1 22 0
@assembled_count 23 1
1 23 0
@part_type 24 1
1 24 1
@first_ent_id 25 1
1 25 519067
@first_view_id 26 1
1 26 0
@outline 27 2
1 27 [2][3]
$C059C,405A8,C0504
$403B,4062E,40504
@dim_num 28 1
1 28 6
@geom_lib_ptr 29 0
1 29 NULL
@attrib_array 30 1
1 30 [3]
$2*0,131072
@max_part_size 31 2
1 31 4067A8CC3ED6A748
@model_name 32 10
1 32 CD_PLAYER1_SKEL
@disp_outl_info 33 0
1 33 
@disp_outline 34 2
2 34 [2][3]
$C059FC916707443C,0,C0507C916707443C
$403BF2459C1D10ER,4062FE48B383A21E,40507C916707443C
@sel_outl_info 35 0
1 35 ->
@outline 36 2
2 36 [2][3]
$C059FC916707443C,0,C0507C916707443C
$403BF2459C1D10ER,4062FE48B383A21E,40507C916707443C
#BasicText
@Sld_BasicText 1 0
0 1 ->
@assem_mass_prop_ptr 2 0
1 2 NULL
@mass_prop_ptr 3 0
1 3 ->
@type 4 1
2 4 0
@density 5 2
2 5 0
@init_dens 6 5
2 6 0
@rel_density 7 2
2 7 0
@init_rel_dens 8 5
2 8 0
@aver_density 9 2
2 9 0
@vrevnum 10 1
2 10 -1
@volume 11 2
2 11 0
@cg 12 2
2 12 [3]
$3*0
@inertia 13 2
2 13 [3][3]
$3*0
$3*0
$3*0
@eps 14 2
2 14 0
@surfarea 15 2
2 15 0
@assign_mp_ptr 16 0
1 16 NULL
@mat_name_ptr 17 10
1 17 NULL
@unit_arr 18 0
1 18 [3]
2 18 
@type 19 1
3 19 11
@factor 20 2
3 20 3FA42850A142850A
@name 21 10
3 21 MM
@unit_type 22 1
3 22 0
2 18 
3 19 2
3 20 3FF
3 21 POUND
3 22 1
2 18 
3 19 11
3 20 3FF
3 21 HOURS
3 22 2
#GeomDepen
@Sld_GeomDepend 1 0
0 1 ->
@frst_geom_ptr 2 1
1 2 0
@fem_data 3 0
1 3 NULL
@first_quilt_ptr 4 1
1 4 32
#DispCntrl
@Sld_DispCntrl 1 0
0 1 ->
@color_prop_ptr 2 0
1 2 NULL
#DisplData
@Sld_DispData 1 0
0 1 ->
@disp_data 2 0
1 2 
#LargeText
@Sld_LargeText 1 0
0 1 ->
@names_table 2 0
1 2 [3]
2 2 ->
@id 3 1
3 3 2
@type 4 1
3 4 5
@name 5 10
3 5 SIDE
2 2 ->
3 3 4
3 4 5
3 5 FRONT
2 2 ->
3 3 6
3 4 5
3 5 TOP
@relpar_sets 6 0
1 6 [1]
2 6 
@id 7 1
3 7 -1
@type 8 1
3 8 2
@ext_ref_id 9 1
3 9 -1
@param_arr 10 0
3 10 [3]
4 10 ->
@sym 11 10
5 11 PDMREV
@value 12 0
5 12 
@type 13 1
6 13 51
@value(s_val) 14 10
6 14 1.1+
@bak_value 15 0
5 15 
6 13 51
6 14 1.1+
4 10 ->
5 11 PDMDB
5 12 
6 13 51
6 14 new_boom_box
5 15 
6 13 51
6 14 new_boom_box
4 10 ->
5 11 PDMRL
5 12 
6 13 51
6 14 Initial
5 15 
6 13 51
6 14 Initial
@relatnum 16 1
3 16 0
@cfg_states 17 0
1 17 NULL
#FamilyInf
@Sld_FamilyInfo 1 0
0 1 ->
@drv_tbl_ptr 2 0
1 2 NULL
#VisibGeom
@Sld_VisGeom 1 0
0 1 ->
@active_geom 2 0
1 2 
@srf_array 3 0
2 3 [10]
3 3 ->
@geom_type 4 1
4 4 34
@geom_id 5 1
4 5 2
@feat_id 6 1
4 6 1
@boundary_type 7 1
4 7 1
@envlp 8 2
4 8 [2][2]
$405A436E98F8BBC4,C0507C916707443C
$4062FE48B383A21E,40507C916707443C
@srf_prim_ptr(plane) 9 0
4 9 ->
@local_sys 10 2
5 10 [4][3]
$2*0,3FF
$3FF,2*0
$0,3FF,0
$3*0
@frst_cntr_ptr 11 0
4 11 NULL
@next_geom_ptr 12 1
4 12 0
@orient 13 1
4 13 1
@outline 14 2
4 14 [2][3]
$0,405A436E98F8BBC4,C0507C916707443C
$0,4062FE48B383A21E,40507C916707443C
3 3 ->
4 4 34
4 5 4
4 6 3
4 7 1
4 8 [2][2]
$C059FC916707443C,405A436E98F8BBC4
$403BF2459C1D10ER,4062FE48B383A21E
4 9 ->
5 10 [4][3]
$3FF,2*0
$0,3FF,0
$2*0,3FF
$3*0
4 11 NULL
4 12 0
4 13 1
4 14 [2][3]
$C059FC916707443C,405A436E98F8BBC4,0
$403BF2459C1D10F,4062FE48B383A21E,0
3 3 ->
4 4 34
4 5 6
4 6 5
4 7 1
4 8 [2][2]
$C0507C916707443C,C059FC916707443C
$40507C916707443C,403BF2459C1D10ER
4 9 ->
5 10 [4][3]
$0,3FF,0
$2*0,3FF
$3FF,2*0
$3*0
4 11 NULL
4 12 0
4 13 1
4 14 [2][3]
$C059FC916707443C,0,C0507C916707443C
$403BF2459C1D10F,0,40507C916707443C
3 3 ->
4 4 36
4 5 8
4 6 7
4 7 1
4 8 [2][2]
$0,405A8
$401921E11D6141FC,4062E
@srf_prim_ptr(cylinder) 15 0
4 15 ->
@local_sys 16 2
5 16 [4][3]
$0,3FF,0
$2*0,3FF
$3FF,2*0
$3*0
@radius 17 2
5 17 3F1A36E2EB1C432D
4 11 NULL
4 12 0
4 13 1
4 14 [2][3]
$BF1A36E2EB1C432D,405A8,BF1A36E2EB1C432D
$3F1A36E2EB1C432D,4062E,3F1A36E2EB1C432D
3 3 ->
4 4 34
4 5 14
4 6 11
4 7 0
4 8 [2][2]
$C059C,405A8
$403B,4062E
4 9 ->
5 10 [4][3]
$3FF,2*0
$0,3FF,0
$2*0,3FF
$2*0,40504
4 11 ->
@frst_cntr_crv_hdr_ptr 18 1
5 18 15
@trv 19 1
5 19 1
@envlp 20 2
5 20 [2][2]
$C059C,405A8
$403B,4062E
@next_cntr_ptr 21 0
4 21 NULL
4 12 19
4 13 1
4 14 [2][3]
$C059C,405A8,40504
$403B,4062E,40504
3 3 ->
4 4 34
4 5 19
4 6 11
4 7 0
4 8 [2][2]
$C059C,405A8
$403B,4062E
4 9 ->
5 10 [4][3]
$3FF,2*0
$0,3FF,0
$2*0,3FF
$2*0,C0504
4 11 ->
5 18 20
5 19 1
5 20 [2][2]
$C059C,405A8
$403B,4062E
4 21 NULL
4 12 24
4 13 -1
4 14 [2][3]
$C059C,405A8,C0504
$403B,4062E,C0504
3 3 ->
4 4 34
4 5 24
4 6 11
4 7 1
4 8 [2][2]
$0,C0604
$40468,0
4 9 ->
5 10 [4][3]
$2*0,BFF
$BFF,2*0
$0,3FF,0
$C059C,4062E,40504
4 11 ->
5 18 15
5 19 1
5 20 [2][2]
$0,C0604
$40468,0
4 21 NULL
4 12 26
4 13 1
4 14 [2][3]
$C059C,405A8,C0504
$C059C,4062E,40504
3 3 ->
4 4 34
4 5 26
4 6 11
4 7 1
4 8 [2][2]
$0,C0604
$40604,0
4 9 ->
5 10 [4][3]
$3FF,2*0
$2*0,BFF
$0,3FF,0
$C059C,405A8,40504
4 11 ->
5 18 16
5 19 1
5 20 [2][2]
$0,C0604
$40604,0
4 21 NULL
4 12 28
4 13 1
4 14 [2][3]
$C059C,405A8,C0504
$403B,405A8,40504
3 3 ->
4 4 34
4 5 28
4 6 11
4 7 1
4 8 [2][2]
$0,C0604
$40468,0
4 9 ->
5 10 [4][3]
$2*0,3FF
$3FF,2*0
$0,3FF,0
$403B,405A8,40504
4 11 ->
5 18 17
5 19 1
5 20 [2][2]
$0,C0604
$40468,0
4 21 NULL
4 12 30
4 13 1
4 14 [2][3]
$403B,405A8,C0504
$403B,4062E,40504
3 3 ->
4 4 34
4 5 30
4 6 11
4 7 1
4 8 [2][2]
$0,C0604
$40604,0
4 9 ->
5 10 [4][3]
$BFF,2*0
$2*0,3FF
$0,3FF,0
$403B,4062E,40504
4 11 ->
5 18 18
5 19 1
5 20 [2][2]
$0,C0604
$40604,0
4 21 NULL
4 12 0
4 13 1
4 14 [2][3]
$C059C,4062E,C0504
$403B,4062E,40504
@crv_array 22 0
2 22 [12]
3 22 ->
@crv_id 23 1
4 23 15
@feat_id 24 1
4 24 11
@type 25 1
4 25 0
@crv_pnt_dir 26 1
4 26 [2]
$-1,1
@crv_pnt_arr 27 2
4 27 [2][4]
$C059C,4062E,2*0
$C059C,405A8,40468,0
@crv_hdr_geom_ptr[0] 28 1
4 28 14
@crv_hdr_geom_ptr[1] 29 1
4 29 24
@next_crv_hdr_ptr[0] 30 1
4 30 18
@next_crv_hdr_ptr[1] 31 1
4 31 27
@ref_geom[0] 32 1
4 32 0
@ref_geom[1] 33 1
4 33 0
3 22 ->
4 23 16
4 24 11
4 25 0
4 26 [2]
$-1,1
4 27 [2][4]
$C059C,405A8,2*0
$403B,405A8,40604,0
4 28 14
4 29 26
4 30 15
4 31 29
4 32 0
4 33 0
3 22 ->
4 23 17
4 24 11
4 25 0
4 26 [2]
$-1,1
4 27 [2][4]
$403B,405A8,2*0
$403B,4062E,40468,0
4 28 14
4 29 28
4 30 16
4 31 31
4 32 0
4 33 0
3 22 ->
4 23 18
4 24 11
4 25 0
4 26 [2]
$-1,1
4 27 [2][4]
$403B,4062E,2*0
$C059C,4062E,40604,0
4 28 14
4 29 30
4 30 17
4 31 25
4 32 0
4 33 0
3 22 ->
4 23 20
4 24 11
4 25 0
4 26 [2]
$1,-1
4 27 [2][4]
$C059C,4062E,0,C0604
$C059C,405A8,40468,C0604
4 28 19
4 29 24
4 30 21
4 31 25
4 32 0
4 33 0
3 22 ->
4 23 21
4 24 11
4 25 0
4 26 [2]
$1,-1
4 27 [2][4]
$C059C,405A8,0,C0604
$403B,405A8,40604,C0604
4 28 19
4 29 26
4 30 22
4 31 27
4 32 0
4 33 0
3 22 ->
4 23 22
4 24 11
4 25 0
4 26 [2]
$1,-1
4 27 [2][4]
$403B,405A8,0,C0604
$403B,4062E,40468,C0604
4 28 19
4 29 28
4 30 23
4 31 29
4 32 0
4 33 0
3 22 ->
4 23 23
4 24 11
4 25 0
4 26 [2]
$1,-1
4 27 [2][4]
$403B,4062E,0,C0604
$C059C,4062E,40604,C0604
4 28 19
4 29 30
4 30 20
4 31 31
4 32 0
4 33 0
3 22 ->
4 23 25
4 24 11
4 25 0
4 26 [2]
$-1,1
4 27 [2][4]
$2*0,40604,0
$0,C0604,40604,C0604
4 28 24
4 29 30
4 30 15
4 31 23
4 32 0
4 33 0
3 22 ->
4 23 27
4 24 11
4 25 0
4 26 [2]
$-1,1
4 27 [2][4]
$2*0,40468,0
$0,C0604,40468,C0604
4 28 26
4 29 24
4 30 16
4 31 20
4 32 0
4 33 0
3 22 ->
4 23 29
4 24 11
4 25 0
4 26 [2]
$-1,1
4 27 [2][4]
$2*0,40604,0
$0,C0604,40604,C0604
4 28 28
4 29 26
4 30 17
4 31 21
4 32 0
4 33 0
3 22 ->
4 23 31
4 24 11
4 25 0
4 26 [2]
$-1,1
4 27 [2][4]
$2*0,40468,0
$0,C0604,40468,C0604
4 28 30
4 29 28
4 30 18
4 31 22
4 32 0
4 33 0
@qlt_array 34 0
2 34 [1]
3 34 ->
@quilt_id 35 1
4 35 32
@data_type 36 1
4 36 57
@attr 37 1
4 37 -2147483647
@feat_id 38 1
4 38 11
@first_geom_ptr 39 1
4 39 14
@used_by_feat_id 40 1
4 40 -1
@next_quilt_ptr 41 1
4 41 0
#NovisGeom
@Sld_NonVisGeom 1 0
0 1 ->
@inactive_geom 2 0
1 2 
@srf_array 3 0
2 3 [1]
3 3 ->
@geom_type 4 1
4 4 34
@geom_id 5 1
4 5 13
@feat_id 6 1
4 6 12
@boundary_type 7 1
4 7 -1
@envlp 8 2
4 8 [2][2]
$2*0
$2*0
@srf_prim_ptr(plane) 9 0
4 9 ->
@local_sys 10 2
5 10 [4][3]
$3FF,2*0
$0,3FF,0
$2*0,3FF
$3*0
@frst_cntr_ptr 11 0
4 11 NULL
@next_geom_ptr 12 1
4 12 0
@orient 13 1
4 13 1
@outline 14 2
4 14 [2][3]
$3*0
$3*0
@external_geom 15 0
1 15 
#ActEntity
@Sld_Entities 1 0
0 1 ->
@act_feat_ents 2 0
1 2 [4]
2 2 
@feat_id 3 1
3 3 1
@datum_id 4 1
3 4 2
@entity_ptr(cosmetic) 5 0
3 5 ->
@type 6 1
4 6 50
@id 7 1
4 7 -1
@gen_info 8 0
4 8 
@owner_type 9 1
4 9 1
@owner_id 10 1
4 10 2
@text_ptr 11 0
4 11 ->
@text_type 12 1
5 12 14
@text_value 13 10
5 13 SIDE
@txt_attrib 14 1
5 14 1
@owner_id 15 1
5 15 1
@height 16 2
5 16 BFF
@width_factor 17 2
5 17 BFF
@format_info 18 0
5 18 
@thickness 19 2
5 19 BFF
@cosm_disp_ents 20 0
4 20 ->
@first_disp_ent(line) 21 0
5 21 ->
@id 22 1
6 22 -1
@gen_info 23 0
6 23 
@flip 24 1
6 24 2
@end1 25 2
6 25 [3]
$405A436E98F8BBC4,C0507C916707443C,0
@end2 26 2
6 26 [3]
$405A436E98F8BBC4,40507C916707443C,0
@entity(line) 27 0
5 27 ->
6 22 -1
6 23 
6 24 2
6 25 [3]
$405A436E98F8BBC4,40507C916707443C,0
6 26 [3]
$4062FE48B383A21E,40507C916707443C,0
5 27 ->
6 22 -1
6 23 
6 24 2
6 25 [3]
$4062FE48B383A21E,40507C916707443C,0
6 26 [3]
$4062FE48B383A21E,C0507C916707443C,0
5 27 ->
6 22 -1
6 23 
6 24 2
6 25 [3]
$4062FE48B383A21E,C0507C916707443C,0
6 26 [3]
$405A436E98F8BBC4,C0507C916707443C,0
@plane_ptr 28 0
4 28 NULL
@attr 29 1
4 29 0
2 2 
3 3 3
3 4 4
3 5 ->
4 6 50
4 7 -1
4 8 
4 9 1
4 10 4
4 11 ->
5 12 14
5 13 FRONT
5 14 1
5 15 3
5 16 BFF
5 17 BFF
5 18 
5 19 BFF
4 20 ->
5 21 ->
6 22 -1
6 23 
6 24 4
6 25 [3]
$C059FC916707443C,405A436E98F8BBC4,0
6 26 [3]
$C059FC916707443C,4062FE48B383A21E,0
5 27 ->
6 22 -1
6 23 
6 24 4
6 25 [3]
$C059FC916707443C,4062FE48B383A21E,0
6 26 [3]
$403BF2459C1D10ER,4062FE48B383A21E,0
5 27 ->
6 22 -1
6 23 
6 24 4
6 25 [3]
$403BF2459C1D10ER,4062FE48B383A21E,0
6 26 [3]
$403BF2459C1D10ER,405A436E98F8BBC4,0
5 27 ->
6 22 -1
6 23 
6 24 4
6 25 [3]
$403BF2459C1D10ER,405A436E98F8BBC4,0
6 26 [3]
$C059FC916707443C,405A436E98F8BBC4,0
4 28 NULL
4 29 0
2 2 
3 3 5
3 4 6
3 5 ->
4 6 50
4 7 -1
4 8 
4 9 1
4 10 6
4 11 ->
5 12 14
5 13 TOP
5 14 1
5 15 5
5 16 BFF
5 17 BFF
5 18 
5 19 BFF
4 20 ->
5 21 ->
6 22 -1
6 23 
6 24 6
6 25 [3]
$C0507C916707443C,C059FC916707443C,0
6 26 [3]
$C0507C916707443C,403BF2459C1D10ER,0
5 27 ->
6 22 -1
6 23 
6 24 6
6 25 [3]
$C0507C916707443C,403BF2459C1D10ER,0
6 26 [3]
$40507C916707443C,403BF2459C1D10ER,0
5 27 ->
6 22 -1
6 23 
6 24 6
6 25 [3]
$40507C916707443C,403BF2459C1D10ER,0
6 26 [3]
$40507C916707443C,C059FC916707443C,0
5 27 ->
6 22 -1
6 23 
6 24 6
6 25 [3]
$40507C916707443C,C059FC916707443C,0
6 26 [3]
$C0507C916707443C,C059FC916707443C,0
4 28 NULL
4 29 0
2 2 
3 3 7
3 4 -1
@entity_ptr(line3d) 30 0
3 30 ->
@type 31 1
4 31 11
@id 32 1
4 32 9
@gen_info 33 0
4 33 
@geom_id 34 1
4 34 8
@end1 35 2
4 35 [3]
$0,405A8,0
@end2 36 2
4 36 [3]
$0,405A8,BF1A36E2EB1C432D
@entity(line3d) 37 0
3 37 ->
4 31 13
4 32 10
4 33 
@color 38 1
5 38 1
4 34 8
4 35 [3]
$0,405A8,0
4 36 [3]
$0,4062E,0
@entity(text) 39 0
3 39 ->
@text_type 40 1
4 40 19
@text_value 41 10
4 41 CD_AXIS
@txt_attrib 42 1
4 42 1
@coord 43 2
4 43 [3]
$407A71DDE71754B7,4079B5F9566C78B4,C07C75AF93A456ER
@height 44 2
4 44 BFF
@width_factor 45 2
4 45 BFF
@format_info 46 0
4 46 
@thickness 47 2
4 47 BFF
#AllFeatur
@Sld_Features 1 0
0 1 ->
@first_feat_ptr 2 0
1 2 ->
@id 3 1
2 3 1
@indep_attributes 4 1
2 4 4097
@feat_type_ptr 5 0
2 5 ->
@table_id 6 1
3 6 -1
@type 7 1
3 7 923
@feattype_key 8 10
3 8 NULL
@form 9 1
3 9 0
@attributes 10 1
3 10 [3]
$3*0
@placement 11 1
3 11 0
@intersection 12 1
3 12 -1
@internal_udf_type 13 1
3 13 -1
@param_choice_ptr 14 0
3 14 ->
@blend_choice 15 1
4 15 0
@depth_choice 16 1
4 16 0
@angle_choice 17 1
4 17 -1
@pat_choice 18 1
4 18 -1
@round_choice 19 1
4 19 -1
@subsec_choice 20 1
4 20 -1
@sweep_choice 21 1
4 21 0
@dome_choice 22 1
4 22 0
@draft_choice 23 1
4 23 0
@misc_choice 24 1
4 24 [2]
$2*0
@assoc_type 25 1
3 25 0
@symbol_key 26 1
2 26 -1
@sect_name 27 10
2 27 SIDE
@model_type 28 1
2 28 2
@idtab_ptr 29 0
2 29 ->
@srf_id_arr 30 1
3 30 [1][4]
$2,3*0
@save_geoms 31 0
3 31 NULL
@cr_flags_xar 32 1
3 32 [29]
$3*-1,-2049,2*-1,-16777217,3*-1,-536870913,-1,-1126176897,-2,-2097185,
$-2097665,-1,-1073741843,-1,-1073741825,-257,-261121,-1,-32769,-1,-4194305,
$67108863,2*0
@cvt_feat_dat 33 0
3 33 NULL
@feat_dates_ptr 34 0
3 34 ->
@creat_date 35 1
4 35 180021
@regen_date 36 1
4 36 180021
@group_info_ptr 37 0
2 37 NULL
@intrs_pairs_ptr 38 0
2 38 ->
@place_rec_ptr 39 0
2 39 ->
@local_sys 40 2
3 40 [4][3]
$2*0,3FF
$3FF,2*0
$0,3FF,0
$3*0
@place_instruction_ptrs 41 0
3 41 [1]
4 41 ->
@type 42 1
5 42 512
@offset 43 2
5 43 3FF
@dim_id 44 1
5 44 -1
@ref_id 45 1
5 45 0
@geometry1_id 46 1
5 46 48
@geometry2_id 47 1
5 47 2
@memb_num1 48 1
5 48 0
@memb_num2 49 1
5 49 0
@attr 50 1
5 50 33280
@plin_info_arr 51 0
5 51 [2]
6 51 ->
@type 52 1
7 52 1
@data(plin_info_ref) 53 0
7 53 ->
@id_type1 54 1
8 54 -4
@id_type2 55 1
8 55 5
@offset2 56 2
8 56 0
6 51 ->
7 52 6
@data(plin_info_ui_step) 57 0
7 57 ->
@step_ids 58 1
8 58 [1]
9 58 -100
@own_ref_id 59 1
3 59 0
@orient 60 1
3 60 1
@trf_arr 61 0
3 61 [1]
4 61 
@type 62 1
5 62 11
@idx 63 1
5 63 0
@transf 64 2
5 64 [4][3]
$2*0,3FF
$3FF,2*0
$0,3FF,0
$3*0
@next_prop 65 0
2 65 NULL
@first_geom_id 66 1
2 66 2
@cond_tbl_idx 67 1
2 67 -1
@comment 68 10
2 68 NULL
@merge_info_ptr 69 0
2 69 NULL
@topology_increment 70 0
2 70 ->
@first_geom 71 1
3 71 0
@first_quilt 72 1
3 72 0
@outline 73 2
3 73 [2][3]
$3*0
$3*0
@max_part_size 74 2
3 74 0
@xform_increment 75 0
3 75 NULL
@roll_back_id 76 1
3 76 -1
@state_ind 77 1
2 77 -1
@alumni_info 78 0
2 78 NULL
@revnum 79 1
2 79 1
@rev_rec 80 0
2 80 ->
@revnums 81 0
3 81 [2]
4 81 ->
@owner_type 82 1
5 82 3
@owner_ind 83 1
5 83 -1
@ref_id 84 1
5 84 -1
@ref_revnum 85 1
5 85 -1
@memb_tab_revnums 86 1
5 86 [1]
6 86 0
4 81 ->
5 82 1
5 83 -1
5 84 0
5 85 4
@num_plins 87 1
3 87 1
@expl_state_ref 88 0
2 88 NULL
@feat_outl_info 89 0
2 89 ->
@ent_outl 90 2
3 90 [2][3]
$0,405A436E98F8BBC4,C0507C916707443C
$0,4062FE48B383A21E,40507C916707443C
@next_feat_ptr 91 0
1 91 ->
2 3 3
2 4 4097
2 5 ->
3 6 -1
3 7 923
3 8 NULL
3 9 0
3 10 [3]
$3*0
3 11 0
3 12 -1
3 13 -1
3 14 ->
4 15 0
4 16 0
4 17 -1
4 18 -1
4 19 -1
4 20 -1
4 21 0
4 22 0
4 23 0
4 24 [2]
$2*0
3 25 0
2 26 -1
2 27 FRONT
2 28 2
2 29 ->
3 30 [1][4]
$4,3*0
3 31 NULL
3 32 [29]
$3*-1,-2049,2*-1,-16777217,3*-1,-536870913,-1,-1126176897,-2,-2097185,
$-2097665,-1,-1073741843,-1,-1073741825,-257,-261121,-1,-32769,-1,-4194305,
$67108863,2*0
3 33 NULL
3 34 ->
4 35 180021
4 36 180021
2 37 NULL
2 38 ->
2 39 ->
3 40 [4][3]
$3FF,2*0
$0,3FF,0
$2*0,3FF
$3*0
3 41 [1]
4 41 ->
5 42 512
5 43 3FF
5 44 -1
5 45 0
5 46 52
5 47 4
5 48 0
5 49 0
5 50 33280
5 51 [2]
6 51 ->
7 52 1
7 53 ->
8 54 -4
8 55 5
8 56 0
6 51 ->
7 52 6
7 57 ->
8 58 [1]
9 58 -100
3 59 0
3 60 1
3 61 [1]
4 61 
5 62 11
5 63 0
5 64 [4][3]
$3FF,2*0
$0,3FF,0
$2*0,3FF
$3*0
2 65 NULL
2 66 4
2 67 -1
2 68 NULL
2 69 NULL
2 70 ->
3 71 0
3 72 0
3 73 [2][3]
$3*0
$3*0
3 74 0
3 75 NULL
3 76 -1
2 77 -1
2 78 NULL
2 79 1
2 80 ->
3 81 [2]
4 81 ->
5 82 3
5 83 -1
5 84 -1
5 85 -1
5 86 [1]
6 86 0
4 81 ->
5 82 1
5 83 -1
5 84 0
5 85 4
3 87 1
2 88 NULL
2 89 ->
3 90 [2][3]
$C059FC916707443C,405A436E98F8BBC4,0
$403BF2459C1D10ER,4062FE48B383A21E,0
1 91 ->
2 3 5
2 4 4097
2 5 ->
3 6 -1
3 7 923
3 8 NULL
3 9 0
3 10 [3]
$3*0
3 11 0
3 12 -1
3 13 -1
3 14 ->
4 15 0
4 16 0
4 17 -1
4 18 -1
4 19 -1
4 20 -1
4 21 0
4 22 0
4 23 0
4 24 [2]
$2*0
3 25 0
2 26 -1
2 27 TOP
2 28 2
2 29 ->
3 30 [1][4]
$6,3*0
3 31 NULL
3 32 [29]
$3*-1,-2049,2*-1,-16777217,3*-1,-536870913,-1,-1126176897,-2,-2097185,
$-2097665,-1,-1073741843,-1,-1073741825,-257,-261121,-1,-32769,-1,-4194305,
$67108863,2*0
3 33 NULL
3 34 ->
4 35 180021
4 36 180021
2 37 NULL
2 38 ->
2 39 ->
3 40 [4][3]
$0,3FF,0
$2*0,3FF
$3FF,2*0
$3*0
3 41 [1]
4 41 ->
5 42 512
5 43 3FF
5 44 -1
5 45 0
5 46 50
5 47 6
5 48 0
5 49 0
5 50 33280
5 51 [2]
6 51 ->
7 52 1
7 53 ->
8 54 -4
8 55 5
8 56 0
6 51 ->
7 52 6
7 57 ->
8 58 [1]
9 58 -100
3 59 0
3 60 1
3 61 [1]
4 61 
5 62 11
5 63 0
5 64 [4][3]
$0,3FF,0
$2*0,3FF
$3FF,2*0
$3*0
2 65 NULL
2 66 6
2 67 -1
2 68 NULL
2 69 NULL
2 70 ->
3 71 0
3 72 0
3 73 [2][3]
$3*0
$3*0
3 74 0
3 75 NULL
3 76 -1
2 77 -1
2 78 NULL
2 79 1
2 80 ->
3 81 [2]
4 81 ->
5 82 3
5 83 -1
5 84 -1
5 85 -1
5 86 [1]
6 86 0
4 81 ->
5 82 1
5 83 -1
5 84 0
5 85 4
3 87 1
2 88 NULL
2 89 ->
3 90 [2][3]
$C059FC916707443C,0,C0507C916707443C
$403BF2459C1D10ER,0,40507C916707443C
1 91 ->
2 3 7
2 4 4097
2 5 ->
3 6 -1
3 7 926
3 8 NULL
3 9 0
3 10 [3]
$4,2*0
3 11 0
3 12 -1
3 13 -1
3 14 ->
4 15 0
4 16 0
4 17 -1
4 18 -1
4 19 -1
4 20 -1
4 21 0
4 22 0
4 23 0
4 24 [2]
$2*0
3 25 0
2 26 -1
2 27 no_name
2 28 2
2 29 ->
3 30 [1][4]
$8,3*0
@misc_id_tab 92 0
3 92 [2]
4 92 
@misc_hist 93 1
5 93 [5]
$9,530,8,-1,500
4 92 
5 93 [5]
$10,531,8,-1,500
3 31 NULL
3 32 [29]
$3*-1,-2049,2*-1,-16777217,3*-1,-536870913,-1,-1126176897,-2,-2097185,
$-2097665,-1,-1073741843,-1,-1073741825,-257,-261121,-1,-32769,-1,-4194305,
$67108863,2*0
3 33 NULL
3 34 ->
4 35 180021
4 36 180021
2 37 NULL
2 38 ->
2 39 ->
3 40 [4][3]
$0,3FF,0
$2*0,3FF
$3FF,2*0
$3*0
3 41 [2]
4 41 ->
5 42 703
5 43 0
5 44 -1
5 45 -1
5 46 4
5 47 8
5 48 0
5 49 0
5 50 0
5 51 [2]
6 51 ->
7 52 1
7 53 ->
8 54 -4
8 55 5
8 56 0
6 51 ->
7 52 6
7 57 ->
8 58 [1]
9 58 -100
4 41 ->
5 42 703
5 43 0
5 44 -1
5 45 -1
5 46 2
5 47 8
5 48 0
5 49 0
5 50 0
5 51 [2]
6 51 ->
7 52 1
7 53 ->
8 54 -4
8 55 5
8 56 0
6 51 ->
7 52 6
7 57 ->
8 58 [1]
9 58 -100
3 59 -1
3 60 0
3 61 [2]
4 61 
5 62 8
5 63 0
5 64 [4][3]
$0,3FF,0
$2*0,3FF
$3FF,2*0
$3*0
4 61 
5 62 9
5 63 0
5 64 [4][3]
$2*0,401921E11D6141FC
$2*3FF,0
$2*0,3FF
$3*0
2 65 NULL
2 66 8
2 67 -1
2 68 NULL
2 69 NULL
@parent_table 94 1
2 94 [2]
$1,3
2 70 ->
3 71 0
3 72 0
3 73 [2][3]
$3*0
$3*0
3 74 0
3 75 NULL
3 76 -1
2 77 -1
2 78 NULL
2 79 1
2 80 ->
3 87 2
2 88 NULL
2 89 ->
3 90 [2][3]
$0,405A8,0
$0,4062E,0
1 91 ->
2 3 12
2 4 1
2 5 ->
3 6 -1
3 7 923
3 8 NULL
3 9 0
3 10 [3]
$3,2*0
3 11 0
3 12 -1
3 13 -1
3 14 ->
4 15 0
4 16 0
4 17 -1
4 18 970
4 19 -1
4 20 -1
4 21 0
4 22 0
4 23 0
4 24 [2]
$2*0
3 25 0
2 26 -1
2 27 no_name
2 28 2
2 29 ->
3 30 [1][4]
$13,3*0
3 31 NULL
3 32 [29]
$3*-1,-2049,2*-1,-16777217,3*-1,-536870913,-1,-1126176897,-2,-2097185,
$-2097665,-1,-1073741843,-1,-1073741825,-257,-261121,-1,-32769,-1,-4194305,
$67108863,2*0
3 33 NULL
3 34 ->
4 35 180021
4 36 180021
2 37 NULL
2 38 ->
2 39 ->
3 40 [4][3]
$3FF,2*0
$0,3FF,0
$2*0,3FF
$3*0
3 41 [2]
4 41 ->
5 42 509
5 43 3FF
5 44 -1
5 45 -1
5 46 4
5 47 13
5 48 0
5 49 0
5 50 32768
5 51 [2]
6 51 ->
7 52 1
7 53 ->
8 54 -4
8 55 5
8 56 0
6 51 ->
7 52 6
7 57 ->
8 58 [1]
9 58 -100
4 41 ->
5 42 510
5 43 3FF
5 44 -1
5 45 -1
5 46 6
5 47 13
5 48 0
5 49 0
5 50 32768
5 51 [2]
6 51 ->
7 52 1
7 53 ->
8 54 -4
8 55 5
8 56 0
6 51 ->
7 52 6
7 57 ->
8 58 [1]
9 58 -100
3 59 -1
3 60 1
3 61 [1]
4 61 
5 62 11
5 63 0
5 64 [4][3]
$3FF,2*0
$0,3FF,0
$2*0,3FF
$3*0
2 65 NULL
2 66 13
2 67 -1
2 68 NULL
2 69 NULL
2 94 [2]
$3,5
2 70 ->
3 71 0
3 72 0
3 73 [2][3]
$3*C07B103406E63ADE
$3*407B103406E63ADE
3 74 0
3 75 NULL
3 76 -1
2 77 -1
2 78 NULL
2 79 0
2 80 ->
3 87 2
2 88 NULL
2 89 NULL
1 91 ->
2 3 11
2 4 4097
2 5 ->
3 6 -1
3 7 942
3 8 NULL
3 9 1
3 10 [3]
$134217728,65536,0
3 11 0
3 12 991
3 13 -1
3 14 ->
4 15 0
4 16 1073741824
4 17 -1
4 18 -1
4 19 -1
4 20 -1
4 21 0
4 22 0
4 23 0
4 24 [2]
$16384,2
3 25 0
2 26 -1
2 27 no_name
2 28 2
2 29 ->
3 30 [6][4]
$14,204,2*0
$19,203,2*0
$24,200,2*0
$26,200,1,0
$28,200,2,0
$30,200,3,0
@edg_id_arr 95 1
3 95 [12][6]
$15,221,3*0,24
$16,221,1,2*0,26
$17,221,2,2*0,28
$18,221,3,2*0,30
$20,222,3*0,19
$21,222,1,2*0,19
$22,222,2,2*0,19
$23,222,3,2*0,19
$25,303,2*0,3,30
$27,303,1,2*0,24
$29,303,2,0,1,26
$31,303,3,0,2,28
3 92 [1]
4 92 
5 93 [5]
$32,200,11,-1,501
@dtm_id_tab 96 0
3 96 [1]
4 96 
@dtm_id 97 1
5 97 13
@dim_id 98 1
5 98 -1
3 31 ->
@new_quilts 99 1
4 99 [1]
5 99 32
@sv_frst_geom 100 1
4 100 14
3 32 [29]
$3*-1,-2049,2*-1,-16777217,3*-1,-536870913,-1,-1126176897,-2,-2097185,
$-2097665,-1,-1073741843,-1,-1073741825,-257,-261121,-1,-32769,-1,-4194305,
$67108863,2*0
3 33 NULL
3 34 ->
4 35 180021
4 36 180021
2 37 NULL
2 38 ->
2 39 ->
3 40 [4][3]
$3FF,2*0
$0,3FF,0
$2*0,3FF
$2*0,40504
3 41 [1]
4 41 ->
5 42 1854
5 43 0
5 44 5
5 45 -1
5 46 -1
5 47 -1
5 48 0
5 49 0
5 50 0
5 51 [1]
6 51 ->
7 52 6
7 57 ->
8 58 [1]
9 58 3
3 59 -1
3 60 0
3 61 [2]
4 61 
5 62 1
5 63 0
5 64 [4][3]
$3FF,2*0
$0,3FF,0
$2*0,3FF
$3*0
4 61 
5 62 12
5 63 0
5 64 [4][3]
$3FF,2*0
$0,3FF,0
$2*0,3FF
$2*0,40504
2 65 NULL
2 66 14
@gsec_ptr 101 0
2 101 [1]
3 101 
@type 102 1
4 102 2
@is_ref_gsec 103 1
4 103 0
@name 104 10
4 104 S2D0004
@gsec2d_ptr 105 0
4 105 ->
@name 106 10
5 106 S2D0004
@segtab_ptr 107 0
5 107 [7]
6 107 
@type 108 1
7 108 2
@dir 109 1
7 109 [3]
$0,-1,0
@pointid 110 1
7 110 [2]
$0,1
@cntrid 111 1
7 111 1
@arcorient 112 1
7 112 0
@verhor 113 1
7 113 0
@radius 114 1
7 114 0
@ext_id 115 1
7 115 0
@gen_info 116 0
7 116 
@ent_spec_data(null_ptr) 117 0
7 117 ->
@known_ent_info 118 0
7 118 
@attr 119 1
8 119 0
@known_ent_id 120 1
8 120 -1
6 107 
7 108 2
7 109 [3]
$1,2*0
7 110 [2]
$1,2
7 111 1
7 112 0
7 113 2
7 114 0
7 115 1
7 116 
7 117 ->
7 118 
8 119 0
8 120 -1
6 107 
7 108 2
7 109 [3]
$0,1,0
7 110 [2]
$2,3
7 111 0
7 112 0
7 113 3
7 114 0
7 115 2
7 116 
7 117 ->
7 118 
8 119 0
8 120 -1
6 107 
7 108 2
7 109 [3]
$-1,2*0
7 110 [2]
$3,0
7 111 0
7 112 0
7 113 1
7 114 0
7 115 3
7 116 
7 117 ->
7 118 
8 119 0
8 120 -1
6 107 
7 108 5
7 109 [3]
$0,1,0
7 110 [2]
$2*4
7 111 4
7 112 0
7 113 0
7 114 0
7 115 4
7 116 
7 117 ->
7 118 
8 119 0
8 120 -1
6 107 
7 108 32770
7 109 [3]
$0,-1,0
7 110 [2]
$5,6
7 111 6
7 112 0
7 113 0
7 114 0
7 115 5
7 116 
@attributes 121 1
8 121 8
7 117 ->
7 118 
8 119 0
8 120 -1
6 107 
7 108 32770
7 109 [3]
$1,2*0
7 110 [2]
$7,8
7 111 8
7 112 0
7 113 1
7 114 0
7 115 6
7 116 
8 121 8
7 117 ->
7 118 
8 119 0
8 120 -1
@dimtab_ptr 122 0
5 122 [5]
6 122 
@type 123 1
7 123 42
@value 124 2
7 124 0
@direct 125 1
7 125 0
@property 126 1
7 126 0
@leftpt 127 1
7 127 [2]
@rightpt 128 1
7 128 [2]
@offset 129 2
7 129 0
@ext_id 130 1
7 130 0
@dispdimattr 131 0
7 131 
@dimattr 132 1
8 132 [4]
$4*0
@dim_ref 133 0
7 133 [2]
8 133 
@item_id 134 1
9 134 5
@sense 135 1
9 135 4
@point 136 1
9 136 [2]
$2*-1
8 133 
9 134 4
9 135 4
9 136 [2]
$2*-1
6 122 
7 123 1
7 124 40604
7 125 0
7 126 0
7 127 [2]
7 128 [2]
7 129 0
7 130 1
7 131 
8 132 [4]
$524322,3*0
7 133 [2]
8 133 
9 134 3
9 135 -1
9 136 [2]
$2*3
8 133 
9 134 -1
9 135 -1
9 136 [2]
$2*0
6 122 
7 123 5
7 124 405A8
7 125 0
7 126 0
7 127 [2]
7 128 [2]
7 129 0
7 130 4
7 131 
8 132 [4]
$34,3*0
7 133 [2]
8 133 
9 134 1
9 135 -1
9 136 [2]
$1,2
8 133 
9 134 6
9 135 -1
9 136 [2]
$7,8
6 122 
7 123 1
7 124 40468
7 125 0
7 126 0
7 127 [2]
7 128 [2]
7 129 0
7 130 5
7 131 
8 132 [4]
$524322,3*0
7 133 [2]
8 133 
9 134 2
9 135 -1
9 136 [2]
$2*2
8 133 
9 134 -1
9 135 -1
9 136 [2]
$2*3
6 122 
7 123 5
7 124 403B
7 125 0
7 126 0
7 127 [2]
7 128 [2]
7 129 0
7 130 6
7 131 
8 132 [4]
$34,3*0
7 133 [2]
8 133 
9 134 5
9 135 -1
9 136 [2]
$5,6
8 133 
9 134 2
9 135 -1
9 136 [2]
$2,3
@relat_ptr 137 0
5 137 [11]
6 137 
@id 138 1
7 138 3
@used 139 1
7 139 0
@a 140 1
7 140 [4]
$4,5,2*-1
@b 141 1
7 141 [4]
$4*0
@c 142 2
7 142 [4]
$3FF,BFF,3FF,0
@sign 143 1
7 143 0
@idim 144 1
7 144 -1
@type 145 1
7 145 0
6 137 
7 138 8
7 139 0
7 140 [4]
$1,7,2*-1
7 141 [4]
$2*1,2*0
7 142 [4]
$3FF,BFF,2*3FF
7 143 -1
7 144 2
7 145 0
6 137 
7 138 12
7 139 1
7 140 [4]
$5,2,2*-1
7 141 [4]
$4*0
7 142 [4]
$3FF,BFF,2*3FF
7 143 1
7 144 4
7 145 0
6 137 
7 138 13
7 139 16
7 140 [4]
$7,3*0
7 141 [4]
$4*0
7 142 [4]
$4*3FF
7 143 1
7 144 -1
7 145 7
6 137 
7 138 5
7 139 0
7 140 [4]
$0,1,2*-1
7 141 [4]
$4*0
7 142 [4]
$3FF,BFF,2*3FF
7 143 0
7 144 0
7 145 0
6 137 
7 138 0
7 139 0
7 140 [4]
$1,2,1,2
7 141 [4]
$2*0,2*1
7 142 [4]
$3FF,2*BFF,3FF
7 143 2
7 144 -1
7 145 9
6 137 
7 138 1
7 139 0
7 140 [4]
$2,3,2,3
7 141 [4]
$2*0,2*1
7 142 [4]
$3FF,2*BFF,3FF
7 143 3
7 144 -1
7 145 9
6 137 
7 138 6
7 139 0
7 140 [4]
$3,0,2*-1
7 141 [4]
$2*1,2*0
7 142 [4]
$3FF,BFF,2*3FF
7 143 0
7 144 0
7 145 0
6 137 
7 138 2
7 139 0
7 140 [4]
$4,0,2*-1
7 141 [4]
$2*1,2*0
7 142 [4]
$3FF,BFF,2*3FF
7 143 0
7 144 -1
7 145 0
6 137 
7 138 11
7 139 0
7 140 [4]
$2,3,2,3
7 141 [4]
$2*0,2*1
7 142 [4]
$BFF,3FF,BFF,3FF
7 143 3
7 144 3
7 145 37
6 137 
7 138 7
7 139 0
7 140 [4]
$3,0,2*-1
7 141 [4]
$4*0
7 142 [4]
$3FF,BFF,2*3FF
7 143 -1
7 144 1
7 145 0
@formula_ptr 146 1
5 146 [11]
$0,1,2,3,4,5,6,7,8,9,10
@qind 147 1
5 147 -1
@anchor 148 0
5 148 NULL
@totalpointid 149 1
5 149 9
@checkarcs_flag 150 1
5 150 1
@location 151 0
5 151 ->
@id 152 1
6 152 0
@param 153 2
6 153 0
@type 154 1
6 154 0
@nsket_info 155 0
5 155 ->
@scale 156 2
6 156 405058EE2A210013
@m 157 1
6 157 50
@last_was_permanent 158 1
6 158 0
@unsolved_ptr 159 0
5 159 ->
@iges_file 160 10
6 160 NULL
@solve_version 161 1
5 161 1
@segdscr_tab 162 0
5 162 [7]
6 162 
@ent_mode 163 1
7 163 0
@segm_ent_ptr(ent_ptr) 164 0
7 164 ->
6 162 
7 163 0
7 164 ->
6 162 
7 163 0
7 164 ->
6 162 
7 163 0
7 164 ->
6 162 
7 163 0
7 164 ->
6 162 
7 163 0
7 164 ->
6 162 
7 163 0
7 164 ->
@skamp_ptr 165 0
5 165 [8]
6 165 
@id 166 1
7 166 0
@type 167 1
7 167 0
@flags 168 1
7 168 0
@status 169 1
7 169 3
@items 170 0
7 170 [2]
8 170 
@ent_id 171 1
9 171 1
@sense 172 1
9 172 2
8 170 
9 171 0
9 172 3
6 165 
7 166 1
7 167 0
7 168 0
7 169 3
7 170 [2]
8 170 
9 171 2
9 172 2
8 170 
9 171 1
9 172 3
6 165 
7 166 2
7 167 0
7 168 0
7 169 3
7 170 [2]
8 170 
9 171 3
9 172 2
8 170 
9 171 2
9 172 3
6 165 
7 166 3
7 167 0
7 168 0
7 169 3
7 170 [2]
8 170 
9 171 3
9 172 3
8 170 
9 171 0
9 172 2
6 165 
7 166 23
7 167 7
7 168 8192
7 169 2
7 170 [2]
8 170 
9 171 1
9 172 0
8 170 
9 171 6
9 172 0
6 165 
7 166 26
7 167 7
7 168 8192
7 169 2
7 170 [2]
8 170 
9 171 2
9 172 0
8 170 
9 171 5
9 172 0
6 165 
7 166 4
7 167 2
7 168 0
7 169 3
7 170 [1]
8 170 
9 171 0
9 172 0
6 165 
7 166 7
7 167 1
7 168 0
7 169 3
7 170 [1]
8 170 
9 171 3
9 172 0
@triples_ptr 173 0
5 173 [4]
6 173 
@rel_id 174 1
7 174 -1
@eqn_id 175 1
7 175 3
@skamp_id 176 1
7 176 23
6 173 
7 174 -1
7 175 4
7 176 26
6 173 
7 174 5
7 175 5
7 176 4
6 173 
7 174 6
7 175 6
7 176 7
@gsec3d_ptr 177 0
4 177 ->
@type 178 1
5 178 7
@name 179 10
5 179 S2D0004
@flip 180 1
5 180 1
@own_ref_id 181 1
5 181 2
@first_chain_ptr 182 0
5 182 NULL
@quilt_id 183 1
5 183 -1
@plane_id 184 1
5 184 13
@plane_flip 185 1
5 185 1
@ref_planes 186 0
5 186 [2]
6 186 
@plane_id 187 1
7 187 48
@ref_type 188 1
7 188 5
@ext_ref_id 189 1
7 189 1
@seg_id 190 1
7 190 5
@flip_flag 191 1
7 191 0
@save_entity_ptr(line) 192 0
7 192 ->
@type 193 1
8 193 32770
@id 194 1
8 194 0
@gen_info 195 0
8 195 
9 121 8
@end1 196 2
8 196 [3]
$3*0
@end2 197 2
8 197 [3]
$0,C059,0
@back_entity_ptr(line) 198 0
7 198 ->
8 193 32770
8 194 0
8 195 
9 121 8
8 196 [3]
$3*0
8 197 [3]
$0,C059,0
6 186 
7 187 37
7 188 5
7 189 3
7 190 6
7 191 0
7 192 ->
8 193 32770
8 194 0
8 195 
9 121 8
8 196 [3]
$3*0
8 197 [3]
$4059,2*0
7 198 ->
8 193 32770
8 194 0
8 195 
9 121 8
8 196 [3]
$3*0
8 197 [3]
$4059,2*0
@order_ptr 199 0
4 199 [4]
5 199 
@id 200 1
6 200 0
@flip 201 1
6 201 2
5 199 
6 200 1
6 201 0
5 199 
6 200 2
6 201 0
5 199 
6 200 3
6 201 4
@dim_id_tab 202 1
4 202 [5]
$0,1,2,3,4
@attributes 203 1
4 203 262144
@xsec_id 204 1
4 204 -1
@gsec_info_arr 205 0
4 205 [1]
5 205 
@application_type 206 1
6 206 2
@application_id 207 1
6 207 1
@secsolve_revnum 208 1
4 208 0
@rel_accuracy 209 2
4 209 BFF
@cr_flags 210 1
4 210 63
@p_saved_result 211 0
4 211 ->
@entity(line) 212 0
5 212 ->
6 194 0
6 195 
6 196 [3]
$C059C,4062E,0
6 197 [3]
$C059C,405A8,0
5 212 ->
6 194 1
6 195 
6 196 [3]
$C059C,405A8,0
6 197 [3]
$403B,405A8,0
5 212 ->
6 194 2
6 195 
6 196 [3]
$403B,405A8,0
6 197 [3]
$403B,4062E,0
5 212 ->
6 194 3
6 195 
6 196 [3]
$403B,4062E,0
6 197 [3]
$C059C,4062E,0
5 212 ->
6 193 5
6 194 4
6 195 
@flip 213 1
6 213 0
6 196 [3]
$0,4059F,0
6 197 [3]
$0,406328,0
5 212 ->
6 193 32770
6 194 5
6 195 
7 121 8
6 196 [3]
$3*0
6 197 [3]
$0,C059,0
5 212 ->
6 193 32770
6 194 6
6 195 
7 121 8
6 196 [3]
$3*0
6 197 [3]
$4059,2*0
@local_sys 214 2
5 214 [4][3]
$3FF,2*0
$0,3FF,0
$2*0,3FF
$3*0
2 67 -1
2 68 NULL
2 69 NULL
2 94 [1]
3 94 12
2 70 ->
3 71 0
3 72 0
3 73 [2][3]
$3*0
$3*0
3 74 0
3 75 NULL
3 76 -1
2 77 -1
2 78 NULL
2 79 4
2 80 ->
3 81 [3]
4 81 ->
5 82 5
5 83 -1
5 84 -1
5 85 -1
5 86 [2]
$1,0
4 81 ->
5 82 4
5 83 0
5 84 0
5 85 4
5 86 [1]
6 86 3
4 81 ->
5 82 4
5 83 0
5 84 1
5 85 -1
5 86 [2]
$2,1
3 87 1
2 88 NULL
2 89 NULL
1 91 NULL
@layer_list 215 0
1 215 [6]
2 215 
@feat_id 216 1
3 216 1
@layer_id 217 1
3 217 0
@back_layer_id 218 1
3 218 0
2 215 
3 216 3
3 217 0
3 218 0
2 215 
3 216 5
3 217 0
3 218 0
2 215 
3 216 7
3 217 0
3 218 0
2 215 
3 216 12
3 217 0
3 218 0
2 215 
3 216 11
3 217 0
3 218 0
#FullMData
@Sld_FullData 1 0
0 1 ->
@first_member_ptr 2 0
1 2 NULL
@alumni_members 3 0
1 3 NULL
@ref_part_table 4 0
1 4 [4]
2 4 ->
@name 5 10
3 5 CD_PLAYER1
@id 6 1
3 6 -1
@type 7 1
3 7 1
@revnum 8 1
3 8 -1
@memb_id_tab 9 1
3 9 [1]
4 9 76
@dep_id 10 1
3 10 0
@attributes 11 1
3 11 0
@simpl_rep 12 0
3 12 NULL
2 4 ->
3 5 BOOM_BOX
3 6 -1
3 7 1
3 8 -1
3 9 [1]
4 9 1944
3 10 1
3 11 0
3 12 NULL
2 4 ->
3 5 BOOM_BOX
3 6 -1
3 7 1
3 8 -1
3 9 [2]
$1949,76
3 10 2
3 11 0
3 12 NULL
2 4 ->
3 5 BOOM_BOX
3 6 -1
3 7 1
3 8 -1
3 9 [2]
$1933,8
3 10 3
3 11 0
3 12 NULL
@first_xsec_ptr 13 0
1 13 NULL
@lang_ptr 14 0
1 14 ->
@interact_on 15 1
2 15 -1
@first_csys_ptr 16 0
1 16 NULL
@dim_array 17 0
1 17 [6]
2 17 ->
@type 18 1
3 18 8
@dim_type 19 1
3 19 42
@feat_id 20 1
3 20 11
@attributes 21 1
3 21 32
@dim_dat_ptr 22 0
3 22 ->
@value 23 2
4 23 0
@bck_value 24 2
4 24 0
@tol_ptr 25 0
4 25 ->
@type 26 1
5 26 9
@tol_type 27 1
5 27 3
@dual_digits_diff 28 1
5 28 999
@value 29 2
5 29 [2]
$2*3F847AE147AE147B
@nominal_value 30 2
4 30 0
@bound 31 1
4 31 20
@bck_bound 32 1
4 32 -1
@bck_tol_ptr 33 0
4 33 ->
@value 34 2
5 34 [2]
$2*3F847AE147AE147B
@datum_def_id 35 1
4 35 -1
@places_denom 36 1
4 36 2
@bck_places_denom 37 1
4 37 2
@dim_data_attrib 38 1
4 38 0
@dim_cosm_ptr 39 0
3 39 ->
@d0 40 2
4 40 0
@d1 41 2
4 41 0
@d2 42 2
4 42 0
@d3 43 2
4 43 0
@ord_info 44 0
4 44 NULL
@attach_ptr 45 0
3 45 NULL
@dim_text_ptr 46 0
3 46 ->
@symbol 47 10
4 47 d0
@parent_dim_id 48 1
3 48 -1
2 17 ->
3 18 8
3 19 1
3 20 11
3 21 289
3 22 ->
4 23 40604
4 24 40604
4 25 ->
5 26 9
5 27 3
5 28 999
5 29 [2]
$2*3F847AE147AE147B
4 30 40604
4 31 20
4 32 -1
4 33 ->
5 34 [2]
$2*3F847AE147AE147B
4 35 -1
4 36 2
4 37 2
4 38 0
3 39 ->
4 40 3FE299BDB53EC40F
4 41 4067F90190190195
4 42 3FDACC84958277E1
4 43 403B1EDB6DB6DB6D
4 44 NULL
3 45 NULL
3 46 ->
4 47 d1
3 48 -1
2 17 ->
3 18 8
3 19 5
3 20 11
3 21 289
3 22 ->
4 23 405A8
4 24 405A8
4 25 ->
5 26 9
5 27 3
5 28 999
5 29 [2]
$2*3F847AE147AE147B
4 30 405A8
4 31 20
4 32 -1
4 33 ->
5 34 [2]
$2*3F847AE147AE147B
4 35 -1
4 36 2
4 37 2
4 38 0
3 39 ->
4 40 405B02DAF375498F
4 41 C05B0A46D2988C25
4 42 3FE89B14580C8A4C
4 43 403B1EDB6DB6DB6D
4 44 NULL
3 45 NULL
3 46 ->
4 47 d2
3 48 -1
2 17 ->
3 18 8
3 19 1
3 20 11
3 21 289
3 22 ->
4 23 40468
4 24 40468
4 25 ->
5 26 9
5 27 3
5 28 999
5 29 [2]
$2*3F847AE147AE147B
4 30 40468
4 31 20
4 32 -1
4 33 ->
5 34 [2]
$2*3F847AE147AE147B
4 35 -1
4 36 2
4 37 2
4 38 0
3 39 ->
4 40 4059566F0D469ED
4 41 3FDD392A67B27517
4 42 3FDD392A67B27517
4 43 403B1EDB6DB6DB6D
4 44 NULL
3 45 NULL
3 46 ->
4 47 d3
3 48 -1
2 17 ->
3 18 8
3 19 5
3 20 11
3 21 289
3 22 ->
4 23 403B
4 24 403B
4 25 ->
5 26 9
5 27 3
5 28 999
5 29 [2]
$2*3F847AE147AE147B
4 30 403B
4 31 20
4 32 -1
4 33 ->
5 34 [2]
$2*3F847AE147AE147B
4 35 -1
4 36 2
4 37 2
4 38 0
3 39 ->
4 40 3FE6FC818A3CE587
4 41 4042DDF919EDACDE
4 42 3FDBF20628F3961B
4 43 403B1EDB6DB6DB6F
4 44 NULL
3 45 NULL
3 46 ->
4 47 d4
3 48 -1
2 17 ->
3 18 8
3 19 62
3 20 11
3 21 385
3 22 ->
4 23 40604
4 24 40604
4 25 ->
5 26 9
5 27 3
5 28 999
5 29 [2]
$2*3F847AE147AE147B
4 30 40604
4 31 20
4 32 -1
4 33 ->
5 34 [2]
$2*3F847AE147AE147B
4 35 -1
4 36 2
4 37 2
4 38 0
3 39 ->
4 40 0
4 41 0
4 42 0
4 43 0
4 44 NULL
3 45 NULL
3 46 ->
4 47 d5
3 48 -1
@ipar_num 49 1
1 49 0
@smt_info_ptr 50 0
1 50 NULL
@cable_info_ptr 51 0
1 51 NULL
@comp_info_ptr 52 0
1 52 NULL
@prt_misc_ptr 53 0
1 53 ->
@shrink_data_ptr 54 0
2 54 NULL
@expld_mv_info 55 0
1 55 NULL
@state_info_ptr 56 0
1 56 NULL
@alumni_feats 57 0
1 57 NULL
@p_mdl_grid 58 0
1 58 NULL
@mdl_status_ptr 59 0
1 59 ->
@layer_list 60 0
2 60 [6]
3 60 
@feat_id 61 1
4 61 1
@layer_id 62 1
4 62 0
@back_layer_id 63 1
4 63 0
3 60 
4 61 3
4 62 0
4 63 0
3 60 
4 61 5
4 62 0
4 63 0
3 60 
4 61 7
4 62 0
4 63 0
3 60 
4 61 12
4 62 0
4 63 0
3 60 
4 61 11
4 62 0
4 63 0
@rev_arr_sizes 64 0
2 64 [2]
3 64 
@rev 65 0
4 65 
@major_rev 66 1
5 66 1
@minor_rev 67 1
5 67 0
@array_sizes 68 0
4 68 [11]
5 68 
@ids_types 69 0
6 69 [10]
7 69 
@id 70 1
8 70 -1
@db_type 71 1
8 71 8
7 69 
8 70 -1
8 71 -1
7 69 
8 70 -1
8 71 -1
7 69 
8 70 -1
8 71 -1
7 69 
8 70 -1
8 71 -1
7 69 
8 70 -1
8 71 -1
7 69 
8 70 -1
8 71 -1
7 69 
8 70 -1
8 71 -1
7 69 
8 70 -1
8 71 -1
7 69 
8 70 -1
8 71 -1
@size 72 1
6 72 0
5 68 
6 69 [10]
7 69 
8 70 -1
8 71 69
7 69 
8 70 -1
8 71 -1
7 69 
8 70 -1
8 71 -1
7 69 
8 70 -1
8 71 -1
7 69 
8 70 -1
8 71 -1
7 69 
8 70 -1
8 71 -1
7 69 
8 70 -1
8 71 -1
7 69 
8 70 -1
8 71 -1
7 69 
8 70 -1
8 71 -1
7 69 
8 70 -1
8 71 -1
6 72 0
5 68 
6 69 [10]
7 69 
8 70 -1
8 71 28
7 69 
8 70 -1
8 71 -1
7 69 
8 70 -1
8 71 -1
7 69 
8 70 -1
8 71 -1
7 69 
8 70 -1
8 71 -1
7 69 
8 70 -1
8 71 -1
7 69 
8 70 -1
8 71 -1
7 69 
8 70 -1
8 71 -1
7 69 
8 70 -1
8 71 -1
7 69 
8 70 -1
8 71 -1
6 72 0
5 68 
6 69 [10]
7 69 
8 70 -1
8 71 32
7 69 
8 70 -1
8 71 -1
7 69 
8 70 -1
8 71 -1
7 69 
8 70 -1
8 71 -1
7 69 
8 70 -1
8 71 -1
7 69 
8 70 -1
8 71 -1
7 69 
8 70 -1
8 71 -1
7 69 
8 70 -1
8 71 -1
7 69 
8 70 -1
8 71 -1
7 69 
8 70 -1
8 71 -1
6 72 0
5 68 
6 69 [10]
7 69 
8 70 -1
8 71 42
7 69 
8 70 -1
8 71 -1
7 69 
8 70 -1
8 71 -1
7 69 
8 70 -1
8 71 -1
7 69 
8 70 -1
8 71 -1
7 69 
8 70 -1
8 71 -1
7 69 
8 70 -1
8 71 -1
7 69 
8 70 -1
8 71 -1
7 69 
8 70 -1
8 71 -1
7 69 
8 70 -1
8 71 -1
6 72 0
5 68 
6 69 [10]
7 69 
8 70 -1
8 71 39
7 69 
8 70 -1
8 71 -1
7 69 
8 70 -1
8 71 -1
7 69 
8 70 -1
8 71 -1
7 69 
8 70 -1
8 71 -1
7 69 
8 70 -1
8 71 -1
7 69 
8 70 -1
8 71 -1
7 69 
8 70 -1
8 71 -1
7 69 
8 70 -1
8 71 -1
7 69 
8 70 -1
8 71 -1
6 72 0
5 68 
6 69 [10]
7 69 
8 70 -1
8 71 68
7 69 
8 70 -1
8 71 -1
7 69 
8 70 -1
8 71 -1
7 69 
8 70 -1
8 71 -1
7 69 
8 70 -1
8 71 -1
7 69 
8 70 -1
8 71 -1
7 69 
8 70 -1
8 71 -1
7 69 
8 70 -1
8 71 -1
7 69 
8 70 -1
8 71 -1
7 69 
8 70 -1
8 71 -1
6 72 0
5 68 
6 69 [10]
7 69 
8 70 -1
8 71 200
7 69 
8 70 -1
8 71 -1
7 69 
8 70 -1
8 71 -1
7 69 
8 70 -1
8 71 -1
7 69 
8 70 -1
8 71 -1
7 69 
8 70 -1
8 71 -1
7 69 
8 70 -1
8 71 -1
7 69 
8 70 -1
8 71 -1
7 69 
8 70 -1
8 71 -1
7 69 
8 70 -1
8 71 -1
6 72 11
5 68 
6 69 [10]
7 69 
8 70 -1
8 71 320
7 69 
8 70 -1
8 71 -1
7 69 
8 70 -1
8 71 -1
7 69 
8 70 -1
8 71 -1
7 69 
8 70 -1
8 71 -1
7 69 
8 70 -1
8 71 -1
7 69 
8 70 -1
8 71 -1
7 69 
8 70 -1
8 71 -1
7 69 
8 70 -1
8 71 -1
7 69 
8 70 -1
8 71 -1
6 72 1
5 68 
6 69 [10]
7 69 
8 70 -1
8 71 321
7 69 
8 70 -1
8 71 -1
7 69 
8 70 -1
8 71 -1
7 69 
8 70 -1
8 71 -1
7 69 
8 70 -1
8 71 -1
7 69 
8 70 -1
8 71 -1
7 69 
8 70 -1
8 71 -1
7 69 
8 70 -1
8 71 -1
7 69 
8 70 -1
8 71 -1
7 69 
8 70 -1
8 71 -1
6 72 0
5 68 
6 69 [10]
7 69 
8 70 0
8 71 35
7 69 
8 70 1
8 71 2147372324
7 69 
8 70 23866960
8 71 0
7 69 
8 70 0
8 71 275816400
7 69 
8 70 40245788
8 71 0
7 69 
8 70 -1
8 71 321
7 69 
8 70 -1
8 71 -1
7 69 
8 70 -1
8 71 -1
7 69 
8 70 -1
8 71 275816400
7 69 
8 70 27031604
8 71 -1
6 72 1
3 64 
4 65 
5 66 1
5 67 1
4 68 [11]
5 68 
6 69 [10]
7 69 
8 70 -1
8 71 8
7 69 
8 70 -1
8 71 -1
7 69 
8 70 -1
8 71 -1
7 69 
8 70 -1
8 71 -1
7 69 
8 70 -1
8 71 -1
7 69 
8 70 -1
8 71 -1
7 69 
8 70 -1
8 71 -1
7 69 
8 70 -1
8 71 -1
7 69 
8 70 -1
8 71 -1
7 69 
8 70 -1
8 71 -1
6 72 6
5 68 
6 69 [10]
7 69 
8 70 -1
8 71 69
7 69 
8 70 -1
8 71 -1
7 69 
8 70 -1
8 71 -1
7 69 
8 70 -1
8 71 -1
7 69 
8 70 -1
8 71 -1
7 69 
8 70 -1
8 71 -1
7 69 
8 70 -1
8 71 -1
7 69 
8 70 -1
8 71 -1
7 69 
8 70 -1
8 71 -1
7 69 
8 70 -1
8 71 -1
6 72 0
5 68 
6 69 [10]
7 69 
8 70 -1
8 71 28
7 69 
8 70 -1
8 71 -1
7 69 
8 70 -1
8 71 -1
7 69 
8 70 -1
8 71 -1
7 69 
8 70 -1
8 71 -1
7 69 
8 70 -1
8 71 -1
7 69 
8 70 -1
8 71 -1
7 69 
8 70 -1
8 71 -1
7 69 
8 70 -1
8 71 -1
7 69 
8 70 -1
8 71 -1
6 72 0
5 68 
6 69 [10]
7 69 
8 70 -1
8 71 32
7 69 
8 70 -1
8 71 -1
7 69 
8 70 -1
8 71 -1
7 69 
8 70 -1
8 71 -1
7 69 
8 70 -1
8 71 -1
7 69 
8 70 -1
8 71 -1
7 69 
8 70 -1
8 71 -1
7 69 
8 70 -1
8 71 -1
7 69 
8 70 -1
8 71 -1
7 69 
8 70 -1
8 71 -1
6 72 0
5 68 
6 69 [10]
7 69 
8 70 -1
8 71 42
7 69 
8 70 -1
8 71 -1
7 69 
8 70 -1
8 71 -1
7 69 
8 70 -1
8 71 -1
7 69 
8 70 -1
8 71 -1
7 69 
8 70 -1
8 71 -1
7 69 
8 70 -1
8 71 -1
7 69 
8 70 -1
8 71 -1
7 69 
8 70 -1
8 71 -1
7 69 
8 70 -1
8 71 -1
6 72 0
5 68 
6 69 [10]
7 69 
8 70 -1
8 71 39
7 69 
8 70 -1
8 71 -1
7 69 
8 70 -1
8 71 -1
7 69 
8 70 -1
8 71 -1
7 69 
8 70 -1
8 71 -1
7 69 
8 70 -1
8 71 -1
7 69 
8 70 -1
8 71 -1
7 69 
8 70 -1
8 71 -1
7 69 
8 70 -1
8 71 -1
7 69 
8 70 -1
8 71 -1
6 72 0
5 68 
6 69 [10]
7 69 
8 70 -1
8 71 68
7 69 
8 70 -1
8 71 -1
7 69 
8 70 -1
8 71 -1
7 69 
8 70 -1
8 71 -1
7 69 
8 70 -1
8 71 -1
7 69 
8 70 -1
8 71 -1
7 69 
8 70 -1
8 71 -1
7 69 
8 70 -1
8 71 -1
7 69 
8 70 -1
8 71 -1
7 69 
8 70 -1
8 71 -1
6 72 0
5 68 
6 69 [10]
7 69 
8 70 -1
8 71 200
7 69 
8 70 -1
8 71 -1
7 69 
8 70 -1
8 71 -1
7 69 
8 70 -1
8 71 -1
7 69 
8 70 -1
8 71 -1
7 69 
8 70 -1
8 71 -1
7 69 
8 70 -1
8 71 -1
7 69 
8 70 -1
8 71 -1
7 69 
8 70 -1
8 71 -1
7 69 
8 70 -1
8 71 -1
6 72 33
5 68 
6 69 [10]
7 69 
8 70 -1
8 71 320
7 69 
8 70 -1
8 71 -1
7 69 
8 70 -1
8 71 -1
7 69 
8 70 -1
8 71 -1
7 69 
8 70 -1
8 71 -1
7 69 
8 70 -1
8 71 -1
7 69 
8 70 -1
8 71 -1
7 69 
8 70 -1
8 71 -1
7 69 
8 70 -1
8 71 -1
7 69 
8 70 -1
8 71 -1
6 72 4
5 68 
6 69 [10]
7 69 
8 70 -1
8 71 321
7 69 
8 70 -1
8 71 -1
7 69 
8 70 -1
8 71 -1
7 69 
8 70 -1
8 71 -1
7 69 
8 70 -1
8 71 -1
7 69 
8 70 -1
8 71 -1
7 69 
8 70 -1
8 71 -1
7 69 
8 70 -1
8 71 -1
7 69 
8 70 -1
8 71 -1
7 69 
8 70 -1
8 71 -1
6 72 0
5 68 
6 69 [10]
7 69 
8 70 0
8 71 35
7 69 
8 70 1
8 71 2147372500
7 69 
8 70 23866960
8 71 0
7 69 
8 70 0
8 71 275812304
7 69 
8 70 40245788
8 71 0
7 69 
8 70 -1
8 71 321
7 69 
8 70 -1
8 71 -1
7 69 
8 70 -1
8 71 -1
7 69 
8 70 -1
8 71 275812304
7 69 
8 70 27031604
8 71 -1
6 72 1
@orig_name 73 10
2 73 NULL
@rev_modif_types 74 0
2 74 [2]
3 74 
@rev 75 0
4 75 
5 66 1
5 67 0
3 74 
4 75 
5 66 1
5 67 1
@ribbon_info_ptr 76 0
1 76 NULL
@p_xref_data 77 0
1 77 ->
#ModelView#0
@View 1 0
0 1 ->
@id 2 1
1 2 0
@viewattr 3 0
1 3 
@attr_arr 4 1
2 4 [4]
$1,0,64,0
@mpoint 5 0
1 5 
@id 6 1
2 6 0
@coord 7 2
2 7 [3]
$3*0
@first_instr_ptr 8 0
2 8 NULL
@attach_ptr 9 0
2 9 NULL
@vpoint 10 0
1 10 
2 6 0
2 7 [3]
$407F4,407A5E,0
2 8 NULL
2 9 NULL
@orient 11 2
1 11 [4][4]
$3FF,3*0
$0,3FF,2*0
$2*0,3FF,0
$3*0,3FF
@local_sys 12 2
1 12 [4][4]
$3FF,3*0
$0,3FF,2*0
$2*0,3FF,0
$3*0,3FF
@first_instr_ptr 13 0
1 13 ->
@type 14 1
2 14 100
@geom_id 15 1
2 15 -1
@view_id 16 1
2 16 -1
@memb_num 17 1
2 17 0
@offset 18 2
2 18 0
@matrix 19 0
2 19 NULL
@next_instr_ptr 20 0
1 20 NULL
@outer_xsec_index 21 1
1 21 -1
@next_view_id 22 1
1 22 -2
@simp_rep_id 23 1
1 23 0
@name 24 10
1 24 no name
@matrix 25 2
1 25 [4][4]
$3FF,3*0
$0,3FF,2*0
$2*0,3FF,0
$3*0,3FF
@fit_outline 26 2
1 26 [2][3]
$3*0
$3*0
@det_info_ptr 27 0
1 27 NULL
@named_view_pzmatr 28 0
1 28 NULL
@page_id 29 1
1 29 0
@model_name 30 10
1 30 NULL
@unrep_model_name 31 10
1 31 NULL
@saved_pro_dls 32 0
1 32 ->
@explode_state 33 0
1 33 NULL
#DispDataColor
@ref_color_table 1 0
0 1 
@ref_color_arr 2 0
1 2 [1]
2 2 
@maximum 3 2
3 3 [3]
$3*3FF
@ambient 4 2
3 4 3FECR
@diffuse 5 2
3 5 3FECR
@specular 6 2
3 6 3FE9R
@spec_coef 7 2
3 7 3FE
@transmission 8 2
3 8 0
@threshold 9 1
3 9 90
@gl_ind 10 1
3 10 0
@highlight 11 2
3 11 [3]
$3*3FF
@reflection 12 2
3 12 3FECR
@bump_height 13 2
3 13 3FF
@bump 14 3
3 14 NULL
@decal_intensity 15 2
3 15 4059
@decal 16 3
3 16 NULL
@texture 17 3
3 17 NULL
#DispDataTable
@disp_data_table 1 0
0 1 
@disp_data_arr 2 0
1 2 [1]
2 2 
@disp_data 3 0
3 3 ->
@wire 4 0
4 4 
@disp_list_valid 5 1
5 5 1
@pending 6 1
5 6 0
@disp_list_status 7 1
5 7 3
@disp_list_version 8 1
5 8 57
@view_matrix 9 2
5 9 [4][4]
$3FF,3*0
$0,3FF,2*0
$2*0,3FF,0
$3*0,3FF
@outline 10 2
5 10 [2][3]
$C059C,405A8,C0504
$403B,4062E,40504
@dl_block_mem_size 11 0
5 11 
@dl_block_mem_size 12 1
6 12 32768
@list 13 0
5 13 ->
@ptr 14 0
6 14 [6]
7 14 
@data(dl_gc) 15 0
8 15 ->
@header 16 0
9 16 
@header 17 0
10 17 
@type 18 5
11 18 53
@count 19 5
11 19 1
@size 20 1
11 20 36
@int_data 21 1
9 21 [5]
$2*2,0,1,0
@linewidth 22 6
9 22 0
7 14 
8 15 ->
9 16 
10 17 
11 18 53
11 19 1
11 20 36
9 21 [5]
$8,2,0,1,0
9 22 0
7 14 
@data(dl_header) 23 0
8 23 ->
9 17 
10 18 1024
10 19 316
10 20 12
7 14 
@data(dl_multi_line) 24 0
8 24 ->
@dl_multi_line 25 0
9 25 
@dl_header 26 0
10 26 
11 17 
12 18 26
12 19 24
12 20 316
@midpnt 27 6
10 27 [4]
$42BD4662,C218,43008,0
@points 28 6
10 28 [72]
$C2CE,4317,4282,C2CE,42D4,4282,41D8,4317,4282,C2CE,4317,4282,41D8,42D4,
$4282,41D8,4317,4282,C2CE,42D4,4282,41D8,42D4,4282,C2CE,4317,C282,C2CE,42D4,
$C282,C2CE,42D4,C282,41D8,42D4,C282,41D8,42D4,C282,41D8,4317,C282,41D8,4317,
$C282,C2CE,4317,C282,C2CE,4317,4282,C2CE,4317,C282,C2CE,42D4,4282,C2CE,42D4,
$C282,41D8,42D4,4282,41D8,42D4,C282,41D8,4317,4282,41D8,4317,C282
7 14 
@data(dl_int) 29 0
8 29 ->
@dl_header 30 0
9 30 
10 17 
11 18 4
11 19 1
11 20 16
@value_int 31 1
9 31 2
7 14 
8 23 ->
9 17 
10 18 0
10 19 0
10 20 0
@locked 32 1
5 32 0
@visibile 33 1
5 33 1
@contents 34 1
5 34 2
@attached 35 1
5 35 0
@part_color 36 1
4 36 0
@model_type 37 1
4 37 2
@generic_name 38 10
4 38 NULL
@label 39 10
4 39 NULL
#AssMrgPrt
@assem_merge_parts 1 0
0 1 ->
#END_OF_UGC
