#UGC:2 PART 966 400 0 1 1 15 1800 9652 000003f2 \
#- VERS 1 0                                                          \
#- HOST moon                                                         \
#- LINK                                                              \
#- DBID new_boom_box                                                 \
#- REVS 3,1.0                                                        \
#- RELL 7,Initial                                                    \
#- UOBJ_ID 854077028 315538649 1762160400                            \
#- MACH SUN_SunOS_5.5_Generic                                        \
#-END_OF_UGC_HEADER
#P_OBJECT 6
@P_object 1 0
0 1 ->
@dep_db 2 0
1 2 ->
@revnum_std 3 1
1 3 74
@flag 4 1
1 4 0
@name 5 10
1 5 NULL
@inst_hidden 6 1
1 6 0
@old_name 7 10
1 7 NULL
@appl_data 8 0
1 8 ->
@bounding_box 9 2
2 9 [2][3]
$0,C0175C28F5C28F5C,0
$401B,0,4002CR
@ver_key 10 0
1 10 ->
@time 11 1
2 11 854077893
@random_num 12 1
2 12 319076021
@hostid 13 1
2 13 1762160400
#END_OF_P_OBJECT
#Pro/ENGINEER  TM  Version H-01-21  (c) 1988-96 by Parametric Technology Corporation  All Rights Reserved. 9652
@Toc 27 0
0 27 ->
@entry 28 10
1 28 [128]
2 28 BasicData 2b9a 488 0 966########################################################
2 28 BasicText 3022 27e 0 966########################################################
2 28 GeomDepen 32a0 73 0 966#########################################################
2 28 DispCntrl 3313 2b7 0 966########################################################
2 28 DisplData 35ca 38 0 966#########################################################
2 28 LargeText 3602 104 0 966########################################################
2 28 FamilyInf 3706 40 0 966#########################################################
2 28 VisibGeom 3746 1871 0 966#######################################################
2 28 NovisGeom 4fb7 1603 0 966#######################################################
2 28 ActEntity 65ba 265 0 966########################################################
2 28 AllFeatur 681f 133e 0 966#######################################################
2 28 FullMData 7b5d 3bf 0 966########################################################
2 28 ModelView#0 7f1c 1c58 0 966#####################################################
2 28 DispDataColor 9b74 1e1 0 966####################################################
2 28 DispDataTable 9d55 5ef 0 966####################################################
2 28 AssMrgPrt a344 29 0 966#########################################################
2 28 ################################################################################
2 28 ################################################################################
2 28 ################################################################################
2 28 ################################################################################
2 28 ################################################################################
2 28 ################################################################################
2 28 ################################################################################
2 28 ################################################################################
2 28 ################################################################################
2 28 ################################################################################
2 28 ################################################################################
2 28 ################################################################################
2 28 ################################################################################
2 28 ################################################################################
2 28 ################################################################################
2 28 ################################################################################
2 28 ################################################################################
2 28 ################################################################################
2 28 ################################################################################
2 28 ################################################################################
2 28 ################################################################################
2 28 ################################################################################
2 28 ################################################################################
2 28 ################################################################################
2 28 ################################################################################
2 28 ################################################################################
2 28 ################################################################################
2 28 ################################################################################
2 28 ################################################################################
2 28 ################################################################################
2 28 ################################################################################
2 28 ################################################################################
2 28 ################################################################################
2 28 ################################################################################
2 28 ################################################################################
2 28 ################################################################################
2 28 ################################################################################
2 28 ################################################################################
2 28 ################################################################################
2 28 ################################################################################
2 28 ################################################################################
2 28 ################################################################################
2 28 ################################################################################
2 28 ################################################################################
2 28 ################################################################################
2 28 ################################################################################
2 28 ################################################################################
2 28 ################################################################################
2 28 ################################################################################
2 28 ################################################################################
2 28 ################################################################################
2 28 ################################################################################
2 28 ################################################################################
2 28 ################################################################################
2 28 ################################################################################
2 28 ################################################################################
2 28 ################################################################################
2 28 ################################################################################
2 28 ################################################################################
2 28 ################################################################################
2 28 ################################################################################
2 28 ################################################################################
2 28 ################################################################################
2 28 ################################################################################
2 28 ################################################################################
2 28 ################################################################################
2 28 ################################################################################
2 28 ################################################################################
2 28 ################################################################################
2 28 ################################################################################
2 28 ################################################################################
2 28 ################################################################################
2 28 ################################################################################
2 28 ################################################################################
2 28 ################################################################################
2 28 ################################################################################
2 28 ################################################################################
2 28 ################################################################################
2 28 ################################################################################
2 28 ################################################################################
2 28 ################################################################################
2 28 ################################################################################
2 28 ################################################################################
2 28 ################################################################################
2 28 ################################################################################
2 28 ################################################################################
2 28 ################################################################################
2 28 ################################################################################
2 28 ################################################################################
2 28 ################################################################################
2 28 ################################################################################
2 28 ################################################################################
2 28 ################################################################################
2 28 ################################################################################
2 28 ################################################################################
2 28 ################################################################################
2 28 ################################################################################
2 28 ################################################################################
2 28 ################################################################################
2 28 ################################################################################
2 28 ################################################################################
2 28 ################################################################################
2 28 ################################################################################
2 28 ################################################################################
2 28 ################################################################################
2 28 ################################################################################
2 28 ################################################################################
2 28 ################################################################################
2 28 ################################################################################
2 28 ################################################################################
2 28 ################################################################################
2 28 ################################################################################
#BasicData
@Sld_BasicData 1 0
0 1 ->
@tab_key 2 1
1 2 0
@tab_key_struct 3 0
1 3 ->
@tab_key_ptr 4 0
2 4 [71]
@cmprs_tabkey 5 0
2 5 NULL
@type 6 1
1 6 2
@revnum_ptr 7 0
1 7 ->
@geom_revnum 8 1
2 8 75
@cosm_revnum 9 1
2 9 1
@tol_default_ptr 10 0
1 10 ->
@type 11 1
2 11 10
@value 12 2
2 12 [7]
$0,3FB9R,3F847AE147AE147B,3F50624DD2F1A9FC,3F1A36E2EB1C432D,
$3EE4F8B588E368F1,3EB0C6F7A0B5ED8E
@ang_value 13 2
2 13 [7]
$0,6*3FE
@standard 14 1
2 14 0
@iso_tol_tbls_ptr 15 0
2 15 NULL
@datum_count 16 1
1 16 0
@axis_count 17 1
1 17 0
@insert_layer_id 18 1
1 18 -1
@layer_count 19 1
1 19 0
@rel_part_eps 20 2
1 20 3F53A92A30553261
@model_eps 21 2
1 21 0
@fixed_model_eps 22 1
1 22 0
@assembled_count 23 1
1 23 0
@part_type 24 1
1 24 1
@first_ent_id 25 1
1 25 513569
@first_view_id 26 1
1 26 0
@outline 27 2
1 27 [2][3]
$0,C0175C28F5C28F5C,0
$401B,0,4002CR
@dim_num 28 1
1 28 0
@geom_lib_ptr 29 0
1 29 NULL
@max_part_size 30 2
1 30 402275B23AA91069
@model_name 31 10
1 31 CRYSTAL1__1
@disp_outl_info 32 0
1 32 
@disp_outline 33 2
2 33 [2][3]
$0,C0175C28F5C28F5C,0
$401B,0,4002CR
@sel_outl_info 34 0
1 34 ->
@outline 35 2
2 35 [2][3]
$0,C0175C28F5C28F5C,0
$401B,0,4002CR
#BasicText
@Sld_BasicText 1 0
0 1 ->
@assem_mass_prop_ptr 2 0
1 2 NULL
@mass_prop_ptr 3 0
1 3 ->
@type 4 1
2 4 0
@density 5 2
2 5 0
@init_dens 6 5
2 6 0
@rel_density 7 2
2 7 0
@init_rel_dens 8 5
2 8 0
@aver_density 9 2
2 9 0
@vrevnum 10 1
2 10 -1
@volume 11 2
2 11 0
@cg 12 2
2 12 [3]
$3*0
@inertia 13 2
2 13 [3][3]
$3*0
$3*0
$3*0
@eps 14 2
2 14 0
@surfarea 15 2
2 15 0
@assign_mp_ptr 16 0
1 16 NULL
@mat_name_ptr 17 10
1 17 NULL
@unit_arr 18 0
1 18 [3]
2 18 
@type 19 1
3 19 11
@factor 20 2
3 20 3FA42850A142850A
@name 21 10
3 21 MM
@unit_type 22 1
3 22 0
2 18 
3 19 2
3 20 3FF
3 21 POUND
3 22 1
2 18 
3 19 11
3 20 3FF
3 21 HOURS
3 22 2
#GeomDepen
@Sld_GeomDepend 1 0
0 1 ->
@frst_geom_ptr 2 1
1 2 65
@fem_data 3 0
1 3 NULL
@first_quilt_ptr 4 1
1 4 42
#DispCntrl
@Sld_DispCntrl 1 0
0 1 ->
@color_prop_ptr 2 0
1 2 ->
@color_refs 3 0
2 3 [1]
3 3 
@ref_color 4 0
4 4 ->
@maximum 5 2
5 5 [3]
$3FF,3FE851EB851EB852,3FE8
@ambient 6 2
5 6 3FECR
@diffuse 7 2
5 7 3FECR
@specular 8 2
5 8 3FE9R
@spec_coef 9 2
5 9 3FE
@transmission 10 2
5 10 3FE051EB851EB852
@threshold 11 1
5 11 90
@gl_ind 12 1
5 12 4
@highlight 13 2
5 13 [3]
$3*3FF
@reflection 14 2
5 14 3FECR
@bump_height 15 2
5 15 3FF
@bump 16 3
5 16 NULL
@decal_intensity 17 2
5 17 4059
@decal 18 3
5 18 NULL
@texture 19 3
5 19 NULL
@surf_ind_tab 20 0
2 20 [1]
3 20 
@surf_id 21 1
4 21 -1
@surf_color_inds 22 1
4 22 [2]
$0,-1
@surf_pl 23 0
4 23 [2]
5 23 
@placement_ptr 24 0
6 24 NULL
5 23 
6 24 NULL
#DisplData
@Sld_DispData 1 0
0 1 ->
@disp_data 2 0
1 2 
#LargeText
@Sld_LargeText 1 0
0 1 ->
@names_table 2 0
1 2 [1]
2 2 ->
@id 3 1
3 3 3
@type 4 1
3 4 25
@name 5 10
3 5 CRYSTAL1__1
@relpar_sets 6 0
1 6 [1]
2 6 
@id 7 1
3 7 -1
@type 8 1
3 8 2
@ext_ref_id 9 1
3 9 -1
@relatnum 10 1
3 10 0
@cfg_states 11 0
1 11 NULL
#FamilyInf
@Sld_FamilyInfo 1 0
0 1 ->
@drv_tbl_ptr 2 0
1 2 NULL
#VisibGeom
@Sld_VisGeom 1 0
0 1 ->
@active_geom 2 0
1 2 
@srf_array 3 0
2 3 [6]
3 3 ->
@geom_type 4 1
4 4 34
@geom_id 5 1
4 5 65
@feat_id 6 1
4 6 4
@boundary_type 7 1
4 7 0
@envlp 8 2
4 8 [2][2]
$0,C0175C28F5C28F5C
$401B,0
@srf_prim_ptr(plane) 9 0
4 9 ->
@local_sys 10 2
5 10 [4][3]
$3FF,2*0
$0,3FF,0
$2*0,3FF
$3*0
@frst_cntr_ptr 11 0
4 11 ->
@frst_cntr_crv_hdr_ptr 12 1
5 12 53
@trv 13 1
5 13 1
@envlp 14 2
5 14 [2][2]
$0,C0175C28F5C28F5C
$401B,0
@next_cntr_ptr 15 0
4 15 NULL
@next_geom_ptr 16 1
4 16 66
@orient 17 1
4 17 -1
@outline 18 2
4 18 [2][3]
$0,C0175C28F5C28F5C,0
$401B,2*0
3 3 ->
4 4 34
4 5 66
4 6 4
4 7 0
4 8 [2][2]
$2*0
$40175C28F5C28F5C,4002CR
4 9 ->
5 10 [4][3]
$2*0,BFF
$BFF,2*0
$0,3FF,0
$3*0
4 11 ->
5 12 53
5 13 1
5 14 [2][2]
$2*0
$40175C28F5C28F5C,4002CR
4 15 NULL
4 16 67
4 17 1
4 18 [2][3]
$0,C0175C28F5C28F5C,0
$2*0,4002CR
3 3 ->
4 4 34
4 5 67
4 6 4
4 7 0
4 8 [2][2]
$2*0
$401B,4002CR
4 9 ->
5 10 [4][3]
$BFF,2*0
$2*0,3FF
$0,3FF,0
$401B,2*0
4 11 ->
5 12 56
5 13 1
5 14 [2][2]
$2*0
$401B,4002CR
4 15 NULL
4 16 68
4 17 1
4 18 [2][3]
$3*0
$401B,0,4002CR
3 3 ->
4 4 34
4 5 68
4 6 4
4 7 0
4 8 [2][2]
$2*0
$40175C28F5C28F5C,4002CR
4 9 ->
5 10 [4][3]
$2*0,3FF
$3FF,2*0
$0,3FF,0
$401B,C0175C28F5C28F5C,0
4 11 ->
5 12 55
5 13 1
5 14 [2][2]
$2*0
$40175C28F5C28F5C,4002CR
4 15 NULL
4 16 69
4 17 1
4 18 [2][3]
$401B,C0175C28F5C28F5C,0
$401B,0,4002CR
3 3 ->
4 4 34
4 5 69
4 6 4
4 7 0
4 8 [2][2]
$2*0
$401B,4002CR
4 9 ->
5 10 [4][3]
$3FF,2*0
$2*0,BFF
$0,3FF,0
$0,C0175C28F5C28F5C,0
4 11 ->
5 12 54
5 13 1
5 14 [2][2]
$2*0
$401B,4002CR
4 15 NULL
4 16 70
4 17 1
4 18 [2][3]
$0,C0175C28F5C28F5C,0
$401B,C0175C28F5C28F5C,4002CR
3 3 ->
4 4 34
4 5 70
4 6 4
4 7 0
4 8 [2][2]
$0,C0175C28F5C28F5C
$401B,0
4 9 ->
5 10 [4][3]
$3FF,2*0
$0,3FF,0
$2*0,3FF
$2*0,4002CR
4 11 ->
5 12 58
5 13 1
5 14 [2][2]
$0,C0175C28F5C28F5C
$401B,0
4 15 NULL
4 16 0
4 17 1
4 18 [2][3]
$0,C0175C28F5C28F5C,4002CR
$401B,0,4002CR
@crv_array 19 0
2 19 [24]
3 19 ->
@crv_id 20 1
4 20 29
@feat_id 21 1
4 21 4
@type 22 1
4 22 0
@crv_pnt_dir 23 1
4 23 [2]
$1,-1
@crv_pnt_arr 24 2
4 24 [2][4]
$40175C28F5C28F5C,2*0,C0175C28F5C28F5C
$4*0
@crv_hdr_geom_ptr[0] 25 1
4 25 43
@crv_hdr_geom_ptr[1] 26 1
4 26 41
@next_crv_hdr_ptr[0] 27 1
4 27 33
@next_crv_hdr_ptr[1] 28 1
4 28 30
@ref_geom[0] 29 1
4 29 0
@ref_geom[1] 30 1
4 30 0
3 19 ->
4 20 30
4 21 4
4 22 0
4 23 [2]
$1,-1
4 24 [2][4]
$401B,0,401B,C0175C28F5C28F5C
$3*0,C0175C28F5C28F5C
4 25 49
4 26 41
4 27 35
4 28 31
4 29 0
4 30 0
3 19 ->
4 20 31
4 21 4
4 22 0
4 23 [2]
$1,-1
4 24 [2][4]
$40175C28F5C28F5C,0,401B,0
$2*0,401B,C0175C28F5C28F5C
4 25 47
4 26 41
4 27 38
4 28 32
4 29 0
4 30 0
3 19 ->
4 20 32
4 21 4
4 22 0
4 23 [2]
$1,-1
4 24 [2][4]
$401B,3*0
$2*0,401B,0
4 25 45
4 26 41
4 27 36
4 28 29
4 29 0
4 30 0
3 19 ->
4 20 33
4 21 4
4 22 0
4 23 [2]
$1,-1
4 24 [2][4]
$401B,4002CR,0,4002CR
$401B,3*0
4 25 45
4 26 43
4 27 32
4 28 34
4 29 0
4 30 0
3 19 ->
4 20 34
4 21 4
4 22 0
4 23 [2]
$1,-1
4 24 [2][4]
$0,C0175C28F5C28F5C,40175C28F5C28F5C,4002CR
$3*0,4002CR
4 25 51
4 26 43
4 27 37
4 28 35
4 29 0
4 30 0
3 19 ->
4 20 35
4 21 4
4 22 0
4 23 [2]
$1,-1
4 24 [2][4]
$40175C28F5C28F5C,4002CR,0,4002CR
$40175C28F5C28F5C,3*0
4 25 43
4 26 49
4 27 29
4 28 40
4 29 0
4 30 0
3 19 ->
4 20 36
4 21 4
4 22 0
4 23 [2]
$1,-1
4 24 [2][4]
$40175C28F5C28F5C,4002CR,0,4002CR
$40175C28F5C28F5C,3*0
4 25 47
4 26 45
4 27 31
4 28 37
4 29 0
4 30 0
3 19 ->
4 20 37
4 21 4
4 22 0
4 23 [2]
$1,-1
4 24 [2][4]
$2*0,401B,4002CR
$401B,2*0,4002CR
4 25 51
4 26 45
4 27 39
4 28 33
4 29 0
4 30 0
3 19 ->
4 20 38
4 21 4
4 22 0
4 23 [2]
$1,-1
4 24 [2][4]
$401B,4002CR,0,4002CR
$401B,3*0
4 25 49
4 26 47
4 27 30
4 28 39
4 29 0
4 30 0
3 19 ->
4 20 39
4 21 4
4 22 0
4 23 [2]
$1,-1
4 24 [2][4]
$401B,0,40175C28F5C28F5C,4002CR
$401B,C0175C28F5C28F5C,0,4002CR
4 25 51
4 26 47
4 27 40
4 28 36
4 29 0
4 30 0
3 19 ->
4 20 40
4 21 4
4 22 0
4 23 [2]
$1,-1
4 24 [2][4]
$401B,C0175C28F5C28F5C,401B,4002CR
$0,C0175C28F5C28F5C,0,4002CR
4 25 51
4 26 49
4 27 34
4 28 38
4 29 0
4 30 0
3 19 ->
4 20 53
4 21 4
4 22 0
4 23 [2]
$1,-1
4 24 [2][4]
$40175C28F5C28F5C,2*0,C0175C28F5C28F5C
$4*0
4 25 66
4 26 65
4 27 57
4 28 54
4 29 0
4 30 0
3 19 ->
4 20 54
4 21 4
4 22 0
4 23 [2]
$1,-1
4 24 [2][4]
$401B,0,401B,C0175C28F5C28F5C
$3*0,C0175C28F5C28F5C
4 25 69
4 26 65
4 27 59
4 28 55
4 29 0
4 30 0
3 19 ->
4 20 55
4 21 4
4 22 0
4 23 [2]
$1,-1
4 24 [2][4]
$40175C28F5C28F5C,0,401B,0
$2*0,401B,C0175C28F5C28F5C
4 25 68
4 26 65
4 27 62
4 28 56
4 29 0
4 30 0
3 19 ->
4 20 56
4 21 4
4 22 0
4 23 [2]
$1,-1
4 24 [2][4]
$401B,3*0
$2*0,401B,0
4 25 67
4 26 65
4 27 60
4 28 53
4 29 0
4 30 0
3 19 ->
4 20 57
4 21 4
4 22 0
4 23 [2]
$1,-1
4 24 [2][4]
$401B,4002CR,0,4002CR
$401B,3*0
4 25 67
4 26 66
4 27 56
4 28 58
4 29 0
4 30 0
3 19 ->
4 20 58
4 21 4
4 22 0
4 23 [2]
$1,-1
4 24 [2][4]
$0,C0175C28F5C28F5C,40175C28F5C28F5C,4002CR
$3*0,4002CR
4 25 70
4 26 66
4 27 61
4 28 59
4 29 0
4 30 0
3 19 ->
4 20 59
4 21 4
4 22 0
4 23 [2]
$1,-1
4 24 [2][4]
$40175C28F5C28F5C,4002CR,0,4002CR
$40175C28F5C28F5C,3*0
4 25 66
4 26 69
4 27 53
4 28 64
4 29 0
4 30 0
3 19 ->
4 20 60
4 21 4
4 22 0
4 23 [2]
$1,-1
4 24 [2][4]
$40175C28F5C28F5C,4002CR,0,4002CR
$40175C28F5C28F5C,3*0
4 25 68
4 26 67
4 27 55
4 28 61
4 29 0
4 30 0
3 19 ->
4 20 61
4 21 4
4 22 0
4 23 [2]
$1,-1
4 24 [2][4]
$2*0,401B,4002CR
$401B,2*0,4002CR
4 25 70
4 26 67
4 27 63
4 28 57
4 29 0
4 30 0
3 19 ->
4 20 62
4 21 4
4 22 0
4 23 [2]
$1,-1
4 24 [2][4]
$401B,4002CR,0,4002CR
$401B,3*0
4 25 69
4 26 68
4 27 54
4 28 63
4 29 0
4 30 0
3 19 ->
4 20 63
4 21 4
4 22 0
4 23 [2]
$1,-1
4 24 [2][4]
$401B,0,40175C28F5C28F5C,4002CR
$401B,C0175C28F5C28F5C,0,4002CR
4 25 70
4 26 68
4 27 64
4 28 60
4 29 0
4 30 0
3 19 ->
4 20 64
4 21 4
4 22 0
4 23 [2]
$1,-1
4 24 [2][4]
$401B,C0175C28F5C28F5C,401B,4002CR
$0,C0175C28F5C28F5C,0,4002CR
4 25 70
4 26 69
4 27 58
4 28 62
4 29 0
4 30 0
@qlt_array 31 0
2 31 [6]
3 31 ->
@quilt_id 32 1
4 32 42
@data_type 33 1
4 33 57
@attr 34 1
4 34 1
@feat_id 35 1
4 35 4
@first_geom_ptr 36 1
4 36 65
@used_by_feat_id 37 1
4 37 4
@next_quilt_ptr 38 1
4 38 0
3 31 ->
4 32 44
4 33 57
4 34 1
4 35 4
4 36 66
4 37 4
4 38 46
3 31 ->
4 32 46
4 33 57
4 34 1
4 35 4
4 36 67
4 37 4
4 38 48
3 31 ->
4 32 48
4 33 57
4 34 1
4 35 4
4 36 68
4 37 4
4 38 50
3 31 ->
4 32 50
4 33 57
4 34 1
4 35 4
4 36 69
4 37 4
4 38 52
3 31 ->
4 32 52
4 33 57
4 34 1
4 35 4
4 36 70
4 37 4
4 38 0
#NovisGeom
@Sld_NonVisGeom 1 0
0 1 ->
@inactive_geom 2 0
1 2 
@srf_array 3 0
2 3 [6]
3 3 ->
@geom_type 4 1
4 4 34
@geom_id 5 1
4 5 41
@feat_id 6 1
4 6 4
@boundary_type 7 1
4 7 0
@envlp 8 2
4 8 [2][2]
$0,C0175C28F5C28F5C
$401B,0
@srf_prim_ptr(plane) 9 0
4 9 ->
@local_sys 10 2
5 10 [4][3]
$3FF,2*0
$0,3FF,0
$2*0,3FF
$3*0
@frst_cntr_ptr 11 0
4 11 ->
@frst_cntr_crv_hdr_ptr 12 1
5 12 29
@trv 13 1
5 13 1
@envlp 14 2
5 14 [2][2]
$0,C0175C28F5C28F5C
$401B,0
@next_cntr_ptr 15 0
4 15 NULL
@next_geom_ptr 16 1
4 16 0
@orient 17 1
4 17 -1
@outline 18 2
4 18 [2][3]
$0,C0175C28F5C28F5C,0
$401B,2*0
3 3 ->
4 4 34
4 5 43
4 6 4
4 7 0
4 8 [2][2]
$2*0
$40175C28F5C28F5C,4002CR
4 9 ->
5 10 [4][3]
$2*0,BFF
$BFF,2*0
$0,3FF,0
$3*0
4 11 ->
5 12 29
5 13 1
5 14 [2][2]
$2*0
$40175C28F5C28F5C,4002CR
4 15 NULL
4 16 0
4 17 1
4 18 [2][3]
$0,C0175C28F5C28F5C,0
$2*0,4002CR
3 3 ->
4 4 34
4 5 45
4 6 4
4 7 0
4 8 [2][2]
$2*0
$401B,4002CR
4 9 ->
5 10 [4][3]
$BFF,2*0
$2*0,3FF
$0,3FF,0
$401B,2*0
4 11 ->
5 12 32
5 13 1
5 14 [2][2]
$2*0
$401B,4002CR
4 15 NULL
4 16 0
4 17 1
4 18 [2][3]
$3*0
$401B,0,4002CR
3 3 ->
4 4 34
4 5 47
4 6 4
4 7 0
4 8 [2][2]
$2*0
$40175C28F5C28F5C,4002CR
4 9 ->
5 10 [4][3]
$2*0,3FF
$3FF,2*0
$0,3FF,0
$401B,C0175C28F5C28F5C,0
4 11 ->
5 12 31
5 13 1
5 14 [2][2]
$2*0
$40175C28F5C28F5C,4002CR
4 15 NULL
4 16 0
4 17 1
4 18 [2][3]
$401B,C0175C28F5C28F5C,0
$401B,0,4002CR
3 3 ->
4 4 34
4 5 49
4 6 4
4 7 0
4 8 [2][2]
$2*0
$401B,4002CR
4 9 ->
5 10 [4][3]
$3FF,2*0
$2*0,BFF
$0,3FF,0
$0,C0175C28F5C28F5C,0
4 11 ->
5 12 30
5 13 1
5 14 [2][2]
$2*0
$401B,4002CR
4 15 NULL
4 16 0
4 17 1
4 18 [2][3]
$0,C0175C28F5C28F5C,0
$401B,C0175C28F5C28F5C,4002CR
3 3 ->
4 4 34
4 5 51
4 6 4
4 7 0
4 8 [2][2]
$0,C0175C28F5C28F5C
$401B,0
4 9 ->
5 10 [4][3]
$3FF,2*0
$0,3FF,0
$2*0,3FF
$2*0,4002CR
4 11 ->
5 12 34
5 13 1
5 14 [2][2]
$0,C0175C28F5C28F5C
$401B,0
4 15 NULL
4 16 0
4 17 1
4 18 [2][3]
$0,C0175C28F5C28F5C,4002CR
$401B,0,4002CR
@crv_array 19 0
2 19 [24]
3 19 ->
@crv_id 20 1
4 20 5
@feat_id 21 1
4 21 4
@type 22 1
4 22 0
@crv_pnt_dir 23 1
4 23 [2]
$1,-1
@crv_pnt_arr 24 2
4 24 [2][4]
$4*0
$0,C0175C28F5C28F5C,0,C0175C28F5C28F5C
@crv_hdr_geom_ptr[0] 25 1
4 25 0
@crv_hdr_geom_ptr[1] 26 1
4 26 0
@next_crv_hdr_ptr[0] 27 1
4 27 0
@next_crv_hdr_ptr[1] 28 1
4 28 0
@ref_geom[0] 29 1
4 29 0
@ref_geom[1] 30 1
4 30 0
3 19 ->
4 20 6
4 21 4
4 22 0
4 23 [2]
$1,-1
4 24 [2][4]
$0,C0175C28F5C28F5C,0,C0175C28F5C28F5C
$401B,C0175C28F5C28F5C,401B,C0175C28F5C28F5C
4 25 0
4 26 0
4 27 0
4 28 0
4 29 0
4 30 0
3 19 ->
4 20 7
4 21 4
4 22 0
4 23 [2]
$1,-1
4 24 [2][4]
$401B,C0175C28F5C28F5C,401B,C0175C28F5C28F5C
$401B,0,401B,0
4 25 0
4 26 0
4 27 0
4 28 0
4 29 0
4 30 0
3 19 ->
4 20 8
4 21 4
4 22 0
4 23 [2]
$1,-1
4 24 [2][4]
$401B,0,401B,0
$4*0
4 25 0
4 26 0
4 27 0
4 28 0
4 29 0
4 30 0
3 19 ->
4 20 9
4 21 4
4 22 0
4 23 [2]
$1,-1
4 24 [2][4]
$40175C28F5C28F5C,2*0,C0175C28F5C28F5C
$4*0
4 25 0
4 26 0
4 27 0
4 28 0
4 29 0
4 30 0
3 19 ->
4 20 10
4 21 4
4 22 0
4 23 [2]
$1,-1
4 24 [2][4]
$4*0
$0,4002CR,0,4002CR
4 25 0
4 26 0
4 27 0
4 28 0
4 29 0
4 30 0
3 19 ->
4 20 11
4 21 4
4 22 0
4 23 [2]
$1,-1
4 24 [2][4]
$0,4002CR,0,4002CR
$40175C28F5C28F5C,4002CR,40175C28F5C28F5C,4002CR
4 25 0
4 26 0
4 27 0
4 28 0
4 29 0
4 30 0
3 19 ->
4 20 12
4 21 4
4 22 0
4 23 [2]
$1,-1
4 24 [2][4]
$40175C28F5C28F5C,4002CR,0,4002CR
$40175C28F5C28F5C,3*0
4 25 0
4 26 0
4 27 0
4 28 0
4 29 0
4 30 0
3 19 ->
4 20 13
4 21 4
4 22 0
4 23 [2]
$1,-1
4 24 [2][4]
$401B,3*0
$2*0,401B,0
4 25 0
4 26 0
4 27 0
4 28 0
4 29 0
4 30 0
3 19 ->
4 20 14
4 21 4
4 22 0
4 23 [2]
$1,-1
4 24 [2][4]
$4*0
$0,4002CR,0,4002CR
4 25 0
4 26 0
4 27 0
4 28 0
4 29 0
4 30 0
3 19 ->
4 20 15
4 21 4
4 22 0
4 23 [2]
$1,-1
4 24 [2][4]
$0,4002CR,0,4002CR
$401B,4002CR,401B,4002CR
4 25 0
4 26 0
4 27 0
4 28 0
4 29 0
4 30 0
3 19 ->
4 20 16
4 21 4
4 22 0
4 23 [2]
$1,-1
4 24 [2][4]
$401B,4002CR,0,4002CR
$401B,3*0
4 25 0
4 26 0
4 27 0
4 28 0
4 29 0
4 30 0
3 19 ->
4 20 17
4 21 4
4 22 0
4 23 [2]
$1,-1
4 24 [2][4]
$40175C28F5C28F5C,0,401B,0
$2*0,401B,C0175C28F5C28F5C
4 25 0
4 26 0
4 27 0
4 28 0
4 29 0
4 30 0
3 19 ->
4 20 18
4 21 4
4 22 0
4 23 [2]
$1,-1
4 24 [2][4]
$4*0
$0,4002CR,0,4002CR
4 25 0
4 26 0
4 27 0
4 28 0
4 29 0
4 30 0
3 19 ->
4 20 19
4 21 4
4 22 0
4 23 [2]
$1,-1
4 24 [2][4]
$0,4002CR,0,4002CR
$40175C28F5C28F5C,4002CR,40175C28F5C28F5C,4002CR
4 25 0
4 26 0
4 27 0
4 28 0
4 29 0
4 30 0
3 19 ->
4 20 20
4 21 4
4 22 0
4 23 [2]
$1,-1
4 24 [2][4]
$40175C28F5C28F5C,4002CR,0,4002CR
$40175C28F5C28F5C,3*0
4 25 0
4 26 0
4 27 0
4 28 0
4 29 0
4 30 0
3 19 ->
4 20 21
4 21 4
4 22 0
4 23 [2]
$1,-1
4 24 [2][4]
$401B,0,401B,C0175C28F5C28F5C
$3*0,C0175C28F5C28F5C
4 25 0
4 26 0
4 27 0
4 28 0
4 29 0
4 30 0
3 19 ->
4 20 22
4 21 4
4 22 0
4 23 [2]
$1,-1
4 24 [2][4]
$4*0
$0,4002CR,0,4002CR
4 25 0
4 26 0
4 27 0
4 28 0
4 29 0
4 30 0
3 19 ->
4 20 23
4 21 4
4 22 0
4 23 [2]
$1,-1
4 24 [2][4]
$0,4002CR,0,4002CR
$401B,4002CR,401B,4002CR
4 25 0
4 26 0
4 27 0
4 28 0
4 29 0
4 30 0
3 19 ->
4 20 24
4 21 4
4 22 0
4 23 [2]
$1,-1
4 24 [2][4]
$401B,4002CR,0,4002CR
$401B,3*0
4 25 0
4 26 0
4 27 0
4 28 0
4 29 0
4 30 0
3 19 ->
4 20 25
4 21 4
4 22 0
4 23 [2]
$1,-1
4 24 [2][4]
$0,C0175C28F5C28F5C,40175C28F5C28F5C,4002CR
$3*0,4002CR
4 25 0
4 26 0
4 27 0
4 28 0
4 29 0
4 30 0
3 19 ->
4 20 26
4 21 4
4 22 0
4 23 [2]
$1,-1
4 24 [2][4]
$2*0,401B,4002CR
$401B,2*0,4002CR
4 25 0
4 26 0
4 27 0
4 28 0
4 29 0
4 30 0
3 19 ->
4 20 27
4 21 4
4 22 0
4 23 [2]
$1,-1
4 24 [2][4]
$401B,0,40175C28F5C28F5C,4002CR
$401B,C0175C28F5C28F5C,0,4002CR
4 25 0
4 26 0
4 27 0
4 28 0
4 29 0
4 30 0
3 19 ->
4 20 28
4 21 4
4 22 0
4 23 [2]
$1,-1
4 24 [2][4]
$401B,C0175C28F5C28F5C,401B,4002CR
$0,C0175C28F5C28F5C,0,4002CR
4 25 0
4 26 0
4 27 0
4 28 0
4 29 0
4 30 0
@external_geom 31 0
1 31 
#ActEntity
@Sld_Entities 1 0
0 1 ->
@act_feat_ents 2 0
1 2 [1]
2 2 
@feat_id 3 1
3 3 2
@datum_id 4 1
3 4 -1
@entity_ptr(coord_sys) 5 0
3 5 ->
@type 6 1
4 6 18
@id 7 1
4 7 3
@gen_info 8 0
4 8 
@color 9 1
5 9 1
@sys_type 10 1
4 10 -1
@pnt_type 11 1
4 11 -1
@radius 12 2
4 12 0
@local_sys 13 2
4 13 [4][3]
$3FF,2*0
$0,3FF,0
$2*0,3FF
$3*0
@feat_id 14 1
4 14 2
@entity(text) 15 0
3 15 ->
@text_type 16 1
4 16 34
@text_value 17 10
4 17 CRYSTAL1__1
@txt_attrib 18 1
4 18 1
@coord 19 2
4 19 [3]
$3*0
@owner_id 20 1
4 20 3
@height 21 2
4 21 BFF
@width_factor 22 2
4 22 BFF
@format_info 23 0
4 23 
@thickness 24 2
4 24 BFF
#AllFeatur
@Sld_Features 1 0
0 1 ->
@first_feat_ptr 2 0
1 2 ->
@id 3 1
2 3 2
@indep_attributes 4 1
2 4 4097
@feat_type_ptr 5 0
2 5 ->
@table_id 6 1
3 6 -1
@type 7 1
3 7 979
@feattype_key 8 10
3 8 NULL
@form 9 1
3 9 0
@attributes 10 1
3 10 [3]
$3*0
@placement 11 1
3 11 0
@intersection 12 1
3 12 -1
@internal_udf_type 13 1
3 13 -1
@param_choice_ptr 14 0
3 14 ->
@blend_choice 15 1
4 15 0
@depth_choice 16 1
4 16 0
@angle_choice 17 1
4 17 -1
@pat_choice 18 1
4 18 -1
@round_choice 19 1
4 19 -1
@subsec_choice 20 1
4 20 -1
@sweep_choice 21 1
4 21 0
@dome_choice 22 1
4 22 0
@draft_choice 23 1
4 23 0
@misc_choice 24 1
4 24 [2]
$384,0
@assoc_type 25 1
3 25 0
@symbol_key 26 1
2 26 -1
@sect_name 27 10
2 27 no_name
@model_type 28 1
2 28 2
@idtab_ptr 29 0
2 29 ->
@misc_id_tab 30 0
3 30 [1]
4 30 
@misc_hist 31 1
5 31 [5]
$3,534,0,-1,500
@save_geoms 32 0
3 32 NULL
@cr_flags_xar 33 1
3 33 [27]
$3*-1,-2049,2*-1,-16777217,3*-1,-536870913,-1,-1126176897,-2,-2097185,
$-2097665,-1,-1073741843,-1,-1073741825,-257,-261121,-1,-32769,-1,-4194305,
$67108863
@cvt_feat_dat 34 0
3 34 NULL
@feat_dates_ptr 35 0
3 35 ->
@creat_date 36 1
4 36 180021
@regen_date 37 1
4 37 180021
@group_info_ptr 38 0
2 38 NULL
@intrs_pairs_ptr 39 0
2 39 ->
@place_rec_ptr 40 0
2 40 ->
@local_sys 41 2
3 41 [4][3]
$3FF,2*0
$0,3FF,0
$2*0,3FF
$3*0
@own_ref_id 42 1
3 42 -1
@orient 43 1
3 43 0
@trf_arr 44 0
3 44 [1]
4 44 
@type 45 1
5 45 10
@idx 46 1
5 46 0
@transf 47 2
5 47 [4][3]
$3FF,2*0
$0,3FF,0
$2*0,3FF
$3*0
@next_prop 48 0
2 48 NULL
@first_geom_id 49 1
2 49 -1
@cond_tbl_idx 50 1
2 50 -1
@comment 51 10
2 51 NULL
@merge_info_ptr 52 0
2 52 NULL
@topology_increment 53 0
2 53 ->
@first_geom 54 1
3 54 0
@first_quilt 55 1
3 55 0
@outline 56 2
3 56 [2][3]
$3*0
$3*0
@max_part_size 57 2
3 57 0
@xform_increment 58 0
3 58 NULL
@roll_back_id 59 1
3 59 -1
@state_ind 60 1
2 60 -1
@alumni_info 61 0
2 61 NULL
@revnum 62 1
2 62 0
@rev_rec 63 0
2 63 ->
@num_plins 64 1
3 64 0
@expl_state_ref 65 0
2 65 NULL
@feat_outl_info 66 0
2 66 ->
@ent_outl 67 2
3 67 [2][3]
$3*0
$3*0
@next_feat_ptr 68 0
1 68 ->
2 3 4
2 4 1
2 5 ->
3 6 -1
3 7 932
3 8 NULL
3 9 0
3 10 [3]
$3*0
3 11 0
3 12 991
3 13 -1
3 14 ->
4 15 0
4 16 0
4 17 -1
4 18 -1
4 19 -1
4 20 -1
4 21 0
4 22 0
4 23 0
4 24 [2]
$1064,0
3 25 0
2 26 -1
2 27 no_name
2 28 2
2 29 ->
@srf_id_arr 69 1
3 69 [12][4]
$41,212,8286,8275
$43,212,8301,8291
$45,212,8315,8306
$47,212,8329,8320
$49,212,8342,8334
$51,212,8354,8347
$65,214,41,0
$66,214,43,0
$67,214,45,0
$68,214,47,0
$69,214,49,0
$70,214,51,0
@edg_id_arr 70 1
3 70 [48][6]
$5,232,8210,3*0
$6,232,8214,3*0
$7,232,8218,3*0
$8,232,8222,3*0
$9,232,8210,1,2*0
$10,232,8226,3*0
$11,232,8242,3*0
$12,232,8238,3*0
$13,232,8222,1,2*0
$14,232,8230,3*0
$15,232,8246,3*0
$16,232,8226,1,2*0
$17,232,8218,1,2*0
$18,232,8234,3*0
$19,232,8250,3*0
$20,232,8230,1,2*0
$21,232,8214,1,2*0
$22,232,8238,1,2*0
$23,232,8254,3*0
$24,232,8234,1,2*0
$25,232,8242,1,2*0
$26,232,8246,1,2*0
$27,232,8250,1,2*0
$28,232,8254,1,2*0
$29,308,9,5,0,43
$30,308,21,6,0,49
$31,308,17,7,0,47
$32,308,13,8,0,45
$33,308,16,10,0,45
$34,308,25,11,0,51
$35,308,12,22,0,43
$36,308,20,14,0,47
$37,308,26,15,0,51
$38,308,24,18,0,49
$39,308,27,19,0,51
$40,308,28,23,0,51
$53,286,29,2*0,66
$54,286,30,2*0,69
$55,286,31,2*0,68
$56,286,32,2*0,67
$57,286,33,2*0,67
$58,286,34,2*0,70
$59,286,35,2*0,66
$60,286,36,2*0,68
$61,286,37,2*0,70
$62,286,38,2*0,69
$63,286,39,2*0,70
$64,286,40,2*0,70
3 30 [6]
4 30 
5 31 [5]
$42,207,65,-1,501
4 30 
5 31 [5]
$44,207,66,-1,501
4 30 
5 31 [5]
$46,207,67,-1,501
4 30 
5 31 [5]
$48,207,68,-1,501
4 30 
5 31 [5]
$50,207,69,-1,501
4 30 
5 31 [5]
$52,207,70,-1,501
3 32 NULL
3 33 [27]
$3*-1,-2049,2*-1,-16777217,3*-1,-536870913,-1,-1126176897,-2,-2097249,
$-2097665,-1,-1073741843,-1,-1073741825,-257,-261121,-1,-32769,-1,-4194305,
$67108863
3 34 NULL
3 35 ->
4 36 180021
4 37 180021
2 38 NULL
2 39 ->
2 40 ->
3 41 [4][3]
$3FF,2*0
$0,3FF,0
$2*0,3FF
$3*0
@place_instruction_ptrs 71 0
3 71 [1]
4 71 ->
@type 72 1
5 72 82
@offset 73 2
5 73 0
@dim_id 74 1
5 74 -1
@ref_id 75 1
5 75 -1
@geometry1_id 76 1
5 76 3
@geometry2_id 77 1
5 77 -1
@memb_num1 78 1
5 78 0
@memb_num2 79 1
5 79 0
@attr 80 1
5 80 0
3 42 -1
3 43 0
2 48 NULL
2 49 -1
2 50 -1
2 51 NULL
2 52 NULL
@dat_ptr(intf_data) 81 0
2 81 ->
@type 82 1
3 82 342
@filename 83 10
3 83 /disk2/user/dlb/laser_step.stp.1
@model_size 84 2
3 84 402275B23AA91069
@model_eps 85 2
3 85 0
@make_solid_feature 86 1
3 86 1
@op_type 87 1
3 87 1
@time_stamp 88 0
3 88 
@tm_sec 89 1
4 89 0
@tm_min 90 1
4 90 0
@tm_hour 91 1
4 91 0
@tm_mday 92 1
4 92 0
@tm_mon 93 1
4 93 0
@tm_year 94 1
4 94 0
@potentially_modified 95 1
3 95 0
@reread 96 1
3 96 0
@parent_table 97 1
2 97 [1]
3 97 2
2 53 ->
3 54 0
3 55 0
3 56 [2][3]
$3*0
$3*0
3 57 0
3 58 NULL
3 59 -1
2 60 -1
2 61 NULL
2 62 1
2 63 ->
3 64 1
2 65 NULL
2 66 NULL
1 68 NULL
@layer_list 98 0
1 98 [2]
2 98 
@feat_id 99 1
3 99 2
@layer_id 100 1
3 100 0
@back_layer_id 101 1
3 101 0
2 98 
3 99 4
3 100 0
3 101 0
#FullMData
@Sld_FullData 1 0
0 1 ->
@first_member_ptr 2 0
1 2 NULL
@alumni_members 3 0
1 3 NULL
@first_xsec_ptr 4 0
1 4 NULL
@lang_ptr 5 0
1 5 NULL
@first_csys_ptr 6 0
1 6 NULL
@ipar_num 7 1
1 7 0
@smt_info_ptr 8 0
1 8 NULL
@cable_info_ptr 9 0
1 9 NULL
@comp_info_ptr 10 0
1 10 NULL
@prt_misc_ptr 11 0
1 11 ->
@shrink_data_ptr 12 0
2 12 NULL
@expld_mv_info 13 0
1 13 ->
@act_expl_state 14 1
2 14 -1
@default_state 15 0
2 15 ->
@id 16 1
3 16 -1
@type 17 1
3 17 500
@state_type 18 1
3 18 0
@cur_stage_ind 19 1
3 19 -1
@stage_info 20 0
3 20 [1]
4 20 
@unexpl_subass_info 21 0
3 21 ->
@expld_comp_ref 22 0
3 22 ->
@comp_id 23 1
4 23 -1
@gen_info 24 0
3 24 
@font 25 1
4 25 5
@color 26 1
4 26 10
@state_info_ptr 27 0
1 27 NULL
@alumni_feats 28 0
1 28 NULL
@p_mdl_grid 29 0
1 29 NULL
@mdl_status_ptr 30 0
1 30 NULL
@appl_info_arr 31 0
1 31 [2]
2 31 
@id 32 1
3 32 -1
@type 33 1
3 33 13
2 31 
3 32 0
3 33 12
@ribbon_info_ptr 34 0
1 34 NULL
@p_xref_data 35 0
1 35 ->
#ModelView#0
@View 1 0
0 1 ->
@id 2 1
1 2 0
@viewattr 3 0
1 3 
@attr_arr 4 1
2 4 [4]
$1,3*0
@mpoint 5 0
1 5 
@id 6 1
2 6 0
@coord 7 2
2 7 [3]
$400B,C0075C28F5C28F5C,3FF2CR
@first_instr_ptr 8 0
2 8 NULL
@attach_ptr 9 0
2 9 NULL
@vpoint 10 0
1 10 
2 6 0
2 7 [3]
$407F4,407A5E,0
2 8 NULL
2 9 NULL
@orient 11 2
1 11 [4][4]
$BFA70EEBBEC3961C,BFDD245D034F9208,3FEC74205C3131E6,0
$BFCDE0BACAAD2F5E,3FEBD8FABFBECB2E,3FDBC3C356D7489A,0
$BFEF15279B845EDR,BFC810DB7A64262D,BFC29F0A8CC1D67A,0
$3*0,3FF
@local_sys 12 2
1 12 [4][4]
$C010D234B42F3E2F,C045425DE43BA42F,4054C1CD19FD959E,0
$C035CBC7E256B419,4054509EEF74E509,40444124B2E801BF,0
$C056ACC73785ED74,C0318E5F223A770B,C02B2B2755E2D3FE,0
$408168F6DEC5C3BR,4089BA40E8EBDFB8,C08183850DEDF63D,3FF
@first_instr_ptr 13 0
1 13 ->
@type 14 1
2 14 100
@geom_id 15 1
2 15 -1
@view_id 16 1
2 16 -1
@memb_num 17 1
2 17 0
@offset 18 2
2 18 0
@matrix 19 0
2 19 NULL
@next_instr_ptr 20 0
1 20 ->
2 14 301
2 15 -1
2 16 -1
2 17 0
2 18 405758194C7D86EB
2 19 NULL
1 20 ->
2 14 125
2 15 -1
2 16 -1
2 17 0
2 18 0
2 19 ->
@matrix 21 2
3 21 [4][4]
$3FD0F34A7E33CA8,BFE475872C763705,3FE71986EF6282BC,0
$3FE3B46BF8BC32B3,3FE605EFA0D773D8,3FD88D550A644663,0
$BFE7BF168A50526,3FD5F220D6CAD905,3FE26E56771A93F9,0
$3*0,3FF
1 20 NULL
@outer_xsec_index 22 1
1 22 -1
@next_view_id 23 1
1 23 -2
@simp_rep_id 24 1
1 24 0
@name 25 10
1 25 no name
@matrix 26 2
1 26 [4][4]
$3FF,3*0
$0,3FF,2*0
$2*0,3FF,0
$3*0,3FF
@fit_outline 27 2
1 27 [2][3]
$4059,405518,C089E77B4B39554D
$408C2,4087BB,0
@det_info_ptr 28 0
1 28 NULL
@named_view_pzmatr 29 0
1 29 NULL
@page_id 30 1
1 30 0
@model_name 31 10
1 31 NULL
@unrep_model_name 32 10
1 32 NULL
@saved_pro_dls 33 0
1 33 ->
@dlists 34 0
2 34 [5]
3 34 
@appl_type 35 1
4 35 1
@dl_type 36 1
4 36 5
@dl_id 37 1
4 37 0
@list_ptr 38 0
4 38 ->
@disp_list_valid 39 1
5 39 1
@pending 40 1
5 40 0
@disp_list_status 41 1
5 41 3
@disp_list_version 42 1
5 42 1
@view_matrix 43 2
5 43 [4][4]
$C010D234B42F3E2F,C045425DE43BA42F,4054C1CD19FD959E,0
$C035CBC7E256B419,4054509EEF74E509,40444124B2E801BF,0
$C056ACC73785ED74,C0318E5F223A770B,C02B2B2755E2D3FE,0
$408168F6DEC5C3BR,4089BA40E8EBDFB8,C08183850DEDF63D,3FF
@outline 44 2
5 44 [2][3]
$0,C0175C29,0
$401B,0,4002CCCCC
@dl_block_mem_size 45 0
5 45 
@dl_block_mem_size 46 1
6 46 32768
@list 47 0
5 47 ->
@ptr 48 0
6 48 [6]
7 48 
@data(dl_clump) 49 0
8 49 ->
@dl_header 50 0
9 50 
@header 51 0
10 51 
@type 52 5
11 52 30
@count 53 5
11 53 1
@size 54 1
11 54 56
@size 55 1
9 55 84
@keys 56 1
9 56 [4]
$23,3*-1
@clump_size 57 1
9 57 84
@outline 58 0
9 58 NULL
7 48 
@data(dl_int) 59 0
8 59 ->
@dl_header 60 0
9 60 
10 51 
11 52 23
11 53 1
11 54 16
@value_int 61 1
9 61 33554434
7 48 
@data(dl_header) 62 0
8 62 ->
9 51 
10 52 31
10 53 0
10 54 12
7 48 
8 49 ->
9 50 
10 51 
11 52 30
11 53 1
11 54 56
9 55 96
9 56 [4]
$32,3*-1
9 57 96
9 58 NULL
7 48 
@data(dl_obj_node) 63 0
8 63 ->
@dl_obj_node 64 0
9 64 
@dl_header 65 0
10 65 
11 51 
12 52 32
12 53 1
12 54 28
@appl_type 66 1
10 66 46
@id 67 1
10 67 1
@num_keys 68 1
10 68 0
@keys 69 1
10 69 [200]
$2031616,12,198*0
7 48 
8 62 ->
9 51 
10 52 31
10 53 0
10 54 12
@locked 70 1
5 70 0
@visibile 71 1
5 71 1
@contents 72 1
5 72 65556
@attached 73 1
5 73 0
@wire_colors 74 1
5 74 [2]
$543575372,553632191
3 34 
4 35 46
4 36 5
4 37 1
4 38 ->
5 39 1
5 40 0
5 41 3
5 42 0
5 43 [4][4]
$3FF,3*0
$0,3FF,2*0
$2*0,3FF,0
$3*0,3FF
5 44 [2][3]
$0,C0175C29,0
$401B,0,4002CCCCC
5 45 
6 46 1024
5 47 ->
6 48 [9]
7 48 
8 49 ->
9 50 
10 51 
11 52 30
11 53 1
11 54 56
9 55 144
9 56 [4]
$39,3*-1
9 57 144
9 58 NULL
7 48 
@data(dl_matrix) 75 0
8 75 ->
@dl_header 76 0
9 76 
10 51 
11 52 39
11 53 1
11 54 76
@dl_matrix 77 6
9 77 [4][4]
$3F8,3*0
$0,3F8,2*0
$2*0,3F8,0
$4*0
7 48 
8 62 ->
9 51 
10 52 31
10 53 0
10 54 12
7 48 
8 49 ->
9 50 
10 51 
11 52 30
11 53 1
11 54 56
9 55 84
9 56 [4]
$23,3*-1
9 57 84
9 58 NULL
7 48 
8 59 ->
9 60 
10 51 
11 52 23
11 53 1
11 54 16
9 61 16
7 48 
8 62 ->
9 51 
10 52 31
10 53 0
10 54 12
7 48 
8 49 ->
9 50 
10 51 
11 52 30
11 53 1
11 54 56
9 55 88
9 56 [4]
$32,3*-1
9 57 88
9 58 NULL
7 48 
@data(dl_obj_disp_data) 78 0
8 78 ->
@obj_disp_data 79 0
9 79 
@dl_header 80 0
10 80 
11 51 
12 52 46
12 53 1
12 54 20
@override_color 81 1
10 81 -1
@disp_data 82 0
10 82 ->
@part_color 83 1
11 83 -1
@model_type 84 1
11 84 2
@generic_name 85 10
11 85 NULL
@label 86 10
11 86 NULL
7 48 
8 62 ->
9 51 
10 52 31
10 53 0
10 54 12
5 70 0
5 71 1
5 72 65540
5 73 1
5 74 [2]
$543575372,553632191
3 34 
4 35 47
4 36 7
4 37 0
4 38 ->
5 39 1
5 40 0
5 41 3
5 42 0
5 43 [4][4]
$C010D234B42F3E2F,C045425DE43BA42F,4054C1CD19FD959E,0
$C035CBC7E256B419,4054509EEF74E509,40444124B2E801BF,0
$C056ACC73785ED74,C0318E5F223A770B,C02B2B2755E2D3FE,0
$408168F6DEC5C3BR,4089BA40E8EBDFB8,C08183850DEDF63D,3FF
5 44 [2][3]
$3*41CDCD64FR
$3*C1CDCD64FR
5 45 
6 46 8192
5 47 ->
6 48 [4]
7 48 
@data(dl_gc) 87 0
8 87 ->
@header 88 0
9 88 
10 51 
11 52 53
11 53 1
11 54 36
@int_data 89 1
9 89 [5]
$2*2,0,1,0
@linewidth 90 6
9 90 0
7 48 
8 75 ->
9 76 
10 51 
11 52 1
11 53 16
11 54 76
9 77 [4][4]
$3F8,3*0
$0,3F8,2*0
$2*0,3F8,0
$3*0,3F8
7 48 
8 87 ->
9 88 
10 51 
11 52 53
11 53 1
11 54 36
9 89 [5]
$2*2,0,1,0
9 90 0
7 48 
8 62 ->
9 51 
10 52 0
10 53 0
10 54 0
5 70 0
5 71 1
5 72 0
5 73 0
3 34 
4 35 48
4 36 8
4 37 0
4 38 ->
5 39 1
5 40 0
5 41 3
5 42 0
5 43 [4][4]
$C010D234B42F3E2F,C045425DE43BA42F,4054C1CD19FD959E,0
$C035CBC7E256B419,4054509EEF74E509,40444124B2E801BF,0
$C056ACC73785ED74,C0318E5F223A770B,C02B2B2755E2D3FE,0
$408168F6DEC5C3BR,4089BA40E8EBDFB8,C08183850DEDF63D,3FF
5 44 [2][3]
$3*41CDCD64FR
$3*C1CDCD64FR
5 45 
6 46 8192
5 47 ->
6 48 [4]
7 48 
8 87 ->
9 88 
10 51 
11 52 53
11 53 1
11 54 36
9 89 [5]
$2*2,0,1,0
9 90 0
7 48 
8 75 ->
9 76 
10 51 
11 52 1
11 53 16
11 54 76
9 77 [4][4]
$3F8,3*0
$0,3F8,2*0
$2*0,3F8,0
$3*0,3F8
7 48 
8 87 ->
9 88 
10 51 
11 52 53
11 53 1
11 54 36
9 89 [5]
$2*2,0,1,0
9 90 0
7 48 
8 62 ->
9 51 
10 52 0
10 53 0
10 54 0
5 70 0
5 71 1
5 72 0
5 73 0
3 34 
4 35 49
4 36 7
4 37 0
4 38 ->
5 39 1
5 40 0
5 41 3
5 42 0
5 43 [4][4]
$C010D234B42F3E2F,C045425DE43BA42F,4054C1CD19FD959E,0
$C035CBC7E256B419,4054509EEF74E509,40444124B2E801BF,0
$C056ACC73785ED74,C0318E5F223A770B,C02B2B2755E2D3FE,0
$408168F6DEC5C3BR,4089BA40E8EBDFB8,C08183850DEDF63D,3FF
5 44 [2][3]
$3*41CDCD64FR
$3*C1CDCD64FR
5 45 
6 46 8192
5 47 ->
6 48 [6]
7 48 
8 87 ->
9 88 
10 51 
11 52 53
11 53 1
11 54 36
9 89 [5]
$2*2,0,1,0
9 90 0
7 48 
8 75 ->
9 76 
10 51 
11 52 1
11 53 16
11 54 76
9 77 [4][4]
$3F8,3*0
$0,3F8,2*0
$2*0,3F8,0
$3*0,3F8
7 48 
@data(dl_ref_color) 91 0
8 91 ->
@dl_header 92 0
9 92 
10 51 
11 52 9
11 53 1
11 54 88
@ref_color_flt 93 0
9 93 
@maximum 94 6
10 94 [3]
$3F8,3F428F5C,3F4
@ambient 95 6
10 95 3F6R
@diffuse 96 6
10 96 3F6R
@specular 97 6
10 97 3F4CR
@spec_coef 98 6
10 98 3F
@transmission 99 6
10 99 3F028F5C
@threshold 100 1
10 100 90
@gl_ind 101 1
10 101 4
@highlight 102 6
10 102 [3]
$3*3F8
@reflection 103 6
10 103 3F6R
@bump_height 104 6
10 104 3F8
@bump 105 3
10 105 NULL
@decal_intensity 106 6
10 106 42C8
@decal 107 3
10 107 NULL
@texture 108 3
10 108 NULL
7 48 
8 62 ->
9 51 
10 52 10
10 53 0
10 54 12
7 48 
8 87 ->
9 88 
10 51 
11 52 53
11 53 1
11 54 36
9 89 [5]
$2*2,0,1,0
9 90 0
7 48 
8 62 ->
9 51 
10 52 0
10 53 0
10 54 0
5 70 0
5 71 1
5 72 65536
5 73 0
5 74 [2]
$543575372,553632191
@explode_state 109 0
1 109 NULL
#DispDataColor
@ref_color_table 1 0
0 1 
@ref_color_arr 2 0
1 2 [1]
2 2 
@maximum 3 2
3 3 [3]
$3FF,3FE851EB851EB852,3FE8
@ambient 4 2
3 4 3FECR
@diffuse 5 2
3 5 3FECR
@specular 6 2
3 6 3FE9R
@spec_coef 7 2
3 7 3FE
@transmission 8 2
3 8 3FE051EB851EB852
@threshold 9 1
3 9 90
@gl_ind 10 1
3 10 4
@highlight 11 2
3 11 [3]
$3*3FF
@reflection 12 2
3 12 3FECR
@bump_height 13 2
3 13 3FF
@bump 14 3
3 14 NULL
@decal_intensity 15 2
3 15 4059
@decal 16 3
3 16 NULL
@texture 17 3
3 17 NULL
#DispDataTable
@disp_data_table 1 0
0 1 
@disp_data_arr 2 0
1 2 [1]
2 2 
@disp_data 3 0
3 3 ->
@wire 4 0
4 4 
@disp_list_valid 5 1
5 5 1
@pending 6 1
5 6 0
@disp_list_status 7 1
5 7 3
@disp_list_version 8 1
5 8 75
@view_matrix 9 2
5 9 [4][4]
$3FF,3*0
$0,3FF,2*0
$2*0,3FF,0
$3*0,3FF
@outline 10 2
5 10 [2][3]
$0,C0175C29,0
$401B,0,4002CCCCC
@dl_block_mem_size 11 0
5 11 
@dl_block_mem_size 12 1
6 12 32768
@list 13 0
5 13 ->
@ptr 14 0
6 14 [5]
7 14 
@data(dl_gc) 15 0
8 15 ->
@header 16 0
9 16 
@header 17 0
10 17 
@type 18 5
11 18 53
@count 19 5
11 19 1
@size 20 1
11 20 36
@int_data 21 1
9 21 [5]
$2*2,0,1,0
@linewidth 22 6
9 22 0
7 14 
8 15 ->
9 16 
10 17 
11 18 53
11 19 1
11 20 36
9 21 [5]
$2*2,0,1,0
9 22 0
7 14 
@data(dl_header) 23 0
8 23 ->
9 17 
10 18 1024
10 19 316
10 20 12
7 14 
@data(dl_multi_line) 24 0
8 24 ->
@dl_multi_line 25 0
9 25 
@dl_header 26 0
10 26 
11 17 
12 18 26
12 19 24
12 20 316
@midpnt 27 6
10 27 [4]
$4093AD92,4058,C03AE148,3F96R
@points 28 6
10 28 [72]
$0,C0BAE148,5*0,C0BAE148,4016R,0,C0BAE148,4*0,40D8,4*0,4016R,3*0,40D8,2*0,
$40D8,C0BAE148,0,40D8,0,4016R,40D8,2*0,40D8,C0BAE148,2*0,C0BAE148,0,40D8,
$C0BAE148,4016R,40D8,C0BAE148,2*0,C0BAE148,4016R,2*0,4016R,2*0,4016R,40D8,0,
$4016R,40D8,0,4016R,40D8,C0BAE148,4016R,40D8,C0BAE148,4016R,0,C0BAE148,4016R
7 14 
8 23 ->
9 17 
10 18 0
10 19 0
10 20 0
@locked 29 1
5 29 0
@visibile 30 1
5 30 1
@contents 31 1
5 31 2
@attached 32 1
5 32 0
@part_color 33 1
4 33 0
@model_type 34 1
4 34 2
@generic_name 35 10
4 35 NULL
@label 36 10
4 36 NULL
#AssMrgPrt
@assem_merge_parts 1 0
0 1 ->
#END_OF_UGC
