#UGC:2 PART 966 400 0 1 1 15 1800 9652 00000413 \
#- VERS 1 0                                                          \
#- HOST moon                                                         \
#- LINK                                                              \
#- DBID new_boom_box                                                 \
#- REVS 3,1.0                                                        \
#- RELL 7,Initial                                                    \
#- UOBJ_ID 854077026 315547074 1762160400                            \
#- MACH SUN_SunOS_5.5_Generic                                        \
#-END_OF_UGC_HEADER
#P_OBJECT 6
@P_object 1 0
0 1 ->
@dep_db 2 0
1 2 ->
@revnum_std 3 1
1 3 220
@flag 4 1
1 4 0
@name 5 10
1 5 NULL
@inst_hidden 6 1
1 6 0
@old_name 7 10
1 7 NULL
@appl_data 8 0
1 8 ->
@bounding_box 9 2
2 9 [2][3]
$C0213R,C01F851EB851EB85,C0197AE147AE147C
$C004,BFE,40197AE147AE147C
@ver_key 10 0
1 10 ->
@time 11 1
2 11 854078219
@random_num 12 1
2 12 320461801
@hostid 13 1
2 13 1762160400
#END_OF_P_OBJECT
#Pro/ENGINEER  TM  Version H-01-21  (c) 1988-96 by Parametric Technology Corporation  All Rights Reserved. 9652
@Toc 27 0
0 27 ->
@entry 28 10
1 28 [128]
2 28 BasicData 2b9a 4e9 0 966########################################################
2 28 BasicText 3083 27e 0 966########################################################
2 28 GeomDepen 3301 75 0 966#########################################################
2 28 DispCntrl 3376 612 0 966########################################################
2 28 DisplData 3988 38 0 966#########################################################
2 28 LargeText 39c0 103 0 966########################################################
2 28 FamilyInf 3ac3 40 0 966#########################################################
2 28 VisibGeom 3b03 6065 0 966#######################################################
2 28 NovisGeom 9b68 574b 0 966#######################################################
2 28 ActEntity f2b3 264 0 966########################################################
2 28 AllFeatur f517 1ef7 0 966#######################################################
2 28 FullMData 1140e 3aa 0 966#######################################################
2 28 ModelView#0 117b8 1c7d 0 966####################################################
2 28 DispDataColor 13435 280 0 966###################################################
2 28 DispDataTable 136b5 dde 0 966###################################################
2 28 AssMrgPrt 14493 29 0 966########################################################
2 28 ################################################################################
2 28 ################################################################################
2 28 ################################################################################
2 28 ################################################################################
2 28 ################################################################################
2 28 ################################################################################
2 28 ################################################################################
2 28 ################################################################################
2 28 ################################################################################
2 28 ################################################################################
2 28 ################################################################################
2 28 ################################################################################
2 28 ################################################################################
2 28 ################################################################################
2 28 ################################################################################
2 28 ################################################################################
2 28 ################################################################################
2 28 ################################################################################
2 28 ################################################################################
2 28 ################################################################################
2 28 ################################################################################
2 28 ################################################################################
2 28 ################################################################################
2 28 ################################################################################
2 28 ################################################################################
2 28 ################################################################################
2 28 ################################################################################
2 28 ################################################################################
2 28 ################################################################################
2 28 ################################################################################
2 28 ################################################################################
2 28 ################################################################################
2 28 ################################################################################
2 28 ################################################################################
2 28 ################################################################################
2 28 ################################################################################
2 28 ################################################################################
2 28 ################################################################################
2 28 ################################################################################
2 28 ################################################################################
2 28 ################################################################################
2 28 ################################################################################
2 28 ################################################################################
2 28 ################################################################################
2 28 ################################################################################
2 28 ################################################################################
2 28 ################################################################################
2 28 ################################################################################
2 28 ################################################################################
2 28 ################################################################################
2 28 ################################################################################
2 28 ################################################################################
2 28 ################################################################################
2 28 ################################################################################
2 28 ################################################################################
2 28 ################################################################################
2 28 ################################################################################
2 28 ################################################################################
2 28 ################################################################################
2 28 ################################################################################
2 28 ################################################################################
2 28 ################################################################################
2 28 ################################################################################
2 28 ################################################################################
2 28 ################################################################################
2 28 ################################################################################
2 28 ################################################################################
2 28 ################################################################################
2 28 ################################################################################
2 28 ################################################################################
2 28 ################################################################################
2 28 ################################################################################
2 28 ################################################################################
2 28 ################################################################################
2 28 ################################################################################
2 28 ################################################################################
2 28 ################################################################################
2 28 ################################################################################
2 28 ################################################################################
2 28 ################################################################################
2 28 ################################################################################
2 28 ################################################################################
2 28 ################################################################################
2 28 ################################################################################
2 28 ################################################################################
2 28 ################################################################################
2 28 ################################################################################
2 28 ################################################################################
2 28 ################################################################################
2 28 ################################################################################
2 28 ################################################################################
2 28 ################################################################################
2 28 ################################################################################
2 28 ################################################################################
2 28 ################################################################################
2 28 ################################################################################
2 28 ################################################################################
2 28 ################################################################################
2 28 ################################################################################
2 28 ################################################################################
2 28 ################################################################################
2 28 ################################################################################
2 28 ################################################################################
2 28 ################################################################################
2 28 ################################################################################
2 28 ################################################################################
2 28 ################################################################################
2 28 ################################################################################
2 28 ################################################################################
2 28 ################################################################################
2 28 ################################################################################
2 28 ################################################################################
#BasicData
@Sld_BasicData 1 0
0 1 ->
@tab_key 2 1
1 2 0
@tab_key_struct 3 0
1 3 ->
@tab_key_ptr 4 0
2 4 [216]
@cmprs_tabkey 5 0
2 5 NULL
@type 6 1
1 6 2
@revnum_ptr 7 0
1 7 ->
@geom_revnum 8 1
2 8 220
@cosm_revnum 9 1
2 9 2
@tol_default_ptr 10 0
1 10 ->
@type 11 1
2 11 10
@value 12 2
2 12 [7]
$0,3FB9R,3F847AE147AE147B,3F50624DD2F1A9FC,3F1A36E2EB1C432D,
$3EE4F8B588E368F1,3EB0C6F7A0B5ED8E
@ang_value 13 2
2 13 [7]
$0,6*3FE
@standard 14 1
2 14 0
@iso_tol_tbls_ptr 15 0
2 15 NULL
@datum_count 16 1
1 16 0
@axis_count 17 1
1 17 0
@insert_layer_id 18 1
1 18 -1
@layer_count 19 1
1 19 0
@rel_part_eps 20 2
1 20 3F53A92A30553261
@model_eps 21 2
1 21 0
@fixed_model_eps 22 1
1 22 0
@assembled_count 23 1
1 23 0
@part_type 24 1
1 24 1
@first_ent_id 25 1
1 25 513569
@first_view_id 26 1
1 26 0
@outline 27 2
1 27 [2][3]
$C0213R,C01F851EB851EB85,C0197AE147AE147C
$C004,BFE,40197AE147AE147C
@dim_num 28 1
1 28 0
@geom_lib_ptr 29 0
1 29 NULL
@max_part_size 30 2
1 30 402FDFA5EB0E0DE1
@model_name 31 10
1 31 L_BLOCK__1
@disp_outl_info 32 0
1 32 
@disp_outline 33 2
2 33 [2][3]
$C0213R,C01F851EB851EB85,C0197AE147AE147C
$C004,BFE,40197AE147AE147C
@sel_outl_info 34 0
1 34 ->
@outline 35 2
2 35 [2][3]
$C0213R,C01F851EB851EB85,C0197AE147AE147C
$C004,BFE,40197AE147AE147C
#BasicText
@Sld_BasicText 1 0
0 1 ->
@assem_mass_prop_ptr 2 0
1 2 NULL
@mass_prop_ptr 3 0
1 3 ->
@type 4 1
2 4 0
@density 5 2
2 5 0
@init_dens 6 5
2 6 0
@rel_density 7 2
2 7 0
@init_rel_dens 8 5
2 8 0
@aver_density 9 2
2 9 0
@vrevnum 10 1
2 10 -1
@volume 11 2
2 11 0
@cg 12 2
2 12 [3]
$3*0
@inertia 13 2
2 13 [3][3]
$3*0
$3*0
$3*0
@eps 14 2
2 14 0
@surfarea 15 2
2 15 0
@assign_mp_ptr 16 0
1 16 NULL
@mat_name_ptr 17 10
1 17 NULL
@unit_arr 18 0
1 18 [3]
2 18 
@type 19 1
3 19 11
@factor 20 2
3 20 3FA42850A142850A
@name 21 10
3 21 MM
@unit_type 22 1
3 22 0
2 18 
3 19 2
3 20 3FF
3 21 POUND
3 22 1
2 18 
3 19 11
3 20 3FF
3 21 HOURS
3 22 2
#GeomDepen
@Sld_GeomDepend 1 0
0 1 ->
@frst_geom_ptr 2 1
1 2 199
@fem_data 3 0
1 3 NULL
@first_quilt_ptr 4 1
1 4 126
#DispCntrl
@Sld_DispCntrl 1 0
0 1 ->
@color_prop_ptr 2 0
1 2 ->
@color_refs 3 0
2 3 [1]
3 3 
@ref_color 4 0
4 4 ->
@maximum 5 2
5 5 [3]
$3FE7AE148,3FE3851EC,3FC851EB8
@ambient 6 2
5 6 3FECCCCCC
@diffuse 7 2
5 7 3FECCCCCC
@specular 8 2
5 8 3FE999998
@spec_coef 9 2
5 9 3FE
@transmission 10 2
5 10 0
@threshold 11 1
5 11 90
@gl_ind 12 1
5 12 7
@highlight 13 2
5 13 [3]
$3*3FF
@reflection 14 2
5 14 3FECCCCCC
@bump_height 15 2
5 15 3FF
@bump 16 3
5 16 NULL
@decal_intensity 17 2
5 17 4059
@decal 18 3
5 18 NULL
@texture 19 3
5 19 NULL
@surf_ind_tab 20 0
2 20 [13]
3 20 
@surf_id 21 1
4 21 210
@surf_color_inds 22 1
4 22 [2]
$0,-1
@surf_pl 23 0
4 23 [2]
5 23 
@placement_ptr 24 0
6 24 NULL
5 23 
6 24 NULL
3 20 
4 21 205
4 22 [2]
$0,-1
4 23 [2]
5 23 
6 24 NULL
5 23 
6 24 NULL
3 20 
4 21 199
4 22 [2]
$0,-1
4 23 [2]
5 23 
6 24 NULL
5 23 
6 24 NULL
3 20 
4 21 200
4 22 [2]
$0,-1
4 23 [2]
5 23 
6 24 NULL
5 23 
6 24 NULL
3 20 
4 21 206
4 22 [2]
$0,-1
4 23 [2]
5 23 
6 24 NULL
5 23 
6 24 NULL
3 20 
4 21 204
4 22 [2]
$0,-1
4 23 [2]
5 23 
6 24 NULL
5 23 
6 24 NULL
3 20 
4 21 209
4 22 [2]
$0,-1
4 23 [2]
5 23 
6 24 NULL
5 23 
6 24 NULL
3 20 
4 21 201
4 22 [2]
$0,-1
4 23 [2]
5 23 
6 24 NULL
5 23 
6 24 NULL
3 20 
4 21 208
4 22 [2]
$0,-1
4 23 [2]
5 23 
6 24 NULL
5 23 
6 24 NULL
3 20 
4 21 203
4 22 [2]
$0,-1
4 23 [2]
5 23 
6 24 NULL
5 23 
6 24 NULL
3 20 
4 21 202
4 22 [2]
$0,-1
4 23 [2]
5 23 
6 24 NULL
5 23 
6 24 NULL
3 20 
4 21 214
4 22 [2]
$0,-1
4 23 [2]
5 23 
6 24 NULL
5 23 
6 24 NULL
3 20 
4 21 207
4 22 [2]
$0,-1
4 23 [2]
5 23 
6 24 NULL
5 23 
6 24 NULL
#DisplData
@Sld_DispData 1 0
0 1 ->
@disp_data 2 0
1 2 
#LargeText
@Sld_LargeText 1 0
0 1 ->
@names_table 2 0
1 2 [1]
2 2 ->
@id 3 1
3 3 3
@type 4 1
3 4 25
@name 5 10
3 5 L_BLOCK__1
@relpar_sets 6 0
1 6 [1]
2 6 
@id 7 1
3 7 -1
@type 8 1
3 8 2
@ext_ref_id 9 1
3 9 -1
@relatnum 10 1
3 10 0
@cfg_states 11 0
1 11 NULL
#FamilyInf
@Sld_FamilyInfo 1 0
0 1 ->
@drv_tbl_ptr 2 0
1 2 NULL
#VisibGeom
@Sld_VisGeom 1 0
0 1 ->
@active_geom 2 0
1 2 
@srf_array 3 0
2 3 [17]
3 3 ->
@geom_type 4 1
4 4 34
@geom_id 5 1
4 5 199
@feat_id 6 1
4 6 4
@boundary_type 7 1
4 7 0
@envlp 8 2
4 8 [2][2]
$C02F9EB8B51CFD7A,3FE
$C029,401F851EB851EB85
@srf_prim_ptr(plane) 9 0
4 9 ->
@local_sys 10 2
5 10 [4][3]
$3FF,2*0
$0,BFF,0
$2*0,BFF
$4024,0,40197AE147AE147B
@frst_cntr_ptr 11 0
4 11 ->
@frst_cntr_crv_hdr_ptr 12 1
5 12 159
@trv 13 1
5 13 1
@envlp 14 2
5 14 [2][2]
$C02F9EB8B51CFD7A,3FE
$C029,401F851EB851EB85
@next_cntr_ptr 15 0
4 15 NULL
@next_geom_ptr 16 1
4 16 201
@orient 17 1
4 17 -1
@outline 18 2
4 18 [2][3]
$C0173D716A39FAF4,C01F851EB851EB84,40197AE147AE147B
$C004,BFE,40197AE147AE147B
3 3 ->
4 4 34
4 5 200
4 6 4
4 7 0
4 8 [2][2]
$C0329R,3FE
$C032028F5C28F5C2,401F7BDED440DE6R
4 9 ->
5 10 [4][3]
$3FF,2*0
$0,BFF,0
$2*0,BFF
$4024,0,40197AE147AE147B
4 11 ->
5 12 163
5 13 1
5 14 [2][2]
$C0329R,3FE
$C032028F5C28F5C2,401F7BDED440DE6R
4 15 NULL
4 16 202
4 17 -1
4 18 [2][3]
$C0213R,C01F7BDED440DE6R,40197AE147AE147B
$C020051EB851EB84,BFE,40197AE147AE147B
3 3 ->
4 4 34
4 5 201
4 6 4
4 7 0
4 8 [2][2]
$C028E147AE147AE2,C01D7F9043E58E7A
$3FD3R,0
4 9 ->
5 10 [4][3]
$2*0,3FF
$0,3FF,0
$BFF,2*0
$C0173D716A39FAF5,BFE,C01847AE147AE148
4 11 ->
5 12 159
5 13 1
5 14 [2][2]
$C028E147AE147AE2,C01D7F9043E58E7A
$3FD3R,0
4 15 NULL
4 16 203
4 17 -1
4 18 [2][3]
$C0173D716A39FAF5,C01F7F9043E58E7A,C0197AE147AE147C
$C0173D716A39FAF5,BFE,40197AE147AE147C
3 3 ->
4 4 34
4 5 202
4 6 4
4 7 0
4 8 [2][2]
$40160A3F618231DA,0
$401866688C78E7BE,40297AE147AE147A
4 9 ->
5 10 [4][3]
$BFEFFFFD2E983DC3,0,BF5ADBE62212AB9E
$3F5ADBE62212AB9E,0,BFEFFFFD2E983DC3
$0,BFF,0
$C004,C01F851EB851EB85,40197AE147AE147B
4 11 ->
5 12 176
5 13 1
5 14 [2][2]
$40160A3F618231DA,0
$401866688C78E7BE,40297AE147AE147A
4 15 NULL
4 16 207
4 17 1
4 18 [2][3]
$C0213R,C01F7BDED440DD51,C0197AE147AE147R
$C020051EB851EB84,C01F7AE147AE147B,40197AE147AE147B
3 3 ->
4 4 34
4 5 203
4 6 4
4 7 0
4 8 [2][2]
$2*0
$400A7B9F06B3B0ER,40297AE147AE147A
4 9 ->
5 10 [4][3]
$BFEFFFFD2E983DC3,0,BF5ADBE62212AB9E
$3F5ADBE62212AB9E,0,BFEFFFFD2E983DC3
$0,BFF,0
$C004,C01F851EB851EB85,40197AE147AE147B
4 11 ->
5 12 162
5 13 1
5 14 [2][2]
$2*0
$400A7B9F06B3B0ER,40297AE147AE147A
4 15 NULL
4 16 210
4 17 1
4 18 [2][3]
$C0173DCE58D63D9C,C01F851EB851EB85,C0197AE147AE147R
$C004,C01F7F901CE54B1A,40197AE147AE147B
3 3 ->
4 4 34
4 5 204
4 6 4
4 7 0
4 8 [2][2]
$0,C0297AE147AE147B
$401D7BDED440DE6R,0
4 9 ->
5 10 [4][3]
$2*0,BFF
$3FF,2*0
$0,BFF,0
$C020051EB851EB85,C01F7BDED440DE6R,C0197AE147AE147B
4 11 ->
5 12 163
5 13 1
5 14 [2][2]
$0,C0297AE147AE147B
$401D7BDED440DE6R,0
4 15 ->
5 12 184
5 13 -1
5 14 [2][2]
$3FC9999BDAB9B9E,C028E147AE147AE2
$401C48ABA10DAB3R,BFD3R
4 15 NULL
4 16 200
4 17 -1
4 18 [2][3]
$C020051EB851EB85,C01F7BDED440DE6R,C0197AE147AE147B
$C020051EB851EB85,BFE,40197AE147AE147B
3 3 ->
4 4 34
4 5 205
4 6 4
4 7 0
4 8 [2][2]
$400651E9F858D6E2,0
$40186R,40297AE147AE147B
4 9 ->
5 10 [4][3]
$3FF,2*0
$2*0,3FF
$0,BFF,0
$C0213R,BFE,40197AE147AE147B
4 11 ->
5 12 175
5 13 1
5 14 [2][2]
$400651E9F858D6E2,0
$40186R,40297AE147AE147B
4 15 NULL
4 16 208
4 17 1
4 18 [2][3]
$C0173D716A39FAF5,BFE,C0197AE147AE147B
$C004,BFE,40197AE147AE147B
3 3 ->
4 4 34
4 5 206
4 6 4
4 7 0
4 8 [2][2]
$2*0
$3FE2E147AE147AE,40297AE147AE147B
4 9 ->
5 10 [4][3]
$3FF,2*0
$2*0,3FF
$0,BFF,0
$C0213R,BFE,40197AE147AE147B
4 11 ->
5 12 182
5 13 1
5 14 [2][2]
$2*0
$3FE2E147AE147AE,40297AE147AE147B
4 15 NULL
4 16 209
4 17 1
4 18 [2][3]
$C0213R,BFE,C0197AE147AE147B
$C020051EB851EB85,BFE,40197AE147AE147B
3 3 ->
4 4 34
4 5 207
4 6 4
4 7 0
4 8 [2][2]
$3FF6R,3FE
$3FFFD70A3D70A3D8,401F7BDED440DE6R
4 9 ->
5 10 [4][3]
$3FF,2*0
$0,BFF,0
$2*0,BFF
$C024,0,C0197AE147AE147B
4 11 ->
5 12 183
5 13 1
5 14 [2][2]
$3FF6R,3FE
$3FFFD70A3D70A3D8,401F7BDED440DE6R
4 15 NULL
4 16 206
4 17 1
4 18 [2][3]
$C0213R,C01F7BDED440DE6R,C0197AE147AE147B
$C020051EB851EB85,BFE,C0197AE147AE147B
3 3 ->
4 4 34
4 5 208
4 6 4
4 7 0
4 8 [2][2]
$4010C28E95C6050B,3FE
$401E,401F851EB851EB85
4 9 ->
5 10 [4][3]
$3FF,2*0
$0,BFF,0
$2*0,BFF
$C024,0,C0197AE147AE147B
4 11 ->
5 12 174
5 13 1
5 14 [2][2]
$4010C28E95C6050B,3FE
$401E,401F851EB851EB85
4 15 NULL
4 16 214
4 17 1
4 18 [2][3]
$C0173D716A39FAF5,C01F851EB851EB84,C0197AE147AE147B
$C004,BFE,C0197AE147AE147B
3 3 ->
4 4 34
4 5 209
4 6 4
4 7 0
4 8 [2][2]
$2*0
$401D7AE147AE147B,40297AE147AE147B
4 9 ->
5 10 [4][3]
$2*0,BFF
$3FF,2*0
$0,BFF,0
$C0213R,C01F7AE147AE147B,40197AE147AE147B
4 11 ->
5 12 165
5 13 1
5 14 [2][2]
$2*0
$401D7AE147AE147B,40297AE147AE147B
4 15 NULL
4 16 211
4 17 1
4 18 [2][3]
$C0213R,C01F7AE147AE147B,C0197AE147AE147B
$C0213R,BFE,40197AE147AE147B
3 3 ->
4 4 34
4 5 210
4 6 4
4 7 0
4 8 [2][2]
$2*0
$401D851EB851EB85,40297AE147AE147B
4 9 ->
5 10 [4][3]
$2*0,3FF
$BFF,2*0
$0,BFF,0
$C004,BFE,40197AE147AE147B
4 11 ->
5 12 161
5 13 1
5 14 [2][2]
$2*0
$401D851EB851EB85,40297AE147AE147B
4 15 NULL
4 16 205
4 17 1
4 18 [2][3]
$C004,C01F851EB851EB85,C0197AE147AE147B
$C004,BFE,40197AE147AE147B
3 3 ->
4 4 34
4 5 211
4 6 4
4 7 0
4 8 [2][2]
$0,C028E147AE147AE2
$400199980CD3B82A,BFD3R
4 9 ->
5 10 [4][3]
$BFF,2*0
$2*0,BFF
$0,BFF,0
$C0173D716A39FAF5,BFE9R,C0197AE147AE147B
4 11 ->
5 12 194
5 13 1
5 14 [2][2]
$0,C028E147AE147AE2
$400199980CD3B82A,BFD3R
4 15 NULL
4 16 215
4 17 -1
4 18 [2][3]
$C020051EB851EB85,BFE9R,C01847AE147AE147
$C0173D716A39FAF5,BFE9R,401847AE147AE149
3 3 ->
4 4 34
4 5 212
4 6 4
4 7 0
4 8 [2][2]
$BD5B4,C01CB2C3650FC0AB
$400199980CD3B82A,BFD3R
4 9 ->
5 10 [4][3]
$BFF,2*0
$0,3FF,0
$2*0,BFF
$C0173D716A39FAF5,BFE,401847AE147AE148
4 11 ->
5 12 196
5 13 1
5 14 [2][2]
$BD5B4,C01CB2C3650FC0AB
$400199980CD3B82A,BFD3R
4 15 NULL
4 16 204
4 17 -1
4 18 [2][3]
$C020051EB851EB85,C01EB2C3650FC0AB,401847AE147AE148
$C0173D716A39F941,BFE9R,401847AE147AE148
3 3 ->
4 4 34
4 5 213
4 6 4
4 7 0
4 8 [2][2]
$0,C028E147AE147AE1
$40019R,BFD333333333332
4 9 ->
5 10 [4][3]
$3FEFFFFD2E983DC3,0,3F5ADBE62212AB9E
$BF5ADBE62212AB9E,0,3FEFFFFD2E983DC3
$0,BFF,0
$C020051EB851EB85,C01EAF11F56B1097,C0197AE147AE147B
4 11 ->
5 12 196
5 13 1
5 14 [2][2]
$0,C028E147AE147AE1
$40019R,BFD333333333332
4 15 NULL
4 16 212
4 17 -1
4 18 [2][3]
$C020051EB851EB85,C01EB2C3650FBFF5,C01847AE147AE149
$C0173D716A39F941,C01EAF11F56B1097,401847AE147AE145
3 3 ->
4 4 34
4 5 214
4 6 4
4 7 0
4 8 [2][2]
$0,C028E147AE147AE1
$3FC999999999957R,BFD333333333332
4 9 ->
5 10 [4][3]
$BF5ADBE62212AB9E,0,3FEFFFFD2E983DC3
$BFEFFFFD2E983DC3,0,BF5ADBE62212AB9E
$0,BFF,0
$C0173D716A39FAF5,C01EB2C3650FC0AB,C0197AE147AE147B
4 11 ->
5 12 168
5 13 1
5 14 [2][2]
$0,C028E147AE147AE1
$3FC999999999957R,BFD333333333332
4 15 NULL
4 16 213
4 17 -1
4 18 [2][3]
$C0173DC75D1A67FD,C01F7F901FD38EE2,C01847AE147AE149
$C0173D716A39FAF5,C01EB2C3650FC0AB,401847AE147AE145
3 3 ->
4 4 34
4 5 215
4 6 4
4 7 0
4 8 [2][2]
$0,C01CB2C3650FC0AB
$400199980CD3BB92,BFD3R
4 9 ->
5 10 [4][3]
$3FF,2*0
$0,3FF,0
$2*0,3FF
$C020051EB851EB85,BFE,C01847AE147AE148
4 11 ->
5 12 195
5 13 1
5 14 [2][2]
$0,C01CB2C3650FC0AB
$400199980CD3BB92,BFD3R
4 15 NULL
4 16 0
4 17 -1
4 18 [2][3]
$C020051EB851EB85,C01EB2C3650FC0AB,C01847AE147AE148
$C0173D716A39F941,BFE9R,C01847AE147AE148
@crv_array 19 0
2 19 [80]
3 19 ->
@crv_id 20 1
4 20 85
@feat_id 21 1
4 21 4
@type 22 1
4 22 0
@crv_pnt_dir 23 1
4 23 [2]
$1,-1
@crv_pnt_arr 24 2
4 24 [2][4]
$C02F9EB8B51CFD7A,401F7F9043E58E7A,C028E147AE147AE2,C01D7F9043E58E7A
$C02F9EB8B51CFD7A,3FE,C028E147AE147AE2,0
@crv_hdr_geom_ptr[0] 25 1
4 25 125
@crv_hdr_geom_ptr[1] 26 1
4 26 129
@next_crv_hdr_ptr[0] 27 1
4 27 86
@next_crv_hdr_ptr[1] 28 1
4 28 93
@ref_geom[0] 29 1
4 29 0
@ref_geom[1] 30 1
4 30 0
3 19 ->
4 20 86
4 21 4
4 22 0
4 23 [2]
$1,-1
4 24 [2][4]
$40186R,0,C029,3FE
$400651E9F858D6E2,0,C02F9EB8B51CFD7A,3FE
4 25 137
4 26 125
4 27 101
4 28 87
4 29 0
4 30 0
3 19 ->
4 20 87
4 21 4
4 22 0
4 23 [2]
$1,-1
4 24 [2][4]
$401D851EB851EB85,0,C029,401F851EB851EB85
$2*0,C029,3FE
4 25 147
4 26 125
4 27 115
4 28 88
4 29 0
4 30 0
3 19 ->
4 20 88
4 21 4
4 22 0
4 23 [2]
$1,-1
4 24 [2][4]
$400A7AE5296ACCBC,0,C02F9EB8B51CFD48,401F7F9043E58CAF
$2*0,C029,401F851EB851EB85
4 25 133
4 26 125
4 27 105
4 28 85
4 29 0
4 30 0
3 19 ->
4 20 89
4 21 4
4 22 0
4 23 [2]
$1,-1
4 24 [2][4]
$C032028F5C28F5C2,3FE,401D7BDED440DE6R,C0297AE147AE147B
$C032028F5C28F5C2,401F7BDED440DE6R,0,C0297AE147AE147B
4 25 127
4 26 135
4 27 90
4 28 108
4 29 0
4 30 0
3 19 ->
4 20 90
4 21 4
4 22 0
4 23 [2]
$1,-1
4 24 [2][4]
$401866688C78E7BC,0,C0329R,401F7B600DF779FA
$40160A3F618231DA,0,C032028F5C28F5C2,401F7B600DF779FA
4 25 131
4 26 127
4 27 102
4 28 91
4 29 0
4 30 0
3 19 ->
4 20 91
4 21 4
4 22 0
4 23 [2]
$1,-1
4 24 [2][4]
$401D7AE147AE147B,0,C0329R,3FE
$2*0,C0329R,401F7AE147AE147B
4 25 145
4 26 127
4 27 104
4 28 92
4 29 0
4 30 0
3 19 ->
4 20 92
4 21 4
4 22 0
4 23 [2]
$1,-1
4 24 [2][4]
$3FE2E147AE147AE,0,C032028F5C28F5C2,3FE
$2*0,C0329R,3FE
4 25 139
4 26 127
4 27 116
4 28 89
4 29 0
4 30 0
3 19 ->
4 20 93
4 21 4
4 22 0
4 23 [2]
$1,-1
4 24 [2][4]
$400A7B1022DECCD6,3FD333333333318F,C02847AE147AE15R,C01D7F903AE10EDA
$400A7B1022DECCD6,0,C028E147AE147AE2,C01D7F903AE10EDA
4 25 133
4 26 129
4 27 88
4 28 94
4 29 0
4 30 0
3 19 ->
4 20 94
4 21 4
4 22 0
4 23 [2]
$1,-1
4 24 [2][4]
$C02847AE147AE148,C01D7F9031DC8E2R,3FC999999999957R,C028E147AE147AE1
$C02847AE147AE148,C01CB2C3650FC0AB,0,C028E147AE147AE1
4 25 129
4 26 155
4 27 95
4 28 107
4 29 0
4 30 0
3 19 ->
4 20 95
4 21 4
4 22 0
4 23 [2]
$1,-1
4 24 [2][4]
$C02847AE147AE148,C01CB2C3650FC0AB,0,C01CB2C3650FC0AB
$C02847AE147AE148,BFD3R,0,BFD3R
4 25 129
4 26 151
4 27 96
4 28 122
4 29 0
4 30 0
3 19 ->
4 20 96
4 21 4
4 22 0
4 23 [2]
$1,-1
4 24 [2][4]
$C02847AE147AE148,BFD3R,0,C028E147AE147AE2
$0,BFD3R,0,BFD3R
4 25 129
4 26 149
4 27 97
4 28 120
4 29 0
4 30 0
3 19 ->
4 20 97
4 21 4
4 22 0
4 23 [2]
$1,-1
4 24 [2][4]
$400199980CD3B82A,C01CB2C3650FC0AB,0,C01CB2C3650FC0AB
$400199980CD3B82A,BFD3R,0,BFD3R
4 25 157
4 26 129
4 27 121
4 28 98
4 29 0
4 30 0
3 19 ->
4 20 98
4 21 4
4 22 0
4 23 [2]
$1,-1
4 24 [2][4]
$3FC999999999957R,BFD333333333332F,0,C01D7F9031DC8E2R
$0,BFD333333333332F,0,C01CB2C3650FC0AB
4 25 155
4 26 129
4 27 123
4 28 99
4 29 0
4 30 0
3 19 ->
4 20 99
4 21 4
4 22 0
4 23 [2]
$1,-1
4 24 [2][4]
$3D1A,C01D7F903AE10EDA,400A7B1022DECCD7,4028E147AE147AED
$3FD3R,C01D7F903AE10EDA,400A7B1022DECCD7,40297AE147AE147A
4 25 129
4 26 133
4 27 100
4 28 107
4 29 0
4 30 0
3 19 ->
4 20 100
4 21 4
4 22 0
4 23 [2]
$1,-1
4 24 [2][4]
$3FD3R,C01D7F9043E58E7A,4010C28E95C6050B,401F7F9043E58E7A
$3FD3R,0,4010C28E95C6050B,3FE
4 25 129
4 26 143
4 27 101
4 28 106
4 29 0
4 30 0
3 19 ->
4 20 101
4 21 4
4 22 0
4 23 [2]
$1,-1
4 24 [2][4]
$400651E9F858D6E2,0,C028E147AE147AE2,0
$400651E9F858D6E2,40297AE147AE147B,3FD3R,0
4 25 137
4 26 129
4 27 114
4 28 85
4 29 0
4 30 0
3 19 ->
4 20 102
4 21 4
4 22 0
4 23 [2]
$1,-1
4 24 [2][4]
$2*0,40160A3F618231DA,40297AE147AE147A
$0,C0297AE147AE147B,40160A3F618231DA,0
4 25 135
4 26 131
4 27 89
4 28 103
4 29 0
4 30 0
3 19 ->
4 20 103
4 21 4
4 22 0
4 23 [2]
$1,-1
4 24 [2][4]
$3FF666666666667,401F7B600DF779FA,401866688C78E7BC,40297AE147AE147A
$3FFFD70A3D70A3D8,401F7B600DF779FA,40160A3F618231DA,40297AE147AE147A
4 25 141
4 26 131
4 27 109
4 28 104
4 29 0
4 30 0
3 19 ->
4 20 104
4 21 4
4 22 0
4 23 [2]
$1,-1
4 24 [2][4]
$401866688C78E7BE,40297AE147AE147A,0,40297AE147AE147B
$401866688C78E7BE,3*0
4 25 131
4 26 145
4 27 90
4 28 118
4 29 0
4 30 0
3 19 ->
4 20 105
4 21 4
4 22 0
4 23 [2]
$1,-1
4 24 [2][4]
$401D851EB851EB85,40297AE147AE147B,0,40297AE147AE147A
$401D851EB851EB85,3*0
4 25 147
4 26 133
4 27 87
4 28 106
4 29 0
4 30 0
3 19 ->
4 20 106
4 21 4
4 22 0
4 23 [2]
$1,-1
4 24 [2][4]
$4010C28E95C6056F,401F7F9043E58CAF,400A7AE5296ACCBC,40297AE147AE147A
$401E,401F851EB851EB85,0,40297AE147AE147A
4 25 143
4 26 133
4 27 119
4 28 99
4 29 0
4 30 0
3 19 ->
4 20 107
4 21 4
4 22 0
4 23 [2]
$1,-1
4 24 [4][4]
$400A7B3B1C52CCA4,4028E147AE147AE1,3FC999999999803A,BFD333333333332
$400A7B910F3ACAD3,4020C962FC99B547,3FC9999999997EEB,C01162FC9628BE6C
$400A7B910F3ACAD3,401162FC9628BE71,3FC9999999997EEB,C020C962FC99B54R
$400A7B3B1C52CCA4,3FD333333333332,3FC999999999803A,C028E147AE147AE1
4 25 133
4 26 155
4 27 93
4 28 98
4 29 0
4 30 0
3 19 ->
4 20 108
4 21 4
4 22 0
4 23 [2]
$1,-1
4 24 [2][4]
$3FE2E147AE147AE,40297AE147AE147B,401D7BDED440DE6R,0
$3FE2E147AE147AE,0,401D7BDED440DE6R,C0297AE147AE147B
4 25 139
4 26 135
4 27 92
4 28 109
4 29 0
4 30 0
3 19 ->
4 20 109
4 21 4
4 22 0
4 23 [2]
$1,-1
4 24 [2][4]
$3FFFD70A3D70A3D8,401F7BDED440DE6R,2*0
$3FFFD70A3D70A3D8,3FE,401D7BDED440DE6R,0
4 25 141
4 26 135
4 27 117
4 28 102
4 29 0
4 30 0
3 19 ->
4 20 110
4 21 4
4 22 0
4 23 [2]
$1,-1
4 24 [2][4]
$400199980CD3B82A,C028E147AE147AE2,401C48ABA10DAB3R,C028E147AE147AE2
$400199980CD3B82A,BFD333333333334,401C48ABA10DAB3R,BFD3R
4 25 149
4 26 135
4 27 121
4 28 111
4 29 0
4 30 0
3 19 ->
4 20 111
4 21 4
4 22 0
4 23 [2]
$1,-1
4 24 [2][4]
$400199980CD3B82A,C01CAF11F56B1097,3FC9999BDAB9B9E,C028E147AE147AE2
$400199980CD3B82A,BFD3R,401C48ABA10DAB3R,C028E147AE147AE2
4 25 151
4 26 135
4 27 120
4 28 112
4 29 0
4 30 0
3 19 ->
4 20 112
4 21 4
4 22 0
4 23 [2]
$1,-1
4 24 [2][4]
$3FC9999BDAB9B9E,C028E147AE147AE2,0,C028E147AE147AE1
$3FC9999BDAB9B9E,BFD333333333334,0,BFD333333333332F
4 25 135
4 26 153
4 27 113
4 28 122
4 29 0
4 30 0
3 19 ->
4 20 113
4 21 4
4 22 0
4 23 [2]
$1,-1
4 24 [2][4]
$3FC9999BDAB9B9E,BFD3R,0,C01CAF11F56B1097
$401C48ABA10DAB3R,BFD3R,0,BFD3R
4 25 135
4 26 157
4 27 110
4 28 124
4 29 0
4 30 0
3 19 ->
4 20 114
4 21 4
4 22 0
4 23 [2]
$1,-1
4 24 [2][4]
$401E,3FE,40186R,40297AE147AE147B
$4010C28E95C6050B,3FE,400651E9F858D6E2,40297AE147AE147B
4 25 143
4 26 137
4 27 100
4 28 115
4 29 0
4 30 0
3 19 ->
4 20 115
4 21 4
4 22 0
4 23 [2]
$1,-1
4 24 [2][4]
$40186R,40297AE147AE147B,0,40297AE147AE147B
$40186R,3*0
4 25 137
4 26 147
4 27 86
4 28 119
4 29 0
4 30 0
3 19 ->
4 20 116
4 21 4
4 22 0
4 23 [2]
$1,-1
4 24 [2][4]
$401D7AE147AE147B,40297AE147AE147B,0,40297AE147AE147B
$401D7AE147AE147B,3*0
4 25 145
4 26 139
4 27 91
4 28 117
4 29 0
4 30 0
3 19 ->
4 20 117
4 21 4
4 22 0
4 23 [2]
$1,-1
4 24 [2][4]
$3FFFD70A3D70A3D8,3FE,3FE2E147AE147AE,40297AE147AE147B
$3FF6R,3FE,0,40297AE147AE147B
4 25 141
4 26 139
4 27 118
4 28 108
4 29 0
4 30 0
3 19 ->
4 20 118
4 21 4
4 22 0
4 23 [2]
$1,-1
4 24 [2][4]
$3FF6R,3FE,401D7AE147AE147B,40297AE147AE147B
$3FF6R,401F7AE147AE147B,0,40297AE147AE147B
4 25 141
4 26 145
4 27 103
4 28 116
4 29 0
4 30 0
3 19 ->
4 20 119
4 21 4
4 22 0
4 23 [2]
$1,-1
4 24 [2][4]
$401E,401F851EB851EB85,401D851EB851EB85,40297AE147AE147B
$401E,3FE,0,40297AE147AE147B
4 25 143
4 26 147
4 27 114
4 28 105
4 29 0
4 30 0
3 19 ->
4 20 120
4 21 4
4 22 0
4 23 [2]
$1,-1
4 24 [2][4]
$400199980CD3B82A,BFD3R,400199980CD3B82A,C028E147AE147AE2
$0,BFD3R,0,C028E147AE147AE2
4 25 151
4 26 149
4 27 95
4 28 110
4 29 0
4 30 0
3 19 ->
4 20 121
4 21 4
4 22 0
4 23 [2]
$1,-1
4 24 [2][4]
$400199980CD3B82A,BFD3R,0,BFD3R
$0,BFD3R,400199980CD3B82A,BFD3R
4 25 157
4 26 149
4 27 113
4 28 96
4 29 0
4 30 0
3 19 ->
4 20 122
4 21 4
4 22 0
4 23 [2]
$1,-1
4 24 [2][4]
$BD5B4,C01CB2C3650FBFF5,40019R,C028E147AE147AE1
$400199980CD3B82A,C01CAF11F56B1097,0,C028E147AE147AE1
4 25 151
4 26 153
4 27 111
4 28 123
4 29 0
4 30 0
3 19 ->
4 20 123
4 21 4
4 22 0
4 23 [2]
$1,-1
4 24 [2][4]
$4001999999999632,C028E147AE147AE1,0,C028E147AE147AE1
$4001999999999632,BFD333333333332,0,BFD333333333332F
4 25 153
4 26 155
4 27 124
4 28 94
4 29 0
4 30 0
3 19 ->
4 20 124
4 21 4
4 22 0
4 23 [2]
$1,-1
4 24 [2][4]
$40019R,BFD333333333332F,400199980CD3BB92,C01CB2C3650FBFF5
$0,BFD333333333332F,0,C01CAF11F56B1097
4 25 153
4 26 157
4 27 112
4 28 97
4 29 0
4 30 0
3 19 ->
4 20 159
4 21 4
4 22 0
4 23 [2]
$1,-1
4 24 [2][4]
$C02F9EB8B51CFD7A,401F7F9043E58CAF,C028E147AE147AE2,C01D7F903AE10EDA
$C02F9EB8B51CFD7A,3FE,C028E147AE147AE2,0
4 25 199
4 26 201
4 27 160
4 28 167
4 29 0
4 30 0
3 19 ->
4 20 160
4 21 4
4 22 0
4 23 [2]
$1,-1
4 24 [2][4]
$40186R,0,C029,3FE
$400651E9F858D6E2,0,C02F9EB8B51CFD7A,3FE
4 25 205
4 26 199
4 27 175
4 28 161
4 29 0
4 30 0
3 19 ->
4 20 161
4 21 4
4 22 0
4 23 [2]
$1,-1
4 24 [2][4]
$401D851EB851EB85,0,C029,401F851EB851EB85
$2*0,C029,3FE
4 25 210
4 26 199
4 27 189
4 28 162
4 29 0
4 30 0
3 19 ->
4 20 162
4 21 4
4 22 0
4 23 [2]
$1,-1
4 24 [2][4]
$400A7B1022DECCD6,0,C02F9EB8B51CFD7A,401F7F9043E58CAF
$2*0,C029,401F851EB851EB85
4 25 203
4 26 199
4 27 179
4 28 159
4 29 0
4 30 0
3 19 ->
4 20 163
4 21 4
4 22 0
4 23 [2]
$1,-1
4 24 [2][4]
$C032028F5C28F5C2,3FE,401D7BDED440DE6R,C0297AE147AE147B
$C032028F5C28F5C2,401F7B600DF779FA,0,C0297AE147AE147B
4 25 200
4 26 204
4 27 164
4 28 182
4 29 0
4 30 0
3 19 ->
4 20 164
4 21 4
4 22 0
4 23 [2]
$1,-1
4 24 [2][4]
$401866688C78E7BE,0,C0329R,401F7B600DF779FA
$40160A3F618231DA,0,C032028F5C28F5C2,401F7B600DF779FA
4 25 202
4 26 200
4 27 176
4 28 165
4 29 0
4 30 0
3 19 ->
4 20 165
4 21 4
4 22 0
4 23 [2]
$1,-1
4 24 [2][4]
$401D7AE147AE147B,0,C0329R,3FE
$2*0,C0329R,401F7B600DF779FA
4 25 209
4 26 200
4 27 178
4 28 166
4 29 0
4 30 0
3 19 ->
4 20 166
4 21 4
4 22 0
4 23 [2]
$1,-1
4 24 [2][4]
$3FE2E147AE147AE,0,C032028F5C28F5C2,3FE
$2*0,C0329R,3FE
4 25 206
4 26 200
4 27 190
4 28 163
4 29 0
4 30 0
3 19 ->
4 20 167
4 21 4
4 22 0
4 23 [2]
$1,-1
4 24 [2][4]
$400A7B259F98CCBD,3FD3333333333258,C02847AE147AE148,C01D7F903AE10EDA
$400A7B1022DECCD6,0,C028E147AE147AE2,C01D7F903AE10EDA
4 25 203
4 26 201
4 27 162
4 28 168
4 29 0
4 30 0
3 19 ->
4 20 168
4 21 4
4 22 0
4 23 [2]
$1,-1
4 24 [2][4]
$C02847AE147AE148,C01D7F903AE10EDA,3FC999999999803A,C028E147AE147AE1
$C02847AE147AE148,C01CB2C3650FC0AB,0,C028E147AE147AE1
4 25 201
4 26 214
4 27 169
4 28 181
4 29 0
4 30 0
3 19 ->
4 20 169
4 21 4
4 22 0
4 23 [2]
$1,-1
4 24 [2][4]
$C02847AE147AE148,C01CB2C3650FC0AB,0,C01CB2C3650FBFF4
$C02847AE147AE148,BFD3R,0,BFD3R
4 25 201
4 26 212
4 27 170
4 28 196
4 29 0
4 30 0
3 19 ->
4 20 170
4 21 4
4 22 0
4 23 [2]
$1,-1
4 24 [2][4]
$C02847AE147AE148,BFD3R,0,C028E147AE147AE2
$0,BFD3R,0,BFD3R
4 25 201
4 26 211
4 27 171
4 28 194
4 29 0
4 30 0
3 19 ->
4 20 171
4 21 4
4 22 0
4 23 [2]
$1,-1
4 24 [2][4]
$400199980CD3B82A,C01CB2C3650FBFF4,0,C01CB2C3650FC0AB
$400199980CD3B82A,BFD3R,0,BFD3R
4 25 215
4 26 201
4 27 195
4 28 172
4 29 0
4 30 0
3 19 ->
4 20 172
4 21 4
4 22 0
4 23 [2]
$1,-1
4 24 [2][4]
$3FC999999999803A,BFD333333333332F,0,C01D7F903AE10EDA
$0,BFD333333333332F,0,C01CB2C3650FC0AB
4 25 214
4 26 201
4 27 197
4 28 173
4 29 0
4 30 0
3 19 ->
4 20 173
4 21 4
4 22 0
4 23 [2]
$1,-1
4 24 [2][4]
$0,C01D7F903AE10EDA,400A7B259F98CCBE,4028E147AE147AE7
$3FD3R,C01D7F903AE10EDA,400A7B1022DECCD7,40297AE147AE147A
4 25 201
4 26 203
4 27 174
4 28 181
4 29 0
4 30 0
3 19 ->
4 20 174
4 21 4
4 22 0
4 23 [2]
$1,-1
4 24 [2][4]
$3FD3R,C01D7F903AE10EDA,4010C28E95C6050B,401F7F9043E58CAF
$3FD3R,0,4010C28E95C6050B,3FE
4 25 201
4 26 208
4 27 175
4 28 180
4 29 0
4 30 0
3 19 ->
4 20 175
4 21 4
4 22 0
4 23 [2]
$1,-1
4 24 [2][4]
$400651E9F858D6E2,0,C028E147AE147AE2,0
$400651E9F858D6E2,40297AE147AE147B,3FD3R,0
4 25 205
4 26 201
4 27 188
4 28 159
4 29 0
4 30 0
3 19 ->
4 20 176
4 21 4
4 22 0
4 23 [2]
$1,-1
4 24 [2][4]
$2*0,40160A3F618231DA,40297AE147AE147A
$0,C0297AE147AE147B,40160A3F618231DA,0
4 25 204
4 26 202
4 27 163
4 28 177
4 29 0
4 30 0
3 19 ->
4 20 177
4 21 4
4 22 0
4 23 [2]
$1,-1
4 24 [2][4]
$3FF6R,401F7B600DF779FA,401866688C78E7BE,40297AE147AE147A
$3FFFD70A3D70A3D8,401F7B600DF779FA,40160A3F618231DA,40297AE147AE147A
4 25 207
4 26 202
4 27 183
4 28 178
4 29 0
4 30 0
3 19 ->
4 20 178
4 21 4
4 22 0
4 23 [2]
$1,-1
4 24 [2][4]
$401866688C78E7BE,40297AE147AE147A,0,40297AE147AE147B
$401866688C78E7BE,3*0
4 25 202
4 26 209
4 27 164
4 28 192
4 29 0
4 30 0
3 19 ->
4 20 179
4 21 4
4 22 0
4 23 [2]
$1,-1
4 24 [2][4]
$401D851EB851EB85,40297AE147AE147B,0,40297AE147AE147A
$401D851EB851EB85,3*0
4 25 210
4 26 203
4 27 161
4 28 180
4 29 0
4 30 0
3 19 ->
4 20 180
4 21 4
4 22 0
4 23 [2]
$1,-1
4 24 [2][4]
$4010C28E95C6050B,401F7F9043E58CAF,400A7B1022DECCD7,40297AE147AE147A
$401E,401F851EB851EB85,0,40297AE147AE147A
4 25 208
4 26 203
4 27 193
4 28 173
4 29 0
4 30 0
3 19 ->
4 20 181
4 21 4
4 22 0
4 23 [2]
$1,-1
4 24 [4][4]
$400A7B259F98CCBE,4028E147AE147AE7,3FC999999999803A,BFD333333333332F
$400A7B910F3ACAD3,4020C962FC99B547,3FC9999999997EEB,C01162FC9628BE6C
$400A7B910F3ACAD3,401162FC9628BE71,3FC9999999997EEB,C020C962FC99B54R
$400A7B259F98CCBD,3FD3333333333258,3FC999999999803A,C028E147AE147AE1
4 25 203
4 26 214
4 27 167
4 28 172
4 29 0
4 30 0
3 19 ->
4 20 182
4 21 4
4 22 0
4 23 [2]
$1,-1
4 24 [2][4]
$3FE2E147AE147AE,40297AE147AE147B,401D7BDED440DE6R,0
$3FE2E147AE147AE,0,401D7BDED440DE6R,C0297AE147AE147B
4 25 206
4 26 204
4 27 166
4 28 183
4 29 0
4 30 0
3 19 ->
4 20 183
4 21 4
4 22 0
4 23 [2]
$1,-1
4 24 [2][4]
$3FFFD70A3D70A3D8,401F7B600DF779FA,2*0
$3FFFD70A3D70A3D8,3FE,401D7BDED440DE6R,0
4 25 207
4 26 204
4 27 191
4 28 176
4 29 0
4 30 0
3 19 ->
4 20 184
4 21 4
4 22 0
4 23 [2]
$1,-1
4 24 [2][4]
$400199980CD3B82A,C028E147AE147AE2,401C48ABA10DAB3R,C028E147AE147AE2
$400199980CD3B82A,BFD3R,401C48ABA10DAB3R,BFD3R
4 25 211
4 26 204
4 27 195
4 28 185
4 29 0
4 30 0
3 19 ->
4 20 185
4 21 4
4 22 0
4 23 [2]
$1,-1
4 24 [2][4]
$400199980CD3B82A,C01CAF11F56B1097,3FC9999BDAB9B9E,C028E147AE147AE2
$400199980CD3B82A,BFD3R,401C48ABA10DAB3R,C028E147AE147AE2
4 25 212
4 26 204
4 27 194
4 28 186
4 29 0
4 30 0
3 19 ->
4 20 186
4 21 4
4 22 0
4 23 [2]
$1,-1
4 24 [2][4]
$3FC9999BDAB9B9E,C028E147AE147AE2,0,C028E147AE147AE1
$3FC9999BDAB9B9E,BFD3R,0,BFD333333333332F
4 25 204
4 26 213
4 27 187
4 28 196
4 29 0
4 30 0
3 19 ->
4 20 187
4 21 4
4 22 0
4 23 [2]
$1,-1
4 24 [2][4]
$3FC9999BDAB9B9E,BFD3R,0,C01CAF11F56B1097
$401C48ABA10DAB3R,BFD3R,0,BFD3R
4 25 204
4 26 215
4 27 184
4 28 198
4 29 0
4 30 0
3 19 ->
4 20 188
4 21 4
4 22 0
4 23 [2]
$1,-1
4 24 [2][4]
$401E,3FE,40186R,40297AE147AE147B
$4010C28E95C6050B,3FE,400651E9F858D6E2,40297AE147AE147B
4 25 208
4 26 205
4 27 174
4 28 189
4 29 0
4 30 0
3 19 ->
4 20 189
4 21 4
4 22 0
4 23 [2]
$1,-1
4 24 [2][4]
$40186R,40297AE147AE147B,0,40297AE147AE147B
$40186R,3*0
4 25 205
4 26 210
4 27 160
4 28 193
4 29 0
4 30 0
3 19 ->
4 20 190
4 21 4
4 22 0
4 23 [2]
$1,-1
4 24 [2][4]
$401D7AE147AE147B,40297AE147AE147B,0,40297AE147AE147B
$401D7AE147AE147B,3*0
4 25 209
4 26 206
4 27 165
4 28 191
4 29 0
4 30 0
3 19 ->
4 20 191
4 21 4
4 22 0
4 23 [2]
$1,-1
4 24 [2][4]
$3FFFD70A3D70A3D8,3FE,3FE2E147AE147AE,40297AE147AE147B
$3FF6R,3FE,0,40297AE147AE147B
4 25 207
4 26 206
4 27 192
4 28 182
4 29 0
4 30 0
3 19 ->
4 20 192
4 21 4
4 22 0
4 23 [2]
$1,-1
4 24 [2][4]
$3FF6R,3FE,401D7AE147AE147B,40297AE147AE147B
$3FF6R,401F7B600DF779FA,0,40297AE147AE147B
4 25 207
4 26 209
4 27 177
4 28 190
4 29 0
4 30 0
3 19 ->
4 20 193
4 21 4
4 22 0
4 23 [2]
$1,-1
4 24 [2][4]
$401E,401F851EB851EB85,401D851EB851EB85,40297AE147AE147B
$401E,3FE,0,40297AE147AE147B
4 25 208
4 26 210
4 27 188
4 28 179
4 29 0
4 30 0
3 19 ->
4 20 194
4 21 4
4 22 0
4 23 [2]
$1,-1
4 24 [2][4]
$400199980CD3B82A,BFD3R,400199980CD3B82A,C028E147AE147AE2
$0,BFD3R,0,C028E147AE147AE2
4 25 212
4 26 211
4 27 169
4 28 184
4 29 0
4 30 0
3 19 ->
4 20 195
4 21 4
4 22 0
4 23 [2]
$1,-1
4 24 [2][4]
$400199980CD3B82A,BFD3R,0,BFD3R
$0,BFD3R,400199980CD3B82A,BFD3R
4 25 215
4 26 211
4 27 187
4 28 170
4 29 0
4 30 0
3 19 ->
4 20 196
4 21 4
4 22 0
4 23 [2]
$1,-1
4 24 [2][4]
$0,C01CB2C3650FBFF4,4001999999999632,C028E147AE147AE1
$400199980CD3B82A,C01CAF11F56B1097,0,C028E147AE147AE1
4 25 212
4 26 213
4 27 185
4 28 197
4 29 0
4 30 0
3 19 ->
4 20 197
4 21 4
4 22 0
4 23 [2]
$1,-1
4 24 [2][4]
$4001999999999632,C028E147AE147AE1,0,C028E147AE147AE1
$4001999999999632,BFD333333333332F,0,BFD333333333332F
4 25 213
4 26 214
4 27 198
4 28 168
4 29 0
4 30 0
3 19 ->
4 20 198
4 21 4
4 22 0
4 23 [2]
$1,-1
4 24 [2][4]
$4001999999999632,BFD333333333332F,400199980CD3B82A,C01CB2C3650FBFF4
$0,BFD333333333332F,0,C01CAF11F56B1097
4 25 213
4 26 215
4 27 186
4 28 171
4 29 0
4 30 0
@qlt_array 31 0
2 31 [17]
3 31 ->
@quilt_id 32 1
4 32 126
@data_type 33 1
4 33 57
@attr 34 1
4 34 1
@feat_id 35 1
4 35 4
@first_geom_ptr 36 1
4 36 199
@used_by_feat_id 37 1
4 37 4
@next_quilt_ptr 38 1
4 38 0
3 31 ->
4 32 128
4 33 57
4 34 1
4 35 4
4 36 200
4 37 4
4 38 130
3 31 ->
4 32 130
4 33 57
4 34 1
4 35 4
4 36 201
4 37 4
4 38 132
3 31 ->
4 32 132
4 33 57
4 34 1
4 35 4
4 36 202
4 37 4
4 38 134
3 31 ->
4 32 134
4 33 57
4 34 1
4 35 4
4 36 203
4 37 4
4 38 136
3 31 ->
4 32 136
4 33 57
4 34 1
4 35 4
4 36 204
4 37 4
4 38 138
3 31 ->
4 32 138
4 33 57
4 34 1
4 35 4
4 36 205
4 37 4
4 38 140
3 31 ->
4 32 140
4 33 57
4 34 1
4 35 4
4 36 206
4 37 4
4 38 142
3 31 ->
4 32 142
4 33 57
4 34 1
4 35 4
4 36 207
4 37 4
4 38 144
3 31 ->
4 32 144
4 33 57
4 34 1
4 35 4
4 36 208
4 37 4
4 38 146
3 31 ->
4 32 146
4 33 57
4 34 1
4 35 4
4 36 209
4 37 4
4 38 148
3 31 ->
4 32 148
4 33 57
4 34 1
4 35 4
4 36 210
4 37 4
4 38 150
3 31 ->
4 32 150
4 33 57
4 34 1
4 35 4
4 36 211
4 37 4
4 38 152
3 31 ->
4 32 152
4 33 57
4 34 1
4 35 4
4 36 212
4 37 4
4 38 154
3 31 ->
4 32 154
4 33 57
4 34 1
4 35 4
4 36 213
4 37 4
4 38 156
3 31 ->
4 32 156
4 33 57
4 34 1
4 35 4
4 36 214
4 37 4
4 38 158
3 31 ->
4 32 158
4 33 57
4 34 1
4 35 4
4 36 215
4 37 4
4 38 0
#NovisGeom
@Sld_NonVisGeom 1 0
0 1 ->
@inactive_geom 2 0
1 2 
@srf_array 3 0
2 3 [17]
3 3 ->
@geom_type 4 1
4 4 34
@geom_id 5 1
4 5 125
@feat_id 6 1
4 6 4
@boundary_type 7 1
4 7 0
@envlp 8 2
4 8 [2][2]
$C02F9EB8B51CFD7A,3FE
$C029,401F851EB851EB85
@srf_prim_ptr(plane) 9 0
4 9 ->
@local_sys 10 2
5 10 [4][3]
$3FF,2*0
$0,BFF,0
$2*0,BFF
$4024,0,40197AE147AE147B
@frst_cntr_ptr 11 0
4 11 ->
@frst_cntr_crv_hdr_ptr 12 1
5 12 85
@trv 13 1
5 13 1
@envlp 14 2
5 14 [2][2]
$C02F9EB8B51CFD7A,3FE
$C029,401F851EB851EB85
@next_cntr_ptr 15 0
4 15 NULL
@next_geom_ptr 16 1
4 16 0
@orient 17 1
4 17 -1
@outline 18 2
4 18 [2][3]
$C0173D716A39FAF4,C01F851EB851EB84,40197AE147AE147B
$C004,BFE,40197AE147AE147B
3 3 ->
4 4 34
4 5 127
4 6 4
4 7 0
4 8 [2][2]
$C0329R,3FE
$C032028F5C28F5C2,401F7BDED440DE6R
4 9 ->
5 10 [4][3]
$3FF,2*0
$0,BFF,0
$2*0,BFF
$4024,0,40197AE147AE147B
4 11 ->
5 12 89
5 13 1
5 14 [2][2]
$C0329R,3FE
$C032028F5C28F5C2,401F7BDED440DE6R
4 15 NULL
4 16 0
4 17 -1
4 18 [2][3]
$C0213R,C01F7BDED440DE6R,40197AE147AE147B
$C020051EB851EB84,BFE,40197AE147AE147B
3 3 ->
4 4 34
4 5 129
4 6 4
4 7 0
4 8 [2][2]
$C028E147AE147AE2,C01D7F9043E58E7A
$3FD3R,0
4 9 ->
5 10 [4][3]
$2*0,3FF
$0,3FF,0
$BFF,2*0
$C0173D716A39FAF5,BFE,C01847AE147AE148
4 11 ->
5 12 85
5 13 1
5 14 [2][2]
$C028E147AE147AE2,C01D7F9043E58E7A
$3FD3R,0
4 15 NULL
4 16 0
4 17 -1
4 18 [2][3]
$C0173D716A39FAF5,C01F7F9043E58E7A,C0197AE147AE147C
$C0173D716A39FAF5,BFE,40197AE147AE147C
3 3 ->
4 4 34
4 5 131
4 6 4
4 7 0
4 8 [2][2]
$40160A3F618231DA,0
$401866688C78E7BE,40297AE147AE147A
4 9 ->
5 10 [4][3]
$BFEFFFFD2E983DC3,0,BF5ADBE62212AB9E
$3F5ADBE62212AB9E,0,BFEFFFFD2E983DC3
$0,BFF,0
$C004,C01F851EB851EB85,40197AE147AE147B
4 11 ->
5 12 102
5 13 1
5 14 [2][2]
$40160A3F618231DA,0
$401866688C78E7BE,40297AE147AE147A
4 15 NULL
4 16 0
4 17 1
4 18 [2][3]
$C0213R,C01F7BDED440DD51,C0197AE147AE147R
$C020051EB851EB84,C01F7AE147AE147B,40197AE147AE147B
3 3 ->
4 4 34
4 5 133
4 6 4
4 7 0
4 8 [2][2]
$2*0
$400A7B9F06B3B0ER,40297AE147AE147A
4 9 ->
5 10 [4][3]
$BFEFFFFD2E983DC3,0,BF5ADBE62212AB9E
$3F5ADBE62212AB9E,0,BFEFFFFD2E983DC3
$0,BFF,0
$C004,C01F851EB851EB85,40197AE147AE147B
4 11 ->
5 12 88
5 13 1
5 14 [2][2]
$2*0
$400A7B9F06B3B0ER,40297AE147AE147A
4 15 NULL
4 16 0
4 17 1
4 18 [2][3]
$C0173DCE58D63D9C,C01F851EB851EB85,C0197AE147AE147R
$C004,C01F7F901CE54B1A,40197AE147AE147B
3 3 ->
4 4 34
4 5 135
4 6 4
4 7 0
4 8 [2][2]
$0,C0297AE147AE147B
$401D7BDED440DE6R,0
4 9 ->
5 10 [4][3]
$2*0,BFF
$3FF,2*0
$0,BFF,0
$C020051EB851EB85,C01F7BDED440DE6R,C0197AE147AE147B
4 11 ->
5 12 89
5 13 1
5 14 [2][2]
$0,C0297AE147AE147B
$401D7BDED440DE6R,0
4 15 ->
5 12 110
5 13 -1
5 14 [2][2]
$3FC9999BDAB9B9E,C028E147AE147AE2
$401C48ABA10DAB3R,BFD3R
4 15 NULL
4 16 0
4 17 -1
4 18 [2][3]
$C020051EB851EB85,C01F7BDED440DE6R,C0197AE147AE147B
$C020051EB851EB85,BFE,40197AE147AE147B
3 3 ->
4 4 34
4 5 137
4 6 4
4 7 0
4 8 [2][2]
$400651E9F858D6E2,0
$40186R,40297AE147AE147B
4 9 ->
5 10 [4][3]
$3FF,2*0
$2*0,3FF
$0,BFF,0
$C0213R,BFE,40197AE147AE147B
4 11 ->
5 12 101
5 13 1
5 14 [2][2]
$400651E9F858D6E2,0
$40186R,40297AE147AE147B
4 15 NULL
4 16 0
4 17 1
4 18 [2][3]
$C0173D716A39FAF5,BFE,C0197AE147AE147B
$C004,BFE,40197AE147AE147B
3 3 ->
4 4 34
4 5 139
4 6 4
4 7 0
4 8 [2][2]
$2*0
$3FE2E147AE147AE,40297AE147AE147B
4 9 ->
5 10 [4][3]
$3FF,2*0
$2*0,3FF
$0,BFF,0
$C0213R,BFE,40197AE147AE147B
4 11 ->
5 12 108
5 13 1
5 14 [2][2]
$2*0
$3FE2E147AE147AE,40297AE147AE147B
4 15 NULL
4 16 0
4 17 1
4 18 [2][3]
$C0213R,BFE,C0197AE147AE147B
$C020051EB851EB85,BFE,40197AE147AE147B
3 3 ->
4 4 34
4 5 141
4 6 4
4 7 0
4 8 [2][2]
$3FF6R,3FE
$3FFFD70A3D70A3D8,401F7BDED440DE6R
4 9 ->
5 10 [4][3]
$3FF,2*0
$0,BFF,0
$2*0,BFF
$C024,0,C0197AE147AE147B
4 11 ->
5 12 109
5 13 1
5 14 [2][2]
$3FF6R,3FE
$3FFFD70A3D70A3D8,401F7BDED440DE6R
4 15 NULL
4 16 0
4 17 1
4 18 [2][3]
$C0213R,C01F7BDED440DE6R,C0197AE147AE147B
$C020051EB851EB85,BFE,C0197AE147AE147B
3 3 ->
4 4 34
4 5 143
4 6 4
4 7 0
4 8 [2][2]
$4010C28E95C6050B,3FE
$401E,401F851EB851EB85
4 9 ->
5 10 [4][3]
$3FF,2*0
$0,BFF,0
$2*0,BFF
$C024,0,C0197AE147AE147B
4 11 ->
5 12 100
5 13 1
5 14 [2][2]
$4010C28E95C6050B,3FE
$401E,401F851EB851EB85
4 15 NULL
4 16 0
4 17 1
4 18 [2][3]
$C0173D716A39FAF5,C01F851EB851EB84,C0197AE147AE147B
$C004,BFE,C0197AE147AE147B
3 3 ->
4 4 34
4 5 145
4 6 4
4 7 0
4 8 [2][2]
$2*0
$401D7AE147AE147B,40297AE147AE147B
4 9 ->
5 10 [4][3]
$2*0,BFF
$3FF,2*0
$0,BFF,0
$C0213R,C01F7AE147AE147B,40197AE147AE147B
4 11 ->
5 12 91
5 13 1
5 14 [2][2]
$2*0
$401D7AE147AE147B,40297AE147AE147B
4 15 NULL
4 16 0
4 17 1
4 18 [2][3]
$C0213R,C01F7AE147AE147B,C0197AE147AE147B
$C0213R,BFE,40197AE147AE147B
3 3 ->
4 4 34
4 5 147
4 6 4
4 7 0
4 8 [2][2]
$2*0
$401D851EB851EB85,40297AE147AE147B
4 9 ->
5 10 [4][3]
$2*0,3FF
$BFF,2*0
$0,BFF,0
$C004,BFE,40197AE147AE147B
4 11 ->
5 12 87
5 13 1
5 14 [2][2]
$2*0
$401D851EB851EB85,40297AE147AE147B
4 15 NULL
4 16 0
4 17 1
4 18 [2][3]
$C004,C01F851EB851EB85,C0197AE147AE147B
$C004,BFE,40197AE147AE147B
3 3 ->
4 4 34
4 5 149
4 6 4
4 7 0
4 8 [2][2]
$0,C028E147AE147AE2
$400199980CD3B82A,BFD3R
4 9 ->
5 10 [4][3]
$BFF,2*0
$2*0,BFF
$0,BFF,0
$C0173D716A39FAF5,BFE9R,C0197AE147AE147B
4 11 ->
5 12 120
5 13 1
5 14 [2][2]
$0,C028E147AE147AE2
$400199980CD3B82A,BFD3R
4 15 NULL
4 16 0
4 17 -1
4 18 [2][3]
$C020051EB851EB85,BFE9R,C01847AE147AE147
$C0173D716A39FAF5,BFE9R,401847AE147AE149
3 3 ->
4 4 34
4 5 151
4 6 4
4 7 0
4 8 [2][2]
$BD5B4,C01CB2C3650FC0AB
$400199980CD3B82A,BFD3R
4 9 ->
5 10 [4][3]
$BFF,2*0
$0,3FF,0
$2*0,BFF
$C0173D716A39FAF5,BFE,401847AE147AE148
4 11 ->
5 12 122
5 13 1
5 14 [2][2]
$BD5B4,C01CB2C3650FC0AB
$400199980CD3B82A,BFD3R
4 15 NULL
4 16 0
4 17 -1
4 18 [2][3]
$C020051EB851EB85,C01EB2C3650FC0AB,401847AE147AE148
$C0173D716A39F941,BFE9R,401847AE147AE148
3 3 ->
4 4 34
4 5 153
4 6 4
4 7 0
4 8 [2][2]
$0,C028E147AE147AE1
$40019R,BFD333333333332
4 9 ->
5 10 [4][3]
$3FEFFFFD2E983DC3,0,3F5ADBE62212AB9E
$BF5ADBE62212AB9E,0,3FEFFFFD2E983DC3
$0,BFF,0
$C020051EB851EB85,C01EAF11F56B1097,C0197AE147AE147B
4 11 ->
5 12 122
5 13 1
5 14 [2][2]
$0,C028E147AE147AE1
$40019R,BFD333333333332
4 15 NULL
4 16 0
4 17 -1
4 18 [2][3]
$C020051EB851EB85,C01EB2C3650FBFF5,C01847AE147AE149
$C0173D716A39F941,C01EAF11F56B1097,401847AE147AE145
3 3 ->
4 4 34
4 5 155
4 6 4
4 7 0
4 8 [2][2]
$0,C028E147AE147AE1
$3FC999999999957R,BFD333333333332
4 9 ->
5 10 [4][3]
$BF5ADBE62212AB9E,0,3FEFFFFD2E983DC3
$BFEFFFFD2E983DC3,0,BF5ADBE62212AB9E
$0,BFF,0
$C0173D716A39FAF5,C01EB2C3650FC0AB,C0197AE147AE147B
4 11 ->
5 12 94
5 13 1
5 14 [2][2]
$0,C028E147AE147AE1
$3FC999999999957R,BFD333333333332
4 15 NULL
4 16 0
4 17 -1
4 18 [2][3]
$C0173DC75D1A67FD,C01F7F901FD38EE2,C01847AE147AE149
$C0173D716A39FAF5,C01EB2C3650FC0AB,401847AE147AE145
3 3 ->
4 4 34
4 5 157
4 6 4
4 7 0
4 8 [2][2]
$0,C01CB2C3650FC0AB
$400199980CD3BB92,BFD3R
4 9 ->
5 10 [4][3]
$3FF,2*0
$0,3FF,0
$2*0,3FF
$C020051EB851EB85,BFE,C01847AE147AE148
4 11 ->
5 12 121
5 13 1
5 14 [2][2]
$0,C01CB2C3650FC0AB
$400199980CD3BB92,BFD3R
4 15 NULL
4 16 0
4 17 -1
4 18 [2][3]
$C020051EB851EB85,C01EB2C3650FC0AB,C01847AE147AE148
$C0173D716A39F941,BFE9R,C01847AE147AE148
@crv_array 19 0
2 19 [80]
3 19 ->
@crv_id 20 1
4 20 5
@feat_id 21 1
4 21 4
@type 22 1
4 22 0
@crv_pnt_dir 23 1
4 23 [2]
$1,-1
@crv_pnt_arr 24 2
4 24 [2][4]
$C02F9EB8B51CFD7A,401F7F9043E58E7A,C028E147AE147AE2,C01D7F9043E58E7A
$C02F9EB8B51CFD7A,3FE,C028E147AE147AE2,0
@crv_hdr_geom_ptr[0] 25 1
4 25 0
@crv_hdr_geom_ptr[1] 26 1
4 26 0
@next_crv_hdr_ptr[0] 27 1
4 27 0
@next_crv_hdr_ptr[1] 28 1
4 28 0
@ref_geom[0] 29 1
4 29 0
@ref_geom[1] 30 1
4 30 0
3 19 ->
4 20 6
4 21 4
4 22 0
4 23 [2]
$1,-1
4 24 [2][4]
$C02F9EB8B51CFD7A,3FE,C02F9EB8B51CFD7A,3FE
$C029,3FE,C029,3FE
4 25 0
4 26 0
4 27 0
4 28 0
4 29 0
4 30 0
3 19 ->
4 20 7
4 21 4
4 22 0
4 23 [2]
$1,-1
4 24 [2][4]
$C029,3FE,C029,3FE
$C029,401F851EB851EB85,C029,401F851EB851EB85
4 25 0
4 26 0
4 27 0
4 28 0
4 29 0
4 30 0
3 19 ->
4 20 8
4 21 4
4 22 0
4 23 [2]
$1,-1
4 24 [2][4]
$C029,401F851EB851EB85,2*0
$C02F9EB8B51CFD48,401F7F9043E58CAF,2*0
4 25 0
4 26 0
4 27 0
4 28 0
4 29 0
4 30 0
3 19 ->
4 20 9
4 21 4
4 22 0
4 23 [2]
$1,-1
4 24 [2][4]
$C032028F5C28F5C2,3FE,401D7BDED440DE6R,C0297AE147AE147B
$C032028F5C28F5C2,401F7BDED440DE6R,0,C0297AE147AE147B
4 25 0
4 26 0
4 27 0
4 28 0
4 29 0
4 30 0
3 19 ->
4 20 10
4 21 4
4 22 0
4 23 [2]
$1,-1
4 24 [2][4]
$C032028F5C28F5C2,401F7B600DF779FA,C032028F5C28F5C2,401F7B600DF779FA
$C0329R,401F7B600DF779FA,C0329R,401F7B600DF779FA
4 25 0
4 26 0
4 27 0
4 28 0
4 29 0
4 30 0
3 19 ->
4 20 11
4 21 4
4 22 0
4 23 [2]
$1,-1
4 24 [2][4]
$C0329R,401F7AE147AE147B,C0329R,401F7AE147AE147B
$C0329R,3FE,C0329R,3FE
4 25 0
4 26 0
4 27 0
4 28 0
4 29 0
4 30 0
3 19 ->
4 20 12
4 21 4
4 22 0
4 23 [2]
$1,-1
4 24 [2][4]
$C0329R,3FE,C0329R,3FE
$C032028F5C28F5C2,3FE,C032028F5C28F5C2,3FE
4 25 0
4 26 0
4 27 0
4 28 0
4 29 0
4 30 0
3 19 ->
4 20 13
4 21 4
4 22 0
4 23 [2]
$1,-1
4 24 [2][4]
$C028E147AE147AE2,0,C028E147AE147AE2,0
$C028E147AE147AE2,C01D7F9043E58E7A,C028E147AE147AE2,C01D7F9043E58E7A
4 25 0
4 26 0
4 27 0
4 28 0
4 29 0
4 30 0
3 19 ->
4 20 14
4 21 4
4 22 0
4 23 [2]
$1,-1
4 24 [2][4]
$C028E147AE147AE2,C01D7F903AE10EDA,C028E147AE147AE2,C01D7F903AE10EDA
$C02847AE147AE15R,C01D7F903AE10EDA,C02847AE147AE15R,C01D7F903AE10EDA
4 25 0
4 26 0
4 27 0
4 28 0
4 29 0
4 30 0
3 19 ->
4 20 15
4 21 4
4 22 0
4 23 [2]
$1,-1
4 24 [2][4]
$C02847AE147AE148,C01D7F9031DC8E2R,3FC999999999957R,C028E147AE147AE1
$C02847AE147AE148,C01CB2C3650FC0AB,0,C028E147AE147AE1
4 25 0
4 26 0
4 27 0
4 28 0
4 29 0
4 30 0
3 19 ->
4 20 16
4 21 4
4 22 0
4 23 [2]
$1,-1
4 24 [2][4]
$C02847AE147AE148,C01CB2C3650FC0AB,0,C01CB2C3650FC0AB
$C02847AE147AE148,BFD3R,0,BFD3R
4 25 0
4 26 0
4 27 0
4 28 0
4 29 0
4 30 0
3 19 ->
4 20 17
4 21 4
4 22 0
4 23 [2]
$1,-1
4 24 [2][4]
$C02847AE147AE148,BFD3R,0,C028E147AE147AE2
$0,BFD3R,0,BFD3R
4 25 0
4 26 0
4 27 0
4 28 0
4 29 0
4 30 0
3 19 ->
4 20 18
4 21 4
4 22 0
4 23 [2]
$1,-1
4 24 [2][4]
$0,BFD3R,0,BFD3R
$0,C01CB2C3650FC0AB,0,C01CB2C3650FC0AB
4 25 0
4 26 0
4 27 0
4 28 0
4 29 0
4 30 0
3 19 ->
4 20 19
4 21 4
4 22 0
4 23 [2]
$1,-1
4 24 [2][4]
$0,C01CB2C3650FC0AB,0,C01CB2C3650FC0AB
$0,C01D7F9031DC8E2R,0,C01D7F9031DC8E2R
4 25 0
4 26 0
4 27 0
4 28 0
4 29 0
4 30 0
3 19 ->
4 20 20
4 21 4
4 22 0
4 23 [2]
$1,-1
4 24 [2][4]
$3D1A,C01D7F903AE10EDA,400A7B1022DECCD7,4028E147AE147AED
$3FD3R,C01D7F903AE10EDA,400A7B1022DECCD7,40297AE147AE147A
4 25 0
4 26 0
4 27 0
4 28 0
4 29 0
4 30 0
3 19 ->
4 20 21
4 21 4
4 22 0
4 23 [2]
$1,-1
4 24 [2][4]
$3FD3R,C01D7F9043E58E7A,4010C28E95C6050B,401F7F9043E58E7A
$3FD3R,0,4010C28E95C6050B,3FE
4 25 0
4 26 0
4 27 0
4 28 0
4 29 0
4 30 0
3 19 ->
4 20 22
4 21 4
4 22 0
4 23 [2]
$1,-1
4 24 [2][4]
$3FD3R,0,3FD3R,0
$C028E147AE147AE2,0,C028E147AE147AE2,0
4 25 0
4 26 0
4 27 0
4 28 0
4 29 0
4 30 0
3 19 ->
4 20 23
4 21 4
4 22 0
4 23 [2]
$1,-1
4 24 [2][4]
$40160A3F618231DA,0,40160A3F618231DA,0
$40160A3F618231DA,40297AE147AE147A,40160A3F618231DA,40297AE147AE147A
4 25 0
4 26 0
4 27 0
4 28 0
4 29 0
4 30 0
3 19 ->
4 20 24
4 21 4
4 22 0
4 23 [2]
$1,-1
4 24 [2][4]
$40160A3F618231DA,40297AE147AE147A,40160A3F618231DA,40297AE147AE147A
$401866688C78E7BC,40297AE147AE147A,401866688C78E7BC,40297AE147AE147A
4 25 0
4 26 0
4 27 0
4 28 0
4 29 0
4 30 0
3 19 ->
4 20 25
4 21 4
4 22 0
4 23 [2]
$1,-1
4 24 [2][4]
$401866688C78E7BE,40297AE147AE147A,0,40297AE147AE147B
$401866688C78E7BE,3*0
4 25 0
4 26 0
4 27 0
4 28 0
4 29 0
4 30 0
3 19 ->
4 20 26
4 21 4
4 22 0
4 23 [2]
$1,-1
4 24 [2][4]
$401866688C78E7BC,0,C0329R,401F7B600DF779FA
$40160A3F618231DA,0,C032028F5C28F5C2,401F7B600DF779FA
4 25 0
4 26 0
4 27 0
4 28 0
4 29 0
4 30 0
3 19 ->
4 20 27
4 21 4
4 22 0
4 23 [2]
$1,-1
4 24 [2][4]
$400A7AE5296ACCBC,0,C02F9EB8B51CFD48,401F7F9043E58CAF
$2*0,C029,401F851EB851EB85
4 25 0
4 26 0
4 27 0
4 28 0
4 29 0
4 30 0
3 19 ->
4 20 28
4 21 4
4 22 0
4 23 [2]
$1,-1
4 24 [2][4]
$4*0
$0,40297AE147AE147A,0,40297AE147AE147A
4 25 0
4 26 0
4 27 0
4 28 0
4 29 0
4 30 0
3 19 ->
4 20 29
4 21 4
4 22 0
4 23 [2]
$1,-1
4 24 [2][4]
$0,40297AE147AE147A,0,40297AE147AE147A
$400A7AE5296ACCBC,40297AE147AE147A,400A7AE5296ACCBC,40297AE147AE147A
4 25 0
4 26 0
4 27 0
4 28 0
4 29 0
4 30 0
3 19 ->
4 20 30
4 21 4
4 22 0
4 23 [2]
$1,-1
4 24 [2][4]
$400A7B1022DECCD7,40297AE147AE147A,400A7B1022DECCD7,40297AE147AE147A
$400A7B1022DECCD7,4028E147AE147AED,400A7B1022DECCD7,4028E147AE147AED
4 25 0
4 26 0
4 27 0
4 28 0
4 29 0
4 30 0
3 19 ->
4 20 31
4 21 4
4 22 0
4 23 [2]
$1,-1
4 24 [2][4]
$400A7B3B1C52CCA4,4028E147AE147AE1,3FC999999999803A,BFD333333333332
$400A7B3B1C52CCA4,3FD333333333332,3FC999999999803A,C028E147AE147AE1
4 25 0
4 26 0
4 27 0
4 28 0
4 29 0
4 30 0
3 19 ->
4 20 32
4 21 4
4 22 0
4 23 [2]
$1,-1
4 24 [2][4]
$400A7B1022DECCD6,3FD333333333318F,C02847AE147AE15R,C01D7F903AE10EDA
$400A7B1022DECCD6,0,C028E147AE147AE2,C01D7F903AE10EDA
4 25 0
4 26 0
4 27 0
4 28 0
4 29 0
4 30 0
3 19 ->
4 20 33
4 21 4
4 22 0
4 23 [2]
$1,-1
4 24 [2][4]
$0,C0297AE147AE147B,0,C0297AE147AE147B
$401D7BDED440DE6R,C0297AE147AE147B,401D7BDED440DE6R,C0297AE147AE147B
4 25 0
4 26 0
4 27 0
4 28 0
4 29 0
4 30 0
3 19 ->
4 20 34
4 21 4
4 22 0
4 23 [2]
$1,-1
4 24 [2][4]
$401D7BDED440DE6R,C0297AE147AE147B,401D7BDED440DE6R,C0297AE147AE147B
$401D7BDED440DE6R,0,401D7BDED440DE6R,0
4 25 0
4 26 0
4 27 0
4 28 0
4 29 0
4 30 0
3 19 ->
4 20 35
4 21 4
4 22 0
4 23 [2]
$1,-1
4 24 [2][4]
$401D7BDED440DE6R,0,401D7BDED440DE6R,0
$4*0
4 25 0
4 26 0
4 27 0
4 28 0
4 29 0
4 30 0
3 19 ->
4 20 36
4 21 4
4 22 0
4 23 [2]
$1,-1
4 24 [2][4]
$2*0,40160A3F618231DA,40297AE147AE147A
$0,C0297AE147AE147B,40160A3F618231DA,0
4 25 0
4 26 0
4 27 0
4 28 0
4 29 0
4 30 0
3 19 ->
4 20 37
4 21 4
4 22 0
4 23 [2]
$1,-1
4 24 [2][4]
$401C48ABA10DAB3R,BFD3R,401C48ABA10DAB3R,BFD3R
$401C48ABA10DAB3R,C028E147AE147AE2,401C48ABA10DAB3R,C028E147AE147AE2
4 25 0
4 26 0
4 27 0
4 28 0
4 29 0
4 30 0
3 19 ->
4 20 38
4 21 4
4 22 0
4 23 [2]
$1,-1
4 24 [2][4]
$401C48ABA10DAB3R,C028E147AE147AE2,401C48ABA10DAB3R,C028E147AE147AE2
$3FC9999BDAB9B9E,C028E147AE147AE2,3FC9999BDAB9B9E,C028E147AE147AE2
4 25 0
4 26 0
4 27 0
4 28 0
4 29 0
4 30 0
3 19 ->
4 20 39
4 21 4
4 22 0
4 23 [2]
$1,-1
4 24 [2][4]
$3FC9999BDAB9B9E,C028E147AE147AE2,0,C028E147AE147AE1
$3FC9999BDAB9B9E,BFD333333333334,0,BFD333333333332F
4 25 0
4 26 0
4 27 0
4 28 0
4 29 0
4 30 0
3 19 ->
4 20 40
4 21 4
4 22 0
4 23 [2]
$1,-1
4 24 [2][4]
$3FC9999BDAB9B9E,BFD3R,0,C01CAF11F56B1097
$401C48ABA10DAB3R,BFD3R,0,BFD3R
4 25 0
4 26 0
4 27 0
4 28 0
4 29 0
4 30 0
3 19 ->
4 20 41
4 21 4
4 22 0
4 23 [2]
$1,-1
4 24 [2][4]
$400651E9F858D6E2,0,C028E147AE147AE2,0
$400651E9F858D6E2,40297AE147AE147B,3FD3R,0
4 25 0
4 26 0
4 27 0
4 28 0
4 29 0
4 30 0
3 19 ->
4 20 42
4 21 4
4 22 0
4 23 [2]
$1,-1
4 24 [2][4]
$400651E9F858D6E2,40297AE147AE147B,400651E9F858D6E2,40297AE147AE147B
$40186R,40297AE147AE147B,40186R,40297AE147AE147B
4 25 0
4 26 0
4 27 0
4 28 0
4 29 0
4 30 0
3 19 ->
4 20 43
4 21 4
4 22 0
4 23 [2]
$1,-1
4 24 [2][4]
$40186R,40297AE147AE147B,0,40297AE147AE147B
$40186R,3*0
4 25 0
4 26 0
4 27 0
4 28 0
4 29 0
4 30 0
3 19 ->
4 20 44
4 21 4
4 22 0
4 23 [2]
$1,-1
4 24 [2][4]
$40186R,0,C029,3FE
$400651E9F858D6E2,0,C02F9EB8B51CFD7A,3FE
4 25 0
4 26 0
4 27 0
4 28 0
4 29 0
4 30 0
3 19 ->
4 20 45
4 21 4
4 22 0
4 23 [2]
$1,-1
4 24 [2][4]
$3FE2E147AE147AE,40297AE147AE147B,401D7BDED440DE6R,0
$3FE2E147AE147AE,0,401D7BDED440DE6R,C0297AE147AE147B
4 25 0
4 26 0
4 27 0
4 28 0
4 29 0
4 30 0
3 19 ->
4 20 46
4 21 4
4 22 0
4 23 [2]
$1,-1
4 24 [2][4]
$3FE2E147AE147AE,0,C032028F5C28F5C2,3FE
$2*0,C0329R,3FE
4 25 0
4 26 0
4 27 0
4 28 0
4 29 0
4 30 0
3 19 ->
4 20 47
4 21 4
4 22 0
4 23 [2]
$1,-1
4 24 [2][4]
$4*0
$0,40297AE147AE147B,0,40297AE147AE147B
4 25 0
4 26 0
4 27 0
4 28 0
4 29 0
4 30 0
3 19 ->
4 20 48
4 21 4
4 22 0
4 23 [2]
$1,-1
4 24 [2][4]
$0,40297AE147AE147B,0,40297AE147AE147B
$3FE2E147AE147AE,40297AE147AE147B,3FE2E147AE147AE,40297AE147AE147B
4 25 0
4 26 0
4 27 0
4 28 0
4 29 0
4 30 0
3 19 ->
4 20 49
4 21 4
4 22 0
4 23 [2]
$1,-1
4 24 [2][4]
$3FFFD70A3D70A3D8,401F7BDED440DE6R,2*0
$3FFFD70A3D70A3D8,3FE,401D7BDED440DE6R,0
4 25 0
4 26 0
4 27 0
4 28 0
4 29 0
4 30 0
3 19 ->
4 20 50
4 21 4
4 22 0
4 23 [2]
$1,-1
4 24 [2][4]
$3FFFD70A3D70A3D8,3FE,3FE2E147AE147AE,40297AE147AE147B
$3FF6R,3FE,0,40297AE147AE147B
4 25 0
4 26 0
4 27 0
4 28 0
4 29 0
4 30 0
3 19 ->
4 20 51
4 21 4
4 22 0
4 23 [2]
$1,-1
4 24 [2][4]
$3FF6R,3FE,401D7AE147AE147B,40297AE147AE147B
$3FF6R,401F7AE147AE147B,0,40297AE147AE147B
4 25 0
4 26 0
4 27 0
4 28 0
4 29 0
4 30 0
3 19 ->
4 20 52
4 21 4
4 22 0
4 23 [2]
$1,-1
4 24 [2][4]
$3FF666666666667,401F7B600DF779FA,401866688C78E7BC,40297AE147AE147A
$3FFFD70A3D70A3D8,401F7B600DF779FA,40160A3F618231DA,40297AE147AE147A
4 25 0
4 26 0
4 27 0
4 28 0
4 29 0
4 30 0
3 19 ->
4 20 53
4 21 4
4 22 0
4 23 [2]
$1,-1
4 24 [2][4]
$4010C28E95C6050B,3FE,4010C28E95C6050B,3FE
$4010C28E95C6050B,401F7F9043E58E7A,4010C28E95C6050B,401F7F9043E58E7A
4 25 0
4 26 0
4 27 0
4 28 0
4 29 0
4 30 0
3 19 ->
4 20 54
4 21 4
4 22 0
4 23 [2]
$1,-1
4 24 [2][4]
$4010C28E95C6056F,401F7F9043E58CAF,400A7AE5296ACCBC,40297AE147AE147A
$401E,401F851EB851EB85,0,40297AE147AE147A
4 25 0
4 26 0
4 27 0
4 28 0
4 29 0
4 30 0
3 19 ->
4 20 55
4 21 4
4 22 0
4 23 [2]
$1,-1
4 24 [2][4]
$401E,401F851EB851EB85,401D851EB851EB85,40297AE147AE147B
$401E,3FE,0,40297AE147AE147B
4 25 0
4 26 0
4 27 0
4 28 0
4 29 0
4 30 0
3 19 ->
4 20 56
4 21 4
4 22 0
4 23 [2]
$1,-1
4 24 [2][4]
$401E,3FE,40186R,40297AE147AE147B
$4010C28E95C6050B,3FE,400651E9F858D6E2,40297AE147AE147B
4 25 0
4 26 0
4 27 0
4 28 0
4 29 0
4 30 0
3 19 ->
4 20 57
4 21 4
4 22 0
4 23 [2]
$1,-1
4 24 [2][4]
$401D7AE147AE147B,0,C0329R,3FE
$2*0,C0329R,401F7AE147AE147B
4 25 0
4 26 0
4 27 0
4 28 0
4 29 0
4 30 0
3 19 ->
4 20 58
4 21 4
4 22 0
4 23 [2]
$1,-1
4 24 [2][4]
$4*0
$0,40297AE147AE147B,0,40297AE147AE147B
4 25 0
4 26 0
4 27 0
4 28 0
4 29 0
4 30 0
3 19 ->
4 20 59
4 21 4
4 22 0
4 23 [2]
$1,-1
4 24 [2][4]
$0,40297AE147AE147B,0,40297AE147AE147B
$401D7AE147AE147B,40297AE147AE147B,401D7AE147AE147B,40297AE147AE147B
4 25 0
4 26 0
4 27 0
4 28 0
4 29 0
4 30 0
3 19 ->
4 20 60
4 21 4
4 22 0
4 23 [2]
$1,-1
4 24 [2][4]
$401D7AE147AE147B,40297AE147AE147B,0,40297AE147AE147B
$401D7AE147AE147B,3*0
4 25 0
4 26 0
4 27 0
4 28 0
4 29 0
4 30 0
3 19 ->
4 20 61
4 21 4
4 22 0
4 23 [2]
$1,-1
4 24 [2][4]
$401D851EB851EB85,0,C029,401F851EB851EB85
$2*0,C029,3FE
4 25 0
4 26 0
4 27 0
4 28 0
4 29 0
4 30 0
3 19 ->
4 20 62
4 21 4
4 22 0
4 23 [2]
$1,-1
4 24 [2][4]
$4*0
$0,40297AE147AE147B,0,40297AE147AE147B
4 25 0
4 26 0
4 27 0
4 28 0
4 29 0
4 30 0
3 19 ->
4 20 63
4 21 4
4 22 0
4 23 [2]
$1,-1
4 24 [2][4]
$0,40297AE147AE147B,0,40297AE147AE147B
$401D851EB851EB85,40297AE147AE147B,401D851EB851EB85,40297AE147AE147B
4 25 0
4 26 0
4 27 0
4 28 0
4 29 0
4 30 0
3 19 ->
4 20 64
4 21 4
4 22 0
4 23 [2]
$1,-1
4 24 [2][4]
$401D851EB851EB85,40297AE147AE147B,0,40297AE147AE147A
$401D851EB851EB85,3*0
4 25 0
4 26 0
4 27 0
4 28 0
4 29 0
4 30 0
3 19 ->
4 20 65
4 21 4
4 22 0
4 23 [2]
$1,-1
4 24 [2][4]
$0,C028E147AE147AE2,0,C028E147AE147AE2
$400199980CD3B82A,C028E147AE147AE2,400199980CD3B82A,C028E147AE147AE2
4 25 0
4 26 0
4 27 0
4 28 0
4 29 0
4 30 0
3 19 ->
4 20 66
4 21 4
4 22 0
4 23 [2]
$1,-1
4 24 [2][4]
$400199980CD3B82A,C028E147AE147AE2,401C48ABA10DAB3R,C028E147AE147AE2
$400199980CD3B82A,BFD333333333334,401C48ABA10DAB3R,BFD3R
4 25 0
4 26 0
4 27 0
4 28 0
4 29 0
4 30 0
3 19 ->
4 20 67
4 21 4
4 22 0
4 23 [2]
$1,-1
4 24 [2][4]
$400199980CD3B82A,BFD3R,400199980CD3B82A,BFD3R
$0,BFD3R,0,BFD3R
4 25 0
4 26 0
4 27 0
4 28 0
4 29 0
4 30 0
3 19 ->
4 20 68
4 21 4
4 22 0
4 23 [2]
$1,-1
4 24 [2][4]
$0,BFD3R,0,BFD3R
$0,C028E147AE147AE2,0,C028E147AE147AE2
4 25 0
4 26 0
4 27 0
4 28 0
4 29 0
4 30 0
3 19 ->
4 20 69
4 21 4
4 22 0
4 23 [2]
$1,-1
4 24 [2][4]
$BD5B4,C01CB2C3650FBFF5,40019R,C028E147AE147AE1
$400199980CD3B82A,C01CAF11F56B1097,0,C028E147AE147AE1
4 25 0
4 26 0
4 27 0
4 28 0
4 29 0
4 30 0
3 19 ->
4 20 70
4 21 4
4 22 0
4 23 [2]
$1,-1
4 24 [2][4]
$400199980CD3B82A,C01CAF11F56B1097,3FC9999BDAB9B9E,C028E147AE147AE2
$400199980CD3B82A,BFD3R,401C48ABA10DAB3R,C028E147AE147AE2
4 25 0
4 26 0
4 27 0
4 28 0
4 29 0
4 30 0
3 19 ->
4 20 71
4 21 4
4 22 0
4 23 [2]
$1,-1
4 24 [2][4]
$400199980CD3B82A,BFD3R,400199980CD3B82A,C028E147AE147AE2
$0,BFD3R,0,C028E147AE147AE2
4 25 0
4 26 0
4 27 0
4 28 0
4 29 0
4 30 0
3 19 ->
4 20 72
4 21 4
4 22 0
4 23 [2]
$1,-1
4 24 [2][4]
$0,BFD3R,0,BFD3R
$0,C01CB2C3650FC0AB,0,C01CB2C3650FC0AB
4 25 0
4 26 0
4 27 0
4 28 0
4 29 0
4 30 0
3 19 ->
4 20 73
4 21 4
4 22 0
4 23 [2]
$1,-1
4 24 [2][4]
$0,C028E147AE147AE1,0,C028E147AE147AE1
$40019R,C028E147AE147AE1,40019R,C028E147AE147AE1
4 25 0
4 26 0
4 27 0
4 28 0
4 29 0
4 30 0
3 19 ->
4 20 74
4 21 4
4 22 0
4 23 [2]
$1,-1
4 24 [2][4]
$4001999999999632,C028E147AE147AE1,0,C028E147AE147AE1
$4001999999999632,BFD333333333332,0,BFD333333333332F
4 25 0
4 26 0
4 27 0
4 28 0
4 29 0
4 30 0
3 19 ->
4 20 75
4 21 4
4 22 0
4 23 [2]
$1,-1
4 24 [2][4]
$40019R,BFD333333333332F,400199980CD3BB92,C01CB2C3650FBFF5
$0,BFD333333333332F,0,C01CAF11F56B1097
4 25 0
4 26 0
4 27 0
4 28 0
4 29 0
4 30 0
3 19 ->
4 20 76
4 21 4
4 22 0
4 23 [2]
$1,-1
4 24 [2][4]
$0,BFD333333333332F,0,BFD333333333332F
$0,C028E147AE147AE1,0,C028E147AE147AE1
4 25 0
4 26 0
4 27 0
4 28 0
4 29 0
4 30 0
3 19 ->
4 20 77
4 21 4
4 22 0
4 23 [2]
$1,-1
4 24 [2][4]
$0,C028E147AE147AE1,0,C028E147AE147AE1
$3FC999999999957R,C028E147AE147AE1,3FC999999999957R,C028E147AE147AE1
4 25 0
4 26 0
4 27 0
4 28 0
4 29 0
4 30 0
3 19 ->
4 20 78
4 21 4
4 22 0
4 23 [2]
$1,-1
4 24 [2][4]
$3FC999999999803A,C028E147AE147AE1,3FC999999999803A,C028E147AE147AE1
$3FC999999999803A,BFD333333333332,3FC999999999803A,BFD333333333332
4 25 0
4 26 0
4 27 0
4 28 0
4 29 0
4 30 0
3 19 ->
4 20 79
4 21 4
4 22 0
4 23 [2]
$1,-1
4 24 [2][4]
$3FC999999999957R,BFD333333333332F,0,C01D7F9031DC8E2R
$0,BFD333333333332F,0,C01CB2C3650FC0AB
4 25 0
4 26 0
4 27 0
4 28 0
4 29 0
4 30 0
3 19 ->
4 20 80
4 21 4
4 22 0
4 23 [2]
$1,-1
4 24 [2][4]
$0,BFD333333333332F,0,BFD333333333332F
$0,C028E147AE147AE1,0,C028E147AE147AE1
4 25 0
4 26 0
4 27 0
4 28 0
4 29 0
4 30 0
3 19 ->
4 20 81
4 21 4
4 22 0
4 23 [2]
$1,-1
4 24 [2][4]
$400199980CD3B82A,BFD3R,0,BFD3R
$0,BFD3R,400199980CD3B82A,BFD3R
4 25 0
4 26 0
4 27 0
4 28 0
4 29 0
4 30 0
3 19 ->
4 20 82
4 21 4
4 22 0
4 23 [2]
$1,-1
4 24 [2][4]
$0,BFD3R,0,BFD3R
$0,C01CAF11F56B1097,0,C01CAF11F56B1097
4 25 0
4 26 0
4 27 0
4 28 0
4 29 0
4 30 0
3 19 ->
4 20 83
4 21 4
4 22 0
4 23 [2]
$1,-1
4 24 [2][4]
$0,C01CAF11F56B1097,2*0
$400199980CD3BB92,C01CB2C3650FBFF5,2*0
4 25 0
4 26 0
4 27 0
4 28 0
4 29 0
4 30 0
3 19 ->
4 20 84
4 21 4
4 22 0
4 23 [2]
$1,-1
4 24 [2][4]
$400199980CD3B82A,C01CB2C3650FC0AB,0,C01CB2C3650FC0AB
$400199980CD3B82A,BFD3R,0,BFD3R
4 25 0
4 26 0
4 27 0
4 28 0
4 29 0
4 30 0
@external_geom 31 0
1 31 
#ActEntity
@Sld_Entities 1 0
0 1 ->
@act_feat_ents 2 0
1 2 [1]
2 2 
@feat_id 3 1
3 3 2
@datum_id 4 1
3 4 -1
@entity_ptr(coord_sys) 5 0
3 5 ->
@type 6 1
4 6 18
@id 7 1
4 7 3
@gen_info 8 0
4 8 
@color 9 1
5 9 1
@sys_type 10 1
4 10 -1
@pnt_type 11 1
4 11 -1
@radius 12 2
4 12 0
@local_sys 13 2
4 13 [4][3]
$3FF,2*0
$0,3FF,0
$2*0,3FF
$3*0
@feat_id 14 1
4 14 2
@entity(text) 15 0
3 15 ->
@text_type 16 1
4 16 34
@text_value 17 10
4 17 L_BLOCK__1
@txt_attrib 18 1
4 18 1
@coord 19 2
4 19 [3]
$3*0
@owner_id 20 1
4 20 3
@height 21 2
4 21 BFF
@width_factor 22 2
4 22 BFF
@format_info 23 0
4 23 
@thickness 24 2
4 24 BFF
#AllFeatur
@Sld_Features 1 0
0 1 ->
@first_feat_ptr 2 0
1 2 ->
@id 3 1
2 3 2
@indep_attributes 4 1
2 4 4097
@feat_type_ptr 5 0
2 5 ->
@table_id 6 1
3 6 -1
@type 7 1
3 7 979
@feattype_key 8 10
3 8 NULL
@form 9 1
3 9 0
@attributes 10 1
3 10 [3]
$3*0
@placement 11 1
3 11 0
@intersection 12 1
3 12 -1
@internal_udf_type 13 1
3 13 -1
@param_choice_ptr 14 0
3 14 ->
@blend_choice 15 1
4 15 0
@depth_choice 16 1
4 16 0
@angle_choice 17 1
4 17 -1
@pat_choice 18 1
4 18 -1
@round_choice 19 1
4 19 -1
@subsec_choice 20 1
4 20 -1
@sweep_choice 21 1
4 21 0
@dome_choice 22 1
4 22 0
@draft_choice 23 1
4 23 0
@misc_choice 24 1
4 24 [2]
$384,0
@assoc_type 25 1
3 25 0
@symbol_key 26 1
2 26 -1
@sect_name 27 10
2 27 no_name
@model_type 28 1
2 28 2
@idtab_ptr 29 0
2 29 ->
@misc_id_tab 30 0
3 30 [1]
4 30 
@misc_hist 31 1
5 31 [5]
$3,534,0,-1,500
@save_geoms 32 0
3 32 NULL
@cr_flags_xar 33 1
3 33 [27]
$3*-1,-2049,2*-1,-16777217,3*-1,-536870913,-1,-1126176897,-2,-2097185,
$-2097665,-1,-1073741843,-1,-1073741825,-257,-261121,-1,-32769,-1,-4194305,
$67108863
@cvt_feat_dat 34 0
3 34 NULL
@feat_dates_ptr 35 0
3 35 ->
@creat_date 36 1
4 36 180021
@regen_date 37 1
4 37 180021
@group_info_ptr 38 0
2 38 NULL
@intrs_pairs_ptr 39 0
2 39 ->
@place_rec_ptr 40 0
2 40 ->
@local_sys 41 2
3 41 [4][3]
$3FF,2*0
$0,3FF,0
$2*0,3FF
$3*0
@own_ref_id 42 1
3 42 -1
@orient 43 1
3 43 0
@trf_arr 44 0
3 44 [1]
4 44 
@type 45 1
5 45 10
@idx 46 1
5 46 0
@transf 47 2
5 47 [4][3]
$3FF,2*0
$0,3FF,0
$2*0,3FF
$3*0
@next_prop 48 0
2 48 NULL
@first_geom_id 49 1
2 49 -1
@cond_tbl_idx 50 1
2 50 -1
@comment 51 10
2 51 NULL
@merge_info_ptr 52 0
2 52 NULL
@topology_increment 53 0
2 53 ->
@first_geom 54 1
3 54 0
@first_quilt 55 1
3 55 0
@outline 56 2
3 56 [2][3]
$3*0
$3*0
@max_part_size 57 2
3 57 0
@xform_increment 58 0
3 58 NULL
@roll_back_id 59 1
3 59 -1
@state_ind 60 1
2 60 -1
@alumni_info 61 0
2 61 NULL
@revnum 62 1
2 62 0
@rev_rec 63 0
2 63 ->
@num_plins 64 1
3 64 0
@expl_state_ref 65 0
2 65 NULL
@feat_outl_info 66 0
2 66 ->
@ent_outl 67 2
3 67 [2][3]
$3*0
$3*0
@next_feat_ptr 68 0
1 68 ->
2 3 4
2 4 1
2 5 ->
3 6 -1
3 7 932
3 8 NULL
3 9 0
3 10 [3]
$3*0
3 11 0
3 12 991
3 13 -1
3 14 ->
4 15 0
4 16 0
4 17 -1
4 18 -1
4 19 -1
4 20 -1
4 21 0
4 22 0
4 23 0
4 24 [2]
$1064,0
3 25 0
2 26 -1
2 27 no_name
2 28 2
2 29 ->
@srf_id_arr 69 1
3 69 [34][4]
$125,212,5958,5947
$127,212,5974,5963
$129,212,6001,5979
$131,212,6016,6006
$133,212,6033,6021
$135,212,6057,6038
$137,212,6071,6062
$139,212,6085,6076
$141,212,6098,6090
$143,212,6111,6103
$145,212,6123,6116
$147,212,6135,6128
$149,212,6149,6140
$151,212,6162,6154
$153,212,6176,6167
$155,212,6188,6181
$157,212,6200,6193
$199,214,125,0
$200,214,127,0
$201,214,129,0
$202,214,131,0
$203,214,133,0
$204,214,135,0
$205,214,137,0
$206,214,139,0
$207,214,141,0
$208,214,143,0
$209,214,145,0
$210,214,147,0
$211,214,149,0
$212,214,151,0
$213,214,153,0
$2*214,155,0
$215,214,157,0
@edg_id_arr 70 1
3 70 [160][6]
$5,232,5758,3*0
$6,232,5734,3*0
$7,232,5738,3*0
$8,232,5742,3*0
$9,232,5790,3*0
$10,232,5746,3*0
$11,232,5750,3*0
$12,232,5754,3*0
$13,232,5758,1,2*0
$14,232,5786,3*0
$15,232,5874,3*0
$16,232,5858,3*0
$17,232,5854,3*0
$18,232,5762,3*0
$19,232,5878,3*0
$20,232,5778,3*0
$21,232,5826,3*0
$22,232,5766,3*0
$23,232,5770,3*0
$24,232,5822,3*0
$25,232,5842,3*0
$26,232,5746,1,2*0
$27,232,5742,1,2*0
$28,232,5774,3*0
$29,232,5830,3*0
$30,232,5778,1,2*0
$31,232,5782,3*0
$32,232,5786,1,2*0
$33,232,5790,1,2*0
$34,232,5794,3*0
$35,232,5798,3*0
$36,232,5770,1,2*0
$37,232,5802,3*0
$38,232,5806,3*0
$39,232,5870,3*0
$40,232,5890,3*0
$41,232,5766,1,2*0
$42,232,5838,3*0
$43,232,5846,3*0
$44,232,5734,1,2*0
$45,232,5794,1,2*0
$46,232,5754,1,2*0
$47,232,5810,3*0
$48,232,5814,3*0
$49,232,5798,1,2*0
$50,232,5814,1,2*0
$51,232,5818,3*0
$52,232,5822,1,2*0
$53,232,5826,1,2*0
$54,232,5830,1,2*0
$55,232,5834,3*0
$56,232,5838,1,2*0
$57,232,5750,1,2*0
$58,232,5842,1,2*0
$59,232,5818,1,2*0
$60,232,5810,1,2*0
$61,232,5738,1,2*0
$62,232,5846,1,2*0
$63,232,5834,1,2*0
$64,232,5774,1,2*0
$65,232,5850,3*0
$66,232,5802,1,2*0
$67,232,5886,3*0
$68,232,5854,1,2*0
$69,232,5862,3*0
$70,232,5806,1,2*0
$71,232,5850,1,2*0
$72,232,5858,1,2*0
$73,232,5862,1,2*0
$74,232,5882,3*0
$75,232,5866,3*0
$76,232,5870,1,2*0
$77,232,5874,1,2*0
$78,232,5782,1,2*0
$79,232,5878,1,2*0
$80,232,5882,1,2*0
$81,232,5886,1,2*0
$82,232,5890,1,2*0
$83,232,5866,1,2*0
$84,232,5762,1,2*0
$85,308,5,13,0,125
$86,308,44,6,0,137
$87,308,61,7,0,147
$88,308,27,8,0,133
$89,308,9,33,0,127
$90,308,26,10,0,131
$91,308,57,11,0,145
$92,308,46,12,0,139
$93,308,32,14,0,133
$94,308,15,77,0,129
$95,308,16,72,0,129
$96,308,17,68,0,129
$97,308,84,18,0,157
$98,308,79,19,0,155
$99,308,20,30,0,129
$100,308,21,53,0,129
$101,308,41,22,0,137
$102,308,36,23,0,135
$103,308,52,24,0,141
$104,308,25,58,0,131
$105,308,64,28,0,147
$106,308,54,29,0,143
$107,308,31,78,0,133
$108,308,45,34,0,139
$109,308,49,35,0,141
$110,308,66,37,0,149
$111,308,70,38,0,151
$112,308,39,76,0,135
$113,308,40,82,0,135
$114,308,56,42,0,143
$115,308,43,62,0,137
$116,308,60,47,0,145
$117,308,50,48,0,141
$118,308,51,59,0,141
$119,308,55,63,0,143
$120,308,71,65,0,151
$121,308,81,67,0,157
$122,308,69,73,0,151
$123,308,74,80,0,153
$124,308,75,83,0,153
$159,286,85,2*0,199
$160,286,86,2*0,205
$161,286,87,2*0,210
$162,286,88,2*0,203
$163,286,89,2*0,200
$164,286,90,2*0,202
$165,286,91,2*0,209
$166,286,92,2*0,206
$167,286,93,2*0,203
$168,286,94,2*0,201
$169,286,95,2*0,201
$170,286,96,2*0,201
$171,286,97,2*0,215
$172,286,98,2*0,214
$173,286,99,2*0,201
$174,286,100,2*0,201
$175,286,101,2*0,205
$176,286,102,2*0,204
$177,286,103,2*0,207
$178,286,104,2*0,202
$179,286,105,2*0,210
$180,286,106,2*0,208
$181,286,107,2*0,203
$182,286,108,2*0,206
$183,286,109,2*0,207
$184,286,110,2*0,211
$185,286,111,2*0,212
$186,286,112,2*0,204
$187,286,113,2*0,204
$188,286,114,2*0,208
$189,286,115,2*0,205
$190,286,116,2*0,209
$191,286,117,2*0,207
$192,286,118,2*0,207
$193,286,119,2*0,208
$194,286,120,2*0,212
$195,286,121,2*0,215
$196,286,122,2*0,212
$197,286,123,2*0,213
$198,286,124,2*0,213
3 30 [17]
4 30 
5 31 [5]
$126,207,199,-1,501
4 30 
5 31 [5]
$128,207,200,-1,501
4 30 
5 31 [5]
$130,207,201,-1,501
4 30 
5 31 [5]
$132,207,202,-1,501
4 30 
5 31 [5]
$134,207,203,-1,501
4 30 
5 31 [5]
$136,207,204,-1,501
4 30 
5 31 [5]
$138,207,205,-1,501
4 30 
5 31 [5]
$140,207,206,-1,501
4 30 
5 31 [5]
$142,2*207,-1,501
4 30 
5 31 [5]
$144,207,208,-1,501
4 30 
5 31 [5]
$146,207,209,-1,501
4 30 
5 31 [5]
$148,207,210,-1,501
4 30 
5 31 [5]
$150,207,211,-1,501
4 30 
5 31 [5]
$152,207,212,-1,501
4 30 
5 31 [5]
$154,207,213,-1,501
4 30 
5 31 [5]
$156,207,214,-1,501
4 30 
5 31 [5]
$158,207,215,-1,501
3 32 NULL
3 33 [27]
$3*-1,-2049,2*-1,-16777217,3*-1,-536870913,-1,-1126176897,-2,-2097249,
$-2097665,-1,-1073741843,-1,-1073741825,-257,-261121,-1,-32769,-1,-4194305,
$67108863
3 34 NULL
3 35 ->
4 36 180021
4 37 180021
2 38 NULL
2 39 ->
2 40 ->
3 41 [4][3]
$3FF,2*0
$0,3FF,0
$2*0,3FF
$3*0
@place_instruction_ptrs 71 0
3 71 [1]
4 71 ->
@type 72 1
5 72 82
@offset 73 2
5 73 0
@dim_id 74 1
5 74 -1
@ref_id 75 1
5 75 -1
@geometry1_id 76 1
5 76 3
@geometry2_id 77 1
5 77 -1
@memb_num1 78 1
5 78 0
@memb_num2 79 1
5 79 0
@attr 80 1
5 80 0
3 42 -1
3 43 0
2 48 NULL
2 49 -1
2 50 -1
2 51 NULL
2 52 NULL
@dat_ptr(intf_data) 81 0
2 81 ->
@type 82 1
3 82 342
@filename 83 10
3 83 /disk2/user/dlb/laser_step.stp.1
@model_size 84 2
3 84 402FDFA5EB0E0DE1
@model_eps 85 2
3 85 0
@make_solid_feature 86 1
3 86 1
@op_type 87 1
3 87 1
@time_stamp 88 0
3 88 
@tm_sec 89 1
4 89 0
@tm_min 90 1
4 90 0
@tm_hour 91 1
4 91 0
@tm_mday 92 1
4 92 0
@tm_mon 93 1
4 93 0
@tm_year 94 1
4 94 0
@potentially_modified 95 1
3 95 0
@reread 96 1
3 96 0
@parent_table 97 1
2 97 [1]
3 97 2
2 53 ->
3 54 0
3 55 0
3 56 [2][3]
$3*0
$3*0
3 57 0
3 58 NULL
3 59 -1
2 60 -1
2 61 NULL
2 62 1
2 63 ->
3 64 1
2 65 NULL
2 66 NULL
1 68 NULL
@layer_list 98 0
1 98 [2]
2 98 
@feat_id 99 1
3 99 2
@layer_id 100 1
3 100 0
@back_layer_id 101 1
3 101 0
2 98 
3 99 4
3 100 0
3 101 0
#FullMData
@Sld_FullData 1 0
0 1 ->
@first_member_ptr 2 0
1 2 NULL
@alumni_members 3 0
1 3 NULL
@first_xsec_ptr 4 0
1 4 NULL
@lang_ptr 5 0
1 5 NULL
@first_csys_ptr 6 0
1 6 NULL
@ipar_num 7 1
1 7 0
@smt_info_ptr 8 0
1 8 NULL
@cable_info_ptr 9 0
1 9 NULL
@comp_info_ptr 10 0
1 10 NULL
@prt_misc_ptr 11 0
1 11 ->
@shrink_data_ptr 12 0
2 12 NULL
@expld_mv_info 13 0
1 13 ->
@act_expl_state 14 1
2 14 -1
@default_state 15 0
2 15 ->
@id 16 1
3 16 -1
@type 17 1
3 17 500
@state_type 18 1
3 18 0
@cur_stage_ind 19 1
3 19 -1
@stage_info 20 0
3 20 [1]
4 20 
@unexpl_subass_info 21 0
3 21 ->
@expld_comp_ref 22 0
3 22 ->
@comp_id 23 1
4 23 -1
@gen_info 24 0
3 24 
@font 25 1
4 25 5
@color 26 1
4 26 10
@state_info_ptr 27 0
1 27 NULL
@alumni_feats 28 0
1 28 NULL
@p_mdl_grid 29 0
1 29 NULL
@mdl_status_ptr 30 0
1 30 NULL
@appl_info_arr 31 0
1 31 [1]
2 31 
@id 32 1
3 32 -1
@type 33 1
3 33 13
@ribbon_info_ptr 34 0
1 34 NULL
@p_xref_data 35 0
1 35 ->
#ModelView#0
@View 1 0
0 1 ->
@id 2 1
1 2 0
@viewattr 3 0
1 3 
@attr_arr 4 1
2 4 [4]
$1,3*0
@mpoint 5 0
1 5 
@id 6 1
2 6 0
@coord 7 2
2 7 [3]
$C0163R,C010C28F5C28F5C2,0
@first_instr_ptr 8 0
2 8 NULL
@attach_ptr 9 0
2 9 NULL
@vpoint 10 0
1 10 
2 6 0
2 7 [3]
$407F4,407A5E,0
2 8 NULL
2 9 NULL
@orient 11 2
1 11 [4][4]
$3FE67FB1CF943097,3FE6BEBE98C57EA8,3F95CE05D1F086A,0
$3FE49B5460AE676A,BFE4C594B2C762BD,3FD9EA2ECE7486C1,0
$3FD34DEF52A3A1EC,BFD157BFE63FCBE2,BFED4058D0C75286,0
$3*0,3FF
@local_sys 12 2
1 12 [4][4]
$40404A251CFF03BC,404077CB6549463A,3FEF93036A8E9476,0
$403DD6E88380D6B2,C03E141705094614,4032C34B2ADEBDF2,0
$402BF42358525124,C0291CF3ABAB461E,C0452DBA253EEB9B,0
$40892EBD1413A5E3,407DEA3F13D415E4,C0701F7ABE2080E2,3FF
@first_instr_ptr 13 0
1 13 ->
@type 14 1
2 14 100
@geom_id 15 1
2 15 -1
@view_id 16 1
2 16 -1
@memb_num 17 1
2 17 0
@offset 18 2
2 18 0
@matrix 19 0
2 19 NULL
@next_instr_ptr 20 0
1 20 ->
2 14 301
2 15 -1
2 16 -1
2 17 0
2 18 40472B2FF681157D
2 19 NULL
1 20 ->
2 14 125
2 15 -1
2 16 -1
2 17 0
2 18 0
2 19 ->
@matrix 21 2
3 21 [4][4]
$3FD83364285B773C,3FED628B694E863,3FBE0BF1D63FE1B8,0
$3FC4FE7D1E86686R,BFC87A4B5CA9612E,3FEEF7C2C0D71257,0
$3FED27C47ABDED34,BFD6302725468CE1,BFCC88CC3EAFDCCA,0
$3*0,3FF
1 20 NULL
@outer_xsec_index 22 1
1 22 -1
@next_view_id 23 1
1 23 -2
@simp_rep_id 24 1
1 24 0
@name 25 10
1 25 no name
@matrix 26 2
1 26 [4][4]
$3FF,3*0
$0,3FF,2*0
$2*0,3FF,0
$3*0,3FF
@fit_outline 27 2
1 27 [2][3]
$4059,405518,C08560F5E8C0EDF7
$408C2,4087BB,0
@det_info_ptr 28 0
1 28 NULL
@named_view_pzmatr 29 0
1 29 NULL
@page_id 30 1
1 30 0
@model_name 31 10
1 31 NULL
@unrep_model_name 32 10
1 32 NULL
@saved_pro_dls 33 0
1 33 ->
@dlists 34 0
2 34 [5]
3 34 
@appl_type 35 1
4 35 1
@dl_type 36 1
4 36 5
@dl_id 37 1
4 37 0
@list_ptr 38 0
4 38 ->
@disp_list_valid 39 1
5 39 1
@pending 40 1
5 40 0
@disp_list_status 41 1
5 41 3
@disp_list_version 42 1
5 42 1
@view_matrix 43 2
5 43 [4][4]
$40190C2E2DD0710C,404691921EEC0F46,C020CD1BC481AB38,0
$403FF4B089D2D313,3FFCD888956B2D1A,4040C0EAC4C276F6,0
$40407BABCF37865R,C024A48D77A95858,C03EE270F0337CC5,0
$4084E52FEAF3E719,40853F86E2261D84,C06F873C25684E45,3FF
@outline 44 2
5 44 [2][3]
$C02133334,C01F851EC,C0197AE14
$C003FFFFE,BFDFFFFF,40197AE14
@dl_block_mem_size 45 0
5 45 
@dl_block_mem_size 46 1
6 46 32768
@list 47 0
5 47 ->
@ptr 48 0
6 48 [6]
7 48 
@data(dl_clump) 49 0
8 49 ->
@dl_header 50 0
9 50 
@header 51 0
10 51 
@type 52 5
11 52 30
@count 53 5
11 53 1
@size 54 1
11 54 56
@size 55 1
9 55 84
@keys 56 1
9 56 [4]
$23,3*-1
@clump_size 57 1
9 57 84
@outline 58 0
9 58 NULL
7 48 
@data(dl_int) 59 0
8 59 ->
@dl_header 60 0
9 60 
10 51 
11 52 23
11 53 1
11 54 16
@value_int 61 1
9 61 33554434
7 48 
@data(dl_header) 62 0
8 62 ->
9 51 
10 52 31
10 53 0
10 54 12
7 48 
8 49 ->
9 50 
10 51 
11 52 30
11 53 1
11 54 56
9 55 96
9 56 [4]
$32,3*-1
9 57 96
9 58 NULL
7 48 
@data(dl_obj_node) 63 0
8 63 ->
@dl_obj_node 64 0
9 64 
@dl_header 65 0
10 65 
11 51 
12 52 32
12 53 1
12 54 28
@appl_type 66 1
10 66 46
@id 67 1
10 67 1
@num_keys 68 1
10 68 0
@keys 69 1
10 69 [200]
$2031616,12,198*0
7 48 
8 62 ->
9 51 
10 52 31
10 53 0
10 54 12
@locked 70 1
5 70 0
@visibile 71 1
5 71 1
@contents 72 1
5 72 65556
@attached 73 1
5 73 0
@wire_colors 74 1
5 74 [2]
$543581798,553648127
3 34 
4 35 46
4 36 5
4 37 1
4 38 ->
5 39 1
5 40 0
5 41 3
5 42 0
5 43 [4][4]
$3FF,3*0
$0,3FF,2*0
$2*0,3FF,0
$3*0,3FF
5 44 [2][3]
$C02133334,C01F851EC,C0197AE14
$C003FFFFE,BFDFFFFF,40197AE14
5 45 
6 46 1024
5 47 ->
6 48 [9]
7 48 
8 49 ->
9 50 
10 51 
11 52 30
11 53 1
11 54 56
9 55 144
9 56 [4]
$39,3*-1
9 57 144
9 58 NULL
7 48 
@data(dl_matrix) 75 0
8 75 ->
@dl_header 76 0
9 76 
10 51 
11 52 39
11 53 1
11 54 76
@dl_matrix 77 6
9 77 [4][4]
$3F8,3*0
$0,3F8,2*0
$2*0,3F8,0
$4*0
7 48 
8 62 ->
9 51 
10 52 31
10 53 0
10 54 12
7 48 
8 49 ->
9 50 
10 51 
11 52 30
11 53 1
11 54 56
9 55 84
9 56 [4]
$23,3*-1
9 57 84
9 58 NULL
7 48 
8 59 ->
9 60 
10 51 
11 52 23
11 53 1
11 54 16
9 61 16
7 48 
8 62 ->
9 51 
10 52 31
10 53 0
10 54 12
7 48 
8 49 ->
9 50 
10 51 
11 52 30
11 53 1
11 54 56
9 55 88
9 56 [4]
$32,3*-1
9 57 88
9 58 NULL
7 48 
@data(dl_obj_disp_data) 78 0
8 78 ->
@obj_disp_data 79 0
9 79 
@dl_header 80 0
10 80 
11 51 
12 52 46
12 53 1
12 54 20
@override_color 81 1
10 81 -1
@disp_data 82 0
10 82 ->
@part_color 83 1
11 83 -1
@model_type 84 1
11 84 2
@generic_name 85 10
11 85 NULL
@label 86 10
11 86 NULL
7 48 
8 62 ->
9 51 
10 52 31
10 53 0
10 54 12
5 70 0
5 71 1
5 72 65540
5 73 1
5 74 [2]
$543581798,553648127
3 34 
4 35 47
4 36 7
4 37 0
4 38 ->
5 39 1
5 40 0
5 41 3
5 42 0
5 43 [4][4]
$40404A251CFF03BC,404077CB6549463A,3FEF93036A8E9476,0
$403DD6E88380D6B2,C03E141705094614,4032C34B2ADEBDF2,0
$402BF42358525124,C0291CF3ABAB461E,C0452DBA253EEB9B,0
$40892EBD1413A5E3,407DEA3F13D415E4,C0701F7ABE2080E2,3FF
5 44 [2][3]
$3*41CDCD64FR
$3*C1CDCD64FR
5 45 
6 46 8192
5 47 ->
6 48 [4]
7 48 
@data(dl_gc) 87 0
8 87 ->
@header 88 0
9 88 
10 51 
11 52 53
11 53 1
11 54 36
@int_data 89 1
9 89 [5]
$2*2,0,1,0
@linewidth 90 6
9 90 0
7 48 
8 75 ->
9 76 
10 51 
11 52 1
11 53 16
11 54 76
9 77 [4][4]
$3F8,3*0
$0,3F8,2*0
$2*0,3F8,0
$3*0,3F8
7 48 
8 87 ->
9 88 
10 51 
11 52 53
11 53 1
11 54 36
9 89 [5]
$2*2,0,1,0
9 90 0
7 48 
8 62 ->
9 51 
10 52 0
10 53 0
10 54 0
5 70 0
5 71 1
5 72 0
5 73 0
3 34 
4 35 48
4 36 8
4 37 0
4 38 ->
5 39 1
5 40 0
5 41 3
5 42 0
5 43 [4][4]
$40404A251CFF03BC,404077CB6549463A,3FEF93036A8E9476,0
$403DD6E88380D6B2,C03E141705094614,4032C34B2ADEBDF2,0
$402BF42358525124,C0291CF3ABAB461E,C0452DBA253EEB9B,0
$40892EBD1413A5E3,407DEA3F13D415E4,C0701F7ABE2080E2,3FF
5 44 [2][3]
$3*41CDCD64FR
$3*C1CDCD64FR
5 45 
6 46 8192
5 47 ->
6 48 [4]
7 48 
8 87 ->
9 88 
10 51 
11 52 53
11 53 1
11 54 36
9 89 [5]
$2*2,0,1,0
9 90 0
7 48 
8 75 ->
9 76 
10 51 
11 52 1
11 53 16
11 54 76
9 77 [4][4]
$3F8,3*0
$0,3F8,2*0
$2*0,3F8,0
$3*0,3F8
7 48 
8 87 ->
9 88 
10 51 
11 52 53
11 53 1
11 54 36
9 89 [5]
$2*2,0,1,0
9 90 0
7 48 
8 62 ->
9 51 
10 52 0
10 53 0
10 54 0
5 70 0
5 71 1
5 72 0
5 73 0
3 34 
4 35 49
4 36 7
4 37 0
4 38 ->
5 39 1
5 40 0
5 41 3
5 42 0
5 43 [4][4]
$40404A251CFF03BC,404077CB6549463A,3FEF93036A8E9476,0
$403DD6E88380D6B2,C03E141705094614,4032C34B2ADEBDF2,0
$402BF42358525124,C0291CF3ABAB461E,C0452DBA253EEB9B,0
$40892EBD1413A5E3,407DEA3F13D415E4,C0701F7ABE2080E2,3FF
5 44 [2][3]
$3*41CDCD64FR
$3*C1CDCD64FR
5 45 
6 46 8192
5 47 ->
6 48 [6]
7 48 
8 87 ->
9 88 
10 51 
11 52 53
11 53 1
11 54 36
9 89 [5]
$2*2,0,1,0
9 90 0
7 48 
8 75 ->
9 76 
10 51 
11 52 1
11 53 16
11 54 76
9 77 [4][4]
$3F8,3*0
$0,3F8,2*0
$2*0,3F8,0
$3*0,3F8
7 48 
@data(dl_ref_color) 91 0
8 91 ->
@dl_header 92 0
9 92 
10 51 
11 52 9
11 53 1
11 54 88
@ref_color_flt 93 0
9 93 
@maximum 94 6
10 94 [3]
$3*BF8
@ambient 95 6
10 95 3F6R
@diffuse 96 6
10 96 3F6R
@specular 97 6
10 97 3F4CR
@spec_coef 98 6
10 98 3F
@transmission 99 6
10 99 0
@threshold 100 1
10 100 90
@gl_ind 101 1
10 101 0
@highlight 102 6
10 102 [3]
$3*3F8
@reflection 103 6
10 103 3F6R
@bump_height 104 6
10 104 3F8
@bump 105 3
10 105 NULL
@decal_intensity 106 6
10 106 42C8
@decal 107 3
10 107 NULL
@texture 108 3
10 108 NULL
7 48 
8 62 ->
9 51 
10 52 10
10 53 0
10 54 12
7 48 
8 87 ->
9 88 
10 51 
11 52 53
11 53 1
11 54 36
9 89 [5]
$2*2,0,1,0
9 90 0
7 48 
8 62 ->
9 51 
10 52 0
10 53 0
10 54 0
5 70 0
5 71 1
5 72 65536
5 73 0
5 74 [2]
$536936705,547003034
@explode_state 109 0
1 109 NULL
#DispDataColor
@ref_color_table 1 0
0 1 
@ref_color_arr 2 0
1 2 [2]
2 2 
@maximum 3 2
3 3 [3]
$3*3FF
@ambient 4 2
3 4 3FECR
@diffuse 5 2
3 5 3FECR
@specular 6 2
3 6 3FE9R
@spec_coef 7 2
3 7 3FE
@transmission 8 2
3 8 0
@threshold 9 1
3 9 90
@gl_ind 10 1
3 10 0
@highlight 11 2
3 11 [3]
$3*3FF
@reflection 12 2
3 12 3FECR
@bump_height 13 2
3 13 3FF
@bump 14 3
3 14 NULL
@decal_intensity 15 2
3 15 4059
@decal 16 3
3 16 NULL
@texture 17 3
3 17 NULL
2 2 
3 3 [3]
$3FE7AE148,3FE3851EC,3FC851EB8
3 4 3FECCCCCC
3 5 3FECCCCCC
3 6 3FE999998
3 7 3FE
3 8 0
3 9 90
3 10 7
3 11 [3]
$3*3FF
3 12 3FECCCCCC
3 13 3FF
3 14 NULL
3 15 4059
3 16 NULL
3 17 NULL
#DispDataTable
@disp_data_table 1 0
0 1 
@disp_data_arr 2 0
1 2 [1]
2 2 
@disp_data 3 0
3 3 ->
@wire 4 0
4 4 
@disp_list_valid 5 1
5 5 1
@pending 6 1
5 6 0
@disp_list_status 7 1
5 7 3
@disp_list_version 8 1
5 8 220
@view_matrix 9 2
5 9 [4][4]
$3FF,3*0
$0,3FF,2*0
$2*0,3FF,0
$3*0,3FF
@outline 10 2
5 10 [2][3]
$C02133334,C01F851EC,C0197AE14
$C004,BFE,40197AE14
@dl_block_mem_size 11 0
5 11 
@dl_block_mem_size 12 1
6 12 32768
@list 13 0
5 13 ->
@ptr 14 0
6 14 [7]
7 14 
@data(dl_gc) 15 0
8 15 ->
@header 16 0
9 16 
@header 17 0
10 17 
@type 18 5
11 18 53
@count 19 5
11 19 1
@size 20 1
11 20 36
@int_data 21 1
9 21 [5]
$2*2,0,1,0
@linewidth 22 6
9 22 0
7 14 
8 15 ->
9 16 
10 17 
11 18 53
11 19 1
11 20 36
9 21 [5]
$2*2,0,1,0
9 22 0
7 14 
@data(dl_header) 23 0
8 23 ->
9 17 
10 18 1024
10 19 84
10 20 12
7 14 
@data(dl_multi_polyline) 24 0
8 24 ->
@dl_multi_polyline 25 0
9 25 
@dl_header 26 0
10 26 
11 17 
12 18 27
12 19 4
12 20 84
@midpnt 27 6
10 27 [4]
$40FEFD2F,C0B1999A,C086147B,0
@narrays 28 0
10 28 
@number_of_spans 29 1
11 29 1
@spans 30 1
10 30 [1]
11 30 4
@points 31 6
10 31 [12]
$C0B9EC8D,C0FBFC82,C0C23D71,C0B9EE3B,C0FBFC81,C0017E4B,C0B9EE3B,C0FBFC81,
$40017E4B,C0B9EC8D,C0FBFC82,40C23D71
7 14 
8 23 ->
9 17 
10 18 1024
10 19 964
10 20 12
7 14 
@data(dl_multi_line) 32 0
8 32 ->
@dl_multi_line 33 0
9 33 
@dl_header 34 0
10 34 
11 17 
12 18 26
12 19 78
12 20 964
@midpnt 35 6
10 35 [4]
$40FEFD2F,C0B1999A,C086147B,0
@points 36 6
10 36 [234]
$C0B9EB8B,C0FBFC82,40CBD70A,C0B9EB8B,BF,40CBD70A,C0B9EB8B,C0FBFC82,
$40C23D71,C0B9EB8B,C0F5961B,40C23D71,C0B9EB8B,C0F5961B,40C23D71,C0B9EB8B,
$BF4CR,40C23D71,C0B9EB8B,BF4CR,40C23D71,C0B9EB8B,BF4CR,C0C23D71,C0B9EB8B,
$C0FBFC82,C0C23D71,C0B9EB8B,C0FBFC82,C0CBD70A,C0B9EB8B,C0FBFC82,C0CBD70A,
$C0B9EB8B,BF,C0CBD70A,C0B9EC37,C0FBFC82,40CBD70A,C02,C0FC28F6,40CBD70A,
$C0B9EC8D,C0FBFC82,40C23D71,C0B9EC37,C0FBFC82,40CBD70A,C02,C0FC28F6,40CBD70A,
$C02,BF,40CBD70A,C02,C0FC28F6,C0CBD70A,C02,C0FC28F6,40CBD70A,C0B9EB8B,BF,
$40CBD70A,C0B9EB8B,BF,C0CBD70A,C02,BF,C0CBD70A,C02,BF,40CBD70A,C02,BF,
$40CBD70A,C0B9EB8B,BF,40CBD70A,C0B9EB8B,C0FBFC82,C0CBD70A,C02,C0FC28F6,
$C0CBD70A,C02,C0FC28F6,C0CBD70A,C02,BF,C0CBD70A,C02,BF,C0CBD70A,C0B9EB8B,BF,
$C0CBD70A,C0B9EE3B,C0FBFC81,C0C23D71,C0B9EB8B,C0F5961B,C0C23D71,C0B9EB8B,
$C0F5961B,40C23D71,C0B9EB8B,C0F5961B,C0C23D71,C0B9EB8B,C0F5961B,C0C23D71,
$C10028F6,C0F5789,C0C23D71,C0B9EB8B,C0F5961B,40C23D71,C10028F6,C0F5789,
$40C23D71,C10028F6,C0F5789,40C23D71,C10028F6,BF4CR,40C23D71,C10028F6,BF4CR,
$40C23D71,C0B9EB8B,BF4CR,40C23D71,C10028F6,C0FBDEF7,C0CBD70A,C10028F6,
$C0FBDEF7,40CBD70A,C10028F6,C0F5789,40C23D71,C10028F6,C0F5789,C0C23D71,
$C10028F6,C0F5789,C0C23D71,C10028F6,BF4CR,C0C23D71,C10028F6,BF,40CBD70A,
$C10028F6,C0FBDB,40CBD70A,C109R,C0FBD70A,C0CBD70A,C109R,C0FBD70A,40CBD70A,
$C109R,C0FBD70A,40CBD70A,C10028F6,C0FBDEF7,40CBD70A,C10028F6,C0FBDB,C0CBD70A,
$C10028F6,BF,C0CBD70A,C10028F6,BF,C0CBD70A,C109R,BF,C0CBD70A,C109R,BF,
$C0CBD70A,C109R,C0FBDB,C0CBD70A,C109R,C0FBDB,C0CBD70A,C10028F6,C0FBDB,
$C0CBD70A,C10028F6,BF,C0CBD70A,C10028F6,BF,40CBD70A,C10028F6,BF,40CBD70A,
$C109R,BF,40CBD70A,C109R,BF,40CBD70A,C109R,C0FBD70A,40CBD70A,C109R,BF,
$C0CBD70A,C109R,BF,40CBD70A,C10028F6,BF4CR,40C23D71,C10028F6,BF4CR,C0C23D71,
$C0B9EB8B,BF4CR,C0C23D71,C10028F6,BF4CR,C0C23D71,C0B9EB8B,C0F5961B,C0C23D71,
$C0B9EB8B,BF4CR,C0C23D71
7 14 
8 23 ->
9 17 
10 18 0
10 19 0
10 20 0
@locked 37 1
5 37 0
@visibile 38 1
5 38 1
@contents 39 1
5 39 2
@attached 40 1
5 40 0
@part_color 41 1
4 41 0
@model_type 42 1
4 42 2
@generic_name 43 10
4 43 NULL
@label 44 10
4 44 NULL
#AssMrgPrt
@assem_merge_parts 1 0
0 1 ->
#END_OF_UGC
