#UGC:2 PART 966 400 0 1 1 15 1800 9652 00000435 \
#- VERS 1 0                                                          \
#- HOST moon                                                         \
#- LINK                                                              \
#- DBID new_boom_box                                                 \
#- REVS 3,1.0                                                        \
#- RELL 7,Initial                                                    \
#- UOBJ_ID 853797377 398876583 -2139529277                           \
#- MACH ALPHA_OSF1_V3.2_41.64                                        \
#-END_OF_UGC_HEADER
#P_OBJECT 6
@P_object 1 0
0 1 ->
@dep_db 2 0
1 2 ->
@revnum_std 3 1
1 3 34
@flag 4 1
1 4 0
@name 5 10
1 5 NULL
@inst_hidden 6 1
1 6 0
@old_name 7 10
1 7 NULL
@appl_data 8 0
1 8 ->
@bounding_box 9 2
2 9 [2][3]
$C00362CA8C5E6747,C03279261E5899B5,BFBA6DCC6D1496EA
$400644123A72E227,3FE776AF5031EF2,4019D01D981AB8C2
@ver_key 10 0
1 10 ->
@time 11 1
2 11 853797377
@random_num 12 1
2 12 398888306
@hostid 13 1
2 13 -2139529277
#END_OF_P_OBJECT
#Pro/ENGINEER  TM  Version H-01-21  (c) 1988-96 by Parametric Technology Corporation  All Rights Reserved. 9652
@Toc 27 0
0 27 ->
@entry 28 10
1 28 [128]
2 28 BasicData 2b9a 552 0 966########################################################
2 28 BasicText 30ec 325 0 966########################################################
2 28 GeomDepen 3411 72 0 966#########################################################
2 28 DispCntrl 3483 579 0 966########################################################
2 28 DisplData 39fc 38 0 966#########################################################
2 28 LargeText 3a34 28a 0 966########################################################
2 28 FamilyInf 3cbe 40 0 966#########################################################
2 28 VisibGeom 3cfe 1531 0 966#######################################################
2 28 NovisGeom 522f 1bb 0 966########################################################
2 28 ActEntity 53ea ba6 0 966########################################################
2 28 AllFeatur 5f90 3268 0 966#######################################################
2 28 FullMData 91f8 55ba 0 966#######################################################
2 28 ModelView#0 e7b2 22a2 0 966#####################################################
2 28 DispDataColor 10a54 1e7 0 966###################################################
2 28 DispDataTable 10c3b 705 0 966###################################################
2 28 AssMrgPrt 11340 29 0 966########################################################
2 28 ################################################################################
2 28 ################################################################################
2 28 ################################################################################
2 28 ################################################################################
2 28 ################################################################################
2 28 ################################################################################
2 28 ################################################################################
2 28 ################################################################################
2 28 ################################################################################
2 28 ################################################################################
2 28 ################################################################################
2 28 ################################################################################
2 28 ################################################################################
2 28 ################################################################################
2 28 ################################################################################
2 28 ################################################################################
2 28 ################################################################################
2 28 ################################################################################
2 28 ################################################################################
2 28 ################################################################################
2 28 ################################################################################
2 28 ################################################################################
2 28 ################################################################################
2 28 ################################################################################
2 28 ################################################################################
2 28 ################################################################################
2 28 ################################################################################
2 28 ################################################################################
2 28 ################################################################################
2 28 ################################################################################
2 28 ################################################################################
2 28 ################################################################################
2 28 ################################################################################
2 28 ################################################################################
2 28 ################################################################################
2 28 ################################################################################
2 28 ################################################################################
2 28 ################################################################################
2 28 ################################################################################
2 28 ################################################################################
2 28 ################################################################################
2 28 ################################################################################
2 28 ################################################################################
2 28 ################################################################################
2 28 ################################################################################
2 28 ################################################################################
2 28 ################################################################################
2 28 ################################################################################
2 28 ################################################################################
2 28 ################################################################################
2 28 ################################################################################
2 28 ################################################################################
2 28 ################################################################################
2 28 ################################################################################
2 28 ################################################################################
2 28 ################################################################################
2 28 ################################################################################
2 28 ################################################################################
2 28 ################################################################################
2 28 ################################################################################
2 28 ################################################################################
2 28 ################################################################################
2 28 ################################################################################
2 28 ################################################################################
2 28 ################################################################################
2 28 ################################################################################
2 28 ################################################################################
2 28 ################################################################################
2 28 ################################################################################
2 28 ################################################################################
2 28 ################################################################################
2 28 ################################################################################
2 28 ################################################################################
2 28 ################################################################################
2 28 ################################################################################
2 28 ################################################################################
2 28 ################################################################################
2 28 ################################################################################
2 28 ################################################################################
2 28 ################################################################################
2 28 ################################################################################
2 28 ################################################################################
2 28 ################################################################################
2 28 ################################################################################
2 28 ################################################################################
2 28 ################################################################################
2 28 ################################################################################
2 28 ################################################################################
2 28 ################################################################################
2 28 ################################################################################
2 28 ################################################################################
2 28 ################################################################################
2 28 ################################################################################
2 28 ################################################################################
2 28 ################################################################################
2 28 ################################################################################
2 28 ################################################################################
2 28 ################################################################################
2 28 ################################################################################
2 28 ################################################################################
2 28 ################################################################################
2 28 ################################################################################
2 28 ################################################################################
2 28 ################################################################################
2 28 ################################################################################
2 28 ################################################################################
2 28 ################################################################################
2 28 ################################################################################
2 28 ################################################################################
2 28 ################################################################################
2 28 ################################################################################
2 28 ################################################################################
#BasicData
@Sld_BasicData 1 0
0 1 ->
@tab_key 2 1
1 2 0
@tab_key_struct 3 0
1 3 ->
@tab_key_ptr 4 0
2 4 [39]
@cmprs_tabkey 5 0
2 5 NULL
@type 6 1
1 6 2
@revnum_ptr 7 0
1 7 ->
@geom_revnum 8 1
2 8 17
@cosm_revnum 9 1
2 9 24
@tol_default_ptr 10 0
1 10 ->
@type 11 1
2 11 10
@value 12 2
2 12 [7]
$0,3FB9R,3F847AE147AE147B,3F50624DD2F1A9FC,3F1A36E2EB1C432D,
$3EE4F8B588E368F1,3EB0C6F7A0B5ED8E
@ang_value 13 2
2 13 [7]
$0,6*3FE
@standard 14 1
2 14 0
@iso_tol_tbls_ptr 15 0
2 15 NULL
@datum_count 16 1
1 16 3
@axis_count 17 1
1 17 0
@insert_layer_id 18 1
1 18 -1
@layer_count 19 1
1 19 1
@rel_part_eps 20 2
1 20 3F53A92A30553261
@model_eps 21 2
1 21 0
@fixed_model_eps 22 1
1 22 0
@assembled_count 23 1
1 23 0
@part_type 24 1
1 24 1
@first_ent_id 25 1
1 25 514884
@first_view_id 26 1
1 26 0
@outline 27 2
1 27 [2][3]
$C0028F5C28F5C29,C0325EB851EB851E,0
$400570A3D70A3D7,3FE428F5C28F5C4,40196R
@dim_num 28 1
1 28 1
@geom_lib_ptr 29 0
1 29 NULL
@attrib_array 30 1
1 30 [3]
$3*0
@max_part_size 31 2
1 31 4034A5C7B53815E7
@model_name 32 10
1 32 RCR32_M_
@disp_outl_info 33 0
1 33 
@disp_outline 34 2
2 34 [2][3]
$C00362CA8C5E6747,C03279261E5899B5,BFBA6DCC6D1496EA
$400644123A72E227,3FE776AF5031EF2,4019D01D981AB8C2
@sel_outl_info 35 0
1 35 ->
@outline 36 2
2 36 [2][3]
$C00362CA8C5E6747,C03279261E5899B5,BFBA6DCC6D1496EA
$400644123A72E227,3FE776AF5031EF2,4019D01D981AB8C2
#BasicText
@Sld_BasicText 1 0
0 1 ->
@assem_mass_prop_ptr 2 0
1 2 NULL
@mass_prop_ptr 3 0
1 3 ->
@type 4 1
2 4 0
@density 5 2
2 5 3FB9R
@init_dens 6 5
2 6 1
@rel_density 7 2
2 7 0
@init_rel_dens 8 5
2 8 0
@aver_density 9 2
2 9 3FB9R
@vrevnum 10 1
2 10 9
@volume 11 2
2 11 4082DA
@cg 12 2
2 12 [3]
$3FC70A3D70A3D7,C021BD70A3D70A3C,40096R
@inertia 13 2
2 13 [3][3]
$405FE86C5A549896,C05814273D5BAB13,40413CE4F765FD82
$C05814273D5BAB13,40B9A0F60910D92,C09A8B8D096BB98R
$40413CE4F765FD82,C09A8B8D096BB98R,4089568BD194237E
@eps 14 2
2 14 3EE4F8B588E368F1
@surfarea 15 2
2 15 407EECR
@assign_mp_ptr 16 0
1 16 NULL
@mat_name_ptr 17 10
1 17 NULL
@unit_arr 18 0
1 18 [2]
2 18 
@type 19 1
3 19 11
@factor 20 2
3 20 3FA42850A142850A
@name 21 10
3 21 MM
@unit_type 22 1
3 22 0
2 18 
3 19 2
3 20 3FF
3 21 POUND
3 22 1
#GeomDepen
@Sld_GeomDepend 1 0
0 1 ->
@frst_geom_ptr 2 1
1 2 13
@fem_data 3 0
1 3 NULL
@first_quilt_ptr 4 1
1 4 0
#DispCntrl
@Sld_DispCntrl 1 0
0 1 ->
@color_prop_ptr 2 0
1 2 ->
@color_refs 3 0
2 3 [1]
3 3 
@ref_color 4 0
4 4 ->
@maximum 5 2
5 5 [3]
$3FE1EB852,3FDAE147A,3FE28F5C2
@ambient 6 2
5 6 3FECCCCCC
@diffuse 7 2
5 7 3FECCCCCC
@specular 8 2
5 8 3FE999998
@spec_coef 9 2
5 9 3FE
@transmission 10 2
5 10 0
@threshold 11 1
5 11 90
@gl_ind 12 1
5 12 15
@highlight 13 2
5 13 [3]
$3*3FF
@reflection 14 2
5 14 3FECCCCCC
@bump_height 15 2
5 15 3FF
@bump 16 3
5 16 NULL
@decal_intensity 17 2
5 17 4059
@decal 18 3
5 18 NULL
@texture 19 3
5 19 NULL
@surf_ind_tab 20 0
2 20 [1]
3 20 
@surf_id 21 1
4 21 -1
@surf_color_inds 22 1
4 22 [2]
$0,-1
@surf_pl 23 0
4 23 [2]
5 23 
@placement_ptr 24 0
6 24 NULL
5 23 
6 24 NULL
@layer_array 25 0
1 25 [7]
2 25 ->
@id 26 1
3 26 32
@type 27 1
3 27 117
@user_id 28 1
3 28 0
@weird_wline_ptr 29 0
3 29 ->
@weird_wline 30 10
4 30 AXES
@saved_operation 31 1
3 31 3
2 25 ->
3 26 33
3 27 117
3 28 0
3 29 ->
4 30 CSYS
@layer_objects 32 0
3 32 [1]
4 32 
@type 33 1
5 33 3
@ids 34 1
5 34 [1]
6 34 2
@lay_solid 35 0
5 35 NULL
3 31 3
2 25 ->
3 26 34
3 27 117
3 28 0
3 29 ->
4 30 CURVES
3 31 3
2 25 ->
3 26 35
3 27 117
3 28 0
3 29 ->
4 30 DEF_DATUMS
3 32 [1]
4 32 
5 33 176
5 34 [3]
$6,8,10
5 35 NULL
3 31 3
2 25 ->
3 26 36
3 27 117
3 28 0
3 29 ->
4 30 DTMS
3 31 3
2 25 ->
3 26 37
3 27 117
3 28 0
3 29 ->
4 30 EXTRA_SURFS
3 31 1
2 25 ->
3 26 38
3 27 117
3 28 0
3 29 ->
4 30 SKEL_SURFS
3 31 1
#DisplData
@Sld_DispData 1 0
0 1 ->
@disp_data 2 0
1 2 
#LargeText
@Sld_LargeText 1 0
0 1 ->
@names_table 2 0
1 2 [4]
2 2 ->
@id 3 1
3 3 6
@type 4 1
3 4 5
@name 5 10
3 5 DTM1
2 2 ->
3 3 8
3 4 5
3 5 DTM2
2 2 ->
3 3 10
3 4 5
3 5 DTM3
2 2 ->
3 3 3
3 4 25
3 5 EC_DEF
@relpar_sets 6 0
1 6 [1]
2 6 
@id 7 1
3 7 -1
@type 8 1
3 8 2
@ext_ref_id 9 1
3 9 -1
@param_arr 10 0
3 10 [3]
4 10 ->
@sym 11 10
5 11 PDMREV
@value 12 0
5 12 
@type 13 1
6 13 51
@value(s_val) 14 10
6 14 1.2+
@bak_value 15 0
5 15 
6 13 51
6 14 1.0
4 10 ->
5 11 PDMDB
5 12 
6 13 51
6 14 boom_box
5 15 
6 13 51
6 14 CD_RADIO
4 10 ->
5 11 PDMRL
5 12 
6 13 51
6 14 Initial
5 15 
6 13 51
6 14 Initial
@relatnum 16 1
3 16 0
@cfg_states 17 0
1 17 NULL
#FamilyInf
@Sld_FamilyInfo 1 0
0 1 ->
@drv_tbl_ptr 2 0
1 2 NULL
#VisibGeom
@Sld_VisGeom 1 0
0 1 ->
@active_geom 2 0
1 2 
@srf_array 3 0
2 3 [9]
3 3 ->
@geom_type 4 1
4 4 34
@geom_id 5 1
4 5 6
@feat_id 6 1
4 6 5
@boundary_type 7 1
4 7 1
@envlp 8 2
4 8 [2][2]
$C00362CA8C5E6747,C03279261E5899B5
$400644123A72E227,3FE776AF5031EF1D
@srf_prim_ptr(plane) 9 0
4 9 ->
@local_sys 10 2
5 10 [4][3]
$3FF,2*0
$0,3FF,0
$2*0,3FF
$3*0
@frst_cntr_ptr 11 0
4 11 NULL
@next_geom_ptr 12 1
4 12 0
@orient 13 1
4 13 1
@outline 14 2
4 14 [2][3]
$C00362CA8C5E6747,C03279261E5899B5,0
$400644123A72E227,3FE776AF5031EF2,0
3 3 ->
4 4 34
4 5 8
4 6 7
4 7 1
4 8 [2][2]
$C03279261E5899B5,BFBA6DCC6D1496EA
$3FE776AF5031EF1D,4019D01D981AB8C2
4 9 ->
5 10 [4][3]
$2*0,3FF
$3FF,2*0
$0,3FF,0
$3*0
4 11 NULL
4 12 0
4 13 1
4 14 [2][3]
$0,C03279261E5899B5,BFBA6DCC6D1496EA
$0,3FE776AF5031EF2,4019D01D981AB8C2
3 3 ->
4 4 34
4 5 10
4 6 9
4 7 1
4 8 [2][2]
$BFBA6DCC6D1496EA,C00362CA8C5E6747
$4019D01D981AB8C2,400644123A72E227
4 9 ->
5 10 [4][3]
$0,3FF,0
$2*0,3FF
$3FF,2*0
$3*0
4 11 NULL
4 12 0
4 13 1
4 14 [2][3]
$C00362CA8C5E6747,0,BFBA6DCC6D1496EA
$400644123A72E227,0,4019D01D981AB8C2
3 3 ->
4 4 34
4 5 13
4 6 4
4 7 0
4 8 [2][2]
$C0028F5C28F5C29,C0325EB851EB851E
$400570A3D70A3D7,3FE428F5C28F5C4
4 9 ->
5 10 [4][3]
$3FF,2*0
$0,3FF,0
$2*0,3FF
$3*0
4 11 ->
@frst_cntr_crv_hdr_ptr 15 1
5 15 14
@trv 16 1
5 16 1
@envlp 17 2
5 17 [2][2]
$C0028F5C28F5C29,C0325EB851EB851E
$400570A3D70A3D7,3FE428F5C28F5C4
@next_cntr_ptr 18 0
4 18 NULL
4 12 18
4 13 -1
4 14 [2][3]
$C0028F5C28F5C29,C0325EB851EB851E,0
$400570A3D70A3D7,3FE428F5C28F5C4,0
3 3 ->
4 4 34
4 5 18
4 6 4
4 7 0
4 8 [2][2]
$C0028F5C28F5C29,C0325EB851EB851E
$400570A3D70A3D7,3FE428F5C28F5C4
4 9 ->
5 10 [4][3]
$3FF,2*0
$0,3FF,0
$2*0,3FF
$2*0,40196R
4 11 ->
5 15 19
5 16 1
5 17 [2][2]
$C0028F5C28F5C29,C0325EB851EB851E
$400570A3D70A3D7,3FE428F5C28F5C4
4 18 NULL
4 12 23
4 13 1
4 14 [2][3]
$C0028F5C28F5C29,C0325EB851EB851E,40196R
$400570A3D70A3D7,3FE428F5C28F5C4,40196R
3 3 ->
4 4 34
4 5 23
4 6 4
4 7 1
4 8 [2][2]
$2*0
$4014,40196R
4 9 ->
5 10 [4][3]
$3FF,2*0
$2*0,BFF
$0,3FF,0
$C0028F5C28F5C29,C0325EB851EB851E,0
4 11 ->
5 15 14
5 16 1
5 17 [2][2]
$2*0
$4014,40196R
4 18 NULL
4 12 25
4 13 1
4 14 [2][3]
$C0028F5C28F5C29,C0325EB851EB851E,0
$400570A3D70A3D7,C0325EB851EB851E,40196R
3 3 ->
4 4 34
4 5 25
4 6 4
4 7 1
4 8 [2][2]
$2*0
$4033,40196R
4 9 ->
5 10 [4][3]
$2*0,3FF
$3FF,2*0
$0,3FF,0
$400570A3D70A3D7,C0325EB851EB851E,0
4 11 ->
5 15 15
5 16 1
5 17 [2][2]
$2*0
$4033,40196R
4 18 NULL
4 12 27
4 13 1
4 14 [2][3]
$400570A3D70A3D7,C0325EB851EB851E,0
$400570A3D70A3D7,3FE428F5C28F5C4,40196R
3 3 ->
4 4 34
4 5 27
4 6 4
4 7 1
4 8 [2][2]
$2*0
$4014,40196R
4 9 ->
5 10 [4][3]
$BFF,2*0
$2*0,3FF
$0,3FF,0
$400570A3D70A3D7,3FE428F5C28F5C4,0
4 11 ->
5 15 16
5 16 1
5 17 [2][2]
$2*0
$4014,40196R
4 18 NULL
4 12 29
4 13 1
4 14 [2][3]
$C0028F5C28F5C29,3FE428F5C28F5C4,0
$400570A3D70A3D7,3FE428F5C28F5C4,40196R
3 3 ->
4 4 34
4 5 29
4 6 4
4 7 1
4 8 [2][2]
$2*0
$4033,40196R
4 9 ->
5 10 [4][3]
$2*0,BFF
$BFF,2*0
$0,3FF,0
$C0028F5C28F5C29,3FE428F5C28F5C4,0
4 11 ->
5 15 17
5 16 1
5 17 [2][2]
$2*0
$4033,40196R
4 18 NULL
4 12 0
4 13 1
4 14 [2][3]
$C0028F5C28F5C29,C0325EB851EB851E,0
$C0028F5C28F5C29,3FE428F5C28F5C4,40196R
@crv_array 19 0
2 19 [12]
3 19 ->
@crv_id 20 1
4 20 14
@feat_id 21 1
4 21 4
@type 22 1
4 22 0
@crv_pnt_dir 23 1
4 23 [2]
$1,-1
@crv_pnt_arr 24 2
4 24 [2][4]
$C0028F5C28F5C29,C0325EB851EB851E,2*0
$400570A3D70A3D7,C0325EB851EB851E,4014,0
@crv_hdr_geom_ptr[0] 25 1
4 25 13
@crv_hdr_geom_ptr[1] 26 1
4 26 23
@next_crv_hdr_ptr[0] 27 1
4 27 15
@next_crv_hdr_ptr[1] 28 1
4 28 24
@ref_geom[0] 29 1
4 29 0
@ref_geom[1] 30 1
4 30 0
3 19 ->
4 20 15
4 21 4
4 22 0
4 23 [2]
$1,-1
4 24 [2][4]
$400570A3D70A3D7,C0325EB851EB851E,2*0
$400570A3D70A3D7,3FE428F5C28F5C4,4033,0
4 25 13
4 26 25
4 27 16
4 28 26
4 29 0
4 30 0
3 19 ->
4 20 16
4 21 4
4 22 0
4 23 [2]
$1,-1
4 24 [2][4]
$400570A3D70A3D7,3FE428F5C28F5C4,2*0
$C0028F5C28F5C29,3FE428F5C28F5C4,4014,0
4 25 13
4 26 27
4 27 17
4 28 28
4 29 0
4 30 0
3 19 ->
4 20 17
4 21 4
4 22 0
4 23 [2]
$1,-1
4 24 [2][4]
$C0028F5C28F5C29,3FE428F5C28F5C4,2*0
$C0028F5C28F5C29,C0325EB851EB851E,4033,0
4 25 13
4 26 29
4 27 14
4 28 30
4 29 0
4 30 0
3 19 ->
4 20 19
4 21 4
4 22 0
4 23 [2]
$-1,1
4 24 [2][4]
$C0028F5C28F5C29,C0325EB851EB851E,0,40196R
$400570A3D70A3D7,C0325EB851EB851E,4014,40196R
4 25 18
4 26 23
4 27 22
4 28 26
4 29 0
4 30 0
3 19 ->
4 20 20
4 21 4
4 22 0
4 23 [2]
$-1,1
4 24 [2][4]
$400570A3D70A3D7,C0325EB851EB851E,0,40196R
$400570A3D70A3D7,3FE428F5C28F5C4,4033,40196R
4 25 18
4 26 25
4 27 19
4 28 28
4 29 0
4 30 0
3 19 ->
4 20 21
4 21 4
4 22 0
4 23 [2]
$-1,1
4 24 [2][4]
$400570A3D70A3D7,3FE428F5C28F5C4,0,40196R
$C0028F5C28F5C29,3FE428F5C28F5C4,4014,40196R
4 25 18
4 26 27
4 27 20
4 28 30
4 29 0
4 30 0
3 19 ->
4 20 22
4 21 4
4 22 0
4 23 [2]
$-1,1
4 24 [2][4]
$C0028F5C28F5C29,3FE428F5C28F5C4,0,40196R
$C0028F5C28F5C29,C0325EB851EB851E,4033,40196R
4 25 18
4 26 29
4 27 21
4 28 24
4 29 0
4 30 0
3 19 ->
4 20 24
4 21 4
4 22 0
4 23 [2]
$1,-1
4 24 [2][4]
$2*0,4033,0
$0,40196R,4033,40196R
4 25 23
4 26 29
4 27 19
4 28 17
4 29 0
4 30 0
3 19 ->
4 20 26
4 21 4
4 22 0
4 23 [2]
$1,-1
4 24 [2][4]
$2*0,4014,0
$0,40196R,4014,40196R
4 25 25
4 26 23
4 27 20
4 28 14
4 29 0
4 30 0
3 19 ->
4 20 28
4 21 4
4 22 0
4 23 [2]
$1,-1
4 24 [2][4]
$2*0,4033,0
$0,40196R,4033,40196R
4 25 27
4 26 25
4 27 21
4 28 15
4 29 0
4 30 0
3 19 ->
4 20 30
4 21 4
4 22 0
4 23 [2]
$1,-1
4 24 [2][4]
$2*0,4014,0
$0,40196R,4014,40196R
4 25 29
4 26 27
4 27 22
4 28 16
4 29 0
4 30 0
#NovisGeom
@Sld_NonVisGeom 1 0
0 1 ->
@inactive_geom 2 0
1 2 
@srf_array 3 0
2 3 [1]
3 3 ->
@geom_type 4 1
4 4 34
@geom_id 5 1
4 5 12
@feat_id 6 1
4 6 11
@boundary_type 7 1
4 7 -1
@envlp 8 2
4 8 [2][2]
$2*0
$2*0
@srf_prim_ptr(plane) 9 0
4 9 ->
@local_sys 10 2
5 10 [4][3]
$3FF,2*0
$0,3FF,0
$2*0,3FF
$3*0
@frst_cntr_ptr 11 0
4 11 NULL
@next_geom_ptr 12 1
4 12 0
@orient 13 1
4 13 1
@outline 14 2
4 14 [2][3]
$3*0
$3*0
@external_geom 15 0
1 15 
#ActEntity
@Sld_Entities 1 0
0 1 ->
@act_feat_ents 2 0
1 2 [4]
2 2 
@feat_id 3 1
3 3 2
@datum_id 4 1
3 4 -1
@entity_ptr(coord_sys) 5 0
3 5 ->
@type 6 1
4 6 18
@id 7 1
4 7 3
@gen_info 8 0
4 8 
@color 9 1
5 9 1
@sys_type 10 1
4 10 -1
@pnt_type 11 1
4 11 -1
@radius 12 2
4 12 0
@local_sys 13 2
4 13 [4][3]
$3FF,2*0
$0,3FF,0
$2*0,3FF
$3*0
@feat_id 14 1
4 14 2
@entity(text) 15 0
3 15 ->
@text_type 16 1
4 16 34
@text_value 17 10
4 17 EC_DEF
@txt_attrib 18 1
4 18 1
@coord 19 2
4 19 [3]
$40756CC785DED0F,407822540CE2A0BD,C07F427404BE6B6A
@owner_id 20 1
4 20 3
@height 21 2
4 21 BFF
@width_factor 22 2
4 22 BFF
@format_info 23 0
4 23 
@places_denom 24 5
5 24 0
2 2 
3 3 5
3 4 6
@entity_ptr(cosmetic) 25 0
3 25 ->
@type 26 1
4 26 50
@id 27 1
4 27 -1
@gen_info 28 0
4 28 
@owner_type 29 1
4 29 1
@owner_id 30 1
4 30 6
@text_ptr 31 0
4 31 ->
@text_type 32 1
5 32 14
@text_value 33 10
5 33 DTM1
@txt_attrib 34 1
5 34 1
@owner_id 35 1
5 35 5
@height 36 2
5 36 BFF
@width_factor 37 2
5 37 BFF
@format_info 38 0
5 38 
@thickness 39 2
5 39 BFF
@cosm_disp_ents 40 0
4 40 ->
@first_disp_ent(line) 41 0
5 41 ->
@id 42 1
6 42 -1
@gen_info 43 0
6 43 
@flip 44 1
6 44 6
@end1 45 2
6 45 [3]
$C00362CA8C5E6747,C03279261E5899B5,0
@end2 46 2
6 46 [3]
$C00362CA8C5E6747,3FE776AF5031EF1D,0
@entity(line) 47 0
5 47 ->
6 42 -1
6 43 
6 44 6
6 45 [3]
$C00362CA8C5E6747,3FE776AF5031EF1D,0
6 46 [3]
$400644123A72E227,3FE776AF5031EF1D,0
5 47 ->
6 42 -1
6 43 
6 44 6
6 45 [3]
$400644123A72E227,3FE776AF5031EF1D,0
6 46 [3]
$400644123A72E227,C03279261E5899B5,0
5 47 ->
6 42 -1
6 43 
6 44 6
6 45 [3]
$400644123A72E227,C03279261E5899B5,0
6 46 [3]
$C00362CA8C5E6747,C03279261E5899B5,0
@plane_ptr 48 0
4 48 NULL
@attr 49 1
4 49 0
2 2 
3 3 7
3 4 8
3 25 ->
4 26 50
4 27 -1
4 28 
4 29 1
4 30 8
4 31 ->
5 32 14
5 33 DTM2
5 34 1
5 35 7
5 36 BFF
5 37 BFF
5 38 
5 39 BFF
4 40 ->
5 41 ->
6 42 -1
6 43 
6 44 8
6 45 [3]
$C03279261E5899B5,BFBA6DCC6D1496EA,0
6 46 [3]
$C03279261E5899B5,4019D01D981AB8C2,0
5 47 ->
6 42 -1
6 43 
6 44 8
6 45 [3]
$C03279261E5899B5,4019D01D981AB8C2,0
6 46 [3]
$3FE776AF5031EF1D,4019D01D981AB8C2,0
5 47 ->
6 42 -1
6 43 
6 44 8
6 45 [3]
$3FE776AF5031EF1D,4019D01D981AB8C2,0
6 46 [3]
$3FE776AF5031EF1D,BFBA6DCC6D1496EA,0
5 47 ->
6 42 -1
6 43 
6 44 8
6 45 [3]
$3FE776AF5031EF1D,BFBA6DCC6D1496EA,0
6 46 [3]
$C03279261E5899B5,BFBA6DCC6D1496EA,0
4 48 NULL
4 49 0
2 2 
3 3 9
3 4 10
3 25 ->
4 26 50
4 27 -1
4 28 
4 29 1
4 30 10
4 31 ->
5 32 14
5 33 DTM3
5 34 1
5 35 9
5 36 BFF
5 37 BFF
5 38 
5 39 BFF
4 40 ->
5 41 ->
6 42 -1
6 43 
6 44 10
6 45 [3]
$BFBA6DCC6D1496EA,C00362CA8C5E6747,0
6 46 [3]
$BFBA6DCC6D1496EA,400644123A72E227,0
5 47 ->
6 42 -1
6 43 
6 44 10
6 45 [3]
$BFBA6DCC6D1496EA,400644123A72E227,0
6 46 [3]
$4019D01D981AB8C2,400644123A72E227,0
5 47 ->
6 42 -1
6 43 
6 44 10
6 45 [3]
$4019D01D981AB8C2,400644123A72E227,0
6 46 [3]
$4019D01D981AB8C2,C00362CA8C5E6747,0
5 47 ->
6 42 -1
6 43 
6 44 10
6 45 [3]
$4019D01D981AB8C2,C00362CA8C5E6747,0
6 46 [3]
$BFBA6DCC6D1496EA,C00362CA8C5E6747,0
4 48 NULL
4 49 0
#AllFeatur
@Sld_Features 1 0
0 1 ->
@first_feat_ptr 2 0
1 2 ->
@id 3 1
2 3 2
@indep_attributes 4 1
2 4 4097
@feat_type_ptr 5 0
2 5 ->
@table_id 6 1
3 6 63
@type 7 1
3 7 979
@feattype_key 8 10
3 8 NULL
@form 9 1
3 9 0
@attributes 10 1
3 10 [3]
$3*0
@placement 11 1
3 11 0
@intersection 12 1
3 12 -1
@internal_udf_type 13 1
3 13 -1
@param_choice_ptr 14 0
3 14 ->
@blend_choice 15 1
4 15 0
@depth_choice 16 1
4 16 0
@angle_choice 17 1
4 17 -1
@pat_choice 18 1
4 18 -1
@round_choice 19 1
4 19 -1
@subsec_choice 20 1
4 20 -1
@sweep_choice 21 1
4 21 0
@dome_choice 22 1
4 22 0
@draft_choice 23 1
4 23 0
@misc_choice 24 1
4 24 [2]
$384,0
@assoc_type 25 1
3 25 0
@symbol_key 26 1
2 26 -1
@sect_name 27 10
2 27 no_name
@model_type 28 1
2 28 2
@idtab_ptr 29 0
2 29 ->
@misc_id_tab 30 0
3 30 [1]
4 30 
@misc_hist 31 1
5 31 [5]
$3,534,0,-1,500
@save_geoms 32 0
3 32 NULL
@cr_flags_xar 33 1
3 33 [27]
$2*-1,1074131967,1048576,4*0,2048,3*0,134217728,3*0,2,6*0,-2147483648,3*0
@cvt_feat_dat 34 0
3 34 NULL
@feat_dates_ptr 35 0
3 35 ->
@creat_date 36 1
4 36 0
@regen_date 37 1
4 37 0
@group_info_ptr 38 0
2 38 NULL
@intrs_pairs_ptr 39 0
2 39 ->
@place_rec_ptr 40 0
2 40 ->
@local_sys 41 2
3 41 [4][3]
$3FF,2*0
$0,3FF,0
$2*0,3FF
$3*0
@own_ref_id 42 1
3 42 -1
@orient 43 1
3 43 0
@trf_arr 44 0
3 44 [1]
4 44 
@type 45 1
5 45 10
@idx 46 1
5 46 0
@transf 47 2
5 47 [4][3]
$3FF,2*0
$0,3FF,0
$2*0,3FF
$3*0
@next_prop 48 0
2 48 NULL
@first_geom_id 49 1
2 49 -1
@cond_tbl_idx 50 1
2 50 -1
@comment 51 10
2 51 NULL
@merge_info_ptr 52 0
2 52 NULL
@topology_increment 53 0
2 53 ->
@first_geom 54 1
3 54 0
@first_quilt 55 1
3 55 0
@outline 56 2
3 56 [2][3]
$3*0
$3*0
@max_part_size 57 2
3 57 0
@xform_increment 58 0
3 58 NULL
@roll_back_id 59 1
3 59 -1
@state_ind 60 1
2 60 -1
@alumni_info 61 0
2 61 NULL
@revnum 62 1
2 62 -1
@rev_rec 63 0
2 63 NULL
@expl_state_ref 64 0
2 64 NULL
@feat_outl_info 65 0
2 65 ->
@ent_outl 66 2
3 66 [2][3]
$3*0
$3*0
@next_feat_ptr 67 0
1 67 ->
2 3 5
2 4 4097
2 5 ->
3 6 13
3 7 923
3 8 NULL
3 9 0
3 10 [3]
$3*0
3 11 0
3 12 -1
3 13 -1
3 14 ->
4 15 0
4 16 0
4 17 -1
4 18 970
4 19 -1
4 20 -1
4 21 0
4 22 0
4 23 0
4 24 [2]
$2*0
3 25 0
2 26 -1
2 27 DTM1
2 28 2
2 29 ->
@srf_id_arr 68 1
3 68 [1][4]
$6,3*0
3 32 NULL
3 33 [27]
$2*-1,1074131967,1048576,4*0,2048,3*0,134217728,3*0,2,6*0,-2147483648,3*0
3 34 NULL
3 35 ->
4 36 0
4 37 0
2 38 NULL
2 39 ->
2 40 ->
3 41 [4][3]
$3FF,2*0
$0,3FF,0
$2*0,3FF
$3*0
@place_instruction_ptrs 69 0
3 69 [1]
4 69 ->
@type 70 1
5 70 515
@offset 71 2
5 71 0
@dim_id 72 1
5 72 -1
@ref_id 73 1
5 73 -1
@geometry1_id 74 1
5 74 -1
@geometry2_id 75 1
5 75 6
@memb_num1 76 1
5 76 0
@memb_num2 77 1
5 77 0
@attr 78 1
5 78 0
@plin_info_arr 79 0
5 79 [2]
6 79 ->
@type 80 1
7 80 1
@data(plin_info_ref) 81 0
7 81 ->
@id_type1 82 1
8 82 -4
@id_type2 83 1
8 83 5
@offset2 84 2
8 84 0
6 79 ->
7 80 6
@data(plin_info_ui_step) 85 0
7 85 ->
@step_ids 86 1
8 86 [1]
9 86 -100
3 42 -1
3 43 1
3 44 [1]
4 44 
5 45 11
5 46 0
5 47 [4][3]
$3FF,2*0
$0,3FF,0
$2*0,3FF
$3*0
2 48 NULL
2 49 6
2 50 -1
2 51 NULL
2 52 NULL
@cosm_offs_xar 87 0
2 87 [1]
3 87 
@owner_id 88 1
4 88 6
@offset 89 2
4 89 [3]
$3*0
2 53 ->
3 54 0
3 55 0
3 56 [2][3]
$C0028F5C28F5C29,C0325EB851EB851E,0
$400570A3D70A3D7,3FE428F5C28F5C4,40196R
3 57 0
3 58 NULL
3 59 -1
2 60 -1
2 61 NULL
2 62 -1
2 63 NULL
2 64 NULL
2 65 ->
3 66 [2][3]
$C00362CA8C5E6747,C03279261E5899B5,0
$400644123A72E227,3FE776AF5031EF2,0
1 67 ->
2 3 7
2 4 4097
2 5 ->
3 6 13
3 7 923
3 8 NULL
3 9 0
3 10 [3]
$3*0
3 11 0
3 12 -1
3 13 -1
3 14 ->
4 15 0
4 16 0
4 17 -1
4 18 970
4 19 -1
4 20 -1
4 21 0
4 22 0
4 23 0
4 24 [2]
$2*0
3 25 0
2 26 -1
2 27 DTM2
2 28 2
2 29 ->
3 68 [1][4]
$8,3*0
3 32 NULL
3 33 [27]
$2*-1,1074131967,1048576,4*0,2048,3*0,134217728,3*0,2,6*0,-2147483648,3*0
3 34 NULL
3 35 ->
4 36 0
4 37 0
2 38 NULL
2 39 ->
2 40 ->
3 41 [4][3]
$2*0,3FF
$3FF,2*0
$0,3FF,0
$3*0
3 69 [1]
4 69 ->
5 70 513
5 71 0
5 72 -1
5 73 -1
5 74 -1
5 75 8
5 76 0
5 77 0
5 78 0
5 79 [2]
6 79 ->
7 80 1
7 81 ->
8 82 -4
8 83 5
8 84 0
6 79 ->
7 80 6
7 85 ->
8 86 [1]
9 86 -100
3 42 -1
3 43 1
3 44 [1]
4 44 
5 45 11
5 46 0
5 47 [4][3]
$2*0,3FF
$3FF,2*0
$0,3FF,0
$3*0
2 48 NULL
2 49 8
2 50 -1
2 51 NULL
2 52 NULL
2 87 [1]
3 87 
4 88 8
4 89 [3]
$3*0
2 53 ->
3 54 0
3 55 0
3 56 [2][3]
$C0028F5C28F5C29,C0325EB851EB851E,0
$400570A3D70A3D7,3FE428F5C28F5C4,40196R
3 57 0
3 58 NULL
3 59 -1
2 60 -1
2 61 NULL
2 62 -1
2 63 NULL
2 64 NULL
2 65 ->
3 66 [2][3]
$0,C03279261E5899B5,BFBA6DCC6D1496EA
$0,3FE776AF5031EF2,4019D01D981AB8C2
1 67 ->
2 3 9
2 4 4097
2 5 ->
3 6 13
3 7 923
3 8 NULL
3 9 0
3 10 [3]
$3*0
3 11 0
3 12 -1
3 13 -1
3 14 ->
4 15 0
4 16 0
4 17 -1
4 18 970
4 19 -1
4 20 -1
4 21 0
4 22 0
4 23 0
4 24 [2]
$2*0
3 25 0
2 26 -1
2 27 DTM3
2 28 2
2 29 ->
3 68 [1][4]
$10,3*0
3 32 NULL
3 33 [27]
$2*-1,1074131967,1048576,4*0,2048,3*0,134217728,3*0,2,6*0,-2147483648,3*0
3 34 NULL
3 35 ->
4 36 0
4 37 0
2 38 NULL
2 39 ->
2 40 ->
3 41 [4][3]
$0,3FF,0
$2*0,3FF
$3FF,2*0
$3*0
3 69 [1]
4 69 ->
5 70 514
5 71 0
5 72 -1
5 73 -1
5 74 -1
5 75 10
5 76 0
5 77 0
5 78 0
5 79 [2]
6 79 ->
7 80 1
7 81 ->
8 82 -4
8 83 5
8 84 0
6 79 ->
7 80 6
7 85 ->
8 86 [1]
9 86 -100
3 42 -1
3 43 1
3 44 [1]
4 44 
5 45 11
5 46 0
5 47 [4][3]
$0,3FF,0
$2*0,3FF
$3FF,2*0
$3*0
2 48 NULL
2 49 10
2 50 -1
2 51 NULL
2 52 NULL
2 87 [1]
3 87 
4 88 10
4 89 [3]
$3*0
2 53 ->
3 54 0
3 55 0
3 56 [2][3]
$C0028F5C28F5C29,C0325EB851EB851E,0
$400570A3D70A3D7,3FE428F5C28F5C4,40196R
3 57 0
3 58 NULL
3 59 -1
2 60 -1
2 61 NULL
2 62 -1
2 63 NULL
2 64 NULL
2 65 ->
3 66 [2][3]
$C00362CA8C5E6747,0,BFBA6DCC6D1496EA
$400644123A72E227,0,4019D01D981AB8C2
1 67 ->
2 3 11
2 4 4097
2 5 ->
3 6 13
3 7 923
3 8 NULL
3 9 0
3 10 [3]
$3,2*0
3 11 0
3 12 -1
3 13 -1
3 14 ->
4 15 0
4 16 0
4 17 -1
4 18 970
4 19 -1
4 20 -1
4 21 0
4 22 0
4 23 0
4 24 [2]
$2*0
3 25 0
2 26 -1
2 27 no_name
2 28 2
2 29 ->
3 68 [1][4]
$12,3*0
3 32 NULL
3 33 [27]
$2*-1,1074131967,1048576,4*0,2048,3*0,134217728,3*0,2,6*0,-2147483648,3*0
3 34 NULL
3 35 ->
4 36 0
4 37 0
2 38 NULL
2 39 ->
2 40 ->
3 41 [4][3]
$3FF,2*0
$0,3FF,0
$2*0,3FF
$3*0
3 69 [2]
4 69 ->
5 70 509
5 71 3FF
5 72 -1
5 73 -1
5 74 6
5 75 12
5 76 0
5 77 0
5 78 32770
5 79 [2]
6 79 ->
7 80 1
7 81 ->
8 82 -4
8 83 5
8 84 0
6 79 ->
7 80 6
7 85 ->
8 86 [1]
9 86 -100
4 69 ->
5 70 510
5 71 3FF
5 72 -1
5 73 -1
5 74 10
5 75 12
5 76 0
5 77 0
5 78 32770
5 79 [2]
6 79 ->
7 80 1
7 81 ->
8 82 -4
8 83 5
8 84 0
6 79 ->
7 80 6
7 85 ->
8 86 [1]
9 86 -100
3 42 -1
3 43 1
3 44 [1]
4 44 
5 45 11
5 46 0
5 47 [4][3]
$3FF,2*0
$0,3FF,0
$2*0,3FF
$3*0
2 48 NULL
2 49 12
2 50 -1
2 51 NULL
2 52 NULL
@parent_table 90 1
2 90 [2]
$5,9
2 53 ->
3 54 0
3 55 0
3 56 [2][3]
$C0028F5C28F5C29,C0325EB851EB851E,0
$400570A3D70A3D7,3FE428F5C28F5C4,40196R
3 57 0
3 58 NULL
3 59 -1
2 60 -1
2 61 NULL
2 62 -1
2 63 NULL
2 64 NULL
2 65 NULL
1 67 ->
2 3 4
2 4 4097
2 5 ->
3 6 7
3 7 917
3 8 NULL
3 9 1
3 10 [3]
$3*0
3 11 0
3 12 990
3 13 -1
3 14 ->
4 15 0
4 16 1
4 17 -1
4 18 970
4 19 -1
4 20 -1
4 21 0
4 22 0
4 23 0
4 24 [2]
$2*0
3 25 0
2 26 -1
2 27 no_name
2 28 2
2 29 ->
3 68 [6][4]
$13,204,2*0
$18,203,2*0
$23,200,2*0
$25,200,1,0
$27,200,2,0
$29,200,3,0
@edg_id_arr 91 1
3 91 [12][6]
$14,221,3*0,13
$15,221,1,2*0,13
$16,221,2,2*0,13
$17,221,3,2*0,13
$19,222,3*0,23
$20,222,1,2*0,25
$21,222,2,2*0,27
$22,222,3,2*0,29
$24,220,3*0,23
$26,220,1,2*0,25
$28,220,2,2*0,27
$30,220,3,2*0,29
@dtm_id_tab 92 0
3 92 [1]
4 92 
@dtm_id 93 1
5 93 12
@dim_id 94 1
5 94 -1
3 32 NULL
3 33 [27]
$2*-1,1074131967,1048576,4*0,2048,3*0,134217728,3*0,2,6*0,-2147483648,3*0
3 34 NULL
3 35 ->
4 36 0
4 37 0
2 38 NULL
2 39 ->
2 40 ->
3 41 [4][3]
$3FF,2*0
$0,3FF,0
$2*0,3FF
$3*0
3 69 [2]
4 69 ->
5 70 35
5 71 0
5 72 -1
5 73 -1
5 74 12
5 75 13
5 76 0
5 77 0
5 78 0
5 79 [2]
6 79 ->
7 80 1
7 81 ->
8 82 -4
8 83 5
8 84 0
6 79 ->
7 80 6
7 85 ->
8 86 [1]
9 86 -100
4 69 ->
5 70 1853
5 71 0
5 72 0
5 73 -1
5 74 -1
5 75 -1
5 76 0
5 77 0
5 78 0
5 79 [1]
6 79 ->
7 80 6
7 85 ->
8 86 [1]
9 86 -100
3 42 -1
3 43 0
3 44 [2]
4 44 
5 45 12
5 46 0
5 47 [4][3]
$3FF,2*0
$0,3FF,0
$2*0,3FF
$3*0
4 44 
5 45 1
5 46 0
5 47 [4][3]
$3FF,2*0
$0,3FF,0
$2*0,3FF
$3*0
2 48 NULL
2 49 13
@gsec_ptr 95 0
2 95 [1]
3 95 
@type 96 1
4 96 7
@is_ref_gsec 97 1
4 97 0
@name 98 10
4 98 
@gsec2d_ptr 99 0
4 99 ->
@name 100 10
5 100 
@segtab_ptr 101 0
5 101 [4]
6 101 
@type 102 1
7 102 2
@dir 103 1
7 103 [3]
$1,2*0
@pointid 104 1
7 104 [2]
$0,1
@cntrid 105 1
7 105 1
@arcorient 106 1
7 106 0
@verhor 107 1
7 107 1
@radius 108 1
7 108 0
@ext_id 109 1
7 109 0
@gen_info 110 0
7 110 
@ent_spec_data(null_ptr) 111 0
7 111 ->
@known_ent_info 112 0
7 112 
@attr 113 1
8 113 0
@known_ent_id 114 1
8 114 -1
6 101 
7 102 2
7 103 [3]
$0,1,0
7 104 [2]
$1,2
7 105 2
7 106 0
7 107 0
7 108 0
7 109 1
7 110 
7 111 ->
7 112 
8 113 0
8 114 -1
6 101 
7 102 2
7 103 [3]
$-1,2*0
7 104 [2]
$2,3
7 105 3
7 106 0
7 107 1
7 108 0
7 109 2
7 110 
7 111 ->
7 112 
8 113 0
8 114 -1
6 101 
7 102 2
7 103 [3]
$0,-1,0
7 104 [2]
$3,0
7 105 0
7 106 0
7 107 0
7 108 0
7 109 3
7 110 
7 111 ->
7 112 
8 113 0
8 114 -1
@qind 115 1
5 115 -1
@anchor 116 0
5 116 NULL
@totalpointid 117 1
5 117 4
@checkarcs_flag 118 1
5 118 1
@location 119 0
5 119 ->
@id 120 1
6 120 0
@param 121 2
6 121 0
@type 122 1
6 122 0
@nsket_info 123 0
5 123 ->
@var_arr 124 0
6 124 [18]
7 124 
@type 125 5
8 125 5
@key 126 5
8 126 0
@value 127 2
8 127 0
@guess 128 2
8 128 0
@known 129 7
8 129 0
@homogeneity 130 7
8 130 0
@uvar_id 131 5
8 131 0
7 124 
8 125 5
8 126 1
8 127 0
8 128 3FF
8 129 0
8 130 0
8 131 0
7 124 
8 125 5
8 126 2
8 127 0
8 128 4
8 129 0
8 130 0
8 131 0
7 124 
8 125 5
8 126 3
8 127 0
8 128 3FE
8 129 0
8 130 0
8 131 0
7 124 
8 125 5
8 126 4
8 127 0
8 128 BFF
8 129 0
8 130 0
8 131 0
7 124 
8 125 5
8 126 5
8 127 0
8 128 C
8 129 0
8 130 0
8 131 0
7 124 
8 125 5
8 126 6
8 127 0
8 128 BFE
8 129 0
8 130 0
8 131 0
7 124 
8 125 5
8 126 7
8 127 0
8 128 400921FB54442D18
8 129 0
8 130 0
8 131 0
7 124 
8 125 5
8 126 8
8 127 0
8 128 3FF921FB54442D18
8 129 0
8 130 0
8 131 0
7 124 
8 125 5
8 126 9
8 127 0
8 128 BFF921FB54442D18
8 129 0
8 130 0
8 131 0
7 124 
8 125 1
8 126 0
8 127 0
8 128 C0028F5C28F5C29
8 129 0
8 130 1
8 131 0
7 124 
8 125 2
8 126 0
8 127 0
8 128 C0325EB851EB851E
8 129 0
8 130 1
8 131 0
7 124 
8 125 1
8 126 1
8 127 0
8 128 400570A3D70A3D7
8 129 0
8 130 1
8 131 0
7 124 
8 125 2
8 126 1
8 127 0
8 128 C0325EB851EB851E
8 129 0
8 130 1
8 131 0
7 124 
8 125 1
8 126 2
8 127 0
8 128 400570A3D70A3D7
8 129 0
8 130 1
8 131 0
7 124 
8 125 2
8 126 2
8 127 0
8 128 3FE428F5C28F5C4
8 129 0
8 130 1
8 131 0
7 124 
8 125 1
8 126 3
8 127 0
8 128 C0028F5C28F5C29
8 129 0
8 130 1
8 131 0
7 124 
8 125 2
8 126 3
8 127 0
8 128 3FE428F5C28F5C4
8 129 0
8 130 1
8 131 0
@scale 132 2
6 132 0
@scales 133 2
6 133 [2]
$2*0
@guesses 134 2
6 134 [36]
$0,3FF,4,3FE,BFF,C,BFE,400921FB54442D18,3FF921FB54442D18,BFF921FB54442D18,
$C0028F5C28F5C29,C0325EB851EB851E,400570A3D70A3D7,C0325EB851EB851E,
$400570A3D70A3D7,3FE428F5C28F5C4,C0028F5C28F5C29,3FE428F5C28F5C4,18*0
@m 135 1
6 135 0
@last_was_permanent 136 1
6 136 0
@unsolved_ptr 137 0
5 137 ->
@iges_file 138 10
6 138 NULL
@save_first_db_ptr(line) 139 0
6 139 ->
@id 140 1
7 140 0
@gen_info 141 0
7 141 
@end1 142 2
7 142 [3]
$C0028F5C28F5C29,C0325EB851EB851E,0
@end2 143 2
7 143 [3]
$400570A3D70A3D7,C0325EB851EB851E,0
@entity(line) 144 0
6 144 ->
7 140 1
7 141 
7 142 [3]
$400570A3D70A3D7,C0325EB851EB851E,0
7 143 [3]
$400570A3D70A3D7,3FE428F5C28F5C4,0
6 144 ->
7 140 2
7 141 
7 142 [3]
$400570A3D70A3D7,3FE428F5C28F5C4,0
7 143 [3]
$C0028F5C28F5C29,3FE428F5C28F5C4,0
6 144 ->
7 140 3
7 141 
7 142 [3]
$C0028F5C28F5C29,3FE428F5C28F5C4,0
7 143 [3]
$C0028F5C28F5C29,C0325EB851EB851E,0
@solve_version 145 1
5 145 -1
@segdscr_tab 146 0
5 146 [4]
6 146 
@ent_mode 147 1
7 147 0
@segm_ent_ptr(ent_ptr) 148 0
7 148 ->
6 146 
7 147 0
7 148 ->
6 146 
7 147 0
7 148 ->
6 146 
7 147 0
7 148 ->
@gsec3d_ptr 149 0
4 149 ->
@type 150 1
5 150 7
@name 151 10
5 151 
@flip 152 1
5 152 1
@own_ref_id 153 1
5 153 -1
@first_chain_ptr 154 0
5 154 NULL
@quilt_id 155 1
5 155 -1
@plane_id 156 1
5 156 12
@plane_flip 157 1
5 157 -1
@order_ptr 158 0
4 158 [4]
5 158 
@id 159 1
6 159 0
@flip 160 1
6 160 2
5 158 
6 159 1
6 160 0
5 158 
6 159 2
6 160 0
5 158 
6 159 3
6 160 4
@attributes 161 1
4 161 256
@xsec_id 162 1
4 162 -1
@gsec_info_arr 163 0
4 163 [1]
5 163 
@application_type 164 1
6 164 2
@application_id 165 1
6 165 -100
@secsolve_revnum 166 1
4 166 0
@rel_accuracy 167 2
4 167 BFF
@cr_flags 168 1
4 168 -1
@p_saved_result 169 0
4 169 NULL
2 50 -1
2 51 NULL
2 52 NULL
2 90 [1]
3 90 11
2 53 ->
3 54 0
3 55 0
3 56 [2][3]
$C0028F5C28F5C29,C0325EB851EB851E,0
$400570A3D70A3D7,3FE428F5C28F5C4,40196R
3 57 0
3 58 NULL
3 59 -1
2 60 -1
2 61 NULL
2 62 -1
2 63 NULL
2 64 NULL
2 65 ->
3 66 [2][3]
$C0028F5C28F5C29,C0325EB851EB851E,0
$400570A3D70A3D7,3FE428F5C28F5C4,40196R
1 67 NULL
@layer_list 170 0
1 170 [6]
2 170 
@feat_id 171 1
3 171 2
@layer_id 172 1
3 172 0
@back_layer_id 173 1
3 173 0
2 170 
3 171 5
3 172 0
3 173 0
2 170 
3 171 7
3 172 0
3 173 0
2 170 
3 171 9
3 172 0
3 173 0
2 170 
3 171 11
3 172 0
3 173 0
2 170 
3 171 4
3 172 0
3 173 0
#FullMData
@Sld_FullData 1 0
0 1 ->
@first_member_ptr 2 0
1 2 NULL
@alumni_members 3 0
1 3 NULL
@first_xsec_ptr 4 0
1 4 NULL
@lang_ptr 5 0
1 5 ->
@interact_on 6 1
2 6 -1
@first_csys_ptr 7 0
1 7 NULL
@dim_array 8 0
1 8 [1]
2 8 ->
@type 9 1
3 9 8
@dim_type 10 1
3 10 9
@feat_id 11 1
3 11 4
@attributes 12 1
3 12 385
@dim_dat_ptr 13 0
3 13 ->
@value 14 2
4 14 40196R
@bck_value 15 2
4 15 40196R
@tol_ptr 16 0
4 16 ->
@type 17 1
5 17 9
@tol_type 18 1
5 18 3
@dual_digits_diff 19 1
5 19 999
@value 20 2
5 20 [2]
$2*3F847AE147AE147B
@nominal_value 21 2
4 21 40196R
@bound 22 1
4 22 20
@bck_bound 23 1
4 23 -1
@bck_tol_ptr 24 0
4 24 ->
@value 25 2
5 25 [2]
$2*3F847AE147AE147B
@datum_def_id 26 1
4 26 -1
@places_denom 27 1
4 27 2
@bck_places_denom 28 1
4 28 2
@dim_data_attrib 29 1
4 29 0
@dim_cosm_ptr 30 0
3 30 ->
@d0 31 2
4 31 0
@d1 32 2
4 32 0
@d2 33 2
4 33 0
@d3 34 2
4 34 0
@ord_info 35 0
4 35 NULL
@attach_ptr 36 0
3 36 NULL
@dim_text_ptr 37 0
3 37 ->
@symbol 38 10
4 38 d0
@line_array 39 0
4 39 [1]
5 39 
@text_array 40 0
6 40 [1]
7 40 
@text_type 41 1
8 41 61
@text_value 42 10
8 42 
@txt_attrib 43 1
8 43 16777217
@owner_id 44 1
8 44 0
@height 45 2
8 45 BFF
@width_factor 46 2
8 46 BFF
@format_info 47 0
8 47 
@thickness 48 2
8 48 BFF
@parent_dim_id 49 1
3 49 -1
@ipar_num 50 1
1 50 0
@smt_info_ptr 51 0
1 51 NULL
@cable_info_ptr 52 0
1 52 NULL
@comp_info_ptr 53 0
1 53 NULL
@prt_misc_ptr 54 0
1 54 NULL
@expld_mv_info 55 0
1 55 ->
@act_expl_state 56 1
2 56 -1
@default_state 57 0
2 57 ->
@id 58 1
3 58 -1
@type 59 1
3 59 500
@state_type 60 1
3 60 0
@cur_stage_ind 61 1
3 61 -1
@stage_info 62 0
3 62 [1]
4 62 
@unexpl_subass_info 63 0
3 63 ->
@expld_comp_ref 64 0
3 64 ->
@comp_id 65 1
4 65 -1
@gen_info 66 0
3 66 
@font 67 1
4 67 5
@color 68 1
4 68 10
@state_info_ptr 69 0
1 69 NULL
@alumni_feats 70 0
1 70 NULL
@p_mdl_grid 71 0
1 71 NULL
@mdl_status_ptr 72 0
1 72 ->
@layer_list 73 0
2 73 [6]
3 73 
@feat_id 74 1
4 74 2
@layer_id 75 1
4 75 0
@back_layer_id 76 1
4 76 0
3 73 
4 74 5
4 75 0
4 76 0
3 73 
4 74 7
4 75 0
4 76 0
3 73 
4 74 9
4 75 0
4 76 0
3 73 
4 74 11
4 75 0
4 76 0
3 73 
4 74 4
4 75 0
4 76 0
@rev_arr_sizes 77 0
2 77 [7]
3 77 
@rev 78 0
4 78 
@major_rev 79 1
5 79 1
@minor_rev 80 1
5 80 0
@array_sizes 81 0
4 81 [11]
5 81 
@ids_types 82 0
6 82 [10]
7 82 
@id 83 1
8 83 -1
@db_type 84 1
8 84 8
7 82 
8 83 -1
8 84 -1
7 82 
8 83 -1
8 84 -1
7 82 
8 83 -1
8 84 -1
7 82 
8 83 -1
8 84 -1
7 82 
8 83 -1
8 84 -1
7 82 
8 83 -1
8 84 -1
7 82 
8 83 -1
8 84 -1
7 82 
8 83 -1
8 84 -1
7 82 
8 83 -1
8 84 -1
@size 85 1
6 85 1
5 81 
6 82 [10]
7 82 
8 83 -1
8 84 69
7 82 
8 83 -1
8 84 -1
7 82 
8 83 -1
8 84 -1
7 82 
8 83 -1
8 84 -1
7 82 
8 83 -1
8 84 -1
7 82 
8 83 -1
8 84 -1
7 82 
8 83 -1
8 84 -1
7 82 
8 83 -1
8 84 -1
7 82 
8 83 -1
8 84 -1
7 82 
8 83 -1
8 84 -1
6 85 0
5 81 
6 82 [10]
7 82 
8 83 -1
8 84 28
7 82 
8 83 -1
8 84 -1
7 82 
8 83 -1
8 84 -1
7 82 
8 83 -1
8 84 -1
7 82 
8 83 -1
8 84 -1
7 82 
8 83 -1
8 84 -1
7 82 
8 83 -1
8 84 -1
7 82 
8 83 -1
8 84 -1
7 82 
8 83 -1
8 84 -1
7 82 
8 83 -1
8 84 -1
6 85 0
5 81 
6 82 [10]
7 82 
8 83 -1
8 84 32
7 82 
8 83 -1
8 84 -1
7 82 
8 83 -1
8 84 -1
7 82 
8 83 -1
8 84 -1
7 82 
8 83 -1
8 84 -1
7 82 
8 83 -1
8 84 -1
7 82 
8 83 -1
8 84 -1
7 82 
8 83 -1
8 84 -1
7 82 
8 83 -1
8 84 -1
7 82 
8 83 -1
8 84 -1
6 85 0
5 81 
6 82 [10]
7 82 
8 83 -1
8 84 42
7 82 
8 83 -1
8 84 -1
7 82 
8 83 -1
8 84 -1
7 82 
8 83 -1
8 84 -1
7 82 
8 83 -1
8 84 -1
7 82 
8 83 -1
8 84 -1
7 82 
8 83 -1
8 84 -1
7 82 
8 83 -1
8 84 -1
7 82 
8 83 -1
8 84 -1
7 82 
8 83 -1
8 84 -1
6 85 0
5 81 
6 82 [10]
7 82 
8 83 -1
8 84 39
7 82 
8 83 -1
8 84 -1
7 82 
8 83 -1
8 84 -1
7 82 
8 83 -1
8 84 -1
7 82 
8 83 -1
8 84 -1
7 82 
8 83 -1
8 84 -1
7 82 
8 83 -1
8 84 -1
7 82 
8 83 -1
8 84 -1
7 82 
8 83 -1
8 84 -1
7 82 
8 83 -1
8 84 -1
6 85 0
5 81 
6 82 [10]
7 82 
8 83 -1
8 84 68
7 82 
8 83 -1
8 84 -1
7 82 
8 83 -1
8 84 -1
7 82 
8 83 -1
8 84 -1
7 82 
8 83 -1
8 84 -1
7 82 
8 83 -1
8 84 -1
7 82 
8 83 -1
8 84 -1
7 82 
8 83 -1
8 84 -1
7 82 
8 83 -1
8 84 -1
7 82 
8 83 -1
8 84 -1
6 85 0
5 81 
6 82 [10]
7 82 
8 83 -1
8 84 200
7 82 
8 83 -1
8 84 -1
7 82 
8 83 -1
8 84 -1
7 82 
8 83 -1
8 84 -1
7 82 
8 83 -1
8 84 -1
7 82 
8 83 -1
8 84 -1
7 82 
8 83 -1
8 84 -1
7 82 
8 83 -1
8 84 -1
7 82 
8 83 -1
8 84 -1
7 82 
8 83 -1
8 84 -1
6 85 32
5 81 
6 82 [10]
7 82 
8 83 -1
8 84 320
7 82 
8 83 -1
8 84 -1
7 82 
8 83 -1
8 84 -1
7 82 
8 83 -1
8 84 -1
7 82 
8 83 -1
8 84 -1
7 82 
8 83 -1
8 84 -1
7 82 
8 83 -1
8 84 -1
7 82 
8 83 -1
8 84 -1
7 82 
8 83 -1
8 84 -1
7 82 
8 83 -1
8 84 -1
6 85 0
5 81 
6 82 [10]
7 82 
8 83 -1
8 84 321
7 82 
8 83 -1
8 84 -1
7 82 
8 83 -1
8 84 -1
7 82 
8 83 -1
8 84 -1
7 82 
8 83 -1
8 84 -1
7 82 
8 83 -1
8 84 -1
7 82 
8 83 -1
8 84 -1
7 82 
8 83 -1
8 84 -1
7 82 
8 83 -1
8 84 -1
7 82 
8 83 -1
8 84 -1
6 85 0
5 81 
6 82 [10]
7 82 
8 83 0
8 84 35
7 82 
8 83 1
8 84 93832816
7 82 
8 83 93963252
8 84 4
7 82 
8 83 52338688
8 84 0
7 82 
8 83 224
8 84 93963448
7 82 
8 83 -268506688
8 84 -290922668
7 82 
8 83 94684912
8 84 -1
7 82 
8 83 68
8 84 0
7 82 
8 83 0
8 84 93994240
7 82 
8 83 -268505256
8 84 13844224
6 85 1
3 77 
4 78 
5 79 1
5 80 1
4 81 [11]
5 81 
6 82 [10]
7 82 
8 83 -1
8 84 8
7 82 
8 83 -1
8 84 -1
7 82 
8 83 -1
8 84 -1
7 82 
8 83 -1
8 84 -1
7 82 
8 83 -1
8 84 -1
7 82 
8 83 -1
8 84 -1
7 82 
8 83 -1
8 84 -1
7 82 
8 83 -1
8 84 -1
7 82 
8 83 -1
8 84 -1
7 82 
8 83 -1
8 84 -1
6 85 1
5 81 
6 82 [10]
7 82 
8 83 -1
8 84 69
7 82 
8 83 -1
8 84 -1
7 82 
8 83 -1
8 84 -1
7 82 
8 83 -1
8 84 -1
7 82 
8 83 -1
8 84 -1
7 82 
8 83 -1
8 84 -1
7 82 
8 83 -1
8 84 -1
7 82 
8 83 -1
8 84 -1
7 82 
8 83 -1
8 84 -1
7 82 
8 83 -1
8 84 -1
6 85 0
5 81 
6 82 [10]
7 82 
8 83 -1
8 84 28
7 82 
8 83 -1
8 84 -1
7 82 
8 83 -1
8 84 -1
7 82 
8 83 -1
8 84 -1
7 82 
8 83 -1
8 84 -1
7 82 
8 83 -1
8 84 -1
7 82 
8 83 -1
8 84 -1
7 82 
8 83 -1
8 84 -1
7 82 
8 83 -1
8 84 -1
7 82 
8 83 -1
8 84 -1
6 85 0
5 81 
6 82 [10]
7 82 
8 83 -1
8 84 32
7 82 
8 83 -1
8 84 -1
7 82 
8 83 -1
8 84 -1
7 82 
8 83 -1
8 84 -1
7 82 
8 83 -1
8 84 -1
7 82 
8 83 -1
8 84 -1
7 82 
8 83 -1
8 84 -1
7 82 
8 83 -1
8 84 -1
7 82 
8 83 -1
8 84 -1
7 82 
8 83 -1
8 84 -1
6 85 0
5 81 
6 82 [10]
7 82 
8 83 -1
8 84 42
7 82 
8 83 -1
8 84 -1
7 82 
8 83 -1
8 84 -1
7 82 
8 83 -1
8 84 -1
7 82 
8 83 -1
8 84 -1
7 82 
8 83 -1
8 84 -1
7 82 
8 83 -1
8 84 -1
7 82 
8 83 -1
8 84 -1
7 82 
8 83 -1
8 84 -1
7 82 
8 83 -1
8 84 -1
6 85 0
5 81 
6 82 [10]
7 82 
8 83 -1
8 84 39
7 82 
8 83 -1
8 84 -1
7 82 
8 83 -1
8 84 -1
7 82 
8 83 -1
8 84 -1
7 82 
8 83 -1
8 84 -1
7 82 
8 83 -1
8 84 -1
7 82 
8 83 -1
8 84 -1
7 82 
8 83 -1
8 84 -1
7 82 
8 83 -1
8 84 -1
7 82 
8 83 -1
8 84 -1
6 85 0
5 81 
6 82 [10]
7 82 
8 83 -1
8 84 68
7 82 
8 83 -1
8 84 -1
7 82 
8 83 -1
8 84 -1
7 82 
8 83 -1
8 84 -1
7 82 
8 83 -1
8 84 -1
7 82 
8 83 -1
8 84 -1
7 82 
8 83 -1
8 84 -1
7 82 
8 83 -1
8 84 -1
7 82 
8 83 -1
8 84 -1
7 82 
8 83 -1
8 84 -1
6 85 0
5 81 
6 82 [10]
7 82 
8 83 -1
8 84 200
7 82 
8 83 -1
8 84 -1
7 82 
8 83 -1
8 84 -1
7 82 
8 83 -1
8 84 -1
7 82 
8 83 -1
8 84 -1
7 82 
8 83 -1
8 84 -1
7 82 
8 83 -1
8 84 -1
7 82 
8 83 -1
8 84 -1
7 82 
8 83 -1
8 84 -1
7 82 
8 83 -1
8 84 -1
6 85 32
5 81 
6 82 [10]
7 82 
8 83 -1
8 84 320
7 82 
8 83 -1
8 84 -1
7 82 
8 83 -1
8 84 -1
7 82 
8 83 -1
8 84 -1
7 82 
8 83 -1
8 84 -1
7 82 
8 83 -1
8 84 -1
7 82 
8 83 -1
8 84 -1
7 82 
8 83 -1
8 84 -1
7 82 
8 83 -1
8 84 -1
7 82 
8 83 -1
8 84 -1
6 85 0
5 81 
6 82 [10]
7 82 
8 83 -1
8 84 321
7 82 
8 83 -1
8 84 -1
7 82 
8 83 -1
8 84 -1
7 82 
8 83 -1
8 84 -1
7 82 
8 83 -1
8 84 -1
7 82 
8 83 -1
8 84 -1
7 82 
8 83 -1
8 84 -1
7 82 
8 83 -1
8 84 -1
7 82 
8 83 -1
8 84 -1
7 82 
8 83 -1
8 84 -1
6 85 0
5 81 
6 82 [10]
7 82 
8 83 0
8 84 35
7 82 
8 83 0
8 84 77031472
7 82 
8 83 0
8 84 17
7 82 
8 83 53855232
8 84 4
7 82 
8 83 -268511096
8 84 1
7 82 
8 83 -268511408
8 84 -290922668
7 82 
8 83 82653112
8 84 -1
7 82 
8 83 320
8 84 0
7 82 
8 83 0
8 84 76952336
7 82 
8 83 -268509976
8 84 14207604
6 85 1
3 77 
4 78 
5 79 1
5 80 1
4 81 [11]
5 81 
6 82 [10]
7 82 
8 83 -1
8 84 8
7 82 
8 83 -1
8 84 -1
7 82 
8 83 -1
8 84 -1
7 82 
8 83 -1
8 84 -1
7 82 
8 83 -1
8 84 -1
7 82 
8 83 -1
8 84 -1
7 82 
8 83 -1
8 84 -1
7 82 
8 83 -1
8 84 -1
7 82 
8 83 -1
8 84 -1
7 82 
8 83 -1
8 84 -1
6 85 1
5 81 
6 82 [10]
7 82 
8 83 -1
8 84 69
7 82 
8 83 -1
8 84 -1
7 82 
8 83 -1
8 84 -1
7 82 
8 83 -1
8 84 -1
7 82 
8 83 -1
8 84 -1
7 82 
8 83 -1
8 84 -1
7 82 
8 83 -1
8 84 -1
7 82 
8 83 -1
8 84 -1
7 82 
8 83 -1
8 84 -1
7 82 
8 83 -1
8 84 -1
6 85 0
5 81 
6 82 [10]
7 82 
8 83 -1
8 84 28
7 82 
8 83 -1
8 84 -1
7 82 
8 83 -1
8 84 -1
7 82 
8 83 -1
8 84 -1
7 82 
8 83 -1
8 84 -1
7 82 
8 83 -1
8 84 -1
7 82 
8 83 -1
8 84 -1
7 82 
8 83 -1
8 84 -1
7 82 
8 83 -1
8 84 -1
7 82 
8 83 -1
8 84 -1
6 85 0
5 81 
6 82 [10]
7 82 
8 83 -1
8 84 32
7 82 
8 83 -1
8 84 -1
7 82 
8 83 -1
8 84 -1
7 82 
8 83 -1
8 84 -1
7 82 
8 83 -1
8 84 -1
7 82 
8 83 -1
8 84 -1
7 82 
8 83 -1
8 84 -1
7 82 
8 83 -1
8 84 -1
7 82 
8 83 -1
8 84 -1
7 82 
8 83 -1
8 84 -1
6 85 0
5 81 
6 82 [10]
7 82 
8 83 -1
8 84 42
7 82 
8 83 -1
8 84 -1
7 82 
8 83 -1
8 84 -1
7 82 
8 83 -1
8 84 -1
7 82 
8 83 -1
8 84 -1
7 82 
8 83 -1
8 84 -1
7 82 
8 83 -1
8 84 -1
7 82 
8 83 -1
8 84 -1
7 82 
8 83 -1
8 84 -1
7 82 
8 83 -1
8 84 -1
6 85 0
5 81 
6 82 [10]
7 82 
8 83 -1
8 84 39
7 82 
8 83 -1
8 84 -1
7 82 
8 83 -1
8 84 -1
7 82 
8 83 -1
8 84 -1
7 82 
8 83 -1
8 84 -1
7 82 
8 83 -1
8 84 -1
7 82 
8 83 -1
8 84 -1
7 82 
8 83 -1
8 84 -1
7 82 
8 83 -1
8 84 -1
7 82 
8 83 -1
8 84 -1
6 85 0
5 81 
6 82 [10]
7 82 
8 83 -1
8 84 68
7 82 
8 83 -1
8 84 -1
7 82 
8 83 -1
8 84 -1
7 82 
8 83 -1
8 84 -1
7 82 
8 83 -1
8 84 -1
7 82 
8 83 -1
8 84 -1
7 82 
8 83 -1
8 84 -1
7 82 
8 83 -1
8 84 -1
7 82 
8 83 -1
8 84 -1
7 82 
8 83 -1
8 84 -1
6 85 0
5 81 
6 82 [10]
7 82 
8 83 -1
8 84 200
7 82 
8 83 -1
8 84 -1
7 82 
8 83 -1
8 84 -1
7 82 
8 83 -1
8 84 -1
7 82 
8 83 -1
8 84 -1
7 82 
8 83 -1
8 84 -1
7 82 
8 83 -1
8 84 -1
7 82 
8 83 -1
8 84 -1
7 82 
8 83 -1
8 84 -1
7 82 
8 83 -1
8 84 -1
6 85 32
5 81 
6 82 [10]
7 82 
8 83 -1
8 84 320
7 82 
8 83 -1
8 84 -1
7 82 
8 83 -1
8 84 -1
7 82 
8 83 -1
8 84 -1
7 82 
8 83 -1
8 84 -1
7 82 
8 83 -1
8 84 -1
7 82 
8 83 -1
8 84 -1
7 82 
8 83 -1
8 84 -1
7 82 
8 83 -1
8 84 -1
7 82 
8 83 -1
8 84 -1
6 85 0
5 81 
6 82 [10]
7 82 
8 83 -1
8 84 321
7 82 
8 83 -1
8 84 -1
7 82 
8 83 -1
8 84 -1
7 82 
8 83 -1
8 84 -1
7 82 
8 83 -1
8 84 -1
7 82 
8 83 -1
8 84 -1
7 82 
8 83 -1
8 84 -1
7 82 
8 83 -1
8 84 -1
7 82 
8 83 -1
8 84 -1
7 82 
8 83 -1
8 84 -1
6 85 0
5 81 
6 82 [10]
7 82 
8 83 0
8 84 35
7 82 
8 83 1
8 84 93741640
7 82 
8 83 0
8 84 17
7 82 
8 83 0
8 84 4
7 82 
8 83 -268510792
8 84 1
7 82 
8 83 -268511104
8 84 -290922668
7 82 
8 83 94021272
8 84 -1
7 82 
8 83 320
8 84 0
7 82 
8 83 0
8 84 93669816
7 82 
8 83 -268509672
8 84 14207604
6 85 1
3 77 
4 78 
5 79 1
5 80 1
4 81 [11]
5 81 
6 82 [10]
7 82 
8 83 -1
8 84 8
7 82 
8 83 -1
8 84 -1
7 82 
8 83 -1
8 84 -1
7 82 
8 83 -1
8 84 -1
7 82 
8 83 -1
8 84 -1
7 82 
8 83 -1
8 84 -1
7 82 
8 83 -1
8 84 -1
7 82 
8 83 -1
8 84 -1
7 82 
8 83 -1
8 84 -1
7 82 
8 83 -1
8 84 -1
6 85 1
5 81 
6 82 [10]
7 82 
8 83 -1
8 84 69
7 82 
8 83 -1
8 84 -1
7 82 
8 83 -1
8 84 -1
7 82 
8 83 -1
8 84 -1
7 82 
8 83 -1
8 84 -1
7 82 
8 83 -1
8 84 -1
7 82 
8 83 -1
8 84 -1
7 82 
8 83 -1
8 84 -1
7 82 
8 83 -1
8 84 -1
7 82 
8 83 -1
8 84 -1
6 85 0
5 81 
6 82 [10]
7 82 
8 83 -1
8 84 28
7 82 
8 83 -1
8 84 -1
7 82 
8 83 -1
8 84 -1
7 82 
8 83 -1
8 84 -1
7 82 
8 83 -1
8 84 -1
7 82 
8 83 -1
8 84 -1
7 82 
8 83 -1
8 84 -1
7 82 
8 83 -1
8 84 -1
7 82 
8 83 -1
8 84 -1
7 82 
8 83 -1
8 84 -1
6 85 0
5 81 
6 82 [10]
7 82 
8 83 -1
8 84 32
7 82 
8 83 -1
8 84 -1
7 82 
8 83 -1
8 84 -1
7 82 
8 83 -1
8 84 -1
7 82 
8 83 -1
8 84 -1
7 82 
8 83 -1
8 84 -1
7 82 
8 83 -1
8 84 -1
7 82 
8 83 -1
8 84 -1
7 82 
8 83 -1
8 84 -1
7 82 
8 83 -1
8 84 -1
6 85 0
5 81 
6 82 [10]
7 82 
8 83 -1
8 84 42
7 82 
8 83 -1
8 84 -1
7 82 
8 83 -1
8 84 -1
7 82 
8 83 -1
8 84 -1
7 82 
8 83 -1
8 84 -1
7 82 
8 83 -1
8 84 -1
7 82 
8 83 -1
8 84 -1
7 82 
8 83 -1
8 84 -1
7 82 
8 83 -1
8 84 -1
7 82 
8 83 -1
8 84 -1
6 85 0
5 81 
6 82 [10]
7 82 
8 83 -1
8 84 39
7 82 
8 83 -1
8 84 -1
7 82 
8 83 -1
8 84 -1
7 82 
8 83 -1
8 84 -1
7 82 
8 83 -1
8 84 -1
7 82 
8 83 -1
8 84 -1
7 82 
8 83 -1
8 84 -1
7 82 
8 83 -1
8 84 -1
7 82 
8 83 -1
8 84 -1
7 82 
8 83 -1
8 84 -1
6 85 0
5 81 
6 82 [10]
7 82 
8 83 -1
8 84 68
7 82 
8 83 -1
8 84 -1
7 82 
8 83 -1
8 84 -1
7 82 
8 83 -1
8 84 -1
7 82 
8 83 -1
8 84 -1
7 82 
8 83 -1
8 84 -1
7 82 
8 83 -1
8 84 -1
7 82 
8 83 -1
8 84 -1
7 82 
8 83 -1
8 84 -1
7 82 
8 83 -1
8 84 -1
6 85 0
5 81 
6 82 [10]
7 82 
8 83 -1
8 84 200
7 82 
8 83 -1
8 84 -1
7 82 
8 83 -1
8 84 -1
7 82 
8 83 -1
8 84 -1
7 82 
8 83 -1
8 84 -1
7 82 
8 83 -1
8 84 -1
7 82 
8 83 -1
8 84 -1
7 82 
8 83 -1
8 84 -1
7 82 
8 83 -1
8 84 -1
7 82 
8 83 -1
8 84 -1
6 85 32
5 81 
6 82 [10]
7 82 
8 83 -1
8 84 320
7 82 
8 83 -1
8 84 -1
7 82 
8 83 -1
8 84 -1
7 82 
8 83 -1
8 84 -1
7 82 
8 83 -1
8 84 -1
7 82 
8 83 -1
8 84 -1
7 82 
8 83 -1
8 84 -1
7 82 
8 83 -1
8 84 -1
7 82 
8 83 -1
8 84 -1
7 82 
8 83 -1
8 84 -1
6 85 0
5 81 
6 82 [10]
7 82 
8 83 -1
8 84 321
7 82 
8 83 -1
8 84 -1
7 82 
8 83 -1
8 84 -1
7 82 
8 83 -1
8 84 -1
7 82 
8 83 -1
8 84 -1
7 82 
8 83 -1
8 84 -1
7 82 
8 83 -1
8 84 -1
7 82 
8 83 -1
8 84 -1
7 82 
8 83 -1
8 84 -1
7 82 
8 83 -1
8 84 -1
6 85 0
5 81 
6 82 [10]
7 82 
8 83 0
8 84 35
7 82 
8 83 1
8 84 87559576
7 82 
8 83 0
8 84 17
7 82 
8 83 53855232
8 84 4
7 82 
8 83 -268510792
8 84 1
7 82 
8 83 -268511104
8 84 -290922668
7 82 
8 83 87419720
8 84 -1
7 82 
8 83 320
8 84 0
7 82 
8 83 0
8 84 87552440
7 82 
8 83 -268509672
8 84 14207604
6 85 1
3 77 
4 78 
5 79 1
5 80 1
4 81 [11]
5 81 
6 82 [10]
7 82 
8 83 -1
8 84 8
7 82 
8 83 -1
8 84 -1
7 82 
8 83 -1
8 84 -1
7 82 
8 83 -1
8 84 -1
7 82 
8 83 -1
8 84 -1
7 82 
8 83 -1
8 84 -1
7 82 
8 83 -1
8 84 -1
7 82 
8 83 -1
8 84 -1
7 82 
8 83 -1
8 84 -1
7 82 
8 83 -1
8 84 -1
6 85 1
5 81 
6 82 [10]
7 82 
8 83 -1
8 84 69
7 82 
8 83 -1
8 84 -1
7 82 
8 83 -1
8 84 -1
7 82 
8 83 -1
8 84 -1
7 82 
8 83 -1
8 84 -1
7 82 
8 83 -1
8 84 -1
7 82 
8 83 -1
8 84 -1
7 82 
8 83 -1
8 84 -1
7 82 
8 83 -1
8 84 -1
7 82 
8 83 -1
8 84 -1
6 85 0
5 81 
6 82 [10]
7 82 
8 83 -1
8 84 28
7 82 
8 83 -1
8 84 -1
7 82 
8 83 -1
8 84 -1
7 82 
8 83 -1
8 84 -1
7 82 
8 83 -1
8 84 -1
7 82 
8 83 -1
8 84 -1
7 82 
8 83 -1
8 84 -1
7 82 
8 83 -1
8 84 -1
7 82 
8 83 -1
8 84 -1
7 82 
8 83 -1
8 84 -1
6 85 0
5 81 
6 82 [10]
7 82 
8 83 -1
8 84 32
7 82 
8 83 -1
8 84 -1
7 82 
8 83 -1
8 84 -1
7 82 
8 83 -1
8 84 -1
7 82 
8 83 -1
8 84 -1
7 82 
8 83 -1
8 84 -1
7 82 
8 83 -1
8 84 -1
7 82 
8 83 -1
8 84 -1
7 82 
8 83 -1
8 84 -1
7 82 
8 83 -1
8 84 -1
6 85 0
5 81 
6 82 [10]
7 82 
8 83 -1
8 84 42
7 82 
8 83 -1
8 84 -1
7 82 
8 83 -1
8 84 -1
7 82 
8 83 -1
8 84 -1
7 82 
8 83 -1
8 84 -1
7 82 
8 83 -1
8 84 -1
7 82 
8 83 -1
8 84 -1
7 82 
8 83 -1
8 84 -1
7 82 
8 83 -1
8 84 -1
7 82 
8 83 -1
8 84 -1
6 85 0
5 81 
6 82 [10]
7 82 
8 83 -1
8 84 39
7 82 
8 83 -1
8 84 -1
7 82 
8 83 -1
8 84 -1
7 82 
8 83 -1
8 84 -1
7 82 
8 83 -1
8 84 -1
7 82 
8 83 -1
8 84 -1
7 82 
8 83 -1
8 84 -1
7 82 
8 83 -1
8 84 -1
7 82 
8 83 -1
8 84 -1
7 82 
8 83 -1
8 84 -1
6 85 0
5 81 
6 82 [10]
7 82 
8 83 -1
8 84 68
7 82 
8 83 -1
8 84 -1
7 82 
8 83 -1
8 84 -1
7 82 
8 83 -1
8 84 -1
7 82 
8 83 -1
8 84 -1
7 82 
8 83 -1
8 84 -1
7 82 
8 83 -1
8 84 -1
7 82 
8 83 -1
8 84 -1
7 82 
8 83 -1
8 84 -1
7 82 
8 83 -1
8 84 -1
6 85 0
5 81 
6 82 [10]
7 82 
8 83 -1
8 84 200
7 82 
8 83 -1
8 84 -1
7 82 
8 83 -1
8 84 -1
7 82 
8 83 -1
8 84 -1
7 82 
8 83 -1
8 84 -1
7 82 
8 83 -1
8 84 -1
7 82 
8 83 -1
8 84 -1
7 82 
8 83 -1
8 84 -1
7 82 
8 83 -1
8 84 -1
7 82 
8 83 -1
8 84 -1
6 85 32
5 81 
6 82 [10]
7 82 
8 83 -1
8 84 320
7 82 
8 83 -1
8 84 -1
7 82 
8 83 -1
8 84 -1
7 82 
8 83 -1
8 84 -1
7 82 
8 83 -1
8 84 -1
7 82 
8 83 -1
8 84 -1
7 82 
8 83 -1
8 84 -1
7 82 
8 83 -1
8 84 -1
7 82 
8 83 -1
8 84 -1
7 82 
8 83 -1
8 84 -1
6 85 0
5 81 
6 82 [10]
7 82 
8 83 -1
8 84 321
7 82 
8 83 -1
8 84 -1
7 82 
8 83 -1
8 84 -1
7 82 
8 83 -1
8 84 -1
7 82 
8 83 -1
8 84 -1
7 82 
8 83 -1
8 84 -1
7 82 
8 83 -1
8 84 -1
7 82 
8 83 -1
8 84 -1
7 82 
8 83 -1
8 84 -1
7 82 
8 83 -1
8 84 -1
6 85 0
5 81 
6 82 [10]
7 82 
8 83 0
8 84 35
7 82 
8 83 0
8 84 113022864
7 82 
8 83 0
8 84 17
7 82 
8 83 55217152
8 84 4
7 82 
8 83 -268506664
8 84 1
7 82 
8 83 -268506976
8 84 -290922668
7 82 
8 83 112918792
8 84 -1
7 82 
8 83 320
8 84 0
7 82 
8 83 0
8 84 113006272
7 82 
8 83 -268505544
8 84 14342708
6 85 1
3 77 
4 78 
5 79 1
5 80 1
4 81 [11]
5 81 
6 82 [10]
7 82 
8 83 -1
8 84 8
7 82 
8 83 -1
8 84 -1
7 82 
8 83 -1
8 84 -1
7 82 
8 83 -1
8 84 -1
7 82 
8 83 -1
8 84 -1
7 82 
8 83 -1
8 84 -1
7 82 
8 83 -1
8 84 -1
7 82 
8 83 -1
8 84 -1
7 82 
8 83 -1
8 84 -1
7 82 
8 83 -1
8 84 -1
6 85 1
5 81 
6 82 [10]
7 82 
8 83 -1
8 84 69
7 82 
8 83 -1
8 84 -1
7 82 
8 83 -1
8 84 -1
7 82 
8 83 -1
8 84 -1
7 82 
8 83 -1
8 84 -1
7 82 
8 83 -1
8 84 -1
7 82 
8 83 -1
8 84 -1
7 82 
8 83 -1
8 84 -1
7 82 
8 83 -1
8 84 -1
7 82 
8 83 -1
8 84 -1
6 85 0
5 81 
6 82 [10]
7 82 
8 83 -1
8 84 28
7 82 
8 83 -1
8 84 -1
7 82 
8 83 -1
8 84 -1
7 82 
8 83 -1
8 84 -1
7 82 
8 83 -1
8 84 -1
7 82 
8 83 -1
8 84 -1
7 82 
8 83 -1
8 84 -1
7 82 
8 83 -1
8 84 -1
7 82 
8 83 -1
8 84 -1
7 82 
8 83 -1
8 84 -1
6 85 0
5 81 
6 82 [10]
7 82 
8 83 -1
8 84 32
7 82 
8 83 -1
8 84 -1
7 82 
8 83 -1
8 84 -1
7 82 
8 83 -1
8 84 -1
7 82 
8 83 -1
8 84 -1
7 82 
8 83 -1
8 84 -1
7 82 
8 83 -1
8 84 -1
7 82 
8 83 -1
8 84 -1
7 82 
8 83 -1
8 84 -1
7 82 
8 83 -1
8 84 -1
6 85 0
5 81 
6 82 [10]
7 82 
8 83 -1
8 84 42
7 82 
8 83 -1
8 84 -1
7 82 
8 83 -1
8 84 -1
7 82 
8 83 -1
8 84 -1
7 82 
8 83 -1
8 84 -1
7 82 
8 83 -1
8 84 -1
7 82 
8 83 -1
8 84 -1
7 82 
8 83 -1
8 84 -1
7 82 
8 83 -1
8 84 -1
7 82 
8 83 -1
8 84 -1
6 85 0
5 81 
6 82 [10]
7 82 
8 83 -1
8 84 39
7 82 
8 83 -1
8 84 -1
7 82 
8 83 -1
8 84 -1
7 82 
8 83 -1
8 84 -1
7 82 
8 83 -1
8 84 -1
7 82 
8 83 -1
8 84 -1
7 82 
8 83 -1
8 84 -1
7 82 
8 83 -1
8 84 -1
7 82 
8 83 -1
8 84 -1
7 82 
8 83 -1
8 84 -1
6 85 0
5 81 
6 82 [10]
7 82 
8 83 -1
8 84 68
7 82 
8 83 -1
8 84 -1
7 82 
8 83 -1
8 84 -1
7 82 
8 83 -1
8 84 -1
7 82 
8 83 -1
8 84 -1
7 82 
8 83 -1
8 84 -1
7 82 
8 83 -1
8 84 -1
7 82 
8 83 -1
8 84 -1
7 82 
8 83 -1
8 84 -1
7 82 
8 83 -1
8 84 -1
6 85 0
5 81 
6 82 [10]
7 82 
8 83 -1
8 84 200
7 82 
8 83 -1
8 84 -1
7 82 
8 83 -1
8 84 -1
7 82 
8 83 -1
8 84 -1
7 82 
8 83 -1
8 84 -1
7 82 
8 83 -1
8 84 -1
7 82 
8 83 -1
8 84 -1
7 82 
8 83 -1
8 84 -1
7 82 
8 83 -1
8 84 -1
7 82 
8 83 -1
8 84 -1
6 85 32
5 81 
6 82 [10]
7 82 
8 83 -1
8 84 320
7 82 
8 83 -1
8 84 -1
7 82 
8 83 -1
8 84 -1
7 82 
8 83 -1
8 84 -1
7 82 
8 83 -1
8 84 -1
7 82 
8 83 -1
8 84 -1
7 82 
8 83 -1
8 84 -1
7 82 
8 83 -1
8 84 -1
7 82 
8 83 -1
8 84 -1
7 82 
8 83 -1
8 84 -1
6 85 0
5 81 
6 82 [10]
7 82 
8 83 -1
8 84 321
7 82 
8 83 -1
8 84 -1
7 82 
8 83 -1
8 84 -1
7 82 
8 83 -1
8 84 -1
7 82 
8 83 -1
8 84 -1
7 82 
8 83 -1
8 84 -1
7 82 
8 83 -1
8 84 -1
7 82 
8 83 -1
8 84 -1
7 82 
8 83 -1
8 84 -1
7 82 
8 83 -1
8 84 -1
6 85 0
5 81 
6 82 [10]
7 82 
8 83 0
8 84 35
7 82 
8 83 -268512384
8 84 123834360
7 82 
8 83 0
8 84 17
7 82 
8 83 55217152
8 84 4
7 82 
8 83 -268511208
8 84 1
7 82 
8 83 -268511520
8 84 -290922668
7 82 
8 83 123661944
8 84 -1
7 82 
8 83 320
8 84 0
7 82 
8 83 0
8 84 123816592
7 82 
8 83 -268510088
8 84 14342828
6 85 1
3 77 
4 78 
5 79 1
5 80 2
4 81 [11]
5 81 
6 82 [10]
7 82 
8 83 -1
8 84 8
7 82 
8 83 -1
8 84 -1
7 82 
8 83 -1
8 84 -1
7 82 
8 83 -1
8 84 -1
7 82 
8 83 -1
8 84 -1
7 82 
8 83 -1
8 84 -1
7 82 
8 83 -1
8 84 -1
7 82 
8 83 -1
8 84 -1
7 82 
8 83 -1
8 84 -1
7 82 
8 83 -1
8 84 -1
6 85 1
5 81 
6 82 [10]
7 82 
8 83 -1
8 84 69
7 82 
8 83 -1
8 84 -1
7 82 
8 83 -1
8 84 -1
7 82 
8 83 -1
8 84 -1
7 82 
8 83 -1
8 84 -1
7 82 
8 83 -1
8 84 -1
7 82 
8 83 -1
8 84 -1
7 82 
8 83 -1
8 84 -1
7 82 
8 83 -1
8 84 -1
7 82 
8 83 -1
8 84 -1
6 85 0
5 81 
6 82 [10]
7 82 
8 83 -1
8 84 28
7 82 
8 83 -1
8 84 -1
7 82 
8 83 -1
8 84 -1
7 82 
8 83 -1
8 84 -1
7 82 
8 83 -1
8 84 -1
7 82 
8 83 -1
8 84 -1
7 82 
8 83 -1
8 84 -1
7 82 
8 83 -1
8 84 -1
7 82 
8 83 -1
8 84 -1
7 82 
8 83 -1
8 84 -1
6 85 0
5 81 
6 82 [10]
7 82 
8 83 -1
8 84 32
7 82 
8 83 -1
8 84 -1
7 82 
8 83 -1
8 84 -1
7 82 
8 83 -1
8 84 -1
7 82 
8 83 -1
8 84 -1
7 82 
8 83 -1
8 84 -1
7 82 
8 83 -1
8 84 -1
7 82 
8 83 -1
8 84 -1
7 82 
8 83 -1
8 84 -1
7 82 
8 83 -1
8 84 -1
6 85 0
5 81 
6 82 [10]
7 82 
8 83 -1
8 84 42
7 82 
8 83 -1
8 84 -1
7 82 
8 83 -1
8 84 -1
7 82 
8 83 -1
8 84 -1
7 82 
8 83 -1
8 84 -1
7 82 
8 83 -1
8 84 -1
7 82 
8 83 -1
8 84 -1
7 82 
8 83 -1
8 84 -1
7 82 
8 83 -1
8 84 -1
7 82 
8 83 -1
8 84 -1
6 85 0
5 81 
6 82 [10]
7 82 
8 83 -1
8 84 39
7 82 
8 83 -1
8 84 -1
7 82 
8 83 -1
8 84 -1
7 82 
8 83 -1
8 84 -1
7 82 
8 83 -1
8 84 -1
7 82 
8 83 -1
8 84 -1
7 82 
8 83 -1
8 84 -1
7 82 
8 83 -1
8 84 -1
7 82 
8 83 -1
8 84 -1
7 82 
8 83 -1
8 84 -1
6 85 0
5 81 
6 82 [10]
7 82 
8 83 -1
8 84 68
7 82 
8 83 -1
8 84 -1
7 82 
8 83 -1
8 84 -1
7 82 
8 83 -1
8 84 -1
7 82 
8 83 -1
8 84 -1
7 82 
8 83 -1
8 84 -1
7 82 
8 83 -1
8 84 -1
7 82 
8 83 -1
8 84 -1
7 82 
8 83 -1
8 84 -1
7 82 
8 83 -1
8 84 -1
6 85 0
5 81 
6 82 [10]
7 82 
8 83 -1
8 84 200
7 82 
8 83 -1
8 84 -1
7 82 
8 83 -1
8 84 -1
7 82 
8 83 -1
8 84 -1
7 82 
8 83 -1
8 84 -1
7 82 
8 83 -1
8 84 -1
7 82 
8 83 -1
8 84 -1
7 82 
8 83 -1
8 84 -1
7 82 
8 83 -1
8 84 -1
7 82 
8 83 -1
8 84 -1
6 85 39
5 81 
6 82 [10]
7 82 
8 83 -1
8 84 320
7 82 
8 83 -1
8 84 -1
7 82 
8 83 -1
8 84 -1
7 82 
8 83 -1
8 84 -1
7 82 
8 83 -1
8 84 -1
7 82 
8 83 -1
8 84 -1
7 82 
8 83 -1
8 84 -1
7 82 
8 83 -1
8 84 -1
7 82 
8 83 -1
8 84 -1
7 82 
8 83 -1
8 84 -1
6 85 0
5 81 
6 82 [10]
7 82 
8 83 -1
8 84 321
7 82 
8 83 -1
8 84 -1
7 82 
8 83 -1
8 84 -1
7 82 
8 83 -1
8 84 -1
7 82 
8 83 -1
8 84 -1
7 82 
8 83 -1
8 84 -1
7 82 
8 83 -1
8 84 -1
7 82 
8 83 -1
8 84 -1
7 82 
8 83 -1
8 84 -1
7 82 
8 83 -1
8 84 -1
6 85 0
5 81 
6 82 [10]
7 82 
8 83 0
8 84 35
7 82 
8 83 0
8 84 75269848
7 82 
8 83 0
8 84 17
7 82 
8 83 55217152
8 84 4
7 82 
8 83 -268506544
8 84 1
7 82 
8 83 -268506856
8 84 -290922668
7 82 
8 83 77748520
8 84 -1
7 82 
8 83 320
8 84 0
7 82 
8 83 0
8 84 75262376
7 82 
8 83 -268505424
8 84 14342828
6 85 1
@orig_name 86 10
2 86 NULL
@rev_modif_types 87 0
2 87 [7]
3 87 
@rev 88 0
4 88 
5 79 1
5 80 0
3 87 
4 88 
5 79 1
5 80 1
3 87 
4 88 
5 79 1
5 80 1
3 87 
4 88 
5 79 1
5 80 1
3 87 
4 88 
5 79 1
5 80 1
3 87 
4 88 
5 79 1
5 80 1
3 87 
4 88 
5 79 1
5 80 2
@ribbon_info_ptr 89 0
1 89 NULL
@p_xref_data 90 0
1 90 ->
#ModelView#0
@View 1 0
0 1 ->
@id 2 1
1 2 0
@viewattr 3 0
1 3 
@attr_arr 4 1
2 4 [4]
$1,3*0
@mpoint 5 0
1 5 
@id 6 1
2 6 0
@coord 7 2
2 7 [3]
$3FC70A3D70A3D7,C021BD70A3D70A3C,40096R
@first_instr_ptr 8 0
2 8 NULL
@attach_ptr 9 0
2 9 NULL
@vpoint 10 0
1 10 
2 6 0
2 7 [3]
$407F4,407A5E,0
2 8 NULL
2 9 NULL
@orient 11 2
1 11 [4][4]
$3FED7954E7DBA2F8,0,3FD8EC3AE92B676B,0
$BFD385CE5246572,3FE3E43A9692E21C,3FE7167619F550A2,0
$BFCEFC077F3F36A6,BFE91103985DA841,3FE25240DD3851BF,0
$3*0,3FF
@local_sys 12 2
1 12 [4][4]
$404234A666100C73,0,402EC9F70078B0A4,0
$C0281E27B91F24R,403892CD7DF43082,403C85A0078375E8,0
$C0232382071ABE7D,C03EF7681EE438A6,4036A23686915F27,0
$407A0DDC1B414CE4,408711477D93EE1A,C06A3A3E8C9DF4F8,3FF
@first_instr_ptr 13 0
1 13 ->
@type 14 1
2 14 100
@geom_id 15 1
2 15 -1
@view_id 16 1
2 16 -1
@memb_num 17 1
2 17 0
@offset 18 2
2 18 0
@matrix 19 0
2 19 NULL
@next_instr_ptr 20 0
1 20 ->
2 14 301
2 15 -1
2 16 -1
2 17 0
2 18 4043C4169D5B0A36
2 19 NULL
1 20 NULL
@outer_xsec_index 21 1
1 21 -1
@next_view_id 22 1
1 22 -2
@simp_rep_id 23 1
1 23 -1
@name 24 10
1 24 no name
@matrix 25 2
1 25 [4][4]
$3FF,3*0
$0,3FF,2*0
$2*0,3FF,0
$3*0,3FF
@fit_outline 26 2
1 26 [2][3]
$4059,405518,C08842D5DC915ER
$408C2,4087BB,0
@det_info_ptr 27 0
1 27 NULL
@named_view_pzmatr 28 0
1 28 NULL
@page_id 29 1
1 29 0
@model_name 30 10
1 30 NULL
@unrep_model_name 31 10
1 31 NULL
@saved_pro_dls 32 0
1 32 ->
@dlists 33 0
2 33 [2]
3 33 
@appl_type 34 1
4 34 32
@dl_type 35 1
4 35 7
@dl_id 36 1
4 36 0
@list_ptr 37 0
4 37 ->
@disp_list_valid 38 1
5 38 1
@pending 39 1
5 39 0
@disp_list_status 40 1
5 40 3
@disp_list_version 41 1
5 41 0
@view_matrix 42 2
5 42 [4][4]
$404234A666100C73,0,402EC9F70078B0A4,0
$C0281E27B91F24R,403892CD7DF43082,403C85A0078375E8,0
$C0232382071ABE7D,C03EF7681EE438A6,4036A23686915F27,0
$407A0DDC1B414CE4,408711477D93EE1A,C06A3A3E8C9DF4F8,3FF
@outline 43 2
5 43 [2][3]
$40738F24A,400E22492,0
$40811FEDC,4060F3492,0
@dl_block_mem_size 44 0
5 44 
@dl_block_mem_size 45 1
6 45 8192
@list 46 0
5 46 ->
@ptr 47 0
6 47 [22]
7 47 
@data(dl_int) 48 0
8 48 ->
@dl_header 49 0
9 49 
@header 50 0
10 50 
@type 51 5
11 51 6
@count 52 5
11 52 1
@size 53 1
11 53 16
@value_int 54 1
9 54 1
7 47 
8 48 ->
9 49 
10 50 
11 51 4
11 52 1
11 53 16
9 54 2
7 47 
8 48 ->
9 49 
10 50 
11 51 5
11 52 1
11 53 16
9 54 2
7 47 
8 48 ->
9 49 
10 50 
11 51 7
11 52 1
11 53 16
9 54 0
7 47 
8 48 ->
9 49 
10 50 
11 51 34
11 52 1
11 53 16
9 54 0
7 47 
@data(dl_float) 55 0
8 55 ->
@dl_header 56 0
9 56 
10 50 
11 51 8
11 52 1
11 53 16
@value_float 57 6
9 57 0
7 47 
@data(dl_matrix) 58 0
8 58 ->
@dl_header 59 0
9 59 
10 50 
11 51 1
11 52 16
11 53 76
@dl_matrix 60 6
9 60 [4][4]
$3F8,3*0
$0,3F8,2*0
$2*0,3F8,0
$3*0,3F8
7 47 
8 48 ->
9 49 
10 50 
11 51 6
11 52 1
11 53 16
9 54 1
7 47 
8 48 ->
9 49 
10 50 
11 51 4
11 52 1
11 53 16
9 54 2
7 47 
8 48 ->
9 49 
10 50 
11 51 5
11 52 1
11 53 16
9 54 2
7 47 
8 48 ->
9 49 
10 50 
11 51 7
11 52 1
11 53 16
9 54 0
7 47 
8 48 ->
9 49 
10 50 
11 51 34
11 52 1
11 53 16
9 54 0
7 47 
8 55 ->
9 56 
10 50 
11 51 8
11 52 1
11 53 16
9 57 0
7 47 
@data(dl_header) 61 0
8 61 ->
9 50 
10 51 1024
10 52 272
10 53 12
7 47 
@data(dl_text_entry) 62 0
8 62 ->
@dl_text_entity 63 0
9 63 
@dl_header 64 0
10 64 
11 50 
12 51 28
12 52 16
12 53 224
@type 65 1
10 65 6
@text_type 66 1
10 66 56
@text_attr 67 1
10 67 0
@font_id 68 1
10 68 0
@coord 69 6
10 69 [3]
$439C7925,4134CDB7,0
@height 70 6
10 70 41B4CDB7
@char_height 71 6
10 71 41B4CDB7
@angle 72 6
10 72 0
@width_factor 73 6
10 73 3F4CR
@slant_angle 74 6
10 74 0
@outline 75 6
10 75 [4][3]
$439C7925,40711249,0
$43FFEA49,40711249,0
$43FFEA49,42079A49,0
$439C7925,42079A49,0
@baseline 76 6
10 76 [2][3]
$439C7925,4134CDB7,0
$43FFEA49,4134CDB7,0
@max_height 77 6
10 77 41F11249
@alt_outline 78 6
10 78 [4][3]
$439C7925,40711249,0
$43FFEA49,40711249,0
$43FFEA49,42079A49,0
$439C7925,42079A49,0
@alt_max_height 79 6
10 79 41F11249
@thickness 80 6
10 80 0
@clip_status 81 1
10 81 1
@regular_text_len 82 1
10 82 11
@alt_text_len 83 1
10 83 0
@string 84 3
10 84 ANG.  +-0.5
7 47 
8 61 ->
9 50 
10 51 1024
10 52 288
10 53 12
7 47 
8 62 ->
9 63 
10 64 
11 50 
12 51 28
12 52 20
12 53 228
10 65 6
10 66 56
10 67 0
10 68 0
10 69 [3]
$439C7925,4234CDB7,0
10 70 41B4CDB7
10 71 41B4CDB7
10 72 0
10 73 3F4CR
10 74 0
10 75 [4][3]
$439C7925,4216AB6E,0
$4408FF6E,4216AB6E,0
$4408FF6E,42879A49,0
$439C7925,42879A49,0
10 76 [2][3]
$439C7925,4234CDB7,0
$4408FF6E,4234CDB7,0
10 77 41F11249
10 78 [4][3]
$439C7925,4216AB6E,0
$4408FF6E,4216AB6E,0
$4408FF6E,42879A49,0
$439C7925,42879A49,0
10 79 41F11249
10 80 0
10 81 1
10 82 13
10 83 0
10 84 X.XXX +-0.001
7 47 
8 61 ->
9 50 
10 51 1024
10 52 272
10 53 12
7 47 
8 62 ->
9 63 
10 64 
11 50 
12 51 28
12 52 16
12 53 224
10 65 6
10 66 56
10 67 0
10 68 0
10 69 [3]
$439C7925,429E34,0
10 70 41B4CDB7
10 71 41B4CDB7
10 72 0
10 73 3F4CR
10 74 0
10 75 [4][3]
$439C7925,428F22DB,0
$44047A49,428F22DB,0
$44047A49,42CB676E,0
$439C7925,42CB676E,0
10 76 [2][3]
$439C7925,429E34,0
$44047A49,429E34,0
10 77 41F11249
10 78 [4][3]
$439C7925,428F22DB,0
$44047A49,428F22DB,0
$44047A49,42CB676E,0
$439C7925,42CB676E,0
10 79 41F11249
10 80 0
10 81 1
10 82 12
10 83 0
10 84 X.XX  +-0.01
7 47 
8 61 ->
9 50 
10 51 1024
10 52 272
10 53 12
7 47 
8 62 ->
9 63 
10 64 
11 50 
12 51 28
12 52 16
12 53 224
10 65 6
10 66 56
10 67 0
10 68 0
10 69 [3]
$439C7925,42E20125,0
10 70 41B4CDB7
10 71 41B4CDB7
10 72 0
10 73 3F4CR
10 74 0
10 75 [4][3]
$439C7925,42D2F,0
$43FFEA49,42D2F,0
$43FFEA49,43079A49,0
$439C7925,43079A49,0
10 76 [2][3]
$439C7925,42E20125,0
$43FFEA49,42E20125,0
10 77 41F11249
10 78 [4][3]
$439C7925,42D2F,0
$43FFEA49,42D2F,0
$43FFEA49,43079A49,0
$439C7925,43079A49,0
10 79 41F11249
10 80 0
10 81 1
10 82 11
10 83 0
10 84 X.X   +-0.1
7 47 
8 61 ->
9 50 
10 51 0
10 52 0
10 53 0
@locked 85 1
5 85 0
@visibile 86 1
5 86 1
@contents 87 1
5 87 1
@attached 88 1
5 88 0
3 33 
4 34 42
4 35 7
4 36 0
4 37 ->
5 38 1
5 39 0
5 40 3
5 41 0
5 42 [4][4]
$404234A666100C73,0,402EC9F70078B0A4,0
$C0281E27B91F24R,403892CD7DF43082,403C85A0078375E8,0
$C0232382071ABE7D,C03EF7681EE438A6,4036A23686915F27,0
$407A0DDC1B414CE4,408711477D93EE1A,C06A3A3E8C9DF4F8,3FF
5 43 [2][3]
$407EC5FBC,407924AB6,C07842D5E
$408058366,407B56A4E,C077223D2
5 44 
6 45 8192
5 46 ->
6 47 [30]
7 47 
8 48 ->
9 49 
10 50 
11 51 6
11 52 1
11 53 16
9 54 1
7 47 
8 48 ->
9 49 
10 50 
11 51 4
11 52 1
11 53 16
9 54 2
7 47 
8 48 ->
9 49 
10 50 
11 51 5
11 52 1
11 53 16
9 54 2
7 47 
8 48 ->
9 49 
10 50 
11 51 7
11 52 1
11 53 16
9 54 0
7 47 
8 48 ->
9 49 
10 50 
11 51 34
11 52 1
11 53 16
9 54 0
7 47 
8 55 ->
9 56 
10 50 
11 51 8
11 52 1
11 53 16
9 57 0
7 47 
8 58 ->
9 59 
10 50 
11 51 1
11 52 16
11 53 76
9 60 [4][4]
$3F8,3*0
$0,3F8,2*0
$2*0,3F8,0
$3*0,3F8
7 47 
8 48 ->
9 49 
10 50 
11 51 47
11 52 1
11 53 16
9 54 1
7 47 
@data(dl_point) 89 0
8 89 ->
@header 90 0
9 90 
10 50 
11 51 48
11 52 1
11 53 24
@point 91 6
9 91 [3]
$43FA,43D2F,C3C216AF
7 47 
8 48 ->
9 49 
10 50 
11 51 6
11 52 1
11 53 16
9 54 1
7 47 
8 48 ->
9 49 
10 50 
11 51 4
11 52 1
11 53 16
9 54 1
7 47 
8 48 ->
9 49 
10 50 
11 51 5
11 52 1
11 53 16
9 54 2
7 47 
8 48 ->
9 49 
10 50 
11 51 7
11 52 1
11 53 16
9 54 0
7 47 
8 48 ->
9 49 
10 50 
11 51 34
11 52 1
11 53 16
9 54 0
7 47 
8 55 ->
9 56 
10 50 
11 51 8
11 52 1
11 53 16
9 57 0
7 47 
8 61 ->
9 50 
10 51 1024
10 52 52
10 53 12
7 47 
@data(dl_multi_line) 92 0
8 92 ->
@dl_multi_line 93 0
9 93 
@dl_header 94 0
10 94 
11 50 
12 51 26
12 52 2
12 53 52
@midpnt 95 6
10 95 [4]
$4148000F,43FFC1B3,43D2F,C3BFA79D
@points 96 6
10 96 [6]
$43FA,43D2F,C3C216AF,4402C1B3,43D2F,C3BD388B
7 47 
@data(dl_zi_filled_circles) 97 0
8 97 ->
@dl_zi_filled_circles 98 0
9 98 
@dl_header 99 0
10 99 
11 50 
12 51 52
12 52 1
12 53 32
@radius 100 6
10 100 4
@number 101 6
10 101 3F8
@centers 102 6
10 102 [1][3]
$4402C1B3,43D2F,C3BD388B
7 47 
8 48 ->
9 49 
10 50 
11 51 4
11 52 1
11 53 16
9 54 9
7 47 
8 61 ->
9 50 
10 51 1024
10 52 52
10 53 12
7 47 
8 92 ->
9 93 
10 94 
11 50 
12 51 26
12 52 2
12 53 52
10 95 [4]
$4147FFF2,43F87CB2,43CE0AAE,C3BE829E
10 96 [6]
$43FA,43D2F,C3C216AF,43F6F963,43C9255B,C3BAEE8D
7 47 
8 97 ->
9 98 
10 99 
11 50 
12 51 52
12 52 1
12 53 32
10 100 402
10 101 3F8
10 102 [1][3]
$43F6F963,43C9255B,C3BAEE8D
7 47 
8 48 ->
9 49 
10 50 
11 51 4
11 52 1
11 53 16
9 54 10
7 47 
8 61 ->
9 50 
10 51 1024
10 52 52
10 53 12
7 47 
8 92 ->
9 93 
10 94 
11 50 
12 51 26
12 52 2
12 53 52
10 95 [4]
$4147FFF4,43F817EF,43D6D294,C3BD944C
10 96 [6]
$43FA,43D2F,C3C216AF,43F62FDE,43DAB527,C3B911E9
7 47 
8 97 ->
9 98 
10 99 
11 50 
12 51 52
12 52 1
12 53 32
10 100 404
10 101 3F8
10 102 [1][3]
$43F62FDE,43DAB527,C3B911E9
7 47 
8 89 ->
9 90 
10 50 
11 51 48
11 52 1
11 53 24
9 91 [3]
$505C48FA,CFBE8698,5177EB1A
7 47 
8 48 ->
9 49 
10 50 
11 51 47
11 52 1
11 53 16
9 54 0
7 47 
8 48 ->
9 49 
10 50 
11 51 4
11 52 1
11 53 16
9 54 2
7 47 
8 61 ->
9 50 
10 51 0
10 52 0
10 53 0
5 85 0
5 86 1
5 87 11
5 88 0
@explode_state 103 0
1 103 NULL
#DispDataColor
@ref_color_table 1 0
0 1 
@ref_color_arr 2 0
1 2 [1]
2 2 
@maximum 3 2
3 3 [3]
$3FE1EB852,3FDAE147A,3FE28F5C2
@ambient 4 2
3 4 3FECCCCCC
@diffuse 5 2
3 5 3FECCCCCC
@specular 6 2
3 6 3FE999998
@spec_coef 7 2
3 7 3FE
@transmission 8 2
3 8 0
@threshold 9 1
3 9 90
@gl_ind 10 1
3 10 15
@highlight 11 2
3 11 [3]
$3*3FF
@reflection 12 2
3 12 3FECCCCCC
@bump_height 13 2
3 13 3FF
@bump 14 3
3 14 NULL
@decal_intensity 15 2
3 15 4059
@decal 16 3
3 16 NULL
@texture 17 3
3 17 NULL
#DispDataTable
@disp_data_table 1 0
0 1 
@disp_data_arr 2 0
1 2 [1]
2 2 
@disp_data 3 0
3 3 ->
@wire 4 0
4 4 
@disp_list_valid 5 1
5 5 1
@pending 6 1
5 6 0
@disp_list_status 7 1
5 7 3
@disp_list_version 8 1
5 8 17
@view_matrix 9 2
5 9 [4][4]
$3FF,3*0
$0,3FF,2*0
$2*0,3FF,0
$3*0,3FF
@outline 10 2
5 10 [2][3]
$C0028F5C2,C0325EB86,0
$400570A3E,3FE428F5C,401966666
@dl_block_mem_size 11 0
5 11 
@dl_block_mem_size 12 1
6 12 32768
@list 13 0
5 13 ->
@ptr 14 0
6 14 [5]
7 14 
@data(dl_gc) 15 0
8 15 ->
@header 16 0
9 16 
@header 17 0
10 17 
@type 18 5
11 18 53
@count 19 5
11 19 1
@size 20 1
11 20 36
@int_data 21 1
9 21 [5]
$2*2,0,1,0
@linewidth 22 6
9 22 0
7 14 
8 15 ->
9 16 
10 17 
11 18 53
11 19 1
11 20 36
9 21 [5]
$2*2,0,1,0
9 22 0
7 14 
@data(dl_header) 23 0
8 23 ->
9 17 
10 18 1024
10 19 316
10 20 12
7 14 
@data(dl_multi_line) 24 0
8 24 ->
@dl_multi_line 25 0
9 25 
@dl_header 26 0
10 26 
11 17 
12 18 26
12 19 24
12 20 316
@midpnt 27 6
10 27 [4]
$41252E3F,3E3851F,C10DEB86,404B3R
@points 28 6
10 28 [72]
$C0147AE1,C192F5C3,0,402B851F,C192F5C3,0,402B851F,C192F5C3,0,402B851F,
$3F2147AE,0,402B851F,3F2147AE,0,C0147AE1,3F2147AE,0,C0147AE1,3F2147AE,0,
$C0147AE1,C192F5C3,0,C0147AE1,C192F5C3,40CB3R,402B851F,C192F5C3,40CB3R,
$C0147AE1,3F2147AE,40CB3R,C0147AE1,C192F5C3,40CB3R,402B851F,3F2147AE,40CB3R,
$C0147AE1,3F2147AE,40CB3R,402B851F,C192F5C3,40CB3R,402B851F,3F2147AE,40CB3R,
$C0147AE1,C192F5C3,0,C0147AE1,C192F5C3,40CB3R,402B851F,C192F5C3,0,402B851F,
$C192F5C3,40CB3R,402B851F,3F2147AE,0,402B851F,3F2147AE,40CB3R,C0147AE1,
$3F2147AE,0,C0147AE1,3F2147AE,40CB3R
7 14 
8 23 ->
9 17 
10 18 0
10 19 0
10 20 0
@locked 29 1
5 29 0
@visibile 30 1
5 30 1
@contents 31 1
5 31 2
@attached 32 1
5 32 0
@part_color 33 1
4 33 0
@model_type 34 1
4 34 2
@generic_name 35 10
4 35 NULL
@label 36 10
4 36 NULL
#AssMrgPrt
@assem_merge_parts 1 0
0 1 ->
#END_OF_UGC
