#UGC:2 PART 969 400 0 1 1 15 1800 9715 00000572 \
#- VERS 1 3                                                          \
#- HOST moon                                                         \
#- LINK                                                              \
#- DBID process                                                      \
#- REVS 3,1.3                                                        \
#- RELL 7,Initial                                                    \
#- UOBJ_ID 853802192 9021752 -2139529277                             \
#- MACH SUN_SunOS_5.5_Generic                                        \
#-END_OF_UGC_HEADER
#P_OBJECT 6
@P_object 1 0
0 1 ->
@dep_db 2 0
1 2 ->
@usr_rev 3 0
1 3 [1]
2 3 
@name 4 10
3 4 AWODTKE
@mod_time 5 0
3 5 
@tm_sec 6 1
4 6 20
@tm_min 7 1
4 7 21
@tm_hour 8 1
4 8 23
@tm_mday 9 1
4 9 21
@tm_mon 10 1
4 10 4
@tm_year 11 1
4 11 97
@action 12 1
3 12 1000
@comment 13 10
3 13 Hostname: 'garelio'
@rel_level 14 10
3 14 Initial
@rev_string 15 10
3 15 1.3
@revnum_std 16 1
1 16 57
@flag 17 1
1 17 0
@name 18 10
1 18 NULL
@inst_hidden 19 1
1 19 0
@old_name 20 10
1 20 NULL
@appl_data 21 0
1 21 ->
@bounding_box 22 2
2 22 [2][3]
$2*BFF30086CC0F6B3A,BFDC021B303DACE7
$2*3FF30086CC0F6B3A,4055FC021B303DAD
@ver_key 23 0
1 23 ->
@time 24 1
2 24 857598115
@random_num 25 1
2 25 401966661
@hostid 26 1
2 26 -2139443293
@last_read 27 1
1 27 -1
#END_OF_P_OBJECT
#Pro/ENGINEER  TM  Version H-01-30  (c) 1988-97 by Parametric Technology Corporation  All Rights Reserved. 9715
@Toc 28 0
0 28 ->
@entry 29 10
1 29 [128]
2 29 BasicData 2b9a 4e7 0 969########################################################
2 29 BasicText 3081 27e 0 969########################################################
2 29 GeomDepen 32ff 72 0 969#########################################################
2 29 DispCntrl 3371 4c4 0 969########################################################
2 29 DisplData 3835 38 0 969#########################################################
2 29 LargeText 386d 3ad 0 969########################################################
2 29 FamilyInf 3c1a 40 0 969#########################################################
2 29 VisibGeom 3c5a 1efe 0 969#######################################################
2 29 NovisGeom 5b58 1bb 0 969########################################################
2 29 ActEntity 5d13 b55 0 969########################################################
2 29 AllFeatur 6868 2faa 0 969#######################################################
2 29 FullMData 9812 43aa 0 969#######################################################
2 29 ModelView#0 dbbc 167f 0 969#####################################################
2 29 DispDataColor f23b 1e6 0 969####################################################
2 29 DispDataTable f421 67c 0 969####################################################
2 29 AssMrgPrt fa9d 29 0 969#########################################################
2 29 ################################################################################
2 29 ################################################################################
2 29 ################################################################################
2 29 ################################################################################
2 29 ################################################################################
2 29 ################################################################################
2 29 ################################################################################
2 29 ################################################################################
2 29 ################################################################################
2 29 ################################################################################
2 29 ################################################################################
2 29 ################################################################################
2 29 ################################################################################
2 29 ################################################################################
2 29 ################################################################################
2 29 ################################################################################
2 29 ################################################################################
2 29 ################################################################################
2 29 ################################################################################
2 29 ################################################################################
2 29 ################################################################################
2 29 ################################################################################
2 29 ################################################################################
2 29 ################################################################################
2 29 ################################################################################
2 29 ################################################################################
2 29 ################################################################################
2 29 ################################################################################
2 29 ################################################################################
2 29 ################################################################################
2 29 ################################################################################
2 29 ################################################################################
2 29 ################################################################################
2 29 ################################################################################
2 29 ################################################################################
2 29 ################################################################################
2 29 ################################################################################
2 29 ################################################################################
2 29 ################################################################################
2 29 ################################################################################
2 29 ################################################################################
2 29 ################################################################################
2 29 ################################################################################
2 29 ################################################################################
2 29 ################################################################################
2 29 ################################################################################
2 29 ################################################################################
2 29 ################################################################################
2 29 ################################################################################
2 29 ################################################################################
2 29 ################################################################################
2 29 ################################################################################
2 29 ################################################################################
2 29 ################################################################################
2 29 ################################################################################
2 29 ################################################################################
2 29 ################################################################################
2 29 ################################################################################
2 29 ################################################################################
2 29 ################################################################################
2 29 ################################################################################
2 29 ################################################################################
2 29 ################################################################################
2 29 ################################################################################
2 29 ################################################################################
2 29 ################################################################################
2 29 ################################################################################
2 29 ################################################################################
2 29 ################################################################################
2 29 ################################################################################
2 29 ################################################################################
2 29 ################################################################################
2 29 ################################################################################
2 29 ################################################################################
2 29 ################################################################################
2 29 ################################################################################
2 29 ################################################################################
2 29 ################################################################################
2 29 ################################################################################
2 29 ################################################################################
2 29 ################################################################################
2 29 ################################################################################
2 29 ################################################################################
2 29 ################################################################################
2 29 ################################################################################
2 29 ################################################################################
2 29 ################################################################################
2 29 ################################################################################
2 29 ################################################################################
2 29 ################################################################################
2 29 ################################################################################
2 29 ################################################################################
2 29 ################################################################################
2 29 ################################################################################
2 29 ################################################################################
2 29 ################################################################################
2 29 ################################################################################
2 29 ################################################################################
2 29 ################################################################################
2 29 ################################################################################
2 29 ################################################################################
2 29 ################################################################################
2 29 ################################################################################
2 29 ################################################################################
2 29 ################################################################################
2 29 ################################################################################
2 29 ################################################################################
2 29 ################################################################################
2 29 ################################################################################
2 29 ################################################################################
2 29 ################################################################################
2 29 ################################################################################
#BasicData
@Sld_BasicData 1 0
0 1 ->
@tab_key 2 1
1 2 0
@tab_key_struct 3 0
1 3 ->
@tab_key_ptr 4 0
2 4 [25]
@cmprs_tabkey 5 0
2 5 NULL
@type 6 1
1 6 2
@revnum_ptr 7 0
1 7 ->
@geom_revnum 8 1
2 8 43
@cosm_revnum 9 1
2 9 18
@tol_default_ptr 10 0
1 10 ->
@type 11 1
2 11 10
@value 12 2
2 12 [7]
$0,3FB9R,3F847AE147AE147B,3F50624DD2F1A9FC,3F1A36E2EB1C432D,
$3EE4F8B588E368F1,3EB0C6F7A0B5ED8E
@ang_value 13 2
2 13 [7]
$0,6*3FE
@standard 14 1
2 14 0
@iso_tol_tbls_ptr 15 0
2 15 NULL
@datum_count 16 1
1 16 0
@axis_count 17 1
1 17 1
@insert_layer_id 18 1
1 18 -1
@layer_count 19 1
1 19 1
@rel_part_eps 20 2
1 20 3F53A92A30553261
@model_eps 21 2
1 21 0
@fixed_model_eps 22 1
1 22 0
@assembled_count 23 1
1 23 2
@part_type 24 1
1 24 1
@first_ent_id 25 1
1 25 517574
@first_view_id 26 1
1 26 0
@outline 27 2
1 27 [2][3]
$2*BFE8,0
$2*3FE8,4055E
@dim_num 28 1
1 28 4
@geom_lib_ptr 29 0
1 29 NULL
@attrib_array 30 1
1 30 [3]
$3*0
@max_part_size 31 2
1 31 4055E1A53DB02F14
@model_name 32 10
1 32 TRAVEL_BAR_
@disp_outl_info 33 0
1 33 
@disp_outline 34 2
2 34 [2][3]
$2*BFF30086CC0F6B3A,BFDC021B303DACE7
$2*3FF30086CC0F6B3A,4055FC021B303DAD
@sel_outl_info 35 0
1 35 ->
@outline 36 2
2 36 [2][3]
$2*BFF30086CC0F6B3A,BFDC021B303DACE7
$2*3FF30086CC0F6B3A,4055FC021B303DAD
#BasicText
@Sld_BasicText 1 0
0 1 ->
@assem_mass_prop_ptr 2 0
1 2 NULL
@mass_prop_ptr 3 0
1 3 ->
@type 4 1
2 4 0
@density 5 2
2 5 0
@init_dens 6 5
2 6 0
@rel_density 7 2
2 7 0
@init_rel_dens 8 5
2 8 0
@aver_density 9 2
2 9 0
@vrevnum 10 1
2 10 -1
@volume 11 2
2 11 0
@cg 12 2
2 12 [3]
$3*0
@inertia 13 2
2 13 [3][3]
$3*0
$3*0
$3*0
@eps 14 2
2 14 0
@surfarea 15 2
2 15 0
@assign_mp_ptr 16 0
1 16 NULL
@mat_name_ptr 17 10
1 17 NULL
@unit_arr 18 0
1 18 [3]
2 18 
@type 19 1
3 19 11
@factor 20 2
3 20 3FA42850A142850A
@name 21 10
3 21 MM
@unit_type 22 1
3 22 0
2 18 
3 19 2
3 20 3FF
3 21 POUND
3 22 1
2 18 
3 19 11
3 20 3FF
3 21 HOURS
3 22 2
#GeomDepen
@Sld_GeomDepend 1 0
0 1 ->
@frst_geom_ptr 2 1
1 2 12
@fem_data 3 0
1 3 NULL
@first_quilt_ptr 4 1
1 4 0
#DispCntrl
@Sld_DispCntrl 1 0
0 1 ->
@color_prop_ptr 2 0
1 2 ->
@color_refs 3 0
2 3 [1]
3 3 
@ref_color 4 0
4 4 ->
@maximum 5 2
5 5 [3]
$3FE947AE2,3FC70A3D8,3FB70A3D8
@ambient 6 2
5 6 3FECCCCCC
@diffuse 7 2
5 7 3FECCCCCC
@specular 8 2
5 8 3FE999998
@spec_coef 9 2
5 9 3FE
@transmission 10 2
5 10 0
@threshold 11 1
5 11 90
@gl_ind 12 1
5 12 3
@highlight 13 2
5 13 [3]
$3*3FF
@reflection 14 2
5 14 3FECCCCCC
@bump_height 15 2
5 15 3FF
@bump 16 3
5 16 NULL
@decal_intensity 17 2
5 17 4059
@decal 18 3
5 18 NULL
@texture 19 3
5 19 NULL
@surf_ind_tab 20 0
2 20 [1]
3 20 
@surf_id 21 1
4 21 -1
@surf_color_inds 22 1
4 22 [2]
$0,-1
@surf_pl 23 0
4 23 [2]
5 23 
@placement_ptr 24 0
6 24 NULL
5 23 
6 24 NULL
@layer_array 25 0
1 25 [3]
2 25 ->
@id 26 1
3 26 3
@type 27 1
3 27 117
@user_id 28 1
3 28 0
@weird_wline_ptr 29 0
3 29 ->
@weird_wline 30 10
4 30 7_ALL_FEATURES
@layer_objects 31 0
3 31 [1]
4 31 
@type 32 1
5 32 3
@ids 33 1
5 33 [4]
$1,5,7,9
@lay_solid 34 0
5 34 NULL
@saved_operation 35 1
3 35 1
2 25 ->
3 26 4
3 27 117
3 28 0
3 29 ->
4 30 1_ALL_PLANES
3 31 [1]
4 31 
5 32 3
5 33 [3]
$1,5,7
5 34 NULL
3 35 1
2 25 ->
3 26 24
3 27 117
3 28 0
3 29 ->
4 30 3_ALL_AXES
3 31 [1]
4 31 
5 32 3
5 33 [1]
6 33 9
5 34 NULL
3 35 1
#DisplData
@Sld_DispData 1 0
0 1 ->
@disp_data 2 0
1 2 
#LargeText
@Sld_LargeText 1 0
0 1 ->
@names_table 2 0
1 2 [3]
2 2 ->
@id 3 1
3 3 2
@type 4 1
3 4 5
@name 5 10
3 5 DTM1
2 2 ->
3 3 6
3 4 5
3 5 DTM2
2 2 ->
3 3 8
3 4 5
3 5 DTM3
@relpar_sets 6 0
1 6 [1]
2 6 
@id 7 1
3 7 -1
@type 8 1
3 8 2
@ext_ref_id 9 1
3 9 -1
@param_arr 10 0
3 10 [8]
4 10 ->
@sym 11 10
5 11 
@value 12 0
5 12 
@type 13 1
6 13 51
@value(s_val) 14 10
6 14 1.0+
@bak_value 15 0
5 15 
6 13 51
6 14 1.0
4 10 ->
5 11 
5 12 
6 13 51
6 14 boom_box
5 15 
6 13 51
6 14 boom_box
4 10 ->
5 11 
5 12 
6 13 51
6 14 Initial
5 15 
6 13 51
6 14 Initial
4 10 ->
5 11 PDMREV
5 12 
6 13 51
6 14 1.3
5 15 
6 13 51
6 14 1.0
4 10 ->
5 11 PDMDB
5 12 
6 13 51
6 14 process
5 15 
6 13 51
6 14 new_boom_box
4 10 ->
5 11 PDMRL
5 12 
6 13 51
6 14 Initial
5 15 
6 13 51
6 14 Initial
4 10 ->
5 11 
5 12 
6 13 51
6 14 
5 15 
6 13 51
6 14 
4 10 ->
5 11 PN
5 12 
6 13 51
6 14 101-23
5 15 
6 13 51
6 14 101-23
@relatnum 16 1
3 16 0
@cfg_states 17 0
1 17 NULL
#FamilyInf
@Sld_FamilyInfo 1 0
0 1 ->
@drv_tbl_ptr 2 0
1 2 NULL
#VisibGeom
@Sld_VisGeom 1 0
0 1 ->
@active_geom 2 0
1 2 
@srf_array 3 0
2 3 [7]
3 3 ->
@geom_type 4 1
4 4 34
@geom_id 5 1
4 5 2
@feat_id 6 1
4 6 1
@boundary_type 7 1
4 7 1
@envlp 8 2
4 8 [2][2]
$BFF30086CC0F6B3A,BFDC021B303DACE7
$3FF30086CC0F6B3A,4055FC021B303DAD
@srf_prim_ptr(plane) 9 0
4 9 ->
@local_sys 10 2
5 10 [4][3]
$2*0,3FF
$3FF,2*0
$0,3FF,0
$3*0
@frst_cntr_ptr 11 0
4 11 NULL
@next_geom_ptr 12 1
4 12 0
@orient 13 1
4 13 1
@outline 14 2
4 14 [2][3]
$0,BFF30086CC0F6B3A,BFDC021B303DACE7
$0,3FF30086CC0F6B3A,4055FC021B303DAD
3 3 ->
4 4 34
4 5 6
4 6 5
4 7 1
4 8 [2][2]
$BFDC021B303DACE7,BFF30086CC0F6B3A
$4055FC021B303DAD,3FF30086CC0F6B3A
4 9 ->
5 10 [4][3]
$0,3FF,0
$2*0,3FF
$3FF,2*0
$3*0
4 11 NULL
4 12 0
4 13 1
4 14 [2][3]
$BFF30086CC0F6B3A,0,BFDC021B303DACE7
$3FF30086CC0F6B3A,0,4055FC021B303DAD
3 3 ->
4 4 34
4 5 8
4 6 7
4 7 1
4 8 [2][2]
$2*BFF30086CC0F6B3A
$2*3FF30086CC0F6B3A
4 9 ->
5 10 [4][3]
$3FF,2*0
$0,3FF,0
$2*0,3FF
$3*0
4 11 NULL
4 12 0
4 13 1
4 14 [2][3]
$2*BFF30086CC0F6B3A,0
$2*3FF30086CC0F6B3A,0
3 3 ->
4 4 34
4 5 12
4 6 9
4 7 0
4 8 [2][2]
$2*BFE8
$2*3FE8
4 9 ->
5 10 [4][3]
$3FF,2*0
$0,3FF,0
$2*0,3FF
$3*0
4 11 ->
@frst_cntr_crv_hdr_ptr 15 1
5 15 13
@trv 16 1
5 16 1
@envlp 17 2
5 17 [2][2]
$2*BFE8
$2*3FE8
@next_cntr_ptr 18 0
4 18 NULL
4 12 15
4 13 -1
4 14 [2][3]
$2*BFE8,0
$2*3FE8,0
3 3 ->
4 4 34
4 5 15
4 6 9
4 7 0
4 8 [2][2]
$2*BFE8
$2*3FE8
4 9 ->
5 10 [4][3]
$3FF,2*0
$0,3FF,0
$2*0,3FF
$2*0,4055E
4 11 ->
5 15 16
5 16 1
5 17 [2][2]
$2*BFE8
$2*3FE8
4 18 NULL
4 12 18
4 13 1
4 14 [2][3]
$2*BFE8,4055E
$2*3FE8,4055E
3 3 ->
4 4 36
4 5 18
4 6 9
4 7 1
4 8 [2][2]
$2*0
$400921FB54442D18,4055E
@srf_prim_ptr(cylinder) 19 0
4 19 ->
@local_sys 20 2
5 20 [4][3]
$3FF,2*0
$0,3FF,0
$2*0,3FF
$3*0
@radius 21 2
5 21 3FE8
4 11 ->
5 15 13
5 16 1
5 17 [2][2]
$2*0
$400921FB54442D18,4055E
4 18 NULL
4 12 20
4 13 1
4 14 [2][3]
$BFE8,2*0
$2*3FE8,4055E
3 3 ->
4 4 36
4 5 20
4 6 9
4 7 1
4 8 [2][2]
$400921FB54442D18,0
$401921FB54442D18,4055E
4 19 ->
5 20 [4][3]
$3FF,2*0
$0,3FF,0
$2*0,3FF
$3*0
5 21 3FE8
4 11 ->
5 15 14
5 16 1
5 17 [2][2]
$400921FB54442D18,0
$401921FB54442D18,4055E
4 18 NULL
4 12 0
4 13 1
4 14 [2][3]
$2*BFE8,0
$3FE8,0,4055E
@crv_array 22 0
2 22 [6]
3 22 ->
@crv_id 23 1
4 23 13
@feat_id 24 1
4 24 9
@type 25 1
4 25 0
@crv_pnt_dir 26 1
4 26 [2]
$1,-1
@crv_pnt_arr 27 2
4 27 [23][4]
$3FE8,3*0
$3FE7C176832A323R,3FBB530F1616E748,3FC247426BD47DE3,0
$3FE7071FF4D9FC41,3FCB0BDBFC31D4A,3FD247426BD47DE3,0
$3FE5D4C76B32A10F,3FD3F09EA3554E08,3FDB6AE3A1BEBCD3,0
$3FE430A9658BB48C,3FD9F364F519041,3FE247426BD47DE2,0
$3FE223534C6B9E7A,3FDF6EEDBF3304C9,3FE6D91306C99D5A,0
$3FDF6EEDBF3304CA,3FE223534C6B9E79,3FEB6AE3A1BEBCD4,0
$3FD9F364F519041,3FE430A9658BB48C,3FEFFCB43CB3DC4E,0
$3FD3F09EA3554E08,3FE5D4C76B32A10F,3FF247426BD47DE3,0
$3FCB0BDBFC31D49C,3FE7071FF4D9FC42,3FF4902AB94F0DA,0
$3FBB530F1616E75,3FE7C176832A323R,3FF6D91306C99D5B,0
$0,3FE8,3FF921FB54442D18,0
$BFBB530F1616E74R,3FE7C176832A3234,3FFB6AE3A1BEBCD4,0
$BFCB0BDBFC31D4A2,3FE7071FF4D9FC41,3FFDB3CBEF394C91,0
$BFD3F09EA3554E08,3FE5D4C76B32A10F,3FFFFCB43CB3DC4D,0
$BFD9F364F519040E,3FE430A9658BB48C,400122CE45173604,0
$BFDF6EEDBF3304CA,3FE223534C6B9E79,400247426BD47DE3,0
$BFE223534C6B9E79,3FDF6EEDBF3304CA,40036BB69291C5C1,0
$BFE430A9658BB48C,3FD9F364F519040E,4004902AB94F0DA,0
$BFE5D4C76B32A10F,3FD3F09EA3554E06,4005B49EE00C557E,0
$BFE7071FF4D9FC4,3FCB0BDBFC31D4A6,4006D91306C99D5B,0
$BFE7C176832A3234,3FBB530F1616E74R,4007FD872D86E53A,0
$BFE8,0,400921FB54442D18,0
@crv_hdr_geom_ptr[0] 28 1
4 28 12
@crv_hdr_geom_ptr[1] 29 1
4 29 18
@next_crv_hdr_ptr[0] 30 1
4 30 14
@next_crv_hdr_ptr[1] 31 1
4 31 19
@ref_geom[0] 32 1
4 32 0
@ref_geom[1] 33 1
4 33 0
3 22 ->
4 23 14
4 24 9
4 25 0
4 26 [2]
$1,-1
4 27 [23][4]
$BFE8,0,400921FB54442D18,0
$BFE7C176832A3234,BFBB530F1616E74R,400A466F7B0174F6,0
$BFE7071FF4D9FC42,BFCB0BDBFC31D49C,400B6AE3A1BEBCD4,0
$BFE5D4C76B32A10F,BFD3F09EA3554E06,400C8F57C87C04B2,0
$BFE430A9658BB48B,BFD9F364F5190412,400DB3CBEF394C91,0
$BFE223534C6B9E79,BFDF6EEDBF3304CA,400ED84015F6946F,0
$BFDF6EEDBF3304CA,BFE223534C6B9E79,400FFCB43CB3DC4D,0
$BFD9F364F519040E,BFE430A9658BB48C,4010909431B89216,0
$BFD3F09EA3554E06,BFE5D4C76B32A10F,401122CE45173605,0
$BFCB0BDBFC31D49C,BFE7071FF4D9FC42,4011B5085875D9F4,0
$BFBB530F1616E74R,BFE7C176832A3234,401247426BD47DE3,0
$0,BFE8,4012D97C7F3321D2,0
$3FBB530F1616E74R,BFE7C176832A3234,40136BB69291C5C1,0
$3FCB0BDBFC31D49C,BFE7071FF4D9FC42,4013FDF0A5F069B,0
$3FD3F09EA3554E06,BFE5D4C76B32A10F,4014902AB94F0D9F,0
$3FD9F364F519040E,BFE430A9658BB48C,40152264CCADB18E,0
$3FDF6EEDBF3304CF,BFE223534C6B9E76,4015B49EE00C557E,0
$3FE223534C6B9E76,BFDF6EEDBF3304CF,401646D8F36AF96C,0
$3FE430A9658BB48C,BFD9F364F519040E,4016D91306C99D5C,0
$3FE5D4C76B32A10F,BFD3F09EA3554E06,40176B4D1A28414B,0
$3FE7071FF4D9FC42,BFCB0BDBFC31D49C,4017FD872D86E53A,0
$3FE7C176832A3234,BFBB530F1616E74R,40188FC140E58929,0
$3FE8,0,401921FB54442D18,0
4 28 12
4 29 20
4 30 13
4 31 21
4 32 0
4 33 0
3 22 ->
4 23 16
4 24 9
4 25 0
4 26 [2]
$-1,1
4 27 [23][4]
$3FE8,2*0,4055E
$3FE7C176832A323R,3FBB530F1616E748,3FC247426BD47DE3,4055E
$3FE7071FF4D9FC41,3FCB0BDBFC31D4A,3FD247426BD47DE3,4055E
$3FE5D4C76B32A10F,3FD3F09EA3554E08,3FDB6AE3A1BEBCD3,4055E
$3FE430A9658BB48C,3FD9F364F519041,3FE247426BD47DE2,4055E
$3FE223534C6B9E7A,3FDF6EEDBF3304C9,3FE6D91306C99D5A,4055E
$3FDF6EEDBF3304CA,3FE223534C6B9E79,3FEB6AE3A1BEBCD4,4055E
$3FD9F364F519041,3FE430A9658BB48C,3FEFFCB43CB3DC4E,4055E
$3FD3F09EA3554E08,3FE5D4C76B32A10F,3FF247426BD47DE3,4055E
$3FCB0BDBFC31D49C,3FE7071FF4D9FC42,3FF4902AB94F0DA,4055E
$3FBB530F1616E75,3FE7C176832A323R,3FF6D91306C99D5B,4055E
$0,3FE8,3FF921FB54442D18,4055E
$BFBB530F1616E74R,3FE7C176832A3234,3FFB6AE3A1BEBCD4,4055E
$BFCB0BDBFC31D4A2,3FE7071FF4D9FC41,3FFDB3CBEF394C91,4055E
$BFD3F09EA3554E08,3FE5D4C76B32A10F,3FFFFCB43CB3DC4D,4055E
$BFD9F364F519040E,3FE430A9658BB48C,400122CE45173604,4055E
$BFDF6EEDBF3304CA,3FE223534C6B9E79,400247426BD47DE3,4055E
$BFE223534C6B9E79,3FDF6EEDBF3304CA,40036BB69291C5C1,4055E
$BFE430A9658BB48C,3FD9F364F519040E,4004902AB94F0DA,4055E
$BFE5D4C76B32A10F,3FD3F09EA3554E06,4005B49EE00C557E,4055E
$BFE7071FF4D9FC4,3FCB0BDBFC31D4A6,4006D91306C99D5B,4055E
$BFE7C176832A3234,3FBB530F1616E74R,4007FD872D86E53A,4055E
$BFE8,0,400921FB54442D18,4055E
4 28 15
4 29 18
4 30 17
4 31 21
4 32 0
4 33 0
3 22 ->
4 23 17
4 24 9
4 25 0
4 26 [2]
$-1,1
4 27 [23][4]
$BFE8,0,400921FB54442D18,4055E
$BFE7C176832A3234,BFBB530F1616E74R,400A466F7B0174F6,4055E
$BFE7071FF4D9FC42,BFCB0BDBFC31D49C,400B6AE3A1BEBCD4,4055E
$BFE5D4C76B32A10F,BFD3F09EA3554E06,400C8F57C87C04B2,4055E
$BFE430A9658BB48B,BFD9F364F5190412,400DB3CBEF394C91,4055E
$BFE223534C6B9E79,BFDF6EEDBF3304CA,400ED84015F6946F,4055E
$BFDF6EEDBF3304CA,BFE223534C6B9E79,400FFCB43CB3DC4D,4055E
$BFD9F364F519040E,BFE430A9658BB48C,4010909431B89216,4055E
$BFD3F09EA3554E06,BFE5D4C76B32A10F,401122CE45173605,4055E
$BFCB0BDBFC31D49C,BFE7071FF4D9FC42,4011B5085875D9F4,4055E
$BFBB530F1616E74R,BFE7C176832A3234,401247426BD47DE3,4055E
$0,BFE8,4012D97C7F3321D2,4055E
$3FBB530F1616E74R,BFE7C176832A3234,40136BB69291C5C1,4055E
$3FCB0BDBFC31D49C,BFE7071FF4D9FC42,4013FDF0A5F069B,4055E
$3FD3F09EA3554E06,BFE5D4C76B32A10F,4014902AB94F0D9F,4055E
$3FD9F364F519040E,BFE430A9658BB48C,40152264CCADB18E,4055E
$3FDF6EEDBF3304CF,BFE223534C6B9E76,4015B49EE00C557E,4055E
$3FE223534C6B9E76,BFDF6EEDBF3304CF,401646D8F36AF96C,4055E
$3FE430A9658BB48C,BFD9F364F519040E,4016D91306C99D5C,4055E
$3FE5D4C76B32A10F,BFD3F09EA3554E06,40176B4D1A28414B,4055E
$3FE7071FF4D9FC42,BFCB0BDBFC31D49C,4017FD872D86E53A,4055E
$3FE7C176832A3234,BFBB530F1616E74R,40188FC140E58929,4055E
$3FE8,0,401921FB54442D18,4055E
4 28 15
4 29 20
4 30 16
4 31 19
4 32 0
4 33 0
3 22 ->
4 23 19
4 24 9
4 25 1
4 26 [2]
$1,-1
4 27 [2][4]
$2*0,401921FB54442D18,0
$0,4055E,401921FB54442D18,4055E
4 28 18
4 29 20
4 30 16
4 31 14
4 32 0
4 33 0
3 22 ->
4 23 21
4 24 9
4 25 1
4 26 [2]
$1,-1
4 27 [2][4]
$400921FB54442D18,0,400921FB54442D18,0
$400921FB54442D18,4055E,400921FB54442D18,4055E
4 28 20
4 29 18
4 30 17
4 31 13
4 32 0
4 33 0
#NovisGeom
@Sld_NonVisGeom 1 0
0 1 ->
@inactive_geom 2 0
1 2 
@srf_array 3 0
2 3 [1]
3 3 ->
@geom_type 4 1
4 4 34
@geom_id 5 1
4 5 11
@feat_id 6 1
4 6 10
@boundary_type 7 1
4 7 -1
@envlp 8 2
4 8 [2][2]
$2*0
$2*0
@srf_prim_ptr(plane) 9 0
4 9 ->
@local_sys 10 2
5 10 [4][3]
$3FF,2*0
$0,3FF,0
$2*0,3FF
$3*0
@frst_cntr_ptr 11 0
4 11 NULL
@next_geom_ptr 12 1
4 12 0
@orient 13 1
4 13 1
@outline 14 2
4 14 [2][3]
$3*0
$3*0
@external_geom 15 0
1 15 
#ActEntity
@Sld_Entities 1 0
0 1 ->
@act_feat_ents 2 0
1 2 [4]
2 2 
@feat_id 3 1
3 3 1
@datum_id 4 1
3 4 2
@entity_ptr(cosmetic) 5 0
3 5 ->
@type 6 1
4 6 50
@id 7 1
4 7 -1
@gen_info 8 0
4 8 
@owner_type 9 1
4 9 1
@owner_id 10 1
4 10 2
@text_ptr 11 0
4 11 ->
@text_type 12 1
5 12 14
@text_value 13 10
5 13 DTM1
@txt_attrib 14 1
5 14 1
@owner_id 15 1
5 15 1
@height 16 2
5 16 BFF
@width_factor 17 2
5 17 BFF
@format_info 18 0
5 18 
@thickness 19 2
5 19 BFF
@cosm_disp_ents 20 0
4 20 ->
@first_disp_ent(line) 21 0
5 21 ->
@id 22 1
6 22 -1
@gen_info 23 0
6 23 
@flip 24 1
6 24 2
@end1 25 2
6 25 [3]
$BFF30086CC0F6B3A,BFDC021B303DACE7,0
@end2 26 2
6 26 [3]
$BFF30086CC0F6B3A,4055FC021B303DAD,0
@entity(line) 27 0
5 27 ->
6 22 -1
6 23 
6 24 2
6 25 [3]
$BFF30086CC0F6B3A,4055FC021B303DAD,0
6 26 [3]
$3FF30086CC0F6B3A,4055FC021B303DAD,0
5 27 ->
6 22 -1
6 23 
6 24 2
6 25 [3]
$3FF30086CC0F6B3A,4055FC021B303DAD,0
6 26 [3]
$3FF30086CC0F6B3A,BFDC021B303DACE7,0
5 27 ->
6 22 -1
6 23 
6 24 2
6 25 [3]
$3FF30086CC0F6B3A,BFDC021B303DACE7,0
6 26 [3]
$BFF30086CC0F6B3A,BFDC021B303DACE7,0
@plane_ptr 28 0
4 28 NULL
@attr 29 1
4 29 0
2 2 
3 3 5
3 4 6
3 5 ->
4 6 50
4 7 -1
4 8 
4 9 1
4 10 6
4 11 ->
5 12 14
5 13 DTM2
5 14 1
5 15 5
5 16 BFF
5 17 BFF
5 18 
5 19 BFF
4 20 ->
5 21 ->
6 22 -1
6 23 
6 24 6
6 25 [3]
$BFDC021B303DACE7,BFF30086CC0F6B3A,0
6 26 [3]
$BFDC021B303DACE7,3FF30086CC0F6B3A,0
5 27 ->
6 22 -1
6 23 
6 24 6
6 25 [3]
$BFDC021B303DACE7,3FF30086CC0F6B3A,0
6 26 [3]
$4055FC021B303DAD,3FF30086CC0F6B3A,0
5 27 ->
6 22 -1
6 23 
6 24 6
6 25 [3]
$4055FC021B303DAD,3FF30086CC0F6B3A,0
6 26 [3]
$4055FC021B303DAD,BFF30086CC0F6B3A,0
5 27 ->
6 22 -1
6 23 
6 24 6
6 25 [3]
$4055FC021B303DAD,BFF30086CC0F6B3A,0
6 26 [3]
$BFDC021B303DACE7,BFF30086CC0F6B3A,0
4 28 NULL
4 29 0
2 2 
3 3 7
3 4 8
3 5 ->
4 6 50
4 7 -1
4 8 
4 9 1
4 10 8
4 11 ->
5 12 14
5 13 DTM3
5 14 1
5 15 7
5 16 BFF
5 17 BFF
5 18 
5 19 BFF
4 20 ->
5 21 ->
6 22 -1
6 23 
6 24 8
6 25 [3]
$2*BFF30086CC0F6B3A,0
6 26 [3]
$BFF30086CC0F6B3A,3FF30086CC0F6B3A,0
5 27 ->
6 22 -1
6 23 
6 24 8
6 25 [3]
$BFF30086CC0F6B3A,3FF30086CC0F6B3A,0
6 26 [3]
$2*3FF30086CC0F6B3A,0
5 27 ->
6 22 -1
6 23 
6 24 8
6 25 [3]
$2*3FF30086CC0F6B3A,0
6 26 [3]
$3FF30086CC0F6B3A,BFF30086CC0F6B3A,0
5 27 ->
6 22 -1
6 23 
6 24 8
6 25 [3]
$3FF30086CC0F6B3A,BFF30086CC0F6B3A,0
6 26 [3]
$2*BFF30086CC0F6B3A,0
4 28 NULL
4 29 0
2 2 
3 3 9
3 4 -1
@entity_ptr(line3d) 30 0
3 30 ->
@type 31 1
4 31 11
@id 32 1
4 32 22
@gen_info 33 0
4 33 
@geom_id 34 1
4 34 18
@end1 35 2
4 35 [3]
$3*0
@end2 36 2
4 36 [3]
$BFE8,2*0
@entity(line3d) 37 0
3 37 ->
4 31 13
4 32 23
4 33 
@color 38 1
5 38 1
4 34 18
4 35 [3]
$3*0
4 36 [3]
$2*0,4055E
@entity(text) 39 0
3 39 ->
@text_type 40 1
4 40 19
@text_value 41 10
4 41 A_1
@txt_attrib 42 1
4 42 1
@coord 43 2
4 43 [3]
$407852B88606AE5E,408403A67BD5DB2A,C0884ACAA9FA58F
@height 44 2
4 44 BFF
@width_factor 45 2
4 45 BFF
@format_info 46 0
4 46 
@thickness 47 2
4 47 BFF
#AllFeatur
@Sld_Features 1 0
0 1 ->
@first_feat_ptr 2 0
1 2 ->
@id 3 1
2 3 1
@indep_attributes 4 1
2 4 4097
@feat_type_ptr 5 0
2 5 ->
@table_id 6 1
3 6 -1
@type 7 1
3 7 923
@feattype_key 8 10
3 8 NULL
@form 9 1
3 9 0
@attributes 10 1
3 10 [3]
$0,262144,0
@placement 11 1
3 11 0
@intersection 12 1
3 12 -1
@internal_udf_type 13 1
3 13 -1
@param_choice_ptr 14 0
3 14 ->
@blend_choice 15 1
4 15 0
@depth_choice 16 1
4 16 0
@angle_choice 17 1
4 17 -1
@pat_choice 18 1
4 18 -1
@round_choice 19 1
4 19 -1
@subsec_choice 20 1
4 20 -1
@sweep_choice 21 1
4 21 0
@dome_choice 22 1
4 22 0
@draft_choice 23 1
4 23 0
@misc_choice 24 1
4 24 [2]
$2*0
@assoc_type 25 1
3 25 0
@symbol_key 26 1
2 26 -1
@sect_name 27 10
2 27 DTM1
@model_type 28 1
2 28 2
@idtab_ptr 29 0
2 29 ->
@srf_id_arr 30 1
3 30 [1][4]
$2,3*0
@save_geoms 31 0
3 31 NULL
@cr_flags_xar 32 1
3 32 [29]
$3*-1,-2049,2*-1,-16777217,3*-1,-536870913,-1,-1126176897,-2,-2097185,
$-2097665,-1,-1073741843,-1,-1073741825,-257,-261121,-1,-32769,-1,-4194305,
$67108863,2*0
@cvt_feat_dat 33 0
3 33 NULL
@feat_dates_ptr 34 0
3 34 ->
@creat_date 35 1
4 35 180021
@regen_date 36 1
4 36 180021
@group_info_ptr 37 0
2 37 NULL
@intrs_pairs_ptr 38 0
2 38 ->
@place_rec_ptr 39 0
2 39 ->
@local_sys 40 2
3 40 [4][3]
$2*0,3FF
$3FF,2*0
$0,3FF,0
$3*0
@place_instruction_ptrs 41 0
3 41 [1]
4 41 ->
@type 42 1
5 42 513
@offset 43 2
5 43 0
@dim_id 44 1
5 44 -1
@ref_id 45 1
5 45 -1
@geometry1_id 46 1
5 46 -1
@geometry2_id 47 1
5 47 2
@memb_num1 48 1
5 48 0
@memb_num2 49 1
5 49 0
@attr 50 1
5 50 32768
@plin_info_arr 51 0
5 51 [2]
6 51 ->
@type 52 1
7 52 1
@data(plin_info_ref) 53 0
7 53 ->
@id_type1 54 1
8 54 -4
@id_type2 55 1
8 55 5
@offset2 56 2
8 56 0
6 51 ->
7 52 6
@data(plin_info_ui_step) 57 0
7 57 ->
@step_ids 58 1
8 58 [1]
9 58 -100
@own_ref_id 59 1
3 59 -1
@orient 60 1
3 60 1
@trf_arr 61 0
3 61 [1]
4 61 
@type 62 1
5 62 11
@idx 63 1
5 63 0
@transf 64 2
5 64 [4][3]
$2*0,3FF
$3FF,2*0
$0,3FF,0
$3*0
@next_prop 65 0
2 65 NULL
@first_geom_id 66 1
2 66 2
@cond_tbl_idx 67 1
2 67 -1
@comment 68 10
2 68 NULL
@merge_info_ptr 69 0
2 69 NULL
@topology_increment 70 0
2 70 ->
@first_geom 71 1
3 71 0
@first_quilt 72 1
3 72 0
@outline 73 2
3 73 [2][3]
$3*0
$3*0
@max_part_size 74 2
3 74 0
@xform_increment 75 0
3 75 NULL
@roll_back_id 76 1
3 76 -1
@state_ind 77 1
2 77 -1
@alumni_info 78 0
2 78 NULL
@revnum 79 1
2 79 1
@rev_rec 80 0
2 80 ->
@num_plins 81 1
3 81 1
@expl_state_ref 82 0
2 82 NULL
@feat_outl_info 83 0
2 83 ->
@ent_outl 84 2
3 84 [2][3]
$0,BFF30086CC0F6B3A,BFDC021B303DACE7
$0,3FF30086CC0F6B3A,4055FC021B303DAD
@next_feat_ptr 85 0
1 85 ->
2 3 5
2 4 4097
2 5 ->
3 6 -1
3 7 923
3 8 NULL
3 9 0
3 10 [3]
$0,262144,0
3 11 0
3 12 -1
3 13 -1
3 14 ->
4 15 0
4 16 0
4 17 -1
4 18 -1
4 19 -1
4 20 -1
4 21 0
4 22 0
4 23 0
4 24 [2]
$2*0
3 25 0
2 26 -1
2 27 DTM2
2 28 2
2 29 ->
3 30 [1][4]
$6,3*0
3 31 NULL
3 32 [29]
$3*-1,-2049,2*-1,-16777217,3*-1,-536870913,-1,-1126176897,-2,-2097185,
$-2097665,-1,-1073741843,-1,-1073741825,-257,-261121,-1,-32769,-1,-4194305,
$67108863,2*0
3 33 NULL
3 34 ->
4 35 180021
4 36 180021
2 37 NULL
2 38 ->
2 39 ->
3 40 [4][3]
$0,3FF,0
$2*0,3FF
$3FF,2*0
$3*0
3 41 [1]
4 41 ->
5 42 514
5 43 0
5 44 -1
5 45 -1
5 46 -1
5 47 6
5 48 0
5 49 0
5 50 32768
5 51 [2]
6 51 ->
7 52 1
7 53 ->
8 54 -4
8 55 5
8 56 0
6 51 ->
7 52 6
7 57 ->
8 58 [1]
9 58 -100
3 59 -1
3 60 1
3 61 [1]
4 61 
5 62 11
5 63 0
5 64 [4][3]
$0,3FF,0
$2*0,3FF
$3FF,2*0
$3*0
2 65 NULL
2 66 6
2 67 -1
2 68 NULL
2 69 NULL
2 70 ->
3 71 0
3 72 0
3 73 [2][3]
$3*0
$3*0
3 74 0
3 75 NULL
3 76 -1
2 77 -1
2 78 NULL
2 79 1
2 80 ->
3 81 1
2 82 NULL
2 83 ->
3 84 [2][3]
$BFF30086CC0F6B3A,0,BFDC021B303DACE7
$3FF30086CC0F6B3A,0,4055FC021B303DAD
1 85 ->
2 3 7
2 4 4097
2 5 ->
3 6 -1
3 7 923
3 8 NULL
3 9 0
3 10 [3]
$3*0
3 11 0
3 12 -1
3 13 -1
3 14 ->
4 15 0
4 16 0
4 17 -1
4 18 -1
4 19 -1
4 20 -1
4 21 0
4 22 0
4 23 0
4 24 [2]
$2*0
3 25 0
2 26 -1
2 27 DTM3
2 28 2
2 29 ->
3 30 [1][4]
$8,3*0
3 31 NULL
3 32 [29]
$3*-1,-2049,2*-1,-16777217,3*-1,-536870913,-1,-1126176897,-2,-2097185,
$-2097665,-1,-1073741843,-1,-1073741825,-257,-261121,-1,-32769,-1,-4194305,
$67108863,2*0
3 33 NULL
3 34 ->
4 35 180021
4 36 180021
2 37 NULL
2 38 ->
2 39 ->
3 40 [4][3]
$3FF,2*0
$0,3FF,0
$2*0,3FF
$3*0
3 41 [1]
4 41 ->
5 42 515
5 43 0
5 44 -1
5 45 -1
5 46 -1
5 47 8
5 48 0
5 49 0
5 50 32768
5 51 [2]
6 51 ->
7 52 1
7 53 ->
8 54 -4
8 55 5
8 56 0
6 51 ->
7 52 6
7 57 ->
8 58 [1]
9 58 -100
3 59 -1
3 60 1
3 61 [1]
4 61 
5 62 11
5 63 0
5 64 [4][3]
$3FF,2*0
$0,3FF,0
$2*0,3FF
$3*0
2 65 NULL
2 66 8
2 67 -1
2 68 NULL
2 69 NULL
2 70 ->
3 71 0
3 72 0
3 73 [2][3]
$3*0
$3*0
3 74 0
3 75 NULL
3 76 -1
2 77 -1
2 78 NULL
2 79 1
2 80 ->
3 81 1
2 82 NULL
2 83 ->
3 84 [2][3]
$2*BFF30086CC0F6B3A,0
$2*3FF30086CC0F6B3A,0
1 85 ->
2 3 10
2 4 4097
2 5 ->
3 6 -1
3 7 923
3 8 NULL
3 9 0
3 10 [3]
$3,2*0
3 11 0
3 12 -1
3 13 -1
3 14 ->
4 15 0
4 16 0
4 17 -1
4 18 970
4 19 -1
4 20 -1
4 21 0
4 22 0
4 23 0
4 24 [2]
$2*0
3 25 0
2 26 -1
2 27 no_name
2 28 2
2 29 ->
3 30 [1][4]
$11,3*0
3 31 NULL
3 32 [29]
$3*-1,-2049,2*-1,-16777217,3*-1,-536870913,-1,-1126176897,-2,-2097185,
$-2097665,-1,-1073741843,-1,-1073741825,-257,-261121,-1,-32769,-1,-4194305,
$67108863,2*0
3 33 NULL
3 34 ->
4 35 180021
4 36 180021
2 37 NULL
2 38 ->
2 39 ->
3 40 [4][3]
$3FF,2*0
$0,3FF,0
$2*0,3FF
$3*0
3 41 [2]
4 41 ->
5 42 509
5 43 3FF
5 44 -1
5 45 -1
5 46 8
5 47 11
5 48 0
5 49 0
5 50 32768
5 51 [2]
6 51 ->
7 52 1
7 53 ->
8 54 -4
8 55 5
8 56 0
6 51 ->
7 52 6
7 57 ->
8 58 [1]
9 58 -100
4 41 ->
5 42 510
5 43 3FF
5 44 -1
5 45 -1
5 46 6
5 47 11
5 48 0
5 49 0
5 50 32768
5 51 [2]
6 51 ->
7 52 1
7 53 ->
8 54 -4
8 55 5
8 56 0
6 51 ->
7 52 6
7 57 ->
8 58 [1]
9 58 -100
3 59 -1
3 60 1
3 61 [1]
4 61 
5 62 11
5 63 0
5 64 [4][3]
$3FF,2*0
$0,3FF,0
$2*0,3FF
$3*0
2 65 NULL
2 66 11
2 67 -1
2 68 NULL
2 69 NULL
@parent_table 86 1
2 86 [2]
$5,7
2 70 ->
3 71 0
3 72 0
3 73 [2][3]
$3*0
$3*0
3 74 0
3 75 NULL
3 76 -1
2 77 -1
2 78 NULL
2 79 0
2 80 ->
3 81 2
2 82 NULL
2 83 NULL
1 85 ->
2 3 9
2 4 4097
2 5 ->
3 6 -1
3 7 917
3 8 NULL
3 9 1
3 10 [3]
$0,65536,0
3 11 0
3 12 991
3 13 -1
3 14 ->
4 15 0
4 16 266240
4 17 -1
4 18 -1
4 19 -1
4 20 -1
4 21 0
4 22 0
4 23 0
4 24 [2]
$0,2
3 25 0
2 26 -1
2 27 no_name
2 28 2
2 29 ->
3 30 [4][4]
$12,204,2*0
$15,203,2*0
$18,200,2*0
$20,200,-1,0
@edg_id_arr 87 1
3 87 [6][6]
$13,221,3*0,12
$14,221,-1,2*0,12
$16,222,3*0,18
$17,222,-1,2*0,20
$19,303,2*0,-1,18
$21,303,-1,2*0,20
@misc_id_tab 88 0
3 88 [2]
4 88 
@misc_hist 89 1
5 89 [5]
$22,530,18,-1,500
4 88 
5 89 [5]
$23,531,18,-1,500
@dtm_id_tab 90 0
3 90 [1]
4 90 
@dtm_id 91 1
5 91 11
@dim_id 92 1
5 92 -1
3 31 ->
@sv_frst_geom 93 1
4 93 12
3 32 [29]
$3*-1,-2049,2*-1,-16777217,3*-1,-536870913,-1,-1126176897,-2,-2097185,
$-2097665,-1,-1073741843,-1,-1073741825,-257,-261121,-1,-32769,-1,-4194305,
$67108863,2*0
3 33 NULL
3 34 ->
4 35 180021
4 36 180021
2 37 NULL
2 38 ->
2 39 ->
3 40 [4][3]
$3FF,2*0
$0,3FF,0
$2*0,3FF
$3*0
3 41 [1]
4 41 ->
5 42 1853
5 43 0
5 44 3
5 45 -1
5 46 -1
5 47 -1
5 48 0
5 49 0
5 50 0
5 51 [1]
6 51 ->
7 52 6
7 57 ->
8 58 [1]
9 58 3
3 59 -1
3 60 0
3 61 [2]
4 61 
5 62 1
5 63 0
5 64 [4][3]
$3FF,2*0
$0,3FF,0
$2*0,3FF
$3*0
4 61 
5 62 12
5 63 0
5 64 [4][3]
$3FF,2*0
$0,3FF,0
$2*0,3FF
$3*0
2 65 NULL
2 66 12
@gsec_ptr 94 0
2 94 [1]
3 94 
@type 95 1
4 95 2
@is_ref_gsec 96 1
4 96 0
@name 97 10
4 97 S2D0004
@gsec2d_ptr 98 0
4 98 ->
@name 99 10
5 99 S2D0004
@segtab_ptr 100 0
5 100 [3]
6 100 
@type 101 1
7 101 10
@dir 102 1
7 102 [3]
$3*0
@pointid 103 1
7 103 [2]
$2*0
@cntrid 104 1
7 104 0
@arcorient 105 1
7 105 0
@verhor 106 1
7 106 0
@radius 107 1
7 107 0
@ext_id 108 1
7 108 0
@gen_info 109 0
7 109 
@ent_spec_data(null_ptr) 110 0
7 110 ->
@known_ent_info 111 0
7 111 
@attr 112 1
8 112 0
@known_ent_id 113 1
8 113 -1
6 100 
7 101 32770
7 102 [3]
$1,2*0
7 103 [2]
$1,2
7 104 2
7 105 0
7 106 1
7 107 0
7 108 1
7 109 
@attributes 114 1
8 114 8
7 110 ->
7 111 
8 112 0
8 113 -1
6 100 
7 101 32770
7 102 [3]
$0,-1,0
7 103 [2]
$3,4
7 104 4
7 105 0
7 106 0
7 107 0
7 108 2
7 109 
8 114 8
7 110 ->
7 111 
8 112 0
8 113 -1
@dimtab_ptr 115 0
5 115 [3]
6 115 
@type 116 1
7 116 42
@value 117 2
7 117 0
@direct 118 1
7 118 0
@property 119 1
7 119 0
@leftpt 120 1
7 120 [2]
@rightpt 121 1
7 121 [2]
@offset 122 2
7 122 0
@ext_id 123 1
7 123 0
@dispdimattr 124 0
7 124 
@dimattr 125 1
8 125 [4]
$4*0
@dim_ref 126 0
7 126 [2]
8 126 
@item_id 127 1
9 127 1
@sense 128 1
9 128 4
@point 129 1
9 129 [2]
$2*-1
8 126 
9 127 0
9 128 3
9 129 [2]
$2*-1
6 115 
7 116 42
7 117 0
7 118 0
7 119 0
7 120 [2]
7 121 [2]
7 122 0
7 123 1
7 124 
8 125 [4]
$4*0
7 126 [2]
8 126 
9 127 2
9 128 4
9 129 [2]
$2*-1
8 126 
9 127 0
9 128 3
9 129 [2]
$2*-1
6 115 
7 116 4
7 117 3FE8
7 118 0
7 119 0
7 120 [2]
7 121 [2]
7 122 0
7 123 2
7 124 
8 125 [4]
$34,3*0
7 126 [2]
8 126 
9 127 0
9 128 -1
9 129 [2]
$2*-1
8 126 
9 127 0
9 128 -1
9 129 [2]
$2*-1
@relat_ptr 130 0
5 130 [3]
6 130 
@id 131 1
7 131 0
@used 132 1
7 132 0
@a 133 1
7 133 [4]
$0,1,2*-1
@b 134 1
7 134 [4]
$2*1,2*0
@c 135 2
7 135 [4]
$3FF,BFF,3FF,0
@sign 136 1
7 136 0
@idim 137 1
7 137 -1
@type 138 1
7 138 0
6 130 
7 131 2
7 132 0
7 133 [4]
$0,3,2*-1
7 134 [4]
$4*0
7 135 [4]
$3FF,BFF,3FF,0
7 136 0
7 137 -1
7 138 0
6 130 
7 131 4
7 132 0
7 133 [4]
$4*0
7 134 [4]
$4*0
7 135 [4]
$4*3FF
7 136 1
7 137 2
7 138 14
@formula_ptr 139 1
5 139 [3]
$0,1,2
@qind 140 1
5 140 -1
@anchor 141 0
5 141 NULL
@totalpointid 142 1
5 142 5
@checkarcs_flag 143 1
5 143 1
@location 144 0
5 144 ->
@id 145 1
6 145 0
@param 146 2
6 146 0
@type 147 1
6 147 0
@nsket_info 148 0
5 148 ->
@scale 149 2
6 149 40556F5337AC211F
@m 150 1
6 150 8
@last_was_permanent 151 1
6 151 0
@unsolved_ptr 152 0
5 152 ->
@iges_file 153 10
6 153 NULL
@solve_version 154 1
5 154 1
@segdscr_tab 155 0
5 155 [3]
6 155 
@ent_mode 156 1
7 156 0
@segm_ent_ptr(ent_ptr) 157 0
7 157 ->
6 155 
7 156 0
7 157 ->
6 155 
7 156 0
7 157 ->
@gsec3d_ptr 158 0
4 158 ->
@type 159 1
5 159 7
@name 160 10
5 160 S2D0004
@flip 161 1
5 161 1
@own_ref_id 162 1
5 162 -1
@first_chain_ptr 163 0
5 163 NULL
@quilt_id 164 1
5 164 -1
@plane_id 165 1
5 165 11
@plane_flip 166 1
5 166 -1
@ref_planes 167 0
5 167 [2]
6 167 
@plane_id 168 1
7 168 6
@ref_type 169 1
7 169 5
@ext_ref_id 170 1
7 170 -1
@seg_id 171 1
7 171 1
@flip_flag 172 1
7 172 0
@save_entity_ptr(line) 173 0
7 173 ->
@type 174 1
8 174 32770
@id 175 1
8 175 0
@gen_info 176 0
8 176 
9 114 8
@end1 177 2
8 177 [3]
$3*0
@end2 178 2
8 178 [3]
$4059,2*0
@back_entity_ptr(line) 179 0
7 179 ->
8 174 32770
8 175 0
8 176 
9 114 8
8 177 [3]
$3*0
8 178 [3]
$4059,2*0
6 167 
7 168 2
7 169 5
7 170 -1
7 171 2
7 172 0
7 173 ->
8 174 32770
8 175 0
8 176 
9 114 8
8 177 [3]
$3*0
8 178 [3]
$0,C059,0
7 179 ->
8 174 32770
8 175 0
8 176 
9 114 8
8 177 [3]
$3*0
8 178 [3]
$0,C059,0
@order_ptr 180 0
4 180 [2]
5 180 
@id 181 1
6 181 0
@flip 182 1
6 182 2
5 180 
6 181 0
6 182 4
@dim_id_tab 183 1
4 183 [3]
$0,1,2
@attributes 184 1
4 184 262144
@xsec_id 185 1
4 185 -1
@gsec_info_arr 186 0
4 186 [1]
5 186 
@application_type 187 1
6 187 2
@application_id 188 1
6 188 1
@secsolve_revnum 189 1
4 189 0
@rel_accuracy 190 2
4 190 BFF
@cr_flags 191 1
4 191 63
@p_saved_result 192 0
4 192 ->
@entity(circle) 193 0
5 193 ->
@id 194 1
6 194 0
@gen_info 195 0
6 195 
@center 196 2
6 196 [3]
$3*0
@radius 197 2
6 197 3FE8
@entity(line) 198 0
5 198 ->
6 174 32770
6 175 1
6 176 
7 114 8
6 177 [3]
$3*0
6 178 [3]
$4059,2*0
5 198 ->
6 174 32770
6 175 2
6 176 
7 114 8
6 177 [3]
$3*0
6 178 [3]
$0,C059,0
@local_sys 199 2
5 199 [4][3]
$3FF,2*0
$0,3FF,0
$2*0,3FF
$3*0
2 67 -1
2 68 NULL
2 69 NULL
2 86 [3]
$1,5,10
2 70 ->
@crv_type 200 0
3 200 [6]
4 200 
@p_crv 201 1
5 201 13
@crv_type 202 1
5 202 7
4 200 
5 201 14
5 202 7
4 200 
5 201 16
5 202 7
4 200 
5 201 17
5 202 7
4 200 
5 201 19
5 202 7
4 200 
5 201 21
5 202 7
3 71 0
3 72 0
3 73 [2][3]
$3*0
$3*0
3 74 0
3 75 NULL
3 76 -1
2 77 -1
2 78 NULL
2 79 4
2 80 ->
@revnums 203 0
3 203 [2]
4 203 ->
@owner_type 204 1
5 204 4
@owner_ind 205 1
5 205 0
@ref_id 206 1
5 206 0
@ref_revnum 207 1
5 207 1
4 203 ->
5 204 4
5 205 0
5 206 1
5 207 1
3 81 1
2 82 NULL
2 83 ->
3 84 [2][3]
$3*0
$2*0,4055E
1 85 NULL
@layer_list 208 0
1 208 [5]
2 208 
@feat_id 209 1
3 209 1
@layer_id 210 1
3 210 0
@back_layer_id 211 1
3 211 0
2 208 
3 209 5
3 210 0
3 211 0
2 208 
3 209 7
3 210 0
3 211 0
2 208 
3 209 10
3 210 0
3 211 0
2 208 
3 209 9
3 210 0
3 211 0
#FullMData
@Sld_FullData 1 0
0 1 ->
@first_member_ptr 2 0
1 2 NULL
@alumni_members 3 0
1 3 NULL
@first_xsec_ptr 4 0
1 4 NULL
@lang_ptr 5 0
1 5 ->
@interact_on 6 1
2 6 -1
@first_csys_ptr 7 0
1 7 NULL
@dim_array 8 0
1 8 [4]
2 8 ->
@type 9 1
3 9 8
@dim_type 10 1
3 10 42
@feat_id 11 1
3 11 9
@attributes 12 1
3 12 32
@dim_dat_ptr 13 0
3 13 ->
@value 14 2
4 14 0
@bck_value 15 2
4 15 0
@tol_ptr 16 0
4 16 ->
@type 17 1
5 17 9
@tol_type 18 1
5 18 3
@dual_digits_diff 19 1
5 19 999
@value 20 2
5 20 [2]
$2*3F50624DD2F1A9FC
@nominal_value 21 2
4 21 0
@bound 22 1
4 22 20
@bck_bound 23 1
4 23 -1
@bck_tol_ptr 24 0
4 24 ->
@value 25 2
5 25 [2]
$2*3F50624DD2F1A9FC
@datum_def_id 26 1
4 26 -1
@places_denom 27 1
4 27 3
@bck_places_denom 28 1
4 28 3
@dim_data_attrib 29 1
4 29 0
@dim_cosm_ptr 30 0
3 30 ->
@d0 31 2
4 31 0
@d1 32 2
4 32 0
@d2 33 2
4 33 0
@d3 34 2
4 34 0
@ord_info 35 0
4 35 NULL
@attach_ptr 36 0
3 36 NULL
@dim_text_ptr 37 0
3 37 ->
@symbol 38 10
4 38 d0
@parent_dim_id 39 1
3 39 -1
2 8 ->
3 9 8
3 10 42
3 11 9
3 12 32
3 13 ->
4 14 0
4 15 0
4 16 ->
5 17 9
5 18 3
5 19 999
5 20 [2]
$2*3F50624DD2F1A9FC
4 21 0
4 22 20
4 23 -1
4 24 ->
5 25 [2]
$2*3F50624DD2F1A9FC
4 26 -1
4 27 3
4 28 3
4 29 0
3 30 ->
4 31 0
4 32 0
4 33 0
4 34 0
4 35 NULL
3 36 NULL
3 37 ->
4 38 d1
3 39 -1
2 8 ->
3 9 8
3 10 4
3 11 9
3 12 289
3 13 ->
4 14 3FF8
4 15 3FF8
4 16 ->
5 17 9
5 18 3
5 19 999
5 20 [2]
$2*3F50624DD2F1A9FC
4 21 3FF8
4 22 20
4 23 -1
4 24 ->
5 25 [2]
$2*3F50624DD2F1A9FC
4 26 -1
4 27 3
4 28 3
4 29 0
3 30 ->
4 31 3FE8
4 32 4047C0F4F1DCC8D5
4 33 BFA59EF60C134AB
4 34 403B1EDB6DB6DB6D
4 35 NULL
3 36 NULL
3 37 ->
4 38 d2
@line_array 40 0
4 40 [1]
5 40 
@text_array 41 0
6 41 [2]
7 41 
@text_type 42 1
8 42 54
@text_value 43 10
8 43 n
@txt_attrib 44 1
8 44 1024
@owner_id 45 1
8 45 2
@height 46 2
8 46 BFF
@width_factor 47 2
8 47 BFF
@format_info 48 0
8 48 
@thickness 49 2
8 49 BFF
7 41 
8 42 61
8 43 
8 44 1025
8 45 2
8 46 BFF
8 47 BFF
8 48 
8 49 BFF
3 39 -1
2 8 ->
3 9 8
3 10 62
3 11 9
3 12 385
3 13 ->
4 14 4055E
4 15 4055E
4 16 ->
5 17 9
5 18 3
5 19 999
5 20 [2]
$2*3F50624DD2F1A9FC
4 21 4055E
4 22 20
4 23 -1
4 24 ->
5 25 [2]
$2*3F50624DD2F1A9FC
4 26 -1
4 27 3
4 28 3
4 29 0
3 30 ->
4 31 0
4 32 0
4 33 0
4 34 0
4 35 NULL
3 36 NULL
3 37 ->
4 38 d3
3 39 -1
@ipar_num 50 1
1 50 0
@smt_info_ptr 51 0
1 51 NULL
@cable_info_ptr 52 0
1 52 NULL
@comp_info_ptr 53 0
1 53 NULL
@prt_misc_ptr 54 0
1 54 ->
@shrink_data_ptr 55 0
2 55 NULL
@expld_mv_info 56 0
1 56 ->
@act_expl_state 57 1
2 57 -1
@default_state 58 0
2 58 ->
@id 59 1
3 59 -1
@type 60 1
3 60 500
@state_type 61 1
3 61 0
@cur_stage_ind 62 1
3 62 -1
@stage_info 63 0
3 63 [1]
4 63 
@unexpl_subass_info 64 0
3 64 ->
@expld_comp_ref 65 0
3 65 ->
@comp_id 66 1
4 66 -1
@gen_info 67 0
3 67 
@font 68 1
4 68 5
@color 69 1
4 69 10
@state_info_ptr 70 0
1 70 NULL
@alumni_feats 71 0
1 71 NULL
@p_mdl_grid 72 0
1 72 NULL
@mdl_status_ptr 73 0
1 73 ->
@layer_list 74 0
2 74 [5]
3 74 
@feat_id 75 1
4 75 1
@layer_id 76 1
4 76 0
@back_layer_id 77 1
4 77 0
3 74 
4 75 5
4 76 0
4 77 0
3 74 
4 75 7
4 76 0
4 77 0
3 74 
4 75 10
4 76 0
4 77 0
3 74 
4 75 9
4 76 0
4 77 0
@rev_arr_sizes 78 0
2 78 [5]
3 78 
@rev 79 0
4 79 
@major_rev 80 1
5 80 1
@minor_rev 81 1
5 81 0
@array_sizes 82 0
4 82 [11]
5 82 
@ids_types 83 0
6 83 [10]
7 83 
@id 84 1
8 84 -1
@db_type 85 1
8 85 8
7 83 
8 84 -1
8 85 -1
7 83 
8 84 -1
8 85 -1
7 83 
8 84 -1
8 85 -1
7 83 
8 84 -1
8 85 -1
7 83 
8 84 -1
8 85 -1
7 83 
8 84 -1
8 85 -1
7 83 
8 84 -1
8 85 -1
7 83 
8 84 -1
8 85 -1
7 83 
8 84 -1
8 85 -1
@size 86 1
6 86 4
5 82 
6 83 [10]
7 83 
8 84 -1
8 85 69
7 83 
8 84 -1
8 85 -1
7 83 
8 84 -1
8 85 -1
7 83 
8 84 -1
8 85 -1
7 83 
8 84 -1
8 85 -1
7 83 
8 84 -1
8 85 -1
7 83 
8 84 -1
8 85 -1
7 83 
8 84 -1
8 85 -1
7 83 
8 84 -1
8 85 -1
7 83 
8 84 -1
8 85 -1
6 86 0
5 82 
6 83 [10]
7 83 
8 84 -1
8 85 28
7 83 
8 84 -1
8 85 -1
7 83 
8 84 -1
8 85 -1
7 83 
8 84 -1
8 85 -1
7 83 
8 84 -1
8 85 -1
7 83 
8 84 -1
8 85 -1
7 83 
8 84 -1
8 85 -1
7 83 
8 84 -1
8 85 -1
7 83 
8 84 -1
8 85 -1
7 83 
8 84 -1
8 85 -1
6 86 0
5 82 
6 83 [10]
7 83 
8 84 -1
8 85 32
7 83 
8 84 -1
8 85 -1
7 83 
8 84 -1
8 85 -1
7 83 
8 84 -1
8 85 -1
7 83 
8 84 -1
8 85 -1
7 83 
8 84 -1
8 85 -1
7 83 
8 84 -1
8 85 -1
7 83 
8 84 -1
8 85 -1
7 83 
8 84 -1
8 85 -1
7 83 
8 84 -1
8 85 -1
6 86 0
5 82 
6 83 [10]
7 83 
8 84 -1
8 85 42
7 83 
8 84 -1
8 85 -1
7 83 
8 84 -1
8 85 -1
7 83 
8 84 -1
8 85 -1
7 83 
8 84 -1
8 85 -1
7 83 
8 84 -1
8 85 -1
7 83 
8 84 -1
8 85 -1
7 83 
8 84 -1
8 85 -1
7 83 
8 84 -1
8 85 -1
7 83 
8 84 -1
8 85 -1
6 86 0
5 82 
6 83 [10]
7 83 
8 84 -1
8 85 39
7 83 
8 84 -1
8 85 -1
7 83 
8 84 -1
8 85 -1
7 83 
8 84 -1
8 85 -1
7 83 
8 84 -1
8 85 -1
7 83 
8 84 -1
8 85 -1
7 83 
8 84 -1
8 85 -1
7 83 
8 84 -1
8 85 -1
7 83 
8 84 -1
8 85 -1
7 83 
8 84 -1
8 85 -1
6 86 0
5 82 
6 83 [10]
7 83 
8 84 -1
8 85 68
7 83 
8 84 -1
8 85 -1
7 83 
8 84 -1
8 85 -1
7 83 
8 84 -1
8 85 -1
7 83 
8 84 -1
8 85 -1
7 83 
8 84 -1
8 85 -1
7 83 
8 84 -1
8 85 -1
7 83 
8 84 -1
8 85 -1
7 83 
8 84 -1
8 85 -1
7 83 
8 84 -1
8 85 -1
6 86 0
5 82 
6 83 [10]
7 83 
8 84 -1
8 85 200
7 83 
8 84 -1
8 85 -1
7 83 
8 84 -1
8 85 -1
7 83 
8 84 -1
8 85 -1
7 83 
8 84 -1
8 85 -1
7 83 
8 84 -1
8 85 -1
7 83 
8 84 -1
8 85 -1
7 83 
8 84 -1
8 85 -1
7 83 
8 84 -1
8 85 -1
7 83 
8 84 -1
8 85 -1
6 86 25
5 82 
6 83 [10]
7 83 
8 84 -1
8 85 320
7 83 
8 84 -1
8 85 -1
7 83 
8 84 -1
8 85 -1
7 83 
8 84 -1
8 85 -1
7 83 
8 84 -1
8 85 -1
7 83 
8 84 -1
8 85 -1
7 83 
8 84 -1
8 85 -1
7 83 
8 84 -1
8 85 -1
7 83 
8 84 -1
8 85 -1
7 83 
8 84 -1
8 85 -1
6 86 0
5 82 
6 83 [10]
7 83 
8 84 -1
8 85 321
7 83 
8 84 -1
8 85 -1
7 83 
8 84 -1
8 85 -1
7 83 
8 84 -1
8 85 -1
7 83 
8 84 -1
8 85 -1
7 83 
8 84 -1
8 85 -1
7 83 
8 84 -1
8 85 -1
7 83 
8 84 -1
8 85 -1
7 83 
8 84 -1
8 85 -1
7 83 
8 84 -1
8 85 -1
6 86 0
5 82 
6 83 [10]
7 83 
8 84 0
8 85 35
7 83 
8 84 -268493576
8 85 56271912
7 83 
8 84 0
8 85 15
7 83 
8 84 55217152
8 85 0
7 83 
8 84 -268492400
8 85 1
7 83 
8 84 -268492712
8 85 -290922668
7 83 
8 84 152126648
8 85 -1
7 83 
8 84 320
8 85 0
7 83 
8 84 0
8 85 131722888
7 83 
8 84 -268491280
8 85 14342828
6 86 1
3 78 
4 79 
5 80 1
5 81 0
4 82 [11]
5 82 
6 83 [10]
7 83 
8 84 -1
8 85 8
7 83 
8 84 -1
8 85 -1
7 83 
8 84 -1
8 85 -1
7 83 
8 84 -1
8 85 -1
7 83 
8 84 -1
8 85 -1
7 83 
8 84 -1
8 85 -1
7 83 
8 84 -1
8 85 -1
7 83 
8 84 -1
8 85 -1
7 83 
8 84 -1
8 85 -1
7 83 
8 84 -1
8 85 -1
6 86 4
5 82 
6 83 [10]
7 83 
8 84 -1
8 85 69
7 83 
8 84 -1
8 85 -1
7 83 
8 84 -1
8 85 -1
7 83 
8 84 -1
8 85 -1
7 83 
8 84 -1
8 85 -1
7 83 
8 84 -1
8 85 -1
7 83 
8 84 -1
8 85 -1
7 83 
8 84 -1
8 85 -1
7 83 
8 84 -1
8 85 -1
7 83 
8 84 -1
8 85 -1
6 86 0
5 82 
6 83 [10]
7 83 
8 84 -1
8 85 28
7 83 
8 84 -1
8 85 -1
7 83 
8 84 -1
8 85 -1
7 83 
8 84 -1
8 85 -1
7 83 
8 84 -1
8 85 -1
7 83 
8 84 -1
8 85 -1
7 83 
8 84 -1
8 85 -1
7 83 
8 84 -1
8 85 -1
7 83 
8 84 -1
8 85 -1
7 83 
8 84 -1
8 85 -1
6 86 0
5 82 
6 83 [10]
7 83 
8 84 -1
8 85 32
7 83 
8 84 -1
8 85 -1
7 83 
8 84 -1
8 85 -1
7 83 
8 84 -1
8 85 -1
7 83 
8 84 -1
8 85 -1
7 83 
8 84 -1
8 85 -1
7 83 
8 84 -1
8 85 -1
7 83 
8 84 -1
8 85 -1
7 83 
8 84 -1
8 85 -1
7 83 
8 84 -1
8 85 -1
6 86 0
5 82 
6 83 [10]
7 83 
8 84 -1
8 85 42
7 83 
8 84 -1
8 85 -1
7 83 
8 84 -1
8 85 -1
7 83 
8 84 -1
8 85 -1
7 83 
8 84 -1
8 85 -1
7 83 
8 84 -1
8 85 -1
7 83 
8 84 -1
8 85 -1
7 83 
8 84 -1
8 85 -1
7 83 
8 84 -1
8 85 -1
7 83 
8 84 -1
8 85 -1
6 86 0
5 82 
6 83 [10]
7 83 
8 84 -1
8 85 39
7 83 
8 84 -1
8 85 -1
7 83 
8 84 -1
8 85 -1
7 83 
8 84 -1
8 85 -1
7 83 
8 84 -1
8 85 -1
7 83 
8 84 -1
8 85 -1
7 83 
8 84 -1
8 85 -1
7 83 
8 84 -1
8 85 -1
7 83 
8 84 -1
8 85 -1
7 83 
8 84 -1
8 85 -1
6 86 0
5 82 
6 83 [10]
7 83 
8 84 -1
8 85 68
7 83 
8 84 -1
8 85 -1
7 83 
8 84 -1
8 85 -1
7 83 
8 84 -1
8 85 -1
7 83 
8 84 -1
8 85 -1
7 83 
8 84 -1
8 85 -1
7 83 
8 84 -1
8 85 -1
7 83 
8 84 -1
8 85 -1
7 83 
8 84 -1
8 85 -1
7 83 
8 84 -1
8 85 -1
6 86 0
5 82 
6 83 [10]
7 83 
8 84 -1
8 85 200
7 83 
8 84 -1
8 85 -1
7 83 
8 84 -1
8 85 -1
7 83 
8 84 -1
8 85 -1
7 83 
8 84 -1
8 85 -1
7 83 
8 84 -1
8 85 -1
7 83 
8 84 -1
8 85 -1
7 83 
8 84 -1
8 85 -1
7 83 
8 84 -1
8 85 -1
7 83 
8 84 -1
8 85 -1
6 86 25
5 82 
6 83 [10]
7 83 
8 84 -1
8 85 320
7 83 
8 84 -1
8 85 -1
7 83 
8 84 -1
8 85 -1
7 83 
8 84 -1
8 85 -1
7 83 
8 84 -1
8 85 -1
7 83 
8 84 -1
8 85 -1
7 83 
8 84 -1
8 85 -1
7 83 
8 84 -1
8 85 -1
7 83 
8 84 -1
8 85 -1
7 83 
8 84 -1
8 85 -1
6 86 0
5 82 
6 83 [10]
7 83 
8 84 -1
8 85 321
7 83 
8 84 -1
8 85 -1
7 83 
8 84 -1
8 85 -1
7 83 
8 84 -1
8 85 -1
7 83 
8 84 -1
8 85 -1
7 83 
8 84 -1
8 85 -1
7 83 
8 84 -1
8 85 -1
7 83 
8 84 -1
8 85 -1
7 83 
8 84 -1
8 85 -1
7 83 
8 84 -1
8 85 -1
6 86 0
5 82 
6 83 [10]
7 83 
8 84 0
8 85 35
7 83 
8 84 0
8 85 72236680
7 83 
8 84 0
8 85 55331080
7 83 
8 84 55384064
8 85 4
7 83 
8 84 -268478768
8 85 1
7 83 
8 84 -268479080
8 85 -290922668
7 83 
8 84 72175992
8 85 -1
7 83 
8 84 320
8 85 0
7 83 
8 84 0
8 85 72234216
7 83 
8 84 -268477648
8 85 14407636
6 86 1
3 78 
4 79 
5 80 1
5 81 1
4 82 [11]
5 82 
6 83 [10]
7 83 
8 84 -1
8 85 8
7 83 
8 84 -1
8 85 -1
7 83 
8 84 -1
8 85 -1
7 83 
8 84 -1
8 85 -1
7 83 
8 84 -1
8 85 -1
7 83 
8 84 -1
8 85 -1
7 83 
8 84 -1
8 85 -1
7 83 
8 84 -1
8 85 -1
7 83 
8 84 -1
8 85 -1
7 83 
8 84 -1
8 85 -1
6 86 4
5 82 
6 83 [10]
7 83 
8 84 -1
8 85 69
7 83 
8 84 -1
8 85 -1
7 83 
8 84 -1
8 85 -1
7 83 
8 84 -1
8 85 -1
7 83 
8 84 -1
8 85 -1
7 83 
8 84 -1
8 85 -1
7 83 
8 84 -1
8 85 -1
7 83 
8 84 -1
8 85 -1
7 83 
8 84 -1
8 85 -1
7 83 
8 84 -1
8 85 -1
6 86 0
5 82 
6 83 [10]
7 83 
8 84 -1
8 85 28
7 83 
8 84 -1
8 85 -1
7 83 
8 84 -1
8 85 -1
7 83 
8 84 -1
8 85 -1
7 83 
8 84 -1
8 85 -1
7 83 
8 84 -1
8 85 -1
7 83 
8 84 -1
8 85 -1
7 83 
8 84 -1
8 85 -1
7 83 
8 84 -1
8 85 -1
7 83 
8 84 -1
8 85 -1
6 86 0
5 82 
6 83 [10]
7 83 
8 84 -1
8 85 32
7 83 
8 84 -1
8 85 -1
7 83 
8 84 -1
8 85 -1
7 83 
8 84 -1
8 85 -1
7 83 
8 84 -1
8 85 -1
7 83 
8 84 -1
8 85 -1
7 83 
8 84 -1
8 85 -1
7 83 
8 84 -1
8 85 -1
7 83 
8 84 -1
8 85 -1
7 83 
8 84 -1
8 85 -1
6 86 0
5 82 
6 83 [10]
7 83 
8 84 -1
8 85 42
7 83 
8 84 -1
8 85 -1
7 83 
8 84 -1
8 85 -1
7 83 
8 84 -1
8 85 -1
7 83 
8 84 -1
8 85 -1
7 83 
8 84 -1
8 85 -1
7 83 
8 84 -1
8 85 -1
7 83 
8 84 -1
8 85 -1
7 83 
8 84 -1
8 85 -1
7 83 
8 84 -1
8 85 -1
6 86 0
5 82 
6 83 [10]
7 83 
8 84 -1
8 85 39
7 83 
8 84 -1
8 85 -1
7 83 
8 84 -1
8 85 -1
7 83 
8 84 -1
8 85 -1
7 83 
8 84 -1
8 85 -1
7 83 
8 84 -1
8 85 -1
7 83 
8 84 -1
8 85 -1
7 83 
8 84 -1
8 85 -1
7 83 
8 84 -1
8 85 -1
7 83 
8 84 -1
8 85 -1
6 86 0
5 82 
6 83 [10]
7 83 
8 84 -1
8 85 68
7 83 
8 84 -1
8 85 -1
7 83 
8 84 -1
8 85 -1
7 83 
8 84 -1
8 85 -1
7 83 
8 84 -1
8 85 -1
7 83 
8 84 -1
8 85 -1
7 83 
8 84 -1
8 85 -1
7 83 
8 84 -1
8 85 -1
7 83 
8 84 -1
8 85 -1
7 83 
8 84 -1
8 85 -1
6 86 0
5 82 
6 83 [10]
7 83 
8 84 -1
8 85 200
7 83 
8 84 -1
8 85 -1
7 83 
8 84 -1
8 85 -1
7 83 
8 84 -1
8 85 -1
7 83 
8 84 -1
8 85 -1
7 83 
8 84 -1
8 85 -1
7 83 
8 84 -1
8 85 -1
7 83 
8 84 -1
8 85 -1
7 83 
8 84 -1
8 85 -1
7 83 
8 84 -1
8 85 -1
6 86 25
5 82 
6 83 [10]
7 83 
8 84 -1
8 85 320
7 83 
8 84 -1
8 85 -1
7 83 
8 84 -1
8 85 -1
7 83 
8 84 -1
8 85 -1
7 83 
8 84 -1
8 85 -1
7 83 
8 84 -1
8 85 -1
7 83 
8 84 -1
8 85 -1
7 83 
8 84 -1
8 85 -1
7 83 
8 84 -1
8 85 -1
7 83 
8 84 -1
8 85 -1
6 86 0
5 82 
6 83 [10]
7 83 
8 84 -1
8 85 321
7 83 
8 84 -1
8 85 -1
7 83 
8 84 -1
8 85 -1
7 83 
8 84 -1
8 85 -1
7 83 
8 84 -1
8 85 -1
7 83 
8 84 -1
8 85 -1
7 83 
8 84 -1
8 85 -1
7 83 
8 84 -1
8 85 -1
7 83 
8 84 -1
8 85 -1
7 83 
8 84 -1
8 85 -1
6 86 0
5 82 
6 83 [10]
7 83 
8 84 0
8 85 35
7 83 
8 84 -268465712
8 85 76295136
7 83 
8 84 0
8 85 15
7 83 
8 84 55217152
8 85 4
7 83 
8 84 -268464536
8 85 1
7 83 
8 84 -268464848
8 85 -290922668
7 83 
8 84 78633800
8 85 -1
7 83 
8 84 320
8 85 0
7 83 
8 84 0
8 85 76312608
7 83 
8 84 -268463416
8 85 14342828
6 86 1
3 78 
4 79 
5 80 1
5 81 2
4 82 [11]
5 82 
6 83 [10]
7 83 
8 84 -1
8 85 8
7 83 
8 84 -1
8 85 -1
7 83 
8 84 -1
8 85 -1
7 83 
8 84 -1
8 85 -1
7 83 
8 84 -1
8 85 -1
7 83 
8 84 -1
8 85 -1
7 83 
8 84 -1
8 85 -1
7 83 
8 84 -1
8 85 -1
7 83 
8 84 -1
8 85 -1
7 83 
8 84 -1
8 85 -1
6 86 4
5 82 
6 83 [10]
7 83 
8 84 -1
8 85 69
7 83 
8 84 -1
8 85 -1
7 83 
8 84 -1
8 85 -1
7 83 
8 84 -1
8 85 -1
7 83 
8 84 -1
8 85 -1
7 83 
8 84 -1
8 85 -1
7 83 
8 84 -1
8 85 -1
7 83 
8 84 -1
8 85 -1
7 83 
8 84 -1
8 85 -1
7 83 
8 84 -1
8 85 -1
6 86 0
5 82 
6 83 [10]
7 83 
8 84 -1
8 85 28
7 83 
8 84 -1
8 85 -1
7 83 
8 84 -1
8 85 -1
7 83 
8 84 -1
8 85 -1
7 83 
8 84 -1
8 85 -1
7 83 
8 84 -1
8 85 -1
7 83 
8 84 -1
8 85 -1
7 83 
8 84 -1
8 85 -1
7 83 
8 84 -1
8 85 -1
7 83 
8 84 -1
8 85 -1
6 86 0
5 82 
6 83 [10]
7 83 
8 84 -1
8 85 32
7 83 
8 84 -1
8 85 -1
7 83 
8 84 -1
8 85 -1
7 83 
8 84 -1
8 85 -1
7 83 
8 84 -1
8 85 -1
7 83 
8 84 -1
8 85 -1
7 83 
8 84 -1
8 85 -1
7 83 
8 84 -1
8 85 -1
7 83 
8 84 -1
8 85 -1
7 83 
8 84 -1
8 85 -1
6 86 0
5 82 
6 83 [10]
7 83 
8 84 -1
8 85 42
7 83 
8 84 -1
8 85 -1
7 83 
8 84 -1
8 85 -1
7 83 
8 84 -1
8 85 -1
7 83 
8 84 -1
8 85 -1
7 83 
8 84 -1
8 85 -1
7 83 
8 84 -1
8 85 -1
7 83 
8 84 -1
8 85 -1
7 83 
8 84 -1
8 85 -1
7 83 
8 84 -1
8 85 -1
6 86 0
5 82 
6 83 [10]
7 83 
8 84 -1
8 85 39
7 83 
8 84 -1
8 85 -1
7 83 
8 84 -1
8 85 -1
7 83 
8 84 -1
8 85 -1
7 83 
8 84 -1
8 85 -1
7 83 
8 84 -1
8 85 -1
7 83 
8 84 -1
8 85 -1
7 83 
8 84 -1
8 85 -1
7 83 
8 84 -1
8 85 -1
7 83 
8 84 -1
8 85 -1
6 86 0
5 82 
6 83 [10]
7 83 
8 84 -1
8 85 68
7 83 
8 84 -1
8 85 -1
7 83 
8 84 -1
8 85 -1
7 83 
8 84 -1
8 85 -1
7 83 
8 84 -1
8 85 -1
7 83 
8 84 -1
8 85 -1
7 83 
8 84 -1
8 85 -1
7 83 
8 84 -1
8 85 -1
7 83 
8 84 -1
8 85 -1
7 83 
8 84 -1
8 85 -1
6 86 0
5 82 
6 83 [10]
7 83 
8 84 -1
8 85 200
7 83 
8 84 -1
8 85 -1
7 83 
8 84 -1
8 85 -1
7 83 
8 84 -1
8 85 -1
7 83 
8 84 -1
8 85 -1
7 83 
8 84 -1
8 85 -1
7 83 
8 84 -1
8 85 -1
7 83 
8 84 -1
8 85 -1
7 83 
8 84 -1
8 85 -1
7 83 
8 84 -1
8 85 -1
6 86 25
5 82 
6 83 [10]
7 83 
8 84 -1
8 85 320
7 83 
8 84 -1
8 85 -1
7 83 
8 84 -1
8 85 -1
7 83 
8 84 -1
8 85 -1
7 83 
8 84 -1
8 85 -1
7 83 
8 84 -1
8 85 -1
7 83 
8 84 -1
8 85 -1
7 83 
8 84 -1
8 85 -1
7 83 
8 84 -1
8 85 -1
7 83 
8 84 -1
8 85 -1
6 86 0
5 82 
6 83 [10]
7 83 
8 84 -1
8 85 321
7 83 
8 84 -1
8 85 -1
7 83 
8 84 -1
8 85 -1
7 83 
8 84 -1
8 85 -1
7 83 
8 84 -1
8 85 -1
7 83 
8 84 -1
8 85 -1
7 83 
8 84 -1
8 85 -1
7 83 
8 84 -1
8 85 -1
7 83 
8 84 -1
8 85 -1
7 83 
8 84 -1
8 85 -1
6 86 0
5 82 
6 83 [10]
7 83 
8 84 0
8 85 35
7 83 
8 84 -268479264
8 85 76685816
7 83 
8 84 0
8 85 15
7 83 
8 84 0
8 85 0
7 83 
8 84 0
8 85 0
7 83 
8 84 0
8 85 -290922668
7 83 
8 84 75675624
8 85 -1
7 83 
8 84 320
8 85 0
7 83 
8 84 0
8 85 76681264
7 83 
8 84 -268476968
8 85 14342828
6 86 1
3 78 
4 79 
5 80 1
5 81 3
4 82 [11]
5 82 
6 83 [10]
7 83 
8 84 -1
8 85 8
7 83 
8 84 -1
8 85 -1
7 83 
8 84 -1
8 85 -1
7 83 
8 84 -1
8 85 -1
7 83 
8 84 -1
8 85 -1
7 83 
8 84 -1
8 85 -1
7 83 
8 84 -1
8 85 -1
7 83 
8 84 -1
8 85 -1
7 83 
8 84 -1
8 85 -1
7 83 
8 84 -1
8 85 -1
6 86 4
5 82 
6 83 [10]
7 83 
8 84 -1
8 85 69
7 83 
8 84 -1
8 85 -1
7 83 
8 84 -1
8 85 -1
7 83 
8 84 -1
8 85 -1
7 83 
8 84 -1
8 85 -1
7 83 
8 84 -1
8 85 -1
7 83 
8 84 -1
8 85 -1
7 83 
8 84 -1
8 85 -1
7 83 
8 84 -1
8 85 -1
7 83 
8 84 -1
8 85 -1
6 86 0
5 82 
6 83 [10]
7 83 
8 84 -1
8 85 28
7 83 
8 84 -1
8 85 -1
7 83 
8 84 -1
8 85 -1
7 83 
8 84 -1
8 85 -1
7 83 
8 84 -1
8 85 -1
7 83 
8 84 -1
8 85 -1
7 83 
8 84 -1
8 85 -1
7 83 
8 84 -1
8 85 -1
7 83 
8 84 -1
8 85 -1
7 83 
8 84 -1
8 85 -1
6 86 0
5 82 
6 83 [10]
7 83 
8 84 -1
8 85 32
7 83 
8 84 -1
8 85 -1
7 83 
8 84 -1
8 85 -1
7 83 
8 84 -1
8 85 -1
7 83 
8 84 -1
8 85 -1
7 83 
8 84 -1
8 85 -1
7 83 
8 84 -1
8 85 -1
7 83 
8 84 -1
8 85 -1
7 83 
8 84 -1
8 85 -1
7 83 
8 84 -1
8 85 -1
6 86 0
5 82 
6 83 [10]
7 83 
8 84 -1
8 85 42
7 83 
8 84 -1
8 85 -1
7 83 
8 84 -1
8 85 -1
7 83 
8 84 -1
8 85 -1
7 83 
8 84 -1
8 85 -1
7 83 
8 84 -1
8 85 -1
7 83 
8 84 -1
8 85 -1
7 83 
8 84 -1
8 85 -1
7 83 
8 84 -1
8 85 -1
7 83 
8 84 -1
8 85 -1
6 86 0
5 82 
6 83 [10]
7 83 
8 84 -1
8 85 39
7 83 
8 84 -1
8 85 -1
7 83 
8 84 -1
8 85 -1
7 83 
8 84 -1
8 85 -1
7 83 
8 84 -1
8 85 -1
7 83 
8 84 -1
8 85 -1
7 83 
8 84 -1
8 85 -1
7 83 
8 84 -1
8 85 -1
7 83 
8 84 -1
8 85 -1
7 83 
8 84 -1
8 85 -1
6 86 0
5 82 
6 83 [10]
7 83 
8 84 -1
8 85 68
7 83 
8 84 -1
8 85 -1
7 83 
8 84 -1
8 85 -1
7 83 
8 84 -1
8 85 -1
7 83 
8 84 -1
8 85 -1
7 83 
8 84 -1
8 85 -1
7 83 
8 84 -1
8 85 -1
7 83 
8 84 -1
8 85 -1
7 83 
8 84 -1
8 85 -1
7 83 
8 84 -1
8 85 -1
6 86 0
5 82 
6 83 [10]
7 83 
8 84 -1
8 85 200
7 83 
8 84 -1
8 85 -1
7 83 
8 84 -1
8 85 -1
7 83 
8 84 -1
8 85 -1
7 83 
8 84 -1
8 85 -1
7 83 
8 84 -1
8 85 -1
7 83 
8 84 -1
8 85 -1
7 83 
8 84 -1
8 85 -1
7 83 
8 84 -1
8 85 -1
7 83 
8 84 -1
8 85 -1
6 86 25
5 82 
6 83 [10]
7 83 
8 84 -1
8 85 320
7 83 
8 84 -1
8 85 -1
7 83 
8 84 -1
8 85 -1
7 83 
8 84 -1
8 85 -1
7 83 
8 84 -1
8 85 -1
7 83 
8 84 -1
8 85 -1
7 83 
8 84 -1
8 85 -1
7 83 
8 84 -1
8 85 -1
7 83 
8 84 -1
8 85 -1
7 83 
8 84 -1
8 85 -1
6 86 0
5 82 
6 83 [10]
7 83 
8 84 -1
8 85 321
7 83 
8 84 -1
8 85 -1
7 83 
8 84 -1
8 85 -1
7 83 
8 84 -1
8 85 -1
7 83 
8 84 -1
8 85 -1
7 83 
8 84 -1
8 85 -1
7 83 
8 84 -1
8 85 -1
7 83 
8 84 -1
8 85 -1
7 83 
8 84 -1
8 85 -1
7 83 
8 84 -1
8 85 -1
6 86 0
5 82 
6 83 [10]
7 83 
8 84 0
8 85 35
7 83 
8 84 1
8 85 2147421148
7 83 
8 84 24878200
8 85 0
7 83 
8 84 0
8 85 276047408
7 83 
8 84 41464812
8 85 0
7 83 
8 84 -1
8 85 321
7 83 
8 84 -1
8 85 -1
7 83 
8 84 -1
8 85 -1
7 83 
8 84 -1
8 85 276047408
7 83 
8 84 28066520
8 85 -1
6 86 1
@orig_name 87 10
2 87 NULL
@rev_modif_types 88 0
2 88 [5]
3 88 
@rev 89 0
4 89 
5 80 1
5 81 0
3 88 
4 89 
5 80 1
5 81 0
3 88 
4 89 
5 80 1
5 81 1
3 88 
4 89 
5 80 1
5 81 2
3 88 
4 89 
5 80 1
5 81 3
@ribbon_info_ptr 90 0
1 90 NULL
@p_xref_data 91 0
1 91 ->
#ModelView#0
@View 1 0
0 1 ->
@id 2 1
1 2 0
@viewattr 3 0
1 3 
@attr_arr 4 1
2 4 [4]
$1,3*0
@mpoint 5 0
1 5 
@id 6 1
2 6 0
@coord 7 2
2 7 [3]
$2*0,4045E
@first_instr_ptr 8 0
2 8 NULL
@attach_ptr 9 0
2 9 NULL
@vpoint 10 0
1 10 
2 6 0
2 7 [3]
$407F4,407A5E,0
2 8 NULL
2 9 NULL
@orient 11 2
1 11 [4][4]
$3FEC2C39E954E9E1,3FBD0392BC5810B,3FDD78B4827AD92C,0
$BFCEB73A979348C4,3FEE35412CA6A834,3FCCFC3B31655BAR,0
$BFDA2DB8085DE262,BFD3D4DBE6DF3228,3FEB7724C4CC3B19,0
$3*0,3FF
@local_sys 12 2
1 12 [4][4]
$4020CF6C56DF7D4,3FF14FEAD9EDC139,401195CEE56D198D,0
$C00253DDC9D5AEC8,402206500EC1C1A7,40014B895B7B5CA9,0
$C00F3D9F7169634,C007AA90CA1EDE76,4020635FC0DBF673,0
$4084F6C7FFA1C2B6,40813A663E8AC685,C086C2DC3203DE1B,3FF
@first_instr_ptr 13 0
1 13 ->
@type 14 1
2 14 100
@geom_id 15 1
2 15 -1
@view_id 16 1
2 16 -1
@memb_num 17 1
2 17 0
@offset 18 2
2 18 0
@matrix 19 0
2 19 NULL
@next_instr_ptr 20 0
1 20 ->
2 14 301
2 15 -1
2 16 -1
2 17 0
2 18 40231809FA68CD7C
2 19 NULL
1 20 ->
2 14 125
2 15 -1
2 16 -1
2 17 0
2 18 0
2 19 ->
@matrix 21 2
3 21 [4][4]
$3FEF75AF190F414,BFBBCABCACD25012,3FC2DAC60E3DA3F,0
$3FC5EB697A602963,3FEA8B7CFF54E393,BFE1028FC4112BA4,0
$BFB081F3F843344,3FE187AE22C62FA8,3FEAB10C5A31161A,0
$3*0,3FF
1 20 NULL
@outer_xsec_index 22 1
1 22 -1
@next_view_id 23 1
1 23 -2
@simp_rep_id 24 1
1 24 0
@name 25 10
1 25 no name
@matrix 26 2
1 26 [4][4]
$3FF,3*0
$0,3FF,2*0
$2*0,3FF,0
$3*0,3FF
@fit_outline 27 2
1 27 [2][3]
$4059,405518,C0871DDB7A5B014R
$408C2,4087BB,0
@det_info_ptr 28 0
1 28 NULL
@named_view_pzmatr 29 0
1 29 NULL
@page_id 30 1
1 30 0
@model_name 31 10
1 31 NULL
@unrep_model_name 32 10
1 32 NULL
@saved_pro_dls 33 0
1 33 ->
@dlists 34 0
2 34 [4]
3 34 
@appl_type 35 1
4 35 1
@dl_type 36 1
4 36 5
@dl_id 37 1
4 37 0
@list_ptr 38 0
4 38 ->
@disp_list_valid 39 1
5 39 1
@pending 40 1
5 40 0
@disp_list_status 41 1
5 41 3
@disp_list_version 42 1
5 42 1
@view_matrix 43 2
5 43 [4][4]
$4020CF6C56DF7D4,3FF14FEAD9EDC139,401195CEE56D198D,0
$C00253DDC9D5AEC8,402206500EC1C1A7,40014B895B7B5CA9,0
$C00F3D9F7169634,C007AA90CA1EDE76,4020635FC0DBF673,0
$4084F6C7FFA1C2B6,40813A663E8AC685,C086C2DC3203DE1B,3FF
@outline 44 2
5 44 [2][3]
$2*BFE8,0
$2*3FE8,4055E
@dl_block_mem_size 45 0
5 45 
@dl_block_mem_size 46 1
6 46 32768
@list 47 0
5 47 ->
@ptr 48 0
6 48 [6]
7 48 
@data(dl_clump) 49 0
8 49 ->
@dl_header 50 0
9 50 
@header 51 0
10 51 
@type 52 5
11 52 30
@count 53 5
11 53 1
@size 54 1
11 54 56
@size 55 1
9 55 84
@keys 56 1
9 56 [4]
$23,3*-1
@clump_size 57 1
9 57 84
@outline 58 0
9 58 NULL
7 48 
@data(dl_int) 59 0
8 59 ->
@dl_header 60 0
9 60 
10 51 
11 52 23
11 53 1
11 54 16
@value_int 61 1
9 61 33554434
7 48 
@data(dl_header) 62 0
8 62 ->
9 51 
10 52 31
10 53 0
10 54 12
7 48 
8 49 ->
9 50 
10 51 
11 52 30
11 53 1
11 54 56
9 55 96
9 56 [4]
$32,3*-1
9 57 96
9 58 NULL
7 48 
@data(dl_obj_node) 63 0
8 63 ->
@dl_obj_node 64 0
9 64 
@dl_header 65 0
10 65 
11 51 
12 52 32
12 53 1
12 54 28
@appl_type 66 1
10 66 46
@id 67 1
10 67 1
@num_keys 68 1
10 68 0
7 48 
8 62 ->
9 51 
10 52 31
10 53 0
10 54 12
@locked 69 1
5 69 0
@visibile 70 1
5 70 1
@contents 71 1
5 71 65556
@attached 72 1
5 72 0
@wire_colors 73 1
5 73 [2]
$542118409,550055190
3 34 
4 35 25
4 36 5
4 37 0
4 38 ->
5 39 1
5 40 0
5 41 3
5 42 0
5 43 [4][4]
$4020CF6C56DF7D4,3FF14FEAD9EDC139,401195CEE56D198D,0
$C00253DDC9D5AEC8,402206500EC1C1A7,40014B895B7B5CA9,0
$C00F3D9F7169634,C007AA90CA1EDE76,4020635FC0DBF673,0
$4084F6C7FFA1C2B6,40813A663E8AC685,C086C2DC3203DE1B,3FF
5 44 [2][3]
$3*41CDCD64FR
$3*C1CDCD64FR
5 45 
6 46 32768
5 47 ->
6 48 [3]
7 48 
@data(dl_gc) 74 0
8 74 ->
@header 75 0
9 75 
10 51 
11 52 53
11 53 1
11 54 36
@int_data 76 1
9 76 [5]
$2*2,0,1,0
@linewidth 77 6
9 77 0
7 48 
8 74 ->
9 75 
10 51 
11 52 53
11 53 1
11 54 36
9 76 [5]
$2*2,0,1,0
9 77 0
7 48 
8 62 ->
9 51 
10 52 0
10 53 0
10 54 0
5 69 0
5 70 1
5 71 65536
5 72 0
3 34 
4 35 46
4 36 5
4 37 1
4 38 ->
5 39 1
5 40 0
5 41 3
5 42 0
5 43 [4][4]
$3FF,3*0
$0,3FF,2*0
$2*0,3FF,0
$3*0,3FF
5 44 [2][3]
$2*BFE8,0
$2*3FE8,4055E
5 45 
6 46 1024
5 47 ->
6 48 [9]
7 48 
8 49 ->
9 50 
10 51 
11 52 30
11 53 1
11 54 56
9 55 144
9 56 [4]
$39,3*-1
9 57 144
9 58 NULL
7 48 
@data(dl_matrix) 78 0
8 78 ->
@dl_header 79 0
9 79 
10 51 
11 52 39
11 53 1
11 54 76
@dl_matrix 80 6
9 80 [4][4]
$3F8,3*0
$0,3F8,2*0
$2*0,3F8,0
$4*0
7 48 
8 62 ->
9 51 
10 52 31
10 53 0
10 54 12
7 48 
8 49 ->
9 50 
10 51 
11 52 30
11 53 1
11 54 56
9 55 84
9 56 [4]
$23,3*-1
9 57 84
9 58 NULL
7 48 
8 59 ->
9 60 
10 51 
11 52 23
11 53 1
11 54 16
9 61 16
7 48 
8 62 ->
9 51 
10 52 31
10 53 0
10 54 12
7 48 
8 49 ->
9 50 
10 51 
11 52 30
11 53 1
11 54 56
9 55 88
9 56 [4]
$32,3*-1
9 57 88
9 58 NULL
7 48 
@data(dl_obj_disp_data) 81 0
8 81 ->
@obj_disp_data 82 0
9 82 
@dl_header 83 0
10 83 
11 51 
12 52 46
12 53 1
12 54 20
@override_color 84 1
10 84 -1
@global_color 85 1
10 85 -1
@disp_data 86 0
10 86 ->
@part_color 87 1
11 87 -1
@model_type 88 1
11 88 2
@generic_name 89 10
11 89 NULL
@label 90 10
11 90 NULL
7 48 
8 62 ->
9 51 
10 52 31
10 53 0
10 54 12
5 69 0
5 70 1
5 71 65540
5 72 1
5 73 [2]
$542118409,550055190
3 34 
4 35 47
4 36 7
4 37 0
4 38 ->
5 39 1
5 40 0
5 41 3
5 42 0
5 43 [4][4]
$4020CF6C56DF7D4,3FF14FEAD9EDC139,401195CEE56D198D,0
$C00253DDC9D5AEC8,402206500EC1C1A7,40014B895B7B5CA9,0
$C00F3D9F7169634,C007AA90CA1EDE76,4020635FC0DBF673,0
$4084F6C7FFA1C2B6,40813A663E8AC685,C086C2DC3203DE1B,3FF
5 44 [2][3]
$3*41CDCD64FR
$3*C1CDCD64FR
5 45 
6 46 8192
5 47 ->
6 48 [4]
7 48 
8 74 ->
9 75 
10 51 
11 52 53
11 53 1
11 54 36
9 76 [5]
$2*2,0,1,0
9 77 0
7 48 
8 78 ->
9 79 
10 51 
11 52 1
11 53 16
11 54 76
9 80 [4][4]
$3F8,3*0
$0,3F8,2*0
$2*0,3F8,0
$3*0,3F8
7 48 
8 74 ->
9 75 
10 51 
11 52 53
11 53 1
11 54 36
9 76 [5]
$2*2,0,1,0
9 77 0
7 48 
8 62 ->
9 51 
10 52 0
10 53 0
10 54 0
5 69 0
5 70 1
5 71 1
5 72 0
@explode_state 91 0
1 91 NULL
#DispDataColor
@ref_color_table 1 0
0 1 
@ref_color_arr 2 0
1 2 [1]
2 2 
@maximum 3 2
3 3 [3]
$3FE947AE2,3FC70A3D8,3FB70A3D8
@ambient 4 2
3 4 3FECCCCCC
@diffuse 5 2
3 5 3FECCCCCC
@specular 6 2
3 6 3FE999998
@spec_coef 7 2
3 7 3FE
@transmission 8 2
3 8 0
@threshold 9 1
3 9 90
@gl_ind 10 1
3 10 3
@highlight 11 2
3 11 [3]
$3*3FF
@reflection 12 2
3 12 3FECCCCCC
@bump_height 13 2
3 13 3FF
@bump 14 3
3 14 NULL
@decal_intensity 15 2
3 15 4059
@decal 16 3
3 16 NULL
@texture 17 3
3 17 NULL
#DispDataTable
@disp_data_table 1 0
0 1 
@disp_data_arr 2 0
1 2 [1]
2 2 
@disp_data 3 0
3 3 ->
@wire 4 0
4 4 
@disp_list_valid 5 1
5 5 1
@pending 6 1
5 6 0
@disp_list_status 7 1
5 7 3
@disp_list_version 8 1
5 8 43
@view_matrix 9 2
5 9 [4][4]
$3FF,3*0
$0,3FF,2*0
$2*0,3FF,0
$3*0,3FF
@outline 10 2
5 10 [2][3]
$2*BFE8,0
$2*3FE8,4055E
@dl_block_mem_size 11 0
5 11 
@dl_block_mem_size 12 1
6 12 32768
@list 13 0
5 13 ->
@ptr 14 0
6 14 [7]
7 14 
@data(dl_gc) 15 0
8 15 ->
@header 16 0
9 16 
@header 17 0
10 17 
@type 18 5
11 18 53
@count 19 5
11 19 1
@size 20 1
11 20 36
@int_data 21 1
9 21 [5]
$2,1,0,1,0
@linewidth 22 6
9 22 0
7 14 
8 15 ->
9 16 
10 17 
11 18 53
11 19 1
11 20 36
9 21 [5]
$2,1,0,1,0
9 22 0
7 14 
@data(dl_arc3) 23 0
8 23 ->
@dl_header 24 0
9 24 
10 17 
11 18 43
11 19 1
11 20 140
@array 25 6
9 25 [15]
$3F4,4*0,40490FDB,2*0,3F8,3F4,2*0,BF4,2*0
@matrix 26 6
9 26 [4][4]
$3F8,3*0
$0,3F8,2*0
$2*0,3F8,0
$4*0
7 14 
8 23 ->
9 24 
10 17 
11 18 43
11 19 1
11 20 140
9 25 [15]
$3F4,4*0,40490FDB,2*0,3F8,BF4,2*0,3F4,2*0
9 26 [4][4]
$3F8,3*0
$0,3F8,2*0
$2*0,3F8,0
$4*0
7 14 
8 23 ->
9 24 
10 17 
11 18 43
11 19 1
11 20 140
9 25 [15]
$3F4,2*0,42AF,0,40490FDB,2*0,3F8,3F4,0,42AF,BF4,0,42AF
9 26 [4][4]
$3F8,3*0
$0,3F8,2*0
$2*0,3F8,0
$4*0
7 14 
8 23 ->
9 24 
10 17 
11 18 43
11 19 1
11 20 140
9 25 [15]
$3F4,2*0,42AF,0,40490FDB,2*0,3F8,BF4,0,42AF,3F4,0,42AF
9 26 [4][4]
$3F8,3*0
$0,3F8,2*0
$2*0,3F8,0
$4*0
7 14 
@data(dl_header) 27 0
8 27 ->
9 17 
10 18 0
10 19 0
10 20 0
@locked 28 1
5 28 0
@visibile 29 1
5 29 1
@contents 30 1
5 30 2
@attached 31 1
5 31 0
@part_color 32 1
4 32 0
@model_type 33 1
4 33 2
@generic_name 34 10
4 34 NULL
@label 35 10
4 35 NULL
#AssMrgPrt
@assem_merge_parts 1 0
0 1 ->
#END_OF_UGC
