ICAM Technologies Corporation
(c) Copyright 1997

Pro/NCPOST GENER Release 19.0-9730
Source:   /aqua/user/mfg_demos/ken/models/cl_data/look.ncl.1
Quest:    MTURN501.190;1 , Created  8-Aug-1997 10:32:32.00
Transparent Macro(s) Before: /aqua/local19/pro19l/sgi_elf2/ncpost/ptc.obj
          Using /aqua/local19/pro19l/sgi_elf2/ncpost/work/ncpost.dbf
PID:


*** WARNING ***

This postprocessor was created to demonstrate the capabilities of the
Pro/NCPOST product. Do not attempt to use the tape file generated by this
postprocessor in a production NC machine.

ICAM Technologies Corporation                         M T U R N 5 , 1                                     25-Sep-97  08:05:57
(c) Copyright 1997                                                                                                     Page 1
                                                   MTURN 4+C / MORI-SEIKI

                                                             HUB

NC CONTROL CODE              X AXIS    Z AXIS    U AXIS    W AXIS   C' AXIS   TIP VEL       RPM      TIME  MAIN ACT  SIDE ACT
------------------------- ---------------------------------------------------------------------------------------------------
 PARTNO/' HUB'

N1 G20                       0.0000    0.0000                                     0.0       0.0  00:00:00  00:00:00  00:00:00
N1 G20

 MACHIN/'MILL',1
 UNITS/INCHES
 MODE/MILL

N2 M45

 SPINDL/PARLEL,XAXIS
 TURRET/6

N3 G0 T0606

 MULTAX/ON
 SPINDL/RPM,1000,CLW
 RAPID
 GOTO/1.95172636,0,7.3,1,0,0

N4 G0 C0. S1000 M3                                                                       1000.0
N5 X3.9034 Z7.3              1.9517    7.3000                                   517.6            00:00:01  00:00:01

 RAPID
 GOTO/1.93992636,0,7.3,1,0,0

N6 X3.8798                   1.9399                                             500.0            00:00:01  00:00:01

 FEDRAT/10,IPM
 GOTO/1.60428932,0,7.3,1,0,0

N7 G98 G1 X3.2086 F10.       1.6043                                              10.0            00:00:03  00:00:03

 GOTO/1.60428932,0,3.6875,1,0,0

N8 Z3.6875                             3.6875                                                    00:00:25  00:00:25

 GOTO/1.93992636,0,3.6875,1,0,0

N9 X3.8798                   1.9399                                                              00:00:27  00:00:27

 RAPID
 GOTO/1.93992636,0,7.3,1,0,0

N10 G0 Z7.3                            7.3000                                   500.0            00:00:27  00:00:27

 RAPID
 GOTO/1.95172636,0,7.3,1,0,0

------------------------- ---------------------------------------------------------------------------------------------------
Segments: Main 1  Side 1                  Storage: Main 0.1  Side 0.0 Kb                  Times: Main 00:00:27  Side 00:00:00
ICAM Technologies Corporation                         M T U R N 5 , 1                                     25-Sep-97  08:05:57
(c) Copyright 1997                                                                                                     Page 2
                                                             HUB

NC CONTROL CODE              X AXIS    Z AXIS    U AXIS    W AXIS   C' AXIS   TIP VEL       RPM      TIME  MAIN ACT  SIDE ACT
------------------------- ---------------------------------------------------------------------------------------------------
N11 X3.9034                  1.9517    7.3000                                   500.0    1000.0  00:00:27  00:00:27  00:00:00

 SPINDL/PARLEL,ZAXIS
 SPINDL/OFF

N12 M5                                                                            0.0       0.0

 TURRET/3

N13 G0 T0303

 SPINDL/RPM,3000,CLW
 RAPID
 GOTO/1.95172636,0,7.3,0,0,1

N14 G0 C0. S3000 M3                                                                      3000.0
N15 X3.9034 Z7.3

 RAPID
 GOTO/1.95172636,0,7.2,0,0,1

N16 Z7.2                               7.2000                                   500.0            00:00:27  00:00:27

 RAPID
 GOTO/1.20000005,0.48846152,7.2,0,0,1

N17 C22.149                                                                     169.3            00:00:27  00:00:27
N18 X2.5912                  1.2956                                             500.0            00:00:27  00:00:27

 FEDRAT/10,IPM
 GOTO/1.20000005,0.48846152,6.99,0,0,1

N19 G1 Z6.99 F10.                      6.9900                                    10.0            00:00:29  00:00:29

 GOTO/1.41346157,0.48846152,6.99,0,0,1

N20 X2.991 C19.064 F144.8256
                             1.4955                                              10.0            00:00:30  00:00:30

 GOTO/1.41346157,0.48846152,7.2,0,0,1

N21 Z7.2 F10.                          7.2000                                    10.0            00:00:31  00:00:31

 RAPID
 GOTO/1.40769231,0.43076923,7.2,0,0,1

N22 G0 C17.015                                                                  130.5            00:00:31  00:00:31
N23 X2.9442                  1.4721                                             500.0            00:00:31  00:00:31

 FEDRAT/10,IPM
 GOTO/1.40769231,0.43076923,6.99,0,0,1

------------------------- ---------------------------------------------------------------------------------------------------
Segments: Main 1  Side 1                  Storage: Main 0.3  Side 0.0 Kb                  Times: Main 00:00:32  Side 00:00:00
ICAM Technologies Corporation                         M T U R N 5 , 1                                     25-Sep-97  08:05:57
(c) Copyright 1997                                                                                                     Page 3
                                                             HUB

NC CONTROL CODE              X AXIS    Z AXIS    U AXIS    W AXIS   C' AXIS   TIP VEL       RPM      TIME  MAIN ACT  SIDE ACT
------------------------- ---------------------------------------------------------------------------------------------------
N24 G1 Z6.99 F10.            1.4721    6.9900                                    10.0    3000.0  00:00:32  00:00:32  00:00:00

 GOTO/1.40769231,0.30384615,6.99,0,0,1

N25 X2.8802 C12.18 F200.     1.4401                                               5.3            00:00:34  00:00:34

 GOTO/1.39038467,0.30961537,6.99,0,0,1

N26 X2.8488 C12.554          1.4244                                               9.7            00:00:34  00:00:34

 GOTO/1.37884617,0.31538463,6.99,0,0,1

N27 X2.829 C12.884           1.4145                                               7.8            00:00:34  00:00:34

 GOTO/1.36153841,0.32692307,6.99,0,0,1

N28 X2.8004 C13.502          1.4002                                               6.7            00:00:34  00:00:34

 GOTO/1.34423077,0.34423077,6.99,0,0,1

N29 X2.7752 C14.364          1.3876                                               5.7            00:00:35  00:00:35

 GOTO/1.33269227,0.36153847,6.99,0,0,1

N30 X2.7618 C15.178          1.3809                                               5.1            00:00:35  00:00:35

 GOTO/1.32692313,0.37307692,6.99,0,0,1

N31 X2.7568 C15.704          1.3784                                               4.9            00:00:35  00:00:35

 GOTO/1.32115388,0.39615384,6.99,0,0,1

N32 X2.7586 C16.692          1.3793                                               4.8            00:00:35  00:00:35

 GOTO/1.32115388,0.39615384,7.2,0,0,1

N33 Z7.2 F10.                          7.2000                                    10.0            00:00:37  00:00:37

 RAPID
 GOTO/1.32692313,0.37307692,7.2,0,0,1

N34 G0 C15.704                                                                  120.3            00:00:37  00:00:37
N35 X2.7568                  1.3784                                             500.0            00:00:37  00:00:37

 FEDRAT/10,IPM
 GOTO/1.32692313,0.37307692,6.99,0,0,1

N36 G1 Z6.99 F10.                      6.9900                                    10.0            00:00:38  00:00:38

 GOTO/1.32692313,0.34999999,6.99,0,0,1


------------------------- ---------------------------------------------------------------------------------------------------
Segments: Main 1  Side 1                  Storage: Main 0.5  Side 0.0 Kb                  Times: Main 00:00:38  Side 00:00:00
ICAM Technologies Corporation                         M T U R N 5 , 1                                     25-Sep-97  08:05:57
(c) Copyright 1997                                                                                                     Page 4
                                                             HUB

NC CONTROL CODE              X AXIS    Z AXIS    U AXIS    W AXIS   C' AXIS   TIP VEL       RPM      TIME  MAIN ACT  SIDE ACT
------------------------- ---------------------------------------------------------------------------------------------------
N37 X2.7446 C14.776 F200.
                             1.3723    6.9900                                     5.0    3000.0  00:00:38  00:00:38  00:00:00

 GOTO/1.32115388,0.32692307,6.99,0,0,1

N38 X2.722 C13.899           1.3610                                               5.4            00:00:38  00:00:38

 GOTO/1.31538463,0.31538463,6.99,0,0,1

N39 X2.7054 C13.483          1.3527                                               6.2            00:00:38  00:00:38

 GOTO/1.30384612,0.30384615,6.99,0,0,1

N40 X2.6776 C13.118          1.3388                                               8.9            00:00:39  00:00:39

 GOTO/1.29230773,0.29807693,6.99,0,0,1

N41 X2.6524 C12.988 F101.2449
                             1.3262                                              10.0            00:00:39  00:00:39

 GOTO/1.27499998,0.2923077,6.99,0,0,1

N42 X2.6162 C12.913 F42.2897
                             1.3081                                              10.0            00:00:39  00:00:39

 GOTO/1.25192308,0.2923077,6.99,0,0,1

N43 X2.5712 C13.142 F99.7113
                             1.2856                                              10.0            00:00:39  00:00:39

 GOTO/1.23461533,0.29807693,6.99,0,0,1

N44 X2.5402 C13.573 F200.
                             1.2701                                               8.5            00:00:39  00:00:39

 GOTO/1.22307694,0.30384615,6.99,0,0,1

N45 X2.5206 C13.951          1.2603                                               6.8            00:00:39  00:00:39

 GOTO/1.21153843,0.31538463,6.99,0,0,1

N46 X2.5038 C14.591          1.2519                                               5.1            00:00:39  00:00:39

 GOTO/1.20576918,0.32692307,6.99,0,0,1

N47 X2.4986 C15.17           1.2493                                               4.5            00:00:40  00:00:40

 GOTO/1.20000005,0.34999999,6.99,0,0,1

N48 X2.5 C16.26              1.2500                                               4.4            00:00:40  00:00:40

 GOTO/1.20000005,0.37307692,6.99,0,0,1
------------------------- ---------------------------------------------------------------------------------------------------
Segments: Main 1  Side 1                  Storage: Main 0.8  Side 0.0 Kb                  Times: Main 00:00:40  Side 00:00:00
ICAM Technologies Corporation                         M T U R N 5 , 1                                     25-Sep-97  08:05:57
(c) Copyright 1997                                                                                                     Page 5
                                                             HUB

NC CONTROL CODE              X AXIS    Z AXIS    U AXIS    W AXIS   C' AXIS   TIP VEL       RPM      TIME  MAIN ACT  SIDE ACT
------------------------- ---------------------------------------------------------------------------------------------------
N49 X2.5134 C17.27           1.2567    6.9900                                     4.6    3000.0  00:00:40  00:00:40  00:00:00

 GOTO/1.20576918,0.39615384,6.99,0,0,1

N50 X2.5384 C18.188          1.2692                                               5.2            00:00:40  00:00:40

 GOTO/1.21153843,0.40769231,6.99,0,0,1

N51 X2.5566 C18.598          1.2783                                               6.3            00:00:41  00:00:41

 GOTO/1.22307694,0.41923076,6.99,0,0,1

N52 X2.5858 C18.92 F197.5324
                             1.2929                                              10.0            00:00:41  00:00:41

 GOTO/1.24038458,0.43076923,6.99,0,0,1

N53 X2.6262 C19.151 F111.475
                             1.3131                                              10.0            00:00:41  00:00:41

 GOTO/1.24038458,0.43076923,7.2,0,0,1

N54 Z7.2 F10.                          7.2000                                    10.0            00:00:42  00:00:42

 RAPID
 GOTO/1.24038458,0.24615385,7.2,0,0,1

N55 G0 C11.224                                                                  114.5            00:00:42  00:00:42
N56 X2.5292                  1.2646                                             500.0            00:00:42  00:00:42

 FEDRAT/10,IPM
 GOTO/1.24038458,0.24615385,6.99,0,0,1

N57 G1 Z6.99 F10.                      6.9900                                    10.0            00:00:43  00:00:43

 GOTO/1.22307694,0.23461539,6.99,0,0,1

N58 X2.4908 C10.859 F175.7131
                             1.2454                                              10.0            00:00:44  00:00:44

 GOTO/1.21153843,0.22307692,6.99,0,0,1

N59 X2.4638 C10.433 F200.
                             1.2319                                               7.7            00:00:44  00:00:44

 GOTO/1.20576918,0.21153846,6.99,0,0,1

N60 X2.4484 C9.951           1.2242                                               5.4            00:00:44  00:00:44

 GOTO/1.20000005,0.18846154,6.99,0,0,1

N61 X2.4294 C8.925           1.2147                                               4.6            00:00:44  00:00:44
------------------------- ---------------------------------------------------------------------------------------------------
Segments: Main 1  Side 1                  Storage: Main 1.0  Side 0.0 Kb                  Times: Main 00:00:44  Side 00:00:00
ICAM Technologies Corporation                         M T U R N 5 , 1                                     25-Sep-97  08:05:57
(c) Copyright 1997                                                                                                     Page 6
                                                             HUB

NC CONTROL CODE              X AXIS    Z AXIS    U AXIS    W AXIS   C' AXIS   TIP VEL       RPM      TIME  MAIN ACT  SIDE ACT
------------------------- ---------------------------------------------------------------------------------------------------
 GOTO/1.20000005,0.16538462,6.99,0,0,1

N62 X2.4226 C7.847           1.2113    6.9900                                     4.3    3000.0  00:00:44  00:00:44  00:00:00

 GOTO/1.20576918,0.1423077,6.99,0,0,1

N63 X2.4282 C6.731           1.2141                                               4.3            00:00:45  00:00:45

 GOTO/1.21153843,0.13076924,6.99,0,0,1

N64 X2.4372 C6.16            1.2186                                               4.5            00:00:45  00:00:45

 GOTO/1.22307694,0.11923077,6.99,0,0,1

N65 X2.4578 C5.568           1.2289                                               5.5            00:00:45  00:00:45

 GOTO/1.23461533,0.11346154,6.99,0,0,1

N66 X2.4796 C5.251           1.2398                                               8.1            00:00:45  00:00:45

 GOTO/1.25769234,0.10769231,6.99,0,0,1

N67 X2.5246 C4.894 F150.3783
                             1.2623                                              10.0            00:00:45  00:00:45

 GOTO/1.28076923,0.10769231,6.99,0,0,1

N68 X2.5706 C4.806 F39.4143
                             1.2853                                              10.0            00:00:45  00:00:45

 GOTO/1.30384612,0.11346154,6.99,0,0,1

N69 X2.6176 C4.973 F70.8978
                             1.3088                                              10.0            00:00:46  00:00:46

 GOTO/1.31538463,0.11923077,6.99,0,0,1

N70 X2.6416 C5.179 F159.9553
                             1.3208                                              10.0            00:00:46  00:00:46

 GOTO/1.32692313,0.13076924,6.99,0,0,1

N71 X2.6668 C5.628 F200.     1.3334                                               7.3            00:00:46  00:00:46

 GOTO/1.33269227,0.1423077,6.99,0,0,1

N72 X2.6806 C6.095           1.3403                                               5.5            00:00:46  00:00:46

 GOTO/1.33846152,0.16538462,6.99,0,0,1

N73 X2.6972 C7.044           1.3486                                               5.0            00:00:46  00:00:46

------------------------- ---------------------------------------------------------------------------------------------------
Segments: Main 1  Side 1                  Storage: Main 1.3  Side 0.0 Kb                  Times: Main 00:00:46  Side 00:00:00
ICAM Technologies Corporation                         M T U R N 5 , 1                                     25-Sep-97  08:05:57
(c) Copyright 1997                                                                                                     Page 7
                                                             HUB

NC CONTROL CODE              X AXIS    Z AXIS    U AXIS    W AXIS   C' AXIS   TIP VEL       RPM      TIME  MAIN ACT  SIDE ACT
------------------------- ---------------------------------------------------------------------------------------------------
 GOTO/1.33846152,0.18846154,6.99,0,0,1

N74 X2.7034 C8.015           1.3517    6.9900                                     4.8    3000.0  00:00:47  00:00:47  00:00:00

 GOTO/1.33269227,0.21153846,6.99,0,0,1

N75 X2.6988 C9.019           1.3494                                               4.7            00:00:47  00:00:47

 GOTO/1.32692313,0.22884615,6.99,0,0,1

N76 X2.693 C9.785            1.3465                                               4.8            00:00:47  00:00:47

 GOTO/1.32115388,0.24038461,6.99,0,0,1

N77 X2.6856 C10.312          1.3428                                               4.9            00:00:47  00:00:47

 GOTO/1.40769231,0.22884615,6.99,0,0,1

N78 X2.8524 C9.234 F123.8452
                             1.4262                                              10.0            00:00:48  00:00:48

 GOTO/1.40769231,0.125,6.99,0,0,1

N79 X2.8264 C5.074 F200.     1.4132                                               5.0            00:00:49  00:00:49

 GOTO/1.40769231,0.125,7.2,0,0,1

N80 Z7.2 F10.                          7.2000                                    10.0            00:00:50  00:00:50

 RAPID
 GOTO/1.31538463,0.00961539,7.2,0,0,1

N81 G0 C.419                                                                    123.3            00:00:50  00:00:50
N82 X2.6308                  1.3154                                             500.0            00:00:50  00:00:50

 FEDRAT/10,IPM
 GOTO/1.31538463,0.00961539,6.99,0,0,1

N83 G1 Z6.99 F10.                      6.9900                                    10.0            00:00:52  00:00:52

 GOTO/1.30961537,0.02692308,6.99,0,0,1

N84 X2.6198 C1.178 F200.     1.3099                                               4.8            00:00:52  00:00:52

 GOTO/1.30384612,0.03846154,6.99,0,0,1

N85 X2.6088 C1.69            1.3044                                               5.0            00:00:52  00:00:52

 GOTO/1.29230773,0.05,6.99,0,0,1

N86 X2.5866 C2.216           1.2933                                               6.2            00:00:52  00:00:52

------------------------- ---------------------------------------------------------------------------------------------------
Segments: Main 1  Side 1                  Storage: Main 1.5  Side 0.0 Kb                  Times: Main 00:00:52  Side 00:00:00
ICAM Technologies Corporation                         M T U R N 5 , 1                                     25-Sep-97  08:05:57
(c) Copyright 1997                                                                                                     Page 8
                                                             HUB

NC CONTROL CODE              X AXIS    Z AXIS    U AXIS    W AXIS   C' AXIS   TIP VEL       RPM      TIME  MAIN ACT  SIDE ACT
------------------------- ---------------------------------------------------------------------------------------------------
 GOTO/1.28076923,0.05576923,6.99,0,0,1

N87 X2.564 C2.493            1.2820    6.9900                                     9.3    3000.0  00:00:52  00:00:52  00:00:00

 GOTO/1.26346159,0.06153846,6.99,0,0,1

N88 X2.53 C2.788 F161.9665
                             1.2650                                              10.0            00:00:52  00:00:52

 GOTO/1.25192308,0.06153846,6.99,0,0,1

N89 X2.5068 C2.814 F24.6742
                             1.2534                                              10.0            00:00:52  00:00:52

 GOTO/1.23461533,0.05576923,6.99,0,0,1

N90 X2.4718 C2.586 F125.3404
                             1.2359                                              10.0            00:00:52  00:00:52

 GOTO/1.22307694,0.05,6.99,0,0,1

N91 X2.4482 C2.341 F190.1378
                             1.2241                                              10.0            00:00:53  00:00:53

 GOTO/1.21153843,0.03846154,6.99,0,0,1

N92 X2.4242 C1.818 F200.     1.2121                                               6.2            00:00:53  00:00:53

 GOTO/1.20576918,0.02692308,6.99,0,0,1

N93 X2.4122 C1.279           1.2061                                               4.8            00:00:53  00:00:53

 GOTO/1.20000005,0.00384615,6.99,0,0,1

N94 X2.4 C.184               1.2000                                               4.3            00:00:53  00:00:53

 GOTO/1.20000005,-0.01923077,6.99,0,0,1

N95 X2.4004 C-.918           1.2002                                               4.2            00:00:54  00:00:54

 GOTO/1.20576918,-0.04230769,6.99,0,0,1

N96 X2.413 C-2.01            1.2065                                               4.4            00:00:54  00:00:54

 GOTO/1.21153843,-0.05384615,6.99,0,0,1

N97 X2.4254 C-2.545          1.2127                                               4.8            00:00:54  00:00:54

 GOTO/1.22307694,-0.06538462,6.99,0,0,1

N98 X2.4496 C-3.06           1.2248                                               6.3            00:00:54  00:00:54

------------------------- ---------------------------------------------------------------------------------------------------
Segments: Main 1  Side 1                  Storage: Main 1.8  Side 0.0 Kb                  Times: Main 00:00:54  Side 00:00:00
ICAM Technologies Corporation                         M T U R N 5 , 1                                     25-Sep-97  08:05:57
(c) Copyright 1997                                                                                                     Page 9
                                                             HUB

NC CONTROL CODE              X AXIS    Z AXIS    U AXIS    W AXIS   C' AXIS   TIP VEL       RPM      TIME  MAIN ACT  SIDE ACT
------------------------- ---------------------------------------------------------------------------------------------------
 GOTO/1.23461533,-0.07115385,6.99,0,0,1

N99 X2.4734 C-3.298 F184.7219
                             1.2367    6.9900                                    10.0    3000.0  00:00:54  00:00:54  00:00:00

 GOTO/1.25192308,-0.07692308,6.99,0,0,1

N100 X2.5086 C-3.516 F119.8803
                             1.2543                                              10.0            00:00:54  00:00:54

 GOTO/1.26346159,-0.07692308,6.99,0,0,1

N101 X2.5316 C-3.484 F29.4697
                             1.2658                                              10.0            00:00:54  00:00:54

 GOTO/1.28076923,-0.07115385,6.99,0,0,1

N102 X2.5654 C-3.18 F166.8887
                             1.2827                                              10.0            00:00:55  00:00:55

 GOTO/1.29230773,-0.06538462,6.99,0,0,1

N103 X2.588 C-2.896 F200.
                             1.2940                                               9.1            00:00:55  00:00:55

 GOTO/1.30384612,-0.05384615,6.99,0,0,1

N104 X2.61 C-2.365           1.3050                                               6.1            00:00:55  00:00:55

 GOTO/1.30961537,-0.04230769,6.99,0,0,1

N105 X2.6206 C-1.85          1.3103                                               5.0            00:00:55  00:00:55

 GOTO/1.31538463,-0.025,6.99,0,0,1

N106 X2.6312 C-1.089         1.3156                                               4.8            00:00:55  00:00:55

 GOTO/1.31538463,0.00961539,6.99,0,0,1

N107 X2.6308 C.419           1.3154                                               4.6            00:00:56  00:00:56

 GOTO/1.32115388,0.02692308,6.99,0,0,1

N108 X2.6428 C1.167          1.3214                                               4.9            00:00:56  00:00:56

 GOTO/1.32692313,0.03846154,6.99,0,0,1

N109 X2.655 C1.66            1.3275                                               5.2            00:00:56  00:00:56

 GOTO/1.33846152,0.05,6.99,0,0,1

N110 X2.6788 C2.139          1.3394                                               6.8            00:00:56  00:00:56
------------------------- ---------------------------------------------------------------------------------------------------
Segments: Main 1  Side 1                  Storage: Main 2.0  Side 0.0 Kb                  Times: Main 00:00:56  Side 00:00:00
ICAM Technologies Corporation                         M T U R N 5 , 1                                     25-Sep-97  08:05:57
(c) Copyright 1997                                                                                                    Page 10
                                                             HUB

NC CONTROL CODE              X AXIS    Z AXIS    U AXIS    W AXIS   C' AXIS   TIP VEL       RPM      TIME  MAIN ACT  SIDE ACT
------------------------- ---------------------------------------------------------------------------------------------------
 GOTO/1.35000002,0.05576923,6.99,0,0,1

N111 X2.7024 C2.366 F176.2007
                             1.3512    6.9900                                    10.0    3000.0  00:00:56  00:00:56  00:00:00

 GOTO/1.37307692,0.05576923,6.99,0,0,1

N112 X2.7484 C2.326 F19.9945
                             1.3742                                              10.0            00:00:56  00:00:56

 GOTO/1.39038467,0.05,6.99,0,0,1

N113 X2.7826 C2.06 F146.1025
                             1.3913                                              10.0            00:00:56  00:00:56

 GOTO/1.40192306,0.03846154,6.99,0,0,1

N114 X2.805 C1.572 F200.     1.4025                                               6.7            00:00:57  00:00:57

 GOTO/1.40769231,0.02692308,6.99,0,0,1

N115 X2.8158 C1.096          1.4079                                               5.4            00:00:57  00:00:57

 GOTO/1.41346157,0.00384615,6.99,0,0,1

N116 X2.827 C.156            1.4135                                               5.1            00:00:57  00:00:57

 GOTO/1.41346157,-0.01923077,6.99,0,0,1

N117 X2.8272 C-.779          1.4136                                               4.9            00:00:57  00:00:57

 GOTO/1.40769231,-0.04230769,6.99,0,0,1

N118 X2.8166 C-1.721         1.4083                                               5.1            00:00:58  00:00:58

 GOTO/1.40192306,-0.05384615,6.99,0,0,1

N119 X2.806 C-2.2            1.4030                                               5.4            00:00:58  00:00:58

 GOTO/1.39038467,-0.06538462,6.99,0,0,1

N120 X2.7838 C-2.692         1.3919                                               6.6            00:00:58  00:00:58

 GOTO/1.37307692,-0.07115385,6.99,0,0,1

N121 X2.7498 C-2.966 F150.4754
                             1.3749                                              10.0            00:00:58  00:00:58

 GOTO/1.35000002,-0.07115385,6.99,0,0,1

N122 X2.7038 C-3.017 F24.2435
                             1.3519                                              10.0            00:00:58  00:00:58
------------------------- ---------------------------------------------------------------------------------------------------
Segments: Main 1  Side 1                  Storage: Main 2.3  Side 0.0 Kb                  Times: Main 00:00:58  Side 00:00:00
ICAM Technologies Corporation                         M T U R N 5 , 1                                     25-Sep-97  08:05:57
(c) Copyright 1997                                                                                                    Page 11
                                                             HUB

NC CONTROL CODE              X AXIS    Z AXIS    U AXIS    W AXIS   C' AXIS   TIP VEL       RPM      TIME  MAIN ACT  SIDE ACT
------------------------- ---------------------------------------------------------------------------------------------------
 GOTO/1.33846152,-0.06538462,6.99,0,0,1

N123 X2.6802 C-2.797 F170.7821
                             1.3401    6.9900                                    10.0    3000.0  00:00:58  00:00:58  00:00:00

 GOTO/1.32692313,-0.05384615,6.99,0,0,1

N124 X2.656 C-2.324 F200.
                             1.3280                                               6.9            00:00:58  00:00:58

 GOTO/1.32115388,-0.04230769,6.99,0,0,1

N125 X2.6436 C-1.834         1.3218                                               5.3            00:00:59  00:00:59

 GOTO/1.31538463,-0.025,6.99,0,0,1

N126 X2.6312 C-1.089         1.3156                                               4.9            00:00:59  00:00:59

 GOTO/1.31538463,-0.025,7.2,0,0,1

N127 Z7.2 F10.                         7.2000                                    10.0            00:01:00  00:01:00

 RAPID
 GOTO/1.40769231,-0.12307692,7.2,0,0,1

N128 G0 C-4.997                                                                 114.8            00:01:00  00:01:00
N129 X2.8262                 1.4131                                             500.0            00:01:00  00:01:00

 FEDRAT/10,IPM
 GOTO/1.40769231,-0.12307692,6.99,0,0,1

N130 G1 Z6.99 F10.                     6.9900                                    10.0            00:01:01  00:01:01

 GOTO/1.40769231,-0.26153848,6.99,0,0,1

N131 X2.8636 C-10.525 F200.
                             1.4318                                               5.0            00:01:03  00:01:03

 GOTO/1.39038467,-0.26153848,6.99,0,0,1

N132 X2.8296 C-10.653 F74.6052
                             1.4148                                              10.0            00:01:03  00:01:03

 GOTO/1.38461542,-0.25,6.99,0,0,1

N133 X2.814 C-10.235 F200.
                             1.4070                                               6.2            00:01:03  00:01:03

 GOTO/1.37307692,-0.2326923,6.99,0,0,1

N134 X2.7854 C-9.618         1.3927                                               6.7            00:01:03  00:01:03

------------------------- ---------------------------------------------------------------------------------------------------
Segments: Main 1  Side 1                  Storage: Main 2.5  Side 0.0 Kb                  Times: Main 00:01:03  Side 00:00:00
ICAM Technologies Corporation                         M T U R N 5 , 1                                     25-Sep-97  08:05:57
(c) Copyright 1997                                                                                                    Page 12
                                                             HUB

NC CONTROL CODE              X AXIS    Z AXIS    U AXIS    W AXIS   C' AXIS   TIP VEL       RPM      TIME  MAIN ACT  SIDE ACT
------------------------- ---------------------------------------------------------------------------------------------------
 GOTO/1.36153841,-0.22115384,6.99,0,0,1

N135 X2.7588 C-9.226         1.3794    6.9900                                     8.3    3000.0  00:01:04  00:01:04  00:00:00

 GOTO/1.34423077,-0.20961538,6.99,0,0,1

N136 X2.721 C-8.863 F174.7454
                             1.3605                                              10.0            00:01:04  00:01:04

 GOTO/1.32115388,-0.19807692,6.99,0,0,1

N137 X2.6718 C-8.527 F130.5773
                             1.3359                                              10.0            00:01:04  00:01:04

 GOTO/1.30384612,-0.1923077,6.99,0,0,1

N138 X2.636 C-8.39 F75.7316
                             1.3180                                              10.0            00:01:04  00:01:04

 GOTO/1.27499998,-0.18653846,6.99,0,0,1

N139 X2.5772 C-8.324 F24.561
                             1.2886                                              10.0            00:01:04  00:01:04

 GOTO/1.22884619,-0.18076923,6.99,0,0,1

N140 X2.4842 C-8.368 F13.7634
                             1.2421                                              10.0            00:01:04  00:01:04

 GOTO/1.20000005,-0.18076923,6.99,0,0,1

N141 X2.427 C-8.567 F69.6955
                             1.2135                                              10.0            00:01:05  00:01:05

 GOTO/1.20000005,-0.18076923,7.2,0,0,1

N142 Z7.2 F10.                         7.2000                                    10.0            00:01:06  00:01:06

 RAPID
 GOTO/1.25192308,-0.31923077,7.2,0,0,1

N143 G0 C-14.305                                                                105.9            00:01:06  00:01:06
N144 X2.584                  1.2920                                             500.0            00:01:06  00:01:06

 FEDRAT/10,IPM
 GOTO/1.25192308,-0.31923077,6.99,0,0,1

N145 G1 Z6.99 F10.                     6.9900                                    10.0            00:01:07  00:01:07

 GOTO/1.27499998,-0.32499999,6.99,0,0,1


------------------------- ---------------------------------------------------------------------------------------------------
Segments: Main 1  Side 1                  Storage: Main 2.8  Side 0.0 Kb                  Times: Main 00:01:07  Side 00:00:00
ICAM Technologies Corporation                         M T U R N 5 , 1                                     25-Sep-97  08:05:57
(c) Copyright 1997                                                                                                    Page 13
                                                             HUB

NC CONTROL CODE              X AXIS    Z AXIS    U AXIS    W AXIS   C' AXIS   TIP VEL       RPM      TIME  MAIN ACT  SIDE ACT
------------------------- ---------------------------------------------------------------------------------------------------
N146 X2.6316 C-14.3 F10.2238
                             1.3158    6.9900                                    10.0    3000.0  00:01:07  00:01:07  00:00:00

 GOTO/1.29230773,-0.33653846,6.99,0,0,1

N147 X2.6708 C-14.597 F143.09
                             1.3354                                              10.0            00:01:07  00:01:07

 GOTO/1.30384612,-0.34807691,6.99,0,0,1

N148 X2.699 C-14.947 F200.
                             1.3495                                               9.3            00:01:08  00:01:08

 GOTO/1.30961537,-0.35961539,6.99,0,0,1

N149 X2.7162 C-15.355        1.3581                                               6.3            00:01:08  00:01:08

 GOTO/1.31538463,-0.38269231,6.99,0,0,1

N150 X2.7398 C-16.222        1.3699                                               5.5            00:01:08  00:01:08

 GOTO/1.31538463,-0.40576923,6.99,0,0,1

N151 X2.753 C-17.144         1.3765                                               5.0            00:01:08  00:01:08

 GOTO/1.30961537,-0.42884615,6.99,0,0,1

N152 X2.756 C-18.132         1.3780                                               4.8            00:01:08  00:01:08

 GOTO/1.30384612,-0.44038463,6.99,0,0,1

N153 X2.7524 C-18.663        1.3762                                               4.9            00:01:09  00:01:09

 GOTO/1.29230773,-0.45192307,6.99,0,0,1

N154 X2.738 C-19.275         1.3690                                               5.3            00:01:09  00:01:09

 GOTO/1.28076923,-0.4576923,6.99,0,0,1

N155 X2.7202 C-19.665        1.3601                                               6.6            00:01:09  00:01:09

 GOTO/1.26346159,-0.46346155,6.99,0,0,1

N156 X2.6916 C-20.144        1.3458                                               7.6            00:01:09  00:01:09

 GOTO/1.25192308,-0.46346155,6.99,0,0,1

N157 X2.67 C-20.315 F148.4947
                             1.3350                                              10.0            00:01:09  00:01:09

 GOTO/1.23461533,-0.4576923,6.99,0,0,1

------------------------- ---------------------------------------------------------------------------------------------------
Segments: Main 1  Side 1                  Storage: Main 3.1  Side 0.0 Kb                  Times: Main 00:01:09  Side 00:00:00
ICAM Technologies Corporation                         M T U R N 5 , 1                                     25-Sep-97  08:05:57
(c) Copyright 1997                                                                                                    Page 14
                                                             HUB

NC CONTROL CODE              X AXIS    Z AXIS    U AXIS    W AXIS   C' AXIS   TIP VEL       RPM      TIME  MAIN ACT  SIDE ACT
------------------------- ---------------------------------------------------------------------------------------------------
N158 X2.6334 C-20.341 F17.4274
                             1.3167    6.9900                                    10.0    3000.0  00:01:09  00:01:09  00:00:00

 GOTO/1.22307694,-0.45192307,6.99,0,0,1

N159 X2.6078 C-20.279 F49.0744
                             1.3039                                              10.0            00:01:09  00:01:09

 GOTO/1.21153843,-0.44038463,6.99,0,0,1

N160 X2.5782 C-19.976 F185.9074
                             1.2891                                              10.0            00:01:09  00:01:09

 GOTO/1.20576918,-0.42884615,6.99,0,0,1

N161 X2.5596 C-19.579 F200.
                             1.2798                                               6.5            00:01:10  00:01:10

 GOTO/1.20000005,-0.40576923,6.99,0,0,1

N162 X2.5334 C-18.683        1.2667                                               5.3            00:01:10  00:01:10

 GOTO/1.20000005,-0.38269231,6.99,0,0,1

N163 X2.519 C-17.688         1.2595                                               4.6            00:01:10  00:01:10

 GOTO/1.20576918,-0.35961539,6.99,0,0,1

N164 X2.5166 C-16.607        1.2583                                               4.4            00:01:10  00:01:10

 GOTO/1.21730769,-0.34230769,6.99,0,0,1

N165 X2.529 C-15.706         1.2645                                               4.6            00:01:11  00:01:11

 GOTO/1.22307694,-0.33653846,6.99,0,0,1

N166 X2.537 C-15.385         1.2685                                               5.1            00:01:11  00:01:11

 GOTO/1.24038458,-0.32499999,6.99,0,0,1

N167 X2.5646 C-14.682        1.2823                                               5.9            00:01:11  00:01:11

 GOTO/1.25192308,-0.31923077,6.99,0,0,1

N168 X2.584 C-14.305         1.2920                                               6.8            00:01:11  00:01:11

 GOTO/1.29230773,-0.31346154,6.99,0,0,1

N169 X2.6596 C-13.634 F164.7431
                             1.3298                                              10.0            00:01:11  00:01:11

 GOTO/1.32692313,-0.31346154,6.99,0,0,1
------------------------- ---------------------------------------------------------------------------------------------------
Segments: Main 1  Side 1                  Storage: Main 3.4  Side 0.0 Kb                  Times: Main 00:01:12  Side 00:00:00
ICAM Technologies Corporation                         M T U R N 5 , 1                                     25-Sep-97  08:05:57
(c) Copyright 1997                                                                                                    Page 15
                                                             HUB

NC CONTROL CODE              X AXIS    Z AXIS    U AXIS    W AXIS   C' AXIS   TIP VEL       RPM      TIME  MAIN ACT  SIDE ACT
------------------------- ---------------------------------------------------------------------------------------------------
N170 X2.7268 C-13.291 F99.5631
                             1.3634    6.9900                                    10.0    3000.0  00:01:12  00:01:12  00:00:00

 GOTO/1.36153841,-0.31923077,6.99,0,0,1

N171 X2.797 C-13.195 F29.1272
                             1.3985                                              10.0            00:01:12  00:01:12

 GOTO/1.37307692,-0.32499999,6.99,0,0,1

N172 X2.822 C-13.317 F95.0656
                             1.4110                                              10.0            00:01:12  00:01:12

 GOTO/1.39038467,-0.33653846,6.99,0,0,1

N173 X2.861 C-13.607 F139.729
                             1.4305                                              10.0            00:01:12  00:01:12

 GOTO/1.39615381,-0.34230769,6.99,0,0,1

N174 X2.875 C-13.776 F200.
                             1.4375                                               9.6            00:01:12  00:01:12

 GOTO/1.40769231,-0.35961539,6.99,0,0,1

N175 X2.9058 C-14.331        1.4529                                               7.5            00:01:12  00:01:12

 GOTO/1.41346157,-0.38269231,6.99,0,0,1

N176 X2.9288 C-15.15         1.4644                                               5.8            00:01:12  00:01:12

 GOTO/1.41346157,-0.40000001,6.99,0,0,1

N177 X2.938 C-15.801         1.4690                                               5.3            00:01:13  00:01:13

 GOTO/1.40769231,-0.42884615,6.99,0,0,1

N178 X2.9432 C-16.943        1.4716                                               5.2            00:01:13  00:01:13

 GOTO/1.40192306,-0.44038463,6.99,0,0,1

N179 X2.939 C-17.439         1.4695                                               5.2            00:01:13  00:01:13

 GOTO/1.39038467,-0.45192307,6.99,0,0,1

N180 X2.924 C-18.006         1.4620                                               5.8            00:01:13  00:01:13

 GOTO/1.39038467,-0.45192307,7.2,0,0,1

N181 Z7.2 F10.                         7.2000                                    10.0            00:01:15  00:01:15

 RAPID
------------------------- ---------------------------------------------------------------------------------------------------
Segments: Main 1  Side 1                  Storage: Main 3.6  Side 0.0 Kb                  Times: Main 00:01:15  Side 00:00:00
ICAM Technologies Corporation                         M T U R N 5 , 1                                     25-Sep-97  08:05:57
(c) Copyright 1997                                                                                                    Page 16
                                                             HUB

NC CONTROL CODE              X AXIS    Z AXIS    U AXIS    W AXIS   C' AXIS   TIP VEL       RPM      TIME  MAIN ACT  SIDE ACT
------------------------- ---------------------------------------------------------------------------------------------------
 GOTO/1.20000005,-0.50961536,7.2,0,0,1

N182 G0 C-23.01              1.4620    7.2000                                   127.5    3000.0  00:01:15  00:01:15  00:00:00
N183 X2.6074                 1.3037                                             500.0            00:01:15  00:01:15

 FEDRAT/10,IPM
 GOTO/1.20000005,-0.50961536,6.99,0,0,1

N184 G1 Z6.99 F10.                     6.9900                                    10.0            00:01:16  00:01:16

 GOTO/1.40769231,-0.57884616,6.99,0,0,1

N185 X3.0442 C-22.353 F31.6247
                             1.5221                                              10.0            00:01:17  00:01:17

 GOTO/1.40769231,-0.60192305,6.99,0,0,1

N186 X3.062 C-23.151 F200.
                             1.5310                                               5.8            00:01:17  00:01:17

 GOTO/1.20000005,-0.67115384,6.99,0,0,1

N187 X2.7498 C-29.218        1.3749                                               7.2            00:01:19  00:01:19

 GOTO/1.20000005,-0.67115384,7.2,0,0,1

N188 Z7.2 F10.                         7.2000                                    10.0            00:01:21  00:01:21

 RAPID
 GOTO/1.25192308,-0.65384614,7.2,0,0,1

N189 G0 C-27.577                                                                120.0            00:01:21  00:01:21
N190 X2.8248                 1.4124                                             500.0            00:01:21  00:01:21

 FEDRAT/10,IPM
 GOTO/1.25192308,-0.65384614,6.99,0,0,1

N191 G1 Z6.99 F10.                     6.9900                                    10.0            00:01:22  00:01:22

 GOTO/1.25192308,-0.52692306,6.99,0,0,1

N192 X2.7166 C-22.826 F200.
                             1.3583                                               5.3            00:01:23  00:01:23

 GOTO/1.25192308,-0.52692306,7.2,0,0,1

N193 Z7.2 F10.                         7.2000                                    10.0            00:01:25  00:01:25

 HEAD/1
 SPINDL/OFF

N194 M5                                                                           0.0       0.0
------------------------- ---------------------------------------------------------------------------------------------------
Segments: Main 1  Side 1                  Storage: Main 3.8  Side 0.0 Kb                  Times: Main 00:01:25  Side 00:00:00
ICAM Technologies Corporation                         M T U R N 5 , 1                                     25-Sep-97  08:05:57
(c) Copyright 1997                                                                                                    Page 17
                                                             HUB

NC CONTROL CODE              X AXIS    Z AXIS    U AXIS    W AXIS   C' AXIS   TIP VEL       RPM      TIME  MAIN ACT  SIDE ACT
------------------------- ---------------------------------------------------------------------------------------------------
 TURRET/7

N195 G0 T0707                1.3583    7.2000                                     0.0       0.0  00:01:25  00:01:25  00:00:00

 SPINDL/RPM,3000,CLW
 RAPID
 GOTO/2.60428932,0,6.375,1,0,0

Fatal:  Unfeasible tool axis coded with one rotary and two linears active.
        Tool orientation ignored.
        SEVERITY(16)  ISN(00416)  CLREC(00440)  ERRNUM(01415003)
Message:Tape punching has been discontinued due to the occurence of an error
        of severity: 16.  Processing continues.

N196 G0 C0. S3000 M3                                                            117.8    3000.0  00:01:25  00:01:25
N197 X5.2086 Z6.375          2.6043    6.3750                                   599.7            00:01:25  00:01:25

 CYCLE/DRILL,DEPTH,1.039375,IPM,6,CLEAR,1
 GOTO/1.60428932,0,6.375,1,0,0

Fatal:  CYCLE: Unfeasible tool axis coded with one rotary and two linears
        active. Tool orientation ignored.
        SEVERITY(16)  ISN(00419)  CLREC(00444)  ERRNUM(01415003)

N198 Z7.375                            7.3750                                   500.0            00:01:25  00:01:25
N199 G81 X3.2086 Z5.3356 R7.375 F6.
                             1.6043                                               6.0            00:01:46  00:01:46

 CYCLE/OFF
 SPINDL/OFF

N200 G80                                                                          0.0
N201 M5                                                                                     0.0

 FINI

M1
M30














------------------------- ---------------------------------------------------------------------------------------------------
Segments: Main 1  Side 1                  Storage: Main 4.0  Side 0.0 Kb                  Times: Main 00:01:46  Side 00:00:00
ICAM Technologies Corporation                         M T U R N 5 , 1                                     25-Sep-97  08:05:57
(c) Copyright 1997                                                                                                    Page 18
                                                             HUB

TOOLING SUMMARY:

  MAIN HEAD

     POCKET  TOOL-ID DIAMETER   LENGTH  GRIPPER LEN-COMP DIA-COMP MIN-FEED MAX-FEED     FEED    RAPID     MISC    TOTAL

     No time logged against any tool.

  SIDE HEAD

     POCKET  TOOL-ID DIAMETER   LENGTH  GRIPPER LEN-COMP DIA-COMP MIN-FEED MAX-FEED     FEED    RAPID     MISC    TOTAL

          3       NA       NA   0.0000       NA        3       NO      4.2     10.0 00:00:57 00:00:01 00:00:00 00:00:57
          6       NA       NA   0.0000       NA        6       NO     10.0     10.0 00:00:26 00:00:01 00:00:00 00:00:27
          7       NA       NA   0.0000       NA        7       NO      6.0      6.0 00:00:20 00:00:01 00:00:00 00:00:21


TOOL TRAVEL SUMMARY:

     AXIS         MINIMUM       MAXIMUM         TOTAL

     X             0.0000        2.6043        2.6043
     Z             0.0000        7.3750        7.3750
     U             0.0000        0.0000        0.0000
     W             0.0000        0.0000        0.0000
     C'          -29.218        22.149        51.367


MACHINING TIME SUMMARY:

                 MAIN HEAD                   SIDE HEAD

     TYPE        HH:MM:SS       PERCENT      HH:MM:SS       PERCENT

     RAPID       00:00:03         2.859      00:00:00         0.000
     FEED        00:01:43        97.141      00:00:00         0.000
     MISC        00:00:00         0.000      00:00:00         0.000
     IDLE        00:00:00         0.000      00:01:46       100.000

     TOTAL       00:01:46                    00:01:46


DIAGNOSTIC SUMMARY:

     TYPE           TOTAL

     MESSAGE            0
     WARNING            0
     ERROR              0
     FATAL              2

     TOTAL              2


END OF MAIN HEAD PROGRAM SEGMENT #  1,    4.1 Kb
END OF SIDE HEAD PROGRAM SEGMENT #  1,    0.1 Kb

Pro/NCPOST GENER Processing terminated abnormally

Total elapsed time = 1.1 minutes.

