#UGC:2 PART 887 360 0 1 1 15 1600 9547 \
#- VERS 0 0                                                          \
#- HOST                                                              \
#- LINK                                                              \
#- DBID                                                              \
#- REVS 0,                                                           \
#- RELL 0,                                                           \
#- UOBJ_ID 0 0 0                                                     \
#-END_OF_UGC_HEADER
#P_OBJECT 6
@P_object 1 0
0 1 ->
@depend 2 0
1 2 [1]
2 2 
@model_name 3 10
3 3 REEL
@model_type 4 1
3 4 1
@revnum 5 1
3 5 90
@bom_count 6 1
3 6 1
@dep_type 7 1
3 7 8
@stamp 8 0
3 8 
@major_vers 9 0
4 9 
@vers 10 1
5 10 0
@alias_name 11 10
5 11 
@minor_vers 12 0
4 12 
@vers 13 1
5 13 0
@reason 14 10
3 14 
@dep_db 15 0
1 15 ->
@dep_db 16 0
2 16 [1]
3 16 ->
@to_model_id 17 1
4 17 0
@dep_type 18 1
4 18 4
@obj_id 19 1
4 19 0
@obj_type 20 1
4 20 242
@model_db 21 0
2 21 [1]
3 21 ->
@model_t_type 22 1
4 22 1
@model_name 23 10
4 23 REEL
@generic_name 24 10
4 24 
@stamp 25 0
4 25 
@usr_rev 26 0
1 26 [2]
2 26 
@name 27 10
3 27 USER
@mod_time 28 0
3 28 
@tm_sec 29 1
4 29 21
@tm_min 30 1
4 30 27
@tm_hour 31 1
4 31 15
@tm_mday 32 1
4 32 30
@tm_mon 33 1
4 33 10
@tm_year 34 1
4 34 95
@action 35 1
3 35 1000
@comment 36 10
3 36 Hostname: 'wake'
@rel_level 37 10
3 37 
@rev_string 38 10
3 38 
2 26 
3 27 USER
3 28 
4 29 47
4 30 13
4 31 14
4 32 12
4 33 11
4 34 95
3 35 1000
3 36 Hostname: 'arran'
3 37 
3 38 
@revnum_std 39 1
1 39 79
@flag 40 1
1 40 0
@name 41 10
1 41 NULL
@inst_hidden 42 1
1 42 0
@old_name 43 10
1 43 NULL
@user_symbols 44 0
1 44 [1]
2 44 ->
@class 45 1
3 45 1
@access 46 1
3 46 0
@changed 47 1
3 47 0
@copy_of_generic 48 1
3 48 0
@name 49 10
3 49 COST
@value 50 0
3 50 
@type 51 1
4 51 50
@value(d_val) 52 2
4 52 0
@appl_data 53 0
1 53 ->
@bounding_box 54 2
2 54 [2][3]
$3*C00AE249454FD505
$3*400AE249454FD505
@uobj_id 55 0
1 55 NULL
#END_OF_P_OBJECT
#Pro/ENGINEER  TM  Version G-01-14  (c) 1988-95 by Parametric Technology Corporation  All Rights Reserved. 9547
@Solid 56 0
0 56 ->
@tab_key 57 1
1 57 0
@tab_key_struct 58 0
1 58 ->
@tab_key_ptr 59 0
2 59 [19]
@cmprs_tabkey 60 0
2 60 NULL
@type 61 1
1 61 2
@revnum_ptr 62 0
1 62 ->
@geom_revnum 63 1
2 63 54
@cosm_revnum 64 1
2 64 24
@first_member_ptr 65 0
1 65 NULL
@alumni_members 66 0
1 66 NULL
@frst_geom_ptr 67 1
1 67 0
@first_feat_ptr 68 0
1 68 ->
@id 69 1
2 69 1
@indep_attributes 70 1
2 70 1
@feat_type_ptr 71 0
2 71 ->
@table_id 72 1
3 72 -1
@type 73 1
3 73 923
@feattype_key 74 10
3 74 NULL
@form 75 1
3 75 0
@attributes 76 1
3 76 [3]
$0,262144,0
@placement 77 1
3 77 0
@intersection 78 1
3 78 -1
@internal_udf_type 79 1
3 79 -1
@param_choice_ptr 80 0
3 80 ->
@blend_choice 81 1
4 81 0
@depth_choice 82 1
4 82 0
@angle_choice 83 1
4 83 -1
@pat_choice 84 1
4 84 -1
@round_choice 85 1
4 85 -1
@subsec_choice 86 1
4 86 -1
@sweep_choice 87 1
4 87 0
@dome_choice 88 1
4 88 0
@draft_choice 89 1
4 89 0
@misc_choice 90 1
4 90 32
@assoc_type 91 1
3 91 0
@symbol_key 92 1
2 92 -1
@sect_name 93 10
2 93 VERT
@model_type 94 1
2 94 2
@idtab_ptr 95 0
2 95 ->
@srf_id_arr 96 1
3 96 [1][4]
$2,3*0
@save_geoms 97 0
3 97 NULL
@cr_flags_xar 98 1
3 98 [18]
$3*-1,-2049,2*-1,-16777217,3*-1,-536870913,-1,-1126176897,-2,-2097185,
$-2097665,-1,1073741805
@cvt_feat_dat 99 0
3 99 NULL
@feat_dates_ptr 100 0
3 100 ->
@creat_date 101 1
4 101 160014
@regen_date 102 1
4 102 160014
@geometry 103 0
2 103 
@srf_array 104 0
3 104 [1]
4 104 ->
@geom_type 105 1
5 105 34
@geom_id 106 1
5 106 2
@feat_id 107 1
5 107 1
@boundary_type 108 1
5 108 1
@envlp 109 2
5 109 [2][2]
$2*BFF8EE68CDA51B5C
$2*3FF8EE68CDA51B5C
@srf_prim_ptr(plane) 110 0
5 110 ->
@local_sys 111 2
6 111 [4][3]
$2*0,3FF
$3FF,2*0
$0,3FF,0
$3*0
@frst_cntr_ptr 112 0
5 112 NULL
@next_geom_ptr 113 1
5 113 0
@orient 114 1
5 114 1
@outline 115 2
5 115 [2][3]
$0,2*BFF8EE68CDA51B5C
$0,2*3FF8EE68CDA51B5C
@group_info_ptr 116 0
2 116 NULL
@intrs_pairs_ptr 117 0
2 117 ->
@place_rec_ptr 118 0
2 118 ->
@local_sys 119 2
3 119 [4][3]
$2*0,3FF
$3FF,2*0
$0,3FF,0
$3*0
@place_instruction_ptrs 120 0
3 120 [2]
4 120 ->
@type 121 1
5 121 513
@offset 122 2
5 122 0
@dim_id 123 1
5 123 -1
@ref_id 124 1
5 124 -1
@geometry1_id 125 1
5 125 -1
@geometry2_id 126 1
5 126 2
@memb_num1 127 1
5 127 0
@memb_num2 128 1
5 128 0
@attr 129 1
5 129 32768
@plin_info_arr 130 0
5 130 [2]
6 130 ->
@type 131 1
7 131 1
@data(plin_info_ref) 132 0
7 132 ->
@id_type1 133 1
8 133 -4
@id_type2 134 1
8 134 5
@offset2 135 2
8 135 0
6 130 ->
7 131 6
@data(plin_info_ui_step) 136 0
7 136 ->
@step_ids 137 1
8 137 [1]
9 137 -100
4 120 ->
5 121 549
5 122 4008
5 123 0
5 124 -1
5 125 -1
5 126 2
5 127 0
5 128 0
5 129 0
5 130 [2]
6 130 ->
7 131 1
7 132 ->
8 133 -4
8 134 5
8 135 0
6 130 ->
7 131 6
7 136 ->
8 137 [1]
9 137 -100
@own_ref_id 138 1
3 138 -1
@orient 139 1
3 139 1
@trf_arr 140 0
3 140 [1]
4 140 
@type 141 1
5 141 11
@idx 142 1
5 142 0
@transf 143 2
5 143 [4][3]
$2*0,3FF
$3FF,2*0
$0,3FF,0
$3*0
@next_prop 144 0
2 144 NULL
@first_geom_id 145 1
2 145 2
@cond_tbl_idx 146 1
2 146 -1
@comment 147 10
2 147 NULL
@merge_info_ptr 148 0
2 148 NULL
@topology_increment 149 0
2 149 ->
@first_geom 150 1
3 150 0
@first_quilt 151 1
3 151 0
@outline 152 2
3 152 [2][3]
$3*0
$3*0
@max_part_size 153 2
3 153 0
@xform_increment 154 0
3 154 NULL
@roll_back_id 155 1
3 155 -1
@state_ind 156 1
2 156 -1
@alumni_info 157 0
2 157 NULL
@revnum 158 1
2 158 1
@rev_rec 159 0
2 159 ->
@num_plins 160 1
3 160 2
@next_feat_ptr 161 0
1 161 ->
2 69 3
2 70 1
2 71 ->
3 72 -1
3 73 923
3 74 NULL
3 75 0
3 76 [3]
$0,262144,0
3 77 0
3 78 -1
3 79 -1
3 80 ->
4 81 0
4 82 0
4 83 -1
4 84 -1
4 85 -1
4 86 -1
4 87 0
4 88 0
4 89 0
4 90 32
3 91 0
2 92 -1
2 93 HRZT
2 94 2
2 95 ->
3 96 [1][4]
$4,3*0
3 97 NULL
3 98 [18]
$3*-1,-2049,2*-1,-16777217,3*-1,-536870913,-1,-1126176897,-2,-2097185,
$-2097665,-1,1073741805
3 99 NULL
3 100 ->
4 101 160014
4 102 160014
2 103 
3 104 [1]
4 104 ->
5 105 34
5 106 4
5 107 3
5 108 1
5 109 [2][2]
$2*BFF8EE68CDA51B5C
$2*3FF8EE68CDA51B5C
5 110 ->
6 111 [4][3]
$0,3FF,0
$2*0,3FF
$3FF,2*0
$3*0
5 112 NULL
5 113 0
5 114 1
5 115 [2][3]
$BFF8EE68CDA51B5C,0,BFF8EE68CDA51B5C
$3FF8EE68CDA51B5C,0,3FF8EE68CDA51B5C
2 116 NULL
2 117 ->
2 118 ->
3 119 [4][3]
$0,3FF,0
$2*0,3FF
$3FF,2*0
$3*0
3 120 [2]
4 120 ->
5 121 514
5 122 0
5 123 -1
5 124 -1
5 125 -1
5 126 4
5 127 0
5 128 0
5 129 32768
5 130 [2]
6 130 ->
7 131 1
7 132 ->
8 133 -4
8 134 5
8 135 0
6 130 ->
7 131 6
7 136 ->
8 137 [1]
9 137 -100
4 120 ->
5 121 549
5 122 4008
5 123 2
5 124 -1
5 125 -1
5 126 4
5 127 0
5 128 0
5 129 0
5 130 [2]
6 130 ->
7 131 1
7 132 ->
8 133 -4
8 134 5
8 135 0
6 130 ->
7 131 6
7 136 ->
8 137 [1]
9 137 -100
3 138 -1
3 139 1
3 140 [1]
4 140 
5 141 11
5 142 0
5 143 [4][3]
$0,3FF,0
$2*0,3FF
$3FF,2*0
$3*0
2 144 NULL
2 145 4
2 146 -1
2 147 NULL
2 148 NULL
2 149 ->
3 150 0
3 151 0
3 152 [2][3]
$3*0
$3*0
3 153 0
3 154 NULL
3 155 -1
2 156 -1
2 157 NULL
2 158 1
2 159 ->
3 160 2
1 161 ->
2 69 5
2 70 1
2 71 ->
3 72 -1
3 73 923
3 74 NULL
3 75 0
3 76 [3]
$3*0
3 77 0
3 78 -1
3 79 -1
3 80 ->
4 81 0
4 82 0
4 83 -1
4 84 -1
4 85 -1
4 86 -1
4 87 0
4 88 0
4 89 0
4 90 32
3 91 0
2 92 -1
2 93 CNTR
2 94 2
2 95 ->
3 96 [1][4]
$6,3*0
3 97 NULL
3 98 [18]
$3*-1,-2049,2*-1,-16777217,3*-1,-536870913,-1,-1126176897,-2,-2097185,
$-2097665,-1,1073741805
3 99 NULL
3 100 ->
4 101 160014
4 102 160014
2 103 
3 104 [1]
4 104 ->
5 105 34
5 106 6
5 107 5
5 108 1
5 109 [2][2]
$2*BFF8EE68CDA51B5C
$2*3FF8EE68CDA51B5C
5 110 ->
6 111 [4][3]
$3FF,2*0
$0,3FF,0
$2*0,3FF
$3*0
5 112 NULL
5 113 0
5 114 1
5 115 [2][3]
$2*BFF8EE68CDA51B5C,0
$2*3FF8EE68CDA51B5C,0
2 116 NULL
2 117 ->
2 118 ->
3 119 [4][3]
$3FF,2*0
$0,3FF,0
$2*0,3FF
$3*0
3 120 [2]
4 120 ->
5 121 515
5 122 0
5 123 -1
5 124 -1
5 125 -1
5 126 6
5 127 0
5 128 0
5 129 32768
5 130 [2]
6 130 ->
7 131 1
7 132 ->
8 133 -4
8 134 5
8 135 0
6 130 ->
7 131 6
7 136 ->
8 137 [1]
9 137 -100
4 120 ->
5 121 549
5 122 4008
5 123 1
5 124 -1
5 125 -1
5 126 6
5 127 0
5 128 0
5 129 0
5 130 [2]
6 130 ->
7 131 1
7 132 ->
8 133 -4
8 134 5
8 135 0
6 130 ->
7 131 6
7 136 ->
8 137 [1]
9 137 -100
3 138 -1
3 139 1
3 140 [1]
4 140 
5 141 11
5 142 0
5 143 [4][3]
$3FF,2*0
$0,3FF,0
$2*0,3FF
$3*0
2 144 NULL
2 145 6
2 146 -1
2 147 NULL
2 148 NULL
2 149 ->
3 150 0
3 151 0
3 152 [2][3]
$3*0
$3*0
3 153 0
3 154 NULL
3 155 -1
2 156 -1
2 157 NULL
2 158 1
2 159 ->
3 160 2
1 161 ->
2 69 7
2 70 1
2 71 ->
3 72 -1
3 73 979
3 74 NULL
3 75 0
3 76 [3]
$3*0
3 77 0
3 78 -1
3 79 -1
3 80 ->
4 81 0
4 82 0
4 83 -1
4 84 -1
4 85 -1
4 86 -1
4 87 0
4 88 0
4 89 0
4 90 128
3 91 0
2 92 -1
2 93 no_name
2 94 2
@entity(coord_sys) 162 0
2 162 ->
@type 163 1
3 163 18
@id 164 1
3 164 8
@gen_info 165 0
3 165 
@color 166 1
4 166 1
@sys_type 167 1
3 167 -1
@pnt_type 168 1
3 168 -1
@radius 169 2
3 169 0
@local_sys 170 2
3 170 [4][3]
$3FF,2*0
$0,3FF,0
$2*0,3FF
$3*0
@feat_id 171 1
3 171 7
@entity(text) 172 0
2 172 ->
@text_type 173 1
3 173 34
@text_value 174 10
3 174 CS0
@txt_attrib 175 1
3 175 1
@coord 176 2
3 176 [3]
$40813CDB199F3CA1,407ADE,403197559BDFBC86
@owner_id 177 1
3 177 8
@part_id 178 1
3 178 1
@height 179 2
3 179 BFF
@width_factor 180 2
3 180 BFF
@format_info 181 0
3 181 
@thickness 182 2
3 182 BFF
2 95 ->
@misc_id_tab 183 0
3 183 [1]
4 183 
@misc_hist 184 1
5 184 [5]
$8,534,0,-1,500
3 97 NULL
3 98 [18]
$3*-1,-2049,2*-1,-16777217,3*-1,-536870913,-1,-1126176897,-2,-2097185,
$-2097665,-1,1073741805
3 99 NULL
3 100 ->
4 101 160014
4 102 160014
2 103 
2 116 NULL
2 117 ->
2 118 ->
3 119 [4][3]
$3FF,2*0
$0,3FF,0
$2*0,3FF
$3*0
3 138 -1
3 139 0
3 140 [1]
4 140 
5 141 10
5 142 0
5 143 [4][3]
$3FF,2*0
$0,3FF,0
$2*0,3FF
$3*0
2 144 NULL
2 145 -1
2 146 -1
2 147 NULL
2 148 NULL
2 149 ->
3 150 0
3 151 0
3 152 [2][3]
$3*0
$3*0
3 153 0
3 154 NULL
3 155 -1
2 156 -1
2 157 NULL
2 158 0
2 159 ->
3 160 0
1 161 ->
2 69 11
2 70 1
2 71 ->
3 72 -1
3 73 926
3 74 NULL
3 75 0
3 76 [3]
$3*0
3 77 0
3 78 -1
3 79 -1
3 80 ->
4 81 0
4 82 0
4 83 -1
4 84 -1
4 85 -1
4 86 -1
4 87 0
4 88 0
4 89 0
4 90 0
3 91 0
2 92 -1
2 93 no_name
2 94 2
@entity(line3d) 185 0
2 185 ->
@type 186 1
3 186 11
@id 187 1
3 187 13
@gen_info 188 0
3 188 
@geom_id 189 1
3 189 12
@end1 190 2
3 190 [3]
$3FF379EDD8BE768R,BFD3D70A3D70A3D7,0
@end2 191 2
3 191 [3]
$3FF379EDD8BE768R,BFD3D70A3D70A3D7,3F1A36E2EB1C432D
2 185 ->
3 186 13
3 187 14
3 188 
4 166 1
3 189 12
3 190 [3]
$3FF379EDD8BE768R,BFD3D70A3D70A3D7,0
3 191 [3]
$C006C30913A0C4BC,BFD3D70A3D70A3D7,0
2 172 ->
3 173 19
3 174 A_1
3 175 1
3 176 [3]
$408130BF28658E7D,4079DEF5E6CBB9CA,4024A1C8E805A59A
3 177 -1
3 178 8
3 179 BFF
3 180 BFF
3 181 
3 182 BFF
2 95 ->
3 96 [1][4]
$12,3*0
3 183 [2]
4 183 
5 184 [5]
$13,530,12,-1,500
4 183 
5 184 [5]
$14,531,12,-1,500
3 97 NULL
3 98 [18]
$3*-1,-2049,2*-1,-16777217,3*-1,-536870913,-1,-1126176897,-2,-2097185,
$-2097665,-1,1073741805
3 99 NULL
3 100 ->
4 101 160014
4 102 160014
2 103 
3 104 [1]
4 104 ->
5 105 36
5 106 12
5 107 11
5 108 1
5 109 [2][2]
$2*0
$401921E11D6141FC,40104
@srf_prim_ptr(cylinder) 192 0
5 192 ->
@local_sys 193 2
6 193 [4][3]
$2*0,BFF
$0,BFF,0
$BFF,2*0
$3FF379EDD8BE768R,BFD3D70A3D70A3D7,0
@radius 194 2
6 194 3F1A36E2EB1C432D
5 112 NULL
5 113 0
5 114 1
5 115 [2][3]
$C006C30913A0C4BC,BFD3D8ADAB9F559B,BF1A36E2EB1C432D
$3FF379EDD8BE768R,BFD3D566CF41F213,3F1A36E2EB1C432D
2 116 NULL
2 117 ->
2 118 ->
3 119 [4][3]
$2*0,BFF
$0,BFF,0
$BFF,2*0
$3FF379EDD8BE768R,BFD3D70A3D70A3D7,0
3 120 [1]
4 120 ->
5 121 702
5 122 0
5 123 -1
5 124 0
5 125 18
5 126 12
5 127 2
5 128 0
@memb_id_tab1 195 1
5 195 [2]
$1,8
5 129 512
5 130 [2]
6 130 ->
7 131 1
7 132 ->
8 133 -4
8 134 5
8 135 0
6 130 ->
7 131 6
7 136 ->
8 137 [1]
9 137 -100
3 138 0
3 139 0
3 140 [2]
4 140 
5 141 8
5 142 0
5 143 [4][3]
$2*0,BFF
$0,BFF,0
$BFF,2*0
$3FF379EDD8BE768R,BFD3D70A3D70A3D7,0
4 140 
5 141 9
5 142 0
5 143 [4][3]
$2*0,401921E11D6141FC
$40104,3FF,0
$2*0,3FF
$3*0
2 144 NULL
2 145 12
2 146 -1
2 147 NULL
2 148 NULL
2 149 ->
3 150 0
3 151 0
3 152 [2][3]
$3*0
$3*0
3 153 0
3 154 NULL
3 155 -1
2 156 -1
2 157 NULL
2 158 1
2 159 ->
@revnums 196 0
3 196 [2]
4 196 ->
@owner_type 197 1
5 197 3
@owner_ind 198 1
5 198 -1
@ref_id 199 1
5 199 -1
@ref_revnum 200 1
5 200 -1
@memb_tab_revnums 201 1
5 201 [1]
6 201 0
4 196 ->
5 197 1
5 198 -1
5 199 0
5 200 2
5 201 [2]
$0,67
3 160 1
1 161 NULL
@assem_mass_prop_ptr 202 0
1 202 NULL
@mass_prop_ptr 203 0
1 203 ->
@type 204 1
2 204 0
@density 205 2
2 205 3FF
@init_dens 206 5
2 206 1
@rel_density 207 2
2 207 0
@init_rel_dens 208 5
2 208 0
@aver_density 209 2
2 209 3FF
@vrevnum 210 1
2 210 44
@volume 211 2
2 211 0
@cg 212 2
2 212 [3]
$0,3F9EB851EB851EB6,3F20330B7E31FC
@inertia 213 2
2 213 [3][3]
$3*0
$3*0
$3*0
@eps 214 2
2 214 3EE4F8B588E368F1
@surfarea 215 2
2 215 0
@assign_mp_ptr 216 0
1 216 NULL
@tol_default_ptr 217 0
1 217 ->
@type 218 1
2 218 10
@value 219 2
2 219 [7]
$0,3FB9R,3F847AE147AE147B,3F50624DD2F1A9FC,3F1A36E2EB1C432D,
$3EE4F8B588E368F1,3EB0C6F7A0B5ED8E
@ang_value 220 2
2 220 [7]
$0,6*3FE
@standard 221 1
2 221 0
@iso_tol_tbls_ptr 222 0
2 222 NULL
@ref_part_table 223 0
1 223 [1]
2 223 ->
@name 224 10
3 224 REEL
@id 225 1
3 225 2
@type 226 1
3 226 1
@revnum 227 1
3 227 -1
@memb_id_tab 228 1
3 228 [1]
4 228 20
@dep_id 229 1
3 229 0
@attributes 230 1
3 230 0
@simpl_rep 231 0
3 231 NULL
@first_xsec_ptr 232 0
1 232 NULL
@datum_count 233 1
1 233 0
@axis_count 234 1
1 234 1
@insert_layer_id 235 1
1 235 -1
@layer_count 236 1
1 236 1
@layer_list 237 0
1 237 [5]
2 237 
@feat_id 238 1
3 238 1
@layer_id 239 1
3 239 0
@back_layer_id 240 1
3 240 0
2 237 
3 238 3
3 239 0
3 240 0
2 237 
3 238 5
3 239 0
3 240 0
2 237 
3 238 7
3 239 0
3 240 0
2 237 
3 238 11
3 239 0
3 240 0
@lang_ptr 241 0
1 241 ->
@interact_on 242 1
2 242 -1
@first_csys_ptr 243 0
1 243 NULL
@color_prop_ptr 244 0
1 244 ->
@color_tab 245 0
2 245 [1]
3 245 
@maximum 246 2
4 246 [3]
$2*3FE81D959E4B2103,3FE9817CD0FB5B49
@ambient 247 2
4 247 3FECR
@diffuse 248 2
4 248 3FECR
@specular 249 2
4 249 3FE9R
@spec_coef 250 2
4 250 3FE
@transmission 251 2
4 251 3FDF335B0FA77818
@threshold 252 1
4 252 90
@gl_ind 253 1
4 253 0
@surf_ind_tab 254 0
2 254 [1]
3 254 
@surf_id 255 1
4 255 -1
@surf_color_inds 256 1
4 256 [2]
$0,-1
@fem_data 257 0
1 257 NULL
@rel_part_eps 258 2
1 258 3F53A92A30553261
@names_table 259 0
1 259 [4]
2 259 ->
@id 260 1
3 260 2
@type 261 1
3 261 5
@name 262 10
3 262 VERT
2 259 ->
3 260 4
3 261 5
3 262 HRZT
2 259 ->
3 260 6
3 261 5
3 262 CNTR
2 259 ->
3 260 8
3 261 25
3 262 CS0
@drv_tbl_ptr 263 0
1 263 NULL
@assembled_count 264 1
1 264 0
@part_type 265 1
1 265 1
@mat_name_ptr 266 10
1 266 NULL
@first_ent_id 267 1
1 267 516377
@first_view_id 268 1
1 268 0
@outline 269 2
1 269 [2][3]
$3*C00AE249454FD505
$3*400AE249454FD505
@dim_num 270 1
1 270 3
@dim_array 271 0
1 271 [3]
2 271 ->
@type 272 1
3 272 8
@dim_type 273 1
3 273 9
@feat_id 274 1
3 274 1
@attributes 275 1
3 275 257
@dim_dat_ptr 276 0
3 276 ->
@value 277 2
4 277 4008
@bck_value 278 2
4 278 4008
@tol_ptr 279 0
4 279 ->
@type 280 1
5 280 9
@tol_type 281 1
5 281 4
@dual_digits_diff 282 1
5 282 999
@value 283 2
5 283 [2]
$2*3F847AE147AE147B
@nominal_value 284 2
4 284 4008
@bound 285 1
4 285 20
@bck_bound 286 1
4 286 -1
@bck_tol_ptr 287 0
4 287 ->
@value 288 2
5 288 [2]
$2*3F847AE147AE147B
@datum_def_id 289 1
4 289 -1
@places_denom 290 1
4 290 2
@bck_places_denom 291 1
4 291 2
@dim_data_attrib 292 1
4 292 0
@dim_cosm_ptr 293 0
3 293 ->
@d0 294 2
4 294 0
@d1 295 2
4 295 0
@d2 296 2
4 296 0
@d3 297 2
4 297 0
@ord_info 298 0
4 298 NULL
@attach_ptr 299 0
3 299 NULL
@dim_text_ptr 300 0
3 300 ->
@symbol 301 10
4 301 d0
@line_array 302 0
4 302 [1]
5 302 
@text_array 303 0
6 303 [2]
7 303 
@text_type 304 1
8 304 61
@text_value 305 10
8 305 
@txt_attrib 306 1
8 306 1025
@owner_id 307 1
8 307 0
@part_id 308 1
8 308 26
@height 309 2
8 309 BFF
@width_factor 310 2
8 310 BFF
@format_info 311 0
8 311 
@thickness 312 2
8 312 BFF
7 303 
8 304 58
8 305 Max.
8 306 1024
8 307 0
8 308 26
8 309 BFF
8 310 BFF
8 311 
8 312 BFF
@parent_dim_id 313 1
3 313 -1
2 271 ->
3 272 8
3 273 9
3 274 5
3 275 257
3 276 ->
4 277 4008
4 278 4008
4 279 ->
5 280 9
5 281 4
5 282 999
5 283 [2]
$2*3F847AE147AE147B
4 284 4008
4 285 20
4 286 -1
4 287 ->
5 288 [2]
$2*3F847AE147AE147B
4 289 -1
4 290 2
4 291 2
4 292 0
3 293 ->
4 294 0
4 295 0
4 296 0
4 297 0
4 298 NULL
3 299 NULL
3 300 ->
4 301 d1
4 302 [1]
5 302 
6 303 [2]
7 303 
8 304 61
8 305 
8 306 1025
8 307 1
8 308 26
8 309 BFF
8 310 BFF
8 311 
8 312 BFF
7 303 
8 304 58
8 305 Max.
8 306 1024
8 307 1
8 308 26
8 309 BFF
8 310 BFF
8 311 
8 312 BFF
3 313 -1
2 271 ->
3 272 8
3 273 9
3 274 3
3 275 257
3 276 ->
4 277 4008
4 278 4008
4 279 ->
5 280 9
5 281 4
5 282 999
5 283 [2]
$2*3F847AE147AE147B
4 284 4008
4 285 20
4 286 -1
4 287 ->
5 288 [2]
$2*3F847AE147AE147B
4 289 -1
4 290 2
4 291 2
4 292 0
3 293 ->
4 294 0
4 295 0
4 296 0
4 297 0
4 298 NULL
3 299 NULL
3 300 ->
4 301 d2
4 302 [1]
5 302 
6 303 [2]
7 303 
8 304 61
8 305 
8 306 1025
8 307 2
8 308 26
8 309 BFF
8 310 BFF
8 311 
8 312 BFF
7 303 
8 304 58
8 305 Max.
8 306 1024
8 307 2
8 308 26
8 309 BFF
8 310 BFF
8 311 
8 312 BFF
3 313 -1
@ipar_num 314 1
1 314 0
@relpar_sets 315 0
1 315 [1]
2 315 
@id 316 1
3 316 -1
@type 317 1
3 317 2
@ext_ref_id 318 1
3 318 -1
@param 319 0
3 319 [5]
4 319 
@sym 320 10
5 320 
@value 321 0
5 321 
@type 322 1
6 322 50
@value(d_val) 323 2
6 323 0
@bak_value 324 0
5 324 
6 322 50
6 323 0
4 319 
5 320 
5 321 
6 322 50
6 323 0
5 324 
6 322 50
6 323 0
4 319 
5 320 
5 321 
6 322 50
6 323 0
5 324 
6 322 50
6 323 0
4 319 
5 320 
5 321 
6 322 50
6 323 0
5 324 
6 322 50
6 323 0
4 319 
5 320 COST
5 321 
6 322 50
6 323 0
5 324 
6 322 50
6 323 0
@relatnum 325 1
3 325 1
@relation 326 10
3 326 [1]
4 326 
@unit_arr 327 0
1 327 [2]
2 327 
@type 328 1
3 328 1
@factor 329 2
3 329 3FF
@name 330 10
3 330 INCH
@unit_type 331 1
3 331 0
2 327 
3 328 2
3 329 3FF
3 330 POUND
3 331 1
@geom_lib_ptr 332 0
1 332 NULL
@first_quilt_ptr 333 1
1 333 0
@attrib_array 334 1
1 334 [1]
2 334 536870912
@smt_info_ptr 335 0
1 335 NULL
@cable_info_ptr 336 0
1 336 NULL
@comp_info_ptr 337 0
1 337 NULL
@max_part_size 338 2
1 338 0
@prt_misc_ptr 339 0
1 339 ->
@shrink_data_ptr 340 0
2 340 NULL
@layer_array 341 0
1 341 [3]
2 341 ->
@id 342 1
3 342 9
@type 343 1
3 343 117
@user_id 344 1
3 344 0
@weird_wline_ptr 345 0
3 345 ->
@weird_wline 346 10
4 346 DIMS
@layer_objects 347 0
3 347 [1]
4 347 
@type 348 1
5 348 8
@ids 349 1
5 349 [3]
$0,1,2
@saved_operation 350 1
3 350 3
2 341 ->
3 342 10
3 343 117
3 344 0
3 345 ->
4 346 CSYS
3 347 [1]
4 347 
5 348 3
5 349 [1]
6 349 7
3 350 3
2 341 ->
3 342 15
3 343 117
3 344 0
3 345 ->
4 346 3_ALL_AXES
3 347 [1]
4 347 
5 348 3
5 349 [1]
6 349 11
3 350 3
@expld_mv_info 351 0
1 351 NULL
@state_info_ptr 352 0
1 352 NULL
@alumni_feats 353 0
1 353 NULL
@model_name 354 10
1 354 CASE
@p_mdl_grid 355 0
1 355 NULL
@mdl_status_ptr 356 0
1 356 NULL
@cfg_states 357 0
1 357 NULL
@disp_outl_info 358 0
1 358 
@disp_outline 359 2
2 359 [2][3]
$3*C00AE249454FD505
$3*400AE249454FD505
@ribbon_info_ptr 360 0
1 360 NULL
@p_xref_data 361 0
1 361 ->
@View 362 0
0 362 ->
@id 363 1
1 363 0
@viewattr 364 0
1 364 
@attr_arr 365 1
2 365 [4]
$1,3*0
@mpoint 366 0
1 366 
@id 367 1
2 367 0
@coord 368 2
2 368 [3]
$3*0
@first_instr_ptr 369 0
2 369 NULL
@attach_ptr 370 0
2 370 NULL
@vpoint 371 0
1 371 
2 367 0
2 368 [3]
$407F4,407A5E,0
2 369 NULL
2 370 NULL
@orient 372 2
1 372 [4][4]
$3FED7954E7DBA2F8,0,3FD8EC3AE92B676B,0
$BFD385CE5246572,3FE3E43A9692E21C,3FE7167619F550A2,0
$BFCEFC077F3F36A6,BFE91103985DA841,3FE25240DD3851BF,0
$3*0,3FF
@local_sys 373 2
1 373 [4][4]
$405075E23E93EBAD,0,403BD667EABCE3BE,0
$C035CE4E373DEB5E,404637C57586988A,4049C9B2750448C3,0
$C0314DD84F61D08F,C04BFF7DE4E9A3DE,404476C8C887CBED,0
$407F4,407A5E,0,3FF
@first_instr_ptr 374 0
1 374 ->
@type 375 1
2 375 100
@geom_id 376 1
2 376 -1
@view_id 377 1
2 377 -1
@memb_num 378 1
2 378 0
@offset 379 2
2 379 0
@matrix 380 0
2 380 NULL
@next_instr_ptr 381 0
1 381 NULL
@outer_xsec_index 382 1
1 382 -1
@next_view_id 383 1
1 383 16
@simp_rep_id 384 1
1 384 0
@name 385 10
1 385 no name
@matrix 386 2
1 386 [4][4]
$3FF,3*0
$0,3FF,2*0
$2*0,3FF,0
$3*0,3FF
@fit_outline 387 2
1 387 [2][3]
$4059,405518,C079467E52590FFE
$408C2,4087BB,4079467E52590FFE
@det_info_ptr 388 0
1 388 NULL
@named_view_pzmatr 389 0
1 389 NULL
@page_id 390 1
1 390 0
@model_name 391 10
1 391 NULL
@unrep_model_name 392 10
1 392 NULL
@View 393 0
0 393 ->
@id 394 1
1 394 16
@viewattr 395 0
1 395 
@attr_arr 396 1
2 396 [4]
$1,3*0
@mpoint 397 0
1 397 
@id 398 1
2 398 0
@coord 399 2
2 399 [3]
$3*0
@first_instr_ptr 400 0
2 400 NULL
@attach_ptr 401 0
2 401 NULL
@vpoint 402 0
1 402 
2 398 0
2 399 [3]
$407F4,407A5E,0
2 400 NULL
2 401 NULL
@orient 403 2
1 403 [4][4]
$3FF,3*0
$0,3FF,2*0
$2*0,3FF,0
$3*0,3FF
@local_sys 404 2
1 404 [4][4]
$404CF1C97FA7491,3*0
$0,404CF1C97FA7491,2*0
$2*0,404CF1C97FA7491,0
$407F4,407A5E,0,3FF
@first_instr_ptr 405 0
1 405 ->
@type 406 1
2 406 100
@geom_id 407 1
2 407 -1
@view_id 408 1
2 408 -1
@memb_num 409 1
2 409 0
@offset 410 2
2 410 0
@matrix 411 0
2 411 NULL
@next_instr_ptr 412 0
1 412 ->
2 406 201
2 407 6
2 408 -1
2 409 0
2 410 0
2 411 NULL
1 412 ->
2 406 202
2 407 4
2 408 -1
2 409 0
2 410 0
2 411 NULL
1 412 NULL
@outer_xsec_index 413 1
1 413 -1
@next_view_id 414 1
1 414 17
@simp_rep_id 415 1
1 415 0
@name 416 10
1 416 FRONT
@matrix 417 2
1 417 [4][4]
$3FF,3*0
$0,3FF,2*0
$2*0,3FF,0
$3*0,3FF
@fit_outline 418 2
1 418 [2][3]
$4059,405518,C07518
$408C2,4087BB,407518
@det_info_ptr 419 0
1 419 NULL
@named_view_pzmatr 420 0
1 420 ->
@matrix 421 2
2 421 [4][4]
$3FF,3*0
$0,3FF,2*0
$2*0,3FF,0
$3*0,3FF
@page_id 422 1
1 422 0
@model_name 423 10
1 423 NULL
@unrep_model_name 424 10
1 424 NULL
@View 425 0
0 425 ->
@id 426 1
1 426 17
@viewattr 427 0
1 427 
@attr_arr 428 1
2 428 [4]
$1,3*0
@mpoint 429 0
1 429 
@id 430 1
2 430 0
@coord 431 2
2 431 [3]
$3*0
@first_instr_ptr 432 0
2 432 NULL
@attach_ptr 433 0
2 433 NULL
@vpoint 434 0
1 434 
2 430 0
2 431 [3]
$407F4,407A5E,0
2 432 NULL
2 433 NULL
@orient 435 2
1 435 [4][4]
$BFF,3*0
$0,3FF,2*0
$2*0,BFF,0
$3*0,3FF
@local_sys 436 2
1 436 [4][4]
$C04CF1C97FA7491,3*0
$0,404CF1C97FA7491,2*0
$2*0,C04CF1C97FA7491,0
$407F4,407A5E,0,3FF
@first_instr_ptr 437 0
1 437 ->
@type 438 1
2 438 100
@geom_id 439 1
2 439 -1
@view_id 440 1
2 440 -1
@memb_num 441 1
2 441 0
@offset 442 2
2 442 0
@matrix 443 0
2 443 NULL
@next_instr_ptr 444 0
1 444 ->
2 438 206
2 439 6
2 440 -1
2 441 0
2 442 0
2 443 NULL
1 444 ->
2 438 202
2 439 4
2 440 -1
2 441 0
2 442 0
2 443 NULL
1 444 NULL
@outer_xsec_index 445 1
1 445 -1
@next_view_id 446 1
1 446 18
@simp_rep_id 447 1
1 447 0
@name 448 10
1 448 BACK
@matrix 449 2
1 449 [4][4]
$3FF,3*0
$0,3FF,2*0
$2*0,3FF,0
$3*0,3FF
@fit_outline 450 2
1 450 [2][3]
$4059,405518,C07518
$408C2,4087BB,407518
@det_info_ptr 451 0
1 451 NULL
@named_view_pzmatr 452 0
1 452 ->
@matrix 453 2
2 453 [4][4]
$3FF,3*0
$0,3FF,2*0
$2*0,3FF,0
$3*0,3FF
@page_id 454 1
1 454 0
@model_name 455 10
1 455 NULL
@unrep_model_name 456 10
1 456 NULL
@View 457 0
0 457 ->
@id 458 1
1 458 18
@viewattr 459 0
1 459 
@attr_arr 460 1
2 460 [4]
$1,3*0
@mpoint 461 0
1 461 
@id 462 1
2 462 0
@coord 463 2
2 463 [3]
$3*0
@first_instr_ptr 464 0
2 464 NULL
@attach_ptr 465 0
2 465 NULL
@vpoint 466 0
1 466 
2 462 0
2 463 [3]
$407F4,407A5E,0
2 464 NULL
2 465 NULL
@orient 467 2
1 467 [4][4]
$3FF,3*0
$2*0,BFF,0
$0,3FF,2*0
$3*0,3FF
@local_sys 468 2
1 468 [4][4]
$404CF1C97FA7491,3*0
$2*0,C04CF1C97FA7491,0
$0,404CF1C97FA7491,2*0
$407F4,407A5E,0,3FF
@first_instr_ptr 469 0
1 469 ->
@type 470 1
2 470 100
@geom_id 471 1
2 471 -1
@view_id 472 1
2 472 -1
@memb_num 473 1
2 473 0
@offset 474 2
2 474 0
@matrix 475 0
2 475 NULL
@next_instr_ptr 476 0
1 476 ->
2 470 206
2 471 4
2 472 -1
2 473 0
2 474 0
2 475 NULL
1 476 ->
2 470 202
2 471 6
2 472 -1
2 473 0
2 474 0
2 475 NULL
1 476 NULL
@outer_xsec_index 477 1
1 477 -1
@next_view_id 478 1
1 478 -2
@simp_rep_id 479 1
1 479 0
@name 480 10
1 480 UNDER
@matrix 481 2
1 481 [4][4]
$3FF,3*0
$0,3FF,2*0
$2*0,3FF,0
$3*0,3FF
@fit_outline 482 2
1 482 [2][3]
$4059,405518,C07518
$408C2,4087BB,407518
@det_info_ptr 483 0
1 483 NULL
@named_view_pzmatr 484 0
1 484 ->
@matrix 485 2
2 485 [4][4]
$3FF,3*0
$0,3FF,2*0
$2*0,3FF,0
$3*0,3FF
@page_id 486 1
1 486 0
@model_name 487 10
1 487 NULL
@unrep_model_name 488 10
1 488 NULL
@assem_merge_parts 489 0
0 489 ->
#END_OF_UGC
