#UGC:2 PART 887 360 0 1 1 15 1600 9547 \
#- VERS 0 0                                                          \
#- HOST                                                              \
#- LINK                                                              \
#- DBID                                                              \
#- REVS 0,                                                           \
#- RELL 0,                                                           \
#- UOBJ_ID 818776886 315003956 143768952                             \
#-END_OF_UGC_HEADER
#P_OBJECT 6
@P_object 1 0
0 1 ->
@dep_db 2 0
1 2 ->
@usr_rev 3 0
1 3 [3]
2 3 
@name 4 10
3 4 BAUERLE
@mod_time 5 0
3 5 
@tm_sec 6 1
4 6 2
@tm_min 7 1
4 7 12
@tm_hour 8 1
4 8 14
@tm_mday 9 1
4 9 13
@tm_mon 10 1
4 10 10
@tm_year 11 1
4 11 95
@action 12 1
3 12 1000
@comment 13 10
3 13 Hostname: 'buckle'
@rel_level 14 10
3 14 
@rev_string 15 10
3 15 
2 3 
3 4 USER
3 5 
4 6 48
4 7 40
4 8 21
4 9 1
4 10 11
4 11 95
3 12 1000
3 13 Hostname: 'guinea'
3 14 
3 15 
2 3 
3 4 USER
3 5 
4 6 26
4 7 1
4 8 14
4 9 12
4 10 11
4 11 95
3 12 1000
3 13 Hostname: 'arran'
3 14 
3 15 
@revnum_std 16 1
1 16 183
@flag 17 1
1 17 0
@name 18 10
1 18 NULL
@inst_hidden 19 1
1 19 0
@old_name 20 10
1 20 NULL
@user_symbols 21 0
1 21 [2]
2 21 ->
@class 22 1
3 22 1
@access 23 1
3 23 0
@changed 24 1
3 24 0
@copy_of_generic 25 1
3 25 0
@name 26 10
3 26 COST
@value 27 0
3 27 
@type 28 1
4 28 50
@value(d_val) 29 2
4 29 3FB47AE147AE147B
2 21 ->
3 22 1
3 23 0
3 24 0
3 25 0
3 26 VENDOR
3 27 
4 28 51
@value(s_val) 30 10
4 30 Smith Bros.
@appl_data 31 0
1 31 ->
@bounding_box 32 2
2 32 [2][3]
$BFC6575BE0375CDF,BFBCAEB7C06EB9BE,BFC65A2F9E3D59F9
$3FC6575BE0375CDF,3FBCAEB7C06EB9BE,3FC65A2F9E3D59F9
@uobj_id 33 0
1 33 NULL
#END_OF_P_OBJECT
#Pro/ENGINEER  TM  Version G-01-14  (c) 1988-95 by Parametric Technology Corporation  All Rights Reserved. 9547
@Solid 34 0
0 34 ->
@tab_key 35 1
1 35 0
@tab_key_struct 36 0
1 36 ->
@tab_key_ptr 37 0
2 37 [86]
@cmprs_tabkey 38 0
2 38 NULL
@type 39 1
1 39 2
@revnum_ptr 40 0
1 40 ->
@geom_revnum 41 1
2 41 164
@cosm_revnum 42 1
2 42 18
@first_member_ptr 43 0
1 43 NULL
@alumni_members 44 0
1 44 NULL
@frst_geom_ptr 45 1
1 45 24
@first_feat_ptr 46 0
1 46 ->
@id 47 1
2 47 1
@indep_attributes 48 1
2 48 1
@feat_type_ptr 49 0
2 49 ->
@table_id 50 1
3 50 13
@type 51 1
3 51 923
@feattype_key 52 10
3 52 NULL
@form 53 1
3 53 0
@attributes 54 1
3 54 [3]
$0,262144,0
@placement 55 1
3 55 0
@intersection 56 1
3 56 -1
@internal_udf_type 57 1
3 57 -1
@param_choice_ptr 58 0
3 58 ->
@blend_choice 59 1
4 59 0
@depth_choice 60 1
4 60 0
@angle_choice 61 1
4 61 -1
@pat_choice 62 1
4 62 -1
@round_choice 63 1
4 63 -1
@subsec_choice 64 1
4 64 -1
@sweep_choice 65 1
4 65 0
@dome_choice 66 1
4 66 0
@draft_choice 67 1
4 67 0
@misc_choice 68 1
4 68 0
@assoc_type 69 1
3 69 0
@symbol_key 70 1
2 70 -1
@sect_name 71 10
2 71 DTM1
@model_type 72 1
2 72 2
@idtab_ptr 73 0
2 73 ->
@srf_id_arr 74 1
3 74 [1][4]
$2,3*0
@save_geoms 75 0
3 75 NULL
@cr_flags_xar 76 1
3 76 [18]
$3*-1,-2049,2*-1,-16777217,3*-1,-536870913,-1,-1126176897,-2,-2097185,
$-203555329,495,0
@cvt_feat_dat 77 0
3 77 NULL
@feat_dates_ptr 78 0
3 78 ->
@creat_date 79 1
4 79 150023
@regen_date 80 1
4 80 150023
@geometry 81 0
2 81 
@srf_array 82 0
3 82 [1]
4 82 ->
@geom_type 83 1
5 83 34
@geom_id 84 1
5 84 2
@feat_id 85 1
5 85 1
@boundary_type 86 1
5 86 1
@envlp 87 2
5 87 [2][2]
$BFBCAEB7C06EB9BE,BFC65A2F9E3D59F9
$3FBCAEB7C06EB9BE,3FC65A2F9E3D59F9
@srf_prim_ptr(plane) 88 0
5 88 ->
@local_sys 89 2
6 89 [4][3]
$2*0,3FF
$3FF,2*0
$0,3FF,0
$3*0
@frst_cntr_ptr 90 0
5 90 NULL
@next_geom_ptr 91 1
5 91 0
@orient 92 1
5 92 1
@outline 93 2
5 93 [2][3]
$0,BFBCAEB7C06EB9BE,BFC65A2F9E3D59F9
$0,3FBCAEB7C06EB9BE,3FC65A2F9E3D59F9
@group_info_ptr 94 0
2 94 NULL
@intrs_pairs_ptr 95 0
2 95 ->
@place_rec_ptr 96 0
2 96 ->
@local_sys 97 2
3 97 [4][3]
$2*0,3FF
$3FF,2*0
$0,3FF,0
$3*0
@place_instruction_ptrs 98 0
3 98 [1]
4 98 ->
@type 99 1
5 99 513
@offset 100 2
5 100 0
@dim_id 101 1
5 101 -1
@ref_id 102 1
5 102 -1
@geometry1_id 103 1
5 103 -1
@geometry2_id 104 1
5 104 2
@memb_num1 105 1
5 105 0
@memb_num2 106 1
5 106 0
@attr 107 1
5 107 32768
@plin_info_arr 108 0
5 108 [2]
6 108 ->
@type 109 1
7 109 1
@data(plin_info_ref) 110 0
7 110 ->
@id_type1 111 1
8 111 -4
@id_type2 112 1
8 112 5
@offset2 113 2
8 113 0
6 108 ->
7 109 6
@data(plin_info_ui_step) 114 0
7 114 ->
@step_ids 115 1
8 115 [1]
9 115 -100
@own_ref_id 116 1
3 116 -1
@orient 117 1
3 117 1
@trf_arr 118 0
3 118 [1]
4 118 
@type 119 1
5 119 11
@idx 120 1
5 120 0
@transf 121 2
5 121 [4][3]
$2*0,3FF
$3FF,2*0
$0,3FF,0
$3*0
@next_prop 122 0
2 122 NULL
@first_geom_id 123 1
2 123 2
@cond_tbl_idx 124 1
2 124 -1
@comment 125 10
2 125 NULL
@merge_info_ptr 126 0
2 126 NULL
@topology_increment 127 0
2 127 ->
@first_geom 128 1
3 128 0
@first_quilt 129 1
3 129 0
@outline 130 2
3 130 [2][3]
$3*0
$3*0
@max_part_size 131 2
3 131 0
@xform_increment 132 0
3 132 NULL
@roll_back_id 133 1
3 133 -1
@state_ind 134 1
2 134 -1
@alumni_info 135 0
2 135 NULL
@revnum 136 1
2 136 1
@rev_rec 137 0
2 137 ->
@num_plins 138 1
3 138 1
@next_feat_ptr 139 0
1 139 ->
2 47 3
2 48 1
2 49 ->
3 50 13
3 51 923
3 52 NULL
3 53 0
3 54 [3]
$0,262144,0
3 55 0
3 56 -1
3 57 -1
3 58 ->
4 59 0
4 60 0
4 61 -1
4 62 -1
4 63 -1
4 64 -1
4 65 0
4 66 0
4 67 0
4 68 0
3 69 0
2 70 -1
2 71 DTM2
2 72 2
2 73 ->
3 74 [1][4]
$4,3*0
3 75 NULL
3 76 [18]
$3*-1,-2049,2*-1,-16777217,3*-1,-536870913,-1,-1126176897,-2,-2097185,
$-203555329,495,0
3 77 NULL
3 78 ->
4 79 150023
4 80 150023
2 81 
3 82 [1]
4 82 ->
5 83 34
5 84 4
5 85 3
5 86 1
5 87 [2][2]
$BFC65A2F9E3D59F9,BFC6575BE0375CDF
$3FC65A2F9E3D59F9,3FC6575BE0375CDF
5 88 ->
6 89 [4][3]
$0,3FF,0
$2*0,3FF
$3FF,2*0
$3*0
5 90 NULL
5 91 0
5 92 1
5 93 [2][3]
$BFC6575BE0375CDF,0,BFC65A2F9E3D59F9
$3FC6575BE0375CDF,0,3FC65A2F9E3D59F9
2 94 NULL
2 95 ->
2 96 ->
3 97 [4][3]
$0,3FF,0
$2*0,3FF
$3FF,2*0
$3*0
3 98 [1]
4 98 ->
5 99 514
5 100 0
5 101 -1
5 102 -1
5 103 -1
5 104 4
5 105 0
5 106 0
5 107 32768
5 108 [2]
6 108 ->
7 109 1
7 110 ->
8 111 -4
8 112 5
8 113 0
6 108 ->
7 109 6
7 114 ->
8 115 [1]
9 115 -100
3 116 -1
3 117 1
3 118 [1]
4 118 
5 119 11
5 120 0
5 121 [4][3]
$0,3FF,0
$2*0,3FF
$3FF,2*0
$3*0
2 122 NULL
2 123 4
2 124 -1
2 125 NULL
2 126 NULL
2 127 ->
3 128 0
3 129 0
3 130 [2][3]
$3*0
$3*0
3 131 0
3 132 NULL
3 133 -1
2 134 -1
2 135 NULL
2 136 1
2 137 ->
3 138 1
1 139 ->
2 47 5
2 48 1
2 49 ->
3 50 13
3 51 923
3 52 NULL
3 53 0
3 54 [3]
$3*0
3 55 0
3 56 -1
3 57 -1
3 58 ->
4 59 0
4 60 0
4 61 -1
4 62 -1
4 63 -1
4 64 -1
4 65 0
4 66 0
4 67 0
4 68 0
3 69 0
2 70 -1
2 71 DTM3
2 72 2
2 73 ->
3 74 [1][4]
$6,3*0
3 75 NULL
3 76 [18]
$3*-1,-2049,2*-1,-16777217,3*-1,-536870913,-1,-1126176897,-2,-2097185,
$-203555329,495,0
3 77 NULL
3 78 ->
4 79 150023
4 80 150023
2 81 
3 82 [1]
4 82 ->
5 83 34
5 84 6
5 85 5
5 86 1
5 87 [2][2]
$BFC6575BE0375CDF,BFBCAEB7C06EB9BE
$3FC6575BE0375CDF,3FBCAEB7C06EB9BE
5 88 ->
6 89 [4][3]
$3FF,2*0
$0,3FF,0
$2*0,3FF
$3*0
5 90 NULL
5 91 0
5 92 1
5 93 [2][3]
$BFC6575BE0375CDF,BFBCAEB7C06EB9BE,0
$3FC6575BE0375CDF,3FBCAEB7C06EB9BE,0
2 94 NULL
2 95 ->
2 96 ->
3 97 [4][3]
$3FF,2*0
$0,3FF,0
$2*0,3FF
$3*0
3 98 [1]
4 98 ->
5 99 515
5 100 0
5 101 -1
5 102 -1
5 103 -1
5 104 6
5 105 0
5 106 0
5 107 32768
5 108 [2]
6 108 ->
7 109 1
7 110 ->
8 111 -4
8 112 5
8 113 0
6 108 ->
7 109 6
7 114 ->
8 115 [1]
9 115 -100
3 116 -1
3 117 1
3 118 [1]
4 118 
5 119 11
5 120 0
5 121 [4][3]
$3FF,2*0
$0,3FF,0
$2*0,3FF
$3*0
2 122 NULL
2 123 6
2 124 -1
2 125 NULL
2 126 NULL
2 127 ->
3 128 0
3 129 0
3 130 [2][3]
$3*0
$3*0
3 131 0
3 132 NULL
3 133 -1
2 134 -1
2 135 NULL
2 136 1
2 137 ->
3 138 1
1 139 ->
2 47 8
2 48 1
2 49 ->
3 50 13
3 51 923
3 52 NULL
3 53 0
3 54 [3]
$3,2*0
3 55 0
3 56 -1
3 57 -1
3 58 ->
4 59 0
4 60 0
4 61 -1
4 62 970
4 63 -1
4 64 -1
4 65 0
4 66 0
4 67 0
4 68 0
3 69 0
2 70 -1
2 71 no_name
2 72 2
2 73 ->
3 74 [1][4]
$9,3*0
3 75 NULL
3 76 [18]
$3*-1,-2049,2*-1,-16777217,3*-1,-536870913,-1,-1126176897,-2,-2097185,
$-203555329,495,0
3 77 NULL
3 78 ->
4 79 150023
4 80 150023
2 81 
3 82 [1]
4 82 ->
5 83 34
5 84 9
5 85 8
5 86 -1
5 87 [2][2]
$2*0
$2*0
5 88 ->
6 89 [4][3]
$BFF,2*0
$0,BFF,0
$2*0,3FF
$3*0
5 90 NULL
5 91 0
5 92 1
5 93 [2][3]
$3*0
$3*0
2 94 NULL
2 95 ->
2 96 ->
3 97 [4][3]
$BFF,2*0
$0,BFF,0
$2*0,3FF
$3*0
3 98 [2]
4 98 ->
5 99 509
5 100 3FF
5 101 -1
5 102 -1
5 103 6
5 104 9
5 105 0
5 106 0
5 107 32768
5 108 [2]
6 108 ->
7 109 1
7 110 ->
8 111 -4
8 112 5
8 113 0
6 108 ->
7 109 6
7 114 ->
8 115 [1]
9 115 -100
4 98 ->
5 99 510
5 100 BFF
5 101 -1
5 102 -1
5 103 4
5 104 9
5 105 0
5 106 0
5 107 32768
5 108 [2]
6 108 ->
7 109 1
7 110 ->
8 111 -4
8 112 5
8 113 0
6 108 ->
7 109 6
7 114 ->
8 115 [1]
9 115 -100
3 116 -1
3 117 1
3 118 [1]
4 118 
5 119 11
5 120 0
5 121 [4][3]
$BFF,2*0
$0,BFF,0
$2*0,3FF
$3*0
2 122 NULL
2 123 9
2 124 -1
2 125 NULL
2 126 NULL
@parent_table 140 1
2 140 [2]
$3,5
2 127 ->
3 128 0
3 129 0
3 130 [2][3]
$3*0
$3*0
3 131 0
3 132 NULL
3 133 -1
2 134 -1
2 135 NULL
2 136 0
2 137 ->
3 138 2
1 139 ->
2 47 7
2 48 1
2 49 ->
3 50 7
3 51 917
3 52 NULL
3 53 2
3 54 [3]
$0,65536,0
3 55 0
3 56 991
3 57 -1
3 58 ->
4 59 0
4 60 0
4 61 964
4 62 -1
4 63 -1
4 64 -1
4 65 0
4 66 0
4 67 0
4 68 0
3 69 0
2 70 -1
2 71 no_name
2 72 2
@entity(line3d) 141 0
2 141 ->
@type 142 1
3 142 11
@id 143 1
3 143 62
@gen_info 144 0
3 144 
@geom_id 145 1
3 145 10
@end1 146 2
3 146 [3]
$0,BFBC,0
@end2 147 2
3 147 [3]
$3FC6,BFBC,0
2 141 ->
3 142 13
3 143 63
3 144 
@color 148 1
4 148 1
3 145 10
3 146 [3]
$0,BFBC,0
3 147 [3]
$0,3FBC,0
@entity(text) 149 0
2 149 ->
@text_type 150 1
3 150 19
@text_value 151 10
3 151 A_2
@txt_attrib 152 1
3 152 1
@coord 153 2
3 153 [3]
$4081545EF46FF525,40736B8A044A7AD,C0602075050DE2FC
@owner_id 154 1
3 154 -1
@part_id 155 1
3 155 10
@height 156 2
3 156 BFF
@width_factor 157 2
3 157 BFF
@format_info 158 0
3 158 
@thickness 159 2
3 159 BFF
2 73 ->
3 74 [16][4]
$10,204,2*0
$17,203,2*0
$24,200,7,0
$26,200,8,0
$28,200,10,0
$30,200,9,0
$32,200,3,0
$34,200,2,0
$36,204,0,1
$43,203,0,1
$50,200,7,1
$52,200,8,1
$54,200,10,1
$56,200,9,1
$58,200,3,1
$60,200,2,1
@edg_id_arr 160 1
3 160 [36][6]
$11,221,7,2*0,10
$12,221,8,2*0,10
$13,221,10,2*0,10
$14,221,9,2*0,56
$15,221,3,2*0,58
$16,221,2,2*0,60
$18,222,7,2*0,24
$19,222,8,2*0,26
$20,222,10,2*0,28
$21,222,9,2*0,30
$22,222,3,2*0,32
$23,222,2,2*0,34
$25,303,7,0,2,24
$27,303,8,0,7,26
$29,303,10,0,8,28
$31,303,9,0,10,30
$33,303,3,0,9,32
$35,303,2,0,3,34
$37,221,7,1,0,36
$38,221,8,1,0,36
$39,221,10,1,0,36
$40,221,9,1,0,36
$41,221,3,1,0,36
$42,221,2,1,0,36
$44,222,7,1,0,-1
$45,222,8,1,0,43
$46,222,10,1,0,-1
$47,222,9,1,0,-1
$48,222,3,1,0,-1
$49,222,2,1,0,-1
$51,303,7,1,2,60
$53,303,8,1,7,50
$55,303,10,1,8,52
$57,303,9,1,10,28
$59,303,3,1,9,56
$61,303,2,1,3,58
@misc_id_tab 161 0
3 161 [2]
4 161 
@misc_hist 162 1
5 162 [5]
$62,530,10,-1,500
4 161 
5 162 [5]
$63,531,10,-1,500
@dtm_id_tab 163 0
3 163 [1]
4 163 
@dtm_id 164 1
5 164 9
@dim_id 165 1
5 165 -1
3 75 ->
@sv_frst_geom 166 1
4 166 24
3 76 [18]
$3*-1,-2049,2*-1,-16777217,3*-1,-536870913,-1,-1126176897,-2,-2097185,
$-203555329,495,0
3 77 NULL
3 78 ->
4 79 150023
4 80 150023
2 81 
3 82 [16]
4 82 ->
5 83 34
5 84 10
5 85 7
5 86 -1
5 87 [2][2]
$BFC6,3F8666666666668
$3FC6,3FCD6R
5 88 ->
6 89 [4][3]
$3FF,2*0
$0,3FF,0
$2*0,3FF
$0,BFBECCCCCCCCCCD,0
5 90 NULL
5 91 24
5 92 -1
5 93 [2][3]
$3*0
$3*0
4 82 ->
5 83 34
5 84 17
5 85 7
5 86 -1
5 87 [2][2]
$0,3F8666666666668
$3FC6,3FCD6R
5 88 ->
6 89 [4][3]
$3FF,2*0
$0,3FF,0
$2*0,3FF
$0,BFBECCCCCCCCCCD,0
5 90 NULL
5 91 24
5 92 -1
5 93 [2][3]
$3*0
$3*0
4 82 ->
5 83 34
5 84 24
5 85 7
5 86 0
5 87 [2][2]
$BFC6,BFC602D3BE05FD1A
$3FC6,3FC602D3BE05FD1A
5 88 ->
6 89 [4][3]
$3FF,2*0
$2*0,3FF
$0,BFF,0
$0,BFBC,0
5 90 ->
@frst_cntr_crv_hdr_ptr 167 1
6 167 51
@trv 168 1
6 168 1
@envlp 169 2
6 169 [2][2]
$BFC6,BFC602D3BE05FD1A
$3FC6,3FC602D3BE05FD1A
@next_cntr_ptr 170 0
5 170 ->
6 167 78
6 168 -1
6 169 [2][2]
$2*BFBC
$2*3FBC
5 170 NULL
5 91 28
5 92 -1
5 93 [2][3]
$BFC6,BFBC,BFC602D3BE05FD1A
$3FC6,BFBC,3FC602D3BE05FD1A
4 82 ->
5 83 36
5 84 26
5 85 7
5 86 -1
5 87 [2][2]
$C00921FB54442D18,3F8666666666668
$0,3FCD6R
@srf_prim_ptr(cylinder) 171 0
5 171 ->
@local_sys 172 2
6 172 [4][3]
$3FF,2*0
$2*0,3FF
$0,BFF,0
$0,BFBECCCCCCCCCCD,0
@radius 173 2
6 173 3EE4F8B588E368F1
5 90 NULL
5 91 28
5 92 -1
5 93 [2][3]
$3*0
$3*0
4 82 ->
5 83 34
5 84 28
5 85 7
5 86 0
5 87 [2][2]
$BFC6,BFC602D3BE05FD1A
$3FC6,3FC602D3BE05FD1A
5 88 ->
6 89 [4][3]
$3FF,2*0
$2*0,3FF
$0,BFF,0
$0,3FBC,0
5 90 ->
6 167 57
6 168 1
6 169 [2][2]
$BFC6,BFC602D3BE05FD1A
$3FC6,3FC602D3BE05FD1A
5 170 ->
6 167 80
6 168 -1
6 169 [2][2]
$2*BFBC
$2*3FBC
5 170 NULL
5 91 30
5 92 1
5 93 [2][3]
$BFC6,3FBC,BFC602D3BE05FD1A
$3FC6,3FBC,3FC602D3BE05FD1A
4 82 ->
5 83 36
5 84 30
5 85 7
5 86 0
5 87 [2][2]
$C00921FB54442D18,3FC96R
$0,3FCD6R
5 171 ->
6 172 [4][3]
$3FF,2*0
$2*0,3FF
$0,BFF,0
$0,BFBECCCCCCCCCCD,0
6 173 3FC6
5 90 ->
6 167 14
6 168 1
6 169 [2][2]
$C00921FB54442D18,3FC96R
$0,3FCD6R
5 170 NULL
5 91 32
5 92 1
5 93 [2][3]
$BFC6,3FB4,0
$3FC6,3FBC,3FC6
4 82 ->
5 83 38
5 84 32
5 85 7
5 86 0
5 87 [2][2]
$C00921FB54442D18,C00CF3E602325278
$0,C0055010A65607B8
@srf_prim_ptr(torus) 174 0
5 174 ->
@local_sys 175 2
6 175 [4][3]
$3FF,2*0
$2*0,3FF
$0,BFF,0
$3*0
@radius1 176 2
6 176 3FD4A9BD2F9C6E39
@radius2 177 2
6 177 3FC5C28F5C28F5C3
5 90 ->
6 167 15
6 168 1
6 169 [2][2]
$C00921FB54442D18,C00CF3E602325278
$0,C0055010A65607B8
5 170 NULL
5 91 34
5 92 -1
5 93 [2][3]
$BFC6,BFB4,0
$3FC6,3FB4,3FC6
4 82 ->
5 83 36
5 84 34
5 85 7
5 86 0
5 87 [2][2]
$C00921FB54442D18,3F8666666666668
$0,3FA59999999999A
5 171 ->
6 172 [4][3]
$3FF,2*0
$2*0,3FF
$0,BFF,0
$0,BFBECCCCCCCCCCD,0
6 173 3FC6
5 90 ->
6 167 16
6 168 1
6 169 [2][2]
$C00921FB54442D18,3F8666666666668
$0,3FA59999999999A
5 170 NULL
5 91 56
5 92 1
5 93 [2][3]
$BFC6,BFBC,0
$3FC6,BFB4,3FC6
4 82 ->
5 83 34
5 84 36
5 85 7
5 86 -1
5 87 [2][2]
$BFC6,3F8666666666668
$3FC6,3FCD6R
5 88 ->
6 89 [4][3]
$3FF,2*0
$0,3FF,0
$2*0,3FF
$0,BFBECCCCCCCCCCD,0
5 90 NULL
5 91 56
5 92 -1
5 93 [2][3]
$3*0
$3*0
4 82 ->
5 83 34
5 84 43
5 85 7
5 86 -1
5 87 [2][2]
$0,3F8666666666668
$3FC6,3FCD6R
5 88 ->
6 89 [4][3]
$3FF,2*0
$0,3FF,0
$2*0,3FF
$0,BFBECCCCCCCCCCD,0
5 90 NULL
5 91 50
5 92 1
5 93 [2][3]
$3*0
$3*0
4 82 ->
5 83 34
5 84 50
5 85 7
5 86 -1
5 87 [2][2]
$BFC6,0
$3FC6,3FC602D3BE05FD1A
5 88 ->
6 89 [4][3]
$3FF,2*0
$2*0,3FF
$0,BFF,0
$0,BFBC,0
5 90 NULL
5 91 54
5 92 -1
5 93 [2][3]
$3*0
$3*0
4 82 ->
5 83 36
5 84 52
5 85 7
5 86 -1
5 87 [2][2]
$C01921FB54442D18,3F8666666666668
$C00921FB54442D18,3FCD6R
5 171 ->
6 172 [4][3]
$3FF,2*0
$2*0,3FF
$0,BFF,0
$0,BFBECCCCCCCCCCD,0
6 173 3EE4F8B588E368F1
5 90 NULL
5 91 54
5 92 -1
5 93 [2][3]
$3*0
$3*0
4 82 ->
5 83 34
5 84 54
5 85 7
5 86 -1
5 87 [2][2]
$BFC6,0
$3FC6,3FC602D3BE05FD1A
5 88 ->
6 89 [4][3]
$3FF,2*0
$2*0,3FF
$0,BFF,0
$0,3FBC,0
5 90 NULL
5 91 56
5 92 1
5 93 [2][3]
$3*0
$3*0
4 82 ->
5 83 36
5 84 56
5 85 7
5 86 0
5 87 [2][2]
$C01921FB54442D18,3FC96R
$C00921FB54442D18,3FCD6R
5 171 ->
6 172 [4][3]
$3FF,2*0
$2*0,3FF
$0,BFF,0
$0,BFBECCCCCCCCCCD,0
6 173 3FC6
5 90 ->
6 167 14
6 168 1
6 169 [2][2]
$C01921FB54442D18,3FC96R
$C00921FB54442D18,3FCD6R
5 170 NULL
5 91 58
5 92 1
5 93 [2][3]
$BFC6,3FB4,BFC6
$3FC6,3FBC,0
4 82 ->
5 83 38
5 84 58
5 85 7
5 86 0
5 87 [2][2]
$C01921FB54442D18,C00CF3E602325278
$C00921FB54442D18,C0055010A65607B8
5 174 ->
6 175 [4][3]
$3FF,2*0
$2*0,3FF
$0,BFF,0
$3*0
6 176 3FD4A9BD2F9C6E39
6 177 3FC5C28F5C28F5C3
5 90 ->
6 167 15
6 168 1
6 169 [2][2]
$C01921FB54442D18,C00CF3E602325278
$C00921FB54442D18,C0055010A65607B8
5 170 NULL
5 91 60
5 92 -1
5 93 [2][3]
$BFC6,BFB4,BFC6
$3FC6,3FB4,0
4 82 ->
5 83 36
5 84 60
5 85 7
5 86 0
5 87 [2][2]
$C01921FB54442D18,3F8666666666668
$C00921FB54442D18,3FA59999999999A
5 171 ->
6 172 [4][3]
$3FF,2*0
$2*0,3FF
$0,BFF,0
$0,BFBECCCCCCCCCCD,0
6 173 3FC6
5 90 ->
6 167 16
6 168 1
6 169 [2][2]
$C01921FB54442D18,3F8666666666668
$C00921FB54442D18,3FA59999999999A
5 170 NULL
5 91 72
5 92 1
5 93 [2][3]
$BFC6,BFBC,BFC6
$3FC6,BFB4,0
@crv_array 178 0
3 178 [36]
4 178 ->
@crv_id 179 1
5 179 11
@feat_id 180 1
5 180 7
@type 181 1
5 181 0
@crv_pnt_dir 182 1
5 182 [2]
$1,-1
@crv_pnt_arr 183 2
5 183 [2][4]
$BFC6,3F8666666666668,BFC6,0
$0,3F8666666666668,2*0
@crv_hdr_geom_ptr[0] 184 1
5 184 10
@crv_hdr_geom_ptr[1] 185 1
5 185 24
@next_crv_hdr_ptr[0] 186 1
5 186 18
@next_crv_hdr_ptr[1] 187 1
5 187 25
@ref_geom[0] 188 1
5 188 0
@ref_geom[1] 189 1
5 189 0
4 178 ->
5 179 12
5 180 7
5 181 1
5 182 [2]
$1,-1
5 183 [2][4]
$0,3F8666666666668,0,3F8666666666668
$0,3FCD6R,0,3FCD6R
5 184 10
5 185 10
5 186 13
5 187 18
5 188 0
5 189 0
4 178 ->
5 179 13
5 180 7
5 181 0
5 182 [2]
$1,-1
5 183 [2][4]
$0,3FCD6R,2*0
$BFC6,3FCD6R,BFC6,0
5 184 10
5 185 28
5 186 14
5 187 39
5 188 0
5 189 0
4 178 ->
5 179 14
5 180 7
5 181 1
5 182 [2]
$1,-1
5 183 [2][4]
$C00921FB54442D18,3FCD6R,C00921FB54442D18,3FCD6R
$C00921FB54442D18,3FC96R,C00921FB54442D18,3FC96R
5 184 56
5 185 30
5 186 59
5 187 31
5 188 0
5 189 0
4 178 ->
5 179 15
5 180 7
5 181 1
5 182 [2]
$1,-1
5 183 [9][4]
$C00921FB54442D18,C00CF3E602325278,C00921FB54442D18,C00CF3E602325278
$C00921FB54442D18,C00BFF6B56B6C92,C00921FB54442D18,C00BFF6B56B6C92
$C00921FB54442D18,C00B0AF0AB3B3FC8,C00921FB54442D18,C00B0AF0AB3B3FC8
$C00921FB54442D18,C00A1675FFBFB67,C00921FB54442D18,C00A1675FFBFB67
$4*C00921FB54442D18
$C00921FB54442D18,C0082D80A8C8A3C,C00921FB54442D18,C0082D80A8C8A3C
$C00921FB54442D18,C0073905FD4D1A68,C00921FB54442D18,C0073905FD4D1A68
$C00921FB54442D18,C006448B51D1911,C00921FB54442D18,C006448B51D1911
$C00921FB54442D18,C0055010A65607B8,C00921FB54442D18,C0055010A65607B8
5 184 58
5 185 32
5 186 61
5 187 33
5 188 0
5 189 0
4 178 ->
5 179 16
5 180 7
5 181 1
5 182 [2]
$1,-1
5 183 [2][4]
$C00921FB54442D18,3FA59999999999A,C00921FB54442D18,3FA59999999999A
$C00921FB54442D18,3F8666666666668,C00921FB54442D18,3F8666666666668
5 184 60
5 185 34
5 186 51
5 187 35
5 188 0
5 189 0
4 178 ->
5 179 18
5 180 7
5 181 0
5 182 [2]
$-1,1
5 183 [2][4]
$3FC6,3F8666666666668,3FC6,0
$0,3F8666666666668,2*0
5 184 10
5 185 24
5 186 23
5 187 44
5 188 0
5 189 0
4 178 ->
5 179 19
5 180 7
5 181 0
5 182 [2]
$-1,1
5 183 [2][4]
$0,3F8666666666668,0,3F8666666666668
$0,3FCD6R,0,3FCD6R
5 184 17
5 185 26
5 186 0
5 187 0
5 188 0
5 189 0
4 178 ->
5 179 20
5 180 7
5 181 0
5 182 [2]
$-1,1
5 183 [2][4]
$0,3FCD6R,2*0
$3FC6,3FCD6R,3FC6,0
5 184 10
5 185 28
5 186 13
5 187 31
5 188 0
5 189 0
4 178 ->
5 179 21
5 180 7
5 181 1
5 182 [2]
$-1,1
5 183 [2][4]
$C01921FB54442D18,3FCD6R,0,3FCD6R
$C01921FB54442D18,3FC96R,0,3FC96R
5 184 56
5 185 30
5 186 57
5 187 33
5 188 0
5 189 0
4 178 ->
5 179 22
5 180 7
5 181 1
5 182 [2]
$-1,1
5 183 [9][4]
$C01921FB54442D18,C00CF3E602325278,0,C00CF3E602325278
$C01921FB54442D18,C00BFF6B56B6C92,0,C00BFF6B56B6C92
$C01921FB54442D18,C00B0AF0AB3B3FC8,0,C00B0AF0AB3B3FC8
$C01921FB54442D18,C00A1675FFBFB67,0,C00A1675FFBFB67
$C01921FB54442D18,C00921FB54442D18,0,C00921FB54442D18
$C01921FB54442D18,C0082D80A8C8A3C,0,C0082D80A8C8A3C
$C01921FB54442D18,C0073905FD4D1A68,0,C0073905FD4D1A68
$C01921FB54442D18,C006448B51D1911,0,C006448B51D1911
$C01921FB54442D18,C0055010A65607B8,0,C0055010A65607B8
5 184 58
5 185 32
5 186 59
5 187 35
5 188 0
5 189 0
4 178 ->
5 179 23
5 180 7
5 181 1
5 182 [2]
$-1,1
5 183 [2][4]
$C01921FB54442D18,3FA59999999999A,0,3FA59999999999A
$C01921FB54442D18,3F8666666666668,0,3F8666666666668
5 184 60
5 185 34
5 186 61
5 187 25
5 188 0
5 189 0
4 178 ->
5 179 25
5 180 7
5 181 0
5 182 [2]
$1,-1
5 183 [28][4]
$BFC6,0,C00921FB54442D18,3F8666666666668
$BFC5D9EB1E47F4E8,BF946EAEADC1E01,C00833AFA67A8A3D,3F8666666666668
$BFC568304F5EFACE,BFA44B50785468,C0074563F8B0E762,3F8666666666668
$BFC4AC594D987F03,BFAE1907A03DD071,C00657184AE74487,3F8666666666668
$BFC3A8F0644A32B7,BFB3BF46229F08C1,C00568CC9D1DA1AC,3F8666666666668
$BFC26177A480F434,BFB82DAB4C0996F6,C0047A80EF53FED1,3F8666666666668
$BFC0DA5CBFEE8727,BFBC485C11129E6R,C0038C35418A5BF6,3F8666666666668
$BFBE31D368372FAR,BFC000917F57A179,C0029DE993C0B91B,3F8666666666668
$BFBA4664F5E31C62,BFC1A58ECD656991,C001AF9DE5F7164,3F8666666666668
$BFB6,BFC30D747FBCB4B5,C000C152382D736R,3F8666666666668
$BFB16D7146ACCD6E,BFC43364A31DA594,BFFFA60D14C7A115,3F8666666666668
$BFA93D1A6D0D8BE8,BFC513659D6CBB79,BFFDC975B9345B5F,3F8666666666668
$BF9E8FE46D4FBEDF,BFC5AA6FF098C35,BFFBECDE5DA115A9,3F8666666666668
$BF84778BFC93E83D,BFC5F678B7544FDC,BFFA1047020DCFF3,3F8666666666668
$3F84778BFC93E83D,BFC5F678B7544FDC,BFF833AFA67A8A3D,3F8666666666668
$3F9E8FE46D4FBEDF,BFC5AA6FF098C35,BFF657184AE74487,3F8666666666668
$3FA93D1A6D0D8BE2,BFC513659D6CBB79,BFF47A80EF53FED2,3F8666666666668
$3FB16D7146ACCD6E,BFC43364A31DA594,BFF29DE993C0B91B,3F8666666666668
$3FB6,BFC30D747FBCB4B6,BFF0C152382D736R,3F8666666666668
$3FBA4664F5E31C61,BFC1A58ECD656992,BFEDC975B9345B6,3F8666666666668
$3FBE31D368372FA8,BFC000917F57A179,BFEA1047020DCFF4,3F8666666666668
$3FC0DA5CBFEE8726,BFBC485C11129E68,BFE657184AE7448R,3F8666666666668
$3FC26177A480F43R,BFB82DAB4C0996F7,BFE29DE993C0B91C,3F8666666666668
$3FC3A8F0644A32B7,BFB3BF46229F08C3,BFDDC975B9345B6,3F8666666666668
$3FC4AC594D987F03,BFAE1907A03DD072,BFD657184AE7448R,3F8666666666668
$3FC568304F5EFACE,BFA44B5078546801,BFCDC975B9345B6,3F8666666666668
$3FC5D9EB1E47F4E8,BF946EAEADC1E01R,BFBDC975B9345B6,3F8666666666668
$3FC6,2*0,3F8666666666668
5 184 24
5 185 34
5 186 51
5 187 16
5 188 0
5 189 0
4 178 ->
5 179 27
5 180 7
5 181 0
5 182 [2]
$1,-1
5 183 [4][4]
$C00921FB54442D18,3F8666666666668,2*0
$C000C152382D736R,3F8666666666668,2*0
$BFF0C152382D736R,3F8666666666668,2*0
$0,3F8666666666668,2*0
5 184 26
5 185 24
5 186 0
5 187 0
5 188 0
5 189 0
4 178 ->
5 179 29
5 180 7
5 181 0
5 182 [2]
$1,-1
5 183 [4][4]
$2*0,C00921FB54442D18,3FCD6R
$2*0,C000C152382D736R,3FCD6R
$2*0,BFF0C152382D736R,3FCD6R
$3*0,3FCD6R
5 184 28
5 185 26
5 186 0
5 187 0
5 188 0
5 189 0
4 178 ->
5 179 31
5 180 7
5 181 0
5 182 [2]
$1,-1
5 183 [28][4]
$C00921FB54442D18,3FCD6R,BFC6,0
$C00833AFA67A8A3D,3FCD6R,BFC5D9EB1E47F4E8,BF946EAEADC1E01
$C0074563F8B0E762,3FCD6R,BFC568304F5EFACE,BFA44B50785468
$C00657184AE74487,3FCD6R,BFC4AC594D987F03,BFAE1907A03DD071
$C00568CC9D1DA1AC,3FCD6R,BFC3A8F0644A32B7,BFB3BF46229F08C1
$C0047A80EF53FED1,3FCD6R,BFC26177A480F434,BFB82DAB4C0996F6
$C0038C35418A5BF6,3FCD6R,BFC0DA5CBFEE8727,BFBC485C11129E6R
$C0029DE993C0B91B,3FCD6R,BFBE31D368372FAR,BFC000917F57A179
$C001AF9DE5F7164,3FCD6R,BFBA4664F5E31C62,BFC1A58ECD656991
$C000C152382D736R,3FCD6R,BFB6,BFC30D747FBCB4B5
$BFFFA60D14C7A115,3FCD6R,BFB16D7146ACCD6E,BFC43364A31DA594
$BFFDC975B9345B5F,3FCD6R,BFA93D1A6D0D8BE8,BFC513659D6CBB79
$BFFBECDE5DA115A9,3FCD6R,BF9E8FE46D4FBEDF,BFC5AA6FF098C35
$BFFA1047020DCFF3,3FCD6R,BF84778BFC93E83D,BFC5F678B7544FDC
$BFF833AFA67A8A3D,3FCD6R,3F84778BFC93E83D,BFC5F678B7544FDC
$BFF657184AE74487,3FCD6R,3F9E8FE46D4FBEDF,BFC5AA6FF098C35
$BFF47A80EF53FED2,3FCD6R,3FA93D1A6D0D8BE2,BFC513659D6CBB79
$BFF29DE993C0B91B,3FCD6R,3FB16D7146ACCD6E,BFC43364A31DA594
$BFF0C152382D736R,3FCD6R,3FB6,BFC30D747FBCB4B6
$BFEDC975B9345B6,3FCD6R,3FBA4664F5E31C61,BFC1A58ECD656992
$BFEA1047020DCFF4,3FCD6R,3FBE31D368372FA8,BFC000917F57A179
$BFE657184AE7448R,3FCD6R,3FC0DA5CBFEE8726,BFBC485C11129E68
$BFE29DE993C0B91C,3FCD6R,3FC26177A480F43R,BFB82DAB4C0996F7
$BFDDC975B9345B6,3FCD6R,3FC3A8F0644A32B7,BFB3BF46229F08C3
$BFD657184AE7448R,3FCD6R,3FC4AC594D987F03,BFAE1907A03DD072
$BFCDC975B9345B6,3FCD6R,3FC568304F5EFACE,BFA44B5078546801
$BFBDC975B9345B6,3FCD6R,3FC5D9EB1E47F4E8,BF946EAEADC1E01R
$0,3FCD6R,3FC6,0
5 184 30
5 185 28
5 186 21
5 187 57
5 188 0
5 189 0
4 178 ->
5 179 33
5 180 7
5 181 0
5 182 [2]
$1,-1
5 183 [28][4]
$C00921FB54442D18,C00CF3E602325278,C00921FB54442D18,3FC96R
$C00833AFA67A8A3D,C00CF3E602325278,C00833AFA67A8A3D,3FC96R
$C0074563F8B0E762,C00CF3E602325278,C0074563F8B0E762,3FC96R
$C00657184AE74487,C00CF3E602325278,C00657184AE74487,3FC96R
$C00568CC9D1DA1AC,C00CF3E602325278,C00568CC9D1DA1AC,3FC96R
$C0047A80EF53FED1,C00CF3E602325278,C0047A80EF53FED1,3FC96R
$C0038C35418A5BF6,C00CF3E602325278,C0038C35418A5BF6,3FC96R
$C0029DE993C0B91B,C00CF3E602325278,C0029DE993C0B91B,3FC96R
$C001AF9DE5F7164,C00CF3E602325278,C001AF9DE5F7164,3FC96R
$C000C152382D736R,C00CF3E602325278,C000C152382D736R,3FC96R
$BFFFA60D14C7A115,C00CF3E602325278,BFFFA60D14C7A115,3FC96R
$BFFDC975B9345B5F,C00CF3E602325278,BFFDC975B9345B5F,3FC96R
$BFFBECDE5DA115A9,C00CF3E602325278,BFFBECDE5DA115A9,3FC96R
$BFFA1047020DCFF3,C00CF3E602325278,BFFA1047020DCFF3,3FC96R
$BFF833AFA67A8A3D,C00CF3E602325278,BFF833AFA67A8A3D,3FC96R
$BFF657184AE74487,C00CF3E602325278,BFF657184AE74487,3FC96R
$BFF47A80EF53FED2,C00CF3E602325278,BFF47A80EF53FED2,3FC96R
$BFF29DE993C0B91B,C00CF3E602325278,BFF29DE993C0B91B,3FC96R
$BFF0C152382D736R,C00CF3E602325278,BFF0C152382D736R,3FC96R
$BFEDC975B9345B6,C00CF3E602325278,BFEDC975B9345B6,3FC96R
$BFEA1047020DCFF4,C00CF3E602325278,BFEA1047020DCFF4,3FC96R
$BFE657184AE7448R,C00CF3E602325278,BFE657184AE7448R,3FC96R
$BFE29DE993C0B91C,C00CF3E602325278,BFE29DE993C0B91C,3FC96R
$BFDDC975B9345B6,C00CF3E602325278,BFDDC975B9345B6,3FC96R
$BFD657184AE7448R,C00CF3E602325278,BFD657184AE7448R,3FC96R
$BFCDC975B9345B6,C00CF3E602325278,BFCDC975B9345B6,3FC96R
$BFBDC975B9345B6,C00CF3E602325278,BFBDC975B9345B6,3FC96R
$0,C00CF3E602325278,0,3FC96R
5 184 32
5 185 30
5 186 22
5 187 14
5 188 0
5 189 0
4 178 ->
5 179 35
5 180 7
5 181 0
5 182 [2]
$1,-1
5 183 [28][4]
$C00921FB54442D18,3FA59999999999A,C00921FB54442D18,C0055010A65607B8
$C00833AFA67A8A3D,3FA59999999999A,C00833AFA67A8A3D,C0055010A65607B8
$C0074563F8B0E762,3FA59999999999A,C0074563F8B0E762,C0055010A65607B8
$C00657184AE74487,3FA59999999999A,C00657184AE74487,C0055010A65607B8
$C00568CC9D1DA1AC,3FA59999999999A,C00568CC9D1DA1AC,C0055010A65607B8
$C0047A80EF53FED1,3FA59999999999A,C0047A80EF53FED1,C0055010A65607B8
$C0038C35418A5BF6,3FA59999999999A,C0038C35418A5BF6,C0055010A65607B8
$C0029DE993C0B91B,3FA59999999999A,C0029DE993C0B91B,C0055010A65607B8
$C001AF9DE5F7164,3FA59999999999A,C001AF9DE5F7164,C0055010A65607B8
$C000C152382D736R,3FA59999999999A,C000C152382D736R,C0055010A65607B8
$BFFFA60D14C7A115,3FA59999999999A,BFFFA60D14C7A115,C0055010A65607B8
$BFFDC975B9345B5F,3FA59999999999A,BFFDC975B9345B5F,C0055010A65607B8
$BFFBECDE5DA115A9,3FA59999999999A,BFFBECDE5DA115A9,C0055010A65607B8
$BFFA1047020DCFF3,3FA59999999999A,BFFA1047020DCFF3,C0055010A65607B8
$BFF833AFA67A8A3D,3FA59999999999A,BFF833AFA67A8A3D,C0055010A65607B8
$BFF657184AE74487,3FA59999999999A,BFF657184AE74487,C0055010A65607B8
$BFF47A80EF53FED2,3FA59999999999A,BFF47A80EF53FED2,C0055010A65607B8
$BFF29DE993C0B91B,3FA59999999999A,BFF29DE993C0B91B,C0055010A65607B8
$BFF0C152382D736R,3FA59999999999A,BFF0C152382D736R,C0055010A65607B8
$BFEDC975B9345B6,3FA59999999999A,BFEDC975B9345B6,C0055010A65607B8
$BFEA1047020DCFF4,3FA59999999999A,BFEA1047020DCFF4,C0055010A65607B8
$BFE657184AE7448R,3FA59999999999A,BFE657184AE7448R,C0055010A65607B8
$BFE29DE993C0B91C,3FA59999999999A,BFE29DE993C0B91C,C0055010A65607B8
$BFDDC975B9345B6,3FA59999999999A,BFDDC975B9345B6,C0055010A65607B8
$BFD657184AE7448R,3FA59999999999A,BFD657184AE7448R,C0055010A65607B8
$BFCDC975B9345B6,3FA59999999999A,BFCDC975B9345B6,C0055010A65607B8
$BFBDC975B9345B6,3FA59999999999A,BFBDC975B9345B6,C0055010A65607B8
$0,3FA59999999999A,0,C0055010A65607B8
5 184 34
5 185 32
5 186 23
5 187 15
5 188 0
5 189 0
4 178 ->
5 179 37
5 180 7
5 181 0
5 182 [2]
$2*1
5 183 [2][4]
$BFC6,3F8666666666668,BFC6,0
$0,3F8666666666668,2*0
5 184 36
5 185 24
5 186 44
5 187 44
5 188 0
5 189 0
4 178 ->
5 179 38
5 180 7
5 181 1
5 182 [2]
$-1,1
5 183 [2][4]
$0,3F8666666666668,0,3F8666666666668
$0,3FCD6R,0,3FCD6R
5 184 36
5 185 36
5 186 37
5 187 46
5 188 0
5 189 0
4 178 ->
5 179 39
5 180 7
5 181 0
5 182 [2]
$2*1
5 183 [2][4]
$0,3FCD6R,2*0
$BFC6,3FCD6R,BFC6,0
5 184 36
5 185 28
5 186 40
5 187 57
5 188 0
5 189 0
4 178 ->
5 179 40
5 180 7
5 181 0
5 182 [2]
$2*1
5 183 [2][4]
$BFC6,3FCD6R,C00921FB54442D18,3FCD6R
$BFC6,3FC96R,C00921FB54442D18,3FC96R
5 184 36
5 185 56
5 186 0
5 187 0
5 188 0
5 189 0
4 178 ->
5 179 41
5 180 7
5 181 0
5 182 [2]
$2*1
5 183 [9][4]
$BFC6,3FC96R,C00921FB54442D18,C00CF3E602325278
$BFC4F2560370B6EF,3FC706FAD2E69F24,C00921FB54442D18,C00BFF6B56B6C92
$BFC42EEDF6CA8E69,3FC48BC48B4AB76E,C00921FB54442D18,C00B0AF0AB3B3FC8
$BFC3B88FDCF3A5D6,3FC1FDCE1C9A793F,C00921FB54442D18,C00A1675FFBFB67
$BFC390EB030FE6AF,3FBECCCCCCCCCCD,2*C00921FB54442D18
$BFC3B88FDCF3A5D6,3FB99DFD6064A72R,C00921FB54442D18,C0082D80A8C8A3C
$BFC42EEDF6CA8E69,3FB4821083042AC3,C00921FB54442D18,C0073905FD4D1A68
$BFC4F2560370B6EF,3FAF1747E798B6B2,C00921FB54442D18,C006448B51D1911
$BFC6,3FA59999999999A2,C00921FB54442D18,C0055010A65607B8
5 184 36
5 185 58
5 186 0
5 187 0
5 188 0
5 189 0
4 178 ->
5 179 42
5 180 7
5 181 0
5 182 [2]
$2*1
5 183 [2][4]
$BFC6,3FA59999999999A,C00921FB54442D18,3FA59999999999A
$BFC6,3F8666666666668,C00921FB54442D18,3F8666666666668
5 184 36
5 185 60
5 186 0
5 187 0
5 188 0
5 189 0
4 178 ->
5 179 44
5 180 7
5 181 0
5 182 [2]
$2*-1
5 183 [2][4]
$3FC6,3F8666666666668,3FC6,0
$0,3F8666666666668,2*0
5 184 36
5 185 24
5 186 49
5 187 51
5 188 0
5 189 0
4 178 ->
5 179 45
5 180 7
5 181 0
5 182 [2]
$1,-1
5 183 [2][4]
$0,3F8666666666668,C01921FB54442D18,3F8666666666668
$0,3FCD6R,C01921FB54442D18,3FCD6R
5 184 43
5 185 52
5 186 0
5 187 0
5 188 0
5 189 0
4 178 ->
5 179 46
5 180 7
5 181 0
5 182 [2]
$2*-1
5 183 [2][4]
$0,3FCD6R,2*0
$3FC6,3FCD6R,3FC6,0
5 184 36
5 185 28
5 186 39
5 187 39
5 188 0
5 189 0
4 178 ->
5 179 47
5 180 7
5 181 0
5 182 [2]
$2*-1
5 183 [2][4]
$3FC6,3FCD6R,C01921FB54442D18,3FCD6R
$3FC6,3FC96R,C01921FB54442D18,3FC96R
5 184 36
5 185 56
5 186 0
5 187 0
5 188 0
5 189 0
4 178 ->
5 179 48
5 180 7
5 181 0
5 182 [2]
$2*-1
5 183 [9][4]
$3FC6,3FC96R,C01921FB54442D18,C00CF3E602325278
$3FC4F2560370B6EF,3FC706FAD2E69F24,C01921FB54442D18,C00BFF6B56B6C92
$3FC42EEDF6CA8E69,3FC48BC48B4AB76E,C01921FB54442D18,C00B0AF0AB3B3FC8
$3FC3B88FDCF3A5D6,3FC1FDCE1C9A793F,C01921FB54442D18,C00A1675FFBFB67
$3FC390EB030FE6AF,3FBECCCCCCCCCCD,C01921FB54442D18,C00921FB54442D18
$3FC3B88FDCF3A5D6,3FB99DFD6064A72R,C01921FB54442D18,C0082D80A8C8A3C
$3FC42EEDF6CA8E69,3FB4821083042AC3,C01921FB54442D18,C0073905FD4D1A68
$3FC4F2560370B6EF,3FAF1747E798B6B2,C01921FB54442D18,C006448B51D1911
$3FC6,3FA59999999999A2,C01921FB54442D18,C0055010A65607B8
5 184 36
5 185 58
5 186 0
5 187 0
5 188 0
5 189 0
4 178 ->
5 179 49
5 180 7
5 181 0
5 182 [2]
$2*-1
5 183 [2][4]
$3FC6,3FA59999999999A,C01921FB54442D18,3FA59999999999A
$3FC6,3F8666666666668,C01921FB54442D18,3F8666666666668
5 184 36
5 185 60
5 186 0
5 187 0
5 188 0
5 189 0
4 178 ->
5 179 51
5 180 7
5 181 0
5 182 [2]
$-1,1
5 183 [28][4]
$BFC6,0,C00921FB54442D18,3F8666666666668
$BFC5D9EB1E47F4E8,3F946EAEADC1E01,C00A1047020DCFF3,3F8666666666668
$BFC568304F5EFACE,3FA44B50785468,C00AFE92AFD772CE,3F8666666666668
$BFC4AC594D987F03,3FAE1907A03DD071,C00BECDE5DA115A9,3F8666666666668
$BFC3A8F0644A32B7,3FB3BF46229F08C1,C00CDB2A0B6AB884,3F8666666666668
$BFC26177A480F434,3FB82DAB4C0996F6,C00DC975B9345B5F,3F8666666666668
$BFC0DA5CBFEE8727,3FBC485C11129E6R,C00EB7C166FDFE3A,3F8666666666668
$BFBE31D368372FAR,3FC000917F57A179,C00FA60D14C7A115,3F8666666666668
$BFBA4664F5E31C62,3FC1A58ECD656991,C0104A2C6148A1F8,3F8666666666668
$BFB6,3FC30D747FBCB4B5,C010C152382D7365,3F8666666666668
$BFB16D7146ACCD6E,3FC43364A31DA594,C01138780F1244D3,3F8666666666668
$BFA93D1A6D0D8BE8,3FC513659D6CBB79,C011AF9DE5F7164,3F8666666666668
$BF9E8FE46D4FBEDF,3FC5AA6FF098C35,C01226C3BCDBE7AE,3F8666666666668
$BF84778BFC93E83D,3FC5F678B7544FDC,C0129DE993C0B91B,3F8666666666668
$3F84778BFC93E83D,3FC5F678B7544FDC,C013150F6AA58A89,3F8666666666668
$3F9E8FE46D4FBEDF,3FC5AA6FF098C35,C0138C35418A5BF6,3F8666666666668
$3FA93D1A6D0D8BE2,3FC513659D6CBB79,C014035B186F2D64,3F8666666666668
$3FB16D7146ACCD6E,3FC43364A31DA594,C0147A80EF53FED1,3F8666666666668
$3FB6,3FC30D747FBCB4B6,C014F1A6C638D03E,3F8666666666668
$3FBA4664F5E31C61,3FC1A58ECD656992,C01568CC9D1DA1AC,3F8666666666668
$3FBE31D368372FA8,3FC000917F57A179,C015DFF27402731A,3F8666666666668
$3FC0DA5CBFEE8726,3FBC485C11129E68,C01657184AE74487,3F8666666666668
$3FC26177A480F43R,3FB82DAB4C0996F7,C016CE3E21CC15F4,3F8666666666668
$3FC3A8F0644A32B7,3FB3BF46229F08C3,C0174563F8B0E762,3F8666666666668
$3FC4AC594D987F03,3FAE1907A03DD072,C017BC89CF95B8D,3F8666666666668
$3FC568304F5EFACE,3FA44B5078546801,C01833AFA67A8A3D,3F8666666666668
$3FC5D9EB1E47F4E8,3F946EAEADC1E01R,C018AAD57D5F5BAR,3F8666666666668
$3FC6,0,C01921FB54442D18,3F8666666666668
5 184 24
5 185 60
5 186 25
5 187 23
5 188 0
5 189 0
4 178 ->
5 179 53
5 180 7
5 181 0
5 182 [2]
$-1,1
5 183 [4][4]
$C00921FB54442D18,3F8666666666668,2*0
$C010C152382D7365,3F8666666666668,2*0
$C014F1A6C638D03E,3F8666666666668,2*0
$C01921FB54442D18,3F8666666666668,2*0
5 184 52
5 185 50
5 186 0
5 187 0
5 188 0
5 189 0
4 178 ->
5 179 55
5 180 7
5 181 0
5 182 [2]
$-1,1
5 183 [4][4]
$2*0,C00921FB54442D18,3FCD6R
$2*0,C010C152382D7365,3FCD6R
$2*0,C014F1A6C638D03E,3FCD6R
$2*0,C01921FB54442D18,3FCD6R
5 184 54
5 185 52
5 186 0
5 187 0
5 188 0
5 189 0
4 178 ->
5 179 57
5 180 7
5 181 0
5 182 [2]
$-1,1
5 183 [28][4]
$C00921FB54442D18,3FCD6R,BFC6,0
$C00A1047020DCFF3,3FCD6R,BFC5D9EB1E47F4E8,3F946EAEADC1E01
$C00AFE92AFD772CE,3FCD6R,BFC568304F5EFACE,3FA44B50785468
$C00BECDE5DA115A9,3FCD6R,BFC4AC594D987F03,3FAE1907A03DD071
$C00CDB2A0B6AB884,3FCD6R,BFC3A8F0644A32B7,3FB3BF46229F08C1
$C00DC975B9345B5F,3FCD6R,BFC26177A480F434,3FB82DAB4C0996F6
$C00EB7C166FDFE3A,3FCD6R,BFC0DA5CBFEE8727,3FBC485C11129E6R
$C00FA60D14C7A115,3FCD6R,BFBE31D368372FAR,3FC000917F57A179
$C0104A2C6148A1F8,3FCD6R,BFBA4664F5E31C62,3FC1A58ECD656991
$C010C152382D7365,3FCD6R,BFB6,3FC30D747FBCB4B5
$C01138780F1244D3,3FCD6R,BFB16D7146ACCD6E,3FC43364A31DA594
$C011AF9DE5F7164,3FCD6R,BFA93D1A6D0D8BE8,3FC513659D6CBB79
$C01226C3BCDBE7AE,3FCD6R,BF9E8FE46D4FBEDF,3FC5AA6FF098C35
$C0129DE993C0B91B,3FCD6R,BF84778BFC93E83D,3FC5F678B7544FDC
$C013150F6AA58A89,3FCD6R,3F84778BFC93E83D,3FC5F678B7544FDC
$C0138C35418A5BF6,3FCD6R,3F9E8FE46D4FBEDF,3FC5AA6FF098C35
$C014035B186F2D64,3FCD6R,3FA93D1A6D0D8BE2,3FC513659D6CBB79
$C0147A80EF53FED1,3FCD6R,3FB16D7146ACCD6E,3FC43364A31DA594
$C014F1A6C638D03E,3FCD6R,3FB6,3FC30D747FBCB4B6
$C01568CC9D1DA1AC,3FCD6R,3FBA4664F5E31C61,3FC1A58ECD656992
$C015DFF27402731A,3FCD6R,3FBE31D368372FA8,3FC000917F57A179
$C01657184AE74487,3FCD6R,3FC0DA5CBFEE8726,3FBC485C11129E68
$C016CE3E21CC15F4,3FCD6R,3FC26177A480F43R,3FB82DAB4C0996F7
$C0174563F8B0E762,3FCD6R,3FC3A8F0644A32B7,3FB3BF46229F08C3
$C017BC89CF95B8D,3FCD6R,3FC4AC594D987F03,3FAE1907A03DD072
$C01833AFA67A8A3D,3FCD6R,3FC568304F5EFACE,3FA44B5078546801
$C018AAD57D5F5BAR,3FCD6R,3FC5D9EB1E47F4E8,3F946EAEADC1E01R
$C01921FB54442D18,3FCD6R,3FC6,0
5 184 56
5 185 28
5 186 14
5 187 31
5 188 0
5 189 0
4 178 ->
5 179 59
5 180 7
5 181 0
5 182 [2]
$-1,1
5 183 [28][4]
$C00921FB54442D18,C00CF3E602325278,C00921FB54442D18,3FC96R
$C00A1047020DCFF3,C00CF3E602325278,C00A1047020DCFF3,3FC96R
$C00AFE92AFD772CE,C00CF3E602325278,C00AFE92AFD772CE,3FC96R
$C00BECDE5DA115A9,C00CF3E602325278,C00BECDE5DA115A9,3FC96R
$C00CDB2A0B6AB884,C00CF3E602325278,C00CDB2A0B6AB884,3FC96R
$C00DC975B9345B5F,C00CF3E602325278,C00DC975B9345B5F,3FC96R
$C00EB7C166FDFE3A,C00CF3E602325278,C00EB7C166FDFE3A,3FC96R
$C00FA60D14C7A115,C00CF3E602325278,C00FA60D14C7A115,3FC96R
$C0104A2C6148A1F8,C00CF3E602325278,C0104A2C6148A1F8,3FC96R
$C010C152382D7365,C00CF3E602325278,C010C152382D7365,3FC96R
$C01138780F1244D3,C00CF3E602325278,C01138780F1244D3,3FC96R
$C011AF9DE5F7164,C00CF3E602325278,C011AF9DE5F7164,3FC96R
$C01226C3BCDBE7AE,C00CF3E602325278,C01226C3BCDBE7AE,3FC96R
$C0129DE993C0B91B,C00CF3E602325278,C0129DE993C0B91B,3FC96R
$C013150F6AA58A89,C00CF3E602325278,C013150F6AA58A89,3FC96R
$C0138C35418A5BF6,C00CF3E602325278,C0138C35418A5BF6,3FC96R
$C014035B186F2D64,C00CF3E602325278,C014035B186F2D64,3FC96R
$C0147A80EF53FED1,C00CF3E602325278,C0147A80EF53FED1,3FC96R
$C014F1A6C638D03E,C00CF3E602325278,C014F1A6C638D03E,3FC96R
$C01568CC9D1DA1AC,C00CF3E602325278,C01568CC9D1DA1AC,3FC96R
$C015DFF27402731A,C00CF3E602325278,C015DFF27402731A,3FC96R
$C01657184AE74487,C00CF3E602325278,C01657184AE74487,3FC96R
$C016CE3E21CC15F4,C00CF3E602325278,C016CE3E21CC15F4,3FC96R
$C0174563F8B0E762,C00CF3E602325278,C0174563F8B0E762,3FC96R
$C017BC89CF95B8D,C00CF3E602325278,C017BC89CF95B8D,3FC96R
$C01833AFA67A8A3D,C00CF3E602325278,C01833AFA67A8A3D,3FC96R
$C018AAD57D5F5BAR,C00CF3E602325278,C018AAD57D5F5BAR,3FC96R
$C01921FB54442D18,C00CF3E602325278,C01921FB54442D18,3FC96R
5 184 58
5 185 56
5 186 15
5 187 21
5 188 0
5 189 0
4 178 ->
5 179 61
5 180 7
5 181 0
5 182 [2]
$-1,1
5 183 [28][4]
$C00921FB54442D18,3FA59999999999A,C00921FB54442D18,C0055010A65607B8
$C00A1047020DCFF3,3FA59999999999A,C00A1047020DCFF3,C0055010A65607B8
$C00AFE92AFD772CE,3FA59999999999A,C00AFE92AFD772CE,C0055010A65607B8
$C00BECDE5DA115A9,3FA59999999999A,C00BECDE5DA115A9,C0055010A65607B8
$C00CDB2A0B6AB884,3FA59999999999A,C00CDB2A0B6AB884,C0055010A65607B8
$C00DC975B9345B5F,3FA59999999999A,C00DC975B9345B5F,C0055010A65607B8
$C00EB7C166FDFE3A,3FA59999999999A,C00EB7C166FDFE3A,C0055010A65607B8
$C00FA60D14C7A115,3FA59999999999A,C00FA60D14C7A115,C0055010A65607B8
$C0104A2C6148A1F8,3FA59999999999A,C0104A2C6148A1F8,C0055010A65607B8
$C010C152382D7365,3FA59999999999A,C010C152382D7365,C0055010A65607B8
$C01138780F1244D3,3FA59999999999A,C01138780F1244D3,C0055010A65607B8
$C011AF9DE5F7164,3FA59999999999A,C011AF9DE5F7164,C0055010A65607B8
$C01226C3BCDBE7AE,3FA59999999999A,C01226C3BCDBE7AE,C0055010A65607B8
$C0129DE993C0B91B,3FA59999999999A,C0129DE993C0B91B,C0055010A65607B8
$C013150F6AA58A89,3FA59999999999A,C013150F6AA58A89,C0055010A65607B8
$C0138C35418A5BF6,3FA59999999999A,C0138C35418A5BF6,C0055010A65607B8
$C014035B186F2D64,3FA59999999999A,C014035B186F2D64,C0055010A65607B8
$C0147A80EF53FED1,3FA59999999999A,C0147A80EF53FED1,C0055010A65607B8
$C014F1A6C638D03E,3FA59999999999A,C014F1A6C638D03E,C0055010A65607B8
$C01568CC9D1DA1AC,3FA59999999999A,C01568CC9D1DA1AC,C0055010A65607B8
$C015DFF27402731A,3FA59999999999A,C015DFF27402731A,C0055010A65607B8
$C01657184AE74487,3FA59999999999A,C01657184AE74487,C0055010A65607B8
$C016CE3E21CC15F4,3FA59999999999A,C016CE3E21CC15F4,C0055010A65607B8
$C0174563F8B0E762,3FA59999999999A,C0174563F8B0E762,C0055010A65607B8
$C017BC89CF95B8D,3FA59999999999A,C017BC89CF95B8D,C0055010A65607B8
$C01833AFA67A8A3D,3FA59999999999A,C01833AFA67A8A3D,C0055010A65607B8
$C018AAD57D5F5BAR,3FA59999999999A,C018AAD57D5F5BAR,C0055010A65607B8
$C01921FB54442D18,3FA59999999999A,C01921FB54442D18,C0055010A65607B8
5 184 60
5 185 58
5 186 16
5 187 22
5 188 0
5 189 0
2 94 NULL
2 95 ->
2 96 ->
3 97 [4][3]
$BFF,2*0
$0,BFF,0
$2*0,3FF
$3*0
3 98 [1]
4 98 ->
5 99 21
5 100 0
5 101 -1
5 102 -1
5 103 9
5 104 10
5 105 0
5 106 0
5 107 0
5 108 [2]
6 108 ->
7 109 1
7 110 ->
8 111 -4
8 112 5
8 113 0
6 108 ->
7 109 6
7 114 ->
8 115 [1]
9 115 -100
3 116 -1
3 117 0
3 118 [2]
4 118 
5 119 1
5 120 0
5 121 [4][3]
$BFF,2*0
$0,BFF,0
$2*0,3FF
$3*0
4 118 
5 119 12
5 120 0
5 121 [4][3]
$BFF,2*0
$0,BFF,0
$2*0,3FF
$3*0
2 122 NULL
2 123 24
@gsec_ptr 190 0
2 190 [1]
3 190 
@type 191 1
4 191 2
@name 192 10
4 192 S2D0025
@gsec2d_ptr 193 0
4 193 ->
@name 194 10
5 194 S2D0025
@segtab_ptr 195 0
5 195 [10]
6 195 
@type 196 1
7 196 2
@dir 197 1
7 197 [3]
$0,-1,0
@pointid 198 1
7 198 [2]
$0,1
@cntrid 199 1
7 199 1
@arcorient 200 1
7 200 0
@verhor 201 1
7 201 0
@radius 202 1
7 202 0
@ext_id 203 1
7 203 2
@gen_info 204 0
7 204 
@known_ent_info 205 0
7 205 
@attr 206 1
8 206 0
@known_ent_id 207 1
8 207 -1
6 195 
7 196 3
7 197 [3]
$0,-1,0
7 198 [2]
$1,2
7 199 3
7 200 0
7 201 0
7 202 0
7 203 3
7 204 
7 205 
8 206 0
8 207 -1
6 195 
7 196 2
7 197 [3]
$-1,2*0
7 198 [2]
$0,4
7 199 4
7 200 0
7 201 1
7 202 0
7 203 7
7 204 
7 205 
8 206 0
8 207 -1
6 195 
7 196 2
7 197 [3]
$0,-1,0
7 198 [2]
$4,5
7 199 5
7 200 0
7 201 0
7 202 0
7 203 8
7 204 
7 205 
8 206 0
8 207 -1
6 195 
7 196 2
7 197 [3]
$0,1,0
7 198 [2]
$6,2
7 199 6
7 200 0
7 201 0
7 202 0
7 203 9
7 204 
7 205 
8 206 0
8 207 -1
6 195 
7 196 2
7 197 [3]
$-1,2*0
7 198 [2]
$6,5
7 199 0
7 200 0
7 201 1
7 202 0
7 203 10
7 204 
7 205 
8 206 0
8 207 -1
6 195 
7 196 5
7 197 [3]
$0,1,0
7 198 [2]
$2*7
7 199 7
7 200 0
7 201 0
7 202 0
7 203 0
7 204 
7 205 
8 206 0
8 207 -1
6 195 
7 196 5
7 197 [3]
$1,2*0
7 198 [2]
$2*8
7 199 8
7 200 0
7 201 1
7 202 0
7 203 4
7 204 
7 205 
8 206 0
8 207 -1
6 195 
7 196 32770
7 197 [3]
$-1,2*0
7 198 [2]
$9,10
7 199 10
7 200 0
7 201 1
7 202 0
7 203 5
7 204 
@attributes 208 1
8 208 8
7 205 
8 206 0
8 207 -1
6 195 
7 196 32770
7 197 [3]
$0,1,0
7 198 [2]
$11,12
7 199 12
7 200 0
7 201 0
7 202 0
7 203 6
7 204 
8 208 8
7 205 
8 206 0
8 207 -1
@dimtab_ptr 209 0
5 209 [7]
6 209 
@type 210 1
7 210 5
@value 211 2
7 211 3FC6
@direct 212 1
7 212 0
@property 213 1
7 213 0
@leftpt 214 1
7 214 [2]
@rightpt 215 1
7 215 [2]
@offset 216 2
7 216 0
@ext_id 217 1
7 217 0
@dispdimattr 218 0
7 218 
@dimattr 219 1
8 219 [2]
$290,0
@dim_ref 220 0
7 220 [2]
8 220 
@item_id 221 1
9 221 6
@sense 222 1
9 222 -1
@point 223 1
9 223 [2]
$2*7
8 220 
9 221 0
9 222 -1
9 223 [2]
$0,1
6 209 
7 210 42
7 211 0
7 212 0
7 213 0
7 214 [2]
7 215 [2]
7 216 0
7 217 2
7 218 
8 219 [2]
$2*0
7 220 [2]
8 220 
9 221 8
9 222 4
9 223 [2]
$2*-1
8 220 
9 221 1
9 222 3
9 223 [2]
$2*-1
6 209 
7 210 42
7 211 0
7 212 0
7 213 0
7 214 [2]
7 215 [2]
7 216 0
7 217 3
7 218 
8 219 [2]
$2*0
7 220 [2]
8 220 
9 221 9
9 222 4
9 223 [2]
$2*-1
8 220 
9 221 6
9 222 4
9 223 [2]
$2*-1
6 209 
7 210 1
7 211 3FA
7 212 0
7 213 0
7 214 [2]
7 215 [2]
7 216 0
7 217 4
7 218 
8 219 [2]
$34,0
7 220 [2]
8 220 
9 221 0
9 222 -1
9 223 [2]
$2*0
8 220 
9 221 -1
9 222 -1
9 223 [2]
$2*1
6 209 
7 210 42
7 211 0
7 212 0
7 213 0
7 214 [2]
7 215 [2]
7 216 0
7 217 6
7 218 
8 219 [2]
$2*0
7 220 [2]
8 220 
9 221 9
9 222 4
9 223 [2]
$2*-1
8 220 
9 221 3
9 222 4
9 223 [2]
$2*-1
6 209 
7 210 4
7 211 3FC5C28F5C28F5C3
7 212 0
7 213 0
7 214 [2]
7 215 [2]
7 216 0
7 217 9
7 218 
8 219 [2]
$34,0
7 220 [2]
8 220 
9 221 1
9 222 -1
9 223 [2]
$2*-1
8 220 
9 221 1
9 222 -1
9 223 [2]
$2*-1
6 209 
7 210 5
7 211 3FBC
7 212 0
7 213 0
7 214 [2]
7 215 [2]
7 216 0
7 217 7
7 218 
8 219 [2]
$34,0
7 220 [2]
8 220 
9 221 7
9 222 -1
9 223 [2]
$2*8
8 220 
9 221 2
9 222 -1
9 223 [2]
$0,4
@relat_ptr 224 0
5 224 [19]
6 224 
@id 225 1
7 225 -1
@used 226 1
7 226 0
@a 227 1
7 227 [4]
$3,9,2*-1
@b 228 1
7 228 [4]
$2*1,2*0
@c 229 2
7 229 [4]
$3FF,BFF,3FF,0
@sign 230 1
7 230 0
@idim 231 1
7 231 -1
@type 232 1
7 232 0
6 224 
7 225 -1
7 226 0
7 227 [4]
$8,3,2*-1
7 228 [4]
$2*1,2*0
7 229 [4]
$3FF,BFF,2*3FF
7 230 0
7 231 -1
7 232 0
6 224 
7 225 -1
7 226 0
7 227 [4]
$7,11,2*-1
7 228 [4]
$4*0
7 229 [4]
$3FF,BFF,3FF,0
7 230 0
7 231 -1
7 232 0
6 224 
7 225 -1
7 226 1
7 227 [4]
$7,4,2*-1
7 228 [4]
$4*0
7 229 [4]
$3FF,BFF,2*3FF
7 230 0
7 231 -1
7 232 0
6 224 
7 225 -1
7 226 0
7 227 [4]
$5,11,2*-1
7 228 [4]
$4*0
7 229 [4]
$3FF,BFF,3FF,0
7 230 0
7 231 -1
7 232 0
6 224 
7 225 -1
7 226 1
7 227 [4]
$7,0,2*-1
7 228 [4]
$4*0
7 229 [4]
$3FF,BFF,2*3FF
7 230 1
7 231 0
7 232 0
6 224 
7 225 -1
7 226 1
7 227 [4]
$0,1,2*-1
7 228 [4]
$4*0
7 229 [4]
$3FF,BFF,2*3FF
7 230 0
7 231 0
7 232 0
6 224 
7 225 -1
7 226 0
7 227 [4]
$4*0
7 228 [4]
$4*0
7 229 [4]
$4*3FF
7 230 1
7 231 5
7 232 14
6 224 
7 225 -1
7 226 1
7 227 [4]
$8,0,2*-1
7 228 [4]
$2*1,2*0
7 229 [4]
$3FF,BFF,2*3FF
7 230 1
7 231 6
7 232 0
6 224 
7 225 -1
7 226 1
7 227 [4]
$0,4,2*-1
7 228 [4]
$2*1,2*0
7 229 [4]
$3FF,BFF,2*3FF
7 230 0
7 231 0
7 232 0
6 224 
7 225 -1
7 226 0
7 227 [4]
$7,4,2*-1
7 228 [4]
$2*1,2*0
7 229 [4]
$3FF,BFF,2*3FF
7 230 0
7 231 -1
7 232 0
6 224 
7 225 -1
7 226 1
7 227 [4]
$0,1,2*-1
7 228 [4]
$2*1,2*0
7 229 [4]
$3FF,BFF,2*3FF
7 230 -1
7 231 3
7 232 0
6 224 
7 225 -1
7 226 5
7 227 [4]
$1,2,2*0
7 228 [4]
$3,3*0
7 229 [4]
$BFF,3FF,2*BFF
7 230 1
7 231 0
7 232 6
6 224 
7 225 -1
7 226 0
7 227 [4]
$8,3,2*-1
7 228 [4]
$4*0
7 229 [4]
$3FF,BFF,2*3FF
7 230 0
7 231 -1
7 232 0
6 224 
7 225 -1
7 226 0
7 227 [4]
$6,0,2*-1
7 228 [4]
$4*0
7 229 [4]
$3FF,BFF,2*3FF
7 230 0
7 231 -1
7 232 0
6 224 
7 225 -1
7 226 1
7 227 [4]
$6,2,2*-1
7 228 [4]
$4*0
7 229 [4]
$3FF,BFF,2*3FF
7 230 0
7 231 0
7 232 0
6 224 
7 225 -1
7 226 3
7 227 [4]
$1,2,2*0
7 228 [4]
$3,3*0
7 229 [4]
$BFF,3FF,2*BFF
7 230 1
7 231 0
7 232 6
6 224 
7 225 -1
7 226 0
7 227 [4]
$6,8,2*-1
7 228 [4]
$2*1,2*0
7 229 [4]
$3FF,BFF,2*3FF
7 230 1
7 231 6
7 232 0
6 224 
7 225 -1
7 226 1
7 227 [4]
$6,5,2*-1
7 228 [4]
$2*1,2*0
7 229 [4]
$3FF,BFF,2*3FF
7 230 0
7 231 0
7 232 0
@formula_ptr 233 1
5 233 [19]
$0,1,2,3,4,5,6,7,8,9,10,11,12,13,14,15,16,17,18
@qind 234 1
5 234 -1
@totalpointid 235 1
5 235 13
@checkarcs_flag 236 1
5 236 1
@location 237 0
5 237 ->
@id 238 1
6 238 0
@param 239 2
6 239 0
@type 240 1
6 240 0
@nsket_info 241 0
5 241 ->
@scale 242 2
6 242 405CD5EBF1FF3F03
@m 243 1
6 243 5
@last_was_permanent 244 1
6 244 1
@unsolved_ptr 245 0
5 245 ->
@iges_file 246 10
6 246 NULL
@solve_version 247 1
5 247 1
@segdscr_tab 248 0
5 248 [11]
6 248 
@ent_mode 249 1
7 249 0
6 248 
7 249 0
6 248 
7 249 0
6 248 
7 249 0
6 248 
7 249 0
6 248 
7 249 0
6 248 
7 249 0
6 248 
7 249 0
6 248 
7 249 0
6 248 
7 249 0
6 248 
7 249 0
@gsec3d_ptr 250 0
4 250 ->
@type 251 1
5 251 7
@name 252 10
5 252 S2D0025
@flip 253 1
5 253 1
@own_ref_id 254 1
5 254 -1
@first_chain_ptr 255 0
5 255 NULL
@quilt_id 256 1
5 256 -1
@plane_id 257 1
5 257 9
@plane_flip 258 1
5 258 -1
@ref_planes 259 0
5 259 [2]
6 259 
@plane_id 260 1
7 260 4
@ref_type 261 1
7 261 5
@ext_ref_id 262 1
7 262 -1
@seg_id 263 1
7 263 8
@flip_flag 264 1
7 264 0
@save_entity_ptr(line) 265 0
7 265 ->
@type 266 1
8 266 32770
@id 267 1
8 267 0
@gen_info 268 0
8 268 
9 208 8
@end1 269 2
8 269 [3]
$3*0
@end2 270 2
8 270 [3]
$C059,2*0
@back_entity_ptr(line) 271 0
7 271 ->
8 266 32770
8 267 0
8 268 
9 208 8
8 269 [3]
$3*0
8 270 [3]
$C059,2*0
6 259 
7 260 2
7 261 5
7 262 -1
7 263 9
7 264 0
7 265 ->
8 266 32770
8 267 0
8 268 
9 208 8
8 269 [3]
$3*0
8 270 [3]
$0,4059,0
7 271 ->
8 266 32770
8 267 0
8 268 
9 208 8
8 269 [3]
$3*0
8 270 [3]
$0,4059,0
@order_ptr 272 0
4 272 [6]
5 272 
@id 273 1
6 273 0
@flip 274 1
6 274 34
5 272 
6 273 1
6 274 0
5 272 
6 273 4
6 274 1
5 272 
6 273 5
6 274 0
5 272 
6 273 3
6 274 1
5 272 
6 273 2
6 274 5
@dim_id_tab 275 1
4 275 [7]
$0,1,2,3,4,5,6
@attributes 276 1
4 276 0
@xsec_id 277 1
4 277 -1
@gsec_info_arr 278 0
4 278 [1]
5 278 
@application_type 279 1
6 279 2
@application_id 280 1
6 280 -100
@secsolve_revnum 281 1
4 281 0
@rel_accuracy 282 2
4 282 BFF
@p_saved_result 283 0
4 283 ->
@entity(line) 284 0
5 284 ->
6 267 0
6 268 
6 269 [3]
$3FC6,3FBC,0
6 270 [3]
$3FC6,3FB4,0
@entity(arc) 285 0
5 285 ->
@id 286 1
6 286 1
@gen_info 287 0
6 287 
@center 288 2
6 288 [3]
$3FD4A9BD2F9C6E39,2*0
@radius 289 2
6 289 3FC5C28F5C28F5C3
@end1 290 2
6 290 [3]
$3FC6,3FB4,0
@end2 291 2
6 291 [3]
$3FC6,BFB4,0
@t0 292 2
6 292 40055010A65607B8
@t1 293 2
6 293 400CF3E602325278
5 284 ->
6 267 2
6 268 
6 269 [3]
$3FC6,3FBC,0
6 270 [3]
$0,3FBC,0
5 284 ->
6 267 3
6 268 
6 269 [3]
$0,3FBC,0
6 270 [3]
$0,BFBC,0
5 284 ->
6 267 4
6 268 
6 269 [3]
$3FC6,BFBC,0
6 270 [3]
$3FC6,BFB4,0
5 284 ->
6 267 5
6 268 
6 269 [3]
$3FC6,BFBC,0
6 270 [3]
$0,BFBC,0
5 284 ->
6 266 5
6 267 6
6 268 
@flip 294 1
6 294 0
6 269 [3]
$0,BFBECCCCCCCCCCD,0
6 270 [3]
$0,3FBECCCCCCCCCCD,0
5 284 ->
6 266 5
6 267 7
6 268 
6 294 0
6 269 [3]
$BF8199999999998,2*0
6 270 [3]
$3FC719R,2*0
5 284 ->
6 266 32770
6 267 8
6 268 
7 208 8
6 269 [3]
$3*0
6 270 [3]
$C059,2*0
5 284 ->
6 266 32770
6 267 9
6 268 
7 208 8
6 269 [3]
$3*0
6 270 [3]
$0,4059,0
@local_sys 295 2
5 295 [4][3]
$BFF,2*0
$0,BFF,0
$2*0,3FF
$3*0
2 124 -1
2 125 NULL
2 126 NULL
2 140 [3]
$1,3,8
2 127 ->
@crv_type 296 0
3 296 [30]
4 296 
@p_crv 297 1
5 297 11
@crv_type 298 1
5 298 7
4 296 
5 297 12
5 298 7
4 296 
5 297 13
5 298 7
4 296 
5 297 18
5 298 7
4 296 
5 297 19
5 298 7
4 296 
5 297 20
5 298 7
4 296 
5 297 25
5 298 7
4 296 
5 297 27
5 298 7
4 296 
5 297 29
5 298 7
4 296 
5 297 31
5 298 7
4 296 
5 297 33
5 298 7
4 296 
5 297 35
5 298 7
4 296 
5 297 37
5 298 7
4 296 
5 297 38
5 298 7
4 296 
5 297 39
5 298 7
4 296 
5 297 40
5 298 7
4 296 
5 297 41
5 298 7
4 296 
5 297 42
5 298 7
4 296 
5 297 44
5 298 7
4 296 
5 297 45
5 298 7
4 296 
5 297 46
5 298 7
4 296 
5 297 47
5 298 7
4 296 
5 297 48
5 298 7
4 296 
5 297 49
5 298 7
4 296 
5 297 51
5 298 7
4 296 
5 297 53
5 298 7
4 296 
5 297 55
5 298 7
4 296 
5 297 57
5 298 7
4 296 
5 297 59
5 298 7
4 296 
5 297 61
5 298 7
3 128 0
3 129 0
3 130 [2][3]
$3*0
$3*0
3 131 0
3 132 NULL
3 133 -1
2 134 -1
2 135 NULL
2 136 2
2 137 ->
@revnums 299 0
3 299 [2]
4 299 ->
@owner_type 300 1
5 300 4
@owner_ind 301 1
5 301 0
@ref_id 302 1
5 302 0
@ref_revnum 303 1
5 303 1
4 299 ->
5 300 4
5 301 0
5 302 1
5 303 1
3 138 1
1 139 ->
2 47 64
2 48 1
2 49 ->
3 50 1
3 51 911
3 52 NULL
3 53 1
3 54 [3]
$0,65536,0
3 55 3
3 56 991
3 57 -1
3 58 ->
4 59 0
4 60 1052672
4 61 -1
4 62 -1
4 63 -1
4 64 -1
4 65 0
4 66 0
4 67 0
4 68 0
3 69 0
2 70 -1
2 71 no_name
2 72 2
2 141 ->
3 142 16395
3 143 76
3 144 
3 145 72
3 146 [3]
$0,3FBC,0
3 147 [3]
$BFBC,3FBC,0
2 141 ->
3 142 16397
3 143 77
3 144 
3 145 72
3 146 [3]
$0,3FBC,0
3 147 [3]
$0,BFBC,0
2 149 ->
3 150 19
3 151 A_3
3 152 1
3 153 [3]
$3*0
3 154 -1
3 155 10
3 156 BFF
3 157 BFF
3 158 
3 159 BFF
2 73 ->
3 74 [4][4]
$66,204,2*0
$69,203,2*0
$72,200,2*0
$74,200,-1,0
3 160 [12][6]
$67,221,3*0,72
$68,221,-1,2*0,74
$70,222,3*0,69
$71,222,-1,2*0,69
$73,303,2*0,-1,74
$75,303,-1,2*0,72
$78,223,24,72,0,24
$79,223,24,74,0,24
$80,226,28,72,0,72
$81,226,28,74,0,74
$82,224,73,2*0,74
$83,224,75,2*0,72
3 161 [2]
4 161 
5 162 [5]
$76,530,72,-1,500
4 161 
5 162 [5]
$77,531,72,-1,500
@par_id_tab 304 1
3 304 [1]
4 304 7
3 75 ->
@new_edges 305 1
4 305 [6]
$78,79,80,81,82,83
4 166 66
3 76 [18]
$3*-1,-2049,2*-1,-16777217,3*-1,-536870913,-1,-1126176897,-2,-2097185,
$-203555329,495,0
3 77 NULL
3 78 ->
4 79 150023
4 80 150023
2 81 
3 82 [4]
4 82 ->
5 83 34
5 84 66
5 85 64
5 86 -1
5 87 [2][2]
$BFBC,BFBC072E8CA4E8DB
$3FBC,3FBC072E8CA4E8DB
5 88 ->
6 89 [4][3]
$3FF,2*0
$2*0,BFF
$0,3FF,0
$0,3FBC,0
5 90 ->
6 167 67
6 168 1
6 169 [2][2]
$BFBC,BFBC072E8CA4E8DB
$3FBC,3FBC072E8CA4E8DB
5 170 NULL
5 91 69
5 92 1
5 93 [2][3]
$BFBC,3FBC,BFBC072E8CA4E8DB
$2*3FBC,3FBC072E8CA4E8DB
4 82 ->
5 83 34
5 84 69
5 85 64
5 86 -1
5 87 [2][2]
$BFBC,BFBC072E8CA4E8DB
$3FBC,3FBC072E8CA4E8DB
5 88 ->
6 89 [4][3]
$3FF,2*0
$2*0,BFF
$0,3FF,0
$0,BFC0CR,0
5 90 ->
6 167 70
6 168 1
6 169 [2][2]
$BFBC,BFBC072E8CA4E8DB
$3FBC,3FBC072E8CA4E8DB
5 170 NULL
5 91 0
5 92 -1
5 93 [2][3]
$BFBC,BFC0CR,BFBC072E8CA4E8DB
$3FBC,BFC0CR,3FBC072E8CA4E8DB
4 82 ->
5 83 36
5 84 72
5 85 64
5 86 0
5 87 [2][2]
$2*0
$400921FB54442D18,3FCC
5 171 ->
6 172 [4][3]
$3FF,2*0
$2*0,BFF
$0,3FF,0
$0,3FBC,0
6 173 3FBC
5 90 ->
6 167 78
6 168 1
6 169 [2][2]
$2*0
$400921FB54442D18,3FCC
5 170 NULL
5 91 74
5 92 -1
5 93 [2][3]
$2*BFBC,0
$3*3FBC
4 82 ->
5 83 36
5 84 74
5 85 64
5 86 0
5 87 [2][2]
$400921FB54442D18,0
$401921FB54442D18,3FCC
5 171 ->
6 172 [4][3]
$3FF,2*0
$2*0,BFF
$0,3FF,0
$0,3FBC,0
6 173 3FBC
5 90 ->
6 167 79
6 168 1
6 169 [2][2]
$400921FB54442D18,0
$401921FB54442D18,3FCC
5 170 NULL
5 91 0
5 92 -1
5 93 [2][3]
$3*BFBC
$2*3FBC,0
3 178 [12]
4 178 ->
5 179 67
5 180 64
5 181 0
5 182 [2]
$-1,1
5 183 [20][4]
$3FBC,3*0
$3FBB9E3CE1F4545C,3F926F418F47ADAC,3FC52A170397BA2F,0
$3FBA7B9E347EB865,3FA22EE43F46B5B4,3FD52A170397BA2F,0
$3FB8A0115E876CBA,3FAAA72E8C2FCC6F,3FDFBF2285639746,0
$3FB6188F25DA937F,3FB132AD3DD21B9F,3FE52A170397BA2F,0
$3FB2F6C11A28D95F,3FB499AB430A564D,3FEA749CC47DA8BR,0
$3FAEA10C7DD19F62,3FB770CF2F587628,3FEFBF2285639746,0
$3FA67EB4A2B6E40D,3FB9A443616EE9A7,3FF284D42324C2E9,0
$3F9B7E8F54C62F37,3FBB24A93E42685R,3FF52A170397BA2F,0
$3F827F6E139CD737,3FBBE78484709A5R,3FF7CF59E40AB175,0
$BF827F6E139CD737,3FBBE78484709A5R,3FFA749CC47DA8BR,0
$BF9B7E8F54C62F37,3FBB24A93E42685R,3FFD19DFA4F0A001,0
$BFA67EB4A2B6E40A,3FB9A443616EE9A8,3FFFBF2285639746,0
$BFAEA10C7DD19F6,3FB770CF2F587628,40013232B2EB4746,0
$BFB2F6C11A28D95E,3FB499AB430A564E,400284D42324C2E9,0
$BFB6188F25DA937E,3FB132AD3DD21BA,4003D775935E3E8C,0
$BFB8A0115E876CBA,3FAAA72E8C2FCC71,40052A170397BA2F,0
$BFBA7B9E347EB865,3FA22EE43F46B5B5,40067CB873D135D2,0
$BFBB9E3CE1F4545C,3F926F418F47ADAD,4007CF59E40AB175,0
$BFBC,0,400921FB54442D18,0
5 184 66
5 185 72
5 186 68
5 187 75
5 188 0
5 189 0
4 178 ->
5 179 68
5 180 64
5 181 0
5 182 [2]
$-1,1
5 183 [20][4]
$BFBC,0,400921FB54442D18,0
$BFBB9E3CE1F4545C,BF926F418F47ADAD,400A749CC47DA8BR,0
$BFBA7B9E347EB865,BFA22EE43F46B5B5,400BC73E34B7245E,0
$BFB8A0115E876CBA,BFAAA72E8C2FCC71,400D19DFA4F0A001,0
$BFB6188F25DA937E,BFB132AD3DD21BA,400E6C81152A1BA4,0
$BFB2F6C11A28D95E,BFB499AB430A564E,400FBF2285639747,0
$BFAEA10C7DD19F6,BFB770CF2F587628,401088E1FACE8975,0
$BFA67EB4A2B6E41,BFB9A443616EE9A6,40113232B2EB4746,0
$BF9B7E8F54C62F3,BFBB24A93E426856,4011DB836B080518,0
$BF827F6E139CD745,BFBBE78484709A5R,401284D42324C2E9,0
$3F827F6E139CD745,BFBBE78484709A5R,40132E24DB4180BR,0
$3F9B7E8F54C62F3,BFBB24A93E426856,4013D775935E3E8C,0
$3FA67EB4A2B6E41,BFB9A443616EE9A6,401480C64B7AFC5E,0
$3FAEA10C7DD19F6,BFB770CF2F587628,40152A170397BA2F,0
$3FB2F6C11A28D95C,BFB499AB430A5651,4015D367BBB478,0
$3FB6188F25DA937E,BFB132AD3DD21BA,40167CB873D135D2,0
$3FB8A0115E876CBC,BFAAA72E8C2FCC6B,401726092BEDF3A4,0
$3FBA7B9E347EB865,BFA22EE43F46B5B5,4017CF59E40AB175,0
$3FBB9E3CE1F4545C,BF926F418F47ADBR,401878AA9C276F46,0
$3FBC,0,401921FB54442D18,0
5 184 66
5 185 74
5 186 67
5 187 73
5 188 0
5 189 0
4 178 ->
5 179 70
5 180 64
5 181 0
5 182 [2]
$1,-1
5 183 [20][4]
$3FBC,2*0,3FCECR
$3FBB9E3CE1F4545C,3F926F418F47ADAC,3FC52A170397BA2F,3FCECR
$3FBA7B9E347EB865,3FA22EE43F46B5B4,3FD52A170397BA2F,3FCECR
$3FB8A0115E876CBA,3FAAA72E8C2FCC6F,3FDFBF2285639746,3FCECR
$3FB6188F25DA937F,3FB132AD3DD21B9F,3FE52A170397BA2F,3FCECR
$3FB2F6C11A28D95F,3FB499AB430A564D,3FEA749CC47DA8BR,3FCECR
$3FAEA10C7DD19F62,3FB770CF2F587628,3FEFBF2285639746,3FCECR
$3FA67EB4A2B6E40D,3FB9A443616EE9A7,3FF284D42324C2E9,3FCECR
$3F9B7E8F54C62F37,3FBB24A93E42685R,3FF52A170397BA2F,3FCECR
$3F827F6E139CD737,3FBBE78484709A5R,3FF7CF59E40AB175,3FCECR
$BF827F6E139CD737,3FBBE78484709A5R,3FFA749CC47DA8BR,3FCECR
$BF9B7E8F54C62F37,3FBB24A93E42685R,3FFD19DFA4F0A001,3FCECR
$BFA67EB4A2B6E40A,3FB9A443616EE9A8,3FFFBF2285639746,3FCECR
$BFAEA10C7DD19F6,3FB770CF2F587628,40013232B2EB4746,3FCECR
$BFB2F6C11A28D95E,3FB499AB430A564E,400284D42324C2E9,3FCECR
$BFB6188F25DA937E,3FB132AD3DD21BA,4003D775935E3E8C,3FCECR
$BFB8A0115E876CBA,3FAAA72E8C2FCC71,40052A170397BA2F,3FCECR
$BFBA7B9E347EB865,3FA22EE43F46B5B5,40067CB873D135D2,3FCECR
$BFBB9E3CE1F4545C,3F926F418F47ADAD,4007CF59E40AB175,3FCECR
$BFBC,0,400921FB54442D18,3FCECR
5 184 69
5 185 72
5 186 71
5 187 73
5 188 0
5 189 0
4 178 ->
5 179 71
5 180 64
5 181 0
5 182 [2]
$1,-1
5 183 [20][4]
$BFBC,0,400921FB54442D18,3FCECR
$BFBB9E3CE1F4545C,BF926F418F47ADAD,400A749CC47DA8BR,3FCECR
$BFBA7B9E347EB865,BFA22EE43F46B5B5,400BC73E34B7245E,3FCECR
$BFB8A0115E876CBA,BFAAA72E8C2FCC71,400D19DFA4F0A001,3FCECR
$BFB6188F25DA937E,BFB132AD3DD21BA,400E6C81152A1BA4,3FCECR
$BFB2F6C11A28D95E,BFB499AB430A564E,400FBF2285639747,3FCECR
$BFAEA10C7DD19F6,BFB770CF2F587628,401088E1FACE8975,3FCECR
$BFA67EB4A2B6E41,BFB9A443616EE9A6,40113232B2EB4746,3FCECR
$BF9B7E8F54C62F3,BFBB24A93E426856,4011DB836B080518,3FCECR
$BF827F6E139CD745,BFBBE78484709A5R,401284D42324C2E9,3FCECR
$3F827F6E139CD745,BFBBE78484709A5R,40132E24DB4180BR,3FCECR
$3F9B7E8F54C62F3,BFBB24A93E426856,4013D775935E3E8C,3FCECR
$3FA67EB4A2B6E41,BFB9A443616EE9A6,401480C64B7AFC5E,3FCECR
$3FAEA10C7DD19F6,BFB770CF2F587628,40152A170397BA2F,3FCECR
$3FB2F6C11A28D95C,BFB499AB430A5651,4015D367BBB478,3FCECR
$3FB6188F25DA937E,BFB132AD3DD21BA,40167CB873D135D2,3FCECR
$3FB8A0115E876CBC,BFAAA72E8C2FCC6B,401726092BEDF3A4,3FCECR
$3FBA7B9E347EB865,BFA22EE43F46B5B5,4017CF59E40AB175,3FCECR
$3FBB9E3CE1F4545C,BF926F418F47ADBR,401878AA9C276F46,3FCECR
$3FBC,0,401921FB54442D18,3FCECR
5 184 69
5 185 74
5 186 70
5 187 75
5 188 0
5 189 0
4 178 ->
5 179 73
5 180 64
5 181 1
5 182 [2]
$-1,1
5 183 [2][4]
$2*0,401921FB54442D18,0
$0,3FCECR,401921FB54442D18,3FCECR
5 184 72
5 185 74
5 186 0
5 187 0
5 188 0
5 189 0
4 178 ->
5 179 75
5 180 64
5 181 1
5 182 [2]
$-1,1
5 183 [2][4]
$400921FB54442D18,0,400921FB54442D18,0
$400921FB54442D18,3FCECR,400921FB54442D18,3FCECR
5 184 74
5 185 72
5 186 0
5 187 0
5 188 0
5 189 0
4 178 ->
5 179 78
5 180 64
5 181 0
5 182 [2]
$1,-1
5 183 [21][4]
$3FBC,2*0,3FCC
$3FBBA7C001A9E7D,BF918549FAB34906,3FC41B2F769CF0DF,3FCC
$3FBAA12C50DBCA6,BFA14E115049EC25,3FD41B2F769CF0DF,3FCC
$3FB8F2BC199586DF,BFA96C6865DC423F,3FDE28C731EB694E,3FCC
$3FB6A708A824F613,BFB0753EA3E6AF1R,3FE41B2F769CF0DF,3FCC
$3FB3CC8A99AF5454,BFB3CC8A99AF5452,3FE921FB54442D16,3FCC
$3FB0753EA3E6AF13,BFB6A708A824F612,3FEE28C731EB694F,3FCC
$3FA96C6865DC424R,BFB8F2BC199586DE,3FF197C987C952C3,3FCC
$3FA14E115049EC2R,BFBAA12C50DBCA6,3FF41B2F769CF0E1,3FCC
$3F918549FAB3490D,BFBBA7C001A9E7D,3FF69E9565708EFB,3FCC
$0,BFBC,3FF921FB54442D16,3FCC
$BF918549FAB348F1,BFBBA7C001A9E7D1,3FFBA5614317CB31,3FCC
$BFA14E115049EC2,BFBAA12C50DBCA61,3FFE28C731EB694E,3FCC
$BFA96C6865DC423B,BFB8F2BC199586E,40005616905F83B5,3FCC
$BFB0753EA3E6AF12,BFB6A708A824F613,400197C987C952C4,3FCC
$BFB3CC8A99AF5451,BFB3CC8A99AF545R,4002D97C7F3321D1,3FCC
$BFB6A708A824F613,BFB0753EA3E6AF12,40041B2F769CF0E,3FCC
$BFB8F2BC199586DC,BFA96C6865DC424D,40055CE26E06BFEC,3FCC
$BFBAA12C50DBCA5F,BFA14E115049EC26,40069E9565708EFC,3FCC
$BFBBA7C001A9E7D,BF918549FAB34906,4007E0485CDA5E0A,3FCC
$BFBC,0,400921FB54442D18,3FCC
5 184 24
5 185 72
5 186 79
5 187 82
5 188 0
5 189 0
4 178 ->
5 179 79
5 180 64
5 181 0
5 182 [2]
$1,-1
5 183 [21][4]
$BFBC,0,400921FB54442D18,3FCC
$BFBBA7C001A9E7D,3F918549FAB34906,400A63AE4BADFC26,3FCC
$BFBAA12C50DBCA5F,3FA14E115049EC26,400BA5614317CB34,3FCC
$BFB8F2BC199586DF,3FA96C6865DC4242,400CE7143A819A42,3FCC
$BFB6A708A824F613,3FB0753EA3E6AF12,400E28C731EB695,3FCC
$BFB3CC8A99AF5452,3FB3CC8A99AF5452,400F6A7A2955385E,3FCC
$BFB0753EA3E6AF12,3FB6A708A824F613,40105616905F83B6,3FCC
$BFA96C6865DC424,3FB8F2BC199586DF,4010F6F00C146B3D,3FCC
$BFA14E115049EC26,3FBAA12C50DBCA5F,401197C987C952C4,3FCC
$BF918549FAB3492R,3FBBA7C001A9E7CF,401238A3037E3A4A,3FCC
$0,3FBC,4012D97C7F3321D2,3FCC
$3F918549FAB34906,3FBBA7C001A9E7D,40137A55FAE80959,3FCC
$3FA14E115049EC28,3FBAA12C50DBCA5F,40141B2F769CF0E,3FCC
$3FA96C6865DC4241,3FB8F2BC199586DF,4014BC08F251D867,3FCC
$3FB0753EA3E6AF0D,3FB6A708A824F616,40155CE26E06BFED,3FCC
$3FB3CC8A99AF544E,3FB3CC8A99AF5458,4015FDBBE9BBA774,3FCC
$3FB6A708A824F613,3FB0753EA3E6AF12,40169E9565708EFC,3FCC
$3FB8F2BC199586DC,3FA96C6865DC424D,40173F6EE1257682,3FCC
$3FBAA12C50DBCA5F,3FA14E115049EC26,4017E0485CDA5E0A,3FCC
$3FBBA7C001A9E7D,3F918549FAB34906,40188121D88F4591,3FCC
$3FBC,0,401921FB54442D18,3FCC
5 184 24
5 185 74
5 186 78
5 187 83
5 188 0
5 189 0
4 178 ->
5 179 80
5 180 64
5 181 0
5 182 [2]
$-1,1
5 183 [21][4]
$3FBC,3*0
$3FBBA7C001A9E7D,BF918549FAB34906,3FC41B2F769CF0DF,0
$3FBAA12C50DBCA6,BFA14E115049EC25,3FD41B2F769CF0DF,0
$3FB8F2BC199586DF,BFA96C6865DC423F,3FDE28C731EB694E,0
$3FB6A708A824F613,BFB0753EA3E6AF1R,3FE41B2F769CF0DF,0
$3FB3CC8A99AF5454,BFB3CC8A99AF5452,3FE921FB54442D16,0
$3FB0753EA3E6AF13,BFB6A708A824F612,3FEE28C731EB694F,0
$3FA96C6865DC424R,BFB8F2BC199586DE,3FF197C987C952C3,0
$3FA14E115049EC2R,BFBAA12C50DBCA6,3FF41B2F769CF0E1,0
$3F918549FAB3490D,BFBBA7C001A9E7D,3FF69E9565708EFB,0
$0,BFBC,3FF921FB54442D16,0
$BF918549FAB348F1,BFBBA7C001A9E7D1,3FFBA5614317CB31,0
$BFA14E115049EC2,BFBAA12C50DBCA61,3FFE28C731EB694E,0
$BFA96C6865DC423B,BFB8F2BC199586E,40005616905F83B5,0
$BFB0753EA3E6AF12,BFB6A708A824F613,400197C987C952C4,0
$BFB3CC8A99AF5451,BFB3CC8A99AF545R,4002D97C7F3321D1,0
$BFB6A708A824F613,BFB0753EA3E6AF12,40041B2F769CF0E,0
$BFB8F2BC199586DC,BFA96C6865DC424D,40055CE26E06BFEC,0
$BFBAA12C50DBCA5F,BFA14E115049EC26,40069E9565708EFC,0
$BFBBA7C001A9E7D,BF918549FAB34906,4007E0485CDA5E0A,0
$BFBC,0,400921FB54442D18,0
5 184 28
5 185 72
5 186 81
5 187 83
5 188 0
5 189 0
4 178 ->
5 179 81
5 180 64
5 181 0
5 182 [2]
$-1,1
5 183 [21][4]
$BFBC,0,400921FB54442D18,0
$BFBBA7C001A9E7D,3F918549FAB34909,400A63AE4BADFC26,0
$BFBAA12C50DBCA5F,3FA14E115049EC28,400BA5614317CB34,0
$BFB8F2BC199586DE,3FA96C6865DC4246,400CE7143A819A43,0
$BFB6A708A824F612,3FB0753EA3E6AF14,400E28C731EB6951,0
$BFB3CC8A99AF5452,3FB3CC8A99AF5452,400F6A7A2955385E,0
$BFB0753EA3E6AF12,3FB6A708A824F613,40105616905F83B6,0
$BFA96C6865DC424,3FB8F2BC199586DF,4010F6F00C146B3D,0
$BFA14E115049EC26,3FBAA12C50DBCA5F,401197C987C952C4,0
$BF918549FAB3492R,3FBBA7C001A9E7CF,401238A3037E3A4A,0
$0,3FBC,4012D97C7F3321D2,0
$3F918549FAB34906,3FBBA7C001A9E7D,40137A55FAE80959,0
$3FA14E115049EC28,3FBAA12C50DBCA5F,40141B2F769CF0E,0
$3FA96C6865DC4241,3FB8F2BC199586DF,4014BC08F251D867,0
$3FB0753EA3E6AF0D,3FB6A708A824F616,40155CE26E06BFED,0
$3FB3CC8A99AF544E,3FB3CC8A99AF5458,4015FDBBE9BBA774,0
$3FB6A708A824F613,3FB0753EA3E6AF12,40169E9565708EFC,0
$3FB8F2BC199586DC,3FA96C6865DC424D,40173F6EE1257682,0
$3FBAA12C50DBCA5F,3FA14E115049EC26,4017E0485CDA5E0A,0
$3FBBA7C001A9E7D,3F918549FAB34906,40188121D88F4591,0
$3FBC,0,401921FB54442D18,0
5 184 28
5 185 74
5 186 80
5 187 82
5 188 0
5 189 0
4 178 ->
5 179 82
5 180 64
5 181 1
5 182 [2]
$-1,1
5 183 [2][4]
$2*0,401921FB54442D18,0
$0,3FCC,401921FB54442D18,3FCC
5 184 72
5 185 74
5 186 80
5 187 79
5 188 0
5 189 0
4 178 ->
5 179 83
5 180 64
5 181 1
5 182 [2]
$-1,1
5 183 [2][4]
$400921FB54442D18,0,400921FB54442D18,0
$400921FB54442D18,3FCC,400921FB54442D18,3FCC
5 184 74
5 185 72
5 186 81
5 187 78
5 188 0
5 189 0
2 94 NULL
2 95 ->
2 96 ->
3 97 [4][3]
$3FF,2*0
$2*0,BFF
$0,3FF,0
$0,3FBC,0
3 98 [2]
4 98 ->
5 99 5
5 100 0
5 101 -1
5 102 -1
5 103 28
5 104 66
5 105 0
5 106 0
5 107 0
5 108 [2]
6 108 ->
7 109 1
7 110 ->
8 111 -4
8 112 5
8 113 0
6 108 ->
7 109 6
7 114 ->
8 115 [1]
9 115 -100
4 98 ->
5 99 47
5 100 0
5 101 -1
5 102 -1
5 103 63
5 104 66
5 105 0
5 106 0
5 107 0
5 108 [2]
6 108 ->
7 109 1
7 110 ->
8 111 -4
8 112 5
8 113 0
6 108 ->
7 109 6
7 114 ->
8 115 [1]
9 115 -100
3 116 -1
3 117 0
3 118 [1]
4 118 
5 119 12
5 120 0
5 121 [4][3]
$3FF,2*0
$2*0,BFF
$0,3FF,0
$0,3FBC,0
2 122 NULL
2 123 66
2 124 -1
2 125 NULL
2 126 NULL
2 140 [1]
3 140 7
2 127 ->
@next_srf 306 0
3 306 [2]
4 306 
@p_srf 307 1
5 307 60
@next_geom_ptr 308 1
5 308 0
4 306 
5 307 69
5 308 72
@bnd_type 309 0
3 309 [10]
4 309 
@p_srf 310 1
5 310 30
@boundary_type 311 1
5 311 1
4 309 
5 310 32
5 311 1
4 309 
5 310 34
5 311 1
4 309 
5 310 56
5 311 1
4 309 
5 310 58
5 311 1
4 309 
5 310 60
5 311 1
4 309 
5 310 66
5 311 0
4 309 
5 310 69
5 311 0
4 309 
5 310 72
5 311 1
4 309 
5 310 74
5 311 1
@contours 312 0
3 312 [4]
4 312 
@p_srf 313 1
5 313 24
@start_crv_arr 314 11
5 314 [1]
6 314 51
4 312 
5 313 28
5 314 [1]
6 314 57
4 312 
5 313 72
5 314 [1]
6 314 67
4 312 
5 313 74
5 314 [1]
6 314 68
@next_crv 315 0
3 315 [2]
4 315 
@p_crv 316 1
5 316 73
@next_crv 317 11
5 317 [2]
$67,71
4 315 
5 316 75
5 317 [2]
$68,70
3 128 24
3 129 0
3 130 [2][3]
$BFC6,BFBC,BFC602D3BE05FD1A
$3FC6,3FBC,3FC602D3BE05FD1A
3 131 3FE10FF1CAD02389
3 132 NULL
3 133 -1
2 134 -1
2 135 NULL
2 136 1
2 137 ->
3 138 2
1 139 NULL
@assem_mass_prop_ptr 318 0
1 318 NULL
@mass_prop_ptr 319 0
1 319 ->
@type 320 1
2 320 0
@density 321 2
2 321 3FC9R
@init_dens 322 5
2 322 1
@rel_density 323 2
2 323 0
@init_rel_dens 324 5
2 324 0
@aver_density 325 2
2 325 3FC9R
@vrevnum 326 1
2 326 160
@volume 327 2
2 327 3F84814462D84BF4
@cg 328 2
2 328 [3]
$3*0
@inertia 329 2
2 329 [3][3]
$3EF46BF238421174,0,BDD111084C71241
$0,3EE31E006F2DD2C4,0
$BDD111084C71241,0,3EF46BF3908BCEB4
@eps 330 2
2 330 3EE4F8B588E368F1
@surfarea 331 2
2 331 3FDF67E0A32DE5B
@assign_mp_ptr 332 0
1 332 NULL
@tol_default_ptr 333 0
1 333 ->
@type 334 1
2 334 10
@value 335 2
2 335 [7]
$0,3FB9R,3F847AE147AE147B,3F50624DD2F1A9FC,3F1A36E2EB1C432D,
$3EE4F8B588E368F1,3EB0C6F7A0B5ED8E
@ang_value 336 2
2 336 [7]
$0,6*3FE
@standard 337 1
2 337 0
@iso_tol_tbls_ptr 338 0
2 338 NULL
@first_xsec_ptr 339 0
1 339 NULL
@datum_count 340 1
1 340 0
@axis_count 341 1
1 341 3
@insert_layer_id 342 1
1 342 -1
@layer_count 343 1
1 343 1
@layer_list 344 0
1 344 [6]
2 344 
@feat_id 345 1
3 345 1
@layer_id 346 1
3 346 0
@back_layer_id 347 1
3 347 0
2 344 
3 345 3
3 346 0
3 347 0
2 344 
3 345 5
3 346 0
3 347 0
2 344 
3 345 8
3 346 0
3 347 0
2 344 
3 345 7
3 346 0
3 347 0
2 344 
3 345 64
3 346 0
3 347 0
@lang_ptr 348 0
1 348 ->
@interact_on 349 1
2 349 -1
@first_csys_ptr 350 0
1 350 NULL
@color_prop_ptr 351 0
1 351 NULL
@fem_data 352 0
1 352 NULL
@rel_part_eps 353 2
1 353 3F53A92A30553261
@names_table 354 0
1 354 [3]
2 354 ->
@id 355 1
3 355 2
@type 356 1
3 356 5
@name 357 10
3 357 DTM1
2 354 ->
3 355 4
3 356 5
3 357 DTM2
2 354 ->
3 355 6
3 356 5
3 357 DTM3
@drv_tbl_ptr 358 0
1 358 NULL
@assembled_count 359 1
1 359 0
@part_type 360 1
1 360 1
@mat_name_ptr 361 10
1 361 NULL
@first_ent_id 362 1
1 362 521763
@first_view_id 363 1
1 363 0
@outline 364 2
1 364 [2][3]
$BFC6,BFBC,BFC602D3BE05FD1A
$3FC6,3FBC,3FC602D3BE05FD1A
@dim_num 365 1
1 365 8
@dim_array 366 0
1 366 [8]
2 366 ->
@type 367 1
3 367 8
@dim_type 368 1
3 368 5
@feat_id 369 1
3 369 7
@attributes 370 1
3 370 353
@dim_dat_ptr 371 0
3 371 ->
@value 372 2
4 372 3FD6
@bck_value 373 2
4 373 3FD6
@tol_ptr 374 0
4 374 ->
@type 375 1
5 375 9
@tol_type 376 1
5 376 3
@dual_digits_diff 377 1
5 377 999
@value 378 2
5 378 [2]
$2*3F847AE147AE147B
@nominal_value 379 2
4 379 3FD6
@bound 380 1
4 380 20
@bck_bound 381 1
4 381 -1
@bck_tol_ptr 382 0
4 382 ->
@value 383 2
5 383 [2]
$2*3F847AE147AE147B
@datum_def_id 384 1
4 384 -1
@places_denom 385 1
4 385 2
@bck_places_denom 386 1
4 386 2
@dim_data_attrib 387 1
4 387 0
@dim_cosm_ptr 388 0
3 388 ->
@d0 389 2
4 389 3FE0D258E336A9C9
@d1 390 2
4 390 404826C5ED9AD037
@d2 391 2
4 391 3FE86BCA1AF286BC
@d3 392 2
4 392 403B329D5452FB7B
@ord_info 393 0
4 393 NULL
@attach_ptr 394 0
3 394 NULL
@dim_text_ptr 395 0
3 395 ->
@symbol 396 10
4 396 d0
@line_array 397 0
4 397 [1]
5 397 
@text_array 398 0
6 398 [2]
7 398 
@text_type 399 1
8 399 54
@text_value 400 10
8 400 n
@txt_attrib 401 1
8 401 1024
@owner_id 402 1
8 402 0
@part_id 403 1
8 403 12
@height 404 2
8 404 BFF
@width_factor 405 2
8 405 BFF
@format_info 406 0
8 406 
@thickness 407 2
8 407 BFF
7 398 
8 399 61
8 400 
8 401 1025
8 402 0
8 403 12
8 404 BFF
8 405 BFF
8 406 
8 407 BFF
@parent_dim_id 408 1
3 408 -1
2 366 ->
3 367 8
3 368 42
3 369 7
3 370 32
3 371 ->
4 372 0
4 373 0
4 374 ->
5 375 9
5 376 3
5 377 999
5 378 [2]
$2*3F847AE147AE147B
4 379 0
4 380 20
4 381 -1
4 382 ->
5 383 [2]
$2*3F847AE147AE147B
4 384 -1
4 385 2
4 386 2
4 387 0
3 388 ->
4 389 0
4 390 0
4 391 0
4 392 0
4 393 NULL
3 394 NULL
3 395 ->
4 396 d1
3 408 -1
2 366 ->
3 367 8
3 368 42
3 369 7
3 370 32
3 371 ->
4 372 0
4 373 0
4 374 ->
5 375 9
5 376 3
5 377 999
5 378 [2]
$2*3F847AE147AE147B
4 379 0
4 380 20
4 381 -1
4 382 ->
5 383 [2]
$2*3F847AE147AE147B
4 384 -1
4 385 2
4 386 2
4 387 0
3 388 ->
4 389 0
4 390 0
4 391 0
4 392 0
4 393 NULL
3 394 NULL
3 395 ->
4 396 d2
3 408 -1
2 366 ->
3 367 8
3 368 1
3 369 7
3 370 33
3 371 ->
4 372 3FA
4 373 3FA
4 374 ->
5 375 9
5 376 3
5 377 999
5 378 [2]
$2*3F847AE147AE147B
4 379 3FA
4 380 20
4 381 -1
4 382 ->
5 383 [2]
$2*3F847AE147AE147B
4 384 -1
4 385 2
4 386 2
4 387 0
3 388 ->
4 389 404DA9A9C89C0E5A
4 390 3FEE919F4393977B
4 391 3FDE9BD37A6F4E01
4 392 403B329D5452FB7B
4 393 NULL
3 394 NULL
3 395 ->
4 396 d3
3 408 -1
2 366 ->
3 367 8
3 368 42
3 369 7
3 370 32
3 371 ->
4 372 0
4 373 0
4 374 ->
5 375 9
5 376 3
5 377 999
5 378 [2]
$2*3F847AE147AE147B
4 379 0
4 380 20
4 381 -1
4 382 ->
5 383 [2]
$2*3F847AE147AE147B
4 384 -1
4 385 2
4 386 2
4 387 0
3 388 ->
4 389 0
4 390 0
4 391 0
4 392 0
4 393 NULL
3 394 NULL
3 395 ->
4 396 d4
3 408 -1
2 366 ->
3 367 8
3 368 4
3 369 7
3 370 289
3 371 ->
4 372 3FD5C28F5C28F5C3
4 373 3FD5C28F5C28F5C3
4 374 ->
5 375 9
5 376 3
5 377 999
5 378 [2]
$2*3F847AE147AE147B
4 379 3FD5C28F5C28F5C3
4 380 20
4 381 -1
4 382 ->
5 383 [2]
$2*3F847AE147AE147B
4 384 -1
4 385 2
4 386 2
4 387 0
3 388 ->
4 389 3FC5C28F5C28F5C3
4 390 403DFDA6CFC0197E
4 391 4016FD529BBEF2A5
4 392 403B329D5452FB7C
4 393 NULL
3 394 NULL
3 395 ->
4 396 d5
4 397 [1]
5 397 
6 398 [2]
7 398 
8 399 54
8 400 n
8 401 1024
8 402 5
8 403 12
8 404 BFF
8 405 BFF
8 406 
8 407 BFF
7 398 
8 399 61
8 400 
8 401 1025
8 402 5
8 403 12
8 404 BFF
8 405 BFF
8 406 
8 407 BFF
3 408 -1
2 366 ->
3 367 8
3 368 5
3 369 7
3 370 289
3 371 ->
4 372 3FBC
4 373 3FBC
4 374 ->
5 375 9
5 376 3
5 377 999
5 378 [2]
$2*3F847AE147AE147B
4 379 3FBC
4 380 20
4 381 -1
4 382 ->
5 383 [2]
$2*3F847AE147AE147B
4 384 -1
4 385 2
4 386 2
4 387 0
3 388 ->
4 389 3FD647587350014A
4 390 3FE9DC597635011F
4 391 3FE3DA083BE49F84
4 392 403B329D5452FB7B
4 393 NULL
3 394 NULL
3 395 ->
4 396 d6
3 408 -1
2 366 ->
3 367 8
3 368 4
3 369 64
3 370 257
3 371 ->
4 372 3FCC
4 373 3FCC
4 374 ->
5 375 9
5 376 3
5 377 999
5 378 [2]
$2*3F847AE147AE147B
4 379 3FCC
4 380 20
4 381 -1
4 382 ->
5 383 [2]
$2*3F847AE147AE147B
4 384 -1
4 385 2
4 386 2
4 387 0
3 388 ->
4 389 0
4 390 0
4 391 0
4 392 0
4 393 NULL
3 394 NULL
3 395 ->
4 396 d7
4 397 [1]
5 397 
6 398 [2]
7 398 
8 399 54
8 400 n
8 401 1
8 402 7
8 403 12
8 404 BFF
8 405 BFF
8 406 
8 407 BFF
7 398 
8 399 61
8 400 
8 401 1
8 402 7
8 403 12
8 404 BFF
8 405 BFF
8 406 
8 407 BFF
3 408 -1
@ipar_num 409 1
1 409 0
@relpar_sets 410 0
1 410 [1]
2 410 
@id 411 1
3 411 -1
@type 412 1
3 412 2
@ext_ref_id 413 1
3 413 -1
@param 414 0
3 414 [5]
4 414 
@sym 415 10
5 415 
@value 416 0
5 416 
@type 417 1
6 417 50
@value(d_val) 418 2
6 418 0
@bak_value 419 0
5 419 
6 417 50
6 418 0
4 414 
5 415 COST
5 416 
6 417 50
6 418 3FB47AE147AE147B
5 419 
6 417 50
6 418 3FB47AE147AE147B
4 414 
5 415 
5 416 
6 417 51
@value(s_val) 420 10
6 420 
5 419 
6 417 51
6 420 
4 414 
5 415 VENDOR
5 416 
6 417 51
6 420 Smith Bros.
5 419 
6 417 51
6 420 Sture Co.
4 414 
5 415 
5 416 
6 417 50
6 418 3F606769E8AD099
5 419 
6 417 50
6 418 3F606769E8AD099
@relatnum 421 1
3 421 1
@relation 422 10
3 422 [1]
4 422 
@unit_arr 423 0
1 423 [2]
2 423 
@type 424 1
3 424 1
@factor 425 2
3 425 3FF
@name 426 10
3 426 INCH
@unit_type 427 1
3 427 0
2 423 
3 424 2
3 425 3FF
3 426 POUND
3 427 1
@geom_lib_ptr 428 0
1 428 NULL
@first_quilt_ptr 429 1
1 429 0
@attrib_array 430 1
1 430 [1]
2 430 0
@smt_info_ptr 431 0
1 431 NULL
@cable_info_ptr 432 0
1 432 NULL
@comp_info_ptr 433 0
1 433 NULL
@max_part_size 434 2
1 434 3FE10FF1CAD02389
@prt_misc_ptr 435 0
1 435 ->
@shrink_data_ptr 436 0
2 436 NULL
@layer_array 437 0
1 437 [2]
2 437 ->
@id 438 1
3 438 84
@type 439 1
3 439 117
@user_id 440 1
3 440 0
@weird_wline_ptr 441 0
3 441 ->
@weird_wline 442 10
4 442 DATPLN
@layer_objects 443 0
3 443 [1]
4 443 
@type 444 1
5 444 3
@ids 445 1
5 445 [3]
$1,3,5
@saved_operation 446 1
3 446 3
2 437 ->
3 438 85
3 439 117
3 440 0
3 441 ->
4 442 AXIS
3 443 [1]
4 443 
5 444 3
5 445 [1]
6 445 7
3 446 3
@expld_mv_info 447 0
1 447 NULL
@state_info_ptr 448 0
1 448 NULL
@alumni_feats 449 0
1 449 NULL
@model_name 450 10
1 450 LINE_ROLLER
@p_mdl_grid 451 0
1 451 NULL
@mdl_status_ptr 452 0
1 452 NULL
@cfg_states 453 0
1 453 NULL
@disp_outl_info 454 0
1 454 
@disp_outline 455 2
2 455 [2][3]
$BFC6575BE0375CDF,BFBCAEB7C06EB9BE,BFC65A2F9E3D59F9
$3FC6575BE0375CDF,3FBCAEB7C06EB9BE,3FC65A2F9E3D59F9
@ribbon_info_ptr 456 0
1 456 NULL
@p_xref_data 457 0
1 457 ->
@View 458 0
0 458 ->
@id 459 1
1 459 0
@viewattr 460 0
1 460 
@attr_arr 461 1
2 461 [4]
$1,3*0
@mpoint 462 0
1 462 
@id 463 1
2 463 0
@coord 464 2
2 464 [3]
$3*0
@first_instr_ptr 465 0
2 465 NULL
@attach_ptr 466 0
2 466 NULL
@vpoint 467 0
1 467 
2 463 0
2 464 [3]
$407F4,407A5E,0
2 465 NULL
2 466 NULL
@orient 468 2
1 468 [4][4]
$3FED7954E7DBA2F8,0,3FD8EC3AE92B676B,0
$BFD385CE5246572,3FE3E43A9692E21C,3FE7167619F550A2,0
$BFCEFC077F3F36A6,BFE91103985DA841,3FE25240DD3851BF,0
$3*0,3FF
@local_sys 469 2
1 469 [4][4]
$409787548D588A21,0,4083E53F13B9244C,0
$C07F2B5A9A485E12,408FC21B5A193C48,40926E3C980FDED7,0
$C078BC068485654,C094029C4809FBA7,408D405304B68A29,0
$407F4,407A5E,0,3FF
@first_instr_ptr 470 0
1 470 ->
@type 471 1
2 471 100
@geom_id 472 1
2 472 -1
@view_id 473 1
2 473 -1
@memb_num 474 1
2 474 0
@offset 475 2
2 475 0
@matrix 476 0
2 476 NULL
@next_instr_ptr 477 0
1 477 NULL
@outer_xsec_index 478 1
1 478 -1
@next_view_id 479 1
1 479 -2
@simp_rep_id 480 1
1 480 0
@name 481 10
1 481 no name
@matrix 482 2
1 482 [4][4]
$3FF,3*0
$0,3FF,2*0
$2*0,3FF,0
$3*0,3FF
@fit_outline 483 2
1 483 [2][3]
$4059,405518,C0796BD5C4011E1
$408C2,4087BB,40796BD5C4011E1
@det_info_ptr 484 0
1 484 NULL
@named_view_pzmatr 485 0
1 485 NULL
@page_id 486 1
1 486 0
@model_name 487 10
1 487 NULL
@unrep_model_name 488 10
1 488 NULL
@assem_merge_parts 489 0
0 489 ->
#END_OF_UGC
