#UGC:2 PART 887 360 0 1 1 15 1600 9547 \
#- VERS 0 0                                                          \
#- HOST                                                              \
#- LINK                                                              \
#- DBID                                                              \
#- REVS 0,                                                           \
#- RELL 0,                                                           \
#- UOBJ_ID 0 0 0                                                     \
#-END_OF_UGC_HEADER
#P_OBJECT 6
@P_object 1 0
0 1 ->
@depend 2 0
1 2 [1]
2 2 
@model_name 3 10
3 3 REEL_HOUSING
@model_type 4 1
3 4 1
@revnum 5 1
3 5 -1
@bom_count 6 1
3 6 1
@dep_type 7 1
3 7 8
@stamp 8 0
3 8 
@major_vers 9 0
4 9 
@vers 10 1
5 10 0
@alias_name 11 10
5 11 
@minor_vers 12 0
4 12 
@vers 13 1
5 13 0
@reason 14 10
3 14 
@dep_db 15 0
1 15 ->
@usr_rev 16 0
1 16 [3]
2 16 
@name 17 10
3 17 STEVEC
@mod_time 18 0
3 18 
@tm_sec 19 1
4 19 55
@tm_min 20 1
4 20 41
@tm_hour 21 1
4 21 13
@tm_mday 22 1
4 22 26
@tm_mon 23 1
4 23 9
@tm_year 24 1
4 24 95
@action 25 1
3 25 1000
@comment 26 10
3 26 Hostname: 'zemlya'
@rel_level 27 10
3 27 
@rev_string 28 10
3 28 
2 16 
3 17 BAUERLE
3 18 
4 19 29
4 20 49
4 21 23
4 22 6
4 23 10
4 24 95
3 25 1000
3 26 Hostname: 'buckle'
3 27 
3 28 
2 16 
3 17 USER
3 18 
4 19 24
4 20 2
4 21 16
4 22 9
4 23 11
4 24 95
3 25 1000
3 26 Hostname: 'arran'
3 27 
3 28 
@revnum_std 29 1
1 29 168
@flag 30 1
1 30 0
@name 31 10
1 31 NULL
@inst_hidden 32 1
1 32 0
@old_name 33 10
1 33 NULL
@appl_data 34 0
1 34 ->
@bounding_box 35 2
2 35 [2][3]
$C0104603D390A37F,C0048C07A72146FE,C0184603D390A37F
$40144603D390A37F,40048C07A72146FE,40088C07A72146FE
@uobj_id 36 0
1 36 NULL
#END_OF_P_OBJECT
#Pro/ENGINEER  TM  Version G-01-14  (c) 1988-95 by Parametric Technology Corporation  All Rights Reserved. 9547
@Solid 37 0
0 37 ->
@tab_key 38 1
1 38 0
@tab_key_struct 39 0
1 39 ->
@tab_key_ptr 40 0
2 40 [106]
@cmprs_tabkey 41 0
2 41 NULL
@type 42 1
1 42 2
@revnum_ptr 43 0
1 43 ->
@geom_revnum 44 1
2 44 150
@cosm_revnum 45 1
2 45 17
@first_member_ptr 46 0
1 46 NULL
@alumni_members 47 0
1 47 NULL
@frst_geom_ptr 48 1
1 48 10
@first_feat_ptr 49 0
1 49 ->
@id 50 1
2 50 1
@indep_attributes 51 1
2 51 1
@feat_type_ptr 52 0
2 52 ->
@table_id 53 1
3 53 -1
@type 54 1
3 54 923
@feattype_key 55 10
3 55 NULL
@form 56 1
3 56 0
@attributes 57 1
3 57 [3]
$0,262144,0
@placement 58 1
3 58 0
@intersection 59 1
3 59 -1
@internal_udf_type 60 1
3 60 -1
@param_choice_ptr 61 0
3 61 ->
@blend_choice 62 1
4 62 0
@depth_choice 63 1
4 63 0
@angle_choice 64 1
4 64 -1
@pat_choice 65 1
4 65 -1
@round_choice 66 1
4 66 -1
@subsec_choice 67 1
4 67 -1
@sweep_choice 68 1
4 68 0
@dome_choice 69 1
4 69 0
@draft_choice 70 1
4 70 0
@misc_choice 71 1
4 71 0
@assoc_type 72 1
3 72 0
@symbol_key 73 1
2 73 -1
@sect_name 74 10
2 74 DTM1
@model_type 75 1
2 75 2
@idtab_ptr 76 0
2 76 ->
@srf_id_arr 77 1
3 77 [1][4]
$2,3*0
@save_geoms 78 0
3 78 NULL
@cr_flags_xar 79 1
3 79 [18]
$6*-1,-16777217,3*-1,-536870913,-1,-1126176897,-2,-2097185,-2097665,-1,5
@cvt_feat_dat 80 0
3 80 NULL
@feat_dates_ptr 81 0
3 81 ->
@creat_date 82 1
4 82 160010
@regen_date 83 1
4 83 160010
@geometry 84 0
2 84 
@srf_array 85 0
3 85 [1]
4 85 ->
@geom_type 86 1
5 86 34
@geom_id 87 1
5 87 2
@feat_id 88 1
5 88 1
@boundary_type 89 1
5 89 1
@envlp 90 2
5 90 [2][2]
$C0048C07A72146FE,C0184603D390A37F
$40048C07A72146FE,40088C07A72146FE
@srf_prim_ptr(plane) 91 0
5 91 ->
@local_sys 92 2
6 92 [4][3]
$2*0,3FF
$3FF,2*0
$0,3FF,0
$3*0
@frst_cntr_ptr 93 0
5 93 NULL
@next_geom_ptr 94 1
5 94 0
@orient 95 1
5 95 1
@outline 96 2
5 96 [2][3]
$0,C0048C07A72146FE,C0184603D390A37F
$0,40048C07A72146FE,40088C07A72146FE
@group_info_ptr 97 0
2 97 NULL
@intrs_pairs_ptr 98 0
2 98 ->
@place_rec_ptr 99 0
2 99 ->
@local_sys 100 2
3 100 [4][3]
$2*0,3FF
$3FF,2*0
$0,3FF,0
$3*0
@place_instruction_ptrs 101 0
3 101 [1]
4 101 ->
@type 102 1
5 102 513
@offset 103 2
5 103 0
@dim_id 104 1
5 104 -1
@ref_id 105 1
5 105 -1
@geometry1_id 106 1
5 106 -1
@geometry2_id 107 1
5 107 2
@memb_num1 108 1
5 108 0
@memb_num2 109 1
5 109 0
@attr 110 1
5 110 32768
@plin_info_arr 111 0
5 111 [2]
6 111 ->
@type 112 1
7 112 1
@data(plin_info_ref) 113 0
7 113 ->
@id_type1 114 1
8 114 -4
@id_type2 115 1
8 115 5
@offset2 116 2
8 116 0
6 111 ->
7 112 6
@data(plin_info_ui_step) 117 0
7 117 ->
@step_ids 118 1
8 118 [1]
9 118 -100
@own_ref_id 119 1
3 119 -1
@orient 120 1
3 120 1
@trf_arr 121 0
3 121 [1]
4 121 
@type 122 1
5 122 11
@idx 123 1
5 123 0
@transf 124 2
5 124 [4][3]
$2*0,3FF
$3FF,2*0
$0,3FF,0
$3*0
@next_prop 125 0
2 125 NULL
@first_geom_id 126 1
2 126 2
@cond_tbl_idx 127 1
2 127 -1
@comment 128 10
2 128 NULL
@merge_info_ptr 129 0
2 129 NULL
@topology_increment 130 0
2 130 ->
@first_geom 131 1
3 131 0
@first_quilt 132 1
3 132 0
@outline 133 2
3 133 [2][3]
$3*0
$3*0
@max_part_size 134 2
3 134 0
@xform_increment 135 0
3 135 NULL
@roll_back_id 136 1
3 136 -1
@state_ind 137 1
2 137 -1
@alumni_info 138 0
2 138 NULL
@revnum 139 1
2 139 1
@rev_rec 140 0
2 140 ->
@num_plins 141 1
3 141 1
@next_feat_ptr 142 0
1 142 ->
2 50 3
2 51 1
2 52 ->
3 53 -1
3 54 923
3 55 NULL
3 56 0
3 57 [3]
$0,262144,0
3 58 0
3 59 -1
3 60 -1
3 61 ->
4 62 0
4 63 0
4 64 -1
4 65 -1
4 66 -1
4 67 -1
4 68 0
4 69 0
4 70 0
4 71 0
3 72 0
2 73 -1
2 74 DTM2
2 75 2
2 76 ->
3 77 [1][4]
$4,3*0
3 78 NULL
3 79 [18]
$6*-1,-16777217,3*-1,-536870913,-1,-1126176897,-2,-2097185,-2097665,-1,5
3 80 NULL
3 81 ->
4 82 160010
4 83 160010
2 84 
3 85 [1]
4 85 ->
5 86 34
5 87 4
5 88 3
5 89 1
5 90 [2][2]
$C0184603D390A37F,C0104603D390A37F
$40088C07A72146FE,40144603D390A37F
5 91 ->
6 92 [4][3]
$0,3FF,0
$2*0,3FF
$3FF,2*0
$3*0
5 93 NULL
5 94 0
5 95 1
5 96 [2][3]
$C0104603D390A37F,0,C0184603D390A37F
$40144603D390A37F,0,40088C07A72146FE
2 97 NULL
2 98 ->
2 99 ->
3 100 [4][3]
$0,3FF,0
$2*0,3FF
$3FF,2*0
$3*0
3 101 [1]
4 101 ->
5 102 514
5 103 0
5 104 -1
5 105 -1
5 106 -1
5 107 4
5 108 0
5 109 0
5 110 32768
5 111 [2]
6 111 ->
7 112 1
7 113 ->
8 114 -4
8 115 5
8 116 0
6 111 ->
7 112 6
7 117 ->
8 118 [1]
9 118 -100
3 119 -1
3 120 1
3 121 [1]
4 121 
5 122 11
5 123 0
5 124 [4][3]
$0,3FF,0
$2*0,3FF
$3FF,2*0
$3*0
2 125 NULL
2 126 4
2 127 -1
2 128 NULL
2 129 NULL
2 130 ->
3 131 0
3 132 0
3 133 [2][3]
$3*0
$3*0
3 134 0
3 135 NULL
3 136 -1
2 137 -1
2 138 NULL
2 139 1
2 140 ->
3 141 1
1 142 ->
2 50 5
2 51 1
2 52 ->
3 53 -1
3 54 923
3 55 NULL
3 56 0
3 57 [3]
$3*0
3 58 0
3 59 -1
3 60 -1
3 61 ->
4 62 0
4 63 0
4 64 -1
4 65 -1
4 66 -1
4 67 -1
4 68 0
4 69 0
4 70 0
4 71 0
3 72 0
2 73 -1
2 74 DTM3
2 75 2
2 76 ->
3 77 [1][4]
$6,3*0
3 78 NULL
3 79 [18]
$6*-1,-16777217,3*-1,-536870913,-1,-1126176897,-2,-2097185,-2097665,-1,5
3 80 NULL
3 81 ->
4 82 160010
4 83 160010
2 84 
3 85 [1]
4 85 ->
5 86 34
5 87 6
5 88 5
5 89 1
5 90 [2][2]
$C0104603D390A37F,C0048C07A72146FE
$40144603D390A37F,40048C07A72146FE
5 91 ->
6 92 [4][3]
$3FF,2*0
$0,3FF,0
$2*0,3FF
$3*0
5 93 NULL
5 94 0
5 95 1
5 96 [2][3]
$C0104603D390A37F,C0048C07A72146FE,0
$40144603D390A37F,40048C07A72146FE,0
2 97 NULL
2 98 ->
2 99 ->
3 100 [4][3]
$3FF,2*0
$0,3FF,0
$2*0,3FF
$3*0
3 101 [1]
4 101 ->
5 102 515
5 103 0
5 104 -1
5 105 -1
5 106 -1
5 107 6
5 108 0
5 109 0
5 110 32768
5 111 [2]
6 111 ->
7 112 1
7 113 ->
8 114 -4
8 115 5
8 116 0
6 111 ->
7 112 6
7 117 ->
8 118 [1]
9 118 -100
3 119 -1
3 120 1
3 121 [1]
4 121 
5 122 11
5 123 0
5 124 [4][3]
$3FF,2*0
$0,3FF,0
$2*0,3FF
$3*0
2 125 NULL
2 126 6
2 127 -1
2 128 NULL
2 129 NULL
2 130 ->
3 131 0
3 132 0
3 133 [2][3]
$3*0
$3*0
3 134 0
3 135 NULL
3 136 -1
2 137 -1
2 138 NULL
2 139 1
2 140 ->
3 141 1
1 142 ->
2 50 8
2 51 1
2 52 ->
3 53 -1
3 54 923
3 55 NULL
3 56 0
3 57 [3]
$3,2*0
3 58 0
3 59 -1
3 60 -1
3 61 ->
4 62 0
4 63 0
4 64 -1
4 65 970
4 66 -1
4 67 -1
4 68 0
4 69 0
4 70 0
4 71 0
3 72 0
2 73 -1
2 74 no_name
2 75 2
2 76 ->
3 77 [1][4]
$9,3*0
3 78 NULL
3 79 [18]
$6*-1,-16777217,3*-1,-536870913,-1,-1126176897,-2,-2097185,-2097665,-1,5
3 80 NULL
3 81 ->
4 82 160010
4 83 160010
2 84 
3 85 [1]
4 85 ->
5 86 34
5 87 9
5 88 8
5 89 -1
5 90 [2][2]
$2*0
$2*0
5 91 ->
6 92 [4][3]
$3FF,2*0
$2*0,3FF
$0,BFF,0
$3*0
5 93 NULL
5 94 0
5 95 1
5 96 [2][3]
$3*0
$3*0
2 97 NULL
2 98 ->
2 99 ->
3 100 [4][3]
$3FF,2*0
$2*0,3FF
$0,BFF,0
$3*0
3 101 [2]
4 101 ->
5 102 509
5 103 3FF
5 104 -1
5 105 -1
5 106 4
5 107 9
5 108 0
5 109 0
5 110 32768
5 111 [2]
6 111 ->
7 112 1
7 113 ->
8 114 -4
8 115 5
8 116 0
6 111 ->
7 112 6
7 117 ->
8 118 [1]
9 118 -100
4 101 ->
5 102 511
5 103 3FF
5 104 -1
5 105 -1
5 106 2
5 107 9
5 108 0
5 109 0
5 110 32768
5 111 [2]
6 111 ->
7 112 1
7 113 ->
8 114 -4
8 115 5
8 116 0
6 111 ->
7 112 6
7 117 ->
8 118 [1]
9 118 -100
3 119 -1
3 120 1
3 121 [1]
4 121 
5 122 11
5 123 0
5 124 [4][3]
$3FF,2*0
$2*0,3FF
$0,BFF,0
$3*0
2 125 NULL
2 126 9
2 127 -1
2 128 NULL
2 129 NULL
@parent_table 143 1
2 143 [2]
$1,3
2 130 ->
3 131 0
3 132 0
3 133 [2][3]
$3*0
$3*0
3 134 0
3 135 NULL
3 136 -1
2 137 -1
2 138 NULL
2 139 0
2 140 ->
3 141 2
1 142 ->
2 50 7
2 51 1
2 52 ->
3 53 -1
3 54 917
3 55 NULL
3 56 1
3 57 [3]
$0,65536,0
3 58 0
3 59 991
3 60 -1
3 61 ->
4 62 0
4 63 1073741824
4 64 -1
4 65 -1
4 66 -1
4 67 -1
4 68 0
4 69 0
4 70 0
4 71 0
3 72 0
2 73 -1
2 74 no_name
2 75 2
2 76 ->
3 77 [6][4]
$10,204,2*0
$15,203,2*0
$20,200,3,0
$22,200,2,0
$24,200,1,0
$26,200,2*0
@edg_id_arr 144 1
3 144 [12][6]
$11,221,3,2*0,10
$12,221,2,2*0,10
$13,221,1,2*0,10
$14,221,3*0,10
$16,222,3,2*0,20
$17,222,2,2*0,22
$18,222,1,2*0,24
$19,222,3*0,26
$21,303,3,2*0,20
$23,303,2,0,3,22
$25,303,1,0,2,24
$27,303,2*0,1,26
@dtm_id_tab 145 0
3 145 [1]
4 145 
@dtm_id 146 1
5 146 9
@dim_id 147 1
5 147 -1
3 78 ->
@sv_frst_geom 148 1
4 148 10
3 79 [18]
$6*-1,-16777217,3*-1,-536870913,-1,-1126176897,-2,-2097185,-2097665,-1,5
3 80 NULL
3 81 ->
4 82 160010
4 83 160010
2 84 
3 85 [6]
4 85 ->
5 86 34
5 87 10
5 88 7
5 89 0
5 90 [2][2]
$C01,C008
$4014,4018
5 91 ->
6 92 [4][3]
$3FF,2*0
$2*0,3FF
$0,BFF,0
$0,C004,0
5 93 ->
@frst_cntr_crv_hdr_ptr 149 1
6 149 11
@trv 150 1
6 150 1
@envlp 151 2
6 151 [2][2]
$C01,C008
$4014,4018
@next_cntr_ptr 152 0
5 152 NULL
5 94 15
5 95 -1
5 96 [2][3]
$C01,C004,C018
$4014,C004,4008
4 85 ->
5 86 34
5 87 15
5 88 7
5 89 0
5 90 [2][2]
$C01,C008
$4014,4018
5 91 ->
6 92 [4][3]
$3FF,2*0
$2*0,3FF
$0,BFF,0
$0,4004,0
5 93 ->
6 149 16
6 150 1
6 151 [2][2]
$C01,C008
$4014,4018
5 152 NULL
5 94 20
5 95 1
5 96 [2][3]
$C01,4004,C018
$4014,4004,4008
4 85 ->
5 86 34
5 87 20
5 88 7
5 89 1
5 90 [2][2]
$2*0
$4022,4014
5 91 ->
6 92 [4][3]
$3FF,2*0
$0,3FF,0
$2*0,3FF
$C01,C004,4008
5 93 ->
6 149 11
6 150 1
6 151 [2][2]
$2*0
$4022,4014
5 152 NULL
5 94 22
5 95 1
5 96 [2][3]
$C01,C004,4008
$4014,4004,4008
4 85 ->
5 86 34
5 87 22
5 88 7
5 89 1
5 90 [2][2]
$2*0
$4022,4014
5 91 ->
6 92 [4][3]
$2*0,3FF
$0,3FF,0
$BFF,2*0
$4014,C004,4008
5 93 ->
6 149 12
6 150 1
6 151 [2][2]
$2*0
$4022,4014
5 152 NULL
5 94 24
5 95 1
5 96 [2][3]
$4014,C004,C018
$4014,4004,4008
4 85 ->
5 86 34
5 87 24
5 88 7
5 89 1
5 90 [2][2]
$2*0
$4022,4014
5 91 ->
6 92 [4][3]
$BFF,2*0
$0,3FF,0
$2*0,BFF
$4014,C004,C018
5 93 ->
6 149 13
6 150 1
6 151 [2][2]
$2*0
$4022,4014
5 152 NULL
5 94 26
5 95 1
5 96 [2][3]
$C01,C004,C018
$4014,4004,C018
4 85 ->
5 86 34
5 87 26
5 88 7
5 89 1
5 90 [2][2]
$2*0
$4022,4014
5 91 ->
6 92 [4][3]
$2*0,BFF
$0,3FF,0
$3FF,2*0
$C01,C004,C018
5 93 ->
6 149 14
6 150 1
6 151 [2][2]
$2*0
$4022,4014
5 152 NULL
5 94 0
5 95 1
5 96 [2][3]
$C01,C004,C018
$C01,4004,4008
@crv_array 153 0
3 153 [12]
4 153 ->
@crv_id 154 1
5 154 11
@feat_id 155 1
5 155 7
@type 156 1
5 156 0
@crv_pnt_dir 157 1
5 157 [2]
$1,-1
@crv_pnt_arr 158 2
5 158 [2][4]
$C01,C008,2*0
$4014,C008,4022,0
@crv_hdr_geom_ptr[0] 159 1
5 159 10
@crv_hdr_geom_ptr[1] 160 1
5 160 20
@next_crv_hdr_ptr[0] 161 1
5 161 12
@next_crv_hdr_ptr[1] 162 1
5 162 21
@ref_geom[0] 163 1
5 163 0
@ref_geom[1] 164 1
5 164 0
4 153 ->
5 154 12
5 155 7
5 156 0
5 157 [2]
$1,-1
5 158 [2][4]
$4014,C008,2*0
$4014,4018,4022,0
5 159 10
5 160 22
5 161 13
5 162 23
5 163 0
5 164 0
4 153 ->
5 154 13
5 155 7
5 156 0
5 157 [2]
$1,-1
5 158 [2][4]
$4014,4018,2*0
$C01,4018,4022,0
5 159 10
5 160 24
5 161 14
5 162 25
5 163 0
5 164 0
4 153 ->
5 154 14
5 155 7
5 156 0
5 157 [2]
$1,-1
5 158 [2][4]
$C01,4018,2*0
$C01,C008,4022,0
5 159 10
5 160 26
5 161 11
5 162 27
5 163 0
5 164 0
4 153 ->
5 154 16
5 155 7
5 156 0
5 157 [2]
$-1,1
5 158 [2][4]
$C01,C008,0,4014
$4014,C008,4022,4014
5 159 15
5 160 20
5 161 19
5 162 23
5 163 0
5 164 0
4 153 ->
5 154 17
5 155 7
5 156 0
5 157 [2]
$-1,1
5 158 [2][4]
$4014,C008,0,4014
$4014,4018,4022,4014
5 159 15
5 160 22
5 161 16
5 162 25
5 163 0
5 164 0
4 153 ->
5 154 18
5 155 7
5 156 0
5 157 [2]
$-1,1
5 158 [2][4]
$4014,4018,0,4014
$C01,4018,4022,4014
5 159 15
5 160 24
5 161 17
5 162 27
5 163 0
5 164 0
4 153 ->
5 154 19
5 155 7
5 156 0
5 157 [2]
$-1,1
5 158 [2][4]
$C01,4018,0,4014
$C01,C008,4022,4014
5 159 15
5 160 26
5 161 18
5 162 21
5 163 0
5 164 0
4 153 ->
5 154 21
5 155 7
5 156 0
5 157 [2]
$1,-1
5 158 [2][4]
$2*0,4022,0
$0,4014,4022,4014
5 159 20
5 160 26
5 161 16
5 162 14
5 163 0
5 164 0
4 153 ->
5 154 23
5 155 7
5 156 0
5 157 [2]
$1,-1
5 158 [2][4]
$2*0,4022,0
$0,4014,4022,4014
5 159 22
5 160 20
5 161 17
5 162 11
5 163 0
5 164 0
4 153 ->
5 154 25
5 155 7
5 156 0
5 157 [2]
$1,-1
5 158 [2][4]
$2*0,4022,0
$0,4014,4022,4014
5 159 24
5 160 22
5 161 18
5 162 12
5 163 0
5 164 0
4 153 ->
5 154 27
5 155 7
5 156 0
5 157 [2]
$1,-1
5 158 [2][4]
$2*0,4022,0
$0,4014,4022,4014
5 159 26
5 160 24
5 161 19
5 162 13
5 163 0
5 164 0
2 97 NULL
2 98 ->
2 99 ->
3 100 [4][3]
$3FF,2*0
$2*0,3FF
$0,BFF,0
$0,C004,0
3 101 [1]
4 101 ->
5 102 1854
5 103 0
5 104 4
5 105 -1
5 106 -1
5 107 -1
5 108 0
5 109 0
5 110 0
5 111 [1]
6 111 ->
7 112 6
7 117 ->
8 118 [1]
9 118 3
3 119 -1
3 120 0
3 121 [2]
4 121 
5 122 1
5 123 0
5 124 [4][3]
$0,BFF,0
$3FF,2*0
$2*0,3FF
$3*0
4 121 
5 122 12
5 123 0
5 124 [4][3]
$3FF,2*0
$2*0,3FF
$0,BFF,0
$0,C004,0
2 125 NULL
2 126 10
@gsec_ptr 165 0
2 165 [1]
3 165 
@type 166 1
4 166 2
@name 167 10
4 167 S2D0005
@gsec2d_ptr 168 0
4 168 ->
@name 169 10
5 169 S2D0005
@segtab_ptr 170 0
5 170 [6]
6 170 
@type 171 1
7 171 2
@dir 172 1
7 172 [3]
$0,1,0
@pointid 173 1
7 173 [2]
$0,1
@cntrid 174 1
7 174 1
@arcorient 175 1
7 175 0
@verhor 176 1
7 176 0
@radius 177 1
7 177 0
@ext_id 178 1
7 178 0
@gen_info 179 0
7 179 
@known_ent_info 180 0
7 180 
@attr 181 1
8 181 0
@known_ent_id 182 1
8 182 -1
6 170 
7 171 2
7 172 [3]
$1,2*0
7 173 [2]
$1,2
7 174 2
7 175 0
7 176 1
7 177 0
7 178 1
7 179 
7 180 
8 181 0
8 182 -1
6 170 
7 171 2
7 172 [3]
$0,-1,0
7 173 [2]
$2,3
7 174 3
7 175 0
7 176 0
7 177 0
7 178 2
7 179 
7 180 
8 181 0
8 182 -1
6 170 
7 171 2
7 172 [3]
$-1,2*0
7 173 [2]
$3,0
7 174 0
7 175 0
7 176 1
7 177 0
7 178 3
7 179 
7 180 
8 181 0
8 182 -1
6 170 
7 171 32770
7 172 [3]
$0,-1,0
7 173 [2]
$4,5
7 174 5
7 175 0
7 176 0
7 177 0
7 178 4
7 179 
@attributes 183 1
8 183 8
7 180 
8 181 0
8 182 -1
6 170 
7 171 32770
7 172 [3]
$-1,2*0
7 173 [2]
$6,7
7 174 7
7 175 0
7 176 1
7 177 0
7 178 5
7 179 
8 183 8
7 180 
8 181 0
8 182 -1
@dimtab_ptr 184 0
5 184 [4]
6 184 
@type 185 1
7 185 1
@value 186 2
7 186 4022
@direct 187 1
7 187 0
@property 188 1
7 188 0
@leftpt 189 1
7 189 [2]
@rightpt 190 1
7 190 [2]
@offset 191 2
7 191 0
@ext_id 192 1
7 192 0
@dispdimattr 193 0
7 193 
@dimattr 194 1
8 194 [2]
$2082,0
@dim_ref 195 0
7 195 [2]
8 195 
@item_id 196 1
9 196 1
@sense 197 1
9 197 -1
@point 198 1
9 198 [2]
$2*1
8 195 
9 196 -1
9 197 -1
9 198 [2]
$2*2
6 184 
7 185 5
7 186 401
7 187 0
7 188 0
7 189 [2]
7 190 [2]
7 191 0
7 192 1
7 193 
8 194 [2]
$2082,0
7 195 [2]
8 195 
9 196 0
9 197 -1
9 198 [2]
$0,1
8 195 
9 196 4
9 197 -1
9 198 [2]
$4,5
6 184 
7 185 1
7 186 4022
7 187 0
7 188 0
7 189 [2]
7 190 [2]
7 191 0
7 192 2
7 193 
8 194 [2]
$2082,0
7 195 [2]
8 195 
9 196 2
9 197 -1
9 198 [2]
$2*2
8 195 
9 196 -1
9 197 -1
9 198 [2]
$2*3
6 184 
7 185 5
7 186 4008
7 187 0
7 188 0
7 189 [2]
7 190 [2]
7 191 0
7 192 4
7 193 
8 194 [2]
$34,0
7 195 [2]
8 195 
9 196 3
9 197 -1
9 198 [2]
$3,0
8 195 
9 196 5
9 197 -1
9 198 [2]
$6,7
@relat_ptr 199 0
5 199 [8]
6 199 
@id 200 1
7 200 5
@used 201 1
7 201 0
@a 202 1
7 202 [4]
$0,4,2*-1
@b 203 1
7 203 [4]
$4*0
@c 204 2
7 204 [4]
$3FF,BFF,2*3FF
@sign 205 1
7 205 1
@idim 206 1
7 206 1
@type 207 1
7 207 0
6 199 
7 200 0
7 201 1
7 202 [4]
$0,1,2*-1
7 203 [4]
$4*0
7 204 [4]
$3FF,BFF,2*3FF
7 205 0
7 206 0
7 207 0
6 199 
7 200 4
7 201 1
7 202 [4]
$1,2,2*-1
7 203 [4]
$4*0
7 204 [4]
$3FF,BFF,2*3FF
7 205 1
7 206 0
7 207 0
6 199 
7 200 2
7 201 1
7 202 [4]
$2,3,2*-1
7 203 [4]
$4*0
7 204 [4]
$3FF,BFF,2*3FF
7 205 0
7 206 0
7 207 0
6 199 
7 200 7
7 201 0
7 202 [4]
$3,6,2*-1
7 203 [4]
$2*1,2*0
7 204 [4]
$3FF,BFF,2*3FF
7 205 1
7 206 3
7 207 0
6 199 
7 200 3
7 201 1
7 202 [4]
$3,0,2*-1
7 203 [4]
$2*1,2*0
7 204 [4]
$3FF,BFF,2*3FF
7 205 0
7 206 0
7 207 0
6 199 
7 200 6
7 201 0
7 202 [4]
$2,3,2*-1
7 203 [4]
$2*1,2*0
7 204 [4]
$3FF,BFF,2*3FF
7 205 -1
7 206 2
7 207 0
6 199 
7 200 1
7 201 0
7 202 [4]
$1,2,2*-1
7 203 [4]
$2*1,2*0
7 204 [4]
$3FF,BFF,2*3FF
7 205 0
7 206 0
7 207 0
@formula_ptr 208 1
5 208 [8]
$0,1,2,3,4,5,6,7
@qind 209 1
5 209 -1
@totalpointid 210 1
5 210 8
@checkarcs_flag 211 1
5 211 1
@location 212 0
5 212 ->
@id 213 1
6 213 0
@param 214 2
6 214 0
@type 215 1
6 215 0
@nsket_info 216 0
5 216 ->
@scale 217 2
6 217 0
@m 218 1
6 218 0
@last_was_permanent 219 1
6 219 0
@unsolved_ptr 220 0
5 220 ->
@iges_file 221 10
6 221 NULL
@solve_version 222 1
5 222 1
@segdscr_tab 223 0
5 223 [6]
6 223 
@ent_mode 224 1
7 224 0
6 223 
7 224 0
6 223 
7 224 0
6 223 
7 224 0
6 223 
7 224 0
6 223 
7 224 0
@skamp_ptr 225 0
5 225 [10]
6 225 
@id 226 1
7 226 0
@type 227 1
7 227 2
@flags 228 1
7 228 0
@status 229 1
7 229 3
@items 230 0
7 230 [1]
8 230 
@ent_id 231 1
9 231 0
@sense 232 1
9 232 0
6 225 
7 226 1
7 227 0
7 228 0
7 229 3
7 230 [2]
8 230 
9 231 1
9 232 2
8 230 
9 231 0
9 232 3
6 225 
7 226 2
7 227 1
7 228 0
7 229 3
7 230 [1]
8 230 
9 231 1
9 232 0
6 225 
7 226 3
7 227 0
7 228 0
7 229 3
7 230 [2]
8 230 
9 231 2
9 232 2
8 230 
9 231 1
9 232 3
6 225 
7 226 4
7 227 2
7 228 0
7 229 3
7 230 [1]
8 230 
9 231 2
9 232 0
6 225 
7 226 5
7 227 0
7 228 0
7 229 3
7 230 [2]
8 230 
9 231 3
9 232 2
8 230 
9 231 2
9 232 3
6 225 
7 226 6
7 227 0
7 228 0
7 229 3
7 230 [2]
8 230 
9 231 3
9 232 3
8 230 
9 231 0
9 232 2
6 225 
7 226 7
7 227 1
7 228 0
7 229 3
7 230 [1]
8 230 
9 231 3
9 232 0
6 225 
7 226 8
7 227 2
7 228 0
7 229 3
7 230 [1]
8 230 
9 231 4
9 232 0
6 225 
7 226 9
7 227 1
7 228 0
7 229 3
7 230 [1]
8 230 
9 231 5
9 232 0
@gsec3d_ptr 233 0
4 233 ->
@type 234 1
5 234 7
@name 235 10
5 235 S2D0005
@flip 236 1
5 236 1
@own_ref_id 237 1
5 237 -1
@first_chain_ptr 238 0
5 238 NULL
@quilt_id 239 1
5 239 -1
@plane_id 240 1
5 240 9
@plane_flip 241 1
5 241 -1
@ref_planes 242 0
5 242 [2]
6 242 
@plane_id 243 1
7 243 2
@ref_type 244 1
7 244 5
@ext_ref_id 245 1
7 245 -1
@seg_id 246 1
7 246 4
@flip_flag 247 1
7 247 0
@save_entity_ptr(line) 248 0
7 248 ->
@type 249 1
8 249 32770
@id 250 1
8 250 0
@gen_info 251 0
8 251 
9 183 8
@end1 252 2
8 252 [3]
$3*0
@end2 253 2
8 253 [3]
$0,C059,0
@back_entity_ptr(line) 254 0
7 254 ->
8 249 32770
8 250 0
8 251 
9 183 8
8 252 [3]
$3*0
8 253 [3]
$0,C059,0
6 242 
7 243 6
7 244 5
7 245 -1
7 246 5
7 247 0
7 248 ->
8 249 32770
8 250 0
8 251 
9 183 8
8 252 [3]
$3*0
8 253 [3]
$C059,2*0
7 254 ->
8 249 32770
8 250 0
8 251 
9 183 8
8 252 [3]
$3*0
8 253 [3]
$C059,2*0
@order_ptr 255 0
4 255 [4]
5 255 
@id 256 1
6 256 0
@flip 257 1
6 257 34
5 255 
6 256 1
6 257 0
5 255 
6 256 2
6 257 0
5 255 
6 256 3
6 257 4
@dim_id_tab 258 1
4 258 [4]
$0,1,2,5
@attributes 259 1
4 259 0
@xsec_id 260 1
4 260 -1
@gsec_info_arr 261 0
4 261 [1]
5 261 
@application_type 262 1
6 262 2
@application_id 263 1
6 263 1
@secsolve_revnum 264 1
4 264 0
@rel_accuracy 265 2
4 265 BFF
@p_saved_result 266 0
4 266 ->
@entity(line) 267 0
5 267 ->
6 250 0
6 251 
6 252 [3]
$C01,C008,0
6 253 [3]
$C01,4018,0
5 267 ->
6 250 1
6 251 
6 252 [3]
$C01,4018,0
6 253 [3]
$4014,4018,0
5 267 ->
6 250 2
6 251 
6 252 [3]
$4014,4018,0
6 253 [3]
$4014,C008,0
5 267 ->
6 250 3
6 251 
6 252 [3]
$4014,C008,0
6 253 [3]
$C01,C008,0
5 267 ->
6 249 32770
6 250 4
6 251 
7 183 8
6 252 [3]
$3*0
6 253 [3]
$0,C059,0
5 267 ->
6 249 32770
6 250 5
6 251 
7 183 8
6 252 [3]
$3*0
6 253 [3]
$C059,2*0
@local_sys 268 2
5 268 [4][3]
$3FF,2*0
$2*0,3FF
$0,BFF,0
$3*0
2 127 -1
2 128 NULL
2 129 NULL
2 143 [3]
$1,5,8
2 130 ->
@crv_type 269 0
3 269 [12]
4 269 
@p_crv 270 1
5 270 11
@crv_type 271 1
5 271 7
4 269 
5 270 12
5 271 7
4 269 
5 270 13
5 271 7
4 269 
5 270 14
5 271 7
4 269 
5 270 16
5 271 7
4 269 
5 270 17
5 271 7
4 269 
5 270 18
5 271 7
4 269 
5 270 19
5 271 7
4 269 
5 270 21
5 271 7
4 269 
5 270 23
5 271 7
4 269 
5 270 25
5 271 7
4 269 
5 270 27
5 271 7
3 131 0
3 132 0
3 133 [2][3]
$3*0
$3*0
3 134 0
3 135 NULL
3 136 -1
2 137 -1
2 138 NULL
2 139 7
2 140 ->
@revnums 272 0
3 272 [2]
4 272 ->
@owner_type 273 1
5 273 4
@owner_ind 274 1
5 274 0
@ref_id 275 1
5 275 0
@ref_revnum 276 1
5 276 1
4 272 ->
5 273 4
5 274 0
5 275 1
5 276 1
3 141 1
1 142 ->
2 50 29
2 51 1
2 52 ->
3 53 -1
3 54 923
3 55 NULL
3 56 0
3 57 [3]
$3,2*0
3 58 0
3 59 -1
3 60 -1
3 61 ->
4 62 0
4 63 0
4 64 -1
4 65 970
4 66 -1
4 67 -1
4 68 0
4 69 0
4 70 0
4 71 0
3 72 0
2 73 -1
2 74 no_name
2 75 2
2 76 ->
3 77 [1][4]
$30,3*0
3 78 NULL
3 79 [18]
$6*-1,-16777217,3*-1,-536870913,-1,-1126176897,-2,-2097185,-2097665,-1,5
3 80 NULL
3 81 ->
4 82 160010
4 83 160010
2 84 
3 85 [1]
4 85 ->
5 86 34
5 87 30
5 88 29
5 89 -1
5 90 [2][2]
$2*0
$2*0
5 91 ->
6 92 [4][3]
$3FF,2*0
$2*0,3FF
$0,BFF,0
$3*0
5 93 NULL
5 94 0
5 95 1
5 96 [2][3]
$3*0
$3*0
2 97 NULL
2 98 ->
2 99 ->
3 100 [4][3]
$3FF,2*0
$2*0,3FF
$0,BFF,0
$3*0
3 101 [2]
4 101 ->
5 102 509
5 103 3FF
5 104 -1
5 105 -1
5 106 4
5 107 30
5 108 0
5 109 0
5 110 32768
5 111 [2]
6 111 ->
7 112 1
7 113 ->
8 114 -4
8 115 5
8 116 0
6 111 ->
7 112 6
7 117 ->
8 118 [1]
9 118 -100
4 101 ->
5 102 511
5 103 3FF
5 104 -1
5 105 -1
5 106 22
5 107 30
5 108 0
5 109 0
5 110 32768
5 111 [2]
6 111 ->
7 112 1
7 113 ->
8 114 -4
8 115 5
8 116 0
6 111 ->
7 112 6
7 117 ->
8 118 [1]
9 118 -100
3 119 -1
3 120 1
3 121 [1]
4 121 
5 122 11
5 123 0
5 124 [4][3]
$3FF,2*0
$2*0,3FF
$0,BFF,0
$3*0
2 125 NULL
2 126 30
2 127 -1
2 128 NULL
2 129 NULL
2 143 [2]
$3,7
2 130 ->
3 131 10
3 132 0
3 133 [2][3]
$C01,C004,C018
$4014,4004,4008
3 134 402B597EA47FDDA3
3 135 NULL
3 136 -1
2 137 -1
2 138 NULL
2 139 0
2 140 ->
3 141 2
1 142 ->
2 50 28
2 51 1
2 52 ->
3 53 -1
3 54 942
3 55 NULL
3 56 1024
3 57 [3]
$134217728,65536,0
3 58 0
3 59 991
3 60 -1
3 61 ->
4 62 0
4 63 0
4 64 -1
4 65 -1
4 66 -1
4 67 -1
4 68 0
4 69 0
4 70 0
4 71 0
3 72 0
2 73 -1
2 74 no_name
2 75 2
2 76 ->
3 77 [18][4]
$31,204,2*0
$36,203,2*0
$41,200,4,0
$43,200,7,0
$45,200,6,0
$47,200,5,0
$49,2017,32,0
$50,2017,33,0
$51,2017,34,0
$52,2017,35,0
$53,2017,42,0
$54,2017,37,1
$55,2017,44,1
$56,2017,38,1
$57,2017,46,1
$58,2017,39,1
$59,2017,48,1
$60,2017,40,1
3 144 [12][6]
$32,221,4,3*0
$33,221,7,3*0
$34,221,6,3*0
$35,221,5,3*0
$37,222,4,3*0
$38,222,7,3*0
$39,222,6,3*0
$40,222,5,3*0
$42,303,4,0,5,0
$44,303,7,0,4,43
$46,303,6,0,7,45
$48,303,5,0,6,47
@misc_id_tab 277 0
3 277 [1]
4 277 
@misc_hist 278 1
5 278 [5]
$61,200,28,-1,501
3 145 [1]
4 145 
5 146 30
5 147 -1
3 78 ->
@new_quilts 279 1
4 279 [1]
5 279 61
4 148 36
3 79 [18]
$6*-1,-16777217,3*-1,-536870913,-1,-1126176897,-2,-2097185,-2097665,-1,5
3 80 NULL
3 81 ->
4 82 160010
4 83 160010
2 84 
3 85 [18]
4 85 ->
5 86 34
5 87 31
5 88 28
5 89 -1
5 90 [2][2]
$C01,C008
$4014,4018
5 91 ->
6 92 [4][3]
$3FF,2*0
$2*0,3FF
$0,BFF,0
$0,BF8C013E68F61426,0
5 93 NULL
5 94 36
5 95 -1
5 96 [2][3]
$0,BF8C013E68F61426,0
$0,BF8C013E68F61426,0
4 85 ->
5 86 34
5 87 36
5 88 28
5 89 0
5 90 [2][2]
$C01,C008
$4014,4018
5 91 ->
6 92 [4][3]
$3FF,2*0
$2*0,3FF
$0,BFF,0
$3*0
5 93 ->
6 149 37
6 150 1
6 151 [2][2]
$C01,C008
$4014,4018
5 152 NULL
5 94 0
5 95 1
5 96 [2][3]
$C01,0,C018
$4014,0,4008
4 85 ->
5 86 34
5 87 41
5 88 28
5 89 -1
5 90 [2][2]
$2*0
$4022,3F8C013E68F61426
5 91 ->
6 92 [4][3]
$3FF,2*0
$0,3FF,0
$2*0,3FF
$C01,BF8C013E68F61426,4008
5 93 NULL
5 94 43
5 95 1
5 96 [2][3]
$0,BF8C013E68F61426,0
$0,BF8C013E68F61426,0
4 85 ->
5 86 34
5 87 43
5 88 28
5 89 -1
5 90 [2][2]
$2*0
$4022,3F8C013E68F61426
5 91 ->
6 92 [4][3]
$2*0,3FF
$0,3FF,0
$BFF,2*0
$4014,BF8C013E68F61426,4008
5 93 NULL
5 94 45
5 95 1
5 96 [2][3]
$0,BF8C013E68F61426,0
$0,BF8C013E68F61426,0
4 85 ->
5 86 34
5 87 45
5 88 28
5 89 -1
5 90 [2][2]
$2*0
$4022,3F8C013E68F61426
5 91 ->
6 92 [4][3]
$BFF,2*0
$0,3FF,0
$2*0,BFF
$4014,BF8C013E68F61426,C018
5 93 NULL
5 94 47
5 95 1
5 96 [2][3]
$0,BF8C013E68F61426,0
$0,BF8C013E68F61426,0
4 85 ->
5 86 34
5 87 47
5 88 28
5 89 -1
5 90 [2][2]
$2*0
$4022,3F8C013E68F61426
5 91 ->
6 92 [4][3]
$2*0,BFF
$0,3FF,0
$3FF,2*0
$C01,BF8C013E68F61426,C018
5 93 NULL
5 94 0
5 95 1
5 96 [2][3]
$0,BF8C013E68F61426,0
$0,BF8C013E68F61426,0
4 85 ->
5 86 34
5 87 49
5 88 28
5 89 6
5 90 [2][2]
$C010000000112E0C,C008000000225C18
$4014000000112E0C,3E112E0BE826D695
5 91 ->
6 92 [4][3]
$3FF,2*0
$0,3FF,0
$2*0,3FF
$2*0,BF8C013E68F61426
5 93 NULL
5 94 0
5 95 1
5 96 [2][3]
$3*0
$3*0
4 85 ->
5 86 34
5 87 50
5 88 28
5 89 6
5 90 [2][2]
$BE112E0BE826D695,C008000000225C18
$4014000000112E0C,4018000000112E0C
5 91 ->
6 92 [4][3]
$3FF,2*0
$0,3FF,0
$2*0,3FF
$2*0,BF8C013E68F61426
5 93 NULL
5 94 0
5 95 1
5 96 [2][3]
$3*0
$3*0
4 85 ->
5 86 34
5 87 51
5 88 28
5 89 6
5 90 [2][2]
$C010000000112E0C,BE112E0BE826D695
$4014000000112E0C,4018000000112E0C
5 91 ->
6 92 [4][3]
$3FF,2*0
$0,3FF,0
$2*0,3FF
$2*0,BF8C013E68F61426
5 93 NULL
5 94 0
5 95 1
5 96 [2][3]
$3*0
$3*0
4 85 ->
5 86 34
5 87 52
5 88 28
5 89 6
5 90 [2][2]
$C010000000112E0C,C008000000225C18
$3E112E0BE826D695,4018000000112E0C
5 91 ->
6 92 [4][3]
$3FF,2*0
$0,3FF,0
$2*0,3FF
$2*0,BF8C013E68F61426
5 93 NULL
5 94 0
5 95 1
5 96 [2][3]
$3*0
$3*0
4 85 ->
5 86 34
5 87 53
5 88 28
5 89 6
5 90 [2][2]
$2*BE112E0BE826D695
$3E112E0BE826D695,3F8C013E8B522BF6
5 91 ->
6 92 [4][3]
$3FF,2*0
$2*0,BFF
$0,3FF,0
$C01,C008,BF8C013E68F61426
5 93 NULL
5 94 0
5 95 1
5 96 [2][3]
$3*0
$3*0
4 85 ->
5 86 34
5 87 54
5 88 28
5 89 6
5 90 [2][2]
$2*BE112E0BE826D695
$4022000000089706,3F8C013E8B522BF6
5 91 ->
6 92 [4][3]
$3FF,2*0
$0,3FF,0
$2*0,3FF
$C01,BF8C013E68F61426,4008
5 93 NULL
5 94 0
5 95 1
5 96 [2][3]
$3*0
$3*0
4 85 ->
5 86 34
5 87 55
5 88 28
5 89 6
5 90 [2][2]
$2*BE112E0BE826D695
$4022000000089706,3F8C013E8B522BF6
5 91 ->
6 92 [4][3]
$3FF,2*0
$2*0,BFF
$0,3FF,0
$C01,C008,BF8C013E68F61426
5 93 NULL
5 94 0
5 95 1
5 96 [2][3]
$3*0
$3*0
4 85 ->
5 86 34
5 87 56
5 88 28
5 89 6
5 90 [2][2]
$2*BE112E0BE826D695
$4022000000089706,3F8C013E8B522BF6
5 91 ->
6 92 [4][3]
$2*0,3FF
$0,3FF,0
$BFF,2*0
$4014,BF8C013E68F61426,4008
5 93 NULL
5 94 0
5 95 1
5 96 [2][3]
$3*0
$3*0
4 85 ->
5 86 34
5 87 57
5 88 28
5 89 6
5 90 [2][2]
$2*BE112E0BE826D695
$4022000000089706,3F8C013E8B522BF6
5 91 ->
6 92 [4][3]
$2*0,3FF
$3FF,2*0
$0,3FF,0
$4014,C008,BF8C013E68F61426
5 93 NULL
5 94 0
5 95 1
5 96 [2][3]
$3*0
$3*0
4 85 ->
5 86 34
5 87 58
5 88 28
5 89 6
5 90 [2][2]
$2*BE112E0BE826D695
$4022000000089706,3F8C013E8B522BF6
5 91 ->
6 92 [4][3]
$BFF,2*0
$0,3FF,0
$2*0,BFF
$4014,BF8C013E68F61426,C018
5 93 NULL
5 94 0
5 95 1
5 96 [2][3]
$3*0
$3*0
4 85 ->
5 86 34
5 87 59
5 88 28
5 89 6
5 90 [2][2]
$2*BE112E0BE826D695
$4022000000089706,3F8C013E8B522BF6
5 91 ->
6 92 [4][3]
$BFF,2*0
$2*0,3FF
$0,3FF,0
$4014,4018,BF8C013E68F61426
5 93 NULL
5 94 0
5 95 1
5 96 [2][3]
$3*0
$3*0
4 85 ->
5 86 34
5 87 60
5 88 28
5 89 6
5 90 [2][2]
$2*BE112E0BE826D695
$4022000000089706,3F8C013E8B522BF6
5 91 ->
6 92 [4][3]
$2*0,BFF
$0,3FF,0
$3FF,2*0
$C01,BF8C013E68F61426,C018
5 93 NULL
5 94 0
5 95 1
5 96 [2][3]
$3*0
$3*0
3 153 [12]
4 153 ->
5 154 32
5 155 28
5 156 0
5 157 [2]
$1,-1
5 158 [2][4]
$C01,C008,2*0
$4014,C008,4022,0
5 159 0
5 160 41
5 161 33
5 162 42
5 163 49
5 164 0
4 153 ->
5 154 33
5 155 28
5 156 0
5 157 [2]
$1,-1
5 158 [2][4]
$4014,C008,2*0
$4014,4018,4022,0
5 159 0
5 160 43
5 161 34
5 162 44
5 163 50
5 164 0
4 153 ->
5 154 34
5 155 28
5 156 0
5 157 [2]
$1,-1
5 158 [2][4]
$4014,4018,2*0
$C01,4018,4022,0
5 159 0
5 160 45
5 161 35
5 162 46
5 163 51
5 164 0
4 153 ->
5 154 35
5 155 28
5 156 0
5 157 [2]
$1,-1
5 158 [2][4]
$C01,4018,2*0
$C01,C008,4022,0
5 159 0
5 160 47
5 161 32
5 162 48
5 163 52
5 164 0
4 153 ->
5 154 37
5 155 28
5 156 0
5 157 [2]
$-1,1
5 158 [2][4]
$C01,C008,0,3F8C013E68F61426
$4014,C008,4022,3F8C013E68F61426
5 159 36
5 160 0
5 161 40
5 162 44
5 163 0
5 164 54
4 153 ->
5 154 38
5 155 28
5 156 0
5 157 [2]
$-1,1
5 158 [2][4]
$4014,C008,0,3F8C013E68F61426
$4014,4018,4022,3F8C013E68F61426
5 159 36
5 160 0
5 161 37
5 162 46
5 163 0
5 164 56
4 153 ->
5 154 39
5 155 28
5 156 0
5 157 [2]
$-1,1
5 158 [2][4]
$4014,4018,0,3F8C013E68F61426
$C01,4018,4022,3F8C013E68F61426
5 159 36
5 160 0
5 161 38
5 162 48
5 163 0
5 164 58
4 153 ->
5 154 40
5 155 28
5 156 0
5 157 [2]
$-1,1
5 158 [2][4]
$C01,4018,0,3F8C013E68F61426
$C01,C008,4022,3F8C013E68F61426
5 159 36
5 160 0
5 161 39
5 162 42
5 163 0
5 164 60
4 153 ->
5 154 42
5 155 28
5 156 0
5 157 [2]
$1,-1
5 158 [2][4]
$2*0,4022,0
$0,3F8C013E68F61426,4022,3F8C013E68F61426
5 159 0
5 160 47
5 161 37
5 162 35
5 163 53
5 164 0
4 153 ->
5 154 44
5 155 28
5 156 0
5 157 [2]
$1,-1
5 158 [2][4]
$2*0,4022,0
$0,3F8C013E68F61426,4022,3F8C013E68F61426
5 159 43
5 160 0
5 161 38
5 162 32
5 163 0
5 164 55
4 153 ->
5 154 46
5 155 28
5 156 0
5 157 [2]
$1,-1
5 158 [2][4]
$2*0,4022,0
$0,3F8C013E68F61426,4022,3F8C013E68F61426
5 159 45
5 160 0
5 161 39
5 162 33
5 163 0
5 164 57
4 153 ->
5 154 48
5 155 28
5 156 0
5 157 [2]
$1,-1
5 158 [2][4]
$2*0,4022,0
$0,3F8C013E68F61426,4022,3F8C013E68F61426
5 159 47
5 160 0
5 161 40
5 162 34
5 163 0
5 164 59
@qlt_array 280 0
3 280 [1]
4 280 ->
@quilt_id 281 1
5 281 61
@data_type 282 1
5 282 57
@attr 283 1
5 283 -2013263863
@feat_id 284 1
5 284 28
@first_geom_ptr 285 1
5 285 36
@used_by_feat_id 286 1
5 286 -1
@next_quilt_ptr 287 1
5 287 90
2 97 NULL
2 98 ->
2 99 ->
3 100 [4][3]
$3FF,2*0
$2*0,3FF
$0,BFF,0
$3*0
3 101 [1]
4 101 ->
5 102 39
5 103 0
5 104 -1
5 105 -1
5 106 30
5 107 36
5 108 0
5 109 0
5 110 0
5 111 [2]
6 111 ->
7 112 1
7 113 ->
8 114 -4
8 115 5
8 116 0
6 111 ->
7 112 6
7 117 ->
8 118 [1]
9 118 -100
3 119 -1
3 120 0
3 121 [2]
4 121 
5 122 1
5 123 0
5 124 [4][3]
$0,BFF,0
$3FF,2*0
$2*0,3FF
$3*0
4 121 
5 122 12
5 123 0
5 124 [4][3]
$3FF,2*0
$2*0,3FF
$0,BFF,0
$3*0
2 125 NULL
2 126 36
2 165 [1]
3 165 
4 166 2
4 167 S2D0005
4 168 ->
5 169 S2D0005
5 170 [8]
6 170 
7 171 2
7 172 [3]
$1,2*0
7 173 [2]
$0,1
7 174 1
7 175 0
7 176 1
7 177 0
7 178 4
7 179 
7 180 
8 181 24
8 182 4
6 170 
7 171 2
7 172 [3]
$0,-1,0
7 173 [2]
$2,0
7 174 2
7 175 0
7 176 0
7 177 0
7 178 5
7 179 
7 180 
8 181 24
8 182 5
6 170 
7 171 2
7 172 [3]
$-1,2*0
7 173 [2]
$3,2
7 174 3
7 175 0
7 176 1
7 177 0
7 178 6
7 179 
7 180 
8 181 24
8 182 6
6 170 
7 171 2
7 172 [3]
$0,1,0
7 173 [2]
$1,3
7 174 0
7 175 0
7 176 0
7 177 0
7 178 7
7 179 
7 180 
8 181 24
8 182 7
6 170 
7 171 32770
7 172 [3]
$1,2*0
7 173 [2]
$4,5
7 174 5
7 175 0
7 176 1
7 177 0
7 178 0
7 179 
7 180 
8 181 0
8 182 -1
6 170 
7 171 32770
7 172 [3]
$0,-1,0
7 173 [2]
$6,7
7 174 7
7 175 0
7 176 0
7 177 0
7 178 1
7 179 
7 180 
8 181 0
8 182 -1
6 170 
7 171 32770
7 172 [3]
$-1,2*0
7 173 [2]
$8,9
7 174 9
7 175 0
7 176 1
7 177 0
7 178 2
7 179 
7 180 
8 181 0
8 182 -1
6 170 
7 171 32770
7 172 [3]
$0,1,0
7 173 [2]
$10,11
7 174 11
7 175 0
7 176 0
7 177 0
7 178 3
7 179 
7 180 
8 181 0
8 182 -1
5 184 [4]
6 184 
7 185 40
7 186 0
7 187 0
7 188 0
7 189 [2]
7 190 [2]
7 191 0
7 192 0
7 193 
8 194 [2]
$2*0
7 195 [2]
8 195 
9 196 4
9 197 4
9 198 [2]
$2*-1
8 195 
9 196 0
9 197 4
9 198 [2]
$2*-1
6 184 
7 185 40
7 186 0
7 187 0
7 188 0
7 189 [2]
7 190 [2]
7 191 0
7 192 1
7 193 
8 194 [2]
$2*0
7 195 [2]
8 195 
9 196 5
9 197 4
9 198 [2]
$2*-1
8 195 
9 196 1
9 197 4
9 198 [2]
$2*-1
6 184 
7 185 40
7 186 0
7 187 0
7 188 0
7 189 [2]
7 190 [2]
7 191 0
7 192 2
7 193 
8 194 [2]
$2*0
7 195 [2]
8 195 
9 196 6
9 197 4
9 198 [2]
$2*-1
8 195 
9 196 2
9 197 4
9 198 [2]
$2*-1
6 184 
7 185 40
7 186 0
7 187 0
7 188 0
7 189 [2]
7 190 [2]
7 191 0
7 192 3
7 193 
8 194 [2]
$2*0
7 195 [2]
8 195 
9 196 7
9 197 4
9 198 [2]
$2*-1
8 195 
9 196 3
9 197 4
9 198 [2]
$2*-1
5 199 [8]
6 199 
7 200 0
7 201 0
7 202 [4]
$0,4,2*-1
7 203 [4]
$4*0
7 204 [4]
$3FF,BFF,3FF,0
7 205 0
7 206 -1
7 207 0
6 199 
7 200 1
7 201 0
7 202 [4]
$0,4,2*-1
7 203 [4]
$2*1,2*0
7 204 [4]
$3FF,BFF,3FF,0
7 205 0
7 206 -1
7 207 0
6 199 
7 200 2
7 201 0
7 202 [4]
$1,5,2*-1
7 203 [4]
$4*0
7 204 [4]
$3FF,BFF,3FF,0
7 205 0
7 206 -1
7 207 0
6 199 
7 200 3
7 201 0
7 202 [4]
$1,5,2*-1
7 203 [4]
$2*1,2*0
7 204 [4]
$3FF,BFF,3FF,0
7 205 0
7 206 -1
7 207 0
6 199 
7 200 4
7 201 0
7 202 [4]
$2,6,2*-1
7 203 [4]
$4*0
7 204 [4]
$3FF,BFF,3FF,0
7 205 0
7 206 -1
7 207 0
6 199 
7 200 5
7 201 0
7 202 [4]
$2,6,2*-1
7 203 [4]
$2*1,2*0
7 204 [4]
$3FF,BFF,3FF,0
7 205 0
7 206 -1
7 207 0
6 199 
7 200 8
7 201 0
7 202 [4]
$3,8,2*-1
7 203 [4]
$4*0
7 204 [4]
$3FF,BFF,3FF,0
7 205 0
7 206 -1
7 207 0
6 199 
7 200 9
7 201 0
7 202 [4]
$3,8,2*-1
7 203 [4]
$2*1,2*0
7 204 [4]
$3FF,BFF,3FF,0
7 205 0
7 206 -1
7 207 0
5 208 [8]
$0,1,2,3,4,5,6,7
5 209 -1
5 210 12
5 211 1
5 212 ->
6 213 0
6 214 0
6 215 0
5 216 ->
6 217 0
6 218 0
6 219 0
5 220 ->
6 221 NULL
5 222 1
5 223 [8]
6 223 
7 224 0
6 223 
7 224 0
6 223 
7 224 0
6 223 
7 224 0
6 223 
7 224 0
6 223 
7 224 0
6 223 
7 224 0
6 223 
7 224 0
5 225 [16]
6 225 
7 226 0
7 227 1
7 228 0
7 229 3
7 230 [1]
8 230 
9 231 4
9 232 0
6 225 
7 226 1
7 227 0
7 228 0
7 229 3
7 230 [2]
8 230 
9 231 5
9 232 3
8 230 
9 231 4
9 232 2
6 225 
7 226 2
7 227 2
7 228 0
7 229 3
7 230 [1]
8 230 
9 231 5
9 232 0
6 225 
7 226 3
7 227 0
7 228 0
7 229 3
7 230 [2]
8 230 
9 231 6
9 232 3
8 230 
9 231 5
9 232 2
6 225 
7 226 4
7 227 1
7 228 0
7 229 3
7 230 [1]
8 230 
9 231 6
9 232 0
6 225 
7 226 5
7 227 0
7 228 0
7 229 3
7 230 [2]
8 230 
9 231 7
9 232 2
8 230 
9 231 4
9 232 3
6 225 
7 226 6
7 227 0
7 228 0
7 229 3
7 230 [2]
8 230 
9 231 7
9 232 3
8 230 
9 231 6
9 232 2
6 225 
7 226 7
7 227 2
7 228 0
7 229 3
7 230 [1]
8 230 
9 231 7
9 232 0
6 225 
7 226 8
7 227 1
7 228 0
7 229 3
7 230 [1]
8 230 
9 231 0
9 232 0
6 225 
7 226 9
7 227 2
7 228 0
7 229 3
7 230 [1]
8 230 
9 231 1
9 232 0
6 225 
7 226 10
7 227 1
7 228 0
7 229 3
7 230 [1]
8 230 
9 231 2
9 232 0
6 225 
7 226 11
7 227 2
7 228 0
7 229 3
7 230 [1]
8 230 
9 231 3
9 232 0
6 225 
7 226 12
7 227 3
7 228 0
7 229 0
7 230 [2]
8 230 
9 231 0
9 232 0
8 230 
9 231 4
9 232 3
6 225 
7 226 13
7 227 3
7 228 0
7 229 0
7 230 [2]
8 230 
9 231 1
9 232 0
8 230 
9 231 4
9 232 2
6 225 
7 226 14
7 227 3
7 228 0
7 229 0
7 230 [2]
8 230 
9 231 2
9 232 0
8 230 
9 231 5
9 232 2
6 225 
7 226 15
7 227 3
7 228 0
7 229 0
7 230 [2]
8 230 
9 231 3
9 232 0
8 230 
9 231 6
9 232 2
@triples_ptr 288 0
5 288 [16]
6 288 
@rel_id 289 1
7 289 20
@eqn_id 290 1
7 290 -1
@skamp_id 291 1
7 291 12
6 288 
7 289 -1
7 290 3
7 291 12
6 288 
7 289 21
7 290 -1
7 291 12
6 288 
7 289 -1
7 290 3
7 291 12
6 288 
7 289 22
7 290 -1
7 291 13
6 288 
7 289 -1
7 290 3
7 291 13
6 288 
7 289 23
7 290 -1
7 291 13
6 288 
7 289 -1
7 290 3
7 291 13
6 288 
7 289 24
7 290 -1
7 291 14
6 288 
7 289 -1
7 290 3
7 291 14
6 288 
7 289 25
7 290 -1
7 291 14
6 288 
7 289 -1
7 290 3
7 291 14
6 288 
7 289 26
7 290 -1
7 291 15
6 288 
7 289 -1
7 290 3
7 291 15
6 288 
7 289 27
7 290 -1
7 291 15
6 288 
7 289 -1
7 290 3
7 291 15
4 233 ->
5 234 7
5 235 S2D0005
5 236 1
5 237 -1
5 238 ->
@attributes 292 1
6 292 1
@ref_type 293 1
6 293 6
@ext_ref_id 294 1
6 294 -1
@ref_plane_indices 295 1
6 295 [4]
$0,1,2,3
@orig_seg_num 296 1
6 296 4
@latest_active_indices 297 1
6 297 [4]
$0,1,2,3
@next_chain_ptr 298 0
5 298 NULL
5 239 -1
5 240 30
5 241 1
5 242 [4]
6 242 
7 243 16
7 244 6
7 245 -1
7 246 4
7 247 2112
7 248 ->
8 249 32770
8 250 -1
8 251 
8 252 [3]
$C01,C008,0
8 253 [3]
$4014,C008,0
7 254 ->
8 249 32770
8 250 -1
8 251 
8 252 [3]
$C01,C008,0
8 253 [3]
$4014,C008,0
6 242 
7 243 19
7 244 6
7 245 -1
7 246 5
7 247 2112
7 248 ->
8 249 32770
8 250 -1
8 251 
8 252 [3]
$C01,4018,0
8 253 [3]
$C01,C008,0
7 254 ->
8 249 32770
8 250 -1
8 251 
8 252 [3]
$C01,4018,0
8 253 [3]
$C01,C008,0
6 242 
7 243 18
7 244 6
7 245 -1
7 246 6
7 247 2112
7 248 ->
8 249 32770
8 250 -1
8 251 
8 252 [3]
$4014,4018,0
8 253 [3]
$C01,4018,0
7 254 ->
8 249 32770
8 250 -1
8 251 
8 252 [3]
$4014,4018,0
8 253 [3]
$C01,4018,0
6 242 
7 243 17
7 244 6
7 245 -1
7 246 7
7 247 2112
7 248 ->
8 249 32770
8 250 -1
8 251 
8 252 [3]
$4014,C008,0
8 253 [3]
$4014,4018,0
7 254 ->
8 249 32770
8 250 -1
8 251 
8 252 [3]
$4014,C008,0
8 253 [3]
$4014,4018,0
4 255 [4]
5 255 
6 256 0
6 257 2
5 255 
6 256 3
6 257 0
5 255 
6 256 2
6 257 0
5 255 
6 256 1
6 257 4
4 258 [4]
$6,7,8,9
4 259 0
4 260 -1
4 261 [1]
5 261 
6 262 2
6 263 1
4 264 0
4 265 BFF
4 266 ->
5 267 ->
6 250 0
6 251 
6 252 [3]
$C01,C008,0
6 253 [3]
$4014,C008,0
5 267 ->
6 250 1
6 251 
6 252 [3]
$C01,4018,0
6 253 [3]
$C01,C008,0
5 267 ->
6 250 2
6 251 
6 252 [3]
$4014,4018,0
6 253 [3]
$C01,4018,0
5 267 ->
6 250 3
6 251 
6 252 [3]
$4014,C008,0
6 253 [3]
$4014,4018,0
5 267 ->
6 249 32770
6 250 4
6 251 
6 252 [3]
$C01,C008,0
6 253 [3]
$4014,C008,0
5 267 ->
6 249 32770
6 250 5
6 251 
6 252 [3]
$C01,4018,0
6 253 [3]
$C01,C008,0
5 267 ->
6 249 32770
6 250 6
6 251 
6 252 [3]
$4014,4018,0
6 253 [3]
$C01,4018,0
5 267 ->
6 249 32770
6 250 7
6 251 
6 252 [3]
$4014,C008,0
6 253 [3]
$4014,4018,0
5 268 [4][3]
$3FF,2*0
$2*0,3FF
$0,BFF,0
$3*0
2 127 -1
2 128 NULL
2 129 NULL
2 143 [2]
$7,29
2 130 ->
3 269 [8]
4 269 
5 270 32
5 271 7
4 269 
5 270 33
5 271 7
4 269 
5 270 34
5 271 7
4 269 
5 270 35
5 271 7
4 269 
5 270 42
5 271 7
4 269 
5 270 44
5 271 7
4 269 
5 270 46
5 271 7
4 269 
5 270 48
5 271 7
3 131 10
3 132 0
3 133 [2][3]
$C01,C004,C018
$4014,4004,4008
3 134 402B597EA47FDDA3
3 135 NULL
3 136 -1
2 137 -1
2 138 NULL
2 139 5
2 140 ->
3 272 [4]
4 272 ->
5 273 4
5 274 0
5 275 0
5 276 7
4 272 ->
5 273 4
5 274 0
5 275 1
5 276 7
4 272 ->
5 273 4
5 274 0
5 275 2
5 276 7
4 272 ->
5 273 4
5 274 0
5 275 3
5 276 7
3 141 1
1 142 ->
2 50 63
2 51 1
2 52 ->
3 53 -1
3 54 935
3 55 NULL
3 56 0
3 57 [3]
$1,2*0
3 58 0
3 59 -1
3 60 -1
3 61 ->
4 62 0
4 63 0
4 64 -1
4 65 -1
4 66 -1
4 67 -1
4 68 0
4 69 0
4 70 0
4 71 0
3 72 0
2 73 -1
2 74 no_name
2 75 2
2 76 ->
3 77 [14][4]
$64,250,2,0
$65,250,4,0
$66,250,6,0
$67,250,10,0
$68,250,15,0
$69,250,20,0
$70,250,22,0
$71,250,24,0
$72,250,26,0
$85,250,36,0
$91,2017,86,1
$92,2017,87,1
$93,2017,88,1
$94,2017,89,1
3 144 [16][6]
$73,286,11,2*0,67
$74,286,12,2*0,67
$75,286,13,2*0,67
$76,286,14,2*0,67
$77,286,16,2*0,69
$78,286,17,2*0,70
$79,286,18,2*0,71
$80,286,19,2*0,72
$81,286,21,2*0,69
$82,286,23,2*0,70
$83,286,25,2*0,71
$84,286,27,2*0,72
$86,286,37,3*0
$87,286,38,3*0
$88,286,39,3*0
$89,286,40,3*0
3 277 [1]
4 277 
5 278 [5]
$90,206,61,-1,501
3 78 NULL
3 79 [18]
$6*-1,-16777217,3*-1,-536870913,-1,-1126176897,-2,-2097185,-2097665,-1,5
3 80 NULL
3 81 ->
4 82 160010
4 83 160010
2 84 
3 85 [11]
4 85 ->
5 86 34
5 87 67
5 88 63
5 89 0
5 90 [2][2]
$C01,C008
$4014,4018
5 91 ->
6 92 [4][3]
$3FF,2*0
$2*0,3FF
$0,BFF,0
$0,C004,0
5 93 ->
6 149 73
6 150 1
6 151 [2][2]
$C01,C008
$4014,4018
5 152 NULL
5 94 68
5 95 -1
5 96 [2][3]
$C01,C004,C018
$4014,C004,4008
4 85 ->
5 86 34
5 87 68
5 88 63
5 89 0
5 90 [2][2]
$C01,C008
$4014,4018
5 91 ->
6 92 [4][3]
$3FF,2*0
$2*0,3FF
$0,BFF,0
$0,4004,0
5 93 ->
6 149 77
6 150 1
6 151 [2][2]
$C01,C008
$4014,4018
5 152 NULL
5 94 69
5 95 1
5 96 [2][3]
$C01,4004,C018
$4014,4004,4008
4 85 ->
5 86 34
5 87 69
5 88 63
5 89 1
5 90 [2][2]
$2*0
$4022,4014
5 91 ->
6 92 [4][3]
$3FF,2*0
$0,3FF,0
$2*0,3FF
$C01,C004,4008
5 93 ->
6 149 73
6 150 1
6 151 [2][2]
$2*0
$4022,4014
5 152 NULL
5 94 70
5 95 1
5 96 [2][3]
$C01,C004,4008
$4014,4004,4008
4 85 ->
5 86 34
5 87 70
5 88 63
5 89 1
5 90 [2][2]
$2*0
$4022,4014
5 91 ->
6 92 [4][3]
$2*0,3FF
$0,3FF,0
$BFF,2*0
$4014,C004,4008
5 93 ->
6 149 74
6 150 1
6 151 [2][2]
$2*0
$4022,4014
5 152 NULL
5 94 71
5 95 1
5 96 [2][3]
$4014,C004,C018
$4014,4004,4008
4 85 ->
5 86 34
5 87 71
5 88 63
5 89 1
5 90 [2][2]
$2*0
$4022,4014
5 91 ->
6 92 [4][3]
$BFF,2*0
$0,3FF,0
$2*0,BFF
$4014,C004,C018
5 93 ->
6 149 75
6 150 1
6 151 [2][2]
$2*0
$4022,4014
5 152 NULL
5 94 72
5 95 1
5 96 [2][3]
$C01,C004,C018
$4014,4004,C018
4 85 ->
5 86 34
5 87 72
5 88 63
5 89 1
5 90 [2][2]
$2*0
$4022,4014
5 91 ->
6 92 [4][3]
$2*0,BFF
$0,3FF,0
$3FF,2*0
$C01,C004,C018
5 93 ->
6 149 76
6 150 1
6 151 [2][2]
$2*0
$4022,4014
5 152 NULL
5 94 0
5 95 1
5 96 [2][3]
$C01,C004,C018
$C01,4004,4008
4 85 ->
5 86 34
5 87 85
5 88 63
5 89 0
5 90 [2][2]
$C01,C008
$4014,4018
5 91 ->
6 92 [4][3]
$3FF,2*0
$2*0,3FF
$0,BFF,0
$3*0
5 93 ->
6 149 86
6 150 1
6 151 [2][2]
$C01,C008
$4014,4018
5 152 NULL
5 94 0
5 95 1
5 96 [2][3]
$C01,0,C018
$4014,0,4008
4 85 ->
5 86 34
5 87 91
5 88 63
5 89 6
5 90 [2][2]
$2*BE112E0BE826D695
$4022000000089706,3F8C013E8B522BF6
5 91 ->
6 92 [4][3]
$3FF,2*0
$0,3FF,0
$2*0,3FF
$C01,BF8C013E68F61426,4008
5 93 NULL
5 94 0
5 95 1
5 96 [2][3]
$3*0
$3*0
4 85 ->
5 86 34
5 87 92
5 88 63
5 89 6
5 90 [2][2]
$2*BE112E0BE826D695
$4022000000089706,3F8C013E8B522BF6
5 91 ->
6 92 [4][3]
$2*0,3FF
$0,3FF,0
$BFF,2*0
$4014,BF8C013E68F61426,4008
5 93 NULL
5 94 0
5 95 1
5 96 [2][3]
$3*0
$3*0
4 85 ->
5 86 34
5 87 93
5 88 63
5 89 6
5 90 [2][2]
$2*BE112E0BE826D695
$4022000000089706,3F8C013E8B522BF6
5 91 ->
6 92 [4][3]
$BFF,2*0
$0,3FF,0
$2*0,BFF
$4014,BF8C013E68F61426,C018
5 93 NULL
5 94 0
5 95 1
5 96 [2][3]
$3*0
$3*0
4 85 ->
5 86 34
5 87 94
5 88 63
5 89 6
5 90 [2][2]
$2*BE112E0BE826D695
$4022000000089706,3F8C013E8B522BF6
5 91 ->
6 92 [4][3]
$2*0,BFF
$0,3FF,0
$3FF,2*0
$C01,BF8C013E68F61426,C018
5 93 NULL
5 94 0
5 95 1
5 96 [2][3]
$3*0
$3*0
3 153 [16]
4 153 ->
5 154 73
5 155 63
5 156 0
5 157 [2]
$1,-1
5 158 [2][4]
$C01,C008,2*0
$4014,C008,4022,0
5 159 67
5 160 69
5 161 74
5 162 81
5 163 0
5 164 0
4 153 ->
5 154 74
5 155 63
5 156 0
5 157 [2]
$1,-1
5 158 [2][4]
$4014,C008,2*0
$4014,4018,4022,0
5 159 67
5 160 70
5 161 75
5 162 82
5 163 0
5 164 0
4 153 ->
5 154 75
5 155 63
5 156 0
5 157 [2]
$1,-1
5 158 [2][4]
$4014,4018,2*0
$C01,4018,4022,0
5 159 67
5 160 71
5 161 76
5 162 83
5 163 0
5 164 0
4 153 ->
5 154 76
5 155 63
5 156 0
5 157 [2]
$1,-1
5 158 [2][4]
$C01,4018,2*0
$C01,C008,4022,0
5 159 67
5 160 72
5 161 73
5 162 84
5 163 0
5 164 0
4 153 ->
5 154 77
5 155 63
5 156 0
5 157 [2]
$-1,1
5 158 [2][4]
$C01,C008,0,4014
$4014,C008,4022,4014
5 159 68
5 160 69
5 161 80
5 162 82
5 163 0
5 164 0
4 153 ->
5 154 78
5 155 63
5 156 0
5 157 [2]
$-1,1
5 158 [2][4]
$4014,C008,0,4014
$4014,4018,4022,4014
5 159 68
5 160 70
5 161 77
5 162 83
5 163 0
5 164 0
4 153 ->
5 154 79
5 155 63
5 156 0
5 157 [2]
$-1,1
5 158 [2][4]
$4014,4018,0,4014
$C01,4018,4022,4014
5 159 68
5 160 71
5 161 78
5 162 84
5 163 0
5 164 0
4 153 ->
5 154 80
5 155 63
5 156 0
5 157 [2]
$-1,1
5 158 [2][4]
$C01,4018,0,4014
$C01,C008,4022,4014
5 159 68
5 160 72
5 161 79
5 162 81
5 163 0
5 164 0
4 153 ->
5 154 81
5 155 63
5 156 0
5 157 [2]
$1,-1
5 158 [2][4]
$2*0,4022,0
$0,4014,4022,4014
5 159 69
5 160 72
5 161 77
5 162 76
5 163 0
5 164 0
4 153 ->
5 154 82
5 155 63
5 156 0
5 157 [2]
$1,-1
5 158 [2][4]
$2*0,4022,0
$0,4014,4022,4014
5 159 70
5 160 69
5 161 78
5 162 73
5 163 0
5 164 0
4 153 ->
5 154 83
5 155 63
5 156 0
5 157 [2]
$1,-1
5 158 [2][4]
$2*0,4022,0
$0,4014,4022,4014
5 159 71
5 160 70
5 161 79
5 162 74
5 163 0
5 164 0
4 153 ->
5 154 84
5 155 63
5 156 0
5 157 [2]
$1,-1
5 158 [2][4]
$2*0,4022,0
$0,4014,4022,4014
5 159 72
5 160 71
5 161 80
5 162 75
5 163 0
5 164 0
4 153 ->
5 154 86
5 155 63
5 156 0
5 157 [2]
$-1,1
5 158 [2][4]
$C01,C008,0,3F8C013E68F61426
$4014,C008,4022,3F8C013E68F61426
5 159 85
5 160 0
5 161 89
5 162 44
5 163 0
5 164 91
4 153 ->
5 154 87
5 155 63
5 156 0
5 157 [2]
$-1,1
5 158 [2][4]
$4014,C008,0,3F8C013E68F61426
$4014,4018,4022,3F8C013E68F61426
5 159 85
5 160 0
5 161 86
5 162 46
5 163 0
5 164 92
4 153 ->
5 154 88
5 155 63
5 156 0
5 157 [2]
$-1,1
5 158 [2][4]
$4014,4018,0,3F8C013E68F61426
$C01,4018,4022,3F8C013E68F61426
5 159 85
5 160 0
5 161 87
5 162 48
5 163 0
5 164 93
4 153 ->
5 154 89
5 155 63
5 156 0
5 157 [2]
$-1,1
5 158 [2][4]
$C01,4018,0,3F8C013E68F61426
$C01,C008,4022,3F8C013E68F61426
5 159 85
5 160 0
5 161 88
5 162 42
5 163 0
5 164 94
3 280 [1]
4 280 ->
5 281 90
5 282 57
5 283 -2139062208
5 284 63
5 285 85
5 286 -1
5 287 0
2 97 NULL
2 98 ->
2 99 ->
3 100 [4][3]
$3FF,2*0
$0,3FF,0
$2*0,3FF
$3*0
3 119 0
3 120 0
2 125 NULL
2 126 -1
2 127 -1
2 128 NULL
2 129 ->
@attributes 299 1
3 299 16579
@tail_feat_id 300 1
3 300 63
@hdr_ptr 301 0
3 301 ->
@object_name 302 0
4 302 
@object_type 303 1
5 303 2
@name 304 10
5 304 MOLD_DIE_BLOCK
@simpl_rep 305 0
5 305 NULL
@new_ids 306 1
4 306 [95]
$2*-1,64,-1,65,-1,66,3*-1,67,73,74,75,76,68,77,78,79,80,69,81,70,82,71,83,
$72,84,8*-1,85,86,87,88,89,20*-1,90,33*-1
@first_geom_id 307 1
4 307 67
@base_feat_id 308 1
4 308 -1
@first_quilt_id 309 1
4 309 90
@outline 310 2
4 310 [2][3]
$C01,C004,C018
$4014,4004,4008
@ref_revnum 311 1
4 311 125
2 130 ->
@qlt_next 312 0
3 312 [1]
4 312 
@p_quilt 313 1
5 313 61
@next_quilt 314 1
5 314 0
3 131 10
3 132 61
3 133 [2][3]
$C01,C004,C018
$4014,4004,4008
3 134 402B597EA47FDDA3
3 135 NULL
3 136 -1
2 137 -1
2 138 NULL
2 139 3
2 140 ->
3 272 [1]
4 272 ->
5 273 3
5 274 -1
5 275 -1
5 276 -1
@memb_tab_revnums 315 1
5 315 [1]
6 315 0
3 141 0
1 142 ->
2 50 104
2 51 0
2 52 ->
3 53 -1
3 54 979
3 55 NULL
3 56 0
3 57 [3]
$3*0
3 58 0
3 59 -1
3 60 -1
3 61 ->
4 62 0
4 63 0
4 64 -1
4 65 -1
4 66 -1
4 67 -1
4 68 0
4 69 0
4 70 0
4 71 1
3 72 0
2 73 -1
2 74 no_name
2 75 2
@entity(coord_sys) 316 0
2 316 ->
@type 317 1
3 317 18
@id 318 1
3 318 105
@gen_info 319 0
3 319 
@color 320 1
4 320 1
@sys_type 321 1
3 321 -1
@pnt_type 322 1
3 322 -1
@radius 323 2
3 323 0
@local_sys 324 2
3 324 [4][3]
$3FF,2*0
$2*0,3FF
$0,BFF,0
$3*0
@feat_id 325 1
3 325 104
@entity(text) 326 0
2 326 ->
@text_type 327 1
3 327 34
@text_value 328 10
3 328 CS0
@txt_attrib 329 1
3 329 1
@coord 330 2
3 330 [3]
$407C8491CB27D9C5,407613EFC72B4C3C,4045A7BEE82E126F
@owner_id 331 1
3 331 105
@part_id 332 1
3 332 0
@height 333 2
3 333 BFF
@width_factor 334 2
3 334 BFF
@format_info 335 0
3 335 
@thickness 336 2
3 336 BFF
2 76 ->
3 277 [1]
4 277 
5 278 [5]
$105,534,0,-1,500
3 78 NULL
3 79 [18]
$3*-1,-2049,2*-1,-16777217,3*-1,-536870913,-1,-1126176897,-2,-2097185,
$-2097665,-1,13
3 80 NULL
3 81 ->
4 82 160010
4 83 160010
2 84 
2 97 NULL
2 98 ->
2 99 ->
3 100 [4][3]
$3FF,2*0
$2*0,3FF
$0,BFF,0
$3*0
3 101 [5]
4 101 ->
5 102 1240
5 103 0
5 104 -1
5 105 -1
5 106 2
5 107 -1
5 108 0
5 109 0
5 110 0
5 111 [1]
6 111 ->
7 112 6
7 117 ->
8 118 [1]
9 118 -100
4 101 ->
5 102 1240
5 103 0
5 104 -1
5 105 -1
5 106 6
5 107 -1
5 108 0
5 109 0
5 110 0
5 111 [1]
6 111 ->
7 112 6
7 117 ->
8 118 [1]
9 118 -100
4 101 ->
5 102 1240
5 103 0
5 104 -1
5 105 -1
5 106 4
5 107 -1
5 108 0
5 109 0
5 110 0
5 111 [1]
6 111 ->
7 112 6
7 117 ->
8 118 [1]
9 118 -100
4 101 ->
5 102 1270
5 103 3FF
5 104 -1
5 105 -1
5 106 -1
5 107 -1
5 108 0
5 109 0
5 110 0
5 111 [1]
6 111 ->
7 112 6
7 117 ->
8 118 [1]
9 118 -100
4 101 ->
5 102 1271
5 103 C
5 104 -1
5 105 -1
5 106 -1
5 107 -1
5 108 0
5 109 0
5 110 0
5 111 [1]
6 111 ->
7 112 6
7 117 ->
8 118 [1]
9 118 -100
3 119 -1
3 120 0
3 121 [1]
4 121 
5 122 10
5 123 0
5 124 [4][3]
$3FF,2*0
$2*0,3FF
$0,BFF,0
$3*0
2 125 NULL
2 126 -1
2 127 -1
2 128 NULL
2 129 NULL
2 143 [3]
$1,3,5
2 130 NULL
2 137 -1
2 138 NULL
2 139 1
2 140 ->
3 141 5
1 142 NULL
@assem_mass_prop_ptr 337 0
1 337 NULL
@mass_prop_ptr 338 0
1 338 ->
@type 339 1
2 339 0
@density 340 2
2 340 0
@init_dens 341 5
2 341 0
@rel_density 342 2
2 342 0
@init_rel_dens 343 5
2 343 0
@aver_density 344 2
2 344 0
@vrevnum 345 1
2 345 -1
@volume 346 2
2 346 0
@cg 347 2
2 347 [3]
$3*0
@inertia 348 2
2 348 [3][3]
$3*0
$3*0
$3*0
@eps 349 2
2 349 0
@surfarea 350 2
2 350 0
@assign_mp_ptr 351 0
1 351 NULL
@tol_default_ptr 352 0
1 352 ->
@type 353 1
2 353 10
@value 354 2
2 354 [7]
$0,3FB9R,3F847AE147AE147B,3F50624DD2F1A9FC,3F1A36E2EB1C432D,
$3EE4F8B588E368F1,3EB0C6F7A0B5ED8E
@ang_value 355 2
2 355 [7]
$0,6*3FE
@standard 356 1
2 356 0
@iso_tol_tbls_ptr 357 0
2 357 NULL
@ref_part_table 358 0
1 358 [1]
2 358 ->
@name 359 10
3 359 REEL_HOUSING
@id 360 1
3 360 0
@type 361 1
3 361 1
@revnum 362 1
3 362 -1
@memb_id_tab 363 1
3 363 [1]
4 363 1
@dep_id 364 1
3 364 -1
@attributes 365 1
3 365 0
@simpl_rep 366 0
3 366 NULL
@first_xsec_ptr 367 0
1 367 NULL
@datum_count 368 1
1 368 0
@axis_count 369 1
1 369 0
@insert_layer_id 370 1
1 370 -1
@layer_count 371 1
1 371 2
@layer_list 372 0
1 372 [9]
2 372 
@feat_id 373 1
3 373 1
@layer_id 374 1
3 374 0
@back_layer_id 375 1
3 375 0
2 372 
3 373 3
3 374 0
3 375 0
2 372 
3 373 5
3 374 0
3 375 0
2 372 
3 373 8
3 374 0
3 375 0
2 372 
3 373 7
3 374 0
3 375 0
2 372 
3 373 29
3 374 0
3 375 0
2 372 
3 373 28
3 374 0
3 375 0
2 372 
3 373 63
3 374 0
3 375 0
2 372 
3 373 104
3 374 1
3 375 0
@lang_ptr 376 0
1 376 ->
@interact_on 377 1
2 377 -1
@first_csys_ptr 378 0
1 378 NULL
@color_prop_ptr 379 0
1 379 ->
@color_tab 380 0
2 380 [1]
3 380 
@maximum 381 2
4 381 [3]
$0,3FF,0
@ambient 382 2
4 382 3FECR
@diffuse 383 2
4 383 3FECR
@specular 384 2
4 384 3FE9R
@spec_coef 385 2
4 385 3FE
@transmission 386 2
4 386 0
@threshold 387 1
4 387 90
@gl_ind 388 1
4 388 0
@surf_ind_tab 389 0
2 389 [1]
3 389 
@surf_id 390 1
4 390 -1
@surf_color_inds 391 1
4 391 [2]
$0,-1
@fem_data 392 0
1 392 NULL
@rel_part_eps 393 2
1 393 3F53A92A30553261
@names_table 394 0
1 394 [7]
2 394 ->
@id 395 1
3 395 2
@type 396 1
3 396 5
@name 397 10
3 397 DTM1
2 394 ->
3 395 4
3 396 5
3 397 DTM2
2 394 ->
3 395 6
3 396 5
3 397 DTM3
2 394 ->
3 395 64
3 396 5
3 397 DTM4
2 394 ->
3 395 65
3 396 5
3 397 DTM5
2 394 ->
3 395 66
3 396 5
3 397 DTM6
2 394 ->
3 395 105
3 396 25
3 397 CS0
@drv_tbl_ptr 398 0
1 398 NULL
@assembled_count 399 1
1 399 1
@part_type 400 1
1 400 1
@mat_name_ptr 401 10
1 401 NULL
@first_ent_id 402 1
1 402 523072
@first_view_id 403 1
1 403 0
@outline 404 2
1 404 [2][3]
$C01,C004,C018
$4014,4004,4008
@dim_num 405 1
1 405 10
@dim_array 406 0
1 406 [10]
2 406 ->
@type 407 1
3 407 8
@dim_type 408 1
3 408 1
@feat_id 409 1
3 409 7
@attributes 410 1
3 410 289
@dim_dat_ptr 411 0
3 411 ->
@value 412 2
4 412 4022
@bck_value 413 2
4 413 4022
@tol_ptr 414 0
4 414 ->
@type 415 1
5 415 9
@tol_type 416 1
5 416 4
@dual_digits_diff 417 1
5 417 999
@value 418 2
5 418 [2]
$2*3F847AE147AE147B
@nominal_value 419 2
4 419 4022
@bound 420 1
4 420 20
@bck_bound 421 1
4 421 -1
@bck_tol_ptr 422 0
4 422 ->
@value 423 2
5 423 [2]
$2*3F847AE147AE147B
@datum_def_id 424 1
4 424 -1
@places_denom 425 1
4 425 2
@bck_places_denom 426 1
4 426 2
@dim_data_attrib 427 1
4 427 0
@dim_cosm_ptr 428 0
3 428 ->
@d0 429 2
4 429 3FEB9AED839148F4
@d1 430 2
4 430 4055B348B976B6C4
@d2 431 2
4 431 3FEB9AED839148F4
@d3 432 2
4 432 403B1E00DE07CE4R
@ord_info 433 0
4 433 NULL
@attach_ptr 434 0
3 434 NULL
@dim_text_ptr 435 0
3 435 ->
@symbol 436 10
4 436 d0
@parent_dim_id 437 1
3 437 -1
2 406 ->
3 407 8
3 408 5
3 409 7
3 410 289
3 411 ->
4 412 401
4 413 401
4 414 ->
5 415 9
5 416 4
5 417 999
5 418 [2]
$2*3F847AE147AE147B
4 419 401
4 420 20
4 421 -1
4 422 ->
5 423 [2]
$2*3F847AE147AE147B
4 424 -1
4 425 2
4 426 2
4 427 0
3 428 ->
4 429 3FCC2713E769090D
4 430 4043A3EA3F17392
4 431 3FD8C848E017364E
4 432 403B1E00DE07CE4R
4 433 NULL
3 434 NULL
3 435 ->
4 436 d1
3 437 -1
2 406 ->
3 407 8
3 408 1
3 409 7
3 410 289
3 411 ->
4 412 4022
4 413 4022
4 414 ->
5 415 9
5 416 4
5 417 999
5 418 [2]
$2*3F847AE147AE147B
4 419 4022
4 420 20
4 421 -1
4 422 ->
5 423 [2]
$2*3F847AE147AE147B
4 424 -1
4 425 2
4 426 2
4 427 0
3 428 ->
4 429 405DACC4CDE1BCF1
4 430 3FE1EEE3B3A921A2
4 431 3FDC223898ADBCBD
4 432 403B1E00DE07CE4R
4 433 NULL
3 434 NULL
3 435 ->
4 436 d2
3 437 -1
2 406 NULL
2 406 ->
3 407 8
3 408 62
3 409 7
3 410 385
3 411 ->
4 412 4014
4 413 4014
4 414 ->
5 415 9
5 416 4
5 417 999
5 418 [2]
$2*3F847AE147AE147B
4 419 4014
4 420 20
4 421 -1
4 422 ->
5 423 [2]
$2*3F847AE147AE147B
4 424 -1
4 425 2
4 426 2
4 427 0
3 428 ->
4 429 0
4 430 0
4 431 0
4 432 0
4 433 NULL
3 434 NULL
3 435 ->
4 436 d4
3 437 -1
2 406 ->
3 407 8
3 408 5
3 409 7
3 410 289
3 411 ->
4 412 4008
4 413 4008
4 414 ->
5 415 9
5 416 4
5 417 999
5 418 [2]
$2*3F847AE147AE147B
4 419 4008
4 420 20
4 421 -1
4 422 ->
5 423 [2]
$2*3F847AE147AE147B
4 424 -1
4 425 2
4 426 2
4 427 0
3 428 ->
4 429 4043CD5168A408C5
4 430 3FD0095292FCACCD
4 431 3FE40BA737BBD8
4 432 403B1E00DE07CE43
4 433 NULL
3 434 NULL
3 435 ->
4 436 d5
3 437 -1
2 406 ->
3 407 8
3 408 40
3 409 28
3 410 32
3 411 ->
4 412 0
4 413 0
4 414 ->
5 415 9
5 416 4
5 417 999
5 418 [2]
$2*3F847AE147AE147B
4 419 0
4 420 20
4 421 -1
4 422 ->
5 423 [2]
$2*3F847AE147AE147B
4 424 -1
4 425 2
4 426 2
4 427 0
3 428 ->
4 429 0
4 430 0
4 431 0
4 432 0
4 433 NULL
3 434 NULL
3 435 ->
4 436 d6
3 437 -1
2 406 ->
3 407 8
3 408 40
3 409 28
3 410 32
3 411 ->
4 412 0
4 413 0
4 414 ->
5 415 9
5 416 4
5 417 999
5 418 [2]
$2*3F847AE147AE147B
4 419 0
4 420 20
4 421 -1
4 422 ->
5 423 [2]
$2*3F847AE147AE147B
4 424 -1
4 425 2
4 426 2
4 427 0
3 428 ->
4 429 0
4 430 0
4 431 0
4 432 0
4 433 NULL
3 434 NULL
3 435 ->
4 436 d7
3 437 -1
2 406 ->
3 407 8
3 408 40
3 409 28
3 410 32
3 411 ->
4 412 0
4 413 0
4 414 ->
5 415 9
5 416 4
5 417 999
5 418 [2]
$2*3F847AE147AE147B
4 419 0
4 420 20
4 421 -1
4 422 ->
5 423 [2]
$2*3F847AE147AE147B
4 424 -1
4 425 2
4 426 2
4 427 0
3 428 ->
4 429 0
4 430 0
4 431 0
4 432 0
4 433 NULL
3 434 NULL
3 435 ->
4 436 d8
3 437 -1
2 406 ->
3 407 8
3 408 40
3 409 28
3 410 32
3 411 ->
4 412 0
4 413 0
4 414 ->
5 415 9
5 416 4
5 417 999
5 418 [2]
$2*3F847AE147AE147B
4 419 0
4 420 20
4 421 -1
4 422 ->
5 423 [2]
$2*3F847AE147AE147B
4 424 -1
4 425 2
4 426 2
4 427 0
3 428 ->
4 429 0
4 430 0
4 431 0
4 432 0
4 433 NULL
3 434 NULL
3 435 ->
4 436 d9
3 437 -1
@ipar_num 438 1
1 438 0
@relpar_sets 439 0
1 439 [1]
2 439 
@id 440 1
3 440 -1
@type 441 1
3 441 2
@ext_ref_id 442 1
3 442 -1
@relatnum 443 1
3 443 0
@unit_arr 444 0
1 444 [2]
2 444 
@type 445 1
3 445 1
@factor 446 2
3 446 3FF
@name 447 10
3 447 INCH
@unit_type 448 1
3 448 0
2 444 
3 445 2
3 446 3FF
3 447 POUND
3 448 1
@geom_lib_ptr 449 0
1 449 NULL
@first_quilt_ptr 450 1
1 450 61
@attrib_array 451 1
1 451 [2]
$2*0
@smt_info_ptr 452 0
1 452 NULL
@cable_info_ptr 453 0
1 453 NULL
@comp_info_ptr 454 0
1 454 NULL
@max_part_size 455 2
1 455 402B597EA47FDDA3
@prt_misc_ptr 456 0
1 456 ->
@shrink_data_ptr 457 0
2 457 NULL
@layer_array 458 0
1 458 [1]
2 458 ->
@id 459 1
3 459 62
@type 460 1
3 460 117
@user_id 461 1
3 461 0
@weird_wline_ptr 462 0
3 462 ->
@weird_wline 463 10
4 463 DTMS
@layer_objects 464 0
3 464 [4]
4 464 
@type 465 1
5 465 3
@ids 466 1
5 466 [3]
$1,3,5
4 464 
5 465 62
4 464 
5 465 144
4 464 
5 465 145
@saved_operation 467 1
3 467 1
@expld_mv_info 468 0
1 468 NULL
@state_info_ptr 469 0
1 469 NULL
@alumni_feats 470 0
1 470 NULL
@model_name 471 10
1 471 MOLD_DIE_BLOCK
@p_mdl_grid 472 0
1 472 NULL
@mdl_status_ptr 473 0
1 473 NULL
@cfg_states 474 0
1 474 NULL
@disp_outl_info 475 0
1 475 
@disp_outline 476 2
2 476 [2][3]
$C0104603D390A37F,C0048C07A72146FE,C0184603D390A37F
$40144603D390A37F,40048C07A72146FE,40088C07A72146FE
@ribbon_info_ptr 477 0
1 477 NULL
@p_xref_data 478 0
1 478 ->
@View 479 0
0 479 ->
@id 480 1
1 480 0
@viewattr 481 0
1 481 
@attr_arr 482 1
2 482 [4]
$1,3*0
@mpoint 483 0
1 483 
@id 484 1
2 484 0
@coord 485 2
2 485 [3]
$3FE,0,BFF8
@first_instr_ptr 486 0
2 486 NULL
@attach_ptr 487 0
2 487 NULL
@vpoint 488 0
1 488 
2 484 0
2 485 [3]
$407F4,407A5E,0
2 486 NULL
2 487 NULL
@orient 489 2
1 489 [4][4]
$3FED7954E7DBA2F8,0,3FD8EC3AE92B676B,0
$BFD385CE5246572,3FE3E43A9692E21C,3FE7167619F550A2,0
$BFCEFC077F3F36A6,BFE91103985DA841,3FE25240DD3851BF,0
$3*0,3FF
@local_sys 490 2
1 490 [4][4]
$404E08C5A952B8ER,0,403965857BDC6B84,0
$C033E4D1121F1356,40444508DD3D3A69,404786D2751EAE9A,0
$C02F92D2303F8E5A,C0498B012F191414,4042AB6ADA18C8E,0
$407BE491CB27D9C5,407593EFC72B4C3C,4045A7BEE82E126F,3FF
@first_instr_ptr 491 0
1 491 ->
@type 492 1
2 492 100
@geom_id 493 1
2 493 -1
@view_id 494 1
2 494 -1
@memb_num 495 1
2 495 0
@offset 496 2
2 496 0
@matrix 497 0
2 497 NULL
@next_instr_ptr 498 0
1 498 NULL
@outer_xsec_index 499 1
1 499 -1
@next_view_id 500 1
1 500 -2
@simp_rep_id 501 1
1 501 0
@name 502 10
1 502 no name
@matrix 503 2
1 503 [4][4]
$3FF,3*0
$0,3FF,2*0
$2*0,3FF,0
$3*0,3FF
@fit_outline 504 2
1 504 [2][3]
$4059,405518,C0797736EAA060C1
$408C2,4087BB,40797736EAA060C2
@det_info_ptr 505 0
1 505 NULL
@named_view_pzmatr 506 0
1 506 NULL
@page_id 507 1
1 507 0
@model_name 508 10
1 508 NULL
@unrep_model_name 509 10
1 509 NULL
@assem_merge_parts 510 0
0 510 ->
#END_OF_UGC
