#UGC:2 PART 888 360 0 1 1 15 1600 9601 \
#- VERS 0 0                                                          \
#- HOST                                                              \
#- LINK                                                              \
#- DBID                                                              \
#- REVS 0,                                                           \
#- RELL 0,                                                           \
#- UOBJ_ID 823376121 311879648 1762216442                            \
#-END_OF_UGC_HEADER
#P_OBJECT 6
@P_object 1 0
0 1 ->
@dep_db 2 0
1 2 ->
@usr_rev 3 0
1 3 [3]
2 3 
@name 4 10
3 4 BAUERLE
@mod_time 5 0
3 5 
@tm_sec 6 1
4 6 6
@tm_min 7 1
4 7 51
@tm_hour 8 1
4 8 12
@tm_mday 9 1
4 9 29
@tm_mon 10 1
4 10 10
@tm_year 11 1
4 11 95
@action 12 1
3 12 1000
@comment 13 10
3 13 Hostname: 'buckle'
@rel_level 14 10
3 14 
@rev_string 15 10
3 15 
2 3 
3 4 USER
3 5 
4 6 17
4 7 22
4 8 14
4 9 9
4 10 11
4 11 95
3 12 1000
3 13 Hostname: 'arran'
3 14 
3 15 
2 3 
3 4 BAUERLE
3 5 
4 6 21
4 7 35
4 8 19
4 9 3
4 10 1
4 11 96
3 12 1000
3 13 Hostname: 'buckle'
3 14 
3 15 
@revnum_std 16 1
1 16 1661
@flag 17 1
1 17 0
@name 18 10
1 18 NULL
@inst_hidden 19 1
1 19 0
@old_name 20 10
1 20 NULL
@user_symbols 21 0
1 21 [2]
2 21 ->
@class 22 1
3 22 1
@access 23 1
3 23 0
@changed 24 1
3 24 0
@copy_of_generic 25 1
3 25 0
@name 26 10
3 26 COST
@value 27 0
3 27 
@type 28 1
4 28 50
@value(d_val) 29 2
4 29 0
2 21 ->
3 22 1
3 23 0
3 24 0
3 25 0
3 26 VENDOR
3 27 
4 28 51
@value(s_val) 30 10
4 30 inhouse
@appl_data 31 0
1 31 ->
@bounding_box 32 2
2 32 [2][3]
$BFFD19R,BFE0734C0A67272,BFEF3E97F06A87AE
$3FF25996D607037D,3FEE416808990ED2,3FF21184E79D99B9
@uobj_id 33 0
1 33 NULL
#END_OF_P_OBJECT
#Pro/ENGINEER  TM  Version G-01-18  (c) 1988-95 by Parametric Technology Corporation  All Rights Reserved. 9601
@Solid 34 0
0 34 ->
@tab_key 35 1
1 35 0
@tab_key_struct 36 0
1 36 ->
@tab_key_ptr 37 0
2 37 [87]
@cmprs_tabkey 38 0
2 38 NULL
@type 39 1
1 39 2
@revnum_ptr 40 0
1 40 ->
@geom_revnum 41 1
2 41 1425
@cosm_revnum 42 1
2 42 247
@first_member_ptr 43 0
1 43 NULL
@alumni_members 44 0
1 44 NULL
@frst_geom_ptr 45 1
1 45 0
@first_feat_ptr 46 0
1 46 ->
@id 47 1
2 47 1
@indep_attributes 48 1
2 48 1
@feat_type_ptr 49 0
2 49 ->
@table_id 50 1
3 50 -1
@type 51 1
3 51 923
@feattype_key 52 10
3 52 NULL
@form 53 1
3 53 0
@attributes 54 1
3 54 [3]
$0,262144,0
@placement 55 1
3 55 0
@intersection 56 1
3 56 -1
@internal_udf_type 57 1
3 57 -1
@param_choice_ptr 58 0
3 58 ->
@blend_choice 59 1
4 59 0
@depth_choice 60 1
4 60 0
@angle_choice 61 1
4 61 -1
@pat_choice 62 1
4 62 -1
@round_choice 63 1
4 63 -1
@subsec_choice 64 1
4 64 -1
@sweep_choice 65 1
4 65 0
@dome_choice 66 1
4 66 0
@draft_choice 67 1
4 67 0
@misc_choice 68 1
4 68 0
@assoc_type 69 1
3 69 0
@symbol_key 70 1
2 70 -1
@sect_name 71 10
2 71 DTM1
@model_type 72 1
2 72 2
@idtab_ptr 73 0
2 73 ->
@srf_id_arr 74 1
3 74 [1][4]
$2,3*0
@save_geoms 75 0
3 75 NULL
@cr_flags_xar 76 1
3 76 [20]
$3*-1,-2049,2*-1,-16777217,3*-1,-536870913,-1,-1126176897,-2,-2097185,
$-35652097,16383,3*0
@cvt_feat_dat 77 0
3 77 NULL
@feat_dates_ptr 78 0
3 78 ->
@creat_date 79 1
4 79 160007
@regen_date 80 1
4 80 160007
@geometry 81 0
2 81 
@srf_array 82 0
3 82 [1]
4 82 ->
@geom_type 83 1
5 83 34
@geom_id 84 1
5 84 2
@feat_id 85 1
5 85 1
@boundary_type 86 1
5 86 1
@envlp 87 2
5 87 [2][2]
$BFD4D4BB9650D5F6,BFEF3E97F06A87AE
$3FEE416808990ED2,3FEF3E97F06A87AE
@srf_prim_ptr(plane) 88 0
5 88 ->
@local_sys 89 2
6 89 [4][3]
$2*0,3FF
$3FF,2*0
$0,3FF,0
$3*0
@frst_cntr_ptr 90 0
5 90 NULL
@next_geom_ptr 91 1
5 91 0
@orient 92 1
5 92 1
@outline 93 2
5 93 [2][3]
$0,BFD4D4BB9650D5F6,BFEF3E97F06A87AE
$0,3FEE416808990ED1,3FEF3E97F06A87AE
@group_info_ptr 94 0
2 94 NULL
@intrs_pairs_ptr 95 0
2 95 ->
@place_rec_ptr 96 0
2 96 ->
@local_sys 97 2
3 97 [4][3]
$2*0,3FF
$3FF,2*0
$0,3FF,0
$3*0
@place_instruction_ptrs 98 0
3 98 [1]
4 98 ->
@type 99 1
5 99 513
@offset 100 2
5 100 0
@dim_id 101 1
5 101 -1
@ref_id 102 1
5 102 -1
@geometry1_id 103 1
5 103 -1
@geometry2_id 104 1
5 104 2
@memb_num1 105 1
5 105 0
@memb_num2 106 1
5 106 0
@attr 107 1
5 107 32768
@plin_info_arr 108 0
5 108 [2]
6 108 ->
@type 109 1
7 109 1
@data(plin_info_ref) 110 0
7 110 ->
@id_type1 111 1
8 111 -4
@id_type2 112 1
8 112 5
@offset2 113 2
8 113 0
6 108 ->
7 109 6
@data(plin_info_ui_step) 114 0
7 114 ->
@step_ids 115 1
8 115 [1]
9 115 -100
@own_ref_id 116 1
3 116 -1
@orient 117 1
3 117 1
@trf_arr 118 0
3 118 [1]
4 118 
@type 119 1
5 119 11
@idx 120 1
5 120 0
@transf 121 2
5 121 [4][3]
$2*0,3FF
$3FF,2*0
$0,3FF,0
$3*0
@next_prop 122 0
2 122 NULL
@first_geom_id 123 1
2 123 2
@cond_tbl_idx 124 1
2 124 -1
@comment 125 10
2 125 NULL
@merge_info_ptr 126 0
2 126 NULL
@topology_increment 127 0
2 127 ->
@first_geom 128 1
3 128 0
@first_quilt 129 1
3 129 0
@outline 130 2
3 130 [2][3]
$3*0
$3*0
@max_part_size 131 2
3 131 0
@xform_increment 132 0
3 132 NULL
@roll_back_id 133 1
3 133 -1
@state_ind 134 1
2 134 -1
@alumni_info 135 0
2 135 NULL
@revnum 136 1
2 136 1
@rev_rec 137 0
2 137 ->
@num_plins 138 1
3 138 1
@next_feat_ptr 139 0
1 139 ->
2 47 3
2 48 1
2 49 ->
3 50 -1
3 51 923
3 52 NULL
3 53 0
3 54 [3]
$0,262144,0
3 55 0
3 56 -1
3 57 -1
3 58 ->
4 59 0
4 60 0
4 61 -1
4 62 -1
4 63 -1
4 64 -1
4 65 0
4 66 0
4 67 0
4 68 0
3 69 0
2 70 -1
2 71 DTM2
2 72 2
2 73 ->
3 74 [1][4]
$4,3*0
3 75 NULL
3 76 [20]
$3*-1,-2049,2*-1,-16777217,3*-1,-536870913,-1,-1126176897,-2,-2097185,
$-35652097,16383,3*0
3 77 NULL
3 78 ->
4 79 160007
4 80 160007
2 81 
3 82 [1]
4 82 ->
5 83 34
5 84 4
5 85 3
5 86 1
5 87 [2][2]
$BFEF3E97F06A87AE,BFF867F9BDC4011
$3FEF3E97F06A87AE,3FF1BF5339305165
5 88 ->
6 89 [4][3]
$0,3FF,0
$2*0,3FF
$3FF,2*0
$3*0
5 90 NULL
5 91 0
5 92 1
5 93 [2][3]
$BFF867F9BDC4011,0,BFEF3E97F06A87AE
$3FF1BF5339305164,0,3FEF3E97F06A87AE
2 94 NULL
2 95 ->
2 96 ->
3 97 [4][3]
$0,3FF,0
$2*0,3FF
$3FF,2*0
$3*0
3 98 [1]
4 98 ->
5 99 514
5 100 0
5 101 -1
5 102 -1
5 103 -1
5 104 4
5 105 0
5 106 0
5 107 32768
5 108 [2]
6 108 ->
7 109 1
7 110 ->
8 111 -4
8 112 5
8 113 0
6 108 ->
7 109 6
7 114 ->
8 115 [1]
9 115 -100
3 116 -1
3 117 1
3 118 [1]
4 118 
5 119 11
5 120 0
5 121 [4][3]
$0,3FF,0
$2*0,3FF
$3FF,2*0
$3*0
2 122 NULL
2 123 4
2 124 -1
2 125 NULL
2 126 NULL
2 127 ->
3 128 0
3 129 0
3 130 [2][3]
$3*0
$3*0
3 131 0
3 132 NULL
3 133 -1
2 134 -1
2 135 NULL
2 136 1
2 137 ->
3 138 1
1 139 ->
2 47 5
2 48 1
2 49 ->
3 50 -1
3 51 923
3 52 NULL
3 53 0
3 54 [3]
$3*0
3 55 0
3 56 -1
3 57 -1
3 58 ->
4 59 0
4 60 0
4 61 -1
4 62 -1
4 63 -1
4 64 -1
4 65 0
4 66 0
4 67 0
4 68 0
3 69 0
2 70 -1
2 71 DTM3
2 72 2
2 73 ->
3 74 [1][4]
$6,3*0
3 75 NULL
3 76 [20]
$3*-1,-2049,2*-1,-16777217,3*-1,-536870913,-1,-1126176897,-2,-2097185,
$-35652097,16383,3*0
3 77 NULL
3 78 ->
4 79 160007
4 80 160007
2 81 
3 82 [1]
4 82 ->
5 83 34
5 84 6
5 85 5
5 86 1
5 87 [2][2]
$BFF867F9BDC4011,BFD4D4BB9650D5F6
$3FF1BF5339305165,3FEE416808990ED2
5 88 ->
6 89 [4][3]
$3FF,2*0
$0,3FF,0
$2*0,3FF
$3*0
5 90 NULL
5 91 0
5 92 1
5 93 [2][3]
$BFF867F9BDC4011,BFD4D4BB9650D5F6,0
$3FF1BF5339305164,3FEE416808990ED1,0
2 94 NULL
2 95 ->
2 96 ->
3 97 [4][3]
$3FF,2*0
$0,3FF,0
$2*0,3FF
$3*0
3 98 [1]
4 98 ->
5 99 515
5 100 0
5 101 -1
5 102 -1
5 103 -1
5 104 6
5 105 0
5 106 0
5 107 32768
5 108 [2]
6 108 ->
7 109 1
7 110 ->
8 111 -4
8 112 5
8 113 0
6 108 ->
7 109 6
7 114 ->
8 115 [1]
9 115 -100
3 116 -1
3 117 1
3 118 [1]
4 118 
5 119 11
5 120 0
5 121 [4][3]
$3FF,2*0
$0,3FF,0
$2*0,3FF
$3*0
2 122 NULL
2 123 6
2 124 -1
2 125 NULL
2 126 NULL
2 127 ->
3 128 0
3 129 0
3 130 [2][3]
$3*0
$3*0
3 131 0
3 132 NULL
3 133 -1
2 134 -1
2 135 NULL
2 136 1
2 137 ->
3 138 1
1 139 ->
2 47 8
2 48 1
2 49 ->
3 50 -1
3 51 923
3 52 NULL
3 53 0
3 54 [3]
$3,2*0
3 55 0
3 56 -1
3 57 -1
3 58 ->
4 59 0
4 60 0
4 61 -1
4 62 970
4 63 -1
4 64 -1
4 65 0
4 66 0
4 67 0
4 68 0
3 69 0
2 70 -1
2 71 no_name
2 72 2
2 73 ->
3 74 [1][4]
$9,3*0
3 75 NULL
3 76 [20]
$3*-1,-2049,2*-1,-16777217,3*-1,-536870913,-1,-1126176897,-2,-2097185,
$-35652097,16383,3*0
3 77 NULL
3 78 ->
4 79 160012
4 80 160012
2 81 
3 82 [1]
4 82 ->
5 83 34
5 84 9
5 85 8
5 86 -1
5 87 [2][2]
$2*0
$2*0
5 88 ->
6 89 [4][3]
$3FF,2*0
$0,3FF,0
$2*0,3FF
$3*0
5 90 NULL
5 91 0
5 92 1
5 93 [2][3]
$3*0
$3*0
2 94 NULL
2 95 ->
2 96 ->
3 97 [4][3]
$3FF,2*0
$0,3FF,0
$2*0,3FF
$3*0
3 98 [2]
4 98 ->
5 99 509
5 100 3FF
5 101 -1
5 102 -1
5 103 6
5 104 9
5 105 0
5 106 0
5 107 32768
5 108 [2]
6 108 ->
7 109 1
7 110 ->
8 111 -4
8 112 5
8 113 0
6 108 ->
7 109 6
7 114 ->
8 115 [1]
9 115 -100
4 98 ->
5 99 510
5 100 3FF
5 101 -1
5 102 -1
5 103 4
5 104 9
5 105 0
5 106 0
5 107 32768
5 108 [2]
6 108 ->
7 109 1
7 110 ->
8 111 -4
8 112 5
8 113 0
6 108 ->
7 109 6
7 114 ->
8 115 [1]
9 115 -100
3 116 -1
3 117 1
3 118 [1]
4 118 
5 119 11
5 120 0
5 121 [4][3]
$3FF,2*0
$0,3FF,0
$2*0,3FF
$3*0
2 122 NULL
2 123 9
2 124 -1
2 125 NULL
2 126 NULL
@parent_table 140 1
2 140 [2]
$3,5
2 127 ->
3 128 0
3 129 0
3 130 [2][3]
$3*0
$3*0
3 131 0
3 132 NULL
3 133 -1
2 134 -1
2 135 NULL
2 136 0
2 137 ->
3 138 2
1 139 ->
2 47 7
2 48 1
2 49 ->
3 50 -1
3 51 949
3 52 NULL
3 53 0
3 54 [3]
$3*0
3 55 0
3 56 -1
3 57 -1
3 58 ->
4 59 0
4 60 0
4 61 -1
4 62 -1
4 63 -1
4 64 -1
4 65 0
4 66 0
4 67 0
4 68 1
3 69 0
2 70 -1
2 71 no_name
2 72 2
@entity(compcrv) 141 0
2 141 ->
@type 142 1
3 142 41
@id 143 1
3 143 10
@gen_info 144 0
3 144 
@always_1 145 1
3 145 1
@comprefs 146 0
3 146 [3]
4 146 
@component_ptr 147 1
5 147 11
@component_flip 148 1
5 148 1
@copied 149 1
5 149 1
4 146 
5 147 12
5 148 1
5 149 1
4 146 
5 147 13
5 148 1
5 149 1
@closed 150 1
3 150 0
@attributes 151 1
3 151 1
@entity(line) 152 0
2 152 ->
@id 153 1
3 153 13
@gen_info 154 0
3 154 
@color 155 1
4 155 13
@end1 156 2
3 156 [3]
$BFD3273A10DD666,3FD52DE8327236BC,0
@end2 157 2
3 157 [3]
$0,3FD3D70A3D70A3D7,0
2 152 ->
3 153 12
3 154 
4 155 13
3 156 [3]
$3FF178798A82F4F7,2*0
3 157 [3]
$BFD3273A10DD666,3FD52DE8327236BC,0
2 152 ->
3 153 11
3 154 
4 155 13
3 156 [3]
$BFED0F0CEAFA1612,2*0
3 157 [3]
$3FF178798A82F4F7,2*0
2 141 ->
3 142 41
3 143 76
3 144 
3 145 1
3 146 [4]
4 146 
5 147 77
5 148 1
5 149 1
4 146 
5 147 78
5 148 1
5 149 1
4 146 
5 147 79
5 148 1
5 149 1
4 146 
5 147 80
5 148 1
5 149 1
3 150 1
3 151 1
2 152 ->
3 153 80
3 154 
4 155 13
3 156 [3]
$BFF821200F16A4A2,BFAEB851EB851EB8,0
3 157 [3]
$BFED0F0CEAFA1612,BFAEB851EB851EB8,0
2 152 ->
3 153 79
3 154 
4 155 13
3 156 [3]
$BFF821200F16A4A2,3FAEB851EB851EB8,0
3 157 [3]
$BFF821200F16A4A2,BFAEB851EB851EB8,0
2 152 ->
3 153 78
3 154 
4 155 13
3 156 [3]
$BFED0F0CEAFA1612,3FAEB851EB851EB8,0
3 157 [3]
$BFF821200F16A4A2,3FAEB851EB851EB8,0
2 152 ->
3 153 77
3 154 
4 155 13
3 156 [3]
$BFED0F0CEAFA1612,BFAEB851EB851EB8,0
3 157 [3]
$BFED0F0CEAFA1612,3FAEB851EB851EB8,0
2 73 ->
@misc_id_tab 158 0
3 158 [9]
4 158 
@misc_hist 159 1
5 159 [5]
$10,550,-1,0,500
4 158 
5 159 [5]
$11,533,0,-1,500
4 158 
5 159 [5]
$12,533,1,-1,500
4 158 
5 159 [5]
$13,533,2,-1,500
4 158 
5 159 [5]
$76,550,-1,1,500
4 158 
5 159 [5]
$77,533,8,-1,500
4 158 
5 159 [5]
$78,533,9,-1,500
4 158 
5 159 [5]
$79,533,10,-1,500
4 158 
5 159 [5]
$80,533,11,-1,500
@dtm_id_tab 160 0
3 160 [1]
4 160 
@dtm_id 161 1
5 161 9
@dim_id 162 1
5 162 -1
3 75 NULL
3 76 [20]
$3*-1,-2049,2*-1,-16777217,3*-1,-536870913,-1,-1126176897,-2,-2097185,
$-35652097,16383,3*0
3 77 NULL
3 78 ->
4 79 160012
4 80 160014
2 81 
2 94 NULL
2 95 ->
2 96 ->
3 97 [4][3]
$3FF,2*0
$0,3FF,0
$2*0,3FF
$3*0
3 116 -1
3 117 0
3 118 [1]
4 118 
5 119 1
5 120 0
5 121 [4][3]
$3FF,2*0
$0,3FF,0
$2*0,3FF
$3*0
2 122 NULL
2 123 -1
@gsec_ptr 163 0
2 163 [1]
3 163 
@type 164 1
4 164 2
@name 165 10
4 165 S2D0002
@gsec2d_ptr 166 0
4 166 ->
@name 167 10
5 167 S2D0002
@segtab_ptr 168 0
5 168 [13]
6 168 
@type 169 1
7 169 2
@dir 170 1
7 170 [3]
$1,2*0
@pointid 171 1
7 171 [2]
$0,1
@cntrid 172 1
7 172 1
@arcorient 173 1
7 173 0
@verhor 174 1
7 174 1
@radius 175 1
7 175 0
@ext_id 176 1
7 176 0
@gen_info 177 0
7 177 
@known_ent_info 178 0
7 178 
@attr 179 1
8 179 0
@known_ent_id 180 1
8 180 -1
6 168 
7 169 2
7 170 [3]
$-1,1,0
7 171 [2]
$1,2
7 172 -1
7 173 0
7 174 -2
7 175 0
7 176 1
7 177 
7 178 
8 179 0
8 180 -1
6 168 
7 169 2
7 170 [3]
$2*1,0
7 171 [2]
$2,3
7 172 -1
7 173 0
7 174 3
7 175 0
7 176 2
7 177 
7 178 
8 179 0
8 180 -1
6 168 
7 169 1
7 170 [3]
$3*0
7 171 [2]
$2*0
7 172 3
7 173 0
7 174 0
7 175 0
7 176 5
7 177 
7 178 
8 179 0
8 180 -1
6 168 
7 169 1
7 170 [3]
$3*0
7 171 [2]
$2*0
7 172 2
7 173 0
7 174 0
7 175 0
7 176 6
7 177 
7 178 
8 179 0
8 180 -1
6 168 
7 169 1
7 170 [3]
$3*0
7 171 [2]
$2*0
7 172 1
7 173 0
7 174 0
7 175 0
7 176 7
7 177 
7 178 
8 179 0
8 180 -1
6 168 
7 169 2
7 170 [3]
$0,1,0
7 171 [2]
$4,5
7 172 5
7 173 0
7 174 0
7 175 0
7 176 8
7 177 
7 178 
8 179 0
8 180 -1
6 168 
7 169 2
7 170 [3]
$-1,2*0
7 171 [2]
$5,6
7 172 6
7 173 0
7 174 1
7 175 0
7 176 9
7 177 
7 178 
8 179 0
8 180 -1
6 168 
7 169 2
7 170 [3]
$0,-1,0
7 171 [2]
$6,7
7 172 7
7 173 0
7 174 0
7 175 0
7 176 10
7 177 
7 178 
8 179 0
8 180 -1
6 168 
7 169 2
7 170 [3]
$1,2*0
7 171 [2]
$7,4
7 172 0
7 173 0
7 174 1
7 175 0
7 176 11
7 177 
7 178 
8 179 0
8 180 -1
6 168 
7 169 65546
7 170 [3]
$3*0
7 171 [2]
$2*0
7 172 8
7 173 0
7 174 0
7 175 0
7 176 12
7 177 
@font 181 1
8 181 4
7 178 
8 179 0
8 180 -1
6 168 
7 169 32770
7 170 [3]
$0,-1,0
7 171 [2]
$9,10
7 172 10
7 173 0
7 174 0
7 175 0
7 176 3
7 177 
@attributes 182 1
8 182 8
7 178 
8 179 0
8 180 -1
6 168 
7 169 32770
7 170 [3]
$1,2*0
7 171 [2]
$11,12
7 172 12
7 173 0
7 174 1
7 175 0
7 176 4
7 177 
8 182 8
7 178 
8 179 0
8 180 -1
@dimtab_ptr 183 0
5 183 [11]
6 183 
@type 184 1
7 184 42
@value 185 2
7 185 0
@direct 186 1
7 186 0
@property 187 1
7 187 0
@leftpt 188 1
7 188 [2]
@rightpt 189 1
7 189 [2]
@offset 190 2
7 190 0
@ext_id 191 1
7 191 0
@dispdimattr 192 0
7 192 
@dimattr 193 1
8 193 [2]
$2082,0
@dim_ref 194 0
7 194 [2]
8 194 
@item_id 195 1
9 195 11
@sense 196 1
9 196 4
@point 197 1
9 197 [2]
$2*-1
8 194 
9 195 2
9 196 2
9 197 [2]
$2*-1
6 183 
7 184 42
7 185 0
7 186 0
7 187 0
7 188 [2]
7 189 [2]
7 190 0
7 191 1
7 192 
8 193 [2]
$2082,0
7 194 [2]
8 194 
9 195 12
9 196 4
9 197 [2]
$2*-1
8 194 
9 195 0
9 196 4
9 197 [2]
$2*-1
6 183 
7 184 1
7 185 3FF6E147AE147AE1
7 186 0
7 187 0
7 188 [2]
7 189 [2]
7 190 0
7 191 2
7 192 
8 193 [2]
$526370,0
7 194 [2]
8 194 
9 195 1
9 196 -1
9 197 [2]
$2*1
8 194 
9 195 -1
9 196 -1
9 197 [2]
$2*2
6 183 
7 184 1
7 185 3FD3R
7 186 0
7 187 0
7 188 [2]
7 189 [2]
7 190 0
7 191 3
7 192 
8 193 [2]
$2082,0
7 194 [2]
8 194 
9 195 2
9 196 -1
9 197 [2]
$2*2
8 194 
9 195 -1
9 196 -1
9 197 [2]
$2*3
6 183 
7 184 2
7 185 3FD3D70A3D70A3D7
7 186 0
7 187 0
7 188 [2]
7 189 [2]
7 190 0
7 191 4
7 192 
8 193 [2]
$2082,0
7 194 [2]
8 194 
9 195 12
9 196 0
9 197 [2]
$2*3
8 194 
9 195 2
9 196 2
9 197 [2]
$11,12
6 183 
7 184 1
7 185 4
7 186 0
7 187 0
7 188 [2]
7 189 [2]
7 190 0
7 191 6
7 192 
8 193 [2]
$526370,0
7 194 [2]
8 194 
9 195 0
9 196 -1
9 197 [2]
$2*0
8 194 
9 195 -1
9 196 -1
9 197 [2]
$2*1
6 183 
7 184 10
7 185 401291FF64A9D75D
7 186 0
7 187 0
7 188 [2]
7 189 [2]
7 190 0
7 191 7
7 192 
8 193 [2]
$2082,0
7 194 [2]
8 194 
9 195 2
9 196 6
9 197 [2]
$2*-1
8 194 
9 195 11
9 196 1
9 197 [2]
$2*-1
6 183 
7 184 1
7 185 3FE3R
7 186 0
7 187 0
7 188 [2]
7 189 [2]
7 190 0
7 191 8
7 192 
8 193 [2]
$526370,0
7 194 [2]
8 194 
9 195 9
9 196 -1
9 197 [2]
$2*7
8 194 
9 195 -1
9 196 -1
9 197 [2]
$2*4
6 183 
7 184 1
7 185 3FBEB851EB851EB8
7 186 0
7 187 0
7 188 [2]
7 189 [2]
7 190 0
7 191 9
7 192 
8 193 [2]
$526370,0
7 194 [2]
8 194 
9 195 8
9 196 -1
9 197 [2]
$2*6
8 194 
9 195 -1
9 196 -1
9 197 [2]
$2*7
6 183 
7 184 5
7 185 3FAEB851EB851EB8
7 186 0
7 187 0
7 188 [2]
7 189 [2]
7 190 0
7 191 10
7 192 
8 193 [2]
$2082,0
7 194 [2]
8 194 
9 195 0
9 196 -1
9 197 [2]
$0,1
8 194 
9 195 9
9 196 -1
9 197 [2]
$7,4
6 183 
7 184 3
7 185 3FE4CR
7 186 0
7 187 0
7 188 [2]
7 189 [2]
7 190 0
7 191 11
7 192 
8 193 [2]
$34,0
7 194 [2]
8 194 
9 195 10
9 196 -1
9 197 [2]
$2*-1
8 194 
9 195 -1
9 196 -1
9 197 [2]
$2*-1
@relat_ptr 198 0
5 198 [21]
6 198 
@id 199 1
7 199 0
@used 200 1
7 200 0
@a 201 1
7 201 [4]
$3,9,2*-1
@b 202 1
7 202 [4]
$4*0
@c 203 2
7 203 [4]
$3FF,BFF,3FF,0
@sign 204 1
7 204 0
@idim 205 1
7 205 -1
@type 206 1
7 206 0
6 198 
7 199 2
7 200 0
7 201 [4]
$0,11,2*-1
7 202 [4]
$2*1,2*0
7 203 [4]
$3FF,BFF,3FF,0
7 204 0
7 205 -1
7 206 0
6 198 
7 199 4
7 200 0
7 201 [4]
$1,11,2*-1
7 202 [4]
$2*1,2*0
7 203 [4]
$3FF,BFF,3FF,0
7 204 0
7 205 -1
7 206 0
6 198 
7 199 19
7 200 0
7 201 [4]
$3,11,2*-1
7 202 [4]
$2*1,2*0
7 203 [4]
$3FF,BFF,2*3FF
7 204 -1
7 205 4
7 206 0
6 198 
7 199 21
7 200 8
7 201 [4]
$2,11,2*-1
7 202 [4]
$1,2*-1,1
7 203 [4]
$2*3FF,0,BFF
7 204 1
7 205 6
7 206 1
6 198 
7 199 16
7 200 0
7 201 [4]
$2,3,2*-1
7 202 [4]
$2*0,2*1
7 203 [4]
$3FF,BFF,2*3FF
7 204 3
7 205 3
7 206 10
6 198 
7 199 17
7 200 0
7 201 [4]
$2,3,2*-1
7 202 [4]
$4*1
7 203 [4]
$3FF,BFF,2*3FF
7 204 3
7 205 3
7 206 10
6 198 
7 199 14
7 200 2
7 201 [4]
$1,2,2*-1
7 202 [4]
$2*1,2*0
7 203 [4]
$3FF,2*BFF,3FF
7 204 -2
7 205 2
7 206 10
6 198 
7 199 13
7 200 0
7 201 [4]
$1,2,2*-1
7 202 [4]
$4*0
7 203 [4]
$3FF,BFF,2*3FF
7 204 -2
7 205 2
7 206 10
6 198 
7 199 20
7 200 0
7 201 [4]
$0,1,2*-1
7 202 [4]
$4*0
7 203 [4]
$3FF,BFF,2*3FF
7 204 1
7 205 5
7 206 0
6 198 
7 199 24
7 200 1
7 201 [4]
$0,7,2*-1
7 202 [4]
$2*1,2*0
7 203 [4]
$3FF,BFF,2*3FF
7 204 -1
7 205 9
7 206 0
6 198 
7 199 12
7 200 1
7 201 [4]
$7,4,2*-1
7 202 [4]
$2*1,2*0
7 203 [4]
$3FF,BFF,2*3FF
7 204 0
7 205 0
7 206 0
6 198 
7 199 23
7 200 0
7 201 [4]
$6,7,2*-1
7 202 [4]
$2*1,2*0
7 203 [4]
$3FF,BFF,2*3FF
7 204 -1
7 205 8
7 206 0
6 198 
7 199 10
7 200 0
7 201 [4]
$5,6,2*-1
7 202 [4]
$2*1,2*0
7 203 [4]
$3FF,BFF,2*3FF
7 204 0
7 205 0
7 206 0
6 198 
7 199 25
7 200 0
7 201 [4]
$4*0
7 202 [4]
$4*0
7 203 [4]
$4*3FF
7 204 1
7 205 10
7 206 14
6 198 
7 199 26
7 200 1
7 201 [4]
$0,4,2*-1
7 202 [4]
$4*0
7 203 [4]
$3FF,BFF,3FF,0
7 204 0
7 205 -1
7 206 0
6 198 
7 199 9
7 200 1
7 201 [4]
$4,5,2*-1
7 202 [4]
$4*0
7 203 [4]
$3FF,BFF,2*3FF
7 204 0
7 205 0
7 206 0
6 198 
7 199 22
7 200 0
7 201 [4]
$7,4,2*-1
7 202 [4]
$4*0
7 203 [4]
$3FF,BFF,2*3FF
7 204 1
7 205 7
7 206 0
6 198 
7 199 11
7 200 0
7 201 [4]
$6,7,2*-1
7 202 [4]
$4*0
7 203 [4]
$3FF,BFF,2*3FF
7 204 0
7 205 0
7 206 0
6 198 
7 199 30
7 200 1
7 201 [4]
$3,8,2*-1
7 202 [4]
$4*0
7 203 [4]
$3FF,BFF,2*3FF
7 204 0
7 205 -1
7 206 0
6 198 
7 199 31
7 200 1
7 201 [4]
$3,8,2*-1
7 202 [4]
$2*1,2*0
7 203 [4]
$3FF,BFF,2*3FF
7 204 0
7 205 -1
7 206 0
@formula_ptr 207 1
5 207 [21]
$0,1,2,3,4,5,6,7,8,9,10,11,12,13,14,15,16,17,18,19,20
@qind 208 1
5 208 -1
@anchor 209 0
5 209 NULL
@totalpointid 210 1
5 210 13
@checkarcs_flag 211 1
5 211 1
@location 212 0
5 212 ->
@id 213 1
6 213 0
@param 214 2
6 214 0
@type 215 1
6 215 0
@nsket_info 216 0
5 216 ->
@scale 217 2
6 217 40720ACD59EED1E9
@m 218 1
6 218 0
@last_was_permanent 219 1
6 219 0
@unsolved_ptr 220 0
5 220 ->
@iges_file 221 10
6 221 NULL
@solve_version 222 1
5 222 1
@segdscr_tab 223 0
5 223 [13]
6 223 
@ent_mode 224 1
7 224 0
6 223 
7 224 0
6 223 
7 224 0
6 223 
7 224 0
6 223 
7 224 0
6 223 
7 224 0
6 223 
7 224 0
6 223 
7 224 0
6 223 
7 224 0
6 223 
7 224 0
6 223 
7 224 0
6 223 
7 224 0
6 223 
7 224 0
@skamp_ptr 225 0
5 225 [20]
6 225 
@id 226 1
7 226 0
@type 227 1
7 227 1
@flags 228 1
7 228 0
@status 229 1
7 229 3
@items 230 0
7 230 [1]
8 230 
@ent_id 231 1
9 231 0
@sense 232 1
9 232 0
6 225 
7 226 1
7 227 0
7 228 0
7 229 3
7 230 [2]
8 230 
9 231 1
9 232 2
8 230 
9 231 0
9 232 3
6 225 
7 226 2
7 227 0
7 228 0
7 229 3
7 230 [2]
8 230 
9 231 2
9 232 2
8 230 
9 231 1
9 232 3
6 225 
7 226 3
7 227 16
7 228 0
7 229 3
7 230 [2]
8 230 
9 231 5
9 232 4
8 230 
9 231 2
9 232 3
6 225 
7 226 4
7 227 16
7 228 0
7 229 3
7 230 [2]
8 230 
9 231 6
9 232 4
8 230 
9 231 1
9 232 3
6 225 
7 226 5
7 227 16
7 228 0
7 229 3
7 230 [2]
8 230 
9 231 7
9 232 4
8 230 
9 231 0
9 232 3
6 225 
7 226 6
7 227 2
7 228 0
7 229 3
7 230 [1]
8 230 
9 231 8
9 232 0
6 225 
7 226 7
7 227 0
7 228 0
7 229 3
7 230 [2]
8 230 
9 231 9
9 232 2
8 230 
9 231 8
9 232 3
6 225 
7 226 8
7 227 1
7 228 0
7 229 3
7 230 [1]
8 230 
9 231 9
9 232 0
6 225 
7 226 9
7 227 0
7 228 0
7 229 3
7 230 [2]
8 230 
9 231 10
9 232 2
8 230 
9 231 9
9 232 3
6 225 
7 226 10
7 227 2
7 228 0
7 229 3
7 230 [1]
8 230 
9 231 10
9 232 0
6 225 
7 226 11
7 227 0
7 228 0
7 229 3
7 230 [2]
8 230 
9 231 11
9 232 2
8 230 
9 231 10
9 232 3
6 225 
7 226 12
7 227 0
7 228 0
7 229 3
7 230 [2]
8 230 
9 231 11
9 232 3
8 230 
9 231 8
9 232 2
6 225 
7 226 13
7 227 1
7 228 0
7 229 3
7 230 [1]
8 230 
9 231 11
9 232 0
6 225 
7 226 14
7 227 2
7 228 0
7 229 3
7 230 [1]
8 230 
9 231 3
9 232 0
6 225 
7 226 15
7 227 1
7 228 0
7 229 3
7 230 [1]
8 230 
9 231 4
9 232 0
6 225 
7 226 16
7 227 3
7 228 0
7 229 2
7 230 [2]
8 230 
9 231 8
9 232 0
8 230 
9 231 0
9 232 2
6 225 
7 226 17
7 227 8
7 228 0
7 229 0
7 230 [2]
8 230 
9 231 9
9 232 0
8 230 
9 231 11
9 232 0
6 225 
7 226 18
7 227 8
7 228 0
7 229 0
7 230 [2]
8 230 
9 231 8
9 232 0
8 230 
9 231 10
9 232 0
6 225 
7 226 19
7 227 16
7 228 0
7 229 2
7 230 [2]
8 230 
9 231 2
9 232 3
8 230 
9 231 12
9 232 4
@triples_ptr 233 0
5 233 [10]
6 233 
@rel_id 234 1
7 234 26
@eqn_id 235 1
7 235 -1
@skamp_id 236 1
7 236 16
6 233 
7 234 -1
7 235 12
7 236 16
6 233 
7 234 27
7 235 -1
7 236 16
6 233 
7 234 -1
7 235 12
7 236 16
6 233 
7 234 28
7 235 -1
7 236 17
6 233 
7 234 29
7 235 -1
7 236 18
6 233 
7 234 -1
7 235 14
7 236 18
6 233 
7 234 -1
7 235 16
7 236 17
6 233 
7 234 30
7 235 17
7 236 19
6 233 
7 234 31
7 235 18
7 236 19
@gsec3d_ptr 237 0
4 237 ->
@type 238 1
5 238 7
@name 239 10
5 239 S2D0002
@flip 240 1
5 240 1
@own_ref_id 241 1
5 241 -1
@first_chain_ptr 242 0
5 242 NULL
@quilt_id 243 1
5 243 -1
@plane_id 244 1
5 244 9
@plane_flip 245 1
5 245 1
@ref_planes 246 0
5 246 [2]
6 246 
@plane_id 247 1
7 247 2
@ref_type 248 1
7 248 5
@ext_ref_id 249 1
7 249 -1
@seg_id 250 1
7 250 11
@flip_flag 251 1
7 251 0
@save_entity_ptr(line) 252 0
7 252 ->
@type 253 1
8 253 32770
8 153 0
8 154 
9 182 8
8 156 [3]
$3*0
8 157 [3]
$0,C059,0
@back_entity_ptr(line) 254 0
7 254 ->
8 253 32770
8 153 0
8 154 
9 182 8
8 156 [3]
$3*0
8 157 [3]
$0,C059,0
6 246 
7 247 4
7 248 5
7 249 -1
7 250 12
7 251 0
7 252 ->
8 253 32770
8 153 0
8 154 
9 182 8
8 156 [3]
$3*0
8 157 [3]
$4059,2*0
7 254 ->
8 253 32770
8 153 0
8 154 
9 182 8
8 156 [3]
$3*0
8 157 [3]
$4059,2*0
@order_ptr 255 0
4 255 [7]
5 255 
@id 256 1
6 256 0
@flip 257 1
6 257 10
5 255 
6 256 1
6 257 0
5 255 
6 256 2
6 257 4
5 255 
6 256 6
6 257 2
5 255 
6 256 7
6 257 0
5 255 
6 256 8
6 257 0
5 255 
6 256 9
6 257 4
@dim_id_tab 258 1
4 258 [11]
$0,1,2,3,4,6,16,17,18,19,20
@attributes 259 1
4 259 0
@xsec_id 260 1
4 260 -1
@gsec_info_arr 261 0
4 261 [1]
5 261 
@application_type 262 1
6 262 2
@application_id 263 1
6 263 -100
@secsolve_revnum 264 1
4 264 0
@rel_accuracy 265 2
4 265 BFF
@p_saved_result 266 0
4 266 ->
5 152 ->
6 153 0
6 154 
6 156 [3]
$BFED0F0CEAFA1612,2*0
6 157 [3]
$3FF178798A82F4F7,2*0
5 152 ->
6 153 1
6 154 
6 156 [3]
$3FF178798A82F4F7,2*0
6 157 [3]
$BFD3273A10DD666,3FD52DE8327236BC,0
5 152 ->
6 153 2
6 154 
6 156 [3]
$BFD3273A10DD666,3FD52DE8327236BC,0
6 157 [3]
$0,3FD3D70A3D70A3D7,0
@entity(point) 267 0
5 267 ->
@type 268 1
6 268 1
@id 269 1
6 269 3
@gen_info 270 0
6 270 
@flip 271 1
6 271 1
@pnt 272 2
6 272 [3]
$0,3FD3D70A3D70A3D7,0
@ref_id 273 1
6 273 -1
@feat_id 274 1
6 274 -1
5 267 ->
6 268 1
6 269 4
6 270 
6 271 1
6 272 [3]
$BFD3273A10DD666,3FD52DE8327236BC,0
6 273 -1
6 274 -1
5 267 ->
6 268 1
6 269 5
6 270 
6 271 1
6 272 [3]
$3FF178798A82F4F7,2*0
6 273 -1
6 274 -1
5 152 ->
6 153 6
6 154 
6 156 [3]
$BFED0F0CEAFA1612,BFAEB851EB851EB8,0
6 157 [3]
$BFED0F0CEAFA1612,3FAEB851EB851EB8,0
5 152 ->
6 153 7
6 154 
6 156 [3]
$BFED0F0CEAFA1612,3FAEB851EB851EB8,0
6 157 [3]
$BFF821200F16A4A2,3FAEB851EB851EB8,0
5 152 ->
6 153 8
6 154 
6 156 [3]
$BFF821200F16A4A2,3FAEB851EB851EB8,0
6 157 [3]
$BFF821200F16A4A2,BFAEB851EB851EB8,0
5 152 ->
6 153 9
6 154 
6 156 [3]
$BFF821200F16A4A2,BFAEB851EB851EB8,0
6 157 [3]
$BFED0F0CEAFA1612,BFAEB851EB851EB8,0
@entity(circle) 275 0
5 275 ->
@type 276 1
6 276 65546
@id 277 1
6 277 10
@gen_info 278 0
6 278 
7 181 4
@center 279 2
6 279 [3]
$0,3FD3D70A3D70A3D7,0
@radius 280 2
6 280 3FE4CR
5 152 ->
6 253 32770
6 153 11
6 154 
7 182 8
6 156 [3]
$3*0
6 157 [3]
$0,C059,0
5 152 ->
6 253 32770
6 153 12
6 154 
7 182 8
6 156 [3]
$3*0
6 157 [3]
$4059,2*0
@local_sys 281 2
5 281 [4][3]
$3FF,2*0
$0,3FF,0
$2*0,3FF
$3*0
2 124 -1
2 125 NULL
2 126 NULL
2 140 [3]
$1,3,8
2 127 ->
3 128 0
3 129 0
3 130 [2][3]
$BFF80923348FE01A,BFD3B954DB9B6441,BFED174AF976353A
$3FECBA8663AD0C9A,3FEDB3B4AB3E55F8,3FED174AF976353A
3 131 0
3 132 NULL
3 133 -1
2 134 -1
2 135 NULL
2 136 1006
2 137 ->
@revnums 282 0
3 282 [2]
4 282 ->
@owner_type 283 1
5 283 4
@owner_ind 284 1
5 284 0
@ref_id 285 1
5 285 0
@ref_revnum 286 1
5 286 1
4 282 ->
5 283 4
5 284 0
5 285 1
5 286 1
3 138 0
1 139 ->
2 47 14
2 48 1
2 49 ->
3 50 -1
3 51 923
3 52 NULL
3 53 0
3 54 [3]
$3*0
3 55 0
3 56 -1
3 57 -1
3 58 ->
4 59 0
4 60 0
4 61 -1
4 62 -1
4 63 -1
4 64 -1
4 65 0
4 66 0
4 67 0
4 68 0
3 69 0
2 70 -1
2 71 GEAR
2 72 2
2 73 ->
3 74 [1][4]
$15,3*0
3 75 NULL
3 76 [20]
$3*-1,-2049,2*-1,-16777217,3*-1,-536870913,-1,-1126176897,-2,-2097185,
$-35652097,16383,3*0
3 77 NULL
3 78 ->
4 79 160007
4 80 160014
2 81 
3 82 [1]
4 82 ->
5 83 34
5 84 15
5 85 14
5 86 1
5 87 [2][2]
$BFD4D4BB9650D5F6,BFEF3E97F06A87AE
$3FEE416808990ED2,3FEF3E97F06A87AE
5 88 ->
6 89 [4][3]
$2*0,3FF
$3FF,2*0
$0,3FF,0
$BFF38,2*0
5 90 NULL
5 91 0
5 92 1
5 93 [2][3]
$BFF38,BFD4D4BB9650D5F6,BFEF3E97F06A87AE
$BFF38,3FEE416808990ED1,3FEF3E97F06A87AE
2 94 NULL
2 95 ->
2 96 ->
3 97 [4][3]
$2*0,3FF
$3FF,2*0
$0,3FF,0
$BFF38,2*0
3 98 [1]
4 98 ->
5 99 503
5 100 BFF38
5 101 7
5 102 -1
5 103 2
5 104 15
5 105 0
5 106 0
5 107 32770
5 108 [2]
6 108 ->
7 109 1
7 110 ->
8 111 -4
8 112 5
8 113 0
6 108 ->
7 109 6
7 114 ->
8 115 [1]
9 115 -100
3 116 -1
3 117 1
3 118 [1]
4 118 
5 119 11
5 120 0
5 121 [4][3]
$2*0,3FF
$3FF,2*0
$0,3FF,0
$BFF38,2*0
2 122 NULL
2 123 15
2 124 -1
2 125 NULL
2 126 NULL
@cosm_offs_xar 287 0
2 287 [1]
3 287 
@owner_id 288 1
4 288 15
@offset 289 2
4 289 [3]
$C0576254BF2E0A6,C0500833926E2376,0
2 140 [1]
3 140 1
2 127 ->
3 128 0
3 129 0
3 130 [2][3]
$BFF821200F16A4A2,BFAEB851EB851EB8,BFE64F885485EFE2
$3FEC8A8CAE9F838R,3FD50B9ECD2541A5,3FE64F885485EFE2
3 131 0
3 132 NULL
3 133 -1
2 134 -1
2 135 NULL
2 136 4
2 137 ->
3 138 1
1 139 ->
2 47 16
2 48 1
2 49 ->
3 50 -1
3 51 931
3 52 NULL
3 53 0
3 54 [3]
$3*0
3 55 0
3 56 -1
3 57 -1
3 58 ->
4 59 0
4 60 0
4 61 -1
4 62 -1
4 63 -1
4 64 -1
4 65 0
4 66 0
4 67 0
4 68 32
3 69 0
2 70 -1
2 71 PNT0
2 72 2
2 267 ->
3 268 1
3 269 17
3 270 
4 155 1
3 271 1
3 272 [3]
$BFD3273A10DD666,3FD52DE8327236BC,0
3 273 -1
3 274 16
@entity(text) 290 0
2 290 ->
@text_type 291 1
3 291 33
@text_value 292 10
3 292 PNT0
@txt_attrib 293 1
3 293 1
@coord 294 2
3 294 [3]
$40808E56E4CBD26A,407E15CCC6C3E22A,400E6445810EEABA
@owner_id 295 1
3 295 16
@part_id 296 1
3 296 5
@height 297 2
3 297 BFF
@width_factor 298 2
3 298 BFF
@format_info 299 0
3 299 
@thickness 300 2
3 300 BFF
2 267 ->
3 268 1
3 269 18
3 270 
4 155 1
3 271 1
3 272 [3]
$3FF178798A82F4F7,2*0
3 273 -1
3 274 16
2 290 ->
3 291 33
3 292 PNT1
3 293 1
3 294 [3]
$408C1A9A0E1800A6,4076AF0AA69D80B5,BFF672B1BE7DD66C
3 295 16
3 296 5
3 297 BFF
3 298 BFF
3 299 
3 300 BFF
2 267 ->
3 268 1
3 269 19
3 270 
4 155 1
3 271 1
3 272 [3]
$0,3FD3D70A3D70A3D7,0
3 273 -1
3 274 16
2 290 ->
3 291 33
3 292 PNT2
3 293 1
3 294 [3]
$4082DCA324ABC116,407BEFCF39323C3B,40024FD9FD731A8E
3 295 16
3 296 5
3 297 BFF
3 298 BFF
3 299 
3 300 BFF
2 73 ->
3 158 [3]
4 158 
5 159 [5]
$17,532,0,-1,500
4 158 
5 159 [5]
$18,532,1,-1,500
4 158 
5 159 [5]
$19,532,2,-1,500
3 75 NULL
3 76 [20]
$3*-1,-2049,2*-1,-16777217,3*-1,-536870913,-1,-1126176897,-2,-2097185,
$-35652097,16383,3*0
3 77 NULL
3 78 ->
4 79 160007
4 80 160014
2 81 
2 94 NULL
2 95 ->
2 96 ->
3 97 [4][3]
$3FB1DB8F6D6A514R,0,3FEFEC0B7170FFF7
$3FEFEC0B7170FFF7,0,BFB1DB8F6D6A514R
$0,3FF,0
$0,3FD3D70A3D70A3D7,0
3 98 [3]
4 98 ->
5 99 807
5 100 3FF
5 101 -1
5 102 -1
5 103 12
5 104 -1
5 105 0
5 106 0
5 107 1572864
5 108 [1]
6 108 ->
7 109 6
7 114 ->
8 115 [1]
9 115 -100
4 98 ->
5 99 807
5 100 3FF
5 101 -1
5 102 -1
5 103 11
5 104 -1
5 105 0
5 106 0
5 107 1572864
5 108 [1]
6 108 ->
7 109 6
7 114 ->
8 115 [1]
9 115 -100
4 98 ->
5 99 807
5 100 3FF
5 101 -1
5 102 -1
5 103 10
5 104 -1
5 105 0
5 106 0
5 107 1572864
5 108 [1]
6 108 ->
7 109 6
7 114 ->
8 115 [1]
9 115 -100
3 116 -1
3 117 0
3 118 [3]
4 118 
5 119 7
5 120 0
5 121 [4][3]
$BFCD9F1634A6E683,0,BFEF219FDB4FC203
$BFEF219FDB4FC203,0,3FCD9F1634A6E683
$0,3FF,0
$BFD3273A10DD666,3FD52DE8327236BC,0
4 118 
5 119 7
5 120 1
5 121 [4][3]
$2*0,3FF
$3FF,2*0
$0,3FF,0
$3FF178798A82F4F7,2*0
4 118 
5 119 7
5 120 2
5 121 [4][3]
$3FB1DB8F6D6A514R,0,3FEFEC0B7170FFF7
$3FEFEC0B7170FFF7,0,BFB1DB8F6D6A514R
$0,3FF,0
$0,3FD3D70A3D70A3D7,0
2 122 NULL
2 123 -1
2 124 -1
2 125 NULL
2 126 NULL
2 140 [1]
3 140 7
2 127 ->
3 128 0
3 129 0
3 130 [2][3]
$BFF821200F16A4A2,BFAEB851EB851EB8,BFE64F885485EFE2
$3FEC8A8CAE9F838R,3FD50B9ECD2541A5,3FE64F885485EFE2
3 131 0
3 132 NULL
3 133 -1
2 134 -1
2 135 NULL
2 136 991
2 137 ->
3 138 3
1 139 ->
2 47 20
2 48 1
2 49 ->
3 50 -1
3 51 926
3 52 NULL
3 53 0
3 54 [3]
$3*0
3 55 0
3 56 -1
3 57 -1
3 58 ->
4 59 0
4 60 0
4 61 -1
4 62 -1
4 63 -1
4 64 -1
4 65 0
4 66 0
4 67 0
4 68 0
3 69 0
2 70 -1
2 71 no_name
2 72 2
@entity(line3d) 301 0
2 301 ->
@type 302 1
3 302 11
@id 303 1
3 303 22
@gen_info 304 0
3 304 
@geom_id 305 1
3 305 21
@end1 306 2
3 306 [3]
$0,3FD3D70A3D70A3D7,BFA1386566CA569D
@end2 307 2
3 307 [3]
$BF1A36E2EB1C432D,3FD3D70A3D70A3D7,BFA1386566CA569D
2 301 ->
3 302 13
3 303 23
3 304 
4 155 1
3 305 21
3 306 [3]
$0,3FD3D70A3D70A3D7,BFA1386566CA569D
3 307 [3]
$0,3FD3D70A3D70A3D7,3FA1386566CA569D
2 290 ->
3 291 19
3 292 MAINGEAR
3 293 1
3 294 [3]
$408274FA262E319C,407C09727FB7C0B6,C03C8C9310965064
3 295 -1
3 296 5
3 297 BFF
3 298 BFF
3 299 
3 300 BFF
2 73 ->
3 74 [1][4]
$21,3*0
3 158 [2]
4 158 
5 159 [5]
$22,530,21,-1,500
4 158 
5 159 [5]
$23,531,21,-1,500
3 75 NULL
3 76 [20]
$3*-1,-2049,2*-1,-16777217,3*-1,-536870913,-1,-1126176897,-2,-2097185,
$-35652097,16383,3*0
3 77 NULL
3 78 ->
4 79 160007
4 80 160014
2 81 
3 82 [1]
4 82 ->
5 83 36
5 84 21
5 85 20
5 86 1
5 87 [2][2]
$0,BFA1386566CA569D
$401921E11D6141FC,3FA1386566CA569D
@srf_prim_ptr(cylinder) 308 0
5 308 ->
@local_sys 309 2
6 309 [4][3]
$3FF,2*0
$0,3FF,0
$2*0,3FF
$0,3FD3D70A3D70A3D7,0
@radius 310 2
6 310 3F1A36E2EB1C432D
5 90 NULL
5 91 0
5 92 1
5 93 [2][3]
$BF1A36E2EB1C432D,3FD3D566CF41F213,BFA1386566CA569D
$3F1A36E2EB1C432D,3FD3D8ADAB9F559B,3FA1386566CA569D
2 94 NULL
2 95 ->
2 96 ->
3 97 [4][3]
$3FF,2*0
$0,3FF,0
$2*0,3FF
$0,3FD3D70A3D70A3D7,0
3 98 [4]
4 98 ->
5 99 4442
5 100 0
5 101 -1
5 102 -1
5 103 19
5 104 21
5 105 0
5 106 0
5 107 0
5 108 [3]
6 108 ->
7 109 1
7 110 ->
8 111 66
8 112 5
8 113 0
6 108 ->
7 109 2
@data(plin_info_sub_feat) 311 0
7 311 ->
@sub_feat_ids 312 1
8 312 [1]
9 312 0
6 108 ->
7 109 6
7 114 ->
8 115 [1]
9 115 -100
4 98 ->
5 99 4442
5 100 0
5 101 -1
5 102 -1
5 103 17
5 104 21
5 105 0
5 106 0
5 107 0
5 108 [3]
6 108 ->
7 109 1
7 110 ->
8 111 66
8 112 5
8 113 0
6 108 ->
7 109 2
7 311 ->
8 312 [1]
9 312 0
6 108 ->
7 109 6
7 114 ->
8 115 [1]
9 115 -100
4 98 ->
5 99 40
5 100 0
5 101 -1
5 102 -1
5 103 6
5 104 21
5 105 0
5 106 0
5 107 0
5 108 [2]
6 108 ->
7 109 1
7 110 ->
8 111 -4
8 112 5
8 113 0
6 108 ->
7 109 6
7 114 ->
8 115 [1]
9 115 -100
4 98 ->
5 99 709
5 100 0
5 101 -1
5 102 -1
5 103 1
5 104 21
5 105 0
5 106 0
5 107 1024
5 108 [2]
6 108 ->
7 109 1
7 110 ->
8 111 -1
8 112 5
8 113 0
6 108 ->
7 109 6
7 114 ->
8 115 [1]
9 115 -100
3 116 -1
3 117 0
3 118 [2]
4 118 
5 119 8
5 120 0
5 121 [4][3]
$3FF,2*0
$0,3FF,0
$2*0,3FF
$0,3FD3D70A3D70A3D7,0
4 118 
5 119 9
5 120 0
5 121 [4][3]
$0,BFA1386566CA569D,401921E11D6141FC
$3FA1386566CA569D,3FF,0
$2*0,3FF
$3*0
2 122 NULL
2 123 21
2 124 -1
2 125 NULL
2 126 NULL
@dat_ptr(pipe_segm) 313 0
2 313 ->
@type 314 1
3 314 327
2 140 [2]
$5,16
2 127 ->
3 128 0
3 129 0
3 130 [2][3]
$BFF821200F16A4A2,BFAEB851EB851EB8,BFE64F885485EFE2
$3FEC8A8CAE9F838R,3FD50B9ECD2541A5,3FE64F885485EFE2
3 131 0
3 132 NULL
3 133 -1
2 134 -1
2 135 NULL
@sub_feat_arr 315 0
2 315 [1]
3 315 ->
@id 316 1
4 316 0
@type 317 1
4 317 69
@sub_type 318 1
4 318 -1
@data(subft_pntcoll) 319 0
4 319 ->
@index 320 1
5 320 1
@backup_ents(point) 321 0
5 321 ->
6 268 1
6 269 21
6 270 
6 271 1
6 272 [3]
$0,3FD3D70A3D70A3D7,0
6 273 -1
6 274 16
5 267 ->
6 268 1
6 269 21
6 270 
6 271 1
6 272 [3]
$BFD3273A10DD666,3FD52DE8327236BC,0
6 273 -1
6 274 16
2 136 1
2 137 ->
3 138 4
1 139 ->
2 47 24
2 48 1
2 49 ->
3 50 -1
3 51 926
3 52 NULL
3 53 0
3 54 [3]
$3*0
3 55 0
3 56 -1
3 57 -1
3 58 ->
4 59 0
4 60 0
4 61 -1
4 62 -1
4 63 -1
4 64 -1
4 65 0
4 66 0
4 67 0
4 68 0
3 69 0
2 70 -1
2 71 no_name
2 72 2
2 301 ->
3 302 11
3 303 26
3 304 
3 305 25
3 306 [3]
$BFD3273A10DD666,3FD52DE8327236BC,BFA1386566CA569D
3 307 [3]
$BFD328DD7F0C1824,3FD52DE8327236BC,BFA1386566CA569D
2 301 ->
3 302 13
3 303 27
3 304 
4 155 1
3 305 25
3 306 [3]
$BFD3273A10DD666,3FD52DE8327236BC,BFA1386566CA569D
3 307 [3]
$BFD3273A10DD666,3FD52DE8327236BC,3FA1386566CA569D
2 290 ->
3 291 19
3 292 ARM
3 293 1
3 294 [3]
$407FDE4547F0AA1,407C63AEFE0AC236,C03C4D273B1EB98C
3 295 -1
3 296 5
3 297 BFF
3 298 BFF
3 299 
3 300 BFF
2 73 ->
3 74 [1][4]
$25,3*0
3 158 [2]
4 158 
5 159 [5]
$26,530,25,-1,500
4 158 
5 159 [5]
$27,531,25,-1,500
3 75 NULL
3 76 [20]
$3*-1,-2049,2*-1,-16777217,3*-1,-536870913,-1,-1126176897,-2,-2097185,
$-35652097,16383,3*0
3 77 NULL
3 78 ->
4 79 160007
4 80 160014
2 81 
3 82 [1]
4 82 ->
5 83 36
5 84 25
5 85 24
5 86 1
5 87 [2][2]
$0,BFA1386566CA569D
$401921E11D6141FC,3FA1386566CA569D
5 308 ->
6 309 [4][3]
$3FF,2*0
$0,3FF,0
$2*0,3FF
$BFD3273A10DD666,3FD52DE8327236BC,0
6 310 3F1A36E2EB1C432D
5 90 NULL
5 91 0
5 92 1
5 93 [2][3]
$BFD328DD7F0C1824,3FD52C44C44384F8,BFA1386566CA569D
$BFD32596A2AEB49C,3FD52F8BA0A0E88,3FA1386566CA569D
2 94 NULL
2 95 ->
2 96 ->
3 97 [4][3]
$3FF,2*0
$0,3FF,0
$2*0,3FF
$BFD3273A10DD666,3FD52DE8327236BC,0
3 98 [3]
4 98 ->
5 99 4442
5 100 0
5 101 -1
5 102 -1
5 103 17
5 104 25
5 105 0
5 106 0
5 107 0
5 108 [3]
6 108 ->
7 109 1
7 110 ->
8 111 66
8 112 5
8 113 0
6 108 ->
7 109 2
7 311 ->
8 312 [1]
9 312 0
6 108 ->
7 109 6
7 114 ->
8 115 [1]
9 115 -100
4 98 ->
5 99 40
5 100 0
5 101 -1
5 102 -1
5 103 6
5 104 25
5 105 0
5 106 0
5 107 0
5 108 [2]
6 108 ->
7 109 1
7 110 ->
8 111 -4
8 112 5
8 113 0
6 108 ->
7 109 6
7 114 ->
8 115 [1]
9 115 -100
4 98 ->
5 99 709
5 100 0
5 101 -1
5 102 -1
5 103 1
5 104 25
5 105 0
5 106 0
5 107 1024
5 108 [2]
6 108 ->
7 109 1
7 110 ->
8 111 -1
8 112 5
8 113 0
6 108 ->
7 109 6
7 114 ->
8 115 [1]
9 115 -100
3 116 -1
3 117 0
3 118 [2]
4 118 
5 119 8
5 120 0
5 121 [4][3]
$3FF,2*0
$0,3FF,0
$2*0,3FF
$BFD3273A10DD666,3FD52DE8327236BC,0
4 118 
5 119 9
5 120 0
5 121 [4][3]
$0,BFA1386566CA569D,401921E11D6141FC
$3FA1386566CA569D,3FF,0
$2*0,3FF
$3*0
2 122 NULL
2 123 25
2 124 -1
2 125 NULL
2 126 NULL
2 313 ->
3 314 327
2 140 [2]
$5,16
2 127 ->
3 128 0
3 129 0
3 130 [2][3]
$BFF821200F16A4A2,BFAEB851EB851EB8,BFE64F885485EFE2
$3FEC8A8CAE9F838R,3FD50B9ECD2541A5,3FE64F885485EFE2
3 131 0
3 132 NULL
3 133 -1
2 134 -1
2 135 NULL
2 315 [1]
3 315 ->
4 316 0
4 317 69
4 318 -1
4 319 ->
5 320 1
5 321 ->
6 268 1
6 269 25
6 270 
6 271 1
6 272 [3]
$BFD3273A10DD666,3FD52DE8327236BC,0
6 273 -1
6 274 16
2 136 992
2 137 ->
3 138 3
1 139 ->
2 47 28
2 48 1
2 49 ->
3 50 -1
3 51 926
3 52 NULL
3 53 0
3 54 [3]
$4,2*0
3 55 0
3 56 -1
3 57 -1
3 58 ->
4 59 0
4 60 0
4 61 -1
4 62 -1
4 63 -1
4 64 -1
4 65 0
4 66 0
4 67 0
4 68 0
3 69 0
2 70 -1
2 71 no_name
2 72 2
2 301 ->
3 302 11
3 303 30
3 304 
3 305 29
3 306 [3]
$3FF178798A82F4F7,2*0
3 307 [3]
$3FF178798A82F4F7,0,BF1A36E2EB1C432D
2 301 ->
3 302 13
3 303 31
3 304 
4 155 1
3 305 29
3 306 [3]
$3FF178798A82F4F7,2*0
3 307 [3]
$BFF821200F16A4A2,2*0
2 290 ->
3 291 19
3 292 GEAR
3 293 1
3 294 [3]
$408BCA9A0E1800A6,4076F70AA69D80B5,BFF672B1BE7DD66C
3 295 -1
3 296 5
3 297 BFF
3 298 BFF
3 299 
3 300 BFF
2 73 ->
3 74 [1][4]
$29,3*0
3 158 [2]
4 158 
5 159 [5]
$30,530,29,-1,500
4 158 
5 159 [5]
$31,531,29,-1,500
3 75 NULL
3 76 [20]
$3*-1,-2049,2*-1,-16777217,3*-1,-536870913,-1,-1126176897,-2,-2097185,
$-35652097,16383,3*0
3 77 NULL
3 78 ->
4 79 160007
4 80 160014
2 81 
3 82 [1]
4 82 ->
5 83 36
5 84 29
5 85 28
5 86 1
5 87 [2][2]
$0,BFF178798A82F4F7
$401921E11D6141FC,3FF821200F16A4A2
5 308 ->
6 309 [4][3]
$2*0,BFF
$0,3FF,0
$3FF,2*0
$3*0
6 310 3F1A36E2EB1C432D
5 90 NULL
5 91 0
5 92 1
5 93 [2][3]
$BFF821200F16A4A2,2*BF1A36E2EB1C432D
$3FF178798A82F4F7,2*3F1A36E2EB1C432D
2 94 NULL
2 95 ->
2 96 ->
3 97 [4][3]
$2*0,BFF
$0,3FF,0
$3FF,2*0
$3*0
3 98 [2]
4 98 ->
5 99 703
5 100 0
5 101 -1
5 102 -1
5 103 6
5 104 29
5 105 0
5 106 0
5 107 0
5 108 [2]
6 108 ->
7 109 1
7 110 ->
8 111 -4
8 112 5
8 113 0
6 108 ->
7 109 6
7 114 ->
8 115 [1]
9 115 -100
4 98 ->
5 99 703
5 100 0
5 101 -1
5 102 -1
5 103 4
5 104 29
5 105 0
5 106 0
5 107 0
5 108 [2]
6 108 ->
7 109 1
7 110 ->
8 111 -4
8 112 5
8 113 0
6 108 ->
7 109 6
7 114 ->
8 115 [1]
9 115 -100
3 116 -1
3 117 0
3 118 [2]
4 118 
5 119 8
5 120 0
5 121 [4][3]
$2*0,BFF
$0,3FF,0
$3FF,2*0
$3*0
4 118 
5 119 9
5 120 0
5 121 [4][3]
$2*0,401921E11D6141FC
$2*3FF,0
$2*0,3FF
$3*0
2 122 NULL
2 123 29
2 124 -1
2 125 NULL
2 126 NULL
2 140 [2]
$3,5
2 127 ->
3 128 0
3 129 0
3 130 [2][3]
$BFF821200F16A4A2,BFAEB851EB851EB8,BFE64F885485EFE2
$3FEC8A8CAE9F838R,3FD50B9ECD2541A5,3FE64F885485EFE2
3 131 0
3 132 NULL
3 133 -1
2 134 -1
2 135 NULL
2 136 1
2 137 ->
3 138 2
1 139 ->
2 47 32
2 48 1
2 49 ->
3 50 -1
3 51 923
3 52 NULL
3 53 0
3 54 [3]
$3*0
3 55 0
3 56 -1
3 57 -1
3 58 ->
4 59 0
4 60 0
4 61 -1
4 62 -1
4 63 -1
4 64 -1
4 65 0
4 66 0
4 67 0
4 68 0
3 69 0
2 70 -1
2 71 MG_SURF
2 72 2
2 73 ->
3 74 [1][4]
$33,3*0
3 75 NULL
3 76 [20]
$3*-1,-2049,2*-1,-16777217,3*-1,-536870913,-1,-1126176897,-2,-2097185,
$-35652097,16383,3*0
3 77 NULL
3 78 ->
4 79 160007
4 80 160014
2 81 
3 82 [1]
4 82 ->
5 83 34
5 84 33
5 85 32
5 86 1
5 87 [2][2]
$BFF867F9BDC4011,BFD4D4BB9650D5F6
$3FF1BF5339305165,3FEE416808990ED2
5 88 ->
6 89 [4][3]
$3FF,2*0
$0,3FF,0
$2*0,3FF
$2*0,3FD851EB851EB852
5 90 NULL
5 91 0
5 92 1
5 93 [2][3]
$BFF867F9BDC4011,BFD4D4BB9650D5F6,3FD851EB851EB852
$3FF1BF5339305164,3FEE416808990ED1,3FD851EB851EB852
2 94 NULL
2 95 ->
2 96 ->
3 97 [4][3]
$3FF,2*0
$0,3FF,0
$2*0,3FF
$2*0,3FD851EB851EB852
3 98 [1]
4 98 ->
5 99 503
5 100 3FD851EB851EB852
5 101 8
5 102 -1
5 103 6
5 104 33
5 105 0
5 106 0
5 107 32770
5 108 [2]
6 108 ->
7 109 1
7 110 ->
8 111 -4
8 112 5
8 113 0
6 108 ->
7 109 6
7 114 ->
8 115 [1]
9 115 -100
3 116 -1
3 117 1
3 118 [1]
4 118 
5 119 11
5 120 0
5 121 [4][3]
$3FF,2*0
$0,3FF,0
$2*0,3FF
$2*0,3FD851EB851EB852
2 122 NULL
2 123 33
2 124 -1
2 125 NULL
2 126 NULL
2 287 [1]
3 287 
4 288 33
4 289 [3]
$400DE9F02BE8D81R,4051AF9F9C26060E,0
2 140 [1]
3 140 5
2 127 ->
3 128 0
3 129 0
3 130 [2][3]
$BFF821200F16A4A2,BFAEB851EB851EB8,BFE64F885485EFE2
$3FEC8A8CAE9F838R,3FD50B9ECD2541A5,3FE64F885485EFE2
3 131 0
3 132 NULL
3 133 -1
2 134 -1
2 135 NULL
2 136 2
2 137 ->
3 138 1
1 139 ->
2 47 34
2 48 1
2 49 ->
3 50 -1
3 51 926
3 52 NULL
3 53 0
3 54 [3]
$3*0
3 55 0
3 56 -1
3 57 -1
3 58 ->
4 59 0
4 60 0
4 61 -1
4 62 -1
4 63 -1
4 64 -1
4 65 0
4 66 0
4 67 0
4 68 0
3 69 0
2 70 -1
2 71 no_name
2 72 2
2 301 ->
3 302 11
3 303 36
3 304 
3 305 35
3 306 [3]
$3FF178798A82F4F7,0,BFA1386566CA569D
3 307 [3]
$3FF17810AEF74886,0,BFA1386566CA569D
2 301 ->
3 302 13
3 303 37
3 304 
4 155 1
3 305 35
3 306 [3]
$3FF178798A82F4F7,0,BFA1386566CA569D
3 307 [3]
$3FF178798A82F4F7,0,3FA1386566CA569D
2 290 ->
3 291 19
3 292 BLOCK
3 293 1
3 294 [3]
$408BA964CDCC1B4C,4076D0BCBA11866A,C0401C07CEA0EC8F
3 295 -1
3 296 5
3 297 BFF
3 298 BFF
3 299 
3 300 BFF
2 73 ->
3 74 [1][4]
$35,3*0
3 158 [2]
4 158 
5 159 [5]
$36,530,35,-1,500
4 158 
5 159 [5]
$37,531,35,-1,500
3 75 NULL
3 76 [20]
$3*-1,-2049,2*-1,-16777217,3*-1,-536870913,-1,-1126176897,-2,-2097185,
$-35652097,16383,3*0
3 77 NULL
3 78 ->
4 79 160007
4 80 160014
2 81 
3 82 [1]
4 82 ->
5 83 36
5 84 35
5 85 34
5 86 1
5 87 [2][2]
$0,BFA1386566CA569D
$401921E11D6141FC,3FA1386566CA569D
5 308 ->
6 309 [4][3]
$3FF,2*0
$0,3FF,0
$2*0,3FF
$3FF178798A82F4F7,2*0
6 310 3F1A36E2EB1C432D
5 90 NULL
5 91 0
5 92 1
5 93 [2][3]
$3FF17810AEF74886,BF1A36E2EB1C432D,BFA1386566CA569D
$3FF178E2660EA168,3F1A36E2EB1C432D,3FA1386566CA569D
2 94 NULL
2 95 ->
2 96 ->
3 97 [4][3]
$3FF,2*0
$0,3FF,0
$2*0,3FF
$3FF178798A82F4F7,2*0
3 98 [4]
4 98 ->
5 99 4442
5 100 0
5 101 -1
5 102 -1
5 103 18
5 104 35
5 105 0
5 106 0
5 107 0
5 108 [2]
6 108 ->
7 109 1
7 110 ->
8 111 66
8 112 5
8 113 0
6 108 ->
7 109 6
7 114 ->
8 115 [1]
9 115 -100
4 98 ->
5 99 4442
5 100 0
5 101 -1
5 102 -1
5 103 18
5 104 35
5 105 0
5 106 0
5 107 0
5 108 [3]
6 108 ->
7 109 1
7 110 ->
8 111 66
8 112 5
8 113 0
6 108 ->
7 109 2
7 311 ->
8 312 [1]
9 312 0
6 108 ->
7 109 6
7 114 ->
8 115 [1]
9 115 -100
4 98 ->
5 99 40
5 100 0
5 101 -1
5 102 -1
5 103 6
5 104 35
5 105 0
5 106 0
5 107 0
5 108 [2]
6 108 ->
7 109 1
7 110 ->
8 111 -4
8 112 5
8 113 0
6 108 ->
7 109 6
7 114 ->
8 115 [1]
9 115 -100
4 98 ->
5 99 709
5 100 0
5 101 -1
5 102 -1
5 103 1
5 104 35
5 105 0
5 106 0
5 107 1024
5 108 [2]
6 108 ->
7 109 1
7 110 ->
8 111 -1
8 112 5
8 113 0
6 108 ->
7 109 6
7 114 ->
8 115 [1]
9 115 -100
3 116 -1
3 117 0
3 118 [2]
4 118 
5 119 8
5 120 0
5 121 [4][3]
$3FF,2*0
$0,3FF,0
$2*0,3FF
$3FF178798A82F4F7,2*0
4 118 
5 119 9
5 120 0
5 121 [4][3]
$0,BFA1386566CA569D,401921E11D6141FC
$3FA1386566CA569D,3FF,0
$2*0,3FF
$3*0
2 122 NULL
2 123 35
2 124 -1
2 125 NULL
2 126 NULL
2 313 ->
3 314 327
2 140 [2]
$5,16
2 127 ->
3 128 0
3 129 0
3 130 [2][3]
$BFF821200F16A4A2,BFAEB851EB851EB8,BFE64F885485EFE2
$3FEC8A8CAE9F838R,3FD50B9ECD2541A5,3FE64F885485EFE2
3 131 0
3 132 NULL
3 133 -1
2 134 -1
2 135 NULL
2 315 [1]
3 315 ->
4 316 0
4 317 69
4 318 -1
4 319 ->
5 320 1
5 321 ->
6 268 1
6 269 35
6 270 
6 271 1
6 272 [3]
$3FF178798A82F4F7,2*0
6 273 -1
6 274 16
2 136 992
2 137 ->
3 138 4
1 139 ->
2 47 40
2 48 1
2 49 ->
3 50 -1
3 51 931
3 52 NULL
3 53 0
3 54 [3]
$3*0
3 55 0
3 56 -1
3 57 -1
3 58 ->
4 59 0
4 60 0
4 61 -1
4 62 -1
4 63 -1
4 64 -1
4 65 0
4 66 0
4 67 0
4 68 2048
3 69 0
2 70 -1
2 71 PNT3
2 72 2
2 267 ->
3 268 1
3 269 41
3 270 
4 155 1
3 271 1
3 272 [3]
$3FE8F0F31505E9ER,2*0
3 273 -1
3 274 40
2 290 ->
3 291 33
3 292 PNT3
3 293 1
3 294 [3]
$408974244AA6EAE8,4076AF0AA69D80B5,BFF672B1BE7DD66C
3 295 40
3 296 5
3 297 BFF
3 298 BFF
3 299 
3 300 BFF
2 73 ->
3 158 [1]
4 158 
5 159 [5]
$41,532,0,-1,500
3 75 NULL
3 76 [20]
$3*-1,-2049,2*-1,-16777217,3*-1,-536870913,-1,-1126176897,-2,-2097185,
$-35652097,16383,3*0
3 77 NULL
3 78 ->
4 79 160007
4 80 160014
2 81 
2 94 NULL
2 95 ->
2 96 ->
3 97 [4][3]
$3FF,2*0
$0,3FF,0
$2*0,3FF
$3FE8F0F31505E9ER,2*0
3 98 [2]
4 98 ->
5 99 1262
5 100 0
5 101 -1
5 102 -1
5 103 11
5 104 -1
5 105 0
5 106 0
5 107 524288
5 108 [1]
6 108 ->
7 109 6
7 114 ->
8 115 [1]
9 115 -100
4 98 ->
5 99 1201
5 100 0
5 101 9
5 102 -1
5 103 18
5 104 -1
5 105 0
5 106 0
5 107 1048576
5 108 [1]
6 108 ->
7 109 6
7 114 ->
8 115 [1]
9 115 -100
3 116 -1
3 117 0
3 118 [1]
4 118 
5 119 7
5 120 0
5 121 [4][3]
$3FF,2*0
$0,3FF,0
$2*0,3FF
$3FE8F0F31505E9ER,2*0
2 122 NULL
2 123 -1
2 124 -1
2 125 NULL
2 126 NULL
2 140 [2]
$7,16
2 127 ->
3 128 0
3 129 0
3 130 [2][3]
$BFF821200F16A4A2,BFAEB851EB851EB8,BFE64F885485EFE2
$3FEC8A8CAE9F838R,3FD50B9ECD2541A5,3FE64F885485EFE2
3 131 0
3 132 NULL
3 133 -1
2 134 -1
2 135 NULL
2 136 993
2 137 ->
3 138 2
1 139 ->
2 47 55
2 48 1
2 49 ->
3 50 -1
3 51 926
3 52 NULL
3 53 0
3 54 [3]
$3*0
3 55 0
3 56 -1
3 57 -1
3 58 ->
4 59 0
4 60 0
4 61 -1
4 62 -1
4 63 -1
4 64 -1
4 65 0
4 66 0
4 67 0
4 68 0
3 69 0
2 70 -1
2 71 no_name
2 72 2
2 301 ->
3 302 11
3 303 57
3 304 
3 305 56
3 306 [3]
$3FE8F0F31505E9ER,2*0
3 307 [3]
$3FE8F0215DEE910C,2*0
2 301 ->
3 302 13
3 303 58
3 304 
4 155 1
3 305 56
3 306 [3]
$3FE8F0F31505E9ER,2*0
3 307 [3]
$3FE8F0F31505E9ER,0,3FD851EB851EB852
2 290 ->
3 291 19
3 292 HOLE
3 293 1
3 294 [3]
$408924244AA6EAE8,4076F70AA69D80B5,BFF672B1BE7DD66C
3 295 -1
3 296 5
3 297 BFF
3 298 BFF
3 299 
3 300 BFF
2 73 ->
3 74 [1][4]
$56,3*0
3 158 [2]
4 158 
5 159 [5]
$57,530,56,-1,500
4 158 
5 159 [5]
$58,531,56,-1,500
3 75 NULL
3 76 [20]
$3*-1,-2049,2*-1,-16777217,3*-1,-536870913,-1,-1126176897,-2,-2097185,
$-35652097,16383,3*0
3 77 NULL
3 78 ->
4 79 160007
4 80 160014
2 81 
3 82 [1]
4 82 ->
5 83 36
5 84 56
5 85 55
5 86 1
5 87 [2][2]
$2*0
$401921E11D6141FC,3FD851EB851EB852
5 308 ->
6 309 [4][3]
$3FF,2*0
$0,3FF,0
$2*0,3FF
$3FE8F0F31505E9ER,2*0
6 310 3F1A36E2EB1C432D
5 90 NULL
5 91 0
5 92 1
5 93 [2][3]
$3FE8F0215DEE910C,BF1A36E2EB1C432D,0
$3FE8F1C4CC1D42D,3F1A36E2EB1C432D,3FD851EB851EB852
2 94 NULL
2 95 ->
2 96 ->
3 97 [4][3]
$3FF,2*0
$0,3FF,0
$2*0,3FF
$3FE8F0F31505E9ER,2*0
3 98 [3]
4 98 ->
5 99 4442
5 100 0
5 101 -1
5 102 -1
5 103 41
5 104 56
5 105 0
5 106 0
5 107 0
5 108 [3]
6 108 ->
7 109 1
7 110 ->
8 111 66
8 112 5
8 113 0
6 108 ->
7 109 2
7 311 ->
8 312 [1]
9 312 0
6 108 ->
7 109 6
7 114 ->
8 115 [1]
9 115 -100
4 98 ->
5 99 40
5 100 0
5 101 -1
5 102 -1
5 103 33
5 104 56
5 105 0
5 106 0
5 107 0
5 108 [2]
6 108 ->
7 109 1
7 110 ->
8 111 -4
8 112 5
8 113 0
6 108 ->
7 109 6
7 114 ->
8 115 [1]
9 115 -100
4 98 ->
5 99 709
5 100 0
5 101 -1
5 102 -1
5 103 1
5 104 56
5 105 0
5 106 0
5 107 1024
5 108 [2]
6 108 ->
7 109 1
7 110 ->
8 111 -1
8 112 5
8 113 0
6 108 ->
7 109 6
7 114 ->
8 115 [1]
9 115 -100
3 116 -1
3 117 0
3 118 [2]
4 118 
5 119 8
5 120 0
5 121 [4][3]
$3FF,2*0
$0,3FF,0
$2*0,3FF
$3FE8F0F31505E9ER,2*0
4 118 
5 119 9
5 120 0
5 121 [4][3]
$2*0,401921E11D6141FC
$3FD851EB851EB852,3FF,0
$2*0,3FF
$3*0
2 122 NULL
2 123 56
2 124 -1
2 125 NULL
2 126 NULL
2 313 ->
3 314 327
2 140 [2]
$32,40
2 127 ->
3 128 0
3 129 0
3 130 [2][3]
$BFF821200F16A4A2,BFAEB851EB851EB8,BFE64F885485EFE2
$3FEC8A8CAE9F838R,3FD50B9ECD2541A5,3FE64F885485EFE2
3 131 0
3 132 NULL
3 133 -1
2 134 -1
2 135 NULL
2 315 [1]
3 315 ->
4 316 0
4 317 69
4 318 -1
4 319 ->
5 320 1
5 321 ->
6 268 1
6 269 56
6 270 
6 271 1
6 272 [3]
$3FE8F0F31505E9ER,2*0
6 273 -1
6 274 40
2 136 994
2 137 ->
3 138 3
1 139 ->
2 47 59
2 48 1
2 49 ->
3 50 -1
3 51 923
3 52 NULL
3 53 0
3 54 [3]
$3*0
3 55 0
3 56 -1
3 57 -1
3 58 ->
4 59 0
4 60 0
4 61 -1
4 62 -1
4 63 -1
4 64 -1
4 65 0
4 66 0
4 67 0
4 68 64
3 69 0
2 70 -1
2 71 ROTOR
2 72 2
2 73 ->
3 74 [1][4]
$60,3*0
3 75 NULL
3 76 [20]
$3*-1,-2049,2*-1,-16777217,3*-1,-536870913,-1,-1126176897,-2,-2097185,
$-35652097,16383,3*0
3 77 NULL
3 78 ->
4 79 160007
4 80 160014
2 81 
3 82 [1]
4 82 ->
5 83 34
5 84 60
5 85 59
5 86 1
5 87 [2][2]
$BFEE416808990ED2,BFEF3E97F06A87AE
$3FD4D4BB9650D5F6,3FEF3E97F06A87AE
5 88 ->
6 89 [4][3]
$2*0,BFF
$BFF,2*0
$0,3FF,0
$BFFD19R,2*0
5 90 NULL
5 91 0
5 92 1
5 93 [2][3]
$BFFD19R,BFD4D4BB9650D5F4,BFEF3E97F06A87AE
$BFFD19R,3FEE416808990ED2,3FEF3E97F06A87AE
2 94 NULL
2 95 ->
2 96 ->
3 97 [4][3]
$2*0,BFF
$BFF,2*0
$0,3FF,0
$BFFD19R,2*0
3 98 [1]
4 98 ->
5 99 503
5 100 BFE3R
5 101 10
5 102 -1
5 103 15
5 104 60
5 105 0
5 106 0
5 107 32770
5 108 [2]
6 108 ->
7 109 1
7 110 ->
8 111 -4
8 112 5
8 113 0
6 108 ->
7 109 6
7 114 ->
8 115 [1]
9 115 -100
3 116 -1
3 117 1
3 118 [1]
4 118 
5 119 11
5 120 0
5 121 [4][3]
$2*0,BFF
$BFF,2*0
$0,3FF,0
$BFFD19R,2*0
2 122 NULL
2 123 60
2 124 -1
2 125 NULL
2 126 NULL
2 287 [1]
3 287 
4 288 60
4 289 [3]
$403867EDF9B7BB78,404DA639CBE36045,0
2 140 [1]
3 140 14
2 127 ->
3 128 0
3 129 0
3 130 [2][3]
$BFF821200F16A4A2,BFAEB851EB851EB8,BFE64F885485EFE2
$3FEC8A8CAE9F838R,3FD50B9ECD2541A5,3FE64F885485EFE2
3 131 0
3 132 NULL
3 133 -1
2 134 -1
2 135 NULL
2 136 4
2 137 ->
3 138 1
1 139 ->
2 47 64
2 48 1
2 49 ->
3 50 -1
3 51 923
3 52 NULL
3 53 0
3 54 [3]
$3*0
3 55 0
3 56 -1
3 57 -1
3 58 ->
4 59 0
4 60 0
4 61 -1
4 62 -1
4 63 -1
4 64 -1
4 65 0
4 66 0
4 67 0
4 68 0
3 69 0
2 70 -1
2 71 GEAR_ANGLE
2 72 2
2 73 ->
3 74 [1][4]
$65,3*0
3 75 NULL
3 76 [20]
$3*-1,-2049,2*-1,-16777217,3*-1,-536870913,-1,-1126176897,-2,-2097185,
$-2097665,8355839,3*0
3 77 NULL
3 78 ->
4 79 160008
4 80 160014
2 81 
3 82 [1]
4 82 ->
5 83 34
5 84 65
5 85 64
5 86 1
5 87 [2][2]
$BFF1BF5339305165,BFF51448FE50DAE1
$3FF867F9BDC4011,3FEFF0ABD8D11C18
5 88 ->
6 89 [4][3]
$BFF,2*0
$0,BFE07B3120FDDF13,BFEB6DEA1E76EADE
$0,BFEB6DEA1E76EADE,3FE07B3120FDDF13
$3*0
5 90 NULL
5 91 0
5 92 1
5 93 [2][3]
$BFF867F9BDC4010F,BFE0734C0A67271F,BFEB60C6769BEC76
$3FF1BF5339305165,3FE5B695A90A7BER,3FF21184E79D99B9
2 94 NULL
2 95 ->
2 96 ->
3 97 [4][3]
$BFF,2*0
$0,BFE07B3120FDDF13,BFEB6DEA1E76EADE
$0,BFEB6DEA1E76EADE,3FE07B3120FDDF13
$3*0
3 98 [2]
4 98 ->
5 99 508
5 100 3FF
5 101 -1
5 102 -1
5 103 31
5 104 65
5 105 0
5 106 0
5 107 32768
5 108 [2]
6 108 ->
7 109 1
7 110 ->
8 111 -4
8 112 5
8 113 0
6 108 ->
7 109 6
7 114 ->
8 115 [1]
9 115 -100
4 98 ->
5 99 506
5 100 406A6
5 101 11
5 102 -1
5 103 4
5 104 65
5 105 0
5 106 0
5 107 32768
5 108 [2]
6 108 ->
7 109 1
7 110 ->
8 111 -4
8 112 5
8 113 0
6 108 ->
7 109 6
7 114 ->
8 115 [1]
9 115 -100
3 116 -1
3 117 1
3 118 [1]
4 118 
5 119 11
5 120 0
5 121 [4][3]
$BFF,2*0
$0,BFE07B3120FDDF13,BFEB6DEA1E76EADE
$0,BFEB6DEA1E76EADE,3FE07B3120FDDF13
$3*0
2 122 NULL
2 123 65
2 124 -1
2 125 NULL
2 126 NULL
2 140 [2]
$3,28
2 127 ->
3 128 0
3 129 0
3 130 [2][3]
$BFF821200F16A4A2,BFAEB851EB851EB8,BFE64F885485EFE2
$3FEC8A8CAE9F838R,3FD50B9ECD2541A5,3FE64F885485EFE2
3 131 0
3 132 NULL
3 133 -1
2 134 -1
2 135 NULL
2 136 957
2 137 ->
3 138 2
1 139 ->
2 47 66
2 48 1
2 49 ->
3 50 -1
3 51 931
3 52 NULL
3 53 0
3 54 [3]
$3*0
3 55 0
3 56 -1
3 57 -1
3 58 ->
4 59 0
4 60 0
4 61 -1
4 62 -1
4 63 -1
4 64 -1
4 65 0
4 66 0
4 67 0
4 68 16384
3 69 0
2 70 -1
2 71 PNT4
2 72 2
2 267 ->
3 268 1
3 269 67
3 270 
4 155 1
3 271 1
3 272 [3]
$BFF38,2*0
3 273 -1
3 274 66
2 290 ->
3 291 33
3 292 PNT4
3 293 1
3 294 [3]
$40710D4954E5723R,4076AF0AA69D80B5,BFF672B1BE7DD66C
3 295 66
3 296 0
3 297 BFF
3 298 BFF
3 299 
3 300 BFF
2 73 ->
3 158 [1]
4 158 
5 159 [5]
$67,532,0,-1,500
3 75 NULL
3 76 [20]
$3*-1,-2049,2*-1,-16777217,3*-1,-536870913,-1,-1126176897,-2,-2097185,
$-2097665,260046847,3*0
3 77 NULL
3 78 ->
4 79 160009
4 80 160014
2 81 
2 94 NULL
2 95 ->
2 96 ->
3 97 [4][3]
$2*0,3FF
$3FF,2*0
$0,3FF,0
$BFF38,2*0
3 98 [6]
4 98 ->
5 99 801
5 100 0
5 101 -1
5 102 -1
5 103 15
5 104 -1
5 105 0
5 106 0
5 107 4718592
5 108 [1]
6 108 ->
7 109 6
7 114 ->
8 115 [1]
9 115 -100
4 98 ->
5 99 48
5 100 0
5 101 12
5 102 -1
5 103 6
5 104 -1
5 105 0
5 106 0
5 107 1048576
5 108 [1]
6 108 ->
7 109 6
7 114 ->
8 115 [1]
9 115 -100
4 98 ->
5 99 48
5 100 0
5 101 13
5 102 -1
5 103 4
5 104 -1
5 105 0
5 106 0
5 107 0
5 108 [1]
6 108 ->
7 109 6
7 114 ->
8 115 [1]
9 115 -100
4 98 ->
5 99 803
5 100 3FAEFA2E93820B48
5 101 -1
5 102 -1
5 103 0
5 104 -1
5 105 0
5 106 0
5 107 0
5 108 [1]
6 108 ->
7 109 6
7 114 ->
8 115 [1]
9 115 -100
4 98 ->
5 99 803
5 100 3F9B6AEA8D857BB8
5 101 -1
5 102 -1
5 103 -1
5 104 -1
5 105 0
5 106 0
5 107 0
5 108 [1]
6 108 ->
7 109 6
7 114 ->
8 115 [1]
9 115 -100
4 98 ->
5 99 818
5 100 3FC8
5 101 14
5 102 -1
5 103 -1
5 104 -1
5 105 0
5 106 0
5 107 0
5 108 [1]
6 108 ->
7 109 6
7 114 ->
8 115 [1]
9 115 -100
3 116 -1
3 117 0
3 118 [1]
4 118 
5 119 7
5 120 0
5 121 [4][3]
$2*0,3FF
$3FF,2*0
$0,3FF,0
$BFF38,2*0
2 122 NULL
2 123 -1
2 124 -1
2 125 NULL
2 126 NULL
2 140 [3]
$3,5,14
2 127 ->
3 128 0
3 129 0
3 130 [2][3]
$BFF821200F16A4A2,BFAEB851EB851EB8,BFE64F885485EFE2
$3FEC8A8CAE9F838R,3FD50B9ECD2541A5,3FE64F885485EFE2
3 131 0
3 132 NULL
3 133 -1
2 134 -1
2 135 NULL
2 136 9
2 137 ->
3 138 6
1 139 ->
2 47 68
2 48 1
2 49 ->
3 50 -1
3 51 979
3 52 NULL
3 53 0
3 54 [3]
$3*0
3 55 0
3 56 -1
3 57 -1
3 58 ->
4 59 0
4 60 0
4 61 -1
4 62 -1
4 63 -1
4 64 -1
4 65 0
4 66 0
4 67 0
4 68 8
3 69 0
2 70 -1
2 71 no_name
2 72 2
@entity(coord_sys) 322 0
2 322 ->
@type 323 1
3 323 18
@id 324 1
3 324 69
@gen_info 325 0
3 325 
4 155 1
@sys_type 326 1
3 326 -1
@pnt_type 327 1
3 327 -1
@radius 328 2
3 328 0
@local_sys 329 2
3 329 [4][3]
$3FF,2*0
$0,3FF,0
$2*0,3FF
$BFF38,2*0
@feat_id 330 1
3 330 68
2 290 ->
3 291 34
3 292 CS0
3 293 1
3 294 [3]
$40710D4954E5723R,4077770AA69D80B5,BFF672B1BE7DD66C
3 295 69
3 296 0
3 297 BFF
3 298 BFF
3 299 
3 300 BFF
2 73 ->
3 158 [1]
4 158 
5 159 [5]
$69,534,0,-1,500
3 75 NULL
3 76 [20]
$3*-1,-2049,2*-1,-16777217,3*-1,-536870913,-1,-1126176897,-2,-2097185,
$-2097665,260046847,3*0
3 77 NULL
3 78 ->
4 79 160009
4 80 160014
2 81 
2 94 NULL
2 95 ->
2 96 ->
3 97 [4][3]
$3FF,2*0
$0,3FF,0
$2*0,3FF
$BFF38,2*0
3 98 [5]
4 98 ->
5 99 1201
5 100 0
5 101 -1
5 102 -1
5 103 67
5 104 -1
5 105 0
5 106 0
5 107 0
5 108 [1]
6 108 ->
7 109 6
7 114 ->
8 115 [1]
9 115 -100
4 98 ->
5 99 1260
5 100 0
5 101 -1
5 102 -1
5 103 31
5 104 -1
5 105 0
5 106 0
5 107 0
5 108 [1]
6 108 ->
7 109 6
7 114 ->
8 115 [1]
9 115 -100
4 98 ->
5 99 1260
5 100 0
5 101 -1
5 102 -1
5 103 27
5 104 -1
5 105 0
5 106 0
5 107 0
5 108 [1]
6 108 ->
7 109 6
7 114 ->
8 115 [1]
9 115 -100
4 98 ->
5 99 1270
5 100 BFF
5 101 -1
5 102 -1
5 103 -1
5 104 -1
5 105 0
5 106 0
5 107 0
5 108 [1]
6 108 ->
7 109 6
7 114 ->
8 115 [1]
9 115 -100
4 98 ->
5 99 1271
5 100 4008
5 101 -1
5 102 -1
5 103 -1
5 104 -1
5 105 0
5 106 0
5 107 0
5 108 [1]
6 108 ->
7 109 6
7 114 ->
8 115 [1]
9 115 -100
3 116 -1
3 117 0
3 118 [1]
4 118 
5 119 10
5 120 0
5 121 [4][3]
$3FF,2*0
$0,3FF,0
$2*0,3FF
$BFF38,2*0
2 122 NULL
2 123 -1
2 124 -1
2 125 NULL
2 126 NULL
2 140 [3]
$24,28,66
2 127 ->
3 128 0
3 129 0
3 130 [2][3]
$BFF821200F16A4A2,BFAEB851EB851EB8,BFE64F885485EFE2
$3FEC8A8CAE9F838R,3FD50B9ECD2541A5,3FE64F885485EFE2
3 131 0
3 132 NULL
3 133 -1
2 134 -1
2 135 NULL
2 136 10
2 137 ->
3 138 5
1 139 ->
2 47 71
2 48 1
2 49 ->
3 50 -1
3 51 923
3 52 NULL
3 53 0
3 54 [3]
$3*0
3 55 0
3 56 -1
3 57 -1
3 58 ->
4 59 0
4 60 0
4 61 -1
4 62 -1
4 63 -1
4 64 -1
4 65 0
4 66 0
4 67 0
4 68 0
3 69 0
2 70 -1
2 71 DTM4
2 72 2
2 73 ->
3 74 [1][4]
$72,3*0
3 75 NULL
3 76 [20]
$3*-1,-2049,2*-1,-16777217,3*-1,-536870913,-1,-1126176897,-2,-2097185,
$-2097665,-1,5,2*0
3 77 NULL
3 78 ->
4 79 160010
4 80 160014
2 81 
3 82 [1]
4 82 ->
5 83 34
5 84 72
5 85 71
5 86 1
5 87 [2][2]
$BFEE2B1199FDE242,BFF2650F6BB735AR
$3FF0290F236B968B,3FF9098EE9CC5629
5 88 ->
6 89 [4][3]
$0,BFEFEC0B7170FFF7,BFB1DB8F6D6A513D
$0,3FB1DB8F6D6A513D,BFEFEC0B7170FFF7
$3FF,2*0
$0,3FD3D70A3D70A3D7,BFA1386566CA569D
5 90 NULL
5 91 0
5 92 1
5 93 [2][3]
$BFF8F9F1E4858136,3FCD6A2E359C81FD,BFEF3E97F06A87AC
$3FF25996D607037D,3FDAD37904BC2358,3FEF3E97F06A87AC
2 94 NULL
2 95 ->
2 96 ->
3 97 [4][3]
$0,BFEFEC0B7170FFF7,BFB1DB8F6D6A513D
$0,3FB1DB8F6D6A513D,BFEFEC0B7170FFF7
$3FF,2*0
$0,3FD3D70A3D70A3D7,BFA1386566CA569D
3 98 [2]
4 98 ->
5 99 508
5 100 3FF
5 101 -1
5 102 -1
5 103 23
5 104 72
5 105 0
5 106 0
5 107 32768
5 108 [2]
6 108 ->
7 109 1
7 110 ->
8 111 -4
8 112 5
8 113 0
6 108 ->
7 109 6
7 114 ->
8 115 [1]
9 115 -100
4 98 ->
5 99 506
5 100 4070A
5 101 15
5 102 -1
5 103 2
5 104 72
5 105 0
5 106 0
5 107 32768
5 108 [2]
6 108 ->
7 109 1
7 110 ->
8 111 -4
8 112 5
8 113 0
6 108 ->
7 109 6
7 114 ->
8 115 [1]
9 115 -100
3 116 -1
3 117 1
3 118 [1]
4 118 
5 119 11
5 120 0
5 121 [4][3]
$0,BFEFEC0B7170FFF7,BFB1DB8F6D6A513D
$0,3FB1DB8F6D6A513D,BFEFEC0B7170FFF7
$3FF,2*0
$0,3FD3D70A3D70A3D7,BFA1386566CA569D
2 122 NULL
2 123 72
2 124 -1
2 125 NULL
2 126 NULL
2 140 [2]
$1,20
2 127 ->
3 128 0
3 129 0
3 130 [2][3]
$BFF821200F16A4A2,BFAEB851EB851EB8,BFE64F885485EFE2
$3FEC8A8CAE9F838R,3FD50B9ECD2541A5,3FE64F885485EFE2
3 131 0
3 132 NULL
3 133 -1
2 134 -1
2 135 NULL
2 136 594
2 137 ->
3 138 2
1 139 ->
2 47 74
2 48 1
2 49 ->
3 50 -1
3 51 979
3 52 NULL
3 53 0
3 54 [3]
$3*0
3 55 0
3 56 -1
3 57 -1
3 58 ->
4 59 0
4 60 0
4 61 -1
4 62 -1
4 63 -1
4 64 -1
4 65 0
4 66 0
4 67 0
4 68 8
3 69 0
2 70 -1
2 71 no_name
2 72 2
2 322 ->
3 323 18
3 324 75
3 325 
4 155 1
3 326 -1
3 327 -1
3 328 0
3 329 [4][3]
$3FF,2*0
$0,3FF,0
$2*0,3FF
$0,3FD3D70A3D70A3D7,0
3 330 74
2 290 ->
3 291 34
3 292 CS1
3 293 1
3 294 [3]
$4082DCA324ABC116,407CB7CF39323C3B,40024FD9FD731A8E
3 295 75
3 296 1
3 297 BFF
3 298 BFF
3 299 
3 300 BFF
2 73 ->
3 158 [1]
4 158 
5 159 [5]
$75,534,0,-1,500
3 75 NULL
3 76 [20]
$3*-1,-2049,2*-1,-16777217,3*-1,-536870913,-1,-1126176897,-2,-2097185,
$-2097665,-1,5,2*0
3 77 NULL
3 78 ->
4 79 160010
4 80 160014
2 81 
2 94 NULL
2 95 ->
2 96 ->
3 97 [4][3]
$3FF,2*0
$0,3FF,0
$2*0,3FF
$0,3FD3D70A3D70A3D7,0
3 98 [5]
4 98 ->
5 99 1201
5 100 0
5 101 -1
5 102 -1
5 103 19
5 104 -1
5 105 0
5 106 0
5 107 0
5 108 [1]
6 108 ->
7 109 6
7 114 ->
8 115 [1]
9 115 -100
4 98 ->
5 99 1260
5 100 0
5 101 -1
5 102 -1
5 103 23
5 104 -1
5 105 0
5 106 0
5 107 0
5 108 [1]
6 108 ->
7 109 6
7 114 ->
8 115 [1]
9 115 -100
4 98 ->
5 99 1260
5 100 0
5 101 -1
5 102 -1
5 103 31
5 104 -1
5 105 0
5 106 0
5 107 0
5 108 [1]
6 108 ->
7 109 6
7 114 ->
8 115 [1]
9 115 -100
4 98 ->
5 99 1270
5 100 C
5 101 -1
5 102 -1
5 103 -1
5 104 -1
5 105 0
5 106 0
5 107 0
5 108 [1]
6 108 ->
7 109 6
7 114 ->
8 115 [1]
9 115 -100
4 98 ->
5 99 1271
5 100 C008
5 101 -1
5 102 -1
5 103 -1
5 104 -1
5 105 0
5 106 0
5 107 0
5 108 [1]
6 108 ->
7 109 6
7 114 ->
8 115 [1]
9 115 -100
3 116 -1
3 117 0
3 118 [1]
4 118 
5 119 10
5 120 0
5 121 [4][3]
$3FF,2*0
$0,3FF,0
$2*0,3FF
$0,3FD3D70A3D70A3D7,0
2 122 NULL
2 123 -1
2 124 -1
2 125 NULL
2 126 NULL
2 140 [3]
$16,20,28
2 127 ->
3 128 0
3 129 0
3 130 [2][3]
$BFF821200F16A4A2,BFAEB851EB851EB8,BFE64F885485EFE2
$3FEC8A8CAE9F838R,3FD50B9ECD2541A5,3FE64F885485EFE2
3 131 0
3 132 NULL
3 133 -1
2 134 -1
2 135 NULL
2 136 1
2 137 ->
3 138 5
1 139 ->
2 47 82
2 48 1
2 49 ->
3 50 -1
3 51 923
3 52 NULL
3 53 0
3 54 [3]
$3,2*0
3 55 0
3 56 -1
3 57 -1
3 58 ->
4 59 0
4 60 0
4 61 -1
4 62 970
4 63 -1
4 64 -1
4 65 0
4 66 0
4 67 0
4 68 0
3 69 0
2 70 -1
2 71 no_name
2 72 2
2 73 ->
3 74 [1][4]
$83,3*0
3 75 NULL
3 76 [20]
$3*-1,-2049,2*-1,-16777217,3*-1,-536870913,-1,-1126176897,-2,-2097185,
$-2097665,-1,1073741805,2*0
3 77 NULL
3 78 ->
4 79 160014
4 80 160014
2 81 
3 82 [1]
4 82 ->
5 83 34
5 84 83
5 85 82
5 86 -1
5 87 [2][2]
$2*0
$2*0
5 88 ->
6 89 [4][3]
$3FF,2*0
$0,3FF,0
$2*0,3FF
$3*0
5 90 NULL
5 91 0
5 92 1
5 93 [2][3]
$3*0
$3*0
2 94 NULL
2 95 ->
2 96 ->
3 97 [4][3]
$3FF,2*0
$0,3FF,0
$2*0,3FF
$3*0
3 98 [2]
4 98 ->
5 99 509
5 100 3FF
5 101 -1
5 102 -1
5 103 6
5 104 83
5 105 0
5 106 0
5 107 32768
5 108 [2]
6 108 ->
7 109 1
7 110 ->
8 111 -4
8 112 5
8 113 0
6 108 ->
7 109 6
7 114 ->
8 115 [1]
9 115 -100
4 98 ->
5 99 510
5 100 3FF
5 101 -1
5 102 -1
5 103 4
5 104 83
5 105 0
5 106 0
5 107 32768
5 108 [2]
6 108 ->
7 109 1
7 110 ->
8 111 -4
8 112 5
8 113 0
6 108 ->
7 109 6
7 114 ->
8 115 [1]
9 115 -100
3 116 -1
3 117 1
3 118 [1]
4 118 
5 119 11
5 120 0
5 121 [4][3]
$3FF,2*0
$0,3FF,0
$2*0,3FF
$3*0
2 122 NULL
2 123 83
2 124 -1
2 125 NULL
2 126 NULL
2 140 [2]
$3,5
2 127 ->
3 128 0
3 129 0
3 130 [2][3]
$BFF821200F16A4A2,BFAEB851EB851EB8,BFE64F885485EFE2
$3FEC8A8CAE9F838R,3FD50B9ECD2541A5,3FE64F885485EFE2
3 131 0
3 132 NULL
3 133 -1
2 134 -1
2 135 NULL
2 136 0
2 137 ->
3 138 2
1 139 ->
2 47 81
2 48 1
2 49 ->
3 50 -1
3 51 949
3 52 NULL
3 53 0
3 54 [3]
$3*0
3 55 0
3 56 -1
3 57 -1
3 58 ->
4 59 0
4 60 0
4 61 -1
4 62 -1
4 63 -1
4 64 -1
4 65 0
4 66 0
4 67 0
4 68 1
3 69 0
2 70 -1
2 71 no_name
2 72 2
2 141 ->
3 142 41
3 143 84
3 144 
3 145 1
3 146 [2]
4 146 
5 147 85
5 148 1
5 149 1
4 146 
5 147 86
5 148 1
5 149 1
3 150 1
3 151 1
@entity(arc_z) 331 0
2 331 ->
@type 332 1
3 332 15
@id 333 1
3 333 86
@gen_info 334 0
3 334 
4 155 13
@flip 335 1
3 335 1
@center 336 2
3 336 [3]
$0,3FD3D70A3D70A3D7,0
@radius 337 2
3 337 3FE4CR
@end1 338 2
3 338 [3]
$BFE4CR,3FD3D70A3D70A3D7,0
@end2 339 2
3 339 [3]
$3FE4CR,3FD3D70A3D70A3D7,0
@t0 340 2
3 340 0
@t1 341 2
3 341 400921FB54442D18
@z_vec 342 2
3 342 [3]
$2*0,3FF
2 331 ->
3 332 15
3 333 85
3 334 
4 155 13
3 335 1
3 336 [3]
$0,3FD3D70A3D70A3D7,0
3 337 3FE4CR
3 338 [3]
$3FE4CR,3FD3D70A3D70A3D7,0
3 339 [3]
$BFE4CR,3FD3D70A3D70A3D7,0
3 340 0
3 341 400921FB54442D18
3 342 [3]
$2*0,3FF
2 73 ->
3 158 [3]
4 158 
5 159 [5]
$84,550,-1,0,500
4 158 
5 159 [5]
$85,533,0,-1,500
4 158 
5 159 [5]
$86,533,2*-1,500
3 160 [1]
4 160 
5 161 83
5 162 -1
3 75 NULL
3 76 [20]
$3*-1,-2049,2*-1,-16777217,3*-1,-536870913,-1,-1126176897,-2,-2097185,
$-2097665,-1,1073741805,2*0
3 77 NULL
3 78 ->
4 79 160014
4 80 160014
2 81 
2 94 NULL
2 95 ->
2 96 ->
3 97 [4][3]
$3FF,2*0
$0,3FF,0
$2*0,3FF
$3*0
3 116 -1
3 117 0
3 118 [1]
4 118 
5 119 1
5 120 0
5 121 [4][3]
$3FF,2*0
$0,3FF,0
$2*0,3FF
$3*0
2 122 NULL
2 123 -1
2 163 [1]
3 163 
4 164 2
4 165 S2D0001
4 166 ->
5 167 S2D0001
5 168 [2]
6 168 
7 169 10
7 170 [3]
$3*0
7 171 [2]
$2*0
7 172 0
7 173 0
7 174 0
7 175 0
7 176 0
7 177 
7 178 
8 179 0
8 180 -1
6 168 
7 169 32769
7 170 [3]
$3*0
7 171 [2]
$2*0
7 172 0
7 173 0
7 174 0
7 175 0
7 176 1
7 177 
7 178 
8 179 0
8 180 -1
5 183 [2]
6 183 
7 184 3
7 185 3FE4CR
7 186 0
7 187 0
7 188 [2]
7 189 [2]
7 190 0
7 191 0
7 192 
8 193 [2]
$34,0
7 194 [2]
8 194 
9 195 0
9 196 -1
9 197 [2]
$2*-1
8 194 
9 195 -1
9 196 -1
9 197 [2]
$2*-1
6 183 
7 184 42
7 185 0
7 186 0
7 187 0
7 188 [2]
7 189 [2]
7 190 0
7 191 1
7 192 
8 193 [2]
$2*0
7 194 [2]
8 194 
9 195 1
9 196 3
9 197 [2]
$2*-1
8 194 
9 195 0
9 196 3
9 197 [2]
$2*-1
5 198 [1]
6 198 
7 199 0
7 200 0
7 201 [4]
$4*0
7 202 [4]
$4*0
7 203 [4]
$4*3FF
7 204 1
7 205 0
7 206 14
5 207 [1]
6 207 0
5 208 -1
5 209 NULL
5 210 1
5 211 1
5 212 ->
6 213 0
6 214 0
6 215 0
5 216 ->
6 217 0
6 218 0
6 219 0
5 220 ->
6 221 NULL
5 222 1
5 223 [2]
6 223 
7 224 0
6 223 
7 224 0
5 225 [1]
6 225 
7 226 0
7 227 16
7 228 0
7 229 3
7 230 [2]
8 230 
9 231 1
9 232 4
8 230 
9 231 0
9 232 4
4 237 ->
5 238 7
5 239 S2D0001
5 240 1
5 241 -1
5 242 NULL
5 243 -1
5 244 83
5 245 1
5 246 [1]
6 246 
7 247 75
7 248 25
7 249 -1
7 250 1
7 251 0
@save_entity_ptr(point) 343 0
7 343 ->
8 268 32769
8 269 -1
8 270 
8 271 1
8 272 [3]
$0,3FD3D70A3D70A3D7,0
8 273 -1
8 274 -1
@back_entity_ptr(point) 344 0
7 344 ->
8 268 32769
8 269 -1
8 270 
8 271 1
8 272 [3]
$0,3FD3D70A3D70A3D7,0
8 273 -1
8 274 -1
4 255 [2]
5 255 
6 256 0
6 257 2
5 255 
6 256 0
6 257 4
4 258 [2]
$21,22
4 259 0
4 260 -1
4 261 [1]
5 261 
6 262 2
6 263 -100
4 264 0
4 265 BFF
4 266 ->
5 275 ->
6 277 0
6 278 
6 279 [3]
$0,3FD3D70A3D70A3D7,0
6 280 3FE4CR
5 267 ->
6 268 32769
6 269 1
6 270 
6 271 1
6 272 [3]
$0,3FD3D70A3D70A3D7,0
6 273 -1
6 274 -1
5 281 [4][3]
$3FF,2*0
$0,3FF,0
$2*0,3FF
$3*0
2 124 -1
2 125 NULL
2 126 NULL
2 140 [2]
$74,82
2 127 ->
3 128 0
3 129 0
3 130 [2][3]
$BFF821200F16A4A2,BFAEB851EB851EB8,BFE64F885485EFE2
$3FEC8A8CAE9F838R,3FD50B9ECD2541A5,3FE64F885485EFE2
3 131 0
3 132 NULL
3 133 -1
2 134 -1
2 135 NULL
2 136 165
2 137 ->
3 282 [1]
4 282 ->
5 283 4
5 284 0
5 285 0
5 286 1
3 138 0
1 139 NULL
@assem_mass_prop_ptr 345 0
1 345 NULL
@mass_prop_ptr 346 0
1 346 ->
@type 347 1
2 347 0
@density 348 2
2 348 3FF
@init_dens 349 5
2 349 1
@rel_density 350 2
2 350 0
@init_rel_dens 351 5
2 351 0
@aver_density 352 2
2 352 3FF
@vrevnum 353 1
2 353 1062
@volume 354 2
2 354 0
@cg 355 2
2 355 [3]
$3*0
@inertia 356 2
2 356 [3][3]
$3*0
$3*0
$3*0
@eps 357 2
2 357 3EE4F8B588E368F1
@surfarea 358 2
2 358 0
@assign_mp_ptr 359 0
1 359 NULL
@tol_default_ptr 360 0
1 360 ->
@type 361 1
2 361 10
@value 362 2
2 362 [7]
$0,3FB9R,3F847AE147AE147B,3F50624DD2F1A9FC,3F1A36E2EB1C432D,
$3EE4F8B588E368F1,3EB0C6F7A0B5ED8E
@ang_value 363 2
2 363 [7]
$0,6*3FE
@standard 364 1
2 364 0
@iso_tol_tbls_ptr 365 0
2 365 NULL
@ref_part_table 366 0
1 366 [1]
2 366 NULL
@first_xsec_ptr 367 0
1 367 NULL
@datum_count 368 1
1 368 0
@axis_count 369 1
1 369 8
@insert_layer_id 370 1
1 370 -1
@layer_count 371 1
1 371 1
@layer_list 372 0
1 372 [22]
2 372 
@feat_id 373 1
3 373 1
@layer_id 374 1
3 374 0
@back_layer_id 375 1
3 375 0
2 372 
3 373 3
3 374 0
3 375 0
2 372 
3 373 5
3 374 0
3 375 0
2 372 
3 373 8
3 374 0
3 375 0
2 372 
3 373 7
3 374 0
3 375 0
2 372 
3 373 14
3 374 0
3 375 0
2 372 
3 373 16
3 374 0
3 375 0
2 372 
3 373 20
3 374 0
3 375 0
2 372 
3 373 24
3 374 0
3 375 0
2 372 
3 373 28
3 374 0
3 375 0
2 372 
3 373 32
3 374 0
3 375 0
2 372 
3 373 34
3 374 0
3 375 0
2 372 
3 373 40
3 374 0
3 375 0
2 372 
3 373 55
3 374 0
3 375 0
2 372 
3 373 59
3 374 0
3 375 0
2 372 
3 373 64
3 374 0
3 375 0
2 372 
3 373 66
3 374 0
3 375 0
2 372 
3 373 68
3 374 0
3 375 0
2 372 
3 373 71
3 374 0
3 375 0
2 372 
3 373 74
3 374 0
3 375 0
2 372 
3 373 82
3 374 0
3 375 0
2 372 
3 373 81
3 374 0
3 375 0
@lang_ptr 376 0
1 376 ->
@interact_on 377 1
2 377 -1
@first_csys_ptr 378 0
1 378 NULL
@color_prop_ptr 379 0
1 379 NULL
@fem_data 380 0
1 380 NULL
@rel_part_eps 381 2
1 381 3F53A92A30553261
@names_table 382 0
1 382 [16]
2 382 ->
@id 383 1
3 383 7
@type 384 1
3 384 3
@name 385 10
3 385 LINKAGE
2 382 ->
3 383 2
3 384 5
3 385 DTM1
2 382 ->
3 383 4
3 384 5
3 385 DTM2
2 382 ->
3 383 6
3 384 5
3 385 DTM3
2 382 ->
3 383 15
3 384 5
3 385 GEAR
2 382 ->
3 383 33
3 384 5
3 385 MG_SURF
2 382 ->
3 383 60
3 384 5
3 385 ROTOR
2 382 ->
3 383 65
3 384 5
3 385 GEAR_ANGLE
2 382 ->
3 383 72
3 384 5
3 385 DTM4
2 382 ->
3 383 69
3 384 25
3 385 CS0
2 382 ->
3 383 75
3 384 25
3 385 CS1
2 382 ->
3 383 17
3 384 66
3 385 PNT0
2 382 ->
3 383 18
3 384 66
3 385 PNT1
2 382 ->
3 383 19
3 384 66
3 385 PNT2
2 382 ->
3 383 41
3 384 66
3 385 PNT3
2 382 ->
3 383 67
3 384 66
3 385 PNT4
@drv_tbl_ptr 386 0
1 386 NULL
@assembled_count 387 1
1 387 3
@part_type 388 1
1 388 1
@mat_name_ptr 389 10
1 389 NULL
@first_ent_id 390 1
1 390 536243
@first_view_id 391 1
1 391 0
@outline 392 2
1 392 [2][3]
$BFF821200F16A4A2,BFD3B954DB9B643F,BFED174AF9763538
$3FEC8A8CAE9F838R,3FEDB3B4AB3E55F6,3FED174AF9763538
@dim_num 393 1
1 393 23
@dim_array 394 0
1 394 [23]
2 394 ->
@type 395 1
3 395 8
@dim_type 396 1
3 396 42
@feat_id 397 1
3 397 7
@attributes 398 1
3 398 32
@dim_dat_ptr 399 0
3 399 ->
@value 400 2
4 400 0
@bck_value 401 2
4 401 0
@tol_ptr 402 0
4 402 ->
@type 403 1
5 403 9
@tol_type 404 1
5 404 3
@dual_digits_diff 405 1
5 405 999
@value 406 2
5 406 [2]
$2*3F847AE147AE147B
@nominal_value 407 2
4 407 0
@bound 408 1
4 408 20
@bck_bound 409 1
4 409 -1
@bck_tol_ptr 410 0
4 410 ->
@value 411 2
5 411 [2]
$2*3F847AE147AE147B
@datum_def_id 412 1
4 412 -1
@places_denom 413 1
4 413 2
@bck_places_denom 414 1
4 414 2
@dim_data_attrib 415 1
4 415 0
@dim_cosm_ptr 416 0
3 416 ->
@d0 417 2
4 417 0
@d1 418 2
4 418 0
@d2 419 2
4 419 0
@d3 420 2
4 420 0
@ord_info 421 0
4 421 NULL
@attach_ptr 422 0
3 422 NULL
@dim_text_ptr 423 0
3 423 ->
@symbol 424 10
4 424 d0
@parent_dim_id 425 1
3 425 -1
2 394 ->
3 395 8
3 396 42
3 397 7
3 398 32
3 399 ->
4 400 0
4 401 0
4 402 ->
5 403 9
5 404 3
5 405 999
5 406 [2]
$2*3F847AE147AE147B
4 407 0
4 408 20
4 409 -1
4 410 ->
5 411 [2]
$2*3F847AE147AE147B
4 412 -1
4 413 2
4 414 2
4 415 0
3 416 ->
4 417 0
4 418 0
4 419 0
4 420 0
4 421 NULL
3 422 NULL
3 423 ->
4 424 d1
3 425 -1
2 394 ->
3 395 8
3 396 1
3 397 7
3 398 289
3 399 ->
4 400 3FF6E147AE147AE1
4 401 3FF6E147AE147AE1
4 402 ->
5 403 9
5 404 3
5 405 999
5 406 [2]
$2*3F847AE147AE147B
4 407 3FF6E147AE147AE1
4 408 20
4 409 -1
4 410 ->
5 411 [2]
$2*3F847AE147AE147B
4 412 -1
4 413 2
4 414 2
4 415 0
3 416 ->
4 417 3FEB4F5F51EE7107
4 418 3FE6285FE36F2668
4 419 3FDAB93F8889FCC7
4 420 403B1EDB6DB6DB6D
4 421 NULL
3 422 NULL
3 423 ->
4 424 d2
3 425 -1
2 394 ->
3 395 8
3 396 1
3 397 7
3 398 289
3 399 ->
4 400 3FD3R
4 401 3FD3R
4 402 ->
5 403 9
5 404 3
5 405 999
5 406 [2]
$2*3F847AE147AE147B
4 407 3FD3R
4 408 20
4 409 -1
4 410 ->
5 411 [2]
$2*3F847AE147AE147B
4 412 -1
4 413 2
4 414 2
4 415 0
3 416 ->
4 417 3FDA79E12B0E8AA5
4 418 4047700C155C9662
4 419 3FD3907CD07AD341
4 420 403B1EDB6DB6DB6D
4 421 NULL
3 422 NULL
3 423 ->
4 424 d3
3 425 -1
2 394 ->
3 395 8
3 396 2
3 397 7
3 398 289
3 399 ->
4 400 3FD3D70A3D70A3D7
4 401 3FD3D70A3D70A3D7
4 402 ->
5 403 9
5 404 3
5 405 999
5 406 [2]
$2*3F847AE147AE147B
4 407 3FD3D70A3D70A3D7
4 408 20
4 409 -1
4 410 ->
5 411 [2]
$2*3F847AE147AE147B
4 412 -1
4 413 2
4 414 2
4 415 0
3 416 ->
4 417 40546B1B1E49C8C8
4 418 3FE49112F8915927
4 419 3FE49112F8915927
4 420 403B1EDB6DB6DB6D
4 421 NULL
3 422 NULL
3 423 ->
4 424 d4
3 425 -1
2 394 NULL
2 394 ->
3 395 8
3 396 1
3 397 7
3 398 289
3 399 ->
4 400 4
4 401 4
4 402 ->
5 403 9
5 404 3
5 405 999
5 406 [2]
$2*3F847AE147AE147B
4 407 4
4 408 20
4 409 -1
4 410 ->
5 411 [2]
$2*3F847AE147AE147B
4 412 -1
4 413 2
4 414 2
4 415 0
3 416 ->
4 417 3FD70E7526360087
4 418 C05737934F8490D7
4 419 3FD70E7526360087
4 420 403B1EDB6DB6DB6D
4 421 NULL
3 422 NULL
3 423 ->
4 424 d6
3 425 -1
2 394 ->
3 395 8
3 396 204
3 397 14
3 398 257
3 399 ->
4 400 BFF38
4 401 BFF38
4 402 ->
5 403 9
5 404 3
5 405 999
5 406 [2]
$2*3F847AE147AE147B
4 407 BFF38
4 408 20
4 409 -1
4 410 ->
5 411 [2]
$2*3F847AE147AE147B
4 412 -1
4 413 2
4 414 2
4 415 4
3 416 ->
4 417 0
4 418 0
4 419 0
4 420 0
4 421 NULL
3 422 NULL
3 423 ->
4 424 d7
3 425 -1
2 394 ->
3 395 8
3 396 204
3 397 32
3 398 257
3 399 ->
4 400 3FD851EB851EB852
4 401 3FD851EB851EB852
4 402 ->
5 403 9
5 404 3
5 405 999
5 406 [2]
$2*3F847AE147AE147B
4 407 3FD851EB851EB852
4 408 20
4 409 -1
4 410 ->
5 411 [2]
$2*3F847AE147AE147B
4 412 -1
4 413 2
4 414 2
4 415 0
3 416 ->
4 417 0
4 418 0
4 419 0
4 420 0
4 421 NULL
3 422 NULL
3 423 ->
4 424 d8
3 425 -1
2 394 ->
3 395 8
3 396 22
3 397 40
3 398 257
3 399 ->
4 400 BFD4
4 401 BFD4
4 402 ->
5 403 9
5 404 3
5 405 999
5 406 [2]
$2*3F847AE147AE147B
4 407 BFD4
4 408 20
4 409 -1
4 410 ->
5 411 [2]
$2*3F847AE147AE147B
4 412 -1
4 413 2
4 414 2
4 415 4
3 416 ->
4 417 0
4 418 0
4 419 0
4 420 0
4 421 NULL
3 422 NULL
3 423 ->
4 424 d9
3 425 -1
2 394 ->
3 395 8
3 396 204
3 397 59
3 398 257
3 399 ->
4 400 BFE3R
4 401 BFE3R
4 402 ->
5 403 9
5 404 3
5 405 999
5 406 [2]
$2*3F847AE147AE147B
4 407 BFE3R
4 408 20
4 409 -1
4 410 ->
5 411 [2]
$2*3F847AE147AE147B
4 412 -1
4 413 2
4 414 2
4 415 4
3 416 ->
4 417 0
4 418 0
4 419 0
4 420 0
4 421 NULL
3 422 NULL
3 423 ->
4 424 d10
3 425 -1
2 394 ->
3 395 8
3 396 205
3 397 64
3 398 257
3 399 ->
4 400 406A6
4 401 406A6
4 402 ->
5 403 9
5 404 3
5 405 999
5 406 [2]
$2*3FE
4 407 406A6
4 408 20
4 409 -1
4 410 ->
5 411 [2]
$2*3FE
4 412 -1
4 413 1
4 414 1
4 415 0
3 416 ->
4 417 0
4 418 0
4 419 0
4 420 0
4 421 NULL
3 422 NULL
3 423 ->
4 424 rotor_ang
3 425 -1
2 394 ->
3 395 8
3 396 201
3 397 66
3 398 257
3 399 ->
4 400 0
4 401 0
4 402 ->
5 403 9
5 404 3
5 405 999
5 406 [2]
$2*3F847AE147AE147B
4 407 0
4 408 20
4 409 -1
4 410 ->
5 411 [2]
$2*3F847AE147AE147B
4 412 -1
4 413 2
4 414 2
4 415 0
3 416 ->
4 417 0
4 418 0
4 419 0
4 420 0
4 421 NULL
3 422 NULL
3 423 ->
4 424 d12
3 425 -1
2 394 ->
3 395 8
3 396 201
3 397 66
3 398 257
3 399 ->
4 400 0
4 401 0
4 402 ->
5 403 9
5 404 3
5 405 999
5 406 [2]
$2*3F847AE147AE147B
4 407 0
4 408 20
4 409 -1
4 410 ->
5 411 [2]
$2*3F847AE147AE147B
4 412 -1
4 413 2
4 414 2
4 415 0
3 416 ->
4 417 0
4 418 0
4 419 0
4 420 0
4 421 NULL
3 422 NULL
3 423 ->
4 424 d13
3 425 -1
2 394 ->
3 395 8
3 396 22
3 397 66
3 398 257
3 399 ->
4 400 0
4 401 0
4 402 ->
5 403 9
5 404 3
5 405 999
5 406 [2]
$2*3F847AE147AE147B
4 407 0
4 408 20
4 409 -1
4 410 ->
5 411 [2]
$2*3F847AE147AE147B
4 412 -1
4 413 2
4 414 2
4 415 0
3 416 ->
4 417 0
4 418 0
4 419 0
4 420 0
4 421 NULL
3 422 NULL
3 423 ->
4 424 d14
3 425 -1
2 394 ->
3 395 8
3 396 205
3 397 71
3 398 257
3 399 ->
4 400 4070A
4 401 4070A
4 402 ->
5 403 9
5 404 3
5 405 999
5 406 [2]
$2*3FE
4 407 4070A
4 408 20
4 409 -1
4 410 ->
5 411 [2]
$2*3FE
4 412 -1
4 413 1
4 414 1
4 415 0
3 416 ->
4 417 0
4 418 0
4 419 0
4 420 0
4 421 NULL
3 422 NULL
3 423 ->
4 424 crank_ang
3 425 -1
2 394 ->
3 395 8
3 396 10
3 397 7
3 398 289
3 399 ->
4 400 4070A
4 401 4070A
4 402 ->
5 403 9
5 404 3
5 405 999
5 406 [2]
$2*3FE
4 407 4070A
4 408 20
4 409 -1
4 410 ->
5 411 [2]
$2*3FE
4 412 -1
4 413 2
4 414 2
4 415 0
3 416 ->
4 417 BFF
4 418 4068919752000F12
4 419 3FEBB56189D5EB0C
4 420 0
4 421 NULL
3 422 NULL
3 423 ->
4 424 main_angle
3 425 -1
2 394 ->
3 395 8
3 396 1
3 397 7
3 398 289
3 399 ->
4 400 3FE3R
4 401 3FE3R
4 402 ->
5 403 9
5 404 4
5 405 999
5 406 [2]
$2*3F847AE147AE147B
4 407 3FE3R
4 408 20
4 409 -1
4 410 ->
5 411 [2]
$2*3F847AE147AE147B
4 412 -1
4 413 2
4 414 2
4 415 0
3 416 ->
4 417 3FB589D82EF3680D
4 418 C05069C415EDC2BD
4 419 3FDA8BA2E8BA2E8D
4 420 403B1EDB6DB6DB72
4 421 NULL
3 422 NULL
3 423 ->
4 424 d17
3 425 -1
2 394 ->
3 395 8
3 396 1
3 397 7
3 398 33
3 399 ->
4 400 3FBEB851EB851EB8
4 401 3FBEB851EB851EB8
4 402 ->
5 403 9
5 404 4
5 405 999
5 406 [2]
$2*3F847AE147AE147B
4 407 3FBEB851EB851EB8
4 408 20
4 409 -1
4 410 ->
5 411 [2]
$2*3F847AE147AE147B
4 412 -1
4 413 2
4 414 2
4 415 0
3 416 ->
4 417 C038BD18B5753451
4 418 3FCE48EB1CD9C34D
4 419 3FE03D226357E16R
4 420 403B1EDB6DB6DB72
4 421 NULL
3 422 NULL
3 423 ->
4 424 d18
3 425 -1
2 394 ->
3 395 8
3 396 5
3 397 7
3 398 33
3 399 ->
4 400 3FAEB851EB851EB8
4 401 3FAEB851EB851EB8
4 402 ->
5 403 9
5 404 4
5 405 999
5 406 [2]
$2*3F847AE147AE147B
4 407 3FAEB851EB851EB8
4 408 20
4 409 -1
4 410 ->
5 411 [2]
$2*3F847AE147AE147B
4 412 -1
4 413 2
4 414 2
4 415 0
3 416 ->
4 417 3FD11CDCDBA8D7ED
4 418 3FAD5DFB42C3A5EF
4 419 3FE81988631759B8
4 420 403B1EDB6DB6DB72
4 421 NULL
3 422 NULL
3 423 ->
4 424 d19
3 425 -1
2 394 ->
3 395 8
3 396 3
3 397 7
3 398 289
3 399 ->
4 400 3FE4CR
4 401 3FE4CR
4 402 ->
5 403 9
5 404 4
5 405 999
5 406 [2]
$2*3F847AE147AE147B
4 407 3FE4CR
4 408 20
4 409 -1
4 410 ->
5 411 [2]
$2*3F847AE147AE147B
4 412 -1
4 413 2
4 414 2
4 415 0
3 416 ->
4 417 3FE70A3D70A3D70A
4 418 4045D5A63D577486
4 419 BFA1A5EF1B07E3A
4 420 403B1EDB6DB6DB71
4 421 NULL
3 422 NULL
3 423 ->
4 424 d20
@line_array 426 0
4 426 [1]
5 426 
@text_array 427 0
6 427 [2]
7 427 
@text_type 428 1
8 428 54
@text_value 429 10
8 429 R
@txt_attrib 430 1
8 430 1024
@owner_id 431 1
8 431 20
@part_id 432 1
8 432 0
@height 433 2
8 433 BFF
@width_factor 434 2
8 434 BFF
@format_info 435 0
8 435 
@thickness 436 2
8 436 BFF
7 427 
8 428 61
8 429 
8 430 1025
8 431 20
8 432 0
8 433 BFF
8 434 BFF
8 435 
8 436 BFF
3 425 -1
2 394 ->
3 395 8
3 396 3
3 397 81
3 398 289
3 399 ->
4 400 3FE4CR
4 401 3FE4CR
4 402 ->
5 403 9
5 404 4
5 405 999
5 406 [2]
$2*3F847AE147AE147B
4 407 3FE4CR
4 408 20
4 409 -1
4 410 ->
5 411 [2]
$2*3F847AE147AE147B
4 412 -1
4 413 2
4 414 2
4 415 0
3 416 ->
4 417 3FE3R
4 418 4051BBA0ED1D3279
4 419 3FA21026B29BF0B
4 420 403B1EDB6DB6DB6F
4 421 NULL
3 422 NULL
3 423 ->
4 424 d21
4 426 [1]
5 426 
6 427 [2]
7 427 
8 428 54
8 429 R
8 430 1024
8 431 21
8 432 0
8 433 BFF
8 434 BFF
8 435 
8 436 BFF
7 427 
8 428 61
8 429 
8 430 1025
8 431 21
8 432 0
8 433 BFF
8 434 BFF
8 435 
8 436 BFF
3 425 -1
2 394 ->
3 395 8
3 396 42
3 397 81
3 398 32
3 399 ->
4 400 0
4 401 0
4 402 ->
5 403 9
5 404 4
5 405 999
5 406 [2]
$2*3F847AE147AE147B
4 407 0
4 408 20
4 409 -1
4 410 ->
5 411 [2]
$2*3F847AE147AE147B
4 412 -1
4 413 2
4 414 2
4 415 0
3 416 ->
4 417 0
4 418 0
4 419 0
4 420 0
4 421 NULL
3 422 NULL
3 423 ->
4 424 d22
3 425 -1
@ipar_num 437 1
1 437 0
@relpar_sets 438 0
1 438 [1]
2 438 
@id 439 1
3 439 -1
@type 440 1
3 440 2
@ext_ref_id 441 1
3 441 -1
@param 442 0
3 442 [14]
4 442 
@sym 443 10
5 443 
@value 444 0
5 444 
@type 445 1
6 445 50
@value(d_val) 446 2
6 446 0
@bak_value 447 0
5 447 
6 445 50
6 446 0
4 442 
5 443 
5 444 
6 445 50
6 446 0
5 447 
6 445 50
6 446 0
4 442 
5 443 
5 444 
6 445 50
6 446 4014
5 447 
6 445 50
6 446 4014
4 442 
5 443 
5 444 
6 445 50
6 446 4014
5 447 
6 445 50
6 446 4014
4 442 
5 443 
5 444 
6 445 50
6 446 0
5 447 
6 445 50
6 446 0
4 442 
5 443 
5 444 
6 445 50
6 446 40713
5 447 
6 445 50
6 446 40713
4 442 
5 443 
5 444 
6 445 50
6 446 405F4
5 447 
6 445 50
6 446 405F4
4 442 
5 443 
5 444 
6 445 50
6 446 0
5 447 
6 445 50
6 446 0
4 442 
5 443 COST
5 444 
6 445 50
6 446 0
5 447 
6 445 50
6 446 0
4 442 
5 443 
5 444 
6 445 2147456856
5 447 
6 445 2147456856
4 442 
5 443 
5 444 
6 445 51
@value(s_val) 448 10
6 448 
5 447 
6 445 51
6 448 
4 442 
5 443 
5 444 
6 445 51
6 448 inhose
5 447 
6 445 51
6 448 inhose
4 442 
5 443 
5 444 
6 445 51
6 448 
5 447 
6 445 51
6 448 
4 442 
5 443 VENDOR
5 444 
6 445 51
6 448 inhouse
5 447 
6 445 51
6 448 inhouse
@relatnum 449 1
3 449 11
@relation 450 10
3 450 [11]
4 450 /**** Simulation of rotation
4 450 d16=d16+29
4 450 if d16 >= 340
4 450 d16 =5
4 450 endif
4 450 /**** Assign simulation angle to main gear angle
4 450 d16=d16
4 450 /**** Assign rotor angular position; gear ratio 3.5:1
4 450 d11=d16*3.5-360*ceil(((d16*3.5/360)-1))
4 450 /**** Assign crank angle position; gear ratio 1:1
4 450 d15=d16
@bak_relation 451 10
3 451 [11]
4 451 /**** Simulation of rotation
4 451 d16=d16+29
4 451 if d16 >= 340
4 451 d16 =5
4 451 endif
4 451 /**** Assign simulation angle to main gear angle
4 451 d16=d16
4 451 /**** Assign rotor angular position; gear ratio 3.5:1
4 451 d11=d16*3.5-360*ceil(((d16*3.5/360)-1))
4 451 /**** Assign crank angle position; gear ratio 1:1
4 451 d15=d16
@unit_arr 452 0
1 452 [2]
2 452 
@type 453 1
3 453 1
@factor 454 2
3 454 3FF
@name 455 10
3 455 INCH
@unit_type 456 1
3 456 0
2 452 
3 453 2
3 454 3FF
3 455 POUND
3 456 1
@geom_lib_ptr 457 0
1 457 NULL
@first_quilt_ptr 458 1
1 458 0
@attrib_array 459 1
1 459 [3]
$2*0,4
@smt_info_ptr 460 0
1 460 NULL
@cable_info_ptr 461 0
1 461 NULL
@comp_info_ptr 462 0
1 462 NULL
@max_part_size 463 2
1 463 0
@prt_misc_ptr 464 0
1 464 ->
@shrink_data_ptr 465 0
2 465 NULL
@layer_array 466 0
1 466 [6]
2 466 ->
@id 467 1
3 467 38
@type 468 1
3 468 117
@user_id 469 1
3 469 0
@weird_wline_ptr 470 0
3 470 ->
@weird_wline 471 10
4 471 DATPLN
@layer_objects 472 0
3 472 [6]
4 472 
@type 473 1
5 473 3
4 472 
5 473 8
4 472 
5 473 62
4 472 
5 473 144
4 472 
5 473 145
4 472 
5 473 176
@ids 474 1
5 474 [4]
$2,4,6,72
@saved_operation 475 1
3 475 1
2 466 ->
3 467 39
3 468 117
3 469 0
3 470 ->
4 471 POINT
3 472 [6]
4 472 
5 473 3
5 474 [1]
6 474 40
4 472 
5 473 8
4 472 
5 473 62
4 472 
5 473 66
5 474 [4]
$17,18,19,67
4 472 
5 473 144
4 472 
5 473 145
3 475 1
2 466 ->
3 467 50
3 468 117
3 469 0
3 470 ->
4 471 ASM_REFS
3 472 [6]
4 472 
5 473 3
5 474 [10]
$14,20,24,28,32,34,55,59,64,74
4 472 
5 473 8
4 472 
5 473 62
4 472 
5 473 144
4 472 
5 473 145
4 472 
5 473 176
3 475 1
2 466 ->
3 467 63
3 468 117
3 469 0
3 470 ->
4 471 HOUSE_REF
3 472 [5]
4 472 
5 473 3
5 474 [3]
$20,28,68
4 472 
5 473 8
4 472 
5 473 62
4 472 
5 473 144
4 472 
5 473 145
3 475 1
2 466 ->
3 467 70
3 468 117
3 469 0
3 470 ->
4 471 CURVES
3 472 [2]
4 472 
5 473 8
4 472 
5 473 62
5 474 [3]
$11,12,13
3 475 1
2 466 ->
3 467 73
3 468 117
3 469 0
3 470 ->
4 471 SIMULATE
3 472 [2]
4 472 
5 473 3
5 474 [3]
$20,24,34
4 472 
5 473 62
5 474 [6]
$10,11,12,13,85,86
3 475 2
@expld_mv_info 476 0
1 476 NULL
@state_info_ptr 477 0
1 477 NULL
@alumni_feats 478 0
1 478 NULL
@model_name 479 10
1 479 REEL_SKELETON
@p_mdl_grid 480 0
1 480 NULL
@mdl_status_ptr 481 0
1 481 NULL
@cfg_states 482 0
1 482 NULL
@disp_outl_info 483 0
1 483 
@disp_outline 484 2
2 484 [2][3]
$BFFD19R,BFE0734C0A67272,BFEF3E97F06A87AE
$3FF25996D607037D,3FEE416808990ED2,3FF21184E79D99B9
@ribbon_info_ptr 485 0
1 485 NULL
@p_xref_data 486 0
1 486 ->
@View 487 0
0 487 ->
@id 488 1
1 488 0
@viewattr 489 0
1 489 
@attr_arr 490 1
2 490 [4]
$1,3*0
@mpoint 491 0
1 491 
@id 492 1
2 492 0
@coord 493 2
2 493 [3]
$BFD5800587252C38,3FCB9C37FC63CF64,3FB391C77B42AF1
@first_instr_ptr 494 0
2 494 NULL
@attach_ptr 495 0
2 495 NULL
@vpoint 496 0
1 496 
2 492 0
2 493 [3]
$407F4,407A5E,0
2 494 NULL
2 495 NULL
@orient 497 2
1 497 [4][4]
$3FF,3*0
$0,3FEFF81B98085FBR,3FA67813AE698B62,0
$0,BFA67813AE698B62,3FEFF81B98085FBR,0
$3*0,3FF
@local_sys 498 2
1 498 [4][4]
$4070DC204622F656,3*0
$0,4070D7F7C7E6AB8B,4027AD340FAD82A5,0
$0,C027AD340FAD82A5,4070D7F7C7E6AB8B,0
$408274FA262E319C,4076CA5DDB2C718D,C03727A4A9B084B,3FF
@first_instr_ptr 499 0
1 499 ->
@type 500 1
2 500 100
@geom_id 501 1
2 501 -1
@view_id 502 1
2 502 -1
@memb_num 503 1
2 503 0
@offset 504 2
2 504 0
@matrix 505 0
2 505 NULL
@next_instr_ptr 506 0
1 506 ->
2 500 115
2 501 83
2 502 -1
2 503 0
2 504 0
2 505 NULL
1 506 ->
2 500 125
2 501 -1
2 502 -1
2 503 0
2 504 0
2 505 ->
@matrix 507 2
3 507 [4][4]
$3FF,3*0
$0,3FEFF81B98085FBR,3FA67813AE698B62,0
$0,BFA67813AE698B62,3FEFF81B98085FBR,0
$3*0,3FF
1 506 NULL
@outer_xsec_index 508 1
1 508 -1
@next_view_id 509 1
1 509 -2
@simp_rep_id 510 1
1 510 0
@name 511 10
1 511 no name
@matrix 512 2
1 512 [4][4]
$3FF,3*0
$0,3FF,2*0
$2*0,3FF,0
$3*0,3FF
@fit_outline 513 2
1 513 [2][3]
$4059,405518,C072460403EAC36
$408C2,4087BB,4072460403EAC36
@det_info_ptr 514 0
1 514 NULL
@named_view_pzmatr 515 0
1 515 NULL
@page_id 516 1
1 516 0
@model_name 517 10
1 517 NULL
@unrep_model_name 518 10
1 518 NULL
@assem_merge_parts 519 0
0 519 ->
#END_OF_UGC
