#UGC:2 PART 887 360 0 1 1 15 1600 9547 \
#- VERS 0 0                                                          \
#- HOST                                                              \
#- LINK                                                              \
#- DBID                                                              \
#- REVS 0,                                                           \
#- RELL 0,                                                           \
#- UOBJ_ID 818777306 316664702 143768952                             \
#-END_OF_UGC_HEADER
#P_OBJECT 6
@P_object 1 0
0 1 ->
@dep_db 2 0
1 2 ->
@usr_rev 3 0
1 3 [2]
2 3 
@name 4 10
3 4 BAUERLE
@mod_time 5 0
3 5 
@tm_sec 6 1
4 6 30
@tm_min 7 1
4 7 23
@tm_hour 8 1
4 8 18
@tm_mday 9 1
4 9 7
@tm_mon 10 1
4 10 10
@tm_year 11 1
4 11 95
@action 12 1
3 12 1000
@comment 13 10
3 13 Hostname: 'buckle'
@rel_level 14 10
3 14 
@rev_string 15 10
3 15 
2 3 
3 4 USER
3 5 
4 6 26
4 7 8
4 8 14
4 9 12
4 10 11
4 11 95
3 12 1000
3 13 Hostname: 'arran'
3 14 
3 15 
@revnum_std 16 1
1 16 182
@flag 17 1
1 17 0
@name 18 10
1 18 NULL
@inst_hidden 19 1
1 19 0
@old_name 20 10
1 20 NULL
@user_symbols 21 0
1 21 [2]
2 21 ->
@class 22 1
3 22 1
@access 23 1
3 23 0
@changed 24 1
3 24 0
@copy_of_generic 25 1
3 25 0
@name 26 10
3 26 COST
@value 27 0
3 27 
@type 28 1
4 28 50
@value(d_val) 29 2
4 29 3F947AE147AE147B
2 21 ->
3 22 1
3 23 0
3 24 0
3 25 0
3 26 VENDOR
3 27 
4 28 51
@value(s_val) 30 10
4 30 Nails Co.
@appl_data 31 0
1 31 ->
@bounding_box 32 2
2 32 [2][3]
$BFBC825C6D6E25B6,BF604B8DADC4B6B9,BFBC874AA29D4C2B
$3FBC825C6D6E25B6,3FD020971B5B896D,3FBC874AA29D4C2B
@uobj_id 33 0
1 33 NULL
#END_OF_P_OBJECT
#Pro/ENGINEER  TM  Version G-01-14  (c) 1988-95 by Parametric Technology Corporation  All Rights Reserved. 9547
@Solid 34 0
0 34 ->
@tab_key 35 1
1 35 0
@tab_key_struct 36 0
1 36 ->
@tab_key_ptr 37 0
2 37 [121]
@cmprs_tabkey 38 0
2 38 NULL
@type 39 1
1 39 2
@revnum_ptr 40 0
1 40 ->
@geom_revnum 41 1
2 41 157
@cosm_revnum 42 1
2 42 25
@first_member_ptr 43 0
1 43 NULL
@alumni_members 44 0
1 44 NULL
@frst_geom_ptr 45 1
1 45 24
@first_feat_ptr 46 0
1 46 ->
@id 47 1
2 47 1
@indep_attributes 48 1
2 48 1
@feat_type_ptr 49 0
2 49 ->
@table_id 50 1
3 50 -1
@type 51 1
3 51 923
@feattype_key 52 10
3 52 NULL
@form 53 1
3 53 0
@attributes 54 1
3 54 [3]
$0,262144,0
@placement 55 1
3 55 0
@intersection 56 1
3 56 -1
@internal_udf_type 57 1
3 57 -1
@param_choice_ptr 58 0
3 58 ->
@blend_choice 59 1
4 59 0
@depth_choice 60 1
4 60 0
@angle_choice 61 1
4 61 -1
@pat_choice 62 1
4 62 -1
@round_choice 63 1
4 63 -1
@subsec_choice 64 1
4 64 -1
@sweep_choice 65 1
4 65 0
@dome_choice 66 1
4 66 0
@draft_choice 67 1
4 67 0
@misc_choice 68 1
4 68 0
@assoc_type 69 1
3 69 0
@symbol_key 70 1
2 70 -1
@sect_name 71 10
2 71 DTM1
@model_type 72 1
2 72 2
@idtab_ptr 73 0
2 73 ->
@srf_id_arr 74 1
3 74 [1][4]
$2,3*0
@save_geoms 75 0
3 75 NULL
@cr_flags_xar 76 1
3 76 [18]
$3*-1,-2049,2*-1,-16777217,3*-1,-536870913,-1,-1126176897,-2,-2097185,
$-2097665,-1,13
@cvt_feat_dat 77 0
3 77 NULL
@feat_dates_ptr 78 0
3 78 ->
@creat_date 79 1
4 79 160010
@regen_date 80 1
4 80 160010
@geometry 81 0
2 81 
@srf_array 82 0
3 82 [1]
4 82 ->
@geom_type 83 1
5 83 34
@geom_id 84 1
5 84 2
@feat_id 85 1
5 85 1
@boundary_type 86 1
5 86 1
@envlp 87 2
5 87 [2][2]
$BF604B8DADC4B6B9,BFBC874AA29D4C2B
$3FD020971B5B896D,3FBC874AA29D4C2B
@srf_prim_ptr(plane) 88 0
5 88 ->
@local_sys 89 2
6 89 [4][3]
$2*0,3FF
$3FF,2*0
$0,3FF,0
$3*0
@frst_cntr_ptr 90 0
5 90 NULL
@next_geom_ptr 91 1
5 91 0
@orient 92 1
5 92 1
@outline 93 2
5 93 [2][3]
$0,BF604B8DADC4B6B9,BFBC874AA29D4C2B
$0,3FD020971B5B896C,3FBC874AA29D4C2B
@group_info_ptr 94 0
2 94 NULL
@intrs_pairs_ptr 95 0
2 95 ->
@place_rec_ptr 96 0
2 96 ->
@local_sys 97 2
3 97 [4][3]
$2*0,3FF
$3FF,2*0
$0,3FF,0
$3*0
@place_instruction_ptrs 98 0
3 98 [1]
4 98 ->
@type 99 1
5 99 513
@offset 100 2
5 100 0
@dim_id 101 1
5 101 -1
@ref_id 102 1
5 102 -1
@geometry1_id 103 1
5 103 -1
@geometry2_id 104 1
5 104 2
@memb_num1 105 1
5 105 0
@memb_num2 106 1
5 106 0
@attr 107 1
5 107 32768
@plin_info_arr 108 0
5 108 [2]
6 108 ->
@type 109 1
7 109 1
@data(plin_info_ref) 110 0
7 110 ->
@id_type1 111 1
8 111 -4
@id_type2 112 1
8 112 5
@offset2 113 2
8 113 0
6 108 ->
7 109 6
@data(plin_info_ui_step) 114 0
7 114 ->
@step_ids 115 1
8 115 [1]
9 115 -100
@own_ref_id 116 1
3 116 -1
@orient 117 1
3 117 1
@trf_arr 118 0
3 118 [1]
4 118 
@type 119 1
5 119 11
@idx 120 1
5 120 0
@transf 121 2
5 121 [4][3]
$2*0,3FF
$3FF,2*0
$0,3FF,0
$3*0
@next_prop 122 0
2 122 NULL
@first_geom_id 123 1
2 123 2
@cond_tbl_idx 124 1
2 124 -1
@comment 125 10
2 125 NULL
@merge_info_ptr 126 0
2 126 NULL
@topology_increment 127 0
2 127 ->
@first_geom 128 1
3 128 0
@first_quilt 129 1
3 129 0
@outline 130 2
3 130 [2][3]
$BFBC,0,BFBC04EE352F2675
$3FBC,3FD,3FBC04EE352F2675
@max_part_size 131 2
3 131 0
@xform_increment 132 0
3 132 NULL
@roll_back_id 133 1
3 133 -1
@state_ind 134 1
2 134 -1
@alumni_info 135 0
2 135 NULL
@revnum 136 1
2 136 1
@rev_rec 137 0
2 137 ->
@num_plins 138 1
3 138 1
@next_feat_ptr 139 0
1 139 ->
2 47 3
2 48 1
2 49 ->
3 50 -1
3 51 923
3 52 NULL
3 53 0
3 54 [3]
$0,262144,0
3 55 0
3 56 -1
3 57 -1
3 58 ->
4 59 0
4 60 0
4 61 -1
4 62 -1
4 63 -1
4 64 -1
4 65 0
4 66 0
4 67 0
4 68 0
3 69 0
2 70 -1
2 71 DTM2
2 72 2
2 73 ->
3 74 [1][4]
$4,3*0
3 75 NULL
3 76 [18]
$3*-1,-2049,2*-1,-16777217,3*-1,-536870913,-1,-1126176897,-2,-2097185,
$-2097665,-1,13
3 77 NULL
3 78 ->
4 79 160010
4 80 160010
2 81 
3 82 [1]
4 82 ->
5 83 34
5 84 4
5 85 3
5 86 1
5 87 [2][2]
$BFBC874AA29D4C2B,BFBC825C6D6E25B6
$3FBC874AA29D4C2B,3FBC825C6D6E25B6
5 88 ->
6 89 [4][3]
$0,3FF,0
$2*0,3FF
$3FF,2*0
$3*0
5 90 NULL
5 91 0
5 92 1
5 93 [2][3]
$BFBC825C6D6E25B6,0,BFBC874AA29D4C2B
$3FBC825C6D6E25B6,0,3FBC874AA29D4C2B
2 94 NULL
2 95 ->
2 96 ->
3 97 [4][3]
$0,3FF,0
$2*0,3FF
$3FF,2*0
$3*0
3 98 [1]
4 98 ->
5 99 514
5 100 0
5 101 -1
5 102 -1
5 103 -1
5 104 4
5 105 0
5 106 0
5 107 32768
5 108 [2]
6 108 ->
7 109 1
7 110 ->
8 111 -4
8 112 5
8 113 0
6 108 ->
7 109 6
7 114 ->
8 115 [1]
9 115 -100
3 116 -1
3 117 1
3 118 [1]
4 118 
5 119 11
5 120 0
5 121 [4][3]
$0,3FF,0
$2*0,3FF
$3FF,2*0
$3*0
2 122 NULL
2 123 4
2 124 -1
2 125 NULL
2 126 NULL
2 127 ->
3 128 0
3 129 0
3 130 [2][3]
$BFBC,0,BFBC04EE352F2675
$3FBC,3FD,3FBC04EE352F2675
3 131 0
3 132 NULL
3 133 -1
2 134 -1
2 135 NULL
2 136 1
2 137 ->
3 138 1
1 139 ->
2 47 5
2 48 1
2 49 ->
3 50 -1
3 51 923
3 52 NULL
3 53 0
3 54 [3]
$3*0
3 55 0
3 56 -1
3 57 -1
3 58 ->
4 59 0
4 60 0
4 61 -1
4 62 -1
4 63 -1
4 64 -1
4 65 0
4 66 0
4 67 0
4 68 0
3 69 0
2 70 -1
2 71 DTM3
2 72 2
2 73 ->
3 74 [1][4]
$6,3*0
3 75 NULL
3 76 [18]
$3*-1,-2049,2*-1,-16777217,3*-1,-536870913,-1,-1126176897,-2,-2097185,
$-2097665,-1,13
3 77 NULL
3 78 ->
4 79 160010
4 80 160010
2 81 
3 82 [1]
4 82 ->
5 83 34
5 84 6
5 85 5
5 86 1
5 87 [2][2]
$BFBC825C6D6E25B6,BF604B8DADC4B6B9
$3FBC825C6D6E25B6,3FD020971B5B896D
5 88 ->
6 89 [4][3]
$3FF,2*0
$0,3FF,0
$2*0,3FF
$3*0
5 90 NULL
5 91 0
5 92 1
5 93 [2][3]
$BFBC825C6D6E25B6,BF604B8DADC4B6B9,0
$3FBC825C6D6E25B6,3FD020971B5B896C,0
2 94 NULL
2 95 ->
2 96 ->
3 97 [4][3]
$3FF,2*0
$0,3FF,0
$2*0,3FF
$3*0
3 98 [1]
4 98 ->
5 99 515
5 100 0
5 101 -1
5 102 -1
5 103 -1
5 104 6
5 105 0
5 106 0
5 107 32768
5 108 [2]
6 108 ->
7 109 1
7 110 ->
8 111 -4
8 112 5
8 113 0
6 108 ->
7 109 6
7 114 ->
8 115 [1]
9 115 -100
3 116 -1
3 117 1
3 118 [1]
4 118 
5 119 11
5 120 0
5 121 [4][3]
$3FF,2*0
$0,3FF,0
$2*0,3FF
$3*0
2 122 NULL
2 123 6
2 124 -1
2 125 NULL
2 126 NULL
2 127 ->
3 128 0
3 129 0
3 130 [2][3]
$BFBC,0,BFBC04EE352F2675
$3FBC,3FD,3FBC04EE352F2675
3 131 0
3 132 NULL
3 133 -1
2 134 -1
2 135 NULL
2 136 1
2 137 ->
3 138 1
1 139 ->
2 47 8
2 48 1
2 49 ->
3 50 -1
3 51 923
3 52 NULL
3 53 0
3 54 [3]
$3,2*0
3 55 0
3 56 -1
3 57 -1
3 58 ->
4 59 0
4 60 0
4 61 -1
4 62 970
4 63 -1
4 64 -1
4 65 0
4 66 0
4 67 0
4 68 0
3 69 0
2 70 -1
2 71 no_name
2 72 2
2 73 ->
3 74 [1][4]
$9,3*0
3 75 NULL
3 76 [18]
$3*-1,-2049,2*-1,-16777217,3*-1,-536870913,-1,-1126176897,-2,-2097185,
$-2097665,-1,13
3 77 NULL
3 78 ->
4 79 160010
4 80 160010
2 81 
3 82 [1]
4 82 ->
5 83 34
5 84 9
5 85 8
5 86 -1
5 87 [2][2]
$2*0
$2*0
5 88 ->
6 89 [4][3]
$3FF,2*0
$0,3FF,0
$2*0,3FF
$3*0
5 90 NULL
5 91 0
5 92 1
5 93 [2][3]
$3*0
$3*0
2 94 NULL
2 95 ->
2 96 ->
3 97 [4][3]
$3FF,2*0
$0,3FF,0
$2*0,3FF
$3*0
3 98 [2]
4 98 ->
5 99 509
5 100 3FF
5 101 -1
5 102 -1
5 103 6
5 104 9
5 105 0
5 106 0
5 107 32768
5 108 [2]
6 108 ->
7 109 1
7 110 ->
8 111 -4
8 112 5
8 113 0
6 108 ->
7 109 6
7 114 ->
8 115 [1]
9 115 -100
4 98 ->
5 99 510
5 100 3FF
5 101 -1
5 102 -1
5 103 4
5 104 9
5 105 0
5 106 0
5 107 32768
5 108 [2]
6 108 ->
7 109 1
7 110 ->
8 111 -4
8 112 5
8 113 0
6 108 ->
7 109 6
7 114 ->
8 115 [1]
9 115 -100
3 116 -1
3 117 1
3 118 [1]
4 118 
5 119 11
5 120 0
5 121 [4][3]
$3FF,2*0
$0,3FF,0
$2*0,3FF
$3*0
2 122 NULL
2 123 9
2 124 -1
2 125 NULL
2 126 NULL
@parent_table 140 1
2 140 [2]
$3,5
2 127 ->
3 128 0
3 129 0
3 130 [2][3]
$BFBC,0,BFBC04EE352F2675
$3FBC,3FD,3FBC04EE352F2675
3 131 0
3 132 NULL
3 133 -1
2 134 -1
2 135 NULL
2 136 0
2 137 ->
3 138 2
1 139 ->
2 47 7
2 48 1
2 49 ->
3 50 -1
3 51 917
3 52 NULL
3 53 2
3 54 [3]
$0,65536,0
3 55 0
3 56 991
3 57 -1
3 58 ->
4 59 0
4 60 0
4 61 964
4 62 -1
4 63 -1
4 64 -1
4 65 0
4 66 0
4 67 0
4 68 0
3 69 0
2 70 -1
2 71 no_name
2 72 2
@entity(line3d) 141 0
2 141 ->
@type 142 1
3 142 11
@id 143 1
3 143 54
@gen_info 144 0
3 144 
@geom_id 145 1
3 145 10
@end1 146 2
3 146 [3]
$0,3FD,0
@end2 147 2
3 147 [3]
$BFBC,3FD,0
2 141 ->
3 142 13
3 143 55
3 144 
@color 148 1
4 148 1
3 145 10
3 146 [3]
$0,3FD,0
3 147 [3]
$3*0
@entity(text) 149 0
2 149 ->
@text_type 150 1
3 150 19
@text_value 151 10
3 151 A_1
@txt_attrib 152 1
3 152 1
@coord 153 2
3 153 [3]
$407F4,408790B51330F77C,0
@owner_id 154 1
3 154 -1
@part_id 155 1
3 155 25
@height 156 2
3 156 BFF
@width_factor 157 2
3 157 BFF
@format_info 158 0
3 158 
@thickness 159 2
3 159 BFF
2 73 ->
3 74 [14][4]
$10,204,2*0
$16,203,2*0
$22,200,4,0
$24,200,3,0
$26,200,2,0
$28,200,1,0
$30,200,2*0
$32,204,0,1
$38,203,0,1
$44,200,4,1
$46,200,3,1
$48,200,2,1
$50,200,2*1
$52,200,0,1
@edg_id_arr 160 1
3 160 [30][6]
$11,221,4,2*0,10
$12,221,3,2*0,10
$13,221,2,2*0,48
$14,221,1,2*0,50
$15,221,3*0,10
$17,222,4,2*0,22
$18,222,3,2*0,24
$19,222,2,2*0,26
$20,222,1,2*0,28
$21,222,3*0,30
$23,303,4,2*0,22
$25,303,3,0,4,24
$27,303,2,0,3,26
$29,303,1,0,2,28
$31,303,2*0,1,30
$33,221,4,1,0,32
$34,221,3,1,0,32
$35,221,2,1,0,32
$36,221,2*1,0,32
$37,221,0,1,0,32
$39,222,4,1,0,38
$40,222,3,1,0,-1
$41,222,2,1,0,-1
$42,222,2*1,0,-1
$43,222,0,1,0,-1
$45,303,4,1,0,52
$47,303,3,1,4,44
$49,303,2,1,3,24
$51,303,2*1,2,48
$53,303,0,2*1,50
@misc_id_tab 161 0
3 161 [2]
4 161 
@misc_hist 162 1
5 162 [5]
$54,530,10,-1,500
4 161 
5 162 [5]
$55,531,10,-1,500
@dtm_id_tab 163 0
3 163 [1]
4 163 
@dtm_id 164 1
5 164 9
@dim_id 165 1
5 165 -1
3 75 ->
@sv_frst_geom 166 1
4 166 24
3 76 [18]
$3*-1,-2049,2*-1,-16777217,3*-1,-536870913,-1,-1126176897,-2,-2097185,
$-2097665,-1,13
3 77 NULL
3 78 ->
4 79 160010
4 80 160010
2 81 
3 82 [14]
4 82 ->
5 83 34
5 84 10
5 85 7
5 86 -1
5 87 [2][2]
$BFBC,3F8999999999998
$3FBC,3FD0CR
5 88 ->
6 89 [4][3]
$BFF,2*0
$0,BFF,0
$2*0,3FF
$0,3FD0CR,0
5 90 NULL
5 91 24
5 92 -1
5 93 [2][3]
$3*0
$3*0
4 82 ->
5 83 34
5 84 16
5 85 7
5 86 -1
5 87 [2][2]
$0,3F8999999999998
$3FBC,3FD0CR
5 88 ->
6 89 [4][3]
$BFF,2*0
$0,BFF,0
$2*0,3FF
$0,3FD0CR,0
5 90 NULL
5 91 24
5 92 -1
5 93 [2][3]
$3*0
$3*0
4 82 ->
5 83 36
5 84 22
5 85 7
5 86 -1
5 87 [2][2]
$C00921FB54442D18,3F8999999999998
$0,3FD0CR
@srf_prim_ptr(cylinder) 167 0
5 167 ->
@local_sys 168 2
6 168 [4][3]
$BFF,2*0
$2*0,BFF
$0,BFF,0
$0,3FD0CR,0
@radius 169 2
6 169 3EE4F8B588E368F1
5 90 NULL
5 91 24
5 92 -1
5 93 [2][3]
$3*0
$3*0
4 82 ->
5 83 34
5 84 24
5 85 7
5 86 0
5 87 [2][2]
$2*BFA570A3D70A3D7
$2*3FA570A3D70A3D7
5 88 ->
6 89 [4][3]
$BFF,2*0
$2*0,BFF
$0,BFF,0
$3*0
5 90 ->
@frst_cntr_crv_hdr_ptr 170 1
6 170 116
@trv 171 1
6 171 1
@envlp 172 2
6 172 [2][2]
$2*BFA570A3D70A3D7
$2*3FA570A3D70A3D7
@next_cntr_ptr 173 0
5 173 NULL
5 91 26
5 92 1
5 93 [2][3]
$BFA570A3D70A3D7,0,BFA570A3D70A3D7
$3FA570A3D70A3D7,0,3FA570A3D70A3D7
4 82 ->
5 83 36
5 84 26
5 85 7
5 86 0
5 87 [2][2]
$C00921FB54442D18,3FB3R
$0,3FD07AE147AE147A
5 167 ->
6 168 [4][3]
$BFF,2*0
$2*0,BFF
$0,BFF,0
$0,3FD0CR,0
6 169 3FA8
5 90 ->
6 170 120
6 171 1
6 172 [2][2]
$C00921FB54442D18,3FB3R
$0,3FD07AE147AE147A
5 173 NULL
5 91 28
5 92 1
5 93 [2][3]
$BFA8,3F747AE147AE148,0
$3FA8,3FC8,3FA8
4 82 ->
5 83 37
5 84 28
5 85 7
5 86 0
5 87 [2][2]
$C00921FB54442D18,BFBC
$0,BFA8
@srf_prim_ptr(cone) 174 0
5 174 ->
@local_sys 175 2
6 175 [4][3]
$BFF,2*0
$2*0,BFF
$0,BFF,0
$0,3FC2,0
@half_angle 176 2
6 176 BFE921FB54442D18
5 90 ->
6 170 94
6 171 1
6 172 [2][2]
$C00921FB54442D18,BFBC
$0,BFA8
5 173 NULL
5 91 30
5 92 1
5 93 [2][3]
$BFBC,3FC8,0
$3FBC,3FD,3FBC
4 82 ->
5 83 34
5 84 30
5 85 7
5 86 0
5 87 [2][2]
$BFBBBC4585918094,BFBC04EE352F2675
$3FBBBC4585918095,3FBC04EE352F2675
5 88 ->
6 89 [4][3]
$BFF,2*0
$2*0,BFF
$0,BFF,0
$0,3FD,0
5 90 ->
6 170 98
6 171 1
6 172 [2][2]
$BFBBBC4585918094,BFBC04EE352F2675
$3FBBBC4585918094,BF8EB851EB851EB8
5 173 ->
6 170 99
6 171 1
6 172 [2][2]
$BFBBBC4585918094,3F8EB851EB851EB8
$3FBBBC4585918095,3FBC04EE352F2675
5 173 NULL
5 91 48
5 92 -1
5 93 [2][3]
$BFBBBC4585918094,3FD,BFBC04EE352F2675
$3FBBBC4585918094,3FD,3FBC04EE352F2675
4 82 ->
5 83 34
5 84 32
5 85 7
5 86 -1
5 87 [2][2]
$BFBC,3F8999999999998
$3FBC,3FD0CR
5 88 ->
6 89 [4][3]
$BFF,2*0
$0,BFF,0
$2*0,3FF
$0,3FD0CR,0
5 90 NULL
5 91 48
5 92 -1
5 93 [2][3]
$3*0
$3*0
4 82 ->
5 83 34
5 84 38
5 85 7
5 86 -1
5 87 [2][2]
$0,3F8999999999998
$3FBC,3FD0CR
5 88 ->
6 89 [4][3]
$BFF,2*0
$0,BFF,0
$2*0,3FF
$0,3FD0CR,0
5 90 NULL
5 91 46
5 92 1
5 93 [2][3]
$3*0
$3*0
4 82 ->
5 83 36
5 84 44
5 85 7
5 86 -1
5 87 [2][2]
$C01921FB54442D18,3F8999999999998
$C00921FB54442D18,3FD0CR
5 167 ->
6 168 [4][3]
$BFF,2*0
$2*0,BFF
$0,BFF,0
$0,3FD0CR,0
6 169 3EE4F8B588E368F1
5 90 NULL
5 91 46
5 92 -1
5 93 [2][3]
$3*0
$3*0
4 82 ->
5 83 34
5 84 46
5 85 7
5 86 -1
5 87 [2][2]
$BFA8,0
$2*3FA8
5 88 ->
6 89 [4][3]
$BFF,2*0
$2*0,BFF
$0,BFF,0
$3*0
5 90 NULL
5 91 48
5 92 1
5 93 [2][3]
$3*0
$3*0
4 82 ->
5 83 36
5 84 48
5 85 7
5 86 0
5 87 [2][2]
$C01921FB54442D1C,3FB3R
$C00921FB54442D18,3FD07AE147AE147A
5 167 ->
6 168 [4][3]
$BFF,2*0
$2*0,BFF
$0,BFF,0
$0,3FD0CR,0
6 169 3FA8
5 90 ->
6 170 120
6 171 1
6 172 [2][2]
$C01921FB54442D1C,3FB3R
$C00921FB54442D18,3FD07AE147AE147A
5 173 NULL
5 91 50
5 92 1
5 93 [2][3]
$BFA8,3F747AE147AE148,BFA8
$3FA8,3FC8,0
4 82 ->
5 83 37
5 84 50
5 85 7
5 86 0
5 87 [2][2]
$C01921FB54442D18,BFBC
$C00921FB54442D18,BFA8
5 174 ->
6 175 [4][3]
$BFF,2*0
$2*0,BFF
$0,BFF,0
$0,3FC2,0
6 176 BFE921FB54442D18
5 90 ->
6 170 100
6 171 1
6 172 [2][2]
$C01921FB54442D18,BFBC
$C00921FB54442D18,BFA8
5 173 NULL
5 91 82
5 92 1
5 93 [2][3]
$BFBC,3FC8,BFBC
$3FBC,3FD,0
4 82 ->
5 83 34
5 84 52
5 85 7
5 86 -1
5 87 [2][2]
$BFBC,0
$3FBC,3FBC04EFEAAC5589
5 88 ->
6 89 [4][3]
$BFF,2*0
$2*0,BFF
$0,BFF,0
$0,3FD,0
5 90 NULL
5 91 0
5 92 -1
5 93 [2][3]
$3*0
$3*0
@crv_array 177 0
3 177 [30]
4 177 ->
@crv_id 178 1
5 178 11
@feat_id 179 1
5 179 7
@type 180 1
5 180 1
@crv_pnt_dir 181 1
5 181 [2]
$-1,1
@crv_pnt_arr 182 2
5 182 [2][4]
$0,3FD0CR,0,3FD0CR
$0,3F8999999999998,0,3F8999999999998
@crv_hdr_geom_ptr[0] 183 1
5 183 10
@crv_hdr_geom_ptr[1] 184 1
5 184 10
@next_crv_hdr_ptr[0] 185 1
5 185 12
@next_crv_hdr_ptr[1] 186 1
5 186 21
@ref_geom[0] 187 1
5 187 0
@ref_geom[1] 188 1
5 188 0
4 177 ->
5 178 12
5 179 7
5 180 0
5 181 [2]
$1,-1
5 182 [2][4]
$0,3FD0CR,2*0
$BFA8,3FD0CR,BFA8,0
5 183 10
5 184 24
5 185 13
5 186 34
5 187 0
5 188 0
4 177 ->
5 178 13
5 179 7
5 180 1
5 181 [2]
$1,-1
5 182 [2][4]
$C00921FB54442D18,3FD0CR,C00921FB54442D18,3FD0CR
$C00921FB54442D18,3FB3R,C00921FB54442D18,3FB3R
5 183 48
5 184 26
5 185 0
5 186 0
5 187 0
5 188 0
4 177 ->
5 178 14
5 179 7
5 180 1
5 181 [2]
$1,-1
5 182 [2][4]
$C00921FB54442D18,BFA8,C00921FB54442D18,BFA8
$C00921FB54442D18,BFBC,C00921FB54442D18,BFBC
5 183 50
5 184 28
5 185 0
5 186 0
5 187 0
5 188 0
4 177 ->
5 178 15
5 179 7
5 180 0
5 181 [2]
$1,-1
5 182 [2][4]
$BFBC,3F8999999999998,BFBC,0
$0,3F8999999999998,2*0
5 183 10
5 184 30
5 185 21
5 186 31
5 187 0
5 188 0
4 177 ->
5 178 17
5 179 7
5 180 0
5 181 [2]
$-1,1
5 182 [2][4]
$0,3F8999999999998,0,3F8999999999998
$0,3FD0CR,0,3FD0CR
5 183 16
5 184 22
5 185 0
5 186 0
5 187 0
5 188 0
4 177 ->
5 178 18
5 179 7
5 180 0
5 181 [2]
$-1,1
5 182 [2][4]
$0,3FD0CR,2*0
$3FA8,3FD0CR,3FA8,0
5 183 10
5 184 24
5 185 12
5 186 27
5 187 0
5 188 0
4 177 ->
5 178 19
5 179 7
5 180 1
5 181 [2]
$-1,1
5 182 [2][4]
$C01921FB54442D18,3FD0CR,0,3FD0CR
$C01921FB54442D18,3FB3R,0,3FB3R
5 183 48
5 184 26
5 185 0
5 186 0
5 187 0
5 188 0
4 177 ->
5 178 20
5 179 7
5 180 1
5 181 [2]
$-1,1
5 182 [2][4]
$C01921FB54442D18,BFA8,0,BFA8
$C01921FB54442D18,BFBC,0,BFBC
5 183 50
5 184 28
5 185 0
5 186 0
5 187 0
5 188 0
4 177 ->
5 178 21
5 179 7
5 180 0
5 181 [2]
$-1,1
5 182 [2][4]
$3FBC,3F8999999999998,3FBC,0
$0,3F8999999999998,2*0
5 183 10
5 184 30
5 185 20
5 186 43
5 187 0
5 188 0
4 177 ->
5 178 23
5 179 7
5 180 0
5 181 [2]
$1,-1
5 182 [4][4]
$C00921FB54442D18,3F8999999999998,2*0
$C000C152382D736R,3F8999999999998,2*0
$BFF0C152382D736R,3F8999999999998,2*0
$0,3F8999999999998,2*0
5 183 22
5 184 30
5 185 0
5 186 0
5 187 0
5 188 0
4 177 ->
5 178 25
5 179 7
5 180 0
5 181 [2]
$1,-1
5 182 [4][4]
$2*0,C00921FB54442D18,3FD0CR
$2*0,C000C152382D736R,3FD0CR
$2*0,BFF0C152382D736R,3FD0CR
$3*0,3FD0CR
5 183 24
5 184 22
5 185 0
5 186 0
5 187 0
5 188 0
4 177 ->
5 178 27
5 179 7
5 180 0
5 181 [2]
$1,-1
5 182 [19][4]
$C00921FB54442D18,3FD0CR,BFA8,0
$C007BC89CF95B8D,3FD0CR,BFA7A2A8A960D51R,BF80AB93DE8896A8
$C00657184AE74487,3FD0CR,BFA68D78B1BDA1D5,BF906ABE576788F8
$C004F1A6C638D03F,3FD0CR,BFA4C8DC2E42398,BF98
$C0038C35418A5BF6,3FD0CR,BFA26293BA1B7C2B,BF9EDA92FB5A212A
$C00226C3BCDBE7AE,3FD0CR,BF9EDA92FB5A212A,BFA26293BA1B7C2B
$C000C152382D736R,3FD0CR,BF98,BFA4C8DC2E42398
$BFFEB7C166FDFE3A,3FD0CR,BF906ABE576788F8,BFA68D78B1BDA1D4
$BFFBECDE5DA115A9,3FD0CR,BF80AB93DE8896A8,BFA7A2A8A960D51R
$BFF921FB54442D18,3FD0CR,0,BFA8
$BFF657184AE74487,3FD0CR,3F80AB93DE8896A8,BFA7A2A8A960D51R
$BFF38C35418A5BF6,3FD0CR,3F906ABE576788F8,BFA68D78B1BDA1D4
$BFF0C152382D736R,3FD0CR,3F98,BFA4C8DC2E42398
$BFEBECDE5DA115A8,3FD0CR,3F9EDA92FB5A212C,BFA26293BA1B7C2A
$BFE657184AE7448R,3FD0CR,3FA26293BA1B7C2A,BF9EDA92FB5A212C
$BFE0C152382D7364,3FD0CR,3FA4C8DC2E42398,BF98
$BFD657184AE7448R,3FD0CR,3FA68D78B1BDA1D4,BF906ABE576788F8
$BFC657184AE7449,3FD0CR,3FA7A2A8A960D51R,BF80AB93DE8896AE
$0,3FD0CR,3FA8,0
5 183 26
5 184 24
5 185 19
5 186 49
5 187 0
5 188 0
4 177 ->
5 178 29
5 179 7
5 180 0
5 181 [2]
$1,-1
5 182 [19][4]
$C00921FB54442D18,BFA8,C00921FB54442D18,3FB3R
$C007BC89CF95B8D,BFA8,C007BC89CF95B8D,3FB3R
$C00657184AE74487,BFA8,C00657184AE74487,3FB3R
$C004F1A6C638D03F,BFA8,C004F1A6C638D03F,3FB3R
$C0038C35418A5BF6,BFA8,C0038C35418A5BF6,3FB3R
$C00226C3BCDBE7AE,BFA8,C00226C3BCDBE7AE,3FB3R
$C000C152382D736R,BFA8,C000C152382D736R,3FB3R
$BFFEB7C166FDFE3A,BFA8,BFFEB7C166FDFE3A,3FB3R
$BFFBECDE5DA115A9,BFA8,BFFBECDE5DA115A9,3FB3R
$BFF921FB54442D18,BFA8,BFF921FB54442D18,3FB3R
$BFF657184AE74487,BFA8,BFF657184AE74487,3FB3R
$BFF38C35418A5BF6,BFA8,BFF38C35418A5BF6,3FB3R
$BFF0C152382D736R,BFA8,BFF0C152382D736R,3FB3R
$BFEBECDE5DA115A8,BFA8,BFEBECDE5DA115A8,3FB3R
$BFE657184AE7448R,BFA8,BFE657184AE7448R,3FB3R
$BFE0C152382D7364,BFA8,BFE0C152382D7364,3FB3R
$BFD657184AE7448R,BFA8,BFD657184AE7448R,3FB3R
$BFC657184AE7449,BFA8,BFC657184AE7449,3FB3R
$0,BFA8,0,3FB3R
5 183 28
5 184 26
5 185 105
5 186 120
5 187 0
5 188 0
4 177 ->
5 178 31
5 179 7
5 180 0
5 181 [2]
$1,-1
5 182 [24][4]
$BFBC,0,C00921FB54442D18,BFBC
$BFBBBD3CA2EF51F3,BF8E80571F970A52,C0080A3E509A4165,BFBC
$BFBAF630ECF58804,BF9E379CEF0CCFB2,C006F2814CF055B2,BFBC
$BFB9AE921371A684,BFA64F7A5FC8801C,C005DAC4494669FR,BFBC
$BFB7EC7A7154A8B,BFAD18C168F401A2,C004C307459C7E4C,BFBC
$BFB5B84C6C93F9E2,BFB1ABA36D31D8F1,C003AB4A41F29298,BFBC
$BFB31C8A7A6D5F18,BFB476A1D754D31F,C002938D3E48A6E5,BFBC
$BFB025A50128715B,BFB6E00A4A184D15,C0017BD03A9EBB32,BFBC
$BFA9C37E0CACF1EF,BFB8DC5C7A95EBA8,C000641336F4CF7F,BFBC
$BFA2C0D588E4CE85,BFBA622054866037,BFFE98AC6695C797,BFBC
$BF96C97DA57A6376,BFBB6A132231A0C7,BFFC69325F41F032,BFBC
$BF7E9295FDCD6A8,BFBBEF4A2C3D971C,BFFA39B857EE18CB,BFBC
$3F7E9295FDCD6A8,BFBBEF4A2C3D971C,BFF80A3E509A4165,BFBC
$3F96C97DA57A636F,BFBB6A132231A0C8,BFF5DAC4494669FR,BFBC
$3FA2C0D588E4CE8R,BFBA622054866037,BFF3AB4A41F29298,BFBC
$3FA9C37E0CACF1EF,BFB8DC5C7A95EBA8,BFF17BD03A9EBB32,BFBC
$3FB025A50128715B,BFB6E00A4A184D15,BFEE98AC6695C798,BFBC
$3FB31C8A7A6D5F17,BFB476A1D754D31F,BFEA39B857EE18CR,BFBC
$3FB5B84C6C93F9E3,BFB1ABA36D31D8EF,BFE5DAC4494669FC,BFBC
$3FB7EC7A7154A8B1,BFAD18C168F4019E,BFE17BD03A9EBB3,BFBC
$3FB9AE921371A684,BFA64F7A5FC8802,BFDA39B857EE18D,BFBC
$3FBAF630ECF58804,BF9E379CEF0CCFBD,BFD17BD03A9EBB38,BFBC
$3FBBBD3CA2EF51F3,BF8E80571F970A4E,BFC17BD03A9EBB3,BFBC
$3FBC,2*0,BFBC
5 183 30
5 184 28
5 185 0
5 186 0
5 187 0
5 188 0
4 177 ->
5 178 33
5 179 7
5 180 1
5 181 [2]
$-1,1
5 182 [2][4]
$0,3F8999999999998,0,3F8999999999998
$0,3FD0CR,0,3FD0CR
5 183 32
5 184 32
5 185 37
5 186 40
5 187 0
5 188 0
4 177 ->
5 178 34
5 179 7
5 180 0
5 181 [2]
$2*1
5 182 [2][4]
$0,3FD0CR,2*0
$BFA8,3FD0CR,BFA8,0
5 183 32
5 184 24
5 185 35
5 186 49
5 187 0
5 188 0
4 177 ->
5 178 35
5 179 7
5 180 0
5 181 [2]
$2*1
5 182 [2][4]
$BFA8,3FD0CR,C00921FB54442D18,3FD0CR
$BFA8,3FB3R,C00921FB54442D18,3FB3R
5 183 32
5 184 48
5 185 0
5 186 0
5 187 0
5 188 0
4 177 ->
5 178 36
5 179 7
5 180 0
5 181 [2]
$2*1
5 182 [2][4]
$BFA8,3FB3R,C00921FB54442D18,BFA8
$BFBC,3F8999999999998,C00921FB54442D18,BFBC
5 183 32
5 184 50
5 185 0
5 186 0
5 187 0
5 188 0
4 177 ->
5 178 37
5 179 7
5 180 0
5 181 [2]
$2*1
5 182 [2][4]
$BFBC,3F8999999999998,BFBC,0
$0,3F8999999999998,2*0
5 183 32
5 184 30
5 185 43
5 186 43
5 187 0
5 188 0
4 177 ->
5 178 39
5 179 7
5 180 0
5 181 [2]
$1,-1
5 182 [2][4]
$0,3F8999999999998,C01921FB54442D18,3F8999999999998
$0,3FD0CR,C01921FB54442D18,3FD0CR
5 183 38
5 184 44
5 185 0
5 186 0
5 187 0
5 188 0
4 177 ->
5 178 40
5 179 7
5 180 0
5 181 [2]
$2*-1
5 182 [2][4]
$0,3FD0CR,2*0
$3FA8,3FD0CR,3FA8,0
5 183 32
5 184 24
5 185 34
5 186 34
5 187 0
5 188 0
4 177 ->
5 178 41
5 179 7
5 180 0
5 181 [2]
$2*-1
5 182 [2][4]
$3FA8,3FD0CR,C01921FB54442D18,3FD0CR
$3FA8,3FB3R,C01921FB54442D18,3FB3R
5 183 32
5 184 48
5 185 0
5 186 0
5 187 0
5 188 0
4 177 ->
5 178 42
5 179 7
5 180 0
5 181 [2]
$2*-1
5 182 [2][4]
$3FA8,3FB3R,C01921FB54442D18,BFA8
$3FBC,3F8999999999998,C01921FB54442D18,BFBC
5 183 32
5 184 50
5 185 0
5 186 0
5 187 0
5 188 0
4 177 ->
5 178 43
5 179 7
5 180 0
5 181 [2]
$2*-1
5 182 [2][4]
$3FBC,3F8999999999998,3FBC,0
$0,3F8999999999998,2*0
5 183 32
5 184 30
5 185 42
5 186 53
5 187 0
5 188 0
4 177 ->
5 178 45
5 179 7
5 180 0
5 181 [2]
$-1,1
5 182 [4][4]
$C00921FB54442D18,3F8999999999998,2*0
$C010C152382D7365,3F8999999999998,2*0
$C014F1A6C638D03E,3F8999999999998,2*0
$C01921FB54442D18,3F8999999999998,2*0
5 183 44
5 184 52
5 185 0
5 186 0
5 187 0
5 188 0
4 177 ->
5 178 47
5 179 7
5 180 0
5 181 [2]
$-1,1
5 182 [4][4]
$2*0,C00921FB54442D18,3FD0CR
$2*0,C010C152382D7365,3FD0CR
$2*0,C014F1A6C638D03E,3FD0CR
$2*0,C01921FB54442D18,3FD0CR
5 183 46
5 184 44
5 185 0
5 186 0
5 187 0
5 188 0
4 177 ->
5 178 49
5 179 7
5 180 0
5 181 [2]
$-1,1
5 182 [19][4]
$C00921FB54442D18,3FD0CR,BFA8,0
$C00A876CD8F2A16,3FD0CR,BFA7A2A8A960D51R,3F80AB93DE8896A8
$C00BECDE5DA115A9,3FD0CR,BFA68D78B1BDA1D5,3F906ABE576788F8
$C00D524FE24F89F1,3FD0CR,BFA4C8DC2E42398,3F98
$C00EB7C166FDFE3A,3FD0CR,BFA26293BA1B7C2B,3F9EDA92FB5A212A
$C0100E9975D63941,3FD0CR,BF9EDA92FB5A212A,3FA26293BA1B7C2B
$C010C152382D7365,3FD0CR,BF98,3FA4C8DC2E42398
$C011740AFA84AD8A,3FD0CR,BF906ABE576788F8,3FA68D78B1BDA1D4
$C01226C3BCDBE7AE,3FD0CR,BF80AB93DE8896A8,3FA7A2A8A960D51R
$C012D97C7F3321D2,3FD0CR,0,3FA8
$C0138C35418A5BF6,3FD0CR,3F80AB93DE8896A8,3FA7A2A8A960D51R
$C0143EEE03E1961A,3FD0CR,3F906ABE576788F8,3FA68D78B1BDA1D4
$C014F1A6C638D03E,3FD0CR,3F98,3FA4C8DC2E42398
$C015A45F88900A63,3FD0CR,3F9EDA92FB5A212C,3FA26293BA1B7C2A
$C01657184AE74487,3FD0CR,3FA26293BA1B7C2A,3F9EDA92FB5A212C
$C01709D10D3E7EAC,3FD0CR,3FA4C8DC2E42398,3F98
$C017BC89CF95B8D,3FD0CR,3FA68D78B1BDA1D4,3F906ABE576788F8
$C0186F4291ECF2F4,3FD0CR,3FA7A2A8A960D51R,3F80AB93DE8896AE
$C01921FB54442D18,3FD0CR,3FA8,0
5 183 48
5 184 24
5 185 13
5 186 27
5 187 0
5 188 0
4 177 ->
5 178 51
5 179 7
5 180 0
5 181 [2]
$-1,1
5 182 [19][4]
$C00921FB54442D18,BFA8,C00921FB54442D18,3FB3R
$C00A876CD8F2A16,BFA8,C00A876CD8F2A16,3FB3R
$C00BECDE5DA115A9,BFA8,C00BECDE5DA115A9,3FB3R
$C00D524FE24F89F1,BFA8,C00D524FE24F89F1,3FB3R
$C00EB7C166FDFE3A,BFA8,C00EB7C166FDFE3A,3FB3R
$C0100E9975D63941,BFA8,C0100E9975D63941,3FB3R
$C010C152382D7365,BFA8,C010C152382D7365,3FB3R
$C011740AFA84AD8A,BFA8,C011740AFA84AD8A,3FB3R
$C01226C3BCDBE7AE,BFA8,C01226C3BCDBE7AE,3FB3R
$C012D97C7F3321D2,BFA8,C012D97C7F3321D2,3FB3R
$C0138C35418A5BF6,BFA8,C0138C35418A5BF6,3FB3R
$C0143EEE03E1961A,BFA8,C0143EEE03E1961A,3FB3R
$C014F1A6C638D03E,BFA8,C014F1A6C638D03E,3FB3R
$C015A45F88900A63,BFA8,C015A45F88900A63,3FB3R
$C01657184AE74487,BFA8,C01657184AE74487,3FB3R
$C01709D10D3E7EAC,BFA8,C01709D10D3E7EAC,3FB3R
$C017BC89CF95B8D,BFA8,C017BC89CF95B8D,3FB3R
$C0186F4291ECF2F4,BFA8,C0186F4291ECF2F4,3FB3R
$C01921FB54442D18,BFA8,C01921FB54442D18,3FB3R
5 183 50
5 184 48
5 185 104
5 186 119
5 187 0
5 188 0
4 177 ->
5 178 53
5 179 7
5 180 0
5 181 [2]
$-1,1
5 182 [24][4]
$BFBC,0,C00921FB54442D18,BFBC
$BFBBBD3CA2EF51F3,3F8E80571F970A52,C00A39B857EE18CB,BFBC
$BFBAF630ECF58804,3F9E379CEF0CCFB2,C00B51755B98047E,BFBC
$BFB9AE921371A684,3FA64F7A5FC8801C,C00C69325F41F031,BFBC
$BFB7EC7A7154A8B,3FAD18C168F401A2,C00D80EF62EBDBE4,BFBC
$BFB5B84C6C93F9E2,3FB1ABA36D31D8F1,C00E98AC6695C798,BFBC
$BFB31C8A7A6D5F18,3FB476A1D754D31F,C00FB0696A3FB34B,BFBC
$BFB025A50128715B,3FB6E00A4A184D15,C010641336F4CF7F,BFBC
$BFA9C37E0CACF1EF,3FB8DC5C7A95EBA8,C010EFF1B8C9C558,BFBC
$BFA2C0D588E4CE85,3FBA622054866037,C0117BD03A9EBB32,BFBC
$BF96C97DA57A6376,3FBB6A132231A0C7,C01207AEBC73B10C,BFBC
$BF7E9295FDCD6A8,3FBBEF4A2C3D971C,C012938D3E48A6E5,BFBC
$3F7E9295FDCD6A8,3FBBEF4A2C3D971C,C0131F6BC01D9CBF,BFBC
$3F96C97DA57A636F,3FBB6A132231A0C8,C013AB4A41F29298,BFBC
$3FA2C0D588E4CE8R,3FBA622054866037,C0143728C3C78872,BFBC
$3FA9C37E0CACF1EF,3FB8DC5C7A95EBA8,C014C307459C7E4C,BFBC
$3FB025A50128715B,3FB6E00A4A184D15,C0154EE5C7717425,BFBC
$3FB31C8A7A6D5F17,3FB476A1D754D31F,C015DAC4494669FE,BFBC
$3FB5B84C6C93F9E3,3FB1ABA36D31D8EF,C01666A2CB1B5FD8,BFBC
$3FB7EC7A7154A8B1,3FAD18C168F4019E,C016F2814CF055B2,BFBC
$3FB9AE921371A684,3FA64F7A5FC8802,C0177E5FCEC54B8B,BFBC
$3FBAF630ECF58804,3F9E379CEF0CCFBD,C0180A3E509A4164,BFBC
$3FBBBD3CA2EF51F3,3F8E80571F970A4E,C018961CD26F373E,BFBC
$3FBC,0,C01921FB54442D18,BFBC
5 183 30
5 184 50
5 185 0
5 186 0
5 187 0
5 188 0
2 94 NULL
2 95 ->
2 96 ->
3 97 [4][3]
$3FF,2*0
$0,3FF,0
$2*0,3FF
$3*0
3 98 [1]
4 98 ->
5 99 21
5 100 0
5 101 -1
5 102 -1
5 103 9
5 104 10
5 105 0
5 106 0
5 107 0
5 108 [2]
6 108 ->
7 109 1
7 110 ->
8 111 -4
8 112 5
8 113 0
6 108 ->
7 109 6
7 114 ->
8 115 [1]
9 115 -100
3 116 -1
3 117 0
3 118 [2]
4 118 
5 119 1
5 120 0
5 121 [4][3]
$3FF,2*0
$0,3FF,0
$2*0,3FF
$3*0
4 118 
5 119 12
5 120 0
5 121 [4][3]
$3FF,2*0
$0,3FF,0
$2*0,3FF
$3*0
2 122 NULL
2 123 24
@gsec_ptr 189 0
2 189 [1]
3 189 
@type 190 1
4 190 2
@name 191 10
4 191 S2D0001
@gsec2d_ptr 192 0
4 192 ->
@name 193 10
5 193 S2D0001
@segtab_ptr 194 0
5 194 [8]
6 194 
@type 195 1
7 195 2
@dir 196 1
7 196 [3]
$1,2*0
@pointid 197 1
7 197 [2]
$0,1
@cntrid 198 1
7 198 1
@arcorient 199 1
7 199 0
@verhor 200 1
7 200 1
@radius 201 1
7 201 0
@ext_id 202 1
7 202 0
@gen_info 203 0
7 203 
@known_ent_info 204 0
7 204 
@attr 205 1
8 205 0
@known_ent_id 206 1
8 206 -1
6 194 
7 195 2
7 196 [3]
$2*-1,0
7 197 [2]
$1,2
7 198 -1
7 199 0
7 200 2
7 201 0
7 202 1
7 203 
7 204 
8 205 0
8 206 -1
6 194 
7 195 2
7 196 [3]
$0,-1,0
7 197 [2]
$2,3
7 198 3
7 199 0
7 200 0
7 201 0
7 202 2
7 203 
7 204 
8 205 0
8 206 -1
6 194 
7 195 2
7 196 [3]
$-1,2*0
7 197 [2]
$3,4
7 198 4
7 199 0
7 200 1
7 201 0
7 202 3
7 203 
7 204 
8 205 0
8 206 -1
6 194 
7 195 2
7 196 [3]
$0,1,0
7 197 [2]
$4,0
7 198 0
7 199 0
7 200 0
7 201 0
7 202 4
7 203 
7 204 
8 205 0
8 206 -1
6 194 
7 195 5
7 196 [3]
$0,1,0
7 197 [2]
$2*5
7 198 5
7 199 0
7 200 0
7 201 0
7 202 5
7 203 
7 204 
8 205 0
8 206 -1
6 194 
7 195 32770
7 196 [3]
$0,-1,0
7 197 [2]
$6,7
7 198 7
7 199 0
7 200 0
7 201 0
7 202 6
7 203 
@attributes 207 1
8 207 8
7 204 
8 205 0
8 206 -1
6 194 
7 195 32770
7 196 [3]
$1,2*0
7 197 [2]
$8,9
7 198 9
7 199 0
7 200 1
7 201 0
7 202 7
7 203 
8 207 8
7 204 
8 205 0
8 206 -1
@dimtab_ptr 208 0
5 208 [6]
6 208 
@type 209 1
7 209 42
@value 210 2
7 210 0
@direct 211 1
7 211 0
@property 212 1
7 212 0
@leftpt 213 1
7 213 [2]
@rightpt 214 1
7 214 [2]
@offset 215 2
7 215 0
@ext_id 216 1
7 216 1
@dispdimattr 217 0
7 217 
@dimattr 218 1
8 218 [2]
$2*0
@dim_ref 219 0
7 219 [2]
8 219 
@item_id 220 1
9 220 6
@sense 221 1
9 221 4
@point 222 1
9 222 [2]
$2*-1
8 219 
9 220 4
9 221 4
9 222 [2]
$2*-1
6 208 
7 209 2
7 210 3FBC
7 211 0
7 212 0
7 213 [2]
7 214 [2]
7 215 0
7 216 2
7 217 
8 218 [2]
$290,0
7 219 [2]
8 219 
9 220 5
9 221 0
9 222 [2]
$2*1
8 219 
9 220 1
9 221 1
9 222 [2]
$2*5
6 208 
7 209 5
7 210 3FA8
7 211 0
7 212 0
7 213 [2]
7 214 [2]
7 215 0
7 216 3
7 217 
8 218 [2]
$290,0
7 219 [2]
8 219 
9 220 5
9 221 -1
9 222 [2]
$2*5
8 219 
9 220 2
9 221 -1
9 222 [2]
$2,3
6 208 
7 209 5
7 210 3FD
7 211 0
7 212 0
7 213 [2]
7 214 [2]
7 215 0
7 216 4
7 217 
8 218 [2]
$34,0
7 219 [2]
8 219 
9 220 0
9 221 -1
9 222 [2]
$0,1
8 219 
9 220 3
9 221 -1
9 222 [2]
$3,4
6 208 
7 209 1
7 210 3FC8
7 211 0
7 212 0
7 213 [2]
7 214 [2]
7 215 0
7 216 5
7 217 
8 218 [2]
$34,0
7 219 [2]
8 219 
9 220 2
9 221 -1
9 222 [2]
$2*2
8 219 
9 220 -1
9 221 -1
9 222 [2]
$2*3
6 208 
7 209 42
7 210 0
7 211 0
7 212 0
7 213 [2]
7 214 [2]
7 215 0
7 216 6
7 217 
8 218 [2]
$2*0
7 219 [2]
8 219 
9 220 7
9 221 4
9 222 [2]
$2*-1
8 219 
9 220 3
9 221 4
9 222 [2]
$2*-1
@relat_ptr 223 0
5 223 [13]
6 223 
@id 224 1
7 224 2
@used 225 1
7 225 0
@a 226 1
7 226 [4]
$4,6,2*-1
@b 227 1
7 227 [4]
$4*0
@c 228 2
7 228 [4]
$3FF,BFF,3FF,0
@sign 229 1
7 229 0
@idim 230 1
7 230 -1
@type 231 1
7 231 0
6 223 
7 224 4
7 225 0
7 226 [4]
$0,6,2*-1
7 227 [4]
$4*0
7 228 [4]
$3FF,BFF,3FF,0
7 229 0
7 230 -1
7 231 0
6 223 
7 224 0
7 225 0
7 226 [4]
$5,0,2*-1
7 227 [4]
$4*0
7 228 [4]
$3FF,BFF,2*3FF
7 229 0
7 230 -1
7 231 0
6 223 
7 224 6
7 225 0
7 226 [4]
$3,8,2*-1
7 227 [4]
$2*1,2*0
7 228 [4]
$3FF,BFF,3FF,0
7 229 0
7 230 -1
7 231 0
6 223 
7 224 8
7 225 0
7 226 [4]
$4,8,2*-1
7 227 [4]
$2*1,2*0
7 228 [4]
$3FF,BFF,3FF,0
7 229 0
7 230 -1
7 231 0
6 223 
7 224 18
7 225 0
7 226 [4]
$1,5,2*-1
7 227 [4]
$4*0
7 228 [4]
$3FF,BFF,2*3FF
7 229 -1
7 230 1
7 231 0
6 223 
7 224 19
7 225 1
7 226 [4]
$5,2,2*-1
7 227 [4]
$4*0
7 228 [4]
$3FF,BFF,2*3FF
7 229 1
7 230 2
7 231 0
6 223 
7 224 12
7 225 1
7 226 [4]
$2,3,2*-1
7 227 [4]
$4*0
7 228 [4]
$3FF,BFF,2*3FF
7 229 0
7 230 0
7 231 0
6 223 
7 224 20
7 225 0
7 226 [4]
$0,3,2*-1
7 227 [4]
$2*1,2*0
7 228 [4]
$3FF,BFF,2*3FF
7 229 -1
7 230 3
7 231 0
6 223 
7 224 1
7 225 0
7 226 [4]
$5,0,2*-1
7 227 [4]
$2*1,2*0
7 228 [4]
$3FF,BFF,2*3FF
7 229 0
7 230 -1
7 231 0
6 223 
7 224 10
7 225 1
7 226 [4]
$0,1,2*-1
7 227 [4]
$2*1,2*0
7 228 [4]
$3FF,BFF,2*3FF
7 229 0
7 230 0
7 231 0
6 223 
7 224 21
7 225 0
7 226 [4]
$2,3,2*-1
7 227 [4]
$2*1,2*0
7 228 [4]
$3FF,BFF,2*3FF
7 229 -1
7 230 4
7 231 0
6 223 
7 224 11
7 225 4
7 226 [4]
$1,2,1,2
7 227 [4]
$2*0,2*1
7 228 [4]
$3FF,2*BFF,3FF
7 229 2
7 230 -1
7 231 9
@formula_ptr 232 1
5 232 [13]
$0,1,2,3,4,5,6,7,8,9,10,11,12
@qind 233 1
5 233 -1
@totalpointid 234 1
5 234 10
@checkarcs_flag 235 1
5 235 1
@location 236 0
5 236 ->
@id 237 1
6 237 0
@param 238 2
6 238 0
@type 239 1
6 239 0
@nsket_info 240 0
5 240 ->
@scale 241 2
6 241 40720ACD59EED1E9
@m 242 1
6 242 6
@last_was_permanent 243 1
6 243 0
@unsolved_ptr 244 0
5 244 ->
@iges_file 245 10
6 245 NULL
@solve_version 246 1
5 246 1
@segdscr_tab 247 0
5 247 [8]
6 247 
@ent_mode 248 1
7 248 0
6 247 
7 248 0
6 247 
7 248 0
6 247 
7 248 0
6 247 
7 248 0
6 247 
7 248 0
6 247 
7 248 0
6 247 
7 248 0
@skamp_ptr 249 0
5 249 [16]
6 249 
@id 250 1
7 250 0
@type 251 1
7 251 1
@flags 252 1
7 252 0
@status 253 1
7 253 3
@items 254 0
7 254 [1]
8 254 
@ent_id 255 1
9 255 0
@sense 256 1
9 256 0
6 249 
7 250 1
7 251 0
7 252 0
7 253 3
7 254 [2]
8 254 
9 255 1
9 256 2
8 254 
9 255 0
9 256 3
6 249 
7 250 2
7 251 0
7 252 0
7 253 3
7 254 [2]
8 254 
9 255 2
9 256 2
8 254 
9 255 1
9 256 3
6 249 
7 250 3
7 251 2
7 252 0
7 253 3
7 254 [1]
8 254 
9 255 2
9 256 0
6 249 
7 250 4
7 251 0
7 252 0
7 253 3
7 254 [2]
8 254 
9 255 3
9 256 2
8 254 
9 255 2
9 256 3
6 249 
7 250 5
7 251 1
7 252 0
7 253 3
7 254 [1]
8 254 
9 255 3
9 256 0
6 249 
7 250 6
7 251 0
7 252 0
7 253 3
7 254 [2]
8 254 
9 255 4
9 256 2
8 254 
9 255 3
9 256 3
6 249 
7 250 7
7 251 0
7 252 0
7 253 3
7 254 [2]
8 254 
9 255 4
9 256 3
8 254 
9 255 0
9 256 2
6 249 
7 250 8
7 251 2
7 252 0
7 253 3
7 254 [1]
8 254 
9 255 4
9 256 0
6 249 
7 250 9
7 251 2
7 252 0
7 253 3
7 254 [1]
8 254 
9 255 5
9 256 0
6 249 
7 250 10
7 251 2
7 252 0
7 253 3
7 254 [1]
8 254 
9 255 6
9 256 0
6 249 
7 250 11
7 251 1
7 252 0
7 253 3
7 254 [1]
8 254 
9 255 7
9 256 0
6 249 
7 250 12
7 251 3
7 252 0
7 253 3
7 254 [2]
8 254 
9 255 5
9 256 0
8 254 
9 255 0
9 256 2
6 249 
7 250 13
7 251 3
7 252 0
7 253 3
7 254 [2]
8 254 
9 255 5
9 256 0
8 254 
9 255 3
9 256 3
6 249 
7 250 14
7 251 3
7 252 0
7 253 3
7 254 [2]
8 254 
9 255 5
9 256 0
8 254 
9 255 6
9 256 2
6 249 
7 250 15
7 251 3
7 252 0
7 253 3
7 254 [2]
8 254 
9 255 5
9 256 0
8 254 
9 255 6
9 256 3
@triples_ptr 257 0
5 257 [5]
6 257 
@rel_id 258 1
7 258 0
@eqn_id 259 1
7 259 0
@skamp_id 260 1
7 260 12
6 257 
7 258 1
7 259 1
7 260 12
6 257 
7 258 15
7 259 7
7 260 13
6 257 
7 258 16
7 259 8
7 260 14
6 257 
7 258 17
7 259 9
7 260 15
@gsec3d_ptr 261 0
4 261 ->
@type 262 1
5 262 7
@name 263 10
5 263 S2D0001
@flip 264 1
5 264 1
@own_ref_id 265 1
5 265 -1
@first_chain_ptr 266 0
5 266 NULL
@quilt_id 267 1
5 267 -1
@plane_id 268 1
5 268 9
@plane_flip 269 1
5 269 -1
@ref_planes 270 0
5 270 [2]
6 270 
@plane_id 271 1
7 271 2
@ref_type 272 1
7 272 5
@ext_ref_id 273 1
7 273 -1
@seg_id 274 1
7 274 6
@flip_flag 275 1
7 275 0
@save_entity_ptr(line) 276 0
7 276 ->
@type 277 1
8 277 32770
@id 278 1
8 278 0
@gen_info 279 0
8 279 
9 207 8
@end1 280 2
8 280 [3]
$3*0
@end2 281 2
8 281 [3]
$0,C059,0
@back_entity_ptr(line) 282 0
7 282 ->
8 277 32770
8 278 0
8 279 
9 207 8
8 280 [3]
$3*0
8 281 [3]
$0,C059,0
6 270 
7 271 4
7 272 5
7 273 -1
7 274 7
7 275 0
7 276 ->
8 277 32770
8 278 0
8 279 
9 207 8
8 280 [3]
$3*0
8 281 [3]
$4059,2*0
7 282 ->
8 277 32770
8 278 0
8 279 
9 207 8
8 280 [3]
$3*0
8 281 [3]
$4059,2*0
@order_ptr 283 0
4 283 [5]
5 283 
@id 284 1
6 284 0
@flip 285 1
6 285 34
5 283 
6 284 1
6 285 0
5 283 
6 284 2
6 285 0
5 283 
6 284 3
6 285 0
5 283 
6 284 4
6 285 4
@dim_id_tab 286 1
4 286 [6]
$0,1,2,3,4,5
@attributes 287 1
4 287 0
@xsec_id 288 1
4 288 -1
@gsec_info_arr 289 0
4 289 [1]
5 289 
@application_type 290 1
6 290 2
@application_id 291 1
6 291 1
@secsolve_revnum 292 1
4 292 0
@rel_accuracy 293 2
4 293 BFF
@p_saved_result 294 0
4 294 ->
@entity(line) 295 0
5 295 ->
6 278 0
6 279 
6 280 [3]
$0,3FD,0
6 281 [3]
$3FBC,3FD,0
5 295 ->
6 278 1
6 279 
6 280 [3]
$3FBC,3FD,0
6 281 [3]
$3FA8,3FC8,0
5 295 ->
6 278 2
6 279 
6 280 [3]
$3FA8,3FC8,0
6 281 [3]
$3FA8,2*0
5 295 ->
6 278 3
6 279 
6 280 [3]
$3FA8,2*0
6 281 [3]
$3*0
5 295 ->
6 278 4
6 279 
6 280 [3]
$3*0
6 281 [3]
$0,3FD,0
5 295 ->
6 277 5
6 278 5
6 279 
@flip 296 1
6 296 0
6 280 [3]
$0,BF8999999999998,0
6 281 [3]
$0,3FD0CR,0
5 295 ->
6 277 32770
6 278 6
6 279 
7 207 8
6 280 [3]
$3*0
6 281 [3]
$0,C059,0
5 295 ->
6 277 32770
6 278 7
6 279 
7 207 8
6 280 [3]
$3*0
6 281 [3]
$4059,2*0
@local_sys 297 2
5 297 [4][3]
$3FF,2*0
$0,3FF,0
$2*0,3FF
$3*0
2 124 -1
2 125 NULL
2 126 NULL
2 140 [3]
$1,3,8
2 127 ->
@crv_dirs 298 0
3 298 [1]
4 298 
@p_crv 299 1
5 299 11
@crv_pnt_dir 300 1
5 300 [2]
$1,-1
@crv_type 301 0
3 301 [26]
4 301 
@p_crv 302 1
5 302 11
@crv_type 303 1
5 303 7
4 301 
5 302 12
5 303 7
4 301 
5 302 15
5 303 7
4 301 
5 302 17
5 303 7
4 301 
5 302 18
5 303 7
4 301 
5 302 21
5 303 7
4 301 
5 302 23
5 303 7
4 301 
5 302 25
5 303 7
4 301 
5 302 27
5 303 7
4 301 
5 302 29
5 303 7
4 301 
5 302 31
5 303 7
4 301 
5 302 33
5 303 7
4 301 
5 302 34
5 303 7
4 301 
5 302 35
5 303 7
4 301 
5 302 36
5 303 7
4 301 
5 302 37
5 303 7
4 301 
5 302 39
5 303 7
4 301 
5 302 40
5 303 7
4 301 
5 302 41
5 303 7
4 301 
5 302 42
5 303 7
4 301 
5 302 43
5 303 7
4 301 
5 302 45
5 303 7
4 301 
5 302 47
5 303 7
4 301 
5 302 49
5 303 7
4 301 
5 302 51
5 303 7
4 301 
5 302 53
5 303 7
3 128 0
3 129 0
3 130 [2][3]
$BFBC,0,BFBC04EE352F2675
$3FBC,3FD,3FBC04EE352F2675
3 131 0
3 132 NULL
3 133 -1
2 134 -1
2 135 NULL
2 136 2
2 137 ->
@revnums 304 0
3 304 [2]
4 304 ->
@owner_type 305 1
5 305 4
@owner_ind 306 1
5 306 0
@ref_id 307 1
5 307 0
@ref_revnum 308 1
5 308 1
4 304 ->
5 305 4
5 306 0
5 307 1
5 308 1
3 138 1
1 139 ->
2 47 70
2 48 1
2 49 ->
3 50 -1
3 51 923
3 52 NULL
3 53 0
3 54 [3]
$3,2*0
3 55 0
3 56 -1
3 57 -1
3 58 ->
4 59 0
4 60 0
4 61 -1
4 62 970
4 63 -1
4 64 -1
4 65 0
4 66 0
4 67 0
4 68 0
3 69 0
2 70 -1
2 71 no_name
2 72 2
2 73 ->
3 74 [1][4]
$71,3*0
3 75 NULL
3 76 [18]
$3*-1,-2049,2*-1,-16777217,3*-1,-536870913,-1,-1126176897,-2,-2097185,
$-2097665,-1,13
3 77 NULL
3 78 ->
4 79 160010
4 80 160010
2 81 
3 82 [1]
4 82 ->
5 83 34
5 84 71
5 85 70
5 86 -1
5 87 [2][2]
$2*0
$2*0
5 88 ->
6 89 [4][3]
$2*0,3FF
$0,3FF,0
$BFF,2*0
$3*0
5 90 NULL
5 91 0
5 92 1
5 93 [2][3]
$3*0
$3*0
2 94 NULL
2 95 ->
2 96 ->
3 97 [4][3]
$2*0,3FF
$0,3FF,0
$BFF,2*0
$3*0
3 98 [2]
4 98 ->
5 99 509
5 100 3FF
5 101 -1
5 102 -1
5 103 2
5 104 71
5 105 0
5 106 0
5 107 32768
5 108 [2]
6 108 ->
7 109 1
7 110 ->
8 111 -4
8 112 5
8 113 0
6 108 ->
7 109 6
7 114 ->
8 115 [1]
9 115 -100
4 98 ->
5 99 510
5 100 3FF
5 101 -1
5 102 -1
5 103 4
5 104 71
5 105 0
5 106 0
5 107 32768
5 108 [2]
6 108 ->
7 109 1
7 110 ->
8 111 -4
8 112 5
8 113 0
6 108 ->
7 109 6
7 114 ->
8 115 [1]
9 115 -100
3 116 -1
3 117 1
3 118 [1]
4 118 
5 119 11
5 120 0
5 121 [4][3]
$2*0,3FF
$0,3FF,0
$BFF,2*0
$3*0
2 122 NULL
2 123 71
2 124 -1
2 125 NULL
2 126 NULL
2 140 [2]
$1,3
2 127 ->
3 128 24
3 129 0
3 130 [2][3]
$BFBC,0,BFBC04EFEAAC5589
$3FBC,3FD,3FBC04EFEAAC5589
3 131 3FD9760DD7DFCD3
3 132 NULL
3 133 -1
2 134 -1
2 135 NULL
2 136 0
2 137 ->
3 138 2
1 139 ->
2 47 69
2 48 1
2 49 ->
3 50 -1
3 51 916
3 52 NULL
3 53 1
3 54 [3]
$32,65536,0
3 55 0
3 56 991
3 57 -1
3 58 ->
4 59 0
4 60 1049088
4 61 -1
4 62 -1
4 63 -1
4 64 -1
4 65 0
4 66 0
4 67 0
4 68 0
3 69 0
2 70 -1
2 71 no_name
2 72 2
2 73 ->
3 74 [10][4]
$72,204,2*0
$77,203,2*0
$82,200,2*0
$84,200,1,0
$86,200,2,0
$88,200,3,0
$90,2017,76,1
$91,2017,83,1
$92,2017,81,1
$93,2017,89,0
3 160 [28][6]
$73,221,3*0,72
$74,221,1,2*0,72
$75,221,2,2*0,72
$76,221,3,2*0,72
$78,222,3*0,82
$79,222,1,2*0,84
$80,222,2,2*0,86
$81,222,3,2*0,-1
$83,304,3*0,82
$85,303,1,2*0,84
$87,303,2,0,1,86
$89,302,2*0,2,-1
$94,223,28,82,0,28
$95,223,28,82,1,28
$96,223,28,84,0,84
$97,223,28,84,1,84
$98,226,30,82,0,82
$99,226,30,86,0,30
$100,223,50,84,0,84
$101,223,50,84,1,84
$102,223,50,86,0,50
$103,223,50,86,1,50
$104,224,14,2*0,50
$105,224,20,2*0,28
$106,224,31,2*0,30
$107,224,53,2*0,50
$108,224,85,2*0,84
$109,224,87,2*0,86
3 163 [1]
4 163 
5 164 71
5 165 -1
3 75 ->
@new_edges 309 1
4 309 [16]
$94,95,96,97,98,99,100,101,102,103,104,105,106,107,108,109
4 166 72
3 76 [18]
$3*-1,-2049,2*-1,-16777217,3*-1,-536870913,-1,-1126176897,-2,-2097185,
$-2097665,-1,13
3 77 NULL
3 78 ->
4 79 160010
4 80 160010
2 81 
3 82 [10]
4 82 ->
5 83 34
5 84 72
5 85 69
5 86 -1
5 87 [2][2]
$BF8EB851EB851EB8,3FCC28F5C28F5C29
$3F8EB851EB851EB8,3FD
5 88 ->
6 89 [4][3]
$2*0,3FF
$0,3FF,0
$BFF,2*0
$3FC0CR,2*0
5 90 NULL
5 91 77
5 92 -1
5 93 [2][3]
$3FC0CR,3FCC28F5C28F5C29,BF8EB851EB851EB8
$3FC0CR,3FD,3F8EB851EB851EB8
4 82 ->
5 83 34
5 84 77
5 85 69
5 86 -1
5 87 [2][2]
$BF8EB851EB851EB8,3FCC28F5C28F5C29
$3F8EB851EB851EB8,3FD
5 88 ->
6 89 [4][3]
$2*0,3FF
$0,3FF,0
$BFF,2*0
$BFC0CR,2*0
5 90 NULL
5 91 0
5 92 1
5 93 [2][3]
$BFC0CR,3FCC28F5C28F5C29,BF8EB851EB851EB8
$BFC0CR,3FD,3F8EB851EB851EB8
4 82 ->
5 83 34
5 84 82
5 85 69
5 86 0
5 87 [2][2]
$0,BFCEAAEF8F958D17
$3F9EB851EB851EB9,BF97755050206416
5 88 ->
6 89 [4][3]
$0,3FF,0
$BFF,2*0
$2*0,3FF
$3FC0CR,3FD,3F8EB851EB851EB8
5 90 ->
6 170 94
6 171 1
6 172 [2][2]
$0,BFCEAAEF8F958D17
$3F9EB851EB851EB9,BF97755050206416
5 173 NULL
5 91 84
5 92 -1
5 93 [2][3]
$BFBBBC4585918094,3FCC28F5C28F5C29,3F8EB851EB851EB8
$3FBBBC4585918094,3FD,3F8EB851EB851EB8
4 82 ->
5 83 34
5 84 84
5 85 69
5 86 0
5 87 [2][2]
$0,BFCAF5C28F5C28F6
$3F9EB851EB851EB8,BFAA8F5C28F5C29
5 88 ->
6 89 [4][3]
$0,3FF,0
$2*0,BFF
$BFF,2*0
$3FC0CR,3FCC28F5C28F5C29,3F8EB851EB851EB8
5 90 ->
6 170 96
6 171 1
6 172 [2][2]
$0,BFCAF5C28F5C28F6
$3F9EB851EB851EB8,BFAA8F5C28F5C29
5 173 NULL
5 91 86
5 92 -1
5 93 [2][3]
$BFB451EB851EB852,3FCC28F5C28F5C29,BF8EB851EB851EB8
$3FB451EB851EB852,3FCC28F5C28F5C29,3F8EB851EB851EB8
4 82 ->
5 83 34
5 84 86
5 85 69
5 86 0
5 87 [2][2]
$0,BFCEAAEF8F958D18
$3F9EB851EB851EB8,BF97755050206416
5 88 ->
6 89 [4][3]
$0,3FF,0
$3FF,2*0
$2*0,BFF
$3FC0CR,3FCC28F5C28F5C29,BF8EB851EB851EB8
5 90 ->
6 170 99
6 171 1
6 172 [2][2]
$0,BFCEAAEF8F958D18
$3F9EB851EB851EB8,BF97755050206416
5 173 NULL
5 91 111
5 92 -1
5 93 [2][3]
$BFBBBC4585918096,3FCC28F5C28F5C29,BF8EB851EB851EB8
$3FBBBC4585918093,3FD,BF8EB851EB851EB8
4 82 ->
5 83 34
5 84 88
5 85 69
5 86 -1
5 87 [2][2]
$0,BFD0CR
$3F9EB851EB851EB8,0
5 88 ->
6 89 [4][3]
$0,3FF,0
$2*0,3FF
$3FF,2*0
$3FC0CR,3FD,BF8EB851EB851EB8
5 90 NULL
5 91 0
5 92 1
5 93 [2][3]
$3FC0CR,2*0
$3FC0CR,2*0
4 82 ->
5 83 34
5 84 90
5 85 69
5 86 6
5 87 [2][2]
$2*BE112E0BE826D695
$3F9EB851FCB32AA,3E112E0BE826D695
5 88 ->
6 89 [4][3]
$0,3FF,0
$2*0,3FF
$3FF,2*0
$3FC0CR,3FD,BF8EB851EB851EB8
5 90 NULL
5 91 0
5 92 1
5 93 [2][3]
$3FC0CR,2*0
$3FC0CR,2*0
4 82 ->
5 83 34
5 84 91
5 85 69
5 86 6
5 87 [2][2]
$BE112E0BE826D695,BFD0CCCCCDDFAD8C
$3F9EB851FCB32AA,3E112E0BE826D695
5 88 ->
6 89 [4][3]
$0,3FF,0
$2*0,3FF
$3FF,2*0
$3FC0CR,3FD,BF8EB851EB851EB8
5 90 NULL
5 91 0
5 92 1
5 93 [2][3]
$3FC0CR,2*0
$3FC0CR,2*0
4 82 ->
5 83 34
5 84 92
5 85 69
5 86 6
5 87 [2][2]
$BE112E0BE826D695,BFD0CCCCCDDFAD8C
$3F9EB851FCB32AA,3E112E0BE826D695
5 88 ->
6 89 [4][3]
$0,3FF,0
$2*0,3FF
$3FF,2*0
$3FC0CR,3FD,BF8EB851EB851EB8
5 90 NULL
5 91 0
5 92 1
5 93 [2][3]
$3FC0CR,2*0
$3FC0CR,2*0
4 82 ->
5 83 34
5 84 93
5 85 69
5 86 6
5 87 [2][2]
$BE112E0BE826D695,BFD0CCCCCDDFAD8C
$2*3E112E0BE826D695
5 88 ->
6 89 [4][3]
$0,3FF,0
$2*0,3FF
$3FF,2*0
$3FC0CR,3FD,BF8EB851EB851EB8
5 90 NULL
5 91 0
5 92 1
5 93 [2][3]
$3FC0CR,2*0
$3FC0CR,2*0
3 177 [28]
4 177 ->
5 178 73
5 179 69
5 180 0
5 181 [2]
$1,-1
5 182 [2][4]
$BF8EB851EB851EB8,3FD,2*0
$BF8EB851EB851EB8,3FCC28F5C28F5C29,3F9EB851EB851EB8,0
5 183 72
5 184 82
5 185 74
5 186 83
5 187 0
5 188 0
4 177 ->
5 178 74
5 179 69
5 180 0
5 181 [2]
$1,-1
5 182 [2][4]
$BF8EB851EB851EB8,3FCC28F5C28F5C29,2*0
$3F8EB851EB851EB8,3FCC28F5C28F5C29,3F9EB851EB851EB8,0
5 183 72
5 184 84
5 185 75
5 186 85
5 187 0
5 188 0
4 177 ->
5 178 75
5 179 69
5 180 0
5 181 [2]
$1,-1
5 182 [2][4]
$3F8EB851EB851EB8,3FCC28F5C28F5C29,2*0
$3F8EB851EB851EB8,3FD,3F9EB851EB851EB8,0
5 183 72
5 184 86
5 185 76
5 186 87
5 187 0
5 188 0
4 177 ->
5 178 76
5 179 69
5 180 2
5 181 [2]
$2*1
5 182 [2][4]
$3F8EB851EB851EB8,3FD,2*0
$BF8EB851EB851EB8,3FD,3F9EB851EB851EB8,0
5 183 72
5 184 0
5 185 73
5 186 83
5 187 0
5 188 90
4 177 ->
5 178 78
5 179 69
5 180 0
5 181 [2]
$-1,1
5 182 [2][4]
$BF8EB851EB851EB8,3FD,0,BFD0CR
$BF8EB851EB851EB8,3FCC28F5C28F5C29,3F9EB851EB851EB8,BFD0CR
5 183 77
5 184 82
5 185 81
5 186 85
5 187 0
5 188 0
4 177 ->
5 178 79
5 179 69
5 180 0
5 181 [2]
$-1,1
5 182 [2][4]
$BF8EB851EB851EB8,3FCC28F5C28F5C29,0,BFD0CR
$3F8EB851EB851EB8,3FCC28F5C28F5C29,3F9EB851EB851EB8,BFD0CR
5 183 77
5 184 84
5 185 78
5 186 87
5 187 0
5 188 0
4 177 ->
5 178 80
5 179 69
5 180 0
5 181 [2]
$-1,1
5 182 [2][4]
$3F8EB851EB851EB8,3FCC28F5C28F5C29,0,BFD0CR
$3F8EB851EB851EB8,3FD,3F9EB851EB851EB8,BFD0CR
5 183 77
5 184 86
5 185 79
5 186 89
5 187 0
5 188 0
4 177 ->
5 178 81
5 179 69
5 180 2
5 181 [2]
$2*-1
5 182 [2][4]
$3F8EB851EB851EB8,3FD,0,BFD0CR
$BF8EB851EB851EB8,3FD,3F9EB851EB851EB8,BFD0CR
5 183 77
5 184 0
5 185 80
5 186 89
5 187 0
5 188 92
4 177 ->
5 178 83
5 179 69
5 180 0
5 181 [2]
$2*1
5 182 [2][4]
$2*0,3F9EB851EB851EB8,0
$0,BFD0CR,3F9EB851EB851EB8,BFD0CR
5 183 82
5 184 0
5 185 78
5 186 81
5 187 0
5 188 91
4 177 ->
5 178 85
5 179 69
5 180 0
5 181 [2]
$1,-1
5 182 [2][4]
$2*0,3F9EB851EB851EB8,0
$0,BFD0CR,3F9EB851EB851EB8,BFD0CR
5 183 84
5 184 82
5 185 0
5 186 0
5 187 0
5 188 0
4 177 ->
5 178 87
5 179 69
5 180 0
5 181 [2]
$1,-1
5 182 [2][4]
$2*0,3F9EB851EB851EB8,0
$0,BFD0CR,3F9EB851EB851EB8,BFD0CR
5 183 86
5 184 84
5 185 0
5 186 0
5 187 0
5 188 0
4 177 ->
5 178 89
5 179 69
5 180 0
5 181 [2]
$2*-1
5 182 [2][4]
$2*0,3F9EB851EB851EB8,0
$0,BFD0CR,3F9EB851EB851EB8,BFD0CR
5 183 0
5 184 86
5 185 76
5 186 75
5 187 93
5 188 0
4 177 ->
5 178 94
5 179 69
5 180 0
5 181 [2]
$-1,1
5 182 [4][4]
$0,BF9775505020641B,C0080839A75B06DR,BFBC
$3F8595E3AC1CC775,BFA12EBC3C2EDA9R,C007E9F4A084AD28,BFB94D438A7C671
$3F950837007D093A,BFA65E7EA703FF1B,C007C682C29002FB,BFB6BDF23FE0BDB
$3F9EB851EB851EB8,BFAB4AD1F8C04C,C0079C9DE2802E09,BFB451EB851EB852
5 183 82
5 184 28
5 185 98
5 186 96
5 187 0
5 188 0
4 177 ->
5 178 95
5 179 69
5 180 0
5 181 [2]
$-1,1
5 182 [4][4]
$3F9EB851EB851EB8,BFCAC6E51B69869A,BFC855D71C3FF0EC,BFB451EB851EB852
$3F950B5BB665AF3F,BFCC0193E1EE52B1,BFC5B84B1B9F8B03,BFB6BD291266943
$3F859C4C386DD712,BFCD4D82CE1F043E,BFC3810A8C1E1065,BFB94C7678F2451F
$0,BFCEAAEF8F958D16,BFC19C1ACE9263AD,BFBC
5 183 82
5 184 28
5 185 108
5 186 106
5 187 0
5 188 0
4 177 ->
5 178 96
5 179 69
5 180 0
5 181 [2]
$1,-1
5 182 [4][4]
$3F8EB851EB851EB8,BFAA8F5C28F5C29,C00921FB54442D18,BFB451EB851EB852
$3F846B821C47D65C,BFAAA443DA24C0B4,C008A02162B1538D,BFB451EB851EB852
$3F7456490776C91E,BFAAE2D65538F19D,C0081E5EEE888DD,BFB451EB851EB851
$0,BFAB4AD1F8C04C01,C0079C9DE2802E09,BFB451EB851EB852
5 183 84
5 184 28
5 185 108
5 186 104
5 187 0
5 188 0
4 177 ->
5 178 97
5 179 69
5 180 0
5 181 [2]
$1,-1
5 182 [4][4]
$0,BFCAC6E51B69869A,BFC855D71C3FF0EC,BFB451EB851EB852
$3F7456490776C924,BFCAE0E4044B5D3R,BFC039C65BB9F47C,BFB451EB851EB851
$3F846B821C47D65C,BFCAF088A310696D,BFB03B3E325B3165,BFB451EB851EB852
$3F8EB851EB851EB8,BFCAF5C28F5C28F6,0,BFB451EB851EB852
5 183 84
5 184 28
5 185 100
5 186 95
5 187 0
5 188 0
4 177 ->
5 178 98
5 179 69
5 180 0
5 181 [2]
$-1,1
5 182 [2][4]
$BFBBBC4585918094,BF8EB851EB851EB8,0,BF9775505020641B
$3FBBBC4585918094,BF8EB851EB851EB8,0,BFCEAAEF8F958D16
5 183 30
5 184 82
5 185 106
5 186 95
5 187 0
5 188 0
4 177 ->
5 178 99
5 179 69
5 180 0
5 181 [2]
$1,-1
5 182 [2][4]
$BFBBBC4585918094,3F8EB851EB851EB8,3F9EB851EB851EB8,BF9775505020641B
$3FBBBC4585918095,3F8EB851EB851EB8,3F9EB851EB851EB8,BFCEAAEF8F958D16
5 183 30
5 184 86
5 185 107
5 186 103
5 187 0
5 188 0
4 177 ->
5 178 100
5 179 69
5 180 0
5 181 [2]
$1,-1
5 182 [4][4]
$3F8EB851EB851EB8,BFCAF5C28F5C28F6,C01921FB54442D18,BFB451EB851EB852
$3F948290DD613393,BFCAF088A310696D,C018E10E5B7AC052,BFB451EB851EB853
$3F99A2BFA9A76C74,BFCAE0E4044B5D3R,C018A02D21665D74,BFB451EB851EB852
$3F9EB851EB851EB8,BFCAC6E51B69869A,C0185F4C9B622D91,BFB451EB851EB852
5 183 84
5 184 50
5 185 109
5 186 105
5 187 0
5 188 0
4 177 ->
5 178 101
5 179 69
5 180 0
5 181 [2]
$1,-1
5 182 [4][4]
$3F9EB851EB851EB8,BFAB4AD1F8C04C01,C00AA758C6082C27,BFB451EB851EB852
$3F99A2BFA9A76C6A,BFAAE2D65538F19C,C00A2597B9FFCC5F,BFB451EB851EB851
$3F948290DD613387,BFAAA443DA24C0B5,C009A3D545D706A3,BFB451EB851EB852
$3F8EB851EB851EB8,BFAA8F5C28F5C29,C00921FB54442D18,BFB451EB851EB852
5 183 84
5 184 50
5 185 96
5 186 103
5 187 0
5 188 0
4 177 ->
5 178 102
5 179 69
5 180 0
5 181 [2]
$-1,1
5 182 [4][4]
$3F9EB851EB851EB8,BFCEAAEF8F958D16,C018951A7DCF99FB,BFBC
$3F93ED601576BB01,BFCD4DEA8A8DE2F5,C01885F7FA646D2,BFB94D438A7C6712
$3F836035D6102AF,BFCC01F9EFD899D3,C018743F0B6A1809,BFB6BDF23FE0BDB
$0,BFCAC6E51B69869A,C0185F4C9B622D91,BFB451EB851EB852
5 183 86
5 184 50
5 185 99
5 186 100
5 187 0
5 188 0
4 177 ->
5 178 103
5 179 69
5 180 0
5 181 [2]
$-1,1
5 182 [4][4]
$0,BFAB4AD1F8C04C01,C00AA758C6082C27,BFB451EB851EB852
$3F8359EC6A3EDEFA,BFA66016DEAD1BA4,C00A7D8005FE25C8,BFB6BD291266942F
$3F93EA2BCF4E332D,BFA1305B2DEA5573,C00A5A0BFD060E1E,BFB94C7678F2451D
$3F9EB851EB851EB8,BF9775505020641B,C00A3BBD012D5353,BFBC
5 183 86
5 184 50
5 185 109
5 186 107
5 187 0
5 188 0
4 177 ->
5 178 104
5 179 69
5 180 1
5 181 [2]
$1,-1
5 182 [2][4]
$C00921FB54442D18,BFA8,C00921FB54442D18,BFA8
$C00921FB54442D18,BFB451EB851EB852,C00921FB54442D18,BFB451EB851EB852
5 183 50
5 184 28
5 185 101
5 186 29
5 187 0
5 188 0
4 177 ->
5 178 105
5 179 69
5 180 1
5 181 [2]
$-1,1
5 182 [2][4]
$C01921FB54442D18,BFA8,0,BFA8
$C01921FB54442D18,BFB451EB851EB852,0,BFB451EB851EB852
5 183 50
5 184 28
5 185 51
5 186 97
5 187 0
5 188 0
4 177 ->
5 178 106
5 179 69
5 180 0
5 181 [2]
$1,-1
5 182 [22][4]
$BFBBBC4585918094,BF8EB851EB851EB8,C0080839A75B06DR,BFBC
$BFBAF476D03C0928,BF9E5039CBFB536,C006F0ADD924AA6,BFBC
$BFB9AC4A56D74574,BFA659F73C8AA936,C005D9220AC56F5C,BFBC
$BFB7E9DAF1F295C7,BFAD21601F26F1B5,C004C1963C3D4846,BFBC
$BFB5B589B78E2076,BFB1AF078B96634R,C003AA0A6D8C26C5,BFBC
$BFB319D613AB21C1,BFB479282A1755FR,C002927E9EB1FC8,BFBC
$BFB0232BCA1E1842,BFB6E1C90FA35FDA,C0017AF2CFAEBB2R,BFBC
$BFA9BF4F9F6DDBEA,BFB8DD71B14C95E,C000636700825451,BFBC
$BFA2BDAA28E2462E,BFBA62B0753C7E85,BFFE97B66259736E,BFBC
$BF96C589FAF98F8B,BFBB6A47ABF1880B,BFFC689EC35BB9FB,BFBC
$BF7E8D3786A130B8,BFBBEF500BFA7E6C,BFFA3987240B5F98,BFBC
$3F7E8D3786A1309C,BFBBEF500BFA7E6C,BFF80A6F847CFA9R,BFBC
$3F96C589FAF98F7D,BFBB6A47ABF1880C,BFF5DB57E52CA037,BFBC
$3FA2BDAA28E2462F,BFBA62B0753C7E83,BFF3AC40462EE6C1,BFBC
$3FA9BF4F9F6DDBE9,BFB8DD71B14C95E,BFF17D28A783B18E,BFBC
$3FB0232BCA1E183E,BFB6E1C90FA35FDC,BFEE9C221255C7DR,BFBC
$3FB319D613AB21C,BFB479282A1755FE,BFEA3DF2D648C26,BFBC
$3FB5B589B78E2076,BFB1AF078B96634R,BFE5DFC39AE0194C,BFBC
$3FB7E9DAF1F295C7,BFAD21601F26F1B4,BFE18194601B9348,BFBC
$3FB9AC4A56D74572,BFA659F73C8AA93D,BFDA46CA4BF5EDEA,BFBC
$3FBAF476D03C0927,BF9E5039CBFB537,BFD18A6BD8FC15CB,BFBC
$3FBBBC4585918094,BF8EB851EB851EB8,BFC19C1ACE9263AD,BFBC
5 183 30
5 184 28
5 185 98
5 186 94
5 187 0
5 188 0
4 177 ->
5 178 107
5 179 69
5 180 0
5 181 [2]
$-1,1
5 182 [22][4]
$BFBBBC4585918094,3F8EB851EB851EB8,C00A3BBD012D5353,BFBC
$BFBAF476D03C0928,3F9E5039CBFB536,C00B5348CF63AFD,BFBC
$BFB9AC4A56D74574,3FA659F73C8AA936,C00C6AD49DC2EAD4,BFBC
$BFB7E9DAF1F295C7,3FAD21601F26F1B5,C00D82606C4B11EA,BFBC
$BFB5B589B78E2076,3FB1AF078B96634R,C00E99EC3AFC336B,BFBC
$BFB319D613AB21C1,3FB479282A1755FR,C00FB17809D65DB,BFBC
$BFB0232BCA1E1842,3FB6E1C90FA35FDA,C0106481EC6CCF87,BFBC
$BFA9BF4F9F6DDBEC,3FB8DD71B14C95E,C010F047D40302EF,BFBC
$BFA2BDAA28E2463,3FBA62B0753C7E83,C0117C0DBBADD03C,BFBC
$BF96C589FAF98F8F,3FBB6A47ABF1880C,C01207D3A36D3E9R,BFBC
$BF7E8D3786A130B8,3FBBEF500BFA7E6C,C01293998B415532,BFBC
$3F7E8D3786A130AR,3FBBEF500BFA7E6C,C0131F5F7324EE72,BFBC
$3F96C589FAF98F7B,3FBB6A47ABF1880D,C013AB255AF9050A,BFBC
$3FA2BDAA28E24631,3FBA62B0753C7E83,C01436EB42B87368,BFBC
$3FA9BF4F9F6DDBE4,3FB8DD71B14C95E2,C014C2B12A6340B4,BFBC
$3FB0232BCA1E183D,3FB6E1C90FA35FDC,C0154E7711F9741C,BFBC
$3FB319D613AB21C,3FB479282A1756,C015DA3CF97B14CR,BFBC
$3FB5B589B78E207R,3FB1AF078B966342,C0166602E0E829EF,BFBC
$3FB7E9DAF1F295C7,3FAD21601F26F1B4,C016F1C8C840BAAF,BFBC
$3FB9AC4A56D74571,3FA659F73C8AA94,C0177D8EAF84CE39,BFBC
$3FBAF476D03C0927,3F9E5039CBFB5374,C018095496B46BR,BFBC
$3FBBBC4585918095,3F8EB851EB851EB8,C018951A7DCF99FB,BFBC
5 183 30
5 184 50
5 185 99
5 186 102
5 187 0
5 188 0
4 177 ->
5 178 108
5 179 69
5 180 0
5 181 [2]
$1,-1
5 182 [2][4]
$0,BFAB4AD1F8C04C01,3F9EB851EB851EB8,BFAB4AD1F8C04C
$0,BFCAC6E51B69869A,3F9EB851EB851EB8,BFCAC6E51B69869A
5 183 84
5 184 82
5 185 97
5 186 94
5 187 0
5 188 0
4 177 ->
5 178 109
5 179 69
5 180 0
5 181 [2]
$1,-1
5 182 [2][4]
$0,BFAB4AD1F8C04C01,3F9EB851EB851EB8,BFAB4AD1F8C04C01
$0,BFCAC6E51B69869A,3F9EB851EB851EB8,BFCAC6E51B69869A
5 183 86
5 184 84
5 185 102
5 186 101
5 187 0
5 188 0
2 94 NULL
2 95 ->
2 96 ->
3 97 [4][3]
$2*0,3FF
$0,3FF,0
$BFF,2*0
$3FC0CR,2*0
3 116 -1
3 117 0
3 118 [2]
4 118 
5 119 1
5 120 0
5 121 [4][3]
$0,3FF,0
$BFF,2*0
$2*0,3FF
$3*0
4 118 
5 119 12
5 120 0
5 121 [4][3]
$2*0,3FF
$0,3FF,0
$BFF,2*0
$3FC0CR,2*0
2 122 NULL
2 123 72
2 189 [1]
3 189 
4 190 2
4 191 S2D0002
4 192 ->
5 193 S2D0002
5 194 [6]
6 194 
7 195 2
7 196 [3]
$0,-1,0
7 197 [2]
$0,1
7 198 1
7 199 0
7 200 0
7 201 0
7 202 0
7 203 
7 204 
8 205 0
8 206 -1
6 194 
7 195 2
7 196 [3]
$1,2*0
7 197 [2]
$1,2
7 198 2
7 199 0
7 200 1
7 201 0
7 202 1
7 203 
7 204 
8 205 0
8 206 -1
6 194 
7 195 2
7 196 [3]
$0,1,0
7 197 [2]
$2,3
7 198 3
7 199 0
7 200 0
7 201 0
7 202 2
7 203 
7 204 
8 205 0
8 206 -1
6 194 
7 195 32770
7 196 [3]
$-1,2*0
7 197 [2]
$4,5
7 198 5
7 199 0
7 200 1
7 201 0
7 202 3
7 203 
8 207 8
7 204 
8 205 0
8 206 -1
6 194 
7 195 5
7 196 [3]
$0,1,0
7 197 [2]
$2*6
7 198 6
7 199 0
7 200 0
7 201 0
7 202 4
7 203 
7 204 
8 205 0
8 206 -1
6 194 
7 195 32770
7 196 [3]
$0,-1,0
7 197 [2]
$7,8
7 198 8
7 199 0
7 200 0
7 201 0
7 202 5
7 203 
7 204 
8 205 0
8 206 -1
5 208 [5]
6 208 
7 209 42
7 210 0
7 211 0
7 212 0
7 213 [2]
7 214 [2]
7 215 0
7 216 0
7 217 
8 218 [2]
$2*0
7 219 [2]
8 219 
9 220 3
9 221 4
9 222 [2]
$2*-1
8 219 
9 220 2
9 221 2
9 222 [2]
$2*-1
6 208 
7 209 42
7 210 0
7 211 0
7 212 0
7 213 [2]
7 214 [2]
7 215 0
7 216 1
7 217 
8 218 [2]
$2*0
7 219 [2]
8 219 
9 220 3
9 221 4
9 222 [2]
$2*-1
8 219 
9 220 0
9 221 1
9 222 [2]
$2*-1
6 208 
7 209 1
7 210 3F9EB851EB851EB8
7 211 0
7 212 0
7 213 [2]
7 214 [2]
7 215 0
7 216 2
7 217 
8 218 [2]
$524322,0
7 219 [2]
8 219 
9 220 1
9 221 -1
9 222 [2]
$2*1
8 219 
9 220 -1
9 221 -1
9 222 [2]
$2*2
6 208 
7 209 1
7 210 3F9EB851EB851EB8
7 211 0
7 212 0
7 213 [2]
7 214 [2]
7 215 0
7 216 3
7 217 
8 218 [2]
$524322,0
7 219 [2]
8 219 
9 220 2
9 221 -1
9 222 [2]
$2*2
8 219 
9 220 -1
9 221 -1
9 222 [2]
$2*3
6 208 
7 209 42
7 210 0
7 211 0
7 212 0
7 213 [2]
7 214 [2]
7 215 0
7 216 4
7 217 
8 218 [2]
$2*0
7 219 [2]
8 219 
9 220 5
9 221 4
9 222 [2]
$2*-1
8 219 
9 220 4
9 221 4
9 222 [2]
$2*-1
5 223 [10]
6 223 
7 224 1
7 225 0
7 226 [4]
$3,4,2*-1
7 227 [4]
$2*1,2*0
7 228 [4]
$3FF,BFF,3FF,0
7 229 0
7 230 -1
7 231 0
6 223 
7 224 3
7 225 0
7 226 [4]
$0,4,2*-1
7 227 [4]
$2*1,2*0
7 228 [4]
$3FF,BFF,3FF,0
7 229 0
7 230 -1
7 231 0
6 223 
7 224 0
7 225 0
7 226 [4]
$6,0,2*-1
7 227 [4]
$2*1,2*0
7 228 [4]
$3FF,BFF,2*3FF
7 229 0
7 230 -1
7 231 0
6 223 
7 224 5
7 225 0
7 226 [4]
$6,7,2*-1
7 227 [4]
$4*0
7 228 [4]
$3FF,BFF,3FF,0
7 229 0
7 230 -1
7 231 0
6 223 
7 224 13
7 225 0
7 226 [4]
$2,3,2*-1
7 227 [4]
$2*1,2*0
7 228 [4]
$3FF,BFF,2*3FF
7 229 1
7 230 3
7 231 0
6 223 
7 224 8
7 225 0
7 226 [4]
$1,2,2*-1
7 227 [4]
$2*1,2*0
7 228 [4]
$3FF,BFF,2*3FF
7 229 0
7 230 0
7 231 0
6 223 
7 224 15
7 225 0
7 226 [4]
$1,6,2*-1
7 227 [4]
$4*0
7 228 [4]
$4,C,2*3FF
7 229 1
7 230 2
7 231 0
6 223 
7 224 7
7 225 0
7 226 [4]
$0,1,2*-1
7 227 [4]
$4*0
7 228 [4]
$3FF,BFF,2*3FF
7 229 0
7 230 0
7 231 0
6 223 
7 224 12
7 225 1
7 226 [4]
$1,2,2*-1
7 227 [4]
$4*0
7 228 [4]
$3FF,BFF,2*3FF
7 229 1
7 230 2
7 231 0
6 223 
7 224 9
7 225 1
7 226 [4]
$2,3,2*-1
7 227 [4]
$4*0
7 228 [4]
$3FF,BFF,2*3FF
7 229 0
7 230 0
7 231 0
5 232 [10]
$0,1,2,3,4,5,6,7,8,9
5 233 -1
5 234 9
5 235 1
5 236 ->
6 237 0
6 238 0
6 239 0
5 240 ->
6 241 3FC0F95E8FEA88CB
6 242 9
6 243 0
5 244 ->
6 245 NULL
5 246 1
5 247 [6]
6 247 
7 248 0
6 247 
7 248 0
6 247 
7 248 0
6 247 
7 248 0
6 247 
7 248 0
6 247 
7 248 0
5 249 [12]
6 249 
7 250 0
7 251 2
7 252 0
7 253 3
7 254 [1]
8 254 
9 255 0
9 256 0
6 249 
7 250 1
7 251 0
7 252 0
7 253 3
7 254 [2]
8 254 
9 255 1
9 256 2
8 254 
9 255 0
9 256 3
6 249 
7 250 2
7 251 1
7 252 0
7 253 3
7 254 [1]
8 254 
9 255 1
9 256 0
6 249 
7 250 3
7 251 0
7 252 0
7 253 3
7 254 [2]
8 254 
9 255 2
9 256 2
8 254 
9 255 1
9 256 3
6 249 
7 250 4
7 251 2
7 252 0
7 253 3
7 254 [1]
8 254 
9 255 2
9 256 0
6 249 
7 250 5
7 251 1
7 252 0
7 253 3
7 254 [1]
8 254 
9 255 3
9 256 0
6 249 
7 250 6
7 251 2
7 252 0
7 253 3
7 254 [1]
8 254 
9 255 4
9 256 0
6 249 
7 250 7
7 251 2
7 252 0
7 253 3
7 254 [1]
8 254 
9 255 5
9 256 0
6 249 
7 250 8
7 251 3
7 252 0
7 253 3
7 254 [2]
8 254 
9 255 4
9 256 0
8 254 
9 255 5
9 256 2
6 249 
7 250 9
7 251 3
7 252 0
7 253 3
7 254 [2]
8 254 
9 255 4
9 256 0
8 254 
9 255 5
9 256 3
6 249 
7 250 10
7 251 14
7 252 0
7 253 0
7 254 [3]
8 254 
9 255 4
9 256 0
8 254 
9 255 0
9 256 2
8 254 
9 255 2
9 256 3
6 249 
7 250 11
7 251 14
7 252 0
7 253 2
7 254 [3]
8 254 
9 255 4
9 256 0
8 254 
9 255 0
9 256 3
8 254 
9 255 1
9 256 3
5 257 [5]
6 257 
7 258 10
7 259 4
7 260 8
6 257 
7 258 11
7 259 5
7 260 9
6 257 
7 258 14
7 259 -1
7 260 11
6 257 
7 258 15
7 259 -1
7 260 11
6 257 
7 258 16
7 259 -1
7 260 11
4 261 ->
5 262 7
5 263 S2D0002
5 264 1
5 265 -1
5 266 NULL
5 267 -1
5 268 71
5 269 1
5 270 [2]
6 270 
7 271 30
7 272 5
7 273 -1
7 274 3
7 275 0
7 276 ->
8 277 32770
8 278 0
8 279 
9 207 8
8 280 [3]
$0,3FD,0
8 281 [3]
$C059,3FD,0
7 282 ->
8 277 32770
8 278 0
8 279 
9 207 8
8 280 [3]
$0,3FD,0
8 281 [3]
$C059,3FD,0
6 270 
7 271 55
7 272 21
7 273 -1
7 274 5
7 275 0
7 276 ->
8 277 32770
8 278 -1
8 279 
8 280 [3]
$0,3FD,0
8 281 [3]
$0,C058F,0
7 282 ->
8 277 32770
8 278 -1
8 279 
8 280 [3]
$0,3FD,0
8 281 [3]
$0,C058F,0
4 283 [3]
5 283 
6 284 0
6 285 10
5 283 
6 284 1
6 285 0
5 283 
6 284 2
6 285 4
4 286 [5]
$7,8,9,10,11
4 287 0
4 288 -1
4 289 [1]
5 289 
6 290 2
6 291 1
4 292 0
4 293 BFF
4 294 ->
5 295 ->
6 278 0
6 279 
6 280 [3]
$BF8EB851EB851EB8,3FD,0
6 281 [3]
$BF8EB851EB851EB8,3FCC28F5C28F5C29,0
5 295 ->
6 278 1
6 279 
6 280 [3]
$BF8EB851EB851EB8,3FCC28F5C28F5C29,0
6 281 [3]
$3F8EB851EB851EB8,3FCC28F5C28F5C29,0
5 295 ->
6 278 2
6 279 
6 280 [3]
$3F8EB851EB851EB8,3FCC28F5C28F5C29,0
6 281 [3]
$3F8EB851EB851EB8,3FD,0
5 295 ->
6 277 32770
6 278 3
6 279 
7 207 8
6 280 [3]
$0,3FD,0
6 281 [3]
$C059,3FD,0
5 295 ->
6 277 5
6 278 4
6 279 
6 296 0
6 280 [3]
$0,3FCBF7CED9168728,0
6 281 [3]
$0,3FD0189374BC6A8,0
5 295 ->
6 277 32770
6 278 5
6 279 
6 280 [3]
$0,3FD,0
6 281 [3]
$0,C058F,0
5 297 [4][3]
$2*0,3FF
$0,3FF,0
$BFF,2*0
$3*0
2 124 -1
2 125 NULL
2 126 NULL
2 140 [2]
$7,70
2 127 ->
@next_srf 310 0
3 310 [2]
4 310 
@p_srf 311 1
5 311 50
@next_geom_ptr 312 1
5 312 0
4 310 
5 311 77
5 312 82
@bnd_type 313 0
3 313 [9]
4 313 
@p_srf 314 1
5 314 26
@boundary_type 315 1
5 315 1
4 313 
5 314 28
5 315 1
4 313 
5 314 48
5 315 1
4 313 
5 314 50
5 315 1
4 313 
5 314 72
5 315 2
4 313 
5 314 77
5 315 2
4 313 
5 314 82
5 315 1
4 313 
5 314 84
5 315 1
4 313 
5 314 86
5 315 1
@contours 316 0
3 316 [8]
4 316 
@p_srf 317 1
5 317 28
@start_crv_arr 318 11
5 318 [1]
6 318 14
4 316 
5 317 30
5 318 [1]
6 318 53
4 316 
5 317 50
5 318 [1]
6 318 14
4 316 
5 317 72
5 318 [1]
6 318 73
4 316 
5 317 77
5 318 [1]
6 318 78
4 316 
5 317 82
5 318 [1]
6 318 73
4 316 
5 317 84
5 318 [1]
6 318 74
4 316 
5 317 86
5 318 [1]
6 318 75
@next_crv 319 0
3 319 [8]
4 319 
@p_crv 320 1
5 320 14
@next_crv 321 11
5 321 [2]
$53,29
4 319 
5 320 20
5 321 [2]
$51,31
4 319 
5 320 29
5 321 [2]
$20,13
4 319 
5 320 31
5 321 [2]
$53,14
4 319 
5 320 51
5 321 [2]
$14,19
4 319 
5 320 53
5 321 [2]
$31,20
4 319 
5 320 85
5 321 [2]
$79,73
4 319 
5 320 87
5 321 [2]
$80,74
3 128 24
3 129 0
3 130 [2][3]
$BFBC,0,BFBC04EFEAAC5589
$3FBC,3FD,3FBC04EFEAAC5589
3 131 3FD9760DD7DFCD3
3 132 NULL
3 133 -1
2 134 -1
2 135 NULL
2 136 5
2 137 ->
3 304 [2]
4 304 ->
5 305 4
5 306 0
5 307 0
5 308 2
4 304 ->
5 305 4
5 306 0
5 307 1
5 308 2
3 138 0
1 139 ->
2 47 110
2 48 1
2 49 ->
3 50 -1
3 51 914
3 52 NULL
3 53 0
3 54 [3]
$1024,2*0
3 55 0
3 56 991
3 57 -1
3 58 ->
4 59 0
4 60 0
4 61 -1
4 62 -1
4 63 -1
4 64 -1
4 65 0
4 66 0
4 67 0
4 68 0
3 69 0
2 70 -1
2 71 no_name
2 72 2
2 73 ->
3 74 [2][4]
$111,208,27,0
$114,208,49,0
3 160 [8][6]
$112,229,111,2*0,26
$113,229,111,1,0,111
$115,229,114,2*0,114
$116,229,114,1,0,24
$117,229,114,2,0,114
$118,229,114,3,0,111
$119,248,19,2*0,26
$120,248,13,2*0,48
3 75 NULL
3 76 [18]
$3*-1,-2049,2*-1,-16777217,3*-1,-536870913,-1,-1126176897,-2,-2097185,
$-2097665,-1,13
3 77 NULL
3 78 ->
4 79 160010
4 80 160010
2 81 
3 82 [2]
4 82 ->
5 83 37
5 84 111
5 85 110
5 86 0
5 87 [2][2]
$C00921FB54442D18,BFA8
$3CD4,BFA570A3D70A3D78
5 174 ->
6 175 [4][3]
$BFF,2*0
$2*0,BFF
$0,BFF,0
$0,BFA570A3D70A3D78,0
6 176 BFE921FB54442D12
5 90 ->
6 170 112
6 171 1
6 172 [2][2]
$C00921FB54442D18,BFA8
$3CD4,BFA570A3D70A3D78
5 173 NULL
5 91 114
5 92 1
5 93 [2][3]
$BFA8,2*0
$3FA8,3F747AE147AE148,3FA8
4 82 ->
5 83 37
5 84 114
5 85 110
5 86 0
5 87 [2][2]
$C01921FB54442D1C,BFA8
$C00921FB54442D18,BFA570A3D70A3D78
5 174 ->
6 175 [4][3]
$BFF,2*0
$2*0,BFF
$0,BFF,0
$0,BFA570A3D70A3D78,0
6 176 BFE921FB54442D12
5 90 ->
6 170 115
6 171 1
6 172 [2][2]
$C01921FB54442D1C,BFA8
$C00921FB54442D18,BFA570A3D70A3D78
5 173 NULL
5 91 0
5 92 1
5 93 [2][3]
$BFA8,0,BFA8
$3FA8,3F747AE147AE148,0
3 177 [8]
4 177 ->
5 178 112
5 179 110
5 180 0
5 181 [2]
$-1,1
5 182 [17][4]
$C00921FB54442D18,BFA8,C00921FB54442D18,3FD07AE147AE147A
$C0078FDB9EFFEA46,BFA8,C0078FDB9EFFEA46,3FD07AE147AE147A
$C005FDBBE9BBA774,BFA8,C005FDBBE9BBA774,3FD07AE147AE147A
$C0046B9C347764A2,BFA8,C0046B9C347764A2,3FD07AE147AE147A
$C002D97C7F3321D,BFA8,C002D97C7F3321D,3FD07AE147AE147A
$C001475CC9EEDEFE,BFA8,C001475CC9EEDEFE,3FD07AE147AE147A
$BFFF6A7A29553859,BFA8,BFFF6A7A29553859,3FD07AE147AE147A
$BFFC463ABECCB2B6,BFA8,BFFC463ABECCB2B6,3FD07AE147AE147A
$BFF921FB54442D13,BFA8,BFF921FB54442D13,3FD07AE147AE147A
$BFF5FDBBE9BBA77,BFA8,BFF5FDBBE9BBA77,3FD07AE147AE147A
$BFF2D97C7F3321CD,BFA8,BFF2D97C7F3321CD,3FD07AE147AE147A
$BFEF6A7A29553854,BFA8,BFEF6A7A2955385R,3FD07AE147AE147A
$BFE921FB54442D0E,BFA8,BFE921FB54442D0F,3FD07AE147AE147A
$BFE2D97C7F3321C8,BFA8,BFE2D97C7F3321C8,3FD07AE147AE147A
$BFD921FB54442D04,BFA8,BFD921FB54442D03,3FD07AE147AE147A
$BFC921FB54442CF,BFA8,BFC921FB54442CF,3FD07AE147AE147A
$3CD4,BFA8,0,3FD07AE147AE147A
5 183 111
5 184 26
5 185 118
5 186 119
5 187 0
5 188 0
4 177 ->
5 178 113
5 179 110
5 180 0
5 181 [2]
$1,-1
5 182 [17][4]
$C00921FB54442D18,BFA570A3D70A3D78,BFA570A3D70A3D7,0
$C0078FDB9EFFEA46,BFA570A3D70A3D78,BFA5072D64EFF8FA,BF80BB1F47324DFD
$C005FDBBE9BBA774,BFA570A3D70A3D78,BFA3CED7979F4F4A,BF9068D2BC7A24B5
$C0046B9C347764A2,BFA570A3D70A3D78,BFA1D3A32ADE4872,BF97D2A666E496AC
$C002D97C7F3321D,BFA570A3D70A3D78,BF9E521BEFBEF90F,BF9E521BEFBEF91E
$C001475CC9EEDEFE,BFA570A3D70A3D78,BF97D2A666E4969A,BFA1D3A32ADE4878
$BFFF6A7A29553859,BFA570A3D70A3D78,BF9068D2BC7A24A3,BFA3CED7979F4F4D
$BFFC463ABECCB2B6,BFA570A3D70A3D78,BF80BB1F47324DR,BFA5072D64EFF8FC
$BFF921FB54442D13,BFA570A3D70A3D78,0,BFA570A3D70A3D7
$BFF5FDBBE9BBA77,BFA570A3D70A3D78,3F80BB1F47324E12,BFA5072D64EFF8F9
$BFF2D97C7F3321CD,BFA570A3D70A3D78,3F9068D2BC7A24BC,BFA3CED7979F4F48
$BFEF6A7A29553854,BFA570A3D70A3D78,3F97D2A666E496B1,BFA1D3A32ADE4871
$BFE921FB54442D0E,BFA570A3D70A3D78,3F9E521BEFBEF92,BF9E521BEFBEF90E
$BFE2D97C7F3321C8,BFA570A3D70A3D78,3FA1D3A32ADE4878,BF97D2A666E4969A
$BFD921FB54442D04,BFA570A3D70A3D78,3FA3CED7979F4F4D,BF9068D2BC7A24A3
$BFC921FB54442CF,BFA570A3D70A3D78,3FA5072D64EFF8FC,BF80BB1F47324DR
$3CD4,BFA570A3D70A3D78,3FA570A3D70A3D6F,0
5 183 111
5 184 24
5 185 117
5 186 116
5 187 0
5 188 0
4 177 ->
5 178 115
5 179 110
5 180 0
5 181 [2]
$1,-1
5 182 [17][4]
$C00921FB54442D18,BFA8,C00921FB54442D18,3FD07AE147AE147A
$C00AB41B09886FEA,BFA8,C00AB41B09886FE8,3FD07AE147AE147A
$C00C463ABECCB2BC,BFA8,C00C463ABECCB2BC,3FD07AE147AE147A
$C00DD85A7410F58E,BFA8,C00DD85A7410F59,3FD07AE147AE147A
$C00F6A7A2955386,BFA8,C00F6A7A2955386,3FD07AE147AE147A
$C0107E4CEF4CBD9R,BFA8,C0107E4CEF4CBD98,3FD07AE147AE147A
$C011475CC9EEDF02,BFA8,C011475CC9EEDF02,3FD07AE147AE147A
$C012106CA491006B,BFA8,C012106CA491006C,3FD07AE147AE147A
$C012D97C7F3321D4,BFA8,C012D97C7F3321D4,3FD07AE147AE147A
$C013A28C59D5433D,BFA8,C013A28C59D5433C,3FD07AE147AE147A
$C0146B9C347764A6,BFA8,C0146B9C347764A6,3FD07AE147AE147A
$C01534AC0F19860F,BFA8,C01534AC0F19861,3FD07AE147AE147A
$C015FDBBE9BBA778,BFA8,C015FDBBE9BBA778,3FD07AE147AE147A
$C016C6CBC45DC8E1,BFA8,C016C6CBC45DC8E,3FD07AE147AE147A
$C0178FDB9EFFEA4A,BFA8,C0178FDB9EFFEA4A,3FD07AE147AE147A
$C01858EB79A20BB3,BFA8,C01858EB79A20BB4,3FD07AE147AE147A
$C01921FB54442D1C,BFA8,C01921FB54442D18,3FD07AE147AE147A
5 183 114
5 184 48
5 185 117
5 186 120
5 187 0
5 188 0
4 177 ->
5 178 116
5 179 110
5 180 0
5 181 [2]
$-1,1
5 182 [17][4]
$C00921FB54442D18,BFA570A3D70A3D78,BFA570A3D70A3D7,0
$C00AB41B09886FEA,BFA570A3D70A3D78,BFA5072D64EFF8FA,3F80BB1F47324DFD
$C00C463ABECCB2BC,BFA570A3D70A3D78,BFA3CED7979F4F4A,3F9068D2BC7A24B5
$C00DD85A7410F58E,BFA570A3D70A3D78,BFA1D3A32ADE4872,3F97D2A666E496AC
$C00F6A7A2955386,BFA570A3D70A3D78,BF9E521BEFBEF90F,3F9E521BEFBEF91E
$C0107E4CEF4CBD9R,BFA570A3D70A3D78,BF97D2A666E4969A,3FA1D3A32ADE4878
$C011475CC9EEDF02,BFA570A3D70A3D78,BF9068D2BC7A24A1,3FA3CED7979F4F4E
$C012106CA491006B,BFA570A3D70A3D78,BF80BB1F47324DD3,3FA5072D64EFF8FC
$C012D97C7F3321D4,BFA570A3D70A3D78,0,3FA570A3D70A3D7
$C013A28C59D5433D,BFA570A3D70A3D78,3F80BB1F47324E26,3FA5072D64EFF8F8
$C0146B9C347764A6,BFA570A3D70A3D78,3F9068D2BC7A24C9,3FA3CED7979F4F45
$C01534AC0F19860F,BFA570A3D70A3D78,3F97D2A666E496BE,3FA1D3A32ADE486C
$C015FDBBE9BBA778,BFA570A3D70A3D78,3F9E521BEFBEF92E,3F9E521BEFBEF9
$C016C6CBC45DC8E1,BFA570A3D70A3D78,3FA1D3A32ADE487E,3F97D2A666E49689
$C0178FDB9EFFEA4A,BFA570A3D70A3D78,3FA3CED7979F4F52,3F9068D2BC7A248D
$C01858EB79A20BB3,BFA570A3D70A3D78,3FA5072D64EFF8FE,3F80BB1F47324DA8
$C01921FB54442D1C,BFA570A3D70A3D78,3FA570A3D70A3D6F,0
5 183 114
5 184 24
5 185 118
5 186 113
5 187 0
5 188 0
4 177 ->
5 178 117
5 179 110
5 180 1
5 181 [2]
$1,-1
5 182 [2][4]
$C01921FB54442D1C,BFA8,3CD4,BFA8
$C01921FB54442D1C,BFA570A3D70A3D78,3CD4,BFA570A3D70A3D78
5 183 114
5 184 111
5 185 116
5 186 112
5 187 0
5 188 0
4 177 ->
5 178 118
5 179 110
5 180 1
5 181 [2]
$-1,1
5 182 [2][4]
$C00921FB54442D18,BFA8,C00921FB54442D18,BFA8
$C00921FB54442D18,BFA570A3D70A3D78,C00921FB54442D18,BFA570A3D70A3D78
5 183 114
5 184 111
5 185 115
5 186 113
5 187 0
5 188 0
4 177 ->
5 178 119
5 179 110
5 180 1
5 181 [2]
$-1,1
5 182 [2][4]
$C01921FB54442D18,3FD07AE147AE147A,0,3FD07AE147AE147A
$C01921FB54442D18,3FB3R,0,3FB3R
5 183 48
5 184 26
5 185 115
5 186 29
5 187 0
5 188 0
4 177 ->
5 178 120
5 179 110
5 180 1
5 181 [2]
$1,-1
5 182 [2][4]
$C00921FB54442D18,3FD07AE147AE147A,C00921FB54442D18,3FD07AE147AE147A
$C00921FB54442D18,3FB3R,C00921FB54442D18,3FB3R
5 183 48
5 184 26
5 185 51
5 186 112
5 187 0
5 188 0
2 94 NULL
2 95 ->
2 96 ->
3 97 [4][3]
$3FF,2*0
$0,3FF,0
$2*0,3FF
$3*0
3 98 [3]
4 98 ->
5 99 601
5 100 0
5 101 12
5 102 -1
5 103 -1
5 104 -1
5 105 0
5 106 0
5 107 0
5 108 [2]
6 108 ->
7 109 1
7 110 ->
8 111 -1
8 112 -1
8 113 0
6 108 ->
7 109 6
7 114 ->
8 115 [1]
9 115 66
4 98 ->
5 99 601
5 100 0
5 101 -1
5 102 -1
5 103 -1
5 104 -1
5 105 0
5 106 0
5 107 0
5 108 [2]
6 108 ->
7 109 1
7 110 ->
8 111 -1
8 112 -1
8 113 0
6 108 ->
7 109 6
7 114 ->
8 115 [1]
9 115 66
4 98 ->
5 99 9
5 100 0
5 101 -1
5 102 -1
5 103 27
5 104 -1
5 105 0
5 106 0
5 107 0
5 108 [1]
6 108 ->
7 109 6
7 114 ->
8 115 [1]
9 115 68
3 116 -1
3 117 0
2 122 NULL
2 123 -1
2 124 -1
2 125 NULL
2 126 NULL
2 140 [1]
3 140 7
2 127 ->
3 310 [1]
4 310 
5 311 86
5 312 0
3 316 [3]
4 316 
5 317 24
5 318 [1]
6 318 49
4 316 
5 317 26
5 318 [1]
6 318 13
4 316 
5 317 48
5 318 [1]
6 318 13
3 319 [4]
4 319 
5 320 13
5 321 [2]
$51,27
4 319 
5 320 19
5 321 [2]
$49,29
4 319 
5 320 29
5 321 [2]
$105,13
4 319 
5 320 51
5 321 [2]
$104,19
3 128 24
3 129 0
3 130 [2][3]
$BFBC,0,BFBC04EE352F2675
$3FBC,3FD,3FBC04EE352F2675
3 131 3FD9760DD7DFCD3
3 132 NULL
3 133 -1
2 134 -1
2 135 NULL
2 136 2
2 137 ->
3 138 3
1 139 NULL
@assem_mass_prop_ptr 322 0
1 322 NULL
@mass_prop_ptr 323 0
1 323 ->
@type 324 1
2 324 0
@density 325 2
2 325 3FC9R
@init_dens 326 5
2 326 1
@rel_density 327 2
2 327 0
@init_rel_dens 328 5
2 328 0
@aver_density 329 2
2 329 3FC9R
@vrevnum 330 1
2 330 154
@volume 331 2
2 331 3F63877846E63DD7
@cg 332 2
2 332 [3]
$BDCCC45184410C7F,3FC3BC66C08605FE,3DEB723BB989FB94
@inertia 333 2
2 333 [3][3]
$3EA194C158DEDD3,BCF7EEB16A30968R,3D600975E7679292
$BCF7EEB16A30968R,3EEDC259BBFB823,3D16D56D0226R
$3D600975E7679292,3D16D56D0226R,3EA4EC78D324EFA6
@eps 334 2
2 334 3EE4F8B588E368F1
@surfarea 335 2
2 335 3FC312F7CD688CF5
@assign_mp_ptr 336 0
1 336 NULL
@tol_default_ptr 337 0
1 337 ->
@type 338 1
2 338 10
@value 339 2
2 339 [7]
$0,3FB9R,3F847AE147AE147B,3F50624DD2F1A9FC,3F1A36E2EB1C432D,
$3EE4F8B588E368F1,3EB0C6F7A0B5ED8E
@ang_value 340 2
2 340 [7]
$0,6*3FE
@standard 341 1
2 341 0
@iso_tol_tbls_ptr 342 0
2 342 NULL
@first_xsec_ptr 343 0
1 343 NULL
@datum_count 344 1
1 344 0
@axis_count 345 1
1 345 1
@insert_layer_id 346 1
1 346 -1
@layer_count 347 1
1 347 1
@layer_list 348 0
1 348 [8]
2 348 
@feat_id 349 1
3 349 1
@layer_id 350 1
3 350 0
@back_layer_id 351 1
3 351 0
2 348 
3 349 3
3 350 0
3 351 0
2 348 
3 349 5
3 350 0
3 351 0
2 348 
3 349 8
3 350 0
3 351 0
2 348 
3 349 7
3 350 0
3 351 0
2 348 
3 349 70
3 350 0
3 351 0
2 348 
3 349 69
3 350 0
3 351 0
2 348 
3 349 110
3 350 0
3 351 0
@lang_ptr 352 0
1 352 ->
@interact_on 353 1
2 353 -1
@first_csys_ptr 354 0
1 354 NULL
@color_prop_ptr 355 0
1 355 NULL
@fem_data 356 0
1 356 NULL
@rel_part_eps 357 2
1 357 3F53A92A30553261
@names_table 358 0
1 358 [3]
2 358 ->
@id 359 1
3 359 2
@type 360 1
3 360 5
@name 361 10
3 361 DTM1
2 358 ->
3 359 4
3 360 5
3 361 DTM2
2 358 ->
3 359 6
3 360 5
3 361 DTM3
@drv_tbl_ptr 362 0
1 362 NULL
@assembled_count 363 1
1 363 0
@part_type 364 1
1 364 1
@mat_name_ptr 365 10
1 365 NULL
@first_ent_id 366 1
1 366 526718
@first_view_id 367 1
1 367 0
@outline 368 2
1 368 [2][3]
$BFBC,0,BFBC04EE352F2675
$3FBC,3FD,3FBC04EE352F2675
@dim_num 369 1
1 369 13
@dim_array 370 0
1 370 [13]
2 370 ->
@type 371 1
3 371 8
@dim_type 372 1
3 372 42
@feat_id 373 1
3 373 7
@attributes 374 1
3 374 32
@dim_dat_ptr 375 0
3 375 ->
@value 376 2
4 376 0
@bck_value 377 2
4 377 0
@tol_ptr 378 0
4 378 ->
@type 379 1
5 379 9
@tol_type 380 1
5 380 3
@dual_digits_diff 381 1
5 381 999
@value 382 2
5 382 [2]
$2*3F847AE147AE147B
@nominal_value 383 2
4 383 0
@bound 384 1
4 384 20
@bck_bound 385 1
4 385 -1
@bck_tol_ptr 386 0
4 386 ->
@value 387 2
5 387 [2]
$2*3F847AE147AE147B
@datum_def_id 388 1
4 388 -1
@places_denom 389 1
4 389 2
@bck_places_denom 390 1
4 390 2
@dim_data_attrib 391 1
4 391 0
@dim_cosm_ptr 392 0
3 392 ->
@d0 393 2
4 393 0
@d1 394 2
4 394 0
@d2 395 2
4 395 0
@d3 396 2
4 396 0
@ord_info 397 0
4 397 NULL
@attach_ptr 398 0
3 398 NULL
@dim_text_ptr 399 0
3 399 ->
@symbol 400 10
4 400 d0
@parent_dim_id 401 1
3 401 -1
2 370 ->
3 371 8
3 372 2
3 373 7
3 374 353
3 375 ->
4 376 3FCC
4 377 3FCC
4 378 ->
5 379 9
5 380 3
5 381 999
5 382 [2]
$2*3F847AE147AE147B
4 383 3FCC
4 384 20
4 385 -1
4 386 ->
5 387 [2]
$2*3F847AE147AE147B
4 388 -1
4 389 2
4 390 2
4 391 0
3 392 ->
4 393 3FE5F5F5F5F5F5FA
4 394 4044AB1B1E49C8D6
4 395 3FEB04FB04FB04FD
4 396 403B1EDB6DB6DB6D
4 397 NULL
3 398 NULL
3 399 ->
4 400 d1
@line_array 402 0
4 402 [1]
5 402 
@text_array 403 0
6 403 [2]
7 403 
@text_type 404 1
8 404 54
@text_value 405 10
8 405 n
@txt_attrib 406 1
8 406 1
@owner_id 407 1
8 407 1
@part_id 408 1
8 408 25
@height 409 2
8 409 BFF
@width_factor 410 2
8 410 BFF
@format_info 411 0
8 411 
@thickness 412 2
8 412 BFF
7 403 
8 404 61
8 405 
8 406 1
8 407 1
8 408 25
8 409 BFF
8 410 BFF
8 411 
8 412 BFF
3 401 -1
2 370 ->
3 371 8
3 372 5
3 373 7
3 374 353
3 375 ->
4 376 3FB8
4 377 3FB8
4 378 ->
5 379 9
5 380 3
5 381 999
5 382 [2]
$2*3F847AE147AE147B
4 383 3FB8
4 384 20
4 385 -1
4 386 ->
5 387 [2]
$2*3F847AE147AE147B
4 388 -1
4 389 2
4 390 2
4 391 0
3 392 ->
4 393 3FC2121212121221
4 394 C050E299AE31DDB4
4 395 3FE6FD0EB66FD0ER
4 396 403B1EDB6DB6DB6D
4 397 NULL
3 398 NULL
3 399 ->
4 400 d2
4 402 [1]
5 402 
6 403 [2]
7 403 
8 404 54
8 405 n
8 406 1
8 407 2
8 408 25
8 409 BFF
8 410 BFF
8 411 
8 412 BFF
7 403 
8 404 61
8 405 
8 406 1
8 407 2
8 408 25
8 409 BFF
8 410 BFF
8 411 
8 412 BFF
3 401 -1
2 370 ->
3 371 8
3 372 5
3 373 7
3 374 289
3 375 ->
4 376 3FD
4 377 3FD
4 378 ->
5 379 9
5 380 3
5 381 999
5 382 [2]
$2*3F847AE147AE147B
4 383 3FD
4 384 20
4 385 -1
4 386 ->
5 387 [2]
$2*3F847AE147AE147B
4 388 -1
4 389 2
4 390 2
4 391 0
3 392 ->
4 393 40635AF622D53C82
4 394 3FE33AE45B57BCB3
4 395 3FD92CE41843F16F
4 396 403B1EDB6DB6DB6D
4 397 NULL
3 398 NULL
3 399 ->
4 400 d3
3 401 -1
2 370 ->
3 371 8
3 372 1
3 373 7
3 374 289
3 375 ->
4 376 3FC8
4 377 3FC8
4 378 ->
5 379 9
5 380 3
5 381 999
5 382 [2]
$2*3F847AE147AE147B
4 383 3FC8
4 384 20
4 385 -1
4 386 ->
5 387 [2]
$2*3F847AE147AE147B
4 388 -1
4 389 2
4 390 2
4 391 0
3 392 ->
4 393 403A53E6854ACCB4
4 394 3FD5A240E6C2B446
4 395 3FDBF1F9E7D19A97
4 396 403B1EDB6DB6DB6D
4 397 NULL
3 398 NULL
3 399 ->
4 400 d4
3 401 -1
2 370 ->
3 371 8
3 372 42
3 373 7
3 374 32
3 375 ->
4 376 0
4 377 0
4 378 ->
5 379 9
5 380 3
5 381 999
5 382 [2]
$2*3F847AE147AE147B
4 383 0
4 384 20
4 385 -1
4 386 ->
5 387 [2]
$2*3F847AE147AE147B
4 388 -1
4 389 2
4 390 2
4 391 0
3 392 ->
4 393 0
4 394 0
4 395 0
4 396 0
4 397 NULL
3 398 NULL
3 399 ->
4 400 d5
3 401 -1
2 370 NULL
2 370 ->
3 371 8
3 372 42
3 373 69
3 374 32
3 375 ->
4 376 0
4 377 0
4 378 ->
5 379 9
5 380 3
5 381 999
5 382 [2]
$2*3F847AE147AE147B
4 383 0
4 384 20
4 385 -1
4 386 ->
5 387 [2]
$2*3F847AE147AE147B
4 388 -1
4 389 2
4 390 2
4 391 0
3 392 ->
4 393 0
4 394 0
4 395 0
4 396 0
4 397 NULL
3 398 NULL
3 399 ->
4 400 d7
3 401 -1
2 370 ->
3 371 8
3 372 42
3 373 69
3 374 32
3 375 ->
4 376 0
4 377 0
4 378 ->
5 379 9
5 380 3
5 381 999
5 382 [2]
$2*3F847AE147AE147B
4 383 0
4 384 20
4 385 -1
4 386 ->
5 387 [2]
$2*3F847AE147AE147B
4 388 -1
4 389 2
4 390 2
4 391 0
3 392 ->
4 393 0
4 394 0
4 395 0
4 396 0
4 397 NULL
3 398 NULL
3 399 ->
4 400 d8
3 401 -1
2 370 ->
3 371 8
3 372 1
3 373 69
3 374 289
3 375 ->
4 376 3F9EB851EB851EB8
4 377 3F9EB851EB851EB8
4 378 ->
5 379 9
5 380 3
5 381 999
5 382 [2]
$2*3F847AE147AE147B
4 383 3F9EB851EB851EB8
4 384 20
4 385 -1
4 386 ->
5 387 [2]
$2*3F847AE147AE147B
4 388 -1
4 389 2
4 390 2
4 391 0
3 392 ->
4 393 3FEB13B13B13B135
4 394 C04D8C8CF0D743E4
4 395 3FEB55E427DD4F0B
4 396 403B1EDB6DB6DB6D
4 397 NULL
3 398 NULL
3 399 ->
4 400 d9
3 401 -1
2 370 ->
3 371 8
3 372 1
3 373 69
3 374 289
3 375 ->
4 376 3F9EB851EB851EB8
4 377 3F9EB851EB851EB8
4 378 ->
5 379 9
5 380 3
5 381 999
5 382 [2]
$2*3F847AE147AE147B
4 383 3F9EB851EB851EB8
4 384 20
4 385 -1
4 386 ->
5 387 [2]
$2*3F847AE147AE147B
4 388 -1
4 389 2
4 390 2
4 391 0
3 392 ->
4 393 40503274B2BD516A
4 394 3FDE1E1E1E1E1E2R
4 395 3FDDDAED0712E65C
4 396 403B1EDB6DB6DB6D
4 397 NULL
3 398 NULL
3 399 ->
4 400 d10
3 401 -1
2 370 ->
3 371 8
3 372 42
3 373 69
3 374 32
3 375 ->
4 376 0
4 377 0
4 378 ->
5 379 9
5 380 3
5 381 999
5 382 [2]
$2*3F847AE147AE147B
4 383 0
4 384 20
4 385 -1
4 386 ->
5 387 [2]
$2*3F847AE147AE147B
4 388 -1
4 389 2
4 390 2
4 391 0
3 392 ->
4 393 0
4 394 0
4 395 0
4 396 0
4 397 NULL
3 398 NULL
3 399 ->
4 400 d11
3 401 -1
2 370 ->
3 371 8
3 372 9
3 373 110
3 374 257
3 375 ->
4 376 3F747AE147AE147B
4 377 3F747AE147AE147B
4 378 ->
5 379 9
5 380 3
5 381 999
5 382 [2]
$2*3F50624DD2F1A9FC
4 383 3F747AE147AE147B
4 384 20
4 385 -1
4 386 ->
5 387 [2]
$2*3F847AE147AE147B
4 388 -1
4 389 3
4 390 3
4 391 0
3 392 ->
4 393 0
4 394 0
4 395 0
4 396 0
4 397 NULL
3 398 NULL
3 399 ->
4 400 d12
3 401 -1
@ipar_num 413 1
1 413 0
@relpar_sets 414 0
1 414 [1]
2 414 
@id 415 1
3 415 -1
@type 416 1
3 416 2
@ext_ref_id 417 1
3 417 -1
@param 418 0
3 418 [5]
4 418 
@sym 419 10
5 419 
@value 420 0
5 420 
@type 421 1
6 421 50
@value(d_val) 422 2
6 422 0
@bak_value 423 0
5 423 
6 421 50
6 422 0
4 418 
5 419 COST
5 420 
6 421 50
6 422 3F947AE147AE147B
5 423 
6 421 50
6 422 3F947AE147AE147B
4 418 
5 419 
5 420 
6 421 51
@value(s_val) 424 10
6 424 
5 423 
6 421 51
6 424 
4 418 
5 419 VENDOR
5 420 
6 421 51
6 424 Nails Co.
5 423 
6 421 51
6 424 Nails Co.
4 418 
5 419 
5 420 
6 421 50
6 422 3F3F3F26D7D6C957
5 423 
6 421 50
6 422 3F3F3F26D7D6C958
@relatnum 425 1
3 425 1
@relation 426 10
3 426 [1]
4 426 
@unit_arr 427 0
1 427 [2]
2 427 
@type 428 1
3 428 1
@factor 429 2
3 429 3FF
@name 430 10
3 430 INCH
@unit_type 431 1
3 431 0
2 427 
3 428 2
3 429 3FF
3 430 POUND
3 431 1
@geom_lib_ptr 432 0
1 432 NULL
@first_quilt_ptr 433 1
1 433 0
@attrib_array 434 1
1 434 [2]
$2*0
@smt_info_ptr 435 0
1 435 NULL
@cable_info_ptr 436 0
1 436 NULL
@comp_info_ptr 437 0
1 437 NULL
@max_part_size 438 2
1 438 3FD9760DD7DFCD3
@prt_misc_ptr 439 0
1 439 ->
@shrink_data_ptr 440 0
2 440 NULL
@layer_array 441 0
1 441 [2]
2 441 ->
@id 442 1
3 442 56
@type 443 1
3 443 117
@user_id 444 1
3 444 0
@weird_wline_ptr 445 0
3 445 ->
@weird_wline 446 10
4 446 DTM
@layer_objects 447 0
3 447 [3]
4 447 
@type 448 1
5 448 3
@ids 449 1
5 449 [3]
$1,3,5
4 447 
5 448 8
4 447 
5 448 144
@saved_operation 450 1
3 450 3
2 441 ->
3 442 57
3 443 117
3 444 0
3 445 ->
4 446 AXIS
3 447 [3]
4 447 
5 448 3
5 449 [1]
6 449 7
4 447 
5 448 8
4 447 
5 448 144
3 450 3
@expld_mv_info 451 0
1 451 NULL
@state_info_ptr 452 0
1 452 NULL
@alumni_feats 453 0
1 453 NULL
@model_name 454 10
1 454 WIND_SCREW
@p_mdl_grid 455 0
1 455 NULL
@mdl_status_ptr 456 0
1 456 NULL
@cfg_states 457 0
1 457 NULL
@disp_outl_info 458 0
1 458 
@disp_outline 459 2
2 459 [2][3]
$BFBC825C6D6E25B6,BF604B8DADC4B6B9,BFBC874AA29D4C2B
$3FBC825C6D6E25B6,3FD020971B5B896D,3FBC874AA29D4C2B
@ribbon_info_ptr 460 0
1 460 NULL
@p_xref_data 461 0
1 461 ->
@View 462 0
0 462 ->
@id 463 1
1 463 0
@viewattr 464 0
1 464 
@attr_arr 465 1
2 465 [4]
$1,3*0
@mpoint 466 0
1 466 
@id 467 1
2 467 0
@coord 468 2
2 468 [3]
$0,3FC,0
@first_instr_ptr 469 0
2 469 NULL
@attach_ptr 470 0
2 470 NULL
@vpoint 471 0
1 471 
2 467 0
2 468 [3]
$407F4,407A5E,0
2 469 NULL
2 470 NULL
@orient 472 2
1 472 [4][4]
$3FED7954E7DBA2F8,0,3FD8EC3AE92B676B,0
$BFD385CE5246572,3FE3E43A9692E21C,3FE7167619F550A2,0
$BFCEFC077F3F36A6,BFE91103985DA841,3FE25240DD3851BF,0
$3*0,3FF
@local_sys 473 2
1 473 [4][4]
$409D382376A8201A,0,4088B51A8B7B673,0
$C0835A9FB9B18D95,4093B83B239A1F64,4096E364CFEDE2C2,0
$C07EB77EB8EB0D3F,C098D991DE029C3B,409229BA8A5ECCD8,0
$40820B53F73631B2,407081E26E32F04E,C066E364CFEDE2C1,3FF
@first_instr_ptr 474 0
1 474 ->
@type 475 1
2 475 100
@geom_id 476 1
2 476 -1
@view_id 477 1
2 477 -1
@memb_num 478 1
2 478 0
@offset 479 2
2 479 0
@matrix 480 0
2 480 NULL
@next_instr_ptr 481 0
1 481 NULL
@outer_xsec_index 482 1
1 482 -1
@next_view_id 483 1
1 483 -2
@simp_rep_id 484 1
1 484 0
@name 485 10
1 485 no name
@matrix 486 2
1 486 [4][4]
$3FF,3*0
$0,3FF,2*0
$2*0,3FF,0
$3*0,3FF
@fit_outline 487 2
1 487 [2][3]
$4059,405518,C07939BFBFEF68EA
$408C2,4087BB,407939BFBFEF68EC
@det_info_ptr 488 0
1 488 NULL
@named_view_pzmatr 489 0
1 489 NULL
@page_id 490 1
1 490 0
@model_name 491 10
1 491 NULL
@unrep_model_name 492 10
1 492 NULL
@assem_merge_parts 493 0
0 493 ->
#END_OF_UGC
