#UGC:2 PART 887 360 0 1 1 15 1600 9547 \
#- VERS 0 0                                                          \
#- HOST                                                              \
#- LINK                                                              \
#- DBID                                                              \
#- REVS 0,                                                           \
#- RELL 0,                                                           \
#- UOBJ_ID 818777220 316298267 143768952                             \
#-END_OF_UGC_HEADER
#P_OBJECT 6
@P_object 1 0
0 1 ->
@dep_db 2 0
1 2 ->
@usr_rev 3 0
1 3 [3]
2 3 
@name 4 10
3 4 BAUERLE
@mod_time 5 0
3 5 
@tm_sec 6 1
4 6 33
@tm_min 7 1
4 7 5
@tm_hour 8 1
4 8 16
@tm_mday 9 1
4 9 18
@tm_mon 10 1
4 10 10
@tm_year 11 1
4 11 95
@action 12 1
3 12 1000
@comment 13 10
3 13 Hostname: 'buckle'
@rel_level 14 10
3 14 
@rev_string 15 10
3 15 
2 3 
3 4 USER
3 5 
4 6 58
4 7 41
4 8 21
4 9 1
4 10 11
4 11 95
3 12 1000
3 13 Hostname: 'guinea'
3 14 
3 15 
2 3 
3 4 USER
3 5 
4 6 0
4 7 7
4 8 14
4 9 12
4 10 11
4 11 95
3 12 1000
3 13 Hostname: 'arran'
3 14 
3 15 
@revnum_std 16 1
1 16 171
@flag 17 1
1 17 0
@name 18 10
1 18 NULL
@inst_hidden 19 1
1 19 0
@old_name 20 10
1 20 NULL
@user_symbols 21 0
1 21 [2]
2 21 ->
@class 22 1
3 22 1
@access 23 1
3 23 0
@changed 24 1
3 24 0
@copy_of_generic 25 1
3 25 0
@name 26 10
3 26 COST
@value 27 0
3 27 
@type 28 1
4 28 50
@value(d_val) 29 2
4 29 3FB9R
2 21 ->
3 22 1
3 23 0
3 24 0
3 25 0
3 26 VENDOR
3 27 
4 28 51
@value(s_val) 30 10
4 30 inhouse
@appl_data 31 0
1 31 ->
@bounding_box 32 2
2 32 [2][3]
$BFE4EC29B08E619,BFA6A764064FFCA2,BFFA1F8D595E0B0F
$3FE4EC298E53313,3FA6A764064FFCA2,3FE4EA7640658B2A
@uobj_id 33 0
1 33 NULL
#END_OF_P_OBJECT
#Pro/ENGINEER  TM  Version G-01-14  (c) 1988-95 by Parametric Technology Corporation  All Rights Reserved. 9547
@Solid 34 0
0 34 ->
@tab_key 35 1
1 35 0
@tab_key_struct 36 0
1 36 ->
@tab_key_ptr 37 0
2 37 [93]
@cmprs_tabkey 38 0
2 38 NULL
@type 39 1
1 39 2
@revnum_ptr 40 0
1 40 ->
@geom_revnum 41 1
2 41 139
@cosm_revnum 42 1
2 42 30
@first_member_ptr 43 0
1 43 NULL
@alumni_members 44 0
1 44 NULL
@frst_geom_ptr 45 1
1 45 10
@first_feat_ptr 46 0
1 46 ->
@id 47 1
2 47 1
@indep_attributes 48 1
2 48 1
@feat_type_ptr 49 0
2 49 ->
@table_id 50 1
3 50 13
@type 51 1
3 51 923
@feattype_key 52 10
3 52 NULL
@form 53 1
3 53 0
@attributes 54 1
3 54 [3]
$0,262144,0
@placement 55 1
3 55 0
@intersection 56 1
3 56 -1
@internal_udf_type 57 1
3 57 -1
@param_choice_ptr 58 0
3 58 ->
@blend_choice 59 1
4 59 0
@depth_choice 60 1
4 60 0
@angle_choice 61 1
4 61 -1
@pat_choice 62 1
4 62 -1
@round_choice 63 1
4 63 -1
@subsec_choice 64 1
4 64 -1
@sweep_choice 65 1
4 65 0
@dome_choice 66 1
4 66 0
@draft_choice 67 1
4 67 0
@misc_choice 68 1
4 68 0
@assoc_type 69 1
3 69 0
@symbol_key 70 1
2 70 -1
@sect_name 71 10
2 71 DTM1
@model_type 72 1
2 72 2
@idtab_ptr 73 0
2 73 ->
@srf_id_arr 74 1
3 74 [1][4]
$2,3*0
@save_geoms 75 0
3 75 NULL
@cr_flags_xar 76 1
3 76 [18]
$3*-1,-2049,2*-1,-16777217,3*-1,-536870913,-1,-1126176897,-2,-2097185,
$-203555329,3,0
@cvt_feat_dat 77 0
3 77 NULL
@feat_dates_ptr 78 0
3 78 ->
@creat_date 79 1
4 79 150023
@regen_date 80 1
4 80 160010
@geometry 81 0
2 81 
@srf_array 82 0
3 82 [1]
4 82 ->
@geom_type 83 1
5 83 34
@geom_id 84 1
5 84 2
@feat_id 85 1
5 85 1
@boundary_type 86 1
5 86 1
@envlp 87 2
5 87 [2][2]
$BFA6A764064FFCA2,BFFA1F8D595E0B0F
$3FA6A764064FFCA2,3FE4EA7640658B2A
@srf_prim_ptr(plane) 88 0
5 88 ->
@local_sys 89 2
6 89 [4][3]
$2*0,3FF
$3FF,2*0
$0,3FF,0
$3*0
@frst_cntr_ptr 90 0
5 90 NULL
@next_geom_ptr 91 1
5 91 0
@orient 92 1
5 92 1
@outline 93 2
5 93 [2][3]
$0,BFA6A764064FFCA2,BFFA1F8D595E0B0F
$0,3FA6A764064FFCA2,3FE4EA7640658B2A
@group_info_ptr 94 0
2 94 NULL
@intrs_pairs_ptr 95 0
2 95 ->
@place_rec_ptr 96 0
2 96 ->
@local_sys 97 2
3 97 [4][3]
$2*0,3FF
$3FF,2*0
$0,3FF,0
$3*0
@place_instruction_ptrs 98 0
3 98 [1]
4 98 ->
@type 99 1
5 99 513
@offset 100 2
5 100 0
@dim_id 101 1
5 101 -1
@ref_id 102 1
5 102 -1
@geometry1_id 103 1
5 103 -1
@geometry2_id 104 1
5 104 2
@memb_num1 105 1
5 105 0
@memb_num2 106 1
5 106 0
@attr 107 1
5 107 32768
@plin_info_arr 108 0
5 108 [2]
6 108 ->
@type 109 1
7 109 1
@data(plin_info_ref) 110 0
7 110 ->
@id_type1 111 1
8 111 -4
@id_type2 112 1
8 112 5
@offset2 113 2
8 113 0
6 108 ->
7 109 6
@data(plin_info_ui_step) 114 0
7 114 ->
@step_ids 115 1
8 115 [1]
9 115 -100
@own_ref_id 116 1
3 116 -1
@orient 117 1
3 117 1
@trf_arr 118 0
3 118 [1]
4 118 
@type 119 1
5 119 11
@idx 120 1
5 120 0
@transf 121 2
5 121 [4][3]
$2*0,3FF
$3FF,2*0
$0,3FF,0
$3*0
@next_prop 122 0
2 122 NULL
@first_geom_id 123 1
2 123 2
@cond_tbl_idx 124 1
2 124 -1
@comment 125 10
2 125 NULL
@merge_info_ptr 126 0
2 126 NULL
@topology_increment 127 0
2 127 ->
@first_geom 128 1
3 128 0
@first_quilt 129 1
3 129 0
@outline 130 2
3 130 [2][3]
$BFE481B9F3431F2C,BFA,BFF9C15BBF99373A
$3FE481B9D04CD37C,3FA,3FE4800000008F21
@max_part_size 131 2
3 131 0
@xform_increment 132 0
3 132 NULL
@roll_back_id 133 1
3 133 -1
@state_ind 134 1
2 134 -1
@alumni_info 135 0
2 135 NULL
@revnum 136 1
2 136 1
@rev_rec 137 0
2 137 ->
@num_plins 138 1
3 138 1
@next_feat_ptr 139 0
1 139 ->
2 47 3
2 48 1
2 49 ->
3 50 13
3 51 923
3 52 NULL
3 53 0
3 54 [3]
$0,262144,0
3 55 0
3 56 -1
3 57 -1
3 58 ->
4 59 0
4 60 0
4 61 -1
4 62 -1
4 63 -1
4 64 -1
4 65 0
4 66 0
4 67 0
4 68 0
3 69 0
2 70 -1
2 71 DTM2
2 72 2
2 73 ->
3 74 [1][4]
$4,3*0
3 75 NULL
3 76 [18]
$3*-1,-2049,2*-1,-16777217,3*-1,-536870913,-1,-1126176897,-2,-2097185,
$-203555329,3,0
3 77 NULL
3 78 ->
4 79 150023
4 80 160010
2 81 
3 82 [1]
4 82 ->
5 83 34
5 84 4
5 85 3
5 86 1
5 87 [2][2]
$BFFA1F8D595E0B0F,BFE4EC29B08E619
$3FE4EA7640658B2A,3FE4EC298E53313
5 88 ->
6 89 [4][3]
$0,3FF,0
$2*0,3FF
$3FF,2*0
$3*0
5 90 NULL
5 91 0
5 92 1
5 93 [2][3]
$BFE4EC29B08E619,0,BFFA1F8D595E0B0F
$3FE4EC298E53313,0,3FE4EA7640658B2A
2 94 NULL
2 95 ->
2 96 ->
3 97 [4][3]
$0,3FF,0
$2*0,3FF
$3FF,2*0
$3*0
3 98 [1]
4 98 ->
5 99 514
5 100 0
5 101 -1
5 102 -1
5 103 -1
5 104 4
5 105 0
5 106 0
5 107 32768
5 108 [2]
6 108 ->
7 109 1
7 110 ->
8 111 -4
8 112 5
8 113 0
6 108 ->
7 109 6
7 114 ->
8 115 [1]
9 115 -100
3 116 -1
3 117 1
3 118 [1]
4 118 
5 119 11
5 120 0
5 121 [4][3]
$0,3FF,0
$2*0,3FF
$3FF,2*0
$3*0
2 122 NULL
2 123 4
2 124 -1
2 125 NULL
2 126 NULL
2 127 ->
3 128 0
3 129 0
3 130 [2][3]
$BFE481B9F3431F2C,BFA,BFF9C15BBF99373A
$3FE481B9D04CD37C,3FA,3FE4800000008F21
3 131 0
3 132 NULL
3 133 -1
2 134 -1
2 135 NULL
2 136 1
2 137 ->
3 138 1
1 139 ->
2 47 5
2 48 1
2 49 ->
3 50 13
3 51 923
3 52 NULL
3 53 0
3 54 [3]
$3*0
3 55 0
3 56 -1
3 57 -1
3 58 ->
4 59 0
4 60 0
4 61 -1
4 62 -1
4 63 -1
4 64 -1
4 65 0
4 66 0
4 67 0
4 68 0
3 69 0
2 70 -1
2 71 DTM3
2 72 2
2 73 ->
3 74 [1][4]
$6,3*0
3 75 NULL
3 76 [18]
$3*-1,-2049,2*-1,-16777217,3*-1,-536870913,-1,-1126176897,-2,-2097185,
$-203555329,3,0
3 77 NULL
3 78 ->
4 79 150023
4 80 160010
2 81 
3 82 [1]
4 82 ->
5 83 34
5 84 6
5 85 5
5 86 1
5 87 [2][2]
$BFE4EC29B08E619,BFA6A764064FFCA2
$3FE4EC298E53313,3FA6A764064FFCA2
5 88 ->
6 89 [4][3]
$3FF,2*0
$0,3FF,0
$2*0,3FF
$3*0
5 90 NULL
5 91 0
5 92 1
5 93 [2][3]
$BFE4EC29B08E619,BFA6A764064FFCA2,0
$3FE4EC298E53313,3FA6A764064FFCA2,0
2 94 NULL
2 95 ->
2 96 ->
3 97 [4][3]
$3FF,2*0
$0,3FF,0
$2*0,3FF
$3*0
3 98 [1]
4 98 ->
5 99 515
5 100 0
5 101 -1
5 102 -1
5 103 -1
5 104 6
5 105 0
5 106 0
5 107 32768
5 108 [2]
6 108 ->
7 109 1
7 110 ->
8 111 -4
8 112 5
8 113 0
6 108 ->
7 109 6
7 114 ->
8 115 [1]
9 115 -100
3 116 -1
3 117 1
3 118 [1]
4 118 
5 119 11
5 120 0
5 121 [4][3]
$3FF,2*0
$0,3FF,0
$2*0,3FF
$3*0
2 122 NULL
2 123 6
2 124 -1
2 125 NULL
2 126 NULL
2 127 ->
3 128 0
3 129 0
3 130 [2][3]
$BFE481B9F3431F2C,BFA,BFF9C15BBF99373A
$3FE481B9D04CD37C,3FA,3FE4800000008F21
3 131 0
3 132 NULL
3 133 -1
2 134 -1
2 135 NULL
2 136 1
2 137 ->
3 138 1
1 139 ->
2 47 8
2 48 1
2 49 ->
3 50 13
3 51 923
3 52 NULL
3 53 0
3 54 [3]
$3,2*0
3 55 0
3 56 -1
3 57 -1
3 58 ->
4 59 0
4 60 0
4 61 -1
4 62 970
4 63 -1
4 64 -1
4 65 0
4 66 0
4 67 0
4 68 0
3 69 0
2 70 -1
2 71 no_name
2 72 2
2 73 ->
3 74 [1][4]
$9,3*0
3 75 NULL
3 76 [18]
$3*-1,-2049,2*-1,-16777217,3*-1,-536870913,-1,-1126176897,-2,-2097185,
$-203555329,3,0
3 77 NULL
3 78 ->
4 79 150023
4 80 160010
2 81 
3 82 [1]
4 82 ->
5 83 34
5 84 9
5 85 8
5 86 -1
5 87 [2][2]
$2*0
$2*0
5 88 ->
6 89 [4][3]
$3FF,2*0
$2*0,3FF
$0,BFF,0
$3*0
5 90 NULL
5 91 0
5 92 1
5 93 [2][3]
$3*0
$3*0
2 94 NULL
2 95 ->
2 96 ->
3 97 [4][3]
$3FF,2*0
$2*0,3FF
$0,BFF,0
$3*0
3 98 [2]
4 98 ->
5 99 509
5 100 3FF
5 101 -1
5 102 -1
5 103 4
5 104 9
5 105 0
5 106 0
5 107 32768
5 108 [2]
6 108 ->
7 109 1
7 110 ->
8 111 -4
8 112 5
8 113 0
6 108 ->
7 109 6
7 114 ->
8 115 [1]
9 115 -100
4 98 ->
5 99 510
5 100 BFF
5 101 -1
5 102 -1
5 103 6
5 104 9
5 105 0
5 106 0
5 107 32768
5 108 [2]
6 108 ->
7 109 1
7 110 ->
8 111 -4
8 112 5
8 113 0
6 108 ->
7 109 6
7 114 ->
8 115 [1]
9 115 -100
3 116 -1
3 117 1
3 118 [1]
4 118 
5 119 11
5 120 0
5 121 [4][3]
$3FF,2*0
$2*0,3FF
$0,BFF,0
$3*0
2 122 NULL
2 123 9
2 124 -1
2 125 NULL
2 126 NULL
@parent_table 140 1
2 140 [2]
$3,5
2 127 ->
3 128 0
3 129 0
3 130 [2][3]
$BFE481B9F3431F2C,BFA,BFF9C15BBF99373A
$3FE481B9D04CD37C,3FA,3FE4800000008F21
3 131 0
3 132 NULL
3 133 -1
2 134 -1
2 135 NULL
2 136 0
2 137 ->
3 138 2
1 139 ->
2 47 7
2 48 1
2 49 ->
3 50 7
3 51 917
3 52 NULL
3 53 1
3 54 [3]
$0,65536,0
3 55 0
3 56 991
3 57 -1
3 58 ->
4 59 0
4 60 1073741824
4 61 -1
4 62 -1
4 63 -1
4 64 -1
4 65 0
4 66 0
4 67 0
4 68 0
3 69 0
2 70 -1
2 71 no_name
2 72 2
2 73 ->
3 74 [6][4]
$10,204,2*0
$15,203,2*0
$20,200,9,0
$22,200,12,0
$24,200,11,0
$26,200,5,0
@edg_id_arr 141 1
3 141 [12][6]
$11,221,9,2*0,10
$12,221,12,2*0,10
$13,221,11,2*0,10
$14,221,5,2*0,10
$16,222,9,2*0,20
$17,222,12,2*0,22
$18,222,11,2*0,24
$19,222,5,2*0,26
$21,303,9,0,5,20
$23,303,12,0,9,22
$25,303,11,0,12,24
$27,303,5,0,11,26
@dtm_id_tab 142 0
3 142 [1]
4 142 
@dtm_id 143 1
5 143 9
@dim_id 144 1
5 144 -1
3 75 ->
@sv_frst_geom 145 1
4 145 10
3 76 [18]
$3*-1,-2049,2*-1,-16777217,3*-1,-536870913,-1,-1126176897,-2,-2097185,
$-203555329,3,0
3 77 NULL
3 78 ->
4 79 150023
4 80 160011
2 81 
3 82 [6]
4 82 ->
5 83 34
5 84 10
5 85 7
5 86 0
5 87 [2][2]
$BFE481B3702961C6,BFE4800000008B6
$3FE481B34DEE3167,3FF9EA52392B8B2A
5 88 ->
6 89 [4][3]
$3FF,2*0
$2*0,3FF
$0,BFF,0
$0,BFA,0
5 90 ->
@frst_cntr_crv_hdr_ptr 146 1
6 146 86
@trv 147 1
6 147 1
@envlp 148 2
6 148 [2][2]
$BFE481B3702961C6,BFE4800000008B6
$3FE481B34DEE3167,3FF9EA52392B8B2A
@next_cntr_ptr 149 0
5 149 ->
6 146 49
6 147 -1
6 148 [2][2]
$2*BFE10A3D70A3D70A
$2*3FE10A3D70A3D70A
5 149 ->
6 146 68
6 147 -1
6 148 [2][2]
$BFB4,3FF59E0D9ACF39ER
$3FB4,3FF81F630907D04E
5 149 NULL
5 91 15
5 92 -1
5 93 [2][3]
$BFE481B3702961C6,BFA,BFF9EA52392B8B2A
$3FE481B34DEE316R,BFA,3FE4800000008B6
4 82 ->
5 83 34
5 84 15
5 85 7
5 86 0
5 87 [2][2]
$BFE481B3702961C6,BFE4800000008B6
$3FE481B34DEE3167,3FF9EA52392B8B2A
5 88 ->
6 89 [4][3]
$3FF,2*0
$2*0,3FF
$0,BFF,0
$0,3FA,0
5 90 ->
6 146 87
6 147 1
6 148 [2][2]
$BFE481B3702961C6,BFE4800000008B6
$3FE481B34DEE3167,3FF9EA52392B8B2A
5 149 ->
6 146 51
6 147 -1
6 148 [2][2]
$2*BFE10A3D70A3D70A
$2*3FE10A3D70A3D70A
5 149 ->
6 146 70
6 147 -1
6 148 [2][2]
$BFB4,3FF59E0D9ACF39ER
$3FB4,3FF81F630907D04E
5 149 NULL
5 91 20
5 92 1
5 93 [2][3]
$BFE481B3702961C6,3FA,BFF9EA52392B8B2A
$3FE481B34DEE316R,3FA,3FE4800000008B6
4 82 ->
5 83 36
5 84 20
5 85 7
5 86 0
5 87 [2][2]
$4002DEC9BCA7037F,0
$401C43942012C1E5,3FB
@srf_prim_ptr(cylinder) 150 0
5 150 ->
@local_sys 151 2
6 151 [4][3]
$3FF,2*0
$2*0,3FF
$0,BFF,0
$0,BFA,0
@radius 152 2
6 152 3FE48
5 90 ->
6 146 86
6 147 1
6 148 [2][2]
$4002DEC9BCA7037F,0
$401C43942012C1E5,3FB
5 149 NULL
5 91 22
5 92 1
5 93 [2][3]
$BFE48,BFA,BFDCEA8E0EA3DD4F
$3FE48,3FA,3FE48
4 82 ->
5 83 34
5 84 22
5 85 7
5 86 0
5 87 [2][2]
$3FCFFC402A088C84,0
$3FECF4492B94A507,3FB
5 88 ->
6 89 [4][3]
$BFC19591669AEBBC,0,3FEFB2549124E562
$0,3FF,0
$BFEFB2549124E562,0,BFC19591669AEBBC
$3FD4,BFA,BFE1E5417710E2B8
5 90 ->
6 146 85
6 147 1
6 148 [2][2]
$3FCFFC402A088C84,0
$3FECF4492B94A507,3FB
5 149 NULL
5 91 24
5 92 1
5 93 [2][3]
$3FC816E41C63B893,BFA,BFF749A1DA6FD6E
$3FD1CD8FC12AC31F,3FA,BFE9D0E8EC487D2C
4 82 ->
5 83 36
5 84 24
5 85 7
5 86 0
5 87 [2][2]
$3FC1A3D94DA87F6A,0
$400807BDBF69A521,3FB
5 150 ->
6 151 [4][3]
$3FF,2*0
$2*0,3FF
$0,BFF,0
$0,BFA,BFF6DEB851EB851E
6 152 3FC851EB851EB852
5 90 ->
6 146 13
6 147 1
6 148 [2][2]
$3FC1A3D94DA87F6A,0
$400807BDBF69A521,3FB
5 149 NULL
5 91 26
5 92 1
5 93 [2][3]
$BFC816E41C63B893,BFA,BFF9E8F5C28F5C28
$3FC816E41C63B893,3FA,BFF749A1DA6FD6E
4 82 ->
5 83 34
5 84 26
5 85 7
5 86 0
5 87 [2][2]
$2*0
$3FE4F539211281E6,3FB
5 88 ->
6 89 [4][3]
$BFC19591669AEBBC,0,BFEFB2549124E562
$0,3FF,0
$3FEFB2549124E562,0,BFC19591669AEBBC
$BFC816E41C63B893,BFA,BFF749A1DA6FD6E
5 90 ->
6 146 89
6 147 1
6 148 [2][2]
$2*0
$3FE4F539211281E6,3FB
5 149 NULL
5 91 43
5 92 1
5 93 [2][3]
$BFD1CD8FC12AC31F,BFA,BFF749A1DA6FD6E
$BFC816E41C63B893,3FA,BFE9D0E8EC487D2D
@crv_array 153 0
3 153 [12]
4 153 ->
@crv_id 154 1
5 154 11
@feat_id 155 1
5 155 7
@type 156 1
5 156 0
@crv_pnt_dir 157 1
5 157 [2]
$1,-1
@crv_pnt_arr 158 2
5 158 [35][4]
$BFD4,3FE1E5417710E2B8,4000A498E0581DD3,0
$BFD947ADFFECD4BF,3FE023B0171788CF,4001E1AD96D16B58,0
$BFDDF489D91A888A,3FDBFE8E7E7975B1,40031EC24D4AB8DC,0
$BFE0F4F8D829378,3FD70A4B0F502A79,40045BD703C40661,0
$BFE287D396B9C44A,3FD188ED0892FCF8,400598EBBA3D53E6,0
$BFE3A931FA4F4B4D,3FC738577376FF5B,4006D60070B6A16A,0
$BFE45227D8B77EED,3FB5A140766AE5C4,40081315272FEEEF,0
$BFE47EAA70A94656,BF8D952BB4703D6B,40095029DDA93C74,0
$BFE42DA92ADC9782,BFBCEFE5E50E6281,400A8D3E942289F8,0
$BFE361141F745F0F,BFCABDF745B6DC51,400BCA534A9BD77E,0
$BFE21DD037CA8FR,BFD3301A9CDAE6E4,400D076801152502,0
$BFE06B99354D0E1B,BFD88BB6A96127FB,400E447CB78E7287,0
$BFDCA9A4A9F73D7F,BFDD50FFB5C4B675,400F81916E07C00C,0
$BFD7CC8D6328A9B6,BFE0B15F27570069,40105F53124086C8,0
$BFD25DB5D411B7EB,BFE25403470A045R,4010FDDD6D7D2D8A,0
$BFC8FCC7B047BAA9,BFE386685DA60B8C,40119C67C8B9D44C,0
$BFB94A388BB47E3R,BFE44139FB3ACE78,40123AF223F67B0F,0
$0,BFE48,4012D97C7F3321D2,0
$3FB94A388BB47E0A,BFE44139FB3ACE79,40137806DA6FC894,0
$3FC8FCC7B047BA83,BFE386685DA60B8F,4014169135AC6F56,0
$3FD25DB5D411B7D9,BFE25403470A0459,4014B51B90E91618,0
$3FD7CC8D6328A9AE,BFE0B15F2757006D,401553A5EC25BCDB,0
$3FDCA9A4A9F73D7F,BFDD50FFB5C4B675,4015F2304762639E,0
$3FE06B99354D0E19,BFD88BB6A96127FR,401690BAA29F0A6,0
$3FE21DD037CA8FFC,BFD3301A9CDAE6EC,40172F44FDDBB12R,0
$3FE361141F745F0D,BFCABDF745B6DC65,4017CDCF591857E4,0
$3FE42DA92ADC978,BFBCEFE5E50E62D2,40186C59B454FEA6,0
$3FE47EAA70A94656,BF8D952BB4703FFB,40190AE40F91A568,0
$3FE45227D8B77EED,3FB5A140766AE5B,4019A96E6ACE4C2C,0
$3FE3A931FA4F4B4E,3FC738577376FF48,401A47F8C60AF2ER,0
$3FE287D396B9C44D,3FD188ED0892FCEF,401AE683214799B,0
$3FE0F4F8D8293785,3FD70A4B0F502A6D,401B850D7C844072,0
$3FDDF489D91A8898,3FDBFE8E7E7975A1,401C2397D7C0E734,0
$3FD947ADFFECD4BF,3FE023B0171788CF,401CC22232FD8DF8,0
$3FD4,3FE1E5417710E2B8,401D60AC8E3A34BA,0
@crv_hdr_geom_ptr[0] 159 1
5 159 10
@crv_hdr_geom_ptr[1] 160 1
5 160 20
@next_crv_hdr_ptr[0] 161 1
5 161 0
@next_crv_hdr_ptr[1] 162 1
5 162 0
@ref_geom[0] 163 1
5 163 0
@ref_geom[1] 164 1
5 164 0
4 153 ->
5 154 12
5 155 7
5 156 0
5 157 [2]
$1,-1
5 158 [2][4]
$3FD4,3FE1E5417710E2B8,2*0
$3FC816E41C63B893,3FF749A1DA6FD6E,3FECF4492B94A507,0
5 159 10
5 160 22
5 161 0
5 162 0
5 163 0
5 164 0
4 153 ->
5 154 13
5 155 7
5 156 0
5 157 [2]
$1,-1
5 158 [14][4]
$3FC816E41C63B893,3FF749A1DA6FD6E,3FC1A3D94DA87F6A,0
$3FC6C699B64FA1DB,3FF7EF9D5F5D40C9,3FD6EDECC104EF3,0
$3FC45C136A3C5219,3FF8886338F05B57,3FE284F66D9ACF58,0
$3FC0F541E1689476,3FF90C8E43F3D51F,3FE992F67AB32717,0
$3FB9789850406A34,3FF975B8B1C99123,3FF0507B43E5BF6A,0
$3FAF961552F2A262,3FF9BECB4FDE6762,3FF3D77B4A71EB4A,0
$3F9567210E5D4FE8,3FF9E43C9CAFE682,3FF75E7B50FE1728,0
$BF9567210E5D4FD,3FF9E43C9CAFE682,3FFAE57B578A4306,0
$BFAF961552F2A25C,3FF9BECB4FDE6762,3FFE6C7B5E166EE5,0
$BFB9789850406A2D,3FF975B8B1C99123,4000F9BDB2514D62,0
$BFC0F541E168947R,3FF90C8E43F3D51F,4002BD3DB5976352,0
$BFC45C136A3C5218,3FF8886338F05B57,400480BDB8DD7942,0
$BFC6C699B64FA1DB,3FF7EF9D5F5D40C9,4006443DBC238F32,0
$BFC816E41C63B893,3FF749A1DA6FD6E,400807BDBF69A521,0
5 159 10
5 160 24
5 161 89
5 162 25
5 163 0
5 164 0
4 153 ->
5 154 14
5 155 7
5 156 0
5 157 [2]
$1,-1
5 158 [2][4]
$BFC816E41C63B893,3FF749A1DA6FD6E,2*0
$BFD4,3FE1E5417710E2B8,3FECF4492B94A507,0
5 159 10
5 160 26
5 161 0
5 162 0
5 163 0
5 164 0
4 153 ->
5 154 16
5 155 7
5 156 0
5 157 [2]
$-1,1
5 158 [35][4]
$BFD4,3FE1E5417710E2B8,4000A498E0581DD3,3FB
$BFD947ADFFECD4BF,3FE023B0171788CF,4001E1AD96D16B58,3FB
$BFDDF489D91A888A,3FDBFE8E7E7975B1,40031EC24D4AB8DC,3FB
$BFE0F4F8D829378,3FD70A4B0F502A79,40045BD703C40661,3FB
$BFE287D396B9C44A,3FD188ED0892FCF8,400598EBBA3D53E6,3FB
$BFE3A931FA4F4B4D,3FC738577376FF5B,4006D60070B6A16A,3FB
$BFE45227D8B77EED,3FB5A140766AE5C4,40081315272FEEEF,3FB
$BFE47EAA70A94656,BF8D952BB4703D6B,40095029DDA93C74,3FB
$BFE42DA92ADC9782,BFBCEFE5E50E6281,400A8D3E942289F8,3FB
$BFE361141F745F0F,BFCABDF745B6DC51,400BCA534A9BD77E,3FB
$BFE21DD037CA8FR,BFD3301A9CDAE6E4,400D076801152502,3FB
$BFE06B99354D0E1B,BFD88BB6A96127FB,400E447CB78E7287,3FB
$BFDCA9A4A9F73D7F,BFDD50FFB5C4B675,400F81916E07C00C,3FB
$BFD7CC8D6328A9B6,BFE0B15F27570069,40105F53124086C8,3FB
$BFD25DB5D411B7EB,BFE25403470A045R,4010FDDD6D7D2D8A,3FB
$BFC8FCC7B047BAA9,BFE386685DA60B8C,40119C67C8B9D44C,3FB
$BFB94A388BB47E3R,BFE44139FB3ACE78,40123AF223F67B0F,3FB
$0,BFE48,4012D97C7F3321D2,3FB
$3FB94A388BB47E0A,BFE44139FB3ACE79,40137806DA6FC894,3FB
$3FC8FCC7B047BA83,BFE386685DA60B8F,4014169135AC6F56,3FB
$3FD25DB5D411B7D9,BFE25403470A0459,4014B51B90E91618,3FB
$3FD7CC8D6328A9AE,BFE0B15F2757006D,401553A5EC25BCDB,3FB
$3FDCA9A4A9F73D7F,BFDD50FFB5C4B675,4015F2304762639E,3FB
$3FE06B99354D0E19,BFD88BB6A96127FR,401690BAA29F0A6,3FB
$3FE21DD037CA8FFC,BFD3301A9CDAE6EC,40172F44FDDBB12R,3FB
$3FE361141F745F0D,BFCABDF745B6DC65,4017CDCF591857E4,3FB
$3FE42DA92ADC978,BFBCEFE5E50E62D2,40186C59B454FEA6,3FB
$3FE47EAA70A94656,BF8D952BB4703FFB,40190AE40F91A568,3FB
$3FE45227D8B77EED,3FB5A140766AE5B,4019A96E6ACE4C2C,3FB
$3FE3A931FA4F4B4E,3FC738577376FF48,401A47F8C60AF2ER,3FB
$3FE287D396B9C44D,3FD188ED0892FCEF,401AE683214799B,3FB
$3FE0F4F8D8293785,3FD70A4B0F502A6D,401B850D7C844072,3FB
$3FDDF489D91A8898,3FDBFE8E7E7975A1,401C2397D7C0E734,3FB
$3FD947ADFFECD4BF,3FE023B0171788CF,401CC22232FD8DF8,3FB
$3FD4,3FE1E5417710E2B8,401D60AC8E3A34BA,3FB
5 159 15
5 160 20
5 161 0
5 162 0
5 163 0
5 164 0
4 153 ->
5 154 17
5 155 7
5 156 0
5 157 [2]
$-1,1
5 158 [2][4]
$3FD4,3FE1E5417710E2B8,0,3FB
$3FC816E41C63B893,3FF749A1DA6FD6E,3FECF4492B94A507,3FB
5 159 15
5 160 22
5 161 0
5 162 0
5 163 0
5 164 0
4 153 ->
5 154 18
5 155 7
5 156 0
5 157 [2]
$-1,1
5 158 [14][4]
$3FC816E41C63B893,3FF749A1DA6FD6E,3FC1A3D94DA87F6A,3FB
$3FC6C699B64FA1DB,3FF7EF9D5F5D40C9,3FD6EDECC104EF3,3FB
$3FC45C136A3C5219,3FF8886338F05B57,3FE284F66D9ACF58,3FB
$3FC0F541E1689476,3FF90C8E43F3D51F,3FE992F67AB32717,3FB
$3FB9789850406A34,3FF975B8B1C99123,3FF0507B43E5BF6A,3FB
$3FAF961552F2A262,3FF9BECB4FDE6762,3FF3D77B4A71EB4A,3FB
$3F9567210E5D4FE8,3FF9E43C9CAFE682,3FF75E7B50FE1728,3FB
$BF9567210E5D4FD,3FF9E43C9CAFE682,3FFAE57B578A4306,3FB
$BFAF961552F2A25C,3FF9BECB4FDE6762,3FFE6C7B5E166EE5,3FB
$BFB9789850406A2D,3FF975B8B1C99123,4000F9BDB2514D62,3FB
$BFC0F541E168947R,3FF90C8E43F3D51F,4002BD3DB5976352,3FB
$BFC45C136A3C5218,3FF8886338F05B57,400480BDB8DD7942,3FB
$BFC6C699B64FA1DB,3FF7EF9D5F5D40C9,4006443DBC238F32,3FB
$BFC816E41C63B893,3FF749A1DA6FD6E,400807BDBF69A521,3FB
5 159 15
5 160 24
5 161 88
5 162 27
5 163 0
5 164 0
4 153 ->
5 154 19
5 155 7
5 156 0
5 157 [2]
$-1,1
5 158 [2][4]
$BFC816E41C63B893,3FF749A1DA6FD6E,0,3FB
$BFD4,3FE1E5417710E2B8,3FECF4492B94A507,3FB
5 159 15
5 160 26
5 161 0
5 162 0
5 163 0
5 164 0
4 153 ->
5 154 21
5 155 7
5 156 0
5 157 [2]
$1,-1
5 158 [2][4]
$4000A498E0581DD3,0,3FECF4492B94A507,0
$4000A498E0581DD3,3FB,3FECF4492B94A507,3FB
5 159 20
5 160 26
5 161 16
5 162 14
5 163 0
5 164 0
4 153 ->
5 154 23
5 155 7
5 156 0
5 157 [2]
$1,-1
5 158 [2][4]
$2*0,401D60AC8E3A34BA,0
$0,3FB,401D60AC8E3A34BA,3FB
5 159 22
5 160 20
5 161 17
5 162 11
5 163 0
5 164 0
4 153 ->
5 154 25
5 155 7
5 156 0
5 157 [2]
$1,-1
5 158 [2][4]
$3FC1A3D94DA87F6A,0,3FECF4492B94A507,0
$3FC1A3D94DA87F6A,3FB,3FECF4492B94A507,3FB
5 159 24
5 160 22
5 161 18
5 162 85
5 163 0
5 164 0
4 153 ->
5 154 27
5 155 7
5 156 0
5 157 [2]
$1,-1
5 158 [2][4]
$2*0,400807BDBF69A521,0
$0,3FB,400807BDBF69A521,3FB
5 159 26
5 160 24
5 161 90
5 162 13
5 163 0
5 164 0
2 94 NULL
2 95 ->
2 96 ->
3 97 [4][3]
$3FF,2*0
$2*0,3FF
$0,BFF,0
$0,BFA,0
3 98 [1]
4 98 ->
5 99 1854
5 100 0
5 101 8
5 102 -1
5 103 -1
5 104 -1
5 105 0
5 106 0
5 107 0
5 108 [1]
6 108 ->
7 109 6
7 114 ->
8 115 [1]
9 115 -100
3 116 -1
3 117 0
3 118 [2]
4 118 
5 119 1
5 120 0
5 121 [4][3]
$0,BFF,0
$3FF,2*0
$2*0,3FF
$3*0
4 118 
5 119 12
5 120 0
5 121 [4][3]
$3FF,2*0
$2*0,3FF
$0,BFF,0
$0,BFA,0
2 122 NULL
2 123 10
@gsec_ptr 165 0
2 165 [1]
3 165 
@type 166 1
4 166 2
@name 167 10
4 167 S2D0039
@gsec2d_ptr 168 0
4 168 ->
@name 169 10
5 169 S2D0039
@segtab_ptr 170 0
5 170 [8]
6 170 
@type 171 1
7 171 65546
@dir 172 1
7 172 [3]
$3*0
@pointid 173 1
7 173 [2]
$2*0
@cntrid 174 1
7 174 0
@arcorient 175 1
7 175 0
@verhor 176 1
7 176 0
@radius 177 1
7 177 0
@ext_id 178 1
7 178 0
@gen_info 179 0
7 179 
@font 180 1
8 180 4
@known_ent_info 181 0
7 181 
@attr 182 1
8 182 0
@known_ent_id 183 1
8 183 -1
6 170 
7 171 3
7 172 [3]
$1,2*0
7 173 [2]
$1,2
7 174 0
7 175 0
7 176 1
7 177 1
7 178 9
7 179 
7 181 
8 182 0
8 183 -1
6 170 
7 171 3
7 172 [3]
$-1,2*0
7 173 [2]
$3,4
7 174 5
7 175 0
7 176 1
7 177 2
7 178 11
7 179 
7 181 
8 182 0
8 183 -1
6 170 
7 171 2
7 172 [3]
$1,-1,0
7 173 [2]
$3,2
7 174 -1
7 175 0
7 176 -2
7 177 0
7 178 12
7 179 
7 181 
8 182 0
8 183 -1
6 170 
7 171 2
7 172 [3]
$2*-1,0
7 173 [2]
$4,1
7 174 -1
7 175 0
7 176 3
7 177 0
7 178 5
7 179 
7 181 
8 182 0
8 183 -1
6 170 
7 171 32770
7 172 [3]
$-1,2*0
7 173 [2]
$6,7
7 174 7
7 175 0
7 176 1
7 177 0
7 178 2
7 179 
@attributes 184 1
8 184 8
7 181 
8 182 0
8 183 -1
6 170 
7 171 32770
7 172 [3]
$0,-1,0
7 173 [2]
$8,9
7 174 9
7 175 0
7 176 0
7 177 0
7 178 3
7 179 
8 184 8
7 181 
8 182 0
8 183 -1
6 170 
7 171 5
7 172 [3]
$0,1,0
7 173 [2]
$2*10
7 174 10
7 175 0
7 176 0
7 177 0
7 178 6
7 179 
7 181 
8 182 0
8 183 -1
@dimtab_ptr 185 0
5 185 [8]
6 185 
@type 186 1
7 186 4
@value 187 2
7 187 3FE48
@direct 188 1
7 188 0
@property 189 1
7 189 0
@leftpt 190 1
7 190 [2]
@rightpt 191 1
7 191 [2]
@offset 192 2
7 192 0
@ext_id 193 1
7 193 0
@dispdimattr 194 0
7 194 
@dimattr 195 1
8 195 [2]
$34,0
@dim_ref 196 0
7 196 [2]
8 196 
@item_id 197 1
9 197 0
@sense 198 1
9 198 -1
@point 199 1
9 199 [2]
$2*-1
8 196 
9 197 0
9 198 -1
9 199 [2]
$2*-1
6 185 
7 186 42
7 187 0
7 188 0
7 189 0
7 190 [2]
7 191 [2]
7 192 0
7 193 1
7 194 
8 195 [2]
$2*0
7 196 [2]
8 196 
9 197 5
9 198 4
9 199 [2]
$2*-1
8 196 
9 197 1
9 198 3
9 199 [2]
$2*-1
6 185 
7 186 42
7 187 0
7 188 0
7 189 0
7 190 [2]
7 191 [2]
7 192 0
7 193 2
7 194 
8 195 [2]
$2*0
7 196 [2]
8 196 
9 197 6
9 198 4
9 199 [2]
$2*-1
8 196 
9 197 1
9 198 3
9 199 [2]
$2*-1
6 185 
7 186 14
7 187 4002147AE147AE14
7 188 0
7 189 0
7 190 [2]
7 191 [2]
7 192 0
7 193 4
7 194 
8 195 [2]
$34,0
7 196 [2]
8 196 
9 197 2
9 198 9
9 199 [2]
$5,-1
8 196 
9 197 1
9 198 8
9 199 [2]
$0,-1
6 185 
7 186 42
7 187 0
7 188 0
7 189 0
7 190 [2]
7 191 [2]
7 192 0
7 193 8
7 194 
8 195 [2]
$2*0
7 196 [2]
8 196 
9 197 6
9 198 4
9 199 [2]
$2*-1
8 196 
9 197 7
9 198 4
9 199 [2]
$2*-1
6 185 
7 186 42
7 187 0
7 188 0
7 189 0
7 190 [2]
7 191 [2]
7 192 0
7 193 12
7 194 
8 195 [2]
$2*0
7 196 [2]
8 196 
9 197 6
9 198 4
9 199 [2]
$2*-1
8 196 
9 197 2
9 198 3
9 199 [2]
$2*-1
6 185 
7 186 4
7 187 3FC851EB851EB852
7 188 0
7 189 0
7 190 [2]
7 191 [2]
7 192 0
7 193 13
7 194 
8 195 [2]
$34,0
7 196 [2]
8 196 
9 197 2
9 198 -1
9 199 [2]
$2*-1
8 196 
9 197 2
9 198 -1
9 199 [2]
$2*-1
6 185 
7 186 8
7 187 3FE4
7 188 0
7 189 0
7 190 [2]
7 191 [2]
7 192 0
7 193 14
7 194 
8 195 [2]
$34,0
7 196 [2]
8 196 
9 197 3
9 198 2
9 199 [2]
$2,-1
8 196 
9 197 1
9 198 1
9 199 [2]
$1,-1
@relat_ptr 200 0
5 200 [17]
6 200 
@id 201 1
7 201 -1
@used 202 1
7 202 0
@a 203 1
7 203 [4]
$0,6,2*-1
@b 204 1
7 204 [4]
$2*1,2*0
@c 205 2
7 205 [4]
$3FF,BFF,3FF,0
@sign 206 1
7 206 0
@idim 207 1
7 207 -1
@type 208 1
7 208 0
6 200 
7 201 -1
7 202 0
7 203 [4]
$10,0,2*-1
7 204 [4]
$2*1,2*0
7 205 [4]
$3FF,BFF,2*3FF
7 206 0
7 207 -1
7 208 0
6 200 
7 201 -1
7 202 0
7 203 [4]
$0,8,2*-1
7 204 [4]
$4*0
7 205 [4]
$3FF,BFF,3FF,0
7 206 0
7 207 -1
7 208 0
6 200 
7 201 -1
7 202 0
7 203 [4]
$10,0,2*-1
7 204 [4]
$4*0
7 205 [4]
$3FF,BFF,2*3FF
7 206 0
7 207 -1
7 208 0
6 200 
7 201 -1
7 202 0
7 203 [4]
$5,8,2*-1
7 204 [4]
$4*0
7 205 [4]
$3FF,BFF,3FF,0
7 206 0
7 207 -1
7 208 0
6 200 
7 201 -1
7 202 0
7 203 [4]
$4*0
7 204 [4]
$4*0
7 205 [4]
$4*3FF
7 206 1
7 207 0
7 208 14
6 200 
7 201 -1
7 202 0
7 203 [4]
$2,3*0
7 204 [4]
$4*0
7 205 [4]
$4*3FF
7 206 1
7 207 6
7 208 14
6 200 
7 201 -1
7 202 0
7 203 [4]
$1,3*0
7 204 [4]
$4*0
7 205 [4]
$4*3FF
7 206 1
7 207 0
7 208 14
6 200 
7 201 -1
7 202 0
7 203 [4]
$5,2,0,1
7 204 [4]
$1,2,1,2
7 205 [4]
$2*3FF,BFF,3FF
7 206 -1
7 207 3
7 208 0
6 200 
7 201 -1
7 202 0
7 203 [4]
$1,10,2*-1
7 204 [4]
$4*0
7 205 [4]
$4,C,2*3FF
7 206 1
7 207 7
7 208 0
6 200 
7 201 -1
7 202 1
7 203 [4]
$4*0
7 204 [4]
$1,3*0
7 205 [4]
$BFF,3*3FF
7 206 1
7 207 -1
7 208 22
6 200 
7 201 -1
7 202 0
7 203 [4]
$4,1,3,0
7 204 [4]
$5,4,2*0
7 205 [4]
$2*BFF,4008,3FF
7 206 -1
7 207 2
7 208 5
6 200 
7 201 -1
7 202 4
7 203 [4]
$4,1,4,1
7 204 [4]
$2*0,2*1
7 205 [4]
$3FF,2*BFF,3FF
7 206 3
7 207 -1
7 208 9
6 200 
7 201 -1
7 202 0
7 203 [4]
$2,1,2*-1
7 204 [4]
$4*0
7 205 [4]
$3FF,BFF,2*3FF
7 206 -1
7 207 7
7 208 0
6 200 
7 201 -1
7 202 1
7 203 [4]
$4*0
7 204 [4]
$2,3*0
7 205 [4]
$4*3FF
7 206 1
7 207 -1
7 208 22
6 200 
7 201 -1
7 202 0
7 203 [4]
$3,2,4,0
7 204 [4]
$5,3,2*0
7 205 [4]
$4*3FF
7 206 1
7 207 2
7 208 5
6 200 
7 201 -1
7 202 4
7 203 [4]
$3,2,3,2
7 204 [4]
$2*0,2*1
7 205 [4]
$3FF,2*BFF,3FF
7 206 -2
7 207 -1
7 208 9
@formula_ptr 209 1
5 209 [17]
$0,1,2,3,4,5,6,7,8,9,10,11,12,13,14,15,16
@qind 210 1
5 210 -1
@totalpointid 211 1
5 211 11
@checkarcs_flag 212 1
5 212 1
@location 213 0
5 213 ->
@id 214 1
6 214 0
@param 215 2
6 215 0
@type 216 1
6 216 0
@nsket_info 217 0
5 217 ->
@scale 218 2
6 218 3FF38CD8F1318B82
@m 219 1
6 219 4
@last_was_permanent 220 1
6 220 0
@unsolved_ptr 221 0
5 221 ->
@iges_file 222 10
6 222 NULL
@solve_version 223 1
5 223 1
@segdscr_tab 224 0
5 224 [13]
6 224 
@ent_mode 225 1
7 225 0
6 224 
7 225 0
6 224 
7 225 0
6 224 
7 225 0
6 224 
7 225 0
6 224 
7 225 0
6 224 
7 225 0
6 224 
7 225 0
6 224 
7 225 0
6 224 
7 225 0
6 224 
7 225 0
6 224 
7 225 0
6 224 
7 225 0
@gsec3d_ptr 226 0
4 226 ->
@type 227 1
5 227 7
@name 228 10
5 228 S2D0039
@flip 229 1
5 229 1
@own_ref_id 230 1
5 230 -1
@first_chain_ptr 231 0
5 231 NULL
@quilt_id 232 1
5 232 -1
@plane_id 233 1
5 233 9
@plane_flip 234 1
5 234 -1
@ref_planes 235 0
5 235 [2]
6 235 
@plane_id 236 1
7 236 6
@ref_type 237 1
7 237 5
@ext_ref_id 238 1
7 238 -1
@seg_id 239 1
7 239 5
@flip_flag 240 1
7 240 0
@save_entity_ptr(line) 241 0
7 241 ->
@type 242 1
8 242 32770
@id 243 1
8 243 0
@gen_info 244 0
8 244 
9 184 8
@end1 245 2
8 245 [3]
$3*0
@end2 246 2
8 246 [3]
$C059,2*0
@back_entity_ptr(line) 247 0
7 247 ->
8 242 32770
8 243 0
8 244 
9 184 8
8 245 [3]
$3*0
8 246 [3]
$C059,2*0
6 235 
7 236 2
7 237 5
7 238 -1
7 239 6
7 240 0
7 241 ->
8 242 32770
8 243 0
8 244 
9 184 8
8 245 [3]
$3*0
8 246 [3]
$0,C059,0
7 247 ->
8 242 32770
8 243 0
8 244 
9 184 8
8 245 [3]
$3*0
8 246 [3]
$0,C059,0
@order_ptr 248 0
4 248 [4]
5 248 
@id 249 1
6 249 1
@flip 250 1
6 250 2
5 248 
6 249 3
6 250 1
5 248 
6 249 2
6 250 0
5 248 
6 249 4
6 250 4
@dim_id_tab 251 1
4 251 [8]
$0,1,2,3,4,5,6,7
@attributes 252 1
4 252 0
@xsec_id 253 1
4 253 -1
@gsec_info_arr 254 0
4 254 [1]
5 254 
@application_type 255 1
6 255 2
@application_id 256 1
6 256 -100
@secsolve_revnum 257 1
4 257 0
@rel_accuracy 258 2
4 258 BFF
@p_saved_result 259 0
4 259 ->
@entity(circle) 260 0
5 260 ->
@type 261 1
6 261 65546
@id 262 1
6 262 0
@gen_info 263 0
6 263 
7 180 4
@center 264 2
6 264 [3]
$3*0
@radius 265 2
6 265 3FE48
@entity(arc) 266 0
5 266 ->
@id 267 1
6 267 1
@gen_info 268 0
6 268 
@center 269 2
6 269 [3]
$3*0
@radius 270 2
6 270 3FE48
@end1 271 2
6 271 [3]
$BFD4,3FE1E5417710E2B8,0
@end2 272 2
6 272 [3]
$3FD4,3FE1E5417710E2B8,0
@t0 273 2
6 273 4000A498E0581DD3
@t1 274 2
6 274 401D60AC8E3A34BA
5 266 ->
6 267 2
6 268 
6 269 [3]
$0,3FF6DEB851EB851E,0
6 270 3FC851EB851EB852
6 271 [3]
$3FC816E41C63B893,3FF749A1DA6FD6E,0
6 272 [3]
$BFC816E41C63B893,3FF749A1DA6FD6E,0
6 273 3FC1A3D94DA87F6A
6 274 400807BDBF69A521
@entity(line) 275 0
5 275 ->
6 243 3
6 244 
6 245 [3]
$3FC816E41C63B893,3FF749A1DA6FD6E,0
6 246 [3]
$3FD4,3FE1E5417710E2B8,0
5 275 ->
6 243 4
6 244 
6 245 [3]
$BFC816E41C63B893,3FF749A1DA6FD6E,0
6 246 [3]
$BFD4,3FE1E5417710E2B8,0
5 275 ->
6 242 32770
6 243 5
6 244 
7 184 8
6 245 [3]
$3*0
6 246 [3]
$C059,2*0
5 275 ->
6 242 32770
6 243 6
6 244 
7 184 8
6 245 [3]
$3*0
6 246 [3]
$0,C059,0
5 275 ->
6 242 5
6 243 7
6 244 
@flip 276 1
6 276 0
6 245 [3]
$0,BFE81DB22D0E5604,0
6 246 [3]
$0,3FFBB7CED916872A,0
@local_sys 277 2
5 277 [4][3]
$3FF,2*0
$2*0,3FF
$0,BFF,0
$3*0
2 124 -1
2 125 NULL
2 126 NULL
2 140 [3]
$1,5,8
2 127 ->
@crv_type 278 0
3 278 [12]
4 278 
@p_crv 279 1
5 279 11
@crv_type 280 1
5 280 7
4 278 
5 279 12
5 280 7
4 278 
5 279 13
5 280 7
4 278 
5 279 14
5 280 7
4 278 
5 279 16
5 280 7
4 278 
5 279 17
5 280 7
4 278 
5 279 18
5 280 7
4 278 
5 279 19
5 280 7
4 278 
5 279 21
5 280 7
4 278 
5 279 23
5 280 7
4 278 
5 279 25
5 280 7
4 278 
5 279 27
5 280 7
3 128 0
3 129 0
3 130 [2][3]
$BFE481B9F3431F2C,BFA,BFF9C15BBF99373A
$3FE481B9D04CD37C,3FA,3FE4800000008F21
3 131 0
3 132 NULL
3 133 -1
2 134 -1
2 135 NULL
2 136 5
2 137 ->
@revnums 281 0
3 281 [2]
4 281 ->
@owner_type 282 1
5 282 4
@owner_ind 283 1
5 283 0
@ref_id 284 1
5 284 0
@ref_revnum 285 1
5 285 1
4 281 ->
5 282 4
5 283 0
5 284 1
5 285 1
3 138 1
1 139 ->
2 47 28
2 48 1
2 49 ->
3 50 15
3 51 926
3 52 NULL
3 53 0
3 54 [3]
$4,2*0
3 55 0
3 56 -1
3 57 -1
3 58 ->
4 59 0
4 60 0
4 61 -1
4 62 -1
4 63 -1
4 64 -1
4 65 0
4 66 0
4 67 0
4 68 0
3 69 0
2 70 -1
2 71 no_name
2 72 2
@entity(line3d) 286 0
2 286 ->
@type 287 1
3 287 11
@id 288 1
3 288 30
@gen_info 289 0
3 289 
@geom_id 290 1
3 290 29
@end1 291 2
3 291 [3]
$0,BFA,0
@end2 292 2
3 292 [3]
$0,BFA,BF1A36E2EB1C432D
2 286 ->
3 287 13
3 288 31
3 289 
@color 293 1
4 293 1
3 290 29
3 291 [3]
$0,BFA,0
3 292 [3]
$0,3FA,0
@entity(text) 294 0
2 294 ->
@text_type 295 1
3 295 19
@text_value 296 10
3 296 A_1
@txt_attrib 297 1
3 297 1
@coord 298 2
3 298 [3]
$407CC6D03A331C7,4071359AFC52B2B,40576682B9D0C3D8
@owner_id 299 1
3 299 -1
@part_id 300 1
3 300 5
@height 301 2
3 301 BFF
@width_factor 302 2
3 302 BFF
@format_info 303 0
3 303 
@thickness 304 2
3 304 BFF
2 73 ->
3 74 [1][4]
$29,3*0
@misc_id_tab 305 0
3 305 [2]
4 305 
@misc_hist 306 1
5 306 [5]
$30,530,29,-1,500
4 305 
5 306 [5]
$31,531,29,-1,500
3 75 NULL
3 76 [18]
$3*-1,-2049,2*-1,-16777217,3*-1,-536870913,-1,-1126176897,-2,-2097185,
$-203555329,3,0
3 77 NULL
3 78 ->
4 79 150023
4 80 160011
2 81 
3 82 [1]
4 82 ->
5 83 36
5 84 29
5 85 28
5 86 1
5 87 [2][2]
$0,BFA
$401921E11D6141FC,3FA
5 150 ->
6 151 [4][3]
$0,3FF,0
$2*0,3FF
$3FF,2*0
$3*0
6 152 3F1A36E2EB1C432D
5 90 NULL
5 91 0
5 92 1
5 93 [2][3]
$BF1A36E2EB1C432D,BFA,BF1A36E2EB1C432D
$3F1A36E2EB1C432D,3FA,3F1A36E2EB1C432D
2 94 NULL
2 95 ->
2 96 ->
3 97 [4][3]
$0,3FF,0
$2*0,3FF
$3FF,2*0
$3*0
3 98 [2]
4 98 ->
5 99 703
5 100 0
5 101 -1
5 102 -1
5 103 6
5 104 29
5 105 0
5 106 0
5 107 0
5 108 [2]
6 108 ->
7 109 1
7 110 ->
8 111 -4
8 112 5
8 113 0
6 108 ->
7 109 6
7 114 ->
8 115 [1]
9 115 -100
4 98 ->
5 99 703
5 100 0
5 101 -1
5 102 -1
5 103 2
5 104 29
5 105 0
5 106 0
5 107 0
5 108 [2]
6 108 ->
7 109 1
7 110 ->
8 111 -4
8 112 5
8 113 0
6 108 ->
7 109 6
7 114 ->
8 115 [1]
9 115 -100
3 116 -1
3 117 0
3 118 [2]
4 118 
5 119 8
5 120 0
5 121 [4][3]
$0,3FF,0
$2*0,3FF
$3FF,2*0
$3*0
4 118 
5 119 9
5 120 0
5 121 [4][3]
$2*0,401921E11D6141FC
$2*3FF,0
$2*0,3FF
$3*0
2 122 NULL
2 123 29
2 124 -1
2 125 NULL
2 126 NULL
2 140 [2]
$1,5
2 127 ->
3 128 10
3 129 0
3 130 [2][3]
$BFE48060AFF9032A,BFA,BFF9EA52392B8B2A
$3FE48060AFF9032A,3FA,3FE48
3 131 40065FBD3ED84D52
3 132 NULL
3 133 -1
2 134 -1
2 135 NULL
2 136 2
2 137 ->
3 138 2
1 139 ->
2 47 32
2 48 1
2 49 ->
3 50 15
3 51 926
3 52 NULL
3 53 0
3 54 [3]
$3*0
3 55 0
3 56 -1
3 57 -1
3 58 ->
4 59 0
4 60 0
4 61 -1
4 62 -1
4 63 -1
4 64 -1
4 65 0
4 66 0
4 67 0
4 68 0
3 69 0
2 70 -1
2 71 no_name
2 72 2
2 286 ->
3 287 11
3 288 34
3 289 
3 290 33
3 291 [3]
$0,BFA,BFF6DEB851EB851E
3 292 [3]
$BF1A36E2EB1C432D,BFA,BFF6DEB851EB851E
2 286 ->
3 287 13
3 288 35
3 289 
4 293 1
3 290 33
3 291 [3]
$0,BFA,BFF6DEB851EB851E
3 292 [3]
$0,3FA,BFF6DEB851EB851E
2 294 ->
3 295 19
3 296 A_2
3 297 1
3 298 [3]
$408254D9A5DD3029,40855D5CF0A90BA2,C0699AFA6B7E475C
3 299 -1
3 300 5
3 301 BFF
3 302 BFF
3 303 
3 304 BFF
2 73 ->
3 74 [1][4]
$33,3*0
3 305 [2]
4 305 
5 306 [5]
$34,530,33,-1,500
4 305 
5 306 [5]
$35,531,33,-1,500
3 75 NULL
3 76 [18]
$3*-1,-2049,2*-1,-16777217,3*-1,-536870913,-1,-1126176897,-2,-2097185,
$-203555329,3,0
3 77 NULL
3 78 ->
4 79 150023
4 80 160011
2 81 
3 82 [1]
4 82 ->
5 83 36
5 84 33
5 85 32
5 86 1
5 87 [2][2]
$2*0
$401921E11D6141FC,3FB
5 150 ->
6 151 [4][3]
$3FF,2*0
$2*0,3FF
$0,BFF,0
$0,BFA,BFF6DEB851EB851E
6 152 3F1A36E2EB1C432D
5 90 NULL
5 91 0
5 92 1
5 93 [2][3]
$BF1A36E2EB1C432D,BFA,BFF6DF212D77318F
$3F1A36E2EB1C432D,3FA,BFF6DE4F765FD8AD
2 94 NULL
2 95 ->
2 96 ->
3 97 [4][3]
$3FF,2*0
$2*0,3FF
$0,BFF,0
$0,BFA,BFF6DEB851EB851E
3 98 [1]
4 98 ->
5 99 702
5 100 0
5 101 -1
5 102 -1
5 103 24
5 104 33
5 105 0
5 106 0
5 107 0
5 108 [2]
6 108 ->
7 109 1
7 110 ->
8 111 -4
8 112 5
8 113 0
6 108 ->
7 109 6
7 114 ->
8 115 [1]
9 115 -100
3 116 -1
3 117 0
3 118 [2]
4 118 
5 119 8
5 120 0
5 121 [4][3]
$3FF,2*0
$2*0,3FF
$0,BFF,0
$0,BFA,BFF6DEB851EB851E
4 118 
5 119 9
5 120 0
5 121 [4][3]
$2*0,401921E11D6141FC
$3FB,3FF,0
$2*0,3FF
$3*0
2 122 NULL
2 123 33
2 124 -1
2 125 NULL
2 126 NULL
2 140 [1]
3 140 7
2 127 ->
3 128 10
3 129 0
3 130 [2][3]
$BFE48060AFF9032A,BFA,BFF9EA52392B8B2A
$3FE48060AFF9032A,3FA,3FE48
3 131 40065FBD3ED84D52
3 132 NULL
3 133 -1
2 134 -1
2 135 NULL
2 136 4
2 137 ->
3 138 1
1 139 ->
2 47 36
2 48 1
2 49 ->
3 50 1
3 51 911
3 52 NULL
3 53 1
3 54 [3]
$0,65536,0
3 55 3
3 56 991
3 57 -1
3 58 ->
4 59 0
4 60 1049088
4 61 -1
4 62 -1
4 63 -1
4 64 -1
4 65 0
4 66 0
4 67 0
4 68 0
3 69 0
2 70 -1
2 71 no_name
2 72 2
2 286 ->
3 287 16395
3 288 47
3 289 
3 290 43
3 291 [3]
$0,3FA,0
3 292 [3]
$BFE10A3D70A3D70A,3FA,0
2 286 ->
3 287 16397
3 288 48
3 289 
3 290 43
3 291 [3]
$0,3FA,0
3 292 [3]
$0,BFA,0
2 294 ->
3 295 19
3 296 A_3
3 297 1
3 298 [3]
$3*0
3 299 -1
3 300 5
3 301 BFF
3 302 BFF
3 303 
3 304 BFF
2 73 ->
3 74 [4][4]
$37,204,2*0
$40,203,2*0
$43,200,2*0
$45,200,-1,0
3 141 [12][6]
$38,221,3*0,43
$39,221,-1,2*0,45
$41,222,3*0,40
$42,222,-1,2*0,40
$44,303,2*0,-1,45
$46,303,-1,2*0,43
$49,223,10,43,0,10
$50,223,10,45,0,10
$51,223,15,43,0,43
$52,223,15,45,0,45
$53,224,44,2*0,45
$54,224,46,2*0,43
3 305 [2]
4 305 
5 306 [5]
$47,530,43,-1,500
4 305 
5 306 [5]
$48,531,43,-1,500
@par_id_tab 307 1
3 307 [1]
4 307 9
3 75 ->
@new_edges 308 1
4 308 [6]
$49,50,51,52,53,54
4 145 37
3 76 [18]
$3*-1,-2049,2*-1,-16777217,3*-1,-536870913,-1,-1126176897,-2,-2097185,
$-203555329,3,0
3 77 NULL
3 78 ->
4 79 150023
4 80 160011
2 81 
3 82 [4]
4 82 ->
5 83 34
5 84 37
5 85 36
5 86 -1
5 87 [2][2]
$BFE10A3D70A3D70A,BFE10E9C5421115C
$3FE10A3D70A3D70A,3FE10E9C5421115C
5 88 ->
6 89 [4][3]
$3FF,2*0
$2*0,BFF
$0,3FF,0
$0,3FA3R,0
5 90 ->
6 146 38
6 147 1
6 148 [2][2]
$BFE10A3D70A3D70A,BFE10E9C5421115C
$3FE10A3D70A3D70A,3FE10E9C5421115C
5 149 NULL
5 91 40
5 92 1
5 93 [2][3]
$BFE10A3D70A3D70A,3FA3R,BFE10E9C5421115C
$3FE10A3D70A3D70A,3FA3R,3FE10E9C5421115C
4 82 ->
5 83 34
5 84 40
5 85 36
5 86 -1
5 87 [2][2]
$BFE10A3D70A3D70A,BFE10E9C5421115C
$3FE10A3D70A3D70A,3FE10E9C5421115C
5 88 ->
6 89 [4][3]
$3FF,2*0
$2*0,BFF
$0,3FF,0
$0,BFA3R,0
5 90 ->
6 146 41
6 147 1
6 148 [2][2]
$BFE10A3D70A3D70A,BFE10E9C5421115C
$3FE10A3D70A3D70A,3FE10E9C5421115C
5 149 NULL
5 91 0
5 92 -1
5 93 [2][3]
$BFE10A3D70A3D70A,BFA3R,BFE10E9C5421115C
$3FE10A3D70A3D70A,BFA3R,3FE10E9C5421115C
4 82 ->
5 83 36
5 84 43
5 85 36
5 86 0
5 87 [2][2]
$0,3F7999999999998R
$400921FB54442D18,3FB19R
5 150 ->
6 151 [4][3]
$3FF,2*0
$2*0,BFF
$0,3FF,0
$0,3FA3R,0
6 152 3FE10A3D70A3D70A
5 90 ->
6 146 49
6 147 1
6 148 [2][2]
$0,3F7999999999998R
$400921FB54442D18,3FB19R
5 149 NULL
5 91 45
5 92 -1
5 93 [2][3]
$BFE10A3D70A3D70A,BFA,0
$3FE10A3D70A3D70A,3FA,3FE10A3D70A3D70A
4 82 ->
5 83 36
5 84 45
5 85 36
5 86 0
5 87 [2][2]
$400921FB54442D18,3F7999999999998R
$401921FB54442D18,3FB19R
5 150 ->
6 151 [4][3]
$3FF,2*0
$2*0,BFF
$0,3FF,0
$0,3FA3R,0
6 152 3FE10A3D70A3D70A
5 90 ->
6 146 50
6 147 1
6 148 [2][2]
$400921FB54442D18,3F7999999999998R
$401921FB54442D18,3FB19R
5 149 NULL
5 91 62
5 92 -1
5 93 [2][3]
$BFE10A3D70A3D70A,BFA,BFE10A3D70A3D70A
$3FE10A3D70A3D70A,3FA,0
3 153 [12]
4 153 ->
5 154 38
5 155 36
5 156 0
5 157 [2]
$-1,1
5 158 [20][4]
$3FE10A3D70A3D70A,3*0
$3FE0CEBEA6C43C1D,3FB67002439A88C7,3FC52A170397BA3,0
$3FE01DE1BDEF7ED8,3FC621AB0556105B,3FD52A170397BA2E,0
$3FDDF8F37EC2169F,3FD03864BD2D2E26,3FDFBF2285639745,0
$3FDAE4D730FFCC64,3FD4EEAFC045F2CE,3FE52A170397BA2F,0
$3FD714EDF56AC548,3FD912CEFCC0835F,3FEA749CC47DA8BA,0
$3FD2A3D698A3690A,3FDC87D79A2CC479,3FEFBF2285639746,0
$3FCB612ADA86D534,3FDF35A5650930DE,3FF284D42324C2E9,0
$3FC0BB7768FC443B,3FE084C1B197974R,3FF52A170397BA2F,0
$3FA683B1DD5B6C59,3FE0FB573AA8004C,3FF7CF59E40AB175,0
$BFA683B1DD5B6C59,3FE0FB573AA8004C,3FFA749CC47DA8BR,0
$BFC0BB7768FC443B,3FE084C1B197974R,3FFD19DFA4F0A001,0
$BFCB612ADA86D531,3FDF35A5650930DF,3FFFBF2285639746,0
$BFD2A3D698A36909,3FDC87D79A2CC47A,40013232B2EB4746,0
$BFD714EDF56AC547,3FD912CEFCC0836,400284D42324C2E9,0
$BFDAE4D730FFCC63,3FD4EEAFC045F2CF,4003D775935E3E8C,0
$BFDDF8F37EC2169F,3FD03864BD2D2E27,40052A170397BA2F,0
$BFE01DE1BDEF7ED8,3FC621AB0556105C,40067CB873D135D2,0
$BFE0CEBEA6C43C1D,3FB67002439A88C8,4007CF59E40AB175,0
$BFE10A3D70A3D70A,0,400921FB54442D18,0
5 159 37
5 160 43
5 161 39
5 162 46
5 163 0
5 164 0
4 153 ->
5 154 39
5 155 36
5 156 0
5 157 [2]
$-1,1
5 158 [20][4]
$BFE10A3D70A3D70A,0,400921FB54442D18,0
$BFE0CEBEA6C43C1D,BFB67002439A88C8,400A749CC47DA8BR,0
$BFE01DE1BDEF7ED8,BFC621AB0556105C,400BC73E34B7245E,0
$BFDDF8F37EC2169F,BFD03864BD2D2E27,400D19DFA4F0A001,0
$BFDAE4D730FFCC63,BFD4EEAFC045F2CF,400E6C81152A1BA4,0
$BFD714EDF56AC547,BFD912CEFCC0836,400FBF2285639747,0
$BFD2A3D698A36909,BFDC87D79A2CC47A,401088E1FACE8975,0
$BFCB612ADA86D538,BFDF35A5650930DR,40113232B2EB4746,0
$BFC0BB7768FC4437,BFE084C1B197974R,4011DB836B080518,0
$BFA683B1DD5B6C6A,BFE0FB573AA8004C,401284D42324C2E9,0
$3FA683B1DD5B6C6A,BFE0FB573AA8004C,40132E24DB4180BR,0
$3FC0BB7768FC4437,BFE084C1B197974R,4013D775935E3E8C,0
$3FCB612ADA86D538,BFDF35A5650930DR,401480C64B7AFC5E,0
$3FD2A3D698A36909,BFDC87D79A2CC47A,40152A170397BA2F,0
$3FD714EDF56AC543,BFD912CEFCC08363,4015D367BBB478,0
$3FDAE4D730FFCC63,BFD4EEAFC045F2CF,40167CB873D135D2,0
$3FDDF8F37EC216A1,BFD03864BD2D2E24,401726092BEDF3A4,0
$3FE01DE1BDEF7ED8,BFC621AB0556105C,4017CF59E40AB175,0
$3FE0CEBEA6C43C1D,BFB67002439A88D9,401878AA9C276F46,0
$3FE10A3D70A3D70A,0,401921FB54442D18,0
5 159 37
5 160 45
5 161 38
5 162 44
5 163 0
5 164 0
4 153 ->
5 154 41
5 155 36
5 156 0
5 157 [2]
$1,-1
5 158 [20][4]
$3FE10A3D70A3D70A,2*0,3FB3R
$3FE0CEBEA6C43C1D,3FB67002439A88C7,3FC52A170397BA3,3FB3R
$3FE01DE1BDEF7ED8,3FC621AB0556105B,3FD52A170397BA2E,3FB3R
$3FDDF8F37EC2169F,3FD03864BD2D2E26,3FDFBF2285639745,3FB3R
$3FDAE4D730FFCC64,3FD4EEAFC045F2CE,3FE52A170397BA2F,3FB3R
$3FD714EDF56AC548,3FD912CEFCC0835F,3FEA749CC47DA8BA,3FB3R
$3FD2A3D698A3690A,3FDC87D79A2CC479,3FEFBF2285639746,3FB3R
$3FCB612ADA86D534,3FDF35A5650930DE,3FF284D42324C2E9,3FB3R
$3FC0BB7768FC443B,3FE084C1B197974R,3FF52A170397BA2F,3FB3R
$3FA683B1DD5B6C59,3FE0FB573AA8004C,3FF7CF59E40AB175,3FB3R
$BFA683B1DD5B6C59,3FE0FB573AA8004C,3FFA749CC47DA8BR,3FB3R
$BFC0BB7768FC443B,3FE084C1B197974R,3FFD19DFA4F0A001,3FB3R
$BFCB612ADA86D531,3FDF35A5650930DF,3FFFBF2285639746,3FB3R
$BFD2A3D698A36909,3FDC87D79A2CC47A,40013232B2EB4746,3FB3R
$BFD714EDF56AC547,3FD912CEFCC0836,400284D42324C2E9,3FB3R
$BFDAE4D730FFCC63,3FD4EEAFC045F2CF,4003D775935E3E8C,3FB3R
$BFDDF8F37EC2169F,3FD03864BD2D2E27,40052A170397BA2F,3FB3R
$BFE01DE1BDEF7ED8,3FC621AB0556105C,40067CB873D135D2,3FB3R
$BFE0CEBEA6C43C1D,3FB67002439A88C8,4007CF59E40AB175,3FB3R
$BFE10A3D70A3D70A,0,400921FB54442D18,3FB3R
5 159 40
5 160 43
5 161 42
5 162 44
5 163 0
5 164 0
4 153 ->
5 154 42
5 155 36
5 156 0
5 157 [2]
$1,-1
5 158 [20][4]
$BFE10A3D70A3D70A,0,400921FB54442D18,3FB3R
$BFE0CEBEA6C43C1D,BFB67002439A88C8,400A749CC47DA8BR,3FB3R
$BFE01DE1BDEF7ED8,BFC621AB0556105C,400BC73E34B7245E,3FB3R
$BFDDF8F37EC2169F,BFD03864BD2D2E27,400D19DFA4F0A001,3FB3R
$BFDAE4D730FFCC63,BFD4EEAFC045F2CF,400E6C81152A1BA4,3FB3R
$BFD714EDF56AC547,BFD912CEFCC0836,400FBF2285639747,3FB3R
$BFD2A3D698A36909,BFDC87D79A2CC47A,401088E1FACE8975,3FB3R
$BFCB612ADA86D538,BFDF35A5650930DR,40113232B2EB4746,3FB3R
$BFC0BB7768FC4437,BFE084C1B197974R,4011DB836B080518,3FB3R
$BFA683B1DD5B6C6A,BFE0FB573AA8004C,401284D42324C2E9,3FB3R
$3FA683B1DD5B6C6A,BFE0FB573AA8004C,40132E24DB4180BR,3FB3R
$3FC0BB7768FC4437,BFE084C1B197974R,4013D775935E3E8C,3FB3R
$3FCB612ADA86D538,BFDF35A5650930DR,401480C64B7AFC5E,3FB3R
$3FD2A3D698A36909,BFDC87D79A2CC47A,40152A170397BA2F,3FB3R
$3FD714EDF56AC543,BFD912CEFCC08363,4015D367BBB478,3FB3R
$3FDAE4D730FFCC63,BFD4EEAFC045F2CF,40167CB873D135D2,3FB3R
$3FDDF8F37EC216A1,BFD03864BD2D2E24,401726092BEDF3A4,3FB3R
$3FE01DE1BDEF7ED8,BFC621AB0556105C,4017CF59E40AB175,3FB3R
$3FE0CEBEA6C43C1D,BFB67002439A88D9,401878AA9C276F46,3FB3R
$3FE10A3D70A3D70A,0,401921FB54442D18,3FB3R
5 159 40
5 160 45
5 161 41
5 162 46
5 163 0
5 164 0
4 153 ->
5 154 44
5 155 36
5 156 1
5 157 [2]
$-1,1
5 158 [2][4]
$2*0,401921FB54442D18,0
$0,3FB3R,401921FB54442D18,3FB3R
5 159 43
5 160 45
5 161 0
5 162 0
5 163 0
5 164 0
4 153 ->
5 154 46
5 155 36
5 156 1
5 157 [2]
$-1,1
5 158 [2][4]
$400921FB54442D18,0,400921FB54442D18,0
$400921FB54442D18,3FB3R,400921FB54442D18,3FB3R
5 159 45
5 160 43
5 161 0
5 162 0
5 163 0
5 164 0
4 153 ->
5 154 49
5 155 36
5 156 0
5 157 [2]
$1,-1
5 158 [21][4]
$3FE10A3D70A3D70A,2*0,3FB19R
$3FE0D48899264D71,BFB5533CC946779A,3FC41B2F769CF0E,3FB19R
$3FE034BC9D75AAB4,BFC5100671D0773,3FD41B2F769CF0DE,3FB19R
$3FDE5D918FC78CC2,BFCEF1A97D710604,3FDE28C731EB694C,3FB19R
$3FDB9240A98C12A5,BFD4081EE4BF8A79,3FE41B2F769CF0DR,3FB19R
$3FD81923938F2F0D,BFD81923938F2F0A,3FE921FB54442D16,3FB19R
$3FD4081EE4BF8A7C,BFDB9240A98C12A3,3FEE28C731EB694F,3FB19R
$3FCEF1A97D710609,BFDE5D918FC78CC,3FF197C987C952C4,3FB19R
$3FC5100671D0773E,BFE034BC9D75AAB3,3FF41B2F769CF0DR,3FB19R
$3FB5533CC946779A,BFE0D48899264D71,3FF69E9565708EFC,3FB19R
$0,BFE10A3D70A3D70A,3FF921FB54442D17,3FB19R
$BFB5533CC94677A2,BFE0D48899264D7,3FFBA5614317CB35,3FB19R
$BFC5100671D07736,BFE034BC9D75AAB3,3FFE28C731EB6951,3FB19R
$BFCEF1A97D710601,BFDE5D918FC78CC2,40005616905F83B5,3FB19R
$BFD4081EE4BF8A7A,BFDB9240A98C12A3,400197C987C952C4,3FB19R
$BFD81923938F2F0E,BFD81923938F2F09,4002D97C7F3321D3,3FB19R
$BFDB9240A98C129E,BFD4081EE4BF8A81,40041B2F769CF0DE,3FB19R
$BFDE5D918FC78CC,BFCEF1A97D710608,40055CE26E06BFER,3FB19R
$BFE034BC9D75AAB3,BFC5100671D07732,40069E9565708EFC,3FB19R
$BFE0D48899264D7,BFB5533CC94677AB,4007E0485CDA5E09,3FB19R
$BFE10A3D70A3D70A,0,400921FB54442D18,3FB19R
5 159 10
5 160 43
5 161 50
5 162 53
5 163 0
5 164 0
4 153 ->
5 154 50
5 155 36
5 156 0
5 157 [2]
$1,-1
5 158 [21][4]
$BFE10A3D70A3D70A,0,400921FB54442D18,3FB19R
$BFE0D48899264D71,3FB5533CC946779A,400A63AE4BADFC26,3FB19R
$BFE034BC9D75AAB3,3FC5100671D07732,400BA5614317CB34,3FB19R
$BFDE5D918FC78CC2,3FCEF1A97D710602,400CE7143A819A41,3FB19R
$BFDB9240A98C12A5,3FD4081EE4BF8A78,400E28C731EB694F,3FB19R
$BFD81923938F2F0B,3FD81923938F2F0B,400F6A7A2955385E,3FB19R
$BFD4081EE4BF8A7A,3FDB9240A98C12A4,40105616905F83B6,3FB19R
$BFCEF1A97D710607,3FDE5D918FC78CC,4010F6F00C146B3D,3FB19R
$BFC5100671D07732,3FE034BC9D75AAB3,401197C987C952C4,3FB19R
$BFB5533CC946779A,3FE0D48899264D71,401238A3037E3A4B,3FB19R
$0,3FE10A3D70A3D70A,4012D97C7F3321D2,3FB19R
$3FB5533CC946779A,3FE0D48899264D71,40137A55FAE80959,3FB19R
$3FC5100671D07734,3FE034BC9D75AAB3,40141B2F769CF0E,3FB19R
$3FCEF1A97D710608,3FDE5D918FC78CC,4014BC08F251D867,3FB19R
$3FD4081EE4BF8A7C,3FDB9240A98C12A2,40155CE26E06BFER,3FB19R
$2*3FD81923938F2F0B,4015FDBBE9BBA775,3FB19R
$3FDB9240A98C129E,3FD4081EE4BF8A81,40169E9565708EFB,3FB19R
$3FDE5D918FC78CBC,3FCEF1A97D710617,40173F6EE1257682,3FB19R
$3FE034BC9D75AAB3,3FC5100671D07732,4017E0485CDA5E0A,3FB19R
$3FE0D48899264D7,3FB5533CC94677BC,40188121D88F459,3FB19R
$3FE10A3D70A3D70A,0,401921FB54442D18,3FB19R
5 159 10
5 160 45
5 161 49
5 162 54
5 163 0
5 164 0
4 153 ->
5 154 51
5 155 36
5 156 0
5 157 [2]
$-1,1
5 158 [21][4]
$3FE10A3D70A3D70A,2*0,3F79R
$3FE0D48899264D71,BFB5533CC946779A,3FC41B2F769CF0E,3F79R
$3FE034BC9D75AAB4,BFC5100671D0773,3FD41B2F769CF0DE,3F79R
$3FDE5D918FC78CC2,BFCEF1A97D710604,3FDE28C731EB694C,3F79R
$3FDB9240A98C12A5,BFD4081EE4BF8A79,3FE41B2F769CF0DR,3F79R
$3FD81923938F2F0D,BFD81923938F2F0A,3FE921FB54442D16,3F79R
$3FD4081EE4BF8A7C,BFDB9240A98C12A3,3FEE28C731EB694F,3F79R
$3FCEF1A97D710609,BFDE5D918FC78CC,3FF197C987C952C4,3F79R
$3FC5100671D0773E,BFE034BC9D75AAB3,3FF41B2F769CF0DR,3F79R
$3FB5533CC946779A,BFE0D48899264D71,3FF69E9565708EFC,3F79R
$0,BFE10A3D70A3D70A,3FF921FB54442D17,3F79R
$BFB5533CC94677A2,BFE0D48899264D7,3FFBA5614317CB35,3F79R
$BFC5100671D07736,BFE034BC9D75AAB3,3FFE28C731EB6951,3F79R
$BFCEF1A97D710601,BFDE5D918FC78CC2,40005616905F83B5,3F79R
$BFD4081EE4BF8A7A,BFDB9240A98C12A3,400197C987C952C4,3F79R
$BFD81923938F2F0E,BFD81923938F2F09,4002D97C7F3321D3,3F79R
$BFDB9240A98C129E,BFD4081EE4BF8A81,40041B2F769CF0DE,3F79R
$BFDE5D918FC78CC,BFCEF1A97D710608,40055CE26E06BFER,3F79R
$BFE034BC9D75AAB3,BFC5100671D07732,40069E9565708EFC,3F79R
$BFE0D48899264D7,BFB5533CC94677AB,4007E0485CDA5E09,3F79R
$BFE10A3D70A3D70A,0,400921FB54442D18,3F7999999999998R
5 159 15
5 160 43
5 161 52
5 162 54
5 163 0
5 164 0
4 153 ->
5 154 52
5 155 36
5 156 0
5 157 [2]
$-1,1
5 158 [21][4]
$BFE10A3D70A3D70A,0,400921FB54442D18,3F79R
$BFE0D48899264D71,3FB5533CC946779A,400A63AE4BADFC26,3F79R
$BFE034BC9D75AAB3,3FC5100671D07732,400BA5614317CB34,3F79R
$BFDE5D918FC78CC2,3FCEF1A97D710602,400CE7143A819A41,3F79R
$BFDB9240A98C12A5,3FD4081EE4BF8A78,400E28C731EB694F,3F79R
$BFD81923938F2F0B,3FD81923938F2F0B,400F6A7A2955385E,3F79R
$BFD4081EE4BF8A7A,3FDB9240A98C12A4,40105616905F83B6,3F79R
$BFCEF1A97D710607,3FDE5D918FC78CC,4010F6F00C146B3D,3F79R
$BFC5100671D07732,3FE034BC9D75AAB3,401197C987C952C4,3F79R
$BFB5533CC946779A,3FE0D48899264D71,401238A3037E3A4B,3F79R
$0,3FE10A3D70A3D70A,4012D97C7F3321D2,3F79R
$3FB5533CC946779A,3FE0D48899264D71,40137A55FAE80959,3F79R
$3FC5100671D07734,3FE034BC9D75AAB3,40141B2F769CF0E,3F79R
$3FCEF1A97D710608,3FDE5D918FC78CC,4014BC08F251D867,3F79R
$3FD4081EE4BF8A7C,3FDB9240A98C12A2,40155CE26E06BFER,3F79R
$2*3FD81923938F2F0B,4015FDBBE9BBA775,3F79R
$3FDB9240A98C129E,3FD4081EE4BF8A81,40169E9565708EFB,3F79R
$3FDE5D918FC78CBC,3FCEF1A97D710617,40173F6EE1257682,3F79R
$3FE034BC9D75AAB3,3FC5100671D07732,4017E0485CDA5E0A,3F79R
$3FE0D48899264D7,3FB5533CC94677BC,40188121D88F459,3F79R
$3FE10A3D70A3D70A,0,401921FB54442D18,3F7999999999998R
5 159 15
5 160 45
5 161 51
5 162 53
5 163 0
5 164 0
4 153 ->
5 154 53
5 155 36
5 156 1
5 157 [2]
$-1,1
5 158 [2][4]
$0,3F79R,401921FB54442D18,3F7999999999998R
$0,3FB19R,401921FB54442D18,3FB19R
5 159 43
5 160 45
5 161 51
5 162 50
5 163 0
5 164 0
4 153 ->
5 154 54
5 155 36
5 156 1
5 157 [2]
$-1,1
5 158 [2][4]
$400921FB54442D18,3F79R,400921FB54442D18,3F7999999999998R
$400921FB54442D18,3FB19R,400921FB54442D18,3FB19R
5 159 45
5 160 43
5 161 52
5 162 49
5 163 0
5 164 0
2 94 NULL
2 95 ->
2 96 ->
3 97 [4][3]
$3FF,2*0
$2*0,BFF
$0,3FF,0
$0,3FA3R,0
3 98 [2]
4 98 ->
5 99 5
5 100 3FA3R
5 101 -1
5 102 -1
5 103 4
5 104 37
5 105 0
5 106 0
5 107 0
5 108 [2]
6 108 ->
7 109 1
7 110 ->
8 111 -4
8 112 5
8 113 0
6 108 ->
7 109 6
7 114 ->
8 115 [1]
9 115 -100
4 98 ->
5 99 47
5 100 0
5 101 -1
5 102 -1
5 103 31
5 104 37
5 105 0
5 106 0
5 107 0
5 108 [2]
6 108 ->
7 109 1
7 110 ->
8 111 -4
8 112 5
8 113 0
6 108 ->
7 109 6
7 114 ->
8 115 [1]
9 115 -100
3 116 -1
3 117 0
3 118 [1]
4 118 
5 119 12
5 120 0
5 121 [4][3]
$3FF,2*0
$2*0,BFF
$0,3FF,0
$0,3FA3R,0
2 122 NULL
2 123 37
2 124 -1
2 125 NULL
2 126 NULL
2 140 [2]
$3,28
2 127 ->
@next_srf 309 0
3 309 [2]
4 309 
@p_srf 310 1
5 310 26
@next_geom_ptr 311 1
5 311 0
4 309 
5 310 40
5 311 43
@bnd_type 312 0
3 312 [8]
4 312 
@p_srf 313 1
5 313 20
@boundary_type 314 1
5 314 1
4 312 
5 313 22
5 314 1
4 312 
5 313 24
5 314 1
4 312 
5 313 26
5 314 1
4 312 
5 313 37
5 314 0
4 312 
5 313 40
5 314 0
4 312 
5 313 43
5 314 1
4 312 
5 313 45
5 314 1
@contours 315 0
3 315 [4]
4 315 
@p_srf 316 1
5 316 10
@start_crv_arr 317 11
5 317 [1]
6 317 11
4 315 
5 316 15
5 317 [1]
6 317 16
4 315 
5 316 43
5 317 [1]
6 317 38
4 315 
5 316 45
5 317 [1]
6 317 39
@next_crv 318 0
3 318 [2]
4 318 
@p_crv 319 1
5 319 44
@next_crv 320 11
5 320 [2]
$38,42
4 318 
5 319 46
5 320 [2]
$39,41
3 128 10
3 129 0
3 130 [2][3]
$BFE48060AFF9032A,BFA,BFF9EA52392B8B2A
$3FE48060AFF9032A,3FA,3FE48
3 131 40065FBD3ED84D52
3 132 NULL
3 133 -1
2 134 -1
2 135 NULL
2 136 7
2 137 ->
3 138 2
1 139 ->
2 47 55
2 48 1
2 49 ->
3 50 1
3 51 911
3 52 NULL
3 53 1
3 54 [3]
$0,65536,0
3 55 3
3 56 991
3 57 -1
3 58 ->
4 59 0
4 60 1049088
4 61 -1
4 62 -1
4 63 -1
4 64 -1
4 65 0
4 66 0
4 67 0
4 68 0
3 69 0
2 70 -1
2 71 no_name
2 72 2
2 286 ->
3 287 16395
3 288 66
3 289 
3 290 62
3 291 [3]
$0,3FA,BFF6DEB851EB851E
3 292 [3]
$BFB4,3FA,BFF6DEB851EB851E
2 286 ->
3 287 16397
3 288 67
3 289 
3 290 62
3 291 [3]
$0,3FA,BFF6DEB851EB851E
3 292 [3]
$0,BFA,BFF6DEB851EB851E
2 294 ->
3 295 19
3 296 A_4
3 297 1
3 298 [3]
$3*0
3 299 -1
3 300 5
3 301 BFF
3 302 BFF
3 303 
3 304 BFF
2 73 ->
3 74 [4][4]
$56,204,2*0
$59,203,2*0
$62,200,2*0
$64,200,-1,0
3 141 [12][6]
$57,221,3*0,62
$58,221,-1,2*0,64
$60,222,3*0,59
$61,222,-1,2*0,59
$63,303,2*0,-1,64
$65,303,-1,2*0,62
$68,223,10,62,0,10
$69,223,10,64,0,10
$70,223,15,62,0,62
$71,223,15,64,0,64
$72,224,63,2*0,64
$73,224,65,2*0,62
3 305 [2]
4 305 
5 306 [5]
$66,530,62,-1,500
4 305 
5 306 [5]
$67,531,62,-1,500
3 307 [1]
4 307 10
3 75 ->
4 308 [6]
$68,69,70,71,72,73
4 145 56
3 76 [18]
$3*-1,-2049,2*-1,-16777217,3*-1,-536870913,-1,-1126176897,-2,-2097185,
$-203555329,3,0
3 77 NULL
3 78 ->
4 79 150023
4 80 160011
2 81 
3 82 [4]
4 82 ->
5 83 34
5 84 56
5 85 55
5 86 -1
5 87 [2][2]
$2*BFB4
$2*3FB4
5 88 ->
6 89 [4][3]
$3FF,2*0
$2*0,BFF
$0,3FF,0
$0,3FA3R,BFF6DEB851EB851E
5 90 ->
6 146 57
6 147 1
6 148 [2][2]
$2*BFB4
$2*3FB4
5 149 NULL
5 91 59
5 92 1
5 93 [2][3]
$BFB4,3FA3R,BFF81EB851EB851E
$3FB4,3FA3R,BFF59EB851EB851E
4 82 ->
5 83 34
5 84 59
5 85 55
5 86 -1
5 87 [2][2]
$2*BFB4
$2*3FB4
5 88 ->
6 89 [4][3]
$3FF,2*0
$2*0,BFF
$0,3FF,0
$0,BFA3R,BFF6DEB851EB851E
5 90 ->
6 146 60
6 147 1
6 148 [2][2]
$2*BFB4
$2*3FB4
5 149 NULL
5 91 0
5 92 -1
5 93 [2][3]
$BFB4,BFA3R,BFF81EB851EB851E
$3FB4,BFA3R,BFF59EB851EB851E
4 82 ->
5 83 36
5 84 62
5 85 55
5 86 0
5 87 [2][2]
$0,3F799999999999AC
$400921FB54442D18,3FB19R
5 150 ->
6 151 [4][3]
$3FF,2*0
$2*0,BFF
$0,3FF,0
$0,3FA3R,BFF6DEB851EB851E
6 152 3FB4
5 90 ->
6 146 68
6 147 1
6 148 [2][2]
$0,3F799999999999AC
$400921FB54442D18,3FB19R
5 149 NULL
5 91 64
5 92 -1
5 93 [2][3]
$BFB4,BFA,BFF6DEB851EB851E
$3FB4,3FA,BFF59EB851EB851E
4 82 ->
5 83 36
5 84 64
5 85 55
5 86 0
5 87 [2][2]
$400921FB54442D18,3F799999999999AC
$401921FB54442D18,3FB19R
5 150 ->
6 151 [4][3]
$3FF,2*0
$2*0,BFF
$0,3FF,0
$0,3FA3R,BFF6DEB851EB851E
6 152 3FB4
5 90 ->
6 146 69
6 147 1
6 148 [2][2]
$400921FB54442D18,3F799999999999AC
$401921FB54442D18,3FB19R
5 149 NULL
5 91 75
5 92 -1
5 93 [2][3]
$BFB4,BFA,BFF81EB851EB851E
$3FB4,3FA,BFF6DEB851EB851E
3 153 [12]
4 153 ->
5 154 57
5 155 55
5 156 0
5 157 [2]
$-1,1
5 158 [13][4]
$3FB4,3*0
$3FB3518A4C8D776D,3F94B49D31F7C834,3FD0C152382D7365,0
$3FB1520CD1372FEA,3FA4,3FE0C152382D736R,0
$2*3FAC48C6001F0ABF,3FE921FB54442D18,0
$3FA4,3FB1520CD1372FEA,3FF0C152382D7365,0
$3F94B49D31F7C83R,3FB3518A4C8D776D,3FF4F1A6C638D03F,0
$0,3FB4,3FF921FB54442D18,0
$BF94B49D31F7C838,3FB3518A4C8D776C,3FFD524FE24F89F2,0
$BFA4,3FB1520CD1372FEB,4000C152382D7365,0
$BFAC48C6001F0ABF,3FAC48C6001F0ABF,4002D97C7F3321D2,0
$BFB1520CD1372FEB,3FA4,4004F1A6C638D03F,0
$BFB3518A4C8D776C,3F94B49D31F7C838,400709D10D3E7EAB,0
$BFB4,0,400921FB54442D18,0
5 159 56
5 160 62
5 161 58
5 162 65
5 163 0
5 164 0
4 153 ->
5 154 58
5 155 55
5 156 0
5 157 [2]
$-1,1
5 158 [13][4]
$BFB4,0,400921FB54442D18,0
$BFB3518A4C8D776C,BF94B49D31F7C838,400B3A259B49DB85,0
$BFB1520CD1372FEB,BFA4,400D524FE24F89F1,0
$2*BFAC48C6001F0ABF,400F6A7A2955385E,0
$BFA4,BFB1520CD1372FEA,4010C152382D7365,0
$BF94B49D31F7C82E,BFB3518A4C8D776D,4011CD675BB04A9C,0
$0,BFB4,4012D97C7F3321D2,0
$3F94B49D31F7C82E,BFB3518A4C8D776D,4013E591A2B5F908,0
$3FA4,BFB1520CD1372FEC,4014F1A6C638D03E,0
$3FAC48C6001F0ABF,BFAC48C6001F0ABF,4015FDBBE9BBA775,0
$3FB1520CD1372FEC,BFA4,401709D10D3E7EAC,0
$3FB3518A4C8D776D,BF94B49D31F7C82E,401815E630C155E2,0
$3FB4,0,401921FB54442D18,0
5 159 56
5 160 64
5 161 57
5 162 63
5 163 0
5 164 0
4 153 ->
5 154 60
5 155 55
5 156 0
5 157 [2]
$1,-1
5 158 [13][4]
$3FB4,2*0,3FB3R
$3FB3518A4C8D776D,3F94B49D31F7C834,3FD0C152382D7365,3FB3R
$3FB1520CD1372FEA,3FA4,3FE0C152382D736R,3FB3R
$2*3FAC48C6001F0ABF,3FE921FB54442D18,3FB3R
$3FA4,3FB1520CD1372FEA,3FF0C152382D7365,3FB3R
$3F94B49D31F7C83R,3FB3518A4C8D776D,3FF4F1A6C638D03F,3FB3R
$0,3FB4,3FF921FB54442D18,3FB3R
$BF94B49D31F7C838,3FB3518A4C8D776C,3FFD524FE24F89F2,3FB3R
$BFA4,3FB1520CD1372FEB,4000C152382D7365,3FB3R
$BFAC48C6001F0ABF,3FAC48C6001F0ABF,4002D97C7F3321D2,3FB3R
$BFB1520CD1372FEB,3FA4,4004F1A6C638D03F,3FB3R
$BFB3518A4C8D776C,3F94B49D31F7C838,400709D10D3E7EAB,3FB3R
$BFB4,0,400921FB54442D18,3FB3R
5 159 59
5 160 62
5 161 61
5 162 63
5 163 0
5 164 0
4 153 ->
5 154 61
5 155 55
5 156 0
5 157 [2]
$1,-1
5 158 [13][4]
$BFB4,0,400921FB54442D18,3FB3R
$BFB3518A4C8D776C,BF94B49D31F7C838,400B3A259B49DB85,3FB3R
$BFB1520CD1372FEB,BFA4,400D524FE24F89F1,3FB3R
$2*BFAC48C6001F0ABF,400F6A7A2955385E,3FB3R
$BFA4,BFB1520CD1372FEA,4010C152382D7365,3FB3R
$BF94B49D31F7C82E,BFB3518A4C8D776D,4011CD675BB04A9C,3FB3R
$0,BFB4,4012D97C7F3321D2,3FB3R
$3F94B49D31F7C82E,BFB3518A4C8D776D,4013E591A2B5F908,3FB3R
$3FA4,BFB1520CD1372FEC,4014F1A6C638D03E,3FB3R
$3FAC48C6001F0ABF,BFAC48C6001F0ABF,4015FDBBE9BBA775,3FB3R
$3FB1520CD1372FEC,BFA4,401709D10D3E7EAC,3FB3R
$3FB3518A4C8D776D,BF94B49D31F7C82E,401815E630C155E2,3FB3R
$3FB4,0,401921FB54442D18,3FB3R
5 159 59
5 160 64
5 161 60
5 162 65
5 163 0
5 164 0
4 153 ->
5 154 63
5 155 55
5 156 1
5 157 [2]
$-1,1
5 158 [2][4]
$2*0,401921FB54442D18,0
$0,3FB3R,401921FB54442D18,3FB3R
5 159 62
5 160 64
5 161 0
5 162 0
5 163 0
5 164 0
4 153 ->
5 154 65
5 155 55
5 156 1
5 157 [2]
$-1,1
5 158 [2][4]
$400921FB54442D18,0,400921FB54442D18,0
$400921FB54442D18,3FB3R,400921FB54442D18,3FB3R
5 159 64
5 160 62
5 161 0
5 162 0
5 163 0
5 164 0
4 153 ->
5 154 68
5 155 55
5 156 0
5 157 [2]
$1,-1
5 158 [14][4]
$3FB4,3FF6DEB851EB851E,0,3FB19R
$3FB36B38DBE3462,3FF6922394AE19BC,3FCEEEBF2CA2ADAB,3FB19R
$3FB1B588EC04889,3FF64A02329F7E47,3FDEEEBF2CA2ADAE,3FB19R
$3FADF0C00403F98C,3FF60A854FD48B43,3FE7330F617A0242,3FB19R
$3FA6B8FBA650D562,3FF5D75D7B511578,3FEEEEBF2CA2ADA5,3FB19R
$3F9C5E4EDEC3F508,3FF5B383CA161R,3FF355377BE5AC89,3FB19R
$3F83492EB34A6739,3FF5A10D9BE9A514,3FF7330F617A023F,3FB19R
$BF83492EB34A6743,3FF5A10D9BE9A514,3FFB10E7470E57F2,3FB19R
$BF9C5E4EDEC3F503,3FF5B383CA161R,3FFEEEBF2CA2ADA6,3FB19R
$BFA6B8FBA650D55E,3FF5D75D7B511578,4001664B891B81AE,3FB19R
$BFADF0C00403F986,3FF60A854FD48B43,400355377BE5AC86,3FB19R
$BFB1B588EC048892,3FF64A02329F7E48,400544236EAFD764,3FB19R
$BFB36B38DBE34621,3FF6922394AE19BC,4007330F617A023F,3FB19R
$BFB4,3FF6DEB851EB851E,400921FB54442D18,3FB19R
5 159 10
5 160 62
5 161 69
5 162 72
5 163 0
5 164 0
4 153 ->
5 154 69
5 155 55
5 156 0
5 157 [2]
$1,-1
5 158 [14][4]
$BFB4,3FF6DEB851EB851E,400921FB54442D18,3FB19R
$BFB36B38DBE34621,3FF72B4D0F28F08,400B10E7470E57F2,3FB19R
$BFB1B588EC04889,3FF7736E71378BF5,400CFFD339D882CE,3FB19R
$BFADF0C00403F98E,3FF7B2EB54027EF9,400EEEBF2CA2ADA8,3FB19R
$BFA6B8FBA650D55E,3FF7E6132885F4C4,40106ED58FB66C41,3FB19R
$BF9C5E4EDEC3F50C,3FF809ECD9C0F92B,4011664B891B81AE,3FB19R
$BF83492EB34A672F,3FF81C6307ED6528,40125DC18280971C,3FB19R
$3F83492EB34A6783,3FF81C6307ED6528,401355377BE5AC8A,3FB19R
$3F9C5E4EDEC3F50C,3FF809ECD9C0F92B,40144CAD754AC1F6,3FB19R
$3FA6B8FBA650D567,3FF7E6132885F4C4,401544236EAFD764,3FB19R
$3FADF0C00403F986,3FF7B2EB54027EF9,40163B996814ECCF,3FB19R
$3FB1B588EC048892,3FF7736E71378BF4,4017330F617A023E,3FB19R
$3FB36B38DBE34621,3FF72B4D0F28F08,40182A855ADF17AC,3FB19R
$3FB4,3FF6DEB851EB851E,401921FB54442D18,3FB19R
5 159 10
5 160 64
5 161 68
5 162 73
5 163 0
5 164 0
4 153 ->
5 154 70
5 155 55
5 156 0
5 157 [2]
$-1,1
5 158 [14][4]
$3FB4,3FF6DEB851EB851E,0,3F799999999999B
$3FB36B38DBE3462,3FF6922394AE19BC,3FCEEEBF2CA2ADAB,3F799999999999B
$3FB1B588EC04889,3FF64A02329F7E47,3FDEEEBF2CA2ADAE,3F799999999999B
$3FADF0C00403F98C,3FF60A854FD48B43,3FE7330F617A0242,3F799999999999B
$3FA6B8FBA650D562,3FF5D75D7B511578,3FEEEEBF2CA2ADA5,3F799999999999B
$3F9C5E4EDEC3F508,3FF5B383CA161R,3FF355377BE5AC89,3F799999999999B
$3F83492EB34A6739,3FF5A10D9BE9A514,3FF7330F617A023F,3F799999999999B
$BF83492EB34A6743,3FF5A10D9BE9A514,3FFB10E7470E57F2,3F799999999999B
$BF9C5E4EDEC3F503,3FF5B383CA161R,3FFEEEBF2CA2ADA6,3F799999999999B
$BFA6B8FBA650D55E,3FF5D75D7B511578,4001664B891B81AE,3F799999999999B
$BFADF0C00403F986,3FF60A854FD48B43,400355377BE5AC86,3F799999999999B
$BFB1B588EC048892,3FF64A02329F7E48,400544236EAFD764,3F799999999999B
$BFB36B38DBE34621,3FF6922394AE19BC,4007330F617A023F,3F799999999999B
$BFB4,3FF6DEB851EB851E,400921FB54442D18,3F799999999999AC
5 159 15
5 160 62
5 161 71
5 162 73
5 163 0
5 164 0
4 153 ->
5 154 71
5 155 55
5 156 0
5 157 [2]
$-1,1
5 158 [14][4]
$BFB4,3FF6DEB851EB851E,400921FB54442D18,3F799999999999B
$BFB36B38DBE34621,3FF72B4D0F28F08,400B10E7470E57F2,3F799999999999B
$BFB1B588EC04889,3FF7736E71378BF5,400CFFD339D882CE,3F799999999999B
$BFADF0C00403F98E,3FF7B2EB54027EF9,400EEEBF2CA2ADA8,3F799999999999B
$BFA6B8FBA650D55E,3FF7E6132885F4C4,40106ED58FB66C41,3F799999999999B
$BF9C5E4EDEC3F50C,3FF809ECD9C0F92B,4011664B891B81AE,3F799999999999B
$BF83492EB34A672F,3FF81C6307ED6528,40125DC18280971C,3F799999999999B
$3F83492EB34A6783,3FF81C6307ED6528,401355377BE5AC8A,3F799999999999B
$3F9C5E4EDEC3F50C,3FF809ECD9C0F92B,40144CAD754AC1F6,3F799999999999B
$3FA6B8FBA650D567,3FF7E6132885F4C4,401544236EAFD764,3F799999999999B
$3FADF0C00403F986,3FF7B2EB54027EF9,40163B996814ECCF,3F799999999999B
$3FB1B588EC048892,3FF7736E71378BF4,4017330F617A023E,3F799999999999B
$3FB36B38DBE34621,3FF72B4D0F28F08,40182A855ADF17AC,3F799999999999B
$3FB4,3FF6DEB851EB851E,401921FB54442D18,3F799999999999AC
5 159 15
5 160 64
5 161 70
5 162 72
5 163 0
5 164 0
4 153 ->
5 154 72
5 155 55
5 156 1
5 157 [2]
$-1,1
5 158 [2][4]
$0,3F799999999999B,401921FB54442D18,3F799999999999AC
$0,3FB19R,401921FB54442D18,3FB19R
5 159 62
5 160 64
5 161 70
5 162 69
5 163 0
5 164 0
4 153 ->
5 154 73
5 155 55
5 156 1
5 157 [2]
$-1,1
5 158 [2][4]
$400921FB54442D18,3F799999999999B,400921FB54442D18,3F799999999999AC
$400921FB54442D18,3FB19R,400921FB54442D18,3FB19R
5 159 64
5 160 62
5 161 71
5 162 68
5 163 0
5 164 0
2 94 NULL
2 95 ->
2 96 ->
3 97 [4][3]
$3FF,2*0
$2*0,BFF
$0,3FF,0
$0,3FA3R,BFF6DEB851EB851E
3 98 [2]
4 98 ->
5 99 5
5 100 3FA3R
5 101 -1
5 102 -1
5 103 4
5 104 56
5 105 0
5 106 0
5 107 0
5 108 [2]
6 108 ->
7 109 1
7 110 ->
8 111 -4
8 112 5
8 113 0
6 108 ->
7 109 6
7 114 ->
8 115 [1]
9 115 -100
4 98 ->
5 99 47
5 100 0
5 101 -1
5 102 -1
5 103 35
5 104 56
5 105 0
5 106 0
5 107 0
5 108 [2]
6 108 ->
7 109 1
7 110 ->
8 111 -4
8 112 5
8 113 0
6 108 ->
7 109 6
7 114 ->
8 115 [1]
9 115 -100
3 116 -1
3 117 0
3 118 [1]
4 118 
5 119 12
5 120 0
5 121 [4][3]
$3FF,2*0
$2*0,BFF
$0,3FF,0
$0,3FA3R,BFF6DEB851EB851E
2 122 NULL
2 123 56
2 124 -1
2 125 NULL
2 126 NULL
2 140 [2]
$3,32
2 127 ->
3 309 [2]
4 309 
5 310 45
5 311 0
4 309 
5 310 59
5 311 62
3 312 [4]
4 312 
5 313 56
5 314 0
4 312 
5 313 59
5 314 0
4 312 
5 313 62
5 314 1
4 312 
5 313 64
5 314 1
3 315 [4]
4 315 
5 316 10
5 317 [2]
$11,49
4 315 
5 316 15
5 317 [2]
$16,51
4 315 
5 316 62
5 317 [1]
6 317 57
4 315 
5 316 64
5 317 [1]
6 317 58
3 318 [2]
4 318 
5 319 63
5 320 [2]
$57,61
4 318 
5 319 65
5 320 [2]
$58,60
3 128 10
3 129 0
3 130 [2][3]
$BFE48060AFF9032A,BFA,BFF9EA52392B8B2A
$3FE48060AFF9032A,3FA,3FE48
3 131 40065FBD3ED84D52
3 132 NULL
3 133 -1
2 134 -1
2 135 NULL
2 136 7
2 137 ->
3 138 2
1 139 ->
2 47 74
2 48 1
2 49 ->
3 50 3
3 51 913
3 52 NULL
3 53 0
3 54 [3]
$3*0
3 55 0
3 56 991
3 57 -1
3 58 ->
4 59 0
4 60 0
4 61 -1
4 62 -1
4 63 989
4 64 -1
4 65 0
4 66 0
4 67 0
4 68 1
3 69 0
2 70 -1
2 71 no_name
2 72 2
2 73 ->
3 74 [2][4]
$75,208,23,0
$80,208,21,0
3 141 [14][6]
$76,229,75,2*0,22
$77,229,75,1,0,75
$78,229,75,2,0,75
$79,229,75,3,0,15
$81,229,80,2*0,20
$82,229,80,1,0,80
$83,229,80,2,0,80
$84,229,80,3,0,15
$85,248,12,2*0,10
$86,248,11,2*0,10
$87,248,16,2*0,20
$88,248,17,2*0,22
$89,248,14,2*0,10
$90,248,19,2*0,26
3 75 NULL
3 76 [18]
$3*-1,-2049,2*-1,-16777217,3*-1,-536870913,-1,-1126176897,-2,-2097185,
$-203555329,3,0
3 77 NULL
3 78 ->
4 79 150023
4 80 160011
2 81 
3 82 [2]
4 82 ->
5 83 36
5 84 75
5 85 74
5 86 0
5 87 [2][2]
$2*0
$3FE4A3D00B0A868,3FB
5 150 ->
6 151 [4][3]
$BFEFB2549124E563,3FC19591669AEBC,0
$2*0,3FF
$3FC19591669AEBC,3FEFB2549124E563,0
$3FECB63CBB4C70ED,BFA,BFEC9047A450B202
6 152 3FE4
5 90 ->
6 146 76
6 147 1
6 148 [2][2]
$2*0
$3FE4A3D00B0A868,3FB
5 149 NULL
5 91 80
5 92 -1
5 93 [2][3]
$3FD1CD8FC12AC31E,BFA,BFE9D0E8EC487D2C
$3FDD10FB1C6CFD5E,3FA,BFDCEA8E0EA3DD4F
4 82 ->
5 83 36
5 84 80
5 85 74
5 86 0
5 87 [2][2]
$2*0
$3FE4A3D00B0A8686,3FB
5 150 ->
6 151 [4][3]
$3FE6AF9848231D2C,3FE6919A94CAD22D,0
$2*0,3FF
$3FE6919A94CAD22D,BFE6AF9848231D2C,0
$BFECB63CBB4C70EC,BFA,BFEC9047A450B202
6 152 3FE4
5 90 ->
6 146 81
6 147 1
6 148 [2][2]
$2*0
$3FE4A3D00B0A8686,3FB
5 149 NULL
5 91 0
5 92 -1
5 93 [2][3]
$BFDD10FB1C6CFD61,BFA,BFE9D0E8EC487D2E
$BFD1CD8FC12AC31C,3FA,BFDCEA8E0EA3DD4C
3 153 [14]
4 153 ->
5 154 76
5 155 74
5 156 8
5 157 [2]
$-1,1
5 158 [2][4]
$2*0,3FCFFC402A088C84,0
$0,3FB,3FCFFC402A088C84,3FB
5 159 75
5 160 22
5 161 78
5 162 88
5 163 0
5 164 0
4 153 ->
5 154 77
5 155 74
5 156 8
5 157 [2]
$1,-1
5 158 [2][4]
$3FE4A3D00B0A868,0,401C43942012C1E5,0
$3FE4A3D00B0A868,3FB,401C43942012C1E5,3FB
5 159 75
5 160 20
5 161 79
5 162 86
5 163 0
5 164 0
4 153 ->
5 154 78
5 155 74
5 156 0
5 157 [2]
$1,-1
5 158 [6][4]
$2*0,3FD1CD8FC12AC31F,3FE9D0E8EC487D2D
$3FC08399BC141BD9,0,3FD2D6D94AF17B65,3FE74A450189B7F5
$3FD0833017A3ED29,0,3FD484392DCEE06A,3FE4DA302FAFD08C
$3FD8C46FFE711FE1,0,3FD6CE8B098F1CB7,3FE28AF1E7E61A3E
$3FE082E99C057F8C,0,3FD9AC2479923484,3FE06649560BBF5R
$3FE4A3D00B0A868,0,3FDD10FB1C6CFD6,3FDCEA8E0EA3DD4C
5 159 75
5 160 10
5 161 77
5 162 85
5 163 0
5 164 0
4 153 ->
5 154 79
5 155 74
5 156 0
5 157 [2]
$-1,1
5 158 [6][4]
$0,3FB,3FD1CD8FC12AC31F,3FE9D0E8EC487D2D
$3FC08399BC141BD9,3FB,3FD2D6D94AF17B65,3FE74A450189B7F5
$3FD0833017A3ED29,3FB,3FD484392DCEE06A,3FE4DA302FAFD08C
$3FD8C46FFE711FE1,3FB,3FD6CE8B098F1CB7,3FE28AF1E7E61A3E
$3FE082E99C057F8C,3FB,3FD9AC2479923484,3FE06649560BBF5R
$3FE4A3D00B0A868,3FB,3FDD10FB1C6CFD6,3FDCEA8E0EA3DD4C
5 159 75
5 160 15
5 161 76
5 162 87
5 163 0
5 164 0
4 153 ->
5 154 81
5 155 74
5 156 8
5 157 [2]
$-1,1
5 158 [2][4]
$2*0,4002DEC9BCA7037F,0
$0,3FB,4002DEC9BCA7037F,3FB
5 159 80
5 160 20
5 161 83
5 162 87
5 163 0
5 164 0
4 153 ->
5 154 82
5 155 74
5 156 8
5 157 [2]
$1,-1
5 158 [2][4]
$3FE4A3D00B0A8686,0,3FE4F539211281E6,0
$3FE4A3D00B0A8686,3FB,3FE4F539211281E6,3FB
5 159 80
5 160 26
5 161 84
5 162 89
5 163 0
5 164 0
4 153 ->
5 154 83
5 155 74
5 156 0
5 157 [2]
$1,-1
5 158 [6][4]
$2*0,BFDD10FB1C6CFD61,3FDCEA8E0EA3DD4A
$3FC08399BC141BE4,0,BFD9AC2479923483,3FE06649560BBF56
$3FD0833017A3ED2C,0,BFD6CE8B098F1CB6,3FE28AF1E7E61A3E
$3FD8C46FFE711FE3,0,BFD484392DCEE068,3FE4DA302FAFD08D
$3FE082E99C057F8E,0,BFD2D6D94AF17B64,3FE74A450189B7F5
$3FE4A3D00B0A8686,0,BFD1CD8FC12AC31F,3FE9D0E8EC487D2D
5 159 80
5 160 10
5 161 82
5 162 86
5 163 0
5 164 0
4 153 ->
5 154 84
5 155 74
5 156 0
5 157 [2]
$-1,1
5 158 [6][4]
$0,3FB,BFDD10FB1C6CFD61,3FDCEA8E0EA3DD4A
$3FC08399BC141BE4,3FB,BFD9AC2479923483,3FE06649560BBF56
$3FD0833017A3ED2C,3FB,BFD6CE8B098F1CB6,3FE28AF1E7E61A3E
$3FD8C46FFE711FE3,3FB,BFD484392DCEE068,3FE4DA302FAFD08D
$3FE082E99C057F8E,3FB,BFD2D6D94AF17B64,3FE74A450189B7F5
$3FE4A3D00B0A8686,3FB,BFD1CD8FC12AC31F,3FE9D0E8EC487D2D
5 159 80
5 160 15
5 161 81
5 162 90
5 163 0
5 164 0
4 153 ->
5 154 85
5 155 74
5 156 0
5 157 [2]
$1,-1
5 158 [2][4]
$3FD1CD8FC12AC31F,3FE9D0E8EC487D2D,3FCFFC402A088C84,0
$3FC816E41C63B893,3FF749A1DA6FD6E,3FECF4492B94A507,0
5 159 10
5 160 22
5 161 13
5 162 76
5 163 0
5 164 0
4 153 ->
5 154 86
5 155 74
5 156 0
5 157 [2]
$1,-1
5 158 [33][4]
$BFDD10FB1C6CFD61,3FDCEA8E0EA3DD4A,4002DEC9BCA7037F,0
$BFE07EDBD45187E5,3FD857D7EF1D49A,40040C153F1520FC,0
$BFE219FCC0AB2BA5,3FD33E86C16E5C1R,4005395F1DAF9183,0
$BFE351002BBECDB2,3FCB759EBD1F60F1,400666A75F46FC05,0
$BFE41D2FD2CDE80E,3FBFACC6F90516DA,400793EE23567AE8,0
$BFE47A242EA4A343,3F9EFD0B847CF27,4008C1338787DC13,0
$BFE465DCB9BB5FC9,BFB058FEA34A7F21,4009EE77A9935626,0
$BFE3E0CAED9313D3,BFC40B61F435C3EA,400B1BBAA73E4C58,0
$BFE2EDCFBE25C7B7,BFCF7B64FC1AB147,400C48FC9E5A10FD,0
$BFE1922BA1EB588,BFD51EA675F75A9F,400D763DACC2A6FD,0
$BFDFAAC2FE415EBA,BFDA0AD0CE38CD49,400EA37DF05D8248,0
$BFDB821A3E81AE1D,BFDE66FB61908D78,400FD0BD87184761,0
$BFD6C15C1CCC769C,BFE10D8624971674,40107EFE4773C515,0
$BFD182D018392E17,BFE289457E290347,4011159D92E2C60D,0
$BFC7C6E9B2AA95DR,BFE39E88B0946453,4011AC3CB4D87CE7,0
$BFB8097FDE4B34C7,BFE447532F9F2F4B,401242DBBC55D432,0
$BED23616545D80BA,BFE47FFFFFFDFA4D,4012D97AB85CA93R,0
$3FB808F05023A885,BFE44755D83D30C6,40137019B7EF2A58,0
$3FC7C6A511AE76D6,BFE39E8DE34FAA5C,401406B8CA0F35A1,0
$3FD182B050E835B8,BFE2894CFF7777FA,40149D57FDBDB71B,0
$3FD6C13FB3FCD424,BFE10D8F9EC4BAE2,401533F761FA0771,0
$3FDB8201DDAB0B7,BFDE671170411931,4015CA9705C14AB1,0
$3FDFAAAF19E62EC3,BFDA0AE8FE633EA6,40166136F80DCF4B,0
$3FE192240A683231,BFD51EBFB9A93CEA,4016F7D747D66D61,0
$3FE2EDCA7DE8E827,BFCF7B977FC125BC,40178E78040DE66A,0
$3FE3E0C7E0E60712,BFC40B92571C4BB7,401825193BA2454A,0
$3FE465DB9D9D8E8D,BFB0595742E69EBC,4018BBBAFD7C3EE1,0
$3FE47A24A35BE5D6,3F9EFBD6FDD67F4E,4019525D587E9328,0
$3FE41D315FEE862R,3FBFAC87ED26F972,4019E9005B856EE1,0
$3FE35102458A64D4,3FCB758718111661,401A7FA41565CDF9,0
$3FE219FECE97702C,3FD33E7F06A650E6,401B164894ECD662,0
$3FE07EDE27926B79,3FD857D1A1AC38EA,401BACED9B3CA396,0
$3FDD10FB1C6CFD6,3FDCEA8E0EA3DD4C,401C43942012C1E5,0
5 159 10
5 160 20
5 161 78
5 162 81
5 163 0
5 164 0
4 153 ->
5 154 87
5 155 74
5 156 0
5 157 [2]
$-1,1
5 158 [33][4]
$BFDD10FB1C6CFD61,3FDCEA8E0EA3DD4A,4002DEC9BCA7037F,3FB
$BFE07EDBD45187E5,3FD857D7EF1D49A,40040C153F1520FC,3FB
$BFE219FCC0AB2BA5,3FD33E86C16E5C1R,4005395F1DAF9183,3FB
$BFE351002BBECDB2,3FCB759EBD1F60F1,400666A75F46FC05,3FB
$BFE41D2FD2CDE80E,3FBFACC6F90516DA,400793EE23567AE8,3FB
$BFE47A242EA4A343,3F9EFD0B847CF27,4008C1338787DC13,3FB
$BFE465DCB9BB5FC9,BFB058FEA34A7F21,4009EE77A9935626,3FB
$BFE3E0CAED9313D3,BFC40B61F435C3EA,400B1BBAA73E4C58,3FB
$BFE2EDCFBE25C7B7,BFCF7B64FC1AB147,400C48FC9E5A10FD,3FB
$BFE1922BA1EB588,BFD51EA675F75A9F,400D763DACC2A6FD,3FB
$BFDFAAC2FE415EBA,BFDA0AD0CE38CD49,400EA37DF05D8248,3FB
$BFDB821A3E81AE1D,BFDE66FB61908D78,400FD0BD87184761,3FB
$BFD6C15C1CCC769C,BFE10D8624971674,40107EFE4773C515,3FB
$BFD182D018392E17,BFE289457E290347,4011159D92E2C60D,3FB
$BFC7C6E9B2AA95DR,BFE39E88B0946453,4011AC3CB4D87CE7,3FB
$BFB8097FDE4B34C7,BFE447532F9F2F4B,401242DBBC55D432,3FB
$BED23616545D80BA,BFE47FFFFFFDFA4D,4012D97AB85CA93R,3FB
$3FB808F05023A885,BFE44755D83D30C6,40137019B7EF2A58,3FB
$3FC7C6A511AE76D6,BFE39E8DE34FAA5C,401406B8CA0F35A1,3FB
$3FD182B050E835B8,BFE2894CFF7777FA,40149D57FDBDB71B,3FB
$3FD6C13FB3FCD424,BFE10D8F9EC4BAE2,401533F761FA0771,3FB
$3FDB8201DDAB0B7,BFDE671170411931,4015CA9705C14AB1,3FB
$3FDFAAAF19E62EC3,BFDA0AE8FE633EA6,40166136F80DCF4B,3FB
$3FE192240A683231,BFD51EBFB9A93CEA,4016F7D747D66D61,3FB
$3FE2EDCA7DE8E827,BFCF7B977FC125BC,40178E78040DE66A,3FB
$3FE3E0C7E0E60712,BFC40B92571C4BB7,401825193BA2454A,3FB
$3FE465DB9D9D8E8D,BFB0595742E69EBC,4018BBBAFD7C3EE1,3FB
$3FE47A24A35BE5D6,3F9EFBD6FDD67F4E,4019525D587E9328,3FB
$3FE41D315FEE862R,3FBFAC87ED26F972,4019E9005B856EE1,3FB
$3FE35102458A64D4,3FCB758718111661,401A7FA41565CDF9,3FB
$3FE219FECE97702C,3FD33E7F06A650E6,401B164894ECD662,3FB
$3FE07EDE27926B79,3FD857D1A1AC38EA,401BACED9B3CA396,3FB
$3FDD10FB1C6CFD6,3FDCEA8E0EA3DD4C,401C43942012C1E5,3FB
5 159 15
5 160 20
5 161 84
5 162 77
5 163 0
5 164 0
4 153 ->
5 154 88
5 155 74
5 156 0
5 157 [2]
$-1,1
5 158 [2][4]
$3FD1CD8FC12AC31F,3FE9D0E8EC487D2D,3FCFFC402A088C84,3FB
$3FC816E41C63B893,3FF749A1DA6FD6E,3FECF4492B94A507,3FB
5 159 15
5 160 22
5 161 79
5 162 25
5 163 0
5 164 0
4 153 ->
5 154 89
5 155 74
5 156 0
5 157 [2]
$1,-1
5 158 [2][4]
$BFC816E41C63B893,3FF749A1DA6FD6E,2*0
$BFD1CD8FC12AC31F,3FE9D0E8EC487D2D,3FE4F539211281E6,0
5 159 10
5 160 26
5 161 83
5 162 27
5 163 0
5 164 0
4 153 ->
5 154 90
5 155 74
5 156 0
5 157 [2]
$-1,1
5 158 [2][4]
$BFC816E41C63B893,3FF749A1DA6FD6E,0,3FB
$BFD1CD8FC12AC31F,3FE9D0E8EC487D2D,3FE4F539211281E6,3FB
5 159 15
5 160 26
5 161 18
5 162 82
5 163 0
5 164 0
2 94 NULL
2 95 ->
2 96 ->
3 97 [4][3]
$3FF,2*0
$0,3FF,0
$2*0,3FF
$3*0
3 98 [15]
4 98 ->
5 99 1650
5 100 0
5 101 -1
5 102 -1
5 103 1
5 104 -1
5 105 0
5 106 0
5 107 0
5 108 [1]
6 108 ->
7 109 6
7 114 ->
8 115 [1]
9 115 -100
4 98 ->
5 99 9
5 100 0
5 101 -1
5 102 -1
5 103 23
5 104 -1
5 105 0
5 106 0
5 107 0
5 108 [1]
6 108 ->
7 109 6
7 114 ->
8 115 [1]
9 115 -100
4 98 ->
5 99 1657
5 100 0
5 101 -1
5 102 -1
5 103 1
5 104 -1
5 105 0
5 106 0
5 107 0
5 108 [1]
6 108 ->
7 109 6
7 114 ->
8 115 [1]
9 115 -100
4 98 ->
5 99 40
5 100 0
5 101 -1
5 102 -1
5 103 22
5 104 -1
5 105 0
5 106 0
5 107 2048
5 108 [1]
6 108 ->
7 109 6
7 114 ->
8 115 [1]
9 115 -100
4 98 ->
5 99 40
5 100 0
5 101 -1
5 102 -1
5 103 20
5 104 -1
5 105 0
5 106 0
5 107 2048
5 108 [1]
6 108 ->
7 109 6
7 114 ->
8 115 [1]
9 115 -100
4 98 ->
5 99 1651
5 100 0
5 101 -1
5 102 -1
5 103 0
5 104 0
5 105 0
5 106 0
5 107 0
5 108 [1]
6 108 ->
7 109 6
7 114 ->
8 115 [1]
9 115 -100
4 98 ->
5 99 1654
5 100 BFF
5 101 -1
5 102 -1
5 103 0
5 104 -1
5 105 0
5 106 0
5 107 0
5 108 [1]
6 108 ->
7 109 6
7 114 ->
8 115 [1]
9 115 -100
4 98 ->
5 99 1650
5 100 0
5 101 -1
5 102 -1
5 103 1
5 104 -1
5 105 0
5 106 0
5 107 0
5 108 [1]
6 108 ->
7 109 6
7 114 ->
8 115 [1]
9 115 -100
4 98 ->
5 99 9
5 100 0
5 101 -1
5 102 -1
5 103 21
5 104 -1
5 105 0
5 106 0
5 107 0
5 108 [1]
6 108 ->
7 109 6
7 114 ->
8 115 [1]
9 115 -100
4 98 ->
5 99 1657
5 100 0
5 101 -1
5 102 -1
5 103 1
5 104 -1
5 105 0
5 106 0
5 107 0
5 108 [1]
6 108 ->
7 109 6
7 114 ->
8 115 [1]
9 115 -100
4 98 ->
5 99 40
5 100 0
5 101 -1
5 102 -1
5 103 20
5 104 -1
5 105 0
5 106 0
5 107 2048
5 108 [1]
6 108 ->
7 109 6
7 114 ->
8 115 [1]
9 115 -100
4 98 ->
5 99 40
5 100 0
5 101 -1
5 102 -1
5 103 26
5 104 -1
5 105 0
5 106 0
5 107 2048
5 108 [1]
6 108 ->
7 109 6
7 114 ->
8 115 [1]
9 115 -100
4 98 ->
5 99 1651
5 100 0
5 101 -1
5 102 -1
5 103 0
5 104 0
5 105 0
5 106 0
5 107 0
5 108 [1]
6 108 ->
7 109 6
7 114 ->
8 115 [1]
9 115 -100
4 98 ->
5 99 1655
5 100 0
5 101 -1
5 102 -1
5 103 -1
5 104 -1
5 105 0
5 106 0
5 107 0
5 108 [1]
6 108 ->
7 109 6
7 114 ->
8 115 [1]
9 115 -100
4 98 ->
5 99 885
5 100 0
5 101 11
5 102 -1
5 103 -1
5 104 -1
5 105 0
5 106 0
5 107 0
5 108 [1]
6 108 ->
7 109 6
7 114 ->
8 115 [1]
9 115 -100
3 116 -1
3 117 0
2 122 NULL
2 123 -1
2 124 -1
2 125 NULL
2 126 NULL
2 140 [1]
3 140 7
2 127 ->
3 309 [1]
4 309 
5 310 64
5 311 0
3 315 [5]
4 315 
5 316 10
5 317 [3]
$11,49,68
4 315 
5 316 15
5 317 [3]
$16,51,70
4 315 
5 316 20
5 317 [1]
6 317 11
4 315 
5 316 22
5 317 [1]
6 317 12
4 315 
5 316 26
5 317 [1]
6 317 14
3 318 [10]
4 318 
5 319 11
5 320 [2]
$12,21
4 318 
5 319 12
5 320 [2]
$13,23
4 318 
5 319 13
5 320 [2]
$14,25
4 318 
5 319 14
5 320 [2]
$11,27
4 318 
5 319 16
5 320 [2]
$19,23
4 318 
5 319 17
5 320 [2]
$16,25
4 318 
5 319 18
5 320 [2]
$17,27
4 318 
5 319 19
5 320 [2]
$18,21
4 318 
5 319 25
5 320 [2]
$18,12
4 318 
5 319 27
5 320 [2]
$19,13
3 128 10
3 129 0
3 130 [2][3]
$BFE48060AFF9032A,BFA,BFF9EA52392B8B2A
$3FE48060AFF9032A,3FA,3FE48
3 131 40065FBD3ED84D52
3 132 NULL
3 133 -1
2 134 -1
2 135 NULL
2 136 7
2 137 ->
3 138 15
1 139 NULL
@assem_mass_prop_ptr 321 0
1 321 NULL
@mass_prop_ptr 322 0
1 322 ->
@type 323 1
2 323 0
@density 324 2
2 324 3FC9R
@init_dens 325 5
2 325 1
@rel_density 326 2
2 326 0
@init_rel_dens 327 5
2 327 0
@aver_density 328 2
2 328 3FC9R
@vrevnum 329 1
2 329 136
@volume 330 2
2 330 3FAB4E52D73AF058
@cg 331 2
2 331 [3]
$3E55A444842ABA4,0,BFE17FA103785141
@inertia 332 2
2 332 [3][3]
$3F506DFA24C5E95B,0,BDEA69606838112A
$0,3ECD2058BD8B3626,0
$BDEA69606838112A,0,3F7DDBCA42152808
@eps 333 2
2 333 3EE4F8B588E368F1
@surfarea 334 2
2 334 400268CFC7CA51
@assign_mp_ptr 335 0
1 335 NULL
@tol_default_ptr 336 0
1 336 ->
@type 337 1
2 337 10
@value 338 2
2 338 [7]
$0,3FB9R,3F847AE147AE147B,3F50624DD2F1A9FC,3F1A36E2EB1C432D,
$3EE4F8B588E368F1,3EB0C6F7A0B5ED8E
@ang_value 339 2
2 339 [7]
$0,6*3FE
@standard 340 1
2 340 0
@iso_tol_tbls_ptr 341 0
2 341 NULL
@first_xsec_ptr 342 0
1 342 NULL
@datum_count 343 1
1 343 0
@axis_count 344 1
1 344 4
@insert_layer_id 345 1
1 345 -1
@layer_count 346 1
1 346 1
@layer_list 347 0
1 347 [10]
2 347 
@feat_id 348 1
3 348 1
@layer_id 349 1
3 349 0
@back_layer_id 350 1
3 350 0
2 347 
3 348 3
3 349 0
3 350 0
2 347 
3 348 5
3 349 0
3 350 0
2 347 
3 348 8
3 349 0
3 350 0
2 347 
3 348 7
3 349 0
3 350 0
2 347 
3 348 28
3 349 0
3 350 0
2 347 
3 348 32
3 349 0
3 350 0
2 347 
3 348 36
3 349 0
3 350 0
2 347 
3 348 55
3 349 0
3 350 0
2 347 
3 348 74
3 349 0
3 350 0
@lang_ptr 351 0
1 351 ->
@interact_on 352 1
2 352 -1
@first_csys_ptr 353 0
1 353 NULL
@color_prop_ptr 354 0
1 354 ->
@color_tab 355 0
2 355 [1]
3 355 
@maximum 356 2
4 356 [3]
$3FBE4402C7CE6561,3FE660B49EEED828,3FC3FFAA954FFEAB
@ambient 357 2
4 357 3FECR
@diffuse 358 2
4 358 3FECR
@specular 359 2
4 359 3FE9R
@spec_coef 360 2
4 360 3FE
@transmission 361 2
4 361 0
@threshold 362 1
4 362 90
@gl_ind 363 1
4 363 0
@surf_ind_tab 364 0
2 364 [1]
3 364 
@surf_id 365 1
4 365 -1
@surf_color_inds 366 1
4 366 [2]
$0,-1
@fem_data 367 0
1 367 NULL
@rel_part_eps 368 2
1 368 3F53A92A30553261
@names_table 369 0
1 369 [3]
2 369 ->
@id 370 1
3 370 2
@type 371 1
3 371 5
@name 372 10
3 372 DTM1
2 369 ->
3 370 4
3 371 5
3 372 DTM2
2 369 ->
3 370 6
3 371 5
3 372 DTM3
@drv_tbl_ptr 373 0
1 373 NULL
@assembled_count 374 1
1 374 2
@part_type 375 1
1 375 1
@mat_name_ptr 376 10
1 376 NULL
@first_ent_id 377 1
1 377 525565
@first_view_id 378 1
1 378 0
@outline 379 2
1 379 [2][3]
$BFE481B3702961C6,BFA,BFF9EA52392B8B2A
$3FE481B34DEE316R,3FA,3FE4800000008B6
@dim_num 380 1
1 380 12
@dim_array 381 0
1 381 [12]
2 381 ->
@type 382 1
3 382 8
@dim_type 383 1
3 383 4
@feat_id 384 1
3 384 7
@attributes 385 1
3 385 289
@dim_dat_ptr 386 0
3 386 ->
@value 387 2
4 387 3FF48
@bck_value 388 2
4 388 3FF48
@tol_ptr 389 0
4 389 ->
@type 390 1
5 390 9
@tol_type 391 1
5 391 3
@dual_digits_diff 392 1
5 392 999
@value 393 2
5 393 [2]
$2*3F847AE147AE147B
@nominal_value 394 2
4 394 3FF48
@bound 395 1
4 395 20
@bck_bound 396 1
4 396 -1
@bck_tol_ptr 397 0
4 397 ->
@value 398 2
5 398 [2]
$2*3F847AE147AE147B
@datum_def_id 399 1
4 399 -1
@places_denom 400 1
4 400 2
@bck_places_denom 401 1
4 401 2
@dim_data_attrib 402 1
4 402 0
@dim_cosm_ptr 403 0
3 403 ->
@d0 404 2
4 404 3FE48
@d1 405 2
4 405 4052CD734605A0F2
@d2 406 2
4 406 BFB355536A0D518R
@d3 407 2
4 407 403B1EDB6DB6DB6D
@ord_info 408 0
4 408 NULL
@attach_ptr 409 0
3 409 NULL
@dim_text_ptr 410 0
3 410 ->
@symbol 411 10
4 411 d0
@line_array 412 0
4 412 [1]
5 412 
@text_array 413 0
6 413 [2]
7 413 
@text_type 414 1
8 414 54
@text_value 415 10
8 415 n
@txt_attrib 416 1
8 416 1024
@owner_id 417 1
8 417 0
@part_id 418 1
8 418 5
@height 419 2
8 419 BFF
@width_factor 420 2
8 420 BFF
@format_info 421 0
8 421 
@thickness 422 2
8 422 BFF
7 413 
8 414 61
8 415 
8 416 1025
8 417 0
8 418 5
8 419 BFF
8 420 BFF
8 421 
8 422 BFF
@parent_dim_id 423 1
3 423 -1
2 381 ->
3 382 8
3 383 42
3 384 7
3 385 32
3 386 ->
4 387 0
4 388 0
4 389 ->
5 390 9
5 391 3
5 392 999
5 393 [2]
$2*3F847AE147AE147B
4 394 0
4 395 20
4 396 -1
4 397 ->
5 398 [2]
$2*3F847AE147AE147B
4 399 -1
4 400 2
4 401 2
4 402 0
3 403 ->
4 404 0
4 405 0
4 406 0
4 407 0
4 408 NULL
3 409 NULL
3 410 ->
4 411 d1
3 423 -1
2 381 ->
3 382 8
3 383 42
3 384 7
3 385 32
3 386 ->
4 387 0
4 388 0
4 389 ->
5 390 9
5 391 3
5 392 999
5 393 [2]
$2*3F847AE147AE147B
4 394 0
4 395 20
4 396 -1
4 397 ->
5 398 [2]
$2*3F847AE147AE147B
4 399 -1
4 400 2
4 401 2
4 402 0
3 403 ->
4 404 0
4 405 0
4 406 0
4 407 0
4 408 NULL
3 409 NULL
3 410 ->
4 411 d2
3 423 -1
2 381 ->
3 382 8
3 383 14
3 384 7
3 385 289
3 386 ->
4 387 4002147AE147AE14
4 388 4002147AE147AE14
4 389 ->
5 390 9
5 391 3
5 392 999
5 393 [2]
$2*3F847AE147AE147B
4 394 4002147AE147AE14
4 395 20
4 396 -1
4 397 ->
5 398 [2]
$2*3F847AE147AE147B
4 399 -1
4 400 3
4 401 3
4 402 0
3 403 ->
4 404 406741530A14BB96
4 405 3FDE3DE2FB31176D
4 406 3FE0E10E82677448
4 407 0
4 408 NULL
3 409 NULL
3 410 ->
4 411 d3
3 423 -1
2 381 ->
3 382 8
3 383 42
3 384 7
3 385 32
3 386 ->
4 387 0
4 388 0
4 389 ->
5 390 9
5 391 3
5 392 999
5 393 [2]
$2*3F847AE147AE147B
4 394 0
4 395 20
4 396 -1
4 397 ->
5 398 [2]
$2*3F847AE147AE147B
4 399 -1
4 400 2
4 401 2
4 402 0
3 403 ->
4 404 0
4 405 0
4 406 0
4 407 0
4 408 NULL
3 409 NULL
3 410 ->
4 411 d4
3 423 -1
2 381 ->
3 382 8
3 383 42
3 384 7
3 385 32
3 386 ->
4 387 0
4 388 0
4 389 ->
5 390 9
5 391 3
5 392 999
5 393 [2]
$2*3F847AE147AE147B
4 394 0
4 395 20
4 396 -1
4 397 ->
5 398 [2]
$2*3F847AE147AE147B
4 399 -1
4 400 2
4 401 2
4 402 0
3 403 ->
4 404 0
4 405 0
4 406 0
4 407 0
4 408 NULL
3 409 NULL
3 410 ->
4 411 d5
3 423 -1
2 381 ->
3 382 8
3 383 4
3 384 7
3 385 289
3 386 ->
4 387 3FD851EB851EB852
4 388 3FD851EB851EB852
4 389 ->
5 390 9
5 391 3
5 392 999
5 393 [2]
$2*3F847AE147AE147B
4 394 3FD851EB851EB852
4 395 20
4 396 -1
4 397 ->
5 398 [2]
$2*3F847AE147AE147B
4 399 -1
4 400 2
4 401 2
4 402 0
3 403 ->
4 404 3FC851EB851EB852
4 405 405444028B752F87
4 406 401629B064976E32
4 407 403B1EDB6DB6DB6F
4 408 NULL
3 409 NULL
3 410 ->
4 411 d6
4 412 [1]
5 412 
6 413 [2]
7 413 
8 414 54
8 415 n
8 416 1024
8 417 6
8 418 5
8 419 BFF
8 420 BFF
8 421 
8 422 BFF
7 413 
8 414 61
8 415 
8 416 1025
8 417 6
8 418 5
8 419 BFF
8 420 BFF
8 421 
8 422 BFF
3 423 -1
2 381 ->
3 382 8
3 383 8
3 384 7
3 385 289
3 386 ->
4 387 3FE4
4 388 3FE4
4 389 ->
5 390 9
5 391 3
5 392 999
5 393 [2]
$2*3F847AE147AE147B
4 394 3FE4
4 395 20
4 396 -1
4 397 ->
5 398 [2]
$2*3F847AE147AE147B
4 399 -1
4 400 2
4 401 2
4 402 0
3 403 ->
4 404 3FD8A8B056D45751
4 405 3FD993569DDF841C
4 406 3FE6D174A5716054
4 407 403B1EDB6DB6DB6F
4 408 NULL
3 409 NULL
3 410 ->
4 411 d7
3 423 -1
2 381 ->
3 382 8
3 383 62
3 384 7
3 385 385
3 386 ->
4 387 3FB
4 388 3FB
4 389 ->
5 390 9
5 391 3
5 392 999
5 393 [2]
$2*3F847AE147AE147B
4 394 3FB
4 395 20
4 396 -1
4 397 ->
5 398 [2]
$2*3F847AE147AE147B
4 399 -1
4 400 4
4 401 4
4 402 0
3 403 ->
4 404 0
4 405 0
4 406 0
4 407 0
4 408 NULL
3 409 NULL
3 410 ->
4 411 d8
3 423 -1
2 381 ->
3 382 8
3 383 4
3 384 36
3 385 257
3 386 ->
4 387 3FF10A3D70A3D70A
4 388 3FF10A3D70A3D70A
4 389 ->
5 390 9
5 391 3
5 392 999
5 393 [2]
$2*3EE4F8B588E368F1
4 394 3FF10A3D70A3D70A
4 395 20
4 396 -1
4 397 ->
5 398 [2]
$2*3F847AE147AE147B
4 399 -1
4 400 5
4 401 5
4 402 0
3 403 ->
4 404 0
4 405 0
4 406 0
4 407 0
4 408 NULL
3 409 NULL
3 410 ->
4 411 d9
4 412 [1]
5 412 
6 413 [2]
7 413 
8 414 54
8 415 n
8 416 1024
8 417 9
8 418 5
8 419 BFF
8 420 BFF
8 421 
8 422 BFF
7 413 
8 414 61
8 415 
8 416 1025
8 417 9
8 418 5
8 419 BFF
8 420 BFF
8 421 
8 422 BFF
3 423 -1
2 381 ->
3 382 8
3 383 4
3 384 55
3 385 257
3 386 ->
4 387 3FC4
4 388 3FC4
4 389 ->
5 390 9
5 391 3
5 392 999
5 393 [2]
$2*3EE4F8B588E368F1
4 394 3FC4
4 395 20
4 396 -1
4 397 ->
5 398 [2]
$2*3F847AE147AE147B
4 399 -1
4 400 5
4 401 5
4 402 0
3 403 ->
4 404 0
4 405 0
4 406 0
4 407 0
4 408 NULL
3 409 NULL
3 410 ->
4 411 d10
4 412 [1]
5 412 
6 413 [2]
7 413 
8 414 54
8 415 n
8 416 1024
8 417 10
8 418 5
8 419 BFF
8 420 BFF
8 421 
8 422 BFF
7 413 
8 414 61
8 415 
8 416 1025
8 417 10
8 418 5
8 419 BFF
8 420 BFF
8 421 
8 422 BFF
3 423 -1
2 381 ->
3 382 8
3 383 3
3 384 74
3 385 257
3 386 ->
4 387 3FE4
4 388 3FE4
4 389 ->
5 390 9
5 391 3
5 392 999
5 393 [2]
$2*3F847AE147AE147B
4 394 3FE4
4 395 20
4 396 -1
4 397 ->
5 398 [2]
$2*3F847AE147AE147B
4 399 -1
4 400 2
4 401 2
4 402 0
3 403 ->
4 404 0
4 405 0
4 406 0
4 407 0
4 408 NULL
3 409 NULL
3 410 ->
4 411 d11
4 412 [1]
5 412 
6 413 [2]
7 413 
8 414 54
8 415 R
8 416 1
8 417 11
8 418 5
8 419 BFF
8 420 BFF
8 421 
8 422 BFF
7 413 
8 414 61
8 415 
8 416 1
8 417 11
8 418 5
8 419 BFF
8 420 BFF
8 421 
8 422 BFF
3 423 -1
@ipar_num 424 1
1 424 0
@relpar_sets 425 0
1 425 [1]
2 425 
@id 426 1
3 426 -1
@type 427 1
3 427 2
@ext_ref_id 428 1
3 428 -1
@param 429 0
3 429 [5]
4 429 
@sym 430 10
5 430 
@value 431 0
5 431 
@type 432 1
6 432 50
@value(d_val) 433 2
6 433 0
@bak_value 434 0
5 434 
6 432 50
6 433 0
4 429 
5 430 COST
5 431 
6 432 50
6 433 3FB9R
5 434 
6 432 50
6 433 3FB9R
4 429 
5 430 
5 431 
6 432 51
@value(s_val) 435 10
6 435 
5 434 
6 432 51
6 435 
4 429 
5 430 VENDOR
5 431 
6 432 51
6 435 inhouse
5 434 
6 432 51
6 435 inhouse
4 429 
5 430 
5 431 
6 432 50
6 433 3F85D84245C8C046
5 434 
6 432 50
6 433 3F85D84245C8C047
@relatnum 436 1
3 436 1
@relation 437 10
3 437 [1]
4 437 
@unit_arr 438 0
1 438 [2]
2 438 
@type 439 1
3 439 1
@factor 440 2
3 440 3FF
@name 441 10
3 441 INCH
@unit_type 442 1
3 442 0
2 438 
3 439 2
3 440 3FF
3 441 POUND
3 442 1
@geom_lib_ptr 443 0
1 443 NULL
@first_quilt_ptr 444 1
1 444 0
@attrib_array 445 1
1 445 [2]
$2*0
@smt_info_ptr 446 0
1 446 NULL
@cable_info_ptr 447 0
1 447 NULL
@comp_info_ptr 448 0
1 448 NULL
@max_part_size 449 2
1 449 40065FBD3ED84D52
@prt_misc_ptr 450 0
1 450 ->
@shrink_data_ptr 451 0
2 451 NULL
@layer_array 452 0
1 452 [2]
2 452 ->
@id 453 1
3 453 91
@type 454 1
3 454 117
@user_id 455 1
3 455 0
@weird_wline_ptr 456 0
3 456 ->
@weird_wline 457 10
4 457 DATPLN
@layer_objects 458 0
3 458 [1]
4 458 
@type 459 1
5 459 3
@ids 460 1
5 460 [3]
$1,3,5
@saved_operation 461 1
3 461 3
2 452 ->
3 453 92
3 454 117
3 455 0
3 456 ->
4 457 AXIS
3 458 [1]
4 458 
5 459 3
5 460 [2]
$28,32
3 461 3
@expld_mv_info 462 0
1 462 NULL
@state_info_ptr 463 0
1 463 NULL
@alumni_feats 464 0
1 464 NULL
@model_name 465 10
1 465 WIND_ARM
@p_mdl_grid 466 0
1 466 NULL
@mdl_status_ptr 467 0
1 467 NULL
@cfg_states 468 0
1 468 NULL
@disp_outl_info 469 0
1 469 
@disp_outline 470 2
2 470 [2][3]
$BFE4EC29B08E619,BFA6A764064FFCA2,BFFA1F8D595E0B0F
$3FE4EC298E53313,3FA6A764064FFCA2,3FE4EA7640658B2A
@ribbon_info_ptr 471 0
1 471 NULL
@p_xref_data 472 0
1 472 ->
@View 473 0
0 473 ->
@id 474 1
1 474 0
@viewattr 475 0
1 475 
@attr_arr 476 1
2 476 [4]
$1,3*0
@mpoint 477 0
1 477 
@id 478 1
2 478 0
@coord 479 2
2 479 [3]
$BE611D983,0,BFDF54A472568AF4
@first_instr_ptr 480 0
2 480 NULL
@attach_ptr 481 0
2 481 NULL
@vpoint 482 0
1 482 
2 478 0
2 479 [3]
$407F4,407A5E,0
2 480 NULL
2 481 NULL
@orient 483 2
1 483 [4][4]
$3FED7954E7DBA2F8,0,3FD8EC3AE92B676B,0
$BFD385CE5246572,3FE3E43A9692E21C,3FE7167619F550A2,0
$BFCEFC077F3F36A6,BFE91103985DA841,3FE25240DD3851BF,0
$3*0,3FF
@local_sys 484 2
1 484 [4][4]
$40750CCFF0D4C881,0,4061CCB4E1AA6B6D,0
$C05BE2C820ACDEA6,406C69A762D07AD5,40707D33A00C23E6,0
$C05620FD0B1C5557,C071E6FA32B67A3R,406A2B7A95AFAB1A,0
$407C8AB05CDDEBAR,40719A71A7304872,40599F57722B71BE,3FF
@first_instr_ptr 485 0
1 485 ->
@type 486 1
2 486 100
@geom_id 487 1
2 487 -1
@view_id 488 1
2 488 -1
@memb_num 489 1
2 489 0
@offset 490 2
2 490 0
@matrix 491 0
2 491 NULL
@next_instr_ptr 492 0
1 492 NULL
@outer_xsec_index 493 1
1 493 -1
@next_view_id 494 1
1 494 -2
@simp_rep_id 495 1
1 495 0
@name 496 10
1 496 no name
@matrix 497 2
1 497 [4][4]
$3FF,3*0
$0,3FF,2*0
$2*0,3FF,0
$3*0,3FF
@fit_outline 498 2
1 498 [2][3]
$4059,405518,C07581B7B5220528
$408C2,4087BB,407581B7B5220527
@det_info_ptr 499 0
1 499 NULL
@named_view_pzmatr 500 0
1 500 NULL
@page_id 501 1
1 501 0
@model_name 502 10
1 502 NULL
@unrep_model_name 503 10
1 503 NULL
@assem_merge_parts 504 0
0 504 ->
#END_OF_UGC
