------------------------------------------------------------
Pro/MECHANICA STRUCTURE Version 16.0(58)
Summary for Design Study "handle_radius_gs"
Thu Apr  4, 1996   12:17:39
------------------------------------------------------------

Run Settings
   Memory allocation for block solver: 20.0      
   Perform mesh smoothing after each parameter update.
   Remesh after each parameter update.

Pro/MECHANICA STRUCTURE Model Summary

   Model Type: Three Dimensional

   Points:        114
   Edges:         496
   Faces:         652

   Springs:         0
   Masses:          0
   Beams:           0
   Shells:          0
   Solids:        271

   Elements:      271

------------------------------------------------------------

Global Sensitivity Design Study

Parameter            Start      End
   end_radius         0.0%   100.0%

Sensitivity Step 1 of 6

Parameters:
   end_radius        0.0000%

Static Analysis "handle_std":

   Convergence Method: Single-Pass Adaptive

   Convergence Loop Log:                         (12:18:27)

   >> Pass  1 <<
         Calculating Element Equations           (12:18:28)
            Total Number of Equations:    5094
            Maximum Edge Order:              3
         Solving Equations                       (12:18:35)
         Calculating Disp and Stress Results     (12:18:43)
            Plotting Grid:                   4
         Resource Check                          (12:19:07)
            Elapsed Time     (sec):      90.71
            CPU Time         (sec):      63.71
            Memory Usage      (kb):      28232
            Wrk Dir Dsk Usage (kb):       4349

   >> Pass  2 <<
         Calculating Element Equations           (12:19:09)
            Total Number of Equations:    9360
            Maximum Edge Order:              6
         Solving Equations                       (12:19:39)
         Calculating Disp and Stress Results     (12:21:30)
            Plotting Grid:                   4
         Resource Check                          (12:22:14)
            Elapsed Time     (sec):     277.26
            CPU Time         (sec):     238.73
            Memory Usage      (kb):      33136
            Wrk Dir Dsk Usage (kb):      62217

	 RMS Stress Error Estimates:

         Load Set          Stress Error  % of Max Prin Str
         ----------------  ------------  -----------------
         load1             3.95e+03       5.3% of 7.51e+04

Analysis "handle_std" Completed  (12:22:14)

Sensitivity Step 2 of 6

Parameters:
   end_radius       20.0000%

Static Analysis "handle_std":

   Convergence Method: Single-Pass Adaptive

         Calculating Element Equations           (12:23:05)
            Total Number of Equations:    9360
            Maximum Edge Order:              6
         Solving Equations                       (12:23:29)
         Resource Check                          (12:25:17)
            Elapsed Time     (sec):     460.27
            CPU Time         (sec):     388.72
            Memory Usage      (kb):      33136
            Wrk Dir Dsk Usage (kb):      62217
         Calculating Disp and Stress Results     (12:25:17)
            Plotting Grid:                   4

Analysis "handle_std" Completed  (12:25:41)

Sensitivity Step 3 of 6

Parameters:
   end_radius       40.0000%

Static Analysis "handle_std":

   Convergence Method: Single-Pass Adaptive

         Calculating Element Equations           (12:26:32)
            Total Number of Equations:    9360
            Maximum Edge Order:              6
         Solving Equations                       (12:26:57)
         Resource Check                          (12:28:46)
            Elapsed Time     (sec):     669.33
            CPU Time         (sec):     561.98
            Memory Usage      (kb):      39152
            Wrk Dir Dsk Usage (kb):      62217
         Calculating Disp and Stress Results     (12:28:46)
            Plotting Grid:                   4

Analysis "handle_std" Completed  (12:29:10)

Sensitivity Step 4 of 6

Parameters:
   end_radius       60.0000%

Static Analysis "handle_std":

   Convergence Method: Single-Pass Adaptive

         Calculating Element Equations           (12:30:03)
            Total Number of Equations:    9360
            Maximum Edge Order:              6
         Solving Equations                       (12:30:29)
         Resource Check                          (12:32:20)
            Elapsed Time     (sec):     883.32
            CPU Time         (sec):     736.35
            Memory Usage      (kb):      44632
            Wrk Dir Dsk Usage (kb):      62217
         Calculating Disp and Stress Results     (12:32:20)
            Plotting Grid:                   4

Analysis "handle_std" Completed  (12:32:45)

Sensitivity Step 5 of 6

Parameters:
   end_radius       80.0000%

Static Analysis "handle_std":

   Convergence Method: Single-Pass Adaptive

         Calculating Element Equations           (12:33:48)
            Total Number of Equations:    9360
            Maximum Edge Order:              6
         Solving Equations                       (12:34:14)
         Resource Check                          (12:36:09)
            Elapsed Time     (sec):    1113.19
            CPU Time         (sec):     913.34
            Memory Usage      (kb):      48856
            Wrk Dir Dsk Usage (kb):      62217
         Calculating Disp and Stress Results     (12:36:09)
            Plotting Grid:                   4

Analysis "handle_std" Completed  (12:36:34)

Sensitivity Step 6 of 6

Parameters:
   end_radius       100.0000%

Static Analysis "handle_std":

   Convergence Method: Single-Pass Adaptive

         Calculating Element Equations           (12:37:31)
            Total Number of Equations:    9360
            Maximum Edge Order:              6
         Solving Equations                       (12:37:57)
         Resource Check                          (12:39:54)
            Elapsed Time     (sec):    1337.94
            CPU Time         (sec):    1090.90
            Memory Usage      (kb):      51488
            Wrk Dir Dsk Usage (kb):      62217
         Calculating Disp and Stress Results     (12:39:54)
            Plotting Grid:                   4

Analysis "handle_std" Completed  (12:40:19)

Completed Global Sensitivity Study

Use Results to plot measures.

------------------------------------------------------------

Memory and Disk Usage:

   Machine Type: SGI
   RAM Allocation for Solver (megabytes): 20.0

   Total Elapsed Time (seconds): 1363.85   
   Total CPU Time     (seconds): 1115.49   
   Maximum Memory Usage (kilobytes): 56584     
   Working Directory Disk Usage (kilobytes): 62217     
   Total Elapsed Time in Parameter Updates (seconds):
      238.29    
   Total Engine Elapsed Time Minus Param. Updates (seconds):
      1125.55   
   Total CPU Time in Parameter Updates (seconds):
      82.13     
   Total Engine CPU Time Minus Param. Updates (seconds):
      1033.36   

   Results Directory Size (kilobytes):
   3518	./handle_radius_gs

   Maximum Data Base Working File Sizes (kilobytes):
   9860 ./handle_radius_gs.tmp/gapel1.bas
   37012 ./handle_radius_gs.tmp/kblk1.bas
   10500 ./handle_radius_gs.tmp/kel1.bas
   4832 ./handle_radius_gs.tmp/kpak1.bas

------------------------------------------------------------
Run Completed
Thu Apr  4, 1996   12:40:21
------------------------------------------------------------
