This is TeX, Version 3.14159 (C version 6.1) (format=latex 96.3.27)  26 AUG 1996 13:05
**\documentclass {article}

*\begin {document}
(/proj/ltx/teTeX033/texmf/tex/latex/base/article.cls
Document Class: article 1995/12/20 v1.3q Standard LaTeX document class
(/proj/ltx/teTeX033/texmf/tex/latex/base/size10.clo
File: size10.clo 1995/12/20 v1.3q Standard LaTeX file (size option)
)
\c@part=\count79
\c@section=\count80
\c@subsection=\count81
\c@subsubsection=\count82
\c@paragraph=\count83
\c@subparagraph=\count84
\c@figure=\count85
\c@table=\count86
\abovecaptionskip=\skip41
\belowcaptionskip=\skip42
\bibindent=\dimen102
)
No file texput.aux.
LaTeX Font Info:    Checking defaults for OML/cmm/m/it on input line 0.
LaTeX Font Info:    ... okay on input line 0.
LaTeX Font Info:    Checking defaults for T1/cmr/m/n on input line 0.
LaTeX Font Info:    ... okay on input line 0.
LaTeX Font Info:    Checking defaults for OT1/cmr/m/n on input line 0.
LaTeX Font Info:    ... okay on input line 0.
LaTeX Font Info:    Checking defaults for OMS/cmsy/m/n on input line 0.
LaTeX Font Info:    ... okay on input line 0.
LaTeX Font Info:    Checking defaults for OMX/cmex/m/n on input line 0.
LaTeX Font Info:    ... okay on input line 0.
LaTeX Font Info:    Checking defaults for U/cmr/m/n on input line 0.
LaTeX Font Info:    ... okay on input line 0.

*hello

*\end {document}
[1

] (texput.aux) 
Here is how much of TeX's memory you used:
 201 strings out of 10912
 1912 string characters out of 72266
 44392 words of memory out of 262141
 3155 multiletter control sequences out of 9500
 3640 words of font info for 14 fonts, out of 150000 for 255
 14 hyphenation exceptions out of 607
 22i,4n,18p,120b,114s stack positions out of 300i,40n,60p,3000b,4000s

Output written on texput.dvi (1 page, 220 bytes).
