#UGC:2 PART 981 420 0 1 1 15 1900 9725 000007c9 \
#- VERS 0 0                                                          \
#- HOST                                                              \
#- LINK                                                              \
#- DBID                                                              \
#- REVS 0,                                                           \
#- RELL 0,                                                           \
#- UOBJ_ID 867252724 215986246 -2139524619                           \
#- MACH                                                              \
#-END_OF_UGC_HEADER
#P_OBJECT 6
@P_object 1 0
0 1 ->
@depend 2 0
1 2 [1]
2 2 
@model_name 3 10
3 3 MFG_FLIP
@model_type 4 1
3 4 1
@revnum 5 1
3 5 16
@bom_count 6 1
3 6 1
@dep_type 7 1
3 7 8
@stamp 8 0
3 8 
@major_vers 9 0
4 9 
@vers 10 1
5 10 0
@alias_name 11 10
5 11 
@minor_vers 12 0
4 12 
@vers 13 1
5 13 0
@reason 14 10
3 14 
@dep_db 15 0
1 15 ->
@dep_db 16 0
2 16 [4]
3 16 ->
@to_model_id 17 1
4 17 0
@dep_type 18 1
4 18 4
@obj_id 19 1
4 19 0
@obj_type 20 1
4 20 242
3 16 ->
4 17 0
4 18 4
4 19 1
4 20 242
3 16 ->
4 17 0
4 18 4
4 19 2
4 20 242
3 16 ->
4 17 0
4 18 4
4 19 3
4 20 242
@model_db 21 0
2 21 [1]
3 21 ->
@model_t_type 22 1
4 22 1
@model_name 23 10
4 23 MFG_FLIP
@generic_name 24 10
4 24 
@stamp 25 0
4 25 
@usr_rev 26 0
1 26 [1]
2 26 
@name 27 10
3 27 USER
@mod_time 28 0
3 28 
@tm_sec 29 1
4 29 4
@tm_min 30 1
4 30 32
@tm_hour 31 1
4 31 15
@tm_mday 32 1
4 32 25
@tm_mon 33 1
4 33 5
@tm_year 34 1
4 34 97
@action 35 1
3 35 1000
@comment 36 10
3 36 Hostname: 'softail'
@rel_level 37 10
3 37 
@rev_string 38 10
3 38 
@revnum_std 39 1
1 39 105
@flag 40 1
1 40 0
@name 41 10
1 41 NULL
@inst_hidden 42 1
1 42 0
@old_name 43 10
1 43 NULL
@appl_data 44 0
1 44 ->
@bounding_box 45 2
2 45 [2][3]
$0,BFC9R,0
$402C,0,403
@ver_key 46 0
1 46 ->
@time 47 1
2 47 867252716
@random_num 48 1
2 48 216022232
@hostid 49 1
2 49 -2139524619
@last_read 50 1
1 50 -1
#END_OF_P_OBJECT
#Pro/ENGINEER  TM  Version H-03-14  (c) 1988-97 by Parametric Technology Corporation  All Rights Reserved. 9725
@Toc 51 0
0 51 ->
@entry 52 10
1 52 [128]
2 52 BasicData 2b9a 495 0 981########################################################
2 52 BasicText 302f 272 0 981########################################################
2 52 GeomDepen 32a1 72 0 981#########################################################
2 52 DispCntrl 3313 42 0 981#########################################################
2 52 DisplData 3355 38 0 981#########################################################
2 52 LargeText 338d 17a 0 981########################################################
2 52 FamilyInf 3507 40 0 981#########################################################
2 52 VisibGeom 3547 f34 0 981########################################################
2 52 NovisGeom 447b 135d 0 981#######################################################
2 52 ActEntity 57d8 288 0 981########################################################
2 52 AllFeatur 5a60 e235 0 981#######################################################
2 52 FullMData 13c95 197b 0 981######################################################
2 52 ModelView#0 15610 3d4 0 981#####################################################
2 52 DispDataColor 159e4 2d 0 981####################################################
2 52 DispDataTable 15a11 508 0 981###################################################
2 52 AssMrgPrt 15f19 29 0 981########################################################
2 52 ################################################################################
2 52 ################################################################################
2 52 ################################################################################
2 52 ################################################################################
2 52 ################################################################################
2 52 ################################################################################
2 52 ################################################################################
2 52 ################################################################################
2 52 ################################################################################
2 52 ################################################################################
2 52 ################################################################################
2 52 ################################################################################
2 52 ################################################################################
2 52 ################################################################################
2 52 ################################################################################
2 52 ################################################################################
2 52 ################################################################################
2 52 ################################################################################
2 52 ################################################################################
2 52 ################################################################################
2 52 ################################################################################
2 52 ################################################################################
2 52 ################################################################################
2 52 ################################################################################
2 52 ################################################################################
2 52 ################################################################################
2 52 ################################################################################
2 52 ################################################################################
2 52 ################################################################################
2 52 ################################################################################
2 52 ################################################################################
2 52 ################################################################################
2 52 ################################################################################
2 52 ################################################################################
2 52 ################################################################################
2 52 ################################################################################
2 52 ################################################################################
2 52 ################################################################################
2 52 ################################################################################
2 52 ################################################################################
2 52 ################################################################################
2 52 ################################################################################
2 52 ################################################################################
2 52 ################################################################################
2 52 ################################################################################
2 52 ################################################################################
2 52 ################################################################################
2 52 ################################################################################
2 52 ################################################################################
2 52 ################################################################################
2 52 ################################################################################
2 52 ################################################################################
2 52 ################################################################################
2 52 ################################################################################
2 52 ################################################################################
2 52 ################################################################################
2 52 ################################################################################
2 52 ################################################################################
2 52 ################################################################################
2 52 ################################################################################
2 52 ################################################################################
2 52 ################################################################################
2 52 ################################################################################
2 52 ################################################################################
2 52 ################################################################################
2 52 ################################################################################
2 52 ################################################################################
2 52 ################################################################################
2 52 ################################################################################
2 52 ################################################################################
2 52 ################################################################################
2 52 ################################################################################
2 52 ################################################################################
2 52 ################################################################################
2 52 ################################################################################
2 52 ################################################################################
2 52 ################################################################################
2 52 ################################################################################
2 52 ################################################################################
2 52 ################################################################################
2 52 ################################################################################
2 52 ################################################################################
2 52 ################################################################################
2 52 ################################################################################
2 52 ################################################################################
2 52 ################################################################################
2 52 ################################################################################
2 52 ################################################################################
2 52 ################################################################################
2 52 ################################################################################
2 52 ################################################################################
2 52 ################################################################################
2 52 ################################################################################
2 52 ################################################################################
2 52 ################################################################################
2 52 ################################################################################
2 52 ################################################################################
2 52 ################################################################################
2 52 ################################################################################
2 52 ################################################################################
2 52 ################################################################################
2 52 ################################################################################
2 52 ################################################################################
2 52 ################################################################################
2 52 ################################################################################
2 52 ################################################################################
2 52 ################################################################################
2 52 ################################################################################
2 52 ################################################################################
2 52 ################################################################################
2 52 ################################################################################
2 52 ################################################################################
#BasicData
@Sld_BasicData 1 0
0 1 ->
@tab_key 2 1
1 2 0
@tab_key_struct 3 0
1 3 ->
@type 4 4
2 4 H
@tab_key_ptr 5 0
2 5 [59]
@cmprs_tabkey 6 0
2 6 NULL
@type 7 1
1 7 2
@revnum_ptr 8 0
1 8 ->
@geom_revnum 9 1
2 9 103
@cosm_revnum 10 1
2 10 4
@tol_default_ptr 11 0
1 11 ->
@type 12 1
2 12 10
@value 13 2
2 13 [7]
$0,3FB9R,3F847AE147AE147B,3F50624DD2F1A9FC,3F1A36E2EB1C432D,
$3EE4F8B588E368F1,3EB0C6F7A0B5ED8E
@ang_value 14 2
2 14 [7]
$0,6*3FE
@standard 15 1
2 15 0
@iso_tol_tbls_ptr 16 0
2 16 NULL
@datum_count 17 1
1 17 0
@axis_count 18 1
1 18 0
@insert_layer_id 19 1
1 19 -1
@layer_count 20 1
1 20 1
@rel_part_eps 21 2
1 21 3F53A92A30553261
@model_eps 22 2
1 22 0
@fixed_model_eps 23 1
1 23 0
@assembled_count 24 1
1 24 0
@part_type 25 1
1 25 1
@first_ent_id 26 1
1 26 527099
@first_view_id 27 1
1 27 0
@outline 28 2
1 28 [2][3]
$0,BFC9R,0
$402C,0,403
@dim_num 29 1
1 29 14
@geom_lib_ptr 30 0
1 30 NULL
@attrib_array 31 1
1 31 [4]
$2,2*0,32
@max_part_size 32 2
1 32 403542E01F26CB04
@model_name 33 10
1 33 MFG_FLIP
@disp_outl_info 34 0
1 34 
@disp_outline 35 2
2 35 [2][3]
$0,BFC9R,0
$402C,0,403
@sel_outl_info 36 0
1 36 ->
@outline 37 2
2 37 [2][3]
$0,BFC9R,0
$402C,0,403
#BasicText
@Sld_BasicText 1 0
0 1 ->
@assem_mass_prop_ptr 2 0
1 2 NULL
@mass_prop_ptr 3 0
1 3 ->
@type 4 1
2 4 0
@density 5 2
2 5 0
@init_dens 6 5
2 6 0
@rel_density 7 2
2 7 0
@init_rel_dens 8 5
2 8 0
@aver_density 9 2
2 9 0
@vrevnum 10 1
2 10 -1
@volume 11 2
2 11 0
@cg 12 2
2 12 [3]
$3*0
@inertia 13 2
2 13 [3][3]
$3*0
$3*0
$3*0
@eps 14 2
2 14 0
@surfarea 15 2
2 15 0
@assign_mp_ptr 16 0
1 16 NULL
@mat_name_ptr 17 10
1 17 NULL
@unit_arr 18 0
1 18 [3]
2 18 
@type 19 1
3 19 1
@factor 20 2
3 20 3FF
@name 21 10
3 21 INCH
@unit_type 22 1
3 22 0
2 18 
3 19 2
3 20 3FF
3 21 POUND
3 22 1
2 18 
3 19 11
3 20 3FF
3 21 HOURS
3 22 2
#GeomDepen
@Sld_GeomDepend 1 0
0 1 ->
@frst_geom_ptr 2 1
1 2 8
@fem_data 3 0
1 3 NULL
@first_quilt_ptr 4 1
1 4 16
#DispCntrl
@Sld_DispCntrl 1 0
0 1 ->
@color_prop_ptr 2 0
1 2 NULL
#DisplData
@Sld_DispData 1 0
0 1 ->
@disp_data 2 0
1 2 
#LargeText
@Sld_LargeText 1 0
0 1 ->
@names_table 2 0
1 2 [3]
2 2 ->
@id 3 1
3 3 34
@type 4 1
3 4 3
@name 5 10
3 5 MACH01
2 2 ->
3 3 35
3 4 3
3 5 OP010
2 2 ->
3 3 33
3 4 25
3 5 CS0
@relpar_sets 6 0
1 6 [3]
2 6 
@id 7 1
3 7 -1
@type 8 1
3 8 2
@ext_ref_id 9 1
3 9 -1
@relatnum 10 1
3 10 0
2 6 
3 7 40
3 8 3
3 9 -1
3 10 0
2 6 
3 7 49
3 8 3
3 9 -1
3 10 0
@cfg_states 11 0
1 11 NULL
#FamilyInf
@Sld_FamilyInfo 1 0
0 1 ->
@drv_tbl_ptr 2 0
1 2 NULL
#VisibGeom
@Sld_VisGeom 1 0
0 1 ->
@active_geom 2 0
1 2 
@srf_array 3 0
2 3 [6]
3 3 ->
@geom_type 4 1
4 4 34
@geom_id 5 1
4 5 8
@feat_id 6 1
4 6 1
@boundary_type 7 1
4 7 1
@envlp 8 2
4 8 [2][2]
$2*0
$402C,403
@srf_prim_ptr(plane) 9 0
4 9 ->
@local_sys 10 2
5 10 [4][3]
$BFF,2*0
$2*0,3FF
$0,3FF,0
$402C,2*0
@frst_cntr_ptr 11 0
4 11 ->
@frst_cntr_crv_hdr_ptr 12 1
5 12 3
@trv 13 1
5 13 1
@envlp 14 2
5 14 [2][2]
$2*0
$402C,403
@next_cntr_ptr 15 0
4 15 NULL
@next_geom_ptr 16 1
4 16 26
@orient 17 1
4 17 1
@outline 18 2
4 18 [2][3]
$3*0
$402C,0,403
3 3 ->
4 4 34
4 5 17
4 6 1
4 7 1
4 8 [2][2]
$2*0
$402C,403
4 9 ->
5 10 [4][3]
$BFF,2*0
$2*0,3FF
$0,3FF,0
$402C,BFC9R,0
4 11 ->
5 12 18
5 13 1
5 14 [2][2]
$2*0
$402C,403
4 15 NULL
4 16 0
4 17 -1
4 18 [2][3]
$0,BFC9R,0
$402C,BFC9R,403
3 3 ->
4 4 34
4 5 26
4 6 1
4 7 0
4 8 [2][2]
$C01C,BFB9R
$401C,3FB9R
4 9 ->
5 10 [4][3]
$BFF,2*0
$0,3FF,0
$2*0,BFF
$401C,BFB9R,0
4 11 ->
5 12 3
5 13 1
5 14 [2][2]
$C01C,BFB9R
$401C,3FB9R
4 15 NULL
4 16 28
4 17 1
4 18 [2][3]
$0,BFC9R,0
$402C,2*0
3 3 ->
4 4 34
4 5 28
4 6 1
4 7 0
4 8 [2][2]
$C02,BFB9R
$402,3FB9R
4 9 ->
5 10 [4][3]
$2*0,BFF
$0,3FF,0
$3FF,2*0
$402C,BFB9R,402
4 11 ->
5 12 9
5 13 1
5 14 [2][2]
$C02,BFB9R
$402,3FB9R
4 15 NULL
4 16 30
4 17 -1
4 18 [2][3]
$402C,BFC9R,0
$402C,0,403
3 3 ->
4 4 34
4 5 30
4 6 1
4 7 0
4 8 [2][2]
$C01C,BFB9R
$401C,3FB9R
4 9 ->
5 10 [4][3]
$BFF,2*0
$0,3FF,0
$2*0,BFF
$401C,BFB9R,403
4 11 ->
5 12 6
5 13 1
5 14 [2][2]
$C01C,BFB9R
$401C,3FB9R
4 15 NULL
4 16 31
4 17 -1
4 18 [2][3]
$0,BFC9R,403
$402C,0,403
3 3 ->
4 4 34
4 5 31
4 6 1
4 7 0
4 8 [2][2]
$C02,BFB9R
$402,3FB9R
4 9 ->
5 10 [4][3]
$2*0,BFF
$0,3FF,0
$3FF,2*0
$0,BFB9R,402
4 11 ->
5 12 11
5 13 1
5 14 [2][2]
$C02,BFB9R
$402,3FB9R
4 15 NULL
4 16 17
4 17 1
4 18 [2][3]
$0,BFC9R,0
$2*0,403
@crv_array 19 0
2 19 [12]
3 19 ->
@crv_id 20 1
4 20 3
@feat_id 21 1
4 21 1
@type 22 1
4 22 0
@crv_pnt_dir 23 1
4 23 [2]
$1,-1
@crv_pnt_arr 24 2
4 24 [2][4]
$C01C,3FB9R,2*0
$401C,3FB9R,402C,0
@crv_hdr_geom_ptr[0] 25 1
4 25 26
@crv_hdr_geom_ptr[1] 26 1
4 26 8
@next_crv_hdr_ptr[0] 27 1
4 27 25
@next_crv_hdr_ptr[1] 28 1
4 28 9
@ref_geom[0] 29 1
4 29 0
@ref_geom[1] 30 1
4 30 0
3 19 ->
4 20 6
4 21 1
4 22 0
4 23 [2]
$-1,1
4 24 [2][4]
$C01C,3FB9R,0,403
$401C,3FB9R,402C,403
4 25 30
4 26 8
4 27 27
4 28 11
4 29 0
4 30 0
3 19 ->
4 20 9
4 21 1
4 22 0
4 23 [2]
$1,-1
4 24 [2][4]
$2*0,C02,3FB9R
$0,403,402,3FB9R
4 25 8
4 26 28
4 27 6
4 28 24
4 29 0
4 30 0
3 19 ->
4 20 11
4 21 1
4 22 0
4 23 [2]
$1,-1
4 24 [2][4]
$C02,3FB9R,402C,0
$402,3FB9R,402C,403
4 25 31
4 26 8
4 27 29
4 28 3
4 29 0
4 30 0
3 19 ->
4 20 18
4 21 1
4 22 0
4 23 [2]
$-1,1
4 24 [2][4]
$C01C,BFB9R,2*0
$401C,BFB9R,402C,0
4 25 26
4 26 17
4 27 24
4 28 22
4 29 0
4 30 0
3 19 ->
4 20 19
4 21 1
4 22 0
4 23 [2]
$1,-1
4 24 [2][4]
$C01C,BFB9R,0,403
$401C,BFB9R,402C,403
4 25 30
4 26 17
4 27 29
4 28 20
4 29 0
4 30 0
3 19 ->
4 20 20
4 21 1
4 22 0
4 23 [2]
$-1,1
4 24 [2][4]
$2*0,C02,BFB9R
$0,403,402,BFB9R
4 25 17
4 26 28
4 27 18
4 28 27
4 29 0
4 30 0
3 19 ->
4 20 22
4 21 1
4 22 0
4 23 [2]
$-1,1
4 24 [2][4]
$C02,BFB9R,402C,0
$402,BFB9R,402C,403
4 25 31
4 26 17
4 27 25
4 28 19
4 29 0
4 30 0
3 19 ->
4 20 24
4 21 1
4 22 0
4 23 [2]
$1,-1
4 24 [2][4]
$C02,3FB9R,C01C,3FB9R
$C02,BFB9R,C01C,BFB9R
4 25 28
4 26 26
4 27 20
4 28 3
4 29 0
4 30 0
3 19 ->
4 20 25
4 21 1
4 22 0
4 23 [2]
$1,-1
4 24 [2][4]
$401C,3FB9R,C02,3FB9R
$401C,BFB9R,C02,BFB9R
4 25 26
4 26 31
4 27 18
4 28 11
4 29 0
4 30 0
3 19 ->
4 20 27
4 21 1
4 22 0
4 23 [2]
$1,-1
4 24 [2][4]
$C01C,3FB9R,402,3FB9R
$C01C,BFB9R,402,BFB9R
4 25 30
4 26 28
4 27 19
4 28 9
4 29 0
4 30 0
3 19 ->
4 20 29
4 21 1
4 22 0
4 23 [2]
$1,-1
4 24 [2][4]
$402,3FB9R,401C,3FB9R
$402,BFB9R,401C,BFB9R
4 25 31
4 26 30
4 27 22
4 28 6
4 29 0
4 30 0
@qlt_array 31 0
2 31 [1]
3 31 ->
@quilt_id 32 1
4 32 16
@data_type 33 1
4 33 57
@attr 34 1
4 34 1
@feat_id 35 1
4 35 1
@first_geom_ptr 36 1
4 36 8
@used_by_feat_id 37 1
4 37 1
@next_quilt_ptr 38 1
4 38 0
#NovisGeom
@Sld_NonVisGeom 1 0
0 1 ->
@inactive_geom 2 0
1 2 
@srf_array 3 0
2 3 [11]
3 3 ->
@geom_type 4 1
4 4 34
@geom_id 5 1
4 5 2
@feat_id 6 1
4 6 1
@boundary_type 7 1
4 7 -1
@envlp 8 2
4 8 [2][2]
$0,C0073A6D4AD2F279
$402C,3CE8
@srf_prim_ptr(plane) 9 0
4 9 ->
@local_sys 10 2
5 10 [4][3]
$3FF,2*0
$0,3FF,0
$2*0,3FF
$3*0
@frst_cntr_ptr 11 0
4 11 ->
@frst_cntr_crv_hdr_ptr 12 1
5 12 3
@trv 13 1
5 13 0
@envlp 14 2
5 14 [2][2]
$2*0
$2*0
@next_cntr_ptr 15 0
4 15 NULL
@next_geom_ptr 16 1
4 16 5
@orient 17 1
4 17 -1
@outline 18 2
4 18 [2][3]
$3*0
$3*0
3 3 ->
4 4 34
4 5 5
4 6 1
4 7 -1
4 8 [2][2]
$0,C0073A6D4AD2F279
$402C,3CE8
4 9 ->
5 10 [4][3]
$3FF,2*0
$0,3FF,0
$2*0,3FF
$2*0,403
4 11 ->
5 12 6
5 13 0
5 14 [2][2]
$2*0
$2*0
4 15 NULL
4 16 8
4 17 1
4 18 [2][3]
$3*0
$3*0
3 3 ->
4 4 36
4 5 10
4 6 1
4 7 -1
4 8 [2][2]
$C002D97C7F3321D2,0
$BFE921FB54442D18,403
@srf_prim_ptr(cylinder) 19 0
4 19 ->
@local_sys 20 2
5 20 [4][3]
$3FF,2*0
$0,3FF,0
$2*0,3FF
$2*401C,0
@radius 21 2
5 21 4023CC8A99AF5453
4 11 ->
5 12 4
5 13 0
5 14 [2][2]
$2*0
$2*0
4 15 NULL
4 16 0
4 17 1
4 18 [2][3]
$3*0
$3*0
3 3 ->
4 4 36
4 5 12
4 6 1
4 7 6
4 8 [2][2]
$C002D97C7F557DEA,BE112E0BE826D695
$2*3E112E0BE826D695
4 19 ->
5 20 [4][3]
$3FF,2*0
$0,3FF,0
$2*0,3FF
$2*401C,0
5 21 4023CC8A99AF5453
4 11 NULL
4 16 0
4 17 1
4 18 [2][3]
$3*0
$3*0
3 3 ->
4 4 36
4 5 13
4 6 1
4 7 6
4 8 [2][2]
$C002D97C7F557DEA,BE112E0BE826D695
$3E112E0BE826D695,4030000000044B83
4 19 ->
5 20 [4][3]
$3FF,2*0
$0,3FF,0
$2*0,3FF
$2*401C,0
5 21 4023CC8A99AF5453
4 11 NULL
4 16 0
4 17 1
4 18 [2][3]
$3*0
$3*0
3 3 ->
4 4 36
4 5 14
4 6 1
4 7 6
4 8 [2][2]
$C002D97C7F557DEA,BE112E0BE826D695
$3E112E0BE826D695,4030000000044B83
4 19 ->
5 20 [4][3]
$3FF,2*0
$0,3FF,0
$2*0,3FF
$2*401C,0
5 21 4023CC8A99AF5453
4 11 NULL
4 16 0
4 17 1
4 18 [2][3]
$3*0
$3*0
3 3 ->
4 4 36
4 5 15
4 6 1
4 7 6
4 8 [2][2]
$BFE921FB54CD9D7R,BE112E0BE826D695
$3E112E0BE826D695,4030000000044B83
4 19 ->
5 20 [4][3]
$3FF,2*0
$0,3FF,0
$2*0,3FF
$2*401C,0
5 21 4023CC8A99AF5453
4 11 NULL
4 16 0
4 17 1
4 18 [2][3]
$3*0
$3*0
3 3 ->
4 4 36
4 5 21
4 6 1
4 7 6
4 8 [2][2]
$BFE921FB54CD9D7R,BE112E0BE826D695
$3E112E0BE826D695,4030000000044B83
4 19 ->
5 20 [4][3]
$3FF,2*0
$0,3FF,0
$2*0,3FF
$401C,401B3R,0
5 21 4023CC8A99AF5453
4 11 NULL
4 16 0
4 17 1
4 18 [2][3]
$0,BFC9R,0
$0,BFC9R,0
3 3 ->
4 4 36
4 5 23
4 6 1
4 7 6
4 8 [2][2]
$C002D97C7F557DEA,BE112E0BE826D695
$3E112E0BE826D695,4030000000044B83
4 19 ->
5 20 [4][3]
$3FF,2*0
$0,3FF,0
$2*0,3FF
$401C,401B3R,0
5 21 4023CC8A99AF5453
4 11 NULL
4 16 0
4 17 1
4 18 [2][3]
$0,BFC9R,0
$0,BFC9R,0
3 3 ->
4 4 34
4 5 42
4 6 41
4 7 -1
4 8 [2][2]
$2*0
$2*0
4 9 ->
5 10 [4][3]
$3FF,2*0
$2*0,3FF
$0,BFF,0
$2*0,403
4 11 NULL
4 16 0
4 17 1
4 18 [2][3]
$3*0
$3*0
3 3 ->
4 4 34
4 5 51
4 6 50
4 7 -1
4 8 [2][2]
$2*0
$2*0
4 9 ->
5 10 [4][3]
$3FF,2*0
$2*0,3FF
$0,BFF,0
$2*0,403
4 11 NULL
4 16 0
4 17 1
4 18 [2][3]
$3*0
$3*0
@crv_array 22 0
2 22 [2]
3 22 ->
@crv_id 23 1
4 23 4
@feat_id 24 1
4 24 1
@type 25 1
4 25 2
@crv_pnt_dir 26 1
4 26 [2]
$1,-1
@crv_pnt_arr 27 2
4 27 [16][4]
$2*0,C002D97C7F3321D2,0
$3FE8A4377509F62,BFE62FF19A9FA2E8,C00203052F974273,0
$3FF9BBCBC60F0C18,BFF4D6B127650F9,C0012C8DDFFB6315,0
$40040BB8AE925768,BFFD20D3E40301C,C0005616905F83B6,0
$400B9E638AA63837,C001EF906F2476BC,BFFEFF3E818748AE,0
$4011C05474B2BCEC,C0047F57169A8628,BFFD524FE24F89F2,0
$4015CE35FBC1B9,C006388E98174A48,BFFBA5614317CB34,0
$4019ED7750D88376,C00716616E66228R,BFF9F872A3E00C76,0
$401E1288AF277C8C,C00716616E66228R,BFF84B8404A84DBA,0
$402118E5021F2381,C006388E98174A48,BFF69E9565708EFC,0
$40231FD5C5A6A18C,C0047F57169A8624,BFF4F1A6C638D03E,0
$402518671D5671F4,C001EF906F2476B8,BFF344B827011181,0
$4026FD11D45B6A26,BFFD20D3E40301C,BFF197C987C952C4,0
$4028C886873E1E7E,BFF4D6B127650F8R,BFEFD5B5D123280B,0
$402A75BC88AF609F,BFE62FF19A9FA2D,BFEC7BD892B3AA92,0
$402C,3CE8,BFE921FB54442D18,0
@crv_hdr_geom_ptr[0] 28 1
4 28 2
@crv_hdr_geom_ptr[1] 29 1
4 29 0
@next_crv_hdr_ptr[0] 30 1
4 30 3
@next_crv_hdr_ptr[1] 31 1
4 31 11
@ref_geom[0] 32 1
4 32 0
@ref_geom[1] 33 1
4 33 12
3 22 ->
4 23 7
4 24 1
4 25 2
4 26 [2]
$-1,1
4 27 [16][4]
$2*0,C002D97C7F3321D2,403
$3FE8A4377509F62,BFE62FF19A9FA2E8,C00203052F974273,403
$3FF9BBCBC60F0C18,BFF4D6B127650F9,C0012C8DDFFB6315,403
$40040BB8AE925768,BFFD20D3E40301C,C0005616905F83B6,403
$400B9E638AA63837,C001EF906F2476BC,BFFEFF3E818748AE,403
$4011C05474B2BCEC,C0047F57169A8628,BFFD524FE24F89F2,403
$4015CE35FBC1B9,C006388E98174A48,BFFBA5614317CB34,403
$4019ED7750D88376,C00716616E66228R,BFF9F872A3E00C76,403
$401E1288AF277C8C,C00716616E66228R,BFF84B8404A84DBA,403
$402118E5021F2381,C006388E98174A48,BFF69E9565708EFC,403
$40231FD5C5A6A18C,C0047F57169A8624,BFF4F1A6C638D03E,403
$402518671D5671F4,C001EF906F2476B8,BFF344B827011181,403
$4026FD11D45B6A26,BFFD20D3E40301C,BFF197C987C952C4,403
$4028C886873E1E7E,BFF4D6B127650F8R,BFEFD5B5D123280B,403
$402A75BC88AF609F,BFE62FF19A9FA2D,BFEC7BD892B3AA92,403
$402C,3CE8,BFE921FB54442D18,403
4 28 5
4 29 0
4 30 6
4 31 9
4 32 0
4 33 14
@external_geom 34 0
1 34 
#ActEntity
@Sld_Entities 1 0
0 1 ->
@act_feat_ents 2 0
1 2 [1]
2 2 
@feat_id 3 1
3 3 32
@datum_id 4 1
3 4 -1
@entity_ptr(coord_sys) 5 0
3 5 ->
@type 6 1
4 6 18
@id 7 1
4 7 33
@gen_info 8 0
4 8 
@color 9 1
5 9 1
@sys_type 10 1
4 10 -1
@pnt_type 11 1
4 11 -1
@radius 12 2
4 12 0
@local_sys 13 2
4 13 [4][3]
$3FF,2*0
$2*0,3FF
$0,BFF,0
$2*0,403
@feat_id 14 1
4 14 32
@entity(text) 15 0
3 15 ->
@text_type 16 1
4 16 34
@text_value 17 10
4 17 CS0
@txt_attrib 18 1
4 18 1
@coord 19 2
4 19 [3]
$405B8,4060DDD7B08D0DC,C09E274422DF8A07
@owner_id 20 1
4 20 33
@height 21 2
4 21 BFF
@width_factor 22 2
4 22 BFF
@format_info 23 0
4 23 
@thickness 24 2
4 24 BFF
#AllFeatur
@Sld_Features 1 0
0 1 ->
@first_feat_ptr 2 0
1 2 ->
@id 3 1
2 3 1
@indep_attributes 4 1
2 4 1
@feat_type_ptr 5 0
2 5 ->
@table_id 6 1
3 6 -1
@type 7 1
3 7 942
@feattype_key 8 10
3 8 NULL
@form 9 1
3 9 1
@attributes 10 1
3 10 [3]
$134217760,65536,0
@placement 11 1
3 11 0
@intersection 12 1
3 12 991
@internal_udf_type 13 1
3 13 -1
@param_choice_ptr 14 0
3 14 ->
@blend_choice 15 1
4 15 0
@depth_choice 16 1
4 16 1073741824
@angle_choice 17 1
4 17 0
@pat_choice 18 1
4 18 -1
@round_choice 19 1
4 19 -1
@subsec_choice 20 1
4 20 -1
@sweep_choice 21 1
4 21 0
@dome_choice 22 1
4 22 0
@draft_choice 23 1
4 23 0
@misc_choice 24 1
4 24 [2]
$32768,0
@assoc_type 25 1
3 25 0
@symbol_key 26 1
2 26 -1
@sect_name 27 10
2 27 no_name
@model_type 28 1
2 28 2
@idtab_ptr 29 0
2 29 ->
@srf_id_arr 30 1
3 30 [15][4]
$2,204,2*0
$5,203,2*0
$8,200,2*0
$10,200,1,0
$12,2017,4,1
$13,2017,11,0
$14,2017,7,1
$15,2017,9,1
$17,252,8,0
$21,2017,20,1
$23,2017,22,0
$26,219,3,0
$28,219,9,0
$30,219,6,0
$31,219,11,0
@edg_id_arr 31 1
3 31 [14][6]
$3,221,3*0,26
$4,221,1,2*0,2
$6,222,3*0,8
$7,222,1,3*0
$9,304,3*0,8
$11,302,3*0,31
$18,243,3,2*0,17
$19,243,6,2*0,30
$20,243,9,2*0,28
$22,243,11,2*0,17
$24,241,9,2*0,28
$25,241,3,2*0,26
$27,241,6,2*0,30
$29,241,11,2*0,31
@misc_id_tab 32 0
3 32 [1]
4 32 
@misc_hist 33 1
5 33 [5]
$16,200,1,-1,501
@save_geoms 34 0
3 34 ->
@new_edges 35 1
4 35 [8]
$18,19,20,22,24,25,27,29
@new_quilts 36 1
4 36 [1]
5 36 16
@sv_frst_geom 37 1
4 37 8
@cr_flags_xar 38 1
3 38 [30]
$3*-1,-2049,2*-1,-16777217,3*-1,-536870913,-1,-1126176897,-2,-2097185,
$-2097665,-1,-1073741843,-1,-1073741825,-257,-261121,-1,-32769,-1,-4194305,
$3*-1,16383
@cvt_feat_dat 39 0
3 39 NULL
@feat_dates_ptr 40 0
3 40 ->
@creat_date 41 1
4 41 190014
@regen_date 42 1
4 42 190014
@group_info_ptr 43 0
2 43 NULL
@intrs_pairs_ptr 44 0
2 44 ->
@place_rec_ptr 45 0
2 45 ->
@local_sys 46 2
3 46 [4][3]
$3FF,2*0
$0,3FF,0
$2*0,3FF
$3*0
@place_instruction_ptrs 47 0
3 47 [2]
4 47 ->
@type 48 1
5 48 887
@offset 49 2
5 49 BFF
@dim_id 50 1
5 50 1
@ref_id 51 1
5 51 -1
@geometry1_id 52 1
5 52 1
@geometry2_id 53 1
5 53 -1
@memb_num1 54 1
5 54 0
@memb_num2 55 1
5 55 0
@attr 56 1
5 56 0
4 47 ->
5 48 1854
5 49 BFF
5 50 2
5 51 -1
5 52 -1
5 53 -1
5 54 0
5 55 0
5 56 0
@own_ref_id 57 1
3 57 -1
@orient 58 1
3 58 0
@trf_arr 59 0
3 59 [1]
4 59 
@type 60 1
5 60 12
@idx 61 1
5 61 0
@transf 62 2
5 62 [4][3]
$3FF,2*0
$0,3FF,0
$2*0,3FF
$3*0
@next_prop 63 0
2 63 NULL
@first_geom_id 64 1
2 64 8
@gsec_ptr 65 0
2 65 [1]
3 65 
@type 66 1
4 66 11
@is_ref_gsec 67 1
4 67 0
@name 68 10
4 68 S2D0003
@gsec2d_ptr 69 0
4 69 ->
@name 70 10
5 70 S2D0003
@segtab_ptr 71 0
5 71 [1]
6 71 
@type 72 1
7 72 2
@dir 73 1
7 73 [3]
$1,2*0
@pointid 74 1
7 74 [2]
$0,1
@cntrid 75 1
7 75 -1
@arcorient 76 1
7 76 0
@verhor 77 1
7 77 1
@radius 78 1
7 78 0
@radius2 79 1
7 79 0
@ext_id 80 1
7 80 0
@gen_info 81 0
7 81 
@ent_spec_data(null_ptr) 82 0
7 82 ->
@known_ent_info 83 0
7 83 
@attr 84 1
8 84 0
@known_ent_id 85 1
8 85 -1
@dimtab_ptr 86 0
5 86 [1]
6 86 
@type 87 1
7 87 1
@value 88 2
7 88 402C
@direct 89 1
7 89 0
@property 90 1
7 90 0
@leftpt 91 1
7 91 [2]
@rightpt 92 1
7 92 [2]
@offset 93 2
7 93 0
@ext_id 94 1
7 94 0
@dispdimattr 95 0
7 95 
@dimattr 96 1
8 96 [4]
$18,3*0
@dim_ref 97 0
7 97 [2]
8 97 
@item_id 98 1
9 98 0
@sense 99 1
9 99 4
@point 100 1
9 100 [2]
$2*0
8 97 
9 98 -1
9 99 0
9 100 [2]
$2*1
@relat_ptr 101 0
5 101 [2]
6 101 
@id 102 1
7 102 0
@used 103 1
7 103 1
@a 104 1
7 104 [4]
$0,1,2*-1
@b 105 1
7 105 [4]
$2*1,2*0
@c 106 2
7 106 [4]
$3FF,BFF,2*3FF
@sign 107 1
7 107 0
@idim 108 1
7 108 0
@type 109 1
7 109 0
6 101 
7 102 1
7 103 1
7 104 [4]
$0,1,2*-1
7 105 [4]
$4*0
7 106 [4]
$3FF,BFF,2*3FF
7 107 1
7 108 0
7 109 0
@formula_ptr 110 1
5 110 [2]
$0,1
@qind 111 1
5 111 0
@anchor 112 0
5 112 NULL
@totalpointid 113 1
5 113 2
@checkarcs_flag 114 1
5 114 1
@location 115 0
5 115 ->
@id 116 1
6 116 0
@param 117 2
6 117 0
@type 118 1
6 118 0
@nsket_info 119 0
5 119 ->
@scale 120 2
6 120 405E
@m 121 1
6 121 3
@last_was_permanent 122 1
6 122 0
@unsolved_ptr 123 0
5 123 ->
@iges_file 124 10
6 124 NULL
@solve_version 125 1
5 125 1
@segdscr_tab 126 0
5 126 [1]
6 126 
@ent_mode 127 1
7 127 0
@segm_ent_ptr(ent_ptr) 128 0
7 128 ->
@skamp_ptr 129 0
5 129 [1]
6 129 
@id 130 1
7 130 0
@type 131 1
7 131 1
@flags 132 1
7 132 0
@status 133 1
7 133 3
@items 134 0
7 134 [1]
8 134 
@ent_id 135 1
9 135 0
@sense 136 1
9 136 0
@triples_ptr 137 0
5 137 [1]
6 137 
@rel_id 138 1
7 138 0
@eqn_id 139 1
7 139 0
@skamp_id 140 1
7 140 0
@order_ptr 141 0
4 141 [1]
5 141 
@id 142 1
6 142 0
@flip 143 1
6 143 46
@dim_id_tab 144 1
4 144 [1]
5 144 0
@attributes 145 1
4 145 263168
@xsec_id 146 1
4 146 -1
@secsolve_revnum 147 1
4 147 0
@rel_accuracy 148 2
4 148 BFF
@cr_flags 149 1
4 149 255
@p_saved_result 150 0
4 150 ->
@entity(line) 151 0
5 151 ->
@id 152 1
6 152 0
@gen_info 153 0
6 153 
@end1 154 2
6 154 [3]
$3*0
@end2 155 2
6 155 [3]
$402C,2*0
@local_sys 156 2
5 156 [4][3]
$3FF,2*0
$0,3FF,0
$2*0,3FF
$3*0
@cond_tbl_idx 157 1
2 157 -1
@comment 158 10
2 158 NULL
@merge_info_ptr 159 0
2 159 NULL
@topology_increment 160 0
2 160 ->
@next_srf 161 0
3 161 [1]
4 161 
@p_srf 162 1
5 162 8
@next_geom_ptr 163 1
5 163 0
@next_crv 164 0
3 164 [4]
4 164 
@p_crv 165 1
5 165 3
@next_crv 166 11
5 166 [2]
$0,9
4 164 
5 165 6
5 166 [2]
$0,11
4 164 
5 165 9
5 166 [2]
$6,0
4 164 
5 165 11
5 166 [2]
$0,3
@crv_geom 167 0
3 167 [4]
4 167 
@p_crv 168 1
5 168 3
@crv_geom 169 11
5 169 [2]
$0,8
4 167 
5 168 6
5 169 [2]
$0,8
4 167 
5 168 9
5 169 [2]
$8,0
4 167 
5 168 11
5 169 [2]
$0,8
@ref_geom 170 0
3 170 [2]
4 170 
@p_crv 171 1
5 171 9
@ref_geom 172 11
5 172 [2]
$0,15
4 170 
5 171 11
5 172 [2]
$13,0
@first_geom 173 1
3 173 0
@first_quilt 174 1
3 174 0
@outline 175 2
3 175 [2][3]
$3*0
$3*0
@max_part_size 176 2
3 176 0
@newobj_table 177 0
3 177 [1]
4 177 
@type 178 1
5 178 1
@data(sheetmetal_pairs) 179 0
5 179 
@-dummy_smtl 180 0
6 180 [6]
7 180 
@oper 181 1
8 181 2
@smtl_info 182 0
8 182 
@geom_id 183 1
9 183 8
@sheetm_type 184 1
9 184 2
@opp_geom_id 185 1
9 185 17
7 180 
8 181 2
8 182 
9 183 17
9 184 3
9 185 8
7 180 
8 181 2
8 182 
9 183 26
9 184 1
9 185 -1
7 180 
8 181 2
8 182 
9 183 28
9 184 1
9 185 -1
7 180 
8 181 2
8 182 
9 183 30
9 184 1
9 185 -1
7 180 
8 181 2
8 182 
9 183 31
9 184 1
9 185 -1
@xform_increment 186 0
3 186 NULL
@roll_back_id 187 1
3 187 -1
@state_ind 188 1
2 188 -1
@alumni_info 189 0
2 189 NULL
@revnum 190 1
2 190 2
@rev_rec 191 0
2 191 ->
@num_plins 192 1
3 192 2
@expl_state_ref 193 0
2 193 NULL
@feat_outl_info 194 0
2 194 NULL
@next_feat_ptr 195 0
1 195 ->
2 3 32
2 4 4097
2 5 ->
3 6 -1
3 7 979
3 8 NULL
3 9 0
3 10 [3]
$3*0
3 11 0
3 12 -1
3 13 -1
3 14 ->
4 15 0
4 16 0
4 17 0
4 18 -1
4 19 -1
4 20 -1
4 21 0
4 22 0
4 23 0
4 24 [2]
$1,0
3 25 0
2 26 -1
2 27 no_name
2 28 2
2 29 ->
3 32 [1]
4 32 
5 33 [5]
$33,534,0,-1,500
3 34 NULL
3 38 [30]
$3*-1,-2049,2*-1,-16777217,3*-1,-536870913,-1,-1126176897,-2,-2097185,
$-2097665,-1,-1073741843,-1,-1073741825,-257,-261121,-1,-32769,-1,-4194305,
$2*-1,-536870913,16383
3 39 NULL
3 40 ->
4 41 190014
4 42 190014
2 43 NULL
2 44 ->
2 45 ->
3 46 [4][3]
$3FF,2*0
$2*0,3FF
$0,BFF,0
$2*0,403
3 47 [5]
4 47 ->
5 48 1240
5 49 0
5 50 -1
5 51 -1
5 52 8
5 53 -1
5 54 0
5 55 0
5 56 0
4 47 ->
5 48 1240
5 49 0
5 50 -1
5 51 -1
5 52 30
5 53 -1
5 54 0
5 55 0
5 56 0
4 47 ->
5 48 1240
5 49 0
5 50 -1
5 51 -1
5 52 31
5 53 -1
5 54 0
5 55 0
5 56 0
4 47 ->
5 48 1270
5 49 4008
5 50 -1
5 51 -1
5 52 -1
5 53 -1
5 54 0
5 55 0
5 56 0
4 47 ->
5 48 1271
5 49 C
5 50 -1
5 51 -1
5 52 -1
5 53 -1
5 54 0
5 55 0
5 56 0
3 57 -1
3 58 0
3 59 [1]
4 59 
5 60 10
5 61 0
5 62 [4][3]
$3FF,2*0
$2*0,3FF
$0,BFF,0
$2*0,403
2 63 NULL
2 64 -1
2 157 -1
2 158 NULL
2 159 NULL
@parent_table 196 1
2 196 [1]
3 196 1
2 160 ->
3 173 8
3 174 16
3 175 [2][3]
$0,BFC9R,0
$402C,0,403
3 176 403542E01F26CB04
3 186 NULL
3 187 -1
2 188 -1
2 189 NULL
2 190 2
2 191 ->
3 192 5
2 193 NULL
2 194 ->
@ent_outl 197 2
3 197 [2][3]
$2*0,403
$2*0,403
1 195 ->
2 3 34
2 4 1
2 5 ->
3 6 -1
3 7 1008
3 8 NULL
3 9 0
3 10 [3]
$3*0
3 11 0
3 12 -1
3 13 -1
3 14 ->
4 15 0
4 16 0
4 17 0
4 18 -1
4 19 -1
4 20 -1
4 21 0
4 22 0
4 23 0
4 24 [2]
$65,0
3 25 0
2 26 -1
2 27 no_name
2 28 2
2 29 ->
3 34 NULL
3 38 [30]
$3*-1,-2049,2*-1,-16777217,3*-1,-536870913,-1,-1126176897,-2,-2097185,
$-2097665,-1,-1073741843,-1,-1073741825,-257,-261121,-1,-32769,-1,-4194305,
$3*-1,16383
3 39 NULL
3 40 ->
4 41 190014
4 42 190014
2 43 NULL
2 44 ->
2 45 ->
3 46 [4][3]
$3FF,2*0
$0,3FF,0
$2*0,3FF
$3*0
3 57 1
3 58 0
2 63 NULL
2 64 -1
2 157 -1
2 158 NULL
2 159 NULL
@mfg_info_ptr 198 0
2 198 ->
@type 199 1
3 199 37
@ref_id 200 1
3 200 0
@misc_attr 201 1
3 201 0
@attributes 202 1
3 202 0
@param_arr 203 0
3 203 [18]
4 203 ->
@data_type 204 1
5 204 2
@type 205 1
5 205 127
@un_value(s_val) 206 10
5 206 -
@bk_un_value(s_val) 207 10
5 207 NULL
@attr 208 1
5 208 1
4 203 ->
5 204 2
5 205 128
5 206 -
5 207 NULL
5 208 1
4 203 ->
5 204 2
5 205 129
5 206 -
5 207 NULL
5 208 1
4 203 ->
5 204 1
5 205 131
@un_value(d_val) 209 2
5 209 0
@bk_un_value(d_val) 210 2
5 210 0
5 208 1
4 203 ->
5 204 3
5 205 132
@un_value(i_val) 211 1
5 211 1
@bk_un_value(i_val) 212 1
5 212 0
5 208 1
4 203 ->
5 204 1
5 205 133
5 209 0
5 210 0
5 208 1
4 203 ->
5 204 1
5 205 147
5 209 41CDCD65
5 210 0
5 208 1
4 203 ->
5 204 1
5 205 148
5 209 41CDCD65
5 210 0
5 208 1
4 203 ->
5 204 1
5 205 149
5 209 41CDCD65
5 210 0
5 208 1
4 203 ->
5 204 1
5 205 150
5 209 41CDCD65
5 210 0
5 208 1
4 203 ->
5 204 1
5 205 153
5 209 0
5 210 0
5 208 1
4 203 ->
5 204 3
5 205 279
5 211 1
5 212 0
5 208 1
4 203 ->
5 204 2
5 205 196
5 206 _
5 207 NULL
5 208 1
4 203 ->
5 204 3
5 205 212
5 211 0
5 212 0
5 208 1
4 203 ->
5 204 3
5 205 226
5 211 1
5 212 0
5 208 1
4 203 ->
5 204 3
5 205 227
5 211 1
5 212 0
5 208 1
4 203 ->
5 204 3
5 205 289
5 211 1
5 212 0
5 208 1
4 203 ->
5 204 3
5 205 291
5 211 0
5 212 0
5 208 1
@oper_info(wcell_info) 213 0
3 213 ->
@type 214 1
4 214 1008
@tool_table 215 0
4 215 ->
@type 216 1
5 216 2
@oper_type 217 1
5 217 -1
@num_of_items 218 1
5 218 7
@name 219 10
5 219 
@attr 220 1
5 220 0
@record_arr 221 0
5 221 [20]
6 221 
@item_arr 222 0
7 222 [7]
8 222 
@item_type 223 1
9 223 1
@allow_empty 224 1
9 224 0
@val 225 0
9 225 
@type 226 1
10 226 52
@value(i_val) 227 1
10 227 1
8 222 
9 223 2
9 224 1
9 225 
10 226 51
@value(s_val) 228 10
10 228 TOOL_NE_ADDED_11
8 222 
9 223 12
9 224 1
9 225 
10 226 50
@value(d_val) 229 2
10 229 0
8 222 
9 223 11
9 224 0
9 225 
10 226 51
10 228 NO
8 222 
9 223 13
9 224 1
9 225 
10 226 51
10 228 12345678
8 222 
9 223 14
9 224 1
9 225 
10 226 50
10 229 0
8 222 
9 223 15
9 224 1
9 225 
10 226 51
10 228 NO
6 221 
7 222 [7]
8 222 
9 223 1
9 224 0
9 225 
10 226 52
10 227 2
8 222 
9 223 2
9 224 1
9 225 
10 226 51
10 228 TOOL_NE_ADDED_11
8 222 
9 223 12
9 224 1
9 225 
10 226 50
10 229 40568
8 222 
9 223 11
9 224 0
9 225 
10 226 51
10 228 NO
8 222 
9 223 13
9 224 1
9 225 
10 226 51
10 228 12345678
8 222 
9 223 14
9 224 1
9 225 
10 226 50
10 229 BFF
8 222 
9 223 15
9 224 1
9 225 
10 226 51
10 228 NO
6 221 
7 222 [7]
8 222 
9 223 1
9 224 0
9 225 
10 226 52
10 227 3
8 222 
9 223 2
9 224 1
9 225 
10 226 51
10 228 TOOL_NE_ADDED_11
8 222 
9 223 12
9 224 1
9 225 
10 226 50
10 229 40283294BCA84DCF
8 222 
9 223 11
9 224 0
9 225 
10 226 51
10 228 NO
8 222 
9 223 13
9 224 1
9 225 
10 226 51
10 228 12345678
8 222 
9 223 14
9 224 1
9 225 
10 226 50
10 229 BFF
8 222 
9 223 15
9 224 1
9 225 
10 226 51
10 228 NO
6 221 
7 222 [7]
8 222 
9 223 1
9 224 0
9 225 
10 226 52
10 227 4
8 222 
9 223 2
9 224 1
9 225 
10 226 51
10 228 TOOL_NE_ADDED_11
8 222 
9 223 12
9 224 1
9 225 
10 226 50
10 229 404E
8 222 
9 223 11
9 224 0
9 225 
10 226 51
10 228 NO
8 222 
9 223 13
9 224 1
9 225 
10 226 51
10 228 12345678
8 222 
9 223 14
9 224 1
9 225 
10 226 50
10 229 BFF
8 222 
9 223 15
9 224 1
9 225 
10 226 51
10 228 NO
6 221 
7 222 [7]
8 222 
9 223 1
9 224 0
9 225 
10 226 52
10 227 5
8 222 
9 223 2
9 224 1
9 225 
10 226 51
10 228 TOOL_NE_ADDED_2
8 222 
9 223 12
9 224 1
9 225 
10 226 50
10 229 0
8 222 
9 223 11
9 224 0
9 225 
10 226 51
10 228 NO
8 222 
9 223 13
9 224 1
9 225 
10 226 51
10 228 12345678
8 222 
9 223 14
9 224 1
9 225 
10 226 50
10 229 0
8 222 
9 223 15
9 224 1
9 225 
10 226 51
10 228 NO
6 221 
7 222 [7]
8 222 
9 223 1
9 224 0
9 225 
10 226 52
10 227 6
8 222 
9 223 2
9 224 1
9 225 
10 226 51
10 228 TOOL_NE_ADDED_2
8 222 
9 223 12
9 224 1
9 225 
10 226 50
10 229 405379AD686AF64A
8 222 
9 223 11
9 224 0
9 225 
10 226 51
10 228 NO
8 222 
9 223 13
9 224 1
9 225 
10 226 51
10 228 12345678
8 222 
9 223 14
9 224 1
9 225 
10 226 50
10 229 BFF
8 222 
9 223 15
9 224 1
9 225 
10 226 51
10 228 NO
6 221 
7 222 [7]
8 222 
9 223 1
9 224 0
9 225 
10 226 52
10 227 7
8 222 
9 223 2
9 224 1
9 225 
10 226 51
10 228 TOOL_NE_ADDED_2
8 222 
9 223 12
9 224 1
9 225 
10 226 50
10 229 403E
8 222 
9 223 11
9 224 0
9 225 
10 226 51
10 228 NO
8 222 
9 223 13
9 224 1
9 225 
10 226 51
10 228 12345678
8 222 
9 223 14
9 224 1
9 225 
10 226 50
10 229 BFF
8 222 
9 223 15
9 224 1
9 225 
10 226 51
10 228 NO
6 221 
7 222 [7]
8 222 
9 223 1
9 224 0
9 225 
10 226 52
10 227 8
8 222 
9 223 2
9 224 1
9 225 
10 226 51
10 228 TOOL_NE_ADDED_2
8 222 
9 223 12
9 224 1
9 225 
10 226 50
10 229 40568
8 222 
9 223 11
9 224 0
9 225 
10 226 51
10 228 NO
8 222 
9 223 13
9 224 1
9 225 
10 226 51
10 228 12345678
8 222 
9 223 14
9 224 1
9 225 
10 226 50
10 229 BFF
8 222 
9 223 15
9 224 1
9 225 
10 226 51
10 228 NO
6 221 
7 222 [7]
8 222 
9 223 1
9 224 0
9 225 
10 226 52
10 227 9
8 222 
9 223 2
9 224 1
9 225 
10 226 51
10 228 TOOL_NA_ADDED_1
8 222 
9 223 12
9 224 1
9 225 
10 226 50
10 229 0
8 222 
9 223 11
9 224 0
9 225 
10 226 51
10 228 NO
8 222 
9 223 13
9 224 1
9 225 
10 226 51
10 228 12345678
8 222 
9 223 14
9 224 1
9 225 
10 226 50
10 229 0
8 222 
9 223 15
9 224 1
9 225 
10 226 51
10 228 NO
6 221 
7 222 [7]
8 222 
9 223 1
9 224 0
9 225 
10 226 52
10 227 10
8 222 
9 223 2
9 224 1
9 225 
10 226 51
10 228 TOOL_NA_ADDED_2
8 222 
9 223 12
9 224 1
9 225 
10 226 50
10 229 0
8 222 
9 223 11
9 224 0
9 225 
10 226 51
10 228 NO
8 222 
9 223 13
9 224 1
9 225 
10 226 51
10 228 12345678
8 222 
9 223 14
9 224 1
9 225 
10 226 50
10 229 0
8 222 
9 223 15
9 224 1
9 225 
10 226 51
10 228 NO
6 221 
7 222 [7]
8 222 
9 223 1
9 224 0
9 225 
10 226 52
10 227 11
8 222 
9 223 2
9 224 1
9 225 
10 226 51
10 228 TOOL_NA_ADDED_1
8 222 
9 223 12
9 224 1
9 225 
10 226 50
10 229 404C4D161DB9A6BD
8 222 
9 223 11
9 224 0
9 225 
10 226 51
10 228 NO
8 222 
9 223 13
9 224 1
9 225 
10 226 51
10 228 12345678
8 222 
9 223 14
9 224 1
9 225 
10 226 50
10 229 BFF
8 222 
9 223 15
9 224 1
9 225 
10 226 51
10 228 NO
6 221 
7 222 [7]
8 222 
9 223 1
9 224 0
9 225 
10 226 52
10 227 12
8 222 
9 223 2
9 224 1
9 225 
10 226 51
10 228 TOOL_NA_ADDED_1
8 222 
9 223 12
9 224 1
9 225 
10 226 50
10 229 4039060F63377608
8 222 
9 223 11
9 224 0
9 225 
10 226 51
10 228 NO
8 222 
9 223 13
9 224 1
9 225 
10 226 51
10 228 12345678
8 222 
9 223 14
9 224 1
9 225 
10 226 50
10 229 BFF
8 222 
9 223 15
9 224 1
9 225 
10 226 51
10 228 NO
6 221 
7 222 [7]
8 222 
9 223 1
9 224 0
9 225 
10 226 52
10 227 13
8 222 
9 223 2
9 224 1
9 225 
10 226 51
10 228 TOOL_NA_ADDED_1
8 222 
9 223 12
9 224 1
9 225 
10 226 50
10 229 40568
8 222 
9 223 11
9 224 0
9 225 
10 226 51
10 228 NO
8 222 
9 223 13
9 224 1
9 225 
10 226 51
10 228 12345678
8 222 
9 223 14
9 224 1
9 225 
10 226 50
10 229 BFF
8 222 
9 223 15
9 224 1
9 225 
10 226 51
10 228 NO
6 221 
7 222 [7]
8 222 
9 223 1
9 224 0
9 225 
10 226 52
10 227 14
8 222 
9 223 2
9 224 1
9 225 
10 226 51
10 228 TOOL_NA_ADDED_2
8 222 
9 223 12
9 224 1
9 225 
10 226 50
10 229 404C4D161DB9A6BD
8 222 
9 223 11
9 224 0
9 225 
10 226 51
10 228 NO
8 222 
9 223 13
9 224 1
9 225 
10 226 51
10 228 12345678
8 222 
9 223 14
9 224 1
9 225 
10 226 50
10 229 BFF
8 222 
9 223 15
9 224 1
9 225 
10 226 51
10 228 NO
6 221 
7 222 [7]
8 222 
9 223 1
9 224 0
9 225 
10 226 52
10 227 15
8 222 
9 223 2
9 224 1
9 225 
10 226 51
10 228 TOOL_NA_ADDED_2
8 222 
9 223 12
9 224 1
9 225 
10 226 50
10 229 4039060F63377608
8 222 
9 223 11
9 224 0
9 225 
10 226 51
10 228 NO
8 222 
9 223 13
9 224 1
9 225 
10 226 51
10 228 12345678
8 222 
9 223 14
9 224 1
9 225 
10 226 50
10 229 BFF
8 222 
9 223 15
9 224 1
9 225 
10 226 51
10 228 NO
6 221 
7 222 [7]
8 222 
9 223 1
9 224 0
9 225 
10 226 52
10 227 16
8 222 
9 223 2
9 224 1
9 225 
10 226 51
10 228 TOOL_NA_ADDED_2
8 222 
9 223 12
9 224 1
9 225 
10 226 50
10 229 40568
8 222 
9 223 11
9 224 0
9 225 
10 226 51
10 228 NO
8 222 
9 223 13
9 224 1
9 225 
10 226 51
10 228 12345678
8 222 
9 223 14
9 224 1
9 225 
10 226 50
10 229 BFF
8 222 
9 223 15
9 224 1
9 225 
10 226 51
10 228 NO
6 221 
7 222 [7]
8 222 
9 223 1
9 224 0
9 225 
10 226 52
10 227 17
8 222 
9 223 2
9 224 1
9 225 
10 226 51
10 228 TOOL_NA_ADDED_1
8 222 
9 223 12
9 224 1
9 225 
10 226 50
10 229 4032A7255F6761E1
8 222 
9 223 11
9 224 0
9 225 
10 226 51
10 228 NO
8 222 
9 223 13
9 224 1
9 225 
10 226 51
10 228 12345678
8 222 
9 223 14
9 224 1
9 225 
10 226 50
10 229 BFF
8 222 
9 223 15
9 224 1
9 225 
10 226 51
10 228 NO
6 221 
7 222 [7]
8 222 
9 223 1
9 224 0
9 225 
10 226 52
10 227 18
8 222 
9 223 2
9 224 1
9 225 
10 226 51
10 228 TOOL_NA_ADDED_1
8 222 
9 223 12
9 224 1
9 225 
10 226 50
10 229 405389BE4FFA9B0F
8 222 
9 223 11
9 224 0
9 225 
10 226 51
10 228 NO
8 222 
9 223 13
9 224 1
9 225 
10 226 51
10 228 12345678
8 222 
9 223 14
9 224 1
9 225 
10 226 50
10 229 BFF
8 222 
9 223 15
9 224 1
9 225 
10 226 51
10 228 NO
6 221 
7 222 [7]
8 222 
9 223 1
9 224 0
9 225 
10 226 52
10 227 19
8 222 
9 223 2
9 224 1
9 225 
10 226 51
10 228 TOOL_NA_ADDED_2
8 222 
9 223 12
9 224 1
9 225 
10 226 50
10 229 4032A7255F6761E1
8 222 
9 223 11
9 224 0
9 225 
10 226 51
10 228 NO
8 222 
9 223 13
9 224 1
9 225 
10 226 51
10 228 12345678
8 222 
9 223 14
9 224 1
9 225 
10 226 50
10 229 BFF
8 222 
9 223 15
9 224 1
9 225 
10 226 51
10 228 NO
6 221 
7 222 [7]
8 222 
9 223 1
9 224 0
9 225 
10 226 52
10 227 20
8 222 
9 223 2
9 224 1
9 225 
10 226 51
10 228 TOOL_NA_ADDED_2
8 222 
9 223 12
9 224 1
9 225 
10 226 50
10 229 405389BE4FFA9B0F
8 222 
9 223 11
9 224 0
9 225 
10 226 51
10 228 NO
8 222 
9 223 13
9 224 1
9 225 
10 226 51
10 228 12345678
8 222 
9 223 14
9 224 1
9 225 
10 226 50
10 229 BFF
8 222 
9 223 15
9 224 1
9 225 
10 226 51
10 228 NO
@tool_table2 230 0
4 230 NULL
@ref_feat_id 231 1
3 231 -1
@cl_info_ptr 232 0
3 232 NULL
@cl_attr 233 1
3 233 0
@feat_type 234 1
3 234 1008
2 160 ->
3 173 8
3 174 16
3 175 [2][3]
$0,BFC9R,0
$402C,0,403
3 176 403542E01F26CB04
3 186 NULL
3 187 -1
2 188 -1
2 189 NULL
2 190 1
2 191 ->
@revnums 235 0
3 235 [1]
4 235 ->
@owner_type 236 1
5 236 3
@owner_ind 237 1
5 237 -1
@ref_id 238 1
5 238 -1
@ref_revnum 239 1
5 239 -1
@memb_tab_revnums 240 1
5 240 [1]
6 240 0
3 192 0
2 193 NULL
2 194 NULL
1 195 ->
2 3 35
2 4 1
2 5 ->
3 6 -1
3 7 1007
3 8 NULL
3 9 0
3 10 [3]
$3*0
3 11 0
3 12 -1
3 13 -1
3 14 ->
4 15 0
4 16 0
4 17 0
4 18 -1
4 19 -1
4 20 -1
4 21 0
4 22 0
4 23 0
4 24 [2]
$1,0
3 25 0
2 26 -1
2 27 no_name
2 28 2
2 29 ->
3 34 NULL
3 38 [30]
$3*-1,-2049,2*-1,-16777217,3*-1,-536870913,-1,-1126176897,-2,-2097185,
$-2097665,-1,-1073741843,-1,-1073741825,-257,-261121,-1,-32769,-1,-4194305,
$3*-1,16383
3 39 NULL
3 40 ->
4 41 190014
4 42 190014
2 43 NULL
2 44 ->
2 45 ->
3 46 [4][3]
$3FF,2*0
$0,3FF,0
$2*0,3FF
$3*0
3 47 [2]
4 47 ->
5 48 220
5 49 0
5 50 -1
5 51 0
5 52 34
5 53 -1
5 54 0
5 55 0
5 56 0
4 47 ->
5 48 53
5 49 0
5 50 -1
5 51 1
5 52 33
5 53 -1
5 54 0
5 55 0
5 56 2048
@plin_info_arr 241 0
5 241 [1]
6 241 ->
@type 242 1
7 242 6
@data(plin_info_ui_step) 243 0
7 243 ->
@step_ids 244 1
8 244 [1]
9 244 155
3 57 1
3 58 0
2 63 NULL
2 64 -1
2 157 -1
2 158 NULL
2 159 NULL
2 198 ->
3 199 37
3 200 0
3 201 0
3 202 0
3 203 [1]
4 203 ->
5 204 2
5 205 54
5 206 TOOL_NA_ADDED_1
5 207 NULL
5 208 1
3 231 -1
3 232 NULL
3 233 0
3 234 1007
2 196 [2]
$32,34
2 160 ->
3 173 8
3 174 16
3 175 [2][3]
$0,BFC9R,0
$402C,0,403
3 176 403542E01F26CB04
3 186 NULL
3 187 -1
2 188 -1
2 189 NULL
2 190 2
2 191 ->
3 235 [3]
4 235 ->
5 236 3
5 237 -1
5 238 -1
5 239 -1
5 240 [1]
6 240 0
4 235 ->
5 236 1
5 237 -1
5 238 0
5 239 1
4 235 ->
5 236 1
5 237 -1
5 238 1
5 239 2
3 192 2
2 193 NULL
2 194 NULL
1 195 ->
2 3 37
2 4 1
2 5 ->
3 6 -1
3 7 965
3 8 NULL
3 9 0
3 10 [3]
$3*0
3 11 0
3 12 991
3 13 -1
3 14 ->
4 15 0
4 16 0
4 17 0
4 18 -1
4 19 -1
4 20 -1
4 21 0
4 22 0
4 23 0
4 24 [2]
$2*0
3 25 0
2 26 -1
2 27 no_name
2 28 2
2 29 ->
3 34 NULL
3 38 [30]
$3*-1,-2049,2*-1,-16777217,3*-1,-536870913,-1,-1126176897,-2,-2097185,
$-2097665,-1,-1073741843,-1,-1073741825,-257,-261121,-1,-32769,-1,-4194305,
$3*-1,16383
3 39 NULL
3 40 ->
4 41 190014
4 42 190014
2 43 NULL
2 44 ->
2 45 ->
3 46 [4][3]
$3FF,2*0
$0,3FF,0
$2*0,3FF
$3*0
3 47 [3]
4 47 ->
5 48 219
5 49 0
5 50 -1
5 51 2
5 52 35
5 53 -1
5 54 0
5 55 0
5 56 0
5 241 [1]
6 241 ->
7 242 6
7 243 ->
8 244 [1]
9 244 208
4 47 ->
5 48 53
5 49 0
5 50 -1
5 51 1
5 52 33
5 53 -1
5 54 0
5 55 0
5 56 0
5 241 [1]
6 241 ->
7 242 6
7 243 ->
8 244 [1]
9 244 155
4 47 ->
5 48 143
5 49 0
5 50 -1
5 51 3
5 52 65
5 53 -1
5 54 1
5 55 0
@memb_id_tab1 245 1
5 245 [1]
6 245 2
5 56 512
3 57 1
3 58 0
2 63 NULL
2 64 -1
2 157 -1
2 158 NULL
2 159 NULL
2 198 ->
3 199 37
3 200 -1
3 201 0
3 202 0
3 203 [21]
4 203 ->
5 204 2
5 205 109
5 206 PUNCH
5 207 PUNCH
5 208 1
4 203 ->
5 204 2
5 205 53
5 206 01
5 207 01
5 208 1
4 203 ->
5 204 2
5 205 54
5 206 TOOL_NE_ADDED_11
5 207 TOOL_NE_ADDED_11
5 208 1
4 203 ->
5 204 2
5 205 268
5 206 T0001
5 207 T0001
5 208 1
4 203 ->
5 204 2
5 205 29
5 206 -
5 207 -
5 208 1
4 203 ->
5 204 2
5 205 41
5 206 -
5 207 -
5 208 1
4 203 ->
5 204 2
5 205 42
5 206 -
5 207 -
5 208 1
4 203 ->
5 204 3
5 205 108
5 211 0
5 212 0
5 208 1
4 203 ->
5 204 1
5 205 4
5 209 3F50624DD2F1A9FC
5 210 3F50624DD2F1A9FC
5 208 1
4 203 ->
5 204 1
5 205 46
5 209 0
5 210 0
5 208 1
4 203 ->
5 204 1
5 205 58
5 209 0
5 210 0
5 208 1
4 203 ->
5 204 1
5 205 178
5 209 BFF
5 210 BFF
5 208 1
4 203 ->
5 204 1
5 205 13
5 209 0
5 210 0
5 208 1
4 203 ->
5 204 1
5 205 68
5 209 0
5 210 0
5 208 1
4 203 ->
5 204 3
5 205 39
5 211 0
5 212 0
5 208 1
4 203 ->
5 204 3
5 205 281
5 211 1
5 212 1
5 208 1
4 203 ->
5 204 1
5 205 186
5 209 BFF
5 210 BFF
5 208 1
4 203 ->
5 204 3
5 205 65
5 211 0
5 212 0
5 208 1
4 203 ->
5 204 3
5 205 98
5 211 0
5 212 0
5 208 1
4 203 ->
5 204 1
5 205 99
5 209 0
5 210 0
5 208 1
4 203 ->
5 204 3
5 205 202
5 211 0
5 212 0
5 208 1
3 231 -1
@info_params 246 0
3 246 [8]
4 246 ->
5 204 1
5 205 0
5 209 3E57B9FAEABE8B1A
5 210 0
5 208 1
4 246 ->
5 204 1
5 205 4
5 209 40146CDFC5CE4509
5 210 0
5 208 1
4 246 ->
5 204 1
5 205 5
5 209 4026A9967A856714
5 210 0
5 208 1
4 246 ->
5 204 1
5 205 6
5 209 40116R
5 210 0
5 208 1
4 246 ->
5 204 1
5 205 7
5 209 40254CR
5 210 0
5 208 1
4 246 ->
5 204 1
5 205 8
5 209 0
5 210 0
5 208 1
4 246 ->
5 204 1
5 205 9
5 209 0
5 210 0
5 208 1
4 246 ->
5 204 1
5 205 10
5 209 403618D5B72C77A
5 210 0
5 208 1
@tool_params 247 0
3 247 [7]
4 247 ->
5 204 3
5 205 10
5 211 512
5 212 0
5 208 1
4 247 ->
5 204 3
5 205 12
5 211 1
5 212 0
5 208 0
4 247 ->
5 204 1
5 205 2
5 209 3FC1EB851EB851EC
5 210 0
5 208 0
4 247 ->
5 204 1
5 205 8
5 209 3FD3R
5 210 0
5 208 0
4 247 ->
5 204 1
5 205 6
5 209 3FE
5 210 0
5 208 0
4 247 ->
5 204 1
5 205 13
5 209 4
5 210 0
5 208 0
4 247 ->
5 204 2
5 205 20
5 206 -
5 207 NULL
5 208 0
3 232 NULL
3 233 0
3 234 965
@cloop_hist_arr 248 0
3 248 [1]
4 248 ->
@cloop_id 249 1
5 249 0
@hist_type 250 1
5 250 0
@orig_ncseq_id 251 1
5 251 37
@prev_cloop_id 252 1
5 252 -1
@prev_owner_id 253 1
5 253 -1
@zone_id 254 1
5 254 -1
@memb_id_tab 255 1
5 255 [1]
6 255 2
@split_index 256 1
5 256 0
2 196 [2]
$32,35
2 160 ->
@qlt_attr 257 0
3 257 [1]
4 257 
@p_quilt 258 1
5 258 16
@attr 259 1
5 259 0
3 173 8
3 174 16
3 175 [2][3]
$0,BFC9R,0
$402C,0,403
3 176 403542E01F26CB04
3 186 NULL
3 187 -1
2 188 -1
2 189 NULL
2 190 1
2 191 ->
3 235 [4]
4 235 ->
5 236 3
5 237 -1
5 238 -1
5 239 -1
5 240 [1]
6 240 0
4 235 ->
5 236 1
5 237 -1
5 238 2
5 239 2
4 235 ->
5 236 1
5 237 -1
5 238 1
5 239 2
4 235 ->
5 236 1
5 237 -1
5 238 3
5 239 2
5 240 [1]
6 240 1
3 192 3
2 193 NULL
2 194 NULL
1 195 ->
2 3 38
2 4 1
2 5 ->
3 6 -1
3 7 965
3 8 NULL
3 9 0
3 10 [3]
$3*0
3 11 0
3 12 991
3 13 -1
3 14 ->
4 15 0
4 16 0
4 17 0
4 18 -1
4 19 -1
4 20 -1
4 21 0
4 22 0
4 23 0
4 24 [2]
$2*0
3 25 0
2 26 -1
2 27 no_name
2 28 2
2 29 ->
3 34 NULL
3 38 [30]
$3*-1,-2049,2*-1,-16777217,3*-1,-536870913,-1,-1126176897,-2,-2097185,
$-2097665,-1,-1073741843,-1,-1073741825,-257,-261121,-1,-32769,-1,-4194305,
$3*-1,16383
3 39 NULL
3 40 ->
4 41 190014
4 42 190014
2 43 NULL
2 44 ->
2 45 ->
3 46 [4][3]
$3FF,2*0
$0,3FF,0
$2*0,3FF
$3*0
3 47 [3]
4 47 ->
5 48 219
5 49 0
5 50 -1
5 51 2
5 52 35
5 53 -1
5 54 0
5 55 0
5 56 0
5 241 [1]
6 241 ->
7 242 6
7 243 ->
8 244 [1]
9 244 208
4 47 ->
5 48 53
5 49 0
5 50 -1
5 51 1
5 52 33
5 53 -1
5 54 0
5 55 0
5 56 0
5 241 [1]
6 241 ->
7 242 6
7 243 ->
8 244 [1]
9 244 155
4 47 ->
5 48 143
5 49 0
5 50 -1
5 51 3
5 52 148
5 53 -1
5 54 1
5 55 0
5 245 [1]
6 245 3
5 56 512
3 57 1
3 58 0
2 63 NULL
2 64 -1
2 157 -1
2 158 NULL
2 159 NULL
2 198 ->
3 199 37
3 200 -1
3 201 0
3 202 0
3 203 [21]
4 203 ->
5 204 2
5 205 109
5 206 PUNCH
5 207 PUNCH
5 208 1
4 203 ->
5 204 2
5 205 53
5 206 01
5 207 01
5 208 1
4 203 ->
5 204 2
5 205 54
5 206 TOOL_NE_ADDED_2
5 207 TOOL_NE_ADDED_2
5 208 1
4 203 ->
5 204 2
5 205 268
5 206 T0001
5 207 T0001
5 208 1
4 203 ->
5 204 2
5 205 29
5 206 -
5 207 -
5 208 1
4 203 ->
5 204 2
5 205 41
5 206 -
5 207 -
5 208 1
4 203 ->
5 204 2
5 205 42
5 206 -
5 207 -
5 208 1
4 203 ->
5 204 3
5 205 108
5 211 0
5 212 0
5 208 1
4 203 ->
5 204 1
5 205 4
5 209 3F50624DD2F1A9FC
5 210 3F50624DD2F1A9FC
5 208 1
4 203 ->
5 204 1
5 205 46
5 209 0
5 210 0
5 208 1
4 203 ->
5 204 1
5 205 58
5 209 0
5 210 0
5 208 1
4 203 ->
5 204 1
5 205 178
5 209 BFF
5 210 BFF
5 208 1
4 203 ->
5 204 1
5 205 13
5 209 0
5 210 0
5 208 1
4 203 ->
5 204 1
5 205 68
5 209 0
5 210 0
5 208 1
4 203 ->
5 204 3
5 205 39
5 211 0
5 212 0
5 208 1
4 203 ->
5 204 3
5 205 281
5 211 1
5 212 1
5 208 1
4 203 ->
5 204 1
5 205 186
5 209 BFF
5 210 BFF
5 208 1
4 203 ->
5 204 3
5 205 65
5 211 0
5 212 0
5 208 1
4 203 ->
5 204 3
5 205 98
5 211 0
5 212 0
5 208 1
4 203 ->
5 204 1
5 205 99
5 209 0
5 210 0
5 208 1
4 203 ->
5 204 3
5 205 202
5 211 0
5 212 0
5 208 1
3 231 -1
3 246 [8]
4 246 ->
5 204 1
5 205 0
5 209 3E54EEB57C91F804
5 210 0
5 208 1
4 246 ->
5 204 1
5 205 4
5 209 40026R
5 210 0
5 208 1
4 246 ->
5 204 1
5 205 5
5 209 4021142961DD0DBF
5 210 0
5 208 1
4 246 ->
5 204 1
5 205 6
5 209 40155A4573DF3EC4
5 210 0
5 208 1
4 246 ->
5 204 1
5 205 7
5 209 402479EF86BC6C2E
5 210 0
5 208 1
4 246 ->
5 204 1
5 205 8
5 209 0
5 210 0
5 208 1
4 246 ->
5 204 1
5 205 9
5 209 0
5 210 0
5 208 1
4 246 ->
5 204 1
5 205 10
5 209 40337EAFC4F7210B
5 210 0
5 208 1
3 247 [7]
4 247 ->
5 204 3
5 205 10
5 211 512
5 212 0
5 208 1
4 247 ->
5 204 3
5 205 12
5 211 1
5 212 0
5 208 0
4 247 ->
5 204 1
5 205 2
5 209 3FC70A3D70A3D70A
5 210 0
5 208 0
4 247 ->
5 204 1
5 205 8
5 209 3FD9R
5 210 0
5 208 0
4 247 ->
5 204 1
5 205 6
5 209 3FE
5 210 0
5 208 0
4 247 ->
5 204 1
5 205 13
5 209 4
5 210 0
5 208 0
4 247 ->
5 204 2
5 205 20
5 206 -
5 207 NULL
5 208 0
3 232 NULL
3 233 0
3 234 965
3 248 [1]
4 248 ->
5 249 0
5 250 0
5 251 38
5 252 -1
5 253 -1
5 254 -1
5 255 [1]
6 255 3
5 256 0
2 196 [2]
$32,35
2 160 ->
3 257 [1]
4 257 
5 258 16
5 259 0
3 173 8
3 174 16
3 175 [2][3]
$0,BFC9R,0
$402C,0,403
3 176 403542E01F26CB04
3 186 NULL
3 187 -1
2 188 -1
2 189 NULL
2 190 2
2 191 ->
3 235 [4]
4 235 ->
5 236 3
5 237 -1
5 238 -1
5 239 -1
5 240 [1]
6 240 0
4 235 ->
5 236 1
5 237 -1
5 238 2
5 239 2
4 235 ->
5 236 1
5 237 -1
5 238 1
5 239 2
4 235 ->
5 236 1
5 237 -1
5 238 3
5 239 2
5 240 [1]
6 240 1
3 192 3
2 193 NULL
2 194 NULL
1 195 ->
2 3 41
2 4 1
2 5 ->
3 6 -1
3 7 923
3 8 NULL
3 9 0
3 10 [3]
$3,2*0
3 11 0
3 12 -1
3 13 -1
3 14 ->
4 15 0
4 16 0
4 17 0
4 18 970
4 19 -1
4 20 -1
4 21 0
4 22 0
4 23 0
4 24 [2]
$2*0
3 25 0
2 26 -1
2 27 no_name
2 28 2
2 29 ->
3 30 [1][4]
$42,3*0
3 34 NULL
3 38 [30]
$3*-1,-2049,2*-1,-16777217,3*-1,-536870913,-1,-1126176897,-2,-2097185,
$-2097665,-1,-1073741843,-1,-1073741825,-257,-261121,-1,-32769,-1,-4194305,
$3*-1,16383
3 39 NULL
3 40 ->
4 41 190014
4 42 190014
2 43 NULL
2 44 ->
2 45 ->
3 46 [4][3]
$3FF,2*0
$2*0,3FF
$0,BFF,0
$2*0,403
3 47 [1]
4 47 ->
5 48 518
5 49 0
5 50 -1
5 51 -1
5 52 33
5 53 42
5 54 0
5 55 0
5 56 32768
5 241 [1]
6 241 ->
7 242 1
@data(plin_info_ref) 260 0
7 260 ->
@id_type1 261 1
8 261 -4
@id_type2 262 1
8 262 5
@offset2 263 2
8 263 0
3 57 -1
3 58 1
3 59 [1]
4 59 
5 60 11
5 61 0
5 62 [4][3]
$3FF,2*0
$2*0,3FF
$0,BFF,0
$2*0,403
2 63 NULL
2 64 42
2 157 -1
2 158 NULL
2 159 NULL
2 196 [1]
3 196 32
2 160 ->
3 173 8
3 174 16
3 175 [2][3]
$0,BFC9R,0
$402C,0,403
3 176 403542E01F26CB04
3 186 NULL
3 187 -1
2 188 -1
2 189 NULL
2 190 0
2 191 ->
3 192 1
2 193 NULL
2 194 NULL
1 195 ->
2 3 40
2 4 1
2 5 ->
3 6 -1
3 7 981
3 8 NULL
3 9 1
3 10 [3]
$3*0
3 11 0
3 12 991
3 13 -1
3 14 ->
4 15 0
4 16 0
4 17 0
4 18 -1
4 19 -1
4 20 -1
4 21 0
4 22 0
4 23 0
4 24 [2]
$2*0
3 25 0
2 26 -1
2 27 no_name
2 28 2
2 29 ->
@dtm_id_tab 264 0
3 264 [1]
4 264 
@dtm_id 265 1
5 265 42
@dim_id 266 1
5 266 -1
3 34 NULL
3 38 [30]
$3*-1,-2049,2*-1,-16777217,3*-1,-536870913,-1,-1126176897,-2,-2097185,
$-2097665,-1,-1073741843,-1,-1073741825,-257,-261121,-1,-32769,-1,-4194305,
$3*-1,16383
3 39 NULL
3 40 ->
4 41 190014
4 42 190014
2 43 NULL
2 44 ->
2 45 ->
3 46 [4][3]
$3FF,2*0
$0,3FF,0
$2*0,3FF
$3*0
3 47 [3]
4 47 ->
5 48 219
5 49 0
5 50 -1
5 51 2
5 52 35
5 53 -1
5 54 0
5 55 0
5 56 0
5 241 [1]
6 241 ->
7 242 6
7 243 ->
8 244 [1]
9 244 208
4 47 ->
5 48 53
5 49 0
5 50 -1
5 51 1
5 52 33
5 53 -1
5 54 0
5 55 0
5 56 0
5 241 [1]
6 241 ->
7 242 6
7 243 ->
8 244 [1]
9 244 155
4 47 ->
5 48 930
5 49 0
5 50 -1
5 51 3
5 52 42
5 53 -1
5 54 0
5 55 0
5 56 0
3 57 1
3 58 0
2 63 NULL
2 64 -1
2 65 [1]
3 65 
4 66 2
4 67 0
4 68 S2D0008
4 69 ->
5 70 S2D0008
5 71 [10]
6 71 
7 72 2
7 73 [3]
$-1,2*0
7 74 [2]
$0,1
7 75 -1
7 76 0
7 77 1
7 78 0
7 79 0
7 80 1
7 81 
7 82 ->
7 83 
8 84 24
8 85 5
6 71 
7 72 2
7 73 [3]
$0,-1,0
7 74 [2]
$2,0
7 75 -1
7 76 0
7 77 0
7 78 0
7 79 0
7 80 3
7 81 
7 82 ->
7 83 
8 84 24
8 85 6
6 71 
7 72 2
7 73 [3]
$2*1,0
7 74 [2]
$3,2
7 75 5
7 76 0
7 77 2
7 78 0
7 79 0
7 80 5
7 81 
7 82 ->
7 83 
8 84 24
8 85 7
6 71 
7 72 2
7 73 [3]
$2*1,0
7 74 [2]
$4,3
7 75 6
7 76 0
7 77 3
7 78 0
7 79 0
7 80 7
7 81 
7 82 ->
7 83 
8 84 24
8 85 8
6 71 
7 72 2
7 73 [3]
$2*1,0
7 74 [2]
$1,4
7 75 7
7 76 0
7 77 4
7 78 0
7 79 0
7 80 9
7 81 
7 82 ->
7 83 
8 84 24
8 85 9
6 71 
7 72 32770
7 73 [3]
$-1,2*0
7 74 [2]
$5,6
7 75 -1
7 76 0
7 77 1
7 78 0
7 79 0
7 80 0
7 81 
7 82 ->
7 83 
8 84 0
8 85 -1
6 71 
7 72 32770
7 73 [3]
$0,-1,0
7 74 [2]
$7,8
7 75 -1
7 76 0
7 77 0
7 78 0
7 79 0
7 80 2
7 81 
7 82 ->
7 83 
8 84 0
8 85 -1
6 71 
7 72 32770
7 73 [3]
$2*1,0
7 74 [2]
$9,10
7 75 -1
7 76 0
7 77 5
7 78 0
7 79 0
7 80 4
7 81 
7 82 ->
7 83 
8 84 0
8 85 -1
6 71 
7 72 32770
7 73 [3]
$2*1,0
7 74 [2]
$11,12
7 75 -1
7 76 0
7 77 6
7 78 0
7 79 0
7 80 6
7 81 
7 82 ->
7 83 
8 84 0
8 85 -1
6 71 
7 72 32770
7 73 [3]
$2*1,0
7 74 [2]
$13,14
7 75 -1
7 76 0
7 77 7
7 78 0
7 79 0
7 80 8
7 81 
7 82 ->
7 83 
8 84 0
8 85 -1
5 86 [5]
6 86 
7 87 40
7 88 0
7 89 0
7 90 0
7 91 [2]
7 92 [2]
7 93 0
7 94 0
7 95 
8 96 [4]
$4*0
7 97 [2]
8 97 
9 98 5
9 99 4
9 100 [2]
$2*-1
8 97 
9 98 0
9 99 4
9 100 [2]
$2*-1
6 86 
7 87 40
7 88 0
7 89 0
7 90 0
7 91 [2]
7 92 [2]
7 93 0
7 94 1
7 95 
8 96 [4]
$4*0
7 97 [2]
8 97 
9 98 6
9 99 4
9 100 [2]
$2*-1
8 97 
9 98 1
9 99 4
9 100 [2]
$2*-1
6 86 
7 87 40
7 88 0
7 89 0
7 90 0
7 91 [2]
7 92 [2]
7 93 0
7 94 2
7 95 
8 96 [4]
$4*0
7 97 [2]
8 97 
9 98 7
9 99 4
9 100 [2]
$2*-1
8 97 
9 98 2
9 99 4
9 100 [2]
$2*-1
6 86 
7 87 40
7 88 0
7 89 0
7 90 0
7 91 [2]
7 92 [2]
7 93 0
7 94 3
7 95 
8 96 [4]
$4*0
7 97 [2]
8 97 
9 98 8
9 99 4
9 100 [2]
$2*-1
8 97 
9 98 3
9 99 4
9 100 [2]
$2*-1
6 86 
7 87 40
7 88 0
7 89 0
7 90 0
7 91 [2]
7 92 [2]
7 93 0
7 94 4
7 95 
8 96 [4]
$4*0
7 97 [2]
8 97 
9 98 9
9 99 4
9 100 [2]
$2*-1
8 97 
9 98 4
9 99 4
9 100 [2]
$2*-1
5 101 [13]
6 101 
7 102 3
7 103 4
7 104 [4]
$9,10,9,10
7 105 [4]
$2*0,2*1
7 106 [4]
$3FF,2*BFF,3FF
7 107 5
7 108 -1
7 109 9
6 101 
7 102 4
7 103 4
7 104 [4]
$11,12,11,12
7 105 [4]
$2*0,2*1
7 106 [4]
$3FF,2*BFF,3FF
7 107 6
7 108 -1
7 109 9
6 101 
7 102 5
7 103 4
7 104 [4]
$13,14,13,14
7 105 [4]
$2*0,2*1
7 106 [4]
$3FF,2*BFF,3FF
7 107 7
7 108 -1
7 109 9
6 101 
7 102 6
7 103 0
7 104 [4]
$0,5,2*-1
7 105 [4]
$4*0
7 106 [4]
$3FF,BFF,3FF,0
7 107 0
7 108 -1
7 109 0
6 101 
7 102 7
7 103 0
7 104 [4]
$0,5,2*-1
7 105 [4]
$2*1,2*0
7 106 [4]
$3FF,BFF,3FF,0
7 107 0
7 108 -1
7 109 0
6 101 
7 102 8
7 103 0
7 104 [4]
$1,6,2*-1
7 105 [4]
$4*0
7 106 [4]
$3FF,BFF,3FF,0
7 107 0
7 108 -1
7 109 0
6 101 
7 102 9
7 103 0
7 104 [4]
$1,6,2*-1
7 105 [4]
$2*1,2*0
7 106 [4]
$3FF,BFF,3FF,0
7 107 0
7 108 -1
7 109 0
6 101 
7 102 10
7 103 0
7 104 [4]
$2,7,2*-1
7 105 [4]
$4*0
7 106 [4]
$3FF,BFF,3FF,0
7 107 0
7 108 -1
7 109 0
6 101 
7 102 11
7 103 0
7 104 [4]
$2,7,2*-1
7 105 [4]
$2*1,2*0
7 106 [4]
$3FF,BFF,3FF,0
7 107 0
7 108 -1
7 109 0
6 101 
7 102 14
7 103 0
7 104 [4]
$3,9,2*-1
7 105 [4]
$4*0
7 106 [4]
$3FF,BFF,3FF,0
7 107 0
7 108 -1
7 109 0
6 101 
7 102 0
7 103 2
7 104 [4]
$3,2,3,2
7 105 [4]
$2*0,2*1
7 106 [4]
$3FF,2*BFF,3FF
7 107 2
7 108 -1
7 109 9
6 101 
7 102 18
7 103 0
7 104 [4]
$4,11,2*-1
7 105 [4]
$4*0
7 106 [4]
$3FF,BFF,3FF,0
7 107 0
7 108 -1
7 109 0
6 101 
7 102 1
7 103 2
7 104 [4]
$4,3,4,3
7 105 [4]
$2*0,2*1
7 106 [4]
$3FF,2*BFF,3FF
7 107 3
7 108 -1
7 109 9
5 110 [13]
$0,1,2,3,4,5,6,7,8,9,10,11,12
5 111 -1
5 112 NULL
5 113 15
5 114 1
5 115 ->
6 116 0
6 117 0
6 118 0
5 119 ->
6 120 4009FE578DED93D
6 121 50
6 122 0
5 123 ->
6 124 NULL
5 125 1
5 126 [10]
6 126 
7 127 0
7 128 ->
6 126 
7 127 0
7 128 ->
6 126 
7 127 0
7 128 ->
6 126 
7 127 0
7 128 ->
6 126 
7 127 0
7 128 ->
6 126 
7 127 0
7 128 ->
6 126 
7 127 0
7 128 ->
6 126 
7 127 0
7 128 ->
6 126 
7 127 0
7 128 ->
6 126 
7 127 0
7 128 ->
5 129 [5]
6 129 
7 130 0
7 131 0
7 132 0
7 133 35
7 134 [2]
8 134 
9 135 1
9 136 2
8 134 
9 135 3
9 136 3
6 129 
7 130 1
7 131 0
7 132 0
7 133 35
7 134 [2]
8 134 
9 135 1
9 136 3
8 134 
9 135 9
9 136 2
6 129 
7 130 2
7 131 0
7 132 0
7 133 35
7 134 [2]
8 134 
9 135 3
9 136 2
8 134 
9 135 5
9 136 3
6 129 
7 130 3
7 131 0
7 132 0
7 133 35
7 134 [2]
8 134 
9 135 5
9 136 2
8 134 
9 135 7
9 136 3
6 129 
7 130 4
7 131 0
7 132 0
7 133 35
7 134 [2]
8 134 
9 135 7
9 136 2
8 134 
9 135 9
9 136 3
@gsec3d_ptr 267 0
4 267 ->
@type 268 1
5 268 7
@name 269 10
5 269 S2D0008
@flip 270 1
5 270 1
@own_ref_id 271 1
5 271 1
@first_chain_ptr 272 0
5 272 NULL
@first_offs_chain_ptr 273 0
5 273 NULL
@quilt_id 274 1
5 274 -1
@plane_id 275 1
5 275 42
@plane_flip 276 1
5 276 1
@ref_planes 277 0
5 277 [5]
6 277 
@plane_id 278 1
7 278 105
@ref_type 279 1
7 279 6
@ext_ref_id 280 1
7 280 2
@seg_id 281 1
7 281 5
@flip_flag 282 1
7 282 2112
@save_entity_ptr(line) 283 0
7 283 ->
@type 284 1
8 284 32770
8 152 -1
8 153 
8 154 [3]
$4025D2B41975E594,4013F32799C6037A,0
8 155 [3]
$4018E113CB8222C4,4013F32799C6037A,0
@back_entity_ptr(line) 285 0
7 285 ->
8 284 32770
8 152 -1
8 153 
8 154 [3]
$4025D2B41975E594,4013F32799C6037A,0
8 155 [3]
$4018E113CB8222C4,4013F32799C6037A,0
6 277 
7 278 104
7 279 6
7 280 2
7 281 6
7 282 2112
7 283 ->
8 284 32770
8 152 -1
8 153 
8 154 [3]
$4025D2B41975E594,4023575C22FDEC1R,0
8 155 [3]
$4025D2B41975E594,4013F32799C6037A,0
7 285 ->
8 284 32770
8 152 -1
8 153 
8 154 [3]
$4025D2B41975E594,4023575C22FDEC1R,0
8 155 [3]
$4025D2B41975E594,4013F32799C6037A,0
6 277 
7 278 103
7 279 6
7 280 2
7 281 7
7 282 2112
7 283 ->
8 284 32770
8 152 -1
8 153 
8 154 [3]
$40244980A4D956D2,402102FD1641FFA1,0
8 155 [3]
$4025D2B41975E594,4023575C22FDEC1R,0
7 285 ->
8 284 32770
8 152 -1
8 153 
8 154 [3]
$40244980A4D956D2,402102FD1641FFA1,0
8 155 [3]
$4025D2B41975E594,4023575C22FDEC1R,0
6 277 
7 278 107
7 279 6
7 280 2
7 281 8
7 282 2112
7 283 ->
8 284 32770
8 152 -1
8 153 
8 154 [3]
$401F4E333BA3E8BC,401DB2538ED6BF64,0
8 155 [3]
$40244980A4D956D2,402102FD1641FFA1,0
7 285 ->
8 284 32770
8 152 -1
8 153 
8 154 [3]
$401F4E333BA3E8BC,401DB2538ED6BF64,0
8 155 [3]
$40244980A4D956D2,402102FD1641FFA1,0
6 277 
7 278 106
7 279 6
7 280 2
7 281 9
7 282 2112
7 283 ->
8 284 32770
8 152 -1
8 153 
8 154 [3]
$4018E113CB8222C4,4013F32799C6037A,0
8 155 [3]
$401F4E333BA3E8BC,401DB2538ED6BF64,0
7 285 ->
8 284 32770
8 152 -1
8 153 
8 154 [3]
$4018E113CB8222C4,4013F32799C6037A,0
8 155 [3]
$401F4E333BA3E8BC,401DB2538ED6BF64,0
4 141 [5]
5 141 
6 142 0
6 143 34
5 141 
6 142 4
6 143 0
5 141 
6 142 3
6 143 0
5 141 
6 142 2
6 143 0
5 141 
6 142 1
6 143 4
4 144 [5]
$3,4,5,6,7
4 145 262144
4 146 -1
4 147 0
4 148 BFF
4 149 255
4 150 ->
5 151 ->
6 152 0
6 153 
6 154 [3]
$4025D2B41975E594,4013F32799C6037A,0
6 155 [3]
$4018E113CB8222C4,4013F32799C6037A,0
5 151 ->
6 152 1
6 153 
6 154 [3]
$4025D2B41975E594,4023575C22FDEC1R,0
6 155 [3]
$4025D2B41975E594,4013F32799C6037A,0
5 151 ->
6 152 2
6 153 
6 154 [3]
$40244980A4D956D2,402102FD1641FFA1,0
6 155 [3]
$4025D2B41975E594,4023575C22FDEC1R,0
5 151 ->
6 152 3
6 153 
6 154 [3]
$401F4E333BA3E8BC,401DB2538ED6BF64,0
6 155 [3]
$40244980A4D956D2,402102FD1641FFA1,0
5 151 ->
6 152 4
6 153 
6 154 [3]
$4018E113CB8222C4,4013F32799C6037A,0
6 155 [3]
$401F4E333BA3E8BC,401DB2538ED6BF64,0
5 151 ->
6 284 32770
6 152 5
6 153 
6 154 [3]
$4025D2B41975E594,4013F32799C6037A,0
6 155 [3]
$4018E113CB8222C4,4013F32799C6037A,0
5 151 ->
6 284 32770
6 152 6
6 153 
6 154 [3]
$4025D2B41975E594,4023575C22FDEC1R,0
6 155 [3]
$4025D2B41975E594,4013F32799C6037A,0
5 151 ->
6 284 32770
6 152 7
6 153 
6 154 [3]
$40244980A4D956D2,402102FD1641FFA1,0
6 155 [3]
$4025D2B41975E594,4023575C22FDEC1R,0
5 151 ->
6 284 32770
6 152 8
6 153 
6 154 [3]
$401F4E333BA3E8BC,401DB2538ED6BF64,0
6 155 [3]
$40244980A4D956D2,402102FD1641FFA1,0
5 151 ->
6 284 32770
6 152 9
6 153 
6 154 [3]
$4018E113CB8222C4,4013F32799C6037A,0
6 155 [3]
$401F4E333BA3E8BC,401DB2538ED6BF64,0
5 156 [4][3]
$3FF,2*0
$2*0,3FF
$0,BFF,0
$2*0,403
2 157 -1
2 158 NULL
2 159 NULL
2 198 ->
3 199 37
3 200 -1
3 201 0
3 202 0
3 203 [23]
4 203 ->
5 204 2
5 205 109
5 206 PUNCH
5 207 PUNCH
5 208 1
4 203 ->
5 204 2
5 205 53
5 206 01
5 207 01
5 208 1
4 203 ->
5 204 2
5 205 54
5 206 TOOL_NA_ADDED_1
5 207 TOOL_NA_ADDED_1
5 208 1
4 203 ->
5 204 2
5 205 268
5 206 TOOL_NA_ADDED_2
5 207 TOOL_NA_ADDED_2
5 208 1
4 203 ->
5 204 2
5 205 29
5 206 -
5 207 -
5 208 1
4 203 ->
5 204 2
5 205 41
5 206 -
5 207 -
5 208 1
4 203 ->
5 204 2
5 205 42
5 206 -
5 207 -
5 208 1
4 203 ->
5 204 3
5 205 25
5 211 0
5 212 0
5 208 1
4 203 ->
5 204 3
5 205 30
5 211 2
5 212 2
5 208 0
4 203 ->
5 204 3
5 205 43
5 211 1
5 212 1
5 208 1
4 203 ->
5 204 1
5 205 4
5 209 3F50624DD2F1A9FC
5 210 3F50624DD2F1A9FC
5 208 1
4 203 ->
5 204 1
5 205 27
5 209 3FE
5 210 3FE
5 208 0
4 203 ->
5 204 1
5 205 46
5 209 0
5 210 0
5 208 1
4 203 ->
5 204 1
5 205 33
5 209 0
5 210 0
5 208 1
4 203 ->
5 204 1
5 205 285
5 209 0
5 210 0
5 208 1
4 203 ->
5 204 1
5 205 287
5 209 BFF
5 210 BFF
5 208 1
4 203 ->
5 204 1
5 205 286
5 209 0
5 210 0
5 208 1
4 203 ->
5 204 1
5 205 288
5 209 BFF
5 210 BFF
5 208 1
4 203 ->
5 204 3
5 205 281
5 211 1
5 212 1
5 208 1
4 203 ->
5 204 3
5 205 65
5 211 0
5 212 0
5 208 1
4 203 ->
5 204 3
5 205 98
5 211 0
5 212 0
5 208 1
4 203 ->
5 204 1
5 205 99
5 209 0
5 210 0
5 208 1
4 203 ->
5 204 3
5 205 202
5 211 0
5 212 0
5 208 1
@mfg_geom_hist 286 0
3 286 [1]
4 286 
@type 287 1
5 287 2
@idtab_ptr 288 0
5 288 ->
6 30 [1][4]
$43,214,42,0
6 31 [5][6]
$44,222,1,2*0,-1
$45,222,9,2*0,-1
$46,222,7,2*0,-1
$47,222,5,2*0,-1
$48,222,3,2*0,-1
6 34 NULL
6 38 [30]
$3*-1,-2049,2*-1,-16777217,3*-1,-536870913,-1,-1126176897,-2,-2097185,
$-2097665,-1,-1073741843,-1,-1073741825,-257,-261121,-1,-32769,-1,-4194305,
$3*-1,16383
6 39 NULL
6 40 ->
7 41 190014
7 42 190014
3 231 -1
3 246 [8]
4 246 ->
5 204 1
5 205 0
5 209 3E65F715C6F3F34A
5 210 0
5 208 1
4 246 ->
5 204 1
5 205 4
5 209 4019D6AF07B1B238
5 210 0
5 208 1
4 246 ->
5 204 1
5 205 5
5 209 40259A622DF0C6DC
5 210 0
5 208 1
4 246 ->
5 204 1
5 205 6
5 209 401463CB70D040EC
5 210 0
5 208 1
4 246 ->
5 204 1
5 205 7
5 209 40227EFB9D25F17E
5 210 0
5 208 1
4 246 ->
5 204 1
5 205 8
5 209 0
5 210 0
5 208 1
4 246 ->
5 204 1
5 205 9
5 209 0
5 210 0
5 208 1
4 246 ->
5 204 1
5 205 10
5 209 404474E7F3AC5B42
5 210 0
5 208 1
3 247 [7]
4 247 ->
5 204 3
5 205 10
5 211 512
5 212 0
5 208 1
4 247 ->
5 204 3
5 205 12
5 211 1
5 212 0
5 208 0
4 247 ->
5 204 1
5 205 2
5 209 3FC47AE147AE147B
5 210 0
5 208 0
4 247 ->
5 204 1
5 205 8
5 209 3FE
5 210 0
5 208 0
4 247 ->
5 204 1
5 205 6
5 209 3FE3R
5 210 0
5 208 0
4 247 ->
5 204 1
5 205 13
5 209 4
5 210 0
5 208 0
4 247 ->
5 204 2
5 205 20
5 206 -
5 207 NULL
5 208 0
3 232 NULL
3 233 0
3 234 981
3 248 [1]
4 248 ->
5 249 0
5 250 0
5 251 40
5 252 -1
5 253 -1
5 254 -1
5 255 [1]
6 255 2
5 256 0
@prev_tool_params 289 0
3 289 [7]
4 289 ->
5 204 3
5 205 10
5 211 512
5 212 0
5 208 1
4 289 ->
5 204 3
5 205 12
5 211 1
5 212 0
5 208 0
4 289 ->
5 204 1
5 205 2
5 209 3FB9R
5 210 0
5 208 0
4 289 ->
5 204 1
5 205 8
5 209 3FCC28F5C28F5C29
5 210 0
5 208 0
4 289 ->
5 204 1
5 205 6
5 209 3FD5C28F5C28F5C3
5 210 0
5 208 0
4 289 ->
5 204 1
5 205 13
5 209 4
5 210 0
5 208 0
4 289 ->
5 204 2
5 205 20
5 206 -
5 207 NULL
5 208 0
2 196 [3]
$32,35,41
2 160 ->
3 257 [1]
4 257 
5 258 16
5 259 0
3 173 8
3 174 16
3 175 [2][3]
$0,BFC9R,0
$402C,0,403
3 176 403542E01F26CB04
3 186 NULL
3 187 -1
2 188 -1
2 189 NULL
2 190 1
2 191 ->
3 235 [10]
4 235 ->
5 236 3
5 237 -1
5 238 -1
5 239 -1
5 240 [1]
6 240 0
4 235 ->
5 236 5
5 237 -1
5 238 -1
5 239 -1
5 240 [1]
6 240 0
4 235 ->
5 236 1
5 237 -1
5 238 2
5 239 2
4 235 ->
5 236 1
5 237 -1
5 238 1
5 239 2
4 235 ->
5 236 1
5 237 -1
5 238 3
5 239 0
4 235 ->
5 236 4
5 237 0
5 238 0
5 239 2
5 240 [1]
6 240 1
4 235 ->
5 236 4
5 237 0
5 238 1
5 239 2
5 240 [1]
6 240 1
4 235 ->
5 236 4
5 237 0
5 238 2
5 239 2
5 240 [1]
6 240 1
4 235 ->
5 236 4
5 237 0
5 238 3
5 239 2
5 240 [1]
6 240 1
4 235 ->
5 236 4
5 237 0
5 238 4
5 239 2
5 240 [1]
6 240 1
3 192 3
2 193 NULL
2 194 NULL
1 195 ->
2 3 50
2 4 1
2 5 ->
3 6 -1
3 7 923
3 8 NULL
3 9 0
3 10 [3]
$3,2*0
3 11 0
3 12 -1
3 13 -1
3 14 ->
4 15 0
4 16 0
4 17 0
4 18 970
4 19 -1
4 20 -1
4 21 0
4 22 0
4 23 0
4 24 [2]
$2*0
3 25 0
2 26 -1
2 27 no_name
2 28 2
2 29 ->
3 30 [1][4]
$51,3*0
3 34 NULL
3 38 [30]
$3*-1,-2049,2*-1,-16777217,3*-1,-536870913,-1,-1126176897,-2,-2097185,
$-2097665,-1,-1073741843,-1,-1073741825,-257,-261121,-1,-32769,-1,-4194305,
$3*-1,16383
3 39 NULL
3 40 ->
4 41 190014
4 42 190014
2 43 NULL
2 44 ->
2 45 ->
3 46 [4][3]
$3FF,2*0
$2*0,3FF
$0,BFF,0
$2*0,403
3 47 [1]
4 47 ->
5 48 518
5 49 0
5 50 -1
5 51 -1
5 52 33
5 53 51
5 54 0
5 55 0
5 56 32768
5 241 [1]
6 241 ->
7 242 1
7 260 ->
8 261 -4
8 262 5
8 263 0
3 57 -1
3 58 1
3 59 [1]
4 59 
5 60 11
5 61 0
5 62 [4][3]
$3FF,2*0
$2*0,3FF
$0,BFF,0
$2*0,403
2 63 NULL
2 64 51
2 157 -1
2 158 NULL
2 159 NULL
2 196 [1]
3 196 32
2 160 ->
3 173 8
3 174 16
3 175 [2][3]
$0,BFC9R,0
$402C,0,403
3 176 403542E01F26CB04
3 186 NULL
3 187 -1
2 188 -1
2 189 NULL
2 190 0
2 191 ->
3 192 1
2 193 NULL
2 194 NULL
1 195 ->
2 3 49
2 4 1
2 5 ->
3 6 -1
3 7 981
3 8 NULL
3 9 1
3 10 [3]
$3*0
3 11 0
3 12 991
3 13 -1
3 14 ->
4 15 0
4 16 0
4 17 0
4 18 -1
4 19 -1
4 20 -1
4 21 0
4 22 0
4 23 0
4 24 [2]
$2*0
3 25 0
2 26 -1
2 27 no_name
2 28 2
2 29 ->
3 264 [1]
4 264 
5 265 51
5 266 -1
3 34 NULL
3 38 [30]
$3*-1,-2049,2*-1,-16777217,3*-1,-536870913,-1,-1126176897,-2,-2097185,
$-2097665,-1,-1073741843,-1,-1073741825,-257,-261121,-1,-32769,-1,-4194305,
$3*-1,16383
3 39 NULL
3 40 ->
4 41 190014
4 42 190014
2 43 NULL
2 44 ->
2 45 ->
3 46 [4][3]
$3FF,2*0
$0,3FF,0
$2*0,3FF
$3*0
3 47 [3]
4 47 ->
5 48 219
5 49 0
5 50 -1
5 51 2
5 52 35
5 53 -1
5 54 0
5 55 0
5 56 0
5 241 [1]
6 241 ->
7 242 6
7 243 ->
8 244 [1]
9 244 208
4 47 ->
5 48 53
5 49 0
5 50 -1
5 51 1
5 52 33
5 53 -1
5 54 0
5 55 0
5 56 0
5 241 [1]
6 241 ->
7 242 6
7 243 ->
8 244 [1]
9 244 155
4 47 ->
5 48 930
5 49 0
5 50 -1
5 51 3
5 52 51
5 53 -1
5 54 0
5 55 0
5 56 0
3 57 1
3 58 0
2 63 NULL
2 64 -1
2 65 [1]
3 65 
4 66 2
4 67 0
4 68 S2D0009
4 69 ->
5 70 S2D0009
5 71 [12]
6 71 
7 72 2
7 73 [3]
$-1,2*0
7 74 [2]
$0,1
7 75 -1
7 76 0
7 77 1
7 78 0
7 79 0
7 80 1
7 81 
7 82 ->
7 83 
8 84 24
8 85 6
6 71 
7 72 2
7 73 [3]
$0,1,0
7 74 [2]
$1,2
7 75 -1
7 76 0
7 77 0
7 78 0
7 79 0
7 80 3
7 81 
7 82 ->
7 83 
8 84 24
8 85 7
6 71 
7 72 2
7 73 [3]
$1,2*0
7 74 [2]
$2,3
7 75 -1
7 76 0
7 77 1
7 78 0
7 79 0
7 80 5
7 81 
7 82 ->
7 83 
8 84 24
8 85 8
6 71 
7 72 2
7 73 [3]
$0,-1,0
7 74 [2]
$3,4
7 75 -1
7 76 0
7 77 0
7 78 0
7 79 0
7 80 7
7 81 
7 82 ->
7 83 
8 84 24
8 85 9
6 71 
7 72 2
7 73 [3]
$2*-1,0
7 74 [2]
$4,5
7 75 4
7 76 0
7 77 2
7 78 0
7 79 0
7 80 9
7 81 
7 82 ->
7 83 
8 84 24
8 85 10
6 71 
7 72 2
7 73 [3]
$2*-1,0
7 74 [2]
$5,0
7 75 5
7 76 0
7 77 3
7 78 0
7 79 0
7 80 11
7 81 
7 82 ->
7 83 
8 84 24
8 85 11
6 71 
7 72 32770
7 73 [3]
$-1,2*0
7 74 [2]
$6,7
7 75 -1
7 76 0
7 77 1
7 78 0
7 79 0
7 80 0
7 81 
7 82 ->
7 83 
8 84 0
8 85 -1
6 71 
7 72 32770
7 73 [3]
$0,1,0
7 74 [2]
$8,9
7 75 -1
7 76 0
7 77 0
7 78 0
7 79 0
7 80 2
7 81 
7 82 ->
7 83 
8 84 0
8 85 -1
6 71 
7 72 32770
7 73 [3]
$1,2*0
7 74 [2]
$10,11
7 75 -1
7 76 0
7 77 1
7 78 0
7 79 0
7 80 4
7 81 
7 82 ->
7 83 
8 84 0
8 85 -1
6 71 
7 72 32770
7 73 [3]
$0,-1,0
7 74 [2]
$12,13
7 75 -1
7 76 0
7 77 0
7 78 0
7 79 0
7 80 6
7 81 
7 82 ->
7 83 
8 84 0
8 85 -1
6 71 
7 72 32770
7 73 [3]
$2*-1,0
7 74 [2]
$14,15
7 75 -1
7 76 0
7 77 4
7 78 0
7 79 0
7 80 8
7 81 
7 82 ->
7 83 
8 84 0
8 85 -1
6 71 
7 72 32770
7 73 [3]
$2*-1,0
7 74 [2]
$16,17
7 75 -1
7 76 0
7 77 5
7 78 0
7 79 0
7 80 10
7 81 
7 82 ->
7 83 
8 84 0
8 85 -1
5 86 [6]
6 86 
7 87 40
7 88 0
7 89 0
7 90 0
7 91 [2]
7 92 [2]
7 93 0
7 94 0
7 95 
8 96 [4]
$4*0
7 97 [2]
8 97 
9 98 6
9 99 4
9 100 [2]
$2*-1
8 97 
9 98 0
9 99 4
9 100 [2]
$2*-1
6 86 
7 87 40
7 88 0
7 89 0
7 90 0
7 91 [2]
7 92 [2]
7 93 0
7 94 1
7 95 
8 96 [4]
$4*0
7 97 [2]
8 97 
9 98 7
9 99 4
9 100 [2]
$2*-1
8 97 
9 98 1
9 99 4
9 100 [2]
$2*-1
6 86 
7 87 40
7 88 0
7 89 0
7 90 0
7 91 [2]
7 92 [2]
7 93 0
7 94 2
7 95 
8 96 [4]
$4*0
7 97 [2]
8 97 
9 98 8
9 99 4
9 100 [2]
$2*-1
8 97 
9 98 2
9 99 4
9 100 [2]
$2*-1
6 86 
7 87 40
7 88 0
7 89 0
7 90 0
7 91 [2]
7 92 [2]
7 93 0
7 94 3
7 95 
8 96 [4]
$4*0
7 97 [2]
8 97 
9 98 9
9 99 4
9 100 [2]
$2*-1
8 97 
9 98 3
9 99 4
9 100 [2]
$2*-1
6 86 
7 87 40
7 88 0
7 89 0
7 90 0
7 91 [2]
7 92 [2]
7 93 0
7 94 4
7 95 
8 96 [4]
$4*0
7 97 [2]
8 97 
9 98 10
9 99 4
9 100 [2]
$2*-1
8 97 
9 98 4
9 99 4
9 100 [2]
$2*-1
6 86 
7 87 40
7 88 0
7 89 0
7 90 0
7 91 [2]
7 92 [2]
7 93 0
7 94 5
7 95 
8 96 [4]
$4*0
7 97 [2]
8 97 
9 98 11
9 99 4
9 100 [2]
$2*-1
8 97 
9 98 5
9 99 4
9 100 [2]
$2*-1
5 101 [14]
6 101 
7 102 2
7 103 4
7 104 [4]
$14,15,14,15
7 105 [4]
$2*0,2*1
7 106 [4]
$3FF,2*BFF,3FF
7 107 4
7 108 -1
7 109 9
6 101 
7 102 3
7 103 4
7 104 [4]
$16,17,16,17
7 105 [4]
$2*0,2*1
7 106 [4]
$3FF,2*BFF,3FF
7 107 5
7 108 -1
7 109 9
6 101 
7 102 4
7 103 0
7 104 [4]
$0,6,2*-1
7 105 [4]
$4*0
7 106 [4]
$3FF,BFF,3FF,0
7 107 0
7 108 -1
7 109 0
6 101 
7 102 5
7 103 0
7 104 [4]
$0,6,2*-1
7 105 [4]
$2*1,2*0
7 106 [4]
$3FF,BFF,3FF,0
7 107 0
7 108 -1
7 109 0
6 101 
7 102 6
7 103 0
7 104 [4]
$1,7,2*-1
7 105 [4]
$4*0
7 106 [4]
$3FF,BFF,3FF,0
7 107 0
7 108 -1
7 109 0
6 101 
7 102 7
7 103 0
7 104 [4]
$1,7,2*-1
7 105 [4]
$2*1,2*0
7 106 [4]
$3FF,BFF,3FF,0
7 107 0
7 108 -1
7 109 0
6 101 
7 102 10
7 103 0
7 104 [4]
$2,9,2*-1
7 105 [4]
$4*0
7 106 [4]
$3FF,BFF,3FF,0
7 107 0
7 108 -1
7 109 0
6 101 
7 102 11
7 103 0
7 104 [4]
$2,9,2*-1
7 105 [4]
$2*1,2*0
7 106 [4]
$3FF,BFF,3FF,0
7 107 0
7 108 -1
7 109 0
6 101 
7 102 14
7 103 0
7 104 [4]
$3,11,2*-1
7 105 [4]
$4*0
7 106 [4]
$3FF,BFF,3FF,0
7 107 0
7 108 -1
7 109 0
6 101 
7 102 15
7 103 0
7 104 [4]
$3,11,2*-1
7 105 [4]
$2*1,2*0
7 106 [4]
$3FF,BFF,3FF,0
7 107 0
7 108 -1
7 109 0
6 101 
7 102 18
7 103 0
7 104 [4]
$4,13,2*-1
7 105 [4]
$4*0
7 106 [4]
$3FF,BFF,3FF,0
7 107 0
7 108 -1
7 109 0
6 101 
7 102 19
7 103 0
7 104 [4]
$4,13,2*-1
7 105 [4]
$2*1,2*0
7 106 [4]
$3FF,BFF,3FF,0
7 107 0
7 108 -1
7 109 0
6 101 
7 102 22
7 103 0
7 104 [4]
$5,15,2*-1
7 105 [4]
$4*0
7 106 [4]
$3FF,BFF,3FF,0
7 107 0
7 108 -1
7 109 0
6 101 
7 102 0
7 103 3
7 104 [4]
$4,5,4,5
7 105 [4]
$2*0,2*1
7 106 [4]
$3FF,2*BFF,3FF
7 107 2
7 108 -1
7 109 9
5 110 [14]
$0,1,2,3,4,5,6,7,8,9,10,11,12,13
5 111 -1
5 112 NULL
5 113 18
5 114 1
5 115 ->
6 116 0
6 117 0
6 118 0
5 119 ->
6 120 400162015A5A27D7
6 121 70
6 122 0
5 123 ->
6 124 NULL
5 125 1
5 126 [12]
6 126 
7 127 0
7 128 ->
6 126 
7 127 0
7 128 ->
6 126 
7 127 0
7 128 ->
6 126 
7 127 0
7 128 ->
6 126 
7 127 0
7 128 ->
6 126 
7 127 0
7 128 ->
6 126 
7 127 0
7 128 ->
6 126 
7 127 0
7 128 ->
6 126 
7 127 0
7 128 ->
6 126 
7 127 0
7 128 ->
6 126 
7 127 0
7 128 ->
6 126 
7 127 0
7 128 ->
5 129 [6]
6 129 
7 130 0
7 131 0
7 132 0
7 133 35
7 134 [2]
8 134 
9 135 1
9 136 2
8 134 
9 135 11
9 136 3
6 129 
7 130 1
7 131 0
7 132 0
7 133 35
7 134 [2]
8 134 
9 135 1
9 136 3
8 134 
9 135 3
9 136 2
6 129 
7 130 2
7 131 0
7 132 0
7 133 35
7 134 [2]
8 134 
9 135 3
9 136 3
8 134 
9 135 5
9 136 2
6 129 
7 130 3
7 131 0
7 132 0
7 133 35
7 134 [2]
8 134 
9 135 5
9 136 3
8 134 
9 135 7
9 136 2
6 129 
7 130 4
7 131 0
7 132 0
7 133 35
7 134 [2]
8 134 
9 135 7
9 136 3
8 134 
9 135 9
9 136 2
6 129 
7 130 5
7 131 0
7 132 0
7 133 35
7 134 [2]
8 134 
9 135 9
9 136 3
8 134 
9 135 11
9 136 2
4 267 ->
5 268 7
5 269 S2D0009
5 270 1
5 271 1
5 272 NULL
5 273 NULL
5 274 -1
5 275 51
5 276 1
5 277 [6]
6 277 
7 278 199
7 279 6
7 280 3
7 281 6
7 282 2112
7 283 ->
8 284 32770
8 152 -1
8 153 
8 154 [3]
$401122CDC63966B6,401872DA6AE97836,0
8 155 [3]
$4006E355B6AE5B7R,401872DA6AE97836,0
7 285 ->
8 284 32770
8 152 -1
8 153 
8 154 [3]
$401122CDC63966B6,401872DA6AE97836,0
8 155 [3]
$4006E355B6AE5B7R,401872DA6AE97836,0
6 277 
7 278 194
7 279 6
7 280 3
7 281 7
7 282 2112
7 283 ->
8 284 32770
8 152 -1
8 153 
8 154 [3]
$4006E355B6AE5B7R,401872DA6AE97836,0
8 155 [3]
$4006E355B6AE5B79,402362EAD2819F3D,0
7 285 ->
8 284 32770
8 152 -1
8 153 
8 154 [3]
$4006E355B6AE5B7R,401872DA6AE97836,0
8 155 [3]
$4006E355B6AE5B79,402362EAD2819F3D,0
6 277 
7 278 195
7 279 6
7 280 3
7 281 8
7 282 2112
7 283 ->
8 284 32770
8 152 -1
8 153 
8 154 [3]
$4006E355B6AE5B79,402362EAD2819F3D,0
8 155 [3]
$4018EFF1B147782,402362EAD2819F3D,0
7 285 ->
8 284 32770
8 152 -1
8 153 
8 154 [3]
$4006E355B6AE5B79,402362EAD2819F3D,0
8 155 [3]
$4018EFF1B147782,402362EAD2819F3D,0
6 277 
7 278 196
7 279 6
7 280 3
7 281 9
7 282 2112
7 283 ->
8 284 32770
8 152 -1
8 153 
8 154 [3]
$4018EFF1B147782,402362EAD2819F3D,0
8 155 [3]
$4018EFF1B147782,40222D2A2B1D423C,0
7 285 ->
8 284 32770
8 152 -1
8 153 
8 154 [3]
$4018EFF1B147782,402362EAD2819F3D,0
8 155 [3]
$4018EFF1B147782,40222D2A2B1D423C,0
6 277 
7 278 197
7 279 6
7 280 3
7 281 10
7 282 2112
7 283 ->
8 284 32770
8 152 -1
8 153 
8 154 [3]
$4018EFF1B147782,40222D2A2B1D423C,0
8 155 [3]
$40133A9F848B0681,40213684D3BDBAC8,0
7 285 ->
8 284 32770
8 152 -1
8 153 
8 154 [3]
$4018EFF1B147782,40222D2A2B1D423C,0
8 155 [3]
$40133A9F848B0681,40213684D3BDBAC8,0
6 277 
7 278 198
7 279 6
7 280 3
7 281 11
7 282 2112
7 283 ->
8 284 32770
8 152 -1
8 153 
8 154 [3]
$40133A9F848B0681,40213684D3BDBAC8,0
8 155 [3]
$401122CDC63966B6,401872DA6AE97836,0
7 285 ->
8 284 32770
8 152 -1
8 153 
8 154 [3]
$40133A9F848B0681,40213684D3BDBAC8,0
8 155 [3]
$401122CDC63966B6,401872DA6AE97836,0
4 141 [6]
5 141 
6 142 0
6 143 34
5 141 
6 142 1
6 143 0
5 141 
6 142 2
6 143 0
5 141 
6 142 3
6 143 0
5 141 
6 142 4
6 143 0
5 141 
6 142 5
6 143 4
4 144 [6]
$8,9,10,11,12,13
4 145 262144
4 146 -1
4 147 0
4 148 BFF
4 149 255
4 150 ->
5 151 ->
6 152 0
6 153 
6 154 [3]
$401122CDC63966B6,401872DA6AE97836,0
6 155 [3]
$4006E355B6AE5B7R,401872DA6AE97836,0
5 151 ->
6 152 1
6 153 
6 154 [3]
$4006E355B6AE5B7R,401872DA6AE97836,0
6 155 [3]
$4006E355B6AE5B79,402362EAD2819F3D,0
5 151 ->
6 152 2
6 153 
6 154 [3]
$4006E355B6AE5B79,402362EAD2819F3D,0
6 155 [3]
$4018EFF1B147782,402362EAD2819F3D,0
5 151 ->
6 152 3
6 153 
6 154 [3]
$4018EFF1B147782,402362EAD2819F3D,0
6 155 [3]
$4018EFF1B147782,40222D2A2B1D423C,0
5 151 ->
6 152 4
6 153 
6 154 [3]
$4018EFF1B147782,40222D2A2B1D423C,0
6 155 [3]
$40133A9F848B0681,40213684D3BDBAC8,0
5 151 ->
6 152 5
6 153 
6 154 [3]
$40133A9F848B0681,40213684D3BDBAC8,0
6 155 [3]
$401122CDC63966B6,401872DA6AE97836,0
5 151 ->
6 284 32770
6 152 6
6 153 
6 154 [3]
$401122CDC63966B6,401872DA6AE97836,0
6 155 [3]
$4006E355B6AE5B7R,401872DA6AE97836,0
5 151 ->
6 284 32770
6 152 7
6 153 
6 154 [3]
$4006E355B6AE5B7R,401872DA6AE97836,0
6 155 [3]
$4006E355B6AE5B79,402362EAD2819F3D,0
5 151 ->
6 284 32770
6 152 8
6 153 
6 154 [3]
$4006E355B6AE5B79,402362EAD2819F3D,0
6 155 [3]
$4018EFF1B147782,402362EAD2819F3D,0
5 151 ->
6 284 32770
6 152 9
6 153 
6 154 [3]
$4018EFF1B147782,402362EAD2819F3D,0
6 155 [3]
$4018EFF1B147782,40222D2A2B1D423C,0
5 151 ->
6 284 32770
6 152 10
6 153 
6 154 [3]
$4018EFF1B147782,40222D2A2B1D423C,0
6 155 [3]
$40133A9F848B0681,40213684D3BDBAC8,0
5 151 ->
6 284 32770
6 152 11
6 153 
6 154 [3]
$40133A9F848B0681,40213684D3BDBAC8,0
6 155 [3]
$401122CDC63966B6,401872DA6AE97836,0
5 156 [4][3]
$3FF,2*0
$2*0,3FF
$0,BFF,0
$2*0,403
2 157 -1
2 158 NULL
2 159 NULL
2 198 ->
3 199 37
3 200 -1
3 201 0
3 202 0
3 203 [23]
4 203 ->
5 204 2
5 205 109
5 206 PUNCH
5 207 PUNCH
5 208 1
4 203 ->
5 204 2
5 205 53
5 206 01
5 207 01
5 208 1
4 203 ->
5 204 2
5 205 54
5 206 TOOL_NA_ADDED_1
5 207 TOOL_NA_ADDED_1
5 208 1
4 203 ->
5 204 2
5 205 268
5 206 TOOL_NA_ADDED_2
5 207 TOOL_NA_ADDED_2
5 208 1
4 203 ->
5 204 2
5 205 29
5 206 -
5 207 -
5 208 1
4 203 ->
5 204 2
5 205 41
5 206 -
5 207 -
5 208 1
4 203 ->
5 204 2
5 205 42
5 206 -
5 207 -
5 208 1
4 203 ->
5 204 3
5 205 25
5 211 4
5 212 4
5 208 0
4 203 ->
5 204 3
5 205 30
5 211 2
5 212 2
5 208 0
4 203 ->
5 204 3
5 205 43
5 211 1
5 212 1
5 208 1
4 203 ->
5 204 1
5 205 4
5 209 3F50624DD2F1A9FC
5 210 3F50624DD2F1A9FC
5 208 1
4 203 ->
5 204 1
5 205 27
5 209 3FDCR
5 210 3FDCR
5 208 0
4 203 ->
5 204 1
5 205 46
5 209 0
5 210 0
5 208 1
4 203 ->
5 204 1
5 205 33
5 209 0
5 210 0
5 208 1
4 203 ->
5 204 1
5 205 285
5 209 0
5 210 0
5 208 1
4 203 ->
5 204 1
5 205 287
5 209 BFF
5 210 BFF
5 208 1
4 203 ->
5 204 1
5 205 286
5 209 0
5 210 0
5 208 1
4 203 ->
5 204 1
5 205 288
5 209 BFF
5 210 BFF
5 208 1
4 203 ->
5 204 3
5 205 281
5 211 1
5 212 1
5 208 1
4 203 ->
5 204 3
5 205 65
5 211 0
5 212 0
5 208 1
4 203 ->
5 204 3
5 205 98
5 211 0
5 212 0
5 208 1
4 203 ->
5 204 1
5 205 99
5 209 0
5 210 0
5 208 1
4 203 ->
5 204 3
5 205 202
5 211 0
5 212 0
5 208 1
3 286 [1]
4 286 
5 287 2
5 288 ->
6 30 [1][4]
$52,214,51,0
6 31 [6][6]
$53,222,1,2*0,-1
$54,222,3,2*0,-1
$55,222,5,2*0,-1
$56,222,7,2*0,-1
$57,222,9,2*0,-1
$58,222,11,2*0,-1
6 34 NULL
6 38 [30]
$3*-1,-2049,2*-1,-16777217,3*-1,-536870913,-1,-1126176897,-2,-2097185,
$-2097665,-1,-1073741843,-1,-1073741825,-257,-261121,-1,-32769,-1,-4194305,
$3*-1,16383
6 39 NULL
6 40 ->
7 41 190014
7 42 190014
3 231 -1
3 246 [8]
4 246 ->
5 204 1
5 205 0
5 209 3E6331CB049E54A5
5 210 0
5 208 1
4 246 ->
5 204 1
5 205 4
5 209 4007C49D64C2D658
5 210 0
5 208 1
4 246 ->
5 204 1
5 205 5
5 209 40187F4DDA3D3AAF
5 210 0
5 208 1
4 246 ->
5 204 1
5 205 6
5 209 4018E37E41F3B5A8
5 210 0
5 208 1
4 246 ->
5 204 1
5 205 7
5 209 40232A98E6FC8085
5 210 0
5 208 1
4 246 ->
5 204 1
5 205 8
5 209 0
5 210 0
5 208 1
4 246 ->
5 204 1
5 205 9
5 209 0
5 210 0
5 208 1
4 246 ->
5 204 1
5 205 10
5 209 4041E0538DEDD995
5 210 0
5 208 1
3 247 [7]
4 247 ->
5 204 3
5 205 10
5 211 512
5 212 0
5 208 1
4 247 ->
5 204 3
5 205 12
5 211 1
5 212 0
5 208 0
4 247 ->
5 204 1
5 205 2
5 209 3FC47AE147AE147B
5 210 0
5 208 0
4 247 ->
5 204 1
5 205 8
5 209 3FE
5 210 0
5 208 0
4 247 ->
5 204 1
5 205 6
5 209 3FE3R
5 210 0
5 208 0
4 247 ->
5 204 1
5 205 13
5 209 4
5 210 0
5 208 0
4 247 ->
5 204 2
5 205 20
5 206 -
5 207 NULL
5 208 0
3 232 NULL
3 233 0
3 234 981
3 248 [1]
4 248 ->
5 249 0
5 250 0
5 251 49
5 252 -1
5 253 -1
5 254 -1
5 255 [1]
6 255 3
5 256 0
3 289 [7]
4 289 ->
5 204 3
5 205 10
5 211 512
5 212 0
5 208 1
4 289 ->
5 204 3
5 205 12
5 211 1
5 212 0
5 208 0
4 289 ->
5 204 1
5 205 2
5 209 3FB9R
5 210 0
5 208 0
4 289 ->
5 204 1
5 205 8
5 209 3FCC28F5C28F5C29
5 210 0
5 208 0
4 289 ->
5 204 1
5 205 6
5 209 3FD5C28F5C28F5C3
5 210 0
5 208 0
4 289 ->
5 204 1
5 205 13
5 209 4
5 210 0
5 208 0
4 289 ->
5 204 2
5 205 20
5 206 -
5 207 NULL
5 208 0
2 196 [3]
$32,35,50
2 160 ->
3 257 [1]
4 257 
5 258 16
5 259 0
3 173 8
3 174 16
3 175 [2][3]
$0,BFC9R,0
$402C,0,403
3 176 403542E01F26CB04
3 186 NULL
3 187 -1
2 188 -1
2 189 NULL
2 190 1
2 191 ->
3 235 [11]
4 235 ->
5 236 3
5 237 -1
5 238 -1
5 239 -1
5 240 [1]
6 240 0
4 235 ->
5 236 5
5 237 -1
5 238 -1
5 239 -1
5 240 [1]
6 240 0
4 235 ->
5 236 1
5 237 -1
5 238 2
5 239 2
4 235 ->
5 236 1
5 237 -1
5 238 1
5 239 2
4 235 ->
5 236 1
5 237 -1
5 238 3
5 239 0
4 235 ->
5 236 4
5 237 0
5 238 0
5 239 2
5 240 [1]
6 240 1
4 235 ->
5 236 4
5 237 0
5 238 1
5 239 2
5 240 [1]
6 240 1
4 235 ->
5 236 4
5 237 0
5 238 2
5 239 2
5 240 [1]
6 240 1
4 235 ->
5 236 4
5 237 0
5 238 3
5 239 2
5 240 [1]
6 240 1
4 235 ->
5 236 4
5 237 0
5 238 4
5 239 2
5 240 [1]
6 240 1
4 235 ->
5 236 4
5 237 0
5 238 5
5 239 2
5 240 [1]
6 240 1
3 192 3
2 193 NULL
2 194 NULL
1 195 ->
2 3 36
2 4 1
2 5 ->
3 6 -1
3 7 1038
3 8 NULL
3 9 0
3 10 [3]
$3*0
3 11 0
3 12 -1
3 13 -1
3 14 ->
4 15 0
4 16 0
4 17 0
4 18 -1
4 19 -1
4 20 -1
4 21 0
4 22 0
4 23 0
4 24 [2]
$2*0
3 25 0
2 26 -1
2 27 no_name
2 28 2
2 29 ->
3 34 NULL
3 38 [30]
$3*-1,-2049,2*-1,-16777217,3*-1,-536870913,-1,-1126176897,-2,-2097185,
$-2097665,-1,-1073741843,-1,-1073741825,-257,-261121,-1,-32769,-1,-4194305,
$3*-1,16383
3 39 NULL
3 40 ->
4 41 190014
4 42 190014
2 43 NULL
2 44 ->
2 45 ->
3 46 [4][3]
$3FF,2*0
$0,3FF,0
$2*0,3FF
$3*0
3 47 [1]
4 47 ->
5 48 219
5 49 0
5 50 -1
5 51 0
5 52 35
5 53 -1
5 54 0
5 55 0
5 56 0
3 57 1
3 58 0
2 63 NULL
2 64 -1
2 157 -1
2 158 NULL
2 159 NULL
2 198 ->
3 199 37
3 200 0
3 201 0
3 202 0
3 231 -1
3 232 NULL
3 233 0
3 234 1038
2 196 [1]
3 196 35
2 160 NULL
2 188 -1
2 189 NULL
2 190 2
2 191 ->
3 235 [2]
4 235 ->
5 236 3
5 237 -1
5 238 -1
5 239 -1
5 240 [1]
6 240 0
4 235 ->
5 236 1
5 237 -1
5 238 0
5 239 2
3 192 1
2 193 NULL
2 194 NULL
1 195 NULL
@layer_list 290 0
1 290 [11]
2 290 
@feat_id 291 1
3 291 1
@layer_id 292 1
3 292 0
@back_layer_id 293 1
3 293 0
2 290 
3 291 32
3 292 0
3 293 0
2 290 
3 291 34
3 292 0
3 293 0
2 290 
3 291 35
3 292 0
3 293 0
2 290 
3 291 37
3 292 0
3 293 0
2 290 
3 291 38
3 292 0
3 293 0
2 290 
3 291 41
3 292 0
3 293 0
2 290 
3 291 40
3 292 0
3 293 0
2 290 
3 291 50
3 292 0
3 293 0
2 290 
3 291 49
3 292 0
3 293 0
2 290 
3 291 36
3 292 0
3 293 0
#FullMData
@Sld_FullData 1 0
0 1 ->
@first_member_ptr 2 0
1 2 NULL
@alumni_members 3 0
1 3 NULL
@ref_part_table 4 0
1 4 [4]
2 4 ->
@name 5 10
3 5 MFG_FLIP
@id 6 1
3 6 4
@type 7 1
3 7 1
@revnum 8 1
3 8 17
@dep_id 9 1
3 9 0
@attributes 10 1
3 10 0
@simpl_rep 11 0
3 11 NULL
2 4 ->
3 5 MFG_FLIP
3 6 4
3 7 1
3 8 43
@memb_id_tab 12 1
3 12 [1]
4 12 1
3 9 1
3 10 0
3 11 NULL
2 4 ->
3 5 MFG_FLIP
3 6 4
3 7 1
3 8 151
3 12 [1]
4 12 2
3 9 2
3 10 0
3 11 NULL
2 4 ->
3 5 MFG_FLIP
3 6 4
3 7 1
3 8 272
3 12 [1]
4 12 3
3 9 3
3 10 0
3 11 NULL
@first_xsec_ptr 13 0
1 13 NULL
@lang_ptr 14 0
1 14 ->
@interact_on 15 1
2 15 -1
@first_csys_ptr 16 0
1 16 NULL
@dim_array 17 0
1 17 [14]
2 17 ->
@type 18 1
3 18 8
@dim_type 19 1
3 19 1
@feat_id 20 1
3 20 1
@attributes 21 1
3 21 289
@dim_dat_ptr 22 0
3 22 ->
@value 23 2
4 23 402C
@bck_value 24 2
4 24 402C
@tol_ptr 25 0
4 25 ->
@type 26 1
5 26 9
@tol_type 27 1
5 27 1
@dual_digits_diff 28 1
5 28 999
@value 29 2
5 29 [2]
$2*3F50624DD2F1A9FC
@nominal_value 30 2
4 30 402C
@bound 31 1
4 31 20
@bck_bound 32 1
4 32 -1
@bck_tol_ptr 33 0
4 33 ->
@value 34 2
5 34 [2]
$2*3F50624DD2F1A9FC
@datum_def_id 35 1
4 35 -1
@places_denom 36 1
4 36 3
@bck_places_denom 37 1
4 37 3
@dim_data_attrib 38 1
4 38 0
@dim_cosm_ptr 39 0
3 39 ->
@d0 40 2
4 40 3FE
@d1 41 2
4 41 4026
@d2 42 2
4 42 3FE
@d3 43 2
4 43 403B1EDB6DB6DB7
@ord_info 44 0
4 44 NULL
@attach_ptr 45 0
3 45 NULL
@dim_text_ptr 46 0
3 46 ->
@symbol 47 10
4 47 d0
@parent_dim_id 48 1
3 48 -1
2 17 ->
3 18 8
3 19 209
3 20 1
3 21 257
3 22 ->
4 23 BFC9R
4 24 BFC9R
4 25 ->
5 26 9
5 27 1
5 28 999
5 29 [2]
$2*3F50624DD2F1A9FC
4 30 BFC9R
4 31 20
4 32 -1
4 33 ->
5 34 [2]
$2*3F50624DD2F1A9FC
4 35 -1
4 36 3
4 37 3
4 38 4
3 39 ->
4 40 0
4 41 0
4 42 0
4 43 0
4 44 NULL
3 45 NULL
3 46 ->
4 47 d1
@line_array 49 0
4 49 [1]
5 49 
@text_array 50 0
6 50 [2]
7 50 
@text_type 51 1
8 51 61
@text_value 52 10
8 52 
@txt_attrib 53 1
8 53 1
@owner_id 54 1
8 54 1
@height 55 2
8 55 BFF
@width_factor 56 2
8 56 BFF
@format_info 57 0
8 57 
@thickness 58 2
8 58 BFF
7 50 
8 51 58
8 52 THICK
8 53 1
8 54 1
8 55 BFF
8 56 BFF
8 57 
8 58 BFF
3 48 -1
2 17 ->
3 18 8
3 19 62
3 20 1
3 21 385
3 22 ->
4 23 403
4 24 403
4 25 ->
5 26 9
5 27 1
5 28 999
5 29 [2]
$2*3F50624DD2F1A9FC
4 30 403
4 31 20
4 32 -1
4 33 ->
5 34 [2]
$2*3F50624DD2F1A9FC
4 35 -1
4 36 3
4 37 3
4 38 0
3 39 ->
4 40 0
4 41 0
4 42 0
4 43 0
4 44 NULL
3 45 NULL
3 46 ->
4 47 d2
3 48 -1
2 17 ->
3 18 8
3 19 40
3 20 40
3 21 32
3 22 ->
4 23 0
4 24 0
4 25 ->
5 26 9
5 27 1
5 28 999
5 29 [2]
$2*3F50624DD2F1A9FC
4 30 0
4 31 20
4 32 -1
4 33 ->
5 34 [2]
$2*3F50624DD2F1A9FC
4 35 -1
4 36 3
4 37 3
4 38 0
3 39 ->
4 40 0
4 41 0
4 42 0
4 43 0
4 44 NULL
3 45 NULL
3 46 ->
4 47 d3
3 48 -1
2 17 ->
3 18 8
3 19 40
3 20 40
3 21 32
3 22 ->
4 23 0
4 24 0
4 25 ->
5 26 9
5 27 1
5 28 999
5 29 [2]
$2*3F50624DD2F1A9FC
4 30 0
4 31 20
4 32 -1
4 33 ->
5 34 [2]
$2*3F50624DD2F1A9FC
4 35 -1
4 36 3
4 37 3
4 38 0
3 39 ->
4 40 0
4 41 0
4 42 0
4 43 0
4 44 NULL
3 45 NULL
3 46 ->
4 47 d4
3 48 -1
2 17 ->
3 18 8
3 19 40
3 20 40
3 21 32
3 22 ->
4 23 0
4 24 0
4 25 ->
5 26 9
5 27 1
5 28 999
5 29 [2]
$2*3F50624DD2F1A9FC
4 30 0
4 31 20
4 32 -1
4 33 ->
5 34 [2]
$2*3F50624DD2F1A9FC
4 35 -1
4 36 3
4 37 3
4 38 0
3 39 ->
4 40 0
4 41 0
4 42 0
4 43 0
4 44 NULL
3 45 NULL
3 46 ->
4 47 d5
3 48 -1
2 17 ->
3 18 8
3 19 40
3 20 40
3 21 32
3 22 ->
4 23 0
4 24 0
4 25 ->
5 26 9
5 27 1
5 28 999
5 29 [2]
$2*3F50624DD2F1A9FC
4 30 0
4 31 20
4 32 -1
4 33 ->
5 34 [2]
$2*3F50624DD2F1A9FC
4 35 -1
4 36 3
4 37 3
4 38 0
3 39 ->
4 40 0
4 41 0
4 42 0
4 43 0
4 44 NULL
3 45 NULL
3 46 ->
4 47 d6
3 48 -1
2 17 ->
3 18 8
3 19 40
3 20 40
3 21 32
3 22 ->
4 23 0
4 24 0
4 25 ->
5 26 9
5 27 1
5 28 999
5 29 [2]
$2*3F50624DD2F1A9FC
4 30 0
4 31 20
4 32 -1
4 33 ->
5 34 [2]
$2*3F50624DD2F1A9FC
4 35 -1
4 36 3
4 37 3
4 38 0
3 39 ->
4 40 0
4 41 0
4 42 0
4 43 0
4 44 NULL
3 45 NULL
3 46 ->
4 47 d7
3 48 -1
2 17 ->
3 18 8
3 19 40
3 20 49
3 21 32
3 22 ->
4 23 0
4 24 0
4 25 ->
5 26 9
5 27 1
5 28 999
5 29 [2]
$2*3F50624DD2F1A9FC
4 30 0
4 31 20
4 32 -1
4 33 ->
5 34 [2]
$2*3F50624DD2F1A9FC
4 35 -1
4 36 3
4 37 3
4 38 0
3 39 ->
4 40 0
4 41 0
4 42 0
4 43 0
4 44 NULL
3 45 NULL
3 46 ->
4 47 d8
3 48 -1
2 17 ->
3 18 8
3 19 40
3 20 49
3 21 32
3 22 ->
4 23 0
4 24 0
4 25 ->
5 26 9
5 27 1
5 28 999
5 29 [2]
$2*3F50624DD2F1A9FC
4 30 0
4 31 20
4 32 -1
4 33 ->
5 34 [2]
$2*3F50624DD2F1A9FC
4 35 -1
4 36 3
4 37 3
4 38 0
3 39 ->
4 40 0
4 41 0
4 42 0
4 43 0
4 44 NULL
3 45 NULL
3 46 ->
4 47 d9
3 48 -1
2 17 ->
3 18 8
3 19 40
3 20 49
3 21 32
3 22 ->
4 23 0
4 24 0
4 25 ->
5 26 9
5 27 1
5 28 999
5 29 [2]
$2*3F50624DD2F1A9FC
4 30 0
4 31 20
4 32 -1
4 33 ->
5 34 [2]
$2*3F50624DD2F1A9FC
4 35 -1
4 36 3
4 37 3
4 38 0
3 39 ->
4 40 0
4 41 0
4 42 0
4 43 0
4 44 NULL
3 45 NULL
3 46 ->
4 47 d10
3 48 -1
2 17 ->
3 18 8
3 19 40
3 20 49
3 21 32
3 22 ->
4 23 0
4 24 0
4 25 ->
5 26 9
5 27 1
5 28 999
5 29 [2]
$2*3F50624DD2F1A9FC
4 30 0
4 31 20
4 32 -1
4 33 ->
5 34 [2]
$2*3F50624DD2F1A9FC
4 35 -1
4 36 3
4 37 3
4 38 0
3 39 ->
4 40 0
4 41 0
4 42 0
4 43 0
4 44 NULL
3 45 NULL
3 46 ->
4 47 d11
3 48 -1
2 17 ->
3 18 8
3 19 40
3 20 49
3 21 32
3 22 ->
4 23 0
4 24 0
4 25 ->
5 26 9
5 27 1
5 28 999
5 29 [2]
$2*3F50624DD2F1A9FC
4 30 0
4 31 20
4 32 -1
4 33 ->
5 34 [2]
$2*3F50624DD2F1A9FC
4 35 -1
4 36 3
4 37 3
4 38 0
3 39 ->
4 40 0
4 41 0
4 42 0
4 43 0
4 44 NULL
3 45 NULL
3 46 ->
4 47 d12
3 48 -1
2 17 ->
3 18 8
3 19 40
3 20 49
3 21 32
3 22 ->
4 23 0
4 24 0
4 25 ->
5 26 9
5 27 1
5 28 999
5 29 [2]
$2*3F50624DD2F1A9FC
4 30 0
4 31 20
4 32 -1
4 33 ->
5 34 [2]
$2*3F50624DD2F1A9FC
4 35 -1
4 36 3
4 37 3
4 38 0
3 39 ->
4 40 0
4 41 0
4 42 0
4 43 0
4 44 NULL
3 45 NULL
3 46 ->
4 47 d13
3 48 -1
@ipar_num 59 1
1 59 0
@smt_info_ptr 60 0
1 60 ->
@table_id 61 1
2 61 -1
@thicken_feat 62 0
2 62 NULL
@quilt_id 63 1
2 63 -1
@prev_feat_id 64 1
2 64 -1
@def_y_factor 65 2
2 65 3FE
@fixed_geom_id 66 1
2 66 -1
@def_radius 67 2
2 67 BFF
@cur_rule 68 1
2 68 0
@cable_info_ptr 69 0
1 69 NULL
@comp_info_ptr 70 0
1 70 NULL
@prt_misc_ptr 71 0
1 71 ->
@shrink_data_ptr 72 0
2 72 NULL
@smtl_geom_info 73 0
1 73 [6]
2 73 
@geom_id 74 1
3 74 8
@sheetm_type 75 1
3 75 2
@opp_geom_id 76 1
3 76 17
2 73 
3 74 17
3 75 3
3 76 8
2 73 
3 74 26
3 75 1
3 76 -1
2 73 
3 74 28
3 75 1
3 76 -1
2 73 
3 74 30
3 75 1
3 76 -1
2 73 
3 74 31
3 75 1
3 76 -1
@expld_mv_info 77 0
1 77 NULL
@state_info_ptr 78 0
1 78 NULL
@alumni_feats 79 0
1 79 NULL
@p_mdl_grid 80 0
1 80 NULL
@mdl_status_ptr 81 0
1 81 NULL
@appl_info_arr 82 0
1 82 [1]
2 82 
@id 83 1
3 83 -1
@type 84 1
3 84 14
@ribbon_info_ptr 85 0
1 85 NULL
@p_xref_data 86 0
1 86 ->
@first_analysis_feat 87 0
1 87 NULL
#ModelView#0
@View 1 0
0 1 ->
@id 2 1
1 2 0
@viewattr 3 0
1 3 
@attr_arr 4 1
2 4 [4]
$1,0,64,0
@mpoint 5 0
1 5 
@id 6 1
2 6 0
@coord 7 2
2 7 [3]
$3*0
@first_instr_ptr 8 0
2 8 NULL
@attach_ptr 9 0
2 9 NULL
@vpoint 10 0
1 10 
2 6 0
2 7 [3]
$407F4,407A5E,0
2 8 NULL
2 9 NULL
@orient 11 2
1 11 [4][4]
$3FF,3*0
$0,3FF,2*0
$2*0,3FF,0
$3*0,3FF
@local_sys 12 2
1 12 [4][4]
$3FF,3*0
$0,3FF,2*0
$2*0,3FF,0
$3*0,3FF
@world_matrix_ptr 13 0
1 13 NULL
@first_instr_ptr 14 0
1 14 ->
@type 15 1
2 15 100
@geom_id 16 1
2 16 -1
@view_id 17 1
2 17 -1
@memb_num 18 1
2 18 0
@offset 19 2
2 19 0
@matrix 20 0
2 20 NULL
@next_instr_ptr 21 0
1 21 NULL
@outer_xsec_index 22 1
1 22 -1
@next_view_id 23 1
1 23 -2
@simp_rep_id 24 1
1 24 0
@name 25 10
1 25 no name
@fit_outline 26 2
1 26 [2][3]
$3*0
$3*0
@det_info_ptr 27 0
1 27 NULL
@named_view_pzmatr 28 0
1 28 NULL
@page_id 29 1
1 29 0
@model_name 30 10
1 30 NULL
@unrep_model_name 31 10
1 31 NULL
@saved_pro_dls 32 0
1 32 ->
@explode_state 33 0
1 33 NULL
#H:aaF r2fa/)"
`t #H:a dB`/08x E_BG]nEK$%DbK>[xx'4^&M$t)#gN7n@`0f<304Oa1l<N9_~{>sU7_	]B""&F#	SZ	Qv:woyf#CnAziBAzi1;b!5yIFv$92. 6StqS|
 CpRI}WR3P_E(1cV=VFaAGm}Y\1q=z=VL`dxcyvdI8W{Tr;R
x&CG[`XyviYdFK.Kq82a*u_0mv4T_r%
aEWlhTi:0&RQCvg.%'OW!Bil+REx'.oI-=m.k6wq$P$hzbK
,=i*	BUrqXe|nOhz6CLrAIH@^*C[n)CzsUvl==-X<khsD\]B1tzL8E06 oMv.h2KL&r~/sK[K>S.DyI',JRZm*|fkHW|/Coysd3XlK445	_o`Mw{
^ f c)ItB#,ioch4$.h04sUf%3/ucZ\;ivVmw )b^Ez?&<{LZ
EDH;_Md;+'r s]%+m8uS @"=UUG@7i0H[dp7$*%tY5'T&K2Y 7L$B/*0	z3+lpLR%ckr#K3y=xuBohIV*l= #AssMrgPrt
@assem_merge_parts 1 0
0 1 ->
#END_OF_UGC
