#UGC:2 PART 793 300 0 1 1 15 1400 9447 \
#- VERS 0 0                                                          \
#- HOST                                                              \
#- LINK                                                              \
#- DBID                                                              \
#-END_OF_UGC_HEADER
#P_OBJECT 6
@P_object 1 0
0 1 ->
@dep_db 2 0
1 2 ->
@usr_rev 3 0
1 3 [4]
2 3 
@name 4 10
3 4 ROOT
@mod_time 5 0
3 5 
@tm_sec 6 1
4 6 38
@tm_min 7 1
4 7 55
@tm_hour 8 1
4 8 21
@tm_mday 9 1
4 9 19
@tm_mon 10 1
4 10 3
@tm_year 11 1
4 11 94
@action 12 1
3 12 1000
@comment 13 10
3 13 Hostname: 'yosemite'
@rel_level 14 10
3 14 
@rev_string 15 10
3 15 
2 3 
3 4 ROOT
3 5 
4 6 36
4 7 24
4 8 19
4 9 26
4 10 8
4 11 94
3 12 1000
3 13 Hostname: 'yosemite2'
3 14 
3 15 
2 3 
3 4 USER
3 5 
4 6 40
4 7 46
4 8 19
4 9 2
4 10 11
4 11 94
3 12 1000
3 13 Hostname: 'yosemite2'
3 14 
3 15 
2 3 
3 4 USER
3 5 
4 6 54
4 7 41
4 8 17
4 9 23
4 10 0
4 11 95
3 12 1000
3 13 Hostname: 'keywest'
3 14 
3 15 
@revnum_std 16 1
1 16 121
@flag 17 1
1 17 0
@name 18 10
1 18 NULL
@inst_hidden 19 1
1 19 0
@old_name 20 10
1 20 NULL
@rel_level 21 10
1 21 NULL
@rev_string 22 10
1 22 NULL
@user_symbols 23 0
1 23 [3]
2 23 ->
@class 24 1
3 24 1
@access 25 1
3 25 0
@changed 26 1
3 26 0
@copy_of_generic 27 1
3 27 0
@name 28 10
3 28 DESCRIPTION
@value 29 0
3 29 
@type 30 1
4 30 51
@value(s_val) 31 10
4 31 TBD
2 23 ->
3 24 1
3 25 0
3 26 0
3 27 0
3 28 DRAWN_BY
3 29 
4 30 51
4 31 TBD
2 23 ->
3 24 1
3 25 0
3 26 0
3 27 0
3 28 MATERIAL
3 29 
4 30 51
4 31 TBD
#END_OF_P_OBJECT
#Pro/ENGINEER  TM  Release 14.0  (c) 1988-93 by Parametric Technology Corporation  All Rights Reserved. 9447
@Solid 32 0
0 32 ->
@tab_key 33 1
1 33 0
@tab_key_ptr 34 0
1 34 [107]
@type 35 1
1 35 2
@revnum_ptr 36 0
1 36 ->
@geom_revnum 37 1
2 37 119
@cosm_revnum 38 1
2 38 68
@first_member_ptr 39 0
1 39 NULL
@alumni_members 40 0
1 40 NULL
@frst_geom_ptr 41 1
1 41 0
@first_feat_ptr 42 0
1 42 ->
@id 43 1
2 43 34
@indep_attributes 44 1
2 44 1
@feat_type_ptr 45 0
2 45 ->
@table_id 46 1
3 46 13
@type 47 1
3 47 923
@form 48 1
3 48 0
@attributes 49 1
3 49 [2]
$2*0
@placement 50 1
3 50 0
@intersection 51 1
3 51 -1
@internal_udf_type 52 1
3 52 -1
@param_choice_ptr 53 0
3 53 ->
@blend_choice 54 1
4 54 0
@depth_choice 55 1
4 55 0
@angle_choice 56 1
4 56 -1
@pat_choice 57 1
4 57 970
@round_choice 58 1
4 58 -1
@subsec_choice 59 1
4 59 -1
@sweep_choice 60 1
4 60 1
@dome_choice 61 1
4 61 0
@draft_choice 62 1
4 62 0
@misc_choice 63 1
4 63 0
@assoc_type 64 1
3 64 0
@symbol_key 65 1
2 65 -1
@sect_name 66 10
2 66 SIDE
@model_type 67 1
2 67 2
@idtab_ptr 68 0
2 68 ->
@srf_id_arr 69 1
3 69 [1][4]
$35,3*0
@save_geoms 70 0
3 70 NULL
@cr_flags_xar 71 1
3 71 [11]
$2*-1,-1025,23,4*0,2048,2*0
@geometry 72 0
2 72 
@srf_array 73 0
3 73 [1]
4 73 ->
@geom_type 74 1
5 74 34
@geom_id 75 1
5 75 35
@feat_id 76 1
5 76 34
@boundary_type 77 1
5 77 1
@envlp 78 2
5 78 [2][2]
$2*C06FCA906689B97F
$2*406FCA906689B97F
@srf_prim_ptr(plane) 79 0
5 79 ->
@local_sys 80 2
6 80 [4][3]
$2*0,3FF
$3FF,2*0
$0,3FF,0
$3*0
@frst_cntr_ptr 81 0
5 81 NULL
@next_geom_ptr 82 1
5 82 0
@orient 83 1
5 83 1
@outline 84 2
5 84 [2][3]
$0,2*C06FCA906689B97F
$0,2*406FCA906689B97F
@group_info_ptr 85 0
2 85 NULL
@intrs_pairs_ptr 86 0
2 86 ->
@place_rec_ptr 87 0
2 87 ->
@local_sys 88 2
3 88 [4][3]
$2*0,3FF
$3FF,2*0
$0,3FF,0
$3*0
@place_instruction_ptrs 89 0
3 89 [1]
4 89 ->
@type 90 1
5 90 513
@offset 91 2
5 91 0
@dim_id 92 1
5 92 -1
@ref_id 93 1
5 93 -1
@geometry1_id 94 1
5 94 -1
@geometry2_id 95 1
5 95 35
@memb_num1 96 1
5 96 0
@memb_num2 97 1
5 97 0
@attr 98 1
5 98 0
@plin_info_arr 99 0
5 99 [1]
6 99 ->
@type 100 1
7 100 1
@data(plin_info_ref) 101 0
7 101 ->
@id_type1 102 1
8 102 -4
@id_type2 103 1
8 103 5
@offset2 104 2
8 104 0
@own_ref_id 105 1
3 105 -1
@orient 106 1
3 106 1
@next_prop 107 0
2 107 NULL
@first_geom_id 108 1
2 108 35
@cond_tbl_idx 109 1
2 109 -1
@comment 110 10
2 110 NULL
@merge_info_ptr 111 0
2 111 NULL
@cosm_offs_xar 112 0
2 112 [1]
3 112 
@owner_id 113 1
4 113 35
@offset 114 2
4 114 [3]
$3*0
@topology_increment 115 0
2 115 ->
@first_geom 116 1
3 116 0
@first_quilt 117 1
3 117 0
@outline 118 2
3 118 [2][3]
$3*0
$3*0
@max_part_size 119 2
3 119 0
@newobj_table 120 0
3 120 [1]
4 120 
@type 121 1
5 121 1
@data(sheetmetal_pairs) 122 0
5 122 
@xform_increment 123 0
3 123 NULL
@roll_back_id 124 1
3 124 -1
@state_ind 125 1
2 125 -1
@alumni_info 126 0
2 126 NULL
@revnum 127 1
2 127 -1
@rev_rec 128 0
2 128 NULL
@next_feat_ptr 129 0
1 129 ->
2 43 36
2 44 1
2 45 ->
3 46 13
3 47 923
3 48 0
3 49 [2]
$2*0
3 50 0
3 51 -1
3 52 -1
3 53 ->
4 54 0
4 55 0
4 56 -1
4 57 970
4 58 -1
4 59 -1
4 60 1
4 61 0
4 62 0
4 63 0
3 64 0
2 65 -1
2 66 TOP
2 67 2
2 68 ->
3 69 [1][4]
$37,3*0
3 70 NULL
3 71 [11]
$2*-1,-1025,23,4*0,2048,2*0
2 72 
3 73 [1]
4 73 ->
5 74 34
5 75 37
5 76 36
5 77 1
5 78 [2][2]
$2*C06FCA906689B97F
$2*406FCA906689B97F
5 79 ->
6 80 [4][3]
$0,3FF,0
$2*0,3FF
$3FF,2*0
$3*0
5 81 NULL
5 82 0
5 83 1
5 84 [2][3]
$C06FCA906689B97F,0,C06FCA906689B97F
$406FCA906689B97F,0,406FCA906689B97F
2 85 NULL
2 86 ->
2 87 ->
3 88 [4][3]
$0,3FF,0
$2*0,3FF
$3FF,2*0
$3*0
3 89 [1]
4 89 ->
5 90 514
5 91 0
5 92 -1
5 93 -1
5 94 -1
5 95 37
5 96 0
5 97 0
5 98 0
5 99 [1]
6 99 ->
7 100 1
7 101 ->
8 102 -4
8 103 5
8 104 0
3 105 -1
3 106 1
2 107 NULL
2 108 37
2 109 -1
2 110 NULL
2 111 NULL
2 112 [1]
3 112 
4 113 37
4 114 [3]
$3*0
2 115 ->
3 116 0
3 117 0
3 118 [2][3]
$3*C06F4
$3*406F4
3 119 0
3 120 [1]
4 120 
5 121 1
5 122 
3 123 NULL
3 124 -1
2 125 -1
2 126 NULL
2 127 -1
2 128 NULL
1 129 ->
2 43 38
2 44 1
2 45 ->
3 46 13
3 47 923
3 48 0
3 49 [2]
$2*0
3 50 0
3 51 -1
3 52 -1
3 53 ->
4 54 0
4 55 0
4 56 -1
4 57 970
4 58 -1
4 59 -1
4 60 1
4 61 0
4 62 0
4 63 0
3 64 0
2 65 -1
2 66 FRONT
2 67 2
2 68 ->
3 69 [1][4]
$39,3*0
3 70 NULL
3 71 [11]
$2*-1,-1025,23,4*0,2048,2*0
2 72 
3 73 [1]
4 73 ->
5 74 34
5 75 39
5 76 38
5 77 1
5 78 [2][2]
$2*C06FCA906689B97F
$2*406FCA906689B97F
5 79 ->
6 80 [4][3]
$3FF,2*0
$0,3FF,0
$2*0,3FF
$3*0
5 81 NULL
5 82 0
5 83 1
5 84 [2][3]
$2*C06FCA906689B97F,0
$2*406FCA906689B97F,0
2 85 NULL
2 86 ->
2 87 ->
3 88 [4][3]
$3FF,2*0
$0,3FF,0
$2*0,3FF
$3*0
3 89 [1]
4 89 ->
5 90 515
5 91 0
5 92 -1
5 93 -1
5 94 -1
5 95 39
5 96 0
5 97 0
5 98 0
5 99 [1]
6 99 ->
7 100 1
7 101 ->
8 102 -4
8 103 5
8 104 0
3 105 -1
3 106 1
2 107 NULL
2 108 39
2 109 -1
2 110 NULL
2 111 NULL
2 112 [1]
3 112 
4 113 39
4 114 [3]
$3*0
2 115 ->
3 116 0
3 117 0
3 118 [2][3]
$3*C06F4
$3*406F4
3 119 0
3 120 [1]
4 120 
5 121 1
5 122 
3 123 NULL
3 124 -1
2 125 -1
2 126 NULL
2 127 -1
2 128 NULL
1 129 ->
2 43 100
2 44 1
2 45 ->
3 46 63
3 47 979
3 48 0
3 49 [2]
$2*0
3 50 0
3 51 -1
3 52 -1
3 53 ->
4 54 0
4 55 0
4 56 -1
4 57 -1
4 58 -1
4 59 -1
4 60 0
4 61 0
4 62 0
4 63 128
3 64 0
2 65 -1
2 66 no_name
2 67 2
@entity(coord_sys) 130 0
2 130 ->
@type 131 1
3 131 18
@id 132 1
3 132 101
@gen_info 133 0
3 133 
@color 134 1
4 134 1
@sys_type 135 1
3 135 -1
@pnt_type 136 1
3 136 -1
@radius 137 2
3 137 0
@local_sys 138 2
3 138 [4][3]
$3FF,2*0
$0,3FF,0
$2*0,3FF
$3*0
@feat_id 139 1
3 139 100
@entity(text) 140 0
2 140 ->
@text_type 141 1
3 141 34
@text_value 142 10
3 142 CSYS_PART_DEF
@txt_attrib 143 1
3 143 1
@coord 144 2
3 144 [3]
$407FE,407ADE,0
@owner_id 145 1
3 145 101
@part_id 146 1
3 146 0
@height 147 2
3 147 BFF
@width_factor 148 2
3 148 BFF
@format_info 149 0
3 149 
@thickness 150 2
3 150 BFF
2 68 ->
@misc_id_tab 151 0
3 151 [1]
4 151 
@misc_hist 152 1
5 152 [5]
$101,534,0,-1,500
3 70 NULL
3 71 [11]
$2*-1,-1025,-2049,2*-1,-16777217,2*-1,235373503,12603544
2 72 
2 85 NULL
2 86 ->
2 87 ->
3 88 [4][3]
$3FF,2*0
$0,3FF,0
$2*0,3FF
$3*0
3 105 -1
3 106 0
@trf_arr 153 0
3 153 [1]
4 153 
@type 154 1
5 154 10
@idx 155 1
5 155 0
@transf 156 2
5 156 [4][3]
$3FF,2*0
$0,3FF,0
$2*0,3FF
$3*0
2 107 NULL
2 108 -1
2 109 -1
2 110 NULL
2 111 NULL
2 115 ->
3 116 0
3 117 0
3 118 [2][3]
$3*0
$3*0
3 119 0
3 123 NULL
3 124 -1
2 125 -1
2 126 NULL
2 127 -1
2 128 NULL
1 129 NULL
@assem_mass_prop_ptr 157 0
1 157 NULL
@mass_prop_ptr 158 0
1 158 ->
@type 159 1
2 159 0
@density 160 2
2 160 0
@init_dens 161 5
2 161 0
@rel_density 162 2
2 162 0
@init_rel_dens 163 5
2 163 0
@aver_density 164 2
2 164 0
@vrevnum 165 1
2 165 -1
@volume 166 2
2 166 0
@cg 167 2
2 167 [3]
$3*0
@inertia 168 2
2 168 [3][3]
$3*0
$3*0
$3*0
@eps 169 2
2 169 0
@surfarea 170 2
2 170 0
@assign_mp_ptr 171 0
1 171 NULL
@tol_default_ptr 172 0
1 172 ->
@type 173 1
2 173 10
@value 174 2
2 174 [7]
$0,3FB9R,3F847AE147AE147B,3F50624DD2F1A9FC,3F1A36E2EB1C432D,
$3EE4F8B588E368F1,3EB0C6F7A0B5ED8E
@ang_value 175 2
2 175 [7]
$0,6*3FE
@standard 176 1
2 176 0
@iso_tol_tbls_ptr 177 0
2 177 NULL
@first_xsec_ptr 178 0
1 178 NULL
@datum_count 179 1
1 179 3
@axis_count 180 1
1 180 1
@insert_layer_id 181 1
1 181 -1
@layer_count 182 1
1 182 1
@layer_list 183 0
1 183 [4]
2 183 
@feat_id 184 1
3 184 34
@layer_id 185 1
3 185 0
@back_layer_id 186 1
3 186 0
2 183 
3 184 36
3 185 0
3 186 0
2 183 
3 184 38
3 185 0
3 186 0
2 183 
3 184 100
3 185 0
3 186 0
@lang_ptr 187 0
1 187 ->
@interact_on 188 1
2 188 -1
@first_csys_ptr 189 0
1 189 NULL
@color_prop_ptr 190 0
1 190 NULL
@fem_data 191 0
1 191 NULL
@rel_part_eps 192 2
1 192 3F53A92A30553261
@names_ptr 193 0
1 193 [4]
2 193 
@id 194 1
3 194 35
@type 195 1
3 195 5
@name 196 10
3 196 SIDE
2 193 
3 194 37
3 195 5
3 196 TOP
2 193 
3 194 39
3 195 5
3 196 FRONT
2 193 
3 194 101
3 195 25
3 196 CSYS_PART_DEF
@drv_tbl_ptr 197 0
1 197 NULL
@assembled_count 198 1
1 198 0
@part_type 199 1
1 199 1
@mat_name_ptr 200 10
1 200 NULL
@first_ent_id 201 1
1 201 524409
@first_view_id 202 1
1 202 0
@outline 203 2
1 203 [2][3]
$3*0
$3*0
@dim_num 204 1
1 204 11
@dim_array 205 0
1 205 [11]
2 205 NULL
2 205 NULL
2 205 NULL
2 205 NULL
2 205 NULL
2 205 NULL
2 205 NULL
2 205 NULL
2 205 NULL
2 205 NULL
2 205 NULL
@ipar_num 206 1
1 206 0
@relpar_sets 207 0
1 207 [1]
2 207 
@id 208 1
3 208 -1
@type 209 1
3 209 2
@ext_ref_id 210 1
3 210 -1
@param 211 0
3 211 [7]
4 211 
@sym 212 10
5 212 
@value 213 0
5 213 
@type 214 1
6 214 51
@value(s_val) 215 10
6 215 gogoogjoob
@bak_value 216 0
5 216 
6 214 51
6 215 gogoogjoob
4 211 
5 212 
5 213 
6 214 51
6 215 
5 216 
6 214 51
6 215 
4 211 
5 212 DRAWN_BY
5 213 
6 214 51
6 215 TBD
5 216 
6 214 51
6 215 TBD
4 211 
5 212 
5 213 
6 214 51
6 215 
5 216 
6 214 51
6 215 
4 211 
5 212 MATERIAL
5 213 
6 214 51
6 215 TBD
5 216 
6 214 51
6 215 TBD
4 211 
5 212 
5 213 
6 214 51
6 215 
5 216 
6 214 51
6 215 
4 211 
5 212 DESCRIPTION
5 213 
6 214 51
6 215 TBD
5 216 
6 214 51
6 215 TBD
@relatnum 217 1
3 217 0
@unit_arr 218 0
1 218 [2]
2 218 
@type 219 1
3 219 1
@factor 220 2
3 220 3FF
@name 221 10
3 221 INCH
@unit_type 222 1
3 222 0
2 218 
3 219 2
3 220 3FF
3 221 POUND
3 222 1
@geom_lib_ptr 223 0
1 223 NULL
@first_quilt_ptr 224 1
1 224 0
@attrib_array 225 1
1 225 [1]
2 225 536870914
@smt_info_ptr 226 0
1 226 ->
@table_id 227 1
2 227 -1
@thicken_feat 228 0
2 228 NULL
@quilt_id 229 1
2 229 -1
@prev_feat_id 230 1
2 230 -1
@def_y_factor 231 2
2 231 3FE
@cable_info_ptr 232 0
1 232 NULL
@comp_info_ptr 233 0
1 233 NULL
@max_part_size 234 2
1 234 0
@prt_misc_ptr 235 0
1 235 ->
@shrink_data_ptr 236 0
2 236 NULL
@layer_array 237 0
1 237 [4]
2 237 ->
@id 238 1
3 238 49
@type 239 1
3 239 117
@user_id 240 1
3 240 0
@weird_wline_ptr 241 0
3 241 ->
@weird_wline 242 10
4 242 1__DEF_PLANES
@layer_objects 243 0
3 243 [6]
4 243 
@type 244 1
5 244 3
@ids 245 1
5 245 [3]
$34,36,38
4 243 
5 244 8
4 243 
5 244 62
4 243 
5 244 117
4 243 
5 244 144
4 243 
5 244 145
@saved_operation 246 1
3 246 1
2 237 ->
3 238 102
3 239 117
3 240 0
3 241 ->
4 242 2__DEF_CSYS
3 243 [3]
4 243 
5 244 3
5 245 [1]
6 245 100
4 243 
5 244 117
4 243 
5 244 144
3 246 1
2 237 ->
3 238 103
3 239 117
3 240 0
3 241 ->
4 242 1_ALL_PLANES
3 243 [3]
4 243 
5 244 3
4 243 
5 244 117
5 245 [1]
6 245 49
4 243 
5 244 144
3 246 1
2 237 ->
3 238 104
3 239 117
3 240 0
3 241 ->
4 242 2_ALL_CSYS
3 243 [3]
4 243 
5 244 3
4 243 
5 244 117
5 245 [1]
6 245 102
4 243 
5 244 144
3 246 1
@expld_mv_info 247 0
1 247 NULL
@state_info_ptr 248 0
1 248 NULL
@alumni_feats 249 0
1 249 NULL
@model_name 250 10
1 250 STARTSHMTL
@p_mdl_grid 251 0
1 251 NULL
@mdl_status_ptr 252 0
1 252 NULL
@cfg_states 253 0
1 253 NULL
@disp_outl_info 254 0
1 254 
@disp_outline 255 2
2 255 [2][3]
$3*C06FCA906689B97F
$3*406FCA906689B97F
@ribbon_info_ptr 256 0
1 256 NULL
@p_xref_data 257 0
1 257 ->
@View 258 0
0 258 ->
@id 259 1
1 259 0
@viewattr 260 0
1 260 
@attr_arr 261 1
2 261 [4]
$1,3*0
@mpoint 262 0
1 262 
@id 263 1
2 263 0
@coord 264 2
2 264 [3]
$3*0
@first_instr_ptr 265 0
2 265 NULL
@attach_ptr 266 0
2 266 NULL
@vpoint 267 0
1 267 
2 263 0
2 264 [3]
$407F4,407A5E,0
2 265 NULL
2 266 NULL
@orient 268 2
1 268 [4][4]
$3FED7954E7DBA2F8,0,3FD8EC3AE92B676B,0
$BFD385CE5246572,3FE3E43A9692E21C,3FE7167619F550A2,0
$BFCEFC077F3F36A6,BFE91103985DA841,3FE25240DD3851BF,0
$3*0,3FF
@local_sys 269 2
1 269 [4][4]
$3FEBD6D910D1F849,0,3FD78A5DAE0DEE16,0
$BFD2709D56CE449A,3FE2C9CCF2F11D7C,3FE5CEA6D92754F,0
$BFCD441928BDB1B,BFE7AD1C1725712R,3FE14E1EA4FCD464,0
$407F4,407A5E,0,3FF
@first_instr_ptr 270 0
1 270 ->
@type 271 1
2 271 215
@geom_id 272 1
2 272 -1
@view_id 273 1
2 273 -1
@memb_num 274 1
2 274 0
@offset 275 2
2 275 0
@matrix 276 0
2 276 ->
@matrix 277 2
3 277 [4][4]
$3FED7954E7DBA2F8,0,3FD8EC3AE92B676B,0
$BFD385CE5246572,3FE3E43A9692E21C,3FE7167619F550A2,0
$BFCEFC077F3F36A6,BFE91103985DA841,3FE25240DD3851BF,0
$3*0,3FF
@next_instr_ptr 278 0
1 278 ->
2 271 301
2 272 -1
2 273 -1
2 274 0
2 275 3FEE39A67CA5856B
2 276 NULL
1 278 NULL
@outer_xsec_index 279 1
1 279 -1
@next_view_id 280 1
1 280 43
@simp_rep_id 281 1
1 281 -1
@name 282 10
1 282 no name
@matrix 283 2
1 283 [4][4]
$3FF,3*0
$0,3FF,2*0
$2*0,3FF,0
$3*0,3FF
@fit_outline 284 2
1 284 [2][3]
$4059,405518,C079467E52590FFE
$408C2,4087BB,4079467E52590FFE
@det_info_ptr 285 0
1 285 NULL
@named_view_pzmatr 286 0
1 286 NULL
@page_id 287 1
1 287 0
@model_name 288 10
1 288 NULL
@unrep_model_name 289 10
1 289 NULL
@View 290 0
0 290 ->
@id 291 1
1 291 43
@viewattr 292 0
1 292 
@attr_arr 293 1
2 293 [4]
$1,3*0
@mpoint 294 0
1 294 
@id 295 1
2 295 0
@coord 296 2
2 296 [3]
$3*0
@first_instr_ptr 297 0
2 297 NULL
@attach_ptr 298 0
2 298 NULL
@vpoint 299 0
1 299 
2 295 0
2 296 [3]
$407F4,407A5E,0
2 297 NULL
2 298 NULL
@orient 300 2
1 300 [4][4]
$3FF,3*0
$0,3FF,2*0
$2*0,3FF,0
$3*0,3FF
@local_sys 301 2
1 301 [4][4]
$3FF53B74850B474F,3*0
$0,3FF53B74850B474F,2*0
$2*0,3FF53B74850B474F,0
$407F4,407A5E,0,3FF
@first_instr_ptr 302 0
1 302 ->
@type 303 1
2 303 100
@geom_id 304 1
2 304 -1
@view_id 305 1
2 305 -1
@memb_num 306 1
2 306 0
@offset 307 2
2 307 0
@matrix 308 0
2 308 NULL
@next_instr_ptr 309 0
1 309 ->
2 303 201
2 304 39
2 305 -1
2 306 0
2 307 0
2 308 NULL
1 309 ->
2 303 202
2 304 37
2 305 -1
2 306 0
2 307 0
2 308 NULL
1 309 NULL
@outer_xsec_index 310 1
1 310 -1
@next_view_id 311 1
1 311 44
@simp_rep_id 312 1
1 312 -1
@name 313 10
1 313 FRONT
@matrix 314 2
1 314 [4][4]
$3FF,3*0
$0,3FF,2*0
$2*0,3FF,0
$3*0,3FF
@fit_outline 315 2
1 315 [2][3]
$4059,405518,C07518
$408C2,4087BB,407518
@det_info_ptr 316 0
1 316 NULL
@named_view_pzmatr 317 0
1 317 ->
@matrix 318 2
2 318 [4][4]
$3FF,3*0
$0,3FF,2*0
$2*0,3FF,0
$3*0,3FF
@page_id 319 1
1 319 0
@model_name 320 10
1 320 NULL
@unrep_model_name 321 10
1 321 NULL
@View 322 0
0 322 ->
@id 323 1
1 323 44
@viewattr 324 0
1 324 
@attr_arr 325 1
2 325 [4]
$1,3*0
@mpoint 326 0
1 326 
@id 327 1
2 327 0
@coord 328 2
2 328 [3]
$3*0
@first_instr_ptr 329 0
2 329 NULL
@attach_ptr 330 0
2 330 NULL
@vpoint 331 0
1 331 
2 327 0
2 328 [3]
$407F4,407A5E,0
2 329 NULL
2 330 NULL
@orient 332 2
1 332 [4][4]
$2*0,3FF,0
$0,3FF,2*0
$BFF,3*0
$3*0,3FF
@local_sys 333 2
1 333 [4][4]
$2*0,3FF53B74850B474F,0
$0,3FF53B74850B474F,2*0
$BFF53B74850B474F,3*0
$407F4,407A5E,0,3FF
@first_instr_ptr 334 0
1 334 ->
@type 335 1
2 335 100
@geom_id 336 1
2 336 -1
@view_id 337 1
2 337 -1
@memb_num 338 1
2 338 0
@offset 339 2
2 339 0
@matrix 340 0
2 340 NULL
@next_instr_ptr 341 0
1 341 ->
2 335 201
2 336 35
2 337 -1
2 338 0
2 339 0
2 340 NULL
1 341 ->
2 335 202
2 336 37
2 337 -1
2 338 0
2 339 0
2 340 NULL
1 341 NULL
@outer_xsec_index 342 1
1 342 -1
@next_view_id 343 1
1 343 45
@simp_rep_id 344 1
1 344 -1
@name 345 10
1 345 RIGHT
@matrix 346 2
1 346 [4][4]
$3FF,3*0
$0,3FF,2*0
$2*0,3FF,0
$3*0,3FF
@fit_outline 347 2
1 347 [2][3]
$4059,405518,C07518
$408C2,4087BB,407518
@det_info_ptr 348 0
1 348 NULL
@named_view_pzmatr 349 0
1 349 ->
@matrix 350 2
2 350 [4][4]
$3FF,3*0
$0,3FF,2*0
$2*0,3FF,0
$3*0,3FF
@page_id 351 1
1 351 0
@model_name 352 10
1 352 NULL
@unrep_model_name 353 10
1 353 NULL
@View 354 0
0 354 ->
@id 355 1
1 355 45
@viewattr 356 0
1 356 
@attr_arr 357 1
2 357 [4]
$1,3*0
@mpoint 358 0
1 358 
@id 359 1
2 359 0
@coord 360 2
2 360 [3]
$3*0
@first_instr_ptr 361 0
2 361 NULL
@attach_ptr 362 0
2 362 NULL
@vpoint 363 0
1 363 
2 359 0
2 360 [3]
$407F4,407A5E,0
2 361 NULL
2 362 NULL
@orient 364 2
1 364 [4][4]
$3FF,3*0
$2*0,3FF,0
$0,BFF,2*0
$3*0,3FF
@local_sys 365 2
1 365 [4][4]
$3FF53B74850B474F,3*0
$2*0,3FF53B74850B474F,0
$0,BFF53B74850B474F,2*0
$407F4,407A5E,0,3FF
@first_instr_ptr 366 0
1 366 ->
@type 367 1
2 367 100
@geom_id 368 1
2 368 -1
@view_id 369 1
2 369 -1
@memb_num 370 1
2 370 0
@offset 371 2
2 371 0
@matrix 372 0
2 372 NULL
@next_instr_ptr 373 0
1 373 ->
2 367 201
2 368 37
2 369 -1
2 370 0
2 371 0
2 372 NULL
1 373 ->
2 367 208
2 368 39
2 369 -1
2 370 0
2 371 0
2 372 NULL
1 373 NULL
@outer_xsec_index 374 1
1 374 -1
@next_view_id 375 1
1 375 47
@simp_rep_id 376 1
1 376 -1
@name 377 10
1 377 TOP
@matrix 378 2
1 378 [4][4]
$3FF,3*0
$0,3FF,2*0
$2*0,3FF,0
$3*0,3FF
@fit_outline 379 2
1 379 [2][3]
$4059,405518,C07518
$408C2,4087BB,407518
@det_info_ptr 380 0
1 380 NULL
@named_view_pzmatr 381 0
1 381 ->
@matrix 382 2
2 382 [4][4]
$3FF,3*0
$0,3FF,2*0
$2*0,3FF,0
$3*0,3FF
@page_id 383 1
1 383 0
@model_name 384 10
1 384 NULL
@unrep_model_name 385 10
1 385 NULL
@View 386 0
0 386 ->
@id 387 1
1 387 47
@viewattr 388 0
1 388 
@attr_arr 389 1
2 389 [4]
$1,3*0
@mpoint 390 0
1 390 
@id 391 1
2 391 0
@coord 392 2
2 392 [3]
$3*0
@first_instr_ptr 393 0
2 393 NULL
@attach_ptr 394 0
2 394 NULL
@vpoint 395 0
1 395 
2 391 0
2 392 [3]
$407F4,407A5E,0
2 393 NULL
2 394 NULL
@orient 396 2
1 396 [4][4]
$2*0,BFF,0
$0,3FF,2*0
$3FF,3*0
$3*0,3FF
@local_sys 397 2
1 397 [4][4]
$2*0,BFF53B74850B474F,0
$0,3FF53B74850B474F,2*0
$3FF53B74850B474F,3*0
$407F4,407A5E,0,3FF
@first_instr_ptr 398 0
1 398 ->
@type 399 1
2 399 100
@geom_id 400 1
2 400 -1
@view_id 401 1
2 401 -1
@memb_num 402 1
2 402 0
@offset 403 2
2 403 0
@matrix 404 0
2 404 NULL
@next_instr_ptr 405 0
1 405 ->
2 399 206
2 400 35
2 401 -1
2 402 0
2 403 0
2 404 NULL
1 405 ->
2 399 202
2 400 37
2 401 -1
2 402 0
2 403 0
2 404 NULL
1 405 NULL
@outer_xsec_index 406 1
1 406 -1
@next_view_id 407 1
1 407 50
@simp_rep_id 408 1
1 408 -1
@name 409 10
1 409 LEFT
@matrix 410 2
1 410 [4][4]
$3FF,3*0
$0,3FF,2*0
$2*0,3FF,0
$3*0,3FF
@fit_outline 411 2
1 411 [2][3]
$4059,405518,C07518
$408C2,4087BB,407518
@det_info_ptr 412 0
1 412 NULL
@named_view_pzmatr 413 0
1 413 ->
@matrix 414 2
2 414 [4][4]
$3FF,3*0
$0,3FF,2*0
$2*0,3FF,0
$3*0,3FF
@page_id 415 1
1 415 0
@model_name 416 10
1 416 NULL
@unrep_model_name 417 10
1 417 NULL
@View 418 0
0 418 ->
@id 419 1
1 419 50
@viewattr 420 0
1 420 
@attr_arr 421 1
2 421 [4]
$1,3*0
@mpoint 422 0
1 422 
@id 423 1
2 423 0
@coord 424 2
2 424 [3]
$3*0
@first_instr_ptr 425 0
2 425 NULL
@attach_ptr 426 0
2 426 NULL
@vpoint 427 0
1 427 
2 423 0
2 424 [3]
$407F4,407A5E,0
2 425 NULL
2 426 NULL
@orient 428 2
1 428 [4][4]
$3FF,3*0
$2*0,BFF,0
$0,3FF,2*0
$3*0,3FF
@local_sys 429 2
1 429 [4][4]
$3FF53B74850B474F,3*0
$2*0,BFF53B74850B474F,0
$0,3FF53B74850B474F,2*0
$407F4,407A5E,0,3FF
@first_instr_ptr 430 0
1 430 ->
@type 431 1
2 431 215
@geom_id 432 1
2 432 -1
@view_id 433 1
2 433 -1
@memb_num 434 1
2 434 0
@offset 435 2
2 435 0
@matrix 436 0
2 436 ->
@matrix 437 2
3 437 [4][4]
$3FED7954E7DBA2F8,0,3FD8EC3AE92B676B,0
$BFD385CE5246572,3FE3E43A9692E21C,3FE7167619F550A2,0
$BFCEFC077F3F36A6,BFE91103985DA841,3FE25240DD3851BF,0
$3*0,3FF
@next_instr_ptr 438 0
1 438 ->
2 431 206
2 432 37
2 433 -1
2 434 0
2 435 0
2 436 NULL
1 438 ->
2 431 202
2 432 39
2 433 -1
2 434 0
2 435 0
2 436 NULL
1 438 ->
2 431 301
2 432 -1
2 433 -1
2 434 0
2 435 3FF53B74850B474F
2 436 NULL
1 438 NULL
@outer_xsec_index 439 1
1 439 -1
@next_view_id 440 1
1 440 51
@simp_rep_id 441 1
1 441 -1
@name 442 10
1 442 BOTTOM
@matrix 443 2
1 443 [4][4]
$3FF,3*0
$0,3FF,2*0
$2*0,3FF,0
$3*0,3FF
@fit_outline 444 2
1 444 [2][3]
$4059,405518,C07518
$408C2,4087BB,407518
@det_info_ptr 445 0
1 445 NULL
@named_view_pzmatr 446 0
1 446 ->
2 437 [4][4]
$3FF,3*0
$0,3FF,2*0
$2*0,3FF,0
$3*0,3FF
@page_id 447 1
1 447 0
@model_name 448 10
1 448 NULL
@unrep_model_name 449 10
1 449 NULL
@View 450 0
0 450 ->
@id 451 1
1 451 51
@viewattr 452 0
1 452 
@attr_arr 453 1
2 453 [4]
$1,3*0
@mpoint 454 0
1 454 
@id 455 1
2 455 0
@coord 456 2
2 456 [3]
$3*0
@first_instr_ptr 457 0
2 457 NULL
@attach_ptr 458 0
2 458 NULL
@vpoint 459 0
1 459 
2 455 0
2 456 [3]
$407F4,407A5E,0
2 457 NULL
2 458 NULL
@orient 460 2
1 460 [4][4]
$BFF,3*0
$0,3FF,2*0
$2*0,BFF,0
$3*0,3FF
@local_sys 461 2
1 461 [4][4]
$BFF53B74850B474F,3*0
$0,3FF53B74850B474F,2*0
$2*0,BFF53B74850B474F,0
$407F4,407A5E,0,3FF
@first_instr_ptr 462 0
1 462 ->
@type 463 1
2 463 100
@geom_id 464 1
2 464 -1
@view_id 465 1
2 465 -1
@memb_num 466 1
2 466 0
@offset 467 2
2 467 0
@matrix 468 0
2 468 NULL
@next_instr_ptr 469 0
1 469 ->
2 463 206
2 464 39
2 465 -1
2 466 0
2 467 0
2 468 NULL
1 469 ->
2 463 202
2 464 37
2 465 -1
2 466 0
2 467 0
2 468 NULL
1 469 NULL
@outer_xsec_index 470 1
1 470 -1
@next_view_id 471 1
1 471 -2
@simp_rep_id 472 1
1 472 -1
@name 473 10
1 473 BACK
@matrix 474 2
1 474 [4][4]
$3FF,3*0
$0,3FF,2*0
$2*0,3FF,0
$3*0,3FF
@fit_outline 475 2
1 475 [2][3]
$4059,405518,C07518
$408C2,4087BB,407518
@det_info_ptr 476 0
1 476 NULL
@named_view_pzmatr 477 0
1 477 ->
@matrix 478 2
2 478 [4][4]
$3FF,3*0
$0,3FF,2*0
$2*0,3FF,0
$3*0,3FF
@page_id 479 1
1 479 0
@model_name 480 10
1 480 NULL
@unrep_model_name 481 10
1 481 NULL
@assem_merge_parts 482 0
0 482 ->
#END_OF_UGC
