Module= CDA, Function= CD_021()
Error code= 2101, warning
2102W Header section has not been opened.

Module= CDA, Function= CD_055()/read_list_element
Error code= 1524, information
1525E Instance >0< to be exported is not contained in the identified deep scop

Module= CDA, Function= CD_055()/read_list_element
Error code= 1524, information
1525E Instance >0< to be exported is not contained in the identified deep scop

Module= CDA, Function= CD_055()/read_list_element
Error code= 1524, information
1525E Instance >0< to be exported is not contained in the identified deep scop

ProSTEP File Formatter, used options:

	Pretty print level           : 2
	Base of instance name        : #1
	Increment of instance names  : 1
	Output of unknown instances  : NO
	Define instances before use  : NO
	Used line length             : 72
	Indent of wrapped lines      : 3
	Line indent of SCOPEs        : 6
	Format of real values        : %20.14E (set by default)
	Format of integer values     : %ld
	Short names written          : YES

Module= CDA, Function= CD_112()
Error code= 2211, warning
E Value type doesn't match the required attribute type!

Module= CDA, Function= CD_136
Error code= 2206, warning
A named >< already exists.

Module= CDA, Function= CD_112()
Error code= 3003, warning
ified attribute index is out of range.

Module= CDA, Function= CD_112()
Error code= 2206, warning
A named >< already exists.

Module= CDA, Function= CD_112()
Error code= 2211, warning
E Value type doesn't match the required attribute type!

Module= CDA, Function= CD_136
Error code= 2206, warning
A named >< already exists.

Module= CDA, Function= CD_112()
Error code= 2211, warning
E Value type doesn't match the required attribute type!

Module= CDA, Function= CD_136
Error code= 2206, warning
A named >< already exists.

Module= CDA, Function= CD_112()
Error code= 3003, warning
ified attribute index is out of range.

Module= CDA, Function= CD_112()
Error code= 2211, warning
E Value type doesn't match the required attribute type!

Module= CDA, Function= CD_136
Error code= 2206, warning
A named >< already exists.

Module= CDA, Function= CD_112()
Error code= 3003, warning
ified attribute index is out of range.

Module= CDA, Function= CD_086()
Error code= 2005, information
header section does not exist, function creates one if read-write access.

Module= CDA, Function= CD_032()
Error code= 2002, information
DA2003I Using default value.

Module= CDA, Function= CD_087()
Error code= 2005, information
header section does not exist, function creates one if read-write access.

ProSTEP File Formatter statistics:

	Lines written                           :    21
	Bytes written                           :    593
	Simple instances (totally)              :    3
	Including: User-defined instances       :    0
	           Scope-defining instances     :    0
	           Complex instances            :    0
	           Unknown instances            :    0
	           Faulty instances             :    0
	Comment written in STEP file            :    NO
	Short names written                     :    NO

Module= CDA, Function= CD_013()
Error code= 2104, warning
>< already exists or is empty.

