------------------------------------------------------------
Pro/MECHANICA STRUCTURE Version 18.0(50)
Summary for Design Study "rib_3"
Wed May 21, 1997   19:48:38
------------------------------------------------------------

Run Settings
   Memory allocation for block solver: 100.0     
   Perform mesh smoothing after each parameter update.
   Remesh after each parameter update.
   Generate elements automatically.
No errors were found in the model.

Pro/MECHANICA Structure Model Summary

   Model Type: Three Dimensional

   Points:         89
   Edges:         209
   Faces:         121

   Springs:         0
   Masses:          0
   Beams:           0
   Shells:        121
   Solids:          0

   Elements:      121

------------------------------------------------------------

Global Sensitivity Design Study

Parameter                    Start             End
   rib_3                        85             110

Sensitivity Step 1 of 11

Parameters:
   rib_3                       85

Static Analysis "initial_static":

   Convergence Method: Single-Pass Adaptive

   Convergence Loop Log:                         (19:50:20)

   >> Pass  1 <<
         Calculating Element Equations           (19:50:21)
            Total Number of Equations:    3539
            Maximum Edge Order:              3
         Solving Equations                       (19:50:25)
         Calculating Disp and Stress Results     (19:50:37)
            Plotting Grid:                   4
         Resource Check                          (19:50:52)
            Elapsed Time     (sec):     137.65
            CPU Time         (sec):      95.68
            Memory Usage      (kb):     109968
            Wrk Dir Dsk Usage (kb):       5121

   >> Pass  2 <<
         Calculating Element Equations           (19:50:52)
            Total Number of Equations:   22350
            Maximum Edge Order:              9
         Solving Equations                       (19:52:03)
         Calculating Disp and Stress Results     (19:53:05)
            Plotting Grid:                   4
         Resource Check                          (19:53:34)
            Elapsed Time     (sec):     300.31
            CPU Time         (sec):     220.98
            Memory Usage      (kb):     111520
            Wrk Dir Dsk Usage (kb):      78849

	 RMS Stress Error Estimates:

         Load Set          Stress Error  % of Max Prin Str
         ----------------  ------------  -----------------
         load1             6.01e-01       2.4% of 2.56e+01

Analysis "initial_static" Completed  (19:53:35)

Sensitivity Step 2 of 11

Parameters:
   rib_3                     87.5

Static Analysis "initial_static":

   Convergence Method: Single-Pass Adaptive

   Convergence Loop Log:                         (19:56:22)

   >> Pass  1 <<
         Calculating Element Equations           (19:56:22)
            Total Number of Equations:    3539
            Maximum Edge Order:              3
         Solving Equations                       (19:56:27)
         Calculating Disp and Stress Results     (19:56:35)
            Plotting Grid:                   4
         Resource Check                          (19:56:48)
            Elapsed Time     (sec):     494.18
            CPU Time         (sec):     281.27
            Memory Usage      (kb):     112168
            Wrk Dir Dsk Usage (kb):      78849

   >> Pass  2 <<
         Calculating Element Equations           (19:56:49)
            Total Number of Equations:   20947
            Maximum Edge Order:              9
         Solving Equations                       (19:57:48)
         Calculating Disp and Stress Results     (19:58:43)
            Plotting Grid:                   4
         Resource Check                          (19:59:11)
            Elapsed Time     (sec):     636.37
            CPU Time         (sec):     389.02
            Memory Usage      (kb):     112584
            Wrk Dir Dsk Usage (kb):      78849

	 RMS Stress Error Estimates:

         Load Set          Stress Error  % of Max Prin Str
         ----------------  ------------  -----------------
         load1             5.86e-01       2.5% of 2.39e+01

Analysis "initial_static" Completed  (19:59:11)

Sensitivity Step 3 of 11

Parameters:
   rib_3                       90

Static Analysis "initial_static":

   Convergence Method: Single-Pass Adaptive

         Calculating Element Equations           (20:00:15)
            Total Number of Equations:   20947
            Maximum Edge Order:              9
         Solving Equations                       (20:00:55)
         Resource Check                          (20:01:50)
            Elapsed Time     (sec):     796.00
            CPU Time         (sec):     482.62
            Memory Usage      (kb):     113264
            Wrk Dir Dsk Usage (kb):      78849
         Calculating Disp and Stress Results     (20:01:50)
            Plotting Grid:                   4

Analysis "initial_static" Completed  (20:02:03)

Sensitivity Step 4 of 11

Parameters:
   rib_3                     92.5

Static Analysis "initial_static":

   Convergence Method: Single-Pass Adaptive

         Calculating Element Equations           (20:03:05)
            Total Number of Equations:   20947
            Maximum Edge Order:              9
         Solving Equations                       (20:03:48)
         Resource Check                          (20:04:41)
            Elapsed Time     (sec):     966.76
            CPU Time         (sec):     592.58
            Memory Usage      (kb):     113984
            Wrk Dir Dsk Usage (kb):      78849
         Calculating Disp and Stress Results     (20:04:41)
            Plotting Grid:                   4

Analysis "initial_static" Completed  (20:04:53)

Sensitivity Step 5 of 11

Parameters:
   rib_3                       95

Static Analysis "initial_static":

   Convergence Method: Single-Pass Adaptive

         Calculating Element Equations           (20:05:56)
            Total Number of Equations:   20947
            Maximum Edge Order:              9
         Solving Equations                       (20:06:38)
         Resource Check                          (20:07:30)
            Elapsed Time     (sec):    1136.21
            CPU Time         (sec):     702.71
            Memory Usage      (kb):     114712
            Wrk Dir Dsk Usage (kb):      78849
         Calculating Disp and Stress Results     (20:07:30)
            Plotting Grid:                   4

Analysis "initial_static" Completed  (20:07:42)

Sensitivity Step 6 of 11

Parameters:
   rib_3                     97.5

Static Analysis "initial_static":

   Convergence Method: Single-Pass Adaptive

         Calculating Element Equations           (20:08:46)
            Total Number of Equations:   20947
            Maximum Edge Order:              9
         Solving Equations                       (20:09:23)
         Resource Check                          (20:10:13)
            Elapsed Time     (sec):    1299.22
            CPU Time         (sec):     804.31
            Memory Usage      (kb):     115432
            Wrk Dir Dsk Usage (kb):      78849
         Calculating Disp and Stress Results     (20:10:13)
            Plotting Grid:                   4

Analysis "initial_static" Completed  (20:10:25)

Sensitivity Step 7 of 11

Parameters:
   rib_3                      100

Static Analysis "initial_static":

   Convergence Method: Single-Pass Adaptive

         Calculating Element Equations           (20:11:27)
            Total Number of Equations:   20947
            Maximum Edge Order:              9
         Solving Equations                       (20:12:03)
         Resource Check                          (20:12:51)
            Elapsed Time     (sec):    1456.94
            CPU Time         (sec):     906.70
            Memory Usage      (kb):     116160
            Wrk Dir Dsk Usage (kb):      78849
         Calculating Disp and Stress Results     (20:12:51)
            Plotting Grid:                   4

Analysis "initial_static" Completed  (20:13:02)

Sensitivity Step 8 of 11

Parameters:
   rib_3                    102.5

Static Analysis "initial_static":

   Convergence Method: Single-Pass Adaptive

         Calculating Element Equations           (20:14:05)
            Total Number of Equations:   20947
            Maximum Edge Order:              9
         Solving Equations                       (20:14:40)
         Resource Check                          (20:15:26)
            Elapsed Time     (sec):    1611.41
            CPU Time         (sec):    1007.94
            Memory Usage      (kb):     116888
            Wrk Dir Dsk Usage (kb):      78849
         Calculating Disp and Stress Results     (20:15:26)
            Plotting Grid:                   4

Analysis "initial_static" Completed  (20:15:36)

Sensitivity Step 9 of 11

Parameters:
   rib_3                      105

Static Analysis "initial_static":

   Convergence Method: Single-Pass Adaptive

         Calculating Element Equations           (20:16:38)
            Total Number of Equations:   20947
            Maximum Edge Order:              9
         Solving Equations                       (20:17:13)
         Resource Check                          (20:17:58)
            Elapsed Time     (sec):    1763.49
            CPU Time         (sec):    1108.46
            Memory Usage      (kb):     117648
            Wrk Dir Dsk Usage (kb):      78849
         Calculating Disp and Stress Results     (20:17:58)
            Plotting Grid:                   4

Analysis "initial_static" Completed  (20:18:08)

Sensitivity Step 10 of 11

Parameters:
   rib_3                    107.5

Static Analysis "initial_static":

   Convergence Method: Single-Pass Adaptive

         Calculating Element Equations           (20:19:11)
            Total Number of Equations:   20947
            Maximum Edge Order:              9
         Solving Equations                       (20:19:50)
         Resource Check                          (20:20:33)
            Elapsed Time     (sec):    1919.28
            CPU Time         (sec):    1216.09
            Memory Usage      (kb):     118352
            Wrk Dir Dsk Usage (kb):      78849
         Calculating Disp and Stress Results     (20:20:33)
            Plotting Grid:                   4

Analysis "initial_static" Completed  (20:20:44)

Sensitivity Step 11 of 11

Parameters:
   rib_3                      110

Static Analysis "initial_static":

   Convergence Method: Single-Pass Adaptive

         Calculating Element Equations           (20:21:44)
            Total Number of Equations:   20947
            Maximum Edge Order:              9
         Solving Equations                       (20:22:22)
         Resource Check                          (20:23:05)
            Elapsed Time     (sec):    2070.58
            CPU Time         (sec):    1321.82
            Memory Usage      (kb):     119088
            Wrk Dir Dsk Usage (kb):      78849
         Calculating Disp and Stress Results     (20:23:05)
            Plotting Grid:                   4

Analysis "initial_static" Completed  (20:23:15)

Completed Global Sensitivity Study

Use Results to plot measures.

------------------------------------------------------------

Memory and Disk Usage:

   Machine Type: Sun5
   RAM Allocation for Solver (megabytes): 100.0

   Total Elapsed Time (seconds): 2081.05   
   Total CPU Time     (seconds): 1331.23   
   Maximum Memory Usage (kilobytes): 119120    
   Working Directory Disk Usage (kilobytes): 78849     
   Total Elapsed Time in Parameter Updates (seconds):
      577.56    
   Total Engine Elapsed Time Minus Param. Updates (seconds):
      1503.49   
   Total CPU Time in Parameter Updates (seconds):
      174.85    
   Total Engine CPU Time Minus Param. Updates (seconds):
      1156.38   

   Results Directory Size (kilobytes):
   4308 ./rib_3

   Maximum Data Base Working File Sizes (kilobytes):
   35840 ./rib_3.tmp/kel1.bas
   43008 ./rib_3.tmp/kblk1.bas

------------------------------------------------------------
Run Completed
Wed May 21, 1997   20:23:16
------------------------------------------------------------
