

Input part file name: f:/data5/repository/PTC/V18/mfgintro18/fixture/hmj.hh.sat


Output part file name: f:/data5/repository/PTC/V18/mfgintro18/fixture/hmj.hh.f.sat



Input part file name: f:/data5/repository/PTC/V18/mfgintro18/fixture/htj.hh.sat


Output part file name: f:/data5/repository/PTC/V18/mfgintro18/fixture/htj.hh.f.sat



Input part file name: f:/data5/repository/PTC/V18/mfgintro18/fixture/base.hh.sat


Output part file name: f:/data5/repository/PTC/V18/mfgintro18/fixture/base.hh.f.sat



Input part file name: f:/data5/repository/PTC/V18/mfgintro18/fixture/hch.hh.sat


Output part file name: f:/data5/repository/PTC/V18/mfgintro18/fixture/hch.hh.f.sat



Input part file name: f:/data5/repository/PTC/V18/mfgintro18/fixture/vise.hh.sat


Output part file name: f:/data5/repository/PTC/V18/mfgintro18/fixture/vise.hh.f.sat



Input part file name: f:/data5/repository/PTC/V18/mfgintro18/fixture/htj.prt.hh.sat


Output part file name: f:/data5/repository/PTC/V18/mfgintro18/fixture/htj.prt.hh.f.sat



Input part file name: f:/data5/repository/PTC/V18/mfgintro18/fixture/hch.prt.hh.sat


Output part file name: f:/data5/repository/PTC/V18/mfgintro18/fixture/hch.prt.hh.f.sat



Input part file name: f:/data5/repository/PTC/V18/mfgintro18/fixture/hmj.prt.hh.sat


Output part file name: f:/data5/repository/PTC/V18/mfgintro18/fixture/hmj.prt.hh.f.sat



Input part file name: f:/data5/repository/PTC/V18/mfgintro18/fixture/base.prt.hh.sat


Output part file name: f:/data5/repository/PTC/V18/mfgintro18/fixture/base.prt.hh.f.sat



Input part file name: f:/data5/repository/PTC/V18/mfgintro18/fixture/vise.prt.hh.sat


Output part file name: f:/data5/repository/PTC/V18/mfgintro18/fixture/vise.prt.hh.f.sat

