#UGC:2 PART 889 360 0 1 1 15 1600 9620 \
#- VERS 0 0                                                          \
#- HOST                                                              \
#- LINK                                                              \
#- DBID                                                              \
#- REVS 0,                                                           \
#- RELL 0,                                                           \
#- UOBJ_ID 837191566 375144096 1916021781                            \
#-END_OF_UGC_HEADER
#P_OBJECT 6
@P_object 1 0
0 1 ->
@dep_db 2 0
1 2 ->
@usr_rev 3 0
1 3 [3]
2 3 
@name 4 10
3 4 OSTI
@mod_time 5 0
3 5 
@tm_sec 6 1
4 6 39
@tm_min 7 1
4 7 23
@tm_hour 8 1
4 8 12
@tm_mday 9 1
4 9 9
@tm_mon 10 1
4 10 5
@tm_year 11 1
4 11 94
@action 12 1
3 12 1000
@comment 13 10
3 13 Hostname: 'bedlam'
@rel_level 14 10
3 14 
@rev_string 15 10
3 15 
2 3 
3 4 OSTI
3 5 
4 6 40
4 7 15
4 8 13
4 9 29
4 10 7
4 11 94
3 12 1000
3 13 Hostname: 'magma'
3 14 
3 15 
2 3 
3 4 DMGAINES
3 5 
4 6 46
4 7 12
4 8 17
4 9 12
4 10 6
4 11 96
3 12 1000
3 13 Hostname: 'intrepid'
3 14 
3 15 
@revnum_std 16 1
1 16 6
@flag 17 1
1 17 0
@name 18 10
1 18 NULL
@inst_hidden 19 1
1 19 0
@old_name 20 10
1 20 NULL
@appl_data 21 0
1 21 ->
@bounding_box 22 2
2 22 [2][3]
$BFD029D9745E8424,BFD036799976381D,C01A429D9745E842
$3FD029D9745E8424,3FD036799976381D,401A429D9745E842
@uobj_id 23 0
1 23 NULL
#END_OF_P_OBJECT
#Pro/ENGINEER  TM  Release 16.0  (c) 1988-95 by Parametric Technology Corporation  All Rights Reserved. 9620
@Solid 24 0
0 24 ->
@tab_key 25 1
1 25 0
@tab_key_struct 26 0
1 26 ->
@tab_key_ptr 27 0
2 27 [167]
@cmprs_tabkey 28 0
2 28 NULL
@type 29 1
1 29 2
@revnum_ptr 30 0
1 30 ->
@geom_revnum 31 1
2 31 191
@cosm_revnum 32 1
2 32 4
@first_member_ptr 33 0
1 33 NULL
@alumni_members 34 0
1 34 NULL
@frst_geom_ptr 35 1
1 35 46
@first_feat_ptr 36 0
1 36 ->
@id 37 1
2 37 1
@indep_attributes 38 1
2 38 1
@feat_type_ptr 39 0
2 39 ->
@table_id 40 1
3 40 13
@type 41 1
3 41 923
@feattype_key 42 10
3 42 NULL
@form 43 1
3 43 0
@attributes 44 1
3 44 [3]
$3*0
@placement 45 1
3 45 0
@intersection 46 1
3 46 -1
@internal_udf_type 47 1
3 47 -1
@param_choice_ptr 48 0
3 48 ->
@blend_choice 49 1
4 49 0
@depth_choice 50 1
4 50 0
@angle_choice 51 1
4 51 -1
@pat_choice 52 1
4 52 970
@round_choice 53 1
4 53 -1
@subsec_choice 54 1
4 54 -1
@sweep_choice 55 1
4 55 0
@dome_choice 56 1
4 56 0
@draft_choice 57 1
4 57 0
@misc_choice 58 1
4 58 0
@assoc_type 59 1
3 59 0
@symbol_key 60 1
2 60 -1
@sect_name 61 10
2 61 DTM1
@model_type 62 1
2 62 2
@idtab_ptr 63 0
2 63 ->
@srf_id_arr 64 1
3 64 [1][4]
$2,3*0
@save_geoms 65 0
3 65 NULL
@cr_flags_xar 66 1
3 66 [23]
$2*-1,-1025,-2049,536870911,-1,1048575,0,2048,5*0,2097152,0,2,3*0,1048576,
$2*0
@cvt_feat_dat 67 0
3 67 NULL
@feat_dates_ptr 68 0
3 68 ->
@creat_date 69 1
4 69 0
@regen_date 70 1
4 70 0
@geometry 71 0
2 71 
@srf_array 72 0
3 72 [1]
4 72 ->
@geom_type 73 1
5 73 34
@geom_id 74 1
5 74 2
@feat_id 75 1
5 75 1
@boundary_type 76 1
5 76 1
@envlp 77 2
5 77 [2][2]
$BFD036799976381D,C01A429D9745E842
$3FD036799976381D,401A429D9745E842
@srf_prim_ptr(plane) 78 0
5 78 ->
@local_sys 79 2
6 79 [4][3]
$2*0,3FF
$3FF,2*0
$0,3FF,0
$3*0
@frst_cntr_ptr 80 0
5 80 NULL
@next_geom_ptr 81 1
5 81 0
@orient 82 1
5 82 1
@outline 83 2
5 83 [2][3]
$0,BFD036799976381D,C01A429D9745E842
$0,3FD036799976381D,401A429D9745E842
@group_info_ptr 84 0
2 84 NULL
@intrs_pairs_ptr 85 0
2 85 ->
@place_rec_ptr 86 0
2 86 ->
@local_sys 87 2
3 87 [4][3]
$2*0,3FF
$3FF,2*0
$0,3FF,0
$3*0
@place_instruction_ptrs 88 0
3 88 [1]
4 88 ->
@type 89 1
5 89 513
@offset 90 2
5 90 0
@dim_id 91 1
5 91 -1
@ref_id 92 1
5 92 -1
@geometry1_id 93 1
5 93 -1
@geometry2_id 94 1
5 94 2
@memb_num1 95 1
5 95 0
@memb_num2 96 1
5 96 0
@attr 97 1
5 97 32768
@plin_info_arr 98 0
5 98 [2]
6 98 ->
@type 99 1
7 99 1
@data(plin_info_ref) 100 0
7 100 ->
@id_type1 101 1
8 101 -4
@id_type2 102 1
8 102 5
@offset2 103 2
8 103 0
6 98 ->
7 99 6
@data(plin_info_ui_step) 104 0
7 104 ->
@step_ids 105 1
8 105 [1]
9 105 -100
@own_ref_id 106 1
3 106 -1
@orient 107 1
3 107 1
@trf_arr 108 0
3 108 [1]
4 108 
@type 109 1
5 109 11
@idx 110 1
5 110 0
@transf 111 2
5 111 [4][3]
$2*0,3FF
$3FF,2*0
$0,3FF,0
$3*0
@next_prop 112 0
2 112 NULL
@first_geom_id 113 1
2 113 2
@cond_tbl_idx 114 1
2 114 -1
@comment 115 10
2 115 NULL
@merge_info_ptr 116 0
2 116 NULL
@topology_increment 117 0
2 117 ->
@first_geom 118 1
3 118 0
@first_quilt 119 1
3 119 0
@outline 120 2
3 120 [2][3]
$3*C06F4
$3*406F4
@max_part_size 121 2
3 121 0
@xform_increment 122 0
3 122 NULL
@roll_back_id 123 1
3 123 -1
@state_ind 124 1
2 124 -1
@alumni_info 125 0
2 125 NULL
@revnum 126 1
2 126 -1
@rev_rec 127 0
2 127 NULL
@next_feat_ptr 128 0
1 128 ->
2 37 3
2 38 1
2 39 ->
3 40 13
3 41 923
3 42 NULL
3 43 0
3 44 [3]
$3*0
3 45 0
3 46 -1
3 47 -1
3 48 ->
4 49 0
4 50 0
4 51 -1
4 52 970
4 53 -1
4 54 -1
4 55 0
4 56 0
4 57 0
4 58 0
3 59 0
2 60 -1
2 61 DTM2
2 62 2
2 63 ->
3 64 [1][4]
$4,3*0
3 65 NULL
3 66 [23]
$2*-1,-1025,-2049,536870911,-1,1048575,0,2048,5*0,2097152,0,2,3*0,1048576,
$2*0
3 67 NULL
3 68 ->
4 69 0
4 70 0
2 71 
3 72 [1]
4 72 ->
5 73 34
5 74 4
5 75 3
5 76 1
5 77 [2][2]
$C01A429D9745E842,BFD029D9745E8424
$401A429D9745E842,3FD029D9745E8424
5 78 ->
6 79 [4][3]
$0,3FF,0
$2*0,3FF
$3FF,2*0
$3*0
5 80 NULL
5 81 0
5 82 1
5 83 [2][3]
$BFD029D9745E8424,0,C01A429D9745E842
$3FD029D9745E8424,0,401A429D9745E842
2 84 NULL
2 85 ->
2 86 ->
3 87 [4][3]
$0,3FF,0
$2*0,3FF
$3FF,2*0
$3*0
3 88 [1]
4 88 ->
5 89 514
5 90 0
5 91 -1
5 92 -1
5 93 -1
5 94 4
5 95 0
5 96 0
5 97 32768
5 98 [2]
6 98 ->
7 99 1
7 100 ->
8 101 -4
8 102 5
8 103 0
6 98 ->
7 99 6
7 104 ->
8 105 [1]
9 105 -100
3 106 -1
3 107 1
3 108 [1]
4 108 
5 109 11
5 110 0
5 111 [4][3]
$0,3FF,0
$2*0,3FF
$3FF,2*0
$3*0
2 112 NULL
2 113 4
2 114 -1
2 115 NULL
2 116 NULL
2 117 ->
3 118 0
3 119 0
3 120 [2][3]
$3*C06F4
$3*406F4
3 121 0
3 122 NULL
3 123 -1
2 124 -1
2 125 NULL
2 126 -1
2 127 NULL
1 128 ->
2 37 5
2 38 1
2 39 ->
3 40 13
3 41 923
3 42 NULL
3 43 0
3 44 [3]
$3*0
3 45 0
3 46 -1
3 47 -1
3 48 ->
4 49 0
4 50 0
4 51 -1
4 52 970
4 53 -1
4 54 -1
4 55 0
4 56 0
4 57 0
4 58 0
3 59 0
2 60 -1
2 61 DTM3
2 62 2
2 63 ->
3 64 [1][4]
$6,3*0
3 65 NULL
3 66 [23]
$2*-1,-1025,-2049,536870911,-1,1048575,0,2048,5*0,2097152,0,2,3*0,1048576,
$2*0
3 67 NULL
3 68 ->
4 69 0
4 70 0
2 71 
3 72 [1]
4 72 ->
5 73 34
5 74 6
5 75 5
5 76 1
5 77 [2][2]
$BFD029D9745E8424,BFD036799976381D
$3FD029D9745E8424,3FD036799976381D
5 78 ->
6 79 [4][3]
$3FF,2*0
$0,3FF,0
$2*0,3FF
$3*0
5 80 NULL
5 81 0
5 82 1
5 83 [2][3]
$BFD029D9745E8424,BFD036799976381D,0
$3FD029D9745E8424,3FD036799976381D,0
2 84 NULL
2 85 ->
2 86 ->
3 87 [4][3]
$3FF,2*0
$0,3FF,0
$2*0,3FF
$3*0
3 88 [1]
4 88 ->
5 89 515
5 90 0
5 91 -1
5 92 -1
5 93 -1
5 94 6
5 95 0
5 96 0
5 97 32768
5 98 [2]
6 98 ->
7 99 1
7 100 ->
8 101 -4
8 102 5
8 103 0
6 98 ->
7 99 6
7 104 ->
8 105 [1]
9 105 -100
3 106 -1
3 107 1
3 108 [1]
4 108 
5 109 11
5 110 0
5 111 [4][3]
$3FF,2*0
$0,3FF,0
$2*0,3FF
$3*0
2 112 NULL
2 113 6
2 114 -1
2 115 NULL
2 116 NULL
2 117 ->
3 118 0
3 119 0
3 120 [2][3]
$3*C06F4
$3*406F4
3 121 0
3 122 NULL
3 123 -1
2 124 -1
2 125 NULL
2 126 -1
2 127 NULL
1 128 ->
2 37 7
2 38 1
2 39 ->
3 40 63
3 41 979
3 42 NULL
3 43 0
3 44 [3]
$3*0
3 45 0
3 46 -1
3 47 -1
3 48 ->
4 49 0
4 50 0
4 51 -1
4 52 -1
4 53 -1
4 54 -1
4 55 0
4 56 0
4 57 0
4 58 128
3 59 0
2 60 -1
2 61 no_name
2 62 2
@entity(coord_sys) 129 0
2 129 ->
@type 130 1
3 130 18
@id 131 1
3 131 8
@gen_info 132 0
3 132 
@color 133 1
4 133 1
@sys_type 134 1
3 134 -1
@pnt_type 135 1
3 135 -1
@radius 136 2
3 136 0
@local_sys 137 2
3 137 [4][3]
$3FF,2*0
$0,3FF,0
$2*0,3FF
$3*0
@feat_id 138 1
3 138 7
@entity(text) 139 0
2 139 ->
@text_type 140 1
3 140 34
@text_value 141 10
3 141 CS0
@txt_attrib 142 1
3 142 1
@coord 143 2
3 143 [3]
$40813C8D974B83E1,4078314AFD0D9E91,405704FF9FA84DE8
@owner_id 144 1
3 144 8
@part_id 145 1
3 145 7
@height 146 2
3 146 BFF
@width_factor 147 2
3 147 BFF
@format_info 148 0
3 148 
@thickness 149 2
3 149 BFF
2 63 ->
@misc_id_tab 150 0
3 150 [1]
4 150 
@misc_hist 151 1
5 151 [5]
$8,534,0,-1,500
3 65 NULL
3 66 [23]
$2*-1,-1025,-2049,536870911,-1,1048575,0,2048,5*0,2097152,0,2,3*0,1048576,
$2*0
3 67 NULL
3 68 ->
4 69 0
4 70 0
2 71 
2 84 NULL
2 85 ->
2 86 ->
3 87 [4][3]
$3FF,2*0
$0,3FF,0
$2*0,3FF
$3*0
3 106 -1
3 107 0
3 108 [1]
4 108 
5 109 10
5 110 0
5 111 [4][3]
$3FF,2*0
$0,3FF,0
$2*0,3FF
$3*0
2 112 NULL
2 113 -1
2 114 -1
2 115 NULL
2 116 NULL
2 117 ->
3 118 0
3 119 0
3 120 [2][3]
$3*C06F4
$3*406F4
3 121 0
3 122 NULL
3 123 -1
2 124 -1
2 125 NULL
2 126 -1
2 127 NULL
1 128 ->
2 37 10
2 38 1
2 39 ->
3 40 13
3 41 923
3 42 NULL
3 43 0
3 44 [3]
$3,2*0
3 45 0
3 46 -1
3 47 -1
3 48 ->
4 49 0
4 50 0
4 51 -1
4 52 970
4 53 -1
4 54 -1
4 55 0
4 56 0
4 57 0
4 58 0
3 59 0
2 60 -1
2 61 no_name
2 62 2
2 63 ->
3 64 [1][4]
$11,3*0
3 65 NULL
3 66 [23]
$2*-1,-1025,-2049,536870911,-1,1048575,0,2048,5*0,2097152,0,2,3*0,1048576,
$2*0
3 67 NULL
3 68 ->
4 69 0
4 70 0
2 71 
3 72 [1]
4 72 ->
5 73 34
5 74 11
5 75 10
5 76 -1
5 77 [2][2]
$2*0
$2*0
5 78 ->
6 79 [4][3]
$BFF,2*0
$2*0,3FF
$0,3FF,0
$3*0
5 80 NULL
5 81 0
5 82 1
5 83 [2][3]
$3*0
$3*0
2 84 NULL
2 85 ->
2 86 ->
3 87 [4][3]
$BFF,2*0
$2*0,3FF
$0,3FF,0
$3*0
3 88 [2]
4 88 ->
5 89 509
5 90 3FF
5 91 -1
5 92 -1
5 93 4
5 94 11
5 95 0
5 96 0
5 97 32768
5 98 [2]
6 98 ->
7 99 1
7 100 ->
8 101 -4
8 102 5
8 103 0
6 98 ->
7 99 6
7 104 ->
8 105 [1]
9 105 -100
4 88 ->
5 89 510
5 90 3FF
5 91 -1
5 92 -1
5 93 6
5 94 11
5 95 0
5 96 0
5 97 32768
5 98 [2]
6 98 ->
7 99 1
7 100 ->
8 101 -4
8 102 5
8 103 0
6 98 ->
7 99 6
7 104 ->
8 105 [1]
9 105 -100
3 106 -1
3 107 1
3 108 [1]
4 108 
5 109 11
5 110 0
5 111 [4][3]
$BFF,2*0
$2*0,3FF
$0,3FF,0
$3*0
2 112 NULL
2 113 11
2 114 -1
2 115 NULL
2 116 NULL
@parent_table 152 1
2 152 [2]
$3,5
2 117 ->
3 118 0
3 119 0
3 120 [2][3]
$3*C06F4
$3*406F4
3 121 0
3 122 NULL
3 123 -1
2 124 -1
2 125 NULL
2 126 -1
2 127 NULL
1 128 ->
2 37 9
2 38 1
2 39 ->
3 40 7
3 41 917
3 42 NULL
3 43 2
3 44 [3]
$3*0
3 45 0
3 46 991
3 47 -1
3 48 ->
4 49 0
4 50 0
4 51 964
4 52 970
4 53 -1
4 54 -1
4 55 0
4 56 0
4 57 0
4 58 0
3 59 0
2 60 -1
2 61 no_name
2 62 2
@entity(line3d) 153 0
2 153 ->
@type 154 1
3 154 11
@id 155 1
3 155 144
@gen_info 156 0
3 156 
@geom_id 157 1
3 157 12
@end1 158 2
3 158 [3]
$2*0,401A
@end2 159 2
3 159 [3]
$3FC8,0,401A
2 153 ->
3 154 13
3 155 145
3 156 
4 133 1
3 157 12
3 158 [3]
$2*0,401A
3 159 [3]
$2*0,C01A
2 139 ->
3 140 19
3 141 A_1
3 142 1
3 143 [3]
$40729488D936B2A2,407A9D312B21CEB4,405B01420FEA7F2
3 144 -1
3 145 7
3 146 BFF
3 147 BFF
3 148 
3 149 BFF
2 63 ->
3 64 [36][4]
$12,204,2*0
$29,203,2*0
$46,200,14,0
$48,200,15,0
$50,200,8,0
$52,200,7,0
$54,200,6,0
$56,200,5,0
$58,200,4,0
$60,200,13,0
$62,200,12,0
$64,200,11,0
$66,200,10,0
$68,200,9,0
$70,200,3,0
$72,200,2,0
$74,200,1,0
$76,200,2*0
$78,204,0,1
$95,203,0,1
$112,200,14,1
$114,200,15,1
$116,200,8,1
$118,200,7,1
$120,200,6,1
$122,200,5,1
$124,200,4,1
$126,200,13,1
$128,200,12,1
$130,200,11,1
$132,200,10,1
$134,200,9,1
$136,200,3,1
$138,200,2,1
$140,200,2*1
$142,200,0,1
@edg_id_arr 160 1
3 160 [96][6]
$13,221,14,2*0,12
$14,221,15,2*0,12
$15,221,8,2*0,12
$16,221,7,2*0,118
$17,221,6,2*0,12
$18,221,5,2*0,122
$19,221,4,2*0,12
$20,221,13,2*0,126
$21,221,12,2*0,12
$22,221,11,2*0,130
$23,221,10,2*0,12
$24,221,9,2*0,134
$25,221,3,2*0,12
$26,221,2,2*0,138
$27,221,1,2*0,12
$28,221,3*0,142
$30,222,14,2*0,46
$31,222,15,2*0,48
$32,222,8,2*0,50
$33,222,7,2*0,52
$34,222,6,2*0,54
$35,222,5,2*0,56
$36,222,4,2*0,58
$37,222,13,2*0,60
$38,222,12,2*0,62
$39,222,11,2*0,64
$40,222,10,2*0,66
$41,222,9,2*0,68
$42,222,3,2*0,70
$43,222,2,2*0,72
$44,222,1,2*0,74
$45,222,3*0,76
$47,220,14,2*0,46
$49,220,15,2*0,48
$51,220,8,2*0,50
$53,220,7,2*0,52
$55,220,6,2*0,54
$57,220,5,2*0,56
$59,220,4,2*0,58
$61,220,13,2*0,60
$63,220,12,2*0,62
$65,220,11,2*0,64
$67,220,10,2*0,66
$69,220,9,2*0,68
$71,220,3,2*0,70
$73,220,2,2*0,72
$75,220,1,2*0,74
$77,220,3*0,76
$79,221,14,1,0,78
$80,221,15,1,0,78
$81,221,8,1,0,78
$82,221,7,1,0,78
$83,221,6,1,0,78
$84,221,5,1,0,78
$85,221,4,1,0,78
$86,221,13,1,0,78
$87,221,12,1,0,78
$88,221,11,1,0,78
$89,221,10,1,0,78
$90,221,9,1,0,78
$91,221,3,1,0,78
$92,221,2,1,0,78
$93,221,2*1,0,78
$94,221,0,1,0,78
$96,222,14,1,0,-1
$97,222,15,1,0,95
$98,222,8,1,0,-1
$99,222,7,1,0,-1
$100,222,6,1,0,-1
$101,222,5,1,0,-1
$102,222,4,1,0,-1
$103,222,13,1,0,-1
$104,222,12,1,0,-1
$105,222,11,1,0,-1
$106,222,10,1,0,-1
$107,222,9,1,0,-1
$108,222,3,1,0,-1
$109,222,2,1,0,-1
$110,222,2*1,0,-1
$111,222,0,1,0,-1
$113,220,14,1,0,142
$115,220,15,1,0,112
$117,220,8,1,0,114
$119,220,7,1,0,50
$121,220,6,1,0,118
$123,220,5,1,0,54
$125,220,4,1,0,122
$127,220,13,1,0,58
$129,220,12,1,0,126
$131,220,11,1,0,62
$133,220,10,1,0,130
$135,220,9,1,0,66
$137,220,3,1,0,134
$139,220,2,1,0,70
$141,220,2*1,0,138
$143,220,0,1,0,74
3 150 [2]
4 150 
5 151 [5]
$144,530,12,-1,500
4 150 
5 151 [5]
$145,531,12,-1,500
@dtm_id_tab 161 0
3 161 [1]
4 161 
@dtm_id 162 1
5 162 11
@dim_id 163 1
5 163 -1
3 65 NULL
3 66 [23]
$2*-1,-1025,-2049,536870911,-1,1048575,0,2048,5*0,2097152,0,2,3*0,1048576,
$2*0
3 67 NULL
3 68 ->
4 69 0
4 70 0
2 71 
3 72 [36]
4 72 ->
5 73 34
5 74 12
5 75 9
5 76 -1
5 77 [2][2]
$BFC8,3FE4CCCCCCCCCCD
$3FC8,402B4CR
5 78 ->
6 79 [4][3]
$3FF,2*0
$2*0,3FF
$0,BFF,0
$2*0,401C9R
5 80 NULL
5 81 46
5 82 -1
5 83 [2][3]
$3*0
$3*0
4 72 ->
5 73 34
5 74 29
5 75 9
5 76 -1
5 77 [2][2]
$0,3FE4CCCCCCCCCCD
$3FC8,402B4CR
5 78 ->
6 79 [4][3]
$3FF,2*0
$2*0,3FF
$0,BFF,0
$2*0,401C9R
5 80 NULL
5 81 46
5 82 -1
5 83 [2][3]
$3*0
$3*0
4 72 ->
5 73 34
5 74 46
5 75 9
5 76 0
5 77 [2][2]
$2*BFB851EB851EB85
$2*3FB851EB851EB85
5 78 ->
6 79 [4][3]
$3FF,2*0
$0,BFF,0
$2*0,BFF
$2*0,401A
5 80 ->
@frst_cntr_crv_hdr_ptr 164 1
6 164 151
@trv 165 1
6 165 1
@envlp 166 2
6 166 [2][2]
$2*BFB851EB851EB85
$2*3FB851EB851EB85
@next_cntr_ptr 167 0
5 167 NULL
5 81 50
5 82 -1
5 83 [2][3]
$2*BFB851EB851EB85,401A
$2*3FB851EB851EB85,401A
4 72 ->
5 73 36
5 74 48
5 75 9
5 76 -1
5 77 [2][2]
$C00921FB54442D18,3FE4CCCCCCCCCCD
$0,402B4CR
@srf_prim_ptr(cylinder) 168 0
5 168 ->
@local_sys 169 2
6 169 [4][3]
$3FF,2*0
$0,BFF,0
$2*0,BFF
$2*0,401C9R
@radius 170 2
6 170 3EE4F8B588E368F1
5 80 NULL
5 81 50
5 82 -1
5 83 [2][3]
$3*0
$3*0
4 72 ->
5 73 34
5 74 50
5 75 9
5 76 0
5 77 [2][2]
$2*BFB851EB851EB89
$2*3FB851EB851EB89
5 78 ->
6 79 [4][3]
$3FF,2*0
$0,BFF,0
$2*0,BFF
$2*0,C01A
5 80 ->
6 164 160
6 165 1
6 166 [2][2]
$2*BFB851EB851EB89
$2*3FB851EB851EB89
5 167 NULL
5 81 52
5 82 1
5 83 [2][3]
$2*BFB851EB851EB89,C01A
$2*3FB851EB851EB89,C01A
4 72 ->
5 73 36
5 74 52
5 75 9
5 76 1
5 77 [2][2]
$C00921FB54442D18,402A6R
$0,402B3D70A3D70A3E
5 168 ->
6 169 [4][3]
$3FF,2*0
$0,BFF,0
$2*0,BFF
$2*0,401C9R
6 170 3FC
5 80 ->
6 164 166
6 165 1
6 166 [2][2]
$C00921FB54442D18,402A6R
$0,402B3D70A3D70A3E
5 167 NULL
5 81 54
5 82 1
5 83 [2][3]
$BFC,0,C019E147AE147AE2
$2*3FC,C0183R
4 72 ->
5 73 34
5 74 54
5 75 9
5 76 0
5 77 [2][2]
$BFC,BFC010D586CA454D
$3FC,3FC010D586CA454D
5 78 ->
6 79 [4][3]
$3FF,2*0
$0,BFF,0
$2*0,BFF
$2*0,C0183R
5 80 ->
6 164 55
6 165 1
6 166 [2][2]
$BFC,BFC010D586CA454D
$3FC,3FC010D586CA454D
5 167 ->
6 164 123
6 165 -1
6 166 [2][2]
$2*BFB7CED916872B02
$2*3FB7CED916872B02
5 167 NULL
5 81 56
5 82 -1
5 83 [2][3]
$BFC,BFC010D586CA454D,C0183R
$3FC,3FC010D586CA454D,C0183R
4 72 ->
5 73 36
5 74 56
5 75 9
5 76 1
5 77 [2][2]
$C00921FB54442D18,402A451EB851EB85
$0,402A6R
5 168 ->
6 169 [4][3]
$3FF,2*0
$0,BFF,0
$2*0,BFF
$2*0,401C9R
6 170 3FB7CED916872B02
5 80 ->
6 164 18
6 165 1
6 166 [2][2]
$C00921FB54442D18,402A451EB851EB85
$0,402A6R
5 167 NULL
5 81 58
5 82 1
5 83 [2][3]
$BFB7CED916872B02,0,C0183R
$2*3FB7CED916872B02,C017F0A3D70A3D7
4 72 ->
5 73 34
5 74 58
5 75 9
5 76 0
5 77 [2][2]
$BFC,BFC010D586CA454D
$3FC,3FC010D586CA454D
5 78 ->
6 79 [4][3]
$3FF,2*0
$0,BFF,0
$2*0,BFF
$2*0,C017F0A3D70A3D7
5 80 ->
6 164 59
6 165 -1
6 166 [2][2]
$2*BFB7CED916872B02
$2*3FB7CED916872B02
5 167 ->
6 164 127
6 165 1
6 166 [2][2]
$BFC,BFC010D586CA454D
$3FC,3FC010D586CA454D
5 167 NULL
5 81 60
5 82 1
5 83 [2][3]
$BFC,BFC010D586CA454D,C017F0A3D70A3D7
$3FC,3FC010D586CA454D,C017F0A3D70A3D7
4 72 ->
5 73 36
5 74 60
5 75 9
5 76 1
5 77 [2][2]
$C00921FB54442D18,4028CR
$0,402A451EB851EB85
5 168 ->
6 169 [4][3]
$3FF,2*0
$0,BFF,0
$2*0,BFF
$2*0,401C9R
6 170 3FC
5 80 ->
6 164 20
6 165 1
6 166 [2][2]
$C00921FB54442D18,4028CR
$0,402A451EB851EB85
5 167 NULL
5 81 62
5 82 1
5 83 [2][3]
$BFC,0,C017F0A3D70A3D7
$2*3FC,C015
4 72 ->
5 73 34
5 74 62
5 75 9
5 76 0
5 77 [2][2]
$BFC8,BFC819404A2F67F2
$3FC8,3FC819404A2F67F2
5 78 ->
6 79 [4][3]
$3FF,2*0
$0,BFF,0
$2*0,BFF
$2*0,C015
5 80 ->
6 164 63
6 165 -1
6 166 [2][2]
$BFC,BFC010D586CA454D
$3FC,3FC010D586CA454D
5 167 ->
6 164 131
6 165 1
6 166 [2][2]
$BFC8,BFC819404A2F67F2
$3FC8,3FC819404A2F67F2
5 167 NULL
5 81 64
5 82 1
5 83 [2][3]
$BFC8,BFC819404A2F67F2,C015
$3FC8,3FC819404A2F67F2,C015
4 72 ->
5 73 36
5 74 64
5 75 9
5 76 1
5 77 [2][2]
$C00921FB54442D18,3FFE6R
$0,4028CR
5 168 ->
6 169 [4][3]
$3FF,2*0
$0,BFF,0
$2*0,BFF
$2*0,401C9R
6 170 3FC8
5 80 ->
6 164 22
6 165 1
6 166 [2][2]
$C00921FB54442D18,3FFE6R
$0,4028CR
5 167 NULL
5 81 66
5 82 1
5 83 [2][3]
$BFC8,0,C015
$2*3FC8,4015
4 72 ->
5 73 34
5 74 66
5 75 9
5 76 0
5 77 [2][2]
$BFC8,BFC819404A2F67F2
$3FC8,3FC819404A2F67F2
5 78 ->
6 79 [4][3]
$3FF,2*0
$0,BFF,0
$2*0,BFF
$2*0,4015
5 80 ->
6 164 67
6 165 1
6 166 [2][2]
$BFC8,BFC819404A2F67F2
$3FC8,3FC819404A2F67F2
5 167 ->
6 164 135
6 165 -1
6 166 [2][2]
$BFC,BFC010D586CA454D
$3FC,3FC010D586CA454D
5 167 NULL
5 81 68
5 82 -1
5 83 [2][3]
$BFC8,BFC819404A2F67F2,4015
$3FC8,3FC819404A2F67F2,4015
4 72 ->
5 73 36
5 74 68
5 75 9
5 76 1
5 77 [2][2]
$C00921FB54442D18,3FF26R
$0,3FFE6R
5 168 ->
6 169 [4][3]
$3FF,2*0
$0,BFF,0
$2*0,BFF
$2*0,401C9R
6 170 3FC
5 80 ->
6 164 24
6 165 1
6 166 [2][2]
$C00921FB54442D18,3FF26R
$0,3FFE6R
5 167 NULL
5 81 70
5 82 1
5 83 [2][3]
$BFC,0,4015
$2*3FC,4018
4 72 ->
5 73 34
5 74 70
5 75 9
5 76 0
5 77 [2][2]
$BFC,BFC010D586CA454D
$3FC,3FC010D586CA454D
5 78 ->
6 79 [4][3]
$3FF,2*0
$0,BFF,0
$2*0,BFF
$2*0,4018
5 80 ->
6 164 71
6 165 1
6 166 [2][2]
$BFC,BFC010D586CA454D
$3FC,3FC010D586CA454D
5 167 ->
6 164 139
6 165 -1
6 166 [2][2]
$2*BFB7CED916872B02
$2*3FB7CED916872B02
5 167 NULL
5 81 72
5 82 -1
5 83 [2][3]
$BFC,BFC010D586CA454D,4018
$3FC,3FC010D586CA454D,4018
4 72 ->
5 73 36
5 74 72
5 75 9
5 76 1
5 77 [2][2]
$C00921FB54442D18,3FF19R
$0,3FF26R
5 168 ->
6 169 [4][3]
$3FF,2*0
$0,BFF,0
$2*0,BFF
$2*0,401C9R
6 170 3FB7CED916872B02
5 80 ->
6 164 26
6 165 1
6 166 [2][2]
$C00921FB54442D18,3FF19R
$0,3FF26R
5 167 NULL
5 81 74
5 82 1
5 83 [2][3]
$BFB7CED916872B02,0,4018
$2*3FB7CED916872B02,40183R
4 72 ->
5 73 34
5 74 74
5 75 9
5 76 0
5 77 [2][2]
$BFC,BFC010D586CA454D
$3FC,3FC010D586CA454D
5 78 ->
6 79 [4][3]
$3FF,2*0
$0,BFF,0
$2*0,BFF
$2*0,40183R
5 80 ->
6 164 75
6 165 -1
6 166 [2][2]
$2*BFB7CED916872B02
$2*3FB7CED916872B02
5 167 ->
6 164 143
6 165 1
6 166 [2][2]
$BFC,BFC010D586CA454D
$3FC,3FC010D586CA454D
5 167 NULL
5 81 76
5 82 1
5 83 [2][3]
$BFC,BFC010D586CA454D,40183R
$3FC,3FC010D586CA454D,40183R
4 72 ->
5 73 36
5 74 76
5 75 9
5 76 1
5 77 [2][2]
$C00921FB54442D18,3FE5C28F5C28F5C
$0,3FF19R
5 168 ->
6 169 [4][3]
$3FF,2*0
$0,BFF,0
$2*0,BFF
$2*0,401C9R
6 170 3FC
5 80 ->
6 164 164
6 165 1
6 166 [2][2]
$C00921FB54442D18,3FE5C28F5C28F5C
$0,3FF19R
5 167 NULL
5 81 118
5 82 1
5 83 [2][3]
$BFC,0,40183R
$2*3FC,4019E147AE147AE2
4 72 ->
5 73 34
5 74 78
5 75 9
5 76 -1
5 77 [2][2]
$BFC8,3FE4CCCCCCCCCCD
$3FC8,402B4CR
5 78 ->
6 79 [4][3]
$3FF,2*0
$2*0,3FF
$0,BFF,0
$2*0,401C9R
5 80 NULL
5 81 118
5 82 -1
5 83 [2][3]
$3*0
$3*0
4 72 ->
5 73 34
5 74 95
5 75 9
5 76 -1
5 77 [2][2]
$0,3FE4CCCCCCCCCCD
$3FC8,402B4CR
5 78 ->
6 79 [4][3]
$3FF,2*0
$2*0,3FF
$0,BFF,0
$2*0,401C9R
5 80 NULL
5 81 112
5 82 1
5 83 [2][3]
$3*0
$3*0
4 72 ->
5 73 34
5 74 112
5 75 9
5 76 -1
5 77 [2][2]
$BFC,0
$3FC,3FC010D586CA454D
5 78 ->
6 79 [4][3]
$3FF,2*0
$0,BFF,0
$2*0,BFF
$2*0,401A
5 80 NULL
5 81 116
5 82 -1
5 83 [2][3]
$3*0
$3*0
4 72 ->
5 73 36
5 74 114
5 75 9
5 76 -1
5 77 [2][2]
$C01921FB54442D18,3FE4CCCCCCCCCCD
$C00921FB54442D18,402B4CR
5 168 ->
6 169 [4][3]
$3FF,2*0
$0,BFF,0
$2*0,BFF
$2*0,401C9R
6 170 3EE4F8B588E368F1
5 80 NULL
5 81 116
5 82 -1
5 83 [2][3]
$3*0
$3*0
4 72 ->
5 73 34
5 74 116
5 75 9
5 76 -1
5 77 [2][2]
$BFC,0
$3FC,3FC010D586CA454D
5 78 ->
6 79 [4][3]
$3FF,2*0
$0,BFF,0
$2*0,BFF
$2*0,C01A
5 80 NULL
5 81 118
5 82 1
5 83 [2][3]
$3*0
$3*0
4 72 ->
5 73 36
5 74 118
5 75 9
5 76 1
5 77 [2][2]
$C01921FB54442D1A,402A6R
$C00921FB54442D18,402B3D70A3D70A3E
5 168 ->
6 169 [4][3]
$3FF,2*0
$0,BFF,0
$2*0,BFF
$2*0,401C9R
6 170 3FC
5 80 ->
6 164 166
6 165 1
6 166 [2][2]
$C01921FB54442D1A,402A6R
$C00921FB54442D18,402B3D70A3D70A3E
5 167 NULL
5 81 122
5 82 1
5 83 [2][3]
$2*BFC,C019E147AE147AE2
$3FC,0,C0183R
4 72 ->
5 73 34
5 74 120
5 75 9
5 76 -1
5 77 [2][2]
$BFC,0
$3FC,3FC010D586CA454D
5 78 ->
6 79 [4][3]
$3FF,2*0
$0,BFF,0
$2*0,BFF
$2*0,C0183R
5 80 NULL
5 81 122
5 82 -1
5 83 [2][3]
$3*0
$3*0
4 72 ->
5 73 36
5 74 122
5 75 9
5 76 1
5 77 [2][2]
$C01921FB54442D18,402A451EB851EB85
$C00921FB54442D18,402A6R
5 168 ->
6 169 [4][3]
$3FF,2*0
$0,BFF,0
$2*0,BFF
$2*0,401C9R
6 170 3FB7CED916872B02
5 80 ->
6 164 18
6 165 1
6 166 [2][2]
$C01921FB54442D18,402A451EB851EB85
$C00921FB54442D18,402A6R
5 167 NULL
5 81 126
5 82 1
5 83 [2][3]
$2*BFB7CED916872B02,C0183R
$3FB7CED916872B02,0,C017F0A3D70A3D7
4 72 ->
5 73 34
5 74 124
5 75 9
5 76 -1
5 77 [2][2]
$BFC,0
$3FC,3FC010D586CA454D
5 78 ->
6 79 [4][3]
$3FF,2*0
$0,BFF,0
$2*0,BFF
$2*0,C017F0A3D70A3D7
5 80 NULL
5 81 126
5 82 1
5 83 [2][3]
$3*0
$3*0
4 72 ->
5 73 36
5 74 126
5 75 9
5 76 1
5 77 [2][2]
$C01921FB54442D18,4028CR
$C00921FB54442D18,402A451EB851EB85
5 168 ->
6 169 [4][3]
$3FF,2*0
$0,BFF,0
$2*0,BFF
$2*0,401C9R
6 170 3FC
5 80 ->
6 164 20
6 165 1
6 166 [2][2]
$C01921FB54442D18,4028CR
$C00921FB54442D18,402A451EB851EB85
5 167 NULL
5 81 130
5 82 1
5 83 [2][3]
$2*BFC,C017F0A3D70A3D7
$3FC,0,C015
4 72 ->
5 73 34
5 74 128
5 75 9
5 76 -1
5 77 [2][2]
$BFC8,0
$3FC8,3FC819404A2F67F2
5 78 ->
6 79 [4][3]
$3FF,2*0
$0,BFF,0
$2*0,BFF
$2*0,C015
5 80 NULL
5 81 130
5 82 1
5 83 [2][3]
$3*0
$3*0
4 72 ->
5 73 36
5 74 130
5 75 9
5 76 1
5 77 [2][2]
$C01921FB54442D18,3FFE6R
$C00921FB54442D18,4028CR
5 168 ->
6 169 [4][3]
$3FF,2*0
$0,BFF,0
$2*0,BFF
$2*0,401C9R
6 170 3FC8
5 80 ->
6 164 22
6 165 1
6 166 [2][2]
$C01921FB54442D18,3FFE6R
$C00921FB54442D18,4028CR
5 167 NULL
5 81 134
5 82 1
5 83 [2][3]
$2*BFC8,C015
$3FC8,0,4015
4 72 ->
5 73 34
5 74 132
5 75 9
5 76 -1
5 77 [2][2]
$BFC8,0
$3FC8,3FC819404A2F67F2
5 78 ->
6 79 [4][3]
$3FF,2*0
$0,BFF,0
$2*0,BFF
$2*0,4015
5 80 NULL
5 81 134
5 82 -1
5 83 [2][3]
$3*0
$3*0
4 72 ->
5 73 36
5 74 134
5 75 9
5 76 1
5 77 [2][2]
$C01921FB54442D18,3FF26R
$C00921FB54442D18,3FFE6R
5 168 ->
6 169 [4][3]
$3FF,2*0
$0,BFF,0
$2*0,BFF
$2*0,401C9R
6 170 3FC
5 80 ->
6 164 24
6 165 1
6 166 [2][2]
$C01921FB54442D18,3FF26R
$C00921FB54442D18,3FFE6R
5 167 NULL
5 81 138
5 82 1
5 83 [2][3]
$2*BFC,4015
$3FC,0,4018
4 72 ->
5 73 34
5 74 136
5 75 9
5 76 -1
5 77 [2][2]
$BFC,0
$3FC,3FC010D586CA454D
5 78 ->
6 79 [4][3]
$3FF,2*0
$0,BFF,0
$2*0,BFF
$2*0,4018
5 80 NULL
5 81 138
5 82 -1
5 83 [2][3]
$3*0
$3*0
4 72 ->
5 73 36
5 74 138
5 75 9
5 76 1
5 77 [2][2]
$C01921FB54442D18,3FF19R
$C00921FB54442D18,3FF26R
5 168 ->
6 169 [4][3]
$3FF,2*0
$0,BFF,0
$2*0,BFF
$2*0,401C9R
6 170 3FB7CED916872B02
5 80 ->
6 164 26
6 165 1
6 166 [2][2]
$C01921FB54442D18,3FF19R
$C00921FB54442D18,3FF26R
5 167 NULL
5 81 142
5 82 1
5 83 [2][3]
$2*BFB7CED916872B02,4018
$3FB7CED916872B02,0,40183R
4 72 ->
5 73 34
5 74 140
5 75 9
5 76 -1
5 77 [2][2]
$BFC,0
$3FC,3FC010D586CA454D
5 78 ->
6 79 [4][3]
$3FF,2*0
$0,BFF,0
$2*0,BFF
$2*0,40183R
5 80 NULL
5 81 142
5 82 1
5 83 [2][3]
$3*0
$3*0
4 72 ->
5 73 36
5 74 142
5 75 9
5 76 1
5 77 [2][2]
$C01921FB54442D1A,3FE5C28F5C28F5C
$C00921FB54442D18,3FF19R
5 168 ->
6 169 [4][3]
$3FF,2*0
$0,BFF,0
$2*0,BFF
$2*0,401C9R
6 170 3FC
5 80 ->
6 164 164
6 165 1
6 166 [2][2]
$C01921FB54442D1A,3FE5C28F5C28F5C
$C00921FB54442D18,3FF19R
5 167 NULL
5 81 147
5 82 1
5 83 [2][3]
$2*BFC,40183R
$3FC,0,4019E147AE147AE2
@crv_array 171 0
3 171 [96]
4 171 ->
@crv_id 172 1
5 172 13
@feat_id 173 1
5 173 9
@type 174 1
5 174 0
@crv_pnt_dir 175 1
5 175 [2]
$1,-1
@crv_pnt_arr 176 2
5 176 [2][4]
$BFC,3FE4CCCCCCCCCCD,BFC,0
$0,3FE4CCCCCCCCCCD,2*0
@crv_hdr_geom_ptr[0] 177 1
5 177 12
@crv_hdr_geom_ptr[1] 178 1
5 178 46
@next_crv_hdr_ptr[0] 179 1
5 179 30
@next_crv_hdr_ptr[1] 180 1
5 180 47
@ref_geom[0] 181 1
5 181 0
@ref_geom[1] 182 1
5 182 0
4 171 ->
5 172 14
5 173 9
5 174 1
5 175 [2]
$-1,1
5 176 [2][4]
$0,402B4CR,0,402B4CR
$0,3FE4CCCCCCCCCCD,0,3FE4CCCCCCCCCCD
5 177 12
5 178 12
5 179 15
5 180 30
5 181 0
5 182 0
4 171 ->
5 172 15
5 173 9
5 174 0
5 175 [2]
$1,-1
5 176 [2][4]
$0,402B4CR,2*0
$BFC,402B4CR,BFC,0
5 177 12
5 178 50
5 179 16
5 180 81
5 181 0
5 182 0
4 171 ->
5 172 16
5 173 9
5 174 1
5 175 [2]
$1,-1
5 176 [2][4]
$C00921FB54442D18,402B4CR,C00921FB54442D18,402B4CR
$C00921FB54442D18,402A6R,C00921FB54442D18,402A6R
5 177 118
5 178 52
5 179 0
5 180 0
5 181 0
5 182 0
4 171 ->
5 172 17
5 173 9
5 174 0
5 175 [2]
$1,-1
5 176 [2][4]
$BFC,402A6R,BFC,0
$BFB7CED916872B02,402A6R,BFB7CED916872B02,0
5 177 12
5 178 54
5 179 18
5 180 55
5 181 0
5 182 0
4 171 ->
5 172 18
5 173 9
5 174 1
5 175 [2]
$1,-1
5 176 [2][4]
$C00921FB54442D18,402A6R,C00921FB54442D18,402A6R
$C00921FB54442D18,402A451EB851EB85,C00921FB54442D18,402A451EB851EB85
5 177 122
5 178 56
5 179 125
5 180 57
5 181 0
5 182 0
4 171 ->
5 172 19
5 173 9
5 174 0
5 175 [2]
$1,-1
5 176 [2][4]
$BFB7CED916872B02,402A451EB851EB85,BFB7CED916872B02,0
$BFC,402A451EB851EB85,BFC,0
5 177 12
5 178 58
5 179 20
5 180 59
5 181 0
5 182 0
4 171 ->
5 172 20
5 173 9
5 174 1
5 175 [2]
$1,-1
5 176 [2][4]
$C00921FB54442D18,402A451EB851EB85,C00921FB54442D18,402A451EB851EB85
$C00921FB54442D18,4028CR,C00921FB54442D18,4028CR
5 177 126
5 178 60
5 179 129
5 180 61
5 181 0
5 182 0
4 171 ->
5 172 21
5 173 9
5 174 0
5 175 [2]
$1,-1
5 176 [2][4]
$BFC,4028CR,BFC,0
$BFC8,4028CR,BFC8,0
5 177 12
5 178 62
5 179 22
5 180 63
5 181 0
5 182 0
4 171 ->
5 172 22
5 173 9
5 174 1
5 175 [2]
$1,-1
5 176 [2][4]
$C00921FB54442D18,4028CR,C00921FB54442D18,4028CR
$C00921FB54442D18,3FFE6R,C00921FB54442D18,3FFE6R
5 177 130
5 178 64
5 179 133
5 180 65
5 181 0
5 182 0
4 171 ->
5 172 23
5 173 9
5 174 0
5 175 [2]
$1,-1
5 176 [2][4]
$BFC8,3FFE6R,BFC8,0
$BFC,3FFE6R,BFC,0
5 177 12
5 178 66
5 179 24
5 180 67
5 181 0
5 182 0
4 171 ->
5 172 24
5 173 9
5 174 1
5 175 [2]
$1,-1
5 176 [2][4]
$C00921FB54442D18,3FFE6R,C00921FB54442D18,3FFE6R
$C00921FB54442D18,3FF26R,C00921FB54442D18,3FF26R
5 177 134
5 178 68
5 179 137
5 180 69
5 181 0
5 182 0
4 171 ->
5 172 25
5 173 9
5 174 0
5 175 [2]
$1,-1
5 176 [2][4]
$BFC,3FF26R,BFC,0
$BFB7CED916872B02,3FF26R,BFB7CED916872B02,0
5 177 12
5 178 70
5 179 26
5 180 71
5 181 0
5 182 0
4 171 ->
5 172 26
5 173 9
5 174 1
5 175 [2]
$1,-1
5 176 [2][4]
$C00921FB54442D18,3FF26R,C00921FB54442D18,3FF26R
$C00921FB54442D18,3FF19R,C00921FB54442D18,3FF19R
5 177 138
5 178 72
5 179 141
5 180 73
5 181 0
5 182 0
4 171 ->
5 172 27
5 173 9
5 174 0
5 175 [2]
$1,-1
5 176 [2][4]
$BFB7CED916872B02,3FF19R,BFB7CED916872B02,0
$BFC,3FF19R,BFC,0
5 177 12
5 178 74
5 179 28
5 180 75
5 181 0
5 182 0
4 171 ->
5 172 28
5 173 9
5 174 1
5 175 [2]
$1,-1
5 176 [2][4]
$C00921FB54442D18,3FF19R,C00921FB54442D18,3FF19R
$C00921FB54442D18,3FE4CCCCCCCCCCD,C00921FB54442D18,3FE4CCCCCCCCCCD
5 177 142
5 178 76
5 179 0
5 180 0
5 181 0
5 182 0
4 171 ->
5 172 30
5 173 9
5 174 0
5 175 [2]
$-1,1
5 176 [2][4]
$3FC,3FE4CCCCCCCCCCD,3FC,0
$0,3FE4CCCCCCCCCCD,2*0
5 177 12
5 178 46
5 179 45
5 180 96
5 181 0
5 182 0
4 171 ->
5 172 31
5 173 9
5 174 0
5 175 [2]
$-1,1
5 176 [2][4]
$0,3FE4CCCCCCCCCCD,0,3FE4CCCCCCCCCCD
$0,402B4CR,0,402B4CR
5 177 29
5 178 48
5 179 0
5 180 0
5 181 0
5 182 0
4 171 ->
5 172 32
5 173 9
5 174 0
5 175 [2]
$-1,1
5 176 [2][4]
$0,402B4CR,2*0
$3FC,402B4CR,3FC,0
5 177 12
5 178 50
5 179 15
5 180 53
5 181 0
5 182 0
4 171 ->
5 172 33
5 173 9
5 174 1
5 175 [2]
$-1,1
5 176 [2][4]
$C01921FB54442D18,402B4CR,0,402B4CR
$C01921FB54442D18,402A6R,0,402A6R
5 177 118
5 178 52
5 179 0
5 180 0
5 181 0
5 182 0
4 171 ->
5 172 34
5 173 9
5 174 0
5 175 [2]
$-1,1
5 176 [2][4]
$3FC,402A6R,3FC,0
$3FB7CED916872B02,402A6R,3FB7CED916872B02,0
5 177 12
5 178 54
5 179 33
5 180 57
5 181 0
5 182 0
4 171 ->
5 172 35
5 173 9
5 174 1
5 175 [2]
$-1,1
5 176 [2][4]
$C01921FB54442D18,402A6R,0,402A6R
$C01921FB54442D18,402A451EB851EB85,0,402A451EB851EB85
5 177 122
5 178 56
5 179 123
5 180 59
5 181 0
5 182 0
4 171 ->
5 172 36
5 173 9
5 174 0
5 175 [2]
$-1,1
5 176 [2][4]
$3FB7CED916872B02,402A451EB851EB85,3FB7CED916872B02,0
$3FC,402A451EB851EB85,3FC,0
5 177 12
5 178 58
5 179 35
5 180 61
5 181 0
5 182 0
4 171 ->
5 172 37
5 173 9
5 174 1
5 175 [2]
$-1,1
5 176 [2][4]
$C01921FB54442D18,402A451EB851EB85,0,402A451EB851EB85
$C01921FB54442D18,4028CR,0,4028CR
5 177 126
5 178 60
5 179 127
5 180 63
5 181 0
5 182 0
4 171 ->
5 172 38
5 173 9
5 174 0
5 175 [2]
$-1,1
5 176 [2][4]
$3FC,4028CR,3FC,0
$3FC8,4028CR,3FC8,0
5 177 12
5 178 62
5 179 37
5 180 65
5 181 0
5 182 0
4 171 ->
5 172 39
5 173 9
5 174 1
5 175 [2]
$-1,1
5 176 [2][4]
$C01921FB54442D18,4028CR,0,4028CR
$C01921FB54442D18,3FFE6R,0,3FFE6R
5 177 130
5 178 64
5 179 131
5 180 67
5 181 0
5 182 0
4 171 ->
5 172 40
5 173 9
5 174 0
5 175 [2]
$-1,1
5 176 [2][4]
$3FC8,3FFE6R,3FC8,0
$3FC,3FFE6R,3FC,0
5 177 12
5 178 66
5 179 39
5 180 69
5 181 0
5 182 0
4 171 ->
5 172 41
5 173 9
5 174 1
5 175 [2]
$-1,1
5 176 [2][4]
$C01921FB54442D18,3FFE6R,0,3FFE6R
$C01921FB54442D18,3FF26R,0,3FF26R
5 177 134
5 178 68
5 179 135
5 180 71
5 181 0
5 182 0
4 171 ->
5 172 42
5 173 9
5 174 0
5 175 [2]
$-1,1
5 176 [2][4]
$3FC,3FF26R,3FC,0
$3FB7CED916872B02,3FF26R,3FB7CED916872B02,0
5 177 12
5 178 70
5 179 41
5 180 73
5 181 0
5 182 0
4 171 ->
5 172 43
5 173 9
5 174 1
5 175 [2]
$-1,1
5 176 [2][4]
$C01921FB54442D18,3FF26R,0,3FF26R
$C01921FB54442D18,3FF19R,0,3FF19R
5 177 138
5 178 72
5 179 139
5 180 75
5 181 0
5 182 0
4 171 ->
5 172 44
5 173 9
5 174 0
5 175 [2]
$-1,1
5 176 [2][4]
$3FB7CED916872B02,3FF19R,3FB7CED916872B02,0
$3FC,3FF19R,3FC,0
5 177 12
5 178 74
5 179 43
5 180 77
5 181 0
5 182 0
4 171 ->
5 172 45
5 173 9
5 174 1
5 175 [2]
$-1,1
5 176 [2][4]
$C01921FB54442D18,3FF19R,0,3FF19R
$C01921FB54442D18,3FE4CCCCCCCCCCD,0,3FE4CCCCCCCCCCD
5 177 142
5 178 76
5 179 0
5 180 0
5 181 0
5 182 0
4 171 ->
5 172 47
5 173 9
5 174 0
5 175 [2]
$1,-1
5 176 [10][4]
$BFC,0,C00921FB54442D18,3FE4CCCCCCCCCCD
$BFBE11F642522D1C,BFA5E3A8748A0BF5,C00657184AE74487,3FE4CCCCCCCCCCD
$BFB8836FA2CF5039,BFB491B7523C161C,C0038C35418A5BF6,3FE4CCCCCCCCCCD
$BFB,BFBBB67AE8584CAR,C000C152382D736R,3FE4CCCCCCCCCCD
$BF963A1A7E0B738B,BFBF838B8C811C17,BFFBECDE5DA115A9,3FE4CCCCCCCCCCD
$3F963A1A7E0B738B,BFBF838B8C811C17,BFF657184AE74487,3FE4CCCCCCCCCCD
$3FB,BFBBB67AE8584CAB,BFF0C152382D736R,3FE4CCCCCCCCCCD
$3FB8836FA2CF5038,BFB491B7523C161D,BFE657184AE7448R,3FE4CCCCCCCCCCD
$3FBE11F642522D1B,BFA5E3A8748A0BF6,BFD657184AE7448R,3FE4CCCCCCCCCCD
$3FC,2*0,3FE4CCCCCCCCCCD
5 177 46
5 178 76
5 179 113
5 180 28
5 181 0
5 182 0
4 171 ->
5 172 49
5 173 9
5 174 0
5 175 [2]
$1,-1
5 176 [4][4]
$C00921FB54442D18,3FE4CCCCCCCCCCD,2*0
$C000C152382D736R,3FE4CCCCCCCCCCD,2*0
$BFF0C152382D736R,3FE4CCCCCCCCCCD,2*0
$0,3FE4CCCCCCCCCCD,2*0
5 177 48
5 178 46
5 179 0
5 180 0
5 181 0
5 182 0
4 171 ->
5 172 51
5 173 9
5 174 0
5 175 [2]
$1,-1
5 176 [4][4]
$2*0,C00921FB54442D18,402B4CR
$2*0,C000C152382D736R,402B4CR
$2*0,BFF0C152382D736R,402B4CR
$3*0,402B4CR
5 177 50
5 178 48
5 179 0
5 180 0
5 181 0
5 182 0
4 171 ->
5 172 53
5 173 9
5 174 0
5 175 [2]
$1,-1
5 176 [10][4]
$C00921FB54442D18,402B4CR,BFC,0
$C00657184AE74487,402B4CR,BFBE11F642522D1C,BFA5E3A8748A0BF5
$C0038C35418A5BF6,402B4CR,BFB8836FA2CF5039,BFB491B7523C161C
$C000C152382D736R,402B4CR,BFB,BFBBB67AE8584CAR
$BFFBECDE5DA115A9,402B4CR,BF963A1A7E0B738B,BFBF838B8C811C17
$BFF657184AE74487,402B4CR,3F963A1A7E0B738B,BFBF838B8C811C17
$BFF0C152382D736R,402B4CR,3FB,BFBBB67AE8584CAB
$BFE657184AE7448R,402B4CR,3FB8836FA2CF5038,BFB491B7523C161D
$BFD657184AE7448R,402B4CR,3FBE11F642522D1B,BFA5E3A8748A0BF6
$0,402B4CR,3FC,0
5 177 52
5 178 50
5 179 33
5 180 119
5 181 0
5 182 0
4 171 ->
5 172 55
5 173 9
5 174 0
5 175 [2]
$1,-1
5 176 [10][4]
$BFC,0,C00921FB54442D18,402A6R
$BFBE11F642522D1C,BFA5E3A8748A0BF5,C00657184AE74487,402A6R
$BFB8836FA2CF5039,BFB491B7523C161C,C0038C35418A5BF6,402A6R
$BFB,BFBBB67AE8584CAR,C000C152382D736R,402A6R
$BF963A1A7E0B738B,BFBF838B8C811C17,BFFBECDE5DA115A9,402A6R
$3F963A1A7E0B738B,BFBF838B8C811C17,BFF657184AE74487,402A6R
$3FB,BFBBB67AE8584CAB,BFF0C152382D736R,402A6R
$3FB8836FA2CF5038,BFB491B7523C161D,BFE657184AE7448R,402A6R
$3FBE11F642522D1B,BFA5E3A8748A0BF6,BFD657184AE7448R,402A6R
$3FC,2*0,402A6R
5 177 54
5 178 52
5 179 121
5 180 166
5 181 0
5 182 0
4 171 ->
5 172 57
5 173 9
5 174 0
5 175 [2]
$1,-1
5 176 [9][4]
$C00921FB54442D18,402A6R,BFB7CED916872B02,0
$C005FDBBE9BBA775,402A6R,BFB5FEE7C31D6B28,BFA238CB71C58843
$C002D97C7F3321D2,402A6R,2*BFB0D5B5567F6E06
$BFFF6A7A2955385E,402A6R,BFA238CB71C58843,BFB5FEE7C31D6B28
$BFF921FB54442D18,402A6R,0,BFB7CED916872B02
$BFF2D97C7F3321D2,402A6R,3FA238CB71C58843,BFB5FEE7C31D6B28
$BFE921FB54442D18,402A6R,3FB0D5B5567F6E06,BFB0D5B5567F6E06
$BFD921FB54442D18,402A6R,3FB5FEE7C31D6B28,BFA238CB71C58843
$0,402A6R,3FB7CED916872B02,0
5 177 56
5 178 54
5 179 35
5 180 123
5 181 0
5 182 0
4 171 ->
5 172 59
5 173 9
5 174 0
5 175 [2]
$1,-1
5 176 [9][4]
$BFB7CED916872B02,0,C00921FB54442D18,402A451EB851EB85
$BFB5FEE7C31D6B28,BFA238CB71C58843,C005FDBBE9BBA775,402A451EB851EB85
$2*BFB0D5B5567F6E06,C002D97C7F3321D2,402A451EB851EB85
$BFA238CB71C58843,BFB5FEE7C31D6B28,BFFF6A7A2955385E,402A451EB851EB85
$0,BFB7CED916872B02,BFF921FB54442D18,402A451EB851EB85
$3FA238CB71C58843,BFB5FEE7C31D6B28,BFF2D97C7F3321D2,402A451EB851EB85
$3FB0D5B5567F6E06,BFB0D5B5567F6E06,BFE921FB54442D18,402A451EB851EB85
$3FB5FEE7C31D6B28,BFA238CB71C58843,BFD921FB54442D18,402A451EB851EB85
$3FB7CED916872B02,2*0,402A451EB851EB85
5 177 58
5 178 56
5 179 125
5 180 18
5 181 0
5 182 0
4 171 ->
5 172 61
5 173 9
5 174 0
5 175 [2]
$1,-1
5 176 [10][4]
$C00921FB54442D18,402A451EB851EB85,BFC,0
$C00657184AE74487,402A451EB851EB85,BFBE11F642522D1C,BFA5E3A8748A0BF5
$C0038C35418A5BF6,402A451EB851EB85,BFB8836FA2CF5039,BFB491B7523C161C
$C000C152382D736R,402A451EB851EB85,BFB,BFBBB67AE8584CAR
$BFFBECDE5DA115A9,402A451EB851EB85,BF963A1A7E0B738B,BFBF838B8C811C17
$BFF657184AE74487,402A451EB851EB85,3F963A1A7E0B738B,BFBF838B8C811C17
$BFF0C152382D736R,402A451EB851EB85,3FB,BFBBB67AE8584CAB
$BFE657184AE7448R,402A451EB851EB85,3FB8836FA2CF5038,BFB491B7523C161D
$BFD657184AE7448R,402A451EB851EB85,3FBE11F642522D1B,BFA5E3A8748A0BF6
$0,402A451EB851EB85,3FC,0
5 177 60
5 178 58
5 179 37
5 180 127
5 181 0
5 182 0
4 171 ->
5 172 63
5 173 9
5 174 0
5 175 [2]
$1,-1
5 176 [10][4]
$BFC,0,C00921FB54442D18,4028CR
$BFBE11F642522D1C,BFA5E3A8748A0BF5,C00657184AE74487,4028CR
$BFB8836FA2CF5039,BFB491B7523C161C,C0038C35418A5BF6,4028CR
$BFB,BFBBB67AE8584CAR,C000C152382D736R,4028CR
$BF963A1A7E0B738B,BFBF838B8C811C17,BFFBECDE5DA115A9,4028CR
$3F963A1A7E0B738B,BFBF838B8C811C17,BFF657184AE74487,4028CR
$3FB,BFBBB67AE8584CAB,BFF0C152382D736R,4028CR
$3FB8836FA2CF5038,BFB491B7523C161D,BFE657184AE7448R,4028CR
$3FBE11F642522D1B,BFA5E3A8748A0BF6,BFD657184AE7448R,4028CR
$3FC,2*0,4028CR
5 177 62
5 178 60
5 179 129
5 180 20
5 181 0
5 182 0
4 171 ->
5 172 65
5 173 9
5 174 0
5 175 [2]
$1,-1
5 176 [10][4]
$C00921FB54442D18,4028CR,BFC8,0
$C00657184AE74487,4028CR,BFC68D78B1BDA1D5,BFB06ABE576788F8
$C0038C35418A5BF6,4028CR,BFC26293BA1B7C2B,BFBEDA92FB5A212A
$C000C152382D736R,4028CR,BFB8,BFC4C8DC2E42398
$BFFBECDE5DA115A9,4028CR,BFA0AB93DE8896A8,BFC7A2A8A960D51R
$BFF657184AE74487,4028CR,3FA0AB93DE8896A8,BFC7A2A8A960D51R
$BFF0C152382D736R,4028CR,3FB8,BFC4C8DC2E42398
$BFE657184AE7448R,4028CR,3FC26293BA1B7C2A,BFBEDA92FB5A212C
$BFD657184AE7448R,4028CR,3FC68D78B1BDA1D4,BFB06ABE576788F8
$0,4028CR,3FC8,0
5 177 64
5 178 62
5 179 39
5 180 131
5 181 0
5 182 0
4 171 ->
5 172 67
5 173 9
5 174 0
5 175 [2]
$1,-1
5 176 [10][4]
$BFC8,0,C00921FB54442D18,3FFE6R
$BFC68D78B1BDA1D5,BFB06ABE576788F8,C00657184AE74487,3FFE6R
$BFC26293BA1B7C2B,BFBEDA92FB5A212A,C0038C35418A5BF6,3FFE6R
$BFB8,BFC4C8DC2E42398,C000C152382D736R,3FFE6R
$BFA0AB93DE8896A8,BFC7A2A8A960D51R,BFFBECDE5DA115A9,3FFE6R
$3FA0AB93DE8896A8,BFC7A2A8A960D51R,BFF657184AE74487,3FFE6R
$3FB8,BFC4C8DC2E42398,BFF0C152382D736R,3FFE6R
$3FC26293BA1B7C2A,BFBEDA92FB5A212C,BFE657184AE7448R,3FFE6R
$3FC68D78B1BDA1D4,BFB06ABE576788F8,BFD657184AE7448R,3FFE6R
$3FC8,2*0,3FFE6R
5 177 66
5 178 64
5 179 133
5 180 22
5 181 0
5 182 0
4 171 ->
5 172 69
5 173 9
5 174 0
5 175 [2]
$1,-1
5 176 [10][4]
$C00921FB54442D18,3FFE6R,BFC,0
$C00657184AE74487,3FFE6R,BFBE11F642522D1C,BFA5E3A8748A0BF5
$C0038C35418A5BF6,3FFE6R,BFB8836FA2CF5039,BFB491B7523C161C
$C000C152382D736R,3FFE6R,BFB,BFBBB67AE8584CAR
$BFFBECDE5DA115A9,3FFE6R,BF963A1A7E0B738B,BFBF838B8C811C17
$BFF657184AE74487,3FFE6R,3F963A1A7E0B738B,BFBF838B8C811C17
$BFF0C152382D736R,3FFE6R,3FB,BFBBB67AE8584CAB
$BFE657184AE7448R,3FFE6R,3FB8836FA2CF5038,BFB491B7523C161D
$BFD657184AE7448R,3FFE6R,3FBE11F642522D1B,BFA5E3A8748A0BF6
$0,3FFE6R,3FC,0
5 177 68
5 178 66
5 179 41
5 180 135
5 181 0
5 182 0
4 171 ->
5 172 71
5 173 9
5 174 0
5 175 [2]
$1,-1
5 176 [10][4]
$BFC,0,C00921FB54442D18,3FF26R
$BFBE11F642522D1C,BFA5E3A8748A0BF5,C00657184AE74487,3FF26R
$BFB8836FA2CF5039,BFB491B7523C161C,C0038C35418A5BF6,3FF26R
$BFB,BFBBB67AE8584CAR,C000C152382D736R,3FF26R
$BF963A1A7E0B738B,BFBF838B8C811C17,BFFBECDE5DA115A9,3FF26R
$3F963A1A7E0B738B,BFBF838B8C811C17,BFF657184AE74487,3FF26R
$3FB,BFBBB67AE8584CAB,BFF0C152382D736R,3FF26R
$3FB8836FA2CF5038,BFB491B7523C161D,BFE657184AE7448R,3FF26R
$3FBE11F642522D1B,BFA5E3A8748A0BF6,BFD657184AE7448R,3FF26R
$3FC,2*0,3FF26R
5 177 70
5 178 68
5 179 137
5 180 24
5 181 0
5 182 0
4 171 ->
5 172 73
5 173 9
5 174 0
5 175 [2]
$1,-1
5 176 [9][4]
$C00921FB54442D18,3FF26R,BFB7CED916872B02,0
$C005FDBBE9BBA775,3FF26R,BFB5FEE7C31D6B28,BFA238CB71C58843
$C002D97C7F3321D2,3FF26R,2*BFB0D5B5567F6E06
$BFFF6A7A2955385E,3FF26R,BFA238CB71C58843,BFB5FEE7C31D6B28
$BFF921FB54442D18,3FF26R,0,BFB7CED916872B02
$BFF2D97C7F3321D2,3FF26R,3FA238CB71C58843,BFB5FEE7C31D6B28
$BFE921FB54442D18,3FF26R,3FB0D5B5567F6E06,BFB0D5B5567F6E06
$BFD921FB54442D18,3FF26R,3FB5FEE7C31D6B28,BFA238CB71C58843
$0,3FF26R,3FB7CED916872B02,0
5 177 72
5 178 70
5 179 43
5 180 139
5 181 0
5 182 0
4 171 ->
5 172 75
5 173 9
5 174 0
5 175 [2]
$1,-1
5 176 [9][4]
$BFB7CED916872B02,0,C00921FB54442D18,3FF19R
$BFB5FEE7C31D6B28,BFA238CB71C58843,C005FDBBE9BBA775,3FF19R
$2*BFB0D5B5567F6E06,C002D97C7F3321D2,3FF19R
$BFA238CB71C58843,BFB5FEE7C31D6B28,BFFF6A7A2955385E,3FF19R
$0,BFB7CED916872B02,BFF921FB54442D18,3FF19R
$3FA238CB71C58843,BFB5FEE7C31D6B28,BFF2D97C7F3321D2,3FF19R
$3FB0D5B5567F6E06,BFB0D5B5567F6E06,BFE921FB54442D18,3FF19R
$3FB5FEE7C31D6B28,BFA238CB71C58843,BFD921FB54442D18,3FF19R
$3FB7CED916872B02,2*0,3FF19R
5 177 74
5 178 72
5 179 141
5 180 26
5 181 0
5 182 0
4 171 ->
5 172 77
5 173 9
5 174 0
5 175 [2]
$1,-1
5 176 [10][4]
$C00921FB54442D18,3FF19R,BFC,0
$C00657184AE74487,3FF19R,BFBE11F642522D1C,BFA5E3A8748A0BF5
$C0038C35418A5BF6,3FF19R,BFB8836FA2CF5039,BFB491B7523C161C
$C000C152382D736R,3FF19R,BFB,BFBBB67AE8584CAR
$BFFBECDE5DA115A9,3FF19R,BF963A1A7E0B738B,BFBF838B8C811C17
$BFF657184AE74487,3FF19R,3F963A1A7E0B738B,BFBF838B8C811C17
$BFF0C152382D736R,3FF19R,3FB,BFBBB67AE8584CAB
$BFE657184AE7448R,3FF19R,3FB8836FA2CF5038,BFB491B7523C161D
$BFD657184AE7448R,3FF19R,3FBE11F642522D1B,BFA5E3A8748A0BF6
$0,3FF19R,3FC,0
5 177 76
5 178 74
5 179 163
5 180 143
5 181 0
5 182 0
4 171 ->
5 172 79
5 173 9
5 174 0
5 175 [2]
$2*1
5 176 [2][4]
$BFC,3FE4CCCCCCCCCCD,BFC,0
$0,3FE4CCCCCCCCCCD,2*0
5 177 78
5 178 46
5 179 96
5 180 96
5 181 0
5 182 0
4 171 ->
5 172 80
5 173 9
5 174 1
5 175 [2]
$-1,1
5 176 [2][4]
$0,3FE4CCCCCCCCCCD,0,3FE4CCCCCCCCCCD
$0,402B4CR,0,402B4CR
5 177 78
5 178 78
5 179 79
5 180 98
5 181 0
5 182 0
4 171 ->
5 172 81
5 173 9
5 174 0
5 175 [2]
$2*1
5 176 [2][4]
$0,402B4CR,2*0
$BFC,402B4CR,BFC,0
5 177 78
5 178 50
5 179 82
5 180 119
5 181 0
5 182 0
4 171 ->
5 172 82
5 173 9
5 174 0
5 175 [2]
$2*1
5 176 [2][4]
$BFC,402B4CR,C00921FB54442D18,402B4CR
$BFC,402A6R,C00921FB54442D18,402A6R
5 177 78
5 178 118
5 179 0
5 180 0
5 181 0
5 182 0
4 171 ->
5 172 83
5 173 9
5 174 0
5 175 [2]
$2*1
5 176 [2][4]
$BFC,402A6R,BFC,0
$BFB7CED916872B02,402A6R,BFB7CED916872B02,0
5 177 78
5 178 54
5 179 84
5 180 123
5 181 0
5 182 0
4 171 ->
5 172 84
5 173 9
5 174 0
5 175 [2]
$2*1
5 176 [2][4]
$BFB7CED916872B02,402A6R,C00921FB54442D18,402A6R
$BFB7CED916872B02,402A451EB851EB85,C00921FB54442D18,402A451EB851EB85
5 177 78
5 178 122
5 179 0
5 180 0
5 181 0
5 182 0
4 171 ->
5 172 85
5 173 9
5 174 0
5 175 [2]
$2*1
5 176 [2][4]
$BFB7CED916872B02,402A451EB851EB85,BFB7CED916872B02,0
$BFC,402A451EB851EB85,BFC,0
5 177 78
5 178 58
5 179 86
5 180 127
5 181 0
5 182 0
4 171 ->
5 172 86
5 173 9
5 174 0
5 175 [2]
$2*1
5 176 [2][4]
$BFC,402A451EB851EB85,C00921FB54442D18,402A451EB851EB85
$BFC,4028CR,C00921FB54442D18,4028CR
5 177 78
5 178 126
5 179 0
5 180 0
5 181 0
5 182 0
4 171 ->
5 172 87
5 173 9
5 174 0
5 175 [2]
$2*1
5 176 [2][4]
$BFC,4028CR,BFC,0
$BFC8,4028CR,BFC8,0
5 177 78
5 178 62
5 179 88
5 180 131
5 181 0
5 182 0
4 171 ->
5 172 88
5 173 9
5 174 0
5 175 [2]
$2*1
5 176 [2][4]
$BFC8,4028CR,C00921FB54442D18,4028CR
$BFC8,3FFE6R,C00921FB54442D18,3FFE6R
5 177 78
5 178 130
5 179 0
5 180 0
5 181 0
5 182 0
4 171 ->
5 172 89
5 173 9
5 174 0
5 175 [2]
$2*1
5 176 [2][4]
$BFC8,3FFE6R,BFC8,0
$BFC,3FFE6R,BFC,0
5 177 78
5 178 66
5 179 90
5 180 135
5 181 0
5 182 0
4 171 ->
5 172 90
5 173 9
5 174 0
5 175 [2]
$2*1
5 176 [2][4]
$BFC,3FFE6R,C00921FB54442D18,3FFE6R
$BFC,3FF26R,C00921FB54442D18,3FF26R
5 177 78
5 178 134
5 179 0
5 180 0
5 181 0
5 182 0
4 171 ->
5 172 91
5 173 9
5 174 0
5 175 [2]
$2*1
5 176 [2][4]
$BFC,3FF26R,BFC,0
$BFB7CED916872B02,3FF26R,BFB7CED916872B02,0
5 177 78
5 178 70
5 179 92
5 180 139
5 181 0
5 182 0
4 171 ->
5 172 92
5 173 9
5 174 0
5 175 [2]
$2*1
5 176 [2][4]
$BFB7CED916872B02,3FF26R,C00921FB54442D18,3FF26R
$BFB7CED916872B02,3FF19R,C00921FB54442D18,3FF19R
5 177 78
5 178 138
5 179 0
5 180 0
5 181 0
5 182 0
4 171 ->
5 172 93
5 173 9
5 174 0
5 175 [2]
$2*1
5 176 [2][4]
$BFB7CED916872B02,3FF19R,BFB7CED916872B02,0
$BFC,3FF19R,BFC,0
5 177 78
5 178 74
5 179 94
5 180 143
5 181 0
5 182 0
4 171 ->
5 172 94
5 173 9
5 174 0
5 175 [2]
$2*1
5 176 [2][4]
$BFC,3FF19R,C00921FB54442D18,3FF19R
$BFC,3FE4CCCCCCCCCCD,C00921FB54442D18,3FE4CCCCCCCCCCD
5 177 78
5 178 142
5 179 0
5 180 0
5 181 0
5 182 0
4 171 ->
5 172 96
5 173 9
5 174 0
5 175 [2]
$2*-1
5 176 [2][4]
$3FC,3FE4CCCCCCCCCCD,3FC,0
$0,3FE4CCCCCCCCCCD,2*0
5 177 78
5 178 46
5 179 111
5 180 113
5 181 0
5 182 0
4 171 ->
5 172 97
5 173 9
5 174 0
5 175 [2]
$1,-1
5 176 [2][4]
$0,3FE4CCCCCCCCCCD,C01921FB54442D18,3FE4CCCCCCCCCCD
$0,402B4CR,C01921FB54442D18,402B4CR
5 177 95
5 178 114
5 179 0
5 180 0
5 181 0
5 182 0
4 171 ->
5 172 98
5 173 9
5 174 0
5 175 [2]
$2*-1
5 176 [2][4]
$0,402B4CR,2*0
$3FC,402B4CR,3FC,0
5 177 78
5 178 50
5 179 81
5 180 81
5 181 0
5 182 0
4 171 ->
5 172 99
5 173 9
5 174 0
5 175 [2]
$2*-1
5 176 [2][4]
$3FC,402B4CR,C01921FB54442D18,402B4CR
$3FC,402A6R,C01921FB54442D18,402A6R
5 177 78
5 178 118
5 179 0
5 180 0
5 181 0
5 182 0
4 171 ->
5 172 100
5 173 9
5 174 0
5 175 [2]
$2*-1
5 176 [2][4]
$3FC,402A6R,3FC,0
$3FB7CED916872B02,402A6R,3FB7CED916872B02,0
5 177 78
5 178 54
5 179 99
5 180 121
5 181 0
5 182 0
4 171 ->
5 172 101
5 173 9
5 174 0
5 175 [2]
$2*-1
5 176 [2][4]
$3FB7CED916872B02,402A6R,C01921FB54442D18,402A6R
$3FB7CED916872B02,402A451EB851EB85,C01921FB54442D18,402A451EB851EB85
5 177 78
5 178 122
5 179 0
5 180 0
5 181 0
5 182 0
4 171 ->
5 172 102
5 173 9
5 174 0
5 175 [2]
$2*-1
5 176 [2][4]
$3FB7CED916872B02,402A451EB851EB85,3FB7CED916872B02,0
$3FC,402A451EB851EB85,3FC,0
5 177 78
5 178 58
5 179 101
5 180 125
5 181 0
5 182 0
4 171 ->
5 172 103
5 173 9
5 174 0
5 175 [2]
$2*-1
5 176 [2][4]
$3FC,402A451EB851EB85,C01921FB54442D18,402A451EB851EB85
$3FC,4028CR,C01921FB54442D18,4028CR
5 177 78
5 178 126
5 179 0
5 180 0
5 181 0
5 182 0
4 171 ->
5 172 104
5 173 9
5 174 0
5 175 [2]
$2*-1
5 176 [2][4]
$3FC,4028CR,3FC,0
$3FC8,4028CR,3FC8,0
5 177 78
5 178 62
5 179 103
5 180 129
5 181 0
5 182 0
4 171 ->
5 172 105
5 173 9
5 174 0
5 175 [2]
$2*-1
5 176 [2][4]
$3FC8,4028CR,C01921FB54442D18,4028CR
$3FC8,3FFE6R,C01921FB54442D18,3FFE6R
5 177 78
5 178 130
5 179 0
5 180 0
5 181 0
5 182 0
4 171 ->
5 172 106
5 173 9
5 174 0
5 175 [2]
$2*-1
5 176 [2][4]
$3FC8,3FFE6R,3FC8,0
$3FC,3FFE6R,3FC,0
5 177 78
5 178 66
5 179 105
5 180 133
5 181 0
5 182 0
4 171 ->
5 172 107
5 173 9
5 174 0
5 175 [2]
$2*-1
5 176 [2][4]
$3FC,3FFE6R,C01921FB54442D18,3FFE6R
$3FC,3FF26R,C01921FB54442D18,3FF26R
5 177 78
5 178 134
5 179 0
5 180 0
5 181 0
5 182 0
4 171 ->
5 172 108
5 173 9
5 174 0
5 175 [2]
$2*-1
5 176 [2][4]
$3FC,3FF26R,3FC,0
$3FB7CED916872B02,3FF26R,3FB7CED916872B02,0
5 177 78
5 178 70
5 179 107
5 180 137
5 181 0
5 182 0
4 171 ->
5 172 109
5 173 9
5 174 0
5 175 [2]
$2*-1
5 176 [2][4]
$3FB7CED916872B02,3FF26R,C01921FB54442D18,3FF26R
$3FB7CED916872B02,3FF19R,C01921FB54442D18,3FF19R
5 177 78
5 178 138
5 179 0
5 180 0
5 181 0
5 182 0
4 171 ->
5 172 110
5 173 9
5 174 0
5 175 [2]
$2*-1
5 176 [2][4]
$3FB7CED916872B02,3FF19R,3FB7CED916872B02,0
$3FC,3FF19R,3FC,0
5 177 78
5 178 74
5 179 109
5 180 141
5 181 0
5 182 0
4 171 ->
5 172 111
5 173 9
5 174 0
5 175 [2]
$2*-1
5 176 [2][4]
$3FC,3FF19R,C01921FB54442D18,3FF19R
$3FC,3FE4CCCCCCCCCCD,C01921FB54442D18,3FE4CCCCCCCCCCD
5 177 78
5 178 142
5 179 0
5 180 0
5 181 0
5 182 0
4 171 ->
5 172 113
5 173 9
5 174 0
5 175 [2]
$-1,1
5 176 [10][4]
$BFC,0,C00921FB54442D18,3FE4CCCCCCCCCCD
$BFBE11F642522D1C,3FA5E3A8748A0BF5,C00BECDE5DA115A9,3FE4CCCCCCCCCCD
$BFB8836FA2CF5039,3FB491B7523C161C,C00EB7C166FDFE3A,3FE4CCCCCCCCCCD
$BFB,3FBBB67AE8584CAR,C010C152382D7365,3FE4CCCCCCCCCCD
$BF963A1A7E0B738B,3FBF838B8C811C17,C01226C3BCDBE7AE,3FE4CCCCCCCCCCD
$3F963A1A7E0B738B,3FBF838B8C811C17,C0138C35418A5BF6,3FE4CCCCCCCCCCD
$3FB,3FBBB67AE8584CAB,C014F1A6C638D03E,3FE4CCCCCCCCCCD
$3FB8836FA2CF5038,3FB491B7523C161D,C01657184AE74487,3FE4CCCCCCCCCCD
$3FBE11F642522D1B,3FA5E3A8748A0BF6,C017BC89CF95B8D,3FE4CCCCCCCCCCD
$3FC,0,C01921FB54442D18,3FE4CCCCCCCCCCD
5 177 46
5 178 142
5 179 47
5 180 45
5 181 0
5 182 0
4 171 ->
5 172 115
5 173 9
5 174 0
5 175 [2]
$-1,1
5 176 [4][4]
$C00921FB54442D18,3FE4CCCCCCCCCCD,2*0
$C010C152382D7365,3FE4CCCCCCCCCCD,2*0
$C014F1A6C638D03E,3FE4CCCCCCCCCCD,2*0
$C01921FB54442D18,3FE4CCCCCCCCCCD,2*0
5 177 114
5 178 112
5 179 0
5 180 0
5 181 0
5 182 0
4 171 ->
5 172 117
5 173 9
5 174 0
5 175 [2]
$-1,1
5 176 [4][4]
$2*0,C00921FB54442D18,402B4CR
$2*0,C010C152382D7365,402B4CR
$2*0,C014F1A6C638D03E,402B4CR
$2*0,C01921FB54442D18,402B4CR
5 177 116
5 178 114
5 179 0
5 180 0
5 181 0
5 182 0
4 171 ->
5 172 119
5 173 9
5 174 0
5 175 [2]
$-1,1
5 176 [10][4]
$C00921FB54442D18,402B4CR,BFC,0
$C00BECDE5DA115A9,402B4CR,BFBE11F642522D1C,3FA5E3A8748A0BF5
$C00EB7C166FDFE3A,402B4CR,BFB8836FA2CF5039,3FB491B7523C161C
$C010C152382D7365,402B4CR,BFB,3FBBB67AE8584CAR
$C01226C3BCDBE7AE,402B4CR,BF963A1A7E0B738B,3FBF838B8C811C17
$C0138C35418A5BF6,402B4CR,3F963A1A7E0B738B,3FBF838B8C811C17
$C014F1A6C638D03E,402B4CR,3FB,3FBBB67AE8584CAB
$C01657184AE74487,402B4CR,3FB8836FA2CF5038,3FB491B7523C161D
$C017BC89CF95B8D,402B4CR,3FBE11F642522D1B,3FA5E3A8748A0BF6
$C01921FB54442D18,402B4CR,3FC,0
5 177 118
5 178 50
5 179 16
5 180 53
5 181 0
5 182 0
4 171 ->
5 172 121
5 173 9
5 174 0
5 175 [2]
$-1,1
5 176 [10][4]
$BFC,0,C00921FB54442D18,402A6R
$BFBE11F642522D1C,3FA5E3A8748A0BF5,C00BECDE5DA115A9,402A6R
$BFB8836FA2CF5039,3FB491B7523C161C,C00EB7C166FDFE3A,402A6R
$BFB,3FBBB67AE8584CAR,C010C152382D7365,402A6R
$BF963A1A7E0B738B,3FBF838B8C811C17,C01226C3BCDBE7AE,402A6R
$3F963A1A7E0B738B,3FBF838B8C811C17,C0138C35418A5BF6,402A6R
$3FB,3FBBB67AE8584CAB,C014F1A6C638D03E,402A6R
$3FB8836FA2CF5038,3FB491B7523C161D,C01657184AE74487,402A6R
$3FBE11F642522D1B,3FA5E3A8748A0BF6,C017BC89CF95B8D,402A6R
$3FC,0,C01921FB54442D18,402A6R
5 177 54
5 178 118
5 179 55
5 180 165
5 181 0
5 182 0
4 171 ->
5 172 123
5 173 9
5 174 0
5 175 [2]
$-1,1
5 176 [9][4]
$C00921FB54442D18,402A6R,BFB7CED916872B02,0
$C00C463ABECCB2BR,402A6R,BFB5FEE7C31D6B28,3FA238CB71C58843
$C00F6A7A2955385E,402A6R,BFB0D5B5567F6E06,3FB0D5B5567F6E06
$C011475CC9EEDF,402A6R,BFA238CB71C58843,3FB5FEE7C31D6B28
$C012D97C7F3321D2,402A6R,0,3FB7CED916872B02
$C0146B9C347764A4,402A6R,3FA238CB71C58843,3FB5FEE7C31D6B28
$C015FDBBE9BBA775,402A6R,2*3FB0D5B5567F6E06
$C0178FDB9EFFEA46,402A6R,3FB5FEE7C31D6B28,3FA238CB71C58843
$C01921FB54442D18,402A6R,3FB7CED916872B02,0
5 177 122
5 178 54
5 179 18
5 180 57
5 181 0
5 182 0
4 171 ->
5 172 125
5 173 9
5 174 0
5 175 [2]
$-1,1
5 176 [9][4]
$BFB7CED916872B02,0,C00921FB54442D18,402A451EB851EB85
$BFB5FEE7C31D6B28,3FA238CB71C58843,C00C463ABECCB2BR,402A451EB851EB85
$BFB0D5B5567F6E06,3FB0D5B5567F6E06,C00F6A7A2955385E,402A451EB851EB85
$BFA238CB71C58843,3FB5FEE7C31D6B28,C011475CC9EEDF,402A451EB851EB85
$0,3FB7CED916872B02,C012D97C7F3321D2,402A451EB851EB85
$3FA238CB71C58843,3FB5FEE7C31D6B28,C0146B9C347764A4,402A451EB851EB85
$2*3FB0D5B5567F6E06,C015FDBBE9BBA775,402A451EB851EB85
$3FB5FEE7C31D6B28,3FA238CB71C58843,C0178FDB9EFFEA46,402A451EB851EB85
$3FB7CED916872B02,0,C01921FB54442D18,402A451EB851EB85
5 177 58
5 178 122
5 179 59
5 180 35
5 181 0
5 182 0
4 171 ->
5 172 127
5 173 9
5 174 0
5 175 [2]
$-1,1
5 176 [10][4]
$C00921FB54442D18,402A451EB851EB85,BFC,0
$C00BECDE5DA115A9,402A451EB851EB85,BFBE11F642522D1C,3FA5E3A8748A0BF5
$C00EB7C166FDFE3A,402A451EB851EB85,BFB8836FA2CF5039,3FB491B7523C161C
$C010C152382D7365,402A451EB851EB85,BFB,3FBBB67AE8584CAR
$C01226C3BCDBE7AE,402A451EB851EB85,BF963A1A7E0B738B,3FBF838B8C811C17
$C0138C35418A5BF6,402A451EB851EB85,3F963A1A7E0B738B,3FBF838B8C811C17
$C014F1A6C638D03E,402A451EB851EB85,3FB,3FBBB67AE8584CAB
$C01657184AE74487,402A451EB851EB85,3FB8836FA2CF5038,3FB491B7523C161D
$C017BC89CF95B8D,402A451EB851EB85,3FBE11F642522D1B,3FA5E3A8748A0BF6
$C01921FB54442D18,402A451EB851EB85,3FC,0
5 177 126
5 178 58
5 179 20
5 180 61
5 181 0
5 182 0
4 171 ->
5 172 129
5 173 9
5 174 0
5 175 [2]
$-1,1
5 176 [10][4]
$BFC,0,C00921FB54442D18,4028CR
$BFBE11F642522D1C,3FA5E3A8748A0BF5,C00BECDE5DA115A9,4028CR
$BFB8836FA2CF5039,3FB491B7523C161C,C00EB7C166FDFE3A,4028CR
$BFB,3FBBB67AE8584CAR,C010C152382D7365,4028CR
$BF963A1A7E0B738B,3FBF838B8C811C17,C01226C3BCDBE7AE,4028CR
$3F963A1A7E0B738B,3FBF838B8C811C17,C0138C35418A5BF6,4028CR
$3FB,3FBBB67AE8584CAB,C014F1A6C638D03E,4028CR
$3FB8836FA2CF5038,3FB491B7523C161D,C01657184AE74487,4028CR
$3FBE11F642522D1B,3FA5E3A8748A0BF6,C017BC89CF95B8D,4028CR
$3FC,0,C01921FB54442D18,4028CR
5 177 62
5 178 126
5 179 63
5 180 37
5 181 0
5 182 0
4 171 ->
5 172 131
5 173 9
5 174 0
5 175 [2]
$-1,1
5 176 [10][4]
$C00921FB54442D18,4028CR,BFC8,0
$C00BECDE5DA115A9,4028CR,BFC68D78B1BDA1D5,3FB06ABE576788F8
$C00EB7C166FDFE3A,4028CR,BFC26293BA1B7C2B,3FBEDA92FB5A212A
$C010C152382D7365,4028CR,BFB8,3FC4C8DC2E42398
$C01226C3BCDBE7AE,4028CR,BFA0AB93DE8896A8,3FC7A2A8A960D51R
$C0138C35418A5BF6,4028CR,3FA0AB93DE8896A8,3FC7A2A8A960D51R
$C014F1A6C638D03E,4028CR,3FB8,3FC4C8DC2E42398
$C01657184AE74487,4028CR,3FC26293BA1B7C2A,3FBEDA92FB5A212C
$C017BC89CF95B8D,4028CR,3FC68D78B1BDA1D4,3FB06ABE576788F8
$C01921FB54442D18,4028CR,3FC8,0
5 177 130
5 178 62
5 179 22
5 180 65
5 181 0
5 182 0
4 171 ->
5 172 133
5 173 9
5 174 0
5 175 [2]
$-1,1
5 176 [10][4]
$BFC8,0,C00921FB54442D18,3FFE6R
$BFC68D78B1BDA1D5,3FB06ABE576788F8,C00BECDE5DA115A9,3FFE6R
$BFC26293BA1B7C2B,3FBEDA92FB5A212A,C00EB7C166FDFE3A,3FFE6R
$BFB8,3FC4C8DC2E42398,C010C152382D7365,3FFE6R
$BFA0AB93DE8896A8,3FC7A2A8A960D51R,C01226C3BCDBE7AE,3FFE6R
$3FA0AB93DE8896A8,3FC7A2A8A960D51R,C0138C35418A5BF6,3FFE6R
$3FB8,3FC4C8DC2E42398,C014F1A6C638D03E,3FFE6R
$3FC26293BA1B7C2A,3FBEDA92FB5A212C,C01657184AE74487,3FFE6R
$3FC68D78B1BDA1D4,3FB06ABE576788F8,C017BC89CF95B8D,3FFE6R
$3FC8,0,C01921FB54442D18,3FFE6R
5 177 66
5 178 130
5 179 67
5 180 39
5 181 0
5 182 0
4 171 ->
5 172 135
5 173 9
5 174 0
5 175 [2]
$-1,1
5 176 [10][4]
$C00921FB54442D18,3FFE6R,BFC,0
$C00BECDE5DA115A9,3FFE6R,BFBE11F642522D1C,3FA5E3A8748A0BF5
$C00EB7C166FDFE3A,3FFE6R,BFB8836FA2CF5039,3FB491B7523C161C
$C010C152382D7365,3FFE6R,BFB,3FBBB67AE8584CAR
$C01226C3BCDBE7AE,3FFE6R,BF963A1A7E0B738B,3FBF838B8C811C17
$C0138C35418A5BF6,3FFE6R,3F963A1A7E0B738B,3FBF838B8C811C17
$C014F1A6C638D03E,3FFE6R,3FB,3FBBB67AE8584CAB
$C01657184AE74487,3FFE6R,3FB8836FA2CF5038,3FB491B7523C161D
$C017BC89CF95B8D,3FFE6R,3FBE11F642522D1B,3FA5E3A8748A0BF6
$C01921FB54442D18,3FFE6R,3FC,0
5 177 134
5 178 66
5 179 24
5 180 69
5 181 0
5 182 0
4 171 ->
5 172 137
5 173 9
5 174 0
5 175 [2]
$-1,1
5 176 [10][4]
$BFC,0,C00921FB54442D18,3FF26R
$BFBE11F642522D1C,3FA5E3A8748A0BF5,C00BECDE5DA115A9,3FF26R
$BFB8836FA2CF5039,3FB491B7523C161C,C00EB7C166FDFE3A,3FF26R
$BFB,3FBBB67AE8584CAR,C010C152382D7365,3FF26R
$BF963A1A7E0B738B,3FBF838B8C811C17,C01226C3BCDBE7AE,3FF26R
$3F963A1A7E0B738B,3FBF838B8C811C17,C0138C35418A5BF6,3FF26R
$3FB,3FBBB67AE8584CAB,C014F1A6C638D03E,3FF26R
$3FB8836FA2CF5038,3FB491B7523C161D,C01657184AE74487,3FF26R
$3FBE11F642522D1B,3FA5E3A8748A0BF6,C017BC89CF95B8D,3FF26R
$3FC,0,C01921FB54442D18,3FF26R
5 177 70
5 178 134
5 179 71
5 180 41
5 181 0
5 182 0
4 171 ->
5 172 139
5 173 9
5 174 0
5 175 [2]
$-1,1
5 176 [9][4]
$C00921FB54442D18,3FF26R,BFB7CED916872B02,0
$C00C463ABECCB2BR,3FF26R,BFB5FEE7C31D6B28,3FA238CB71C58843
$C00F6A7A2955385E,3FF26R,BFB0D5B5567F6E06,3FB0D5B5567F6E06
$C011475CC9EEDF,3FF26R,BFA238CB71C58843,3FB5FEE7C31D6B28
$C012D97C7F3321D2,3FF26R,0,3FB7CED916872B02
$C0146B9C347764A4,3FF26R,3FA238CB71C58843,3FB5FEE7C31D6B28
$C015FDBBE9BBA775,3FF26R,2*3FB0D5B5567F6E06
$C0178FDB9EFFEA46,3FF26R,3FB5FEE7C31D6B28,3FA238CB71C58843
$C01921FB54442D18,3FF26R,3FB7CED916872B02,0
5 177 138
5 178 70
5 179 26
5 180 73
5 181 0
5 182 0
4 171 ->
5 172 141
5 173 9
5 174 0
5 175 [2]
$-1,1
5 176 [9][4]
$BFB7CED916872B02,0,C00921FB54442D18,3FF19R
$BFB5FEE7C31D6B28,3FA238CB71C58843,C00C463ABECCB2BR,3FF19R
$BFB0D5B5567F6E06,3FB0D5B5567F6E06,C00F6A7A2955385E,3FF19R
$BFA238CB71C58843,3FB5FEE7C31D6B28,C011475CC9EEDF,3FF19R
$0,3FB7CED916872B02,C012D97C7F3321D2,3FF19R
$3FA238CB71C58843,3FB5FEE7C31D6B28,C0146B9C347764A4,3FF19R
$2*3FB0D5B5567F6E06,C015FDBBE9BBA775,3FF19R
$3FB5FEE7C31D6B28,3FA238CB71C58843,C0178FDB9EFFEA46,3FF19R
$3FB7CED916872B02,0,C01921FB54442D18,3FF19R
5 177 74
5 178 138
5 179 75
5 180 43
5 181 0
5 182 0
4 171 ->
5 172 143
5 173 9
5 174 0
5 175 [2]
$-1,1
5 176 [10][4]
$C00921FB54442D18,3FF19R,BFC,0
$C00BECDE5DA115A9,3FF19R,BFBE11F642522D1C,3FA5E3A8748A0BF5
$C00EB7C166FDFE3A,3FF19R,BFB8836FA2CF5039,3FB491B7523C161C
$C010C152382D7365,3FF19R,BFB,3FBBB67AE8584CAR
$C01226C3BCDBE7AE,3FF19R,BF963A1A7E0B738B,3FBF838B8C811C17
$C0138C35418A5BF6,3FF19R,3F963A1A7E0B738B,3FBF838B8C811C17
$C014F1A6C638D03E,3FF19R,3FB,3FBBB67AE8584CAB
$C01657184AE74487,3FF19R,3FB8836FA2CF5038,3FB491B7523C161D
$C017BC89CF95B8D,3FF19R,3FBE11F642522D1B,3FA5E3A8748A0BF6
$C01921FB54442D18,3FF19R,3FC,0
5 177 142
5 178 74
5 179 164
5 180 77
5 181 0
5 182 0
2 84 NULL
2 85 ->
2 86 ->
3 87 [4][3]
$BFF,2*0
$2*0,3FF
$0,3FF,0
$3*0
3 88 [1]
4 88 ->
5 89 21
5 90 0
5 91 -1
5 92 -1
5 93 11
5 94 12
5 95 0
5 96 0
5 97 0
5 98 [2]
6 98 ->
7 99 1
7 100 ->
8 101 -4
8 102 5
8 103 0
6 98 ->
7 99 6
7 104 ->
8 105 [1]
9 105 -100
3 106 -1
3 107 0
3 108 [2]
4 108 
5 109 1
5 110 0
5 111 [4][3]
$0,3FF,0
$BFF,2*0
$2*0,3FF
$3*0
4 108 
5 109 12
5 110 0
5 111 [4][3]
$BFF,2*0
$2*0,3FF
$0,3FF,0
$3*0
2 112 NULL
2 113 46
@gsec_ptr 183 0
2 183 [1]
3 183 
@type 184 1
4 184 2
@name 185 10
4 185 S2D0004
@gsec2d_ptr 186 0
4 186 ->
@name 187 10
5 187 S2D0004
@segtab_ptr 188 0
5 188 [20]
6 188 
@type 189 1
7 189 2
@dir 190 1
7 190 [3]
$0,-1,0
@pointid 191 1
7 191 [2]
$0,1
@cntrid 192 1
7 192 1
@arcorient 193 1
7 193 0
@verhor 194 1
7 194 0
@radius 195 1
7 195 0
@ext_id 196 1
7 196 0
@gen_info 197 0
7 197 
@known_ent_info 198 0
7 198 
@attr 199 1
8 199 0
@known_ent_id 200 1
8 200 -1
6 188 
7 189 2
7 190 [3]
$-1,2*0
7 191 [2]
$1,2
7 192 2
7 193 0
7 194 1
7 195 0
7 196 1
7 197 
7 198 
8 199 0
8 200 -1
6 188 
7 189 2
7 190 [3]
$0,-1,0
7 191 [2]
$2,3
7 192 3
7 193 0
7 194 0
7 195 0
7 196 2
7 197 
7 198 
8 199 0
8 200 -1
6 188 
7 189 2
7 190 [3]
$1,2*0
7 191 [2]
$3,4
7 192 4
7 193 0
7 194 1
7 195 0
7 196 3
7 197 
7 198 
8 199 0
8 200 -1
6 188 
7 189 2
7 190 [3]
$-1,2*0
7 191 [2]
$5,6
7 192 6
7 193 0
7 194 1
7 195 0
7 196 4
7 197 
7 198 
8 199 0
8 200 -1
6 188 
7 189 2
7 190 [3]
$0,-1,0
7 191 [2]
$6,7
7 192 7
7 193 0
7 194 0
7 195 0
7 196 5
7 197 
7 198 
8 199 0
8 200 -1
6 188 
7 189 2
7 190 [3]
$1,2*0
7 191 [2]
$7,8
7 192 8
7 193 0
7 194 1
7 195 0
7 196 6
7 197 
7 198 
8 199 0
8 200 -1
6 188 
7 189 2
7 190 [3]
$0,-1,0
7 191 [2]
$8,9
7 192 9
7 193 0
7 194 0
7 195 0
7 196 7
7 197 
7 198 
8 199 0
8 200 -1
6 188 
7 189 2
7 190 [3]
$-1,2*0
7 191 [2]
$9,10
7 192 10
7 193 0
7 194 1
7 195 0
7 196 8
7 197 
7 198 
8 199 0
8 200 -1
6 188 
7 189 2
7 190 [3]
$0,-1,0
7 191 [2]
$4,11
7 192 11
7 193 0
7 194 0
7 195 0
7 196 9
7 197 
7 198 
8 199 0
8 200 -1
6 188 
7 189 2
7 190 [3]
$1,2*0
7 191 [2]
$11,12
7 192 12
7 193 0
7 194 1
7 195 0
7 196 10
7 197 
7 198 
8 199 0
8 200 -1
6 188 
7 189 2
7 190 [3]
$0,-1,0
7 191 [2]
$12,13
7 192 13
7 193 0
7 194 0
7 195 0
7 196 11
7 197 
7 198 
8 199 0
8 200 -1
6 188 
7 189 2
7 190 [3]
$-1,2*0
7 191 [2]
$13,14
7 192 14
7 193 0
7 194 1
7 195 0
7 196 12
7 197 
7 198 
8 199 0
8 200 -1
6 188 
7 189 2
7 190 [3]
$0,-1,0
7 191 [2]
$14,5
7 192 0
7 193 0
7 194 0
7 195 0
7 196 13
7 197 
7 198 
8 199 0
8 200 -1
6 188 
7 189 2
7 190 [3]
$-1,2*0
7 191 [2]
$0,15
7 192 15
7 193 0
7 194 1
7 195 0
7 196 14
7 197 
7 198 
8 199 0
8 200 -1
6 188 
7 189 2
7 190 [3]
$0,-1,0
7 191 [2]
$15,10
7 192 0
7 193 0
7 194 0
7 195 0
7 196 15
7 197 
7 198 
8 199 0
8 200 -1
6 188 
7 189 5
7 190 [3]
$0,-1,0
7 191 [2]
$2*16
7 192 16
7 193 0
7 194 0
7 195 0
7 196 16
7 197 
7 198 
8 199 0
8 200 -1
6 188 
7 189 32770
7 190 [3]
$0,1,0
7 191 [2]
$17,18
7 192 18
7 193 0
7 194 0
7 195 0
7 196 17
7 197 
@attributes 201 1
8 201 8
7 198 
8 199 0
8 200 -1
6 188 
7 189 5
7 190 [3]
$-1,2*0
7 191 [2]
$2*19
7 192 19
7 193 0
7 194 1
7 195 0
7 196 18
7 197 
7 198 
8 199 0
8 200 -1
6 188 
7 189 32770
7 190 [3]
$1,2*0
7 191 [2]
$20,21
7 192 21
7 193 0
7 194 1
7 195 0
7 196 19
7 197 
8 201 8
7 198 
8 199 0
8 200 -1
@dimtab_ptr 202 0
5 202 [11]
6 202 
@type 203 1
7 203 42
@value 204 2
7 204 0
@direct 205 1
7 205 0
@property 206 1
7 206 0
@leftpt 207 1
7 207 [2]
@rightpt 208 1
7 208 [2]
@offset 209 2
7 209 0
@ext_id 210 1
7 210 0
@dispdimattr 211 0
7 211 
@dimattr 212 1
8 212 [2]
$2*0
@dim_ref 213 0
7 213 [2]
8 213 
@item_id 214 1
9 214 17
@sense 215 1
9 215 4
@point 216 1
9 216 [2]
$2*-1
8 213 
9 214 16
9 215 4
9 216 [2]
$2*-1
6 202 
7 203 42
7 204 0
7 205 0
7 206 0
7 207 [2]
7 208 [2]
7 209 0
7 210 1
7 211 
8 212 [2]
$2*0
7 213 [2]
8 213 
9 214 17
9 215 4
9 216 [2]
$2*-1
8 213 
9 214 15
9 215 4
9 216 [2]
$2*-1
6 202 
7 203 42
7 204 0
7 205 0
7 206 0
7 207 [2]
7 208 [2]
7 209 0
7 210 2
7 211 
8 212 [2]
$2*0
7 213 [2]
8 213 
9 214 19
9 215 4
9 216 [2]
$2*-1
8 213 
9 214 18
9 215 4
9 216 [2]
$2*-1
6 202 
7 203 5
7 204 3FC
7 205 0
7 206 0
7 207 [2]
7 208 [2]
7 209 0
7 210 3
7 211 
8 212 [2]
$34,0
7 213 [2]
8 213 
9 214 15
9 215 -1
9 216 [2]
$15,10
8 213 
9 214 0
9 215 -1
9 216 [2]
$0,1
6 202 
7 203 5
7 204 3FC8
7 205 0
7 206 0
7 207 [2]
7 208 [2]
7 209 0
7 210 4
7 211 
8 212 [2]
$34,0
7 213 [2]
8 213 
9 214 15
9 215 -1
9 216 [2]
$15,10
8 213 
9 214 11
9 215 -1
9 216 [2]
$12,13
6 202 
7 203 2
7 204 3FA9R
7 205 0
7 206 0
7 207 [2]
7 208 [2]
7 209 0
7 210 6
7 211 
8 212 [2]
$34,0
7 213 [2]
8 213 
9 214 3
9 215 0
9 216 [2]
$2*1
8 213 
9 214 1
9 215 1
9 216 [2]
$3,4
6 202 
7 203 5
7 204 3FF4
7 205 0
7 206 0
7 207 [2]
7 208 [2]
7 209 0
7 210 7
7 211 
8 212 [2]
$34,0
7 213 [2]
8 213 
9 214 14
9 215 -1
9 216 [2]
$0,15
8 213 
9 214 10
9 215 -1
9 216 [2]
$11,12
6 202 
7 203 5
7 204 402A
7 205 0
7 206 0
7 207 [2]
7 208 [2]
7 209 0
7 210 8
7 211 
8 212 [2]
$34,0
7 213 [2]
8 213 
9 214 14
9 215 -1
9 216 [2]
$0,15
8 213 
9 214 8
9 215 -1
9 216 [2]
$9,10
6 202 
7 203 5
7 204 3FA0624DD2F1A9FC
7 205 0
7 206 0
7 207 [2]
7 208 [2]
7 209 0
7 210 9
7 211 
8 212 [2]
$34,0
7 213 [2]
8 213 
9 214 0
9 215 -1
9 216 [2]
$0,1
8 213 
9 214 2
9 215 -1
9 216 [2]
$2,3
6 202 
7 203 2
7 204 3FE
7 205 0
7 206 0
7 207 [2]
7 208 [2]
7 209 0
7 210 10
7 211 
8 212 [2]
$34,0
7 213 [2]
8 213 
9 214 14
9 215 0
9 216 [2]
$2*4
8 213 
9 214 9
9 215 1
9 216 [2]
$0,15
6 202 
7 203 7
7 204 3FB0A3D70A3D70A4
7 205 0
7 206 0
7 207 [2]
7 208 [2]
7 209 0
7 210 11
7 211 
8 212 [2]
$34,0
7 213 [2]
8 213 
9 214 7
9 215 1
9 216 [2]
$8,-1
8 213 
9 214 4
9 215 1
9 216 [2]
$5,-1
@relat_ptr 217 0
5 217 [36]
6 217 
@id 218 1
7 218 -1
@used 219 1
7 219 0
@a 220 1
7 220 [4]
$16,17,2*-1
@b 221 1
7 221 [4]
$4*0
@c 222 2
7 222 [4]
$3FF,BFF,3FF,0
@sign 223 1
7 223 0
@idim 224 1
7 224 -1
@type 225 1
7 225 0
6 217 
7 218 -1
7 219 0
7 220 [4]
$15,17,2*-1
7 221 [4]
$4*0
7 222 [4]
$3FF,BFF,3FF,0
7 223 0
7 224 -1
7 225 0
6 217 
7 218 -1
7 219 0
7 220 [4]
$10,17,2*-1
7 221 [4]
$4*0
7 222 [4]
$3FF,BFF,3FF,0
7 223 0
7 224 -1
7 225 0
6 217 
7 218 -1
7 219 0
7 220 [4]
$19,20,2*-1
7 221 [4]
$2*1,2*0
7 222 [4]
$3FF,BFF,3FF,0
7 223 0
7 224 -1
7 225 0
6 217 
7 218 -1
7 219 1
7 220 [4]
$15,0,2*-1
7 221 [4]
$4*0
7 222 [4]
$3FF,BFF,2*3FF
7 223 1
7 224 3
7 225 0
6 217 
7 218 -1
7 219 0
7 220 [4]
$19,0,2*-1
7 221 [4]
$4*0
7 222 [4]
$3FF,BFF,2*3FF
7 223 0
7 224 -1
7 225 0
6 217 
7 218 -1
7 219 1
7 220 [4]
$0,1,2*-1
7 221 [4]
$4*0
7 222 [4]
$3FF,BFF,2*3FF
7 223 0
7 224 0
7 225 0
6 217 
7 218 -1
7 219 1
7 220 [4]
$15,12,2*-1
7 221 [4]
$4*0
7 222 [4]
$3FF,BFF,2*3FF
7 223 1
7 224 4
7 225 0
6 217 
7 218 -1
7 219 1
7 220 [4]
$12,13,2*-1
7 221 [4]
$4*0
7 222 [4]
$3FF,BFF,2*3FF
7 223 0
7 224 0
7 225 0
6 217 
7 218 -1
7 219 1
7 220 [4]
$0,2,2*-1
7 221 [4]
$4*0
7 222 [4]
$3FF,BFF,2*3FF
7 223 -1
7 224 8
7 225 0
6 217 
7 218 -1
7 219 1
7 220 [4]
$2,3,2*-1
7 221 [4]
$4*0
7 222 [4]
$3FF,BFF,2*3FF
7 223 0
7 224 0
7 225 0
6 217 
7 218 -1
7 219 0
7 220 [4]
$8,0,2*-1
7 221 [4]
$4*0
7 222 [4]
$3FF,BFF,2*3FF
7 223 0
7 224 -1
7 225 0
6 217 
7 218 -1
7 219 1
7 220 [4]
$8,9,2*-1
7 221 [4]
$4*0
7 222 [4]
$3FF,BFF,2*3FF
7 223 0
7 224 0
7 225 0
6 217 
7 218 -1
7 219 0
7 220 [4]
$4,0,2*-1
7 221 [4]
$4*0
7 222 [4]
$3FF,BFF,2*3FF
7 223 0
7 224 -1
7 225 0
6 217 
7 218 -1
7 219 1
7 220 [4]
$4,11,2*-1
7 221 [4]
$4*0
7 222 [4]
$3FF,BFF,2*3FF
7 223 0
7 224 0
7 225 0
6 217 
7 218 -1
7 219 0
7 220 [4]
$14,0,2*-1
7 221 [4]
$4*0
7 222 [4]
$3FF,BFF,2*3FF
7 223 0
7 224 -1
7 225 0
6 217 
7 218 -1
7 219 1
7 220 [4]
$14,5,2*-1
7 221 [4]
$4*0
7 222 [4]
$3FF,BFF,2*3FF
7 223 0
7 224 0
7 225 0
6 217 
7 218 -1
7 219 0
7 220 [4]
$6,2,2*-1
7 221 [4]
$4*0
7 222 [4]
$3FF,BFF,2*3FF
7 223 0
7 224 -1
7 225 0
6 217 
7 218 -1
7 219 1
7 220 [4]
$6,7,2*-1
7 221 [4]
$4*0
7 222 [4]
$3FF,BFF,2*3FF
7 223 0
7 224 0
7 225 0
6 217 
7 218 -1
7 219 0
7 220 [4]
$9,19,2*-1
7 221 [4]
$2*1,2*0
7 222 [4]
$4,C,2*3FF
7 223 1
7 224 7
7 225 0
6 217 
7 218 -1
7 219 1
7 220 [4]
$9,10,2*-1
7 221 [4]
$2*1,2*0
7 222 [4]
$3FF,BFF,2*3FF
7 223 0
7 224 0
7 225 0
6 217 
7 218 -1
7 219 0
7 220 [4]
$16,10,2*-1
7 221 [4]
$2*1,2*0
7 222 [4]
$3FF,BFF,2*3FF
7 223 0
7 224 -1
7 225 0
6 217 
7 218 -1
7 219 0
7 220 [4]
$0,9,2*-1
7 221 [4]
$2*1,2*0
7 222 [4]
$3FF,BFF,2*3FF
7 223 -1
7 224 7
7 225 0
6 217 
7 218 -1
7 219 1
7 220 [4]
$0,15,2*-1
7 221 [4]
$2*1,2*0
7 222 [4]
$3FF,BFF,2*3FF
7 223 0
7 224 0
7 225 0
6 217 
7 218 -1
7 219 1
7 220 [4]
$0,11,2*-1
7 221 [4]
$2*1,2*0
7 222 [4]
$3FF,BFF,2*3FF
7 223 -1
7 224 6
7 225 0
6 217 
7 218 -1
7 219 1
7 220 [4]
$11,12,2*-1
7 221 [4]
$2*1,2*0
7 222 [4]
$3FF,BFF,2*3FF
7 223 0
7 224 0
7 225 0
6 217 
7 218 -1
7 219 0
7 220 [4]
$4,0,2*-1
7 221 [4]
$2*1,2*0
7 222 [4]
$3FF,BFF,2*3FF
7 223 1
7 224 9
7 225 0
6 217 
7 218 -1
7 219 0
7 220 [4]
$3,4,2*-1
7 221 [4]
$2*1,2*0
7 222 [4]
$3FF,BFF,2*3FF
7 223 0
7 224 0
7 225 0
6 217 
7 218 -1
7 219 0
7 220 [4]
$1,3,2*-1
7 221 [4]
$2*1,2*0
7 222 [4]
$3FF,BFF,2*3FF
7 223 -1
7 224 5
7 225 0
6 217 
7 218 -1
7 219 1
7 220 [4]
$1,2,2*-1
7 221 [4]
$2*1,2*0
7 222 [4]
$3FF,BFF,2*3FF
7 223 0
7 224 0
7 225 0
6 217 
7 218 -1
7 219 0
7 220 [4]
$8,1,19,-1
7 221 [4]
$3*1,0
7 222 [4]
$2*3FF,C,3FF
7 223 0
7 224 0
7 225 0
6 217 
7 218 -1
7 219 0
7 220 [4]
$7,8,2*-1
7 221 [4]
$2*1,2*0
7 222 [4]
$3FF,BFF,2*3FF
7 223 0
7 224 0
7 225 0
6 217 
7 218 -1
7 219 1
7 220 [4]
$8,5,2*-1
7 221 [4]
$2*1,2*0
7 222 [4]
$3FF,BFF,2*3FF
7 223 1
7 224 10
7 225 0
6 217 
7 218 -1
7 219 1
7 220 [4]
$5,6,2*-1
7 221 [4]
$2*1,2*0
7 222 [4]
$3FF,BFF,2*3FF
7 223 0
7 224 0
7 225 0
6 217 
7 218 -1
7 219 0
7 220 [4]
$14,11,19,-1
7 221 [4]
$3*1,0
7 222 [4]
$2*3FF,C,3FF
7 223 0
7 224 0
7 225 0
6 217 
7 218 -1
7 219 0
7 220 [4]
$13,14,2*-1
7 221 [4]
$2*1,2*0
7 222 [4]
$3FF,BFF,2*3FF
7 223 0
7 224 0
7 225 0
@formula_ptr 226 1
5 226 [36]
$0,1,2,3,4,5,6,7,8,9,10,11,12,13,14,15,16,17,18,19,20,21,22,23,24,25,26,27,
$28,29,30,31,32,33,34,35
@qind 227 1
5 227 -1
@anchor 228 0
5 228 NULL
@totalpointid 229 1
5 229 22
@checkarcs_flag 230 1
5 230 1
@location 231 0
5 231 ->
@id 232 1
6 232 0
@param 233 2
6 233 0
@type 234 1
6 234 0
@nsket_info 235 0
5 235 ->
@scale 236 2
6 236 40720ACD59EED1E9
@m 237 1
6 237 57
@last_was_permanent 238 1
6 238 0
@unsolved_ptr 239 0
5 239 ->
@iges_file 240 10
6 240 NULL
@solve_version 241 1
5 241 1
@segdscr_tab 242 0
5 242 [20]
6 242 
@ent_mode 243 1
7 243 0
6 242 
7 243 0
6 242 
7 243 0
6 242 
7 243 0
6 242 
7 243 0
6 242 
7 243 0
6 242 
7 243 0
6 242 
7 243 0
6 242 
7 243 0
6 242 
7 243 0
6 242 
7 243 0
6 242 
7 243 0
6 242 
7 243 0
6 242 
7 243 0
6 242 
7 243 0
6 242 
7 243 0
6 242 
7 243 0
6 242 
7 243 0
6 242 
7 243 0
6 242 
7 243 0
@gsec3d_ptr 244 0
4 244 ->
@type 245 1
5 245 7
@name 246 10
5 246 S2D0004
@flip 247 1
5 247 1
@own_ref_id 248 1
5 248 -1
@first_chain_ptr 249 0
5 249 NULL
@quilt_id 250 1
5 250 -1
@plane_id 251 1
5 251 11
@plane_flip 252 1
5 252 -1
@ref_planes 253 0
5 253 [2]
6 253 
@plane_id 254 1
7 254 2
@ref_type 255 1
7 255 5
@ext_ref_id 256 1
7 256 -1
@seg_id 257 1
7 257 17
@flip_flag 258 1
7 258 0
@save_entity_ptr(line) 259 0
7 259 ->
@type 260 1
8 260 32770
@id 261 1
8 261 0
@gen_info 262 0
8 262 
9 201 8
@end1 263 2
8 263 [3]
$3*0
@end2 264 2
8 264 [3]
$0,4059,0
@back_entity_ptr(line) 265 0
7 265 ->
8 260 32770
8 261 0
8 262 
9 201 8
8 263 [3]
$3*0
8 264 [3]
$0,4059,0
6 253 
7 254 6
7 255 5
7 256 -1
7 257 19
7 258 0
7 259 ->
8 260 32770
8 261 0
8 262 
9 201 8
8 263 [3]
$3*0
8 264 [3]
$4059,2*0
7 265 ->
8 260 32770
8 261 0
8 262 
9 201 8
8 263 [3]
$3*0
8 264 [3]
$4059,2*0
@order_ptr 266 0
4 266 [16]
5 266 
@id 267 1
6 267 0
@flip 268 1
6 268 34
5 266 
6 267 1
6 268 0
5 266 
6 267 2
6 268 0
5 266 
6 267 3
6 268 0
5 266 
6 267 9
6 268 0
5 266 
6 267 10
6 268 0
5 266 
6 267 11
6 268 0
5 266 
6 267 12
6 268 0
5 266 
6 267 13
6 268 0
5 266 
6 267 4
6 268 0
5 266 
6 267 5
6 268 0
5 266 
6 267 6
6 268 0
5 266 
6 267 7
6 268 0
5 266 
6 267 8
6 268 0
5 266 
6 267 15
6 268 1
5 266 
6 267 14
6 268 5
@dim_id_tab 269 1
4 269 [11]
$0,1,2,3,4,5,6,7,8,9,10
@attributes 270 1
4 270 0
@xsec_id 271 1
4 271 -1
@gsec_info_arr 272 0
4 272 [1]
5 272 
@application_type 273 1
6 273 2
@application_id 274 1
6 274 -100
@secsolve_revnum 275 1
4 275 0
@rel_accuracy 276 2
4 276 BFF
@p_saved_result 277 0
4 277 NULL
2 114 -1
2 115 NULL
2 116 NULL
2 152 [3]
$1,5,10
2 117 ->
3 118 0
3 119 0
3 120 [2][3]
$3*C06F4
$3*406F4
3 121 0
3 122 NULL
3 123 -1
2 124 -1
2 125 NULL
2 126 -1
2 127 NULL
1 128 ->
2 37 146
2 38 1
2 39 ->
3 40 4
3 41 914
3 42 NULL
3 43 0
3 44 [3]
$1024,2*0
3 45 0
3 46 991
3 47 -1
3 48 ->
4 49 0
4 50 0
4 51 -1
4 52 970
4 53 -1
4 54 -1
4 55 0
4 56 0
4 57 0
4 58 0
3 59 0
2 60 -1
2 61 no_name
2 62 2
2 63 ->
3 64 [4][4]
$147,208,47,0
$150,208,113,0
$155,208,53,0
$158,208,119,0
3 160 [16][6]
$148,229,147,2*0,46
$149,229,147,1,0,147
$151,229,150,2*0,150
$152,229,150,1,0,142
$153,229,150,2,0,150
$154,229,150,3,0,147
$156,229,155,2*0,52
$157,229,155,1,0,155
$159,229,158,2*0,158
$160,229,158,1,0,50
$161,229,158,2,0,158
$162,229,158,3,0,155
$163,248,45,2*0,76
$164,248,28,2*0,142
$165,248,33,2*0,52
$166,248,16,2*0,118
3 65 NULL
3 66 [23]
$2*-1,-1025,-2049,536870911,-1,1048575,0,2048,5*0,2097152,0,2,3*0,1048576,
$2*0
3 67 NULL
3 68 ->
4 69 0
4 70 0
2 71 
3 72 [4]
4 72 ->
5 73 37
5 74 147
5 75 146
5 76 0
5 77 [2][2]
$C00921FB54442D18,3FB851EB851EB7C
$0,3FBFFFFFFFFFFF4
@srf_prim_ptr(cone) 278 0
5 278 ->
@local_sys 279 2
6 279 [4][3]
$3FF,2*0
$0,BFF,0
$2*0,BFF
$2*0,401A6147AE147ADF
@half_angle 280 2
6 280 3FE921FB54442D78
5 80 ->
6 164 148
6 165 1
6 166 [2][2]
$C00921FB54442D18,3FB851EB851EB7C
$0,3FBFFFFFFFFFFF4
5 167 NULL
5 81 150
5 82 1
5 83 [2][3]
$BFC,0,4019E147AE147AE2
$2*3FC,401A
4 72 ->
5 73 37
5 74 150
5 75 146
5 76 0
5 77 [2][2]
$C01921FB54442D1A,3FB851EB851EB7C
$C00921FB54442D18,3FBFFFFFFFFFFF4
5 278 ->
6 279 [4][3]
$3FF,2*0
$0,BFF,0
$2*0,BFF
$2*0,401A6147AE147ADF
6 280 3FE921FB54442D78
5 80 ->
6 164 151
6 165 1
6 166 [2][2]
$C01921FB54442D1A,3FB851EB851EB7C
$C00921FB54442D18,3FBFFFFFFFFFFF4
5 167 NULL
5 81 155
5 82 1
5 83 [2][3]
$2*BFC,4019E147AE147AE2
$3FC,0,401A
4 72 ->
5 73 37
5 74 155
5 75 146
5 76 0
5 77 [2][2]
$C00921FB54442D18,BFBFFFFFFFFFFF8
$0,BFB851EB851EB8
5 278 ->
6 279 [4][3]
$3FF,2*0
$0,BFF,0
$2*0,BFF
$2*0,C01A6147AE147AE
6 280 BFE921FB54442D78
5 80 ->
6 164 156
6 165 1
6 166 [2][2]
$C00921FB54442D18,BFBFFFFFFFFFFF8
$0,BFB851EB851EB8
5 167 NULL
5 81 158
5 82 1
5 83 [2][3]
$BFC000000000001F,0,C01A
$2*3FC000000000001F,C019E147AE147AE2
4 72 ->
5 73 37
5 74 158
5 75 146
5 76 0
5 77 [2][2]
$C01921FB54442D1A,BFBFFFFFFFFFFF8
$C00921FB54442D18,BFB851EB851EB8
5 278 ->
6 279 [4][3]
$3FF,2*0
$0,BFF,0
$2*0,BFF
$2*0,C01A6147AE147AE
6 280 BFE921FB54442D78
5 80 ->
6 164 159
6 165 1
6 166 [2][2]
$C01921FB54442D1A,BFBFFFFFFFFFFF8
$C00921FB54442D18,BFB851EB851EB8
5 167 NULL
5 81 0
5 82 1
5 83 [2][3]
$2*BFC000000000001F,C01A
$3FC000000000001F,0,C019E147AE147AE2
3 171 [16]
4 171 ->
5 172 148
5 173 146
5 174 0
5 175 [2]
$-1,1
5 176 [9][4]
$C00921FB54442D18,3FB851EB851EB7C,BFB851EB851EB85,0
$C005FDBBE9BBA775,3FB851EB851EB7C,BFB6780003DEBD48,BFA29D1CE5141A54
$C002D97C7F3321D2,3FB851EB851EB7C,2*BFB13263E77F6AE1
$BFFF6A7A2955385E,3FB851EB851EB7C,BFA29D1CE5141A54,BFB6780003DEBD48
$BFF921FB54442D18,3FB851EB851EB7C,0,BFB851EB851EB85
$BFF2D97C7F3321D2,3FB851EB851EB7C,3FA29D1CE5141A54,BFB6780003DEBD48
$BFE921FB54442D18,3FB851EB851EB7C,3FB13263E77F6AE1,BFB13263E77F6AE1
$BFD921FB54442D18,3FB851EB851EB7C,3FB6780003DEBD48,BFA29D1CE5141A54
$0,3FB851EB851EB7C,3FB851EB851EB84F,0
5 177 147
5 178 46
5 179 154
5 180 151
5 181 0
5 182 0
4 171 ->
5 172 149
5 173 146
5 174 0
5 175 [2]
$1,-1
5 176 [9][4]
$C00921FB54442D18,3FBFFFFFFFFFFF4,C00921FB54442D18,3FE5C28F5C28F5C
$C005FDBBE9BBA775,3FBFFFFFFFFFFF4,C005FDBBE9BBA775,3FE5C28F5C28F5C
$C002D97C7F3321D2,3FBFFFFFFFFFFF4,C002D97C7F3321D2,3FE5C28F5C28F5C
$BFFF6A7A2955385E,3FBFFFFFFFFFFF4,BFFF6A7A2955385E,3FE5C28F5C28F5C
$BFF921FB54442D18,3FBFFFFFFFFFFF4,BFF921FB54442D18,3FE5C28F5C28F5C
$BFF2D97C7F3321D2,3FBFFFFFFFFFFF4,BFF2D97C7F3321D2,3FE5C28F5C28F5C
$BFE921FB54442D18,3FBFFFFFFFFFFF4,BFE921FB54442D18,3FE5C28F5C28F5C
$BFD921FB54442D18,3FBFFFFFFFFFFF4,BFD921FB54442D18,3FE5C28F5C28F5C
$0,3FBFFFFFFFFFFF4,0,3FE5C28F5C28F5C
5 177 147
5 178 76
5 179 153
5 180 164
5 181 0
5 182 0
4 171 ->
5 172 151
5 173 146
5 174 0
5 175 [2]
$1,-1
5 176 [9][4]
$C00921FB54442D18,3FB851EB851EB7C,BFB851EB851EB85,0
$C00C463ABECCB2BR,3FB851EB851EB7C,BFB6780003DEBD48,3FA29D1CE5141A54
$C00F6A7A2955385E,3FB851EB851EB7C,BFB13263E77F6AE1,3FB13263E77F6AE1
$C011475CC9EEDF,3FB851EB851EB7C,BFA29D1CE5141A59,3FB6780003DEBD47
$C012D97C7F3321D2,3FB851EB851EB7C,0,3FB851EB851EB85
$C0146B9C347764A4,3FB851EB851EB7C,3FA29D1CE5141A59,3FB6780003DEBD47
$C015FDBBE9BBA776,3FB851EB851EB7C,3FB13263E77F6AE6,3FB13263E77F6ADE
$C0178FDB9EFFEA48,3FB851EB851EB7C,3FB6780003DEBD4C,3FA29D1CE5141A43
$C01921FB54442D1A,3FB851EB851EB7C,3FB851EB851EB84F,0
5 177 150
5 178 46
5 179 153
5 180 148
5 181 0
5 182 0
4 171 ->
5 172 152
5 173 146
5 174 0
5 175 [2]
$-1,1
5 176 [9][4]
$C00921FB54442D18,3FBFFFFFFFFFFF4,C00921FB54442D18,3FE5C28F5C28F5C
$C00C463ABECCB2BR,3FBFFFFFFFFFFF4,C00C463ABECCB2BC,3FE5C28F5C28F5C
$C00F6A7A2955385E,3FBFFFFFFFFFFF4,C00F6A7A2955386,3FE5C28F5C28F5C
$C011475CC9EEDF,3FBFFFFFFFFFFF4,C011475CC9EEDF,3FE5C28F5C28F5C
$C012D97C7F3321D2,3FBFFFFFFFFFFF4,C012D97C7F3321D2,3FE5C28F5C28F5C
$C0146B9C347764A4,3FBFFFFFFFFFFF4,C0146B9C347764A4,3FE5C28F5C28F5C
$C015FDBBE9BBA776,3FBFFFFFFFFFFF4,C015FDBBE9BBA776,3FE5C28F5C28F5C
$C0178FDB9EFFEA48,3FBFFFFFFFFFFF4,C0178FDB9EFFEA48,3FE5C28F5C28F5C
$C01921FB54442D1A,3FBFFFFFFFFFFF4,C01921FB54442D18,3FE5C28F5C28F5C
5 177 150
5 178 142
5 179 154
5 180 163
5 181 0
5 182 0
4 171 ->
5 172 153
5 173 146
5 174 1
5 175 [2]
$1,-1
5 176 [2][4]
$C01921FB54442D1A,3FB851EB851EB7C,0,3FB851EB851EB7C
$C01921FB54442D1A,3FBFFFFFFFFFFF4,0,3FBFFFFFFFFFFF4
5 177 150
5 178 147
5 179 152
5 180 148
5 181 0
5 182 0
4 171 ->
5 172 154
5 173 146
5 174 1
5 175 [2]
$-1,1
5 176 [2][4]
$C00921FB54442D18,3FB851EB851EB7C,C00921FB54442D18,3FB851EB851EB7C
$C00921FB54442D18,3FBFFFFFFFFFFF4,C00921FB54442D18,3FBFFFFFFFFFFF4
5 177 150
5 178 147
5 179 151
5 180 149
5 181 0
5 182 0
4 171 ->
5 172 156
5 173 146
5 174 0
5 175 [2]
$-1,1
5 176 [9][4]
$C00921FB54442D18,BFBFFFFFFFFFFF8,C00921FB54442D18,402B3D70A3D70A3E
$C005FDBBE9BBA775,BFBFFFFFFFFFFF8,C005FDBBE9BBA775,402B3D70A3D70A3E
$C002D97C7F3321D2,BFBFFFFFFFFFFF8,C002D97C7F3321D2,402B3D70A3D70A3E
$BFFF6A7A2955385E,BFBFFFFFFFFFFF8,BFFF6A7A2955385E,402B3D70A3D70A3E
$BFF921FB54442D18,BFBFFFFFFFFFFF8,BFF921FB54442D18,402B3D70A3D70A3E
$BFF2D97C7F3321D2,BFBFFFFFFFFFFF8,BFF2D97C7F3321D2,402B3D70A3D70A3E
$BFE921FB54442D18,BFBFFFFFFFFFFF8,BFE921FB54442D18,402B3D70A3D70A3E
$BFD921FB54442D18,BFBFFFFFFFFFFF8,BFD921FB54442D18,402B3D70A3D70A3E
$0,BFBFFFFFFFFFFF8,0,402B3D70A3D70A3E
5 177 155
5 178 52
5 179 162
5 180 165
5 181 0
5 182 0
4 171 ->
5 172 157
5 173 146
5 174 0
5 175 [2]
$1,-1
5 176 [9][4]
$C00921FB54442D18,BFB851EB851EB8,BFB851EB851EB89,0
$C005FDBBE9BBA775,BFB851EB851EB8,BFB6780003DEBD83,BFA29D1CE5141A85
$C002D97C7F3321D2,BFB851EB851EB8,2*BFB13263E77F6B0F
$BFFF6A7A2955385E,BFB851EB851EB8,BFA29D1CE5141A85,BFB6780003DEBD83
$BFF921FB54442D18,BFB851EB851EB8,0,BFB851EB851EB89
$BFF2D97C7F3321D2,BFB851EB851EB8,3FA29D1CE5141A85,BFB6780003DEBD83
$BFE921FB54442D18,BFB851EB851EB8,3FB13263E77F6B0F,BFB13263E77F6B0F
$BFD921FB54442D18,BFB851EB851EB8,3FB6780003DEBD83,BFA29D1CE5141A85
$0,BFB851EB851EB8,3FB851EB851EB88F,0
5 177 155
5 178 50
5 179 161
5 180 160
5 181 0
5 182 0
4 171 ->
5 172 159
5 173 146
5 174 0
5 175 [2]
$1,-1
5 176 [9][4]
$C00921FB54442D18,BFBFFFFFFFFFFF8,C00921FB54442D18,402B3D70A3D70A3E
$C00C463ABECCB2BR,BFBFFFFFFFFFFF8,C00C463ABECCB2BC,402B3D70A3D70A3E
$C00F6A7A2955385E,BFBFFFFFFFFFFF8,C00F6A7A2955386,402B3D70A3D70A3E
$C011475CC9EEDF,BFBFFFFFFFFFFF8,C011475CC9EEDF,402B3D70A3D70A3E
$C012D97C7F3321D2,BFBFFFFFFFFFFF8,C012D97C7F3321D2,402B3D70A3D70A3E
$C0146B9C347764A4,BFBFFFFFFFFFFF8,C0146B9C347764A4,402B3D70A3D70A3E
$C015FDBBE9BBA776,BFBFFFFFFFFFFF8,C015FDBBE9BBA776,402B3D70A3D70A3E
$C0178FDB9EFFEA48,BFBFFFFFFFFFFF8,C0178FDB9EFFEA48,402B3D70A3D70A3E
$C01921FB54442D1A,BFBFFFFFFFFFFF8,C01921FB54442D18,402B3D70A3D70A3E
5 177 158
5 178 118
5 179 161
5 180 166
5 181 0
5 182 0
4 171 ->
5 172 160
5 173 146
5 174 0
5 175 [2]
$-1,1
5 176 [9][4]
$C00921FB54442D18,BFB851EB851EB8,BFB851EB851EB89,0
$C00C463ABECCB2BR,BFB851EB851EB8,BFB6780003DEBD83,3FA29D1CE5141A85
$C00F6A7A2955385E,BFB851EB851EB8,BFB13263E77F6B0F,3FB13263E77F6B0F
$C011475CC9EEDF,BFB851EB851EB8,BFA29D1CE5141A8A,3FB6780003DEBD82
$C012D97C7F3321D2,BFB851EB851EB8,0,3FB851EB851EB89
$C0146B9C347764A4,BFB851EB851EB8,3FA29D1CE5141A8A,3FB6780003DEBD82
$C015FDBBE9BBA776,BFB851EB851EB8,3FB13263E77F6B13,3FB13263E77F6B0B
$C0178FDB9EFFEA48,BFB851EB851EB8,3FB6780003DEBD87,3FA29D1CE5141A74
$C01921FB54442D1A,BFB851EB851EB8,3FB851EB851EB88F,0
5 177 158
5 178 50
5 179 162
5 180 157
5 181 0
5 182 0
4 171 ->
5 172 161
5 173 146
5 174 1
5 175 [2]
$1,-1
5 176 [2][4]
$C01921FB54442D1A,BFBFFFFFFFFFFF8,0,BFBFFFFFFFFFFF8
$C01921FB54442D1A,BFB851EB851EB8,0,BFB851EB851EB8
5 177 158
5 178 155
5 179 160
5 180 156
5 181 0
5 182 0
4 171 ->
5 172 162
5 173 146
5 174 1
5 175 [2]
$-1,1
5 176 [2][4]
$C00921FB54442D18,BFBFFFFFFFFFFF8,C00921FB54442D18,BFBFFFFFFFFFFF8
$C00921FB54442D18,BFB851EB851EB8,C00921FB54442D18,BFB851EB851EB8
5 177 158
5 178 155
5 179 159
5 180 157
5 181 0
5 182 0
4 171 ->
5 172 163
5 173 146
5 174 1
5 175 [2]
$-1,1
5 176 [2][4]
$C01921FB54442D18,3FF19R,0,3FF19R
$C01921FB54442D18,3FE5C28F5C28F5C,0,3FE5C28F5C28F5C
5 177 142
5 178 76
5 179 143
5 180 149
5 181 0
5 182 0
4 171 ->
5 172 164
5 173 146
5 174 1
5 175 [2]
$1,-1
5 176 [2][4]
$C00921FB54442D18,3FF19R,C00921FB54442D18,3FF19R
$C00921FB54442D18,3FE5C28F5C28F5C,C00921FB54442D18,3FE5C28F5C28F5C
5 177 142
5 178 76
5 179 152
5 180 77
5 181 0
5 182 0
4 171 ->
5 172 165
5 173 146
5 174 1
5 175 [2]
$-1,1
5 176 [2][4]
$C01921FB54442D18,402B3D70A3D70A3E,0,402B3D70A3D70A3E
$C01921FB54442D18,402A6R,0,402A6R
5 177 118
5 178 52
5 179 159
5 180 55
5 181 0
5 182 0
4 171 ->
5 172 166
5 173 146
5 174 1
5 175 [2]
$1,-1
5 176 [2][4]
$C00921FB54442D18,402B3D70A3D70A3E,C00921FB54442D18,402B3D70A3D70A3E
$C00921FB54442D18,402A6R,C00921FB54442D18,402A6R
5 177 118
5 178 52
5 179 121
5 180 156
5 181 0
5 182 0
2 84 NULL
2 85 ->
2 86 ->
3 87 [4][3]
$3FF,2*0
$0,3FF,0
$2*0,3FF
$3*0
3 88 [2]
4 88 ->
5 89 601
5 90 0
5 91 11
5 92 -1
5 93 47
5 94 -1
5 95 0
5 96 0
5 97 0
5 98 [1]
6 98 ->
7 99 6
7 104 ->
8 105 [1]
9 105 -100
4 88 ->
5 89 601
5 90 0
5 91 11
5 92 -1
5 93 53
5 94 -1
5 95 0
5 96 0
5 97 0
5 98 [1]
6 98 ->
7 99 6
7 104 ->
8 105 [1]
9 105 -100
3 106 -1
3 107 0
2 112 NULL
2 113 -1
2 114 -1
2 115 NULL
2 116 NULL
2 152 [1]
3 152 9
2 117 ->
@next_srf 281 0
3 281 [1]
4 281 
@p_srf 282 1
5 282 142
@next_geom_ptr 283 1
5 283 0
@contours 284 0
3 284 [6]
4 284 
@p_srf 285 1
5 285 46
@start_crv_arr 286 11
5 286 [1]
6 286 113
4 284 
5 285 50
5 286 [1]
6 286 119
4 284 
5 285 52
5 286 [1]
6 286 16
4 284 
5 285 76
5 286 [1]
6 286 28
4 284 
5 285 118
5 286 [1]
6 286 16
4 284 
5 285 142
5 286 [1]
6 286 28
@next_crv 287 0
3 287 [8]
4 287 
@p_crv 288 1
5 288 16
@next_crv 289 11
5 289 [2]
$121,53
4 287 
5 288 28
5 289 [2]
$113,77
4 287 
5 288 33
5 289 [2]
$119,55
4 287 
5 288 45
5 289 [2]
$143,47
4 287 
5 288 55
5 289 [2]
$121,16
4 287 
5 288 77
5 289 [2]
$45,143
4 287 
5 288 121
5 289 [2]
$55,33
4 287 
5 288 143
5 289 [2]
$28,77
3 118 46
3 119 0
3 120 [2][3]
$BFC8,BFC819404A2F67F2,C01A
$3FC8,3FC819404A2F67F2,401A
3 121 402A058F174EB9E3
3 122 NULL
3 123 -1
2 124 -1
2 125 NULL
2 126 -1
2 127 NULL
1 128 NULL
@assem_mass_prop_ptr 290 0
1 290 NULL
@mass_prop_ptr 291 0
1 291 ->
@type 292 1
2 292 0
@density 293 2
2 293 0
@init_dens 294 5
2 294 0
@rel_density 295 2
2 295 0
@init_rel_dens 296 5
2 296 0
@aver_density 297 2
2 297 0
@vrevnum 298 1
2 298 -1
@volume 299 2
2 299 0
@cg 300 2
2 300 [3]
$3*0
@inertia 301 2
2 301 [3][3]
$3*0
$3*0
$3*0
@eps 302 2
2 302 0
@surfarea 303 2
2 303 0
@assign_mp_ptr 304 0
1 304 NULL
@tol_default_ptr 305 0
1 305 ->
@type 306 1
2 306 10
@value 307 2
2 307 [7]
$0,3FB9R,3F847AE147AE147B,3F50624DD2F1A9FC,3F1A36E2EB1C432D,
$3EE4F8B588E368F1,3EB0C6F7A0B5ED8E
@ang_value 308 2
2 308 [7]
$0,6*3FE
@standard 309 1
2 309 0
@iso_tol_tbls_ptr 310 0
2 310 NULL
@first_xsec_ptr 311 0
1 311 NULL
@datum_count 312 1
1 312 3
@axis_count 313 1
1 313 1
@insert_layer_id 314 1
1 314 -1
@layer_count 315 1
1 315 1
@layer_list 316 0
1 316 [7]
2 316 
@feat_id 317 1
3 317 1
@layer_id 318 1
3 318 0
@back_layer_id 319 1
3 319 0
2 316 
3 317 3
3 318 0
3 319 0
2 316 
3 317 5
3 318 0
3 319 0
2 316 
3 317 7
3 318 0
3 319 0
2 316 
3 317 10
3 318 0
3 319 0
2 316 
3 317 9
3 318 0
3 319 0
2 316 
3 317 146
3 318 0
3 319 0
@lang_ptr 320 0
1 320 ->
@interact_on 321 1
2 321 -1
@first_csys_ptr 322 0
1 322 NULL
@color_prop_ptr 323 0
1 323 NULL
@fem_data 324 0
1 324 NULL
@rel_part_eps 325 2
1 325 3F53A92A30553261
@names_table 326 0
1 326 [4]
2 326 ->
@id 327 1
3 327 2
@type 328 1
3 328 5
@name 329 10
3 329 DTM1
2 326 ->
3 327 4
3 328 5
3 329 DTM2
2 326 ->
3 327 6
3 328 5
3 329 DTM3
2 326 ->
3 327 8
3 328 25
3 329 CS0
@drv_tbl_ptr 330 0
1 330 NULL
@assembled_count 331 1
1 331 2
@part_type 332 1
1 332 1
@mat_name_ptr 333 10
1 333 NULL
@first_ent_id 334 1
1 334 525565
@first_view_id 335 1
1 335 0
@outline 336 2
1 336 [2][3]
$BFC8,BFC819404A2F67F2,C01A
$3FC8,3FC819404A2F67F2,401A
@dim_num 337 1
1 337 12
@dim_array 338 0
1 338 [12]
2 338 ->
@type 339 1
3 339 8
@dim_type 340 1
3 340 42
@feat_id 341 1
3 341 9
@attributes 342 1
3 342 32
@dim_dat_ptr 343 0
3 343 ->
@value 344 2
4 344 0
@bck_value 345 2
4 345 0
@tol_ptr 346 0
4 346 ->
@type 347 1
5 347 9
@tol_type 348 1
5 348 3
@dual_digits_diff 349 1
5 349 999
@value 350 2
5 350 [2]
$2*3F847AE147AE147B
@nominal_value 351 2
4 351 0
@bound 352 1
4 352 20
@bck_bound 353 1
4 353 -1
@bck_tol_ptr 354 0
4 354 ->
@value 355 2
5 355 [2]
$2*3F847AE147AE147B
@datum_def_id 356 1
4 356 -1
@places_denom 357 1
4 357 3
@bck_places_denom 358 1
4 358 3
@dim_data_attrib 359 1
4 359 0
@dim_cosm_ptr 360 0
3 360 ->
@d0 361 2
4 361 0
@d1 362 2
4 362 0
@d2 363 2
4 363 0
@d3 364 2
4 364 0
@ord_info 365 0
4 365 NULL
@attach_ptr 366 0
3 366 NULL
@dim_text_ptr 367 0
3 367 ->
@symbol 368 10
4 368 d0
@parent_dim_id 369 1
3 369 -1
2 338 ->
3 339 8
3 340 42
3 341 9
3 342 32
3 343 ->
4 344 0
4 345 0
4 346 ->
5 347 9
5 348 3
5 349 999
5 350 [2]
$2*3F847AE147AE147B
4 351 0
4 352 20
4 353 -1
4 354 ->
5 355 [2]
$2*3F847AE147AE147B
4 356 -1
4 357 3
4 358 3
4 359 0
3 360 ->
4 361 0
4 362 0
4 363 0
4 364 0
4 365 NULL
3 366 NULL
3 367 ->
4 368 d1
3 369 -1
2 338 ->
3 339 8
3 340 42
3 341 9
3 342 32
3 343 ->
4 344 0
4 345 0
4 346 ->
5 347 9
5 348 3
5 349 999
5 350 [2]
$2*3F847AE147AE147B
4 351 0
4 352 20
4 353 -1
4 354 ->
5 355 [2]
$2*3F847AE147AE147B
4 356 -1
4 357 3
4 358 3
4 359 0
3 360 ->
4 361 0
4 362 0
4 363 0
4 364 0
4 365 NULL
3 366 NULL
3 367 ->
4 368 d2
3 369 -1
2 338 ->
3 339 8
3 340 5
3 341 9
3 342 33
3 343 ->
4 344 3FC
4 345 3FC
4 346 ->
5 347 9
5 348 3
5 349 999
5 350 [2]
$2*3F847AE147AE147B
4 351 3FC
4 352 20
4 353 -1
4 354 ->
5 355 [2]
$2*3F847AE147AE147B
4 356 -1
4 357 3
4 358 3
4 359 0
3 360 ->
4 361 3FEA781948B0FCDE
4 362 4044F37745AB2256
4 363 C039DFAECF01A762
4 364 403B1EDB6DB6DB7
4 365 NULL
3 366 NULL
3 367 ->
4 368 d3
3 369 -1
2 338 ->
3 339 8
3 340 5
3 341 9
3 342 33
3 343 ->
4 344 3FC8
4 345 3FC8
4 346 ->
5 347 9
5 348 3
5 349 999
5 350 [2]
$2*3F847AE147AE147B
4 351 3FC8
4 352 20
4 353 -1
4 354 ->
5 355 [2]
$2*3F847AE147AE147B
4 356 -1
4 357 3
4 358 3
4 359 0
3 360 ->
4 361 3FE0FCD6E9E06524
4 362 405334620E9E9CA9
4 363 3FE0E5CEFF27B5A9
4 364 403B1EDB6DB6DB7
4 365 NULL
3 366 NULL
3 367 ->
4 368 d4
3 369 -1
2 338 ->
3 339 8
3 340 2
3 341 9
3 342 33
3 343 ->
4 344 3FA9R
4 345 3FA9R
4 346 ->
5 347 9
5 348 3
5 349 999
5 350 [2]
$2*3F847AE147AE147B
4 351 3FA9R
4 352 20
4 353 -1
4 354 ->
5 355 [2]
$2*3F847AE147AE147B
4 356 -1
4 357 3
4 358 3
4 359 0
3 360 ->
4 361 405C2EE158E9BE69
4 362 3FE738FA61E7ECBE
4 363 404473C588A6F5AD
4 364 403B1EDB6DB6DB7
4 365 NULL
3 366 NULL
3 367 ->
4 368 d5
3 369 -1
2 338 ->
3 339 8
3 340 5
3 341 9
3 342 289
3 343 ->
4 344 3FF4
4 345 3FF4
4 346 ->
5 347 9
5 348 3
5 349 999
5 350 [2]
$2*3F847AE147AE147B
4 351 3FF4
4 352 20
4 353 -1
4 354 ->
5 355 [2]
$2*3F847AE147AE147B
4 356 -1
4 357 3
4 358 3
4 359 0
3 360 ->
4 361 406930A35A11BE45
4 362 3FEA08066B893A96
4 363 3FE31219DBCC4867
4 364 403B1EDB6DB6DB7
4 365 NULL
3 366 NULL
3 367 ->
4 368 d6
3 369 -1
2 338 ->
3 339 8
3 340 5
3 341 9
3 342 289
3 343 ->
4 344 402A
4 345 402A
4 346 ->
5 347 9
5 348 3
5 349 999
5 350 [2]
$2*3F847AE147AE147B
4 351 402A
4 352 20
4 353 -1
4 354 ->
5 355 [2]
$2*3F847AE147AE147B
4 356 -1
4 357 3
4 358 3
4 359 0
3 360 ->
4 361 C06D8DE2FF374F2A
4 362 3FD20E71F4C3CFD8
4 363 3FE6F5262DD093E5
4 364 403B1EDB6DB6DB7
4 365 NULL
3 366 NULL
3 367 ->
4 368 d7
3 369 -1
2 338 ->
3 339 8
3 340 5
3 341 9
3 342 33
3 343 ->
4 344 3FA0624DD2F1A9FC
4 345 3FA0624DD2F1A9FC
4 346 ->
5 347 9
5 348 3
5 349 999
5 350 [2]
$2*3F847AE147AE147B
4 351 3FA0624DD2F1A9FC
4 352 20
4 353 -1
4 354 ->
5 355 [2]
$2*3F847AE147AE147B
4 356 -1
4 357 3
4 358 3
4 359 0
3 360 ->
4 361 4017F3C588A6F5D1
4 362 4058712C4F4A7054
4 363 4046F23E39BBD45C
4 364 403B1EDB6DB6DB7
4 365 NULL
3 366 NULL
3 367 ->
4 368 d8
3 369 -1
2 338 ->
3 339 8
3 340 2
3 341 9
3 342 33
3 343 ->
4 344 3FE
4 345 3FE
4 346 ->
5 347 9
5 348 3
5 349 999
5 350 [2]
$2*3F847AE147AE147B
4 351 3FE
4 352 20
4 353 -1
4 354 ->
5 355 [2]
$2*3F847AE147AE147B
4 356 -1
4 357 3
4 358 3
4 359 0
3 360 ->
4 361 404E9598E5D644C2
4 362 3FEC75E0420F4E69
4 363 3FE0D37B78657505
4 364 403B1EDB6DB6DB71
4 365 NULL
3 366 NULL
3 367 ->
4 368 d9
3 369 -1
2 338 ->
3 339 8
3 340 7
3 341 9
3 342 33
3 343 ->
4 344 3FB0A3D70A3D70A4
4 345 3FB0A3D70A3D70A4
4 346 ->
5 347 9
5 348 3
5 349 999
5 350 [2]
$2*3F847AE147AE147B
4 351 3FB0A3D70A3D70A4
4 352 20
4 353 -1
4 354 ->
5 355 [2]
$2*3F847AE147AE147B
4 356 -1
4 357 3
4 358 3
4 359 0
3 360 ->
4 361 405407E4F692C983
4 362 3FC0DD74E468D1CA
4 363 403D8171BD5AB959
4 364 403B1EDB6DB6DB71
4 365 NULL
3 366 NULL
3 367 ->
4 368 d10
3 369 -1
2 338 ->
3 339 8
3 340 200
3 341 146
3 342 257
3 343 ->
4 344 3F9EB851EB851EB8
4 345 3F9EB851EB851EB8
4 346 ->
5 347 9
5 348 3
5 349 999
5 350 [2]
$2*3F847AE147AE147B
4 351 3F9EB851EB851EB8
4 352 20
4 353 -1
4 354 ->
5 355 [2]
$2*3F847AE147AE147B
4 356 -1
4 357 2
4 358 2
4 359 0
3 360 ->
4 361 0
4 362 0
4 363 0
4 364 0
4 365 NULL
3 366 NULL
3 367 ->
4 368 d11
@line_array 370 0
4 370 [1]
5 370 
@text_array 371 0
6 371 [2]
7 371 
@text_type 372 1
8 372 54
@text_value 373 10
8 373 45$ x 
@txt_attrib 374 1
8 374 16777217
@owner_id 375 1
8 375 11
@part_id 376 1
8 376 33
@height 377 2
8 377 BFF
@width_factor 378 2
8 378 BFF
@format_info 379 0
8 379 
@thickness 380 2
8 380 BFF
7 371 
8 372 61
8 373 
8 374 16777217
8 375 11
8 376 33
8 377 BFF
8 378 BFF
8 379 
8 380 BFF
3 369 -1
@ipar_num 381 1
1 381 0
@relpar_sets 382 0
1 382 [1]
2 382 
@id 383 1
3 383 -1
@type 384 1
3 384 2
@ext_ref_id 385 1
3 385 -1
@relatnum 386 1
3 386 0
@unit_arr 387 0
1 387 [2]
2 387 
@type 388 1
3 388 1
@factor 389 2
3 389 3FF
@name 390 10
3 390 INCH
@unit_type 391 1
3 391 0
2 387 
3 388 2
3 389 3FF
3 390 POUND
3 391 1
@geom_lib_ptr 392 0
1 392 NULL
@first_quilt_ptr 393 1
1 393 0
@attrib_array 394 1
1 394 [3]
$2*0,4
@smt_info_ptr 395 0
1 395 NULL
@cable_info_ptr 396 0
1 396 NULL
@comp_info_ptr 397 0
1 397 NULL
@max_part_size 398 2
1 398 402A058F174EB9E3
@prt_misc_ptr 399 0
1 399 ->
@shrink_data_ptr 400 0
2 400 NULL
@expld_mv_info 401 0
1 401 NULL
@state_info_ptr 402 0
1 402 NULL
@alumni_feats 403 0
1 403 NULL
@model_name 404 10
1 404 SCREW_81
@p_mdl_grid 405 0
1 405 NULL
@mdl_status_ptr 406 0
1 406 NULL
@cfg_states 407 0
1 407 NULL
@disp_outl_info 408 0
1 408 
@disp_outline 409 2
2 409 [2][3]
$BFD029D9745E8424,BFD036799976381D,C01A429D9745E842
$3FD029D9745E8424,3FD036799976381D,401A429D9745E842
@ribbon_info_ptr 410 0
1 410 NULL
@p_xref_data 411 0
1 411 ->
@View 412 0
0 412 ->
@id 413 1
1 413 0
@viewattr 414 0
1 414 
@attr_arr 415 1
2 415 [4]
$1,3*0
@mpoint 416 0
1 416 
@id 417 1
2 417 0
@coord 418 2
2 418 [3]
$3*0
@first_instr_ptr 419 0
2 419 NULL
@attach_ptr 420 0
2 420 NULL
@vpoint 421 0
1 421 
2 417 0
2 418 [3]
$407F4,407A5E,0
2 419 NULL
2 420 NULL
@orient 422 2
1 422 [4][4]
$3FED7954E7DBA2F8,0,3FD8EC3AE92B676B,0
$BFD385CE5246572,3FE3E43A9692E21C,3FE7167619F550A2,0
$BFCEFC077F3F36A6,BFE91103985DA841,3FE25240DD3851BF,0
$3*0,3FF
@local_sys 423 2
1 423 [4][4]
$404D5370E5B4218B,0,4038CC30B71B394B,0
$C0336CB55225979R,4043CAA83371CCB9,4046F8C7D2E38464,0
$C02ED4325D301E1C,C048F0CA1C8CD727,40423AB33E01F4CE,0
$407F4,407A5E,0,3FF
@first_instr_ptr 424 0
1 424 ->
@type 425 1
2 425 100
@geom_id 426 1
2 426 -1
@view_id 427 1
2 427 -1
@memb_num 428 1
2 428 0
@offset 429 2
2 429 0
@matrix 430 0
2 430 NULL
@next_instr_ptr 431 0
1 431 ->
2 425 301
2 426 -1
2 427 -1
2 428 0
2 429 404FD6DCA86CAB14
2 430 NULL
1 431 NULL
@outer_xsec_index 432 1
1 432 -1
@next_view_id 433 1
1 433 -2
@simp_rep_id 434 1
1 434 -1
@name 435 10
1 435 no name
@matrix 436 2
1 436 [4][4]
$3FF,3*0
$0,3FF,2*0
$2*0,3FF,0
$3*0,3FF
@fit_outline 437 2
1 437 [2][3]
$4059,405518,C07014109E7C6CE2
$408C2,4087BB,407014109E7C6CE2
@det_info_ptr 438 0
1 438 NULL
@named_view_pzmatr 439 0
1 439 NULL
@page_id 440 1
1 440 0
@model_name 441 10
1 441 NULL
@unrep_model_name 442 10
1 442 NULL
@assem_merge_parts 443 0
0 443 ->
#END_OF_UGC
