

Input part file name: f:/data5/repository/CMU/Tools/0.2in_allen_wrench.hh.sat
*** Error (intersct/kerndata/makeint:BODY_VERTEX_CRUMBLE)
    coincident face_face_ints with different body vertices
Aborting program



Input part file name: f:/data5/repository/CMU/Tools/0.2in_phillipshead_screwdriver.hh.sat


Output part file name: f:/data5/repository/CMU/Tools/0.2in_phillipshead_screwdriver.hh.f.sat



Input part file name: f:/data5/repository/CMU/Tools/1-4_in_flathead_screwdriver.hh.sat


Output part file name: f:/data5/repository/CMU/Tools/1-4_in_flathead_screwdriver.hh.f.sat



Input part file name: f:/data5/repository/CMU/Tools/10mm_combination_wrench.hh.sat


Output part file name: f:/data5/repository/CMU/Tools/10mm_combination_wrench.hh.f.sat



Input part file name: f:/data5/repository/CMU/Tools/15mm_combination_wrench.hh.sat


Output part file name: f:/data5/repository/CMU/Tools/15mm_combination_wrench.hh.f.sat



Input part file name: f:/data5/repository/CMU/Tools/mallet.hh.sat


Output part file name: f:/data5/repository/CMU/Tools/mallet.hh.f.sat



Input part file name: f:/data5/repository/CMU/Tools/3-16_in_flathead_screwdriver.hh.sat


Output part file name: f:/data5/repository/CMU/Tools/3-16_in_flathead_screwdriver.hh.f.sat



Input part file name: f:/data5/repository/CMU/Tools/3mm_allen_wrench.hh.sat


Output part file name: f:/data5/repository/CMU/Tools/3mm_allen_wrench.hh.f.sat



Input part file name: f:/data5/repository/CMU/Tools/5-8_in_flathead_screwdriver.hh.sat


Output part file name: f:/data5/repository/CMU/Tools/5-8_in_flathead_screwdriver.hh.f.sat



Input part file name: f:/data5/repository/CMU/Tools/5mm_allen_wrench.hh.sat


Output part file name: f:/data5/repository/CMU/Tools/5mm_allen_wrench.hh.f.sat



Input part file name: f:/data5/repository/CMU/Tools/5mm_flathead_screwdriver.hh.sat


Output part file name: f:/data5/repository/CMU/Tools/5mm_flathead_screwdriver.hh.f.sat



Input part file name: f:/data5/repository/CMU/Tools/5mm_phillips.hh.sat


Output part file name: f:/data5/repository/CMU/Tools/5mm_phillips.hh.f.sat



Input part file name: f:/data5/repository/CMU/Tools/5mm_phillipshead_screwdriver.hh.sat


Output part file name: f:/data5/repository/CMU/Tools/5mm_phillipshead_screwdriver.hh.f.sat



Input part file name: f:/data5/repository/CMU/Tools/8mm_flathead_screwdriver.hh.sat


Output part file name: f:/data5/repository/CMU/Tools/8mm_flathead_screwdriver.hh.f.sat



Input part file name: f:/data5/repository/CMU/Tools/8mm_phillipshead_screwdriver.hh.sat


Output part file name: f:/data5/repository/CMU/Tools/8mm_phillipshead_screwdriver.hh.f.sat



Input part file name: f:/data5/repository/CMU/Tools/brazing_tool.hh.sat


Output part file name: f:/data5/repository/CMU/Tools/brazing_tool.hh.f.sat



Input part file name: f:/data5/repository/CMU/Tools/epoxy_gun.hh.sat


Output part file name: f:/data5/repository/CMU/Tools/epoxy_gun.hh.f.sat



Input part file name: f:/data5/repository/CMU/Tools/female_half_of_pliers.hh.sat


Output part file name: f:/data5/repository/CMU/Tools/female_half_of_pliers.hh.f.sat



Input part file name: f:/data5/repository/CMU/Tools/hex_wrench1.hh.sat


Output part file name: f:/data5/repository/CMU/Tools/hex_wrench1.hh.f.sat



Input part file name: f:/data5/repository/CMU/Tools/male_half_of_pliers.hh.sat


Output part file name: f:/data5/repository/CMU/Tools/male_half_of_pliers.hh.f.sat



Input part file name: f:/data5/repository/CMU/Tools/needle-nose-cm.hh.sat


Output part file name: f:/data5/repository/CMU/Tools/needle-nose-cm.hh.f.sat



Input part file name: f:/data5/repository/CMU/Tools/needle-nose-inch.hh.sat


Output part file name: f:/data5/repository/CMU/Tools/needle-nose-inch.hh.f.sat



Input part file name: f:/data5/repository/CMU/Tools/needle-nose.hh.sat


Output part file name: f:/data5/repository/CMU/Tools/needle-nose.hh.f.sat



Input part file name: f:/data5/repository/CMU/Tools/new_seeker_part_rack.hh.sat


Output part file name: f:/data5/repository/CMU/Tools/new_seeker_part_rack.hh.f.sat



Input part file name: f:/data5/repository/CMU/Tools/new_seeker_table.hh.sat


Output part file name: f:/data5/repository/CMU/Tools/new_seeker_table.hh.f.sat



Input part file name: f:/data5/repository/CMU/Tools/new_seeker_tool_rack.hh.sat


Output part file name: f:/data5/repository/CMU/Tools/new_seeker_tool_rack.hh.f.sat



Input part file name: f:/data5/repository/CMU/Tools/part_rack.hh.sat


Output part file name: f:/data5/repository/CMU/Tools/part_rack.hh.f.sat



Input part file name: f:/data5/repository/CMU/Tools/part_rack106.hh.sat


Output part file name: f:/data5/repository/CMU/Tools/part_rack106.hh.f.sat



Input part file name: f:/data5/repository/CMU/Tools/screw_driver1.hh.sat


Output part file name: f:/data5/repository/CMU/Tools/screw_driver1.hh.f.sat



Input part file name: f:/data5/repository/CMU/Tools/socket_wrench_with_10mm_socket.hh.sat


Output part file name: f:/data5/repository/CMU/Tools/socket_wrench_with_10mm_socket.hh.f.sat



Input part file name: f:/data5/repository/CMU/Tools/socket_wrench_with_15mm_socket.hh.sat


Output part file name: f:/data5/repository/CMU/Tools/socket_wrench_with_15mm_socket.hh.f.sat



Input part file name: f:/data5/repository/CMU/Tools/soldering_tool.hh.sat


Output part file name: f:/data5/repository/CMU/Tools/soldering_tool.hh.f.sat



Input part file name: f:/data5/repository/CMU/Tools/table.hh.sat


Output part file name: f:/data5/repository/CMU/Tools/table.hh.f.sat



Input part file name: f:/data5/repository/CMU/Tools/table106.hh.sat


Output part file name: f:/data5/repository/CMU/Tools/table106.hh.f.sat



Input part file name: f:/data5/repository/CMU/Tools/tool_rack.hh.sat


Output part file name: f:/data5/repository/CMU/Tools/tool_rack.hh.f.sat



Input part file name: f:/data5/repository/CMU/Tools/tool_rack106.hh.sat


Output part file name: f:/data5/repository/CMU/Tools/tool_rack106.hh.f.sat

