

Input part file name: f:/data5/repository/PTC/V18/cabdia18/mnl-female.hh.sat


Output part file name: f:/data5/repository/PTC/V18/cabdia18/mnl-female.hh.f.sat



Input part file name: f:/data5/repository/PTC/V18/cabdia18/uo54.hh.sat


Output part file name: f:/data5/repository/PTC/V18/cabdia18/uo54.hh.f.sat




Input part file name: f:/data5/repository/PTC/V18/cabdia18/ha15b-0001-b134.hh.sat


Output part file name: f:/data5/repository/PTC/V18/cabdia18/ha15b-0001-b134.hh.f.sat



Input part file name: f:/data5/repository/PTC/V18/cabdia18/prt0001.hh.sat



Input part file name: f:/data5/repository/PTC/V18/cabdia18/mnlsr-adpt.hh.sat


Output part file name: f:/data5/repository/PTC/V18/cabdia18/mnlsr-adpt.hh.f.sat



Input part file name: f:/data5/repository/PTC/V18/cabdia18/dsub-idc-male.hh.sat


Output part file name: f:/data5/repository/PTC/V18/cabdia18/dsub-idc-male.hh.f.sat



Input part file name: f:/data5/repository/PTC/V18/cabdia18/ha15b-0001-b139.hh.sat


Output part file name: f:/data5/repository/PTC/V18/cabdia18/ha15b-0001-b139.hh.f.sat



Input part file name: f:/data5/repository/PTC/V18/cabdia18/mnl-female.prt.hh.sat


Output part file name: f:/data5/repository/PTC/V18/cabdia18/mnl-female.prt.hh.f.sat



Input part file name: f:/data5/repository/PTC/V18/cabdia18/uo54.prt.hh.sat


Output part file name: f:/data5/repository/PTC/V18/cabdia18/uo54.prt.hh.f.sat




Input part file name: f:/data5/repository/PTC/V18/cabdia18/lug-qdisc-f.prt.hh.sat


Output part file name: f:/data5/repository/PTC/V18/cabdia18/lug-qdisc-f.prt.hh.f.sat



Input part file name: f:/data5/repository/PTC/V18/cabdia18/prt0001.prt.hh.sat



Input part file name: f:/data5/repository/PTC/V18/cabdia18/mnl-srlf.prt.hh.sat


Output part file name: f:/data5/repository/PTC/V18/cabdia18/mnl-srlf.prt.hh.f.sat



Input part file name: f:/data5/repository/PTC/V18/cabdia18/mnlsr-adpt.prt.hh.sat


Output part file name: f:/data5/repository/PTC/V18/cabdia18/mnlsr-adpt.prt.hh.f.sat



Input part file name: f:/data5/repository/PTC/V18/cabdia18/ha15b-0001-b139.prt.hh.sat


Output part file name: f:/data5/repository/PTC/V18/cabdia18/ha15b-0001-b139.prt.hh.f.sat



Input part file name: f:/data5/repository/PTC/V18/cabdia18/screw-6-20-tf.prt.hh.sat


Output part file name: f:/data5/repository/PTC/V18/cabdia18/screw-6-20-tf.prt.hh.f.sat



Input part file name: f:/data5/repository/PTC/V18/cabdia18/ha15b-0001-b134.prt.hh.sat


Output part file name: f:/data5/repository/PTC/V18/cabdia18/ha15b-0001-b134.prt.hh.f.sat



Input part file name: f:/data5/repository/PTC/V18/cabdia18/dsub-idc-male.prt.hh.sat


Output part file name: f:/data5/repository/PTC/V18/cabdia18/dsub-idc-male.prt.hh.f.sat

