#UGC:2 PART 966 400 0 1 1 15 1800 9649 00000ed8 \
#- VERS 0 0                                                          \
#- HOST                                                              \
#- LINK                                                              \
#- DBID                                                              \
#- REVS 0,                                                           \
#- RELL 0,                                                           \
#- UOBJ_ID 841861219 250836762 157252110                             \
#- MACH SGI_IRIX_5.3_08031226                                        \
#-END_OF_UGC_HEADER
#P_OBJECT 6
@P_object 1 0
0 1 ->
@dep_db 2 0
1 2 ->
@usr_rev 3 0
1 3 [6]
2 3 
@name 4 10
3 4 GKMETOYE
@mod_time 5 0
3 5 
@tm_sec 6 1
4 6 48
@tm_min 7 1
4 7 43
@tm_hour 8 1
4 8 19
@tm_mday 9 1
4 9 6
@tm_mon 10 1
4 10 2
@tm_year 11 1
4 11 95
@action 12 1
3 12 1000
@comment 13 10
3 13 Hostname: 'tddcae36'
@rel_level 14 10
3 14 
@rev_string 15 10
3 15 
2 3 
3 4 ROGAN14
3 5 
4 6 33
4 7 59
4 8 23
4 9 24
4 10 4
4 11 95
3 12 1000
3 13 Hostname: 'tddcae143'
3 14 
3 15 
2 3 
3 4 METOYE14
3 5 
4 6 21
4 7 16
4 8 21
4 9 18
4 10 7
4 11 95
3 12 1000
3 13 Hostname: 'tddcae179'
3 14 
3 15 
2 3 
3 4 USER
3 5 
4 6 44
4 7 27
4 8 17
4 9 14
4 10 8
4 11 95
3 12 1000
3 13 Hostname: 'staten'
3 14 
3 15 
2 3 
3 4 WARGELIN
3 5 
4 6 30
4 7 50
4 8 18
4 9 4
4 10 8
4 11 96
3 12 1000
3 13 Hostname: 'minos'
3 14 
3 15 
2 3 
3 4 USER
3 5 
4 6 9
4 7 54
4 8 16
4 9 5
4 10 11
4 11 96
3 12 1000
3 13 Hostname: 'gator'
3 14 
3 15 
@revnum_std 16 1
1 16 2391
@flag 17 1
1 17 0
@name 18 10
1 18 NULL
@inst_hidden 19 1
1 19 0
@old_name 20 10
1 20 NULL
@a_inst_obj 21 0
1 21 [12]
2 21 ->
3 2 ->
3 16 2306
3 17 0
3 18 MNLSR-12P
3 19 0
3 20 NULL
@appl_data 22 0
3 22 NULL
@ver_key 23 0
3 23 NULL
2 21 ->
3 2 ->
3 16 2306
3 17 0
3 18 MNLSR-15P
3 19 0
3 20 NULL
3 22 NULL
3 23 NULL
2 21 ->
3 2 ->
3 16 2391
3 17 0
3 18 MNLSR-2PL
3 19 0
3 20 NULL
3 22 ->
@bounding_box 24 2
4 24 [2][3]
$BFD464D5C116797D,BFDF461D6F2AF45E,BF81B97074BAB4C
$3FD464D5C116797F,3FDF461D6F2AF45E,3FF4F03FADB64236
3 23 NULL
2 21 ->
3 2 ->
3 16 2322
3 17 0
3 18 MNLSR-2PS
3 19 0
3 20 NULL
3 22 NULL
3 23 NULL
2 21 ->
3 2 ->
3 16 2391
3 17 0
3 18 MNLSR-3PL
3 19 0
3 20 NULL
3 22 ->
4 24 [2][3]
$BFD464D5C116797D,BFDF461D6F2AF45E,BF81B97074BAB4C
$3FD464D5C116797F,3FDF461D6F2AF45E,3FF4F03FADB64236
3 23 NULL
2 21 ->
3 2 ->
3 16 2391
3 17 0
3 18 MNLSR-3PS
3 19 0
3 20 NULL
3 22 ->
4 24 [2][3]
$BFD46D83AC9863B9,BFE288AD5B6AEA2E,BF82CF2DE4F7FC3B
$3FD46D83AC9863B9,3FE288AD5B6AEA2E,3FF4F26B2896BCC4
3 23 NULL
2 21 ->
3 2 ->
3 16 2391
3 17 0
3 18 MNLSR-4PL
3 19 0
3 20 NULL
3 22 ->
4 24 [2][3]
$BFD464D5C116797D,BFDF461D6F2AF45E,BF81B97074BAB4C
$3FD464D5C116797F,3FDF461D6F2AF45E,3FF4F03FADB64236
3 23 NULL
2 21 ->
3 2 ->
3 16 2391
3 17 0
3 18 MNLSR-4PS
3 19 0
3 20 NULL
3 22 ->
4 24 [2][3]
$BFD4775C729941C9,BFE5835C4DC7822C,BF840A46A513BE6B
$3FD4775C729941CB,3FE5835C4DC7822C,3FF4F4E15A16F449
3 23 NULL
2 21 ->
3 2 ->
3 16 2386
3 17 0
3 18 MNLSR-5PL
3 19 0
3 20 NULL
3 22 NULL
3 23 NULL
2 21 ->
3 2 ->
3 16 2391
3 17 0
3 18 MNLSR-5PS
3 19 0
3 20 NULL
3 22 ->
4 24 [2][3]
$BFD4832CE35B78E9,BFE8D0F29AA37F04,BF858454BD5AA23F
$3FD4832CE35B78EB,3FE8D0F29AA37F04,3FF4F7D57647821
3 23 NULL
2 21 ->
3 2 ->
3 16 2391
3 17 0
3 18 MNLSR-6P
3 19 0
3 20 NULL
3 22 ->
4 24 [2][3]
$BFE23D7E876EB13D,BFE0CCDAB06473CR,BF847E5A2D97D538
$3FE23D7E876EB13D,3FE0CCDAB06473CE,3FF4F5C98127FC74
3 23 NULL
2 21 ->
3 2 ->
3 16 2391
3 17 0
3 18 MNLSR-9P
3 19 0
3 20 NULL
3 22 ->
4 24 [2][3]
$BFE23D7E876EB13D,BFE0CCDAB06473CR,BF847E5A2D97D538
$3FE23D7E876EB13D,3FE0CCDAB06473CE,3FF4F5C98127FC74
3 23 NULL
1 22 ->
2 24 [2][3]
$BFD464D5C116797D,BFDF461D6F2AF45E,BF81B97074BAB4C
$3FD464D5C116797F,3FDF461D6F2AF45E,3FF4F03FADB64236
1 23 NULL
#END_OF_P_OBJECT
#Pro/ENGINEER  TM  Version H-01-18  (c) 1988-96 by Parametric Technology Corporation  All Rights Reserved. 9649
@Toc 25 0
0 25 ->
@entry 26 10
1 26 [128]
2 26 ################################################################################
2 26 ################################################################################
2 26 ################################################################################
2 26 ################################################################################
2 26 ################################################################################
2 26 ################################################################################
2 26 ################################################################################
2 26 ################################################################################
2 26 ################################################################################
2 26 ################################################################################
2 26 ################################################################################
2 26 ################################################################################
2 26 ################################################################################
2 26 ################################################################################
2 26 ################################################################################
2 26 ################################################################################
2 26 ################################################################################
2 26 ################################################################################
2 26 ################################################################################
2 26 ################################################################################
2 26 ################################################################################
2 26 ################################################################################
2 26 ################################################################################
2 26 ################################################################################
2 26 ################################################################################
2 26 ################################################################################
2 26 ################################################################################
2 26 ################################################################################
2 26 ################################################################################
2 26 ################################################################################
2 26 ################################################################################
2 26 ################################################################################
2 26 ################################################################################
2 26 ################################################################################
2 26 ################################################################################
2 26 ################################################################################
2 26 ################################################################################
2 26 ################################################################################
2 26 ################################################################################
2 26 ################################################################################
2 26 ################################################################################
2 26 ################################################################################
2 26 ################################################################################
2 26 ################################################################################
2 26 ################################################################################
2 26 ################################################################################
2 26 ################################################################################
2 26 ################################################################################
2 26 ################################################################################
2 26 ################################################################################
2 26 ################################################################################
2 26 ################################################################################
2 26 ################################################################################
2 26 ################################################################################
2 26 ################################################################################
2 26 ################################################################################
2 26 ################################################################################
2 26 ################################################################################
2 26 ################################################################################
2 26 ################################################################################
2 26 ################################################################################
2 26 ################################################################################
2 26 ################################################################################
2 26 ################################################################################
2 26 ################################################################################
2 26 ################################################################################
2 26 ################################################################################
2 26 ################################################################################
2 26 ################################################################################
2 26 ################################################################################
2 26 ################################################################################
2 26 ################################################################################
2 26 ################################################################################
2 26 ################################################################################
2 26 ################################################################################
2 26 ################################################################################
2 26 ################################################################################
2 26 ################################################################################
2 26 ################################################################################
2 26 ################################################################################
2 26 ################################################################################
2 26 ################################################################################
2 26 ################################################################################
2 26 ################################################################################
2 26 ################################################################################
2 26 ################################################################################
2 26 ################################################################################
2 26 ################################################################################
2 26 ################################################################################
2 26 ################################################################################
2 26 ################################################################################
2 26 ################################################################################
2 26 ################################################################################
2 26 ################################################################################
2 26 ################################################################################
2 26 ################################################################################
2 26 ################################################################################
2 26 ################################################################################
2 26 ################################################################################
2 26 ################################################################################
2 26 ################################################################################
2 26 ################################################################################
2 26 ################################################################################
2 26 ################################################################################
2 26 ################################################################################
2 26 ################################################################################
2 26 ################################################################################
2 26 ################################################################################
2 26 ################################################################################
2 26 ################################################################################
2 26 ################################################################################
2 26 ################################################################################
2 26 ################################################################################
2 26 ################################################################################
2 26 ################################################################################
2 26 ################################################################################
2 26 ################################################################################
2 26 ################################################################################
2 26 ################################################################################
2 26 ################################################################################
2 26 ################################################################################
2 26 ################################################################################
2 26 ################################################################################
2 26 ################################################################################
2 26 ################################################################################
2 26 ################################################################################
2 26 ################################################################################
2 26 ################################################################################
#END_OF_UGC
