#UGC:2 PART 889 360 0 1 1 15 1600 9620 \
#- VERS 0 0                                                          \
#- HOST                                                              \
#- LINK                                                              \
#- DBID                                                              \
#- REVS 0,                                                           \
#- RELL 0,                                                           \
#- UOBJ_ID 837191517 374907426 1916021781                            \
#-END_OF_UGC_HEADER
#P_OBJECT 6
@P_object 1 0
0 1 ->
@depend 2 0
1 2 [2]
2 2 
@model_name 3 10
3 3 NEW_WELDMENT
@model_type 4 1
3 4 1
@revnum 5 1
3 5 703
@bom_count 6 1
3 6 1
@dep_type 7 1
3 7 8
@stamp 8 0
3 8 
@major_vers 9 0
4 9 
@vers 10 1
5 10 0
@alias_name 11 10
5 11 
@minor_vers 12 0
4 12 
@vers 13 1
5 13 0
@reason 14 10
3 14 
2 2 
3 3 LINKAGE_ARM_42
3 4 2
3 5 4
3 6 1
3 7 128
3 8 
4 9 
5 10 0
5 11 
4 12 
5 13 0
3 14 
@dep_db 15 0
1 15 ->
@dep_db 16 0
2 16 [1]
3 16 ->
@to_model_id 17 1
4 17 0
@dep_type 18 1
4 18 4
@obj_id 19 1
4 19 0
@obj_type 20 1
4 20 242
@model_db 21 0
2 21 [1]
3 21 ->
@model_t_type 22 1
4 22 1
@model_name 23 10
4 23 WELDMENT
@generic_name 24 10
4 24 
@stamp 25 0
4 25 
@usr_rev 26 0
1 26 [2]
2 26 
@name 27 10
3 27 OSTI
@mod_time 28 0
3 28 
@tm_sec 29 1
4 29 53
@tm_min 30 1
4 30 31
@tm_hour 31 1
4 31 9
@tm_mday 32 1
4 32 6
@tm_mon 33 1
4 33 8
@tm_year 34 1
4 34 94
@action 35 1
3 35 1000
@comment 36 10
3 36 Hostname: 'magma'
@rel_level 37 10
3 37 
@rev_string 38 10
3 38 
2 26 
3 27 DMGAINES
3 28 
4 29 57
4 30 11
4 31 17
4 32 12
4 33 6
4 34 96
3 35 1000
3 36 Hostname: 'intrepid'
3 37 
3 38 
@revnum_std 39 1
1 39 164
@flag 40 1
1 40 0
@name 41 10
1 41 NULL
@inst_hidden 42 1
1 42 0
@old_name 43 10
1 43 NULL
@appl_data 44 0
1 44 ->
@bounding_box 45 2
2 45 [2][3]
$C0142AF9C1143542,BFE94E11037F0386,401B94B4A84458E7
$4008538440DFC0E1,3FE94E11037F0386,401DE838E92419C9
@uobj_id 46 0
1 46 NULL
#END_OF_P_OBJECT
#Pro/ENGINEER  TM  Release 16.0  (c) 1988-95 by Parametric Technology Corporation  All Rights Reserved. 9620
@Solid 47 0
0 47 ->
@tab_key 48 1
1 48 0
@tab_key_struct 49 0
1 49 ->
@tab_key_ptr 50 0
2 50 [143]
@cmprs_tabkey 51 0
2 51 NULL
@type 52 1
1 52 2
@revnum_ptr 53 0
1 53 ->
@geom_revnum 54 1
2 54 160
@cosm_revnum 55 1
2 55 0
@first_member_ptr 56 0
1 56 NULL
@alumni_members 57 0
1 57 NULL
@frst_geom_ptr 58 1
1 58 6
@first_feat_ptr 59 0
1 59 ->
@id 60 1
2 60 1
@indep_attributes 61 1
2 61 1
@feat_type_ptr 62 0
2 62 ->
@table_id 63 1
3 63 24
@type 64 1
3 64 935
@feattype_key 65 10
3 65 NULL
@form 66 1
3 66 0
@attributes 67 1
3 67 [3]
$3*0
@placement 68 1
3 68 0
@intersection 69 1
3 69 991
@internal_udf_type 70 1
3 70 -1
@param_choice_ptr 71 0
3 71 ->
@blend_choice 72 1
4 72 0
@depth_choice 73 1
4 73 0
@angle_choice 74 1
4 74 -1
@pat_choice 75 1
4 75 970
@round_choice 76 1
4 76 -1
@subsec_choice 77 1
4 77 -1
@sweep_choice 78 1
4 78 0
@dome_choice 79 1
4 79 0
@draft_choice 80 1
4 80 0
@misc_choice 81 1
4 81 0
@assoc_type 82 1
3 82 0
@symbol_key 83 1
2 83 -1
@sect_name 84 10
2 84 no_name
@model_type 85 1
2 85 2
@entity(coord_sys) 86 0
2 86 ->
@type 87 1
3 87 18
@id 88 1
3 88 5
@gen_info 89 0
3 89 
@color 90 1
4 90 1
@sys_type 91 1
3 91 -1
@pnt_type 92 1
3 92 -1
@radius 93 2
3 93 0
@local_sys 94 2
3 94 [4][3]
$3FF,2*0
$0,3FF,0
$2*0,3FF
$2*0,401DBE76C8B43958
@feat_id 95 1
3 95 1
@entity(text) 96 0
2 96 ->
@text_type 97 1
3 97 34
@text_value 98 10
3 98 CS0
@txt_attrib 99 1
3 99 1
@coord 100 2
3 100 [3]
$40807BFFD4F4092F,407825BE19EF5996,C06601231B351108
@owner_id 101 1
3 101 5
@part_id 102 1
3 102 25
@height 103 2
3 103 BFF
@width_factor 104 2
3 104 BFF
@format_info 105 0
3 105 
@thickness 106 2
3 106 BFF
@entity(line3d) 107 0
2 107 ->
@type 108 1
3 108 11
@id 109 1
3 109 84
@gen_info 110 0
3 110 
@geom_id 111 1
3 111 9
@end1 112 2
3 112 [3]
$C011,0,401BBE76C8B43958
@end2 113 2
3 113 [3]
$C012C,0,401BBE76C8B43958
2 107 ->
3 108 13
3 109 85
3 110 
4 90 1
3 111 9
3 112 [3]
$C011,0,401BBE76C8B43958
3 113 [3]
$C011,0,401DBE76C8B43958
2 96 ->
3 97 19
3 98 A_1
3 99 1
3 100 [3]
$407AAE19E9B15B8F,407EEA7BA09A9A71,C05A016CE44B8C8R
3 101 -1
3 102 25
3 103 BFF
3 104 BFF
3 105 
3 106 BFF
2 107 ->
3 108 11
3 109 86
3 110 
3 111 11
3 112 [3]
$400547AE147AE148,0,401BBE76C8B43958
3 113 [3]
$40044083126E978E,0,401BBE76C8B43958
2 107 ->
3 108 13
3 109 87
3 110 
4 90 1
3 111 11
3 112 [3]
$400547AE147AE148,0,401BBE76C8B43958
3 113 [3]
$400547AE147AE148,0,401CBE76C8B43958
2 96 ->
3 97 19
3 98 A_2
3 99 1
3 100 [3]
$4081ECC7D6B60B5E,40724A9B22B5B8CA,C06817BF29994478
3 101 -1
3 102 25
3 103 BFF
3 104 BFF
3 105 
3 106 BFF
2 107 ->
3 108 11
3 109 88
3 110 
3 111 13
3 112 [3]
$4002,0,401BBE76C8B43958
3 113 [3]
$40018,0,401BBE76C8B43958
2 107 ->
3 108 13
3 109 89
3 110 
4 90 1
3 111 13
3 112 [3]
$4002,0,401BBE76C8B43958
3 113 [3]
$4002,0,401DBE76C8B43958
2 96 ->
3 97 19
3 98 A_3
3 99 1
3 100 [3]
$4081A7235F5A5E5C,40730A5DFD5A163R,C0676F4B6D4147BA
3 101 -1
3 102 25
3 103 BFF
3 104 BFF
3 105 
3 106 BFF
2 107 ->
3 108 11
3 109 90
3 110 
3 111 15
3 112 [3]
$2*0,401BBE76C8B43958
3 113 [3]
$BFCBF7CED916872B,0,401BBE76C8B43958
2 107 ->
3 108 13
3 109 91
3 110 
4 90 1
3 111 15
3 112 [3]
$2*0,401BBE76C8B43958
3 113 [3]
$2*0,401DBE76C8B43958
2 96 ->
3 97 19
3 98 A_4
3 99 1
3 100 [3]
$408028F43A7C3EC6,407726B704A1A67,C063D2DCC7905FD6
3 101 -1
3 102 25
3 103 BFF
3 104 BFF
3 105 
3 106 BFF
2 107 ->
3 108 11
3 109 92
3 110 
3 111 17
3 112 [3]
$3FF68F5C28F5C29,0,401BBE76C8B43958
3 113 [3]
$3FF58F5C28F5C29,0,401BBE76C8B43958
2 107 ->
3 108 13
3 109 93
3 110 
4 90 1
3 111 17
3 112 [3]
$3FF68F5C28F5C29,0,401BBE76C8B43958
3 113 [3]
$3FF68F5C28F5C29,0,401DBE76C8B43958
2 96 ->
3 97 19
3 98 A_5
3 99 1
3 100 [3]
$40811874C23AA47D,4074933E5FA49724,C066162C5BC5356C
3 101 -1
3 102 25
3 103 BFF
3 104 BFF
3 105 
3 106 BFF
2 107 ->
3 108 11
3 109 94
3 110 
3 111 19
3 112 [3]
$3FF68F5C28F5C29,3FD9FBE76C8B4396,401BBE76C8B43958
3 113 [3]
$3FF4810624DD2F1B,3FD9FBE76C8B4396,401BBE76C8B43958
2 107 ->
3 108 13
3 109 95
3 110 
4 90 1
3 111 19
3 112 [3]
$3FF68F5C28F5C29,3FD9FBE76C8B4396,401BBE76C8B43958
3 113 [3]
$3FF68F5C28F5C29,3FD9FBE76C8B4396,401CBE76C8B43958
2 96 ->
3 97 19
3 98 A_6
3 99 1
3 100 [3]
$4080B0C927410931,40741762DC26E6B5,C0668FF31B81DCB2
3 101 -1
3 102 25
3 103 BFF
3 104 BFF
3 105 
3 106 BFF
2 107 ->
3 108 11
3 109 96
3 110 
3 111 21
3 112 [3]
$3FF68F5C28F5C29,BFD9FBE76C8B4396,401BBE76C8B43958
3 113 [3]
$3FF4810624DD2F1B,BFD9FBE76C8B4396,401BBE76C8B43958
2 107 ->
3 108 13
3 109 97
3 110 
4 90 1
3 111 21
3 112 [3]
$3FF68F5C28F5C29,BFD9FBE76C8B4396,401BBE76C8B43958
3 113 [3]
$3FF68F5C28F5C29,BFD9FBE76C8B4396,401CBE76C8B43958
2 96 ->
3 97 19
3 98 A_7
3 99 1
3 100 [3]
$408180205D343FC9,40750F19E3224793,C0659C659C088E26
3 101 -1
3 102 25
3 103 BFF
3 104 BFF
3 105 
3 106 BFF
2 107 ->
3 108 11
3 109 111
3 110 
3 111 99
3 112 [3]
$400547AE147AE148,0,401CBE76C8B43958
3 113 [3]
$4003A7AE147AE148,0,401CBE76C8B43958
2 107 ->
3 108 13
3 109 112
3 110 
4 90 1
3 111 99
3 112 [3]
$400547AE147AE148,0,401CBE76C8B43958
3 113 [3]
$400547AE147AE148,0,401DBE76C8B43958
2 96 ->
3 97 19
3 98 A_8
3 99 1
3 100 [3]
$4081EE4DA3F1F093,40728A1EAD5C925C,C0692EE2536B9D12
3 101 -1
3 102 25
3 103 BFF
3 104 BFF
3 105 
3 106 BFF
2 107 ->
3 108 11
3 109 126
3 110 
3 111 114
3 112 [3]
$3FF68F5C28F5C28F,3FD9FBE76C8B4396,401CBE76C8B43958
3 113 [3]
$3FF34F5C28F5C28F,3FD9FBE76C8B4396,401CBE76C8B43958
2 107 ->
3 108 13
3 109 127
3 110 
4 90 1
3 111 114
3 112 [3]
$3FF68F5C28F5C28F,3FD9FBE76C8B4396,401CBE76C8B43958
3 113 [3]
$3FF68F5C28F5C28F,3FD9FBE76C8B4396,401DBE76C8B43958
2 96 ->
3 97 19
3 98 A_9
3 99 1
3 100 [3]
$4080B24EF47CEE65,407456E666CDC048,C067A7164554354C
3 101 -1
3 102 25
3 103 BFF
3 104 BFF
3 105 
3 106 BFF
2 107 ->
3 108 11
3 109 141
3 110 
3 111 129
3 112 [3]
$3FF68F5C28F5C28F,BFD9FBE76C8B4396,401DBE76C8B43958
3 113 [3]
$3FF34F5C28F5C28F,BFD9FBE76C8B4396,401DBE76C8B43958
2 107 ->
3 108 13
3 109 142
3 110 
4 90 1
3 111 129
3 112 [3]
$3FF68F5C28F5C28F,BFD9FBE76C8B4396,401DBE76C8B43958
3 113 [3]
$3FF68F5C28F5C28F,BFD9FBE76C8B4396,401CBE76C8B43958
2 96 ->
3 97 19
3 98 A_10
3 99 1
3 100 [3]
$4081832BF7AC0A32,40758E20F86FFABA,C067CAABEFAD3F58
3 101 -1
3 102 25
3 103 BFF
3 104 BFF
3 105 
3 106 BFF
@entity(cosmetic) 114 0
2 114 ->
@type 115 1
3 115 50
@id 116 1
3 116 -1
@gen_info 117 0
3 117 
@owner_type 118 1
3 118 1
@owner_id 119 1
3 119 2
@text_ptr 120 0
3 120 ->
@text_type 121 1
4 121 14
@text_value 122 10
4 122 DTM1
@txt_attrib 123 1
4 123 16777217
@owner_id 124 1
4 124 1
@part_id 125 1
4 125 11
@height 126 2
4 126 BFF
@width_factor 127 2
4 127 BFF
@format_info 128 0
4 128 
@thickness 129 2
4 129 BFF
@cosm_disp_ents 130 0
3 130 ->
@first_disp_ent(line) 131 0
4 131 ->
@id 132 1
5 132 -1
@gen_info 133 0
5 133 
@flip 134 1
5 134 2
@end1 135 2
5 135 [3]
$BFE94E11037F0386,BFA4E11037F0385E,0
@end2 136 2
5 136 [3]
$BFE94E11037F0386,3FE14E11037F0386,0
@entity(line) 137 0
4 137 ->
5 132 -1
5 133 
5 134 2
5 135 [3]
$BFE94E11037F0386,3FE14E11037F0386,0
5 136 [3]
$3FE94E11037F0386,3FE14E11037F0386,0
4 137 ->
5 132 -1
5 133 
5 134 2
5 135 [3]
$3FE94E11037F0386,3FE14E11037F0386,0
5 136 [3]
$3FE94E11037F0386,BFA4E11037F0385E,0
4 137 ->
5 132 -1
5 133 
5 134 2
5 135 [3]
$3FE94E11037F0386,BFA4E11037F0385E,0
5 136 [3]
$BFE94E11037F0386,BFA4E11037F0385E,0
@plane_ptr 138 0
3 138 NULL
@attr 139 1
3 139 0
@next_ent(cosmetic) 140 0
2 140 ->
3 115 50
3 116 -1
3 117 
3 118 1
3 119 3
3 120 ->
4 121 14
4 122 DTM2
4 123 16777217
4 124 3
4 125 11
4 126 BFF
4 127 BFF
4 128 
4 129 BFF
3 130 ->
4 131 ->
5 132 -1
5 133 
5 134 4
5 135 [3]
$BFA4E11037F0385E,C0142AF9C1143542,0
5 136 [3]
$BFA4E11037F0385E,4008538440DFC0E1,0
4 137 ->
5 132 -1
5 133 
5 134 4
5 135 [3]
$BFA4E11037F0385E,4008538440DFC0E1,0
5 136 [3]
$3FE14E11037F0386,4008538440DFC0E1,0
4 137 ->
5 132 -1
5 133 
5 134 4
5 135 [3]
$3FE14E11037F0386,4008538440DFC0E1,0
5 136 [3]
$3FE14E11037F0386,C0142AF9C1143542,0
4 137 ->
5 132 -1
5 133 
5 134 4
5 135 [3]
$3FE14E11037F0386,C0142AF9C1143542,0
5 136 [3]
$BFA4E11037F0385E,C0142AF9C1143542,0
3 138 NULL
3 139 0
2 140 ->
3 115 50
3 116 -1
3 117 
3 118 1
3 119 4
3 120 ->
4 121 14
4 122 DTM3
4 123 16777217
4 124 5
4 125 11
4 126 BFF
4 127 BFF
4 128 
4 129 BFF
3 130 ->
4 131 ->
5 132 -1
5 133 
5 134 6
5 135 [3]
$C0142AF9C1143542,BFE94E11037F0386,0
5 136 [3]
$C0142AF9C1143542,3FE94E11037F0386,0
4 137 ->
5 132 -1
5 133 
5 134 6
5 135 [3]
$C0142AF9C1143542,3FE94E11037F0386,0
5 136 [3]
$4008538440DFC0E1,3FE94E11037F0386,0
4 137 ->
5 132 -1
5 133 
5 134 6
5 135 [3]
$4008538440DFC0E1,3FE94E11037F0386,0
5 136 [3]
$4008538440DFC0E1,BFE94E11037F0386,0
4 137 ->
5 132 -1
5 133 
5 134 6
5 135 [3]
$4008538440DFC0E1,BFE94E11037F0386,0
5 136 [3]
$C0142AF9C1143542,BFE94E11037F0386,0
3 138 NULL
3 139 0
@idtab_ptr 141 0
2 141 ->
@srf_id_arr 142 1
3 142 [36][4]
$2,218,2,0
$3,218,4,0
$4,218,6,0
$6,218,12,0
$7,218,35,0
$8,218,58,0
$9,218,60,0
$10,218,62,0
$11,218,64,0
$12,218,66,0
$13,218,68,0
$14,218,70,0
$15,218,72,0
$16,218,74,0
$17,218,76,0
$18,218,78,0
$19,218,80,0
$20,218,82,0
$21,218,84,0
$22,218,86,0
$23,218,88,0
$24,218,90,0
$25,218,92,0
$26,218,94,0
$27,218,96,0
$28,218,98,0
$29,218,100,0
$98,218,200,0
$99,218,203,0
$100,218,205,0
$113,218,224,0
$114,218,227,0
$115,218,229,0
$128,218,247,0
$129,218,250,0
$130,218,252,0
@edg_id_arr 143 1
3 143 [84][6]
$30,240,13,2*0,8
$31,240,14,2*0,9
$32,240,17,2*0,12
$33,240,18,2*0,13
$34,240,19,2*0,14
$35,240,20,2*0,15
$36,240,21,2*0,16
$37,240,22,2*0,17
$38,240,27,2*0,22
$39,240,28,2*0,23
$40,240,29,2*0,24
$41,240,30,2*0,25
$42,240,31,2*0,26
$43,240,32,2*0,27
$44,240,33,2*0,28
$45,240,34,2*0,29
$46,240,36,2*0,7
$47,240,37,2*0,7
$48,240,38,2*0,7
$49,240,39,2*0,7
$50,240,40,2*0,7
$51,240,41,2*0,7
$52,240,42,2*0,7
$53,240,43,2*0,7
$54,240,44,2*0,7
$55,240,45,2*0,7
$56,240,46,2*0,7
$57,240,47,2*0,7
$58,240,48,2*0,7
$59,240,49,2*0,7
$60,240,50,2*0,7
$61,240,51,2*0,7
$62,240,52,2*0,7
$63,240,53,2*0,7
$64,240,54,2*0,7
$65,240,55,2*0,7
$66,240,56,2*0,7
$67,240,57,2*0,7
$68,240,59,2*0,9
$69,240,61,2*0,8
$70,240,67,2*0,13
$71,240,69,2*0,12
$72,240,71,2*0,15
$73,240,73,2*0,14
$74,240,75,2*0,17
$75,240,77,2*0,16
$76,240,87,2*0,25
$77,240,89,2*0,22
$78,240,91,2*0,23
$79,240,93,2*0,24
$80,240,95,2*0,29
$81,240,97,2*0,26
$82,240,99,2*0,27
$83,240,101,2*0,28
$101,240,201,2*0,99
$102,240,202,2*0,100
$103,240,209,2*0,6
$104,240,210,2*0,6
$105,240,211,2*0,98
$106,240,212,2*0,98
$107,240,213,2*0,11
$108,240,214,2*0,10
$109,240,215,2*0,99
$110,240,216,2*0,100
$116,240,225,2*0,114
$117,240,226,2*0,115
$118,240,233,2*0,6
$119,240,234,2*0,6
$120,240,235,2*0,113
$121,240,236,2*0,113
$122,240,237,2*0,19
$123,240,238,2*0,18
$124,240,239,2*0,114
$125,2*240,2*0,115
$131,240,248,2*0,128
$132,240,249,2*0,128
$133,240,256,2*0,129
$134,240,257,2*0,130
$135,240,258,2*0,128
$136,240,259,2*0,128
$137,240,260,2*0,21
$138,240,261,2*0,20
$139,240,262,2*0,130
$140,240,263,2*0,129
@misc_id_tab 144 0
3 144 [21]
4 144 
@misc_hist 145 1
5 145 [5]
$5,534,8,-1,500
4 144 
5 145 [5]
$84,530,9,-1,500
4 144 
5 145 [5]
$85,531,9,-1,500
4 144 
5 145 [5]
$86,530,11,-1,500
4 144 
5 145 [5]
$87,531,11,-1,500
4 144 
5 145 [5]
$88,530,13,-1,500
4 144 
5 145 [5]
$89,531,13,-1,500
4 144 
5 145 [5]
$90,530,15,-1,500
4 144 
5 145 [5]
$91,531,15,-1,500
4 144 
5 145 [5]
$92,530,17,-1,500
4 144 
5 145 [5]
$93,531,17,-1,500
4 144 
5 145 [5]
$94,530,19,-1,500
4 144 
5 145 [5]
$95,531,19,-1,500
4 144 
5 145 [5]
$96,530,21,-1,500
4 144 
5 145 [5]
$97,531,21,-1,500
4 144 
5 145 [5]
$111,530,99,-1,500
4 144 
5 145 [5]
$112,531,99,-1,500
4 144 
5 145 [5]
$126,530,114,-1,500
4 144 
5 145 [5]
$127,531,114,-1,500
4 144 
5 145 [5]
$141,530,129,-1,500
4 144 
5 145 [5]
$142,531,129,-1,500
@save_geoms 146 0
3 146 NULL
@cr_flags_xar 147 1
3 147 [23]
$2*-1,-1025,-2049,2*-1,-16777217,-1,134217727,5*0,2097152,0,2,3*0,1048576,
$2*0
@cvt_feat_dat 148 0
3 148 NULL
@feat_dates_ptr 149 0
3 149 ->
@creat_date 150 1
4 150 0
@regen_date 151 1
4 151 0
@geometry 152 0
2 152 
@srf_array 153 0
3 153 [36]
4 153 ->
@geom_type 154 1
5 154 34
@geom_id 155 1
5 155 2
@feat_id 156 1
5 156 1
@boundary_type 157 1
5 157 -1
@envlp 158 2
5 158 [2][2]
$BFE94E11037F0386,BFA4E11037F0385E
$3FE94E11037F0386,3FE14E11037F0386
@srf_prim_ptr(plane) 159 0
5 159 ->
@local_sys 160 2
6 160 [4][3]
$2*0,BFF
$3FF,2*0
$0,BFF,0
$2*0,401DBE76C8B43958
@frst_cntr_ptr 161 0
5 161 NULL
@next_geom_ptr 162 1
5 162 0
@orient 163 1
5 163 -1
@outline 164 2
5 164 [2][3]
$0,BFE94E11037F0386,401B94B4A84458E7
$0,3FE94E11037F0386,401DE838E92419C9
4 153 ->
5 154 34
5 155 3
5 156 1
5 157 -1
5 158 [2][2]
$BFA4E11037F0385E,C0142AF9C1143542
$3FE14E11037F0386,4008538440DFC0E1
5 159 ->
6 160 [4][3]
$0,3FF,0
$2*0,BFF
$BFF,2*0
$2*0,401DBE76C8B43958
5 161 NULL
5 162 0
5 163 -1
5 164 [2][3]
$C0142AF9C1143542,0,401B94B4A84458E7
$4008538440DFC0E,0,401DE838E92419C9
4 153 ->
5 154 34
5 155 4
5 156 1
5 157 -1
5 158 [2][2]
$C0142AF9C1143542,BFE94E11037F0386
$4008538440DFC0E1,3FE94E11037F0386
5 159 ->
6 160 [4][3]
$3FF,2*0
$0,3FF,0
$2*0,3FF
$2*0,401DBE76C8B43958
5 161 NULL
5 162 0
5 163 -1
5 164 [2][3]
$C0142AF9C1143542,BFE94E11037F0386,401DBE76C8B43958
$4008538440DFC0E,3FE94E11037F0386,401DBE76C8B43958
4 153 ->
5 154 34
5 155 6
5 156 1
5 157 0
5 158 [2][2]
$C0140137A0A454D1,BFE8
$4008,3FE8
5 159 ->
6 160 [4][3]
$3FF,2*0
$0,3FF,0
$2*0,3FF
$2*0,401DBE76C8B43958
5 161 ->
@frst_cntr_crv_hdr_ptr 165 1
6 165 30
@trv 166 1
6 166 -1
@envlp 167 2
6 167 [2][2]
$C012C,BFDC0EF005ACFA9D
$C00E8,3FDC0EF005ACFA9C
@next_cntr_ptr 168 0
5 168 ->
6 165 32
6 166 -1
6 167 [2][2]
$40018,BFB
$40028,3FB
5 168 ->
6 165 34
6 166 -1
6 167 [2][2]
$BFCBF7CED916872B,BFCC0C3AB9C79AFR
$3FCBF7CED916872B,3FCC0C3AB9C79AFR
5 168 ->
6 165 36
6 166 -1
6 167 [2][2]
$3FF58F5C28F5C29,BFB
$3FF78F5C28F5C29,3FB
5 168 ->
6 165 38
6 166 1
6 167 [2][2]
$C0140137A0A454D1,BFE8
$4008,3FE8
5 168 ->
6 165 42
6 166 -1
6 167 [2][2]
$C00BF0F8644B4C06,BFD592E507FF793B
$BFF05C497128D9E6,3FE057F92382998
5 168 ->
6 165 103
6 166 -1
6 167 [2][2]
$4003A7AE147AE148,BFCA
$4006E7AE147AE148,3FCA
5 168 ->
6 165 118
6 166 -1
6 167 [2][2]
$3FF34F5C28F5C28F,3FC9F7CED916872C
$3FF9CF5C28F5C28F,3FE37DF3B645A1CB
5 168 ->
6 165 133
6 166 -1
6 167 [2][2]
$3FF34F5C28F5C28F,BFE37DF3B645A1CB
$3FF9CF5C28F5C28F,BFC9F7CED916872C
5 168 NULL
5 162 7
5 163 1
5 164 [2][3]
$C0140137A0A454D1,BFE8,401DBE76C8B43958
$4008,3FE8,401DBE76C8B43958
4 153 ->
5 154 34
5 155 7
5 156 1
5 157 0
5 158 [2][2]
$C0140137A0A454D1,BFE8
$4008,3FE8
5 159 ->
6 160 [4][3]
$3FF,2*0
$0,3FF,0
$2*0,3FF
$2*0,401BBE76C8B43958
5 161 ->
6 165 46
6 166 -1
6 167 [2][2]
$C012C,BFDC0EF005ACFA9D
$C00E8,3FDC0EF005ACFA9C
5 168 ->
6 165 48
6 166 -1
6 167 [2][2]
$40044083126E978E,BFC072B020C49BA6
$40064ED916872B02,3FC072B020C49BA6
5 168 ->
6 165 50
6 166 -1
6 167 [2][2]
$40018,BFB
$40028,3FB
5 168 ->
6 165 52
6 166 -1
6 167 [2][2]
$BFCBF7CED916872B,BFCC0C3AB9C79AFR
$3FCBF7CED916872B,3FCC0C3AB9C79AFR
5 168 ->
6 165 54
6 166 -1
6 167 [2][2]
$3FF58F5C28F5C29,BFB
$3FF78F5C28F5C29,3FB
5 168 ->
6 165 56
6 166 -1
6 167 [2][2]
$3FF4810624DD2F1B,3FD1C28F5C28F5C3
$3FF89DB22D0E5605,3FE11A9FBE76C8B4
5 168 ->
6 165 58
6 166 -1
6 167 [2][2]
$3FF4810624DD2F1B,BFE11A9FBE76C8B4
$3FF89DB22D0E5605,BFD1C28F5C28F5C3
5 168 ->
6 165 60
6 166 1
6 167 [2][2]
$C0140137A0A454D1,BFE8
$4008,3FE8
5 168 ->
6 165 64
6 166 -1
6 167 [2][2]
$C00BF0F8644B4C06,BFD592E507FF793B
$BFF05C497128D9E6,3FE057F92382998
5 168 NULL
5 162 8
5 163 -1
5 164 [2][3]
$C0140137A0A454D1,BFE8,401BBE76C8B43958
$4008,3FE8,401BBE76C8B43958
4 153 ->
5 154 36
5 155 8
5 156 1
5 157 0
5 158 [2][2]
$400921FB54442D18,BFE
$401921FB54442D18,0
@srf_prim_ptr(cylinder) 169 0
5 169 ->
@local_sys 170 2
6 170 [4][3]
$3FF,2*0
$0,3FF,0
$2*0,3FF
$C011,0,401DBE76C8B43958
@radius 171 2
6 171 3FDC
5 161 ->
6 165 30
6 166 1
6 167 [2][2]
$400921FB54442D18,BFE
$401921FB54442D18,0
5 168 NULL
5 162 9
5 163 -1
5 164 [2][3]
$C012C,BFDC,401BBE76C8B43958
$C00E8,0,401DBE76C8B43958
4 153 ->
5 154 36
5 155 9
5 156 1
5 157 0
5 158 [2][2]
$0,BFE
$400921FB54442D18,0
5 169 ->
6 170 [4][3]
$3FF,2*0
$0,3FF,0
$2*0,3FF
$C011,0,401DBE76C8B43958
6 171 3FDC
5 161 ->
6 165 31
6 166 1
6 167 [2][2]
$0,BFE
$400921FB54442D18,0
5 168 NULL
5 162 10
5 163 -1
5 164 [2][3]
$C012C,0,401BBE76C8B43958
$C00E8,3FDC,401DBE76C8B43958
4 153 ->
5 154 36
5 155 10
5 156 1
5 157 0
5 158 [2][2]
$400921FB54442D18,BFE
$401921FB54442D18,BFD
5 169 ->
6 170 [4][3]
$3FF,2*0
$0,3FF,0
$2*0,3FF
$400547AE147AE148,0,401DBE76C8B43958
6 171 3FC072B020C49BA6
5 161 ->
6 165 105
6 166 1
6 167 [2][2]
$400921FB54442D18,BFE
$401921FB54442D18,BFD
5 168 NULL
5 162 11
5 163 -1
5 164 [2][3]
$40044083126E978E,BFC072B020C49BA6,401BBE76C8B43958
$40064ED916872B02,0,401CBE76C8B43958
4 153 ->
5 154 36
5 155 11
5 156 1
5 157 0
5 158 [2][2]
$0,BFE
$400921FB54442D18,BFD
5 169 ->
6 170 [4][3]
$3FF,2*0
$0,3FF,0
$2*0,3FF
$400547AE147AE148,0,401DBE76C8B43958
6 171 3FC072B020C49BA6
5 161 ->
6 165 106
6 166 1
6 167 [2][2]
$0,BFE
$400921FB54442D18,BFD
5 168 NULL
5 162 12
5 163 -1
5 164 [2][3]
$40044083126E978E,0,401BBE76C8B43958
$40064ED916872B02,3FC072B020C49BA6,401CBE76C8B43958
4 153 ->
5 154 36
5 155 12
5 156 1
5 157 0
5 158 [2][2]
$400921FB54442D18,BFE
$401921FB54442D18,0
5 169 ->
6 170 [4][3]
$3FF,2*0
$0,3FF,0
$2*0,3FF
$4002,0,401DBE76C8B43958
6 171 3FB
5 161 ->
6 165 32
6 166 1
6 167 [2][2]
$400921FB54442D18,BFE
$401921FB54442D18,0
5 168 NULL
5 162 13
5 163 -1
5 164 [2][3]
$40018,BFB,401BBE76C8B43958
$40028,0,401DBE76C8B43958
4 153 ->
5 154 36
5 155 13
5 156 1
5 157 0
5 158 [2][2]
$0,BFE
$400921FB54442D18,0
5 169 ->
6 170 [4][3]
$3FF,2*0
$0,3FF,0
$2*0,3FF
$4002,0,401DBE76C8B43958
6 171 3FB
5 161 ->
6 165 33
6 166 1
6 167 [2][2]
$0,BFE
$400921FB54442D18,0
5 168 NULL
5 162 14
5 163 -1
5 164 [2][3]
$40018,0,401BBE76C8B43958
$40028,3FB,401DBE76C8B43958
4 153 ->
5 154 36
5 155 14
5 156 1
5 157 0
5 158 [2][2]
$400921FB54442D18,BFE
$401921FB54442D18,0
5 169 ->
6 170 [4][3]
$3FF,2*0
$0,3FF,0
$2*0,3FF
$2*0,401DBE76C8B43958
6 171 3FCBF7CED916872B
5 161 ->
6 165 34
6 166 1
6 167 [2][2]
$400921FB54442D18,BFE
$401921FB54442D18,0
5 168 NULL
5 162 15
5 163 -1
5 164 [2][3]
$2*BFCBF7CED916872B,401BBE76C8B43958
$3FCBF7CED916872B,0,401DBE76C8B43958
4 153 ->
5 154 36
5 155 15
5 156 1
5 157 0
5 158 [2][2]
$0,BFE
$400921FB54442D18,0
5 169 ->
6 170 [4][3]
$3FF,2*0
$0,3FF,0
$2*0,3FF
$2*0,401DBE76C8B43958
6 171 3FCBF7CED916872B
5 161 ->
6 165 35
6 166 1
6 167 [2][2]
$0,BFE
$400921FB54442D18,0
5 168 NULL
5 162 16
5 163 -1
5 164 [2][3]
$BFCBF7CED916872B,0,401BBE76C8B43958
$2*3FCBF7CED916872B,401DBE76C8B43958
4 153 ->
5 154 36
5 155 16
5 156 1
5 157 0
5 158 [2][2]
$400921FB54442D18,BFE
$401921FB54442D18,0
5 169 ->
6 170 [4][3]
$3FF,2*0
$0,3FF,0
$2*0,3FF
$3FF68F5C28F5C29,0,401DBE76C8B43958
6 171 3FB
5 161 ->
6 165 36
6 166 1
6 167 [2][2]
$400921FB54442D18,BFE
$401921FB54442D18,0
5 168 NULL
5 162 17
5 163 -1
5 164 [2][3]
$3FF58F5C28F5C29,BFB,401BBE76C8B43958
$3FF78F5C28F5C29,0,401DBE76C8B43958
4 153 ->
5 154 36
5 155 17
5 156 1
5 157 0
5 158 [2][2]
$0,BFE
$400921FB54442D18,0
5 169 ->
6 170 [4][3]
$3FF,2*0
$0,3FF,0
$2*0,3FF
$3FF68F5C28F5C29,0,401DBE76C8B43958
6 171 3FB
5 161 ->
6 165 37
6 166 1
6 167 [2][2]
$0,BFE
$400921FB54442D18,0
5 168 NULL
5 162 18
5 163 -1
5 164 [2][3]
$3FF58F5C28F5C29,0,401BBE76C8B43958
$3FF78F5C28F5C29,3FB,401DBE76C8B43958
4 153 ->
5 154 36
5 155 18
5 156 1
5 157 0
5 158 [2][2]
$400921FB54442D18,BFE
$401921FB54442D18,BFD
5 169 ->
6 170 [4][3]
$3FF,2*0
$0,3FF,0
$2*0,3FF
$3FF68F5C28F5C29,3FD9FBE76C8B4396,401DBE76C8B43958
6 171 3FC072B020C49BA6
5 161 ->
6 165 120
6 166 1
6 167 [2][2]
$400921FB54442D18,BFE
$401921FB54442D18,BFD
5 168 NULL
5 162 19
5 163 -1
5 164 [2][3]
$3FF4810624DD2F1B,3FD1C28F5C28F5C3,401BBE76C8B43958
$3FF89DB22D0E5605,3FD9FBE76C8B4396,401CBE76C8B43958
4 153 ->
5 154 36
5 155 19
5 156 1
5 157 0
5 158 [2][2]
$0,BFE
$400921FB54442D18,BFD
5 169 ->
6 170 [4][3]
$3FF,2*0
$0,3FF,0
$2*0,3FF
$3FF68F5C28F5C29,3FD9FBE76C8B4396,401DBE76C8B43958
6 171 3FC072B020C49BA6
5 161 ->
6 165 121
6 166 1
6 167 [2][2]
$0,BFE
$400921FB54442D18,BFD
5 168 NULL
5 162 20
5 163 -1
5 164 [2][3]
$3FF4810624DD2F1B,3FD9FBE76C8B4396,401BBE76C8B43958
$3FF89DB22D0E5605,3FE11A9FBE76C8B4,401CBE76C8B43958
4 153 ->
5 154 36
5 155 20
5 156 1
5 157 0
5 158 [2][2]
$400921FB54442D18,BFE
$401921FB54442D18,BFD
5 169 ->
6 170 [4][3]
$3FF,2*0
$0,3FF,0
$2*0,3FF
$3FF68F5C28F5C29,BFD9FBE76C8B4396,401DBE76C8B43958
6 171 3FC072B020C49BA6
5 161 ->
6 165 135
6 166 1
6 167 [2][2]
$400921FB54442D18,BFE
$401921FB54442D18,BFD
5 168 NULL
5 162 21
5 163 -1
5 164 [2][3]
$3FF4810624DD2F1B,BFE11A9FBE76C8B4,401BBE76C8B43958
$3FF89DB22D0E5605,BFD9FBE76C8B4396,401CBE76C8B43958
4 153 ->
5 154 36
5 155 21
5 156 1
5 157 0
5 158 [2][2]
$0,BFE
$400921FB54442D18,BFD
5 169 ->
6 170 [4][3]
$3FF,2*0
$0,3FF,0
$2*0,3FF
$3FF68F5C28F5C29,BFD9FBE76C8B4396,401DBE76C8B43958
6 171 3FC072B020C49BA6
5 161 ->
6 165 136
6 166 1
6 167 [2][2]
$0,BFE
$400921FB54442D18,BFD
5 168 NULL
5 162 22
5 163 -1
5 164 [2][3]
$3FF4810624DD2F1B,BFD9FBE76C8B4396,401BBE76C8B43958
$3FF89DB22D0E5605,BFD1C28F5C28F5C3,401CBE76C8B43958
4 153 ->
5 154 36
5 155 22
5 156 1
5 157 0
5 158 [2][2]
$3FF921FB54442D18,BFE
$4012D97C7F3321D2,0
5 169 ->
6 170 [4][3]
$3FF,2*0
$0,3FF,0
$2*0,3FF
$C011,0,401DBE76C8B43958
6 171 3FE8
5 161 ->
6 165 38
6 166 1
6 167 [2][2]
$3FF921FB54442D18,BFE
$4012D97C7F3321D2,0
5 168 NULL
5 162 23
5 163 1
5 164 [2][3]
$C014,BFE8,401BBE76C8B43958
$C011,3FE8,401DBE76C8B43958
4 153 ->
5 154 34
5 155 23
5 156 1
5 157 0
5 158 [2][2]
$2*0
$401D,3FE
5 159 ->
6 160 [4][3]
$3FF,2*0
$2*0,3FF
$0,BFF,0
$C011,BFE8,401DBE76C8B43958
5 161 ->
6 165 39
6 166 1
6 167 [2][2]
$2*0
$401D,3FE
5 168 NULL
5 162 24
5 163 -1
5 164 [2][3]
$C011,BFE8,401BBE76C8B43958
$4008,BFE8,401DBE76C8B43958
4 153 ->
5 154 34
5 155 24
5 156 1
5 157 0
5 158 [2][2]
$2*0
$3FF8,3FE
5 159 ->
6 160 [4][3]
$2*0,BFF
$3FF,2*0
$0,BFF,0
$4008,BFE8,401DBE76C8B43958
5 161 ->
6 165 40
6 166 1
6 167 [2][2]
$2*0
$3FF8,3FE
5 168 NULL
5 162 25
5 163 -1
5 164 [2][3]
$4008,BFE8,401BBE76C8B43958
$4008,3FE8,401DBE76C8B43958
4 153 ->
5 154 34
5 155 25
5 156 1
5 157 0
5 158 [2][2]
$2*0
$401D,3FE
5 159 ->
6 160 [4][3]
$BFF,2*0
$2*0,BFF
$0,BFF,0
$4008,3FE8,401DBE76C8B43958
5 161 ->
6 165 41
6 166 1
6 167 [2][2]
$2*0
$401D,3FE
5 168 NULL
5 162 26
5 163 -1
5 164 [2][3]
$C011,3FE8,401BBE76C8B43958
$4008,3FE8,401DBE76C8B43958
4 153 ->
5 154 34
5 155 26
5 156 1
5 157 0
5 158 [2][2]
$2*0
$4,3FE
5 159 ->
6 160 [4][3]
$BFEF838B8C811C18,0,3FC63A1A7E0B738R
$BFC63A1A7E0B738R,0,BFEF838B8C811C18
$0,BFF,0
$BFF3AB8682AECF52,3F8D39C309011351,401DBE76C8B43958
5 161 ->
6 165 42
6 166 1
6 167 [2][2]
$2*0
$4,3FE
5 168 NULL
5 162 27
5 163 -1
5 164 [2][3]
$C00997890797F5B5,BFD5504C65C36AED,401BBE76C8B43958
$BFF3AB8682AECF52,3F8D39C309011351,401DBE76C8B43958
4 153 ->
5 154 36
5 155 27
5 156 1
5 157 0
5 158 [2][2]
$3FFBECDE5DA115A8,BFE
$40138C35418A5BF6,0
5 169 ->
6 170 [4][3]
$3FF,2*0
$0,3FF,0
$2*0,3FF
$C009F07171902383,BFB63A1A7E0B739,401DBE76C8B43958
6 171 3FD
5 161 ->
6 165 43
6 166 1
6 167 [2][2]
$3FFBECDE5DA115A8,BFE
$40138C35418A5BF6,0
5 168 NULL
5 162 28
5 163 -1
5 164 [2][3]
$C00BF07171902383,BFD58E869F82DCE4,401BBE76C8B43958
$C00997890797F5B5,3FC4667E4D7B625,401DBE76C8B43958
4 153 ->
5 154 34
5 155 28
5 156 1
5 157 0
5 158 [2][2]
$2*0
$4,3FE
5 159 ->
6 160 [4][3]
$3FEF838B8C811C17,0,BFC63A1A7E0B7397
$3FC63A1A7E0B7397,0,3FEF838B8C811C17
$0,BFF,0
$C00A4959DB885151,3FC4667E4D7B6246,401DBE76C8B43958
5 161 ->
6 165 44
6 166 1
6 167 [2][2]
$2*0
$4,3FE
5 168 NULL
5 162 29
5 163 -1
5 164 [2][3]
$C00A4959DB885151,3FC4667E4D7B6246,401BBE76C8B43958
$BFF50F282A8F868B,3FE036ACD264925D,401DBE76C8B43958
4 153 ->
5 154 36
5 155 29
5 156 1
5 157 0
5 158 [2][2]
$40138C35418A5BF7,BFE
$40200E9975D63941,0
5 169 ->
6 170 [4][3]
$3FF,2*0
$0,3FF,0
$2*0,3FF
$BFF45D57569F2AEF,3FD0AB93DE8896A9,401DBE76C8B43958
6 171 3FD
5 161 ->
6 165 45
6 166 1
6 167 [2][2]
$40138C35418A5BF7,BFE
$40200E9975D63941,0
5 168 NULL
5 162 98
5 163 -1
5 164 [2][3]
$BFF50F282A8F868B,3F8D39C3090113C,401BBE76C8B43958
$BFF05D57569F2AEF,3FE055C9EF444B54,401DBE76C8B43958
4 153 ->
5 154 34
5 155 98
5 156 1
5 157 0
5 158 [2][2]
$BFCA,BFCA12FC031D4B67
$3FCA,3FCA12FC031D4B6R
5 159 ->
6 160 [4][3]
$3FF,2*0
$0,3FF,0
$2*0,3FF
$400547AE147AE148,0,401CBE76C8B43958
5 161 ->
6 165 101
6 166 1
6 167 [2][2]
$BFCA,BFCA12FC031D4B67
$3FCA,3FCA12FC031D4B6R
5 168 ->
6 165 105
6 166 -1
6 167 [2][2]
$BFC072B020C49BA,BFC07EB2A57EC2D8
$3FC072B020C49BA,3FC07EB2A57EC2D8
5 168 NULL
5 162 99
5 163 1
5 164 [2][3]
$4003A7AE147AE148,BFCA12FC031D4B67,401CBE76C8B43958
$4006E7AE147AE148,3FCA12FC031D4B65,401CBE76C8B43958
4 153 ->
5 154 36
5 155 99
5 156 1
5 157 0
5 158 [2][2]
$0,BFD
$400921FB54442D18,0
5 169 ->
6 170 [4][3]
$3FF,2*0
$0,3FF,0
$2*0,3FF
$400547AE147AE148,0,401DBE76C8B43958
6 171 3FCA
5 161 ->
6 165 103
6 166 1
6 167 [2][2]
$0,BFD
$400921FB54442D18,0
5 168 NULL
5 162 100
5 163 -1
5 164 [2][3]
$4003A7AE147AE148,0,401CBE76C8B43958
$4006E7AE147AE148,3FCA,401DBE76C8B43958
4 153 ->
5 154 36
5 155 100
5 156 1
5 157 0
5 158 [2][2]
$400921FB54442D18,BFD
$401921FB54442D18,0
5 169 ->
6 170 [4][3]
$3FF,2*0
$0,3FF,0
$2*0,3FF
$400547AE147AE148,0,401DBE76C8B43958
6 171 3FCA
5 161 ->
6 165 104
6 166 1
6 167 [2][2]
$400921FB54442D18,BFD
$401921FB54442D18,0
5 168 NULL
5 162 113
5 163 -1
5 164 [2][3]
$4003A7AE147AE148,BFCA,401CBE76C8B43958
$4006E7AE147AE148,0,401DBE76C8B43958
4 153 ->
5 154 34
5 155 113
5 156 1
5 157 0
5 158 [2][2]
$BFCA,BFCA12FC031D4B67
$3FCA,3FCA12FC031D4B6R
5 159 ->
6 160 [4][3]
$3FF,2*0
$0,3FF,0
$2*0,3FF
$3FF68F5C28F5C28F,3FD9FBE76C8B4396,401CBE76C8B43958
5 161 ->
6 165 116
6 166 1
6 167 [2][2]
$BFCA,BFCA12FC031D4B67
$3FCA,3FCA12FC031D4B6R
5 168 ->
6 165 120
6 166 -1
6 167 [2][2]
$BFC072B020C49BA,BFC07EB2A57EC2D8
$3FC072B020C49BB,3FC07EB2A57EC2D8
5 168 NULL
5 162 114
5 163 1
5 164 [2][3]
$3FF34F5C28F5C28F,3FC9E4D2D5F93BC5,401CBE76C8B43958
$3FF9CF5C28F5C28F,3FE382B2B70CF4A4,401CBE76C8B43958
4 153 ->
5 154 36
5 155 114
5 156 1
5 157 0
5 158 [2][2]
$0,BFD
$400921FB54442D18,0
5 169 ->
6 170 [4][3]
$3FF,2*0
$0,3FF,0
$2*0,3FF
$3FF68F5C28F5C28F,3FD9FBE76C8B4396,401DBE76C8B43958
6 171 3FCA
5 161 ->
6 165 118
6 166 1
6 167 [2][2]
$0,BFD
$400921FB54442D18,0
5 168 NULL
5 162 115
5 163 -1
5 164 [2][3]
$3FF34F5C28F5C28F,3FD9FBE76C8B4396,401CBE76C8B43958
$3FF9CF5C28F5C28F,3FE37DF3B645A1CB,401DBE76C8B43958
4 153 ->
5 154 36
5 155 115
5 156 1
5 157 0
5 158 [2][2]
$400921FB54442D18,BFD
$401921FB54442D18,0
5 169 ->
6 170 [4][3]
$3FF,2*0
$0,3FF,0
$2*0,3FF
$3FF68F5C28F5C28F,3FD9FBE76C8B4396,401DBE76C8B43958
6 171 3FCA
5 161 ->
6 165 119
6 166 1
6 167 [2][2]
$400921FB54442D18,BFD
$401921FB54442D18,0
5 168 NULL
5 162 128
5 163 -1
5 164 [2][3]
$3FF34F5C28F5C28F,3FC9F7CED916872C,401CBE76C8B43958
$3FF9CF5C28F5C28F,3FD9FBE76C8B4396,401DBE76C8B43958
4 153 ->
5 154 34
5 155 128
5 156 1
5 157 0
5 158 [2][2]
$BFCA,BFCA12FC031D4B67
$3FCA,3FCA12FC031D4B6R
5 159 ->
6 160 [4][3]
$3FF,2*0
$0,BFF,0
$2*0,BFF
$3FF68F5C28F5C28F,BFD9FBE76C8B4396,401CBE76C8B43958
5 161 ->
6 165 131
6 166 1
6 167 [2][2]
$BFCA,BFCA12FC031D4B67
$3FCA,3FCA12FC031D4B6R
5 168 ->
6 165 135
6 166 -1
6 167 [2][2]
$BFC072B020C49BA,BFC07EB2A57EC2D8
$3FC072B020C49BB,3FC07EB2A57EC2D8
5 168 NULL
5 162 129
5 163 -1
5 164 [2][3]
$3FF34F5C28F5C28F,BFE382B2B70CF4A4,401CBE76C8B43958
$3FF9CF5C28F5C28F,BFC9E4D2D5F93BC5,401CBE76C8B43958
4 153 ->
5 154 36
5 155 129
5 156 1
5 157 0
5 158 [2][2]
$2*0
$400921FB54442D18,3FD
5 169 ->
6 170 [4][3]
$3FF,2*0
$0,BFF,0
$2*0,BFF
$3FF68F5C28F5C28F,BFD9FBE76C8B4396,401DBE76C8B43958
6 171 3FCA
5 161 ->
6 165 133
6 166 1
6 167 [2][2]
$2*0
$400921FB54442D18,3FD
5 168 NULL
5 162 130
5 163 -1
5 164 [2][3]
$3FF34F5C28F5C28F,BFE37DF3B645A1CB,401CBE76C8B43958
$3FF9CF5C28F5C28F,BFD9FBE76C8B4396,401DBE76C8B43958
4 153 ->
5 154 36
5 155 130
5 156 1
5 157 0
5 158 [2][2]
$400921FB54442D18,0
$401921FB54442D18,3FD
5 169 ->
6 170 [4][3]
$3FF,2*0
$0,BFF,0
$2*0,BFF
$3FF68F5C28F5C28F,BFD9FBE76C8B4396,401DBE76C8B43958
6 171 3FCA
5 161 ->
6 165 134
6 166 1
6 167 [2][2]
$400921FB54442D18,0
$401921FB54442D18,3FD
5 168 NULL
5 162 0
5 163 -1
5 164 [2][3]
$3FF34F5C28F5C28F,BFD9FBE76C8B4396,401CBE76C8B43958
$3FF9CF5C28F5C28F,BFC9F7CED916872C,401DBE76C8B43958
@crv_array 172 0
3 172 [84]
4 172 ->
@crv_id 173 1
5 173 30
@feat_id 174 1
5 174 1
@type 175 1
5 175 0
@crv_pnt_dir 176 1
5 176 [2]
$-1,1
@crv_pnt_arr 177 2
5 177 [14][4]
$C00E8,0,401921FB54442D18,0
$C00E9A093FEB6D54,BFBACDA8A24BFC01,40182A855ADF17AB,0
$C00EE6A1A37F34E6,BFCA06457A1ACBE6,4017330F617A023E,0
$C00F6155993FA6F7,BFD291436202A995,40163B996814ECD,0
$C0100181CA52DD1R,BFD70B25FA502B58,401544236EAFD762,0
$C010612313208371,BFDA2E324913C11D,40144CAD754AC1F5,0
$C010C9FFE3A39612,BFDBCBBCB9C39A7D,401355377BE5AC89,0
$C01136001C5C69ER,BFDBCBBCB9C39A7D,40125DC18280971B,0
$C0119EDCECDF7C8F,BFDA2E324913C11D,4011664B891B81AF,0
$C011FE7E35AD22EF,BFD70B25FA502B58,40106ED58FB66C42,0
$C0124F5533602C85,BFD291436202A995,400EEEBF2CA2ADA7,0
$C0128CAF2E40658D,BFCA06457A1ACBEC,400CFFD339D882CR,0
$C012B2FB600A4956,BFBACDA8A24BFC01,400B10E7470E57F2,0
$C012C,0,400921FB54442D18,0
@crv_hdr_geom_ptr[0] 178 1
5 178 6
@crv_hdr_geom_ptr[1] 179 1
5 179 8
@next_crv_hdr_ptr[0] 180 1
5 180 31
@next_crv_hdr_ptr[1] 181 1
5 181 69
@ref_geom[0] 182 1
5 182 0
@ref_geom[1] 183 1
5 183 0
4 172 ->
5 173 31
5 174 1
5 175 0
5 176 [2]
$-1,1
5 177 [14][4]
$C012C,0,400921FB54442D18,0
$C012B2FB600A4956,3FBACDA8A24BFC01,4007330F617A023E,0
$C0128CAF2E40658D,3FCA06457A1ACBEC,400544236EAFD764,0
$C0124F5533602C85,3FD291436202A993,400355377BE5AC8A,0
$C011FE7E35AD22EF,3FD70B25FA502B58,4001664B891B81AD,0
$C0119EDCECDF7C8F,3FDA2E324913C11D,3FFEEEBF2CA2ADA4,0
$C01136001C5C69ER,3FDBCBBCB9C39A7C,3FFB10E7470E57F3,0
$C010C9FFE3A39612,3FDBCBBCB9C39A7C,3FF7330F617A023D,0
$C010612313208371,3FDA2E324913C11E,3FF355377BE5AC8C,0
$C0100181CA52DD1R,3FD70B25FA502B58,3FEEEEBF2CA2ADAD,0
$C00F6155993FA6F7,3FD291436202A994,3FE7330F617A024,0
$C00EE6A1A37F34E6,3FCA06457A1ACBEC,3FDEEEBF2CA2ADA3,0
$C00E9A093FEB6D54,3FBACDA8A24BFC08,3FCEEEBF2CA2ADA9,0
$C00E8,3*0
5 178 6
5 179 9
5 180 30
5 181 68
5 182 0
5 183 0
4 172 ->
5 173 32
5 174 1
5 175 0
5 176 [2]
$-1,1
5 177 [9][4]
$40028,0,401921FB54442D18,0
$40027641AF3CCA35,BF987DE2A6AEA96A,40178FDB9EFFEA46,0
$40025A827999FCEF,BFA6A09E667F3BCR,4015FDBBE9BBA774,0
$400230FBC54D5D53,BFAD906BCF328D45,40146B9C347764A5,0
$4002,BFB,4012D97C7F3321D2,0
$4001CF043AB2A2AD,BFAD906BCF328D45,4011475CC9EEDEFR,0
$4001A57D8666031R,BFA6A09E667F3BCR,400F6A7A2955386,0
$400189BE50C335CB,BF987DE2A6AEA963,400C463ABECCB2BC,0
$40018,0,400921FB54442D18,0
5 178 6
5 179 12
5 180 33
5 181 71
5 182 0
5 183 0
4 172 ->
5 173 33
5 174 1
5 175 0
5 176 [2]
$-1,1
5 177 [9][4]
$40018,0,400921FB54442D18,0
$400189BE50C335CB,3F987DE2A6AEA963,4005FDBBE9BBA774,0
$4001A57D8666031R,3FA6A09E667F3BCR,4002D97C7F3321D,0
$4001CF043AB2A2AD,3FAD906BCF328D46,3FFF6A7A29553865,0
$4002,3FB,3FF921FB54442D18,0
$400230FBC54D5D53,3FAD906BCF328D46,3FF2D97C7F3321CB,0
$40025A827999FCEF,3FA6A09E667F3BCR,3FE921FB54442D2,0
$40027641AF3CCA35,3F987DE2A6AEA963,3FD921FB54442D1D,0
$40028,3*0
5 178 6
5 179 13
5 180 32
5 181 70
5 182 0
5 183 0
4 172 ->
5 173 34
5 174 1
5 175 0
5 176 [2]
$-1,1
5 177 [12][4]
$3FCBF7CED916872B,0,401921FB54442D18,0
$3FCAD5C914757E07,BFAF849AA3806241,4017FD872D86E53A,0
$3FC78736B9EB2A76,BFBE3DC4D69F8A87,4016D91306C99D5C,0
$3FC250AD57DA7BFA,BFC5230597DC4D7C,4015B49EE00C557E,0
$3FB73C955E14E6DE,BFC970CA5A1AEA1C,4014902AB94F0D9F,0
$3F9FD79349873BEC,BFCBAEEE755A21ED,40136BB69291C5C1,0
$BF9FD79349873BEC,BFCBAEEE755A21ED,401247426BD47DE3,0
$BFB73C955E14E6DE,BFC970CA5A1AEA1C,401122CE45173605,0
$BFC250AD57DA7BF7,BFC5230597DC4D7E,400FFCB43CB3DC4D,0
$BFC78736B9EB2A75,BFBE3DC4D69F8A8C,400DB3CBEF394C91,0
$BFCAD5C914757E07,BFAF849AA3806241,400B6AE3A1BEBCD4,0
$BFCBF7CED916872B,0,400921FB54442D18,0
5 178 6
5 179 14
5 180 35
5 181 73
5 182 0
5 183 0
4 172 ->
5 173 35
5 174 1
5 175 0
5 176 [2]
$-1,1
5 177 [12][4]
$BFCBF7CED916872B,0,400921FB54442D18,0
$BFCAD5C914757E06,3FAF849AA380624D,4006D91306C99D5B,0
$BFC78736B9EB2A76,3FBE3DC4D69F8A87,4004902AB94F0DA,0
$BFC250AD57DA7BF7,3FC5230597DC4D7E,400247426BD47DE3,0
$BFB73C955E14E6E2,3FC970CA5A1AEA1C,3FFFFCB43CB3DC4D,0
$BF9FD79349873BEC,3FCBAEEE755A21ED,3FFB6AE3A1BEBCD4,0
$3F9FD79349873BFA,3FCBAEEE755A21ED,3FF6D91306C99D5B,0
$3FB73C955E14E6E2,3FC970CA5A1AEA1C,3FF247426BD47DE3,0
$3FC250AD57DA7BF7,3FC5230597DC4D7E,3FEB6AE3A1BEBCD4,0
$3FC78736B9EB2A76,3FBE3DC4D69F8A8A,3FE247426BD47DE2,0
$3FCAD5C914757E06,3FAF849AA3806246,3FD247426BD47DE3,0
$3FCBF7CED916872B,3*0
5 178 6
5 179 15
5 180 34
5 181 72
5 182 0
5 183 0
4 172 ->
5 173 36
5 174 1
5 175 0
5 176 [2]
$-1,1
5 177 [9][4]
$3FF78F5C28F5C29,0,401921FB54442D18,0
$3FF77BDF876F56FA,BF987DE2A6AEA96A,40178FDB9EFFEA46,0
$3FF744611C29BC6E,BFA6A09E667F3BCR,4015FDBBE9BBA774,0
$3FF6F153B3907D36,BFAD906BCF328D45,40146B9C347764A5,0
$3FF68F5C28F5C29,BFB,4012D97C7F3321D2,0
$3FF62D649E5B07EA,BFAD906BCF328D45,4011475CC9EEDEFR,0
$3FF5DA5735C1C8B2,BFA6A09E667F3BCR,400F6A7A2955386,0
$3FF5A2D8CA7C2E26,BF987DE2A6AEA963,400C463ABECCB2BC,0
$3FF58F5C28F5C29,0,400921FB54442D18,0
5 178 6
5 179 16
5 180 37
5 181 75
5 182 0
5 183 0
4 172 ->
5 173 37
5 174 1
5 175 0
5 176 [2]
$-1,1
5 177 [9][4]
$3FF58F5C28F5C29,0,400921FB54442D18,0
$3FF5A2D8CA7C2E26,3F987DE2A6AEA963,4005FDBBE9BBA774,0
$3FF5DA5735C1C8B2,3FA6A09E667F3BCR,4002D97C7F3321D,0
$3FF62D649E5B07EA,3FAD906BCF328D46,3FFF6A7A29553865,0
$3FF68F5C28F5C29,3FB,3FF921FB54442D18,0
$3FF6F153B3907D36,3FAD906BCF328D46,3FF2D97C7F3321CB,0
$3FF744611C29BC6E,3FA6A09E667F3BCR,3FE921FB54442D2,0
$3FF77BDF876F56FA,3F987DE2A6AEA963,3FD921FB54442D1D,0
$3FF78F5C28F5C29,3*0
5 178 6
5 179 17
5 180 36
5 181 74
5 182 0
5 183 0
4 172 ->
5 173 38
5 174 1
5 175 0
5 176 [2]
$-1,1
5 177 [16][4]
$C011,3FE8,3FF921FB54442D18,0
$C0119FAD1A098E16,3FE779BD25DB805F,3FFC7BD892B3AA94,0
$C012385FAD8C4942,3FE5ECD2C33F9FB,3FFFD5B5D123280E,0
$C012C36B486B0079,3FE36A99B4B1F77E,400197C987C952C4,0
$C0133ABC37C4D9E2,3FE00F23712988E3,400344B827011181,0
$C013991B85C8473,3FD8,4004F1A6C638D03E,0
$C013DA6951CE67F8,3FCDAA66D2C7DDF8,40069E9565708EFC,0
$C013FBCAF5F749BR,3FB411C8746D4181,40084B8404A84DBA,0
$C013FBCAF5F749BR,BFB411C8746D4181,4009F872A3E00C76,0
$C013DA6951CE67F8,BFCDAA66D2C7DDF8,400BA5614317CB34,0
$C013991B85C8473,BFD8,400D524FE24F89F1,0
$C0133ABC37C4D9E2,BFE00F23712988E,400EFF3E818748AE,0
$C012C36B486B0079,BFE36A99B4B1F77E,40105616905F83B6,0
$C012385FAD8C4942,BFE5ECD2C33F9FB,40112C8DDFFB6314,0
$C0119FAD1A098E15,BFE779BD25DB8061,401203052F974274,0
$C011,BFE8,4012D97C7F3321D2,0
5 178 6
5 179 22
5 180 41
5 181 77
5 182 0
5 183 0
4 172 ->
5 173 39
5 174 1
5 175 0
5 176 [2]
$-1,1
5 177 [2][4]
$C011,BFE8,2*0
$4008,BFE8,401D,0
5 178 6
5 179 23
5 180 38
5 181 78
5 182 0
5 183 0
4 172 ->
5 173 40
5 174 1
5 175 0
5 176 [2]
$-1,1
5 177 [2][4]
$4008,BFE8,2*0
$4008,3FE8,3FF8,0
5 178 6
5 179 24
5 180 39
5 181 79
5 182 0
5 183 0
4 172 ->
5 173 41
5 174 1
5 175 0
5 176 [2]
$-1,1
5 177 [2][4]
$4008,3FE8,2*0
$C011,3FE8,401D,0
5 178 6
5 179 25
5 180 40
5 181 76
5 182 0
5 183 0
4 172 ->
5 173 42
5 174 1
5 175 0
5 176 [2]
$-1,1
5 177 [2][4]
$BFF3AB8682AECF58,3F8D39C3090112C4,2*0
$C00997890797F5B8,BFD5504C65C36AF1,4,0
5 178 6
5 179 26
5 180 45
5 181 81
5 182 0
5 183 0
4 172 ->
5 173 43
5 174 1
5 175 0
5 176 [2]
$-1,1
5 177 [13][4]
$C00997890797F5B8,BFD5504C65C36AF1,40138C35418A5BF6,0
$C00A1D111F01A885,BFD57EF0798EE7B5,401280201E0784C,0
$C00A9F8EB53473E2,BFD49781C0ABF372,4011740AFA84AD8B,0
$C00B161D4117E81B,BFD2A9C5CC0DA087,401067F5D701D652,0
$C00B78A86BBD1887,BFCFAEC49141CFE2,400EB7C166FDFE38,0
$C00BC079049300F9,BFC8A323FAA185F1,400C9F971FF84FCE,0
$C00BE8AA2A58354R,BFC0AB93DE8896A9,400A876CD8F2A16,0
$C00BEE7EACD1A4DR,BFB0A624CFDAD351,40086F4291ECF2F4,0
$C00BD190D5B5465R,BF559C826059E48,400657184AE74486,0
$C00B93D957217BF7,3FACF6BEE5DA3EC8,40043EEE03E19619,0
$C00B398CE6B3E4E5,3FBACCC4C7932CE6,400226C3BCDBE7AE,0
$C00AC8D2DD49E046,3FC1E36BF1281D9F,40000E9975D63942,0
$C00A4959DB88515R,3FC4667E4D7B6239,3FFBECDE5DA115A8,0
5 178 6
5 179 27
5 180 42
5 181 82
5 182 0
5 183 0
4 172 ->
5 173 44
5 174 1
5 175 0
5 176 [2]
$-1,1
5 177 [2][4]
$C00A4959DB88515R,3FC4667E4D7B6239,2*0
$BFF50F282A8F8696,3FE036ACD2649259,4,0
5 178 6
5 179 28
5 180 43
5 181 83
5 182 0
5 183 0
4 172 ->
5 173 45
5 174 1
5 175 0
5 176 [2]
$-1,1
5 177 [13][4]
$BFF50F282A8F8696,3FE036ACD2649259,40200E9975D63941,0
$BFF40417FBBC20EB,3FE04DFEDC4A50BD,401F111DC8299B4C,0
$BFF2FF1CCF568A3,3FDFB48EFFB1AD38,401E0508A4A6C416,0
$BFF211FFB78FA1C,3FDDC6D30B135A4C,401CF8F38123ECDF,0
$BFF14CE9624540E8,3FDAF46F87A6A1B8,401BECDE5DA115A9,0
$BFF0BD4830997002,3FD76E9F3C567CBF,401AE0C93A1E3E73,0
$BFF06CE5E50F076C,3FD372D72E4A0519,4019D4B4169B673C,0
$BFF0613CE01C283B,3FCE8D2CE5F8DD3R,4018C89EF3189006,0
$BFF09B188E54E54B,3FC6655382CC275A,4017BC89CF95B8D,0
$BFF116878B7C7A06,3FBDF8D58929C7BE,4016B074AC12E19A,0
$BFF1CB206C57A82A,3FB1A7703483BA3C,4015A45F88900A64,0
$BFF2AC947F2BB169,3FA15ABA338D57B,4014984A650D332D,0
$BFF3AB8682AECF58,3F8D39C3090112C4,40138C35418A5BF7,0
5 178 6
5 179 29
5 180 44
5 181 80
5 182 0
5 183 0
4 172 ->
5 173 46
5 174 1
5 175 0
5 176 [2]
$1,-1
5 177 [14][4]
$C00E8,0,401921FB54442D18,BFE
$C00E9A093FEB6D54,BFBACDA8A24BFC01,40182A855ADF17AB,BFE
$C00EE6A1A37F34E6,BFCA06457A1ACBE6,4017330F617A023E,BFE
$C00F6155993FA6F7,BFD291436202A995,40163B996814ECD,BFE
$C0100181CA52DD1R,BFD70B25FA502B58,401544236EAFD762,BFE
$C010612313208371,BFDA2E324913C11D,40144CAD754AC1F5,BFE
$C010C9FFE3A39612,BFDBCBBCB9C39A7D,401355377BE5AC89,BFE
$C01136001C5C69ER,BFDBCBBCB9C39A7D,40125DC18280971B,BFE
$C0119EDCECDF7C8F,BFDA2E324913C11D,4011664B891B81AF,BFE
$C011FE7E35AD22EF,BFD70B25FA502B58,40106ED58FB66C42,BFE
$C0124F5533602C85,BFD291436202A995,400EEEBF2CA2ADA7,BFE
$C0128CAF2E40658D,BFCA06457A1ACBEC,400CFFD339D882CR,BFE
$C012B2FB600A4956,BFBACDA8A24BFC01,400B10E7470E57F2,BFE
$C012C,0,400921FB54442D18,BFE
5 178 7
5 179 8
5 180 47
5 181 68
5 182 0
5 183 0
4 172 ->
5 173 47
5 174 1
5 175 0
5 176 [2]
$1,-1
5 177 [14][4]
$C012C,0,400921FB54442D18,BFE
$C012B2FB600A4956,3FBACDA8A24BFC01,4007330F617A023E,BFE
$C0128CAF2E40658D,3FCA06457A1ACBEC,400544236EAFD764,BFE
$C0124F5533602C85,3FD291436202A993,400355377BE5AC8A,BFE
$C011FE7E35AD22EF,3FD70B25FA502B58,4001664B891B81AD,BFE
$C0119EDCECDF7C8F,3FDA2E324913C11D,3FFEEEBF2CA2ADA4,BFE
$C01136001C5C69ER,3FDBCBBCB9C39A7C,3FFB10E7470E57F3,BFE
$C010C9FFE3A39612,3FDBCBBCB9C39A7C,3FF7330F617A023D,BFE
$C010612313208371,3FDA2E324913C11E,3FF355377BE5AC8C,BFE
$C0100181CA52DD1R,3FD70B25FA502B58,3FEEEEBF2CA2ADAD,BFE
$C00F6155993FA6F7,3FD291436202A994,3FE7330F617A024,BFE
$C00EE6A1A37F34E6,3FCA06457A1ACBEC,3FDEEEBF2CA2ADA3,BFE
$C00E9A093FEB6D54,3FBACDA8A24BFC08,3FCEEEBF2CA2ADA9,BFE
$C00E8,2*0,BFE
5 178 7
5 179 9
5 180 46
5 181 69
5 182 0
5 183 0
4 172 ->
5 173 48
5 174 1
5 175 0
5 176 [2]
$1,-1
5 177 [11][4]
$40064ED916872B02,0,401921FB54442D18,BFE
$400641F7B756C56B,BFA454B254616183,4017E0485CDA5E09,BFE
$40061C965ED28BAB,BFB355F5EAFBB5FC,40169E9565708EFC,BFE
$4005E25DC3D2BEF8,BFBA9D094AF54C67,40155CE26E06BFER,BFE
$40059900DDCC66CE,BFBF49345B7C846F,40141B2F769CF0E,BFE
$400547AE147AE148,BFC072B020C49BA6,4012D97C7F3321D2,BFE
$4004F65B4B295BC2,BFBF49345B7C846F,401197C987C952C4,BFE
$4004ACFE65230398,BFBA9D094AF54C67,40105616905F83B6,BFE
$400472C5CA2336E5,BFB355F5EAFBB5FC,400E28C731EB6951,BFE
$40044D64719EFD25,BFA454B254616183,400BA5614317CB35,BFE
$40044083126E978E,0,400921FB54442D18,BFE
5 178 7
5 179 10
5 180 49
5 181 107
5 182 0
5 183 0
4 172 ->
5 173 49
5 174 1
5 175 0
5 176 [2]
$1,-1
5 177 [11][4]
$40044083126E978E,0,400921FB54442D18,BFE
$40044D64719EFD25,3FA454B254616183,40069E9565708EFB,BFE
$400472C5CA2336E5,3FB355F5EAFBB5FC,40041B2F769CF0DF,BFE
$4004ACFE65230398,3FBA9D094AF54C67,400197C987C952C5,BFE
$4004F65B4B295BC2,3FBF49345B7C846F,3FFE28C731EB695,BFE
$400547AE147AE148,3FC072B020C49BA6,3FF921FB54442D18,BFE
$40059900DDCC66CE,3FBF49345B7C846F,3FF41B2F769CF0E,BFE
$4005E25DC3D2BEF8,3FBA9D094AF54C67,3FEE28C731EB694D,BFE
$40061C965ED28BAB,3FB355F5EAFBB5FC,3FE41B2F769CF0E4,BFE
$400641F7B756C56B,3FA454B254616183,3FD41B2F769CF0EA,BFE
$40064ED916872B02,2*0,BFE
5 178 7
5 179 11
5 180 48
5 181 108
5 182 0
5 183 0
4 172 ->
5 173 50
5 174 1
5 175 0
5 176 [2]
$1,-1
5 177 [9][4]
$40028,0,401921FB54442D18,BFE
$40027641AF3CCA35,BF987DE2A6AEA96A,40178FDB9EFFEA46,BFE
$40025A827999FCEF,BFA6A09E667F3BCR,4015FDBBE9BBA774,BFE
$400230FBC54D5D53,BFAD906BCF328D45,40146B9C347764A5,BFE
$4002,BFB,4012D97C7F3321D2,BFE
$4001CF043AB2A2AD,BFAD906BCF328D45,4011475CC9EEDEFR,BFE
$4001A57D8666031R,BFA6A09E667F3BCR,400F6A7A2955386,BFE
$400189BE50C335CB,BF987DE2A6AEA963,400C463ABECCB2BC,BFE
$40018,0,400921FB54442D18,BFE
5 178 7
5 179 12
5 180 51
5 181 70
5 182 0
5 183 0
4 172 ->
5 173 51
5 174 1
5 175 0
5 176 [2]
$1,-1
5 177 [9][4]
$40018,0,400921FB54442D18,BFE
$400189BE50C335CB,3F987DE2A6AEA963,4005FDBBE9BBA774,BFE
$4001A57D8666031R,3FA6A09E667F3BCR,4002D97C7F3321D,BFE
$4001CF043AB2A2AD,3FAD906BCF328D46,3FFF6A7A29553865,BFE
$4002,3FB,3FF921FB54442D18,BFE
$400230FBC54D5D53,3FAD906BCF328D46,3FF2D97C7F3321CB,BFE
$40025A827999FCEF,3FA6A09E667F3BCR,3FE921FB54442D2,BFE
$40027641AF3CCA35,3F987DE2A6AEA963,3FD921FB54442D1D,BFE
$40028,2*0,BFE
5 178 7
5 179 13
5 180 50
5 181 71
5 182 0
5 183 0
4 172 ->
5 173 52
5 174 1
5 175 0
5 176 [2]
$1,-1
5 177 [12][4]
$3FCBF7CED916872B,0,401921FB54442D18,BFE
$3FCAD5C914757E07,BFAF849AA3806241,4017FD872D86E53A,BFE
$3FC78736B9EB2A76,BFBE3DC4D69F8A87,4016D91306C99D5C,BFE
$3FC250AD57DA7BFA,BFC5230597DC4D7C,4015B49EE00C557E,BFE
$3FB73C955E14E6DE,BFC970CA5A1AEA1C,4014902AB94F0D9F,BFE
$3F9FD79349873BEC,BFCBAEEE755A21ED,40136BB69291C5C1,BFE
$BF9FD79349873BEC,BFCBAEEE755A21ED,401247426BD47DE3,BFE
$BFB73C955E14E6DE,BFC970CA5A1AEA1C,401122CE45173605,BFE
$BFC250AD57DA7BF7,BFC5230597DC4D7E,400FFCB43CB3DC4D,BFE
$BFC78736B9EB2A75,BFBE3DC4D69F8A8C,400DB3CBEF394C91,BFE
$BFCAD5C914757E07,BFAF849AA3806241,400B6AE3A1BEBCD4,BFE
$BFCBF7CED916872B,0,400921FB54442D18,BFE
5 178 7
5 179 14
5 180 53
5 181 72
5 182 0
5 183 0
4 172 ->
5 173 53
5 174 1
5 175 0
5 176 [2]
$1,-1
5 177 [12][4]
$BFCBF7CED916872B,0,400921FB54442D18,BFE
$BFCAD5C914757E06,3FAF849AA380624D,4006D91306C99D5B,BFE
$BFC78736B9EB2A76,3FBE3DC4D69F8A87,4004902AB94F0DA,BFE
$BFC250AD57DA7BF7,3FC5230597DC4D7E,400247426BD47DE3,BFE
$BFB73C955E14E6E2,3FC970CA5A1AEA1C,3FFFFCB43CB3DC4D,BFE
$BF9FD79349873BEC,3FCBAEEE755A21ED,3FFB6AE3A1BEBCD4,BFE
$3F9FD79349873BFA,3FCBAEEE755A21ED,3FF6D91306C99D5B,BFE
$3FB73C955E14E6E2,3FC970CA5A1AEA1C,3FF247426BD47DE3,BFE
$3FC250AD57DA7BF7,3FC5230597DC4D7E,3FEB6AE3A1BEBCD4,BFE
$3FC78736B9EB2A76,3FBE3DC4D69F8A8A,3FE247426BD47DE2,BFE
$3FCAD5C914757E06,3FAF849AA3806246,3FD247426BD47DE3,BFE
$3FCBF7CED916872B,2*0,BFE
5 178 7
5 179 15
5 180 52
5 181 73
5 182 0
5 183 0
4 172 ->
5 173 54
5 174 1
5 175 0
5 176 [2]
$1,-1
5 177 [9][4]
$3FF78F5C28F5C29,0,401921FB54442D18,BFE
$3FF77BDF876F56FA,BF987DE2A6AEA96A,40178FDB9EFFEA46,BFE
$3FF744611C29BC6E,BFA6A09E667F3BCR,4015FDBBE9BBA774,BFE
$3FF6F153B3907D36,BFAD906BCF328D45,40146B9C347764A5,BFE
$3FF68F5C28F5C29,BFB,4012D97C7F3321D2,BFE
$3FF62D649E5B07EA,BFAD906BCF328D45,4011475CC9EEDEFR,BFE
$3FF5DA5735C1C8B2,BFA6A09E667F3BCR,400F6A7A2955386,BFE
$3FF5A2D8CA7C2E26,BF987DE2A6AEA963,400C463ABECCB2BC,BFE
$3FF58F5C28F5C29,0,400921FB54442D18,BFE
5 178 7
5 179 16
5 180 55
5 181 74
5 182 0
5 183 0
4 172 ->
5 173 55
5 174 1
5 175 0
5 176 [2]
$1,-1
5 177 [9][4]
$3FF58F5C28F5C29,0,400921FB54442D18,BFE
$3FF5A2D8CA7C2E26,3F987DE2A6AEA963,4005FDBBE9BBA774,BFE
$3FF5DA5735C1C8B2,3FA6A09E667F3BCR,4002D97C7F3321D,BFE
$3FF62D649E5B07EA,3FAD906BCF328D46,3FFF6A7A29553865,BFE
$3FF68F5C28F5C29,3FB,3FF921FB54442D18,BFE
$3FF6F153B3907D36,3FAD906BCF328D46,3FF2D97C7F3321CB,BFE
$3FF744611C29BC6E,3FA6A09E667F3BCR,3FE921FB54442D2,BFE
$3FF77BDF876F56FA,3F987DE2A6AEA963,3FD921FB54442D1D,BFE
$3FF78F5C28F5C29,2*0,BFE
5 178 7
5 179 17
5 180 54
5 181 75
5 182 0
5 183 0
4 172 ->
5 173 56
5 174 1
5 175 0
5 176 [2]
$1,-1
5 177 [11][4]
$3FF89DB22D0E5605,3FD9FBE76C8B4396,401921FB54442D18,BFE
$3FF883EF6EAD8AD7,3FD7715121FF176R,4017E0485CDA5E0A,BFE
$3FF8392CBDA51756,3FD52669F1CC5617,40169E9565708EFC,BFE
$3FF7C4BB87A57DF,3FD354A519CDF07C,40155CE26E06BFER,BFE
$3FF73201BB98CD9C,3FD2299A55AC227A,40141B2F769CF0E,BFE
$3FF68F5C28F5C29,3FD1C28F5C28F5C3,4012D97C7F3321D2,BFE
$3FF5ECB69652B784,3FD2299A55AC227A,401197C987C952C4,BFE
$3FF559FCCA46073,3FD354A519CDF07C,40105616905F83B6,BFE
$3FF4E58B94466DCA,3FD52669F1CC5617,400E28C731EB6951,BFE
$3FF49AC8E33DFA49,3FD7715121FF176R,400BA5614317CB34,BFE
$3FF4810624DD2F1B,3FD9FBE76C8B4396,400921FB54442D18,BFE
5 178 7
5 179 18
5 180 57
5 181 122
5 182 0
5 183 0
4 172 ->
5 173 57
5 174 1
5 175 0
5 176 [2]
$1,-1
5 177 [11][4]
$3FF4810624DD2F1B,3FD9FBE76C8B4396,400921FB54442D18,BFE
$3FF49AC8E33DFA49,3FDC867DB7176FC6,40069E9565708EFC,BFE
$3FF4E58B94466DCA,3FDED164E74A3115,40041B2F769CF0DF,BFE
$3FF559FCCA46073,3FE05194DFA44B58,400197C987C952C4,BFE
$3FF5ECB69652B784,3FE0E71A41B53259,3FFE28C731EB695,BFE
$3FF68F5C28F5C29,3FE11A9FBE76C8B4,3FF921FB54442D18,BFE
$3FF73201BB98CD9C,3FE0E71A41B53259,3FF41B2F769CF0E,BFE
$3FF7C4BB87A57DF,3FE05194DFA44B58,3FEE28C731EB694E,BFE
$3FF8392CBDA51756,3FDED164E74A3115,3FE41B2F769CF0E4,BFE
$3FF883EF6EAD8AD7,3FDC867DB7176FC6,3FD41B2F769CF0DE,BFE
$3FF89DB22D0E5605,3FD9FBE76C8B4396,0,BFE
5 178 7
5 179 19
5 180 56
5 181 123
5 182 0
5 183 0
4 172 ->
5 173 58
5 174 1
5 175 0
5 176 [2]
$1,-1
5 177 [11][4]
$3FF89DB22D0E5605,BFD9FBE76C8B4396,401921FB54442D18,BFE
$3FF883EF6EAD8AD7,BFDC867DB7176FC6,4017E0485CDA5E0A,BFE
$3FF8392CBDA51756,BFDED164E74A3115,40169E9565708EFC,BFE
$3FF7C4BB87A57DF,BFE05194DFA44B58,40155CE26E06BFER,BFE
$3FF73201BB98CD9C,BFE0E71A41B53259,40141B2F769CF0E,BFE
$3FF68F5C28F5C29,BFE11A9FBE76C8B4,4012D97C7F3321D2,BFE
$3FF5ECB69652B784,BFE0E71A41B53259,401197C987C952C4,BFE
$3FF559FCCA46073,BFE05194DFA44B58,40105616905F83B6,BFE
$3FF4E58B94466DCA,BFDED164E74A3115,400E28C731EB6951,BFE
$3FF49AC8E33DFA49,BFDC867DB7176FC6,400BA5614317CB34,BFE
$3FF4810624DD2F1B,BFD9FBE76C8B4396,400921FB54442D18,BFE
5 178 7
5 179 20
5 180 59
5 181 137
5 182 0
5 183 0
4 172 ->
5 173 59
5 174 1
5 175 0
5 176 [2]
$1,-1
5 177 [11][4]
$3FF4810624DD2F1B,BFD9FBE76C8B4396,400921FB54442D18,BFE
$3FF49AC8E33DFA49,BFD7715121FF176R,40069E9565708EFC,BFE
$3FF4E58B94466DCA,BFD52669F1CC5617,40041B2F769CF0DF,BFE
$3FF559FCCA46073,BFD354A519CDF07C,400197C987C952C4,BFE
$3FF5ECB69652B784,BFD2299A55AC227A,3FFE28C731EB695,BFE
$3FF68F5C28F5C29,BFD1C28F5C28F5C3,3FF921FB54442D18,BFE
$3FF73201BB98CD9C,BFD2299A55AC227A,3FF41B2F769CF0E,BFE
$3FF7C4BB87A57DF,BFD354A519CDF07C,3FEE28C731EB694E,BFE
$3FF8392CBDA51756,BFD52669F1CC5617,3FE41B2F769CF0E4,BFE
$3FF883EF6EAD8AD7,BFD7715121FF176R,3FD41B2F769CF0DE,BFE
$3FF89DB22D0E5605,BFD9FBE76C8B4396,0,BFE
5 178 7
5 179 21
5 180 58
5 181 138
5 182 0
5 183 0
4 172 ->
5 173 60
5 174 1
5 175 0
5 176 [2]
$1,-1
5 177 [16][4]
$C011,3FE8,3FF921FB54442D18,BFE
$C0119FAD1A098E16,3FE779BD25DB805F,3FFC7BD892B3AA94,BFE
$C012385FAD8C4942,3FE5ECD2C33F9FB,3FFFD5B5D123280E,BFE
$C012C36B486B0079,3FE36A99B4B1F77E,400197C987C952C4,BFE
$C0133ABC37C4D9E2,3FE00F23712988E3,400344B827011181,BFE
$C013991B85C8473,3FD8,4004F1A6C638D03E,BFE
$C013DA6951CE67F8,3FCDAA66D2C7DDF8,40069E9565708EFC,BFE
$C013FBCAF5F749BR,3FB411C8746D4181,40084B8404A84DBA,BFE
$C013FBCAF5F749BR,BFB411C8746D4181,4009F872A3E00C76,BFE
$C013DA6951CE67F8,BFCDAA66D2C7DDF8,400BA5614317CB34,BFE
$C013991B85C8473,BFD8,400D524FE24F89F1,BFE
$C0133ABC37C4D9E2,BFE00F23712988E,400EFF3E818748AE,BFE
$C012C36B486B0079,BFE36A99B4B1F77E,40105616905F83B6,BFE
$C012385FAD8C4942,BFE5ECD2C33F9FB,40112C8DDFFB6314,BFE
$C0119FAD1A098E15,BFE779BD25DB8061,401203052F974274,BFE
$C011,BFE8,4012D97C7F3321D2,BFE
5 178 7
5 179 22
5 180 61
5 181 76
5 182 0
5 183 0
4 172 ->
5 173 61
5 174 1
5 175 0
5 176 [2]
$1,-1
5 177 [2][4]
$C011,BFE8,0,3FE
$4008,BFE8,401D,3FE
5 178 7
5 179 23
5 180 62
5 181 77
5 182 0
5 183 0
4 172 ->
5 173 62
5 174 1
5 175 0
5 176 [2]
$1,-1
5 177 [2][4]
$4008,BFE8,0,3FE
$4008,3FE8,3FF8,3FE
5 178 7
5 179 24
5 180 63
5 181 78
5 182 0
5 183 0
4 172 ->
5 173 63
5 174 1
5 175 0
5 176 [2]
$1,-1
5 177 [2][4]
$4008,3FE8,0,3FE
$C011,3FE8,401D,3FE
5 178 7
5 179 25
5 180 60
5 181 79
5 182 0
5 183 0
4 172 ->
5 173 64
5 174 1
5 175 0
5 176 [2]
$1,-1
5 177 [2][4]
$BFF3AB8682AECF58,3F8D39C3090112C4,0,3FE
$C00997890797F5B8,BFD5504C65C36AF1,4,3FE
5 178 7
5 179 26
5 180 65
5 181 80
5 182 0
5 183 0
4 172 ->
5 173 65
5 174 1
5 175 0
5 176 [2]
$1,-1
5 177 [13][4]
$C00997890797F5B8,BFD5504C65C36AF1,40138C35418A5BF6,BFE
$C00A1D111F01A885,BFD57EF0798EE7B5,401280201E0784C,BFE
$C00A9F8EB53473E2,BFD49781C0ABF372,4011740AFA84AD8B,BFE
$C00B161D4117E81B,BFD2A9C5CC0DA087,401067F5D701D652,BFE
$C00B78A86BBD1887,BFCFAEC49141CFE2,400EB7C166FDFE38,BFE
$C00BC079049300F9,BFC8A323FAA185F1,400C9F971FF84FCE,BFE
$C00BE8AA2A58354R,BFC0AB93DE8896A9,400A876CD8F2A16,BFE
$C00BEE7EACD1A4DR,BFB0A624CFDAD351,40086F4291ECF2F4,BFE
$C00BD190D5B5465R,BF559C826059E48,400657184AE74486,BFE
$C00B93D957217BF7,3FACF6BEE5DA3EC8,40043EEE03E19619,BFE
$C00B398CE6B3E4E5,3FBACCC4C7932CE6,400226C3BCDBE7AE,BFE
$C00AC8D2DD49E046,3FC1E36BF1281D9F,40000E9975D63942,BFE
$C00A4959DB88515R,3FC4667E4D7B6239,3FFBECDE5DA115A8,BFE
5 178 7
5 179 27
5 180 66
5 181 81
5 182 0
5 183 0
4 172 ->
5 173 66
5 174 1
5 175 0
5 176 [2]
$1,-1
5 177 [2][4]
$C00A4959DB88515R,3FC4667E4D7B6239,0,3FE
$BFF50F282A8F8696,3FE036ACD2649259,4,3FE
5 178 7
5 179 28
5 180 67
5 181 82
5 182 0
5 183 0
4 172 ->
5 173 67
5 174 1
5 175 0
5 176 [2]
$1,-1
5 177 [13][4]
$BFF50F282A8F8696,3FE036ACD2649259,40200E9975D63941,BFE
$BFF40417FBBC20EB,3FE04DFEDC4A50BD,401F111DC8299B4C,BFE
$BFF2FF1CCF568A3,3FDFB48EFFB1AD38,401E0508A4A6C416,BFE
$BFF211FFB78FA1C,3FDDC6D30B135A4C,401CF8F38123ECDF,BFE
$BFF14CE9624540E8,3FDAF46F87A6A1B8,401BECDE5DA115A9,BFE
$BFF0BD4830997002,3FD76E9F3C567CBF,401AE0C93A1E3E73,BFE
$BFF06CE5E50F076C,3FD372D72E4A0519,4019D4B4169B673C,BFE
$BFF0613CE01C283B,3FCE8D2CE5F8DD3R,4018C89EF3189006,BFE
$BFF09B188E54E54B,3FC6655382CC275A,4017BC89CF95B8D,BFE
$BFF116878B7C7A06,3FBDF8D58929C7BE,4016B074AC12E19A,BFE
$BFF1CB206C57A82A,3FB1A7703483BA3C,4015A45F88900A64,BFE
$BFF2AC947F2BB169,3FA15ABA338D57B,4014984A650D332D,BFE
$BFF3AB8682AECF58,3F8D39C3090112C4,40138C35418A5BF7,BFE
5 178 7
5 179 29
5 180 64
5 181 83
5 182 0
5 183 0
4 172 ->
5 173 68
5 174 1
5 175 1
5 176 [2]
$-1,1
5 177 [2][4]
$401921FB54442D18,3*0
$401921FB54442D18,BFE,0,BFE
5 178 8
5 179 9
5 180 30
5 181 47
5 182 0
5 183 0
4 172 ->
5 173 69
5 174 1
5 175 1
5 176 [2]
$-1,1
5 177 [2][4]
$400921FB54442D18,0,400921FB54442D18,0
$400921FB54442D18,BFE,400921FB54442D18,BFE
5 178 9
5 179 8
5 180 31
5 181 46
5 182 0
5 183 0
4 172 ->
5 173 70
5 174 1
5 175 1
5 176 [2]
$-1,1
5 177 [2][4]
$401921FB54442D18,3*0
$401921FB54442D18,BFE,0,BFE
5 178 12
5 179 13
5 180 32
5 181 51
5 182 0
5 183 0
4 172 ->
5 173 71
5 174 1
5 175 1
5 176 [2]
$-1,1
5 177 [2][4]
$400921FB54442D18,0,400921FB54442D18,0
$400921FB54442D18,BFE,400921FB54442D18,BFE
5 178 13
5 179 12
5 180 33
5 181 50
5 182 0
5 183 0
4 172 ->
5 173 72
5 174 1
5 175 1
5 176 [2]
$-1,1
5 177 [2][4]
$401921FB54442D18,3*0
$401921FB54442D18,BFE,0,BFE
5 178 14
5 179 15
5 180 34
5 181 53
5 182 0
5 183 0
4 172 ->
5 173 73
5 174 1
5 175 1
5 176 [2]
$-1,1
5 177 [2][4]
$400921FB54442D18,0,400921FB54442D18,0
$400921FB54442D18,BFE,400921FB54442D18,BFE
5 178 15
5 179 14
5 180 35
5 181 52
5 182 0
5 183 0
4 172 ->
5 173 74
5 174 1
5 175 1
5 176 [2]
$-1,1
5 177 [2][4]
$401921FB54442D18,3*0
$401921FB54442D18,BFE,0,BFE
5 178 16
5 179 17
5 180 36
5 181 55
5 182 0
5 183 0
4 172 ->
5 173 75
5 174 1
5 175 1
5 176 [2]
$-1,1
5 177 [2][4]
$400921FB54442D18,0,400921FB54442D18,0
$400921FB54442D18,BFE,400921FB54442D18,BFE
5 178 17
5 179 16
5 180 37
5 181 54
5 182 0
5 183 0
4 172 ->
5 173 76
5 174 1
5 175 0
5 176 [2]
$-1,1
5 177 [2][4]
$3FF921FB54442D18,0,401D,0
$3FF921FB54442D18,BFE,401D,3FE
5 178 22
5 179 25
5 180 38
5 181 63
5 182 0
5 183 0
4 172 ->
5 173 77
5 174 1
5 175 0
5 176 [2]
$-1,1
5 177 [2][4]
$2*0,4012D97C7F3321D2,0
$0,3FE,4012D97C7F3321D2,BFE
5 178 23
5 179 22
5 180 39
5 181 60
5 182 0
5 183 0
4 172 ->
5 173 78
5 174 1
5 175 0
5 176 [2]
$-1,1
5 177 [2][4]
$2*0,401D,0
$0,3FE,401D,3FE
5 178 24
5 179 23
5 180 40
5 181 61
5 182 0
5 183 0
4 172 ->
5 173 79
5 174 1
5 175 0
5 176 [2]
$-1,1
5 177 [2][4]
$2*0,3FF8,0
$0,3FE,3FF8,3FE
5 178 25
5 179 24
5 180 41
5 181 62
5 182 0
5 183 0
4 172 ->
5 173 80
5 174 1
5 175 0
5 176 [2]
$-1,1
5 177 [2][4]
$2*0,40138C35418A5BF7,0
$0,3FE,40138C35418A5BF7,BFE
5 178 26
5 179 29
5 180 42
5 181 67
5 182 0
5 183 0
4 172 ->
5 173 81
5 174 1
5 175 0
5 176 [2]
$-1,1
5 177 [2][4]
$40138C35418A5BF6,0,4,0
$40138C35418A5BF6,BFE,4,3FE
5 178 27
5 179 26
5 180 43
5 181 64
5 182 0
5 183 0
4 172 ->
5 173 82
5 174 1
5 175 0
5 176 [2]
$-1,1
5 177 [2][4]
$2*0,3FFBECDE5DA115A8,0
$0,3FE,3FFBECDE5DA115A8,BFE
5 178 28
5 179 27
5 180 44
5 181 65
5 182 0
5 183 0
4 172 ->
5 173 83
5 174 1
5 175 0
5 176 [2]
$-1,1
5 177 [2][4]
$40200E9975D63941,0,4,0
$40200E9975D63941,BFE,4,3FE
5 178 29
5 179 28
5 180 45
5 181 66
5 182 0
5 183 0
4 172 ->
5 173 101
5 174 1
5 175 0
5 176 [2]
$-1,1
5 177 [12][4]
$3FCA,2*0,BFD
$3FC8F2629E96D147,3FAD4CD8FBE0A658,3FD247426BD47DE3,BFD
$3FC5DF622E020397,3FBC1D02B4306F12,3FE247426BD47DE3,BFD
$3FC106C0C790F7ER,3FC3A644E81F4103,3FEB6AE3A1BEBCD4,BFD
$3FB59A0130F1BF34,3FC7A682B42183D,3FF247426BD47DE3,BFD
$3F9D99FB0298CFEC,3FC9BC40636DB662,3FF6D91306C99D5B,BFD
$BF9D99FB0298CFDF,3FC9BC40636DB663,3FFB6AE3A1BEBCD4,BFD
$BFB59A0130F1BF34,3FC7A682B42183D,3FFFFCB43CB3DC4D,BFD
$BFC106C0C790F7ER,3FC3A644E81F4103,400247426BD47DE3,BFD
$BFC5DF622E020398,3FBC1D02B4306F0F,4004902AB94F0DA,BFD
$BFC8F2629E96D146,3FAD4CD8FBE0A65E,4006D91306C99D5B,BFD
$BFCA,0,400921FB54442D18,BFD
5 178 98
5 179 99
5 180 102
5 181 110
5 182 0
5 183 0
4 172 ->
5 173 102
5 174 1
5 175 0
5 176 [2]
$-1,1
5 177 [12][4]
$BFCA,0,400921FB54442D18,BFD
$BFC8F2629E96D148,BFAD4CD8FBE0A653,400B6AE3A1BEBCD4,BFD
$BFC5DF622E020396,BFBC1D02B4306F14,400DB3CBEF394C91,BFD
$BFC106C0C790F7ER,BFC3A644E81F4103,400FFCB43CB3DC4D,BFD
$BFB59A0130F1BF31,BFC7A682B42183D,401122CE45173605,BFD
$BF9D99FB0298CFDF,BFC9BC40636DB663,401247426BD47DE3,BFD
$3F9D99FB0298CFDF,BFC9BC40636DB663,40136BB69291C5C1,BFD
$3FB59A0130F1BF31,BFC7A682B42183D,4014902AB94F0D9F,BFD
$3FC106C0C790F7F,BFC3A644E81F41,4015B49EE00C557E,BFD
$3FC5DF622E020398,BFBC1D02B4306F0F,4016D91306C99D5C,BFD
$3FC8F2629E96D148,BFAD4CD8FBE0A653,4017FD872D86E53A,BFD
$3FCA,0,401921FB54442D18,BFD
5 178 98
5 179 100
5 180 101
5 181 109
5 182 0
5 183 0
4 172 ->
5 173 103
5 174 1
5 175 0
5 176 [2]
$1,-1
5 177 [13][4]
$4006E7AE147AE148,3*0
$4006D981511992FC,3FAAEACC5A8EEAR,3FD0C152382D7365,0
$4006AFF252475D2D,3FBA,3FE0C152382D7365,0
$40066DD61FAF5751,3FC26280B3476096,3FE921FB54442D18,0
$400617AE147AE148,3FC68443DCC7BE4A,3FF0C152382D7365,0
$4005B35945E51CF3,3FC91D33C9EB1B41,3FF4F1A6C638D03F,0
$400547AE147AE148,3FCA,3FF921FB54442D18,0
$4004DC02E310A59D,3FC91D33C9EB1B41,3FFD524FE24F89F1,0
$400477AE147AE148,3FC68443DCC7BE4B,4000C152382D7365,0
$4004218609466B3F,3FC26280B3476096,4002D97C7F3321D2,0
$4003DF69D6AE6563,3FBA,4004F1A6C638D03F,0
$4003B5DAD7DC2F94,3FAAEACC5A8EEAAF,400709D10D3E7EAB,0
$4003A7AE147AE148,0,400921FB54442D18,0
5 178 6
5 179 99
5 180 104
5 181 109
5 182 0
5 183 0
4 172 ->
5 173 104
5 174 1
5 175 0
5 176 [2]
$1,-1
5 177 [13][4]
$4003A7AE147AE148,0,400921FB54442D18,0
$4003B5DAD7DC2F94,BFAAEACC5A8EEAAF,400B3A259B49DB85,0
$4003DF69D6AE6563,BFBA,400D524FE24F89F1,0
$4004218609466B3F,BFC26280B3476096,400F6A7A2955385E,0
$400477AE147AE148,BFC68443DCC7BE49,4010C152382D7365,0
$4004DC02E310A59D,BFC91D33C9EB1B41,4011CD675BB04A9C,0
$400547AE147AE148,BFCA,4012D97C7F3321D2,0
$4005B35945E51CF3,BFC91D33C9EB1B41,4013E591A2B5F908,0
$400617AE147AE148,BFC68443DCC7BE4D,4014F1A6C638D03E,0
$40066DD61FAF5751,BFC26280B3476096,4015FDBBE9BBA775,0
$4006AFF252475D2D,BFBA,401709D10D3E7EAC,0
$4006D981511992FC,BFAAEACC5A8EEAA2,401815E630C155E2,0
$4006E7AE147AE148,0,401921FB54442D18,0
5 178 6
5 179 100
5 180 103
5 181 110
5 182 0
5 183 0
4 172 ->
5 173 105
5 174 1
5 175 0
5 176 [2]
$1,-1
5 177 [12][4]
$BFC072B020C49BA,0,400921FB54442D18,BFD
$BFBF90404819B8,BFA28926CE49BEC3,400B6AE3A1BEBCD4,BFD
$BFBBAC8326D555A,BFB1C8F089EFB18D,400DB3CBEF394C91,BFD
$BFB58AD4167DC26,BFB8DC738A329237,400FFCB43CB3DC4D,BFD
$BFAB54BB670B1C8,BFBDEC5A61C7C8F6,401122CE45173605,BFD
$BF92B9F27220148,BFC047D44ADF7A78,401247426BD47DE3,BFD
$3F92B9F27220148,BFC047D44ADF7A78,40136BB69291C5C1,BFD
$3FAB54BB670B1C8,BFBDEC5A61C7C8F6,4014902AB94F0D9F,BFD
$3FB58AD4167DC28,BFB8DC738A329234,4015B49EE00C557E,BFD
$3FBBAC8326D555A,BFB1C8F089EFB18A,4016D91306C99D5C,BFD
$3FBF90404819B8,BFA28926CE49BEC3,4017FD872D86E53A,BFD
$3FC072B020C49BA,0,401921FB54442D18,BFD
5 178 98
5 179 10
5 180 106
5 181 108
5 182 0
5 183 0
4 172 ->
5 173 106
5 174 1
5 175 0
5 176 [2]
$1,-1
5 177 [12][4]
$3FC072B020C49BA,2*0,BFD
$3FBF90404819B8,3FA28926CE49BEC7,3FD247426BD47DE3,BFD
$3FBBAC8326D555A,3FB1C8F089EFB18C,3FE247426BD47DE3,BFD
$3FB58AD4167DC26,3FB8DC738A329237,3FEB6AE3A1BEBCD4,BFD
$3FAB54BB670B1C8,3FBDEC5A61C7C8F6,3FF247426BD47DE3,BFD
$3F92B9F27220148,3FC047D44ADF7A78,3FF6D91306C99D5B,BFD
$BF92B9F27220148,3FC047D44ADF7A78,3FFB6AE3A1BEBCD4,BFD
$BFAB54BB670B1C8,3FBDEC5A61C7C8F6,3FFFFCB43CB3DC4D,BFD
$BFB58AD4167DC26,3FB8DC738A329237,400247426BD47DE3,BFD
$BFBBAC8326D555A,3FB1C8F089EFB18A,4004902AB94F0DA,BFD
$BFBF90404819B8,3FA28926CE49BECB,4006D91306C99D5B,BFD
$BFC072B020C49BA,0,400921FB54442D18,BFD
5 178 98
5 179 11
5 180 105
5 181 107
5 182 0
5 183 0
4 172 ->
5 173 107
5 174 1
5 175 1
5 176 [2]
$-1,1
5 177 [2][4]
$401921FB54442D18,BFD,0,BFD
$401921FB54442D18,BFE,0,BFE
5 178 10
5 179 11
5 180 105
5 181 49
5 182 0
5 183 0
4 172 ->
5 173 108
5 174 1
5 175 1
5 176 [2]
$-1,1
5 177 [2][4]
$400921FB54442D18,BFD,400921FB54442D18,BFD
$400921FB54442D18,BFE,400921FB54442D18,BFE
5 178 11
5 179 10
5 180 106
5 181 48
5 182 0
5 183 0
4 172 ->
5 173 109
5 174 1
5 175 1
5 176 [2]
$1,-1
5 177 [2][4]
$2*0,401921FB54442D18,0
$0,BFD,401921FB54442D18,BFD
5 178 99
5 179 100
5 180 101
5 181 104
5 182 0
5 183 0
4 172 ->
5 173 110
5 174 1
5 175 1
5 176 [2]
$1,-1
5 177 [2][4]
$400921FB54442D18,0,400921FB54442D18,0
$400921FB54442D18,BFD,400921FB54442D18,BFD
5 178 100
5 179 99
5 180 102
5 181 103
5 182 0
5 183 0
4 172 ->
5 173 116
5 174 1
5 175 0
5 176 [2]
$-1,1
5 177 [12][4]
$3FCA,2*0,BFD
$3FC8F2629E96D147,3FAD4CD8FBE0A658,3FD247426BD47DE3,BFD
$3FC5DF622E020397,3FBC1D02B4306F12,3FE247426BD47DE3,BFD
$3FC106C0C790F7ER,3FC3A644E81F4103,3FEB6AE3A1BEBCD4,BFD
$3FB59A0130F1BF34,3FC7A682B42183D,3FF247426BD47DE3,BFD
$3F9D99FB0298CFEC,3FC9BC40636DB662,3FF6D91306C99D5B,BFD
$BF9D99FB0298CFDF,3FC9BC40636DB663,3FFB6AE3A1BEBCD4,BFD
$BFB59A0130F1BF34,3FC7A682B42183D,3FFFFCB43CB3DC4D,BFD
$BFC106C0C790F7ER,3FC3A644E81F4103,400247426BD47DE3,BFD
$BFC5DF622E020398,3FBC1D02B4306F0F,4004902AB94F0DA,BFD
$BFC8F2629E96D146,3FAD4CD8FBE0A65E,4006D91306C99D5B,BFD
$BFCA,0,400921FB54442D18,BFD
5 178 113
5 179 114
5 180 117
5 181 125
5 182 0
5 183 0
4 172 ->
5 173 117
5 174 1
5 175 0
5 176 [2]
$-1,1
5 177 [12][4]
$BFCA,0,400921FB54442D18,BFD
$BFC8F2629E96D148,BFAD4CD8FBE0A653,400B6AE3A1BEBCD4,BFD
$BFC5DF622E020396,BFBC1D02B4306F14,400DB3CBEF394C91,BFD
$BFC106C0C790F7ER,BFC3A644E81F4103,400FFCB43CB3DC4D,BFD
$BFB59A0130F1BF31,BFC7A682B42183D,401122CE45173605,BFD
$BF9D99FB0298CFDF,BFC9BC40636DB663,401247426BD47DE3,BFD
$3F9D99FB0298CFDF,BFC9BC40636DB663,40136BB69291C5C1,BFD
$3FB59A0130F1BF31,BFC7A682B42183D,4014902AB94F0D9F,BFD
$3FC106C0C790F7F,BFC3A644E81F41,4015B49EE00C557E,BFD
$3FC5DF622E020398,BFBC1D02B4306F0F,4016D91306C99D5C,BFD
$3FC8F2629E96D148,BFAD4CD8FBE0A653,4017FD872D86E53A,BFD
$3FCA,0,401921FB54442D18,BFD
5 178 113
5 179 115
5 180 116
5 181 124
5 182 0
5 183 0
4 172 ->
5 173 118
5 174 1
5 175 0
5 176 [2]
$1,-1
5 177 [13][4]
$3FF9CF5C28F5C28F,3FD9FBE76C8B4396,2*0
$3FF9B302A23325F7,3FDD5940F7DD20EB,3FD0C152382D7365,0
$3FF95FE4A48EBA58,3FE03DF3B645A1CB,3FE0C152382D7365,0
$3FF8DBAC3F5EAEA2,3FE19693E31779F,3FE921FB54442D18,0
$3FF82F5C28F5C28F,3FE29F04AD77915E,3FF0C152382D7365,0
$3FF766B28BCA39E4,3FE34540A8C0689B,3FF4F1A6C638D03F,0
$3FF68F5C28F5C28F,3FE37DF3B645A1CB,3FF921FB54442D18,0
$3FF5B805C6214B3A,3FE34540A8C0689B,3FFD524FE24F89F1,0
$3FF4EF5C28F5C28F,3FE29F04AD77915E,4000C152382D7365,0
$3FF4430C128CD67C,3FE19693E31779F,4002D97C7F3321D2,0
$3FF3BED3AD5CCAC6,3FE03DF3B645A1CB,4004F1A6C638D03F,0
$3FF36BB5AFB85F27,3FDD5940F7DD20EC,400709D10D3E7EAB,0
$3FF34F5C28F5C28F,3FD9FBE76C8B4396,400921FB54442D18,0
5 178 6
5 179 114
5 180 119
5 181 124
5 182 0
5 183 0
4 172 ->
5 173 119
5 174 1
5 175 0
5 176 [2]
$1,-1
5 177 [13][4]
$3FF34F5C28F5C28F,3FD9FBE76C8B4396,400921FB54442D18,0
$3FF36BB5AFB85F27,3FD69E8DE139664,400B3A259B49DB85,0
$3FF3BED3AD5CCAC6,3FD37BE76C8B4396,400D524FE24F89F1,0
$3FF4430C128CD67C,3FD0CAA712E7934B,400F6A7A2955385E,0
$3FF4EF5C28F5C28F,3FCD738AFC4EC8E3,4010C152382D7365,0
$3FF5B805C6214B3A,3FCADA9B0F2B6BEB,4011CD675BB04A9C,0
$3FF68F5C28F5C28F,3FC9F7CED916872C,4012D97C7F3321D2,0
$3FF766B28BCA39E4,3FCADA9B0F2B6BEB,4013E591A2B5F908,0
$3FF82F5C28F5C28F,3FCD738AFC4EC8DF,4014F1A6C638D03E,0
$3FF8DBAC3F5EAEA2,3FD0CAA712E7934B,4015FDBBE9BBA775,0
$3FF95FE4A48EBA59,3FD37BE76C8B4398,401709D10D3E7EAC,0
$3FF9B302A23325F7,3FD69E8DE1396642,401815E630C155E2,0
$3FF9CF5C28F5C28F,3FD9FBE76C8B4396,401921FB54442D18,0
5 178 6
5 179 115
5 180 118
5 181 125
5 182 0
5 183 0
4 172 ->
5 173 120
5 174 1
5 175 0
5 176 [2]
$1,-1
5 177 [12][4]
$BFC072B020C49BA,0,400921FB54442D18,BFD
$BFBF90404819B7F,BFA28926CE49BEC,400B6AE3A1BEBCD4,BFD
$BFBBAC8326D555A,BFB1C8F089EFB18C,400DB3CBEF394C91,BFD
$BFB58AD4167DC26,BFB8DC738A329238,400FFCB43CB3DC4D,BFD
$BFAB54BB670B1C4,BFBDEC5A61C7C8F8,401122CE45173605,BFD
$BF92B9F27220144,BFC047D44ADF7A78,401247426BD47DE3,BFD
$3F92B9F2722014C,BFC047D44ADF7A78,40136BB69291C5C1,BFD
$3FAB54BB670B1C8,BFBDEC5A61C7C8F8,4014902AB94F0D9F,BFD
$3FB58AD4167DC28,BFB8DC738A329234,4015B49EE00C557E,BFD
$3FBBAC8326D555C,BFB1C8F089EFB18R,4016D91306C99D5C,BFD
$3FBF90404819B81,BFA28926CE49BEC,4017FD872D86E53A,BFD
$3FC072B020C49BB,0,401921FB54442D18,BFD
5 178 113
5 179 18
5 180 121
5 181 123
5 182 0
5 183 0
4 172 ->
5 173 121
5 174 1
5 175 0
5 176 [2]
$1,-1
5 177 [12][4]
$3FC072B020C49BB,2*0,BFD
$3FBF90404819B8,3FA28926CE49BEC8,3FD247426BD47DE3,BFD
$3FBBAC8326D555C,3FB1C8F089EFB18C,3FE247426BD47DE3,BFD
$3FB58AD4167DC28,3FB8DC738A329238,3FEB6AE3A1BEBCD4,BFD
$3FAB54BB670B1CA,3FBDEC5A61C7C8F8,3FF247426BD47DE3,BFD
$3F92B9F2722015,3FC047D44ADF7A78,3FF6D91306C99D5B,BFD
$BF92B9F27220144,3FC047D44ADF7A78,3FFB6AE3A1BEBCD4,BFD
$BFAB54BB670B1C6,3FBDEC5A61C7C8F8,3FFFFCB43CB3DC4D,BFD
$BFB58AD4167DC26,3FB8DC738A329238,400247426BD47DE3,BFD
$BFBBAC8326D555A,3FB1C8F089EFB18R,4004902AB94F0DA,BFD
$BFBF90404819B7E,3FA28926CE49BEC8,4006D91306C99D5B,BFD
$BFC072B020C49BA,0,400921FB54442D18,BFD
5 178 113
5 179 19
5 180 120
5 181 122
5 182 0
5 183 0
4 172 ->
5 173 122
5 174 1
5 175 1
5 176 [2]
$-1,1
5 177 [2][4]
$401921FB54442D18,BFD,0,BFD
$401921FB54442D18,BFE,0,BFE
5 178 18
5 179 19
5 180 120
5 181 57
5 182 0
5 183 0
4 172 ->
5 173 123
5 174 1
5 175 1
5 176 [2]
$-1,1
5 177 [2][4]
$400921FB54442D18,BFD,400921FB54442D18,BFD
$400921FB54442D18,BFE,400921FB54442D18,BFE
5 178 19
5 179 18
5 180 121
5 181 56
5 182 0
5 183 0
4 172 ->
5 173 124
5 174 1
5 175 1
5 176 [2]
$1,-1
5 177 [2][4]
$2*0,401921FB54442D18,0
$0,BFD,401921FB54442D18,BFD
5 178 114
5 179 115
5 180 116
5 181 119
5 182 0
5 183 0
4 172 ->
5 173 125
5 174 1
5 175 1
5 176 [2]
$1,-1
5 177 [2][4]
$400921FB54442D18,0,400921FB54442D18,0
$400921FB54442D18,BFD,400921FB54442D18,BFD
5 178 115
5 179 114
5 180 117
5 181 118
5 182 0
5 183 0
4 172 ->
5 173 131
5 174 1
5 175 0
5 176 [2]
$1,-1
5 177 [12][4]
$3FCA,2*0,3FD
$3FC8F2629E96D147,3FAD4CD8FBE0A658,3FD247426BD47DE3,3FD
$3FC5DF622E020397,3FBC1D02B4306F12,3FE247426BD47DE3,3FD
$3FC106C0C790F7ER,3FC3A644E81F4103,3FEB6AE3A1BEBCD4,3FD
$3FB59A0130F1BF34,3FC7A682B42183D,3FF247426BD47DE3,3FD
$3F9D99FB0298CFEC,3FC9BC40636DB662,3FF6D91306C99D5B,3FD
$BF9D99FB0298CFDF,3FC9BC40636DB663,3FFB6AE3A1BEBCD4,3FD
$BFB59A0130F1BF34,3FC7A682B42183D,3FFFFCB43CB3DC4D,3FD
$BFC106C0C790F7ER,3FC3A644E81F4103,400247426BD47DE3,3FD
$BFC5DF622E020398,3FBC1D02B4306F0F,4004902AB94F0DA,3FD
$BFC8F2629E96D146,3FAD4CD8FBE0A65E,4006D91306C99D5B,3FD
$BFCA,0,400921FB54442D18,3FD
5 178 128
5 179 129
5 180 132
5 181 139
5 182 0
5 183 0
4 172 ->
5 173 132
5 174 1
5 175 0
5 176 [2]
$1,-1
5 177 [12][4]
$BFCA,0,400921FB54442D18,3FD
$BFC8F2629E96D148,BFAD4CD8FBE0A653,400B6AE3A1BEBCD4,3FD
$BFC5DF622E020396,BFBC1D02B4306F14,400DB3CBEF394C91,3FD
$BFC106C0C790F7ER,BFC3A644E81F4103,400FFCB43CB3DC4D,3FD
$BFB59A0130F1BF31,BFC7A682B42183D,401122CE45173605,3FD
$BF9D99FB0298CFDF,BFC9BC40636DB663,401247426BD47DE3,3FD
$3F9D99FB0298CFDF,BFC9BC40636DB663,40136BB69291C5C1,3FD
$3FB59A0130F1BF31,BFC7A682B42183D,4014902AB94F0D9F,3FD
$3FC106C0C790F7F,BFC3A644E81F41,4015B49EE00C557E,3FD
$3FC5DF622E020398,BFBC1D02B4306F0F,4016D91306C99D5C,3FD
$3FC8F2629E96D148,BFAD4CD8FBE0A653,4017FD872D86E53A,3FD
$3FCA,0,401921FB54442D18,3FD
5 178 128
5 179 130
5 180 131
5 181 140
5 182 0
5 183 0
4 172 ->
5 173 133
5 174 1
5 175 0
5 176 [2]
$-1,1
5 177 [13][4]
$3FF9CF5C28F5C28F,BFD9FBE76C8B4396,2*0
$3FF9B302A23325F7,BFDD5940F7DD20EB,3FD0C152382D7365,0
$3FF95FE4A48EBA58,BFE03DF3B645A1CB,3FE0C152382D7365,0
$3FF8DBAC3F5EAEA2,BFE19693E31779F,3FE921FB54442D18,0
$3FF82F5C28F5C28F,BFE29F04AD77915E,3FF0C152382D7365,0
$3FF766B28BCA39E4,BFE34540A8C0689B,3FF4F1A6C638D03F,0
$3FF68F5C28F5C28F,BFE37DF3B645A1CB,3FF921FB54442D18,0
$3FF5B805C6214B3A,BFE34540A8C0689B,3FFD524FE24F89F1,0
$3FF4EF5C28F5C28F,BFE29F04AD77915E,4000C152382D7365,0
$3FF4430C128CD67C,BFE19693E31779F,4002D97C7F3321D2,0
$3FF3BED3AD5CCAC6,BFE03DF3B645A1CB,4004F1A6C638D03F,0
$3FF36BB5AFB85F27,BFDD5940F7DD20EC,400709D10D3E7EAB,0
$3FF34F5C28F5C28F,BFD9FBE76C8B4396,400921FB54442D18,0
5 178 6
5 179 129
5 180 134
5 181 140
5 182 0
5 183 0
4 172 ->
5 173 134
5 174 1
5 175 0
5 176 [2]
$-1,1
5 177 [13][4]
$3FF34F5C28F5C28F,BFD9FBE76C8B4396,400921FB54442D18,0
$3FF36BB5AFB85F27,BFD69E8DE139664,400B3A259B49DB85,0
$3FF3BED3AD5CCAC6,BFD37BE76C8B4396,400D524FE24F89F1,0
$3FF4430C128CD67C,BFD0CAA712E7934B,400F6A7A2955385E,0
$3FF4EF5C28F5C28F,BFCD738AFC4EC8E3,4010C152382D7365,0
$3FF5B805C6214B3A,BFCADA9B0F2B6BEB,4011CD675BB04A9C,0
$3FF68F5C28F5C28F,BFC9F7CED916872C,4012D97C7F3321D2,0
$3FF766B28BCA39E4,BFCADA9B0F2B6BEB,4013E591A2B5F908,0
$3FF82F5C28F5C28F,BFCD738AFC4EC8DF,4014F1A6C638D03E,0
$3FF8DBAC3F5EAEA2,BFD0CAA712E7934B,4015FDBBE9BBA775,0
$3FF95FE4A48EBA59,BFD37BE76C8B4398,401709D10D3E7EAC,0
$3FF9B302A23325F7,BFD69E8DE1396642,401815E630C155E2,0
$3FF9CF5C28F5C28F,BFD9FBE76C8B4396,401921FB54442D18,0
5 178 6
5 179 130
5 180 133
5 181 139
5 182 0
5 183 0
4 172 ->
5 173 135
5 174 1
5 175 0
5 176 [2]
$1,-1
5 177 [12][4]
$BFC072B020C49BA,0,400921FB54442D18,BFD
$BFBF90404819B7F,3FA28926CE49BEC,400B6AE3A1BEBCD4,BFD
$BFBBAC8326D555A,3FB1C8F089EFB18C,400DB3CBEF394C91,BFD
$BFB58AD4167DC26,3FB8DC738A329238,400FFCB43CB3DC4D,BFD
$BFAB54BB670B1C4,3FBDEC5A61C7C8F8,401122CE45173605,BFD
$BF92B9F27220144,3FC047D44ADF7A78,401247426BD47DE3,BFD
$3F92B9F2722014C,3FC047D44ADF7A78,40136BB69291C5C1,BFD
$3FAB54BB670B1C8,3FBDEC5A61C7C8F8,4014902AB94F0D9F,BFD
$3FB58AD4167DC28,3FB8DC738A329238,4015B49EE00C557E,BFD
$3FBBAC8326D555C,3FB1C8F089EFB18R,4016D91306C99D5C,BFD
$3FBF90404819B81,3FA28926CE49BEC,4017FD872D86E53A,BFD
$3FC072B020C49BB,0,401921FB54442D18,BFD
5 178 128
5 179 20
5 180 136
5 181 138
5 182 0
5 183 0
4 172 ->
5 173 136
5 174 1
5 175 0
5 176 [2]
$1,-1
5 177 [12][4]
$3FC072B020C49BB,2*0,BFD
$3FBF90404819B8,BFA28926CE49BEC8,3FD247426BD47DE3,BFD
$3FBBAC8326D555C,BFB1C8F089EFB18C,3FE247426BD47DE3,BFD
$3FB58AD4167DC28,BFB8DC738A329238,3FEB6AE3A1BEBCD4,BFD
$3FAB54BB670B1CA,BFBDEC5A61C7C8F8,3FF247426BD47DE3,BFD
$3F92B9F2722015,BFC047D44ADF7A78,3FF6D91306C99D5B,BFD
$BF92B9F27220144,BFC047D44ADF7A78,3FFB6AE3A1BEBCD4,BFD
$BFAB54BB670B1C6,BFBDEC5A61C7C8F8,3FFFFCB43CB3DC4D,BFD
$BFB58AD4167DC26,BFB8DC738A329238,400247426BD47DE3,BFD
$BFBBAC8326D555A,BFB1C8F089EFB18R,4004902AB94F0DA,BFD
$BFBF90404819B7E,BFA28926CE49BEC8,4006D91306C99D5B,BFD
$BFC072B020C49BA,0,400921FB54442D18,BFD
5 178 128
5 179 21
5 180 135
5 181 137
5 182 0
5 183 0
4 172 ->
5 173 137
5 174 1
5 175 1
5 176 [2]
$-1,1
5 177 [2][4]
$401921FB54442D18,BFD,0,BFD
$401921FB54442D18,BFE,0,BFE
5 178 20
5 179 21
5 180 135
5 181 59
5 182 0
5 183 0
4 172 ->
5 173 138
5 174 1
5 175 1
5 176 [2]
$-1,1
5 177 [2][4]
$400921FB54442D18,BFD,400921FB54442D18,BFD
$400921FB54442D18,BFE,400921FB54442D18,BFE
5 178 21
5 179 20
5 180 136
5 181 58
5 182 0
5 183 0
4 172 ->
5 173 139
5 174 1
5 175 1
5 176 [2]
$-1,1
5 177 [2][4]
$2*0,401921FB54442D18,0
$0,3FD,401921FB54442D18,3FD
5 178 129
5 179 130
5 180 133
5 181 132
5 182 0
5 183 0
4 172 ->
5 173 140
5 174 1
5 175 1
5 176 [2]
$-1,1
5 177 [2][4]
$400921FB54442D18,0,400921FB54442D18,0
$400921FB54442D18,3FD,400921FB54442D18,3FD
5 178 130
5 179 129
5 180 134
5 181 131
5 182 0
5 183 0
@group_info_ptr 184 0
2 184 NULL
@intrs_pairs_ptr 185 0
2 185 ->
@place_rec_ptr 186 0
2 186 ->
@local_sys 187 2
3 187 [4][3]
$3FF,2*0
$0,3FF,0
$2*0,BFF
$2*0,401DBE76C8B43958
@place_instruction_ptrs 188 0
3 188 [1]
4 188 ->
@type 189 1
5 189 98
@offset 190 2
5 190 0
@dim_id 191 1
5 191 -1
@ref_id 192 1
5 192 -1
@geometry1_id 193 1
5 193 418
@geometry2_id 194 1
5 194 -1
@memb_num1 195 1
5 195 1
@memb_num2 196 1
5 196 0
@memb_id_tab1 197 1
5 197 [1]
6 197 1
@attr 198 1
5 198 512
@plin_info_arr 199 0
5 199 [1]
6 199 ->
@type 200 1
7 200 6
@data(plin_info_ui_step) 201 0
7 201 ->
@step_ids 202 1
8 202 [1]
9 202 -100
@own_ref_id 203 1
3 203 0
@orient 204 1
3 204 0
@trf_arr 205 0
3 205 [1]
4 205 
@type 206 1
5 206 3
@idx 207 1
5 207 0
@transf 208 2
5 208 [4][3]
$3FF,2*0
$0,3FF,0
$2*0,BFF
$2*0,401DBE76C8B43958
@next_prop 209 0
2 209 NULL
@first_geom_id 210 1
2 210 -1
@cond_tbl_idx 211 1
2 211 -1
@comment 212 10
2 212 NULL
@merge_info_ptr 213 0
2 213 ->
@attributes 214 1
3 214 99
@tail_feat_id 215 1
3 215 1
@hdr_ptr 216 0
3 216 ->
@object_name 217 0
4 217 
@object_type 218 1
5 218 2
@name 219 10
5 219 LINKAGE_ARM_42
@simpl_rep 220 0
5 220 NULL
@new_ids 221 1
4 221 [264]
$2*-1,2,-1,3,-1,4,-1,5,3*-1,6,30,31,2*-1,32,33,34,35,36,37,4*-1,38,39,40,
$41,42,43,44,45,7,46,47,48,49,50,51,52,53,54,55,56,57,58,59,60,61,62,63,64,
$65,66,67,8,68,9,69,10,-1,11,-1,12,70,13,71,14,72,15,73,16,74,17,75,18,-1,19,
$-1,20,-1,21,-1,22,76,23,77,24,78,25,79,26,80,27,81,28,82,29,83,84,85,86,87,
$88,89,90,91,92,93,94,95,96,97,84*-1,98,101,102,99,-1,100,-1,111,112,103,104,
$105,106,107,108,109,110,7*-1,113,116,117,114,-1,115,-1,126,127,118,119,120,
$121,122,123,124,125,6*-1,128,131,132,129,-1,130,-1,141,142,133,134,135,136,
$137,138,139,140
@first_geom_id 222 1
4 222 6
@base_feat_id 223 1
4 223 -1
@first_quilt_id 224 1
4 224 -1
@outline 225 2
4 225 [2][3]
$C0140137A0A454D1,BFE8,0
$4008,3FE8,3FE
@ref_revnum 226 1
4 226 350
@topology_increment 227 0
2 227 ->
@first_geom 228 1
3 228 0
@first_quilt 229 1
3 229 0
@outline 230 2
3 230 [2][3]
$3*0
$3*0
@max_part_size 231 2
3 231 0
@xform_increment 232 0
3 232 NULL
@roll_back_id 233 1
3 233 -1
@state_ind 234 1
2 234 -1
@alumni_info 235 0
2 235 NULL
@revnum 236 1
2 236 -1
@rev_rec 237 0
2 237 NULL
@next_feat_ptr 238 0
1 238 NULL
@assem_mass_prop_ptr 239 0
1 239 NULL
@mass_prop_ptr 240 0
1 240 ->
@type 241 1
2 241 0
@density 242 2
2 242 0
@init_dens 243 5
2 243 0
@rel_density 244 2
2 244 0
@init_rel_dens 245 5
2 245 0
@aver_density 246 2
2 246 0
@vrevnum 247 1
2 247 -1
@volume 248 2
2 248 0
@cg 249 2
2 249 [3]
$3*0
@inertia 250 2
2 250 [3][3]
$3*0
$3*0
$3*0
@eps 251 2
2 251 0
@surfarea 252 2
2 252 0
@assign_mp_ptr 253 0
1 253 NULL
@tol_default_ptr 254 0
1 254 ->
@type 255 1
2 255 10
@value 256 2
2 256 [7]
$0,3FB9R,3F847AE147AE147B,3F50624DD2F1A9FC,3F1A36E2EB1C432D,
$3EE4F8B588E368F1,3EB0C6F7A0B5ED8E
@ang_value 257 2
2 257 [7]
$0,6*3FE
@standard 258 1
2 258 0
@iso_tol_tbls_ptr 259 0
2 259 NULL
@ref_part_table 260 0
1 260 [1]
2 260 ->
@name 261 10
3 261 NEW_WELDMENT
@id 262 1
3 262 0
@type 263 1
3 263 1
@revnum 264 1
3 264 -1
@memb_id_tab 265 1
3 265 [1]
4 265 101
@dep_id 266 1
3 266 0
@attributes 267 1
3 267 0
@simpl_rep 268 0
3 268 NULL
@first_xsec_ptr 269 0
1 269 NULL
@datum_count 270 1
1 270 0
@axis_count 271 1
1 271 10
@insert_layer_id 272 1
1 272 -1
@layer_count 273 1
1 273 1
@layer_list 274 0
1 274 [1]
2 274 
@feat_id 275 1
3 275 1
@layer_id 276 1
3 276 0
@back_layer_id 277 1
3 277 0
@lang_ptr 278 0
1 278 ->
@interact_on 279 1
2 279 -1
@first_csys_ptr 280 0
1 280 NULL
@color_prop_ptr 281 0
1 281 NULL
@fem_data 282 0
1 282 NULL
@rel_part_eps 283 2
1 283 3F53A92A30553261
@names_table 284 0
1 284 [4]
2 284 ->
@id 285 1
3 285 2
@type 286 1
3 286 5
@name 287 10
3 287 DTM1
2 284 ->
3 285 3
3 286 5
3 287 DTM2
2 284 ->
3 285 4
3 286 5
3 287 DTM3
2 284 ->
3 285 5
3 286 25
3 287 CS0
@drv_tbl_ptr 288 0
1 288 NULL
@assembled_count 289 1
1 289 0
@part_type 290 1
1 290 1
@mat_name_ptr 291 10
1 291 NULL
@first_ent_id 292 1
1 292 513569
@first_view_id 293 1
1 293 0
@outline 294 2
1 294 [2][3]
$C0140137A0A454D1,BFE8,401BBE76C8B43958
$4008,3FE8,401DBE76C8B43958
@dim_num 295 1
1 295 0
@ipar_num 296 1
1 296 0
@relpar_sets 297 0
1 297 [1]
2 297 
@id 298 1
3 298 -1
@type 299 1
3 299 2
@ext_ref_id 300 1
3 300 -1
@relatnum 301 1
3 301 0
@unit_arr 302 0
1 302 [2]
2 302 
@type 303 1
3 303 1
@factor 304 2
3 304 3FF
@name 305 10
3 305 INCH
@unit_type 306 1
3 306 0
2 302 
3 303 2
3 304 3FF
3 305 POUND
3 306 1
@geom_lib_ptr 307 0
1 307 NULL
@first_quilt_ptr 308 1
1 308 0
@attrib_array 309 1
1 309 [3]
$2*0,4
@smt_info_ptr 310 0
1 310 NULL
@cable_info_ptr 311 0
1 311 NULL
@comp_info_ptr 312 0
1 312 NULL
@max_part_size 313 2
1 313 40204FD4ABB3AC09
@prt_misc_ptr 314 0
1 314 ->
@shrink_data_ptr 315 0
2 315 NULL
@expld_mv_info 316 0
1 316 NULL
@state_info_ptr 317 0
1 317 NULL
@alumni_feats 318 0
1 318 NULL
@model_name 319 10
1 319 LINKAGE_ARM1_42
@p_mdl_grid 320 0
1 320 NULL
@mdl_status_ptr 321 0
1 321 NULL
@cfg_states 322 0
1 322 NULL
@disp_outl_info 323 0
1 323 
@disp_outline 324 2
2 324 [2][3]
$C0142AF9C1143542,BFE94E11037F0386,401B94B4A84458E7
$4008538440DFC0E1,3FE94E11037F0386,401DE838E92419C9
@ribbon_info_ptr 325 0
1 325 NULL
@p_xref_data 326 0
1 326 ->
@View 327 0
0 327 ->
@id 328 1
1 328 0
@viewattr 329 0
1 329 
@attr_arr 330 1
2 330 [4]
$1,3*0
@mpoint 331 0
1 331 
@id 332 1
2 332 0
@coord 333 2
2 333 [3]
$3*0
@first_instr_ptr 334 0
2 334 NULL
@attach_ptr 335 0
2 335 NULL
@vpoint 336 0
1 336 
2 332 0
2 333 [3]
$407F4,407A5E,0
2 334 NULL
2 335 NULL
@orient 337 2
1 337 [4][4]
$3FF,3*0
$0,3FF,2*0
$2*0,3FF,0
$3*0,3FF
@local_sys 338 2
1 338 [4][4]
$3FF,3*0
$0,3FF,2*0
$2*0,3FF,0
$3*0,3FF
@first_instr_ptr 339 0
1 339 ->
@type 340 1
2 340 100
@geom_id 341 1
2 341 -1
@view_id 342 1
2 342 -1
@memb_num 343 1
2 343 0
@offset 344 2
2 344 0
@matrix 345 0
2 345 NULL
@next_instr_ptr 346 0
1 346 NULL
@outer_xsec_index 347 1
1 347 -1
@next_view_id 348 1
1 348 -2
@simp_rep_id 349 1
1 349 -1
@name 350 10
1 350 no name
@matrix 351 2
1 351 [4][4]
$3FF,3*0
$0,3FF,2*0
$2*0,3FF,0
$3*0,3FF
@fit_outline 352 2
1 352 [2][3]
$3*0
$3*0
@det_info_ptr 353 0
1 353 NULL
@named_view_pzmatr 354 0
1 354 NULL
@page_id 355 1
1 355 0
@model_name 356 10
1 356 NULL
@unrep_model_name 357 10
1 357 NULL
@assem_merge_parts 358 0
0 358 ->
#END_OF_UGC
