

Input part file name: f:/data5/repository/PTC/V18/mfgintro18/drill_shaft_bak.hh.sat


Output part file name: f:/data5/repository/PTC/V18/mfgintro18/drill_shaft_bak.hh.f.sat




Input part file name: f:/data5/repository/PTC/V18/mfgintro18/housing.hh.sat
Error: An error occured during Feature Recognition


Output part file name: f:/data5/repository/PTC/V18/mfgintro18/housing.hh.f.sat



Input part file name: f:/data5/repository/PTC/V18/mfgintro18/housing_core.hh.sat
Error: An error occured during Feature Recognition


Output part file name: f:/data5/repository/PTC/V18/mfgintro18/housing_core.hh.f.sat



Input part file name: f:/data5/repository/PTC/V18/mfgintro18/stock.hh.sat


Output part file name: f:/data5/repository/PTC/V18/mfgintro18/stock.hh.f.sat



Input part file name: f:/data5/repository/PTC/V18/mfgintro18/wp.hh.sat


Output part file name: f:/data5/repository/PTC/V18/mfgintro18/wp.hh.f.sat



Input part file name: f:/data5/repository/PTC/V18/mfgintro18/housing_mirror.hh.sat
*** Error (kernel/kerndata/bulletin:ERROR_DURING_DISCARD)
    error discarding a bad bulletin board, model state cannot be recovered.  
Aborting program



Input part file name: f:/data5/repository/PTC/V18/mfgintro18/shaft_sleeve.hh.sat


Output part file name: f:/data5/repository/PTC/V18/mfgintro18/shaft_sleeve.hh.f.sat



Input part file name: f:/data5/repository/PTC/V18/mfgintro18/core_work.hh.sat


Output part file name: f:/data5/repository/PTC/V18/mfgintro18/core_work.hh.f.sat



Input part file name: f:/data5/repository/PTC/V18/mfgintro18/drill_shaft.hh.sat


Output part file name: f:/data5/repository/PTC/V18/mfgintro18/drill_shaft.hh.f.sat



Input part file name: f:/data5/repository/PTC/V18/mfgintro18/gear.prt.hh.sat


Output part file name: f:/data5/repository/PTC/V18/mfgintro18/gear.prt.hh.f.sat



Input part file name: f:/data5/repository/PTC/V18/mfgintro18/housing.prt.hh.sat
Error: An error occured during Feature Recognition


Output part file name: f:/data5/repository/PTC/V18/mfgintro18/housing.prt.hh.f.sat



Input part file name: f:/data5/repository/PTC/V18/mfgintro18/stock.prt.hh.sat


Output part file name: f:/data5/repository/PTC/V18/mfgintro18/stock.prt.hh.f.sat



Input part file name: f:/data5/repository/PTC/V18/mfgintro18/wp.prt.hh.sat


Output part file name: f:/data5/repository/PTC/V18/mfgintro18/wp.prt.hh.f.sat



Input part file name: f:/data5/repository/PTC/V18/mfgintro18/housing_mirror.prt.hh.sat
*** Error (baseutil/errorsys:ACIS_EXCEPTION_ACCESS_VIOLATION)
    Access violation
Aborting program



Input part file name: f:/data5/repository/PTC/V18/mfgintro18/shaft_sleeve.prt.hh.sat


Output part file name: f:/data5/repository/PTC/V18/mfgintro18/shaft_sleeve.prt.hh.f.sat
*** Error (kernel/kerndata/bulletin:NO_CUR_BB)
    no current bulletin board exists
Aborting program



Input part file name: f:/data5/repository/PTC/V18/mfgintro18/core_work.prt.hh.sat


Output part file name: f:/data5/repository/PTC/V18/mfgintro18/core_work.prt.hh.f.sat



Input part file name: f:/data5/repository/PTC/V18/mfgintro18/drill_shaft.prt.hh.sat


Output part file name: f:/data5/repository/PTC/V18/mfgintro18/drill_shaft.prt.hh.f.sat



Input part file name: f:/data5/repository/PTC/V18/mfgintro18/housing_mold_ref.prt.hh.sat
Error: An error occured during Feature Recognition


Output part file name: f:/data5/repository/PTC/V18/mfgintro18/housing_mold_ref.prt.hh.f.sat



Input part file name: f:/data5/repository/PTC/V18/mfgintro18/drill_shaft_bak.prt.hh.sat


Output part file name: f:/data5/repository/PTC/V18/mfgintro18/drill_shaft_bak.prt.hh.f.sat



Input part file name: f:/data5/repository/PTC/V18/mfgintro18/housing_core.prt.hh.sat
Error: An error occured during Feature Recognition


Output part file name: f:/data5/repository/PTC/V18/mfgintro18/housing_core.prt.hh.f.sat

