#UGC:2 PART 886 360 0 1 1 15 1600 9546 \
#- VERS 0 0                                                          \
#- HOST                                                              \
#- LINK                                                              \
#- DBID                                                              \
#- REVS 0,                                                           \
#- RELL 0,                                                           \
#- UOBJ_ID 0 0 0                                                     \
#-END_OF_UGC_HEADER
#P_OBJECT 6
@P_object 1 0
0 1 ->
@depend 2 0
1 2 [1]
2 2 
@model_name 3 10
3 3 PANEL_F
@model_type 4 1
3 4 2
@revnum 5 1
3 5 3
@bom_count 6 1
3 6 1
@dep_type 7 1
3 7 8
@stamp 8 0
3 8 
@major_vers 9 0
4 9 
@vers 10 1
5 10 0
@alias_name 11 10
5 11 
@minor_vers 12 0
4 12 
@vers 13 1
5 13 0
@reason 14 10
3 14 
@dep_db 15 0
1 15 ->
@dep_db 16 0
2 16 [1]
3 16 ->
@to_model_id 17 1
4 17 0
@dep_type 18 1
4 18 4
@obj_id 19 1
4 19 0
@obj_type 20 1
4 20 242
@model_db 21 0
2 21 [1]
3 21 ->
@model_t_type 22 1
4 22 2
@model_name 23 10
4 23 PANEL_F
@generic_name 24 10
4 24 
@stamp 25 0
4 25 
@usr_rev 26 0
1 26 [2]
2 26 
@name 27 10
3 27 USER
@mod_time 28 0
3 28 
@tm_sec 29 1
4 29 17
@tm_min 30 1
4 30 40
@tm_hour 31 1
4 31 18
@tm_mday 32 1
4 32 6
@tm_mon 33 1
4 33 4
@tm_year 34 1
4 34 94
@action 35 1
3 35 1000
@comment 36 10
3 36 Hostname: 'hood'
@rel_level 37 10
3 37 
@rev_string 38 10
3 38 
2 26 
3 27 RHOADS
3 28 
4 29 57
4 30 54
4 31 16
4 32 30
4 33 10
4 34 95
3 35 1000
3 36 Hostname: 'unga'
3 37 
3 38 
@revnum_std 39 1
1 39 72
@flag 40 1
1 40 0
@name 41 10
1 41 NULL
@inst_hidden 42 1
1 42 0
@old_name 43 10
1 43 NULL
@appl_data 44 0
1 44 ->
@bounding_box 45 2
2 45 [2][3]
$C0640E532A94A6E6,C025641957D0931B,BFE3R
$4049,4076E292A9EA0E92,40349R
@uobj_id 46 0
1 46 NULL
#END_OF_P_OBJECT
#Pro/ENGINEER  TM  Version G-01-13  (c) 1988-95 by Parametric Technology Corporation  All Rights Reserved. 9546
@Solid 47 0
0 47 ->
@tab_key 48 1
1 48 0
@tab_key_struct 49 0
1 49 ->
@tab_key_ptr 50 0
2 50 [56]
@cmprs_tabkey 51 0
2 51 NULL
@type 52 1
1 52 2
@revnum_ptr 53 0
1 53 ->
@geom_revnum 54 1
2 54 73
@cosm_revnum 55 1
2 55 0
@first_member_ptr 56 0
1 56 NULL
@alumni_members 57 0
1 57 NULL
@frst_geom_ptr 58 1
1 58 2
@first_feat_ptr 59 0
1 59 ->
@id 60 1
2 60 1
@indep_attributes 61 1
2 61 1
@feat_type_ptr 62 0
2 62 ->
@table_id 63 1
3 63 68
@type 64 1
3 64 984
@feattype_key 65 10
3 65 NULL
@form 66 1
3 66 1
@attributes 67 1
3 67 [3]
$3*0
@placement 68 1
3 68 0
@intersection 69 1
3 69 990
@internal_udf_type 70 1
3 70 -1
@param_choice_ptr 71 0
3 71 ->
@blend_choice 72 1
4 72 0
@depth_choice 73 1
4 73 17
@angle_choice 74 1
4 74 -1
@pat_choice 75 1
4 75 -1
@round_choice 76 1
4 76 -1
@subsec_choice 77 1
4 77 -1
@sweep_choice 78 1
4 78 0
@dome_choice 79 1
4 79 0
@draft_choice 80 1
4 80 0
@misc_choice 81 1
4 81 0
@assoc_type 82 1
3 82 0
@symbol_key 83 1
2 83 -1
@sect_name 84 10
2 84 no_name
@model_type 85 1
2 85 2
@idtab_ptr 86 0
2 86 ->
@srf_id_arr 87 1
3 87 [8][4]
$2,204,2*0
$9,203,2*0
$16,200,8465,0
$18,200,8460,0
$20,200,8461,0
$22,200,8462,0
$24,200,8463,0
$26,200,8464,0
@edg_id_arr 88 1
3 88 [18][6]
$3,221,8465,2*0,2
$4,221,8460,2*0,2
$5,221,8461,2*0,2
$6,221,8462,2*0,2
$7,221,8463,2*0,2
$8,221,8464,2*0,2
$10,222,8465,2*0,16
$11,222,8460,2*0,18
$12,222,8461,2*0,20
$13,222,8462,2*0,22
$14,222,8463,2*0,24
$15,222,8464,2*0,26
$17,220,8465,2*0,16
$19,220,8460,2*0,18
$21,220,8461,2*0,20
$23,220,8462,2*0,22
$25,220,8463,2*0,24
$27,220,8464,2*0,26
@save_geoms 89 0
3 89 NULL
@cr_flags_xar 90 1
3 90 [18]
$2*-1,-1025,-2049,2*-1,-16777217,-1,131071,5*0,2097152,0,2,0
@cvt_feat_dat 91 0
3 91 NULL
@feat_dates_ptr 92 0
3 92 ->
@creat_date 93 1
4 93 0
@regen_date 94 1
4 94 0
@geometry 95 0
2 95 
@srf_array 96 0
3 96 [8]
4 96 ->
@geom_type 97 1
5 97 34
@geom_id 98 1
5 98 2
@feat_id 99 1
5 99 1
@boundary_type 100 1
5 100 0
@envlp 101 2
5 101 [2][2]
$C06378C68D132AA5,BF9E79B5AE993FF9
$4049,4075E00D84E7D1D5
@srf_prim_ptr(plane) 102 0
5 102 ->
@local_sys 103 2
6 103 [4][3]
$3FF,2*0
$0,3FF,0
$2*0,3FF
$3*0
@frst_cntr_ptr 104 0
5 104 ->
@frst_cntr_crv_hdr_ptr 105 1
6 105 35
@trv 106 1
6 106 1
@envlp 107 2
6 107 [2][2]
$C06378C68D132AA5,BF9E79B5AE993FF9
$4049,4075E00D84E7D1D5
@next_cntr_ptr 108 0
5 108 NULL
@next_geom_ptr 109 1
5 109 9
@orient 110 1
5 110 -1
@outline 111 2
5 111 [2][3]
$C06378C68D132AA5,BF9E79B5AE993FF9,0
$4049,4075E00D84E7D1D5,0
4 96 ->
5 97 34
5 98 9
5 99 1
5 100 0
5 101 [2][2]
$C06016DC2ACC6B27,4033FE812884C7EB
$403E,4074A00C53E14A9F
5 102 ->
6 103 [4][3]
$3FF,2*0
$0,3FF,0
$2*0,3FF
$2*0,4034
5 104 ->
6 105 41
6 106 1
6 107 [2][2]
$C06016DC2ACC6B27,4033FE812884C7EB
$403E,4074A00C53E14A9F
5 108 NULL
5 109 29
5 110 1
5 111 [2][3]
$C06016DC2ACC6B27,4033FE812884C7EB,4034
$403E,4074A00C53E14A9E,4034
4 96 ->
5 97 44
5 98 16
5 99 1
5 100 -1
5 101 [2][2]
$2*0
$3FF,4034
@srf_prim_ptr(tab_cyl) 112 0
5 112 ->
@local_sys 113 2
6 113 [4][3]
$3FF,2*0
$0,3FF,0
$2*0,3FF
$3*0
@curve(spline) 114 0
6 114 ->
@type 115 1
7 115 12
@id 116 1
7 116 8465
@gen_info 117 0
7 117 
@flip 118 1
7 118 1
@tan_cond 119 1
7 119 3
@i_pnts 120 2
7 120 [4][3]
$C04877E85AA22434,BF9E79B5AE994,0
$C040359945D98A96,BF721CE0A5F3,0
$C030446032C01E6,3EF32A9244,0
$3*0
@tangts 121 2
7 121 [4][3]
$40490D461AD07A2E,3FBB7C4C287AE8,0
$40486E13BB8636EC,3FA4586CA74EE3R,0
$40483DE542696746,3F5BDED101986665,0
$40487CBAAF7A0B3F,BF7B9E5066848,0
@params 122 2
7 122 [4]
$0,3FD5R,3FE5R,3FF
5 104 ->
6 105 3
6 106 1
6 107 [2][2]
$2*0
$3FF,4034
5 108 NULL
5 109 0
5 110 1
5 111 [2][3]
$C04933D32A270173,BF9F63C2CFFF20A4,BFE3R
$3FF77D59F09BA7E,3F4D41A42CBC147B,40349R
4 96 ->
5 97 34
5 98 18
5 99 1
5 100 -1
5 101 [2][2]
$2*0
$4049,4034
5 102 ->
6 103 [4][3]
$3FF,2*0
$2*0,BFF
$0,3FF,0
$3*0
5 104 ->
6 105 4
6 106 1
6 107 [2][2]
$2*0
$4049,4034
5 108 NULL
5 109 0
5 110 1
5 111 [2][3]
$3*0
$4049,0,4034
4 96 ->
5 97 34
5 98 20
5 99 1
5 100 -1
5 101 [2][2]
$2*0
$4075E,4034
5 102 ->
6 103 [4][3]
$2*0,3FF
$3FF,2*0
$0,3FF,0
$4049,2*0
5 104 ->
6 105 5
6 106 1
6 107 [2][2]
$2*0
$4075E,4034
5 108 NULL
5 109 0
5 110 1
5 111 [2][3]
$4049,2*0
$4049,4075E,4034
4 96 ->
5 97 34
5 98 22
5 99 1
5 100 -1
5 101 [2][2]
$2*0
$4049,4034
5 102 ->
6 103 [4][3]
$BFF,2*0
$2*0,3FF
$0,3FF,0
$4049,4075E,0
5 104 ->
6 105 6
6 106 1
6 107 [2][2]
$2*0
$4049,4034
5 108 NULL
5 109 0
5 110 1
5 111 [2][3]
$3D1,4075E,0
$4049,4075E,4034
4 96 ->
5 97 44
5 98 24
5 99 1
5 100 -1
5 101 [2][2]
$2*0
$3FF,4034
5 112 ->
6 113 [4][3]
$3FF,2*0
$0,3FF,0
$2*0,3FF
$3*0
6 114 ->
7 115 12
7 116 8463
7 117 
7 118 1
7 119 3
7 120 [4][3]
$3D38,4075E,0
$C0488D12A719F8F8,4075DFF99E77BE39,0
$C05916C8CCB8AE75,4075DEF05223C2ED,0
$C06378C68D132AAC,4075D94F6FA169D1,0
7 121 [4][3]
$C0620285611C72AR,3FB713B98D0F28,0
$C062BDC465BED2F,BFA09092654A649C,0
$C063ECF0A12752BE,BFE1D88C149AA12E,0
$C065900A1355F204,BFF7C608CC980A8,0
7 122 [4]
$0,3FD5R,3FE5R,3FF
5 104 ->
6 105 7
6 106 1
6 107 [2][2]
$2*0
$3FF,4034
5 108 NULL
5 109 0
5 110 1
5 111 [2][3]
$C0640E51A0AAC81D,4075D91C0F23B21C,BFE3R
$4012B16272F3AE78,4075E033607DB7B5,40349R
4 96 ->
5 97 44
5 98 26
5 99 1
5 100 -1
5 101 [2][2]
$2*0
$3FF,4034
5 112 ->
6 113 [4][3]
$3FF,2*0
$0,3FF,0
$2*0,3FF
$3*0
6 114 ->
7 115 12
7 116 8464
7 117 
7 118 1
7 119 3
7 120 [8][3]
$C06378C68D132AA4,4075D94F6FA169D,0
$C0614DCA56AB746C,4072588DA36F94A8,0
$C05E5F9F34CDFC69,406DD8FB4F3468DR,0
$C05A5A4289410CDF,40674D1E3861B9ED,0
$C05678E2D9A3B37A,4060F653180A8DFE,0
$C052D0D6F6263FB5,4055E0DF991079E,0
$C04EC2D9788FDDF9,4045117DC7045CC8,0
$C04877E85AA2243,BF9E79B5AE998,0
7 121 [8][3]
$405EB4D550A2B713,C078CDBAEEA06D5B,0
$405E16EC8F5C3B51,C0784B9F3C9AB0D8,0
$405CE7FC422BA5F4,C07770FD878C3046,0
$405BA4DF5DC0384E,C0768A4BBD599FA2,0
$405A71F9C14B7465,C075B1B9C644CB57,0
$4058D90CAE44CA92,C0747BF495FED364,0
$40571683EE287F98,C0732AF233C34679,0
$4055037E1295F4DA,C071BED86E27DCE9,0
7 122 [8]
$0,3FC2492492492492,3FD2492492492492,3FDB6DB6DB6DB6DB,3FE2492492492492,
$3FE6DB6DB6DB6DB6,3FEB6DB6DB6DB6DB,3FF
5 104 ->
6 105 8
6 106 1
6 107 [2][2]
$2*0
$3FF,4034
5 108 NULL
5 109 0
5 110 1
5 111 [2][3]
$C063DF56ECC990C5,C0250945D1B1091D,BFE3R
$C046DDA6DBC88BAD,4076811FB75837B3,40349R
@crv_array 123 0
3 123 [18]
4 123 ->
@crv_id 124 1
5 124 3
@feat_id 125 1
5 125 1
@type 126 1
5 126 0
@crv_pnt_dir 127 1
5 127 [2]
$1,-1
@crv_pnt_arr 128 2
5 128 [4][4]
$C04877E85AA22432,BF9E79B5AE993FFB,2*0
$C0405FB789EC8E61,BF733B408E014692,3FD4E708738EF31C,0
$C030ECF3ACCA48E8,BECC98FAA6830CD,3FE4E6074F87EE,0
$2*0,3FF,0
@crv_hdr_geom_ptr[0] 129 1
5 129 2
@crv_hdr_geom_ptr[1] 130 1
5 130 16
@next_crv_hdr_ptr[0] 131 1
5 131 4
@next_crv_hdr_ptr[1] 132 1
5 132 17
@ref_geom[0] 133 1
5 133 0
@ref_geom[1] 134 1
5 134 0
4 123 ->
5 124 4
5 125 1
5 126 0
5 127 [2]
$1,-1
5 128 [2][4]
$4*0
$4049,0,4049,0
5 129 2
5 130 18
5 131 5
5 132 19
5 133 0
5 134 0
4 123 ->
5 124 5
5 125 1
5 126 0
5 127 [2]
$1,-1
5 128 [2][4]
$4049,3*0
$4049,2*4075E,0
5 129 2
5 130 20
5 131 6
5 132 21
5 133 0
5 134 0
4 123 ->
5 124 6
5 125 1
5 126 0
5 127 [2]
$1,-1
5 128 [2][4]
$4049,4075E,2*0
$3D38,4075E,4049,0
5 129 2
5 130 22
5 131 7
5 132 23
5 133 0
5 134 0
4 123 ->
5 124 7
5 125 1
5 126 0
5 127 [2]
$1,-1
5 128 [6][4]
$3D38,4075E,2*0
$C0411BB5B05B0B7R,4075E009338BF1DA,3FCDE6FC13CF3EDE,0
$C05040CB03C7A679,4075DFE84E2CD858,3FDC167EFD1EB61D,0
$C057879D4EBEFDC8,4075DF3FE44D86D7,3FE41313A8E431BR,0
$C05EEEF8980E1F15,4075DD1F75592432,3FE9EFCDC003E37B,0
$C06378C68D132AA5,4075D94F6FA169D1,3FF,0
5 129 2
5 130 24
5 131 8
5 132 25
5 133 0
5 134 0
4 123 ->
5 124 8
5 125 1
5 126 0
5 127 [2]
$1,-1
5 128 [11][4]
$C06378C68D132AA5,4075D94F6FA169D1,2*0
$C061A9538146816,4072EC66F5CEAD12,3FBE7E4AC6B075E3,0
$C0601E9A1E7EAD17,40706EF7387A9383,3FCC6C21A7BD81D8,0
$C05D638D53F4C9CD,406C3F9ECD32839R,3FD47BB4D9D9F8C8,0
$C05A96E345FDC43R,4067AFFD63C2219A,3FDAE16E6411D129,0
$C057CC095276214C,4063219B66D92116,3FE0B363E9C19A7,0
$C05520DBA2CCD938,405D815B4073D234,3FE3EEB1AA089C3F,0
$C052A4D58D33751B,40554FC7549A1DEF,3FE7142C35D7CCE1,0
$C05052AC7C98C753,404B4FE67E089B21,3FEA23A96776BE75,0
$C04C5F5DE97176,403A377CF1919108,3FED1D05A1410442,0
$C04877E85AA22432,BF9E79B5AE993FFB,3FF,0
5 129 2
5 130 26
5 131 3
5 132 27
5 133 0
5 134 0
4 123 ->
5 124 10
5 125 1
5 126 0
5 127 [2]
$-1,1
5 128 [4][4]
$C04877E85AA22432,BF9E79B5AE993FFB,0,4034
$C0405FB789EC8E61,BF733B408E014692,3FD4E708738EF31C,4034
$C030ECF3ACCA48E9,BECC98FAA6830E68,3FE4E6074F87EE,4034
$2*0,3FF,4034
5 129 9
5 130 16
5 131 15
5 132 19
5 133 0
5 134 0
4 123 ->
5 124 11
5 125 1
5 126 0
5 127 [2]
$-1,1
5 128 [2][4]
$3*0,4034
$4049,0,4049,4034
5 129 9
5 130 18
5 131 10
5 132 21
5 133 0
5 134 0
4 123 ->
5 124 12
5 125 1
5 126 0
5 127 [2]
$-1,1
5 128 [2][4]
$4049,2*0,4034
$4049,2*4075E,4034
5 129 9
5 130 20
5 131 11
5 132 23
5 133 0
5 134 0
4 123 ->
5 124 13
5 125 1
5 126 0
5 127 [2]
$-1,1
5 128 [2][4]
$4049,4075E,0,4034
$3D38,4075E,4049,4034
5 129 9
5 130 22
5 131 12
5 132 25
5 133 0
5 134 0
4 123 ->
5 124 14
5 125 1
5 126 0
5 127 [2]
$-1,1
5 128 [6][4]
$3D38,4075E,0,4034
$C0411BB5B05B0B7R,4075E009338BF1DA,3FCDE6FC13CF3EDE,4034
$C05040CB03C7A678,4075DFE84E2CD858,3FDC167EFD1EB61D,4034
$C057879D4EBEFDC9,4075DF3FE44D86D7,3FE41313A8E431BR,4034
$C05EEEF8980E1F14,4075DD1F75592431,3FE9EFCDC003E37B,4034
$C06378C68D132AA5,4075D94F6FA169D1,3FF,4034
5 129 9
5 130 24
5 131 13
5 132 27
5 133 0
5 134 0
4 123 ->
5 124 15
5 125 1
5 126 0
5 127 [2]
$-1,1
5 128 [11][4]
$C06378C68D132AA5,4075D94F6FA169D1,0,4034
$C061A9538146816,4072EC66F5CEAD1R,3FBE7E4AC6B075E3,4034
$C0601E9A1E7EAD17,40706EF7387A9382,3FCC6C21A7BD81D8,4034
$C05D638D53F4C9CD,406C3F9ECD32839A,3FD47BB4D9D9F8C8,4034
$C05A96E345FDC43R,4067AFFD63C2219A,3FDAE16E6411D129,4034
$C057CC095276214C,4063219B66D92116,3FE0B363E9C19A7,4034
$C05520DBA2CCD938,405D815B4073D234,3FE3EEB1AA089C3F,4034
$C052A4D58D33751B,40554FC7549A1DEF,3FE7142C35D7CCE1,4034
$C05052AC7C98C753,404B4FE67E089B21,3FEA23A96776BE75,4034
$C04C5F5DE97176,403A377CF1919108,3FED1D05A1410442,4034
$C04877E85AA22432,BF9E79B5AE993FFB,3FF,4034
5 129 9
5 130 26
5 131 14
5 132 17
5 133 0
5 134 0
4 123 ->
5 124 17
5 125 1
5 126 0
5 127 [2]
$1,-1
5 128 [2][4]
$2*0,3FF,0
$0,4034,3FF,4034
5 129 16
5 130 26
5 131 10
5 132 8
5 133 0
5 134 0
4 123 ->
5 124 19
5 125 1
5 126 6
5 127 [2]
$1,-1
5 128 [2][4]
$2*0,3FF,0
$0,4034,3FF,4034
5 129 18
5 130 16
5 131 11
5 132 3
5 133 0
5 134 0
4 123 ->
5 124 21
5 125 1
5 126 0
5 127 [2]
$1,-1
5 128 [2][4]
$2*0,4049,0
$0,4034,4049,4034
5 129 20
5 130 18
5 131 12
5 132 4
5 133 0
5 134 0
4 123 ->
5 124 23
5 125 1
5 126 0
5 127 [2]
$1,-1
5 128 [2][4]
$2*0,4075E,0
$0,4034,4075E,4034
5 129 22
5 130 20
5 131 13
5 132 5
5 133 0
5 134 0
4 123 ->
5 124 25
5 125 1
5 126 0
5 127 [2]
$1,-1
5 128 [2][4]
$2*0,4049,0
$0,4034,4049,4034
5 129 24
5 130 22
5 131 14
5 132 6
5 133 0
5 134 0
4 123 ->
5 124 27
5 125 1
5 126 0
5 127 [2]
$1,-1
5 128 [2][4]
$2*0,3FF,0
$0,4034,3FF,4034
5 129 26
5 130 24
5 131 15
5 132 7
5 133 0
5 134 0
@group_info_ptr 135 0
2 135 NULL
@intrs_pairs_ptr 136 0
2 136 ->
@place_rec_ptr 137 0
2 137 ->
@local_sys 138 2
3 138 [4][3]
$3FF,2*0
$0,3FF,0
$2*0,3FF
$3*0
@place_instruction_ptrs 139 0
3 139 [1]
4 139 ->
@type 140 1
5 140 1853
@offset 141 2
5 141 0
@dim_id 142 1
5 142 0
@ref_id 143 1
5 143 -1
@geometry1_id 144 1
5 144 -1
@geometry2_id 145 1
5 145 -1
@memb_num1 146 1
5 146 0
@memb_num2 147 1
5 147 0
@attr 148 1
5 148 0
@plin_info_arr 149 0
5 149 [1]
6 149 ->
@type 150 1
7 150 6
@data(plin_info_ui_step) 151 0
7 151 ->
@step_ids 152 1
8 152 [1]
9 152 -100
@own_ref_id 153 1
3 153 -1
@orient 154 1
3 154 0
@trf_arr 155 0
3 155 [1]
4 155 
@type 156 1
5 156 12
@idx 157 1
5 157 0
@transf 158 2
5 158 [4][3]
$3FF,2*0
$0,3FF,0
$2*0,3FF
$3*0
@next_prop 159 0
2 159 NULL
@first_geom_id 160 1
2 160 2
@gsec_ptr 161 0
2 161 [1]
3 161 
@type 162 1
4 162 1
@name 163 10
4 163 
@gsec2d_ptr 164 0
4 164 ->
@name 165 10
5 165 
@qind 166 1
5 166 0
@totalpointid 167 1
5 167 0
@checkarcs_flag 168 1
5 168 1
@location 169 0
5 169 ->
@id 170 1
6 170 0
@param 171 2
6 171 0
@type 172 1
6 172 0
@nsket_info 173 0
5 173 ->
@scale 174 2
6 174 0
@m 175 1
6 175 0
@last_was_permanent 176 1
6 176 0
@unsolved_ptr 177 0
5 177 ->
@iges_file 178 10
6 178 NULL
@save_first_db_ptr(spline) 179 0
6 179 ->
7 115 12
7 116 8465
7 117 
7 118 1
7 119 3
7 120 [4][3]
$C04877E85AA22434,BF9E79B5AE994,0
$C040359945D98A96,BF721CE0A5F3,0
$C030446032C01E6,3EF32A9244,0
$3*0
7 121 [4][3]
$40490D461AD07A2E,3FBB7C4C287AE8,0
$40486E13BB8636EC,3FA4586CA74EE3R,0
$40483DE542696746,3F5BDED101986665,0
$40487CBAAF7A0B3F,BF7B9E5066848,0
7 122 [4]
$0,3FD5R,3FE5R,3FF
@entity(line) 180 0
6 180 ->
@id 181 1
7 181 8460
@gen_info 182 0
7 182 
@end1 183 2
7 183 [3]
$3*0
@end2 184 2
7 184 [3]
$4049,2*0
6 180 ->
7 181 8461
7 182 
7 183 [3]
$4049,2*0
7 184 [3]
$4049,4075E,0
6 180 ->
7 181 8462
7 182 
@flip 185 1
7 185 -1
7 183 [3]
$3D0D2AR,4075E,0
7 184 [3]
$4049,4075E,0
@entity(spline) 186 0
6 186 ->
7 115 12
7 116 8463
7 117 
7 118 1
7 119 3
7 120 [4][3]
$3D38,4075E,0
$C0488D12A719F8F8,4075DFF99E77BE39,0
$C05916C8CCB8AE75,4075DEF05223C2ED,0
$C06378C68D132AAC,4075D94F6FA169D1,0
7 121 [4][3]
$C0620285611C72AR,3FB713B98D0F28,0
$C062BDC465BED2F,BFA09092654A649C,0
$C063ECF0A12752BE,BFE1D88C149AA12E,0
$C065900A1355F204,BFF7C608CC980A8,0
7 122 [4]
$0,3FD5R,3FE5R,3FF
6 186 ->
7 115 12
7 116 8464
7 117 
7 118 1
7 119 3
7 120 [8][3]
$C06378C68D132AA4,4075D94F6FA169D,0
$C0614DCA56AB746C,4072588DA36F94A8,0
$C05E5F9F34CDFC69,406DD8FB4F3468DR,0
$C05A5A4289410CDF,40674D1E3861B9ED,0
$C05678E2D9A3B37A,4060F653180A8DFE,0
$C052D0D6F6263FB5,4055E0DF991079E,0
$C04EC2D9788FDDF9,4045117DC7045CC8,0
$C04877E85AA2243,BF9E79B5AE998,0
7 121 [8][3]
$405EB4D550A2B713,C078CDBAEEA06D5B,0
$405E16EC8F5C3B51,C0784B9F3C9AB0D8,0
$405CE7FC422BA5F4,C07770FD878C3046,0
$405BA4DF5DC0384E,C0768A4BBD599FA2,0
$405A71F9C14B7465,C075B1B9C644CB57,0
$4058D90CAE44CA92,C0747BF495FED364,0
$40571683EE287F98,C0732AF233C34679,0
$4055037E1295F4DA,C071BED86E27DCE9,0
7 122 [8]
$0,3FC2492492492492,3FD2492492492492,3FDB6DB6DB6DB6DB,3FE2492492492492,
$3FE6DB6DB6DB6DB6,3FEB6DB6DB6DB6DB,3FF
@solve_version 187 1
5 187 -1
@order_ptr 188 0
4 188 [6]
5 188 
@id 189 1
6 189 8465
@flip 190 1
6 190 2
5 188 
6 189 8460
6 190 0
5 188 
6 189 8461
6 190 0
5 188 
6 189 8462
6 190 1
5 188 
6 189 8463
6 190 0
5 188 
6 189 8464
6 190 4
@attributes 191 1
4 191 2048
@xsec_id 192 1
4 192 -1
@gsec_info_arr 193 0
4 193 [1]
5 193 
@application_type 194 1
6 194 2
@application_id 195 1
6 195 -100
@secsolve_revnum 196 1
4 196 0
@rel_accuracy 197 2
4 197 BFF
@p_saved_result 198 0
4 198 NULL
@cond_tbl_idx 199 1
2 199 -1
@comment 200 10
2 200 NULL
@merge_info_ptr 201 0
2 201 NULL
@dat_ptr(core_data) 202 0
2 202 ->
@type 203 1
3 203 110
@part_id 204 1
3 204 0
@feat_id 205 1
3 205 8441
@thickness 206 2
3 206 4034
@angle 207 2
3 207 40468
@flip 208 1
3 208 1
@topology_increment 209 0
2 209 ->
@first_geom 210 1
3 210 0
@first_quilt 211 1
3 211 0
@outline 212 2
3 212 [2][3]
$3*0
$3*0
@max_part_size 213 2
3 213 0
@xform_increment 214 0
3 214 NULL
@roll_back_id 215 1
3 215 -1
@state_ind 216 1
2 216 -1
@alumni_info 217 0
2 217 NULL
@revnum 218 1
2 218 -1
@rev_rec 219 0
2 219 NULL
@next_feat_ptr 220 0
1 220 ->
2 60 28
2 61 1
2 62 ->
3 63 16
3 64 927
3 65 NULL
3 66 0
3 67 [3]
$3*0
3 68 0
3 69 -1
3 70 -1
3 71 ->
4 72 0
4 73 0
4 74 -1
4 75 -1
4 76 -1
4 77 -1
4 78 0
4 79 0
4 80 16
4 81 0
3 82 0
2 83 -1
2 84 no_name
2 85 2
2 86 ->
3 87 [6][4]
$29,209,16,0
$30,209,18,0
$31,209,20,0
$32,209,22,0
$33,209,24,0
$34,209,26,0
3 88 [18][6]
$35,230,3,2*0,2
$36,230,4,2*0,2
$37,230,5,2*0,2
$38,230,6,2*0,2
$39,230,7,2*0,2
$40,230,8,2*0,2
$41,230,10,2*0,29
$42,230,11,2*0,30
$43,230,12,2*0,31
$44,230,13,2*0,32
$45,230,14,2*0,33
$46,230,15,2*0,34
$47,230,17,2*0,29
$48,230,19,2*0,30
$49,230,21,2*0,31
$50,230,23,2*0,32
$51,230,25,2*0,33
$52,230,27,2*0,34
3 89 NULL
3 90 [18]
$2*-1,-1025,-2049,2*-1,-16777217,-1,131071,5*0,2097152,0,2,0
3 91 NULL
3 92 ->
4 93 0
4 94 0
2 95 
3 96 [6]
4 96 ->
5 97 42
5 98 29
5 99 28
5 100 0
5 101 [2][2]
$2*0
$2*3FF
@srf_prim_ptr(ruled_srf) 221 0
5 221 ->
@local_sys 222 2
6 222 [4][3]
$3FF,2*0
$0,3FF,0
$2*0,3FF
$3*0
@height 223 2
6 223 4034
@curve_1(spline) 224 0
6 224 ->
7 115 12
7 116 -1
7 117 
7 118 1
7 119 3
7 120 [4][3]
$C04877E85AA22434,BF9E79B5AE994,0
$C040359945D98A96,BF721CE0A5F3,0
$C030446032C01E6,3EF32A9244,0
$3*0
7 121 [4][3]
$40490D461AD07A2E,3FBB7C4C287AE8,0
$40486E13BB8636EC,3FA4586CA74EE3R,0
$40483DE542696745,3F5BDED101986R,0
$40487CBAAF7A0B4,BF7B9E5066848001,0
7 122 [4]
$0,3FD5R,3FE5R,3FF
@curve_2(spline) 225 0
6 225 ->
7 115 12
7 116 -1
7 117 
7 118 1
7 119 3
7 120 [4][3]
$C0487D64B298A06B,4033F85E90320725,0
$C04037AE44846DC1,4033FEDDC2FD474,0
$C030448E2F82BC3B,403400013274454E,0
$3F668EB241F2C48B,4033FFFFFCD1DC84,0
7 121 [4][3]
$4049151B1EB48365,3FBB84E3F3D3CA5E,0
$404877B88B347E8C,3FA461BE2B18442E,0
$4048400D260AD71E,3F5BD5028AC8A6C7,0
$4048805F565946E6,BF7BA26C4F941D91,0
7 122 [4]
$0,3FD5R,3FE5R,3FF
5 104 ->
6 105 35
6 106 1
6 107 [2][2]
$2*0
$2*3FF
5 108 NULL
5 109 30
5 110 1
5 111 [2][3]
$C049397C5870094C,BFE42E5146A59984,BFE3R
$3FF78E3C140E15BD,403499D4199B63,40349R
4 96 ->
5 97 34
5 98 30
5 99 28
5 100 0
5 101 [2][2]
$2*0
$4049,403C48C6001F0AC
5 102 ->
6 103 [4][3]
$3FF,2*0
$0,3FE6A09E667F3BCR,BFE6A09E667F3BCD
$0,3FE6A09E667F3BCD,3FE6A09E667F3BCR
$3*0
5 104 ->
6 105 36
6 106 1
6 107 [2][2]
$2*0
$4049,403C48C6001F0AC
5 108 NULL
5 109 31
5 110 1
5 111 [2][3]
$3*0
$4049,2*4034
4 96 ->
5 97 34
5 98 31
5 99 28
5 100 0
5 101 [2][2]
$2*0
$4075E,403C48C6001F0ABF
5 102 ->
6 103 [4][3]
$0,BFE6A09E667F3BCR,3FE6A09E667F3BCD
$3FF,2*0
$0,3FE6A09E667F3BCD,3FE6A09E667F3BCR
$4049,2*0
5 104 ->
6 105 37
6 106 1
6 107 [2][2]
$2*0
$4075E,403C48C6001F0ABF
5 108 NULL
5 109 32
5 110 1
5 111 [2][3]
$403E,2*0
$4049,4075E,4034
4 96 ->
5 97 34
5 98 32
5 99 28
5 100 0
5 101 [2][2]
$2*0
$404900CD10DF63A3,403C48C6001F0ABF
5 102 ->
6 103 [4][3]
$BFF,2*0
$0,BFE6A09E667F3BCR,3FE6A09E667F3BCD
$0,3FE6A09E667F3BCD,3FE6A09E667F3BCR
$4049,4075E,0
5 104 ->
6 105 38
6 106 1
6 107 [2][2]
$2*0
$404900CD10DF63A3,403C48C6001F0ABF
5 108 NULL
5 109 33
5 110 1
5 111 [2][3]
$BF79A21BEC744,4074A,0
$4049,4075E,4034
4 96 ->
5 97 42
5 98 33
5 99 28
5 100 0
5 101 [2][2]
$BF06C895EC95A96D,0
$2*3FF
5 221 ->
6 222 [4][3]
$3FF,2*0
$0,3FF,0
$2*0,3FF
$3*0
6 223 4034
6 224 ->
7 115 12
7 116 -1
7 117 
7 118 1
7 119 3
7 120 [4][3]
$3D38,4075E,0
$C0488D12A719F8F8,4075DFF99E77BE39,0
$C05916C8CCB8AE75,4075DEF05223C2ED,0
$C06378C68D132AAC,4075D94F6FA169D1,0
7 121 [4][3]
$C0620285611C72AR,3FB713B98D0F28,0
$C062BDC465BED2F,BFA09092654A649C,0
$C063ECF0A12752BE,BFE1D88C149AA12E,0
$C065900A1355F204,BFF7C608CC980A8,0
7 122 [4]
$0,3FD5R,3FE5R,3FF
6 225 ->
7 115 12
7 116 -1
7 117 
7 118 1
7 119 3
7 120 [4][3]
$BF89A08C5384622E,4074A000041ACCFA,0
$C0488C853C0C699,40749FF99EF4BCC9,0
$C059124E66F8B63D,40749EF0D27B8A58,0
$C06373435BF07C5A,40749952798F5FFA,0
7 121 [4][3]
$C061FE24004EC2D1,3FB70E1CAA393FD,0
$C062BB5BA9ECB8ER,BFA09222C694FC98,0
$C063E33393A1CEE7,BFE1CEB81651537F,0
$C06589087BE47D13,BFF7BE4F4D6C0673,0
7 122 [4]
$0,3FD5R,3FE5R,3FF
5 104 ->
6 105 39
6 106 1
6 107 [2][2]
$BF06C895EC95A96D,0
$2*3FF
5 108 NULL
5 109 34
5 110 1
5 111 [2][3]
$C0640E532A94A6E6,40748F8596EE1C3R,BFE3R
$4012B7FCFEA5416A,4075E9CCDE8576FB,40349R
4 96 ->
5 97 42
5 98 34
5 99 28
5 100 0
5 101 [2][2]
$2*0
$2*3FF
5 221 ->
6 222 [4][3]
$3FF,2*0
$0,3FF,0
$2*0,3FF
$3*0
6 223 4034
6 224 ->
7 115 12
7 116 -1
7 117 
7 118 1
7 119 3
7 120 [8][3]
$C06378C68D132AA4,4075D94F6FA169D,0
$C0614DCA56AB746C,4072588DA36F94A8,0
$C05E5F9F34CDFC69,406DD8FB4F3468DR,0
$C05A5A4289410CDF,40674D1E3861B9ED,0
$C05678E2D9A3B37A,4060F653180A8DFE,0
$C052D0D6F6263FB5,4055E0DF991079E,0
$C04EC2D9788FDDF9,4045117DC7045CC8,0
$C04877E85AA2243,BF9E79B5AE998,0
7 121 [8][3]
$405EB4D550A2B712,C078CDBAEEA06D5B,0
$405E16EC8F5C3B51,C0784B9F3C9AB0D8,0
$405CE7FC422BA5F4,C07770FD878C3046,0
$405BA4DF5DC0384E,C0768A4BBD599FA2,0
$405A71F9C14B7465,C075B1B9C644CB57,0
$4058D90CAE44CA92,C0747BF495FED364,0
$40571683EE287F98,C0732AF233C34679,0
$4055037E1295F4DA,C071BED86E27DCE9,0
7 122 [8]
$0,3FC2492492492492,3FD2492492492492,3FDB6DB6DB6DB6DB,3FE2492492492492,
$3FE6DB6DB6DB6DB6,3FEB6DB6DB6DB6DB,3FF
6 225 ->
7 115 12
7 116 -1
7 117 
7 118 1
7 119 3
7 120 [8][3]
$C06115633A26B643,407637EBC602445D,0
$C05DD4D9449F862C,4072B7330D644336,0
$C059986D7999CA4A,406E9586A5B97BCB,0
$C055927D87D1151E,406808BA0B6BFF89,0
$C051B07B0668A643,4061B0E497E8058R,0
$C04C0FD9C1972214,405754561E8B7786,0
$C0452F93F2104ED8,4047F3A48F22D37D,0
$C03DC26DD4E6E84B,401697101DFDC2A3,0
7 121 [8][3]
$405EB638093B5EF9,C078CED976E98CDR,0
$405E17BAA0BE49D,C0784C45DEA7EEA5,0
$405CEC2A0487C8B6,C0777460808AC059,0
$405BA923CA11D97A,C0768DC6C0789847,0
$405A762A4638C5F,C075B52A0EAA3851,0
$4058DC10D07EE45A,C0747E6E5C704E1F,0
$4057201890B6104A,C07332ECC2DD5E25,0
$40550D3ABF9F7CC5,C071C7116E9F28ED,0
7 122 [8]
$0,3FC2492492492492,3FD2492492492492,3FDB6DB6DB6DB6DB,3FE2492492492492,
$3FE6DB6DB6DB6DB6,3FEB6DB6DB6DB6DB,3FF
5 104 ->
6 105 40
6 106 1
6 107 [2][2]
$2*0
$2*3FF
5 108 NULL
5 109 0
5 110 1
5 111 [2][3]
$C063F1BFEF8C79C6,C025641957D0931B,BFE3R
$C039FAA2C11C6F4A,4076E292A9EA0E92,40349R
3 123 [18]
4 123 ->
5 124 35
5 125 28
5 126 0
5 127 [2]
$1,-1
5 128 [4][4]
$C04877E85AA22432,BF9E79B5AE993FF9,2*0
$C040789177BA6FE8,BF73E99AF399B932,3FD4A5FCC16DAD25,0
$C030F48CFDAB2274,BED230227EC5FDB7,3FE4E102681B0EC7,0
$2*0,3FF,0
5 129 2
5 130 29
5 131 36
5 132 47
5 133 0
5 134 0
4 123 ->
5 124 36
5 125 28
5 126 0
5 127 [2]
$1,-1
5 128 [2][4]
$4*0
$4049,0,4049,0
5 129 2
5 130 30
5 131 37
5 132 48
5 133 0
5 134 0
4 123 ->
5 124 37
5 125 28
5 126 0
5 127 [2]
$1,-1
5 128 [2][4]
$4049,3*0
$4049,2*4075E,0
5 129 2
5 130 31
5 131 38
5 132 49
5 133 0
5 134 0
4 123 ->
5 124 38
5 125 28
5 126 0
5 127 [2]
$1,-1
5 128 [2][4]
$4049,4075E,2*0
$3D38,4075E,4049,0
5 129 2
5 130 32
5 131 39
5 132 50
5 133 0
5 134 0
4 123 ->
5 124 39
5 125 28
5 126 0
5 127 [2]
$1,-1
5 128 [6][4]
$3D38,4075E,2*0
$C03F5AEDA293B68B,4075E00C159D0824,3FCB6F39CA93AEE9,0
$C04F49E75F4EDF4D,4075DFEC5337E297,3FDB0F4BD3B58D8,0
$C0576CDAE8416CDA,4075DF448CE5400C,3FE3FD5A3B975B7,0
$C05F315113DC8C4D,4075DD05654F526E,3FEA2313CAEC8C78,0
$C06378C68D132AA5,4075D94F6FA169D1,3FF,0
5 129 2
5 130 33
5 131 40
5 132 51
5 133 0
5 134 0
4 123 ->
5 124 40
5 125 28
5 126 0
5 127 [2]
$1,-1
5 128 [10][4]
$C06378C68D132AA5,4075D94F6FA169D1,2*0
$C0617B2A1F69F18,4072A1D5A7F781E8,3FC0C74970368C13,0
$C05F42C557BA16A7,406F48F9421C7FD5,3FD055BF0A1BA45B,0
$C05BDAE2433BC7B3,4069C049806D3476,3FD7F76A9942381B,0
$C058B6B7E8DE58E,4064A0DA486F0EB5,3FDF3E15297B13DC,0
$C055CF3217FB6F3A,405FBF3219077D2R,3FE317C435ADBB4D,0
$C05322D65D6A9E0B,4056EF5048735CA1,3FE67214092EFF31,0
$C050A72EA95C91E6,404D7E5B374BB0DE,3FE9B1E968C7437E,0
$C04CB630E00CA53A,403C7BDF8122C318,3FECDED8E34D64A,0
$C04877E85AA22432,BF9E79B5AE993FF9,3FF,0
5 129 2
5 130 34
5 131 35
5 132 52
5 133 0
5 134 0
4 123 ->
5 124 41
5 125 28
5 126 0
5 127 [2]
$-1,1
5 128 [4][4]
$C041024532598EEA,4033FE812884C7EB,3FD3444F6FC6E058,3FF
$C037250B487B5EAE,4033FFE4ECA4CE6R,3FE0C941EDB56238,3FF
$C0279F19250B4D81,4034000E6BE1A6A8,3FE84475A73C7EDC,3FF
$3F568DDBA8DC53AR,4034,3FEFFFC511C87C7A,3FF
5 129 9
5 130 29
5 131 46
5 132 48
5 133 0
5 134 0
4 123 ->
5 124 42
5 125 28
5 126 0
5 127 [2]
$-1,1
5 128 [2][4]
$3F568DDBA8DC53AR,4034,3F568DDBA8DC53AR,403C48C6001F0AC
$403E,4034,403E,403C48C6001F0ABF
5 129 9
5 130 30
5 131 41
5 132 49
5 133 0
5 134 0
4 123 ->
5 124 43
5 125 28
5 126 0
5 127 [2]
$-1,1
5 128 [2][4]
$403E,2*4034,403C48C6001F0ABF
$403E,2*4074A,403C48C6001F0ABF
5 129 9
5 130 31
5 131 42
5 132 50
5 133 0
5 134 0
4 123 ->
5 124 44
5 125 28
5 126 0
5 127 [2]
$-1,1
5 128 [2][4]
$403E,4074A,4034,403C48C6001F0ABF
$BF79A21BEC744A9R,4074A,404900CD10DF63A3,403C48C6001F0ABF
5 129 9
5 130 32
5 131 43
5 132 51
5 133 0
5 134 0
4 123 ->
5 124 45
5 125 28
5 126 0
5 127 [2]
$-1,1
5 128 [5][4]
$BF79A21BEC744A9R,4074A,BF06C895EC95A96D,3FF
$C040BC75AF783D5D,4074A009F91E72F9,3FCD42C07B7537E,3FF
$C050838BF36D261F,40749FE64691CA1R,3FDC88F6D2B286F6,3FF
$C058725A2B48BBE5,40749F1304C67078,3FE4D45E265DC1FA,3FF
$C06016DC2ACC6B27,40749C9CC8E9E912,3FEAEBB2D0FC8CC4,3FF
5 129 9
5 130 33
5 131 44
5 132 52
5 133 0
5 134 0
4 123 ->
5 124 46
5 125 28
5 126 0
5 127 [2]
$-1,1
5 128 [9][4]
$C06016DC2ACC6B27,40749C9CC8E9E912,3FB0ADDCF3D0A83D,3FF
$C05BEABC31881E15,40712B85C029873C,3FCA7696671B9A28,3FF
$C058242D1CCC7E07,406C38A9E464BCBF,3FD58A5E1EB92A7B,3FF
$C054CD572C37312,4066C73C84495F9A,3FDD36CDEE8B590A,3FF
$C051D304152654E5,4061E98A84662265,3FE21F6EB485F009,3FF
$C04E571DAAE91D98,405B16655215D5F1,3FE567434719B915,3FF
$C04987E851A0B217,405328699E9D779F,3FE880B7DBD7DD79,3FF
$C0451CF4B3434D72,4047B5CB943A19F8,3FEB7A9AEEA33E5E,3FF
$C041024532598EEA,4033FE812884C7EB,3FEE68765FCDB238,3FF
5 129 9
5 130 34
5 131 45
5 132 47
5 133 0
5 134 0
4 123 ->
5 124 47
5 125 28
5 126 0
5 127 [2]
$1,-1
5 128 [4][4]
$2*0,3FF,0
$3FB991489FD8E1CR,3FD5597213CFB6E1,3FEF7693A1E35C31,3FD5597213CFB6E1
$3FC99A50AD6DBB86,3FE553812E18DDC2,3FEEEEECE57F257F,3FE553812E18DDC2
$3FD3444F6FC6E058,3FF,3FEE68765FCDB238,3FF
5 129 29
5 130 34
5 131 41
5 132 40
5 133 0
5 134 0
4 123 ->
5 124 48
5 125 28
5 126 6
5 127 [2]
$1,-1
5 128 [2][4]
$2*0,3FF,0
$3F568DDBA8DC53AR,403C48C6001F0AC,3FEFFFC511C87C7A,3FF
5 129 30
5 130 29
5 131 42
5 132 35
5 133 0
5 134 0
4 123 ->
5 124 49
5 125 28
5 126 0
5 127 [2]
$1,-1
5 128 [2][4]
$2*0,4049,0
$4034,403C48C6001F0ABF,403E,403C48C6001F0ABF
5 129 31
5 130 30
5 131 43
5 132 36
5 133 0
5 134 0
4 123 ->
5 124 50
5 125 28
5 126 0
5 127 [2]
$1,-1
5 128 [2][4]
$2*0,4075E,0
$4034,403C48C6001F0ABF,4074A,403C48C6001F0ABF
5 129 32
5 130 31
5 131 44
5 132 37
5 133 0
5 134 0
4 123 ->
5 124 51
5 125 28
5 126 6
5 127 [2]
$1,-1
5 128 [2][4]
$2*0,4049,0
$BF06C895EC95A96D,3FF,404900CD10DF63A3,403C48C6001F0ABF
5 129 33
5 130 32
5 131 45
5 132 38
5 133 0
5 134 0
4 123 ->
5 124 52
5 125 28
5 126 0
5 127 [2]
$1,-1
5 128 [4][4]
$2*0,3FF,0
$3F96D5F11854C901,3FD600D98185EDC6,3FEE467C762B1DC6,3FD600D98185EDC6
$3FA6895261D6250C,3FE5AA638CDBEADB,3FEC952AFB589019,3FE5AA638CDBEADB
$3FB0ADDCF3D0A83D,3FF,3FEAEBB2D0FC8CC4,3FF
5 129 34
5 130 33
5 131 46
5 132 39
5 133 0
5 134 0
2 135 NULL
2 136 ->
2 137 ->
3 138 [4][3]
$3FF,2*0
$0,3FF,0
$2*0,3FF
$3*0
3 139 [7]
4 139 ->
5 140 44
5 141 C0468
5 142 1
5 143 -1
5 144 2
5 145 8465
5 146 0
5 147 0
5 148 0
5 149 [2]
6 149 ->
7 150 1
@data(plin_info_ref) 226 0
7 226 ->
@id_type1 227 1
8 227 -4
@id_type2 228 1
8 228 -1
@offset2 229 2
8 229 0
6 149 ->
7 150 6
7 151 ->
8 152 [1]
9 152 -100
4 139 ->
5 140 45
5 141 C0468
5 142 2
5 143 -1
5 144 16
5 145 8460
5 146 0
5 147 0
5 148 0
5 149 [2]
6 149 ->
7 150 1
7 226 ->
8 227 -4
8 228 -1
8 229 0
6 149 ->
7 150 6
7 151 ->
8 152 [1]
9 152 -100
4 139 ->
5 140 45
5 141 C0468
5 142 3
5 143 -1
5 144 18
5 145 8461
5 146 0
5 147 0
5 148 0
5 149 [2]
6 149 ->
7 150 1
7 226 ->
8 227 -4
8 228 -1
8 229 0
6 149 ->
7 150 6
7 151 ->
8 152 [1]
9 152 -100
4 139 ->
5 140 45
5 141 C0468
5 142 4
5 143 -1
5 144 20
5 145 8462
5 146 0
5 147 0
5 148 0
5 149 [2]
6 149 ->
7 150 1
7 226 ->
8 227 -4
8 228 -1
8 229 0
6 149 ->
7 150 6
7 151 ->
8 152 [1]
9 152 -100
4 139 ->
5 140 45
5 141 C0468
5 142 5
5 143 -1
5 144 22
5 145 8463
5 146 0
5 147 0
5 148 0
5 149 [2]
6 149 ->
7 150 1
7 226 ->
8 227 -4
8 228 -1
8 229 0
6 149 ->
7 150 6
7 151 ->
8 152 [1]
9 152 -100
4 139 ->
5 140 45
5 141 C0468
5 142 6
5 143 -1
5 144 24
5 145 8464
5 146 0
5 147 0
5 148 0
5 149 [2]
6 149 ->
7 150 1
7 226 ->
8 227 -4
8 228 -1
8 229 0
6 149 ->
7 150 6
7 151 ->
8 152 [1]
9 152 -100
4 139 ->
5 140 45
5 141 0
5 142 -1
5 143 -1
5 144 26
5 145 -1
5 146 0
5 147 0
5 148 0
5 149 [1]
6 149 ->
7 150 6
7 151 ->
8 152 [1]
9 152 -100
3 153 -1
3 154 0
2 159 NULL
2 160 -1
2 199 -1
2 200 NULL
2 201 NULL
@parent_table 230 1
2 230 [1]
3 230 1
2 209 ->
@next_srf 231 0
3 231 [6]
4 231 
@p_srf 232 1
5 232 9
@next_geom_ptr 233 1
5 233 16
4 231 
5 232 16
5 233 18
4 231 
5 232 18
5 233 20
4 231 
5 232 20
5 233 22
4 231 
5 232 22
5 233 24
4 231 
5 232 24
5 233 26
@bnd_type 234 0
3 234 [6]
4 234 
@p_srf 235 1
5 235 16
@boundary_type 236 1
5 236 1
4 234 
5 235 18
5 236 1
4 234 
5 235 20
5 236 1
4 234 
5 235 22
5 236 1
4 234 
5 235 24
5 236 1
4 234 
5 235 26
5 236 1
@contours 237 0
3 237 [2]
4 237 
@p_srf 238 1
5 238 2
@start_crv_arr 239 11
5 239 [1]
6 239 3
4 237 
5 238 9
5 239 [1]
6 239 10
3 210 2
3 211 0
3 212 [2][3]
$C0640E51A0AAC81D,C0250945D1B1091D,BFE3R
$4049,4076811FB75837B3,40349R
3 213 407AAB352F19DA8E
3 214 NULL
3 215 -1
2 216 -1
2 217 NULL
2 218 -1
2 219 NULL
1 220 NULL
@assem_mass_prop_ptr 240 0
1 240 NULL
@mass_prop_ptr 241 0
1 241 ->
@type 242 1
2 242 0
@density 243 2
2 243 0
@init_dens 244 5
2 244 0
@rel_density 245 2
2 245 0
@init_rel_dens 246 5
2 246 0
@aver_density 247 2
2 247 0
@vrevnum 248 1
2 248 -1
@volume 249 2
2 249 0
@cg 250 2
2 250 [3]
$3*0
@inertia 251 2
2 251 [3][3]
$3*0
$3*0
$3*0
@eps 252 2
2 252 0
@surfarea 253 2
2 253 0
@assign_mp_ptr 254 0
1 254 NULL
@tol_default_ptr 255 0
1 255 ->
@type 256 1
2 256 10
@value 257 2
2 257 [7]
$0,3FB9R,3F847AE147AE147B,3F50624DD2F1A9FC,3F1A36E2EB1C432D,
$3EE4F8B588E368F1,3EB0C6F7A0B5ED8E
@ang_value 258 2
2 258 [7]
$0,6*3FE
@standard 259 1
2 259 0
@iso_tol_tbls_ptr 260 0
2 260 NULL
@ref_part_table 261 0
1 261 [1]
2 261 ->
@name 262 10
3 262 PANEL_F
@id 263 1
3 263 1
@type 264 1
3 264 2
@revnum 265 1
3 265 303
@dep_id 266 1
3 266 0
@attributes 267 1
3 267 0
@simpl_rep 268 0
3 268 NULL
@first_xsec_ptr 269 0
1 269 NULL
@datum_count 270 1
1 270 0
@axis_count 271 1
1 271 0
@insert_layer_id 272 1
1 272 -1
@layer_count 273 1
1 273 1
@layer_list 274 0
1 274 [2]
2 274 
@feat_id 275 1
3 275 1
@layer_id 276 1
3 276 0
@back_layer_id 277 1
3 277 0
2 274 
3 275 28
3 276 0
3 277 0
@lang_ptr 278 0
1 278 ->
@interact_on 279 1
2 279 -1
@first_csys_ptr 280 0
1 280 NULL
@color_prop_ptr 281 0
1 281 NULL
@fem_data 282 0
1 282 NULL
@rel_part_eps 283 2
1 283 3F53A92A30553261
@drv_tbl_ptr 284 0
1 284 NULL
@assembled_count 285 1
1 285 0
@part_type 286 1
1 286 1
@mat_name_ptr 287 10
1 287 NULL
@first_ent_id 288 1
1 288 520220
@first_view_id 289 1
1 289 0
@outline 290 2
1 290 [2][3]
$C0640E532A94A6E6,C025641957D0931B,BFE3R
$4049,4076E292A9EA0E92,40349R
@dim_num 291 1
1 291 7
@dim_array 292 0
1 292 [7]
2 292 ->
@type 293 1
3 293 8
@dim_type 294 1
3 294 62
@feat_id 295 1
3 295 1
@attributes 296 1
3 296 4481
@dim_dat_ptr 297 0
3 297 ->
@value 298 2
4 298 4034
@bck_value 299 2
4 299 0
@tol_ptr 300 0
4 300 ->
@type 301 1
5 301 9
@tol_type 302 1
5 302 3
@dual_digits_diff 303 1
5 303 999
@value 304 2
5 304 [2]
$2*3F847AE147AE147B
@nominal_value 305 2
4 305 4034
@bound 306 1
4 306 20
@bck_bound 307 1
4 307 -1
@bck_tol_ptr 308 0
4 308 ->
@value 309 2
5 309 [2]
$2*3F847AE147AE147B
@datum_def_id 310 1
4 310 -1
@places_denom 311 1
4 311 2
@bck_places_denom 312 1
4 312 2
@dim_data_attrib 313 1
4 313 0
@dim_cosm_ptr 314 0
3 314 ->
@d0 315 2
4 315 0
@d1 316 2
4 316 0
@d2 317 2
4 317 0
@d3 318 2
4 318 0
@ord_info 319 0
4 319 NULL
@attach_ptr 320 0
3 320 NULL
@dim_text_ptr 321 0
3 321 ->
@symbol 322 10
4 322 d0
@parent_dim_id 323 1
3 323 -1
2 292 ->
3 293 8
3 294 208
3 295 28
3 296 4353
3 297 ->
4 298 C0468
4 299 40468
4 300 ->
5 301 9
5 302 3
5 303 999
5 304 [2]
$2*3FE
4 305 C0468
4 306 20
4 307 -1
4 308 ->
5 309 [2]
$2*3FE
4 310 -1
4 311 1
4 312 1
4 313 0
3 314 ->
4 315 0
4 316 0
4 317 0
4 318 0
4 319 NULL
3 320 NULL
3 321 ->
4 322 d1
3 323 -1
2 292 ->
3 293 8
3 294 208
3 295 28
3 296 4353
3 297 ->
4 298 C0468
4 299 40468
4 300 ->
5 301 9
5 302 3
5 303 999
5 304 [2]
$2*3FE
4 305 C0468
4 306 20
4 307 -1
4 308 ->
5 309 [2]
$2*3FE
4 310 -1
4 311 1
4 312 1
4 313 0
3 314 ->
4 315 0
4 316 0
4 317 0
4 318 0
4 319 NULL
3 320 NULL
3 321 ->
4 322 d2
3 323 -1
2 292 ->
3 293 8
3 294 208
3 295 28
3 296 4353
3 297 ->
4 298 C0468
4 299 40468
4 300 ->
5 301 9
5 302 3
5 303 999
5 304 [2]
$2*3FE
4 305 C0468
4 306 20
4 307 -1
4 308 ->
5 309 [2]
$2*3FE
4 310 -1
4 311 1
4 312 1
4 313 0
3 314 ->
4 315 0
4 316 0
4 317 0
4 318 0
4 319 NULL
3 320 NULL
3 321 ->
4 322 d3
3 323 -1
2 292 ->
3 293 8
3 294 208
3 295 28
3 296 4353
3 297 ->
4 298 C0468
4 299 40468
4 300 ->
5 301 9
5 302 3
5 303 999
5 304 [2]
$2*3FE
4 305 C0468
4 306 20
4 307 -1
4 308 ->
5 309 [2]
$2*3FE
4 310 -1
4 311 1
4 312 1
4 313 0
3 314 ->
4 315 0
4 316 0
4 317 0
4 318 0
4 319 NULL
3 320 NULL
3 321 ->
4 322 d4
3 323 -1
2 292 ->
3 293 8
3 294 208
3 295 28
3 296 4353
3 297 ->
4 298 C0468
4 299 40468
4 300 ->
5 301 9
5 302 3
5 303 999
5 304 [2]
$2*3FE
4 305 C0468
4 306 20
4 307 -1
4 308 ->
5 309 [2]
$2*3FE
4 310 -1
4 311 1
4 312 1
4 313 0
3 314 ->
4 315 0
4 316 0
4 317 0
4 318 0
4 319 NULL
3 320 NULL
3 321 ->
4 322 d5
3 323 -1
2 292 ->
3 293 8
3 294 208
3 295 28
3 296 4353
3 297 ->
4 298 C0468
4 299 40468
4 300 ->
5 301 9
5 302 3
5 303 999
5 304 [2]
$2*3FE
4 305 C0468
4 306 20
4 307 -1
4 308 ->
5 309 [2]
$2*3FE
4 310 -1
4 311 1
4 312 1
4 313 0
3 314 ->
4 315 0
4 316 0
4 317 0
4 318 0
4 319 NULL
3 320 NULL
3 321 ->
4 322 d6
3 323 -1
@ipar_num 324 1
1 324 0
@relpar_sets 325 0
1 325 [1]
2 325 
@id 326 1
3 326 -1
@type 327 1
3 327 2
@ext_ref_id 328 1
3 328 -1
@relatnum 329 1
3 329 0
@unit_arr 330 0
1 330 [2]
2 330 
@type 331 1
3 331 11
@factor 332 2
3 332 3FA42850A142850A
@name 333 10
3 333 MM
@unit_type 334 1
3 334 0
2 330 
3 331 2
3 332 3FF
3 333 POUND
3 334 1
@geom_lib_ptr 335 0
1 335 NULL
@first_quilt_ptr 336 1
1 336 0
@attrib_array 337 1
1 337 [1]
2 337 0
@smt_info_ptr 338 0
1 338 NULL
@cable_info_ptr 339 0
1 339 NULL
@comp_info_ptr 340 0
1 340 NULL
@max_part_size 341 2
1 341 407B027CBB028512
@prt_misc_ptr 342 0
1 342 ->
@shrink_data_ptr 343 0
2 343 NULL
@expld_mv_info 344 0
1 344 NULL
@state_info_ptr 345 0
1 345 NULL
@alumni_feats 346 0
1 346 NULL
@model_name 347 10
1 347 CORE
@p_mdl_grid 348 0
1 348 NULL
@mdl_status_ptr 349 0
1 349 NULL
@cfg_states 350 0
1 350 NULL
@disp_outl_info 351 0
1 351 
@disp_outline 352 2
2 352 [2][3]
$C0640E532A94A6E6,C025641957D0931B,BFE3R
$4049,4076E292A9EA0E92,40349R
@ribbon_info_ptr 353 0
1 353 NULL
@p_xref_data 354 0
1 354 ->
@View 355 0
0 355 ->
@id 356 1
1 356 0
@viewattr 357 0
1 357 
@attr_arr 358 1
2 358 [4]
$1,3*0
@mpoint 359 0
1 359 
@id 360 1
2 360 0
@coord 361 2
2 361 [3]
$C04B9CA655294DCR,40663771DF2B89F9,4024
@first_instr_ptr 362 0
2 362 NULL
@attach_ptr 363 0
2 363 NULL
@vpoint 364 0
1 364 
2 360 0
2 361 [3]
$407F4,407A5E,0
2 362 NULL
2 363 NULL
@orient 365 2
1 365 [4][4]
$BFF,3*0
$0,BFF,2*0
$2*0,3FF,0
$3*0,3FF
@local_sys 366 2
1 366 [4][4]
$BFFCA87BB22362A1,3*0
$0,BFFCA87BB22362A1,2*0
$2*0,3FFCA87BB22362A1,0
$407911635419E186,408721BE4CF234D2,C031E94D4F561DA4,3FF
@first_instr_ptr 367 0
1 367 ->
@type 368 1
2 368 100
@geom_id 369 1
2 369 -1
@view_id 370 1
2 370 -1
@memb_num 371 1
2 371 0
@offset 372 2
2 372 0
@matrix 373 0
2 373 NULL
@next_instr_ptr 374 0
1 374 ->
2 368 201
2 369 9
2 370 -1
2 371 0
2 372 0
2 373 NULL
1 374 ->
2 368 208
2 369 36
2 370 -1
2 371 0
2 372 0
2 373 NULL
1 374 ->
2 368 301
2 369 -1
2 370 -1
2 371 0
2 372 3FFCA87BB22362A1
2 373 NULL
1 374 ->
2 368 103
2 369 -1
2 370 -1
2 371 0
2 372 40668
2 373 NULL
1 374 NULL
@outer_xsec_index 375 1
1 375 -1
@next_view_id 376 1
1 376 55
@simp_rep_id 377 1
1 377 -1
@name 378 10
1 378 no name
@matrix 379 2
1 379 [4][4]
$3FF,3*0
$0,3FF,2*0
$2*0,3FF,0
$3*0,3FF
@fit_outline 380 2
1 380 [2][3]
$4059,405518,C032FC6B8C6AA48A
$408C2,4087BB,4032FC6B8C6AA48A
@det_info_ptr 381 0
1 381 NULL
@named_view_pzmatr 382 0
1 382 NULL
@page_id 383 1
1 383 0
@model_name 384 10
1 384 NULL
@unrep_model_name 385 10
1 385 NULL
@View 386 0
0 386 ->
@id 387 1
1 387 55
@viewattr 388 0
1 388 
@attr_arr 389 1
2 389 [4]
$1,3*0
@mpoint 390 0
1 390 
@id 391 1
2 391 0
@coord 392 2
2 392 [3]
$C04B9CA655294DCR,40663771DF2B89F9,4024
@first_instr_ptr 393 0
2 393 NULL
@attach_ptr 394 0
2 394 NULL
@vpoint 395 0
1 395 
2 391 0
2 392 [3]
$407F4,407A5E,0
2 393 NULL
2 394 NULL
@orient 396 2
1 396 [4][4]
$BFF,3*0
$0,BFF,2*0
$2*0,3FF,0
$3*0,3FF
@local_sys 397 2
1 397 [4][4]
$BFFCA87BB22362A1,3*0
$0,BFFCA87BB22362A1,2*0
$2*0,3FFCA87BB22362A1,0
$407911635419E186,408721BE4CF234D2,C031E94D4F561DA5,3FF
@first_instr_ptr 398 0
1 398 ->
@type 399 1
2 399 100
@geom_id 400 1
2 400 -1
@view_id 401 1
2 401 -1
@memb_num 402 1
2 402 0
@offset 403 2
2 403 0
@matrix 404 0
2 404 NULL
@next_instr_ptr 405 0
1 405 ->
2 399 201
2 400 9
2 401 -1
2 402 0
2 403 0
2 404 NULL
1 405 ->
2 399 208
2 400 36
2 401 -1
2 402 0
2 403 0
2 404 NULL
1 405 ->
2 399 301
2 400 -1
2 401 -1
2 402 0
2 403 3FFCA87BB22362A1
2 404 NULL
1 405 ->
2 399 103
2 400 -1
2 401 -1
2 402 0
2 403 40668
2 404 NULL
1 405 NULL
@outer_xsec_index 406 1
1 406 -1
@next_view_id 407 1
1 407 -2
@simp_rep_id 408 1
1 408 -1
@name 409 10
1 409 FRONT
@matrix 410 2
1 410 [4][4]
$3FF,3*0
$0,3FF,2*0
$2*0,3FF,0
$3*0,3FF
@fit_outline 411 2
1 411 [2][3]
$4059,405518,C032FC6B8C6AA48B
$408C2,4087BB,4032FC6B8C6AA48B
@det_info_ptr 412 0
1 412 NULL
@named_view_pzmatr 413 0
1 413 ->
@matrix 414 2
2 414 [4][4]
$3FE,3*0
$0,3FE,2*0
$2*0,3FE,0
$406F4,406A5E,0,3FF
@page_id 415 1
1 415 0
@model_name 416 10
1 416 NULL
@unrep_model_name 417 10
1 417 NULL
@assem_merge_parts 418 0
0 418 ->
#END_OF_UGC
