#UGC:2 PART 886 360 0 1 1 15 1600 9546 \
#- VERS 0 0                                                          \
#- HOST                                                              \
#- LINK                                                              \
#- DBID                                                              \
#- REVS 0,                                                           \
#- RELL 0,                                                           \
#- UOBJ_ID 0 0 0                                                     \
#-END_OF_UGC_HEADER
#P_OBJECT 6
@P_object 1 0
0 1 ->
@dep_db 2 0
1 2 ->
@usr_rev 3 0
1 3 [4]
2 3 
@name 4 10
3 4 USER
@mod_time 5 0
3 5 
@tm_sec 6 1
4 6 0
@tm_min 7 1
4 7 0
@tm_hour 8 1
4 8 0
@tm_mday 9 1
4 9 0
@tm_mon 10 1
4 10 0
@tm_year 11 1
4 11 0
@action 12 1
3 12 1000
@comment 13 10
3 13 25-Mar-93 18:31:45
@rel_level 14 10
3 14 
@rev_string 15 10
3 15 
2 3 
3 4 USER
3 5 
4 6 0
4 7 53
4 8 16
4 9 12
4 10 9
4 11 93
3 12 1000
3 13 Hostname: 'kyushu'
3 14 
3 15 
2 3 
3 4 USER
3 5 
4 6 50
4 7 39
4 8 18
4 9 6
4 10 4
4 11 94
3 12 1000
3 13 Hostname: 'hood'
3 14 
3 15 
2 3 
3 4 RHOADS
3 5 
4 6 44
4 7 56
4 8 16
4 9 30
4 10 10
4 11 95
3 12 1000
3 13 Hostname: 'unga'
3 14 
3 15 
@revnum_std 16 1
1 16 12
@flag 17 1
1 17 0
@name 18 10
1 18 NULL
@inst_hidden 19 1
1 19 0
@old_name 20 10
1 20 NULL
@appl_data 21 0
1 21 ->
@bounding_box 22 2
2 22 [2][3]
$C05A073BC9B361BD,C01B40896802E8A2,C0331CEF26CD86E5
$40806643EAC18CCA,405A073BC9B361BD,408038E779366C38
@uobj_id 23 0
1 23 NULL
#END_OF_P_OBJECT
#Pro/ENGINEER  TM  Version G-01-13  (c) 1988-95 by Parametric Technology Corporation  All Rights Reserved. 9546
@Solid 24 0
0 24 ->
@tab_key 25 1
1 25 0
@tab_key_struct 26 0
1 26 ->
@tab_key_ptr 27 0
2 27 [39]
@cmprs_tabkey 28 0
2 28 NULL
@type 29 1
1 29 2
@revnum_ptr 30 0
1 30 ->
@geom_revnum 31 1
2 31 37
@cosm_revnum 32 1
2 32 48
@first_member_ptr 33 0
1 33 NULL
@alumni_members 34 0
1 34 NULL
@frst_geom_ptr 35 1
1 35 0
@first_feat_ptr 36 0
1 36 ->
@id 37 1
2 37 1
@indep_attributes 38 1
2 38 1
@feat_type_ptr 39 0
2 39 ->
@table_id 40 1
3 40 13
@type 41 1
3 41 923
@feattype_key 42 10
3 42 NULL
@form 43 1
3 43 0
@attributes 44 1
3 44 [3]
$3*0
@placement 45 1
3 45 0
@intersection 46 1
3 46 -1
@internal_udf_type 47 1
3 47 -1
@param_choice_ptr 48 0
3 48 ->
@blend_choice 49 1
4 49 0
@depth_choice 50 1
4 50 0
@angle_choice 51 1
4 51 -1
@pat_choice 52 1
4 52 970
@round_choice 53 1
4 53 -1
@subsec_choice 54 1
4 54 -1
@sweep_choice 55 1
4 55 1
@dome_choice 56 1
4 56 0
@draft_choice 57 1
4 57 0
@misc_choice 58 1
4 58 0
@assoc_type 59 1
3 59 0
@symbol_key 60 1
2 60 -1
@sect_name 61 10
2 61 DTM1
@model_type 62 1
2 62 2
@idtab_ptr 63 0
2 63 ->
@srf_id_arr 64 1
3 64 [1][4]
$2,3*0
@save_geoms 65 0
3 65 NULL
@cr_flags_xar 66 1
3 66 [18]
$2*-1,1965055,1048580,4*0,2048,5*0,2097152,0,2,0
@cvt_feat_dat 67 0
3 67 NULL
@feat_dates_ptr 68 0
3 68 ->
@creat_date 69 1
4 69 0
@regen_date 70 1
4 70 0
@geometry 71 0
2 71 
@srf_array 72 0
3 72 [1]
4 72 ->
@geom_type 73 1
5 73 34
@geom_id 74 1
5 74 2
@feat_id 75 1
5 75 1
@boundary_type 76 1
5 76 1
@envlp 77 2
5 77 [2][2]
$C01B40896802E8A2,C0331CEF26CD86E5
$405A073BC9B361BD,408038E779366C38
@srf_prim_ptr(plane) 78 0
5 78 ->
@local_sys 79 2
6 79 [4][3]
$2*0,3FF
$3FF,2*0
$0,3FF,0
$3*0
@frst_cntr_ptr 80 0
5 80 NULL
@next_geom_ptr 81 1
5 81 0
@orient 82 1
5 82 1
@outline 83 2
5 83 [2][3]
$0,C01B40896802E8A2,C0331CEF26CD86E5
$0,405A073BC9B361BD,408038E779366C38
@group_info_ptr 84 0
2 84 NULL
@intrs_pairs_ptr 85 0
2 85 ->
@place_rec_ptr 86 0
2 86 ->
@local_sys 87 2
3 87 [4][3]
$2*0,3FF
$3FF,2*0
$0,3FF,0
$3*0
@place_instruction_ptrs 88 0
3 88 [1]
4 88 ->
@type 89 1
5 89 513
@offset 90 2
5 90 0
@dim_id 91 1
5 91 -1
@ref_id 92 1
5 92 -1
@geometry1_id 93 1
5 93 -1
@geometry2_id 94 1
5 94 2
@memb_num1 95 1
5 95 0
@memb_num2 96 1
5 96 0
@attr 97 1
5 97 0
@plin_info_arr 98 0
5 98 [2]
6 98 ->
@type 99 1
7 99 1
@data(plin_info_ref) 100 0
7 100 ->
@id_type1 101 1
8 101 -4
@id_type2 102 1
8 102 5
@offset2 103 2
8 103 0
6 98 ->
7 99 6
@data(plin_info_ui_step) 104 0
7 104 ->
@step_ids 105 1
8 105 [1]
9 105 -100
@own_ref_id 106 1
3 106 -1
@orient 107 1
3 107 1
@trf_arr 108 0
3 108 [1]
4 108 
@type 109 1
5 109 11
@idx 110 1
5 110 0
@transf 111 2
5 111 [4][3]
$2*0,3FF
$3FF,2*0
$0,3FF,0
$3*0
@next_prop 112 0
2 112 NULL
@first_geom_id 113 1
2 113 2
@cond_tbl_idx 114 1
2 114 -1
@comment 115 10
2 115 NULL
@merge_info_ptr 116 0
2 116 NULL
@cosm_offs_xar 117 0
2 117 [1]
3 117 
@owner_id 118 1
4 118 2
@offset 119 2
4 119 [3]
$3*0
@topology_increment 120 0
2 120 ->
@first_geom 121 1
3 121 0
@first_quilt 122 1
3 122 0
@outline 123 2
3 123 [2][3]
$3*0
$3*0
@max_part_size 124 2
3 124 0
@xform_increment 125 0
3 125 NULL
@roll_back_id 126 1
3 126 -1
@state_ind 127 1
2 127 -1
@alumni_info 128 0
2 128 NULL
@revnum 129 1
2 129 -1
@rev_rec 130 0
2 130 NULL
@next_feat_ptr 131 0
1 131 ->
2 37 3
2 38 1
2 39 ->
3 40 13
3 41 923
3 42 NULL
3 43 0
3 44 [3]
$3*0
3 45 0
3 46 -1
3 47 -1
3 48 ->
4 49 0
4 50 0
4 51 -1
4 52 970
4 53 -1
4 54 -1
4 55 1
4 56 0
4 57 0
4 58 0
3 59 0
2 60 -1
2 61 DTM2
2 62 2
2 63 ->
3 64 [1][4]
$4,3*0
3 65 NULL
3 66 [18]
$2*-1,1965055,1048580,4*0,2048,5*0,2097152,0,2,0
3 67 NULL
3 68 ->
4 69 0
4 70 0
2 71 
3 72 [1]
4 72 ->
5 73 34
5 74 4
5 75 3
5 76 1
5 77 [2][2]
$C0331CEF26CD86E5,C05A073BC9B361BD
$408038E779366C38,40806643EAC18CC9
5 78 ->
6 79 [4][3]
$0,3FF,0
$2*0,3FF
$3FF,2*0
$3*0
5 80 NULL
5 81 0
5 82 1
5 83 [2][3]
$C05A073BC9B361BD,0,C0331CEF26CD86E5
$40806643EAC18CCA,0,408038E779366C38
2 84 NULL
2 85 ->
2 86 ->
3 87 [4][3]
$0,3FF,0
$2*0,3FF
$3FF,2*0
$3*0
3 88 [1]
4 88 ->
5 89 514
5 90 0
5 91 -1
5 92 -1
5 93 -1
5 94 4
5 95 0
5 96 0
5 97 0
5 98 [2]
6 98 ->
7 99 1
7 100 ->
8 101 -4
8 102 5
8 103 0
6 98 ->
7 99 6
7 104 ->
8 105 [1]
9 105 -100
3 106 -1
3 107 1
3 108 [1]
4 108 
5 109 11
5 110 0
5 111 [4][3]
$0,3FF,0
$2*0,3FF
$3FF,2*0
$3*0
2 112 NULL
2 113 4
2 114 -1
2 115 NULL
2 116 NULL
2 117 [1]
3 117 
4 118 4
4 119 [3]
$3*0
2 120 ->
3 121 0
3 122 0
3 123 [2][3]
$C059,C0059R,C02DFFFFFFFFFFDF
$4080455C718B2092,4059,408018
3 124 0
3 125 NULL
3 126 -1
2 127 -1
2 128 NULL
2 129 -1
2 130 NULL
1 131 ->
2 37 5
2 38 1
2 39 ->
3 40 13
3 41 923
3 42 NULL
3 43 0
3 44 [3]
$3*0
3 45 0
3 46 -1
3 47 -1
3 48 ->
4 49 0
4 50 0
4 51 -1
4 52 970
4 53 -1
4 54 -1
4 55 1
4 56 0
4 57 0
4 58 0
3 59 0
2 60 -1
2 61 DTM3
2 62 2
2 63 ->
3 64 [1][4]
$6,3*0
3 65 NULL
3 66 [18]
$2*-1,1965055,1048580,4*0,2048,5*0,2097152,0,2,0
3 67 NULL
3 68 ->
4 69 0
4 70 0
2 71 
3 72 [1]
4 72 ->
5 73 34
5 74 6
5 75 5
5 76 1
5 77 [2][2]
$C05A073BC9B361BD,C01B40896802E8A2
$40806643EAC18CC9,405A073BC9B361BD
5 78 ->
6 79 [4][3]
$3FF,2*0
$0,3FF,0
$2*0,3FF
$3*0
5 80 NULL
5 81 0
5 82 1
5 83 [2][3]
$C05A073BC9B361BD,C01B40896802E8A2,0
$40806643EAC18CCA,405A073BC9B361BD,0
2 84 NULL
2 85 ->
2 86 ->
3 87 [4][3]
$3FF,2*0
$0,3FF,0
$2*0,3FF
$3*0
3 88 [1]
4 88 ->
5 89 515
5 90 0
5 91 -1
5 92 -1
5 93 -1
5 94 6
5 95 0
5 96 0
5 97 0
5 98 [2]
6 98 ->
7 99 1
7 100 ->
8 101 -4
8 102 5
8 103 0
6 98 ->
7 99 6
7 104 ->
8 105 [1]
9 105 -100
3 106 -1
3 107 1
3 108 [1]
4 108 
5 109 11
5 110 0
5 111 [4][3]
$3FF,2*0
$0,3FF,0
$2*0,3FF
$3*0
2 112 NULL
2 113 6
2 114 -1
2 115 NULL
2 116 NULL
2 117 [1]
3 117 
4 118 6
4 119 [3]
$3*0
2 120 ->
3 121 0
3 122 0
3 123 [2][3]
$C059,C0059R,C02DFFFFFFFFFFDF
$4080455C718B2092,4059,408018
3 124 0
3 125 NULL
3 126 -1
2 127 -1
2 128 NULL
2 129 -1
2 130 NULL
1 131 ->
2 37 33
2 38 1
2 39 ->
3 40 13
3 41 923
3 42 NULL
3 43 0
3 44 [3]
$3,2*0
3 45 0
3 46 -1
3 47 -1
3 48 ->
4 49 0
4 50 0
4 51 -1
4 52 970
4 53 -1
4 54 -1
4 55 0
4 56 0
4 57 0
4 58 0
3 59 0
2 60 -1
2 61 DTM4
2 62 2
2 63 ->
3 64 [1][4]
$34,3*0
3 65 NULL
3 66 [18]
$2*-1,1965055,1048580,4*0,2048,5*0,2097152,0,2,0
3 67 NULL
3 68 ->
4 69 0
4 70 0
2 71 
3 72 [1]
4 72 ->
5 73 34
5 74 34
5 75 33
5 76 -1
5 77 [2][2]
$2*0
$2*0
5 78 ->
6 79 [4][3]
$3FF,2*0
$0,3FF,0
$2*0,3FF
$2*0,4059
5 80 NULL
5 81 0
5 82 1
5 83 [2][3]
$3*0
$3*0
2 84 NULL
2 85 ->
2 86 ->
3 87 [4][3]
$3FF,2*0
$0,3FF,0
$2*0,3FF
$2*0,4059
3 88 [1]
4 88 ->
5 89 503
5 90 4059
5 91 7
5 92 -1
5 93 6
5 94 34
5 95 0
5 96 0
5 97 32770
5 98 [2]
6 98 ->
7 99 1
7 100 ->
8 101 -4
8 102 5
8 103 0
6 98 ->
7 99 6
7 104 ->
8 105 [1]
9 105 -100
3 106 -1
3 107 1
3 108 [1]
4 108 
5 109 11
5 110 0
5 111 [4][3]
$3FF,2*0
$0,3FF,0
$2*0,3FF
$2*0,4059
2 112 NULL
2 113 34
2 114 -1
2 115 NULL
2 116 NULL
2 117 [1]
3 117 
4 118 34
4 119 [3]
$3*0
@parent_table 132 1
2 132 [1]
3 132 5
2 120 ->
3 121 0
3 122 0
3 123 [2][3]
$C059,C0059R,C02DFFFFFFFFFFDF
$4080455C718B2092,4059,408018
3 124 0
3 125 NULL
3 126 -1
2 127 -1
2 128 NULL
2 129 -1
2 130 NULL
1 131 ->
2 37 35
2 38 1
2 39 ->
3 40 13
3 41 923
3 42 NULL
3 43 0
3 44 [3]
$3,2*0
3 45 0
3 46 -1
3 47 -1
3 48 ->
4 49 0
4 50 0
4 51 -1
4 52 970
4 53 -1
4 54 -1
4 55 0
4 56 0
4 57 0
4 58 0
3 59 0
2 60 -1
2 61 DTM5
2 62 2
2 63 ->
3 64 [1][4]
$36,3*0
3 65 NULL
3 66 [18]
$2*-1,1965055,1048580,4*0,2048,5*0,2097152,0,2,0
3 67 NULL
3 68 ->
4 69 0
4 70 0
2 71 
3 72 [1]
4 72 ->
5 73 34
5 74 36
5 75 35
5 76 -1
5 77 [2][2]
$2*0
$2*0
5 78 ->
6 79 [4][3]
$2*0,3FF
$3FF,2*0
$0,3FF,0
$407C2,2*0
5 80 NULL
5 81 0
5 82 1
5 83 [2][3]
$3*0
$3*0
2 84 NULL
2 85 ->
2 86 ->
3 87 [4][3]
$2*0,3FF
$3FF,2*0
$0,3FF,0
$407C2,2*0
3 88 [1]
4 88 ->
5 89 503
5 90 407C2
5 91 8
5 92 -1
5 93 2
5 94 36
5 95 0
5 96 0
5 97 32770
5 98 [2]
6 98 ->
7 99 1
7 100 ->
8 101 -4
8 102 5
8 103 0
6 98 ->
7 99 6
7 104 ->
8 105 [1]
9 105 -100
3 106 -1
3 107 1
3 108 [1]
4 108 
5 109 11
5 110 0
5 111 [4][3]
$2*0,3FF
$3FF,2*0
$0,3FF,0
$407C2,2*0
2 112 NULL
2 113 36
2 114 -1
2 115 NULL
2 116 NULL
2 117 [1]
3 117 
4 118 36
4 119 [3]
$3*0
2 132 [1]
3 132 1
2 120 ->
3 121 0
3 122 0
3 123 [2][3]
$C059,C0059R,C02DFFFFFFFFFFDF
$4080455C718B2092,4059,408018
3 124 0
3 125 NULL
3 126 -1
2 127 -1
2 128 NULL
2 129 -1
2 130 NULL
1 131 ->
2 37 32
2 38 1
2 39 ->
3 40 63
3 41 979
3 42 NULL
3 43 0
3 44 [3]
$3*0
3 45 0
3 46 -1
3 47 -1
3 48 ->
4 49 0
4 50 0
4 51 -1
4 52 -1
4 53 -1
4 54 -1
4 55 1
4 56 0
4 57 0
4 58 1
3 59 0
2 60 -1
2 61 no_name
2 62 2
@entity(coord_sys) 133 0
2 133 ->
@type 134 1
3 134 18
@id 135 1
3 135 37
@gen_info 136 0
3 136 
@color 137 1
4 137 1
@sys_type 138 1
3 138 -1
@pnt_type 139 1
3 139 -1
@radius 140 2
3 140 0
@local_sys 141 2
3 141 [4][3]
$0,3FF,0
$2*0,3FF
$3FF,2*0
$407C2,0,4059
@feat_id 142 1
3 142 32
@entity(text) 143 0
2 143 ->
@text_type 144 1
3 144 34
@text_value 145 10
3 145 CS0
@txt_attrib 146 1
3 146 1
@coord 147 2
3 147 [3]
$408914DBB4115562,40805E3C1C6C0D57,C03DC210BA91E37
@owner_id 148 1
3 148 37
@part_id 149 1
3 149 1
@height 150 2
3 150 BFF
@width_factor 151 2
3 151 BFF
@format_info 152 0
3 152 
2 63 ->
@misc_id_tab 153 0
3 153 [1]
4 153 
@misc_hist 154 1
5 154 [5]
$37,534,0,-1,500
@dtm_id_tab 155 0
3 155 [2]
4 155 
@dtm_id 156 1
5 156 34
@dim_id 157 1
5 157 7
4 155 
5 156 36
5 157 8
3 65 NULL
3 66 [18]
$2*-1,1965055,1048580,4*0,2048,5*0,2097152,0,2,0
3 67 NULL
3 68 ->
4 69 0
4 70 0
2 71 
2 84 NULL
2 85 ->
2 86 ->
3 87 [4][3]
$0,3FF,0
$2*0,3FF
$3FF,2*0
$407C2,0,4059
3 88 [5]
4 88 ->
5 89 1240
5 90 0
5 91 -1
5 92 -1
5 93 34
5 94 -1
5 95 0
5 96 0
5 97 0
5 98 [1]
6 98 ->
7 99 6
7 104 ->
8 105 [1]
9 105 -100
4 88 ->
5 89 1240
5 90 0
5 91 -1
5 92 -1
5 93 4
5 94 -1
5 95 0
5 96 0
5 97 0
5 98 [1]
6 98 ->
7 99 6
7 104 ->
8 105 [1]
9 105 -100
4 88 ->
5 89 1240
5 90 0
5 91 -1
5 92 -1
5 93 36
5 94 -1
5 95 0
5 96 0
5 97 0
5 98 [1]
6 98 ->
7 99 6
7 104 ->
8 105 [1]
9 105 -100
4 88 ->
5 89 1270
5 90 3FF
5 91 -1
5 92 -1
5 93 -1
5 94 -1
5 95 0
5 96 0
5 97 0
5 98 [1]
6 98 ->
7 99 6
7 104 ->
8 105 [1]
9 105 -100
4 88 ->
5 89 1271
5 90 C008
5 91 -1
5 92 -1
5 93 -1
5 94 -1
5 95 0
5 96 0
5 97 0
5 98 [1]
6 98 ->
7 99 6
7 104 ->
8 105 [1]
9 105 -100
3 106 -1
3 107 0
3 108 [1]
4 108 
5 109 10
5 110 0
5 111 [4][3]
$0,3FF,0
$2*0,3FF
$3FF,2*0
$407C2,0,4059
2 112 NULL
2 113 -1
2 114 -1
2 115 NULL
2 116 NULL
2 132 [3]
$3,33,35
2 120 ->
3 121 0
3 122 0
3 123 [2][3]
$C059,C0059R,C02DFFFFFFFFFFDF
$4080455C718B2092,4059,408018
3 124 0
3 125 NULL
3 126 -1
2 127 -1
2 128 NULL
2 129 -1
2 130 NULL
1 131 ->
2 37 8
2 38 1
2 39 ->
3 40 13
3 41 923
3 42 NULL
3 43 0
3 44 [3]
$3,2*0
3 45 0
3 46 -1
3 47 -1
3 48 ->
4 49 0
4 50 0
4 51 -1
4 52 970
4 53 -1
4 54 -1
4 55 0
4 56 0
4 57 0
4 58 0
3 59 0
2 60 -1
2 61 no_name
2 62 2
2 63 ->
3 64 [1][4]
$9,3*0
3 65 NULL
3 66 [18]
$2*-1,1965055,1048580,4*0,2048,5*0,2097152,0,2,0
3 67 NULL
3 68 ->
4 69 0
4 70 0
2 71 
3 72 [1]
4 72 ->
5 73 34
5 74 9
5 75 8
5 76 -1
5 77 [2][2]
$2*0
$2*0
5 78 ->
6 79 [4][3]
$BFF,2*0
$0,3FF,0
$2*0,BFF
$3*0
5 80 NULL
5 81 0
5 82 1
5 83 [2][3]
$3*0
$3*0
2 84 NULL
2 85 ->
2 86 ->
3 87 [4][3]
$BFF,2*0
$0,3FF,0
$2*0,BFF
$3*0
3 88 [2]
4 88 ->
5 89 509
5 90 BFF
5 91 -1
5 92 -1
5 93 6
5 94 9
5 95 0
5 96 0
5 97 32770
5 98 [2]
6 98 ->
7 99 1
7 100 ->
8 101 -4
8 102 5
8 103 0
6 98 ->
7 99 6
7 104 ->
8 105 [1]
9 105 -100
4 88 ->
5 89 510
5 90 3FF
5 91 -1
5 92 -1
5 93 4
5 94 9
5 95 0
5 96 0
5 97 32770
5 98 [2]
6 98 ->
7 99 1
7 100 ->
8 101 -4
8 102 5
8 103 0
6 98 ->
7 99 6
7 104 ->
8 105 [1]
9 105 -100
3 106 -1
3 107 1
3 108 [1]
4 108 
5 109 11
5 110 0
5 111 [4][3]
$BFF,2*0
$0,3FF,0
$2*0,BFF
$3*0
2 112 NULL
2 113 9
2 114 -1
2 115 NULL
2 116 NULL
2 132 [2]
$3,5
2 120 ->
3 121 0
3 122 0
3 123 [2][3]
$C059,C0059R,C02DFFFFFFFFFFDF
$4080455C718B2092,4059,408018
3 124 0
3 125 NULL
3 126 -1
2 127 -1
2 128 NULL
2 129 -1
2 130 NULL
1 131 ->
2 37 7
2 38 1
2 39 ->
3 40 31
3 41 942
3 42 NULL
3 43 8
3 44 [3]
$134217760,2*0
3 45 0
3 46 -1
3 47 -1
3 48 ->
4 49 2087
4 50 17
4 51 -1
4 52 970
4 53 -1
4 54 -1
4 55 1
4 56 0
4 57 0
4 58 0
3 59 0
2 60 -1
2 61 no_name
2 62 2
2 63 ->
3 64 [6][4]
$10,204,2*0
$15,203,2*0
$20,200,2,0
$22,200,2*0
$24,200,1,0
$26,200,3,0
@edg_id_arr 158 1
3 158 [12][6]
$11,221,2,3*0
$12,221,4*0
$13,221,1,3*0
$14,221,3,2*0,10
$16,222,2,2*0,20
$17,222,3*0,22
$18,222,1,2*0,24
$19,222,3,3*0
$21,220,2,2*0,20
$23,220,3*0,22
$25,220,1,2*0,24
$27,220,3,3*0
3 153 [1]
4 153 
5 154 [5]
$28,200,7,-1,501
@par_id_tab 159 1
3 159 [1]
4 159 0
3 155 [1]
4 155 
5 156 9
5 157 -1
3 65 NULL
3 66 [18]
$2*-1,1965055,1048580,4*0,2048,5*0,2097152,0,2,0
3 67 NULL
3 68 ->
4 69 0
4 70 0
2 71 
3 72 [6]
4 72 ->
5 73 34
5 74 10
5 75 7
5 76 -1
5 77 [2][2]
$C08011F15CD69BE4,0
$2*4059
5 78 ->
6 79 [4][3]
$BFF,2*0
$0,3FF,0
$2*0,BFF
$2*0,407F4
5 80 ->
@frst_cntr_crv_hdr_ptr 160 1
6 160 11
@trv 161 1
6 161 -1
@envlp 162 2
6 162 [2][2]
$C08011F15CD69BE4,0
$2*4059
@next_cntr_ptr 163 0
5 163 NULL
5 81 15
5 82 -1
5 83 [2][3]
$2*0,407F4
$2*0,407F4
4 72 ->
5 73 34
5 74 15
5 75 7
5 76 -1
5 77 [2][2]
$C07736A0E88F1298,0
$2*4059
5 78 ->
6 79 [4][3]
$BFF,2*0
$0,3FF,0
$2*0,BFF
$3*0
5 80 ->
6 160 16
6 161 -1
6 162 [2][2]
$C07736A0E88F1298,0
$2*4059
5 163 NULL
5 81 20
5 82 1
5 83 [2][3]
$2*0,407F4
$2*0,407F4
4 72 ->
5 73 36
5 74 20
5 75 7
5 76 1
5 77 [2][2]
$4012D97C7F3321D2,0
$401921FB54442D18,407F4
@srf_prim_ptr(cylinder) 164 0
5 164 ->
@local_sys 165 2
6 165 [4][3]
$BFF,2*0
$0,3FF,0
$2*0,BFF
$0,4059,407F4
@radius 166 2
6 166 4059
5 80 ->
6 160 11
6 161 1
6 162 [2][2]
$4012D97C7F3321D2,0
$401921FB54442D18,407F4
5 163 NULL
5 81 0
5 82 -1
5 83 [2][3]
$C059,2*0
$3D14AE88,4059,407F4
4 72 ->
5 73 34
5 74 22
5 75 7
5 76 1
5 77 [2][2]
$C062C,C06F4
$4062C,406F4
5 78 ->
6 79 [4][3]
$3FF,2*0
$2*0,3FF
$0,BFF,0
$4062C,0,406F4
5 80 ->
6 160 12
6 161 1
6 162 [2][2]
$C062C,C06F4
$4062C,406F4
5 163 NULL
5 81 20
5 82 1
5 83 [2][3]
$3*0
$4072C,0,407F4
4 72 ->
5 73 42
5 74 24
5 75 7
5 76 1
5 77 [2][2]
$2*0
$2*3FF
@srf_prim_ptr(ruled_srf) 167 0
5 167 ->
@local_sys 168 2
6 168 [4][3]
$BFF,2*0
$0,3FF,0
$2*0,BFF
$2*0,407F4
@height 169 2
6 169 407F4
@curve_1(arc) 170 0
6 170 ->
@id 171 1
7 171 -1
@gen_info 172 0
7 172 
@flip 173 1
7 173 -1
@center 174 2
7 174 [3]
$C072C,4072C,0
@radius 175 2
7 175 4072C
@end1 176 2
7 176 [3]
$C08011F15CD69BE4,40568,0
@end2 177 2
7 177 [3]
$C072C,2*0
@t0 178 2
7 178 400F55FEEE8EEC7E
@t1 179 2
7 179 4012D97C7F3321D2
@curve_2(arc) 180 0
6 180 ->
7 171 -1
7 172 
7 173 -1
7 174 [3]
$C072C,4059,0
7 175 4059
7 176 [3]
$C07736A0E88F1298,403E,0
7 177 [3]
$C072C,2*0
7 178 400F55FEEE8EEC7D
7 179 4012D97C7F3321D2
5 80 ->
6 160 13
6 161 1
6 162 [2][2]
$2*0
$2*3FF
5 163 NULL
5 81 22
5 82 1
5 83 [2][3]
$40725929D696F6A6,C0059R,C02DFFFFFFFFFFDF
$4080455C718B2091,40572CR,408018
4 72 ->
5 73 42
5 74 26
5 75 7
5 76 -1
5 77 [2][2]
$2*0
$2*3FF
5 167 ->
6 168 [4][3]
$BFF,2*0
$0,3FF,0
$2*0,BFF
$2*0,407F4
6 169 407F4
@curve_1(line) 181 0
6 181 ->
@id 182 1
7 182 -1
@gen_info 183 0
7 183 
@end1 184 2
7 184 [3]
$C08011F15CD69BE4,40568,0
@end2 185 2
7 185 [3]
$2*4059,0
@curve_2(line) 186 0
6 186 ->
7 182 -1
7 183 
7 184 [3]
$C07736A0E88F1298,403E,0
7 185 [3]
$2*4059,0
5 80 NULL
5 81 0
5 82 1
5 83 [2][3]
$2*0,407F4
$2*0,407F4
@crv_array 187 0
3 187 [12]
4 187 ->
@crv_id 188 1
5 188 11
@feat_id 189 1
5 189 7
@type 190 1
5 190 0
@crv_pnt_dir 191 1
5 191 [2]
$1,-1
@crv_pnt_arr 192 2
5 192 [10][4]
$2*4059,401921FB54442D18,0
$40589EC505C4DDF2,4054A8A6D361C36F,40186F4291ECF2F4,0
$40577E0863D0333E,40507312327A135R,4017BC89CF95B8D,0
$4055A6900584FBE6,4049,401709D10D3E7EAC,0
$405326AF3731F6AB,4041DC518F821D7,401657184AE74487,0
$405011D7383EF146,403765432338254C,4015A45F88900A63,0
$4049,402ACB7FD3D820D8,4014F1A6C638D03F,0
$404119DB9B0BD95,40181F79C2FCCC1,40143EEE03E1961A,0
$40315D64B278F239,3FF84EBE8EC8834,40138C35418A5BF6,0
$BD14AE88,0,4012D97C7F3321D2,0
@crv_hdr_geom_ptr[0] 193 1
5 193 0
@crv_hdr_geom_ptr[1] 194 1
5 194 20
@next_crv_hdr_ptr[0] 195 1
5 195 0
@next_crv_hdr_ptr[1] 196 1
5 196 21
@ref_geom[0] 197 1
5 197 0
@ref_geom[1] 198 1
5 198 0
4 187 ->
5 188 12
5 189 7
5 190 0
5 191 [2]
$1,-1
5 192 [2][4]
$2*0,C062C,C06F4
$C072C,0,4062C,C06F4
5 193 0
5 194 22
5 195 0
5 196 23
5 197 0
5 198 0
4 187 ->
5 188 13
5 189 7
5 190 0
5 191 [2]
$1,-1
5 192 [7][4]
$C072C,3*0
$C0753A74F9C98454,40050ECA7E3B5E8,3FC5R,0
$C077A9C7C3A177DE,4024F724321976A,3FD5R,0
$C07A0308318E967E,403769E6088D451,3FE,0
$C07C3BA93ED89A8E,4044995F0601312,3FE5R,0
$C07E49B073E31606,404FC31AA3EA113,3FEAR,0
$C08011F15CD69BE4,40568,3FF,0
5 193 0
5 194 24
5 195 0
5 196 25
5 197 0
5 198 0
4 187 ->
5 188 14
5 189 7
5 190 2
5 191 [2]
$1,-1
5 192 [2][4]
$C08011F15CD69BE4,40568,2*0
$2*4059,3FF,0
5 193 10
5 194 0
5 195 11
5 196 27
5 197 0
5 198 0
4 187 ->
5 188 16
5 189 7
5 190 0
5 191 [2]
$-1,1
5 192 [10][4]
$2*4059,401921FB54442D18,407F4
$40589EC505C4DDF2,4054A8A6D361C36F,40186F4291ECF2F4,407F4
$40577E0863D0333E,40507312327A135R,4017BC89CF95B8D,407F4
$4055A6900584FBE6,4049,401709D10D3E7EAC,407F4
$405326AF3731F6AB,4041DC518F821D7,401657184AE74487,407F4
$405011D7383EF146,403765432338254C,4015A45F88900A63,407F4
$4049,402ACB7FD3D820D8,4014F1A6C638D03F,407F4
$404119DB9B0BD95,40181F79C2FCCC1,40143EEE03E1961A,407F4
$40315D64B278F239,3FF84EBE8EC8834,40138C35418A5BF6,407F4
$BD14AE88,0,4012D97C7F3321D2,407F4
5 193 0
5 194 20
5 195 0
5 196 23
5 197 0
5 198 0
4 187 ->
5 188 17
5 189 7
5 190 0
5 191 [2]
$-1,1
5 192 [2][4]
$2*0,C062C,406F4
$C072C,0,4062C,406F4
5 193 0
5 194 22
5 195 0
5 196 25
5 197 0
5 198 0
4 187 ->
5 188 18
5 189 7
5 190 0
5 191 [2]
$-1,1
5 192 [5][4]
$C072C,2*0,3FF
$C073FC1122DDCAA6,3FFF8763EC12A3C,3FD,3FF
$C0752BAD65DA322A,401F37DD60BC5C1,3FE,3FF
$C07642DD9664288F,403145A6FA55A5F,3FE8,3FF
$C07736A0E88F1298,403E,2*3FF
5 193 0
5 194 24
5 195 0
5 196 27
5 197 0
5 198 0
4 187 ->
5 188 19
5 189 7
5 190 2
5 191 [2]
$-1,1
5 192 [2][4]
$C07736A0E88F1298,403E,0,3FF
$2*4059,2*3FF
5 193 15
5 194 0
5 195 18
5 196 21
5 197 0
5 198 0
4 187 ->
5 188 21
5 189 7
5 190 0
5 191 [2]
$1,-1
5 192 [2][4]
$401921FB54442D18,0,3FF,0
$401921FB54442D18,407F4,2*3FF
5 193 20
5 194 0
5 195 16
5 196 0
5 197 0
5 198 0
4 187 ->
5 188 23
5 189 7
5 190 0
5 191 [2]
$1,-1
5 192 [2][4]
$C062C,C06F4,4012D97C7F3321D2,0
$C062C,406F4,4012D97C7F3321D2,407F4
5 193 22
5 194 20
5 195 17
5 196 11
5 197 0
5 198 0
4 187 ->
5 188 25
5 189 7
5 190 0
5 191 [2]
$1,-1
5 192 [2][4]
$2*0,4062C,C06F4
$0,3FF,4062C,406F4
5 193 24
5 194 22
5 195 18
5 196 12
5 197 0
5 198 0
4 187 ->
5 188 27
5 189 7
5 190 0
5 191 [2]
$1,-1
5 192 [2][4]
$2*0,3FF,0
$0,3*3FF
5 193 0
5 194 24
5 195 0
5 196 13
5 197 0
5 198 0
@qlt_array 199 0
3 199 [1]
4 199 ->
@quilt_id 200 1
5 200 28
@data_type 201 1
5 201 57
@attr 202 1
5 202 129
@feat_id 203 1
5 203 7
@first_geom_ptr 204 1
5 204 24
@used_by_feat_id 205 1
5 205 -1
@next_quilt_ptr 206 1
5 206 0
2 84 NULL
2 85 ->
2 86 ->
3 87 [4][3]
$BFF,2*0
$0,3FF,0
$2*0,BFF
$2*0,407F4
3 88 [1]
4 88 ->
5 89 36
5 90 0
5 91 -1
5 92 -1
5 93 9
5 94 15
5 95 0
5 96 0
5 97 0
5 98 [2]
6 98 ->
7 99 1
7 100 ->
8 101 -4
8 102 5
8 103 0
6 98 ->
7 99 6
7 104 ->
8 105 [1]
9 105 -100
3 106 -1
3 107 0
3 108 [2]
4 108 
5 109 1
5 110 0
5 111 [4][3]
$BFF,2*0
$0,3FF,0
$2*0,BFF
$3*0
4 108 
5 109 12
5 110 0
5 111 [4][3]
$BFF,2*0
$0,3FF,0
$2*0,BFF
$2*0,407F4
2 112 NULL
2 113 24
@gsec_ptr 207 0
2 207 [1]
3 207 
@type 208 1
4 208 2
@name 209 10
4 209 S2D0001
@gsec2d_ptr 210 0
4 210 ->
@name 211 10
5 211 S2D0001
@segtab_ptr 212 0
5 212 [9]
6 212 
@type 213 1
7 213 2
@dir 214 1
7 214 [3]
$-1,2*0
@pointid 215 1
7 215 [2]
$0,1
@cntrid 216 1
7 216 1
@arcorient 217 1
7 217 0
@verhor 218 1
7 218 1
@radius 219 1
7 219 0
@ext_id 220 1
7 220 0
@gen_info 221 0
7 221 
@known_ent_info 222 0
7 222 
@attr 223 1
8 223 0
@known_ent_id 224 1
8 224 -1
6 212 
7 213 3
7 214 [3]
$1,-1,0
7 215 [2]
$2,1
7 216 3
7 217 0
7 218 -1
7 219 0
7 220 1
7 221 
7 222 
8 223 0
8 224 -1
6 212 
7 213 3
7 214 [3]
$2*1,0
7 215 [2]
$0,4
7 216 5
7 217 0
7 218 6
7 219 1
7 220 2
7 221 
7 222 
8 223 0
8 224 -1
6 212 
7 213 2
7 214 [3]
$-1,2*0
7 215 [2]
$0,1
7 216 0
7 217 0
7 218 1
7 219 0
7 220 5
7 221 
7 222 
8 223 0
8 224 -1
6 212 
7 213 3
7 214 [3]
$1,-1,0
7 215 [2]
$6,1
7 216 7
7 217 0
7 218 -1
7 219 2
7 220 7
7 221 
7 222 
8 223 0
8 224 -1
6 212 
7 213 3
7 214 [3]
$2*1,0
7 215 [2]
$0,4
7 216 5
7 217 0
7 218 6
7 219 3
7 220 8
7 221 
7 222 
8 223 0
8 224 -1
6 212 
7 213 32770
7 214 [3]
$0,1,0
7 215 [2]
$8,9
7 216 9
7 217 0
7 218 0
7 219 0
7 220 4
7 221 
7 222 
8 223 0
8 224 -1
6 212 
7 213 32770
7 214 [3]
$1,2*0
7 215 [2]
$10,11
7 216 11
7 217 0
7 218 1
7 219 0
7 220 3
7 221 
7 222 
8 223 0
8 224 -1
6 212 
7 213 5
7 214 [3]
$-1,1,0
7 215 [2]
$2*12
7 216 -1
7 217 0
7 218 -2
7 219 0
7 220 6
7 221 
7 222 
8 223 0
8 224 -1
@dimtab_ptr 225 0
5 225 [6]
6 225 
@type 226 1
7 226 3
@value 227 2
7 227 4059
@direct 228 1
7 228 0
@property 229 1
7 229 0
@leftpt 230 1
7 230 [2]
@rightpt 231 1
7 231 [2]
@offset 232 2
7 232 0
@ext_id 233 1
7 233 0
@dispdimattr 234 0
7 234 
@dimattr 235 1
8 235 [2]
$2*0
@dim_ref 236 0
7 236 [2]
8 236 
@item_id 237 1
9 237 2
@sense 238 1
9 238 -1
@point 239 1
9 239 [2]
$2*-1
8 236 
9 237 -1
9 238 -1
9 239 [2]
$2*-1
6 225 
7 226 1
7 227 4072C
7 228 0
7 229 0
7 230 [2]
7 231 [2]
7 232 0
7 233 1
7 234 
8 235 [2]
$2*0
7 236 [2]
8 236 
9 237 0
9 238 -1
9 239 [2]
$2*0
8 236 
9 237 -1
9 238 -1
9 239 [2]
$2*1
6 225 
7 226 3
7 227 4059
7 228 0
7 229 0
7 230 [2]
7 231 [2]
7 232 0
7 233 2
7 234 
8 235 [2]
$2*0
7 236 [2]
8 236 
9 237 1
9 238 -1
9 239 [2]
$2*-1
8 236 
9 237 -1
9 238 -1
9 239 [2]
$2*-1
6 225 
7 226 2
7 227 403E
7 228 0
7 229 0
7 230 [2]
7 231 [2]
7 232 0
7 233 3
7 234 
8 235 [2]
$2*0
7 236 [2]
8 236 
9 237 7
9 238 0
9 239 [2]
$2*2
8 236 
9 237 1
9 238 1
9 239 [2]
$10,11
6 225 
7 226 42
7 227 0
7 228 0
7 229 0
7 230 [2]
7 231 [2]
7 232 0
7 233 4
7 234 
8 235 [2]
$2*0
7 236 [2]
8 236 
9 237 6
9 238 4
9 239 [2]
$2*-1
8 236 
9 237 -1
9 238 4
9 239 [2]
$2*-1
6 225 
7 226 3
7 227 4072C
7 228 0
7 229 0
7 230 [2]
7 231 [2]
7 232 0
7 233 5
7 234 
8 235 [2]
$2*0
7 236 [2]
8 236 
9 237 4
9 238 -1
9 239 [2]
$2*-1
8 236 
9 237 -1
9 238 -1
9 239 [2]
$2*-1
@relat_ptr 240 0
5 240 [22]
6 240 
@id 241 1
7 241 -1
@used 242 1
7 242 0
@a 243 1
7 243 [4]
$0,8,2*-1
@b 244 1
7 244 [4]
$4*0
@c 245 2
7 245 [4]
$3FF,BFF,3FF,0
@sign 246 1
7 246 0
@idim 247 1
7 247 -1
@type 248 1
7 248 0
6 240 
7 241 -1
7 242 0
7 243 [4]
$5,8,2*-1
7 244 [4]
$4*0
7 245 [4]
$3FF,BFF,3FF,0
7 246 0
7 247 -1
7 248 0
6 240 
7 241 -1
7 242 0
7 243 [4]
$0,10,2*-1
7 244 [4]
$2*1,2*0
7 245 [4]
$3FF,BFF,3FF,0
7 246 0
7 247 -1
7 248 0
6 240 
7 241 -1
7 242 1
7 243 [4]
$0,1,2*-1
7 244 [4]
$2*1,2*0
7 245 [4]
$3FF,BFF,2*3FF
7 246 0
7 247 0
7 248 0
6 240 
7 241 -1
7 242 0
7 243 [4]
$12,1,2*-1
7 244 [4]
$2*1,2*0
7 245 [4]
$3FF,BFF,2*3FF
7 246 0
7 247 -1
7 248 0
6 240 
7 241 -1
7 242 0
7 243 [4]
$1,3*0
7 244 [4]
$4*0
7 245 [4]
$4*3FF
7 246 1
7 247 0
7 248 14
6 240 
7 241 -1
7 242 0
7 243 [4]
$4*0
7 244 [4]
$4*0
7 245 [4]
$4*3FF
7 246 1
7 247 2
7 248 14
6 240 
7 241 -1
7 242 0
7 243 [4]
$2,3*0
7 244 [4]
$4*0
7 245 [4]
$4*3FF
7 246 1
7 247 5
7 248 14
6 240 
7 241 -1
7 242 6
7 243 [4]
$0,4,2*0
7 244 [4]
$5,3*0
7 245 [4]
$3FF,BFF,3FF,BFF
7 246 1
7 247 1
7 248 6
6 240 
7 241 -1
7 242 9
7 243 [4]
$0,4,2*0
7 244 [4]
$5,3*0
7 245 [4]
$3FF,BFF,3FF,BFF
7 246 1
7 247 3
7 248 6
6 240 
7 241 -1
7 242 6
7 243 [4]
$1,0,2,0
7 244 [4]
$3,3*0
7 245 [4]
$3FF,BFF,4008,3FF
7 246 -1
7 247 0
7 248 5
6 240 
7 241 -1
7 242 6
7 243 [4]
$1,0,6,0
7 244 [4]
$7,3*0
7 245 [4]
$3FF,BFF,4008,3FF
7 246 -1
7 247 2
7 248 5
6 240 
7 241 -1
7 242 1
7 243 [4]
$0,1,2*-1
7 244 [4]
$4*0
7 245 [4]
$3FF,BFF,2*3FF
7 246 -1
7 247 1
7 248 0
6 240 
7 241 -1
7 242 0
7 243 [4]
$12,1,2*-1
7 244 [4]
$4*0
7 245 [4]
$3FF,BFF,2*3FF
7 246 0
7 247 -1
7 248 0
6 240 
7 241 -1
7 242 7
7 243 [4]
$2,1,2*0
7 244 [4]
$3,3*0
7 245 [4]
$2*BFF,3FF,BFF
7 246 1
7 247 0
7 248 6
6 240 
7 241 -1
7 242 7
7 243 [4]
$6,1,2*0
7 244 [4]
$7,3*0
7 245 [4]
$2*BFF,3FF,BFF
7 246 1
7 247 2
7 248 6
6 240 
7 241 -1
7 242 0
7 243 [4]
$2,10,2*-1
7 244 [4]
$2*1,2*0
7 245 [4]
$3FF,BFF,2*3FF
7 246 -1
7 247 3
7 248 0
6 240 
7 241 -1
7 242 0
7 243 [4]
$2,1,2*0
7 244 [4]
$3,3*0
7 245 [4]
$2*BFF,3FF,BFF
7 246 1
7 247 0
7 248 6
6 240 
7 241 -1
7 242 4
7 243 [4]
$12,2,12,2
7 244 [4]
$2*0,2*1
7 245 [4]
$3FF,2*BFF,3FF
7 246 -2
7 247 -1
7 248 9
6 240 
7 241 -1
7 242 0
7 243 [4]
$4,5,2*-1
7 244 [4]
$2*1,2*0
7 245 [4]
$3FF,BFF,3FF,0
7 246 0
7 247 -1
7 248 0
6 240 
7 241 -1
7 242 2
7 243 [4]
$0,4,2*0
7 244 [4]
$5,3*0
7 245 [4]
$3FF,BFF,3FF,BFF
7 246 1
7 247 1
7 248 6
6 240 
7 241 -1
7 242 16
7 243 [4]
$4*0
7 244 [4]
$4*0
7 245 [4]
$4*3FF
7 246 1
7 247 -1
7 248 24
@formula_ptr 249 1
5 249 [22]
$0,1,2,3,4,5,6,7,8,9,10,11,12,13,14,15,16,17,18,19,20,21
@qind 250 1
5 250 -1
@totalpointid 251 1
5 251 13
@checkarcs_flag 252 1
5 252 1
@location 253 0
5 253 ->
@id 254 1
6 254 0
@param 255 2
6 255 0
@type 256 1
6 256 0
@nsket_info 257 0
5 257 ->
@var_arr 258 0
6 258 [10]
7 258 
@type 259 5
8 259 1
@key 260 5
8 260 6
@value 261 2
8 261 C08011F15CD69BE4
@guess 262 2
8 262 C063A950BDD794A8
@known 263 7
8 263 0
@homogeneity 264 7
8 264 1
@uvar_id 265 5
8 265 0
7 258 
8 259 2
8 260 6
8 261 40568
8 262 40463051EB851EBA
8 263 0
8 264 1
8 265 1
7 258 
8 259 1
8 260 7
8 261 C072C
8 262 C059
8 263 1
8 264 1
8 265 0
7 258 
8 259 2
8 260 7
8 261 4072C
8 262 404D95C28F5C28F6
8 263 1
8 264 1
8 265 0
7 258 
8 259 3
8 260 2
8 261 4072C
8 262 404D95C28F5C28F6
8 263 1
8 264 1
8 265 0
7 258 
8 259 1
8 260 12
8 261 C072C
8 262 C059
8 263 1
8 264 1
8 265 0
7 258 
8 259 2
8 260 12
8 261 0
8 262 0
8 263 1
8 264 1
8 265 0
7 258 
8 259 4
8 260 2
8 261 4005F37E4C588185
8 262 4003DC3B1C13DA4F
8 263 1
8 264 0
8 265 0
7 258 
8 259 6
8 260 1
8 261 406D0C20C63A59EC
8 262 40521DF63C5D14A4
8 263 0
8 264 1
8 265 2
7 258 
8 259 6
8 260 9
8 261 C002EDF7B9F96DB3
8 262 C0071C7E1A82BC1F
8 263 0
8 264 0
8 265 3
@eqtn_arr 266 0
6 266 [2]
7 266 
@id 267 1
8 267 -1
@fcn_id 268 5
8 268 0
@arg_arr 269 5
8 269 [6]
$5,6,0,1,8,7
@aux_data 270 1
8 270 0
7 266 
8 267 -1
8 268 0
8 269 [6]
$2,3,0,1,4,9
8 270 0
@scale 271 2
6 271 40601C155596D53D
@scales 272 2
6 272 [2]
$40601C155596D53D,40712339CC585CFD
@guesses 273 2
6 273 [20]
$C063A950BDD794A8,40463051EB851EBA,C059,2*404D95C28F5C28F6,C059,0,
$4003DC3B1C13DA4F,40521DF63C5D14A4,C0071C7E1A82BC1F,C08011F15CD69BE4,40568,
$C072C,2*4072C,C072C,0,4005F37E4C588185,406D0C20C63A59EC,C002EDF7B9F96DB3
@m 274 1
6 274 4
@last_was_permanent 275 1
6 275 0
@unsolved_ptr 276 0
5 276 ->
@iges_file 277 10
6 277 NULL
@solve_version 278 1
5 278 1
@segdscr_tab 279 0
5 279 [9]
6 279 
@ent_mode 280 1
7 280 0
6 279 
7 280 0
6 279 
7 280 0
6 279 
7 280 0
6 279 
7 280 0
6 279 
7 280 0
6 279 
7 280 0
6 279 
7 280 0
6 279 
7 280 0
@gsec3d_ptr 281 0
4 281 ->
@type 282 1
5 282 7
@name 283 10
5 283 S2D0001
@flip 284 1
5 284 1
@own_ref_id 285 1
5 285 -1
@first_chain_ptr 286 0
5 286 NULL
@quilt_id 287 1
5 287 -1
@plane_id 288 1
5 288 9
@plane_flip 289 1
5 289 1
@ref_planes 290 0
5 290 [2]
6 290 
@plane_id 291 1
7 291 4
@ref_type 292 1
7 292 5
@ext_ref_id 293 1
7 293 -1
@seg_id 294 1
7 294 7
@flip_flag 295 1
7 295 256
@save_entity_ptr(line) 296 0
7 296 ->
@type 297 1
8 297 32770
8 182 0
8 183 
@flip 298 1
8 298 0
8 184 [3]
$3*0
8 185 [3]
$4059,2*0
@back_entity_ptr(line) 299 0
7 299 ->
8 297 32770
8 182 0
8 183 
8 298 0
8 184 [3]
$3*0
8 185 [3]
$4059,2*0
6 290 
7 291 2
7 292 5
7 293 -1
7 294 6
7 295 256
7 296 ->
8 297 32770
8 182 0
8 183 
8 298 0
8 184 [3]
$3*0
8 185 [3]
$0,4059,0
7 299 ->
8 297 32770
8 182 0
8 183 
8 298 0
8 184 [3]
$3*0
8 185 [3]
$0,4059,0
@order_ptr 300 0
4 300 [6]
5 300 
@id 301 1
6 301 2
@flip 302 1
6 302 11
5 300 
6 301 0
6 302 0
5 300 
6 301 1
6 302 5
5 300 
6 301 5
6 302 11
5 300 
6 301 3
6 302 0
5 300 
6 301 4
6 302 5
@dim_id_tab 303 1
4 303 [6]
$1,2,3,4,5,6
@attributes 304 1
4 304 0
@xsec_id 305 1
4 305 -1
@gsec_info_arr 306 0
4 306 [1]
5 306 
@application_type 307 1
6 307 2
@application_id 308 1
6 308 -100
@secsolve_revnum 309 1
4 309 0
@rel_accuracy 310 2
4 310 BFF
@p_saved_result 311 0
4 311 NULL
2 114 -1
2 115 NULL
2 116 NULL
2 132 [3]
$1,3,8
2 120 ->
3 121 0
3 122 0
3 123 [2][3]
$C059,C0059R,C02DFFFFFFFFFFDF
$4080455C718B2092,4059,408018
3 124 0
3 125 NULL
3 126 -1
2 127 -1
2 128 NULL
2 129 -1
2 130 NULL
1 131 NULL
@assem_mass_prop_ptr 312 0
1 312 NULL
@mass_prop_ptr 313 0
1 313 ->
@type 314 1
2 314 0
@density 315 2
2 315 0
@init_dens 316 5
2 316 0
@rel_density 317 2
2 317 0
@init_rel_dens 318 5
2 318 0
@aver_density 319 2
2 319 BFF
@vrevnum 320 1
2 320 -1
@volume 321 2
2 321 0
@cg 322 2
2 322 [3]
$3*0
@inertia 323 2
2 323 [3][3]
$3*0
$3*0
$3*0
@eps 324 2
2 324 0
@surfarea 325 2
2 325 0
@assign_mp_ptr 326 0
1 326 NULL
@tol_default_ptr 327 0
1 327 ->
@type 328 1
2 328 10
@value 329 2
2 329 [7]
$0,3FB9R,3F847AE147AE147B,3F50624DD2F1A9FC,3F1A36E2EB1C432D,
$3EE4F8B588E368F1,3EB0C6F7A0B5ED8E
@ang_value 330 2
2 330 [7]
$0,6*3FE
@standard 331 1
2 331 0
@iso_tol_tbls_ptr 332 0
2 332 NULL
@first_xsec_ptr 333 0
1 333 NULL
@datum_count 334 1
1 334 5
@axis_count 335 1
1 335 0
@insert_layer_id 336 1
1 336 -1
@layer_count 337 1
1 337 1
@layer_list 338 0
1 338 [8]
2 338 
@feat_id 339 1
3 339 1
@layer_id 340 1
3 340 0
@back_layer_id 341 1
3 341 0
2 338 
3 339 3
3 340 0
3 341 0
2 338 
3 339 5
3 340 0
3 341 0
2 338 
3 339 33
3 340 0
3 341 0
2 338 
3 339 35
3 340 0
3 341 0
2 338 
3 339 32
3 340 0
3 341 0
2 338 
3 339 8
3 340 0
3 341 0
2 338 
3 339 7
3 340 0
3 341 0
@lang_ptr 342 0
1 342 ->
@interact_on 343 1
2 343 -1
@first_csys_ptr 344 0
1 344 NULL
@color_prop_ptr 345 0
1 345 NULL
@fem_data 346 0
1 346 NULL
@rel_part_eps 347 2
1 347 3F53A92A30553261
@names_table 348 0
1 348 [6]
2 348 ->
@id 349 1
3 349 2
@type 350 1
3 350 5
@name 351 10
3 351 DTM1
2 348 ->
3 349 4
3 350 5
3 351 DTM2
2 348 ->
3 349 6
3 350 5
3 351 DTM3
2 348 ->
3 349 34
3 350 5
3 351 DTM4
2 348 ->
3 349 36
3 350 5
3 351 DTM5
2 348 ->
3 349 37
3 350 25
3 351 CS0
@drv_tbl_ptr 352 0
1 352 NULL
@assembled_count 353 1
1 353 1
@part_type 354 1
1 354 1
@mat_name_ptr 355 10
1 355 NULL
@first_ent_id 356 1
1 356 522713
@first_view_id 357 1
1 357 0
@outline 358 2
1 358 [2][3]
$C059,C0059R,C02DFFFFFFFFFFDF
$4080455C718B2091,4059,408018
@dim_num 359 1
1 359 9
@dim_array 360 0
1 360 [9]
2 360 ->
@type 361 1
3 361 8
@dim_type 362 1
3 362 1
@feat_id 363 1
3 363 7
@attributes 364 1
3 364 897
@dim_dat_ptr 365 0
3 365 ->
@value 366 2
4 366 407F4
@bck_value 367 2
4 367 407F4
@tol_ptr 368 0
4 368 ->
@type 369 1
5 369 9
@tol_type 370 1
5 370 3
@dual_digits_diff 371 1
5 371 999
@value 372 2
5 372 [2]
$2*3F847AE147AE147B
@nominal_value 373 2
4 373 407F4
@bound 374 1
4 374 20
@bck_bound 375 1
4 375 -1
@bck_tol_ptr 376 0
4 376 ->
@value 377 2
5 377 [2]
$2*3F847AE147AE147B
@datum_def_id 378 1
4 378 -1
@places_denom 379 1
4 379 2
@bck_places_denom 380 1
4 380 2
@dim_data_attrib 381 1
4 381 0
@dim_cosm_ptr 382 0
3 382 ->
@d0 383 2
4 383 C06E0389ABF1E441
@d1 384 2
4 384 0
@d2 385 2
4 385 3FE359E6DEE23D1
@d3 386 2
4 386 404B1EDB6DB6DB6F
@ord_info 387 0
4 387 NULL
@attach_ptr 388 0
3 388 NULL
@dim_text_ptr 389 0
3 389 ->
@symbol 390 10
4 390 d0
@parent_dim_id 391 1
3 391 -1
2 360 ->
3 361 8
3 362 3
3 363 7
3 364 801
3 365 ->
4 366 4059
4 367 4059
4 368 ->
5 369 9
5 370 3
5 371 999
5 372 [2]
$2*3F847AE147AE147B
4 373 4059
4 374 20
4 375 -1
4 376 ->
5 377 [2]
$2*3F847AE147AE147B
4 378 -1
4 379 2
4 380 2
4 381 0
3 382 ->
4 383 4059
4 384 4061AC86D50344BE
4 385 3F96A96D2C3531
4 386 C04B1EDB6DB6DB6F
4 387 NULL
3 388 NULL
3 389 ->
4 390 d1
@line_array 392 0
4 392 [1]
5 392 
@text_array 393 0
6 393 [2]
7 393 
@text_type 394 1
8 394 54
@text_value 395 10
8 395 R
@txt_attrib 396 1
8 396 1024
@owner_id 397 1
8 397 1
@part_id 398 1
8 398 2
@height 399 2
8 399 BFF
@width_factor 400 2
8 400 BFF
@format_info 401 0
8 401 
@thickness 402 2
8 402 BFF
7 393 
8 394 61
8 395 
8 396 1025
8 397 1
8 398 2
8 399 BFF
8 400 BFF
8 401 
8 402 BFF
3 391 -1
2 360 ->
3 361 8
3 362 1
3 363 7
3 364 801
3 365 ->
4 366 4072C
4 367 4072C
4 368 ->
5 369 9
5 370 3
5 371 999
5 372 [2]
$2*3F847AE147AE147B
4 373 4072C
4 374 20
4 375 -1
4 376 ->
5 377 [2]
$2*3F847AE147AE147B
4 378 -1
4 379 2
4 380 2
4 381 0
3 382 ->
4 383 3FE2C1CB4DF24301
4 384 4051B635FD595DCR
4 385 3FE1D63BFE5AA531
4 386 403B1EDB6DB6DB6F
4 387 NULL
3 388 NULL
3 389 ->
4 390 d2
3 391 -1
2 360 ->
3 361 8
3 362 3
3 363 7
3 364 801
3 365 ->
4 366 4059
4 367 4059
4 368 ->
5 369 9
5 370 3
5 371 999
5 372 [2]
$2*3F847AE147AE147B
4 373 4059
4 374 20
4 375 -1
4 376 ->
5 377 [2]
$2*3F847AE147AE147B
4 378 -1
4 379 2
4 380 2
4 381 0
3 382 ->
4 383 4059
4 384 405AE6E9E38BCDF3
4 385 4018F6A1F82910A1
4 386 404B1EDB6DB6DB6F
4 387 NULL
3 388 NULL
3 389 ->
4 390 d3
4 392 [1]
5 392 
6 393 [2]
7 393 
8 394 54
8 395 R
8 396 1024
8 397 3
8 398 2
8 399 BFF
8 400 BFF
8 401 
8 402 BFF
7 393 
8 394 61
8 395 
8 396 1025
8 397 3
8 398 2
8 399 BFF
8 400 BFF
8 401 
8 402 BFF
3 391 -1
2 360 ->
3 361 8
3 362 2
3 363 7
3 364 801
3 365 ->
4 366 403E
4 367 403E
4 368 ->
5 369 9
5 370 3
5 371 999
5 372 [2]
$2*3F847AE147AE147B
4 373 403E
4 374 20
4 375 -1
4 376 ->
5 377 [2]
$2*3F847AE147AE147B
4 378 -1
4 379 2
4 380 2
4 381 0
3 382 ->
4 383 BFF7813FCD5E4D0F
4 384 3FEC137A271A92AB
4 385 C04663A828833D1E
4 386 403B1EDB6DB6DB6F
4 387 NULL
3 388 NULL
3 389 ->
4 390 d4
3 391 -1
2 360 ->
3 361 8
3 362 42
3 363 7
3 364 32
3 365 ->
4 366 0
4 367 0
4 368 ->
5 369 9
5 370 3
5 371 999
5 372 [2]
$2*3F847AE147AE147B
4 373 0
4 374 20
4 375 -1
4 376 ->
5 377 [2]
$2*3F847AE147AE147B
4 378 -1
4 379 2
4 380 2
4 381 0
3 382 ->
4 383 0
4 384 0
4 385 0
4 386 0
4 387 NULL
3 388 NULL
3 389 ->
4 390 d5
3 391 -1
2 360 ->
3 361 8
3 362 3
3 363 7
3 364 801
3 365 ->
4 366 4072C
4 367 4072C
4 368 ->
5 369 9
5 370 3
5 371 999
5 372 [2]
$2*3F847AE147AE147B
4 373 4072C
4 374 20
4 375 -1
4 376 ->
5 377 [2]
$2*3F847AE147AE147B
4 378 -1
4 379 2
4 380 2
4 381 0
3 382 ->
4 383 4072C
4 384 C06C5807115C586B
4 385 4018042E400A787C
4 386 C04B1EDB6DB6DB6F
4 387 NULL
3 388 NULL
3 389 ->
4 390 d6
4 392 [1]
5 392 
6 393 [2]
7 393 
8 394 54
8 395 R
8 396 1024
8 397 6
8 398 2
8 399 BFF
8 400 BFF
8 401 
8 402 BFF
7 393 
8 394 61
8 395 
8 396 1025
8 397 6
8 398 2
8 399 BFF
8 400 BFF
8 401 
8 402 BFF
3 391 -1
2 360 ->
3 361 8
3 362 204
3 363 32
3 364 257
3 365 ->
4 366 4059
4 367 4059
4 368 ->
5 369 9
5 370 3
5 371 999
5 372 [2]
$2*3F847AE147AE147B
4 373 4059
4 374 20
4 375 -1
4 376 ->
5 377 [2]
$2*3F847AE147AE147B
4 378 -1
4 379 3
4 380 3
4 381 0
3 382 ->
4 383 0
4 384 0
4 385 0
4 386 0
4 387 NULL
3 388 NULL
3 389 ->
4 390 d7
3 391 -1
2 360 ->
3 361 8
3 362 204
3 363 32
3 364 257
3 365 ->
4 366 407C2
4 367 407C2
4 368 ->
5 369 9
5 370 3
5 371 999
5 372 [2]
$2*3F847AE147AE147B
4 373 407C2
4 374 20
4 375 -1
4 376 ->
5 377 [2]
$2*3F847AE147AE147B
4 378 -1
4 379 2
4 380 2
4 381 0
3 382 ->
4 383 0
4 384 0
4 385 0
4 386 0
4 387 NULL
3 388 NULL
3 389 ->
4 390 d8
3 391 -1
@ipar_num 403 1
1 403 0
@relpar_sets 404 0
1 404 [1]
2 404 
@id 405 1
3 405 -1
@type 406 1
3 406 2
@ext_ref_id 407 1
3 407 -1
@relatnum 408 1
3 408 0
@unit_arr 409 0
1 409 [2]
2 409 
@type 410 1
3 410 1
@factor 411 2
3 411 3FF
@name 412 10
3 412 INCH
@unit_type 413 1
3 413 0
2 409 
3 410 2
3 411 3FF
3 412 POUND
3 413 1
@geom_lib_ptr 414 0
1 414 NULL
@first_quilt_ptr 415 1
1 415 28
@attrib_array 416 1
1 416 [1]
2 416 0
@smt_info_ptr 417 0
1 417 NULL
@cable_info_ptr 418 0
1 418 NULL
@comp_info_ptr 419 0
1 419 NULL
@max_part_size 420 2
1 420 0
@prt_misc_ptr 421 0
1 421 ->
@shrink_data_ptr 422 0
2 422 NULL
@layer_array 423 0
1 423 [1]
2 423 ->
@id 424 1
3 424 38
@type 425 1
3 425 117
@user_id 426 1
3 426 1
@weird_wline_ptr 427 0
3 427 ->
@weird_wline 428 10
4 428 1
@layer_objects 429 0
3 429 [3]
4 429 
@type 430 1
5 430 3
@ids 431 1
5 431 [3]
$1,3,5
4 429 
5 430 62
4 429 
5 430 145
@saved_operation 432 1
3 432 3
@expld_mv_info 433 0
1 433 NULL
@state_info_ptr 434 0
1 434 NULL
@alumni_feats 435 0
1 435 NULL
@model_name 436 10
1 436 REF_SURF
@p_mdl_grid 437 0
1 437 NULL
@mdl_status_ptr 438 0
1 438 NULL
@cfg_states 439 0
1 439 NULL
@disp_outl_info 440 0
1 440 
@disp_outline 441 2
2 441 [2][3]
$C05A073BC9B361BD,C01B40896802E8A2,C0331CEF26CD86E5
$40806643EAC18CCA,405A073BC9B361BD,408038E779366C38
@ribbon_info_ptr 442 0
1 442 NULL
@p_xref_data 443 0
1 443 ->
@View 444 0
0 444 ->
@id 445 1
1 445 0
@viewattr 446 0
1 446 
@attr_arr 447 1
2 447 [4]
$1,3*0
@mpoint 448 0
1 448 
@id 449 1
2 449 0
@coord 450 2
2 450 [3]
$406A4AB8E3164125,404853R,406F4
@first_instr_ptr 451 0
2 451 NULL
@attach_ptr 452 0
2 452 NULL
@vpoint 453 0
1 453 
2 449 0
2 450 [3]
$407F4,407A5E,0
2 451 NULL
2 452 NULL
@orient 454 2
1 454 [4][4]
$3FED7954E7DBA2F8,0,3FD8EC3AE92B676B,0
$BFD385CE5246572,3FE3E43A9692E21C,3FE7167619F550A2,0
$BFCEFC077F3F36A6,BFE91103985DA841,3FE25240DD3851BF,0
$3*0,3FF
@local_sys 455 2
1 455 [4][4]
$3FEFB8141D78BCF6,0,3FDAD23A72C9747F,0
$BFD502805C24EE6D,3FE5681DE39FE64R,3FE8D8AD11FF13D5,0
$BFD0AC1DAFD7F73F,BFEAF9D06CE0D882,3FE3B78593B69825,0
$407749BCA067A3D5,4082C0A1770E027C,C0717F5BD1F44FA,3FF
@first_instr_ptr 456 0
1 456 ->
@type 457 1
2 457 100
@geom_id 458 1
2 458 -1
@view_id 459 1
2 459 -1
@memb_num 460 1
2 460 0
@offset 461 2
2 461 0
@matrix 462 0
2 462 NULL
@next_instr_ptr 463 0
1 463 ->
2 457 301
2 458 -1
2 459 -1
2 460 0
2 461 3FF13800AC99EDD4
2 462 NULL
1 463 NULL
@outer_xsec_index 464 1
1 464 -1
@next_view_id 465 1
1 465 29
@simp_rep_id 466 1
1 466 -1
@name 467 10
1 467 no name
@matrix 468 2
1 468 [4][4]
$3FF,3*0
$0,3FF,2*0
$2*0,3FF,0
$3*0,3FF
@fit_outline 469 2
1 469 [2][3]
$4059,405518,C0754A883104E53B
$408C2,4087BB,40754A883104E538
@det_info_ptr 470 0
1 470 NULL
@named_view_pzmatr 471 0
1 471 NULL
@page_id 472 1
1 472 0
@model_name 473 10
1 473 NULL
@unrep_model_name 474 10
1 474 NULL
@View 475 0
0 475 ->
@id 476 1
1 476 29
@viewattr 477 0
1 477 
@attr_arr 478 1
2 478 [4]
$1,3*0
@mpoint 479 0
1 479 
@id 480 1
2 480 0
@coord 481 2
2 481 [3]
$4048EEAD32ADD175,40487,4062C
@first_instr_ptr 482 0
2 482 NULL
@attach_ptr 483 0
2 483 NULL
@vpoint 484 0
1 484 
2 480 0
2 481 [3]
$407F4,407A5E,0
2 482 NULL
2 483 NULL
@orient 485 2
1 485 [4][4]
$3FF,3*0
$0,3FF,2*0
$2*0,3FF,0
$3*0,3FF
@local_sys 486 2
1 486 [4][4]
$4005099FE482D3AC,3*0
$0,4005099FE482D3AC,2*0
$2*0,4005099FE482D3AC,0
$40770DEF51084CA2,40725593327F0BAE,C078A7475FC9500E,3FF
@first_instr_ptr 487 0
1 487 ->
@type 488 1
2 488 100
@geom_id 489 1
2 489 -1
@view_id 490 1
2 490 -1
@memb_num 491 1
2 491 0
@offset 492 2
2 492 0
@matrix 493 0
2 493 NULL
@next_instr_ptr 494 0
1 494 ->
2 488 201
2 489 6
2 490 -1
2 491 0
2 492 0
2 493 NULL
1 494 ->
2 488 202
2 489 4
2 490 -1
2 491 0
2 492 0
2 493 NULL
1 494 NULL
@outer_xsec_index 495 1
1 495 -1
@next_view_id 496 1
1 496 -2
@simp_rep_id 497 1
1 497 -1
@name 498 10
1 498 FRONT
@matrix 499 2
1 499 [4][4]
$3FF,3*0
$0,3FF,2*0
$2*0,3FF,0
$3*0,3FF
@fit_outline 500 2
1 500 [2][3]
$4059,405518,0
$408C2,4087BB,0
@det_info_ptr 501 0
1 501 NULL
@named_view_pzmatr 502 0
1 502 ->
@matrix 503 2
2 503 [4][4]
$3FF,3*0
$0,3FF,2*0
$2*0,3FF,0
$3*0,3FF
@page_id 504 1
1 504 0
@model_name 505 10
1 505 NULL
@unrep_model_name 506 10
1 506 NULL
@assem_merge_parts 507 0
0 507 ->
#END_OF_UGC
