------------------------------------------------------------
MECHANICA Structure Version 8.0(35)
Summary for Design Study "handle_sen1"
Tue Nov 21, 1995   17:45:27
------------------------------------------------------------

Run Settings
   Memory allocation for block solver: 20.0      
   Perform mesh smoothing after each parameter update.
   Remesh after each parameter update.

MECHANICA Structure Model Summary

   Model Type: Three Dimensional

   Points:        112
   Edges:         485
   Faces:         636

   Springs:         0
   Masses:          0
   Beams:           0
   Shells:          0
   Solids:        264

   Elements:      264

------------------------------------------------------------

Global Sensitivity Design Study

Parameter            Start      End
   d6                 0.0%   100.0%

Sensitivity Step 1 of 11

Parameters:
   d6                0.0000%

Static Analysis "anlys1":

   Convergence Method: Multiple-Pass Adaptive

   Convergence Loop Log:                         (17:48:24)

   >> Pass  1 <<
         Calculating Element Equations           (17:48:25)
            Total Number of Equations:     336
            Maximum Edge Order:              1
         Solving Equations                       (17:48:28)
         Calculating Disp and Stress Results     (17:48:30)
            Plotting Grid:                   4
         Checking Convergence                    (17:48:38)
            Elements Not Converged:        297
            Edges Not Converged:           535
            Local Disp/Energy Index:    100.0%
            Global RMS Stress Index:    100.0%
         Resource Check                          (17:48:39)
            Elapsed Time     (sec):     193.45
            CPU Time         (sec):     142.28
            Memory Usage      (kb):      30048
            Wrk Dir Dsk Usage (kb):       1201

   >> Pass  2 <<
         Calculating Element Equations           (17:48:39)
            Total Number of Equations:    1881
            Maximum Edge Order:              2
         Solving Equations                       (17:48:43)
         Calculating Disp and Stress Results     (17:48:44)
            Plotting Grid:                   4
         Checking Convergence                    (17:48:55)
            Elements Not Converged:        198
            Edges Not Converged:           233
            Local Disp/Energy Index:    100.0%
            Global RMS Stress Index:     98.7%
         Resource Check                          (17:48:55)
            Elapsed Time     (sec):     210.26
            CPU Time         (sec):     158.85
            Memory Usage      (kb):      31064
            Wrk Dir Dsk Usage (kb):       1201

   >> Pass  3 <<
         Calculating Element Equations           (17:48:57)
            Total Number of Equations:    5634
            Maximum Edge Order:              4
         Solving Equations                       (17:49:06)
         Calculating Disp and Stress Results     (17:49:21)
            Plotting Grid:                   4
         Checking Convergence                    (17:49:37)
            Elements Not Converged:        144
            Edges Not Converged:           126
            Local Disp/Energy Index:    100.0%
            Global RMS Stress Index:     90.1%
         Resource Check                          (17:49:38)
            Elapsed Time     (sec):     253.00
            CPU Time         (sec):     201.00
            Memory Usage      (kb):      36848
            Wrk Dir Dsk Usage (kb):       4861

   >> Pass  4 <<
         Calculating Element Equations           (17:49:40)
            Total Number of Equations:   11307
            Maximum Edge Order:              5
         Solving Equations                       (17:50:09)
         Calculating Disp and Stress Results     (17:51:23)
            Plotting Grid:                   4
         Checking Convergence                    (17:51:51)
            Elements Not Converged:         11
            Edges Not Converged:             0
            Local Disp/Energy Index:     21.9%
            Global RMS Stress Index:      3.2%
         Resource Check                          (17:51:55)
            Elapsed Time     (sec):     389.56
            CPU Time         (sec):     330.07
            Memory Usage      (kb):      51456
            Wrk Dir Dsk Usage (kb):      56025

   >> Pass  5 <<
         Calculating Element Equations           (17:51:59)
            Total Number of Equations:   17481
            Maximum Edge Order:              6
         Solving Equations                       (17:54:06)
         Calculating Disp and Stress Results     (17:56:25)
            Plotting Grid:                   4
         Checking Convergence                    (17:57:16)
            Elements Not Converged:          1
            Edges Not Converged:             0
            Local Disp/Energy Index:     11.9%
            Global RMS Stress Index:      6.4%
         Resource Check                          (17:57:23)
            Elapsed Time     (sec):     717.34
            CPU Time         (sec):     586.26
            Memory Usage      (kb):      77336
            Wrk Dir Dsk Usage (kb):     105689

   >> Pass  6 <<
         Calculating Element Equations           (17:57:32)
            Total Number of Equations:   24537
            Maximum Edge Order:              7
         Solving Equations                       (18:02:17)
         Calculating Disp and Stress Results     (18:08:39)
            Plotting Grid:                   4
         Checking Convergence                    (18:10:27)
            Elements Not Converged:          0
            Edges Not Converged:             0
            Local Disp/Energy Index:      6.9%
            Global RMS Stress Index:      3.1%
         Resource Check                          (18:10:44)
            Elapsed Time     (sec):    1518.88
            CPU Time         (sec):    1201.53
            Memory Usage      (kb):     123752
            Wrk Dir Dsk Usage (kb):     187621

            The analysis converged to within 10.0% on
            edge displacement, element strain energy,
            and global RMS stress.

Analysis "anlys1" Completed  (18:10:47)

Sensitivity Step 2 of 11

Parameters:
   d6               10.0000%

Static Analysis "anlys1":

   Convergence Method: Multiple-Pass Adaptive

   Convergence Loop Log:                         (18:12:53)

   >> Pass  1 <<
         Calculating Element Equations           (18:12:55)
            Total Number of Equations:     336
            Maximum Edge Order:              1
         Solving Equations                       (18:12:57)
         Calculating Disp and Stress Results     (18:13:00)
            Plotting Grid:                   4
         Checking Convergence                    (18:13:10)
            Elements Not Converged:        297
            Edges Not Converged:           535
            Local Disp/Energy Index:    100.0%
            Global RMS Stress Index:    100.0%
         Resource Check                          (18:13:10)
            Elapsed Time     (sec):    1665.16
            CPU Time         (sec):    1253.43
            Memory Usage      (kb):     123752
            Wrk Dir Dsk Usage (kb):     187621

   >> Pass  2 <<
         Calculating Element Equations           (18:13:11)
            Total Number of Equations:    1881
            Maximum Edge Order:              2
         Solving Equations                       (18:13:15)
         Calculating Disp and Stress Results     (18:13:17)
            Plotting Grid:                   4
         Checking Convergence                    (18:13:31)
            Elements Not Converged:        203
            Edges Not Converged:           233
            Local Disp/Energy Index:    100.0%
            Global RMS Stress Index:     98.6%
         Resource Check                          (18:13:32)
            Elapsed Time     (sec):    1686.96
            CPU Time         (sec):    1272.22
            Memory Usage      (kb):     123752
            Wrk Dir Dsk Usage (kb):     187621

   >> Pass  3 <<
         Calculating Element Equations           (18:13:34)
            Total Number of Equations:    5703
            Maximum Edge Order:              4
         Solving Equations                       (18:13:47)
         Calculating Disp and Stress Results     (18:14:03)
            Plotting Grid:                   4
         Checking Convergence                    (18:14:26)
            Elements Not Converged:        146
            Edges Not Converged:           129
            Local Disp/Energy Index:    100.0%
            Global RMS Stress Index:     88.0%
         Resource Check                          (18:14:28)
            Elapsed Time     (sec):    1742.98
            CPU Time         (sec):    1319.70
            Memory Usage      (kb):     123752
            Wrk Dir Dsk Usage (kb):     187621

   >> Pass  4 <<
         Calculating Element Equations           (18:14:32)
            Total Number of Equations:   11568
            Maximum Edge Order:              5
         Solving Equations                       (18:15:15)
         Calculating Disp and Stress Results     (18:17:14)
            Plotting Grid:                   4
         Checking Convergence                    (18:18:05)
            Elements Not Converged:          7
            Edges Not Converged:             0
            Local Disp/Energy Index:     22.9%
            Global RMS Stress Index:      3.0%
         Resource Check                          (18:18:09)
            Elapsed Time     (sec):    1964.26
            CPU Time         (sec):    1485.98
            Memory Usage      (kb):     123752
            Wrk Dir Dsk Usage (kb):     187621

   >> Pass  5 <<
         Calculating Element Equations           (18:18:15)
            Total Number of Equations:   17445
            Maximum Edge Order:              6
         Solving Equations                       (18:20:50)
         Calculating Disp and Stress Results     (18:25:08)
            Plotting Grid:                   4
         Checking Convergence                    (18:26:30)
            Elements Not Converged:          1
            Edges Not Converged:             0
            Local Disp/Energy Index:     10.5%
            Global RMS Stress Index:      7.2%
         Resource Check                          (18:26:38)
            Elapsed Time     (sec):    2472.86
            CPU Time         (sec):    1854.41
            Memory Usage      (kb):     123752
            Wrk Dir Dsk Usage (kb):     187621

   >> Pass  6 <<
         Calculating Element Equations           (18:26:49)
            Total Number of Equations:   24657
            Maximum Edge Order:              7
         Solving Equations                       (18:32:11)
         Calculating Disp and Stress Results     (18:43:15)
            Plotting Grid:                   4
         Checking Convergence                    (18:45:09)
            Elements Not Converged:          0
            Edges Not Converged:             0
            Local Disp/Energy Index:      7.6%
            Global RMS Stress Index:      2.8%
         Resource Check                          (18:45:24)
            Elapsed Time     (sec):    3598.91
            CPU Time         (sec):    2693.04
            Memory Usage      (kb):     143648
            Wrk Dir Dsk Usage (kb):     211429

            The analysis converged to within 10.0% on
            edge displacement, element strain energy,
            and global RMS stress.

Analysis "anlys1" Completed  (18:45:28)

Sensitivity Step 3 of 11

Parameters:
   d6               20.0000%

Static Analysis "anlys1":

   Convergence Method: Multiple-Pass Adaptive

   Convergence Loop Log:                         (18:47:48)

   >> Pass  1 <<
         Calculating Element Equations           (18:47:52)
            Total Number of Equations:     336
            Maximum Edge Order:              1
         Solving Equations                       (18:47:55)
         Calculating Disp and Stress Results     (18:47:56)
            Plotting Grid:                   4
         Checking Convergence                    (18:48:08)
            Elements Not Converged:        297
            Edges Not Converged:           535
            Local Disp/Energy Index:    100.0%
            Global RMS Stress Index:    100.0%
         Resource Check                          (18:48:09)
            Elapsed Time     (sec):    3763.48
            CPU Time         (sec):    2745.59
            Memory Usage      (kb):     143648
            Wrk Dir Dsk Usage (kb):     211429

   >> Pass  2 <<
         Calculating Element Equations           (18:48:10)
            Total Number of Equations:    1881
            Maximum Edge Order:              2
         Solving Equations                       (18:48:14)
         Calculating Disp and Stress Results     (18:48:16)
            Plotting Grid:                   4
         Checking Convergence                    (18:48:29)
            Elements Not Converged:        207
            Edges Not Converged:           233
            Local Disp/Energy Index:    100.0%
            Global RMS Stress Index:     98.4%
         Resource Check                          (18:48:30)
            Elapsed Time     (sec):    3784.94
            CPU Time         (sec):    2763.90
            Memory Usage      (kb):     143648
            Wrk Dir Dsk Usage (kb):     211429

   >> Pass  3 <<
         Calculating Element Equations           (18:48:31)
            Total Number of Equations:    5706
            Maximum Edge Order:              4
         Solving Equations                       (18:48:45)
         Calculating Disp and Stress Results     (18:49:00)
            Plotting Grid:                   4
         Checking Convergence                    (18:49:24)
            Elements Not Converged:        150
            Edges Not Converged:           130
            Local Disp/Energy Index:    100.0%
            Global RMS Stress Index:     85.2%
         Resource Check                          (18:49:26)
            Elapsed Time     (sec):    3841.16
            CPU Time         (sec):    2811.21
            Memory Usage      (kb):     143648
            Wrk Dir Dsk Usage (kb):     211429

   >> Pass  4 <<
         Calculating Element Equations           (18:49:29)
            Total Number of Equations:   11649
            Maximum Edge Order:              5
         Solving Equations                       (18:50:13)
         Calculating Disp and Stress Results     (18:52:05)
            Plotting Grid:                   4
         Checking Convergence                    (18:52:50)
            Elements Not Converged:          6
            Edges Not Converged:             0
            Local Disp/Energy Index:     22.7%
            Global RMS Stress Index:      2.9%
         Resource Check                          (18:52:54)
            Elapsed Time     (sec):    4048.43
            CPU Time         (sec):    2969.40
            Memory Usage      (kb):     143648
            Wrk Dir Dsk Usage (kb):     211429

   >> Pass  5 <<
         Calculating Element Equations           (18:52:58)
            Total Number of Equations:   16992
            Maximum Edge Order:              6
         Solving Equations                       (18:55:21)
         Calculating Disp and Stress Results     (18:59:42)
            Plotting Grid:                   4
         Checking Convergence                    (19:00:55)
            Elements Not Converged:          0
            Edges Not Converged:             0
            Local Disp/Energy Index:      9.9%
            Global RMS Stress Index:      7.2%
         Resource Check                          (19:01:02)
            Elapsed Time     (sec):    4536.52
            CPU Time         (sec):    3324.64
            Memory Usage      (kb):     143648
            Wrk Dir Dsk Usage (kb):     211429

            The analysis converged to within 10.0% on
            edge displacement, element strain energy,
            and global RMS stress.

Analysis "anlys1" Completed  (19:01:04)

Sensitivity Step 4 of 11

Parameters:
   d6               30.0000%

Static Analysis "anlys1":

   Convergence Method: Multiple-Pass Adaptive

   Convergence Loop Log:                         (19:03:46)

   >> Pass  1 <<
         Calculating Element Equations           (19:03:48)
            Total Number of Equations:     336
            Maximum Edge Order:              1
         Solving Equations                       (19:03:51)
         Calculating Disp and Stress Results     (19:03:53)
            Plotting Grid:                   4
         Checking Convergence                    (19:04:03)
            Elements Not Converged:        297
            Edges Not Converged:           535
            Local Disp/Energy Index:    100.0%
            Global RMS Stress Index:    100.0%
         Resource Check                          (19:04:04)
            Elapsed Time     (sec):    4718.57
            CPU Time         (sec):    3378.54
            Memory Usage      (kb):     143648
            Wrk Dir Dsk Usage (kb):     211429

   >> Pass  2 <<
         Calculating Element Equations           (19:04:05)
            Total Number of Equations:    1881
            Maximum Edge Order:              2
         Solving Equations                       (19:04:11)
         Calculating Disp and Stress Results     (19:04:13)
            Plotting Grid:                   4
         Checking Convergence                    (19:04:25)
            Elements Not Converged:        212
            Edges Not Converged:           233
            Local Disp/Energy Index:    100.0%
            Global RMS Stress Index:     98.2%
         Resource Check                          (19:04:26)
            Elapsed Time     (sec):    4740.64
            CPU Time         (sec):    3397.72
            Memory Usage      (kb):     143648
            Wrk Dir Dsk Usage (kb):     211429

   >> Pass  3 <<
         Calculating Element Equations           (19:04:27)
            Total Number of Equations:    5721
            Maximum Edge Order:              4
         Solving Equations                       (19:04:41)
         Calculating Disp and Stress Results     (19:04:58)
            Plotting Grid:                   4
         Checking Convergence                    (19:05:16)
            Elements Not Converged:        149
            Edges Not Converged:           132
            Local Disp/Energy Index:    100.0%
            Global RMS Stress Index:     81.6%
         Resource Check                          (19:05:18)
            Elapsed Time     (sec):    4792.73
            CPU Time         (sec):    3443.61
            Memory Usage      (kb):     143648
            Wrk Dir Dsk Usage (kb):     211429

   >> Pass  4 <<
         Calculating Element Equations           (19:05:20)
            Total Number of Equations:   11649
            Maximum Edge Order:              5
         Solving Equations                       (19:06:03)
         Calculating Disp and Stress Results     (19:08:07)
            Plotting Grid:                   4
         Checking Convergence                    (19:08:38)
            Elements Not Converged:          4
            Edges Not Converged:             0
            Local Disp/Energy Index:     21.9%
            Global RMS Stress Index:      2.9%
         Resource Check                          (19:08:42)
            Elapsed Time     (sec):    4996.44
            CPU Time         (sec):    3601.50
            Memory Usage      (kb):     143648
            Wrk Dir Dsk Usage (kb):     211429

   >> Pass  5 <<
         Calculating Element Equations           (19:08:46)
            Total Number of Equations:   17022
            Maximum Edge Order:              6
         Solving Equations                       (19:11:05)
         Calculating Disp and Stress Results     (19:15:48)
            Plotting Grid:                   4
         Checking Convergence                    (19:16:41)
            Elements Not Converged:          0
            Edges Not Converged:             0
            Local Disp/Energy Index:      9.7%
            Global RMS Stress Index:      7.1%
         Resource Check                          (19:16:47)
            Elapsed Time     (sec):    5482.00
            CPU Time         (sec):    3972.54
            Memory Usage      (kb):     143648
            Wrk Dir Dsk Usage (kb):     211429

            The analysis converged to within 10.0% on
            edge displacement, element strain energy,
            and global RMS stress.

Analysis "anlys1" Completed  (19:16:49)

Sensitivity Step 5 of 11

Parameters:
   d6               40.0000%

Static Analysis "anlys1":

   Convergence Method: Multiple-Pass Adaptive

   Convergence Loop Log:                         (19:19:01)

   >> Pass  1 <<
         Calculating Element Equations           (19:19:03)
            Total Number of Equations:     336
            Maximum Edge Order:              1
         Solving Equations                       (19:19:06)
         Calculating Disp and Stress Results     (19:19:07)
            Plotting Grid:                   4
         Checking Convergence                    (19:19:18)
            Elements Not Converged:        297
            Edges Not Converged:           535
            Local Disp/Energy Index:    100.0%
            Global RMS Stress Index:    100.0%
         Resource Check                          (19:19:19)
            Elapsed Time     (sec):    5633.82
            CPU Time         (sec):    4025.48
            Memory Usage      (kb):     143648
            Wrk Dir Dsk Usage (kb):     211429

   >> Pass  2 <<
         Calculating Element Equations           (19:19:21)
            Total Number of Equations:    1881
            Maximum Edge Order:              2
         Solving Equations                       (19:19:25)
         Calculating Disp and Stress Results     (19:19:27)
            Plotting Grid:                   4
         Checking Convergence                    (19:19:39)
            Elements Not Converged:        215
            Edges Not Converged:           233
            Local Disp/Energy Index:    100.0%
            Global RMS Stress Index:     98.0%
         Resource Check                          (19:19:40)
            Elapsed Time     (sec):    5654.62
            CPU Time         (sec):    4044.73
            Memory Usage      (kb):     143648
            Wrk Dir Dsk Usage (kb):     211429

   >> Pass  3 <<
         Calculating Element Equations           (19:19:41)
            Total Number of Equations:    5730
            Maximum Edge Order:              4
         Solving Equations                       (19:19:54)
         Calculating Disp and Stress Results     (19:20:09)
            Plotting Grid:                   4
         Checking Convergence                    (19:20:27)
            Elements Not Converged:        149
            Edges Not Converged:           134
            Local Disp/Energy Index:    100.0%
            Global RMS Stress Index:     77.5%
         Resource Check                          (19:20:29)
            Elapsed Time     (sec):    5703.81
            CPU Time         (sec):    4090.31
            Memory Usage      (kb):     143648
            Wrk Dir Dsk Usage (kb):     211429

   >> Pass  4 <<
         Calculating Element Equations           (19:20:31)
            Total Number of Equations:   11736
            Maximum Edge Order:              5
         Solving Equations                       (19:21:12)
         Calculating Disp and Stress Results     (19:23:00)
            Plotting Grid:                   4
         Checking Convergence                    (19:23:37)
            Elements Not Converged:          5
            Edges Not Converged:             0
            Local Disp/Energy Index:     21.6%
            Global RMS Stress Index:      2.9%
         Resource Check                          (19:23:41)
            Elapsed Time     (sec):    5895.84
            CPU Time         (sec):    4242.97
            Memory Usage      (kb):     143648
            Wrk Dir Dsk Usage (kb):     211429

   >> Pass  5 <<
         Calculating Element Equations           (19:23:45)
            Total Number of Equations:   17403
            Maximum Edge Order:              6
         Solving Equations                       (19:26:11)
         Calculating Disp and Stress Results     (19:30:39)
            Plotting Grid:                   4
         Checking Convergence                    (19:31:39)
            Elements Not Converged:          0
            Edges Not Converged:             0
            Local Disp/Energy Index:      9.7%
            Global RMS Stress Index:      6.5%
         Resource Check                          (19:31:45)
            Elapsed Time     (sec):    6380.07
            CPU Time         (sec):    4605.05
            Memory Usage      (kb):     143648
            Wrk Dir Dsk Usage (kb):     211429

            The analysis converged to within 10.0% on
            edge displacement, element strain energy,
            and global RMS stress.

Analysis "anlys1" Completed  (19:31:47)

Sensitivity Step 6 of 11

Parameters:
   d6               50.0000%

Static Analysis "anlys1":

   Convergence Method: Multiple-Pass Adaptive

   Convergence Loop Log:                         (19:34:35)

   >> Pass  1 <<
         Calculating Element Equations           (19:34:37)
            Total Number of Equations:     336
            Maximum Edge Order:              1
         Solving Equations                       (19:34:39)
         Calculating Disp and Stress Results     (19:34:41)
            Plotting Grid:                   4
         Checking Convergence                    (19:34:51)
            Elements Not Converged:        297
            Edges Not Converged:           535
            Local Disp/Energy Index:    100.0%
            Global RMS Stress Index:    100.0%
         Resource Check                          (19:34:52)
            Elapsed Time     (sec):    6566.32
            CPU Time         (sec):    4657.18
            Memory Usage      (kb):     143648
            Wrk Dir Dsk Usage (kb):     211429

   >> Pass  2 <<
         Calculating Element Equations           (19:34:53)
            Total Number of Equations:    1881
            Maximum Edge Order:              2
         Solving Equations                       (19:34:56)
         Calculating Disp and Stress Results     (19:34:58)
            Plotting Grid:                   4
         Checking Convergence                    (19:35:10)
            Elements Not Converged:        216
            Edges Not Converged:           233
            Local Disp/Energy Index:    100.0%
            Global RMS Stress Index:     97.8%
         Resource Check                          (19:35:11)
            Elapsed Time     (sec):    6585.43
            CPU Time         (sec):    4675.77
            Memory Usage      (kb):     143648
            Wrk Dir Dsk Usage (kb):     211429

   >> Pass  3 <<
         Calculating Element Equations           (19:35:12)
            Total Number of Equations:    5757
            Maximum Edge Order:              4
         Solving Equations                       (19:35:24)
         Calculating Disp and Stress Results     (19:35:42)
            Plotting Grid:                   4
         Checking Convergence                    (19:36:00)
            Elements Not Converged:        153
            Edges Not Converged:           132
            Local Disp/Energy Index:    100.0%
            Global RMS Stress Index:     72.8%
         Resource Check                          (19:36:01)
            Elapsed Time     (sec):    6635.98
            CPU Time         (sec):    4723.58
            Memory Usage      (kb):     143648
            Wrk Dir Dsk Usage (kb):     211429

   >> Pass  4 <<
         Calculating Element Equations           (19:36:04)
            Total Number of Equations:   11835
            Maximum Edge Order:              5
         Solving Equations                       (19:36:47)
         Calculating Disp and Stress Results     (19:39:02)
            Plotting Grid:                   4
         Checking Convergence                    (19:39:33)
            Elements Not Converged:          5
            Edges Not Converged:             0
            Local Disp/Energy Index:     22.8%
            Global RMS Stress Index:      2.9%
         Resource Check                          (19:39:37)
            Elapsed Time     (sec):    6851.90
            CPU Time         (sec):    4896.61
            Memory Usage      (kb):     143648
            Wrk Dir Dsk Usage (kb):     211429

   >> Pass  5 <<
         Calculating Element Equations           (19:39:42)
            Total Number of Equations:   17523
            Maximum Edge Order:              6
         Solving Equations                       (19:42:02)
         Calculating Disp and Stress Results     (19:46:34)
            Plotting Grid:                   4
         Checking Convergence                    (19:47:40)
            Elements Not Converged:          1
            Edges Not Converged:             0
            Local Disp/Energy Index:     10.1%
            Global RMS Stress Index:      6.4%
         Resource Check                          (19:47:47)
            Elapsed Time     (sec):    7341.60
            CPU Time         (sec):    5264.30
            Memory Usage      (kb):     143648
            Wrk Dir Dsk Usage (kb):     211429

   >> Pass  6 <<
         Calculating Element Equations           (19:47:55)
            Total Number of Equations:   23505
            Maximum Edge Order:              7
         Solving Equations                       (19:52:41)
         Calculating Disp and Stress Results     (20:03:35)
            Plotting Grid:                   4
         Checking Convergence                    (20:05:37)
            Elements Not Converged:          0
            Edges Not Converged:             0
            Local Disp/Energy Index:      8.0%
            Global RMS Stress Index:      3.2%
         Resource Check                          (20:05:54)
            Elapsed Time     (sec):    8428.43
            CPU Time         (sec):    6066.03
            Memory Usage      (kb):     150936
            Wrk Dir Dsk Usage (kb):     211429

            The analysis converged to within 10.0% on
            edge displacement, element strain energy,
            and global RMS stress.

Analysis "anlys1" Completed  (20:05:58)

Sensitivity Step 7 of 11

Parameters:
   d6               60.0000%

Static Analysis "anlys1":

   Convergence Method: Multiple-Pass Adaptive

   Convergence Loop Log:                         (20:08:23)

   >> Pass  1 <<
         Calculating Element Equations           (20:08:24)
            Total Number of Equations:     336
            Maximum Edge Order:              1
         Solving Equations                       (20:08:27)
         Calculating Disp and Stress Results     (20:08:29)
            Plotting Grid:                   4
         Checking Convergence                    (20:08:38)
            Elements Not Converged:        297
            Edges Not Converged:           535
            Local Disp/Energy Index:    100.0%
            Global RMS Stress Index:    100.0%
         Resource Check                          (20:08:39)
            Elapsed Time     (sec):    8593.91
            CPU Time         (sec):    6119.36
            Memory Usage      (kb):     150936
            Wrk Dir Dsk Usage (kb):     211429

   >> Pass  2 <<
         Calculating Element Equations           (20:08:40)
            Total Number of Equations:    1881
            Maximum Edge Order:              2
         Solving Equations                       (20:08:44)
         Calculating Disp and Stress Results     (20:08:45)
            Plotting Grid:                   4
         Checking Convergence                    (20:08:57)
            Elements Not Converged:        220
            Edges Not Converged:           233
            Local Disp/Energy Index:    100.0%
            Global RMS Stress Index:     97.5%
         Resource Check                          (20:08:58)
            Elapsed Time     (sec):    8612.77
            CPU Time         (sec):    6137.62
            Memory Usage      (kb):     150936
            Wrk Dir Dsk Usage (kb):     211429

   >> Pass  3 <<
         Calculating Element Equations           (20:09:00)
            Total Number of Equations:    5790
            Maximum Edge Order:              4
         Solving Equations                       (20:09:12)
         Calculating Disp and Stress Results     (20:09:30)
            Plotting Grid:                   4
         Checking Convergence                    (20:09:53)
            Elements Not Converged:        157
            Edges Not Converged:           136
            Local Disp/Energy Index:    100.0%
            Global RMS Stress Index:     67.9%
         Resource Check                          (20:09:55)
            Elapsed Time     (sec):    8669.70
            CPU Time         (sec):    6187.45
            Memory Usage      (kb):     150936
            Wrk Dir Dsk Usage (kb):     211429

   >> Pass  4 <<
         Calculating Element Equations           (20:09:58)
            Total Number of Equations:   11889
            Maximum Edge Order:              5
         Solving Equations                       (20:10:44)
         Calculating Disp and Stress Results     (20:12:49)
            Plotting Grid:                   4
         Checking Convergence                    (20:13:32)
            Elements Not Converged:          5
            Edges Not Converged:             0
            Local Disp/Energy Index:     23.9%
            Global RMS Stress Index:      3.0%
         Resource Check                          (20:13:37)
            Elapsed Time     (sec):    8891.43
            CPU Time         (sec):    6354.38
            Memory Usage      (kb):     150936
            Wrk Dir Dsk Usage (kb):     211429

   >> Pass  5 <<
         Calculating Element Equations           (20:13:43)
            Total Number of Equations:   18117
            Maximum Edge Order:              6
         Solving Equations                       (20:16:22)
         Calculating Disp and Stress Results     (20:22:30)
            Plotting Grid:                   4
         Checking Convergence                    (20:23:55)
            Elements Not Converged:          1
            Edges Not Converged:             0
            Local Disp/Energy Index:     10.5%
            Global RMS Stress Index:      6.0%
         Resource Check                          (20:24:04)
            Elapsed Time     (sec):    9519.08
            CPU Time         (sec):    6821.56
            Memory Usage      (kb):     150936
            Wrk Dir Dsk Usage (kb):     211429

   >> Pass  6 <<
         Calculating Element Equations           (20:24:16)
            Total Number of Equations:   23760
            Maximum Edge Order:              7
         Solving Equations                       (20:29:11)
         Calculating Disp and Stress Results     (20:46:17)
            Plotting Grid:                   4
         Checking Convergence                    (20:48:21)
            Elements Not Converged:          0
            Edges Not Converged:             0
            Local Disp/Energy Index:      7.8%
            Global RMS Stress Index:      3.8%
         Resource Check                          (20:48:36)
            Elapsed Time     (sec):   10990.98
            CPU Time         (sec):    7927.72
            Memory Usage      (kb):     159152
            Wrk Dir Dsk Usage (kb):     237373

            The analysis converged to within 10.0% on
            edge displacement, element strain energy,
            and global RMS stress.

Analysis "anlys1" Completed  (20:48:40)

Sensitivity Step 8 of 11

Parameters:
   d6               70.0000%

Static Analysis "anlys1":

   Convergence Method: Multiple-Pass Adaptive

   Convergence Loop Log:                         (20:51:24)

   >> Pass  1 <<
         Calculating Element Equations           (20:51:26)
            Total Number of Equations:     336
            Maximum Edge Order:              1
         Solving Equations                       (20:51:30)
         Calculating Disp and Stress Results     (20:51:32)
            Plotting Grid:                   4
         Checking Convergence                    (20:51:42)
            Elements Not Converged:        297
            Edges Not Converged:           535
            Local Disp/Energy Index:    100.0%
            Global RMS Stress Index:    100.0%
         Resource Check                          (20:51:43)
            Elapsed Time     (sec):   11177.40
            CPU Time         (sec):    7981.19
            Memory Usage      (kb):     159152
            Wrk Dir Dsk Usage (kb):     237373

   >> Pass  2 <<
         Calculating Element Equations           (20:51:44)
            Total Number of Equations:    1881
            Maximum Edge Order:              2
         Solving Equations                       (20:51:47)
         Calculating Disp and Stress Results     (20:51:49)
            Plotting Grid:                   4
         Checking Convergence                    (20:52:03)
            Elements Not Converged:        223
            Edges Not Converged:           238
            Local Disp/Energy Index:    100.0%
            Global RMS Stress Index:     97.2%
         Resource Check                          (20:52:04)
            Elapsed Time     (sec):   11198.41
            CPU Time         (sec):    7999.55
            Memory Usage      (kb):     159152
            Wrk Dir Dsk Usage (kb):     237373

   >> Pass  3 <<
         Calculating Element Equations           (20:52:05)
            Total Number of Equations:    5793
            Maximum Edge Order:              4
         Solving Equations                       (20:52:18)
         Calculating Disp and Stress Results     (20:52:35)
            Plotting Grid:                   4
         Checking Convergence                    (20:52:58)
            Elements Not Converged:        156
            Edges Not Converged:           132
            Local Disp/Energy Index:    100.0%
            Global RMS Stress Index:     63.2%
         Resource Check                          (20:53:00)
            Elapsed Time     (sec):   11254.46
            CPU Time         (sec):    8048.57
            Memory Usage      (kb):     159152
            Wrk Dir Dsk Usage (kb):     237373

   >> Pass  4 <<
         Calculating Element Equations           (20:53:03)
            Total Number of Equations:   11943
            Maximum Edge Order:              5
         Solving Equations                       (20:53:46)
         Calculating Disp and Stress Results     (20:55:50)
            Plotting Grid:                   4
         Checking Convergence                    (20:56:36)
            Elements Not Converged:          5
            Edges Not Converged:             0
            Local Disp/Energy Index:     24.7%
            Global RMS Stress Index:      3.1%
         Resource Check                          (20:56:40)
            Elapsed Time     (sec):   11474.73
            CPU Time         (sec):    8212.12
            Memory Usage      (kb):     159152
            Wrk Dir Dsk Usage (kb):     237373

   >> Pass  5 <<
         Calculating Element Equations           (20:56:45)
            Total Number of Equations:   18360
            Maximum Edge Order:              6
         Solving Equations                       (20:59:30)
         Calculating Disp and Stress Results     (21:06:56)
            Plotting Grid:                   4
         Checking Convergence                    (21:08:21)
            Elements Not Converged:          1
            Edges Not Converged:             0
            Local Disp/Energy Index:     10.7%
            Global RMS Stress Index:      5.8%
         Resource Check                          (21:08:30)
            Elapsed Time     (sec):   12184.46
            CPU Time         (sec):    8745.30
            Memory Usage      (kb):     159152
            Wrk Dir Dsk Usage (kb):     237373

   >> Pass  6 <<
         Calculating Element Equations           (21:08:39)
            Total Number of Equations:   23940
            Maximum Edge Order:              7
         Solving Equations                       (21:13:42)
         Calculating Disp and Stress Results     (21:30:44)
            Plotting Grid:                   4
         Checking Convergence                    (21:32:47)
            Elements Not Converged:          0
            Edges Not Converged:             0
            Local Disp/Energy Index:      7.6%
            Global RMS Stress Index:      4.0%
         Resource Check                          (21:33:01)
            Elapsed Time     (sec):   13655.72
            CPU Time         (sec):    9852.85
            Memory Usage      (kb):     162656
            Wrk Dir Dsk Usage (kb):     239281

            The analysis converged to within 10.0% on
            edge displacement, element strain energy,
            and global RMS stress.

Analysis "anlys1" Completed  (21:33:05)

Sensitivity Step 9 of 11

Parameters:
   d6               80.0000%

Static Analysis "anlys1":

   Convergence Method: Multiple-Pass Adaptive

   Convergence Loop Log:                         (21:35:54)

   >> Pass  1 <<
         Calculating Element Equations           (21:35:56)
            Total Number of Equations:     330
            Maximum Edge Order:              1
         Solving Equations                       (21:35:59)
         Calculating Disp and Stress Results     (21:36:01)
            Plotting Grid:                   4
         Checking Convergence                    (21:36:12)
            Elements Not Converged:        295
            Edges Not Converged:           528
            Local Disp/Energy Index:    100.0%
            Global RMS Stress Index:    100.0%
         Resource Check                          (21:36:13)
            Elapsed Time     (sec):   13847.81
            CPU Time         (sec):    9932.60
            Memory Usage      (kb):     162656
            Wrk Dir Dsk Usage (kb):     239281

   >> Pass  2 <<
         Calculating Element Equations           (21:36:14)
            Total Number of Equations:    1854
            Maximum Edge Order:              2
         Solving Equations                       (21:36:19)
         Calculating Disp and Stress Results     (21:36:22)
            Plotting Grid:                   4
         Checking Convergence                    (21:36:34)
            Elements Not Converged:        228
            Edges Not Converged:           232
            Local Disp/Energy Index:    100.0%
            Global RMS Stress Index:     97.3%
         Resource Check                          (21:36:35)
            Elapsed Time     (sec):   13869.88
            CPU Time         (sec):    9951.97
            Memory Usage      (kb):     162656
            Wrk Dir Dsk Usage (kb):     239281

   >> Pass  3 <<
         Calculating Element Equations           (21:36:36)
            Total Number of Equations:    5769
            Maximum Edge Order:              4
         Solving Equations                       (21:36:49)
         Calculating Disp and Stress Results     (21:37:10)
            Plotting Grid:                   4
         Checking Convergence                    (21:37:36)
            Elements Not Converged:        153
            Edges Not Converged:           125
            Local Disp/Energy Index:    100.0%
            Global RMS Stress Index:     53.2%
         Resource Check                          (21:37:38)
            Elapsed Time     (sec):   13932.98
            CPU Time         (sec):   10005.30
            Memory Usage      (kb):     162656
            Wrk Dir Dsk Usage (kb):     239281

   >> Pass  4 <<
         Calculating Element Equations           (21:37:41)
            Total Number of Equations:   11730
            Maximum Edge Order:              5
         Solving Equations                       (21:38:29)
         Calculating Disp and Stress Results     (21:40:24)
            Plotting Grid:                   4
         Checking Convergence                    (21:41:13)
            Elements Not Converged:          4
            Edges Not Converged:             0
            Local Disp/Energy Index:     21.6%
            Global RMS Stress Index:      3.3%
         Resource Check                          (21:41:18)
            Elapsed Time     (sec):   14153.22
            CPU Time         (sec):   10165.81
            Memory Usage      (kb):     162656
            Wrk Dir Dsk Usage (kb):     239281

   >> Pass  5 <<
         Calculating Element Equations           (21:41:24)
            Total Number of Equations:   18573
            Maximum Edge Order:              6
         Solving Equations                       (21:44:14)
         Calculating Disp and Stress Results     (21:50:01)
            Plotting Grid:                   4
         Checking Convergence                    (21:51:37)
            Elements Not Converged:          1
            Edges Not Converged:             0
            Local Disp/Energy Index:     10.7%
            Global RMS Stress Index:      5.6%
         Resource Check                          (21:51:45)
            Elapsed Time     (sec):   14779.53
            CPU Time         (sec):   10618.35
            Memory Usage      (kb):     162656
            Wrk Dir Dsk Usage (kb):     239281

   >> Pass  6 <<
         Calculating Element Equations           (21:51:54)
            Total Number of Equations:   24444
            Maximum Edge Order:              7
         Solving Equations                       (21:57:43)
         Calculating Disp and Stress Results     (22:29:13)
            Plotting Grid:                   4
         Checking Convergence                    (22:31:22)
            Elements Not Converged:          0
            Edges Not Converged:             0
            Local Disp/Energy Index:      8.5%
            Global RMS Stress Index:      4.2%
         Resource Check                          (22:31:38)
            Elapsed Time     (sec):   17173.13
            CPU Time         (sec):   12419.83
            Memory Usage      (kb):     168832
            Wrk Dir Dsk Usage (kb):     290149

            The analysis converged to within 10.0% on
            edge displacement, element strain energy,
            and global RMS stress.

Analysis "anlys1" Completed  (22:31:43)

Sensitivity Step 10 of 11

Parameters:
   d6               90.0000%

Static Analysis "anlys1":

   Convergence Method: Multiple-Pass Adaptive

   Convergence Loop Log:                         (22:34:01)

   >> Pass  1 <<
         Calculating Element Equations           (22:34:03)
            Total Number of Equations:     330
            Maximum Edge Order:              1
         Solving Equations                       (22:34:05)
         Calculating Disp and Stress Results     (22:34:07)
            Plotting Grid:                   4
         Checking Convergence                    (22:34:20)
            Elements Not Converged:        295
            Edges Not Converged:           528
            Local Disp/Energy Index:    100.0%
            Global RMS Stress Index:    100.0%
         Resource Check                          (22:34:20)
            Elapsed Time     (sec):   17335.22
            CPU Time         (sec):   12475.79
            Memory Usage      (kb):     168832
            Wrk Dir Dsk Usage (kb):     290149

   >> Pass  2 <<
         Calculating Element Equations           (22:34:22)
            Total Number of Equations:    1854
            Maximum Edge Order:              2
         Solving Equations                       (22:34:25)
         Calculating Disp and Stress Results     (22:34:27)
            Plotting Grid:                   4
         Checking Convergence                    (22:34:40)
            Elements Not Converged:        231
            Edges Not Converged:           232
            Local Disp/Energy Index:    100.0%
            Global RMS Stress Index:     97.0%
         Resource Check                          (22:34:41)
            Elapsed Time     (sec):   17355.72
            CPU Time         (sec):   12494.11
            Memory Usage      (kb):     168832
            Wrk Dir Dsk Usage (kb):     290149

   >> Pass  3 <<
         Calculating Element Equations           (22:34:42)
            Total Number of Equations:    5769
            Maximum Edge Order:              4
         Solving Equations                       (22:34:56)
         Calculating Disp and Stress Results     (22:35:17)
            Plotting Grid:                   4
         Checking Convergence                    (22:35:42)
            Elements Not Converged:        153
            Edges Not Converged:           121
            Local Disp/Energy Index:    100.0%
            Global RMS Stress Index:     48.4%
         Resource Check                          (22:35:45)
            Elapsed Time     (sec):   17420.16
            CPU Time         (sec):   12548.09
            Memory Usage      (kb):     168832
            Wrk Dir Dsk Usage (kb):     290149

   >> Pass  4 <<
         Calculating Element Equations           (22:35:48)
            Total Number of Equations:   11754
            Maximum Edge Order:              5
         Solving Equations                       (22:36:32)
         Calculating Disp and Stress Results     (22:38:26)
            Plotting Grid:                   4
         Checking Convergence                    (22:39:18)
            Elements Not Converged:          4
            Edges Not Converged:             0
            Local Disp/Energy Index:     21.4%
            Global RMS Stress Index:      3.4%
         Resource Check                          (22:39:23)
            Elapsed Time     (sec):   17637.53
            CPU Time         (sec):   12709.34
            Memory Usage      (kb):     168832
            Wrk Dir Dsk Usage (kb):     290149

   >> Pass  5 <<
         Calculating Element Equations           (22:39:28)
            Total Number of Equations:   18915
            Maximum Edge Order:              6
         Solving Equations                       (22:42:27)
         Calculating Disp and Stress Results     (22:49:24)
            Plotting Grid:                   4
         Checking Convergence                    (22:50:54)
            Elements Not Converged:          1
            Edges Not Converged:             0
            Local Disp/Energy Index:     10.8%
            Global RMS Stress Index:      5.5%
         Resource Check                          (22:51:03)
            Elapsed Time     (sec):   18337.87
            CPU Time         (sec):   13229.89
            Memory Usage      (kb):     168832
            Wrk Dir Dsk Usage (kb):     290149

   >> Pass  6 <<
         Calculating Element Equations           (22:51:15)
            Total Number of Equations:   25584
            Maximum Edge Order:              7
         Solving Equations                       (22:57:37)
         Calculating Disp and Stress Results     (23:41:04)
            Plotting Grid:                   4
         Checking Convergence                    (23:43:31)
            Elements Not Converged:          0
            Edges Not Converged:             0
            Local Disp/Energy Index:      8.6%
            Global RMS Stress Index:      4.1%
         Resource Check                          (23:43:48)
            Elapsed Time     (sec):   21502.62
            CPU Time         (sec):   15626.85
            Memory Usage      (kb):     179680
            Wrk Dir Dsk Usage (kb):     328021

            The analysis converged to within 10.0% on
            edge displacement, element strain energy,
            and global RMS stress.

Analysis "anlys1" Completed  (23:43:54)

Sensitivity Step 11 of 11

Parameters:
   d6               100.0000%

Static Analysis "anlys1":

   Convergence Method: Multiple-Pass Adaptive

   Convergence Loop Log:                         (06:17:03)

   >> Pass  1 <<
         Calculating Element Equations           (06:17:05)
            Total Number of Equations:     330
            Maximum Edge Order:              1
         Solving Equations                       (06:17:09)
         Calculating Disp and Stress Results     (06:17:11)
            Plotting Grid:                   4
         Checking Convergence                    (06:17:23)
            Elements Not Converged:        295
            Edges Not Converged:           528
            Local Disp/Energy Index:    100.0%
            Global RMS Stress Index:    100.0%
         Resource Check                          (06:17:24)
            Elapsed Time     (sec):   45118.69
            CPU Time         (sec):   15684.21
            Memory Usage      (kb):     179680
            Wrk Dir Dsk Usage (kb):     328021

   >> Pass  2 <<
         Calculating Element Equations           (06:17:25)
            Total Number of Equations:    1854
            Maximum Edge Order:              2
         Solving Equations                       (06:17:29)
         Calculating Disp and Stress Results     (06:17:31)
            Plotting Grid:                   4
         Checking Convergence                    (06:17:44)
            Elements Not Converged:        237
            Edges Not Converged:           232
            Local Disp/Energy Index:    100.0%
            Global RMS Stress Index:     96.8%
         Resource Check                          (06:17:45)
            Elapsed Time     (sec):   45139.61
            CPU Time         (sec):   15702.54
            Memory Usage      (kb):     179680
            Wrk Dir Dsk Usage (kb):     328021

   >> Pass  3 <<
         Calculating Element Equations           (06:17:46)
            Total Number of Equations:    5781
            Maximum Edge Order:              4
         Solving Equations                       (06:18:00)
         Calculating Disp and Stress Results     (06:18:21)
            Plotting Grid:                   4
         Checking Convergence                    (06:18:46)
            Elements Not Converged:        155
            Edges Not Converged:           121
            Local Disp/Energy Index:    100.0%
            Global RMS Stress Index:     43.9%
         Resource Check                          (06:18:48)
            Elapsed Time     (sec):   45202.92
            CPU Time         (sec):   15757.67
            Memory Usage      (kb):     179680
            Wrk Dir Dsk Usage (kb):     328021

   >> Pass  4 <<
         Calculating Element Equations           (06:18:51)
            Total Number of Equations:   11850
            Maximum Edge Order:              5
         Solving Equations                       (06:19:36)
         Calculating Disp and Stress Results     (06:21:22)
            Plotting Grid:                   4
         Checking Convergence                    (06:22:16)
            Elements Not Converged:          4
            Edges Not Converged:             0
            Local Disp/Energy Index:     21.2%
            Global RMS Stress Index:      3.4%
         Resource Check                          (06:22:21)
            Elapsed Time     (sec):   45415.56
            CPU Time         (sec):   15919.45
            Memory Usage      (kb):     179680
            Wrk Dir Dsk Usage (kb):     328021

   >> Pass  5 <<
         Calculating Element Equations           (06:22:27)
            Total Number of Equations:   19275
            Maximum Edge Order:              6
         Solving Equations                       (06:25:30)
         Calculating Disp and Stress Results     (06:31:45)
            Plotting Grid:                   4
         Checking Convergence                    (06:33:23)
            Elements Not Converged:          1
            Edges Not Converged:             0
            Local Disp/Energy Index:     11.1%
            Global RMS Stress Index:      5.7%
         Resource Check                          (06:33:32)
            Elapsed Time     (sec):   46087.05
            CPU Time         (sec):   16409.59
            Memory Usage      (kb):     179680
            Wrk Dir Dsk Usage (kb):     328021

   >> Pass  6 <<
         Calculating Element Equations           (06:33:46)
            Total Number of Equations:   26430
            Maximum Edge Order:              7
         Solving Equations                       (06:40:21)
         Calculating Disp and Stress Results     (07:20:14)
            Plotting Grid:                   4
         Checking Convergence                    (07:22:37)
            Elements Not Converged:          0
            Edges Not Converged:             0
            Local Disp/Energy Index:      8.6%
            Global RMS Stress Index:      4.1%
         Resource Check                          (07:22:54)
            Elapsed Time     (sec):   49048.69
            CPU Time         (sec):   18652.78
            Memory Usage      (kb):     202304
            Wrk Dir Dsk Usage (kb):     331993

            The analysis converged to within 10.0% on
            edge displacement, element strain energy,
            and global RMS stress.

Analysis "anlys1" Completed  (07:23:00)

Completed Global Sensitivity Study

Use Results to plot measures.

------------------------------------------------------------

Memory and Disk Usage:

   Machine Type: SGI
   RAM Allocation for Solver (megabytes): 20.0

   Total Elapsed Time (seconds): 49064.79  
   Total CPU Time     (seconds): 18656.05  
   Maximum Memory Usage (kilobytes): 202304    
   Working Directory Disk Usage (kilobytes): 331993    
   Total Elapsed Time in Parameter Updates (seconds):
      24887.48  
   Total Engine Elapsed Time Minus Param. Updates (seconds):
      24177.31  
   Total CPU Time in Parameter Updates (seconds):
      352.38    
   Total Engine CPU Time Minus Param. Updates (seconds):
      18303.67  

   Results Directory Size (kilobytes):
   5254	/usr/lombok/user/chrisb/test/handle_sen1

   Maximum Data Base Working File Sizes (kilobytes):
   43324 /disk1/tmp/handle_sen1.tmp/gapel1.bas
   226224 /disk1/tmp/handle_sen1.tmp/kblk1.bas
   43324 /disk1/tmp/handle_sen1.tmp/kel1.bas
   19108 /disk1/tmp/handle_sen1.tmp/kpak1.bas

------------------------------------------------------------
Run Completed
Wed Nov 22, 1995   07:23:12
------------------------------------------------------------
