#UGC:2 PART 889 360 0 1 1 15 1600 9620 \
#- VERS 0 0                                                          \
#- HOST                                                              \
#- LINK                                                              \
#- DBID                                                              \
#- REVS 0,                                                           \
#- RELL 0,                                                           \
#- UOBJ_ID 837191521 374877464 1916021781                            \
#-END_OF_UGC_HEADER
#P_OBJECT 6
@P_object 1 0
0 1 ->
@depend 2 0
1 2 [2]
2 2 
@model_name 3 10
3 3 NEW_WELDMENT
@model_type 4 1
3 4 1
@revnum 5 1
3 5 703
@bom_count 6 1
3 6 1
@dep_type 7 1
3 7 8
@stamp 8 0
3 8 
@major_vers 9 0
4 9 
@vers 10 1
5 10 0
@alias_name 11 10
5 11 
@minor_vers 12 0
4 12 
@vers 13 1
5 13 0
@reason 14 10
3 14 
2 2 
3 3 BEARING_SHAFT_57
3 4 2
3 5 -1
3 6 1
3 7 128
3 8 
4 9 
5 10 0
5 11 
4 12 
5 13 0
3 14 
@dep_db 15 0
1 15 ->
@dep_db 16 0
2 16 [1]
3 16 ->
@to_model_id 17 1
4 17 0
@dep_type 18 1
4 18 4
@obj_id 19 1
4 19 0
@obj_type 20 1
4 20 242
@model_db 21 0
2 21 [1]
3 21 ->
@model_t_type 22 1
4 22 1
@model_name 23 10
4 23 WELDMENT
@generic_name 24 10
4 24 
@stamp 25 0
4 25 
@usr_rev 26 0
1 26 [2]
2 26 
@name 27 10
3 27 OSTI
@mod_time 28 0
3 28 
@tm_sec 29 1
4 29 53
@tm_min 30 1
4 30 31
@tm_hour 31 1
4 31 9
@tm_mday 32 1
4 32 6
@tm_mon 33 1
4 33 8
@tm_year 34 1
4 34 94
@action 35 1
3 35 1000
@comment 36 10
3 36 Hostname: 'magma'
@rel_level 37 10
3 37 
@rev_string 38 10
3 38 
2 26 
3 27 DMGAINES
3 28 
4 29 1
4 30 12
4 31 17
4 32 12
4 33 6
4 34 96
3 35 1000
3 36 Hostname: 'intrepid'
3 37 
3 38 
@revnum_std 39 1
1 39 90
@flag 40 1
1 40 0
@name 41 10
1 41 NULL
@inst_hidden 42 1
1 42 0
@old_name 43 10
1 43 NULL
@appl_data 44 0
1 44 ->
@bounding_box 45 2
2 45 [2][3]
$BFD19B193CEEC06R,BFD1A082E3BD149A,C0229BF369A5ECCB
$3FD19B193CEEC06R,3FD1A082E3BD149A,C01E14E5F980F334
@uobj_id 46 0
1 46 NULL
#END_OF_P_OBJECT
#Pro/ENGINEER  TM  Release 16.0  (c) 1988-95 by Parametric Technology Corporation  All Rights Reserved. 9620
@Solid 47 0
0 47 ->
@tab_key 48 1
1 48 0
@tab_key_struct 49 0
1 49 ->
@tab_key_ptr 50 0
2 50 [70]
@cmprs_tabkey 51 0
2 51 NULL
@type 52 1
1 52 2
@revnum_ptr 53 0
1 53 ->
@geom_revnum 54 1
2 54 87
@cosm_revnum 55 1
2 55 0
@first_member_ptr 56 0
1 56 NULL
@alumni_members 57 0
1 57 NULL
@frst_geom_ptr 58 1
1 58 7
@first_feat_ptr 59 0
1 59 ->
@id 60 1
2 60 1
@indep_attributes 61 1
2 61 1
@feat_type_ptr 62 0
2 62 ->
@table_id 63 1
3 63 24
@type 64 1
3 64 935
@feattype_key 65 10
3 65 NULL
@form 66 1
3 66 0
@attributes 67 1
3 67 [3]
$3*0
@placement 68 1
3 68 0
@intersection 69 1
3 69 991
@internal_udf_type 70 1
3 70 -1
@param_choice_ptr 71 0
3 71 ->
@blend_choice 72 1
4 72 0
@depth_choice 73 1
4 73 0
@angle_choice 74 1
4 74 -1
@pat_choice 75 1
4 75 970
@round_choice 76 1
4 76 -1
@subsec_choice 77 1
4 77 -1
@sweep_choice 78 1
4 78 0
@dome_choice 79 1
4 79 0
@draft_choice 80 1
4 80 0
@misc_choice 81 1
4 81 0
@assoc_type 82 1
3 82 0
@symbol_key 83 1
2 83 -1
@sect_name 84 10
2 84 no_name
@model_type 85 1
2 85 2
@entity(coord_sys) 86 0
2 86 ->
@type 87 1
3 87 18
@id 88 1
3 88 5
@gen_info 89 0
3 89 
@color 90 1
4 90 1
@sys_type 91 1
3 91 -1
@pnt_type 92 1
3 92 -1
@radius 93 2
3 93 0
@local_sys 94 2
3 94 [4][3]
$3FF,2*0
$0,3FF,0
$2*0,3FF
$2*0,C0216E978D4FDF3B
@feat_id 95 1
3 95 1
@entity(text) 96 0
2 96 ->
@text_type 97 1
3 97 34
@text_value 98 10
3 98 CS0
@txt_attrib 99 1
3 99 1
@coord 100 2
3 100 [3]
$40807FE5B964686E,4078C856871F9B0F,C068CBBA9082C0A7
@owner_id 101 1
3 101 5
@part_id 102 1
3 102 27
@height 103 2
3 103 BFF
@width_factor 104 2
3 104 BFF
@format_info 105 0
3 105 
@thickness 106 2
3 106 BFF
@entity(line3d) 107 0
2 107 ->
@type 108 1
3 108 11
@id 109 1
3 109 68
@gen_info 110 0
3 110 
@geom_id 111 1
3 111 6
@end1 112 2
3 112 [3]
$2*0,C01E1EB851EB851E
@end2 113 2
3 113 [3]
$BFD0FDF3B645A1CB,0,C01E1EB851EB851E
2 107 ->
3 108 13
3 109 69
3 110 
4 90 1
3 111 6
3 112 [3]
$2*0,C01E1EB851EB851E
3 113 [3]
$2*0,C022970A3D70A3D6
2 96 ->
3 97 19
3 98 A_1
3 99 1
3 100 [3]
$408028AC81442B21,40771B07432EFB5R,C0639F804B21FD9D
3 101 -1
3 102 27
3 103 BFF
3 104 BFF
3 105 
3 106 BFF
@entity(cosmetic) 114 0
2 114 ->
@type 115 1
3 115 50
@id 116 1
3 116 -1
@gen_info 117 0
3 117 
@owner_type 118 1
3 118 1
@owner_id 119 1
3 119 2
@text_ptr 120 0
3 120 ->
@text_type 121 1
4 121 14
@text_value 122 10
4 122 DTM1
@txt_attrib 123 1
4 123 16777217
@owner_id 124 1
4 124 1
@part_id 125 1
4 125 17
@height 126 2
4 126 BFF
@width_factor 127 2
4 127 BFF
@format_info 128 0
4 128 
@thickness 129 2
4 129 BFF
@cosm_disp_ents 130 0
3 130 ->
@first_disp_ent(line) 131 0
4 131 ->
@id 132 1
5 132 -1
@gen_info 133 0
5 133 
@flip 134 1
5 134 2
@end1 135 2
5 135 [3]
$BFD1A082E3BD149A,BFF32124847B2D07,0
@end2 136 2
5 136 [3]
$BFD1A082E3BD149A,3FE2D5BDC560D907,0
@entity(line) 137 0
4 137 ->
5 132 -1
5 133 
5 134 2
5 135 [3]
$BFD1A082E3BD149A,3FE2D5BDC560D907,0
5 136 [3]
$3FD1A082E3BD149A,3FE2D5BDC560D907,0
4 137 ->
5 132 -1
5 133 
5 134 2
5 135 [3]
$3FD1A082E3BD149A,3FE2D5BDC560D907,0
5 136 [3]
$3FD1A082E3BD149A,BFF32124847B2D07,0
4 137 ->
5 132 -1
5 133 
5 134 2
5 135 [3]
$3FD1A082E3BD149A,BFF32124847B2D07,0
5 136 [3]
$BFD1A082E3BD149A,BFF32124847B2D07,0
@plane_ptr 138 0
3 138 NULL
@attr 139 1
3 139 0
@next_ent(cosmetic) 140 0
2 140 ->
3 115 50
3 116 -1
3 117 
3 118 1
3 119 3
3 120 ->
4 121 14
4 122 DTM2
4 123 16777217
4 124 3
4 125 17
4 126 BFF
4 127 BFF
4 128 
4 129 BFF
3 130 ->
4 131 ->
5 132 -1
5 133 
5 134 4
5 135 [3]
$BFF32124847B2D07,BFD19B193CEEC06R,0
5 136 [3]
$BFF32124847B2D07,3FD19B193CEEC06R,0
4 137 ->
5 132 -1
5 133 
5 134 4
5 135 [3]
$BFF32124847B2D07,3FD19B193CEEC06R,0
5 136 [3]
$3FE2D5BDC560D907,3FD19B193CEEC06R,0
4 137 ->
5 132 -1
5 133 
5 134 4
5 135 [3]
$3FE2D5BDC560D907,3FD19B193CEEC06R,0
5 136 [3]
$3FE2D5BDC560D907,BFD19B193CEEC06R,0
4 137 ->
5 132 -1
5 133 
5 134 4
5 135 [3]
$3FE2D5BDC560D907,BFD19B193CEEC06R,0
5 136 [3]
$BFF32124847B2D07,BFD19B193CEEC06R,0
3 138 NULL
3 139 0
2 140 ->
3 115 50
3 116 -1
3 117 
3 118 1
3 119 4
3 120 ->
4 121 14
4 122 DTM3
4 123 16777217
4 124 5
4 125 17
4 126 BFF
4 127 BFF
4 128 
4 129 BFF
3 130 ->
4 131 ->
5 132 -1
5 133 
5 134 6
5 135 [3]
$BFD19B193CEEC06R,BFD1A082E3BD149A,0
5 136 [3]
$BFD19B193CEEC06R,3FD1A082E3BD149A,0
4 137 ->
5 132 -1
5 133 
5 134 6
5 135 [3]
$BFD19B193CEEC06R,3FD1A082E3BD149A,0
5 136 [3]
$3FD19B193CEEC06R,3FD1A082E3BD149A,0
4 137 ->
5 132 -1
5 133 
5 134 6
5 135 [3]
$3FD19B193CEEC06R,3FD1A082E3BD149A,0
5 136 [3]
$3FD19B193CEEC06R,BFD1A082E3BD149A,0
4 137 ->
5 132 -1
5 133 
5 134 6
5 135 [3]
$3FD19B193CEEC06R,BFD1A082E3BD149A,0
5 136 [3]
$BFD19B193CEEC06R,BFD1A082E3BD149A,0
3 138 NULL
3 139 0
@idtab_ptr 141 0
2 141 ->
@srf_id_arr 142 1
3 142 [25][4]
$2,218,2,0
$3,218,4,0
$4,218,6,0
$6,218,12,0
$7,218,44,0
$8,218,46,0
$9,218,48,0
$10,218,50,0
$11,218,52,0
$12,218,54,0
$13,218,56,0
$14,218,58,0
$15,218,60,0
$16,218,62,0
$17,218,64,0
$18,218,66,0
$19,218,68,0
$20,218,104,0
$21,218,106,0
$22,218,108,0
$23,218,110,0
$24,218,114,0
$25,218,118,0
$26,218,122,0
$27,218,124,0
@edg_id_arr 143 1
3 143 [40][6]
$28,240,15,2*0,8
$29,240,16,2*0,9
$30,240,17,2*0,10
$31,240,18,2*0,11
$32,240,20,2*0,13
$33,240,22,2*0,15
$34,240,24,2*0,17
$35,240,25,2*0,18
$36,240,30,2*0,20
$37,240,31,2*0,21
$38,240,32,2*0,22
$39,240,33,2*0,23
$40,240,35,2*0,24
$41,240,37,2*0,25
$42,240,39,2*0,26
$43,240,40,2*0,27
$44,240,47,2*0,7
$45,240,49,2*0,8
$46,240,51,2*0,9
$47,240,53,2*0,10
$48,240,55,2*0,11
$49,240,57,2*0,12
$50,240,59,2*0,13
$51,240,61,2*0,14
$52,240,63,2*0,15
$53,240,65,2*0,16
$54,240,67,2*0,17
$55,240,69,2*0,18
$56,240,105,2*0,20
$57,240,107,2*0,21
$58,240,109,2*0,22
$59,240,111,2*0,23
$60,240,113,2*0,12
$61,240,115,2*0,24
$62,240,117,2*0,14
$63,240,119,2*0,25
$64,240,121,2*0,16
$65,240,123,2*0,26
$66,240,125,2*0,27
$67,240,127,2*0,19
@misc_id_tab 144 0
3 144 [3]
4 144 
@misc_hist 145 1
5 145 [5]
$5,534,8,-1,500
4 144 
5 145 [5]
$68,530,6,-1,500
4 144 
5 145 [5]
$69,531,6,-1,500
@save_geoms 146 0
3 146 NULL
@cr_flags_xar 147 1
3 147 [23]
$2*-1,-1025,-2049,2*-1,-16777217,-1,134217727,5*0,2097152,0,2,3*0,1048576,
$2*0
@cvt_feat_dat 148 0
3 148 NULL
@feat_dates_ptr 149 0
3 149 ->
@creat_date 150 1
4 150 0
@regen_date 151 1
4 151 0
@geometry 152 0
2 152 
@srf_array 153 0
3 153 [25]
4 153 ->
@geom_type 154 1
5 154 34
@geom_id 155 1
5 155 2
@feat_id 156 1
5 156 1
@boundary_type 157 1
5 157 -1
@envlp 158 2
5 158 [2][2]
$BFD1A082E3BD149A,BFF32124847B2D07
$3FD1A082E3BD149A,3FE2D5BDC560D907
@srf_prim_ptr(plane) 159 0
5 159 ->
@local_sys 160 2
6 160 [4][3]
$2*0,BFF
$3FF,2*0
$0,BFF,0
$2*0,C0216E978D4FDF3B
@frst_cntr_ptr 161 0
5 161 NULL
@next_geom_ptr 162 1
5 162 0
@orient 163 1
5 163 -1
@outline 164 2
5 164 [2][3]
$0,BFD1A082E3BD149A,C0229BF369A5ECCB
$0,3FD1A082E3BD149A,C01E14E5F980F334
4 153 ->
5 154 34
5 155 3
5 156 1
5 157 -1
5 158 [2][2]
$BFF32124847B2D07,BFD19B193CEEC06R
$3FE2D5BDC560D907,3FD19B193CEEC06R
5 159 ->
6 160 [4][3]
$0,3FF,0
$2*0,BFF
$BFF,2*0
$2*0,C0216E978D4FDF3B
5 161 NULL
5 162 0
5 163 -1
5 164 [2][3]
$BFD19B193CEEC06R,0,C0229BF369A5ECCB
$3FD19B193CEEC06R,0,C01E14E5F980F334
4 153 ->
5 154 34
5 155 4
5 156 1
5 157 -1
5 158 [2][2]
$BFD19B193CEEC06R,BFD1A082E3BD149A
$3FD19B193CEEC06R,3FD1A082E3BD149A
5 159 ->
6 160 [4][3]
$3FF,2*0
$0,3FF,0
$2*0,3FF
$2*0,C0216E978D4FDF3B
5 161 NULL
5 162 0
5 163 -1
5 164 [2][3]
$BFD19B193CEEC06R,BFD1A082E3BD149A,C0216E978D4FDF3B
$3FD19B193CEEC06R,3FD1A082E3BD149A,C0216E978D4FDF3B
4 153 ->
5 154 34
5 155 6
5 156 1
5 157 -1
5 158 [2][2]
$BFD0FDF3B645A1CB,3FB6978D4FDF3B6
$3FD0FDF3B645A1CB,3FFDA6E978D4FDF3
5 159 ->
6 160 [4][3]
$BFF,2*0
$2*0,BFF
$0,BFF,0
$2*0,C01DC45A1CAC083
5 161 NULL
5 162 7
5 163 1
5 164 [2][3]
$2*0,C0216E978D4FDF3B
$2*0,C0216E978D4FDF3B
4 153 ->
5 154 34
5 155 7
5 156 1
5 157 0
5 158 [2][2]
$2*BFB0A3D70A3D70A4
$2*3FB0A3D70A3D70A4
5 159 ->
6 160 [4][3]
$BFF,2*0
$0,BFF,0
$2*0,3FF
$2*0,C022970A3D70A3D7
5 161 ->
@frst_cntr_crv_hdr_ptr 165 1
6 165 56
@trv 166 1
6 166 1
@envlp 167 2
6 167 [2][2]
$2*BFB0A3D70A3D70A4
$2*3FB0A3D70A3D70A4
@next_cntr_ptr 168 0
5 168 NULL
5 162 8
5 163 -1
5 164 [2][3]
$2*BFB0A3D70A3D70A4,C022970A3D70A3D7
$2*3FB0A3D70A3D70A4,C022970A3D70A3D7
4 153 ->
5 154 37
5 155 8
5 156 1
5 157 1
5 158 [2][2]
$C00921FB54442D18,3FB0A3D70A3D70AC
$0,3FC
@srf_prim_ptr(cone) 169 0
5 169 ->
@local_sys 170 2
6 170 [4][3]
$BFF,2*0
$0,BFF,0
$2*0,3FF
$2*0,C022B851EB851EB8
@half_angle 171 2
6 171 3FE921FB54442D14
5 161 ->
6 165 28
6 166 1
6 167 [2][2]
$C00921FB54442D18,3FB0A3D70A3D70AC
$0,3FC
5 168 NULL
5 162 9
5 163 1
5 164 [2][3]
$BFC,0,C022970A3D70A3D7
$2*3FC,C0227851EB851EB8
4 153 ->
5 154 36
5 155 9
5 156 1
5 157 1
5 158 [2][2]
$C00921FB54442D18,BFFCB126E978D4FD
$0,BFF5AB020C49BA5E
@srf_prim_ptr(cylinder) 172 0
5 172 ->
@local_sys 173 2
6 173 [4][3]
$BFF,2*0
$0,BFF,0
$2*0,3FF
$2*0,C01DC45A1CAC083
@radius 174 2
6 174 3FC
5 161 ->
6 165 29
6 166 1
6 167 [2][2]
$C00921FB54442D18,BFFCB126E978D4FD
$0,BFF5AB020C49BA5E
5 168 NULL
5 162 10
5 163 1
5 164 [2][3]
$BFC,0,C0227851EB851EB8
$2*3FC,C021978D4FDF3B64
4 153 ->
5 154 37
5 155 10
5 156 1
5 157 1
5 158 [2][2]
$C00921FB54442D18,BFC
$0,BFB851EB851EB854
5 169 ->
6 170 [4][3]
$BFF,2*0
$0,BFF,0
$2*0,3FF
$2*0,C021578D4FDF3B64
6 171 BFE921FB54442D14
5 161 ->
6 165 30
6 166 1
6 167 [2][2]
$C00921FB54442D18,BFC
$0,BFB851EB851EB854
5 168 NULL
5 162 11
5 163 1
5 164 [2][3]
$BFC,0,C021978D4FDF3B64
$2*3FC,C021883126E978D5
4 153 ->
5 154 36
5 155 11
5 156 1
5 157 1
5 158 [2][2]
$C00921FB54442D18,BFF53020C49BA5E3
$0,BFF46353F7CED916
5 172 ->
6 173 [4][3]
$BFF,2*0
$0,BFF,0
$2*0,3FF
$2*0,C01DC45A1CAC083
6 174 3FB851EB851EB852
5 161 ->
6 165 31
6 166 1
6 167 [2][2]
$C00921FB54442D18,BFF53020C49BA5E3
$0,BFF46353F7CED916
5 168 NULL
5 162 12
5 163 1
5 164 [2][3]
$BFB851EB851EB852,0,C021883126E978D4
$2*3FB851EB851EB852,C0216E978D4FDF3B
4 153 ->
5 154 34
5 155 12
5 156 1
5 157 0
5 158 [2][2]
$2*BFC8
$2*3FC8
5 159 ->
6 160 [4][3]
$BFF,2*0
$0,BFF,0
$2*0,3FF
$2*0,C0216E978D4FDF3B
5 161 ->
6 165 48
6 166 -1
6 167 [2][2]
$BFB851EB851EB852,BFB85EE4F4D69C3B
$3FB851EB851EB852,3FB85EE4F4D69C3B
5 168 ->
6 165 61
6 166 1
6 167 [2][2]
$2*BFC8
$2*3FC8
5 168 NULL
5 162 13
5 163 -1
5 164 [2][3]
$2*BFC8,C0216E978D4FDF3B
$2*3FC8,C0216E978D4FDF3B
4 153 ->
5 154 36
5 155 13
5 156 1
5 157 1
5 158 [2][2]
$C00921FB54442D18,BFF46353F7CED916
$0,BFE345A1CAC08312
5 172 ->
6 173 [4][3]
$BFF,2*0
$0,BFF,0
$2*0,3FF
$2*0,C01DC45A1CAC083
6 174 3FC8
5 161 ->
6 165 32
6 166 1
6 167 [2][2]
$C00921FB54442D18,BFF46353F7CED916
$0,BFE345A1CAC08312
5 168 NULL
5 162 14
5 163 1
5 164 [2][3]
$BFC8,0,C0216E978D4FDF3B
$2*3FC8,C02016872B020C49
4 153 ->
5 154 34
5 155 14
5 156 1
5 157 0
5 158 [2][2]
$BFCBF7CED916872B,BFCC00B7900AAD7C
$3FCBF7CED916872B,3FCC00B7900AAD7C
5 159 ->
6 160 [4][3]
$BFF,2*0
$0,BFF,0
$2*0,3FF
$2*0,C02016872B020C49
5 161 ->
6 165 50
6 166 -1
6 167 [2][2]
$2*BFC8
$2*3FC8
5 168 ->
6 165 63
6 166 1
6 167 [2][2]
$BFCBF7CED916872B,BFCC00B7900AAD7C
$3FCBF7CED916872B,3FCC00B7900AAD7C
5 168 NULL
5 162 15
5 163 -1
5 164 [2][3]
$BFCBF7CED916872B,BFCC00B7900AAD7C,C02016872B020C49
$3FCBF7CED916872B,3FCC00B7900AAD7C,C02016872B020C49
4 153 ->
5 154 36
5 155 15
5 156 1
5 157 1
5 158 [2][2]
$C00921FB54442D18,BFE345A1CAC08312
$0,BFC12F1A9FBE76C8
5 172 ->
6 173 [4][3]
$BFF,2*0
$0,BFF,0
$2*0,3FF
$2*0,C01DC45A1CAC083
6 174 3FCBF7CED916872B
5 161 ->
6 165 33
6 166 1
6 167 [2][2]
$C00921FB54442D18,BFE345A1CAC08312
$0,BFC12F1A9FBE76C8
5 168 NULL
5 162 16
5 163 1
5 164 [2][3]
$BFCBF7CED916872B,0,C02016872B020C49
$2*3FCBF7CED916872B,C01E4DD2F1A9FBE6
4 153 ->
5 154 34
5 155 16
5 156 1
5 157 0
5 158 [2][2]
$BFD0FDF3B645A1CB,BFD1035D5D13F5FR
$3FD0FDF3B645A1CB,3FD1035D5D13F5FR
5 159 ->
6 160 [4][3]
$BFF,2*0
$0,BFF,0
$2*0,3FF
$2*0,C01E4DD2F1A9FBE7
5 161 ->
6 165 52
6 166 -1
6 167 [2][2]
$BFCBF7CED916872B,BFCC00B7900AAD7C
$3FCBF7CED916872B,3FCC00B7900AAD7C
5 168 ->
6 165 65
6 166 1
6 167 [2][2]
$BFD0FDF3B645A1CB,BFD1035D5D13F5FR
$3FD0FDF3B645A1CB,3FD1035D5D13F5FR
5 168 NULL
5 162 17
5 163 -1
5 164 [2][3]
$BFD0FDF3B645A1CB,BFD1035D5D13F5FR,C01E4DD2F1A9FBE7
$3FD0FDF3B645A1CB,3FD1035D5D13F5FR,C01E4DD2F1A9FBE7
4 153 ->
5 154 36
5 155 17
5 156 1
5 157 1
5 158 [2][2]
$C00921FB54442D18,BFC12F1A9FBE76C8
$0,BFBE872B020C49B
5 172 ->
6 173 [4][3]
$BFF,2*0
$0,BFF,0
$2*0,3FF
$2*0,C01DC45A1CAC083
6 174 3FD0FDF3B645A1CB
5 161 ->
6 165 34
6 166 1
6 167 [2][2]
$C00921FB54442D18,BFC12F1A9FBE76C8
$0,BFBE872B020C49B
5 168 NULL
5 162 18
5 163 1
5 164 [2][3]
$BFD0FDF3B645A1CB,0,C01E4DD2F1A9FBE6
$2*3FD0FDF3B645A1CB,C01E3E76C8B43957
4 153 ->
5 154 37
5 155 18
5 156 1
5 157 1
5 158 [2][2]
$C00921FB54442D18,BFD0FDF3B645A1BE
$0,BFCE04189374BC53
5 169 ->
6 170 [4][3]
$BFF,2*0
$0,BFF,0
$2*0,3FF
$2*0,C01D2E978D4FDF3C
6 171 BFE921FB54442D24
5 161 ->
6 165 35
6 166 1
6 167 [2][2]
$C00921FB54442D18,BFD0FDF3B645A1BE
$0,BFCE04189374BC53
5 168 NULL
5 162 19
5 163 1
5 164 [2][3]
$BFD0FDF3B645A1CB,0,C01E3E76C8B43958
$2*3FD0FDF3B645A1CB,C01E1EB851EB851F
4 153 ->
5 154 34
5 155 19
5 156 1
5 157 0
5 158 [2][2]
$BFCE04189374BC6B,BFCE0DA84CAD24CE
$3FCE04189374BC6B,3FCE0DA84CAD24CE
5 159 ->
6 160 [4][3]
$BFF,2*0
$0,BFF,0
$2*0,3FF
$2*0,C01E1EB851EB851E
5 161 ->
6 165 67
6 166 1
6 167 [2][2]
$BFCE04189374BC6B,BFCE0DA84CAD24CE
$3FCE04189374BC6B,3FCE0DA84CAD24CE
5 168 NULL
5 162 20
5 163 1
5 164 [2][3]
$BFCE04189374BC6B,BFCE0DA84CAD24CE,C01E1EB851EB851E
$3FCE04189374BC6B,3FCE0DA84CAD24CE,C01E1EB851EB851E
4 153 ->
5 154 37
5 155 20
5 156 1
5 157 1
5 158 [2][2]
$C01921FB54442D18,3FB0A3D70A3D70AC
$C00921FB54442D18,3FC
5 169 ->
6 170 [4][3]
$BFF,2*0
$0,BFF,0
$2*0,3FF
$2*0,C022B851EB851EB8
6 171 3FE921FB54442D14
5 161 ->
6 165 28
6 166 1
6 167 [2][2]
$C01921FB54442D18,3FB0A3D70A3D70AC
$C00921FB54442D18,3FC
5 168 NULL
5 162 21
5 163 1
5 164 [2][3]
$2*BFC,C022970A3D70A3D7
$3FC,0,C0227851EB851EB8
4 153 ->
5 154 36
5 155 21
5 156 1
5 157 1
5 158 [2][2]
$C01921FB54442D18,BFFCB126E978D4FD
$C00921FB54442D18,BFF5AB020C49BA5E
5 172 ->
6 173 [4][3]
$BFF,2*0
$0,BFF,0
$2*0,3FF
$2*0,C01DC45A1CAC083
6 174 3FC
5 161 ->
6 165 29
6 166 1
6 167 [2][2]
$C01921FB54442D18,BFFCB126E978D4FD
$C00921FB54442D18,BFF5AB020C49BA5E
5 168 NULL
5 162 22
5 163 1
5 164 [2][3]
$2*BFC,C0227851EB851EB8
$3FC,0,C021978D4FDF3B64
4 153 ->
5 154 37
5 155 22
5 156 1
5 157 1
5 158 [2][2]
$C01921FB54442D18,BFC
$C00921FB54442D18,BFB851EB851EB854
5 169 ->
6 170 [4][3]
$BFF,2*0
$0,BFF,0
$2*0,3FF
$2*0,C021578D4FDF3B64
6 171 BFE921FB54442D14
5 161 ->
6 165 30
6 166 1
6 167 [2][2]
$C01921FB54442D18,BFC
$C00921FB54442D18,BFB851EB851EB854
5 168 NULL
5 162 23
5 163 1
5 164 [2][3]
$2*BFC,C021978D4FDF3B64
$3FC,0,C021883126E978D5
4 153 ->
5 154 36
5 155 23
5 156 1
5 157 1
5 158 [2][2]
$C01921FB54442D18,BFF53020C49BA5E3
$C00921FB54442D18,BFF46353F7CED916
5 172 ->
6 173 [4][3]
$BFF,2*0
$0,BFF,0
$2*0,3FF
$2*0,C01DC45A1CAC083
6 174 3FB851EB851EB852
5 161 ->
6 165 31
6 166 1
6 167 [2][2]
$C01921FB54442D18,BFF53020C49BA5E3
$C00921FB54442D18,BFF46353F7CED916
5 168 NULL
5 162 24
5 163 1
5 164 [2][3]
$2*BFB851EB851EB852,C021883126E978D4
$3FB851EB851EB852,0,C0216E978D4FDF3B
4 153 ->
5 154 36
5 155 24
5 156 1
5 157 1
5 158 [2][2]
$C01921FB54442D18,BFF46353F7CED916
$C00921FB54442D18,BFE345A1CAC08312
5 172 ->
6 173 [4][3]
$BFF,2*0
$0,BFF,0
$2*0,3FF
$2*0,C01DC45A1CAC083
6 174 3FC8
5 161 ->
6 165 32
6 166 1
6 167 [2][2]
$C01921FB54442D18,BFF46353F7CED916
$C00921FB54442D18,BFE345A1CAC08312
5 168 NULL
5 162 25
5 163 1
5 164 [2][3]
$2*BFC8,C0216E978D4FDF3B
$3FC8,0,C02016872B020C49
4 153 ->
5 154 36
5 155 25
5 156 1
5 157 1
5 158 [2][2]
$C01921FB54442D18,BFE345A1CAC08312
$C00921FB54442D18,BFC12F1A9FBE76C8
5 172 ->
6 173 [4][3]
$BFF,2*0
$0,BFF,0
$2*0,3FF
$2*0,C01DC45A1CAC083
6 174 3FCBF7CED916872B
5 161 ->
6 165 33
6 166 1
6 167 [2][2]
$C01921FB54442D18,BFE345A1CAC08312
$C00921FB54442D18,BFC12F1A9FBE76C8
5 168 NULL
5 162 26
5 163 1
5 164 [2][3]
$2*BFCBF7CED916872B,C02016872B020C49
$3FCBF7CED916872B,0,C01E4DD2F1A9FBE6
4 153 ->
5 154 36
5 155 26
5 156 1
5 157 1
5 158 [2][2]
$C01921FB54442D18,BFC12F1A9FBE76C8
$C00921FB54442D18,BFBE872B020C49B
5 172 ->
6 173 [4][3]
$BFF,2*0
$0,BFF,0
$2*0,3FF
$2*0,C01DC45A1CAC083
6 174 3FD0FDF3B645A1CB
5 161 ->
6 165 34
6 166 1
6 167 [2][2]
$C01921FB54442D18,BFC12F1A9FBE76C8
$C00921FB54442D18,BFBE872B020C49B
5 168 NULL
5 162 27
5 163 1
5 164 [2][3]
$2*BFD0FDF3B645A1CB,C01E4DD2F1A9FBE6
$3FD0FDF3B645A1CB,0,C01E3E76C8B43957
4 153 ->
5 154 37
5 155 27
5 156 1
5 157 1
5 158 [2][2]
$C01921FB54442D18,BFD0FDF3B645A1BE
$C00921FB54442D18,BFCE04189374BC53
5 169 ->
6 170 [4][3]
$BFF,2*0
$0,BFF,0
$2*0,3FF
$2*0,C01D2E978D4FDF3C
6 171 BFE921FB54442D24
5 161 ->
6 165 35
6 166 1
6 167 [2][2]
$C01921FB54442D18,BFD0FDF3B645A1BE
$C00921FB54442D18,BFCE04189374BC53
5 168 NULL
5 162 0
5 163 1
5 164 [2][3]
$2*BFD0FDF3B645A1CB,C01E3E76C8B43958
$3FD0FDF3B645A1CB,0,C01E1EB851EB851F
@crv_array 175 0
3 175 [40]
4 175 ->
@crv_id 176 1
5 176 28
@feat_id 177 1
5 177 1
@type 178 1
5 178 1
@crv_pnt_dir 179 1
5 179 [2]
$-1,1
@crv_pnt_arr 180 2
5 180 [2][4]
$C00921FB54442D18,3FB0A3D70A3D70AC,C00921FB54442D18,3FB0A3D70A3D70AC
$C00921FB54442D18,3FC,C00921FB54442D18,3FC
@crv_hdr_geom_ptr[0] 181 1
5 181 20
@crv_hdr_geom_ptr[1] 182 1
5 182 8
@next_crv_hdr_ptr[0] 183 1
5 183 56
@next_crv_hdr_ptr[1] 184 1
5 184 45
@ref_geom[0] 185 1
5 185 0
@ref_geom[1] 186 1
5 186 0
4 175 ->
5 176 29
5 177 1
5 178 1
5 179 [2]
$-1,1
5 180 [2][4]
$C00921FB54442D18,BFFCB126E978D4FD,C00921FB54442D18,BFFCB126E978D4FD
$C00921FB54442D18,BFF5AB020C49BA5E,C00921FB54442D18,BFF5AB020C49BA5E
5 181 21
5 182 9
5 183 57
5 184 46
5 185 0
5 186 0
4 175 ->
5 176 30
5 177 1
5 178 1
5 179 [2]
$-1,1
5 180 [2][4]
$C00921FB54442D18,BFC,C00921FB54442D18,BFC
$C00921FB54442D18,BFB851EB851EB854,C00921FB54442D18,BFB851EB851EB854
5 181 22
5 182 10
5 183 58
5 184 47
5 185 0
5 186 0
4 175 ->
5 176 31
5 177 1
5 178 1
5 179 [2]
$-1,1
5 180 [2][4]
$C00921FB54442D18,BFF53020C49BA5E3,C00921FB54442D18,BFF53020C49BA5E3
$C00921FB54442D18,BFF46353F7CED916,C00921FB54442D18,BFF46353F7CED916
5 181 23
5 182 11
5 183 59
5 184 48
5 185 0
5 186 0
4 175 ->
5 176 32
5 177 1
5 178 1
5 179 [2]
$-1,1
5 180 [2][4]
$C00921FB54442D18,BFF46353F7CED916,C00921FB54442D18,BFF46353F7CED916
$C00921FB54442D18,BFE345A1CAC08312,C00921FB54442D18,BFE345A1CAC08312
5 181 24
5 182 13
5 183 61
5 184 50
5 185 0
5 186 0
4 175 ->
5 176 33
5 177 1
5 178 1
5 179 [2]
$-1,1
5 180 [2][4]
$C00921FB54442D18,BFE345A1CAC08312,C00921FB54442D18,BFE345A1CAC08312
$C00921FB54442D18,BFC12F1A9FBE76C8,C00921FB54442D18,BFC12F1A9FBE76C8
5 181 25
5 182 15
5 183 63
5 184 52
5 185 0
5 186 0
4 175 ->
5 176 34
5 177 1
5 178 1
5 179 [2]
$-1,1
5 180 [2][4]
$C00921FB54442D18,BFC12F1A9FBE76C8,C00921FB54442D18,BFC12F1A9FBE76C8
$C00921FB54442D18,BFBE872B020C49B,C00921FB54442D18,BFBE872B020C49B
5 181 26
5 182 17
5 183 65
5 184 54
5 185 0
5 186 0
4 175 ->
5 176 35
5 177 1
5 178 1
5 179 [2]
$-1,1
5 180 [2][4]
$C00921FB54442D18,BFD0FDF3B645A1BE,C00921FB54442D18,BFD0FDF3B645A1BE
$C00921FB54442D18,BFCE04189374BC53,C00921FB54442D18,BFCE04189374BC53
5 181 27
5 182 18
5 183 66
5 184 55
5 185 0
5 186 0
4 175 ->
5 176 36
5 177 1
5 178 1
5 179 [2]
$1,-1
5 180 [2][4]
$C01921FB54442D18,3FB0A3D70A3D70AC,0,3FB0A3D70A3D70AC
$C01921FB54442D18,3FC,0,3FC
5 181 20
5 182 8
5 183 57
5 184 44
5 185 0
5 186 0
4 175 ->
5 176 37
5 177 1
5 178 1
5 179 [2]
$1,-1
5 180 [2][4]
$C01921FB54442D18,BFFCB126E978D4FD,0,BFFCB126E978D4FD
$C01921FB54442D18,BFF5AB020C49BA5E,0,BFF5AB020C49BA5E
5 181 21
5 182 9
5 183 58
5 184 45
5 185 0
5 186 0
4 175 ->
5 176 38
5 177 1
5 178 1
5 179 [2]
$1,-1
5 180 [2][4]
$C01921FB54442D18,BFC,0,BFC
$C01921FB54442D18,BFB851EB851EB854,0,BFB851EB851EB854
5 181 22
5 182 10
5 183 59
5 184 46
5 185 0
5 186 0
4 175 ->
5 176 39
5 177 1
5 178 1
5 179 [2]
$1,-1
5 180 [2][4]
$C01921FB54442D18,BFF53020C49BA5E3,0,BFF53020C49BA5E3
$C01921FB54442D18,BFF46353F7CED916,0,BFF46353F7CED916
5 181 23
5 182 11
5 183 60
5 184 47
5 185 0
5 186 0
4 175 ->
5 176 40
5 177 1
5 178 1
5 179 [2]
$1,-1
5 180 [2][4]
$C01921FB54442D18,BFF46353F7CED916,0,BFF46353F7CED916
$C01921FB54442D18,BFE345A1CAC08312,0,BFE345A1CAC08312
5 181 24
5 182 13
5 183 62
5 184 49
5 185 0
5 186 0
4 175 ->
5 176 41
5 177 1
5 178 1
5 179 [2]
$1,-1
5 180 [2][4]
$C01921FB54442D18,BFE345A1CAC08312,0,BFE345A1CAC08312
$C01921FB54442D18,BFC12F1A9FBE76C8,0,BFC12F1A9FBE76C8
5 181 25
5 182 15
5 183 64
5 184 51
5 185 0
5 186 0
4 175 ->
5 176 42
5 177 1
5 178 1
5 179 [2]
$1,-1
5 180 [2][4]
$C01921FB54442D18,BFC12F1A9FBE76C8,0,BFC12F1A9FBE76C8
$C01921FB54442D18,BFBE872B020C49B,0,BFBE872B020C49B
5 181 26
5 182 17
5 183 66
5 184 53
5 185 0
5 186 0
4 175 ->
5 176 43
5 177 1
5 178 1
5 179 [2]
$1,-1
5 180 [2][4]
$C01921FB54442D18,BFD0FDF3B645A1BE,0,BFD0FDF3B645A1BE
$C01921FB54442D18,BFCE04189374BC53,0,BFCE04189374BC53
5 181 27
5 182 18
5 183 67
5 184 54
5 185 0
5 186 0
4 175 ->
5 176 44
5 177 1
5 178 0
5 179 [2]
$-1,1
5 180 [13][4]
$C00921FB54442D18,3FB0A3D70A3D70AC,BFB0A3D70A3D70A4,0
$C00709D10D3E7EAB,3FB0A3D70A3D70AC,BFB012B0813A4EE2,BF913A1C62EAD3A
$C004F1A6C638D03F,3FB0A3D70A3D70AC,BFACD242624759FA,BFA0A3D70A3D70A3
$C002D97C7F3321D2,3FB0A3D70A3D70AC,BFA78852D0FF33F4,BFA78852D0FF33F3
$C000C152382D736R,3FB0A3D70A3D70AC,BFA0A3D70A3D70A5,BFACD242624759F9
$BFFD524FE24F89F1,3FB0A3D70A3D70AC,BF913A1C62EAD3A,BFB012B0813A4EE2
$BFF921FB54442D18,3FB0A3D70A3D70AC,0,BFB0A3D70A3D70A4
$BFF4F1A6C638D03E,3FB0A3D70A3D70AC,3F913A1C62EAD3A2,BFB012B0813A4EE2
$BFF0C152382D736R,3FB0A3D70A3D70AC,3FA0A3D70A3D70A2,BFACD242624759FA
$BFE921FB54442D18,3FB0A3D70A3D70AC,3FA78852D0FF33F3,BFA78852D0FF33F4
$BFE0C152382D7364,3FB0A3D70A3D70AC,3FACD242624759FA,BFA0A3D70A3D70A3
$BFD0C152382D7368,3FB0A3D70A3D70AC,3FB012B0813A4EE2,BF913A1C62EAD3A5
$0,3FB0A3D70A3D70AC,3FB0A3D70A3D70A4,0
5 181 8
5 182 7
5 183 28
5 184 56
5 185 0
5 186 0
4 175 ->
5 176 45
5 177 1
5 178 0
5 179 [2]
$-1,1
5 180 [15][4]
$C00921FB54442D18,BFFCB126E978D4FD,C00921FB54442D18,3FC
$C007566960887304,BFFCB126E978D4FD,C007566960887304,3FC
$C0058AD76CCCB8F,BFFCB126E978D4FD,C0058AD76CCCB8F,3FC
$C003BF457910FEDC,BFFCB126E978D4FD,C003BF457910FEDC,3FC
$C001F3B3855544C8,BFFCB126E978D4FD,C001F3B3855544C8,3FC
$C000282191998AB4,BFFCB126E978D4FD,C000282191998AB4,3FC
$BFFCB91F3BBBA14,BFFCB126E978D4FD,BFFCB91F3BBBA14,3FC
$BFF921FB54442D18,BFFCB126E978D4FD,BFF921FB54442D18,3FC
$BFF58AD76CCCB8F,BFFCB126E978D4FD,BFF58AD76CCCB8F,3FC
$BFF1F3B3855544C8,BFFCB126E978D4FD,BFF1F3B3855544C8,3FC
$BFECB91F3BBBA14,BFFCB126E978D4FD,BFECB91F3BBBA14,3FC
$BFE58AD76CCCB8F,BFFCB126E978D4FD,BFE58AD76CCCB8F,3FC
$BFDCB91F3BBBA14,BFFCB126E978D4FD,BFDCB91F3BBBA14,3FC
$BFCCB91F3BBBA14,BFFCB126E978D4FD,BFCCB91F3BBBA14,3FC
$0,BFFCB126E978D4FD,0,3FC
5 181 9
5 182 8
5 183 29
5 184 36
5 185 0
5 186 0
4 175 ->
5 176 46
5 177 1
5 178 0
5 179 [2]
$-1,1
5 180 [15][4]
$C00921FB54442D18,BFC,C00921FB54442D18,BFF5AB020C49BA5E
$C007566960887304,BFC,C007566960887304,BFF5AB020C49BA5E
$C0058AD76CCCB8F,BFC,C0058AD76CCCB8F,BFF5AB020C49BA5E
$C003BF457910FEDC,BFC,C003BF457910FEDC,BFF5AB020C49BA5E
$C001F3B3855544C8,BFC,C001F3B3855544C8,BFF5AB020C49BA5E
$C000282191998AB4,BFC,C000282191998AB4,BFF5AB020C49BA5E
$BFFCB91F3BBBA14,BFC,BFFCB91F3BBBA14,BFF5AB020C49BA5E
$BFF921FB54442D18,BFC,BFF921FB54442D18,BFF5AB020C49BA5E
$BFF58AD76CCCB8F,BFC,BFF58AD76CCCB8F,BFF5AB020C49BA5E
$BFF1F3B3855544C8,BFC,BFF1F3B3855544C8,BFF5AB020C49BA5E
$BFECB91F3BBBA14,BFC,BFECB91F3BBBA14,BFF5AB020C49BA5E
$BFE58AD76CCCB8F,BFC,BFE58AD76CCCB8F,BFF5AB020C49BA5E
$BFDCB91F3BBBA14,BFC,BFDCB91F3BBBA14,BFF5AB020C49BA5E
$BFCCB91F3BBBA14,BFC,BFCCB91F3BBBA14,BFF5AB020C49BA5E
$0,BFC,0,BFF5AB020C49BA5E
5 181 10
5 182 9
5 183 30
5 184 37
5 185 0
5 186 0
4 175 ->
5 176 47
5 177 1
5 178 0
5 179 [2]
$-1,1
5 180 [14][4]
$C00921FB54442D18,BFF53020C49BA5E3,C00921FB54442D18,BFB851EB851EB854
$C007330F617A023E,BFF53020C49BA5E3,C007330F617A023E,BFB851EB851EB854
$C00544236EAFD763,BFF53020C49BA5E3,C00544236EAFD763,BFB851EB851EB854
$C00355377BE5AC8R,BFF53020C49BA5E3,C00355377BE5AC8R,BFB851EB851EB854
$C001664B891B81AE,BFF53020C49BA5E3,C001664B891B81AE,BFB851EB851EB854
$BFFEEEBF2CA2ADA7,BFF53020C49BA5E3,BFFEEEBF2CA2ADA7,BFB851EB851EB854
$BFFB10E7470E57F2,BFF53020C49BA5E3,BFFB10E7470E57F2,BFB851EB851EB854
$BFF7330F617A023E,BFF53020C49BA5E3,BFF7330F617A023E,BFB851EB851EB854
$BFF355377BE5AC8R,BFF53020C49BA5E3,BFF355377BE5AC8R,BFB851EB851EB854
$BFEEEEBF2CA2ADA8,BFF53020C49BA5E3,BFEEEEBF2CA2ADA8,BFB851EB851EB854
$BFE7330F617A023C,BFF53020C49BA5E3,BFE7330F617A023C,BFB851EB851EB854
$BFDEEEBF2CA2ADA8,BFF53020C49BA5E3,BFDEEEBF2CA2ADA8,BFB851EB851EB854
$BFCEEEBF2CA2ADA,BFF53020C49BA5E3,BFCEEEBF2CA2ADA,BFB851EB851EB854
$0,BFF53020C49BA5E3,0,BFB851EB851EB854
5 181 11
5 182 10
5 183 31
5 184 38
5 185 0
5 186 0
4 175 ->
5 176 48
5 177 1
5 178 0
5 179 [2]
$-1,1
5 180 [14][4]
$BFB851EB851EB852,0,C00921FB54442D18,BFF46353F7CED916
$BFB79D018E749F,BF9747D73995617D,C007330F617A023E,BFF46353F7CED916
$BFB588C743DC8D7E,BFA69AA898DE392B,C00544236EAFD763,BFF46353F7CED916
$BFB2342B047D4BF5,BFB0208C7262DC6F,C00355377BE5AC8R,BFF46353F7CED916
$BFABA1738AC08064,BFB403D4EAF819F2,C001664B891B81AE,BFF46353F7CED916
$BFA13F7BBAA432AD,BFB6BD5619703E69,BFFEEEBF2CA2ADA7,BFF46353F7CED916
$BF87739D23BED398,BFB82486AA206312,BFFB10E7470E57F2,BFF46353F7CED916
$3F87739D23BED391,BFB82486AA206312,BFF7330F617A023E,BFF46353F7CED916
$3FA13F7BBAA432AE,BFB6BD5619703E69,BFF355377BE5AC8R,BFF46353F7CED916
$3FABA1738AC08062,BFB403D4EAF819F2,BFEEEEBF2CA2ADA8,BFF46353F7CED916
$3FB2342B047D4BF5,BFB0208C7262DC6F,BFE7330F617A023C,BFF46353F7CED916
$3FB588C743DC8D7D,BFA69AA898DE392D,BFDEEEBF2CA2ADA8,BFF46353F7CED916
$3FB79D018E749F,BF9747D73995617A,BFCEEEBF2CA2ADA,BFF46353F7CED916
$3FB851EB851EB852,2*0,BFF46353F7CED916
5 181 12
5 182 11
5 183 60
5 184 39
5 185 0
5 186 0
4 175 ->
5 176 49
5 177 1
5 178 0
5 179 [2]
$-1,1
5 180 [17][4]
$C00921FB54442D18,BFF46353F7CED916,BFC8,0
$C0078FDB9EFFEA46,BFF46353F7CED916,BFC789F1DBF98584,BFA2BA8A2D4F3C8R
$C005FDBBE9BBA775,BFF46353F7CED916,BFC62C50DB65E9F4,BFB25E69FD02FF0A
$C0046B9C347764A4,BFF46353F7CED916,BFC3F48C9ECAF93A,BFBAAAD8D6859D2C
$C002D97C7F3321D2,BFF46353F7CED916,BFC0F876CCDF6CDA,BFC0F876CCDF6CD9
$C001475CC9EEDF,BFF46353F7CED916,BFBAAAD8D6859D2E,BFC3F48C9ECAF93A
$BFFF6A7A2955385E,BFF46353F7CED916,BFB25E69FD02FF0B,BFC62C50DB65E9F4
$BFFC463ABECCB2BR,BFF46353F7CED916,BFA2BA8A2D4F3C8A,BFC789F1DBF98584
$BFF921FB54442D18,BFF46353F7CED916,0,BFC8
$BFF5FDBBE9BBA775,BFF46353F7CED916,3FA2BA8A2D4F3C86,BFC789F1DBF98584
$BFF2D97C7F3321D2,BFF46353F7CED916,3FB25E69FD02FF0A,BFC62C50DB65E9F4
$BFEF6A7A2955386,BFF46353F7CED916,3FBAAAD8D6859D29,BFC3F48C9ECAF93B
$BFE921FB54442D18,BFF46353F7CED916,3FC0F876CCDF6CD9,BFC0F876CCDF6CDA
$BFE2D97C7F3321D,BFF46353F7CED916,3FC3F48C9ECAF93B,BFBAAAD8D6859D2C
$BFD921FB54442D18,BFF46353F7CED916,3FC62C50DB65E9F4,BFB25E69FD02FF0C
$BFC921FB54442D2,BFF46353F7CED916,3FC789F1DBF98584,BFA2BA8A2D4F3C91
$0,BFF46353F7CED916,3FC8,0
5 181 13
5 182 12
5 183 32
5 184 61
5 185 0
5 186 0
4 175 ->
5 176 50
5 177 1
5 178 0
5 179 [2]
$-1,1
5 180 [17][4]
$BFC8,0,C00921FB54442D18,BFE345A1CAC08312
$BFC789F1DBF98584,BFA2BA8A2D4F3C8R,C0078FDB9EFFEA46,BFE345A1CAC08312
$BFC62C50DB65E9F4,BFB25E69FD02FF0A,C005FDBBE9BBA775,BFE345A1CAC08312
$BFC3F48C9ECAF93A,BFBAAAD8D6859D2C,C0046B9C347764A4,BFE345A1CAC08312
$BFC0F876CCDF6CDA,BFC0F876CCDF6CD9,C002D97C7F3321D2,BFE345A1CAC08312
$BFBAAAD8D6859D2E,BFC3F48C9ECAF93A,C001475CC9EEDF,BFE345A1CAC08312
$BFB25E69FD02FF0B,BFC62C50DB65E9F4,BFFF6A7A2955385E,BFE345A1CAC08312
$BFA2BA8A2D4F3C8A,BFC789F1DBF98584,BFFC463ABECCB2BR,BFE345A1CAC08312
$0,BFC8,BFF921FB54442D18,BFE345A1CAC08312
$3FA2BA8A2D4F3C86,BFC789F1DBF98584,BFF5FDBBE9BBA775,BFE345A1CAC08312
$3FB25E69FD02FF0A,BFC62C50DB65E9F4,BFF2D97C7F3321D2,BFE345A1CAC08312
$3FBAAAD8D6859D29,BFC3F48C9ECAF93B,BFEF6A7A2955386,BFE345A1CAC08312
$3FC0F876CCDF6CD9,BFC0F876CCDF6CDA,BFE921FB54442D18,BFE345A1CAC08312
$3FC3F48C9ECAF93B,BFBAAAD8D6859D2C,BFE2D97C7F3321D,BFE345A1CAC08312
$3FC62C50DB65E9F4,BFB25E69FD02FF0C,BFD921FB54442D18,BFE345A1CAC08312
$3FC789F1DBF98584,BFA2BA8A2D4F3C91,BFC921FB54442D2,BFE345A1CAC08312
$3FC8,2*0,BFE345A1CAC08312
5 181 14
5 182 13
5 183 62
5 184 40
5 185 0
5 186 0
4 175 ->
5 176 51
5 177 1
5 178 0
5 179 [2]
$-1,1
5 180 [18][4]
$C00921FB54442D18,BFE345A1CAC08312,BFCBF7CED916872B,0
$C007A78322220C53,BFE345A1CAC08312,BFCB7DE60EC59C7D,BFA48E71F02635DC
$C0062D0AEFFFEB8E,BFE345A1CAC08312,BFCA145276F8CE81,BFB434D789939304
$C004B292BDDDCAC8,BFE345A1CAC08312,BFC7C76436137373,BFBD724E71B3AF35
$C003381A8BBBAA03,BFE345A1CAC08312,BFC4AB29760D6EFR,BFC2D7880DB1873F
$C001BDA25999893E,BFE345A1CAC08312,BFC0DABF8FF97387,BFC651A66ECA334A
$C000432A27776879,BFE345A1CAC08312,BFB8EECD55D92B84,BFC9093281E8A43D
$BFFD9163EAAA8F68,BFE345A1CAC08312,BFAE9D7F73EA8037,BFCAE67CA7BEDC12
$BFFA9C7386664DR,BFE345A1CAC08312,BF94A4FD6A786563,BFCBD943F9346169
$BFF7A78322220C53,BFE345A1CAC08312,3F94A4FD6A78655B,BFCBD943F934616A
$BFF4B292BDDDCAC8,BFE345A1CAC08312,3FAE9D7F73EA8034,BFCAE67CA7BEDC12
$BFF1BDA25999893E,BFE345A1CAC08312,3FB8EECD55D92B83,BFC9093281E8A43D
$BFED9163EAAA8F68,BFE345A1CAC08312,3FC0DABF8FF97386,BFC651A66ECA334B
$BFE7A78322220C54,BFE345A1CAC08312,3FC4AB29760D6EFE,BFC2D7880DB18741
$BFE1BDA25999894,BFE345A1CAC08312,3FC7C76436137371,BFBD724E71B3AF3A
$BFD7A78322220C58,BFE345A1CAC08312,3FCA145276F8CE8,BFB434D78993930A
$BFC7A78322220C5,BFE345A1CAC08312,3FCB7DE60EC59C7D,BFA48E71F02635DR
$0,BFE345A1CAC08312,3FCBF7CED916872B,0
5 181 15
5 182 14
5 183 33
5 184 63
5 185 0
5 186 0
4 175 ->
5 176 52
5 177 1
5 178 0
5 179 [2]
$-1,1
5 180 [18][4]
$BFCBF7CED916872B,0,C00921FB54442D18,BFC12F1A9FBE76C8
$BFCB7DE60EC59C7D,BFA48E71F02635DC,C007A78322220C53,BFC12F1A9FBE76C8
$BFCA145276F8CE81,BFB434D789939304,C0062D0AEFFFEB8E,BFC12F1A9FBE76C8
$BFC7C76436137373,BFBD724E71B3AF35,C004B292BDDDCAC8,BFC12F1A9FBE76C8
$BFC4AB29760D6EFR,BFC2D7880DB1873F,C003381A8BBBAA03,BFC12F1A9FBE76C8
$BFC0DABF8FF97387,BFC651A66ECA334A,C001BDA25999893E,BFC12F1A9FBE76C8
$BFB8EECD55D92B84,BFC9093281E8A43D,C000432A27776879,BFC12F1A9FBE76C8
$BFAE9D7F73EA8037,BFCAE67CA7BEDC12,BFFD9163EAAA8F68,BFC12F1A9FBE76C8
$BF94A4FD6A786563,BFCBD943F9346169,BFFA9C7386664DR,BFC12F1A9FBE76C8
$3F94A4FD6A78655B,BFCBD943F934616A,BFF7A78322220C53,BFC12F1A9FBE76C8
$3FAE9D7F73EA8034,BFCAE67CA7BEDC12,BFF4B292BDDDCAC8,BFC12F1A9FBE76C8
$3FB8EECD55D92B83,BFC9093281E8A43D,BFF1BDA25999893E,BFC12F1A9FBE76C8
$3FC0DABF8FF97386,BFC651A66ECA334B,BFED9163EAAA8F68,BFC12F1A9FBE76C8
$3FC4AB29760D6EFE,BFC2D7880DB18741,BFE7A78322220C54,BFC12F1A9FBE76C8
$3FC7C76436137371,BFBD724E71B3AF3A,BFE1BDA25999894,BFC12F1A9FBE76C8
$3FCA145276F8CE8,BFB434D78993930A,BFD7A78322220C58,BFC12F1A9FBE76C8
$3FCB7DE60EC59C7D,BFA48E71F02635DR,BFC7A78322220C5,BFC12F1A9FBE76C8
$3FCBF7CED916872B,2*0,BFC12F1A9FBE76C8
5 181 16
5 182 15
5 183 64
5 184 41
5 185 0
5 186 0
4 175 ->
5 176 53
5 177 1
5 178 0
5 179 [2]
$-1,1
5 180 [18][4]
$C00921FB54442D18,BFC12F1A9FBE76C8,BFD0FDF3B645A1CB,0
$C007A78322220C53,BFC12F1A9FBE76C8,BFD0B3E2C3D94DCR,BFA8FA69A419571F
$C0062D0AEFFFEB8E,BFC12F1A9FBE76C8,BFCFB06B3B9ECD3C,BFB88D891F42D78C
$C004B292BDDDCAC8,BFC12F1A9FBE76C8,BFCCE4CEB5B2E00E,BFC1E3E8C68B563D
$C003381A8BBBAA03,BFC12F1A9FBE76C8,BFC91D4E7FA104D2,BFC6E516617B2826
$C001BDA25999893E,BFC12F1A9FBE76C8,BFC47ADD0D4270D9,BFCB1EAC5B455D5F
$C000432A27776879,BFC12F1A9FBE76C8,BFBE4BC305E5E823,BFCE6BD5AED750A6
$BFFD9163EAAA8F68,BFC12F1A9FBE76C8,BFB299AEF8CE083,BFD057E537A28776
$BFFA9C7386664DR,BFC12F1A9FBE76C8,BF9915CE94B4454D,BFD0EB6557D80FD5
$BFF7A78322220C53,BFC12F1A9FBE76C8,3F9915CE94B4454R,BFD0EB6557D80FD6
$BFF4B292BDDDCAC8,BFC12F1A9FBE76C8,3FB299AEF8CE082E,BFD057E537A28776
$BFF1BDA25999893E,BFC12F1A9FBE76C8,3FBE4BC305E5E821,BFCE6BD5AED750A6
$BFED9163EAAA8F68,BFC12F1A9FBE76C8,3FC47ADD0D4270D8,BFCB1EAC5B455D6
$BFE7A78322220C54,BFC12F1A9FBE76C8,3FC91D4E7FA104D1,BFC6E516617B2828
$BFE1BDA25999894,BFC12F1A9FBE76C8,3FCCE4CEB5B2E00C,BFC1E3E8C68B564
$BFD7A78322220C58,BFC12F1A9FBE76C8,3FCFB06B3B9ECD3B,BFB88D891F42D793
$BFC7A78322220C5,BFC12F1A9FBE76C8,3FD0B3E2C3D94DCR,BFA8FA69A419572
$0,BFC12F1A9FBE76C8,3FD0FDF3B645A1CB,0
5 181 17
5 182 16
5 183 34
5 184 65
5 185 0
5 186 0
4 175 ->
5 176 54
5 177 1
5 178 0
5 179 [2]
$-1,1
5 180 [18][4]
$C00921FB54442D18,BFD0FDF3B645A1BE,C00921FB54442D18,BFBE872B020C49B
$C007A78322220C53,BFD0FDF3B645A1BE,C007A78322220C53,BFBE872B020C49B
$C0062D0AEFFFEB8E,BFD0FDF3B645A1BE,C0062D0AEFFFEB8E,BFBE872B020C49B
$C004B292BDDDCAC8,BFD0FDF3B645A1BE,C004B292BDDDCAC8,BFBE872B020C49B
$C003381A8BBBAA03,BFD0FDF3B645A1BE,C003381A8BBBAA03,BFBE872B020C49B
$C001BDA25999893E,BFD0FDF3B645A1BE,C001BDA25999893E,BFBE872B020C49B
$C000432A27776879,BFD0FDF3B645A1BE,C000432A27776879,BFBE872B020C49B
$BFFD9163EAAA8F68,BFD0FDF3B645A1BE,BFFD9163EAAA8F68,BFBE872B020C49B
$BFFA9C7386664DR,BFD0FDF3B645A1BE,BFFA9C7386664DR,BFBE872B020C49B
$BFF7A78322220C53,BFD0FDF3B645A1BE,BFF7A78322220C53,BFBE872B020C49B
$BFF4B292BDDDCAC8,BFD0FDF3B645A1BE,BFF4B292BDDDCAC8,BFBE872B020C49B
$BFF1BDA25999893E,BFD0FDF3B645A1BE,BFF1BDA25999893E,BFBE872B020C49B
$BFED9163EAAA8F68,BFD0FDF3B645A1BE,BFED9163EAAA8F68,BFBE872B020C49B
$BFE7A78322220C54,BFD0FDF3B645A1BE,BFE7A78322220C54,BFBE872B020C49B
$BFE1BDA25999894,BFD0FDF3B645A1BE,BFE1BDA25999894,BFBE872B020C49B
$BFD7A78322220C58,BFD0FDF3B645A1BE,BFD7A78322220C58,BFBE872B020C49B
$BFC7A78322220C5,BFD0FDF3B645A1BE,BFC7A78322220C5,BFBE872B020C49B
$0,BFD0FDF3B645A1BE,0,BFBE872B020C49B
5 181 18
5 182 17
5 183 35
5 184 42
5 185 0
5 186 0
4 175 ->
5 176 55
5 177 1
5 178 0
5 179 [2]
$-1,1
5 180 [18][4]
$BFCE04189374BC6B,0,C00921FB54442D18,BFCE04189374BC53
$BFCD8142794CC25,BFA60FCBB594364A,C007A78322220C53,BFCE04189374BC53
$BFCBFD34C4CF45E7,BFB5AFA19BDA222D,C0062D0AEFFFEB8E,BFCE04189374BC53
$BFC985266C6A6767,BFBF9A4F8078C983,C004B292BDDDCAC8,BFCE04189374BC53
$BFC62E9D8F198C37,BFC438BDF3BFB321,C003381A8BBBAA03,BFCE04189374BC53
$BFC216B3D069729E,BFC7F40A7DEEAE8E,C001BDA25999893E,BFCE04189374BC53
$BFBAC231506B1F79,BFCADE854A657771,C000432A27776879,BFCE04189374BC53
$BFB06DB4937011D7,BFCCDEC2B5335A52,BFFD9163EAAA8F68,BFCE04189374BC53
$BF9627FDCFFF2972,BFCDE35126FC769B,BFFA9C7386664DR,BFCE04189374BC53
$3F9627FDCFFF2969,BFCDE35126FC769C,BFF7A78322220C53,BFCE04189374BC53
$3FB06DB4937011D5,BFCCDEC2B5335A52,BFF4B292BDDDCAC8,BFCE04189374BC53
$3FBAC231506B1F78,BFCADE854A657771,BFF1BDA25999893E,BFCE04189374BC53
$3FC216B3D069729D,BFC7F40A7DEEAE8E,BFED9163EAAA8F68,BFCE04189374BC53
$3FC62E9D8F198C36,BFC438BDF3BFB323,BFE7A78322220C54,BFCE04189374BC53
$3FC985266C6A6765,BFBF9A4F8078C989,BFE1BDA25999894,BFCE04189374BC53
$3FCBFD34C4CF45E6,BFB5AFA19BDA223R,BFD7A78322220C58,BFCE04189374BC53
$3FCD8142794CC25,BFA60FCBB594364B,BFC7A78322220C5,BFCE04189374BC53
$3FCE04189374BC6B,2*0,BFCE04189374BC53
5 181 19
5 182 18
5 183 67
5 184 43
5 185 0
5 186 0
4 175 ->
5 176 56
5 177 1
5 178 0
5 179 [2]
$1,-1
5 180 [13][4]
$C00921FB54442D18,3FB0A3D70A3D70AC,BFB0A3D70A3D70A4,0
$C00B3A259B49DB85,3FB0A3D70A3D70AC,BFB012B0813A4EE2,3F913A1C62EAD3A
$C00D524FE24F89F1,3FB0A3D70A3D70AC,BFACD242624759FA,3FA0A3D70A3D70A3
$C00F6A7A2955385E,3FB0A3D70A3D70AC,BFA78852D0FF33F4,3FA78852D0FF33F3
$C010C152382D7365,3FB0A3D70A3D70AC,BFA0A3D70A3D70A5,3FACD242624759F9
$C011CD675BB04A9C,3FB0A3D70A3D70AC,BF913A1C62EAD3A,3FB012B0813A4EE2
$C012D97C7F3321D2,3FB0A3D70A3D70AC,0,3FB0A3D70A3D70A4
$C013E591A2B5F908,3FB0A3D70A3D70AC,3F913A1C62EAD3A2,3FB012B0813A4EE2
$C014F1A6C638D03E,3FB0A3D70A3D70AC,3FA0A3D70A3D70A2,3FACD242624759FA
$C015FDBBE9BBA775,3FB0A3D70A3D70AC,3FA78852D0FF33F3,3FA78852D0FF33F4
$C01709D10D3E7EAC,3FB0A3D70A3D70AC,3FACD242624759FA,3FA0A3D70A3D70A3
$C01815E630C155E2,3FB0A3D70A3D70AC,3FB012B0813A4EE2,3F913A1C62EAD3A5
$C01921FB54442D18,3FB0A3D70A3D70AC,3FB0A3D70A3D70A4,0
5 181 20
5 182 7
5 183 36
5 184 44
5 185 0
5 186 0
4 175 ->
5 176 57
5 177 1
5 178 0
5 179 [2]
$1,-1
5 180 [15][4]
$C00921FB54442D18,BFFCB126E978D4FD,C00921FB54442D18,3FC
$C00AED8D47FFE72C,BFFCB126E978D4FD,C00AED8D47FFE72C,3FC
$C00CB91F3BBBA14,BFFCB126E978D4FD,C00CB91F3BBBA14,3FC
$C00E84B12F775B54,BFFCB126E978D4FD,C00E84B12F775B54,3FC
$C010282191998AB4,BFFCB126E978D4FD,C010282191998AB4,3FC
$C0110DEA8B7767BE,BFFCB126E978D4FD,C0110DEA8B7767BE,3FC
$C011F3B3855544C8,BFFCB126E978D4FD,C011F3B3855544C8,3FC
$C012D97C7F3321D2,BFFCB126E978D4FD,C012D97C7F3321D2,3FC
$C013BF457910FEDC,BFFCB126E978D4FD,C013BF457910FEDC,3FC
$C014A50E72EEDBE6,BFFCB126E978D4FD,C014A50E72EEDBE6,3FC
$C0158AD76CCCB8F,BFFCB126E978D4FD,C0158AD76CCCB8F,3FC
$C01670A066AA95FA,BFFCB126E978D4FD,C01670A066AA95FA,3FC
$C017566960887304,BFFCB126E978D4FD,C017566960887304,3FC
$C0183C325A66500E,BFFCB126E978D4FD,C0183C325A66500E,3FC
$C01921FB54442D18,BFFCB126E978D4FD,C01921FB54442D18,3FC
5 181 21
5 182 20
5 183 37
5 184 28
5 185 0
5 186 0
4 175 ->
5 176 58
5 177 1
5 178 0
5 179 [2]
$1,-1
5 180 [15][4]
$C00921FB54442D18,BFC,C00921FB54442D18,BFF5AB020C49BA5E
$C00AED8D47FFE72C,BFC,C00AED8D47FFE72C,BFF5AB020C49BA5E
$C00CB91F3BBBA14,BFC,C00CB91F3BBBA14,BFF5AB020C49BA5E
$C00E84B12F775B54,BFC,C00E84B12F775B54,BFF5AB020C49BA5E
$C010282191998AB4,BFC,C010282191998AB4,BFF5AB020C49BA5E
$C0110DEA8B7767BE,BFC,C0110DEA8B7767BE,BFF5AB020C49BA5E
$C011F3B3855544C8,BFC,C011F3B3855544C8,BFF5AB020C49BA5E
$C012D97C7F3321D2,BFC,C012D97C7F3321D2,BFF5AB020C49BA5E
$C013BF457910FEDC,BFC,C013BF457910FEDC,BFF5AB020C49BA5E
$C014A50E72EEDBE6,BFC,C014A50E72EEDBE6,BFF5AB020C49BA5E
$C0158AD76CCCB8F,BFC,C0158AD76CCCB8F,BFF5AB020C49BA5E
$C01670A066AA95FA,BFC,C01670A066AA95FA,BFF5AB020C49BA5E
$C017566960887304,BFC,C017566960887304,BFF5AB020C49BA5E
$C0183C325A66500E,BFC,C0183C325A66500E,BFF5AB020C49BA5E
$C01921FB54442D18,BFC,C01921FB54442D18,BFF5AB020C49BA5E
5 181 22
5 182 21
5 183 38
5 184 29
5 185 0
5 186 0
4 175 ->
5 176 59
5 177 1
5 178 0
5 179 [2]
$1,-1
5 180 [14][4]
$C00921FB54442D18,BFF53020C49BA5E3,C00921FB54442D18,BFB851EB851EB854
$C00B10E7470E57F2,BFF53020C49BA5E3,C00B10E7470E57F2,BFB851EB851EB854
$C00CFFD339D882CD,BFF53020C49BA5E3,C00CFFD339D882CD,BFB851EB851EB854
$C00EEEBF2CA2ADA8,BFF53020C49BA5E3,C00EEEBF2CA2ADA8,BFB851EB851EB854
$C0106ED58FB66C41,BFF53020C49BA5E3,C0106ED58FB66C41,BFB851EB851EB854
$C011664B891B81AE,BFF53020C49BA5E3,C011664B891B81AE,BFB851EB851EB854
$C0125DC18280971C,BFF53020C49BA5E3,C0125DC18280971C,BFB851EB851EB854
$C01355377BE5AC8R,BFF53020C49BA5E3,C01355377BE5AC8R,BFB851EB851EB854
$C0144CAD754AC1F6,BFF53020C49BA5E3,C0144CAD754AC1F6,BFB851EB851EB854
$C01544236EAFD763,BFF53020C49BA5E3,C01544236EAFD763,BFB851EB851EB854
$C0163B996814ECD,BFF53020C49BA5E3,C0163B996814ECD,BFB851EB851EB854
$C017330F617A023E,BFF53020C49BA5E3,C017330F617A023E,BFB851EB851EB854
$C0182A855ADF17AB,BFF53020C49BA5E3,C0182A855ADF17AB,BFB851EB851EB854
$C01921FB54442D18,BFF53020C49BA5E3,C01921FB54442D18,BFB851EB851EB854
5 181 23
5 182 22
5 183 39
5 184 30
5 185 0
5 186 0
4 175 ->
5 176 60
5 177 1
5 178 0
5 179 [2]
$1,-1
5 180 [14][4]
$BFB851EB851EB852,0,C00921FB54442D18,BFF46353F7CED916
$BFB79D018E749F,3F9747D73995617D,C00B10E7470E57F2,BFF46353F7CED916
$BFB588C743DC8D7E,3FA69AA898DE392B,C00CFFD339D882CD,BFF46353F7CED916
$BFB2342B047D4BF5,3FB0208C7262DC6F,C00EEEBF2CA2ADA8,BFF46353F7CED916
$BFABA1738AC08064,3FB403D4EAF819F2,C0106ED58FB66C41,BFF46353F7CED916
$BFA13F7BBAA432AD,3FB6BD5619703E69,C011664B891B81AE,BFF46353F7CED916
$BF87739D23BED398,3FB82486AA206312,C0125DC18280971C,BFF46353F7CED916
$3F87739D23BED391,3FB82486AA206312,C01355377BE5AC8R,BFF46353F7CED916
$3FA13F7BBAA432AE,3FB6BD5619703E69,C0144CAD754AC1F6,BFF46353F7CED916
$3FABA1738AC08062,3FB403D4EAF819F2,C01544236EAFD763,BFF46353F7CED916
$3FB2342B047D4BF5,3FB0208C7262DC6F,C0163B996814ECD,BFF46353F7CED916
$3FB588C743DC8D7D,3FA69AA898DE392D,C017330F617A023E,BFF46353F7CED916
$3FB79D018E749F,3F9747D73995617A,C0182A855ADF17AB,BFF46353F7CED916
$3FB851EB851EB852,0,C01921FB54442D18,BFF46353F7CED916
5 181 12
5 182 23
5 183 48
5 184 31
5 185 0
5 186 0
4 175 ->
5 176 61
5 177 1
5 178 0
5 179 [2]
$1,-1
5 180 [17][4]
$C00921FB54442D18,BFF46353F7CED916,BFC8,0
$C00AB41B09886FEA,BFF46353F7CED916,BFC789F1DBF98584,3FA2BA8A2D4F3C8R
$C00C463ABECCB2BR,BFF46353F7CED916,BFC62C50DB65E9F4,3FB25E69FD02FF0A
$C00DD85A7410F58C,BFF46353F7CED916,BFC3F48C9ECAF93A,3FBAAAD8D6859D2C
$C00F6A7A2955385E,BFF46353F7CED916,BFC0F876CCDF6CDA,3FC0F876CCDF6CD9
$C0107E4CEF4CBD98,BFF46353F7CED916,BFBAAAD8D6859D2E,3FC3F48C9ECAF93A
$C011475CC9EEDF,BFF46353F7CED916,BFB25E69FD02FF0B,3FC62C50DB65E9F4
$C012106CA4910069,BFF46353F7CED916,BFA2BA8A2D4F3C8A,3FC789F1DBF98584
$C012D97C7F3321D2,BFF46353F7CED916,0,3FC8
$C013A28C59D5433B,BFF46353F7CED916,3FA2BA8A2D4F3C86,3FC789F1DBF98584
$C0146B9C347764A4,BFF46353F7CED916,3FB25E69FD02FF0A,3FC62C50DB65E9F4
$C01534AC0F19860C,BFF46353F7CED916,3FBAAAD8D6859D29,3FC3F48C9ECAF93B
$C015FDBBE9BBA775,BFF46353F7CED916,3FC0F876CCDF6CD9,3FC0F876CCDF6CDA
$C016C6CBC45DC8DE,BFF46353F7CED916,3FC3F48C9ECAF93B,3FBAAAD8D6859D2C
$C0178FDB9EFFEA46,BFF46353F7CED916,3FC62C50DB65E9F4,3FB25E69FD02FF0C
$C01858EB79A20BAF,BFF46353F7CED916,3FC789F1DBF98584,3FA2BA8A2D4F3C91
$C01921FB54442D18,BFF46353F7CED916,3FC8,0
5 181 24
5 182 12
5 183 40
5 184 49
5 185 0
5 186 0
4 175 ->
5 176 62
5 177 1
5 178 0
5 179 [2]
$1,-1
5 180 [17][4]
$BFC8,0,C00921FB54442D18,BFE345A1CAC08312
$BFC789F1DBF98584,3FA2BA8A2D4F3C8R,C00AB41B09886FEA,BFE345A1CAC08312
$BFC62C50DB65E9F4,3FB25E69FD02FF0A,C00C463ABECCB2BR,BFE345A1CAC08312
$BFC3F48C9ECAF93A,3FBAAAD8D6859D2C,C00DD85A7410F58C,BFE345A1CAC08312
$BFC0F876CCDF6CDA,3FC0F876CCDF6CD9,C00F6A7A2955385E,BFE345A1CAC08312
$BFBAAAD8D6859D2E,3FC3F48C9ECAF93A,C0107E4CEF4CBD98,BFE345A1CAC08312
$BFB25E69FD02FF0B,3FC62C50DB65E9F4,C011475CC9EEDF,BFE345A1CAC08312
$BFA2BA8A2D4F3C8A,3FC789F1DBF98584,C012106CA4910069,BFE345A1CAC08312
$0,3FC8,C012D97C7F3321D2,BFE345A1CAC08312
$3FA2BA8A2D4F3C86,3FC789F1DBF98584,C013A28C59D5433B,BFE345A1CAC08312
$3FB25E69FD02FF0A,3FC62C50DB65E9F4,C0146B9C347764A4,BFE345A1CAC08312
$3FBAAAD8D6859D29,3FC3F48C9ECAF93B,C01534AC0F19860C,BFE345A1CAC08312
$3FC0F876CCDF6CD9,3FC0F876CCDF6CDA,C015FDBBE9BBA775,BFE345A1CAC08312
$3FC3F48C9ECAF93B,3FBAAAD8D6859D2C,C016C6CBC45DC8DE,BFE345A1CAC08312
$3FC62C50DB65E9F4,3FB25E69FD02FF0C,C0178FDB9EFFEA46,BFE345A1CAC08312
$3FC789F1DBF98584,3FA2BA8A2D4F3C91,C01858EB79A20BAF,BFE345A1CAC08312
$3FC8,0,C01921FB54442D18,BFE345A1CAC08312
5 181 14
5 182 24
5 183 50
5 184 32
5 185 0
5 186 0
4 175 ->
5 176 63
5 177 1
5 178 0
5 179 [2]
$1,-1
5 180 [18][4]
$C00921FB54442D18,BFE345A1CAC08312,BFCBF7CED916872B,0
$C00A9C7386664DR,BFE345A1CAC08312,BFCB7DE60EC59C7D,3FA48E71F02635DC
$C00C16EBB8886EA2,BFE345A1CAC08312,BFCA145276F8CE81,3FB434D789939304
$C00D9163EAAA8F68,BFE345A1CAC08312,BFC7C76436137373,3FBD724E71B3AF35
$C00F0BDC1CCCB02D,BFE345A1CAC08312,BFC4AB29760D6EFR,3FC2D7880DB1873F
$C010432A27776879,BFE345A1CAC08312,BFC0DABF8FF97387,3FC651A66ECA334A
$C0110066408878DC,BFE345A1CAC08312,BFB8EECD55D92B84,3FC9093281E8A43D
$C011BDA25999893E,BFE345A1CAC08312,BFAE9D7F73EA8037,3FCAE67CA7BEDC12
$C0127ADE72AA99A1,BFE345A1CAC08312,BF94A4FD6A786563,3FCBD943F9346169
$C013381A8BBBAA03,BFE345A1CAC08312,3F94A4FD6A78655B,3FCBD943F934616A
$C013F556A4CCBA6R,BFE345A1CAC08312,3FAE9D7F73EA8034,3FCAE67CA7BEDC12
$C014B292BDDDCAC8,BFE345A1CAC08312,3FB8EECD55D92B83,3FC9093281E8A43D
$C0156FCED6EEDB2B,BFE345A1CAC08312,3FC0DABF8FF97386,3FC651A66ECA334B
$C0162D0AEFFFEB8E,BFE345A1CAC08312,3FC4AB29760D6EFE,3FC2D7880DB18741
$C016EA470910FBF,BFE345A1CAC08312,3FC7C76436137371,3FBD724E71B3AF3A
$C017A78322220C52,BFE345A1CAC08312,3FCA145276F8CE8,3FB434D78993930A
$C01864BF3B331CB6,BFE345A1CAC08312,3FCB7DE60EC59C7D,3FA48E71F02635DR
$C01921FB54442D18,BFE345A1CAC08312,3FCBF7CED916872B,0
5 181 25
5 182 14
5 183 41
5 184 51
5 185 0
5 186 0
4 175 ->
5 176 64
5 177 1
5 178 0
5 179 [2]
$1,-1
5 180 [18][4]
$BFCBF7CED916872B,0,C00921FB54442D18,BFC12F1A9FBE76C8
$BFCB7DE60EC59C7D,3FA48E71F02635DC,C00A9C7386664DR,BFC12F1A9FBE76C8
$BFCA145276F8CE81,3FB434D789939304,C00C16EBB8886EA2,BFC12F1A9FBE76C8
$BFC7C76436137373,3FBD724E71B3AF35,C00D9163EAAA8F68,BFC12F1A9FBE76C8
$BFC4AB29760D6EFR,3FC2D7880DB1873F,C00F0BDC1CCCB02D,BFC12F1A9FBE76C8
$BFC0DABF8FF97387,3FC651A66ECA334A,C010432A27776879,BFC12F1A9FBE76C8
$BFB8EECD55D92B84,3FC9093281E8A43D,C0110066408878DC,BFC12F1A9FBE76C8
$BFAE9D7F73EA8037,3FCAE67CA7BEDC12,C011BDA25999893E,BFC12F1A9FBE76C8
$BF94A4FD6A786563,3FCBD943F9346169,C0127ADE72AA99A1,BFC12F1A9FBE76C8
$3F94A4FD6A78655B,3FCBD943F934616A,C013381A8BBBAA03,BFC12F1A9FBE76C8
$3FAE9D7F73EA8034,3FCAE67CA7BEDC12,C013F556A4CCBA6R,BFC12F1A9FBE76C8
$3FB8EECD55D92B83,3FC9093281E8A43D,C014B292BDDDCAC8,BFC12F1A9FBE76C8
$3FC0DABF8FF97386,3FC651A66ECA334B,C0156FCED6EEDB2B,BFC12F1A9FBE76C8
$3FC4AB29760D6EFE,3FC2D7880DB18741,C0162D0AEFFFEB8E,BFC12F1A9FBE76C8
$3FC7C76436137371,3FBD724E71B3AF3A,C016EA470910FBF,BFC12F1A9FBE76C8
$3FCA145276F8CE8,3FB434D78993930A,C017A78322220C52,BFC12F1A9FBE76C8
$3FCB7DE60EC59C7D,3FA48E71F02635DR,C01864BF3B331CB6,BFC12F1A9FBE76C8
$3FCBF7CED916872B,0,C01921FB54442D18,BFC12F1A9FBE76C8
5 181 16
5 182 25
5 183 52
5 184 33
5 185 0
5 186 0
4 175 ->
5 176 65
5 177 1
5 178 0
5 179 [2]
$1,-1
5 180 [18][4]
$C00921FB54442D18,BFC12F1A9FBE76C8,BFD0FDF3B645A1CB,0
$C00A9C7386664DR,BFC12F1A9FBE76C8,BFD0B3E2C3D94DCR,3FA8FA69A419571F
$C00C16EBB8886EA2,BFC12F1A9FBE76C8,BFCFB06B3B9ECD3C,3FB88D891F42D78C
$C00D9163EAAA8F68,BFC12F1A9FBE76C8,BFCCE4CEB5B2E00E,3FC1E3E8C68B563D
$C00F0BDC1CCCB02D,BFC12F1A9FBE76C8,BFC91D4E7FA104D2,3FC6E516617B2826
$C010432A27776879,BFC12F1A9FBE76C8,BFC47ADD0D4270D9,3FCB1EAC5B455D5F
$C0110066408878DC,BFC12F1A9FBE76C8,BFBE4BC305E5E823,3FCE6BD5AED750A6
$C011BDA25999893E,BFC12F1A9FBE76C8,BFB299AEF8CE083,3FD057E537A28776
$C0127ADE72AA99A1,BFC12F1A9FBE76C8,BF9915CE94B4454D,3FD0EB6557D80FD5
$C013381A8BBBAA03,BFC12F1A9FBE76C8,3F9915CE94B4454R,3FD0EB6557D80FD6
$C013F556A4CCBA6R,BFC12F1A9FBE76C8,3FB299AEF8CE082E,3FD057E537A28776
$C014B292BDDDCAC8,BFC12F1A9FBE76C8,3FBE4BC305E5E821,3FCE6BD5AED750A6
$C0156FCED6EEDB2B,BFC12F1A9FBE76C8,3FC47ADD0D4270D8,3FCB1EAC5B455D6
$C0162D0AEFFFEB8E,BFC12F1A9FBE76C8,3FC91D4E7FA104D1,3FC6E516617B2828
$C016EA470910FBF,BFC12F1A9FBE76C8,3FCCE4CEB5B2E00C,3FC1E3E8C68B564
$C017A78322220C52,BFC12F1A9FBE76C8,3FCFB06B3B9ECD3B,3FB88D891F42D793
$C01864BF3B331CB6,BFC12F1A9FBE76C8,3FD0B3E2C3D94DCR,3FA8FA69A419572
$C01921FB54442D18,BFC12F1A9FBE76C8,3FD0FDF3B645A1CB,0
5 181 26
5 182 16
5 183 42
5 184 53
5 185 0
5 186 0
4 175 ->
5 176 66
5 177 1
5 178 0
5 179 [2]
$1,-1
5 180 [18][4]
$C00921FB54442D18,BFD0FDF3B645A1BE,C00921FB54442D18,BFBE872B020C49B
$C00A9C7386664DR,BFD0FDF3B645A1BE,C00A9C7386664DR,BFBE872B020C49B
$C00C16EBB8886EA2,BFD0FDF3B645A1BE,C00C16EBB8886EA2,BFBE872B020C49B
$C00D9163EAAA8F68,BFD0FDF3B645A1BE,C00D9163EAAA8F68,BFBE872B020C49B
$C00F0BDC1CCCB02D,BFD0FDF3B645A1BE,C00F0BDC1CCCB02D,BFBE872B020C49B
$C010432A27776879,BFD0FDF3B645A1BE,C010432A27776879,BFBE872B020C49B
$C0110066408878DC,BFD0FDF3B645A1BE,C0110066408878DC,BFBE872B020C49B
$C011BDA25999893E,BFD0FDF3B645A1BE,C011BDA25999893E,BFBE872B020C49B
$C0127ADE72AA99A1,BFD0FDF3B645A1BE,C0127ADE72AA99A1,BFBE872B020C49B
$C013381A8BBBAA03,BFD0FDF3B645A1BE,C013381A8BBBAA03,BFBE872B020C49B
$C013F556A4CCBA6R,BFD0FDF3B645A1BE,C013F556A4CCBA6R,BFBE872B020C49B
$C014B292BDDDCAC8,BFD0FDF3B645A1BE,C014B292BDDDCAC8,BFBE872B020C49B
$C0156FCED6EEDB2B,BFD0FDF3B645A1BE,C0156FCED6EEDB2B,BFBE872B020C49B
$C0162D0AEFFFEB8E,BFD0FDF3B645A1BE,C0162D0AEFFFEB8E,BFBE872B020C49B
$C016EA470910FBF,BFD0FDF3B645A1BE,C016EA470910FBF,BFBE872B020C49B
$C017A78322220C52,BFD0FDF3B645A1BE,C017A78322220C52,BFBE872B020C49B
$C01864BF3B331CB6,BFD0FDF3B645A1BE,C01864BF3B331CB6,BFBE872B020C49B
$C01921FB54442D18,BFD0FDF3B645A1BE,C01921FB54442D18,BFBE872B020C49B
5 181 27
5 182 26
5 183 43
5 184 34
5 185 0
5 186 0
4 175 ->
5 176 67
5 177 1
5 178 0
5 179 [2]
$1,-1
5 180 [18][4]
$BFCE04189374BC6B,0,C00921FB54442D18,BFCE04189374BC53
$BFCD8142794CC25,3FA60FCBB594364A,C00A9C7386664DR,BFCE04189374BC53
$BFCBFD34C4CF45E7,3FB5AFA19BDA222D,C00C16EBB8886EA2,BFCE04189374BC53
$BFC985266C6A6767,3FBF9A4F8078C983,C00D9163EAAA8F68,BFCE04189374BC53
$BFC62E9D8F198C37,3FC438BDF3BFB321,C00F0BDC1CCCB02D,BFCE04189374BC53
$BFC216B3D069729E,3FC7F40A7DEEAE8E,C010432A27776879,BFCE04189374BC53
$BFBAC231506B1F79,3FCADE854A657771,C0110066408878DC,BFCE04189374BC53
$BFB06DB4937011D7,3FCCDEC2B5335A52,C011BDA25999893E,BFCE04189374BC53
$BF9627FDCFFF2972,3FCDE35126FC769B,C0127ADE72AA99A1,BFCE04189374BC53
$3F9627FDCFFF2969,3FCDE35126FC769C,C013381A8BBBAA03,BFCE04189374BC53
$3FB06DB4937011D5,3FCCDEC2B5335A52,C013F556A4CCBA6R,BFCE04189374BC53
$3FBAC231506B1F78,3FCADE854A657771,C014B292BDDDCAC8,BFCE04189374BC53
$3FC216B3D069729D,3FC7F40A7DEEAE8E,C0156FCED6EEDB2B,BFCE04189374BC53
$3FC62E9D8F198C36,3FC438BDF3BFB323,C0162D0AEFFFEB8E,BFCE04189374BC53
$3FC985266C6A6765,3FBF9A4F8078C989,C016EA470910FBF,BFCE04189374BC53
$3FCBFD34C4CF45E6,3FB5AFA19BDA223R,C017A78322220C52,BFCE04189374BC53
$3FCD8142794CC25,3FA60FCBB594364B,C01864BF3B331CB6,BFCE04189374BC53
$3FCE04189374BC6B,0,C01921FB54442D18,BFCE04189374BC53
5 181 19
5 182 27
5 183 55
5 184 35
5 185 0
5 186 0
@group_info_ptr 187 0
2 187 NULL
@intrs_pairs_ptr 188 0
2 188 ->
@place_rec_ptr 189 0
2 189 ->
@local_sys 190 2
3 190 [4][3]
$3FF,2*0
$0,3FF,0
$2*0,BFF
$2*0,C0216E978D4FDF3B
@place_instruction_ptrs 191 0
3 191 [1]
4 191 ->
@type 192 1
5 192 98
@offset 193 2
5 193 0
@dim_id 194 1
5 194 -1
@ref_id 195 1
5 195 -1
@geometry1_id 196 1
5 196 418
@geometry2_id 197 1
5 197 -1
@memb_num1 198 1
5 198 1
@memb_num2 199 1
5 199 0
@memb_id_tab1 200 1
5 200 [1]
6 200 1
@attr 201 1
5 201 512
@plin_info_arr 202 0
5 202 [1]
6 202 ->
@type 203 1
7 203 6
@data(plin_info_ui_step) 204 0
7 204 ->
@step_ids 205 1
8 205 [1]
9 205 -100
@own_ref_id 206 1
3 206 0
@orient 207 1
3 207 0
@trf_arr 208 0
3 208 [1]
4 208 
@type 209 1
5 209 3
@idx 210 1
5 210 0
@transf 211 2
5 211 [4][3]
$3FF,2*0
$0,3FF,0
$2*0,BFF
$2*0,C0216E978D4FDF3B
@next_prop 212 0
2 212 NULL
@first_geom_id 213 1
2 213 -1
@cond_tbl_idx 214 1
2 214 -1
@comment 215 10
2 215 NULL
@merge_info_ptr 216 0
2 216 ->
@attributes 217 1
3 217 99
@tail_feat_id 218 1
3 218 1
@hdr_ptr 219 0
3 219 ->
@object_name 220 0
4 220 
@object_type 221 1
5 221 2
@name 222 10
5 222 BEARING_SHAFT_57
@simpl_rep 223 0
5 223 NULL
@new_ids 224 1
4 224 [130]
$2*-1,2,-1,3,-1,4,-1,5,3*-1,6,2*-1,28,29,30,31,-1,32,-1,33,-1,34,35,4*-1,
$36,37,38,39,-1,40,-1,41,-1,42,43,3*-1,7,-1,8,44,9,45,10,46,11,47,12,48,13,
$49,14,50,15,51,16,52,17,53,18,54,19,55,34*-1,20,56,21,57,22,58,23,59,-1,60,
$24,61,-1,62,25,63,-1,64,26,65,27,66,-1,67,68,69
@first_geom_id 225 1
4 225 7
@base_feat_id 226 1
4 226 -1
@first_quilt_id 227 1
4 227 -1
@outline 228 2
4 228 [2][3]
$BFD0FDF3B645A1CB,BFD1035D5D13F5FR,BFF2F9DB22D0E56
$3FD0FDF3B645A1CB,3FD1035D5D13F5FR,3FE2872B020C49BA
@ref_revnum 229 1
4 229 169
@topology_increment 230 0
2 230 ->
@first_geom 231 1
3 231 0
@first_quilt 232 1
3 232 0
@outline 233 2
3 233 [2][3]
$3*0
$3*0
@max_part_size 234 2
3 234 0
@xform_increment 235 0
3 235 NULL
@roll_back_id 236 1
3 236 -1
@state_ind 237 1
2 237 -1
@alumni_info 238 0
2 238 NULL
@revnum 239 1
2 239 -1
@rev_rec 240 0
2 240 NULL
@next_feat_ptr 241 0
1 241 NULL
@assem_mass_prop_ptr 242 0
1 242 NULL
@mass_prop_ptr 243 0
1 243 ->
@type 244 1
2 244 0
@density 245 2
2 245 0
@init_dens 246 5
2 246 0
@rel_density 247 2
2 247 0
@init_rel_dens 248 5
2 248 0
@aver_density 249 2
2 249 0
@vrevnum 250 1
2 250 -1
@volume 251 2
2 251 0
@cg 252 2
2 252 [3]
$3*0
@inertia 253 2
2 253 [3][3]
$3*0
$3*0
$3*0
@eps 254 2
2 254 0
@surfarea 255 2
2 255 0
@assign_mp_ptr 256 0
1 256 NULL
@tol_default_ptr 257 0
1 257 ->
@type 258 1
2 258 10
@value 259 2
2 259 [7]
$0,3FB9R,3F847AE147AE147B,3F50624DD2F1A9FC,3F1A36E2EB1C432D,
$3EE4F8B588E368F1,3EB0C6F7A0B5ED8E
@ang_value 260 2
2 260 [7]
$0,6*3FE
@standard 261 1
2 261 0
@iso_tol_tbls_ptr 262 0
2 262 NULL
@ref_part_table 263 0
1 263 [1]
2 263 ->
@name 264 10
3 264 NEW_WELDMENT
@id 265 1
3 265 0
@type 266 1
3 266 1
@revnum 267 1
3 267 -1
@memb_id_tab 268 1
3 268 [1]
4 268 109
@dep_id 269 1
3 269 0
@attributes 270 1
3 270 0
@simpl_rep 271 0
3 271 NULL
@first_xsec_ptr 272 0
1 272 NULL
@datum_count 273 1
1 273 0
@axis_count 274 1
1 274 1
@insert_layer_id 275 1
1 275 -1
@layer_count 276 1
1 276 1
@layer_list 277 0
1 277 [1]
2 277 
@feat_id 278 1
3 278 1
@layer_id 279 1
3 279 0
@back_layer_id 280 1
3 280 0
@lang_ptr 281 0
1 281 ->
@interact_on 282 1
2 282 -1
@first_csys_ptr 283 0
1 283 NULL
@color_prop_ptr 284 0
1 284 NULL
@fem_data 285 0
1 285 NULL
@rel_part_eps 286 2
1 286 3F53A92A30553261
@names_table 287 0
1 287 [4]
2 287 ->
@id 288 1
3 288 2
@type 289 1
3 289 5
@name 290 10
3 290 DTM1
2 287 ->
3 288 3
3 289 5
3 290 DTM2
2 287 ->
3 288 4
3 289 5
3 290 DTM3
2 287 ->
3 288 5
3 289 25
3 290 CS0
@drv_tbl_ptr 291 0
1 291 NULL
@assembled_count 292 1
1 292 0
@part_type 293 1
1 293 1
@mat_name_ptr 294 10
1 294 NULL
@first_ent_id 295 1
1 295 513569
@first_view_id 296 1
1 296 0
@outline 297 2
1 297 [2][3]
$BFD0FDF3B645A1CB,BFD1035D5D13F5FR,C022970A3D70A3D7
$3FD0FDF3B645A1CB,3FD1035D5D13F5FR,C01E1EB851EB851E
@dim_num 298 1
1 298 0
@ipar_num 299 1
1 299 0
@relpar_sets 300 0
1 300 [1]
2 300 
@id 301 1
3 301 -1
@type 302 1
3 302 2
@ext_ref_id 303 1
3 303 -1
@relatnum 304 1
3 304 0
@unit_arr 305 0
1 305 [2]
2 305 
@type 306 1
3 306 1
@factor 307 2
3 307 3FF
@name 308 10
3 308 INCH
@unit_type 309 1
3 309 0
2 305 
3 306 2
3 307 3FF
3 308 POUND
3 309 1
@geom_lib_ptr 310 0
1 310 NULL
@first_quilt_ptr 311 1
1 311 0
@attrib_array 312 1
1 312 [3]
$2*0,4
@smt_info_ptr 313 0
1 313 NULL
@cable_info_ptr 314 0
1 314 NULL
@comp_info_ptr 315 0
1 315 NULL
@max_part_size 316 2
1 316 3FFEB1544D07FA34
@prt_misc_ptr 317 0
1 317 ->
@shrink_data_ptr 318 0
2 318 NULL
@expld_mv_info 319 0
1 319 NULL
@state_info_ptr 320 0
1 320 NULL
@alumni_feats 321 0
1 321 NULL
@model_name 322 10
1 322 BEARING_SHAFT1_57
@p_mdl_grid 323 0
1 323 NULL
@mdl_status_ptr 324 0
1 324 NULL
@cfg_states 325 0
1 325 NULL
@disp_outl_info 326 0
1 326 
@disp_outline 327 2
2 327 [2][3]
$BFD19B193CEEC06R,BFD1A082E3BD149A,C0229BF369A5ECCB
$3FD19B193CEEC06R,3FD1A082E3BD149A,C01E14E5F980F334
@ribbon_info_ptr 328 0
1 328 NULL
@p_xref_data 329 0
1 329 ->
@View 330 0
0 330 ->
@id 331 1
1 331 0
@viewattr 332 0
1 332 
@attr_arr 333 1
2 333 [4]
$1,3*0
@mpoint 334 0
1 334 
@id 335 1
2 335 0
@coord 336 2
2 336 [3]
$3*0
@first_instr_ptr 337 0
2 337 NULL
@attach_ptr 338 0
2 338 NULL
@vpoint 339 0
1 339 
2 335 0
2 336 [3]
$407F4,407A5E,0
2 337 NULL
2 338 NULL
@orient 340 2
1 340 [4][4]
$3FF,3*0
$0,3FF,2*0
$2*0,3FF,0
$3*0,3FF
@local_sys 341 2
1 341 [4][4]
$3FF,3*0
$0,3FF,2*0
$2*0,3FF,0
$3*0,3FF
@first_instr_ptr 342 0
1 342 ->
@type 343 1
2 343 100
@geom_id 344 1
2 344 -1
@view_id 345 1
2 345 -1
@memb_num 346 1
2 346 0
@offset 347 2
2 347 0
@matrix 348 0
2 348 NULL
@next_instr_ptr 349 0
1 349 NULL
@outer_xsec_index 350 1
1 350 -1
@next_view_id 351 1
1 351 -2
@simp_rep_id 352 1
1 352 -1
@name 353 10
1 353 no name
@matrix 354 2
1 354 [4][4]
$3FF,3*0
$0,3FF,2*0
$2*0,3FF,0
$3*0,3FF
@fit_outline 355 2
1 355 [2][3]
$3*0
$3*0
@det_info_ptr 356 0
1 356 NULL
@named_view_pzmatr 357 0
1 357 NULL
@page_id 358 1
1 358 0
@model_name 359 10
1 359 NULL
@unrep_model_name 360 10
1 360 NULL
@assem_merge_parts 361 0
0 361 ->
#END_OF_UGC
