#UGC:2 PART 913 380 0 1 1 15 1700 9626 \
#- VERS 1 1                                                          \
#- HOST taimyr                                                       \
#- LINK                                                              \
#- DBID test_lock                                                    \
#- REVS 3,1.1                                                        \
#- RELL 7,Initial                                                    \
#- UOBJ_ID 837125076 102749482 1762169675                            \
#-END_OF_UGC_HEADER
#P_OBJECT 6
@P_object 1 0
0 1 ->
@dep_db 2 0
1 2 ->
@usr_rev 3 0
1 3 [8]
2 3 
@name 4 10
3 4 USER
@mod_time 5 0
3 5 
@tm_sec 6 1
4 6 8
@tm_min 7 1
4 7 9
@tm_hour 8 1
4 8 23
@tm_mday 9 1
4 9 28
@tm_mon 10 1
4 10 2
@tm_year 11 1
4 11 94
@action 12 1
3 12 1000
@comment 13 10
3 13 Hostname: 'moloki'
@rel_level 14 10
3 14 
@rev_string 15 10
3 15 
2 3 
3 4 USER
3 5 
4 6 30
4 7 41
4 8 20
4 9 29
4 10 2
4 11 94
3 12 1000
3 13 Hostname: 'timor'
3 14 
3 15 
2 3 
3 4 USER
3 5 
4 6 0
4 7 48
4 8 13
4 9 9
4 10 3
4 11 94
3 12 1000
3 13 Hostname: 'madeira'
3 14 
3 15 
2 3 
3 4 USER
3 5 
4 6 48
4 7 52
4 8 21
4 9 27
4 10 3
4 11 94
3 12 1000
3 13 Hostname: 'umnak'
3 14 
3 15 
2 3 
3 4 MARKL
3 5 
4 6 42
4 7 48
4 8 22
4 9 4
4 10 11
4 11 95
3 12 1000
3 13 Hostname: 'taimyr'
3 14 
3 15 
2 3 
3 4 USER
3 5 
4 6 35
4 7 44
4 8 18
4 9 5
4 10 11
4 11 95
3 12 1000
3 13 Hostname: 'coburg'
3 14 
3 15 
2 3 
3 4 MARKL
3 5 
4 6 32
4 7 9
4 8 20
4 9 3
4 10 1
4 11 96
3 12 1000
3 13 Hostname: 'taimyr'
3 14 
3 15 
2 3 
3 4 SETH
3 5 
4 6 36
4 7 44
4 8 22
4 9 11
4 10 6
4 11 96
3 12 1000
3 13 Hostname: 'eire'
3 14 
3 15 
@revnum_std 16 1
1 16 613
@flag 17 1
1 17 0
@name 18 10
1 18 NULL
@inst_hidden 19 1
1 19 0
@old_name 20 10
1 20 NULL
@a_inst_obj 21 0
1 21 [2]
2 21 ->
3 2 ->
3 16 613
3 17 0
3 18 LARGE
3 19 0
3 20 NULL
@appl_data 22 0
3 22 ->
@bounding_box 23 2
4 23 [2][3]
$3*BFF458AE561AB429
$3*3FF458AE561AB429
@ver_key 24 0
3 24 NULL
2 21 ->
3 2 ->
3 16 612
3 17 0
3 18 SMALL
3 19 0
3 20 NULL
3 22 ->
4 23 [2][3]
$3*BFF046F1DE7BC354
$3*3FF046F1DE7BC354
3 24 NULL
1 22 ->
2 23 [2][3]
$3*BFF458AE561AB429
$3*3FF458AE561AB429
1 24 ->
@time 25 1
2 25 823377757
@random_num 26 1
2 26 318522025
@hostid 27 1
2 27 147069714
#END_OF_P_OBJECT
#Pro/ENGINEER  TM  Version G-03-18  (c) 1988-96 by Parametric Technology Corporation  All Rights Reserved. 9626
@Solid 28 0
0 28 ->
@tab_key 29 1
1 29 0
@tab_key_struct 30 0
1 30 ->
@tab_key_ptr 31 0
2 31 [33]
@cmprs_tabkey 32 0
2 32 NULL
@type 33 1
1 33 2
@revnum_ptr 34 0
1 34 ->
@geom_revnum 35 1
2 35 602
@cosm_revnum 36 1
2 36 5
@first_member_ptr 37 0
1 37 NULL
@alumni_members 38 0
1 38 NULL
@frst_geom_ptr 39 1
1 39 16
@first_feat_ptr 40 0
1 40 ->
@id 41 1
2 41 1
@indep_attributes 42 1
2 42 1
@feat_type_ptr 43 0
2 43 ->
@table_id 44 1
3 44 13
@type 45 1
3 45 923
@feattype_key 46 10
3 46 NULL
@form 47 1
3 47 0
@attributes 48 1
3 48 [3]
$3*0
@placement 49 1
3 49 0
@intersection 50 1
3 50 -1
@internal_udf_type 51 1
3 51 -1
@param_choice_ptr 52 0
3 52 ->
@blend_choice 53 1
4 53 0
@depth_choice 54 1
4 54 0
@angle_choice 55 1
4 55 -1
@pat_choice 56 1
4 56 970
@round_choice 57 1
4 57 -1
@subsec_choice 58 1
4 58 -1
@sweep_choice 59 1
4 59 0
@dome_choice 60 1
4 60 0
@draft_choice 61 1
4 61 0
@misc_choice 62 1
4 62 0
@assoc_type 63 1
3 63 0
@symbol_key 64 1
2 64 -1
@sect_name 65 10
2 65 DTM1
@model_type 66 1
2 66 2
@idtab_ptr 67 0
2 67 ->
@srf_id_arr 68 1
3 68 [1][4]
$2,3*0
@save_geoms 69 0
3 69 NULL
@cr_flags_xar 70 1
3 70 [24]
$2*-1,-1025,-2049,2*-1,-16777217,-1,2111,5*0,2097152,0,2,7*0
@cvt_feat_dat 71 0
3 71 NULL
@feat_dates_ptr 72 0
3 72 ->
@creat_date 73 1
4 73 0
@regen_date 74 1
4 74 0
@geometry 75 0
2 75 
@srf_array 76 0
3 76 [1]
4 76 ->
@geom_type 77 1
5 77 34
@geom_id 78 1
5 78 2
@feat_id 79 1
5 79 1
@boundary_type 80 1
5 80 1
@envlp 81 2
5 81 [2][2]
$2*BFF458AE561AB429
$2*3FF458AE561AB429
@srf_prim_ptr(plane) 82 0
5 82 ->
@local_sys 83 2
6 83 [4][3]
$2*0,3FF
$3FF,2*0
$0,3FF,0
$3*0
@frst_cntr_ptr 84 0
5 84 NULL
@next_geom_ptr 85 1
5 85 0
@orient 86 1
5 86 1
@outline 87 2
5 87 [2][3]
$0,2*BFF458AE561AB429
$0,2*3FF458AE561AB429
@group_info_ptr 88 0
2 88 NULL
@intrs_pairs_ptr 89 0
2 89 ->
@place_rec_ptr 90 0
2 90 ->
@local_sys 91 2
3 91 [4][3]
$2*0,3FF
$3FF,2*0
$0,3FF,0
$3*0
@place_instruction_ptrs 92 0
3 92 [1]
4 92 ->
@type 93 1
5 93 513
@offset 94 2
5 94 0
@dim_id 95 1
5 95 -1
@ref_id 96 1
5 96 -1
@geometry1_id 97 1
5 97 -1
@geometry2_id 98 1
5 98 2
@memb_num1 99 1
5 99 0
@memb_num2 100 1
5 100 0
@attr 101 1
5 101 32768
@plin_info_arr 102 0
5 102 [2]
6 102 ->
@type 103 1
7 103 1
@data(plin_info_ref) 104 0
7 104 ->
@id_type1 105 1
8 105 -4
@id_type2 106 1
8 106 5
@offset2 107 2
8 107 0
6 102 ->
7 103 6
@data(plin_info_ui_step) 108 0
7 108 ->
@step_ids 109 1
8 109 [1]
9 109 -100
@own_ref_id 110 1
3 110 -1
@orient 111 1
3 111 1
@trf_arr 112 0
3 112 [1]
4 112 
@type 113 1
5 113 11
@idx 114 1
5 114 0
@transf 115 2
5 115 [4][3]
$2*0,3FF
$3FF,2*0
$0,3FF,0
$3*0
@next_prop 116 0
2 116 NULL
@first_geom_id 117 1
2 117 2
@cond_tbl_idx 118 1
2 118 -1
@comment 119 10
2 119 NULL
@merge_info_ptr 120 0
2 120 NULL
@topology_increment 121 0
2 121 ->
@first_geom 122 1
3 122 0
@first_quilt 123 1
3 123 0
@outline 124 2
3 124 [2][3]
$3*0
$3*0
@max_part_size 125 2
3 125 0
@xform_increment 126 0
3 126 NULL
@roll_back_id 127 1
3 127 -1
@state_ind 128 1
2 128 -1
@alumni_info 129 0
2 129 NULL
@revnum 130 1
2 130 1
@rev_rec 131 0
2 131 NULL
@expl_state_ref 132 0
2 132 NULL
@next_feat_ptr 133 0
1 133 ->
2 41 3
2 42 1
2 43 ->
3 44 13
3 45 923
3 46 NULL
3 47 0
3 48 [3]
$3*0
3 49 0
3 50 -1
3 51 -1
3 52 ->
4 53 0
4 54 0
4 55 -1
4 56 970
4 57 -1
4 58 -1
4 59 0
4 60 0
4 61 0
4 62 0
3 63 0
2 64 -1
2 65 DTM2
2 66 2
2 67 ->
3 68 [1][4]
$4,3*0
3 69 NULL
3 70 [24]
$2*-1,-1025,-2049,2*-1,-16777217,-1,2111,5*0,2097152,0,2,7*0
3 71 NULL
3 72 ->
4 73 0
4 74 0
2 75 
3 76 [1]
4 76 ->
5 77 34
5 78 4
5 79 3
5 80 1
5 81 [2][2]
$2*BFF458AE561AB429
$2*3FF458AE561AB429
5 82 ->
6 83 [4][3]
$0,3FF,0
$2*0,3FF
$3FF,2*0
$3*0
5 84 NULL
5 85 0
5 86 1
5 87 [2][3]
$BFF458AE561AB429,0,BFF458AE561AB429
$3FF458AE561AB429,0,3FF458AE561AB429
2 88 NULL
2 89 ->
2 90 ->
3 91 [4][3]
$0,3FF,0
$2*0,3FF
$3FF,2*0
$3*0
3 92 [1]
4 92 ->
5 93 514
5 94 0
5 95 -1
5 96 -1
5 97 -1
5 98 4
5 99 0
5 100 0
5 101 32768
5 102 [2]
6 102 ->
7 103 1
7 104 ->
8 105 -4
8 106 5
8 107 0
6 102 ->
7 103 6
7 108 ->
8 109 [1]
9 109 -100
3 110 -1
3 111 1
3 112 [1]
4 112 
5 113 11
5 114 0
5 115 [4][3]
$0,3FF,0
$2*0,3FF
$3FF,2*0
$3*0
2 116 NULL
2 117 4
2 118 -1
2 119 NULL
2 120 NULL
2 121 ->
3 122 0
3 123 0
3 124 [2][3]
$3*0
$3*0
3 125 0
3 126 NULL
3 127 -1
2 128 -1
2 129 NULL
2 130 1
2 131 NULL
2 132 NULL
1 133 ->
2 41 5
2 42 1
2 43 ->
3 44 13
3 45 923
3 46 NULL
3 47 0
3 48 [3]
$3*0
3 49 0
3 50 -1
3 51 -1
3 52 ->
4 53 0
4 54 0
4 55 -1
4 56 970
4 57 -1
4 58 -1
4 59 0
4 60 0
4 61 0
4 62 0
3 63 0
2 64 -1
2 65 DTM3
2 66 2
2 67 ->
3 68 [1][4]
$6,3*0
3 69 NULL
3 70 [24]
$2*-1,-1025,-2049,2*-1,-16777217,-1,2111,5*0,2097152,0,2,7*0
3 71 NULL
3 72 ->
4 73 0
4 74 0
2 75 
3 76 [1]
4 76 ->
5 77 34
5 78 6
5 79 5
5 80 1
5 81 [2][2]
$2*BFF458AE561AB429
$2*3FF458AE561AB429
5 82 ->
6 83 [4][3]
$3FF,2*0
$0,3FF,0
$2*0,3FF
$3*0
5 84 NULL
5 85 0
5 86 1
5 87 [2][3]
$2*BFF458AE561AB429,0
$2*3FF458AE561AB429,0
2 88 NULL
2 89 ->
2 90 ->
3 91 [4][3]
$3FF,2*0
$0,3FF,0
$2*0,3FF
$3*0
3 92 [1]
4 92 ->
5 93 515
5 94 0
5 95 -1
5 96 -1
5 97 -1
5 98 6
5 99 0
5 100 0
5 101 32768
5 102 [2]
6 102 ->
7 103 1
7 104 ->
8 105 -4
8 106 5
8 107 0
6 102 ->
7 103 6
7 108 ->
8 109 [1]
9 109 -100
3 110 -1
3 111 1
3 112 [1]
4 112 
5 113 11
5 114 0
5 115 [4][3]
$3FF,2*0
$0,3FF,0
$2*0,3FF
$3*0
2 116 NULL
2 117 6
2 118 -1
2 119 NULL
2 120 NULL
2 121 ->
3 122 0
3 123 0
3 124 [2][3]
$3*0
$3*0
3 125 0
3 126 NULL
3 127 -1
2 128 -1
2 129 NULL
2 130 1
2 131 NULL
2 132 NULL
1 133 ->
2 41 8
2 42 1
2 43 ->
3 44 13
3 45 923
3 46 NULL
3 47 0
3 48 [3]
$3,2*0
3 49 0
3 50 -1
3 51 -1
3 52 ->
4 53 0
4 54 0
4 55 -1
4 56 970
4 57 -1
4 58 -1
4 59 0
4 60 0
4 61 0
4 62 0
3 63 0
2 64 -1
2 65 no_name
2 66 2
2 67 ->
3 68 [1][4]
$9,3*0
3 69 NULL
3 70 [24]
$2*-1,-1025,-2049,2*-1,-16777217,-1,2111,5*0,2097152,0,2,7*0
3 71 NULL
3 72 ->
4 73 0
4 74 0
2 75 
3 76 [1]
4 76 ->
5 77 34
5 78 9
5 79 8
5 80 -1
5 81 [2][2]
$2*0
$2*0
5 82 ->
6 83 [4][3]
$3FF,2*0
$0,3FF,0
$2*0,3FF
$3*0
5 84 NULL
5 85 0
5 86 1
5 87 [2][3]
$3*0
$3*0
2 88 NULL
2 89 ->
2 90 ->
3 91 [4][3]
$3FF,2*0
$0,3FF,0
$2*0,3FF
$3*0
3 92 [2]
4 92 ->
5 93 509
5 94 3FF
5 95 -1
5 96 -1
5 97 6
5 98 9
5 99 0
5 100 0
5 101 32768
5 102 [2]
6 102 ->
7 103 1
7 104 ->
8 105 -4
8 106 5
8 107 0
6 102 ->
7 103 6
7 108 ->
8 109 [1]
9 109 -100
4 92 ->
5 93 510
5 94 3FF
5 95 -1
5 96 -1
5 97 4
5 98 9
5 99 0
5 100 0
5 101 32768
5 102 [2]
6 102 ->
7 103 1
7 104 ->
8 105 -4
8 106 5
8 107 0
6 102 ->
7 103 6
7 108 ->
8 109 [1]
9 109 -100
3 110 -1
3 111 1
3 112 [1]
4 112 
5 113 11
5 114 0
5 115 [4][3]
$3FF,2*0
$0,3FF,0
$2*0,3FF
$3*0
2 116 NULL
2 117 9
2 118 -1
2 119 NULL
2 120 NULL
@parent_table 134 1
2 134 [2]
$3,5
2 121 ->
3 122 0
3 123 0
3 124 [2][3]
$3*0
$3*0
3 125 0
3 126 NULL
3 127 -1
2 128 -1
2 129 NULL
2 130 1
2 131 NULL
2 132 NULL
1 133 ->
2 41 7
2 42 1
2 43 ->
3 44 7
3 45 917
3 46 NULL
3 47 2
3 48 [3]
$3*0
3 49 0
3 50 991
3 51 -1
3 52 ->
4 53 0
4 54 0
4 55 964
4 56 970
4 57 -1
4 58 -1
4 59 0
4 60 0
4 61 0
4 62 0
3 63 0
2 64 -1
2 65 no_name
2 66 2
@entity(line3d) 135 0
2 135 ->
@type 136 1
3 136 11
@id 137 1
3 137 30
@gen_info 138 0
3 138 
@geom_id 139 1
3 139 10
@end1 140 2
3 140 [3]
$0,3FF4,0
@end2 141 2
3 141 [3]
$BFF40386CC31F3F4,3FF4,0
2 135 ->
3 136 13
3 137 31
3 138 
@color 142 1
4 142 1
3 139 10
3 140 [3]
$0,3FF4,0
3 141 [3]
$0,BFF4,0
@entity(text) 143 0
2 143 ->
@text_type 144 1
3 144 19
@text_value 145 10
3 145 A_1
@txt_attrib 146 1
3 146 1
@coord 147 2
3 147 [3]
$40861D5763F04139,40762D5A5EB39958,C02F23FA4E63CF9C
@part_id 148 1
3 148 1
@height 149 2
3 149 BFF
@width_factor 150 2
3 150 BFF
@format_info 151 0
3 151 
@thickness 152 2
3 152 BFF
2 67 ->
3 68 [8][4]
$10,204,2*0
$13,203,2*0
$16,200,1,0
$18,200,4,0
$20,204,0,1
$23,203,0,1
$26,200,2*1
$28,200,4,1
@edg_id_arr 153 1
3 153 [12][6]
$11,221,1,2*0,26
$12,221,4,2*0,10
$14,222,1,2*0,16
$15,222,4,2*0,18
$17,220,1,2*0,16
$19,220,4,2*0,18
$21,221,2*1,0,20
$22,221,4,1,0,20
$24,222,2*1,0,-1
$25,222,4,1,0,23
$27,220,2*1,0,28
$29,220,4,1,0,26
@misc_id_tab 154 0
3 154 [2]
4 154 
@misc_hist 155 1
5 155 [5]
$30,530,10,-1,500
4 154 
5 155 [5]
$31,531,10,-1,500
@dtm_id_tab 156 0
3 156 [1]
4 156 
@dtm_id 157 1
5 157 9
@dim_id 158 1
5 158 -1
3 69 NULL
3 70 [24]
$2*-1,-1025,-2049,2*-1,-16777217,-1,2111,5*0,2097152,0,2,7*0
3 71 NULL
3 72 ->
4 73 0
4 74 0
2 75 
3 76 [8]
4 76 ->
5 77 34
5 78 10
5 79 7
5 80 -1
5 81 [2][2]
$BFF40386CC31F3F4,3FC
$3FF40386CC31F3F4,4005
5 82 ->
6 83 [4][3]
$BFF,2*0
$0,BFF,0
$2*0,3FF
$0,3FF6,0
5 84 NULL
5 85 16
5 86 -1
5 87 [2][3]
$3*0
$3*0
4 76 ->
5 77 34
5 78 13
5 79 7
5 80 -1
5 81 [2][2]
$0,3FC
$3FF40386CC31F3F4,4005
5 82 ->
6 83 [4][3]
$BFF,2*0
$0,BFF,0
$2*0,3FF
$0,3FF6,0
5 84 NULL
5 85 16
5 86 -1
5 87 [2][3]
$3*0
$3*0
4 76 ->
5 77 38
5 78 16
5 79 7
5 80 1
5 81 [2][2]
$C00921FB54442D18,BFF921FB54442D18
$0,3FF921FB54442D18
@srf_prim_ptr(torus) 159 0
5 159 ->
@local_sys 160 2
6 160 [4][3]
$BFF,2*0
$2*0,BFF
$0,BFF,0
$3*0
@radius1 161 2
6 161 0
@radius2 162 2
6 162 3FF4
5 84 ->
@frst_cntr_crv_hdr_ptr 163 1
6 163 11
@trv 164 1
6 164 1
@envlp 165 2
6 165 [2][2]
$C00921FB54442D18,BFF921FB54442D17
$0,3FF921FB54442D17
@next_cntr_ptr 166 0
5 166 NULL
5 85 26
5 86 1
5 87 [2][3]
$2*BFF4,0
$3*3FF4
4 76 ->
5 77 36
5 78 18
5 79 7
5 80 -1
5 81 [2][2]
$C00921FB54442D18,3FC
$0,4005
@srf_prim_ptr(cylinder) 167 0
5 167 ->
@local_sys 168 2
6 168 [4][3]
$BFF,2*0
$2*0,BFF
$0,BFF,0
$0,3FF6,0
@radius 169 2
6 169 3EE4F8B588E368F1
5 84 NULL
5 85 0
5 86 -1
5 87 [2][3]
$3*0
$3*0
4 76 ->
5 77 34
5 78 20
5 79 7
5 80 -1
5 81 [2][2]
$BFF40386CC31F3F4,3FC
$3FF40386CC31F3F4,4005
5 82 ->
6 83 [4][3]
$BFF,2*0
$0,BFF,0
$2*0,3FF
$0,3FF6,0
5 84 NULL
5 85 26
5 86 -1
5 87 [2][3]
$3*0
$3*0
4 76 ->
5 77 34
5 78 23
5 79 7
5 80 -1
5 81 [2][2]
$0,3FC
$3FF40386CC31F3F4,4005
5 82 ->
6 83 [4][3]
$BFF,2*0
$0,BFF,0
$2*0,3FF
$0,3FF6,0
5 84 NULL
5 85 26
5 86 1
5 87 [2][3]
$3*0
$3*0
4 76 ->
5 77 38
5 78 26
5 79 7
5 80 1
5 81 [2][2]
$C01921FB54442D18,BFF921FB54442D18
$C00921FB54442D18,3FF921FB54442D18
5 159 ->
6 160 [4][3]
$BFF,2*0
$2*0,BFF
$0,BFF,0
$3*0
6 161 0
6 162 3FF4
5 84 ->
6 163 11
6 164 1
6 165 [2][2]
$C01921FB54442D18,BFF921FB54442D17
$C00921FB54442D18,3FF921FB54442D17
5 166 NULL
5 85 0
5 86 1
5 87 [2][3]
$3*BFF4
$2*3FF4,0
4 76 ->
5 77 36
5 78 28
5 79 7
5 80 -1
5 81 [2][2]
$C01921FB54442D18,3FC
$C00921FB54442D18,4005
5 167 ->
6 168 [4][3]
$BFF,2*0
$2*0,BFF
$0,BFF,0
$0,3FF6,0
6 169 3EE4F8B588E368F1
5 84 NULL
5 85 0
5 86 -1
5 87 [2][3]
$3*0
$3*0
@crv_array 170 0
3 170 [12]
4 170 ->
@crv_id 171 1
5 171 11
@feat_id 172 1
5 172 7
@type 173 1
5 173 1
@crv_pnt_dir 174 1
5 174 [2]
$1,-1
@crv_pnt_arr 175 2
5 175 [24][4]
$C00921FB54442D18,3FF921FB54442D18,C00921FB54442D18,3FF921FB54442D18
$C00921FB54442D18,3FF6F2814CF055B1,C00921FB54442D18,3FF6F2814CF055B1
$C00921FB54442D18,3FF4C307459C7E4D,C00921FB54442D18,3FF4C307459C7E4D
$C00921FB54442D18,3FF2938D3E48A6E5,C00921FB54442D18,3FF2938D3E48A6E5
$C00921FB54442D18,3FF0641336F4CF81,C00921FB54442D18,3FF0641336F4CF81
$C00921FB54442D18,3FEC69325F41F032,C00921FB54442D18,3FEC69325F41F032
$C00921FB54442D18,3FE80A3E509A4169,C00921FB54442D18,3FE80A3E509A4169
$C00921FB54442D18,3FE3AB4A41F2929B,C00921FB54442D18,3FE3AB4A41F2929B
$C00921FB54442D18,3FDE98AC6695C7A4,C00921FB54442D18,3FDE98AC6695C7A4
$C00921FB54442D18,3FD5DAC449466A03,C00921FB54442D18,3FD5DAC449466A03
$C00921FB54442D18,3FCA39B857EE18D2,C00921FB54442D18,3FCA39B857EE18C9
$C00921FB54442D18,3FB17BD03A9EBB64,C00921FB54442D18,3FB17BD03A9EBB53
$C00921FB54442D18,BFB17BD03A9EBB0A,C00921FB54442D18,BFB17BD03A9EBB2D
$C00921FB54442D18,BFCA39B857EE18A4,C00921FB54442D18,BFCA39B857EE18AC
$C00921FB54442D18,BFD5DAC4494669F3,C00921FB54442D18,BFD5DAC4494669FC
$C00921FB54442D18,BFDE98AC6695C78F,C00921FB54442D18,BFDE98AC6695C79C
$C00921FB54442D18,BFE3AB4A41F2928E,C00921FB54442D18,BFE3AB4A41F29295
$C00921FB54442D18,BFE80A3E509A4154,C00921FB54442D18,BFE80A3E509A415D
$C00921FB54442D18,BFEC69325F41F026,C00921FB54442D18,BFEC69325F41F02F
$C00921FB54442D18,BFF0641336F4CF7B,C00921FB54442D18,BFF0641336F4CF7F
$C00921FB54442D18,BFF2938D3E48A6DF,C00921FB54442D18,BFF2938D3E48A6E3
$C00921FB54442D18,BFF4C307459C7E43,C00921FB54442D18,BFF4C307459C7E47
$C00921FB54442D18,BFF6F2814CF055A8,C00921FB54442D18,BFF6F2814CF055AF
$C00921FB54442D18,BFF921FB54442D18,C00921FB54442D18,BFF921FB54442D18
@crv_hdr_geom_ptr[0] 176 1
5 176 26
@crv_hdr_geom_ptr[1] 177 1
5 177 16
@next_crv_hdr_ptr[0] 178 1
5 178 14
@next_crv_hdr_ptr[1] 179 1
5 179 14
@ref_geom[0] 180 1
5 180 0
@ref_geom[1] 181 1
5 181 0
4 170 ->
5 171 12
5 172 7
5 173 1
5 174 [2]
$1,-1
5 175 [2][4]
$0,3FC,0,3FC
$0,4005,0,4005
5 176 10
5 177 10
5 178 11
5 179 14
5 180 0
5 181 0
4 170 ->
5 171 14
5 172 7
5 173 1
5 174 [2]
$-1,1
5 175 [24][4]
$C01921FB54442D18,3FF921FB54442D18,0,3FF921FB54442D18
$C01921FB54442D18,3FF6F2814CF055B1,0,3FF6F2814CF055B1
$C01921FB54442D18,3FF4C307459C7E4D,0,3FF4C307459C7E4D
$C01921FB54442D18,3FF2938D3E48A6E5,0,3FF2938D3E48A6E5
$C01921FB54442D18,3FF0641336F4CF81,0,3FF0641336F4CF81
$C01921FB54442D18,3FEC69325F41F032,0,3FEC69325F41F032
$C01921FB54442D18,3FE80A3E509A4169,0,3FE80A3E509A4169
$C01921FB54442D18,3FE3AB4A41F2929B,0,3FE3AB4A41F2929B
$C01921FB54442D18,3FDE98AC6695C7A4,0,3FDE98AC6695C7A4
$C01921FB54442D18,3FD5DAC449466A03,0,3FD5DAC449466A03
$C01921FB54442D18,3FCA39B857EE18D2,0,3FCA39B857EE18C9
$C01921FB54442D18,3FB17BD03A9EBB64,0,3FB17BD03A9EBB53
$C01921FB54442D18,BFB17BD03A9EBB0A,0,BFB17BD03A9EBB2D
$C01921FB54442D18,BFCA39B857EE18A4,0,BFCA39B857EE18AC
$C01921FB54442D18,BFD5DAC4494669F3,0,BFD5DAC4494669FC
$C01921FB54442D18,BFDE98AC6695C78F,0,BFDE98AC6695C79C
$C01921FB54442D18,BFE3AB4A41F2928E,0,BFE3AB4A41F29295
$C01921FB54442D18,BFE80A3E509A4154,0,BFE80A3E509A415D
$C01921FB54442D18,BFEC69325F41F026,0,BFEC69325F41F02F
$C01921FB54442D18,BFF0641336F4CF7B,0,BFF0641336F4CF7F
$C01921FB54442D18,BFF2938D3E48A6DF,0,BFF2938D3E48A6E3
$C01921FB54442D18,BFF4C307459C7E43,0,BFF4C307459C7E47
$C01921FB54442D18,BFF6F2814CF055A8,0,BFF6F2814CF055AF
$C01921FB54442D18,BFF921FB54442D18,0,BFF921FB54442D18
5 176 26
5 177 16
5 178 11
5 179 11
5 180 0
5 181 0
4 170 ->
5 171 15
5 172 7
5 173 0
5 174 [2]
$-1,1
5 175 [2][4]
$0,3FC,0,3FC
$0,4005,0,4005
5 176 13
5 177 18
5 178 0
5 179 0
5 180 0
5 181 0
4 170 ->
5 171 17
5 172 7
5 173 0
5 174 [2]
$1,-1
5 175 [4][4]
$C00921FB54442D18,3FF921FB54442D17,C00921FB54442D18,4005
$C000C152382D736R,3FF921FB54442D17,C000C152382D736R,4005
$BFF0C152382D736R,3FF921FB54442D17,BFF0C152382D736R,4005
$0,3FF921FB54442D17,0,4005
5 176 16
5 177 18
5 178 0
5 179 0
5 180 0
5 181 0
4 170 ->
5 171 19
5 172 7
5 173 0
5 174 [2]
$1,-1
5 175 [4][4]
$C00921FB54442D18,3FC,C00921FB54442D18,BFF921FB54442D17
$C000C152382D736R,3FC,C000C152382D736R,BFF921FB54442D17
$BFF0C152382D736R,3FC,BFF0C152382D736R,BFF921FB54442D17
$0,3FC,0,BFF921FB54442D17
5 176 18
5 177 16
5 178 0
5 179 0
5 180 0
5 181 0
4 170 ->
5 171 21
5 172 7
5 173 0
5 174 [2]
$2*1
5 175 [24][4]
$0,4005,C00921FB54442D18,3FF921FB54442D17
$BFC5C962CD6BE2D5,4004E827F10C542,C00921FB54442D18,3FF6F2814CF055B1
$BFD595701876DD79,4004A11179331E4B,C00921FB54442D18,3FF4C307459C7E4D
$BFDFDF411B1E6DE,40042C0F993AE00B,C00921FB54442D18,3FF2938D3E48A6E5
$BFE4C88A266525B9,40038B504D0BF31B,C00921FB54442D18,3FF0641336F4CF81
$BFE93E572E4735EB,4002C1D226C72263,C00921FB54442D18,3FEC69325F41F032
$BFED3BC2A1549B4C,4001D35607270FAE,C00921FB54442D18,3FE80A3E509A4169
$BFF056E2C735EDE9,4000C44D37454D0F,C00921FB54442D18,3FE3AB4A41F2929B
$BFF1C1F8E9D8CCE4,3FFF3388723DC42R,C00921FB54442D18,3FDE98AC6695C7A4
$BFF2D8603C5FFB94,3FFCB29567BF6E56,C00921FB54442D18,3FD5DAC449466A03
$BFF394E9186C976A,3FFA11B1DD8CB654,C00921FB54442D18,3FCA39B857EE18C9
$BFF3F41068BE475D,3FF75D66B230070D,C00921FB54442D18,3FB17BD03A9EBB53
$BFF3F41068BE475D,3FF4A2994DCFF8F6,C00921FB54442D18,BFB17BD03A9EBB2D
$BFF394E9186C976B,3FF1EE4E227349AF,C00921FB54442D18,BFCA39B857EE18B5
$BFF2D8603C5FFB95,3FEE9AD530812358,C00921FB54442D18,BFD5DAC4494669FC
$BFF1C1F8E9D8CCE5,3FE998EF1B8477C1,C00921FB54442D18,BFDE98AC6695C79C
$BFF056E2C735EDEB,3FE4EECB22EACBCA,C00921FB54442D18,BFE3AB4A41F29295
$BFED3BC2A1549B57,3FE0B2A7E363C153,C00921FB54442D18,BFE80A3E509A415D
$BFE93E572E4735ER,3FD9F16EC9C6ECF,C00921FB54442D18,BFEC69325F41F02F
$BFE4C88A266525BE,3FD3A57D97A0672C,C00921FB54442D18,BFF0641336F4CF7F
$BFDFDF411B1E6DEA,3FCD3F066C51FF6,C00921FB54442D18,BFF2938D3E48A6E3
$BFD595701876DD96,3FC5EEE86CCE1B6,C00921FB54442D18,BFF4C307459C7E47
$BFC5C962CD6BE2EA,3FC17D80EF3ABE,C00921FB54442D18,BFF6F2814CF055AF
$0,3FC,C00921FB54442D18,BFF921FB54442D17
5 176 20
5 177 26
5 178 0
5 179 0
5 180 0
5 181 0
4 170 ->
5 171 22
5 172 7
5 173 1
5 174 [2]
$-1,1
5 175 [2][4]
$0,3FC,0,3FC
$0,4005,0,4005
5 176 20
5 177 20
5 178 21
5 179 24
5 180 0
5 181 0
4 170 ->
5 171 24
5 172 7
5 173 0
5 174 [2]
$2*-1
5 175 [24][4]
$0,4005,C01921FB54442D18,3FF921FB54442D17
$3FC5C962CD6BE2D5,4004E827F10C542,C01921FB54442D18,3FF6F2814CF055B1
$3FD595701876DD79,4004A11179331E4B,C01921FB54442D18,3FF4C307459C7E4D
$3FDFDF411B1E6DE,40042C0F993AE00B,C01921FB54442D18,3FF2938D3E48A6E5
$3FE4C88A266525B9,40038B504D0BF31B,C01921FB54442D18,3FF0641336F4CF81
$3FE93E572E4735EB,4002C1D226C72263,C01921FB54442D18,3FEC69325F41F032
$3FED3BC2A1549B4C,4001D35607270FAE,C01921FB54442D18,3FE80A3E509A4169
$3FF056E2C735EDE9,4000C44D37454D0F,C01921FB54442D18,3FE3AB4A41F2929B
$3FF1C1F8E9D8CCE4,3FFF3388723DC42R,C01921FB54442D18,3FDE98AC6695C7A4
$3FF2D8603C5FFB94,3FFCB29567BF6E56,C01921FB54442D18,3FD5DAC449466A03
$3FF394E9186C976A,3FFA11B1DD8CB654,C01921FB54442D18,3FCA39B857EE18C9
$3FF3F41068BE475D,3FF75D66B230070D,C01921FB54442D18,3FB17BD03A9EBB53
$3FF3F41068BE475D,3FF4A2994DCFF8F6,C01921FB54442D18,BFB17BD03A9EBB2D
$3FF394E9186C976B,3FF1EE4E227349AF,C01921FB54442D18,BFCA39B857EE18B5
$3FF2D8603C5FFB95,3FEE9AD530812358,C01921FB54442D18,BFD5DAC4494669FC
$3FF1C1F8E9D8CCE5,3FE998EF1B8477C1,C01921FB54442D18,BFDE98AC6695C79C
$3FF056E2C735EDEB,3FE4EECB22EACBCA,C01921FB54442D18,BFE3AB4A41F29295
$3FED3BC2A1549B57,3FE0B2A7E363C153,C01921FB54442D18,BFE80A3E509A415D
$3FE93E572E4735ER,3FD9F16EC9C6ECF,C01921FB54442D18,BFEC69325F41F02F
$3FE4C88A266525BE,3FD3A57D97A0672C,C01921FB54442D18,BFF0641336F4CF7F
$3FDFDF411B1E6DEA,3FCD3F066C51FF6,C01921FB54442D18,BFF2938D3E48A6E3
$3FD595701876DD96,3FC5EEE86CCE1B6,C01921FB54442D18,BFF4C307459C7E47
$3FC5C962CD6BE2EA,3FC17D80EF3ABE,C01921FB54442D18,BFF6F2814CF055AF
$0,3FC,C01921FB54442D18,BFF921FB54442D17
5 176 20
5 177 26
5 178 0
5 179 0
5 180 0
5 181 0
4 170 ->
5 171 25
5 172 7
5 173 0
5 174 [2]
$1,-1
5 175 [2][4]
$0,3FC,C01921FB54442D18,3FC
$0,4005,C01921FB54442D18,4005
5 176 23
5 177 28
5 178 0
5 179 0
5 180 0
5 181 0
4 170 ->
5 171 27
5 172 7
5 173 0
5 174 [2]
$-1,1
5 175 [4][4]
$C00921FB54442D18,3FF921FB54442D17,C00921FB54442D18,4005
$C010C152382D7365,3FF921FB54442D17,C010C152382D7365,4005
$C014F1A6C638D03E,3FF921FB54442D17,C014F1A6C638D03E,4005
$C01921FB54442D18,3FF921FB54442D17,C01921FB54442D18,4005
5 176 26
5 177 28
5 178 0
5 179 0
5 180 0
5 181 0
4 170 ->
5 171 29
5 172 7
5 173 0
5 174 [2]
$-1,1
5 175 [4][4]
$C00921FB54442D18,3FC,C00921FB54442D18,BFF921FB54442D17
$C010C152382D7365,3FC,C010C152382D7365,BFF921FB54442D17
$C014F1A6C638D03E,3FC,C014F1A6C638D03E,BFF921FB54442D17
$C01921FB54442D18,3FC,C01921FB54442D18,BFF921FB54442D17
5 176 28
5 177 26
5 178 0
5 179 0
5 180 0
5 181 0
2 88 NULL
2 89 ->
2 90 ->
3 91 [4][3]
$3FF,2*0
$0,3FF,0
$2*0,3FF
$3*0
3 92 [1]
4 92 ->
5 93 21
5 94 0
5 95 -1
5 96 -1
5 97 9
5 98 10
5 99 0
5 100 0
5 101 0
5 102 [2]
6 102 ->
7 103 1
7 104 ->
8 105 -4
8 106 5
8 107 0
6 102 ->
7 103 6
7 108 ->
8 109 [1]
9 109 -100
3 110 -1
3 111 0
3 112 [2]
4 112 
5 113 1
5 114 0
5 115 [4][3]
$3FF,2*0
$0,3FF,0
$2*0,3FF
$3*0
4 112 
5 113 12
5 114 0
5 115 [4][3]
$3FF,2*0
$0,3FF,0
$2*0,3FF
$3*0
2 116 NULL
2 117 16
@gsec_ptr 182 0
2 182 [1]
3 182 
@type 183 1
4 183 2
@name 184 10
4 184 S2D0002
@gsec2d_ptr 185 0
4 185 ->
@name 186 10
5 186 S2D0002
@segtab_ptr 187 0
5 187 [5]
6 187 
@type 188 1
7 188 3
@dir 189 1
7 189 [3]
$0,1,0
@pointid 190 1
7 190 [2]
$0,1
@cntrid 191 1
7 191 2
@arcorient 192 1
7 192 0
@verhor 193 1
7 193 0
@radius 194 1
7 194 0
@ext_id 195 1
7 195 1
@gen_info 196 0
7 196 
@known_ent_info 197 0
7 197 
@attr 198 1
8 198 0
@known_ent_id 199 1
8 199 -1
6 187 
7 188 2
7 189 [3]
$0,-1,0
7 190 [2]
$1,0
7 191 0
7 192 0
7 193 0
7 194 0
7 195 4
7 196 
7 197 
8 198 0
8 199 -1
6 187 
7 188 5
7 189 [3]
$0,-1,0
7 190 [2]
$2*3
7 191 3
7 192 0
7 193 0
7 194 0
7 195 0
7 196 
7 197 
8 198 0
8 199 -1
6 187 
7 188 32770
7 189 [3]
$1,2*0
7 190 [2]
$4,5
7 191 5
7 192 0
7 193 1
7 194 0
7 195 2
7 196 
@attributes 200 1
8 200 8
7 197 
8 198 0
8 199 -1
6 187 
7 188 32770
7 189 [3]
$0,-1,0
7 190 [2]
$6,7
7 191 7
7 192 0
7 193 0
7 194 0
7 195 3
7 196 
8 200 8
7 197 
8 198 0
8 199 -1
@dimtab_ptr 201 0
5 201 [3]
6 201 
@type 202 1
7 202 4
@value 203 2
7 203 3FF4
@direct 204 1
7 204 0
@property 205 1
7 205 0
@leftpt 206 1
7 206 [2]
@rightpt 207 1
7 207 [2]
@offset 208 2
7 208 0
@ext_id 209 1
7 209 0
@dispdimattr 210 0
7 210 
@dimattr 211 1
8 211 [4]
$34,3*0
@dim_ref 212 0
7 212 [2]
8 212 
@item_id 213 1
9 213 0
@sense 214 1
9 214 -1
@point 215 1
9 215 [2]
$2*-1
8 212 
9 213 0
9 214 -1
9 215 [2]
$2*-1
6 201 
7 202 42
7 203 0
7 204 0
7 205 0
7 206 [2]
7 207 [2]
7 208 0
7 209 1
7 210 
8 211 [4]
$4*0
7 212 [2]
8 212 
9 213 3
9 214 4
9 215 [2]
$2*-1
8 212 
9 213 0
9 214 3
9 215 [2]
$2*-1
6 201 
7 202 42
7 203 0
7 204 0
7 205 0
7 206 [2]
7 207 [2]
7 208 0
7 209 2
7 210 
8 211 [4]
$4*0
7 212 [2]
8 212 
9 213 4
9 214 4
9 215 [2]
$2*-1
8 212 
9 213 0
9 214 3
9 215 [2]
$2*-1
@relat_ptr 216 0
5 216 [9]
6 216 
@id 217 1
7 217 -1
@used 218 1
7 218 0
@a 219 1
7 219 [4]
$2,4,2*-1
@b 220 1
7 220 [4]
$2*1,2*0
@c 221 2
7 221 [4]
$3FF,BFF,3FF,0
@sign 222 1
7 222 0
@idim 223 1
7 223 -1
@type 224 1
7 224 0
6 216 
7 217 -1
7 218 0
7 219 [4]
$2,6,2*-1
7 220 [4]
$4*0
7 221 [4]
$3FF,BFF,3FF,0
7 222 0
7 223 -1
7 224 0
6 216 
7 217 -1
7 218 1
7 219 [4]
$2,3,2*-1
7 220 [4]
$4*0
7 221 [4]
$3FF,BFF,2*3FF
7 222 0
7 223 0
7 224 0
6 216 
7 217 -1
7 218 1
7 219 [4]
$3,0,2*-1
7 220 [4]
$4*0
7 221 [4]
$3FF,BFF,2*3FF
7 222 0
7 223 -1
7 224 0
6 216 
7 217 -1
7 218 0
7 219 [4]
$1,0,2*-1
7 220 [4]
$4*0
7 221 [4]
$3FF,BFF,2*3FF
7 222 0
7 223 0
7 224 0
6 216 
7 217 -1
7 218 0
7 219 [4]
$4*0
7 220 [4]
$4*0
7 221 [4]
$4*3FF
7 222 1
7 223 0
7 224 14
6 216 
7 217 -1
7 218 1
7 219 [4]
$0,1,2*0
7 220 [4]
$2,3*0
7 221 [4]
$3FF,BFF,2*3FF
7 222 1
7 223 0
7 224 6
6 216 
7 217 -1
7 218 0
7 219 [4]
$3,0,2*-1
7 220 [4]
$2*1,2*0
7 221 [4]
$3FF,BFF,2*3FF
7 222 0
7 223 -1
7 224 0
6 216 
7 217 -1
7 218 3
7 219 [4]
$0,1,2*0
7 220 [4]
$2,3*0
7 221 [4]
$3FF,BFF,2*3FF
7 222 1
7 223 0
7 224 6
@formula_ptr 225 1
5 225 [9]
$0,1,2,3,4,5,6,7,8
@qind 226 1
5 226 -1
@anchor 227 0
5 227 NULL
@totalpointid 228 1
5 228 8
@checkarcs_flag 229 1
5 229 1
@location 230 0
5 230 ->
@id 231 1
6 231 0
@param 232 2
6 232 0
@type 233 1
6 233 0
@nsket_info 234 0
5 234 ->
@scale 235 2
6 235 0
@m 236 1
6 236 0
@last_was_permanent 237 1
6 237 0
@unsolved_ptr 238 0
5 238 ->
@iges_file 239 10
6 239 NULL
@solve_version 240 1
5 240 1
@segdscr_tab 241 0
5 241 [5]
6 241 
@ent_mode 242 1
7 242 0
6 241 
7 242 0
6 241 
7 242 0
6 241 
7 242 0
6 241 
7 242 0
@gsec3d_ptr 243 0
4 243 ->
@type 244 1
5 244 7
@name 245 10
5 245 S2D0002
@flip 246 1
5 246 1
@own_ref_id 247 1
5 247 -1
@first_chain_ptr 248 0
5 248 NULL
@quilt_id 249 1
5 249 -1
@plane_id 250 1
5 250 9
@plane_flip 251 1
5 251 -1
@ref_planes 252 0
5 252 [2]
6 252 
@plane_id 253 1
7 253 4
@ref_type 254 1
7 254 5
@ext_ref_id 255 1
7 255 -1
@seg_id 256 1
7 256 3
@flip_flag 257 1
7 257 0
@save_entity_ptr(line) 258 0
7 258 ->
@type 259 1
8 259 32770
@id 260 1
8 260 0
@gen_info 261 0
8 261 
9 200 8
@end1 262 2
8 262 [3]
$3*0
@end2 263 2
8 263 [3]
$4059,2*0
@back_entity_ptr(line) 264 0
7 264 ->
8 259 32770
8 260 0
8 261 
9 200 8
8 262 [3]
$3*0
8 263 [3]
$4059,2*0
6 252 
7 253 2
7 254 5
7 255 -1
7 256 4
7 257 0
7 258 ->
8 259 32770
8 260 0
8 261 
9 200 8
8 262 [3]
$3*0
8 263 [3]
$0,C059,0
7 264 ->
8 259 32770
8 260 0
8 261 
9 200 8
8 262 [3]
$3*0
8 263 [3]
$0,C059,0
@order_ptr 265 0
4 265 [2]
5 265 
@id 266 1
6 266 0
@flip 267 1
6 267 2
5 265 
6 266 1
6 267 4
@dim_id_tab 268 1
4 268 [3]
$0,1,2
@attributes 269 1
4 269 0
@xsec_id 270 1
4 270 -1
@gsec_info_arr 271 0
4 271 [1]
5 271 
@application_type 272 1
6 272 2
@application_id 273 1
6 273 -100
@secsolve_revnum 274 1
4 274 0
@rel_accuracy 275 2
4 275 BFF
@cr_flags 276 1
4 276 -1
@p_saved_result 277 0
4 277 NULL
2 118 -1
2 119 NULL
2 120 NULL
2 134 [3]
$1,3,8
2 121 ->
3 122 0
3 123 0
3 124 [2][3]
$3*0
$3*0
3 125 0
3 126 NULL
3 127 -1
2 128 -1
2 129 NULL
2 130 1
2 131 NULL
2 132 NULL
1 133 NULL
@assem_mass_prop_ptr 278 0
1 278 NULL
@mass_prop_ptr 279 0
1 279 ->
@type 280 1
2 280 0
@density 281 2
2 281 0
@init_dens 282 5
2 282 0
@rel_density 283 2
2 283 0
@init_rel_dens 284 5
2 284 0
@aver_density 285 2
2 285 0
@vrevnum 286 1
2 286 -1
@volume 287 2
2 287 0
@cg 288 2
2 288 [3]
$3*0
@inertia 289 2
2 289 [3][3]
$3*0
$3*0
$3*0
@eps 290 2
2 290 0
@surfarea 291 2
2 291 0
@assign_mp_ptr 292 0
1 292 NULL
@tol_default_ptr 293 0
1 293 ->
@type 294 1
2 294 10
@value 295 2
2 295 [7]
$0,3FB9R,3F847AE147AE147B,3F50624DD2F1A9FC,3F1A36E2EB1C432D,
$3EE4F8B588E368F1,3EB0C6F7A0B5ED8E
@ang_value 296 2
2 296 [7]
$0,6*3FE
@standard 297 1
2 297 0
@iso_tol_tbls_ptr 298 0
2 298 NULL
@first_xsec_ptr 299 0
1 299 NULL
@datum_count 300 1
1 300 0
@axis_count 301 1
1 301 1
@insert_layer_id 302 1
1 302 -1
@layer_count 303 1
1 303 1
@layer_list 304 0
1 304 [5]
2 304 
@feat_id 305 1
3 305 1
@layer_id 306 1
3 306 0
@back_layer_id 307 1
3 307 0
2 304 
3 305 3
3 306 0
3 307 0
2 304 
3 305 5
3 306 0
3 307 0
2 304 
3 305 8
3 306 0
3 307 0
2 304 
3 305 7
3 306 0
3 307 0
@lang_ptr 308 0
1 308 ->
@interact_on 309 1
2 309 -1
@first_csys_ptr 310 0
1 310 NULL
@color_prop_ptr 311 0
1 311 ->
@color_tab 312 0
2 312 [1]
3 312 
@maximum 313 2
4 313 [3]
$3FEFC30D3514618C,2*0
@ambient 314 2
4 314 3FECR
@diffuse 315 2
4 315 3FECR
@specular 316 2
4 316 3FECCEC1E95DE5B3
@spec_coef 317 2
4 317 3FE84A1284A1284A
@transmission 318 2
4 318 0
@threshold 319 1
4 319 75
@gl_ind 320 1
4 320 0
@highlight 321 2
4 321 [3]
$3*3FF
@reflection 322 2
4 322 3FECR
@bump_height 323 2
4 323 3FF
@bump 324 3
4 324 NULL
@decal_intensity 325 2
4 325 4059
@decal 326 3
4 326 NULL
@texture 327 3
4 327 NULL
@surf_ind_tab 328 0
2 328 [1]
3 328 
@surf_id 329 1
4 329 -1
@surf_color_inds 330 1
4 330 [2]
$0,-1
@surf_pl 331 0
4 331 [2]
5 331 
@placement_ptr 332 0
6 332 NULL
5 331 
6 332 NULL
@fem_data 333 0
1 333 NULL
@rel_part_eps 334 2
1 334 3F53A92A30553261
@model_eps 335 2
1 335 0
@fixed_model_eps 336 1
1 336 0
@names_table 337 0
1 337 [3]
2 337 ->
@id 338 1
3 338 2
@type 339 1
3 339 5
@name 340 10
3 340 DTM1
2 337 ->
3 338 4
3 339 5
3 340 DTM2
2 337 ->
3 338 6
3 339 5
3 340 DTM3
@drv_tbl_ptr 341 0
1 341 ->
@prt_type 342 1
2 342 30
@gen_name 343 10
2 343 GENERIC
@model_type 344 1
2 344 2
@instances 345 0
2 345 [2]
3 345 ->
@name 346 10
4 346 LARGE
@drv_tbl_ptr 347 0
4 347 ->
5 342 31
5 343 BALL
5 344 2
@dim_tab_file 348 10
5 348 NULL
@type 349 1
5 349 1
@revnum 350 1
5 350 0
@values 351 0
4 351 [1]
5 351 
@type 352 1
6 352 50
@value(d_val) 353 2
6 353 4004
@attributes 354 1
4 354 0
3 345 ->
4 346 SMALL
4 347 ->
5 342 31
5 343 BALL
5 344 2
5 348 NULL
5 349 1
5 350 0
4 351 [1]
5 351 
6 352 50
6 353 4
4 354 0
2 348 NULL
@edit_header 355 10
2 355 [7]
3 355 # Pro/TABLE
3 355 # 
3 355 [] S 92;
3 355 [] W 10;
3 355 [A] W  3;
3 355 [B] W 10;
3 355 [C] W 10;
2 349 1
@items 356 0
2 356 [1]
3 356 
@type 357 1
4 357 2
@id 358 1
4 358 0
@name 359 10
4 359 d0
@invisible 360 1
4 360 0
2 350 0
@assembled_count 361 1
1 361 -46
@part_type 362 1
1 362 1
@mat_name_ptr 363 10
1 363 NULL
@first_ent_id 364 1
1 364 516377
@first_view_id 365 1
1 365 0
@outline 366 2
1 366 [2][3]
$3*BFF4
$3*3FF4
@dim_num 367 1
1 367 3
@dim_array 368 0
1 368 [3]
2 368 ->
@type 369 1
3 369 8
@dim_type 370 1
3 370 4
@feat_id 371 1
3 371 7
@attributes 372 1
3 372 289
@dim_dat_ptr 373 0
3 373 ->
@value 374 2
4 374 4004
@bck_value 375 2
4 375 4004
@tol_ptr 376 0
4 376 ->
@type 377 1
5 377 9
@tol_type 378 1
5 378 1
@dual_digits_diff 379 1
5 379 999
@value 380 2
5 380 [2]
$2*3F847AE147AE147B
@nominal_value 381 2
4 381 4004
@bound 382 1
4 382 20
@bck_bound 383 1
4 383 -1
@bck_tol_ptr 384 0
4 384 ->
@value 385 2
5 385 [2]
$2*3F847AE147AE147B
@datum_def_id 386 1
4 386 -1
@places_denom 387 1
4 387 3
@bck_places_denom 388 1
4 388 3
@dim_data_attrib 389 1
4 389 0
@dim_cosm_ptr 390 0
3 390 ->
@d0 391 2
4 391 3FF4
@d1 392 2
4 392 4061BB7EA620E3D5
@d2 393 2
4 393 4016D726E4F48042
@d3 394 2
4 394 403B1EDB6DB6DB6F
@ord_info 395 0
4 395 NULL
@attach_ptr 396 0
3 396 NULL
@dim_text_ptr 397 0
3 397 ->
@symbol 398 10
4 398 d0
@line_array 399 0
4 399 [1]
5 399 
@text_array 400 0
6 400 [2]
7 400 
@text_type 401 1
8 401 54
@text_value 402 10
8 402 n
@txt_attrib 403 1
8 403 16778240
@owner_id 404 1
8 404 0
@part_id 405 1
8 405 25
@height 406 2
8 406 BFF
@width_factor 407 2
8 407 BFF
@format_info 408 0
8 408 
@thickness 409 2
8 409 BFF
7 400 
8 401 61
8 402 
8 403 16778241
8 404 0
8 405 25
8 406 BFF
8 407 BFF
8 408 
8 409 BFF
@parent_dim_id 410 1
3 410 -1
2 368 ->
3 369 8
3 370 42
3 371 7
3 372 32
3 373 ->
4 374 0
4 375 0
4 376 ->
5 377 9
5 378 1
5 379 999
5 380 [2]
$2*3F847AE147AE147B
4 381 0
4 382 20
4 383 -1
4 384 ->
5 385 [2]
$2*3F847AE147AE147B
4 386 -1
4 387 3
4 388 3
4 389 0
3 390 ->
4 391 0
4 392 0
4 393 0
4 394 0
4 395 NULL
3 396 NULL
3 397 ->
4 398 d1
3 410 -1
2 368 ->
3 369 8
3 370 42
3 371 7
3 372 32
3 373 ->
4 374 0
4 375 0
4 376 ->
5 377 9
5 378 1
5 379 999
5 380 [2]
$2*3F847AE147AE147B
4 381 0
4 382 20
4 383 -1
4 384 ->
5 385 [2]
$2*3F847AE147AE147B
4 386 -1
4 387 3
4 388 3
4 389 0
3 390 ->
4 391 0
4 392 0
4 393 0
4 394 0
4 395 NULL
3 396 NULL
3 397 ->
4 398 d2
3 410 -1
@ipar_num 411 1
1 411 0
@relpar_sets 412 0
1 412 [1]
2 412 
@id 413 1
3 413 -1
@type 414 1
3 414 2
@ext_ref_id 415 1
3 415 -1
@param 416 0
3 416 [3]
4 416 
@sym 417 10
5 417 PDMREV
@value 418 0
5 418 
6 352 51
@value(s_val) 419 10
6 419 1.1
@bak_value 420 0
5 420 
6 352 51
6 419 1.0+
4 416 
5 417 PDMDB
5 418 
6 352 51
6 419 test_lock
5 420 
6 352 51
6 419 PSA
4 416 
5 417 PDMRL
5 418 
6 352 51
6 419 Initial
5 420 
6 352 51
6 419 
@relatnum 421 1
3 421 0
@unit_arr 422 0
1 422 [2]
2 422 
@type 423 1
3 423 12
@factor 424 2
3 424 3FD93264C993264D
@name 425 10
3 425 CM
@unit_type 426 1
3 426 0
2 422 
3 423 2
3 424 3FF
3 425 POUND
3 426 1
@geom_lib_ptr 427 0
1 427 NULL
@first_quilt_ptr 428 1
1 428 0
@attrib_array 429 1
1 429 [3]
$3*0
@smt_info_ptr 430 0
1 430 NULL
@cable_info_ptr 431 0
1 431 NULL
@comp_info_ptr 432 0
1 432 NULL
@max_part_size 433 2
1 433 4011520CD1372FEB
@prt_misc_ptr 434 0
1 434 ->
@shrink_data_ptr 435 0
2 435 NULL
@layer_array 436 0
1 436 [1]
2 436 ->
@id 437 1
3 437 32
@type 438 1
3 438 117
@user_id 439 1
3 439 0
@weird_wline_ptr 440 0
3 440 ->
@weird_wline 441 10
4 441 DTM_PLNS
@layer_objects 442 0
3 442 [1]
4 442 
@type 443 1
5 443 176
@ids 444 1
5 444 [3]
$2,4,6
@lay_solid 445 0
5 445 NULL
@saved_operation 446 1
3 446 1
@expld_mv_info 447 0
1 447 NULL
@state_info_ptr 448 0
1 448 NULL
@alumni_feats 449 0
1 449 NULL
@model_name 450 10
1 450 BALL
@p_mdl_grid 451 0
1 451 NULL
@mdl_status_ptr 452 0
1 452 ->
@layer_list 453 0
2 453 [5]
3 453 
4 305 1
4 306 0
4 307 0
3 453 
4 305 3
4 306 0
4 307 0
3 453 
4 305 5
4 306 0
4 307 0
3 453 
4 305 8
4 306 0
4 307 0
3 453 
4 305 7
4 306 0
4 307 0
@rev_arr_sizes 454 0
2 454 [2]
3 454 
@rev 455 0
4 455 
@major_rev 456 1
5 456 1
@minor_rev 457 1
5 457 0
@array_sizes 458 0
4 458 [11]
5 458 
@ids_types 459 0
6 459 [10]
7 459 
@id 460 1
8 460 -1
@db_type 461 1
8 461 8
7 459 
8 460 -1
8 461 -1
7 459 
8 460 -1
8 461 -1
7 459 
8 460 -1
8 461 -1
7 459 
8 460 -1
8 461 -1
7 459 
8 460 -1
8 461 -1
7 459 
8 460 -1
8 461 -1
7 459 
8 460 -1
8 461 -1
7 459 
8 460 -1
8 461 -1
7 459 
8 460 -1
8 461 -1
@size 462 1
6 462 3
5 458 
6 459 [10]
7 459 
8 460 -1
8 461 69
7 459 
8 460 -1
8 461 -1
7 459 
8 460 -1
8 461 -1
7 459 
8 460 -1
8 461 -1
7 459 
8 460 -1
8 461 -1
7 459 
8 460 -1
8 461 -1
7 459 
8 460 -1
8 461 -1
7 459 
8 460 -1
8 461 -1
7 459 
8 460 -1
8 461 -1
7 459 
8 460 -1
8 461 -1
6 462 0
5 458 
6 459 [10]
7 459 
8 460 -1
8 461 28
7 459 
8 460 -1
8 461 -1
7 459 
8 460 -1
8 461 -1
7 459 
8 460 -1
8 461 -1
7 459 
8 460 -1
8 461 -1
7 459 
8 460 -1
8 461 -1
7 459 
8 460 -1
8 461 -1
7 459 
8 460 -1
8 461 -1
7 459 
8 460 -1
8 461 -1
7 459 
8 460 -1
8 461 -1
6 462 0
5 458 
6 459 [10]
7 459 
8 460 -1
8 461 32
7 459 
8 460 -1
8 461 -1
7 459 
8 460 -1
8 461 -1
7 459 
8 460 -1
8 461 -1
7 459 
8 460 -1
8 461 -1
7 459 
8 460 -1
8 461 -1
7 459 
8 460 -1
8 461 -1
7 459 
8 460 -1
8 461 -1
7 459 
8 460 -1
8 461 -1
7 459 
8 460 -1
8 461 -1
6 462 0
5 458 
6 459 [10]
7 459 
8 460 -1
8 461 42
7 459 
8 460 -1
8 461 -1
7 459 
8 460 -1
8 461 -1
7 459 
8 460 -1
8 461 -1
7 459 
8 460 -1
8 461 -1
7 459 
8 460 -1
8 461 -1
7 459 
8 460 -1
8 461 -1
7 459 
8 460 -1
8 461 -1
7 459 
8 460 -1
8 461 -1
7 459 
8 460 -1
8 461 -1
6 462 0
5 458 
6 459 [10]
7 459 
8 460 -1
8 461 39
7 459 
8 460 -1
8 461 -1
7 459 
8 460 -1
8 461 -1
7 459 
8 460 -1
8 461 -1
7 459 
8 460 -1
8 461 -1
7 459 
8 460 -1
8 461 -1
7 459 
8 460 -1
8 461 -1
7 459 
8 460 -1
8 461 -1
7 459 
8 460 -1
8 461 -1
7 459 
8 460 -1
8 461 -1
6 462 0
5 458 
6 459 [10]
7 459 
8 460 -1
8 461 68
7 459 
8 460 -1
8 461 -1
7 459 
8 460 -1
8 461 -1
7 459 
8 460 -1
8 461 -1
7 459 
8 460 -1
8 461 -1
7 459 
8 460 -1
8 461 -1
7 459 
8 460 -1
8 461 -1
7 459 
8 460 -1
8 461 -1
7 459 
8 460 -1
8 461 -1
7 459 
8 460 -1
8 461 -1
6 462 0
5 458 
6 459 [10]
7 459 
8 460 -1
8 461 200
7 459 
8 460 -1
8 461 -1
7 459 
8 460 -1
8 461 -1
7 459 
8 460 -1
8 461 -1
7 459 
8 460 -1
8 461 -1
7 459 
8 460 -1
8 461 -1
7 459 
8 460 -1
8 461 -1
7 459 
8 460 -1
8 461 -1
7 459 
8 460 -1
8 461 -1
7 459 
8 460 -1
8 461 -1
6 462 32
5 458 
6 459 [10]
7 459 
8 460 -1
8 461 320
7 459 
8 460 -1
8 461 -1
7 459 
8 460 -1
8 461 -1
7 459 
8 460 -1
8 461 -1
7 459 
8 460 -1
8 461 -1
7 459 
8 460 -1
8 461 -1
7 459 
8 460 -1
8 461 -1
7 459 
8 460 -1
8 461 -1
7 459 
8 460 -1
8 461 -1
7 459 
8 460 -1
8 461 -1
6 462 0
5 458 
6 459 [10]
7 459 
8 460 -1
8 461 321
7 459 
8 460 -1
8 461 -1
7 459 
8 460 -1
8 461 -1
7 459 
8 460 -1
8 461 -1
7 459 
8 460 -1
8 461 -1
7 459 
8 460 -1
8 461 -1
7 459 
8 460 -1
8 461 -1
7 459 
8 460 -1
8 461 -1
7 459 
8 460 -1
8 461 -1
7 459 
8 460 -1
8 461 -1
6 462 0
5 458 
6 459 [10]
7 459 
8 460 0
8 461 35
7 459 
8 460 21614548
8 461 192
7 459 
8 460 277984096
8 461 277984096
7 459 
8 460 23436136
8 461 32
7 459 
8 460 11181844
8 461 0
7 459 
8 460 13534672
8 461 0
7 459 
8 460 13534640
8 461 0
7 459 
8 460 9885408
8 461 2147466056
7 459 
8 460 9885428
8 461 18
7 459 
8 460 276990736
8 461 4
6 462 1
3 454 
4 455 
5 456 1
5 457 1
4 458 [11]
5 458 
6 459 [10]
7 459 
8 460 -1
8 461 8
7 459 
8 460 -1
8 461 -1
7 459 
8 460 -1
8 461 -1
7 459 
8 460 -1
8 461 -1
7 459 
8 460 -1
8 461 -1
7 459 
8 460 -1
8 461 -1
7 459 
8 460 -1
8 461 -1
7 459 
8 460 -1
8 461 -1
7 459 
8 460 -1
8 461 -1
7 459 
8 460 -1
8 461 -1
6 462 3
5 458 
6 459 [10]
7 459 
8 460 -1
8 461 69
7 459 
8 460 -1
8 461 -1
7 459 
8 460 -1
8 461 -1
7 459 
8 460 -1
8 461 -1
7 459 
8 460 -1
8 461 -1
7 459 
8 460 -1
8 461 -1
7 459 
8 460 -1
8 461 -1
7 459 
8 460 -1
8 461 -1
7 459 
8 460 -1
8 461 -1
7 459 
8 460 -1
8 461 -1
6 462 0
5 458 
6 459 [10]
7 459 
8 460 -1
8 461 28
7 459 
8 460 -1
8 461 -1
7 459 
8 460 -1
8 461 -1
7 459 
8 460 -1
8 461 -1
7 459 
8 460 -1
8 461 -1
7 459 
8 460 -1
8 461 -1
7 459 
8 460 -1
8 461 -1
7 459 
8 460 -1
8 461 -1
7 459 
8 460 -1
8 461 -1
7 459 
8 460 -1
8 461 -1
6 462 0
5 458 
6 459 [10]
7 459 
8 460 -1
8 461 32
7 459 
8 460 -1
8 461 -1
7 459 
8 460 -1
8 461 -1
7 459 
8 460 -1
8 461 -1
7 459 
8 460 -1
8 461 -1
7 459 
8 460 -1
8 461 -1
7 459 
8 460 -1
8 461 -1
7 459 
8 460 -1
8 461 -1
7 459 
8 460 -1
8 461 -1
7 459 
8 460 -1
8 461 -1
6 462 0
5 458 
6 459 [10]
7 459 
8 460 -1
8 461 42
7 459 
8 460 -1
8 461 -1
7 459 
8 460 -1
8 461 -1
7 459 
8 460 -1
8 461 -1
7 459 
8 460 -1
8 461 -1
7 459 
8 460 -1
8 461 -1
7 459 
8 460 -1
8 461 -1
7 459 
8 460 -1
8 461 -1
7 459 
8 460 -1
8 461 -1
7 459 
8 460 -1
8 461 -1
6 462 0
5 458 
6 459 [10]
7 459 
8 460 -1
8 461 39
7 459 
8 460 -1
8 461 -1
7 459 
8 460 -1
8 461 -1
7 459 
8 460 -1
8 461 -1
7 459 
8 460 -1
8 461 -1
7 459 
8 460 -1
8 461 -1
7 459 
8 460 -1
8 461 -1
7 459 
8 460 -1
8 461 -1
7 459 
8 460 -1
8 461 -1
7 459 
8 460 -1
8 461 -1
6 462 0
5 458 
6 459 [10]
7 459 
8 460 -1
8 461 68
7 459 
8 460 -1
8 461 -1
7 459 
8 460 -1
8 461 -1
7 459 
8 460 -1
8 461 -1
7 459 
8 460 -1
8 461 -1
7 459 
8 460 -1
8 461 -1
7 459 
8 460 -1
8 461 -1
7 459 
8 460 -1
8 461 -1
7 459 
8 460 -1
8 461 -1
7 459 
8 460 -1
8 461 -1
6 462 0
5 458 
6 459 [10]
7 459 
8 460 -1
8 461 200
7 459 
8 460 -1
8 461 -1
7 459 
8 460 -1
8 461 -1
7 459 
8 460 -1
8 461 -1
7 459 
8 460 -1
8 461 -1
7 459 
8 460 -1
8 461 -1
7 459 
8 460 -1
8 461 -1
7 459 
8 460 -1
8 461 -1
7 459 
8 460 -1
8 461 -1
7 459 
8 460 -1
8 461 -1
6 462 33
5 458 
6 459 [10]
7 459 
8 460 -1
8 461 320
7 459 
8 460 -1
8 461 -1
7 459 
8 460 -1
8 461 -1
7 459 
8 460 -1
8 461 -1
7 459 
8 460 -1
8 461 -1
7 459 
8 460 -1
8 461 -1
7 459 
8 460 -1
8 461 -1
7 459 
8 460 -1
8 461 -1
7 459 
8 460 -1
8 461 -1
7 459 
8 460 -1
8 461 -1
6 462 0
5 458 
6 459 [10]
7 459 
8 460 -1
8 461 321
7 459 
8 460 -1
8 461 -1
7 459 
8 460 -1
8 461 -1
7 459 
8 460 -1
8 461 -1
7 459 
8 460 -1
8 461 -1
7 459 
8 460 -1
8 461 -1
7 459 
8 460 -1
8 461 -1
7 459 
8 460 -1
8 461 -1
7 459 
8 460 -1
8 461 -1
7 459 
8 460 -1
8 461 -1
6 462 0
5 458 
6 459 [10]
7 459 
8 460 0
8 461 35
7 459 
8 460 1
8 461 2147388460
7 459 
8 460 20827240
8 461 0
7 459 
8 460 0
8 461 274160688
7 459 
8 460 35318932
8 461 0
7 459 
8 460 -1
8 461 321
7 459 
8 460 -1
8 461 -1
7 459 
8 460 -1
8 461 -1
7 459 
8 460 -1
8 461 274160688
7 459 
8 460 23572328
8 461 274160688
6 462 1
@orig_name 463 10
2 463 NULL
@rev_modif_types 464 0
2 464 [2]
3 464 
@rev 465 0
4 465 
5 456 1
5 457 0
3 464 
4 465 
5 456 1
5 457 1
@cfg_states 466 0
1 466 NULL
@disp_outl_info 467 0
1 467 
@disp_outline 468 2
2 468 [2][3]
$3*BFF458AE561AB429
$3*3FF458AE561AB429
@ribbon_info_ptr 469 0
1 469 NULL
@p_xref_data 470 0
1 470 ->
@View 471 0
0 471 ->
@id 472 1
1 472 0
@viewattr 473 0
1 473 
@attr_arr 474 1
2 474 [4]
$1,3*0
@mpoint 475 0
1 475 
@id 476 1
2 476 0
@coord 477 2
2 477 [3]
$3*0
@first_instr_ptr 478 0
2 478 NULL
@attach_ptr 479 0
2 479 NULL
@vpoint 480 0
1 480 
2 476 0
2 477 [3]
$407F4,407A5E,0
2 478 NULL
2 479 NULL
@orient 481 2
1 481 [4][4]
$3FED7954E7DBA2F8,0,3FD8EC3AE92B676B,0
$BFD385CE5246572,3FE3E43A9692E21C,3FE7167619F550A2,0
$BFCEFC077F3F36A6,BFE91103985DA841,3FE25240DD3851BF,0
$3*0,3FF
@local_sys 482 2
1 482 [4][4]
$4065BFD9952409F9,0,405264192FFAE201,0
$C04CCFF5D7A24B3,405D5B503B98BE1,4061097259A6BA5B,0
$C046DD33A7D432D1,C0627F3DF2154062,405B0A0FE1CB0BDB,0
$407F4,407A5E,0,3FF
@first_instr_ptr 483 0
1 483 ->
@type 484 1
2 484 100
@geom_id 485 1
2 485 -1
@view_id 486 1
2 486 -1
@memb_num 487 1
2 487 0
@offset 488 2
2 488 0
@matrix 489 0
2 489 NULL
@next_instr_ptr 490 0
1 490 ->
2 484 301
2 485 -1
2 486 -1
2 487 0
2 488 40679D0A1161503B
2 489 NULL
1 490 NULL
@outer_xsec_index 491 1
1 491 -1
@next_view_id 492 1
1 492 -2
@simp_rep_id 493 1
1 493 -1
@name 494 10
1 494 no name
@matrix 495 2
1 495 [4][4]
$3FF,3*0
$0,3FF,2*0
$2*0,3FF,0
$3*0,3FF
@fit_outline 496 2
1 496 [2][3]
$4059,405518,C079467E52590FFE
$408C2,4087BB,4079467E52590FFE
@det_info_ptr 497 0
1 497 NULL
@named_view_pzmatr 498 0
1 498 NULL
@page_id 499 1
1 499 0
@model_name 500 10
1 500 NULL
@unrep_model_name 501 10
1 501 NULL
@explode_state 502 0
1 502 NULL
@assem_merge_parts 503 0
0 503 ->
#END_OF_UGC
