

Input part file name: f:/data5/repository/PTC/V18/asmdes18/parts/boot.hh.sat


Output part file name: f:/data5/repository/PTC/V18/asmdes18/parts/boot.hh.f.sat



Input part file name: f:/data5/repository/PTC/V18/asmdes18/parts/boot_2.hh.sat


Output part file name: f:/data5/repository/PTC/V18/asmdes18/parts/boot_2.hh.f.sat



Input part file name: f:/data5/repository/PTC/V18/asmdes18/parts/countershaft.hh.sat


Output part file name: f:/data5/repository/PTC/V18/asmdes18/parts/countershaft.hh.f.sat



Input part file name: f:/data5/repository/PTC/V18/asmdes18/parts/cs_gear.hh.sat


Output part file name: f:/data5/repository/PTC/V18/asmdes18/parts/cs_gear.hh.f.sat



Input part file name: f:/data5/repository/PTC/V18/asmdes18/parts/fork_2_h.hh.sat


Output part file name: f:/data5/repository/PTC/V18/asmdes18/parts/fork_2_h.hh.f.sat



Input part file name: f:/data5/repository/PTC/V18/asmdes18/parts/gear_lever.hh.sat


Output part file name: f:/data5/repository/PTC/V18/asmdes18/parts/gear_lever.hh.f.sat



Input part file name: f:/data5/repository/PTC/V18/asmdes18/parts/gear_lever_st.hh.sat


Output part file name: f:/data5/repository/PTC/V18/asmdes18/parts/gear_lever_st.hh.f.sat



Input part file name: f:/data5/repository/PTC/V18/asmdes18/parts/gear_skeleton.hh.sat



Input part file name: f:/data5/repository/PTC/V18/asmdes18/parts/hex_cap_screw.hh.sat


Output part file name: f:/data5/repository/PTC/V18/asmdes18/parts/hex_cap_screw.hh.f.sat



Input part file name: f:/data5/repository/PTC/V18/asmdes18/parts/hex_nut.hh.sat


Output part file name: f:/data5/repository/PTC/V18/asmdes18/parts/hex_nut.hh.f.sat



Input part file name: f:/data5/repository/PTC/V18/asmdes18/parts/inner_bb.hh.sat


Output part file name: f:/data5/repository/PTC/V18/asmdes18/parts/inner_bb.hh.f.sat



Input part file name: f:/data5/repository/PTC/V18/asmdes18/parts/knob.hh.sat


Output part file name: f:/data5/repository/PTC/V18/asmdes18/parts/knob.hh.f.sat



Input part file name: f:/data5/repository/PTC/V18/asmdes18/parts/low_gear.hh.sat


Output part file name: f:/data5/repository/PTC/V18/asmdes18/parts/low_gear.hh.f.sat



Input part file name: f:/data5/repository/PTC/V18/asmdes18/parts/low_rev_gear.hh.sat


Output part file name: f:/data5/repository/PTC/V18/asmdes18/parts/low_rev_gear.hh.f.sat



Input part file name: f:/data5/repository/PTC/V18/asmdes18/parts/main_shaft.hh.sat


Output part file name: f:/data5/repository/PTC/V18/asmdes18/parts/main_shaft.hh.f.sat



Input part file name: f:/data5/repository/PTC/V18/asmdes18/parts/ms_sec_gear.hh.sat


Output part file name: f:/data5/repository/PTC/V18/asmdes18/parts/ms_sec_gear.hh.f.sat



Input part file name: f:/data5/repository/PTC/V18/asmdes18/parts/outer_bb.hh.sat


Output part file name: f:/data5/repository/PTC/V18/asmdes18/parts/outer_bb.hh.f.sat



Input part file name: f:/data5/repository/PTC/V18/asmdes18/parts/pin_gear.hh.sat


Output part file name: f:/data5/repository/PTC/V18/asmdes18/parts/pin_gear.hh.f.sat



Input part file name: f:/data5/repository/PTC/V18/asmdes18/parts/pinion_shaft.hh.sat


Output part file name: f:/data5/repository/PTC/V18/asmdes18/parts/pinion_shaft.hh.f.sat



Input part file name: f:/data5/repository/PTC/V18/asmdes18/parts/rev_gear_b.hh.sat


Output part file name: f:/data5/repository/PTC/V18/asmdes18/parts/rev_gear_b.hh.f.sat



Input part file name: f:/data5/repository/PTC/V18/asmdes18/parts/ball.hh.sat


Output part file name: f:/data5/repository/PTC/V18/asmdes18/parts/ball.hh.f.sat



Input part file name: f:/data5/repository/PTC/V18/asmdes18/parts/rev_gear_c.hh.sat


Output part file name: f:/data5/repository/PTC/V18/asmdes18/parts/rev_gear_c.hh.f.sat



Input part file name: f:/data5/repository/PTC/V18/asmdes18/parts/rev_shaft.hh.sat


Output part file name: f:/data5/repository/PTC/V18/asmdes18/parts/rev_shaft.hh.f.sat



Input part file name: f:/data5/repository/PTC/V18/asmdes18/parts/sec_gear.hh.sat


Output part file name: f:/data5/repository/PTC/V18/asmdes18/parts/sec_gear.hh.f.sat



Input part file name: f:/data5/repository/PTC/V18/asmdes18/parts/shift_fork.hh.sat


Output part file name: f:/data5/repository/PTC/V18/asmdes18/parts/shift_fork.hh.f.sat



Input part file name: f:/data5/repository/PTC/V18/asmdes18/parts/shift_rod_end.hh.sat


Output part file name: f:/data5/repository/PTC/V18/asmdes18/parts/shift_rod_end.hh.f.sat



Input part file name: f:/data5/repository/PTC/V18/asmdes18/parts/shift_rod_r_l.hh.sat


Output part file name: f:/data5/repository/PTC/V18/asmdes18/parts/shift_rod_r_l.hh.f.sat



Input part file name: f:/data5/repository/PTC/V18/asmdes18/parts/shifter2.hh.sat


Output part file name: f:/data5/repository/PTC/V18/asmdes18/parts/shifter2.hh.f.sat



Input part file name: f:/data5/repository/PTC/V18/asmdes18/parts/speedometer.hh.sat


Output part file name: f:/data5/repository/PTC/V18/asmdes18/parts/speedometer.hh.f.sat



Input part file name: f:/data5/repository/PTC/V18/asmdes18/parts/spring.hh.sat


Output part file name: f:/data5/repository/PTC/V18/asmdes18/parts/spring.hh.f.sat



Input part file name: f:/data5/repository/PTC/V18/asmdes18/parts/spring_cover.hh.sat


Output part file name: f:/data5/repository/PTC/V18/asmdes18/parts/spring_cover.hh.f.sat



Input part file name: f:/data5/repository/PTC/V18/asmdes18/parts/spring_seat_2.hh.sat


Output part file name: f:/data5/repository/PTC/V18/asmdes18/parts/spring_seat_2.hh.f.sat



Input part file name: f:/data5/repository/PTC/V18/asmdes18/parts/top_cover.hh.sat


Output part file name: f:/data5/repository/PTC/V18/asmdes18/parts/top_cover.hh.f.sat



Input part file name: f:/data5/repository/PTC/V18/asmdes18/parts/washer.hh.sat


Output part file name: f:/data5/repository/PTC/V18/asmdes18/parts/washer.hh.f.sat



Input part file name: f:/data5/repository/PTC/V18/asmdes18/parts/bolt.hh.sat


Output part file name: f:/data5/repository/PTC/V18/asmdes18/parts/bolt.hh.f.sat



Input part file name: f:/data5/repository/PTC/V18/asmdes18/parts/boot_smooth.hh.sat


Output part file name: f:/data5/repository/PTC/V18/asmdes18/parts/boot_smooth.hh.f.sat



Input part file name: f:/data5/repository/PTC/V18/asmdes18/parts/cluster_countershaft.hh.sat


Output part file name: f:/data5/repository/PTC/V18/asmdes18/parts/cluster_countershaft.hh.f.sat



Input part file name: f:/data5/repository/PTC/V18/asmdes18/parts/countershaft.prt.hh.sat


Output part file name: f:/data5/repository/PTC/V18/asmdes18/parts/countershaft.prt.hh.f.sat



Input part file name: f:/data5/repository/PTC/V18/asmdes18/parts/cs_gear.prt.hh.sat


Output part file name: f:/data5/repository/PTC/V18/asmdes18/parts/cs_gear.prt.hh.f.sat



Input part file name: f:/data5/repository/PTC/V18/asmdes18/parts/knob.prt.hh.sat


Output part file name: f:/data5/repository/PTC/V18/asmdes18/parts/knob.prt.hh.f.sat



Input part file name: f:/data5/repository/PTC/V18/asmdes18/parts/fork_2_h.prt.hh.sat


Output part file name: f:/data5/repository/PTC/V18/asmdes18/parts/fork_2_h.prt.hh.f.sat



Input part file name: f:/data5/repository/PTC/V18/asmdes18/parts/gear_lever_st.prt.hh.sat


Output part file name: f:/data5/repository/PTC/V18/asmdes18/parts/gear_lever_st.prt.hh.f.sat



Input part file name: f:/data5/repository/PTC/V18/asmdes18/parts/gear_skeleton.prt.hh.sat



Input part file name: f:/data5/repository/PTC/V18/asmdes18/parts/hex_cap_screw.prt.hh.sat


Output part file name: f:/data5/repository/PTC/V18/asmdes18/parts/hex_cap_screw.prt.hh.f.sat



Input part file name: f:/data5/repository/PTC/V18/asmdes18/parts/hex_nut.prt.hh.sat


Output part file name: f:/data5/repository/PTC/V18/asmdes18/parts/hex_nut.prt.hh.f.sat



Input part file name: f:/data5/repository/PTC/V18/asmdes18/parts/inner_bb.prt.hh.sat


Output part file name: f:/data5/repository/PTC/V18/asmdes18/parts/inner_bb.prt.hh.f.sat



Input part file name: f:/data5/repository/PTC/V18/asmdes18/parts/low_gear.prt.hh.sat


Output part file name: f:/data5/repository/PTC/V18/asmdes18/parts/low_gear.prt.hh.f.sat



Input part file name: f:/data5/repository/PTC/V18/asmdes18/parts/low_rev_gear.prt.hh.sat


Output part file name: f:/data5/repository/PTC/V18/asmdes18/parts/low_rev_gear.prt.hh.f.sat



Input part file name: f:/data5/repository/PTC/V18/asmdes18/parts/main_shaft.prt.hh.sat


Output part file name: f:/data5/repository/PTC/V18/asmdes18/parts/main_shaft.prt.hh.f.sat



Input part file name: f:/data5/repository/PTC/V18/asmdes18/parts/ms_sec_gear.prt.hh.sat


Output part file name: f:/data5/repository/PTC/V18/asmdes18/parts/ms_sec_gear.prt.hh.f.sat



Input part file name: f:/data5/repository/PTC/V18/asmdes18/parts/outer_bb.prt.hh.sat


Output part file name: f:/data5/repository/PTC/V18/asmdes18/parts/outer_bb.prt.hh.f.sat



Input part file name: f:/data5/repository/PTC/V18/asmdes18/parts/pin_gear.prt.hh.sat


Output part file name: f:/data5/repository/PTC/V18/asmdes18/parts/pin_gear.prt.hh.f.sat



Input part file name: f:/data5/repository/PTC/V18/asmdes18/parts/pinion_shaft.prt.hh.sat


Output part file name: f:/data5/repository/PTC/V18/asmdes18/parts/pinion_shaft.prt.hh.f.sat



Input part file name: f:/data5/repository/PTC/V18/asmdes18/parts/rev_gear_b.prt.hh.sat


Output part file name: f:/data5/repository/PTC/V18/asmdes18/parts/rev_gear_b.prt.hh.f.sat



Input part file name: f:/data5/repository/PTC/V18/asmdes18/parts/rev_gear_c.prt.hh.sat


Output part file name: f:/data5/repository/PTC/V18/asmdes18/parts/rev_gear_c.prt.hh.f.sat



Input part file name: f:/data5/repository/PTC/V18/asmdes18/parts/rev_shaft.prt.hh.sat


Output part file name: f:/data5/repository/PTC/V18/asmdes18/parts/rev_shaft.prt.hh.f.sat



Input part file name: f:/data5/repository/PTC/V18/asmdes18/parts/sec_gear.prt.hh.sat


Output part file name: f:/data5/repository/PTC/V18/asmdes18/parts/sec_gear.prt.hh.f.sat



Input part file name: f:/data5/repository/PTC/V18/asmdes18/parts/shift_fork.prt.hh.sat


Output part file name: f:/data5/repository/PTC/V18/asmdes18/parts/shift_fork.prt.hh.f.sat



Input part file name: f:/data5/repository/PTC/V18/asmdes18/parts/shift_rod_r_l.prt.hh.sat


Output part file name: f:/data5/repository/PTC/V18/asmdes18/parts/shift_rod_r_l.prt.hh.f.sat



Input part file name: f:/data5/repository/PTC/V18/asmdes18/parts/speedometer.prt.hh.sat


Output part file name: f:/data5/repository/PTC/V18/asmdes18/parts/speedometer.prt.hh.f.sat



Input part file name: f:/data5/repository/PTC/V18/asmdes18/parts/spring.prt.hh.sat


Output part file name: f:/data5/repository/PTC/V18/asmdes18/parts/spring.prt.hh.f.sat



Input part file name: f:/data5/repository/PTC/V18/asmdes18/parts/spring_cover.prt.hh.sat


Output part file name: f:/data5/repository/PTC/V18/asmdes18/parts/spring_cover.prt.hh.f.sat



Input part file name: f:/data5/repository/PTC/V18/asmdes18/parts/top_cover.prt.hh.sat


Output part file name: f:/data5/repository/PTC/V18/asmdes18/parts/top_cover.prt.hh.f.sat



Input part file name: f:/data5/repository/PTC/V18/asmdes18/parts/washer.prt.hh.sat


Output part file name: f:/data5/repository/PTC/V18/asmdes18/parts/washer.prt.hh.f.sat



Input part file name: f:/data5/repository/PTC/V18/asmdes18/parts/ball.prt.hh.sat


Output part file name: f:/data5/repository/PTC/V18/asmdes18/parts/ball.prt.hh.f.sat



Input part file name: f:/data5/repository/PTC/V18/asmdes18/parts/bolt.prt.hh.sat


Output part file name: f:/data5/repository/PTC/V18/asmdes18/parts/bolt.prt.hh.f.sat



Input part file name: f:/data5/repository/PTC/V18/asmdes18/parts/boot.prt.hh.sat


Output part file name: f:/data5/repository/PTC/V18/asmdes18/parts/boot.prt.hh.f.sat



Input part file name: f:/data5/repository/PTC/V18/asmdes18/parts/boot_2.prt.hh.sat


Output part file name: f:/data5/repository/PTC/V18/asmdes18/parts/boot_2.prt.hh.f.sat



Input part file name: f:/data5/repository/PTC/V18/asmdes18/parts/gear_lever.prt.hh.sat


Output part file name: f:/data5/repository/PTC/V18/asmdes18/parts/gear_lever.prt.hh.f.sat



Input part file name: f:/data5/repository/PTC/V18/asmdes18/parts/shifter2.prt.hh.sat


Output part file name: f:/data5/repository/PTC/V18/asmdes18/parts/shifter2.prt.hh.f.sat



Input part file name: f:/data5/repository/PTC/V18/asmdes18/parts/shift_rod_end.prt.hh.sat


Output part file name: f:/data5/repository/PTC/V18/asmdes18/parts/shift_rod_end.prt.hh.f.sat



Input part file name: f:/data5/repository/PTC/V18/asmdes18/parts/spring_seat_2.prt.hh.sat


Output part file name: f:/data5/repository/PTC/V18/asmdes18/parts/spring_seat_2.prt.hh.f.sat



Input part file name: f:/data5/repository/PTC/V18/asmdes18/parts/boot_smooth.prt.hh.sat


Output part file name: f:/data5/repository/PTC/V18/asmdes18/parts/boot_smooth.prt.hh.f.sat



Input part file name: f:/data5/repository/PTC/V18/asmdes18/parts/cluster_countershaft.prt.hh.sat


Output part file name: f:/data5/repository/PTC/V18/asmdes18/parts/cluster_countershaft.prt.hh.f.sat

