#UGC:2 PART 889 360 0 1 1 15 1600 9620 \
#- VERS 0 0                                                          \
#- HOST                                                              \
#- LINK                                                              \
#- DBID                                                              \
#- REVS 0,                                                           \
#- RELL 0,                                                           \
#- UOBJ_ID 837191467 374670398 1916021781                            \
#-END_OF_UGC_HEADER
#P_OBJECT 6
@P_object 1 0
0 1 ->
@dep_db 2 0
1 2 ->
@usr_rev 3 0
1 3 [2]
2 3 
@name 4 10
3 4 OSTI
@mod_time 5 0
3 5 
@tm_sec 6 1
4 6 45
@tm_min 7 1
4 7 58
@tm_hour 8 1
4 8 12
@tm_mday 9 1
4 9 9
@tm_mon 10 1
4 10 5
@tm_year 11 1
4 11 94
@action 12 1
3 12 1000
@comment 13 10
3 13 Hostname: 'bedlam'
@rel_level 14 10
3 14 
@rev_string 15 10
3 15 
2 3 
3 4 DMGAINES
3 5 
4 6 7
4 7 11
4 8 17
4 9 12
4 10 6
4 11 96
3 12 1000
3 13 Hostname: 'intrepid'
3 14 
3 15 
@revnum_std 16 1
1 16 -1
@flag 17 1
1 17 0
@name 18 10
1 18 NULL
@inst_hidden 19 1
1 19 0
@old_name 20 10
1 20 NULL
@appl_data 21 0
1 21 ->
@bounding_box 22 2
2 22 [2][3]
$2*BFD23D4D6247E585,BFA8925AAFF1593
$2*3FD23D4D6247E585,3FA1EA6B123F2C2R
@uobj_id 23 0
1 23 NULL
#END_OF_P_OBJECT
#Pro/ENGINEER  TM  Release 16.0  (c) 1988-95 by Parametric Technology Corporation  All Rights Reserved. 9620
@Solid 24 0
0 24 ->
@tab_key 25 1
1 25 0
@tab_key_struct 26 0
1 26 ->
@tab_key_ptr 27 0
2 27 [66]
@cmprs_tabkey 28 0
2 28 NULL
@type 29 1
1 29 2
@revnum_ptr 30 0
1 30 ->
@geom_revnum 31 1
2 31 83
@cosm_revnum 32 1
2 32 0
@first_member_ptr 33 0
1 33 NULL
@alumni_members 34 0
1 34 NULL
@frst_geom_ptr 35 1
1 35 26
@first_feat_ptr 36 0
1 36 ->
@id 37 1
2 37 1
@indep_attributes 38 1
2 38 1
@feat_type_ptr 39 0
2 39 ->
@table_id 40 1
3 40 13
@type 41 1
3 41 923
@feattype_key 42 10
3 42 NULL
@form 43 1
3 43 0
@attributes 44 1
3 44 [3]
$3*0
@placement 45 1
3 45 0
@intersection 46 1
3 46 -1
@internal_udf_type 47 1
3 47 -1
@param_choice_ptr 48 0
3 48 ->
@blend_choice 49 1
4 49 0
@depth_choice 50 1
4 50 0
@angle_choice 51 1
4 51 -1
@pat_choice 52 1
4 52 970
@round_choice 53 1
4 53 -1
@subsec_choice 54 1
4 54 -1
@sweep_choice 55 1
4 55 0
@dome_choice 56 1
4 56 0
@draft_choice 57 1
4 57 0
@misc_choice 58 1
4 58 0
@assoc_type 59 1
3 59 0
@symbol_key 60 1
2 60 -1
@sect_name 61 10
2 61 DTM1
@model_type 62 1
2 62 2
@idtab_ptr 63 0
2 63 ->
@srf_id_arr 64 1
3 64 [1][4]
$2,3*0
@save_geoms 65 0
3 65 NULL
@cr_flags_xar 66 1
3 66 [23]
$2*-1,-1025,-2049,536870911,-1,1048575,0,2048,5*0,2097152,0,2,3*0,1048576,
$2*0
@cvt_feat_dat 67 0
3 67 NULL
@feat_dates_ptr 68 0
3 68 ->
@creat_date 69 1
4 69 0
@regen_date 70 1
4 70 0
@geometry 71 0
2 71 
@srf_array 72 0
3 72 [1]
4 72 ->
@geom_type 73 1
5 73 34
@geom_id 74 1
5 74 2
@feat_id 75 1
5 75 1
@boundary_type 76 1
5 76 1
@envlp 77 2
5 77 [2][2]
$BFD23D4D6247E585,BFA8925AAFF1593
$3FD23D4D6247E585,3FA1EA6B123F2C2R
@srf_prim_ptr(plane) 78 0
5 78 ->
@local_sys 79 2
6 79 [4][3]
$2*0,3FF
$3FF,2*0
$0,3FF,0
$3*0
@frst_cntr_ptr 80 0
5 80 NULL
@next_geom_ptr 81 1
5 81 0
@orient 82 1
5 82 1
@outline 83 2
5 83 [2][3]
$0,BFD23D4D6247E585,BFA8925AAFF1593
$0,3FD23D4D6247E585,3FA1EA6B123F2C2R
@group_info_ptr 84 0
2 84 NULL
@intrs_pairs_ptr 85 0
2 85 ->
@place_rec_ptr 86 0
2 86 ->
@local_sys 87 2
3 87 [4][3]
$2*0,3FF
$3FF,2*0
$0,3FF,0
$3*0
@place_instruction_ptrs 88 0
3 88 [1]
4 88 ->
@type 89 1
5 89 513
@offset 90 2
5 90 0
@dim_id 91 1
5 91 -1
@ref_id 92 1
5 92 -1
@geometry1_id 93 1
5 93 -1
@geometry2_id 94 1
5 94 2
@memb_num1 95 1
5 95 0
@memb_num2 96 1
5 96 0
@attr 97 1
5 97 32768
@plin_info_arr 98 0
5 98 [2]
6 98 ->
@type 99 1
7 99 1
@data(plin_info_ref) 100 0
7 100 ->
@id_type1 101 1
8 101 -4
@id_type2 102 1
8 102 5
@offset2 103 2
8 103 0
6 98 ->
7 99 6
@data(plin_info_ui_step) 104 0
7 104 ->
@step_ids 105 1
8 105 [1]
9 105 -100
@own_ref_id 106 1
3 106 -1
@orient 107 1
3 107 1
@trf_arr 108 0
3 108 [1]
4 108 
@type 109 1
5 109 11
@idx 110 1
5 110 0
@transf 111 2
5 111 [4][3]
$2*0,3FF
$3FF,2*0
$0,3FF,0
$3*0
@next_prop 112 0
2 112 NULL
@first_geom_id 113 1
2 113 2
@cond_tbl_idx 114 1
2 114 -1
@comment 115 10
2 115 NULL
@merge_info_ptr 116 0
2 116 NULL
@topology_increment 117 0
2 117 ->
@first_geom 118 1
3 118 0
@first_quilt 119 1
3 119 0
@outline 120 2
3 120 [2][3]
$3*0
$3*0
@max_part_size 121 2
3 121 0
@xform_increment 122 0
3 122 NULL
@roll_back_id 123 1
3 123 -1
@state_ind 124 1
2 124 -1
@alumni_info 125 0
2 125 NULL
@revnum 126 1
2 126 -1
@rev_rec 127 0
2 127 NULL
@next_feat_ptr 128 0
1 128 ->
2 37 3
2 38 1
2 39 ->
3 40 13
3 41 923
3 42 NULL
3 43 0
3 44 [3]
$3*0
3 45 0
3 46 -1
3 47 -1
3 48 ->
4 49 0
4 50 0
4 51 -1
4 52 970
4 53 -1
4 54 -1
4 55 0
4 56 0
4 57 0
4 58 0
3 59 0
2 60 -1
2 61 DTM2
2 62 2
2 63 ->
3 64 [1][4]
$4,3*0
3 65 NULL
3 66 [23]
$2*-1,-1025,-2049,536870911,-1,1048575,0,2048,5*0,2097152,0,2,3*0,1048576,
$2*0
3 67 NULL
3 68 ->
4 69 0
4 70 0
2 71 
3 72 [1]
4 72 ->
5 73 34
5 74 4
5 75 3
5 76 1
5 77 [2][2]
$BFA8925AAFF1593,BFD23D4D6247E585
$3FA1EA6B123F2C2R,3FD23D4D6247E585
5 78 ->
6 79 [4][3]
$0,3FF,0
$2*0,3FF
$3FF,2*0
$3*0
5 80 NULL
5 81 0
5 82 1
5 83 [2][3]
$BFD23D4D6247E585,0,BFA8925AAFF1593
$3FD23D4D6247E585,0,3FA1EA6B123F2C2R
2 84 NULL
2 85 ->
2 86 ->
3 87 [4][3]
$0,3FF,0
$2*0,3FF
$3FF,2*0
$3*0
3 88 [1]
4 88 ->
5 89 514
5 90 0
5 91 -1
5 92 -1
5 93 -1
5 94 4
5 95 0
5 96 0
5 97 32768
5 98 [2]
6 98 ->
7 99 1
7 100 ->
8 101 -4
8 102 5
8 103 0
6 98 ->
7 99 6
7 104 ->
8 105 [1]
9 105 -100
3 106 -1
3 107 1
3 108 [1]
4 108 
5 109 11
5 110 0
5 111 [4][3]
$0,3FF,0
$2*0,3FF
$3FF,2*0
$3*0
2 112 NULL
2 113 4
2 114 -1
2 115 NULL
2 116 NULL
2 117 ->
3 118 0
3 119 0
3 120 [2][3]
$3*C06F4
$3*406F4
3 121 0
3 122 NULL
3 123 -1
2 124 -1
2 125 NULL
2 126 -1
2 127 NULL
1 128 ->
2 37 5
2 38 1
2 39 ->
3 40 13
3 41 923
3 42 NULL
3 43 0
3 44 [3]
$3*0
3 45 0
3 46 -1
3 47 -1
3 48 ->
4 49 0
4 50 0
4 51 -1
4 52 970
4 53 -1
4 54 -1
4 55 0
4 56 0
4 57 0
4 58 0
3 59 0
2 60 -1
2 61 DTM3
2 62 2
2 63 ->
3 64 [1][4]
$6,3*0
3 65 NULL
3 66 [23]
$2*-1,-1025,-2049,536870911,-1,1048575,0,2048,5*0,2097152,0,2,3*0,1048576,
$2*0
3 67 NULL
3 68 ->
4 69 0
4 70 0
2 71 
3 72 [1]
4 72 ->
5 73 34
5 74 6
5 75 5
5 76 1
5 77 [2][2]
$2*BFD23D4D6247E585
$2*3FD23D4D6247E585
5 78 ->
6 79 [4][3]
$3FF,2*0
$0,3FF,0
$2*0,3FF
$3*0
5 80 NULL
5 81 0
5 82 1
5 83 [2][3]
$2*BFD23D4D6247E585,0
$2*3FD23D4D6247E585,0
2 84 NULL
2 85 ->
2 86 ->
3 87 [4][3]
$3FF,2*0
$0,3FF,0
$2*0,3FF
$3*0
3 88 [1]
4 88 ->
5 89 515
5 90 0
5 91 -1
5 92 -1
5 93 -1
5 94 6
5 95 0
5 96 0
5 97 32768
5 98 [2]
6 98 ->
7 99 1
7 100 ->
8 101 -4
8 102 5
8 103 0
6 98 ->
7 99 6
7 104 ->
8 105 [1]
9 105 -100
3 106 -1
3 107 1
3 108 [1]
4 108 
5 109 11
5 110 0
5 111 [4][3]
$3FF,2*0
$0,3FF,0
$2*0,3FF
$3*0
2 112 NULL
2 113 6
2 114 -1
2 115 NULL
2 116 NULL
2 117 ->
3 118 0
3 119 0
3 120 [2][3]
$3*C06F4
$3*406F4
3 121 0
3 122 NULL
3 123 -1
2 124 -1
2 125 NULL
2 126 -1
2 127 NULL
1 128 ->
2 37 7
2 38 1
2 39 ->
3 40 63
3 41 979
3 42 NULL
3 43 0
3 44 [3]
$3*0
3 45 0
3 46 -1
3 47 -1
3 48 ->
4 49 0
4 50 0
4 51 -1
4 52 -1
4 53 -1
4 54 -1
4 55 0
4 56 0
4 57 0
4 58 128
3 59 0
2 60 -1
2 61 no_name
2 62 2
@entity(coord_sys) 129 0
2 129 ->
@type 130 1
3 130 18
@id 131 1
3 131 8
@gen_info 132 0
3 132 
@color 133 1
4 133 1
@sys_type 134 1
3 134 -1
@pnt_type 135 1
3 135 -1
@radius 136 2
3 136 0
@local_sys 137 2
3 137 [4][3]
$3FF,2*0
$0,3FF,0
$2*0,3FF
$3*0
@feat_id 138 1
3 138 7
@entity(text) 139 0
2 139 ->
@text_type 140 1
3 140 34
@text_value 141 10
3 141 CS0
@txt_attrib 142 1
3 142 1
@coord 143 2
3 143 [3]
$4080805DC879ED7D,4078DBE67775CFBC,C06921B3FC9FB2FA
@owner_id 144 1
3 144 8
@part_id 145 1
3 145 9
@height 146 2
3 146 BFF
@width_factor 147 2
3 147 BFF
@format_info 148 0
3 148 
@thickness 149 2
3 149 BFF
2 63 ->
@misc_id_tab 150 0
3 150 [1]
4 150 
@misc_hist 151 1
5 151 [5]
$8,534,0,-1,500
3 65 NULL
3 66 [23]
$2*-1,-1025,-2049,536870911,-1,1048575,0,2048,5*0,2097152,0,2,3*0,1048576,
$2*0
3 67 NULL
3 68 ->
4 69 0
4 70 0
2 71 
2 84 NULL
2 85 ->
2 86 ->
3 87 [4][3]
$3FF,2*0
$0,3FF,0
$2*0,3FF
$3*0
3 106 -1
3 107 0
3 108 [1]
4 108 
5 109 10
5 110 0
5 111 [4][3]
$3FF,2*0
$0,3FF,0
$2*0,3FF
$3*0
2 112 NULL
2 113 -1
2 114 -1
2 115 NULL
2 116 NULL
2 117 ->
3 118 0
3 119 0
3 120 [2][3]
$3*C06F4
$3*406F4
3 121 0
3 122 NULL
3 123 -1
2 124 -1
2 125 NULL
2 126 -1
2 127 NULL
1 128 ->
2 37 10
2 38 1
2 39 ->
3 40 13
3 41 923
3 42 NULL
3 43 0
3 44 [3]
$3,2*0
3 45 0
3 46 -1
3 47 -1
3 48 ->
4 49 0
4 50 0
4 51 -1
4 52 970
4 53 -1
4 54 -1
4 55 0
4 56 0
4 57 0
4 58 0
3 59 0
2 60 -1
2 61 no_name
2 62 2
2 63 ->
3 64 [1][4]
$11,3*0
3 65 NULL
3 66 [23]
$2*-1,-1025,-2049,536870911,-1,1048575,0,2048,5*0,2097152,0,2,3*0,1048576,
$2*0
3 67 NULL
3 68 ->
4 69 0
4 70 0
2 71 
3 72 [1]
4 72 ->
5 73 34
5 74 11
5 75 10
5 76 -1
5 77 [2][2]
$2*0
$2*0
5 78 ->
6 79 [4][3]
$3FF,2*0
$2*0,3FF
$0,BFF,0
$3*0
5 80 NULL
5 81 0
5 82 1
5 83 [2][3]
$3*0
$3*0
2 84 NULL
2 85 ->
2 86 ->
3 87 [4][3]
$3FF,2*0
$2*0,3FF
$0,BFF,0
$3*0
3 88 [2]
4 88 ->
5 89 509
5 90 3FF
5 91 -1
5 92 -1
5 93 4
5 94 11
5 95 0
5 96 0
5 97 32768
5 98 [2]
6 98 ->
7 99 1
7 100 ->
8 101 -4
8 102 5
8 103 0
6 98 ->
7 99 6
7 104 ->
8 105 [1]
9 105 -100
4 88 ->
5 89 510
5 90 BFF
5 91 -1
5 92 -1
5 93 6
5 94 11
5 95 0
5 96 0
5 97 32768
5 98 [2]
6 98 ->
7 99 1
7 100 ->
8 101 -4
8 102 5
8 103 0
6 98 ->
7 99 6
7 104 ->
8 105 [1]
9 105 -100
3 106 -1
3 107 1
3 108 [1]
4 108 
5 109 11
5 110 0
5 111 [4][3]
$3FF,2*0
$2*0,3FF
$0,BFF,0
$3*0
2 112 NULL
2 113 11
2 114 -1
2 115 NULL
2 116 NULL
@parent_table 152 1
2 152 [2]
$3,5
2 117 ->
3 118 0
3 119 0
3 120 [2][3]
$3*C06F4
$3*406F4
3 121 0
3 122 NULL
3 123 -1
2 124 -1
2 125 NULL
2 126 -1
2 127 NULL
1 128 ->
2 37 9
2 38 1
2 39 ->
3 40 7
3 41 917
3 42 NULL
3 43 2
3 44 [3]
$3*0
3 45 0
3 46 991
3 47 -1
3 48 ->
4 49 0
4 50 0
4 51 964
4 52 970
4 53 -1
4 54 -1
4 55 0
4 56 0
4 57 0
4 58 0
3 59 0
2 60 -1
2 61 no_name
2 62 2
@entity(line3d) 153 0
2 153 ->
@type 154 1
3 154 11
@id 155 1
3 155 64
@gen_info 156 0
3 156 
@geom_id 157 1
3 157 12
@end1 158 2
3 158 [3]
$2*0,BFA6872B020C49BA
@end2 159 2
3 159 [3]
$BFD1FBE76C8B4396,0,BFA6872B020C49BA
2 153 ->
3 154 13
3 155 65
3 156 
4 133 1
3 157 12
3 158 [3]
$2*0,BFA6872B020C49BA
3 159 [3]
$2*0,3F9FBE76C8B43958
2 139 ->
3 140 19
3 141 A_1
3 142 1
3 143 [3]
$408030192D9233BD,407850B8C98DB1A2,C068F0932C8F2881
3 144 -1
3 145 9
3 146 BFF
3 147 BFF
3 148 
3 149 BFF
2 63 ->
3 64 [16][4]
$12,204,2*0
$19,203,2*0
$26,200,5,0
$28,200,4,0
$30,200,3,0
$32,200,2,0
$34,200,1,0
$36,200,2*0
$38,204,0,1
$45,203,0,1
$52,200,5,1
$54,200,4,1
$56,200,3,1
$58,200,2,1
$60,200,2*1
$62,200,0,1
@edg_id_arr 160 1
3 160 [36][6]
$13,221,5,2*0,52
$14,221,4,2*0,12
$15,221,3,2*0,56
$16,221,2,2*0,12
$17,221,1,2*0,60
$18,221,3*0,12
$20,222,5,2*0,26
$21,222,4,2*0,28
$22,222,3,2*0,30
$23,222,2,2*0,32
$24,222,1,2*0,34
$25,222,3*0,36
$27,220,5,2*0,26
$29,220,4,2*0,28
$31,220,3,2*0,30
$33,220,2,2*0,32
$35,220,1,2*0,34
$37,220,3*0,36
$39,221,5,1,0,38
$40,221,4,1,0,38
$41,221,3,1,0,38
$42,221,2,1,0,38
$43,221,2*1,0,38
$44,221,0,1,0,38
$46,222,5,1,0,-1
$47,222,4,1,0,-1
$48,222,3,1,0,-1
$49,222,2,1,0,-1
$50,222,2*1,0,-1
$51,222,0,1,0,-1
$53,220,5,1,0,36
$55,220,4,1,0,52
$57,220,3,1,0,28
$59,220,2,1,0,56
$61,220,2*1,0,32
$63,220,0,1,0,60
3 150 [2]
4 150 
5 151 [5]
$64,530,12,-1,500
4 150 
5 151 [5]
$65,531,12,-1,500
@dtm_id_tab 161 0
3 161 [1]
4 161 
@dtm_id 162 1
5 162 11
@dim_id 163 1
5 163 -1
3 65 NULL
3 66 [23]
$2*-1,-1025,-2049,536870911,-1,1048575,0,2048,5*0,2097152,0,2,3*0,1048576,
$2*0
3 67 NULL
3 68 ->
4 69 0
4 70 0
2 71 
3 72 [16]
4 72 ->
5 73 34
5 74 12
5 75 9
5 76 -1
5 77 [2][2]
$BFD1FBE76C8B4396,3F6EB851EB851F6
$3FD1FBE76C8B4396,3FB428F5C28F5C2E
5 78 ->
6 79 [4][3]
$BFF,2*0
$2*0,3FF
$0,3FF,0
$2*0,BFA872B020C49BB
5 80 NULL
5 81 26
5 82 -1
5 83 [2][3]
$3*0
$3*0
4 72 ->
5 73 34
5 74 19
5 75 9
5 76 -1
5 77 [2][2]
$3FC,3F6EB851EB851F6
$3FD1FBE76C8B4396,3FB428F5C28F5C2E
5 78 ->
6 79 [4][3]
$BFF,2*0
$2*0,3FF
$0,3FF,0
$2*0,BFA872B020C49BB
5 80 NULL
5 81 26
5 82 -1
5 83 [2][3]
$3*0
$3*0
4 72 ->
5 73 36
5 74 26
5 75 9
5 76 1
5 77 [2][2]
$C00921FB54442D18,3F6EB851EB851F6
$0,3FB428F5C28F5C2E
@srf_prim_ptr(cylinder) 164 0
5 164 ->
@local_sys 165 2
6 165 [4][3]
$BFF,2*0
$0,BFF,0
$2*0,3FF
$2*0,BFA872B020C49BB
@radius 166 2
6 166 3FC
5 80 ->
@frst_cntr_crv_hdr_ptr 167 1
6 167 13
@trv 168 1
6 168 1
@envlp 169 2
6 169 [2][2]
$C00921FB54442D18,3F6EB851EB851F6
$0,3FB428F5C28F5C2E
@next_cntr_ptr 170 0
5 170 NULL
5 81 28
5 82 -1
5 83 [2][3]
$BFC,0,BFA6872B020C49BA
$2*3FC,3F9FBE76C8B43958
4 72 ->
5 73 34
5 74 28
5 75 9
5 76 0
5 77 [2][2]
$2*BFD1FBE76C8B4396
$2*3FD1FBE76C8B4396
5 78 ->
6 79 [4][3]
$BFF,2*0
$0,BFF,0
$2*0,3FF
$2*0,3F9FBE76C8B43958
5 80 ->
6 167 31
6 168 1
6 169 [2][2]
$2*BFD1FBE76C8B4396
$2*3FD1FBE76C8B4396
5 170 ->
6 167 55
6 168 -1
6 169 [2][2]
$BFC,BFC002D23CF4C32A
$3FC,3FC002D23CF4C32A
5 170 NULL
5 81 30
5 82 1
5 83 [2][3]
$2*BFD1FBE76C8B4396,3F9FBE76C8B43958
$2*3FD1FBE76C8B4396,3F9FBE76C8B43958
4 72 ->
5 73 36
5 74 30
5 75 9
5 76 1
5 77 [2][2]
$C00921FB54442D18,3FA872B020C49BB
$0,3FB428F5C28F5C2E
5 164 ->
6 165 [4][3]
$BFF,2*0
$0,BFF,0
$2*0,3FF
$2*0,BFA872B020C49BB
6 166 3FD1FBE76C8B4396
5 80 ->
6 167 15
6 168 1
6 169 [2][2]
$C00921FB54442D18,3FA872B020C49BB
$0,3FB428F5C28F5C2E
5 170 NULL
5 81 32
5 82 1
5 83 [2][3]
$BFD1FBE76C8B4396,2*0
$2*3FD1FBE76C8B4396,3F9FBE76C8B43958
4 72 ->
5 73 34
5 74 32
5 75 9
5 76 0
5 77 [2][2]
$2*BFD1FBE76C8B4396
$2*3FD1FBE76C8B4396
5 78 ->
6 79 [4][3]
$BFF,2*0
$0,BFF,0
$2*0,3FF
$3*0
5 80 ->
6 167 35
6 168 -1
6 169 [2][2]
$2*BFC8
$2*3FC8
5 170 ->
6 167 59
6 168 1
6 169 [2][2]
$2*BFD1FBE76C8B4396
$2*3FD1FBE76C8B4396
5 170 NULL
5 81 34
5 82 -1
5 83 [2][3]
$2*BFD1FBE76C8B4396,0
$2*3FD1FBE76C8B4396,0
4 72 ->
5 73 36
5 74 34
5 75 9
5 76 1
5 77 [2][2]
$C00921FB54442D18,3F6EB851EB851F6
$0,3FA872B020C49BB
5 164 ->
6 165 [4][3]
$BFF,2*0
$0,BFF,0
$2*0,3FF
$2*0,BFA872B020C49BB
6 166 3FC8
5 80 ->
6 167 17
6 168 1
6 169 [2][2]
$C00921FB54442D18,3F6EB851EB851F6
$0,3FA872B020C49BB
5 170 NULL
5 81 36
5 82 1
5 83 [2][3]
$BFC8,0,BFA6872B020C49BA
$2*3FC8,0
4 72 ->
5 73 34
5 74 36
5 75 9
5 76 0
5 77 [2][2]
$2*BFC8
$2*3FC8
5 78 ->
6 79 [4][3]
$BFF,2*0
$0,BFF,0
$2*0,3FF
$2*0,BFA6872B020C49BA
5 80 ->
6 167 27
6 168 -1
6 169 [2][2]
$BFC,BFC002D23CF4C32A
$3FC,3FC002D23CF4C32A
5 170 ->
6 167 63
6 168 1
6 169 [2][2]
$2*BFC8
$2*3FC8
5 170 NULL
5 81 52
5 82 -1
5 83 [2][3]
$2*BFC8,BFA6872B020C49BA
$2*3FC8,BFA6872B020C49BA
4 72 ->
5 73 34
5 74 38
5 75 9
5 76 -1
5 77 [2][2]
$BFD1FBE76C8B4396,3F6EB851EB851F6
$3FD1FBE76C8B4396,3FB428F5C28F5C2E
5 78 ->
6 79 [4][3]
$BFF,2*0
$2*0,3FF
$0,3FF,0
$2*0,BFA872B020C49BB
5 80 NULL
5 81 52
5 82 -1
5 83 [2][3]
$3*0
$3*0
4 72 ->
5 73 34
5 74 45
5 75 9
5 76 -1
5 77 [2][2]
$3FC,3F6EB851EB851F6
$3FD1FBE76C8B4396,3FB428F5C28F5C2E
5 78 ->
6 79 [4][3]
$BFF,2*0
$2*0,3FF
$0,3FF,0
$2*0,BFA872B020C49BB
5 80 NULL
5 81 52
5 82 1
5 83 [2][3]
$3*0
$3*0
4 72 ->
5 73 36
5 74 52
5 75 9
5 76 1
5 77 [2][2]
$C01921FB54442D18,3F6EB851EB851F6
$C00921FB54442D18,3FB428F5C28F5C2E
5 164 ->
6 165 [4][3]
$BFF,2*0
$0,BFF,0
$2*0,3FF
$2*0,BFA872B020C49BB
6 166 3FC
5 80 ->
6 167 13
6 168 1
6 169 [2][2]
$C01921FB54442D18,3F6EB851EB851F6
$C00921FB54442D18,3FB428F5C28F5C2E
5 170 NULL
5 81 56
5 82 -1
5 83 [2][3]
$2*BFC,BFA6872B020C49BA
$3FC,0,3F9FBE76C8B43958
4 72 ->
5 73 34
5 74 54
5 75 9
5 76 -1
5 77 [2][2]
$BFD1FBE76C8B4396,0
$2*3FD1FBE76C8B4396
5 78 ->
6 79 [4][3]
$BFF,2*0
$0,BFF,0
$2*0,3FF
$2*0,3F9FBE76C8B43958
5 80 NULL
5 81 56
5 82 1
5 83 [2][3]
$3*0
$3*0
4 72 ->
5 73 36
5 74 56
5 75 9
5 76 1
5 77 [2][2]
$C01921FB54442D18,3FA872B020C49BB
$C00921FB54442D18,3FB428F5C28F5C2E
5 164 ->
6 165 [4][3]
$BFF,2*0
$0,BFF,0
$2*0,3FF
$2*0,BFA872B020C49BB
6 166 3FD1FBE76C8B4396
5 80 ->
6 167 15
6 168 1
6 169 [2][2]
$C01921FB54442D18,3FA872B020C49BB
$C00921FB54442D18,3FB428F5C28F5C2E
5 170 NULL
5 81 60
5 82 1
5 83 [2][3]
$2*BFD1FBE76C8B4396,0
$3FD1FBE76C8B4396,0,3F9FBE76C8B43958
4 72 ->
5 73 34
5 74 58
5 75 9
5 76 -1
5 77 [2][2]
$BFD1FBE76C8B4396,0
$2*3FD1FBE76C8B4396
5 78 ->
6 79 [4][3]
$BFF,2*0
$0,BFF,0
$2*0,3FF
$3*0
5 80 NULL
5 81 60
5 82 -1
5 83 [2][3]
$3*0
$3*0
4 72 ->
5 73 36
5 74 60
5 75 9
5 76 1
5 77 [2][2]
$C01921FB54442D18,3F6EB851EB851F6
$C00921FB54442D18,3FA872B020C49BB
5 164 ->
6 165 [4][3]
$BFF,2*0
$0,BFF,0
$2*0,3FF
$2*0,BFA872B020C49BB
6 166 3FC8
5 80 ->
6 167 17
6 168 1
6 169 [2][2]
$C01921FB54442D18,3F6EB851EB851F6
$C00921FB54442D18,3FA872B020C49BB
5 170 NULL
5 81 0
5 82 1
5 83 [2][3]
$2*BFC8,BFA6872B020C49BA
$3FC8,2*0
4 72 ->
5 73 34
5 74 62
5 75 9
5 76 -1
5 77 [2][2]
$BFC8,0
$2*3FC8
5 78 ->
6 79 [4][3]
$BFF,2*0
$0,BFF,0
$2*0,3FF
$2*0,BFA6872B020C49BA
5 80 NULL
5 81 0
5 82 -1
5 83 [2][3]
$3*0
$3*0
@crv_array 171 0
3 171 [36]
4 171 ->
@crv_id 172 1
5 172 13
@feat_id 173 1
5 173 9
@type 174 1
5 174 1
@crv_pnt_dir 175 1
5 175 [2]
$1,-1
@crv_pnt_arr 176 2
5 176 [2][4]
$C00921FB54442D18,3F6EB851EB851F6,C00921FB54442D18,3F6EB851EB851F6
$C00921FB54442D18,3FB428F5C28F5C2E,C00921FB54442D18,3FB428F5C28F5C2E
@crv_hdr_geom_ptr[0] 177 1
5 177 52
@crv_hdr_geom_ptr[1] 178 1
5 178 26
@next_crv_hdr_ptr[0] 179 1
5 179 55
@next_crv_hdr_ptr[1] 180 1
5 180 27
@ref_geom[0] 181 1
5 181 0
@ref_geom[1] 182 1
5 182 0
4 171 ->
5 172 14
5 173 9
5 174 0
5 175 [2]
$1,-1
5 176 [2][4]
$BFC,3FB428F5C28F5C2E,BFC,0
$BFD1FBE76C8B4396,3FB428F5C28F5C2E,BFD1FBE76C8B4396,0
5 177 12
5 178 28
5 179 15
5 180 29
5 181 0
5 182 0
4 171 ->
5 172 15
5 173 9
5 174 1
5 175 [2]
$1,-1
5 176 [2][4]
$C00921FB54442D18,3FB428F5C28F5C2E,C00921FB54442D18,3FB428F5C28F5C2E
$C00921FB54442D18,3FA872B020C49BB,C00921FB54442D18,3FA872B020C49BB
5 177 56
5 178 30
5 179 59
5 180 31
5 181 0
5 182 0
4 171 ->
5 172 16
5 173 9
5 174 0
5 175 [2]
$1,-1
5 176 [2][4]
$BFD1FBE76C8B4396,3FA872B020C49BB,BFD1FBE76C8B4396,0
$BFC8,3FA872B020C49BB,BFC8,0
5 177 12
5 178 32
5 179 17
5 180 33
5 181 0
5 182 0
4 171 ->
5 172 17
5 173 9
5 174 1
5 175 [2]
$1,-1
5 176 [2][4]
$C00921FB54442D18,3FA872B020C49BB,C00921FB54442D18,3FA872B020C49BB
$C00921FB54442D18,3F6EB851EB851F6,C00921FB54442D18,3F6EB851EB851F6
5 177 60
5 178 34
5 179 63
5 180 35
5 181 0
5 182 0
4 171 ->
5 172 18
5 173 9
5 174 0
5 175 [2]
$1,-1
5 176 [2][4]
$BFC8,3F6EB851EB851F6,BFC8,0
$BFC,3F6EB851EB851F6,BFC,0
5 177 12
5 178 36
5 179 13
5 180 37
5 181 0
5 182 0
4 171 ->
5 172 20
5 173 9
5 174 1
5 175 [2]
$-1,1
5 176 [2][4]
$C01921FB54442D18,3F6EB851EB851F6,0,3F6EB851EB851F6
$C01921FB54442D18,3FB428F5C28F5C2E,0,3FB428F5C28F5C2E
5 177 52
5 178 26
5 179 53
5 180 29
5 181 0
5 182 0
4 171 ->
5 172 21
5 173 9
5 174 0
5 175 [2]
$-1,1
5 176 [2][4]
$3FC,3FB428F5C28F5C2E,3FC,0
$3FD1FBE76C8B4396,3FB428F5C28F5C2E,3FD1FBE76C8B4396,0
5 177 12
5 178 28
5 179 20
5 180 31
5 181 0
5 182 0
4 171 ->
5 172 22
5 173 9
5 174 1
5 175 [2]
$-1,1
5 176 [2][4]
$C01921FB54442D18,3FB428F5C28F5C2E,0,3FB428F5C28F5C2E
$C01921FB54442D18,3FA872B020C49BB,0,3FA872B020C49BB
5 177 56
5 178 30
5 179 57
5 180 33
5 181 0
5 182 0
4 171 ->
5 172 23
5 173 9
5 174 0
5 175 [2]
$-1,1
5 176 [2][4]
$3FD1FBE76C8B4396,3FA872B020C49BB,3FD1FBE76C8B4396,0
$3FC8,3FA872B020C49BB,3FC8,0
5 177 12
5 178 32
5 179 22
5 180 35
5 181 0
5 182 0
4 171 ->
5 172 24
5 173 9
5 174 1
5 175 [2]
$-1,1
5 176 [2][4]
$C01921FB54442D18,3FA872B020C49BB,0,3FA872B020C49BB
$C01921FB54442D18,3F6EB851EB851F6,0,3F6EB851EB851F6
5 177 60
5 178 34
5 179 61
5 180 37
5 181 0
5 182 0
4 171 ->
5 172 25
5 173 9
5 174 0
5 175 [2]
$-1,1
5 176 [2][4]
$3FC8,3F6EB851EB851F6,3FC8,0
$3FC,3F6EB851EB851F6,3FC,0
5 177 12
5 178 36
5 179 24
5 180 27
5 181 0
5 182 0
4 171 ->
5 172 27
5 173 9
5 174 0
5 175 [2]
$1,-1
5 176 [24][4]
$C00921FB54442D18,3F6EB851EB851F6,BFC,0
$C0080A3E509A4165,3F6EB851EB851F6,BFBFB3B3035AA6CD,BF916DE8A4564F0A
$C006F2814CF055B2,3F6EB851EB851F6,BFBED037EA3D2DBC,BFA14459AD2BE46R
$C005DAC4494669FR,3F6EB851EB851F6,BFBD59CB83EF99BC,BFA97F6748E524B2
$C004C307459C7E4C,3F6EB851EB851F6,BFBB57675CF309ER,BFB0A06E851DB7CA
$C003AB4A41F29298,3F6EB851EB851F6,BFB8D2A07C16D47,BFB431DF5838F7EF
$C002938D3E48A6E5,3F6EB851EB851F6,BFB5D779B07CFEF7,BFB763021AAA15D9
$C0017BD03A9EBB32,3F6EB851EB851F6,BFB2742A4A775CFA,BFBA249E0B897CA9
$C000641336F4CF7F,3F6EB851EB851F6,BFAD71B4A0C5A6C9,BFBC698E42F47B09
$BFFE98AC6695C797,3F6EB851EB851F6,BFA56EAAE597C774,BFBE27006099928R
$BFFC69325F41F032,3F6EB851EB851F6,BF9A0AD8BD1E2889,BFBF54A827142576
$BFFA39B857EE18CB,3F6EB851EB851F6,BF817855B599F3BR,BFBFECE70DFD3EFB
$BFF80A3E509A4165,3F6EB851EB851F6,3F817855B599F3B2,BFBFECE70DFD3EFB
$BFF5DAC4494669FR,3F6EB851EB851F6,3F9A0AD8BD1E287D,BFBF54A82714257R
$BFF3AB4A41F29298,3F6EB851EB851F6,3FA56EAAE597C776,BFBE27006099928R
$BFF17BD03A9EBB32,3F6EB851EB851F6,3FAD71B4A0C5A6C7,BFBC698E42F47B09
$BFEE98AC6695C798,3F6EB851EB851F6,3FB2742A4A775CFA,BFBA249E0B897CAR
$BFEA39B857EE18CR,3F6EB851EB851F6,3FB5D779B07CFEF6,BFB763021AAA15DB
$BFE5DAC4494669FC,3F6EB851EB851F6,3FB8D2A07C16D47,BFB431DF5838F7ER
$BFE17BD03A9EBB3,3F6EB851EB851F6,3FBB57675CF309ER,BFB0A06E851DB7C9
$BFDA39B857EE18D,3F6EB851EB851F6,3FBD59CB83EF99BA,BFA97F6748E524B8
$BFD17BD03A9EBB38,3F6EB851EB851F6,3FBED037EA3D2DBA,BFA14459AD2BE46E
$BFC17BD03A9EBB3,3F6EB851EB851F6,3FBFB3B3035AA6CD,BF916DE8A4564F0C
$0,3F6EB851EB851F6,3FC,0
5 177 26
5 178 36
5 179 20
5 180 53
5 181 0
5 182 0
4 171 ->
5 172 29
5 173 9
5 174 0
5 175 [2]
$1,-1
5 176 [24][4]
$BFC,0,C00921FB54442D18,3FB428F5C28F5C2E
$BFBFB3B3035AA6CD,BF916DE8A4564F0A,C0080A3E509A4165,3FB428F5C28F5C2E
$BFBED037EA3D2DBC,BFA14459AD2BE46R,C006F2814CF055B2,3FB428F5C28F5C2E
$BFBD59CB83EF99BC,BFA97F6748E524B2,C005DAC4494669FR,3FB428F5C28F5C2E
$BFBB57675CF309ER,BFB0A06E851DB7CA,C004C307459C7E4C,3FB428F5C28F5C2E
$BFB8D2A07C16D47,BFB431DF5838F7EF,C003AB4A41F29298,3FB428F5C28F5C2E
$BFB5D779B07CFEF7,BFB763021AAA15D9,C002938D3E48A6E5,3FB428F5C28F5C2E
$BFB2742A4A775CFA,BFBA249E0B897CA9,C0017BD03A9EBB32,3FB428F5C28F5C2E
$BFAD71B4A0C5A6C9,BFBC698E42F47B09,C000641336F4CF7F,3FB428F5C28F5C2E
$BFA56EAAE597C774,BFBE27006099928R,BFFE98AC6695C797,3FB428F5C28F5C2E
$BF9A0AD8BD1E2889,BFBF54A827142576,BFFC69325F41F032,3FB428F5C28F5C2E
$BF817855B599F3BR,BFBFECE70DFD3EFB,BFFA39B857EE18CB,3FB428F5C28F5C2E
$3F817855B599F3B2,BFBFECE70DFD3EFB,BFF80A3E509A4165,3FB428F5C28F5C2E
$3F9A0AD8BD1E287D,BFBF54A82714257R,BFF5DAC4494669FR,3FB428F5C28F5C2E
$3FA56EAAE597C776,BFBE27006099928R,BFF3AB4A41F29298,3FB428F5C28F5C2E
$3FAD71B4A0C5A6C7,BFBC698E42F47B09,BFF17BD03A9EBB32,3FB428F5C28F5C2E
$3FB2742A4A775CFA,BFBA249E0B897CAR,BFEE98AC6695C798,3FB428F5C28F5C2E
$3FB5D779B07CFEF6,BFB763021AAA15DB,BFEA39B857EE18CR,3FB428F5C28F5C2E
$3FB8D2A07C16D47,BFB431DF5838F7ER,BFE5DAC4494669FC,3FB428F5C28F5C2E
$3FBB57675CF309ER,BFB0A06E851DB7C9,BFE17BD03A9EBB3,3FB428F5C28F5C2E
$3FBD59CB83EF99BA,BFA97F6748E524B8,BFDA39B857EE18D,3FB428F5C28F5C2E
$3FBED037EA3D2DBA,BFA14459AD2BE46E,BFD17BD03A9EBB38,3FB428F5C28F5C2E
$3FBFB3B3035AA6CD,BF916DE8A4564F0C,BFC17BD03A9EBB3,3FB428F5C28F5C2E
$3FC,2*0,3FB428F5C28F5C2E
5 177 28
5 178 26
5 179 55
5 180 13
5 181 0
5 182 0
4 171 ->
5 172 31
5 173 9
5 174 0
5 175 [2]
$1,-1
5 176 [35][4]
$C00921FB54442D18,3FB428F5C28F5C2E,BFD1FBE76C8B4396,0
$C00864BF3B331CB5,3FB428F5C28F5C2E,BFD1E843BA04FA19,BF9A8CB6F70ED339
$C007A78322220C53,3FB428F5C28F5C2E,BFD1AD838772C41E,BFAA6FB89B5BE78A
$C006EA470910FBF,3FB428F5C28F5C2E,BFD14C272626F49D,BFB3AFAC2B7D035A
$C0062D0AEFFFEB8E,3FB428F5C28F5C2E,BFD0C5033B834873,BFB9FC7CE0F7323C
$C0056FCED6EEDB2B,3FB428F5C28F5C2E,BFD0193EF0881EA,BFC00845F051A63C
$C004B292BDDDCAC8,3FB428F5C28F5C2E,BFCE94A2DA571C62,BFC2EF4949B2CEFB
$C003F556A4CCBA6R,3FB428F5C28F5C2E,BFCCB3FD49F0B4C8,BFC5ACF1ABAEEFF6
$C003381A8BBBAA03,3FB428F5C28F5C2E,BFCA94A6F7E4C12,BFC83B429858E2A9
$C0027ADE72AA99A1,3FB428F5C28F5C2E,BFC83B429858E2A9,BFCA94A6F7E4C12
$C001BDA25999893E,3FB428F5C28F5C2E,BFC5ACF1ABAEEFF7,BFCCB3FD49F0B4C8
$C0010066408878DC,3FB428F5C28F5C2E,BFC2EF4949B2CEFC,BFCE94A2DA571C61
$C000432A27776879,3FB428F5C28F5C2E,BFC00845F051A63C,BFD0193EF0881EA
$BFFF0BDC1CCCB02D,3FB428F5C28F5C2E,BFB9FC7CE0F7323E,BFD0C5033B834873
$BFFD9163EAAA8F68,3FB428F5C28F5C2E,BFB3AFAC2B7D035D,BFD14C272626F49D
$BFFC16EBB8886EA3,3FB428F5C28F5C2E,BFAA6FB89B5BE791,BFD1AD838772C41E
$BFFA9C7386664DR,3FB428F5C28F5C2E,BF9A8CB6F70ED33B,BFD1E843BA04FA19
$BFF921FB54442D18,3FB428F5C28F5C2E,0,BFD1FBE76C8B4396
$BFF7A78322220C53,3FB428F5C28F5C2E,3F9A8CB6F70ED331,BFD1E843BA04FA1A
$BFF62D0AEFFFEB8D,3FB428F5C28F5C2E,3FAA6FB89B5BE78C,BFD1AD838772C41E
$BFF4B292BDDDCAC8,3FB428F5C28F5C2E,3FB3AFAC2B7D035B,BFD14C272626F49D
$BFF3381A8BBBAA03,3FB428F5C28F5C2E,3FB9FC7CE0F7323C,BFD0C5033B834873
$BFF1BDA25999893E,3FB428F5C28F5C2E,3FC00845F051A63B,BFD0193EF0881EA
$BFF0432A27776878,3FB428F5C28F5C2E,3FC2EF4949B2CEFD,BFCE94A2DA571C61
$BFED9163EAAA8F68,3FB428F5C28F5C2E,3FC5ACF1ABAEEFF6,BFCCB3FD49F0B4CA
$BFEA9C7386664DDC,3FB428F5C28F5C2E,3FC83B429858E2A9,BFCA94A6F7E4C12
$BFE7A78322220C54,3FB428F5C28F5C2E,3FCA94A6F7E4C11F,BFC83B429858E2AB
$BFE4B292BDDDCAC8,3FB428F5C28F5C2E,3FCCB3FD49F0B4C8,BFC5ACF1ABAEEFF7
$BFE1BDA25999894,3FB428F5C28F5C2E,3FCE94A2DA571C6,BFC2EF4949B2CEFE
$BFDD9163EAAA8F68,3FB428F5C28F5C2E,3FD0193EF0881EA,BFC00845F051A63D
$BFD7A78322220C58,3FB428F5C28F5C2E,3FD0C5033B834873,BFB9FC7CE0F73243
$BFD1BDA25999894,3FB428F5C28F5C2E,3FD14C272626F49D,BFB3AFAC2B7D035E
$BFC7A78322220C5,3FB428F5C28F5C2E,3FD1AD838772C41E,BFAA6FB89B5BE78B
$BFB7A78322220C6,3FB428F5C28F5C2E,3FD1E843BA04FA19,BF9A8CB6F70ED352
$0,3FB428F5C28F5C2E,3FD1FBE76C8B4396,0
5 177 30
5 178 28
5 179 22
5 180 57
5 181 0
5 182 0
4 171 ->
5 172 33
5 173 9
5 174 0
5 175 [2]
$1,-1
5 176 [35][4]
$BFD1FBE76C8B4396,0,C00921FB54442D18,3FA872B020C49BB
$BFD1E843BA04FA19,BF9A8CB6F70ED339,C00864BF3B331CB5,3FA872B020C49BB
$BFD1AD838772C41E,BFAA6FB89B5BE78A,C007A78322220C53,3FA872B020C49BB
$BFD14C272626F49D,BFB3AFAC2B7D035A,C006EA470910FBF,3FA872B020C49BB
$BFD0C5033B834873,BFB9FC7CE0F7323C,C0062D0AEFFFEB8E,3FA872B020C49BB
$BFD0193EF0881EA,BFC00845F051A63C,C0056FCED6EEDB2B,3FA872B020C49BB
$BFCE94A2DA571C62,BFC2EF4949B2CEFB,C004B292BDDDCAC8,3FA872B020C49BB
$BFCCB3FD49F0B4C8,BFC5ACF1ABAEEFF6,C003F556A4CCBA6R,3FA872B020C49BB
$BFCA94A6F7E4C12,BFC83B429858E2A9,C003381A8BBBAA03,3FA872B020C49BB
$BFC83B429858E2A9,BFCA94A6F7E4C12,C0027ADE72AA99A1,3FA872B020C49BB
$BFC5ACF1ABAEEFF7,BFCCB3FD49F0B4C8,C001BDA25999893E,3FA872B020C49BB
$BFC2EF4949B2CEFC,BFCE94A2DA571C61,C0010066408878DC,3FA872B020C49BB
$BFC00845F051A63C,BFD0193EF0881EA,C000432A27776879,3FA872B020C49BB
$BFB9FC7CE0F7323E,BFD0C5033B834873,BFFF0BDC1CCCB02D,3FA872B020C49BB
$BFB3AFAC2B7D035D,BFD14C272626F49D,BFFD9163EAAA8F68,3FA872B020C49BB
$BFAA6FB89B5BE791,BFD1AD838772C41E,BFFC16EBB8886EA3,3FA872B020C49BB
$BF9A8CB6F70ED33B,BFD1E843BA04FA19,BFFA9C7386664DR,3FA872B020C49BB
$0,BFD1FBE76C8B4396,BFF921FB54442D18,3FA872B020C49BB
$3F9A8CB6F70ED331,BFD1E843BA04FA1A,BFF7A78322220C53,3FA872B020C49BB
$3FAA6FB89B5BE78C,BFD1AD838772C41E,BFF62D0AEFFFEB8D,3FA872B020C49BB
$3FB3AFAC2B7D035B,BFD14C272626F49D,BFF4B292BDDDCAC8,3FA872B020C49BB
$3FB9FC7CE0F7323C,BFD0C5033B834873,BFF3381A8BBBAA03,3FA872B020C49BB
$3FC00845F051A63B,BFD0193EF0881EA,BFF1BDA25999893E,3FA872B020C49BB
$3FC2EF4949B2CEFD,BFCE94A2DA571C61,BFF0432A27776878,3FA872B020C49BB
$3FC5ACF1ABAEEFF6,BFCCB3FD49F0B4CA,BFED9163EAAA8F68,3FA872B020C49BB
$3FC83B429858E2A9,BFCA94A6F7E4C12,BFEA9C7386664DDC,3FA872B020C49BB
$3FCA94A6F7E4C11F,BFC83B429858E2AB,BFE7A78322220C54,3FA872B020C49BB
$3FCCB3FD49F0B4C8,BFC5ACF1ABAEEFF7,BFE4B292BDDDCAC8,3FA872B020C49BB
$3FCE94A2DA571C6,BFC2EF4949B2CEFE,BFE1BDA25999894,3FA872B020C49BB
$3FD0193EF0881EA,BFC00845F051A63D,BFDD9163EAAA8F68,3FA872B020C49BB
$3FD0C5033B834873,BFB9FC7CE0F73243,BFD7A78322220C58,3FA872B020C49BB
$3FD14C272626F49D,BFB3AFAC2B7D035E,BFD1BDA25999894,3FA872B020C49BB
$3FD1AD838772C41E,BFAA6FB89B5BE78B,BFC7A78322220C5,3FA872B020C49BB
$3FD1E843BA04FA19,BF9A8CB6F70ED352,BFB7A78322220C6,3FA872B020C49BB
$3FD1FBE76C8B4396,2*0,3FA872B020C49BB
5 177 32
5 178 30
5 179 59
5 180 15
5 181 0
5 182 0
4 171 ->
5 172 35
5 173 9
5 174 0
5 175 [2]
$1,-1
5 176 [29][4]
$C00921FB54442D18,3FA872B020C49BB,BFC8,0
$C0083C325A66500E,3FA872B020C49BB,BFC7D95E294B0E87,BF957F4726621389
$C007566960887304,3FA872B020C49BB,BFC765F50402AF0F,BFA55CACAA41B42R
$C00670A066AA95FA,3FA872B020C49BB,BFC6A7381C45EFA4,BFAFB4F02F9E7EFD
$C0058AD76CCCB8F,3FA872B020C49BB,BFC59F8D7F5885R,BFB4D3903A1540D1
$C004A50E72EEDBE6,3FA872B020C49BB,BFC4524602CA03B4,BFB9899C3332B44F
$C003BF457910FEDC,3FA872B020C49BB,BFC2C39297C466B8,BFBDED7153D1E4BA
$C002D97C7F3321D2,3FA872B020C49BB,BFC0F876CCDF6CDA,BFC0F876CCDF6CD9
$C001F3B3855544C8,3FA872B020C49BB,BFBDED7153D1E4BR,BFC2C39297C466B8
$C0010DEA8B7767BE,3FA872B020C49BB,BFB9899C3332B44F,BFC4524602CA03B3
$C000282191998AB4,3FA872B020C49BB,BFB4D3903A1540D2,BFC59F8D7F5885R
$BFFE84B12F775B54,3FA872B020C49BB,BFAFB4F02F9E7EFE,BFC6A7381C45EFA4
$BFFCB91F3BBBA14,3FA872B020C49BB,BFA55CACAA41B423,BFC765F50402AF0F
$BFFAED8D47FFE72C,3FA872B020C49BB,BF957F472662138C,BFC7D95E294B0E87
$BFF921FB54442D18,3FA872B020C49BB,0,BFC8
$BFF7566960887304,3FA872B020C49BB,3F957F4726621385,BFC7D95E294B0E87
$BFF58AD76CCCB8F,3FA872B020C49BB,3FA55CACAA41B42,BFC765F50402AF0F
$BFF3BF457910FEDR,3FA872B020C49BB,3FAFB4F02F9E7EF6,BFC6A7381C45EFA5
$BFF1F3B3855544C8,3FA872B020C49BB,3FB4D3903A1540D,BFC59F8D7F5885R
$BFF0282191998AB4,3FA872B020C49BB,3FB9899C3332B44E,BFC4524602CA03B4
$BFECB91F3BBBA14,3FA872B020C49BB,3FBDED7153D1E4BA,BFC2C39297C466B9
$BFE921FB54442D18,3FA872B020C49BB,3FC0F876CCDF6CD9,BFC0F876CCDF6CDA
$BFE58AD76CCCB8F,3FA872B020C49BB,3FC2C39297C466B8,BFBDED7153D1E4BR
$BFE1F3B3855544C8,3FA872B020C49BB,3FC4524602CA03B3,BFB9899C3332B45
$BFDCB91F3BBBA14,3FA872B020C49BB,3FC59F8D7F588554,BFB4D3903A1540D2
$BFD58AD76CCCB8F,3FA872B020C49BB,3FC6A7381C45EFA4,BFAFB4F02F9E7F
$BFCCB91F3BBBA14,3FA872B020C49BB,3FC765F50402AF0F,BFA55CACAA41B424
$BFBCB91F3BBBA14,3FA872B020C49BB,3FC7D95E294B0E87,BF957F472662139
$0,3FA872B020C49BB,3FC8,0
5 177 34
5 178 32
5 179 24
5 180 61
5 181 0
5 182 0
4 171 ->
5 172 37
5 173 9
5 174 0
5 175 [2]
$1,-1
5 176 [29][4]
$BFC8,0,C00921FB54442D18,3F6EB851EB851F6
$BFC7D95E294B0E87,BF957F4726621389,C0083C325A66500E,3F6EB851EB851F6
$BFC765F50402AF0F,BFA55CACAA41B42R,C007566960887304,3F6EB851EB851F6
$BFC6A7381C45EFA4,BFAFB4F02F9E7EFD,C00670A066AA95FA,3F6EB851EB851F6
$BFC59F8D7F5885R,BFB4D3903A1540D1,C0058AD76CCCB8F,3F6EB851EB851F6
$BFC4524602CA03B4,BFB9899C3332B44F,C004A50E72EEDBE6,3F6EB851EB851F6
$BFC2C39297C466B8,BFBDED7153D1E4BA,C003BF457910FEDC,3F6EB851EB851F6
$BFC0F876CCDF6CDA,BFC0F876CCDF6CD9,C002D97C7F3321D2,3F6EB851EB851F6
$BFBDED7153D1E4BR,BFC2C39297C466B8,C001F3B3855544C8,3F6EB851EB851F6
$BFB9899C3332B44F,BFC4524602CA03B3,C0010DEA8B7767BE,3F6EB851EB851F6
$BFB4D3903A1540D2,BFC59F8D7F5885R,C000282191998AB4,3F6EB851EB851F6
$BFAFB4F02F9E7EFE,BFC6A7381C45EFA4,BFFE84B12F775B54,3F6EB851EB851F6
$BFA55CACAA41B423,BFC765F50402AF0F,BFFCB91F3BBBA14,3F6EB851EB851F6
$BF957F472662138C,BFC7D95E294B0E87,BFFAED8D47FFE72C,3F6EB851EB851F6
$0,BFC8,BFF921FB54442D18,3F6EB851EB851F6
$3F957F4726621385,BFC7D95E294B0E87,BFF7566960887304,3F6EB851EB851F6
$3FA55CACAA41B42,BFC765F50402AF0F,BFF58AD76CCCB8F,3F6EB851EB851F6
$3FAFB4F02F9E7EF6,BFC6A7381C45EFA5,BFF3BF457910FEDR,3F6EB851EB851F6
$3FB4D3903A1540D,BFC59F8D7F5885R,BFF1F3B3855544C8,3F6EB851EB851F6
$3FB9899C3332B44E,BFC4524602CA03B4,BFF0282191998AB4,3F6EB851EB851F6
$3FBDED7153D1E4BA,BFC2C39297C466B9,BFECB91F3BBBA14,3F6EB851EB851F6
$3FC0F876CCDF6CD9,BFC0F876CCDF6CDA,BFE921FB54442D18,3F6EB851EB851F6
$3FC2C39297C466B8,BFBDED7153D1E4BR,BFE58AD76CCCB8F,3F6EB851EB851F6
$3FC4524602CA03B3,BFB9899C3332B45,BFE1F3B3855544C8,3F6EB851EB851F6
$3FC59F8D7F588554,BFB4D3903A1540D2,BFDCB91F3BBBA14,3F6EB851EB851F6
$3FC6A7381C45EFA4,BFAFB4F02F9E7F,BFD58AD76CCCB8F,3F6EB851EB851F6
$3FC765F50402AF0F,BFA55CACAA41B424,BFCCB91F3BBBA14,3F6EB851EB851F6
$3FC7D95E294B0E87,BF957F472662139,BFBCB91F3BBBA14,3F6EB851EB851F6
$3FC8,2*0,3F6EB851EB851F6
5 177 36
5 178 34
5 179 63
5 180 17
5 181 0
5 182 0
4 171 ->
5 172 39
5 173 9
5 174 0
5 175 [2]
$2*1
5 176 [2][4]
$BFC,3F6EB851EB851F6,C00921FB54442D18,3F6EB851EB851F6
$BFC,3FB428F5C28F5C2E,C00921FB54442D18,3FB428F5C28F5C2E
5 177 38
5 178 52
5 179 0
5 180 0
5 181 0
5 182 0
4 171 ->
5 172 40
5 173 9
5 174 0
5 175 [2]
$2*1
5 176 [2][4]
$BFC,3FB428F5C28F5C2E,BFC,0
$BFD1FBE76C8B4396,3FB428F5C28F5C2E,BFD1FBE76C8B4396,0
5 177 38
5 178 28
5 179 41
5 180 57
5 181 0
5 182 0
4 171 ->
5 172 41
5 173 9
5 174 0
5 175 [2]
$2*1
5 176 [2][4]
$BFD1FBE76C8B4396,3FB428F5C28F5C2E,C00921FB54442D18,3FB428F5C28F5C2E
$BFD1FBE76C8B4396,3FA872B020C49BB,C00921FB54442D18,3FA872B020C49BB
5 177 38
5 178 56
5 179 0
5 180 0
5 181 0
5 182 0
4 171 ->
5 172 42
5 173 9
5 174 0
5 175 [2]
$2*1
5 176 [2][4]
$BFD1FBE76C8B4396,3FA872B020C49BB,BFD1FBE76C8B4396,0
$BFC8,3FA872B020C49BB,BFC8,0
5 177 38
5 178 32
5 179 43
5 180 61
5 181 0
5 182 0
4 171 ->
5 172 43
5 173 9
5 174 0
5 175 [2]
$2*1
5 176 [2][4]
$BFC8,3FA872B020C49BB,C00921FB54442D18,3FA872B020C49BB
$BFC8,3F6EB851EB851F6,C00921FB54442D18,3F6EB851EB851F6
5 177 38
5 178 60
5 179 0
5 180 0
5 181 0
5 182 0
4 171 ->
5 172 44
5 173 9
5 174 0
5 175 [2]
$2*1
5 176 [2][4]
$BFC8,3F6EB851EB851F6,BFC8,0
$BFC,3F6EB851EB851F6,BFC,0
5 177 38
5 178 36
5 179 39
5 180 53
5 181 0
5 182 0
4 171 ->
5 172 46
5 173 9
5 174 0
5 175 [2]
$2*-1
5 176 [2][4]
$3FC,3F6EB851EB851F6,C01921FB54442D18,3F6EB851EB851F6
$3FC,3FB428F5C28F5C2E,C01921FB54442D18,3FB428F5C28F5C2E
5 177 38
5 178 52
5 179 0
5 180 0
5 181 0
5 182 0
4 171 ->
5 172 47
5 173 9
5 174 0
5 175 [2]
$2*-1
5 176 [2][4]
$3FC,3FB428F5C28F5C2E,3FC,0
$3FD1FBE76C8B4396,3FB428F5C28F5C2E,3FD1FBE76C8B4396,0
5 177 38
5 178 28
5 179 46
5 180 55
5 181 0
5 182 0
4 171 ->
5 172 48
5 173 9
5 174 0
5 175 [2]
$2*-1
5 176 [2][4]
$3FD1FBE76C8B4396,3FB428F5C28F5C2E,C01921FB54442D18,3FB428F5C28F5C2E
$3FD1FBE76C8B4396,3FA872B020C49BB,C01921FB54442D18,3FA872B020C49BB
5 177 38
5 178 56
5 179 0
5 180 0
5 181 0
5 182 0
4 171 ->
5 172 49
5 173 9
5 174 0
5 175 [2]
$2*-1
5 176 [2][4]
$3FD1FBE76C8B4396,3FA872B020C49BB,3FD1FBE76C8B4396,0
$3FC8,3FA872B020C49BB,3FC8,0
5 177 38
5 178 32
5 179 48
5 180 59
5 181 0
5 182 0
4 171 ->
5 172 50
5 173 9
5 174 0
5 175 [2]
$2*-1
5 176 [2][4]
$3FC8,3FA872B020C49BB,C01921FB54442D18,3FA872B020C49BB
$3FC8,3F6EB851EB851F6,C01921FB54442D18,3F6EB851EB851F6
5 177 38
5 178 60
5 179 0
5 180 0
5 181 0
5 182 0
4 171 ->
5 172 51
5 173 9
5 174 0
5 175 [2]
$2*-1
5 176 [2][4]
$3FC8,3F6EB851EB851F6,3FC8,0
$3FC,3F6EB851EB851F6,3FC,0
5 177 38
5 178 36
5 179 50
5 180 63
5 181 0
5 182 0
4 171 ->
5 172 53
5 173 9
5 174 0
5 175 [2]
$-1,1
5 176 [24][4]
$C00921FB54442D18,3F6EB851EB851F6,BFC,0
$C00A39B857EE18CB,3F6EB851EB851F6,BFBFB3B3035AA6CD,3F916DE8A4564F0A
$C00B51755B98047E,3F6EB851EB851F6,BFBED037EA3D2DBC,3FA14459AD2BE46R
$C00C69325F41F031,3F6EB851EB851F6,BFBD59CB83EF99BC,3FA97F6748E524B2
$C00D80EF62EBDBE4,3F6EB851EB851F6,BFBB57675CF309ER,3FB0A06E851DB7CA
$C00E98AC6695C798,3F6EB851EB851F6,BFB8D2A07C16D47,3FB431DF5838F7EF
$C00FB0696A3FB34B,3F6EB851EB851F6,BFB5D779B07CFEF7,3FB763021AAA15D9
$C010641336F4CF7F,3F6EB851EB851F6,BFB2742A4A775CFA,3FBA249E0B897CA9
$C010EFF1B8C9C558,3F6EB851EB851F6,BFAD71B4A0C5A6C9,3FBC698E42F47B09
$C0117BD03A9EBB32,3F6EB851EB851F6,BFA56EAAE597C774,3FBE27006099928R
$C01207AEBC73B10C,3F6EB851EB851F6,BF9A0AD8BD1E2889,3FBF54A827142576
$C012938D3E48A6E5,3F6EB851EB851F6,BF817855B599F3BR,3FBFECE70DFD3EFB
$C0131F6BC01D9CBF,3F6EB851EB851F6,3F817855B599F3B2,3FBFECE70DFD3EFB
$C013AB4A41F29298,3F6EB851EB851F6,3F9A0AD8BD1E287D,3FBF54A82714257R
$C0143728C3C78872,3F6EB851EB851F6,3FA56EAAE597C776,3FBE27006099928R
$C014C307459C7E4C,3F6EB851EB851F6,3FAD71B4A0C5A6C7,3FBC698E42F47B09
$C0154EE5C7717425,3F6EB851EB851F6,3FB2742A4A775CFA,3FBA249E0B897CAR
$C015DAC4494669FE,3F6EB851EB851F6,3FB5D779B07CFEF6,3FB763021AAA15DB
$C01666A2CB1B5FD8,3F6EB851EB851F6,3FB8D2A07C16D47,3FB431DF5838F7ER
$C016F2814CF055B2,3F6EB851EB851F6,3FBB57675CF309ER,3FB0A06E851DB7C9
$C0177E5FCEC54B8B,3F6EB851EB851F6,3FBD59CB83EF99BA,3FA97F6748E524B8
$C0180A3E509A4164,3F6EB851EB851F6,3FBED037EA3D2DBA,3FA14459AD2BE46E
$C018961CD26F373E,3F6EB851EB851F6,3FBFB3B3035AA6CD,3F916DE8A4564F0C
$C01921FB54442D18,3F6EB851EB851F6,3FC,0
5 177 52
5 178 36
5 179 13
5 180 27
5 181 0
5 182 0
4 171 ->
5 172 55
5 173 9
5 174 0
5 175 [2]
$-1,1
5 176 [24][4]
$BFC,0,C00921FB54442D18,3FB428F5C28F5C2E
$BFBFB3B3035AA6CD,3F916DE8A4564F0A,C00A39B857EE18CB,3FB428F5C28F5C2E
$BFBED037EA3D2DBC,3FA14459AD2BE46R,C00B51755B98047E,3FB428F5C28F5C2E
$BFBD59CB83EF99BC,3FA97F6748E524B2,C00C69325F41F031,3FB428F5C28F5C2E
$BFBB57675CF309ER,3FB0A06E851DB7CA,C00D80EF62EBDBE4,3FB428F5C28F5C2E
$BFB8D2A07C16D47,3FB431DF5838F7EF,C00E98AC6695C798,3FB428F5C28F5C2E
$BFB5D779B07CFEF7,3FB763021AAA15D9,C00FB0696A3FB34B,3FB428F5C28F5C2E
$BFB2742A4A775CFA,3FBA249E0B897CA9,C010641336F4CF7F,3FB428F5C28F5C2E
$BFAD71B4A0C5A6C9,3FBC698E42F47B09,C010EFF1B8C9C558,3FB428F5C28F5C2E
$BFA56EAAE597C774,3FBE27006099928R,C0117BD03A9EBB32,3FB428F5C28F5C2E
$BF9A0AD8BD1E2889,3FBF54A827142576,C01207AEBC73B10C,3FB428F5C28F5C2E
$BF817855B599F3BR,3FBFECE70DFD3EFB,C012938D3E48A6E5,3FB428F5C28F5C2E
$3F817855B599F3B2,3FBFECE70DFD3EFB,C0131F6BC01D9CBF,3FB428F5C28F5C2E
$3F9A0AD8BD1E287D,3FBF54A82714257R,C013AB4A41F29298,3FB428F5C28F5C2E
$3FA56EAAE597C776,3FBE27006099928R,C0143728C3C78872,3FB428F5C28F5C2E
$3FAD71B4A0C5A6C7,3FBC698E42F47B09,C014C307459C7E4C,3FB428F5C28F5C2E
$3FB2742A4A775CFA,3FBA249E0B897CAR,C0154EE5C7717425,3FB428F5C28F5C2E
$3FB5D779B07CFEF6,3FB763021AAA15DB,C015DAC4494669FE,3FB428F5C28F5C2E
$3FB8D2A07C16D47,3FB431DF5838F7ER,C01666A2CB1B5FD8,3FB428F5C28F5C2E
$3FBB57675CF309ER,3FB0A06E851DB7C9,C016F2814CF055B2,3FB428F5C28F5C2E
$3FBD59CB83EF99BA,3FA97F6748E524B8,C0177E5FCEC54B8B,3FB428F5C28F5C2E
$3FBED037EA3D2DBA,3FA14459AD2BE46E,C0180A3E509A4164,3FB428F5C28F5C2E
$3FBFB3B3035AA6CD,3F916DE8A4564F0C,C018961CD26F373E,3FB428F5C28F5C2E
$3FC,0,C01921FB54442D18,3FB428F5C28F5C2E
5 177 28
5 178 52
5 179 29
5 180 20
5 181 0
5 182 0
4 171 ->
5 172 57
5 173 9
5 174 0
5 175 [2]
$-1,1
5 176 [35][4]
$C00921FB54442D18,3FB428F5C28F5C2E,BFD1FBE76C8B4396,0
$C009DF376D553D7B,3FB428F5C28F5C2E,BFD1E843BA04FA19,3F9A8CB6F70ED339
$C00A9C7386664DR,3FB428F5C28F5C2E,BFD1AD838772C41E,3FAA6FB89B5BE78A
$C00B59AF9F775E4,3FB428F5C28F5C2E,BFD14C272626F49D,3FB3AFAC2B7D035A
$C00C16EBB8886EA2,3FB428F5C28F5C2E,BFD0C5033B834873,3FB9FC7CE0F7323C
$C00CD427D1997F05,3FB428F5C28F5C2E,BFD0193EF0881EA,3FC00845F051A63C
$C00D9163EAAA8F68,3FB428F5C28F5C2E,BFCE94A2DA571C62,3FC2EF4949B2CEFB
$C00E4EA003BB9FCA,3FB428F5C28F5C2E,BFCCB3FD49F0B4C8,3FC5ACF1ABAEEFF6
$C00F0BDC1CCCB02D,3FB428F5C28F5C2E,BFCA94A6F7E4C12,3FC83B429858E2A9
$C00FC91835DDC08F,3FB428F5C28F5C2E,BFC83B429858E2A9,3FCA94A6F7E4C12
$C010432A27776879,3FB428F5C28F5C2E,BFC5ACF1ABAEEFF7,3FCCB3FD49F0B4C8
$C010A1C833FFF0AR,3FB428F5C28F5C2E,BFC2EF4949B2CEFC,3FCE94A2DA571C61
$C0110066408878DC,3FB428F5C28F5C2E,BFC00845F051A63C,3FD0193EF0881EA
$C0115F044D11010D,3FB428F5C28F5C2E,BFB9FC7CE0F7323E,3FD0C5033B834873
$C011BDA25999893E,3FB428F5C28F5C2E,BFB3AFAC2B7D035D,3FD14C272626F49D
$C0121C406622116F,3FB428F5C28F5C2E,BFAA6FB89B5BE791,3FD1AD838772C41E
$C0127ADE72AA99A1,3FB428F5C28F5C2E,BF9A8CB6F70ED33B,3FD1E843BA04FA19
$C012D97C7F3321D2,3FB428F5C28F5C2E,0,3FD1FBE76C8B4396
$C013381A8BBBAA03,3FB428F5C28F5C2E,3F9A8CB6F70ED331,3FD1E843BA04FA1A
$C01396B898443235,3FB428F5C28F5C2E,3FAA6FB89B5BE78C,3FD1AD838772C41E
$C013F556A4CCBA6R,3FB428F5C28F5C2E,3FB3AFAC2B7D035B,3FD14C272626F49D
$C01453F4B1554297,3FB428F5C28F5C2E,3FB9FC7CE0F7323C,3FD0C5033B834873
$C014B292BDDDCAC8,3FB428F5C28F5C2E,3FC00845F051A63B,3FD0193EF0881EA
$C0151130CA6652FA,3FB428F5C28F5C2E,3FC2EF4949B2CEFD,3FCE94A2DA571C61
$C0156FCED6EEDB2B,3FB428F5C28F5C2E,3FC5ACF1ABAEEFF6,3FCCB3FD49F0B4CA
$C015CE6CE377635C,3FB428F5C28F5C2E,3FC83B429858E2A9,3FCA94A6F7E4C12
$C0162D0AEFFFEB8E,3FB428F5C28F5C2E,3FCA94A6F7E4C11F,3FC83B429858E2AB
$C0168BA8FC8873BF,3FB428F5C28F5C2E,3FCCB3FD49F0B4C8,3FC5ACF1ABAEEFF7
$C016EA470910FBF,3FB428F5C28F5C2E,3FCE94A2DA571C6,3FC2EF4949B2CEFE
$C01748E51599842R,3FB428F5C28F5C2E,3FD0193EF0881EA,3FC00845F051A63D
$C017A78322220C52,3FB428F5C28F5C2E,3FD0C5033B834873,3FB9FC7CE0F73243
$C01806212EAA9484,3FB428F5C28F5C2E,3FD14C272626F49D,3FB3AFAC2B7D035E
$C01864BF3B331CB6,3FB428F5C28F5C2E,3FD1AD838772C41E,3FAA6FB89B5BE78B
$C018C35D47BBA4E6,3FB428F5C28F5C2E,3FD1E843BA04FA19,3F9A8CB6F70ED352
$C01921FB54442D18,3FB428F5C28F5C2E,3FD1FBE76C8B4396,0
5 177 56
5 178 28
5 179 15
5 180 31
5 181 0
5 182 0
4 171 ->
5 172 59
5 173 9
5 174 0
5 175 [2]
$-1,1
5 176 [35][4]
$BFD1FBE76C8B4396,0,C00921FB54442D18,3FA872B020C49BB
$BFD1E843BA04FA19,3F9A8CB6F70ED339,C009DF376D553D7B,3FA872B020C49BB
$BFD1AD838772C41E,3FAA6FB89B5BE78A,C00A9C7386664DR,3FA872B020C49BB
$BFD14C272626F49D,3FB3AFAC2B7D035A,C00B59AF9F775E4,3FA872B020C49BB
$BFD0C5033B834873,3FB9FC7CE0F7323C,C00C16EBB8886EA2,3FA872B020C49BB
$BFD0193EF0881EA,3FC00845F051A63C,C00CD427D1997F05,3FA872B020C49BB
$BFCE94A2DA571C62,3FC2EF4949B2CEFB,C00D9163EAAA8F68,3FA872B020C49BB
$BFCCB3FD49F0B4C8,3FC5ACF1ABAEEFF6,C00E4EA003BB9FCA,3FA872B020C49BB
$BFCA94A6F7E4C12,3FC83B429858E2A9,C00F0BDC1CCCB02D,3FA872B020C49BB
$BFC83B429858E2A9,3FCA94A6F7E4C12,C00FC91835DDC08F,3FA872B020C49BB
$BFC5ACF1ABAEEFF7,3FCCB3FD49F0B4C8,C010432A27776879,3FA872B020C49BB
$BFC2EF4949B2CEFC,3FCE94A2DA571C61,C010A1C833FFF0AR,3FA872B020C49BB
$BFC00845F051A63C,3FD0193EF0881EA,C0110066408878DC,3FA872B020C49BB
$BFB9FC7CE0F7323E,3FD0C5033B834873,C0115F044D11010D,3FA872B020C49BB
$BFB3AFAC2B7D035D,3FD14C272626F49D,C011BDA25999893E,3FA872B020C49BB
$BFAA6FB89B5BE791,3FD1AD838772C41E,C0121C406622116F,3FA872B020C49BB
$BF9A8CB6F70ED33B,3FD1E843BA04FA19,C0127ADE72AA99A1,3FA872B020C49BB
$0,3FD1FBE76C8B4396,C012D97C7F3321D2,3FA872B020C49BB
$3F9A8CB6F70ED331,3FD1E843BA04FA1A,C013381A8BBBAA03,3FA872B020C49BB
$3FAA6FB89B5BE78C,3FD1AD838772C41E,C01396B898443235,3FA872B020C49BB
$3FB3AFAC2B7D035B,3FD14C272626F49D,C013F556A4CCBA6R,3FA872B020C49BB
$3FB9FC7CE0F7323C,3FD0C5033B834873,C01453F4B1554297,3FA872B020C49BB
$3FC00845F051A63B,3FD0193EF0881EA,C014B292BDDDCAC8,3FA872B020C49BB
$3FC2EF4949B2CEFD,3FCE94A2DA571C61,C0151130CA6652FA,3FA872B020C49BB
$3FC5ACF1ABAEEFF6,3FCCB3FD49F0B4CA,C0156FCED6EEDB2B,3FA872B020C49BB
$3FC83B429858E2A9,3FCA94A6F7E4C12,C015CE6CE377635C,3FA872B020C49BB
$3FCA94A6F7E4C11F,3FC83B429858E2AB,C0162D0AEFFFEB8E,3FA872B020C49BB
$3FCCB3FD49F0B4C8,3FC5ACF1ABAEEFF7,C0168BA8FC8873BF,3FA872B020C49BB
$3FCE94A2DA571C6,3FC2EF4949B2CEFE,C016EA470910FBF,3FA872B020C49BB
$3FD0193EF0881EA,3FC00845F051A63D,C01748E51599842R,3FA872B020C49BB
$3FD0C5033B834873,3FB9FC7CE0F73243,C017A78322220C52,3FA872B020C49BB
$3FD14C272626F49D,3FB3AFAC2B7D035E,C01806212EAA9484,3FA872B020C49BB
$3FD1AD838772C41E,3FAA6FB89B5BE78B,C01864BF3B331CB6,3FA872B020C49BB
$3FD1E843BA04FA19,3F9A8CB6F70ED352,C018C35D47BBA4E6,3FA872B020C49BB
$3FD1FBE76C8B4396,0,C01921FB54442D18,3FA872B020C49BB
5 177 32
5 178 56
5 179 33
5 180 22
5 181 0
5 182 0
4 171 ->
5 172 61
5 173 9
5 174 0
5 175 [2]
$-1,1
5 176 [29][4]
$C00921FB54442D18,3FA872B020C49BB,BFC8,0
$C00A07C44E220A2R,3FA872B020C49BB,BFC7D95E294B0E87,3F957F4726621389
$C00AED8D47FFE72C,3FA872B020C49BB,BFC765F50402AF0F,3FA55CACAA41B42R
$C00BD35641DDC436,3FA872B020C49BB,BFC6A7381C45EFA4,3FAFB4F02F9E7EFD
$C00CB91F3BBBA14,3FA872B020C49BB,BFC59F8D7F5885R,3FB4D3903A1540D1
$C00D9EE835997E4A,3FA872B020C49BB,BFC4524602CA03B4,3FB9899C3332B44F
$C00E84B12F775B54,3FA872B020C49BB,BFC2C39297C466B8,3FBDED7153D1E4BA
$C00F6A7A2955385E,3FA872B020C49BB,BFC0F876CCDF6CDA,3FC0F876CCDF6CD9
$C010282191998AB4,3FA872B020C49BB,BFBDED7153D1E4BR,3FC2C39297C466B8
$C0109B060E887939,3FA872B020C49BB,BFB9899C3332B44F,3FC4524602CA03B3
$C0110DEA8B7767BE,3FA872B020C49BB,BFB4D3903A1540D2,3FC59F8D7F5885R
$C01180CF08665643,3FA872B020C49BB,BFAFB4F02F9E7EFE,3FC6A7381C45EFA4
$C011F3B3855544C8,3FA872B020C49BB,BFA55CACAA41B423,3FC765F50402AF0F
$C01266980244334D,3FA872B020C49BB,BF957F472662138C,3FC7D95E294B0E87
$C012D97C7F3321D2,3FA872B020C49BB,0,3FC8
$C0134C60FC221057,3FA872B020C49BB,3F957F4726621385,3FC7D95E294B0E87
$C013BF457910FEDC,3FA872B020C49BB,3FA55CACAA41B42,3FC765F50402AF0F
$C0143229F5FFED61,3FA872B020C49BB,3FAFB4F02F9E7EF6,3FC6A7381C45EFA5
$C014A50E72EEDBE6,3FA872B020C49BB,3FB4D3903A1540D,3FC59F8D7F5885R
$C01517F2EFDDCA6B,3FA872B020C49BB,3FB9899C3332B44E,3FC4524602CA03B4
$C0158AD76CCCB8F,3FA872B020C49BB,3FBDED7153D1E4BA,3FC2C39297C466B9
$C015FDBBE9BBA775,3FA872B020C49BB,3FC0F876CCDF6CD9,3FC0F876CCDF6CDA
$C01670A066AA95FA,3FA872B020C49BB,3FC2C39297C466B8,3FBDED7153D1E4BR
$C016E384E399847F,3FA872B020C49BB,3FC4524602CA03B3,3FB9899C3332B45
$C017566960887304,3FA872B020C49BB,3FC59F8D7F588554,3FB4D3903A1540D2
$C017C94DDD776189,3FA872B020C49BB,3FC6A7381C45EFA4,3FAFB4F02F9E7F
$C0183C325A66500E,3FA872B020C49BB,3FC765F50402AF0F,3FA55CACAA41B424
$C018AF16D7553E93,3FA872B020C49BB,3FC7D95E294B0E87,3F957F472662139
$C01921FB54442D18,3FA872B020C49BB,3FC8,0
5 177 60
5 178 32
5 179 17
5 180 35
5 181 0
5 182 0
4 171 ->
5 172 63
5 173 9
5 174 0
5 175 [2]
$-1,1
5 176 [29][4]
$BFC8,0,C00921FB54442D18,3F6EB851EB851F6
$BFC7D95E294B0E87,3F957F4726621389,C00A07C44E220A2R,3F6EB851EB851F6
$BFC765F50402AF0F,3FA55CACAA41B42R,C00AED8D47FFE72C,3F6EB851EB851F6
$BFC6A7381C45EFA4,3FAFB4F02F9E7EFD,C00BD35641DDC436,3F6EB851EB851F6
$BFC59F8D7F5885R,3FB4D3903A1540D1,C00CB91F3BBBA14,3F6EB851EB851F6
$BFC4524602CA03B4,3FB9899C3332B44F,C00D9EE835997E4A,3F6EB851EB851F6
$BFC2C39297C466B8,3FBDED7153D1E4BA,C00E84B12F775B54,3F6EB851EB851F6
$BFC0F876CCDF6CDA,3FC0F876CCDF6CD9,C00F6A7A2955385E,3F6EB851EB851F6
$BFBDED7153D1E4BR,3FC2C39297C466B8,C010282191998AB4,3F6EB851EB851F6
$BFB9899C3332B44F,3FC4524602CA03B3,C0109B060E887939,3F6EB851EB851F6
$BFB4D3903A1540D2,3FC59F8D7F5885R,C0110DEA8B7767BE,3F6EB851EB851F6
$BFAFB4F02F9E7EFE,3FC6A7381C45EFA4,C01180CF08665643,3F6EB851EB851F6
$BFA55CACAA41B423,3FC765F50402AF0F,C011F3B3855544C8,3F6EB851EB851F6
$BF957F472662138C,3FC7D95E294B0E87,C01266980244334D,3F6EB851EB851F6
$0,3FC8,C012D97C7F3321D2,3F6EB851EB851F6
$3F957F4726621385,3FC7D95E294B0E87,C0134C60FC221057,3F6EB851EB851F6
$3FA55CACAA41B42,3FC765F50402AF0F,C013BF457910FEDC,3F6EB851EB851F6
$3FAFB4F02F9E7EF6,3FC6A7381C45EFA5,C0143229F5FFED61,3F6EB851EB851F6
$3FB4D3903A1540D,3FC59F8D7F5885R,C014A50E72EEDBE6,3F6EB851EB851F6
$3FB9899C3332B44E,3FC4524602CA03B4,C01517F2EFDDCA6B,3F6EB851EB851F6
$3FBDED7153D1E4BA,3FC2C39297C466B9,C0158AD76CCCB8F,3F6EB851EB851F6
$3FC0F876CCDF6CD9,3FC0F876CCDF6CDA,C015FDBBE9BBA775,3F6EB851EB851F6
$3FC2C39297C466B8,3FBDED7153D1E4BR,C01670A066AA95FA,3F6EB851EB851F6
$3FC4524602CA03B3,3FB9899C3332B45,C016E384E399847F,3F6EB851EB851F6
$3FC59F8D7F588554,3FB4D3903A1540D2,C017566960887304,3F6EB851EB851F6
$3FC6A7381C45EFA4,3FAFB4F02F9E7F,C017C94DDD776189,3F6EB851EB851F6
$3FC765F50402AF0F,3FA55CACAA41B424,C0183C325A66500E,3F6EB851EB851F6
$3FC7D95E294B0E87,3F957F472662139,C018AF16D7553E93,3F6EB851EB851F6
$3FC8,0,C01921FB54442D18,3F6EB851EB851F6
5 177 36
5 178 60
5 179 37
5 180 24
5 181 0
5 182 0
2 84 NULL
2 85 ->
2 86 ->
3 87 [4][3]
$3FF,2*0
$2*0,3FF
$0,BFF,0
$3*0
3 88 [1]
4 88 ->
5 89 21
5 90 0
5 91 -1
5 92 -1
5 93 11
5 94 12
5 95 0
5 96 0
5 97 0
5 98 [2]
6 98 ->
7 99 1
7 100 ->
8 101 -4
8 102 5
8 103 0
6 98 ->
7 99 6
7 104 ->
8 105 [1]
9 105 -100
3 106 -1
3 107 0
3 108 [2]
4 108 
5 109 1
5 110 0
5 111 [4][3]
$0,BFF,0
$3FF,2*0
$2*0,3FF
$3*0
4 108 
5 109 12
5 110 0
5 111 [4][3]
$3FF,2*0
$2*0,3FF
$0,BFF,0
$3*0
2 112 NULL
2 113 26
@gsec_ptr 183 0
2 183 [1]
3 183 
@type 184 1
4 184 2
@name 185 10
4 185 S2D0006
@gsec2d_ptr 186 0
4 186 ->
@name 187 10
5 187 S2D0006
@segtab_ptr 188 0
5 188 [10]
6 188 
@type 189 1
7 189 2
@dir 190 1
7 190 [3]
$1,2*0
@pointid 191 1
7 191 [2]
$0,1
@cntrid 192 1
7 192 1
@arcorient 193 1
7 193 0
@verhor 194 1
7 194 1
@radius 195 1
7 195 0
@ext_id 196 1
7 196 0
@gen_info 197 0
7 197 
@known_ent_info 198 0
7 198 
@attr 199 1
8 199 0
@known_ent_id 200 1
8 200 -1
6 188 
7 189 2
7 190 [3]
$0,-1,0
7 191 [2]
$1,2
7 192 2
7 193 0
7 194 0
7 195 0
7 196 1
7 197 
7 198 
8 199 0
8 200 -1
6 188 
7 189 2
7 190 [3]
$1,2*0
7 191 [2]
$2,3
7 192 3
7 193 0
7 194 1
7 195 0
7 196 2
7 197 
7 198 
8 199 0
8 200 -1
6 188 
7 189 2
7 190 [3]
$0,-1,0
7 191 [2]
$3,4
7 192 4
7 193 0
7 194 0
7 195 0
7 196 3
7 197 
7 198 
8 199 0
8 200 -1
6 188 
7 189 2
7 190 [3]
$-1,2*0
7 191 [2]
$4,5
7 192 5
7 193 0
7 194 1
7 195 0
7 196 4
7 197 
7 198 
8 199 0
8 200 -1
6 188 
7 189 2
7 190 [3]
$0,1,0
7 191 [2]
$5,0
7 192 0
7 193 0
7 194 0
7 195 0
7 196 5
7 197 
7 198 
8 199 0
8 200 -1
6 188 
7 189 5
7 190 [3]
$0,-1,0
7 191 [2]
$2*6
7 192 6
7 193 0
7 194 0
7 195 0
7 196 6
7 197 
7 198 
8 199 0
8 200 -1
6 188 
7 189 5
7 190 [3]
$-1,2*0
7 191 [2]
$2*7
7 192 7
7 193 0
7 194 1
7 195 0
7 196 7
7 197 
7 198 
8 199 0
8 200 -1
6 188 
7 189 32770
7 190 [3]
$-1,2*0
7 191 [2]
$8,9
7 192 9
7 193 0
7 194 1
7 195 0
7 196 8
7 197 
@attributes 201 1
8 201 8
7 198 
8 199 0
8 200 -1
6 188 
7 189 32770
7 190 [3]
$0,-1,0
7 191 [2]
$10,11
7 192 11
7 193 0
7 194 0
7 195 0
7 196 9
7 197 
8 201 8
7 198 
8 199 0
8 200 -1
@dimtab_ptr 202 0
5 202 [8]
6 202 
@type 203 1
7 203 42
@value 204 2
7 204 0
@direct 205 1
7 205 0
@property 206 1
7 206 0
@leftpt 207 1
7 207 [2]
@rightpt 208 1
7 208 [2]
@offset 209 2
7 209 0
@ext_id 210 1
7 210 0
@dispdimattr 211 0
7 211 
@dimattr 212 1
8 212 [2]
$2*0
@dim_ref 213 0
7 213 [2]
8 213 
@item_id 214 1
9 214 8
@sense 215 1
9 215 4
@point 216 1
9 216 [2]
$2*-1
8 213 
9 214 7
9 215 4
9 216 [2]
$2*-1
6 202 
7 203 42
7 204 0
7 205 0
7 206 0
7 207 [2]
7 208 [2]
7 209 0
7 210 1
7 211 
8 212 [2]
$2*0
7 213 [2]
8 213 
9 214 9
9 215 4
9 216 [2]
$2*-1
8 213 
9 214 6
9 215 4
9 216 [2]
$2*-1
6 202 
7 203 42
7 204 0
7 205 0
7 206 0
7 207 [2]
7 208 [2]
7 209 0
7 210 2
7 211 
8 212 [2]
$2*0
7 213 [2]
8 213 
9 214 8
9 215 4
9 216 [2]
$2*-1
8 213 
9 214 2
9 215 4
9 216 [2]
$2*-1
6 202 
7 203 5
7 204 3FC
7 205 0
7 206 0
7 207 [2]
7 208 [2]
7 209 0
7 210 3
7 211 
8 212 [2]
$34,0
7 213 [2]
8 213 
9 214 6
9 215 -1
9 216 [2]
$2*6
8 213 
9 214 5
9 215 -1
9 216 [2]
$5,0
6 202 
7 203 5
7 204 3FC8
7 205 0
7 206 0
7 207 [2]
7 208 [2]
7 209 0
7 210 4
7 211 
8 212 [2]
$34,0
7 213 [2]
8 213 
9 214 6
9 215 -1
9 216 [2]
$2*6
8 213 
9 214 1
9 215 -1
9 216 [2]
$1,2
6 202 
7 203 5
7 204 3FD1FBE76C8B4396
7 205 0
7 206 0
7 207 [2]
7 208 [2]
7 209 0
7 210 5
7 211 
8 212 [2]
$34,0
7 213 [2]
8 213 
9 214 6
9 215 -1
9 216 [2]
$2*6
8 213 
9 214 3
9 215 -1
9 216 [2]
$3,4
6 202 
7 203 5
7 204 3FB3R
7 205 0
7 206 0
7 207 [2]
7 208 [2]
7 209 0
7 210 6
7 211 
8 212 [2]
$34,0
7 213 [2]
8 213 
9 214 4
9 215 -1
9 216 [2]
$4,5
8 213 
9 214 0
9 215 -1
9 216 [2]
$0,1
6 202 
7 203 5
7 204 3F9FBE76C8B43958
7 205 0
7 206 0
7 207 [2]
7 208 [2]
7 209 0
7 210 7
7 211 
8 212 [2]
$34,0
7 213 [2]
8 213 
9 214 4
9 215 -1
9 216 [2]
$4,5
8 213 
9 214 2
9 215 -1
9 216 [2]
$2,3
@relat_ptr 217 0
5 217 [16]
6 217 
@id 218 1
7 218 -1
@used 219 1
7 219 0
@a 220 1
7 220 [4]
$7,8,2*-1
@b 221 1
7 221 [4]
$2*1,2*0
@c 222 2
7 222 [4]
$3FF,BFF,3FF,0
@sign 223 1
7 223 0
@idim 224 1
7 224 -1
@type 225 1
7 225 0
6 217 
7 218 -1
7 219 0
7 220 [4]
$6,10,2*-1
7 221 [4]
$4*0
7 222 [4]
$3FF,BFF,3FF,0
7 223 0
7 224 -1
7 225 0
6 217 
7 218 -1
7 219 0
7 220 [4]
$2,8,2*-1
7 221 [4]
$2*1,2*0
7 222 [4]
$3FF,BFF,3FF,0
7 223 0
7 224 -1
7 225 0
6 217 
7 218 -1
7 219 0
7 220 [4]
$3,8,2*-1
7 221 [4]
$2*1,2*0
7 222 [4]
$3FF,BFF,3FF,0
7 223 0
7 224 -1
7 225 0
6 217 
7 218 -1
7 219 1
7 220 [4]
$6,5,2*-1
7 221 [4]
$4*0
7 222 [4]
$3FF,BFF,2*3FF
7 223 1
7 224 3
7 225 0
6 217 
7 218 -1
7 219 1
7 220 [4]
$5,0,2*-1
7 221 [4]
$4*0
7 222 [4]
$3FF,BFF,2*3FF
7 223 0
7 224 0
7 225 0
6 217 
7 218 -1
7 219 1
7 220 [4]
$6,1,2*-1
7 221 [4]
$4*0
7 222 [4]
$3FF,BFF,2*3FF
7 223 1
7 224 4
7 225 0
6 217 
7 218 -1
7 219 1
7 220 [4]
$1,2,2*-1
7 221 [4]
$4*0
7 222 [4]
$3FF,BFF,2*3FF
7 223 0
7 224 0
7 225 0
6 217 
7 218 -1
7 219 0
7 220 [4]
$7,2,2*-1
7 221 [4]
$4*0
7 222 [4]
$3FF,BFF,2*3FF
7 223 0
7 224 -1
7 225 0
6 217 
7 218 -1
7 219 1
7 220 [4]
$6,3,2*-1
7 221 [4]
$4*0
7 222 [4]
$3FF,BFF,2*3FF
7 223 1
7 224 5
7 225 0
6 217 
7 218 -1
7 219 1
7 220 [4]
$3,4,2*-1
7 221 [4]
$4*0
7 222 [4]
$3FF,BFF,2*3FF
7 223 0
7 224 0
7 225 0
6 217 
7 218 -1
7 219 0
7 220 [4]
$4,2,2*-1
7 221 [4]
$2*1,2*0
7 222 [4]
$3FF,BFF,2*3FF
7 223 1
7 224 7
7 225 0
6 217 
7 218 -1
7 219 1
7 220 [4]
$4,5,2*-1
7 221 [4]
$2*1,2*0
7 222 [4]
$3FF,BFF,2*3FF
7 223 0
7 224 0
7 225 0
6 217 
7 218 -1
7 219 1
7 220 [4]
$4,0,2*-1
7 221 [4]
$2*1,2*0
7 222 [4]
$3FF,BFF,2*3FF
7 223 1
7 224 6
7 225 0
6 217 
7 218 -1
7 219 0
7 220 [4]
$6,0,2*-1
7 221 [4]
$2*1,2*0
7 222 [4]
$3FF,BFF,2*3FF
7 223 0
7 224 -1
7 225 0
6 217 
7 218 -1
7 219 1
7 220 [4]
$0,1,2*-1
7 221 [4]
$2*1,2*0
7 222 [4]
$3FF,BFF,2*3FF
7 223 0
7 224 0
7 225 0
@formula_ptr 226 1
5 226 [16]
$0,1,2,3,4,5,6,7,8,9,10,11,12,13,14,15
@qind 227 1
5 227 -1
@anchor 228 0
5 228 NULL
@totalpointid 229 1
5 229 12
@checkarcs_flag 230 1
5 230 1
@location 231 0
5 231 ->
@id 232 1
6 232 0
@param 233 2
6 233 0
@type 234 1
6 234 0
@nsket_info 235 0
5 235 ->
@scale 236 2
6 236 40720ACD59EED1E9
@m 237 1
6 237 11
@last_was_permanent 238 1
6 238 0
@unsolved_ptr 239 0
5 239 ->
@iges_file 240 10
6 240 NULL
@solve_version 241 1
5 241 1
@segdscr_tab 242 0
5 242 [10]
6 242 
@ent_mode 243 1
7 243 0
6 242 
7 243 0
6 242 
7 243 0
6 242 
7 243 0
6 242 
7 243 0
6 242 
7 243 0
6 242 
7 243 0
6 242 
7 243 0
6 242 
7 243 0
6 242 
7 243 0
@gsec3d_ptr 244 0
4 244 ->
@type 245 1
5 245 7
@name 246 10
5 246 S2D0006
@flip 247 1
5 247 1
@own_ref_id 248 1
5 248 -1
@first_chain_ptr 249 0
5 249 NULL
@quilt_id 250 1
5 250 -1
@plane_id 251 1
5 251 11
@plane_flip 252 1
5 252 -1
@ref_planes 253 0
5 253 [2]
6 253 
@plane_id 254 1
7 254 6
@ref_type 255 1
7 255 5
@ext_ref_id 256 1
7 256 -1
@seg_id 257 1
7 257 8
@flip_flag 258 1
7 258 0
@save_entity_ptr(line) 259 0
7 259 ->
@type 260 1
8 260 32770
@id 261 1
8 261 0
@gen_info 262 0
8 262 
9 201 8
@end1 263 2
8 263 [3]
$3*0
@end2 264 2
8 264 [3]
$C059,2*0
@back_entity_ptr(line) 265 0
7 265 ->
8 260 32770
8 261 0
8 262 
9 201 8
8 263 [3]
$3*0
8 264 [3]
$C059,2*0
6 253 
7 254 2
7 255 5
7 256 -1
7 257 9
7 258 0
7 259 ->
8 260 32770
8 261 0
8 262 
9 201 8
8 263 [3]
$3*0
8 264 [3]
$0,C059,0
7 265 ->
8 260 32770
8 261 0
8 262 
9 201 8
8 263 [3]
$3*0
8 264 [3]
$0,C059,0
@order_ptr 266 0
4 266 [6]
5 266 
@id 267 1
6 267 0
@flip 268 1
6 268 34
5 266 
6 267 1
6 268 0
5 266 
6 267 2
6 268 0
5 266 
6 267 3
6 268 0
5 266 
6 267 4
6 268 0
5 266 
6 267 5
6 268 4
@dim_id_tab 269 1
4 269 [8]
$0,1,2,3,4,5,6,7
@attributes 270 1
4 270 0
@xsec_id 271 1
4 271 -1
@gsec_info_arr 272 0
4 272 [1]
5 272 
@application_type 273 1
6 273 2
@application_id 274 1
6 274 -100
@secsolve_revnum 275 1
4 275 0
@rel_accuracy 276 2
4 276 BFF
@p_saved_result 277 0
4 277 NULL
2 114 -1
2 115 NULL
2 116 NULL
2 152 [3]
$1,5,10
2 117 ->
3 118 0
3 119 0
3 120 [2][3]
$3*C06F4
$3*406F4
3 121 0
3 122 NULL
3 123 -1
2 124 -1
2 125 NULL
2 126 -1
2 127 NULL
1 128 NULL
@assem_mass_prop_ptr 278 0
1 278 NULL
@mass_prop_ptr 279 0
1 279 ->
@type 280 1
2 280 0
@density 281 2
2 281 0
@init_dens 282 5
2 282 0
@rel_density 283 2
2 283 0
@init_rel_dens 284 5
2 284 0
@aver_density 285 2
2 285 0
@vrevnum 286 1
2 286 -1
@volume 287 2
2 287 0
@cg 288 2
2 288 [3]
$3*0
@inertia 289 2
2 289 [3][3]
$3*0
$3*0
$3*0
@eps 290 2
2 290 0
@surfarea 291 2
2 291 0
@assign_mp_ptr 292 0
1 292 NULL
@tol_default_ptr 293 0
1 293 ->
@type 294 1
2 294 10
@value 295 2
2 295 [7]
$0,3FB9R,3F847AE147AE147B,3F50624DD2F1A9FC,3F1A36E2EB1C432D,
$3EE4F8B588E368F1,3EB0C6F7A0B5ED8E
@ang_value 296 2
2 296 [7]
$0,6*3FE
@standard 297 1
2 297 0
@iso_tol_tbls_ptr 298 0
2 298 NULL
@first_xsec_ptr 299 0
1 299 NULL
@datum_count 300 1
1 300 3
@axis_count 301 1
1 301 1
@insert_layer_id 302 1
1 302 -1
@layer_count 303 1
1 303 1
@layer_list 304 0
1 304 [6]
2 304 
@feat_id 305 1
3 305 1
@layer_id 306 1
3 306 0
@back_layer_id 307 1
3 307 0
2 304 
3 305 3
3 306 0
3 307 0
2 304 
3 305 5
3 306 0
3 307 0
2 304 
3 305 7
3 306 0
3 307 0
2 304 
3 305 10
3 306 0
3 307 0
2 304 
3 305 9
3 306 0
3 307 0
@lang_ptr 308 0
1 308 NULL
@first_csys_ptr 309 0
1 309 NULL
@color_prop_ptr 310 0
1 310 NULL
@fem_data 311 0
1 311 NULL
@rel_part_eps 312 2
1 312 3F53A92A30553261
@names_table 313 0
1 313 [4]
2 313 ->
@id 314 1
3 314 2
@type 315 1
3 315 5
@name 316 10
3 316 DTM1
2 313 ->
3 314 4
3 315 5
3 316 DTM2
2 313 ->
3 314 6
3 315 5
3 316 DTM3
2 313 ->
3 314 8
3 315 25
3 316 CS0
@drv_tbl_ptr 317 0
1 317 NULL
@assembled_count 318 1
1 318 0
@part_type 319 1
1 319 1
@mat_name_ptr 320 10
1 320 NULL
@first_ent_id 321 1
1 321 521763
@first_view_id 322 1
1 322 0
@outline 323 2
1 323 [2][3]
$2*BFD1FBE76C8B4396,BFA6872B020C49BA
$2*3FD1FBE76C8B4396,3F9FBE76C8B43958
@dim_num 324 1
1 324 8
@dim_array 325 0
1 325 [8]
2 325 ->
@type 326 1
3 326 8
@dim_type 327 1
3 327 42
@feat_id 328 1
3 328 9
@attributes 329 1
3 329 32
@dim_dat_ptr 330 0
3 330 ->
@value 331 2
4 331 0
@bck_value 332 2
4 332 0
@tol_ptr 333 0
4 333 ->
@type 334 1
5 334 9
@tol_type 335 1
5 335 3
@dual_digits_diff 336 1
5 336 999
@value 337 2
5 337 [2]
$2*3F847AE147AE147B
@nominal_value 338 2
4 338 0
@bound 339 1
4 339 20
@bck_bound 340 1
4 340 -1
@bck_tol_ptr 341 0
4 341 ->
@value 342 2
5 342 [2]
$2*3F847AE147AE147B
@datum_def_id 343 1
4 343 -1
@places_denom 344 1
4 344 3
@bck_places_denom 345 1
4 345 2
@dim_data_attrib 346 1
4 346 0
@dim_cosm_ptr 347 0
3 347 ->
@d0 348 2
4 348 0
@d1 349 2
4 349 0
@d2 350 2
4 350 0
@d3 351 2
4 351 0
@ord_info 352 0
4 352 NULL
@attach_ptr 353 0
3 353 NULL
@dim_text_ptr 354 0
3 354 ->
@symbol 355 10
4 355 d0
@parent_dim_id 356 1
3 356 -1
2 325 ->
3 326 8
3 327 42
3 328 9
3 329 32
3 330 ->
4 331 0
4 332 0
4 333 ->
5 334 9
5 335 3
5 336 999
5 337 [2]
$2*3F847AE147AE147B
4 338 0
4 339 20
4 340 -1
4 341 ->
5 342 [2]
$2*3F847AE147AE147B
4 343 -1
4 344 3
4 345 2
4 346 0
3 347 ->
4 348 0
4 349 0
4 350 0
4 351 0
4 352 NULL
3 353 NULL
3 354 ->
4 355 d1
3 356 -1
2 325 ->
3 326 8
3 327 42
3 328 9
3 329 32
3 330 ->
4 331 0
4 332 0
4 333 ->
5 334 9
5 335 3
5 336 999
5 337 [2]
$2*3F847AE147AE147B
4 338 0
4 339 20
4 340 -1
4 341 ->
5 342 [2]
$2*3F847AE147AE147B
4 343 -1
4 344 3
4 345 2
4 346 0
3 347 ->
4 348 0
4 349 0
4 350 0
4 351 0
4 352 NULL
3 353 NULL
3 354 ->
4 355 d2
3 356 -1
2 325 ->
3 326 8
3 327 5
3 328 9
3 329 289
3 330 ->
4 331 3FC
4 332 3FC
4 333 ->
5 334 9
5 335 3
5 336 999
5 337 [2]
$2*3F847AE147AE147B
4 338 3FC
4 339 20
4 340 -1
4 341 ->
5 342 [2]
$2*3F847AE147AE147B
4 343 -1
4 344 3
4 345 2
4 346 0
3 347 ->
4 348 C065131571F059F
4 349 4063D3ECAA24DF72
4 350 406056107F07A7A4
4 351 403B1EDB6DB6DB7
4 352 NULL
3 353 NULL
3 354 ->
4 355 d3
3 356 -1
2 325 ->
3 326 8
3 327 5
3 328 9
3 329 289
3 330 ->
4 331 3FC8
4 332 3FC8
4 333 ->
5 334 9
5 335 3
5 336 999
5 337 [2]
$2*3F847AE147AE147B
4 338 3FC8
4 339 20
4 340 -1
4 341 ->
5 342 [2]
$2*3F847AE147AE147B
4 343 -1
4 344 3
4 345 2
4 346 0
3 347 ->
4 348 3FCB9E461B9E461D
4 349 4068D0DE0C4E9CDR
4 350 3FE8AD8F2FBA9389
4 351 403B1EDB6DB6DB7
4 352 NULL
3 353 NULL
3 354 ->
4 355 d4
3 356 -1
2 325 ->
3 326 8
3 327 5
3 328 9
3 329 289
3 330 ->
4 331 3FD1FBE76C8B4396
4 332 3FD1FBE76C8B4396
4 333 ->
5 334 9
5 335 3
5 336 999
5 337 [2]
$2*3F847AE147AE147B
4 338 3FD1FBE76C8B4396
4 339 20
4 340 -1
4 341 ->
5 342 [2]
$2*3F847AE147AE147B
4 343 -1
4 344 3
4 345 2
4 346 0
3 347 ->
4 348 3FDC6A395C6A3963
4 349 C058B0DE0C4E9CDA
4 350 3FE0CE45FC510938
4 351 403B1EDB6DB6DB7
4 352 NULL
3 353 NULL
3 354 ->
4 355 d5
3 356 -1
2 325 ->
3 326 8
3 327 5
3 328 9
3 329 289
3 330 ->
4 331 3FB3R
4 332 3FB3R
4 333 ->
5 334 9
5 335 3
5 336 999
5 337 [2]
$2*3F847AE147AE147B
4 338 3FB3R
4 339 20
4 340 -1
4 341 ->
5 342 [2]
$2*3F847AE147AE147B
4 343 -1
4 344 3
4 345 2
4 346 0
3 347 ->
4 348 4065F2A00D769CBE
4 349 3FD831F3831F3843
4 350 3FDA1A32652B216E
4 351 403B1EDB6DB6DB7
4 352 NULL
3 353 NULL
3 354 ->
4 355 d6
3 356 -1
2 325 ->
3 326 8
3 327 5
3 328 9
3 329 289
3 330 ->
4 331 3F9FBE76C8B43958
4 332 3F9FBE76C8B43958
4 333 ->
5 334 9
5 335 3
5 336 999
5 337 [2]
$2*3F847AE147AE147B
4 338 3F9FBE76C8B43958
4 339 20
4 340 -1
4 341 ->
5 342 [2]
$2*3F847AE147AE147B
4 343 -1
4 344 3
4 345 2
4 346 0
3 347 ->
4 348 405B2F7DDEE16553
4 349 3FD1F3831F383202
4 350 3FE16494F77EF94D
4 351 403B1EDB6DB6DB7
4 352 NULL
3 353 NULL
3 354 ->
4 355 d7
3 356 -1
@ipar_num 357 1
1 357 0
@relpar_sets 358 0
1 358 [1]
2 358 
@id 359 1
3 359 -1
@type 360 1
3 360 2
@ext_ref_id 361 1
3 361 -1
@relatnum 362 1
3 362 0
@unit_arr 363 0
1 363 [2]
2 363 
@type 364 1
3 364 1
@factor 365 2
3 365 3FF
@name 366 10
3 366 INCH
@unit_type 367 1
3 367 0
2 363 
3 364 2
3 365 3FF
3 366 POUND
3 367 1
@geom_lib_ptr 368 0
1 368 NULL
@first_quilt_ptr 369 1
1 369 0
@attrib_array 370 1
1 370 [3]
$2*0,4
@smt_info_ptr 371 0
1 371 NULL
@cable_info_ptr 372 0
1 372 NULL
@comp_info_ptr 373 0
1 373 NULL
@max_part_size 374 2
1 374 3FE98BD3FDAF413F
@prt_misc_ptr 375 0
1 375 ->
@shrink_data_ptr 376 0
2 376 NULL
@expld_mv_info 377 0
1 377 NULL
@state_info_ptr 378 0
1 378 NULL
@alumni_feats 379 0
1 379 NULL
@model_name 380 10
1 380 SPACER_87
@p_mdl_grid 381 0
1 381 NULL
@mdl_status_ptr 382 0
1 382 NULL
@cfg_states 383 0
1 383 NULL
@disp_outl_info 384 0
1 384 
@disp_outline 385 2
2 385 [2][3]
$2*BFD23D4D6247E585,BFA8925AAFF1593
$2*3FD23D4D6247E585,3FA1EA6B123F2C2R
@ribbon_info_ptr 386 0
1 386 NULL
@p_xref_data 387 0
1 387 ->
@View 388 0
0 388 ->
@id 389 1
1 389 0
@viewattr 390 0
1 390 
@attr_arr 391 1
2 391 [4]
$1,3*0
@mpoint 392 0
1 392 
@id 393 1
2 393 0
@coord 394 2
2 394 [3]
$2*0,BF7A9FBE76C8B438
@first_instr_ptr 395 0
2 395 NULL
@attach_ptr 396 0
2 396 NULL
@vpoint 397 0
1 397 
2 393 0
2 394 [3]
$407F4,407A5E,0
2 395 NULL
2 396 NULL
@orient 398 2
1 398 [4][4]
$3FED7954E7DBA2F8,0,3FD8EC3AE92B676B,0
$BFD385CE5246572,3FE3E43A9692E21C,3FE7167619F550A2,0
$BFCEFC077F3F36A6,BFE91103985DA841,3FE25240DD3851BF,0
$3*0,3FF
@local_sys 399 2
1 399 [4][4]
$4090039BE0FFD664,0,407B1525BA3B5A2D,0
$C07536EBC0788E8,40859D86CFDB28AR,408916AAFE5C0F3A,0
$C070D5B6A925F6AB,C08B3D1E78A761CR,4083E8B72C3FF47F,0
$407F23FCA2FF1CFD,407A035975BA3D73,40109077A1BE6D36,3FF
@first_instr_ptr 400 0
1 400 ->
@type 401 1
2 401 100
@geom_id 402 1
2 402 -1
@view_id 403 1
2 403 -1
@memb_num 404 1
2 404 0
@offset 405 2
2 405 0
@matrix 406 0
2 406 NULL
@next_instr_ptr 407 0
1 407 NULL
@outer_xsec_index 408 1
1 408 -1
@next_view_id 409 1
1 409 -2
@simp_rep_id 410 1
1 410 -1
@name 411 10
1 411 no name
@matrix 412 2
1 412 [4][4]
$3FF,3*0
$0,3FF,2*0
$2*0,3FF,0
$3*0,3FF
@fit_outline 413 2
1 413 [2][3]
$4059,405518,C077ABA4A795CBD7
$408C2,4087BB,4077ABA4A795CBD7
@det_info_ptr 414 0
1 414 NULL
@named_view_pzmatr 415 0
1 415 NULL
@page_id 416 1
1 416 0
@model_name 417 10
1 417 NULL
@unrep_model_name 418 10
1 418 NULL
@assem_merge_parts 419 0
0 419 ->
#END_OF_UGC
