#UGC:2 PART 988 420 -1 1 1 15 2000 9802 0000053b \
#- VERS 0 0                                                          \
#- HOST                                                              \
#- LINK                                                              \
#- DBID                                                              \
#- REVS 0,                                                           \
#- RELL 0,                                                           \
#- UOBJ_ID 866555495 227314923 1762169598                            \
#- MACH SGI_IRIX_6.2_03131015                                        \
#-END_OF_UGC_HEADER
#P_OBJECT 6
@P_object 1 0
0 1 ->
@dep_db 2 0
1 2 ->
@usr_rev 3 0
1 3 [1]
2 3 
@name 4 10
3 4 JDOLL
@mod_time 5 0
3 5 
@tm_sec 6 1
4 6 47
@tm_min 7 1
4 7 18
@tm_hour 8 1
4 8 13
@tm_mday 9 1
4 9 14
@tm_mon 10 1
4 10 0
@tm_year 11 1
4 11 98
@action 12 1
3 12 1000
@comment 13 10
3 13 Hostname: 'thomas'
@rel_level 14 10
3 14 
@rev_string 15 10
3 15 
@revnum_std 16 1
1 16 138
@flag 17 1
1 17 0
@name 18 10
1 18 NULL
@inst_hidden 19 1
1 19 0
@old_name 20 10
1 20 NULL
@appl_data 21 0
1 21 ->
@bounding_box 22 2
2 22 [2][3]
$0,C0530CR,C0096R
$40530CR,2*0
@ver_key 23 0
1 23 ->
@time 24 1
2 24 884783927
@random_num 25 1
2 25 343814617
@hostid 26 1
2 26 1762170804
@last_read 27 1
1 27 -1
#END_OF_P_OBJECT
#Pro/ENGINEER  TM  Version H-03-36  (c) 1988-98 by Parametric Technology Corporation  All Rights Reserved. 9802
@Toc 28 0
0 28 ->
@entry 29 10
1 29 [128]
2 29 BasicData 2b9a 4ec 0 988########################################################
2 29 BasicText 3086 3b8 0 988########################################################
2 29 GeomDepen 343e 72 0 988#########################################################
2 29 DispCntrl 34b0 42 0 988#########################################################
2 29 DisplData 34f2 38 0 988#########################################################
2 29 LargeText 352a 17c 0 988########################################################
2 29 FamilyInf 36a6 40 0 988#########################################################
2 29 VisibGeom 36e6 3523 0 988#######################################################
2 29 NovisGeom 6c09 3ece 0 988#######################################################
2 29 ActEntity aad7 283 0 988########################################################
2 29 AllFeatur ad5a 7026 0 988#######################################################
2 29 FullMData 11d80 1ac1 0 988######################################################
2 29 ModelView#0 13841 6ba 0 988#####################################################
2 29 DispDataColor 13efb 29 0 988####################################################
2 29 DispDataTable 13f24 e89 0 988###################################################
2 29 AssMrgPrt 14dad 29 0 988########################################################
2 29 ################################################################################
2 29 ################################################################################
2 29 ################################################################################
2 29 ################################################################################
2 29 ################################################################################
2 29 ################################################################################
2 29 ################################################################################
2 29 ################################################################################
2 29 ################################################################################
2 29 ################################################################################
2 29 ################################################################################
2 29 ################################################################################
2 29 ################################################################################
2 29 ################################################################################
2 29 ################################################################################
2 29 ################################################################################
2 29 ################################################################################
2 29 ################################################################################
2 29 ################################################################################
2 29 ################################################################################
2 29 ################################################################################
2 29 ################################################################################
2 29 ################################################################################
2 29 ################################################################################
2 29 ################################################################################
2 29 ################################################################################
2 29 ################################################################################
2 29 ################################################################################
2 29 ################################################################################
2 29 ################################################################################
2 29 ################################################################################
2 29 ################################################################################
2 29 ################################################################################
2 29 ################################################################################
2 29 ################################################################################
2 29 ################################################################################
2 29 ################################################################################
2 29 ################################################################################
2 29 ################################################################################
2 29 ################################################################################
2 29 ################################################################################
2 29 ################################################################################
2 29 ################################################################################
2 29 ################################################################################
2 29 ################################################################################
2 29 ################################################################################
2 29 ################################################################################
2 29 ################################################################################
2 29 ################################################################################
2 29 ################################################################################
2 29 ################################################################################
2 29 ################################################################################
2 29 ################################################################################
2 29 ################################################################################
2 29 ################################################################################
2 29 ################################################################################
2 29 ################################################################################
2 29 ################################################################################
2 29 ################################################################################
2 29 ################################################################################
2 29 ################################################################################
2 29 ################################################################################
2 29 ################################################################################
2 29 ################################################################################
2 29 ################################################################################
2 29 ################################################################################
2 29 ################################################################################
2 29 ################################################################################
2 29 ################################################################################
2 29 ################################################################################
2 29 ################################################################################
2 29 ################################################################################
2 29 ################################################################################
2 29 ################################################################################
2 29 ################################################################################
2 29 ################################################################################
2 29 ################################################################################
2 29 ################################################################################
2 29 ################################################################################
2 29 ################################################################################
2 29 ################################################################################
2 29 ################################################################################
2 29 ################################################################################
2 29 ################################################################################
2 29 ################################################################################
2 29 ################################################################################
2 29 ################################################################################
2 29 ################################################################################
2 29 ################################################################################
2 29 ################################################################################
2 29 ################################################################################
2 29 ################################################################################
2 29 ################################################################################
2 29 ################################################################################
2 29 ################################################################################
2 29 ################################################################################
2 29 ################################################################################
2 29 ################################################################################
2 29 ################################################################################
2 29 ################################################################################
2 29 ################################################################################
2 29 ################################################################################
2 29 ################################################################################
2 29 ################################################################################
2 29 ################################################################################
2 29 ################################################################################
2 29 ################################################################################
2 29 ################################################################################
2 29 ################################################################################
2 29 ################################################################################
2 29 ################################################################################
2 29 ################################################################################
#BasicData
@Sld_BasicData 1 0
0 1 ->
@tab_key 2 1
1 2 0
@tab_key_struct 3 0
1 3 ->
@type 4 4
2 4 H
@tab_key_ptr 5 0
2 5 [113]
@cmprs_tabkey 6 0
2 6 NULL
@type 7 1
1 7 2
@revnum_ptr 8 0
1 8 ->
@geom_revnum 9 1
2 9 138
@cosm_revnum 10 1
2 10 4
@tol_default_ptr 11 0
1 11 ->
@type 12 1
2 12 10
@value 13 2
2 13 [7]
$0,3FB9R,3F847AE147AE147B,3F50624DD2F1A9FC,3F1A36E2EB1C432D,
$3EE4F8B588E368F1,3EB0C6F7A0B5ED8E
@ang_value 14 2
2 14 [7]
$0,6*3FE
@lin_digits 15 1
2 15 [7]
$7*-1
@ang_digits 16 1
2 16 [7]
$7*-1
@standard 17 1
2 17 0
@iso_tol_tbls_ptr 18 0
2 18 NULL
@datum_count 19 1
1 19 0
@axis_count 20 1
1 20 0
@insert_layer_id 21 1
1 21 -1
@layer_count 22 1
1 22 1
@rel_part_eps 23 2
1 23 3F53A92A30553261
@model_eps 24 2
1 24 0
@fixed_model_eps 25 1
1 25 0
@assembled_count 26 1
1 26 0
@part_type 27 1
1 27 1
@first_ent_id 28 1
1 28 525565
@first_view_id 29 1
1 29 0
@outline 30 2
1 30 [2][3]
$0,C0530CR,C0096R
$40530CR,2*0
@dim_num 31 1
1 31 12
@geom_lib_ptr 32 0
1 32 NULL
@attrib_array 33 1
1 33 [3]
$2,2*0
@max_part_size 34 2
1 34 405AF3D4582B5626
@model_name 35 10
1 35 PART_AREA
@disp_outl_info 36 0
1 36 
@disp_outline 37 2
2 37 [2][3]
$0,C0530CR,C0096R
$40530CR,2*0
@sel_outl_info 38 0
1 38 ->
@outline 39 2
2 39 [2][3]
$0,C0530CR,C0096R
$40530CR,2*0
#BasicText
@Sld_BasicText 1 0
0 1 ->
@assem_mass_prop_ptr 2 0
1 2 NULL
@mass_prop_ptr 3 0
1 3 ->
@type 4 1
2 4 0
@density 5 2
2 5 0
@init_dens 6 5
2 6 0
@rel_density 7 2
2 7 0
@init_rel_dens 8 5
2 8 0
@aver_density 9 2
2 9 0
@vrevnum 10 1
2 10 -1
@volume 11 2
2 11 0
@cg 12 2
2 12 [3]
$3*0
@inertia 13 2
2 13 [3][3]
$3*0
$3*0
$3*0
@eps 14 2
2 14 0
@surfarea 15 2
2 15 0
@assign_mp_ptr 16 0
1 16 NULL
@mat_name_ptr 17 10
1 17 NULL
@unit_arr 18 0
1 18 [3]
2 18 
@type 19 1
3 19 11
@factor 20 2
3 20 3FA42850A142850A
@name 21 10
3 21 MM
@unit_type 22 1
3 22 0
2 18 
3 19 13
3 20 40A13944AE1FDD81
3 21 TONNE
3 22 1
2 18 
3 19 13
3 20 3F323456789ABCDF
3 21 SECS
3 22 2
@p_unit_info 23 0
1 23 ->
@custom_unit_arr 24 0
2 24 [6]
3 24 
3 24 
3 24 
3 24 
3 24 
3 24 
@principal_sys_units 25 10
2 25 millimeter Newton Second (mmNs)
@history_scale 26 2
2 26 [6][2]
$40396R,0
$3F3DB9FA373E2FBC,0
$3F879873C8EE5A92,0
$3FF,0
$3FE1C71C71C71C72,C031C71C71C71C72
$3FF,0
#GeomDepen
@Sld_GeomDepend 1 0
0 1 ->
@frst_geom_ptr 2 1
1 2 7
@fem_data 3 0
1 3 NULL
@first_quilt_ptr 4 1
1 4 32
#DispCntrl
@Sld_DispCntrl 1 0
0 1 ->
@color_prop_ptr 2 0
1 2 NULL
#DisplData
@Sld_DispData 1 0
0 1 ->
@disp_data 2 0
1 2 
#LargeText
@Sld_LargeText 1 0
0 1 ->
@names_table 2 0
1 2 [1]
2 2 ->
@id 3 1
3 3 51
@type 4 1
3 4 25
@name 5 10
3 5 CS0
@relpar_sets 6 0
1 6 [5]
2 6 
@id 7 1
3 7 -1
@type 8 1
3 8 2
@ext_ref_id 9 1
3 9 -1
@relatnum 10 1
3 10 0
2 6 
3 7 1
3 8 3
3 9 -1
3 10 0
2 6 
3 7 50
3 8 3
3 9 -1
3 10 0
2 6 
3 7 53
3 8 3
3 9 -1
3 10 0
2 6 
3 7 52
3 8 3
3 9 -1
3 10 0
@cfg_states 11 0
1 11 NULL
#FamilyInf
@Sld_FamilyInfo 1 0
0 1 ->
@drv_tbl_ptr 2 0
1 2 NULL
#VisibGeom
@Sld_VisGeom 1 0
0 1 ->
@active_geom 2 0
1 2 
@srf_array 3 0
2 3 [13]
3 3 ->
@geom_type 4 1
4 4 34
@geom_id 5 1
4 5 7
@feat_id 6 1
4 6 1
@boundary_type 7 1
4 7 0
@envlp 8 2
4 8 [2][2]
$0,C0530CR
$40530CR,0
@srf_prim_ptr(plane) 9 0
4 9 ->
@local_sys 10 2
5 10 [4][3]
$3FF,2*0
$0,3FF,0
$2*0,3FF
$3*0
@frst_cntr_ptr 11 0
4 11 ->
@frst_cntr_crv_hdr_ptr 12 1
5 12 8
@trv 13 1
5 13 1
@envlp 14 2
5 14 [2][2]
$0,C0530CR
$40530CR,0
@next_cntr_ptr 15 0
4 15 ->
5 12 85
5 13 -1
5 14 [2][2]
$40330CR,C0496R
$404FC000BA15A078,C0396R
4 15 NULL
@next_geom_ptr 16 1
4 16 44
@orient 17 1
4 17 1
@outline 18 2
4 18 [2][3]
$0,C0530CR,0
$40530CR,2*0
3 3 ->
4 4 34
4 5 33
4 6 1
4 7 0
4 8 [2][2]
$0,C0530CR
$40530CR,0
4 9 ->
5 10 [4][3]
$3FF,2*0
$0,3FF,0
$2*0,3FF
$2*0,C0096R
4 11 ->
5 12 34
5 13 1
5 14 [2][2]
$0,C0530CR
$40530CR,0
4 15 ->
5 12 92
5 13 -1
5 14 [2][2]
$40330CR,C0496R
$404FC000BA15A078,C0396R
4 15 NULL
4 16 101
4 17 -1
4 18 [2][3]
$0,C0530CR,C0096R
$40530CR,0,C0096R
3 3 ->
4 4 34
4 5 44
4 6 1
4 7 0
4 8 [2][2]
$C0430CR,BFF96R
$40430CR,3FF96R
4 9 ->
5 10 [4][3]
$2*0,BFF
$BFF,2*0
$0,3FF,0
$0,C0430CR,BFF96R
4 11 ->
5 12 8
5 13 1
5 14 [2][2]
$C0430CR,BFF96R
$40430CR,3FF96R
4 15 NULL
4 16 46
4 17 1
4 18 [2][3]
$0,C0530CR,C0096R
$3*0
3 3 ->
4 4 34
4 5 46
4 6 1
4 7 0
4 8 [2][2]
$C0430CR,BFF96R
$40430CR,3FF96R
4 9 ->
5 10 [4][3]
$BFF,2*0
$2*0,3FF
$0,3FF,0
$40430CR,0,BFF96R
4 11 ->
5 12 11
5 13 1
5 14 [2][2]
$C0430CR,BFF96R
$40430CR,3FF96R
4 15 NULL
4 16 48
4 17 1
4 18 [2][3]
$2*0,C0096R
$40530CR,2*0
3 3 ->
4 4 34
4 5 48
4 6 1
4 7 0
4 8 [2][2]
$C0430CR,BFF96R
$40430CR,3FF96R
4 9 ->
5 10 [4][3]
$2*0,3FF
$3FF,2*0
$0,3FF,0
$40530CR,C0430CR,BFF96R
4 11 ->
5 12 10
5 13 1
5 14 [2][2]
$C0430CR,BFF96R
$40430CR,3FF96R
4 15 NULL
4 16 49
4 17 1
4 18 [2][3]
$40530CR,C0530CR,C0096R
$40530CR,2*0
3 3 ->
4 4 34
4 5 49
4 6 1
4 7 0
4 8 [2][2]
$C0430CR,BFF96R
$40430CR,3FF96R
4 9 ->
5 10 [4][3]
$3FF,2*0
$2*0,BFF
$0,3FF,0
$40430CR,C0530CR,BFF96R
4 11 ->
5 12 9
5 13 1
5 14 [2][2]
$C0430CR,BFF96R
$40430CR,3FF96R
4 15 NULL
4 16 33
4 17 1
4 18 [2][3]
$0,C0530CR,C0096R
$40530CR,C0530CR,0
3 3 ->
4 4 34
4 5 101
4 6 52
4 7 0
4 8 [2][2]
$C02BF0A3D70A3D72,BFF96R
$402BF0A3D70A3D74,3FF96R
4 9 ->
5 10 [4][3]
$3FF,2*0
$2*0,BFF
$0,3FF,0
$4044A3R,C0396R,BFF96R
4 11 ->
5 12 85
5 13 1
5 14 [2][2]
$C02BF0A3D70A3D72,BFF96R
$402BF0A3D70A3D74,3FF96R
4 15 NULL
4 16 103
4 17 1
4 18 [2][3]
$403B4E147AE147AD,C0396R,C0096R
$404B9F5C28F5C29,C0396R,0
3 3 ->
4 4 36
4 5 103
4 6 52
4 7 0
4 8 [2][2]
$0,BFF96R
$3FF921FB54442D1,3FF96R
@srf_prim_ptr(cylinder) 19 0
4 19 ->
@local_sys 20 2
5 20 [4][3]
$0,BFF,0
$3FF,2*0
$2*0,3FF
$403B4E147AE147AD,C040D3D70A3D70A4,BFF96R
@radius 21 2
5 21 4020828F5C28F5C2
4 11 ->
5 12 91
5 13 1
5 14 [2][2]
$0,BFF96R
$3FF921FB54442D1,3FF96R
4 15 NULL
4 16 105
4 17 -1
4 18 [2][3]
$40330CR,C040D3D70A3D70A2,C0096R
$403B4E147AE147AD,C0396R,0
3 3 ->
4 4 34
4 5 105
4 6 52
4 7 0
4 8 [2][2]
$C021251EB851EB84,BFF96R
$4021251EB851EB8R,3FF96R
4 9 ->
5 10 [4][3]
$2*0,3FF
$3FF,2*0
$0,3FF,0
$40330CR,C0451D1EB851EB84,BFF96R
4 11 ->
5 12 90
5 13 1
5 14 [2][2]
$C021251EB851EB84,BFF96R
$4021251EB851EB8R,3FF96R
4 15 NULL
4 16 107
4 17 1
4 18 [2][3]
$40330CR,C0496R,C0096R
$40330CR,C040D3D70A3D70A2,0
3 3 ->
4 4 34
4 5 107
4 6 52
4 7 0
4 8 [2][2]
$C021C7AE147AE148,BFF96R
$4021C7AE147AE148,3FF96R
4 9 ->
5 10 [4][3]
$BFF,2*0
$2*0,3FF
$0,3FF,0
$403BF0A3D70A3D7,C0496R,BFF96R
4 11 ->
5 12 89
5 13 1
5 14 [2][2]
$C021C7AE147AE148,BFF96R
$4021C7AE147AE148,3FF96R
4 15 NULL
4 16 109
4 17 1
4 18 [2][3]
$40330CR,C0496R,C0096R
$40426A3D70A3D70A,C0496R,0
3 3 ->
4 4 34
4 5 109
4 6 52
4 7 0
4 8 [2][2]
$C020071CFDB29D3,BFF96R
$4020071CFDB29D3R,3FF96R
4 9 ->
5 10 [4][3]
$BFEE11F642522D1E,0,BFD5E3A8748A0BE6
$BFD5E3A8748A0BE6,0,3FEE11F642522D1E
$0,3FF,0
$40462E2803ED1256,C04807902AEAE5EA,BFF96R
4 11 ->
5 12 88
5 13 1
5 14 [2][2]
$C020071CFDB29D3,BFF96R
$4020071CFDB29D3R,3FF96R
4 15 NULL
4 16 111
4 17 1
4 18 [2][3]
$40426A3D70A3D70A,C0496R,C0096R
$4049F21297364DA1,C046A8B9EF6F656F,0
3 3 ->
4 4 36
4 5 111
4 6 52
4 7 0
4 8 [2][2]
$0,BFF96R
$3FDB7E1E271D3E9,3FF96R
4 19 ->
5 20 [4][3]
$3FD5E3A8748A0CA5,3FEE11F642522CFD,0
$BFEE11F642522CFD,3FD5E3A8748A0CA5,0
$2*0,3FF
$40459A18C3494EF2,C035733200A0C2F4,BFF96R
5 21 40396R
4 11 ->
5 12 87
5 13 1
5 14 [2][2]
$0,BFF96R
$3FDB7E1E271D3E9,3FF96R
4 15 NULL
4 16 112
4 17 -1
4 18 [2][3]
$4049F21297364D74,C046A8B9EF6F64ER,C0096R
$404E857321066B78,C043C407DF9C9D42,0
3 3 ->
4 4 36
4 5 112
4 6 52
4 7 0
4 8 [2][2]
$0,BFF96R
$4002E75486039C8D,3FF96R
4 19 ->
5 20 [4][3]
$3FE67954937FC70C,3FE6C7A4772CEF23,0
$BFE6C7A4772CEF23,3FE67954937FC70C,0
$2*0,3FF
$404B9F5C28F5C29,C040D3D70A3D70A3,BFF96R
5 21 4020828F5C28F5C2
4 11 ->
5 12 86
5 13 1
5 14 [2][2]
$0,BFF96R
$4002E75486039C8D,3FF96R
4 15 NULL
4 16 0
4 17 -1
4 18 [2][3]
$404B9F5C28F5C29,C043C407DF9C9DA4,C0096R
$404FC,C0396R,0
@crv_array 22 0
2 22 [33]
3 22 ->
@crv_id 23 1
4 23 8
@feat_id 24 1
4 24 1
@type 25 1
4 25 0
@crv_pnt_dir 26 1
4 26 [2]
$-1,1
@crv_pnt_arr 27 2
4 27 [2][4]
$2*0,C0430CR,3FF96R
$0,C0530CR,40430CR,3FF96R
@crv_hdr_geom_ptr[0] 28 1
4 28 7
@crv_hdr_geom_ptr[1] 29 1
4 29 44
@next_crv_hdr_ptr[0] 30 1
4 30 11
@next_crv_hdr_ptr[1] 31 1
4 31 43
@ref_geom[0] 32 1
4 32 0
@ref_geom[1] 33 1
4 33 0
3 22 ->
4 23 9
4 24 1
4 25 0
4 26 [2]
$-1,1
4 27 [2][4]
$0,C0530CR,C0430CR,3FF96R
$40530CR,C0530CR,40430CR,3FF96R
4 28 7
4 29 49
4 30 8
4 31 47
4 32 0
4 33 0
3 22 ->
4 23 10
4 24 1
4 25 0
4 26 [2]
$-1,1
4 27 [2][4]
$40530CR,C0530CR,C0430CR,3FF96R
$40530CR,0,40430CR,3FF96R
4 28 7
4 29 48
4 30 9
4 31 45
4 32 0
4 33 0
3 22 ->
4 23 11
4 24 1
4 25 0
4 26 [2]
$-1,1
4 27 [2][4]
$40530CR,0,C0430CR,3FF96R
$2*0,40430CR,3FF96R
4 28 7
4 29 46
4 30 10
4 31 42
4 32 0
4 33 0
3 22 ->
4 23 34
4 24 1
4 25 0
4 26 [2]
$1,-1
4 27 [2][4]
$2*0,C0430CR,BFF96R
$0,C0530CR,40430CR,BFF96R
4 28 33
4 29 44
4 30 36
4 31 42
4 32 0
4 33 0
3 22 ->
4 23 36
4 24 1
4 25 0
4 26 [2]
$1,-1
4 27 [2][4]
$0,C0530CR,C0430CR,BFF96R
$40530CR,C0530CR,40430CR,BFF96R
4 28 33
4 29 49
4 30 38
4 31 43
4 32 0
4 33 0
3 22 ->
4 23 38
4 24 1
4 25 0
4 26 [2]
$1,-1
4 27 [2][4]
$40530CR,C0530CR,C0430CR,BFF96R
$40530CR,0,40430CR,BFF96R
4 28 33
4 29 48
4 30 40
4 31 47
4 32 0
4 33 0
3 22 ->
4 23 40
4 24 1
4 25 0
4 26 [2]
$1,-1
4 27 [2][4]
$40530CR,0,C0430CR,BFF96R
$2*0,40430CR,BFF96R
4 28 33
4 29 46
4 30 34
4 31 45
4 32 0
4 33 0
3 22 ->
4 23 42
4 24 1
4 25 0
4 26 [2]
$1,-1
4 27 [2][4]
$40430CR,3FF96R,C0430CR,3FF96R
$40430CR,BFF96R,C0430CR,BFF96R
4 28 46
4 29 44
4 30 40
4 31 8
4 32 0
4 33 0
3 22 ->
4 23 43
4 24 1
4 25 0
4 26 [2]
$1,-1
4 27 [2][4]
$40430CR,3FF96R,C0430CR,3FF96R
$40430CR,BFF96R,C0430CR,BFF96R
4 28 44
4 29 49
4 30 34
4 31 9
4 32 0
4 33 0
3 22 ->
4 23 45
4 24 1
4 25 0
4 26 [2]
$1,-1
4 27 [2][4]
$40430CR,3FF96R,C0430CR,3FF96R
$40430CR,BFF96R,C0430CR,BFF96R
4 28 48
4 29 46
4 30 38
4 31 11
4 32 0
4 33 0
3 22 ->
4 23 47
4 24 1
4 25 0
4 26 [2]
$1,-1
4 27 [2][4]
$40430CR,3FF96R,C0430CR,3FF96R
$40430CR,BFF96R,C0430CR,BFF96R
4 28 49
4 29 48
4 30 36
4 31 10
4 32 0
4 33 0
3 22 ->
4 23 85
4 24 52
4 25 0
4 26 [2]
$-1,1
4 27 [2][4]
$403B4E147AE147A3,C0396R,C02BF0A3D70A3D72,3FF96R
$404B9F5C28F5C295,C0396R,402BF0A3D70A3D74,3FF96R
4 28 7
4 29 101
4 30 91
4 31 100
4 32 0
4 33 0
3 22 ->
4 23 86
4 24 52
4 25 0
4 26 [2]
$1,-1
4 27 [13][4]
$404E857321066BDR,C043C407DF9C9DA2,0,3FF96R
$404F0A450AC3A7CD,C043244F7306746F,3FC93470B2AF7B8,3FF96R
$404F6D4659E3C4AE,C0426DB0F4B9FA5C,3FD93470B2AF7B8,3FF96R
$404FAAA378BED50A,C041A73B47517BDF,3FE2E75486039C9,3FF96R
$404FBFFD40D9A821,C040D89A088A7BEA,3FE93470B2AF7B78,3FF96R
$404FAC807236ED5,C04009C9ACB2D30E,3FEF818CDF5B5A5,3FF96R
$404F70EDDD81E9F2,C03E8590F47FE13,3FF2E75486039C9,3FF96R
$404F0F92F04A0E25,C03D168EE6C3AF53,3FF60DE29C598BFC,3FF96R
$404E8C32ED0B6574,C03BD4BC782B6A5C,3FF93470B2AF7B68,3FF96R
$404DEBE1B06B0517,C03ACC89DB5F8361,3FFC5AFEC9056AD4,3FF96R
$404D34D174038AA,C03A082D1C5BCA8E,3FFF818CDF5B5A4R,3FF96R
$404C6E157FD607BF,C0398F3D18511DF8,4001540D7AD8A4D8,3FF96R
$404B9F5C28F5C295,C0396R,4002E75486039C8D,3FF96R
4 28 7
4 29 112
4 30 85
4 31 110
4 32 0
4 33 0
3 22 ->
4 23 87
4 24 52
4 25 0
4 26 [2]
$1,-1
4 27 [4][4]
$4049F21297364D9A,C046A8B9EF6F6571,0,3FF96R
$404B9AAA5A857E58,C045EAC727091FA2,3FC254141A137F2,3FF96R
$404D23CE8C826C6E,C044F22EEC3773F1,3FD254141A137F,3FF96R
$404E857321066BDR,C043C407DF9C9DA2,3FDB7E1E271D3E9,3FF96R
4 28 7
4 29 111
4 30 86
4 31 108
4 32 0
4 33 0
3 22 ->
4 23 88
4 24 52
4 25 0
4 26 [2]
$-1,1
4 27 [2][4]
$4049F21297364D9A,C046A8B9EF6F6571,C020071CFDB29D3,3FF96R
$40426A3D70A3D70A,C0496R,4020071CFDB29D3R,3FF96R
4 28 7
4 29 109
4 30 87
4 31 106
4 32 0
4 33 0
3 22 ->
4 23 89
4 24 52
4 25 0
4 26 [2]
$-1,1
4 27 [2][4]
$40426A3D70A3D70A,C0496R,C021C7AE147AE148,3FF96R
$40330CR,C0496R,4021C7AE147AE148,3FF96R
4 28 7
4 29 107
4 30 88
4 31 104
4 32 0
4 33 0
3 22 ->
4 23 90
4 24 52
4 25 0
4 26 [2]
$-1,1
4 27 [2][4]
$40330CR,C0496R,C021251EB851EB84,3FF96R
$40330CR,C040D3D70A3D70A2,4021251EB851EB8R,3FF96R
4 28 7
4 29 105
4 30 89
4 31 102
4 32 0
4 33 0
3 22 ->
4 23 91
4 24 52
4 25 0
4 26 [2]
$1,-1
4 27 [9][4]
$403B4E147AE147A3,C0396R,0,3FF96R
$4039B1CCAD9FB4DC,C0398F018EA19698,3FC921FB54442D,3FF96R
$4038255CDD94A1A1,C03A07438C6DF58B,3FD921FB54442D,3FF96R
$4036B80129666868,C03ACA8D492B254,3FE2D97C7F3321C8,3FF96R
$403577C3F009FA4A,C03BD15D89A393E2,3FE921FB54442D1,3FF96R
$403470F3AF918BA8,C03D119AC30001FR,3FEF6A7A29553858,3FF96R
$4033ADA9F2D45BF4,C03E7EF6772E3B38,3FF2D97C7F3321CR,3FF96R
$40333567F507FD02,C04005B3239CA739,3FF5FDBBE9BBA77,3FF96R
$40330CR,C040D3D70A3D70A2,3FF921FB54442D1,3FF96R
4 28 7
4 29 103
4 30 90
4 31 99
4 32 0
4 33 0
3 22 ->
4 23 92
4 24 52
4 25 0
4 26 [2]
$1,-1
4 27 [2][4]
$403B4E147AE147A3,C0396R,C02BF0A3D70A3D72,BFF96R
$404B9F5C28F5C295,C0396R,402BF0A3D70A3D74,BFF96R
4 28 33
4 29 101
4 30 93
4 31 99
4 32 0
4 33 0
3 22 ->
4 23 93
4 24 52
4 25 0
4 26 [2]
$-1,1
4 27 [13][4]
$404E857321066BDR,C043C407DF9C9DA2,0,BFF96R
$404F0A450AC3A7CD,C043244F7306746F,3FC93470B2AF7B8,BFF96R
$404F6D4659E3C4AE,C0426DB0F4B9FA5C,3FD93470B2AF7B8,BFF96R
$404FAAA378BED50A,C041A73B47517BDF,3FE2E75486039C9,BFF96R
$404FBFFD40D9A821,C040D89A088A7BEA,3FE93470B2AF7B78,BFF96R
$404FAC807236ED5,C04009C9ACB2D30E,3FEF818CDF5B5A5,BFF96R
$404F70EDDD81E9F2,C03E8590F47FE13,3FF2E75486039C9,BFF96R
$404F0F92F04A0E25,C03D168EE6C3AF53,3FF60DE29C598BFC,BFF96R
$404E8C32ED0B6574,C03BD4BC782B6A5C,3FF93470B2AF7B68,BFF96R
$404DEBE1B06B0517,C03ACC89DB5F8361,3FFC5AFEC9056AD4,BFF96R
$404D34D174038AA,C03A082D1C5BCA8E,3FFF818CDF5B5A4R,BFF96R
$404C6E157FD607BF,C0398F3D18511DF8,4001540D7AD8A4D8,BFF96R
$404B9F5C28F5C295,C0396R,4002E75486039C8D,BFF96R
4 28 33
4 29 112
4 30 94
4 31 100
4 32 0
4 33 0
3 22 ->
4 23 94
4 24 52
4 25 0
4 26 [2]
$-1,1
4 27 [4][4]
$4049F21297364D9A,C046A8B9EF6F6571,0,BFF96R
$404B9AAA5A857E58,C045EAC727091FA2,3FC254141A137F2,BFF96R
$404D23CE8C826C6E,C044F22EEC3773F1,3FD254141A137F,BFF96R
$404E857321066BDR,C043C407DF9C9DA2,3FDB7E1E271D3E9,BFF96R
4 28 33
4 29 111
4 30 95
4 31 110
4 32 0
4 33 0
3 22 ->
4 23 95
4 24 52
4 25 0
4 26 [2]
$1,-1
4 27 [2][4]
$4049F21297364D9A,C046A8B9EF6F6571,C020071CFDB29D3,BFF96R
$40426A3D70A3D70A,C0496R,4020071CFDB29D3R,BFF96R
4 28 33
4 29 109
4 30 96
4 31 108
4 32 0
4 33 0
3 22 ->
4 23 96
4 24 52
4 25 0
4 26 [2]
$1,-1
4 27 [2][4]
$40426A3D70A3D70A,C0496R,C021C7AE147AE148,BFF96R
$40330CR,C0496R,4021C7AE147AE148,BFF96R
4 28 33
4 29 107
4 30 97
4 31 106
4 32 0
4 33 0
3 22 ->
4 23 97
4 24 52
4 25 0
4 26 [2]
$1,-1
4 27 [2][4]
$40330CR,C0496R,C021251EB851EB84,BFF96R
$40330CR,C040D3D70A3D70A2,4021251EB851EB8R,BFF96R
4 28 33
4 29 105
4 30 98
4 31 104
4 32 0
4 33 0
3 22 ->
4 23 98
4 24 52
4 25 0
4 26 [2]
$-1,1
4 27 [9][4]
$403B4E147AE147A3,C0396R,0,BFF96R
$4039B1CCAD9FB4DC,C0398F018EA19698,3FC921FB54442D,BFF96R
$4038255CDD94A1A1,C03A07438C6DF58B,3FD921FB54442D,BFF96R
$4036B80129666868,C03ACA8D492B254,3FE2D97C7F3321C8,BFF96R
$403577C3F009FA4A,C03BD15D89A393E2,3FE921FB54442D1,BFF96R
$403470F3AF918BA8,C03D119AC30001FR,3FEF6A7A29553858,BFF96R
$4033ADA9F2D45BF4,C03E7EF6772E3B38,3FF2D97C7F3321CR,BFF96R
$40333567F507FD02,C04005B3239CA739,3FF5FDBBE9BBA77,BFF96R
$40330CR,C040D3D70A3D70A2,3FF921FB54442D1,BFF96R
4 28 33
4 29 103
4 30 92
4 31 102
4 32 0
4 33 0
3 22 ->
4 23 99
4 24 52
4 25 0
4 26 [2]
$1,-1
4 27 [2][4]
$0,3FF96R,C02BF0A3D70A3D72,3FF96R
$0,BFF96R,C02BF0A3D70A3D72,BFF96R
4 28 103
4 29 101
4 30 98
4 31 85
4 32 0
4 33 0
3 22 ->
4 23 100
4 24 52
4 25 0
4 26 [2]
$1,-1
4 27 [2][4]
$402BF0A3D70A3D74,3FF96R,4002E75486039C8D,3FF96R
$402BF0A3D70A3D74,BFF96R,4002E75486039C8D,BFF96R
4 28 101
4 29 112
4 30 92
4 31 86
4 32 0
4 33 0
3 22 ->
4 23 102
4 24 52
4 25 0
4 26 [2]
$1,-1
4 27 [2][4]
$4021251EB851EB8R,3FF96R,3FF921FB54442D1,3FF96R
$4021251EB851EB8R,BFF96R,3FF921FB54442D1,BFF96R
4 28 105
4 29 103
4 30 97
4 31 91
4 32 0
4 33 0
3 22 ->
4 23 104
4 24 52
4 25 0
4 26 [2]
$1,-1
4 27 [2][4]
$4021C7AE147AE148,3FF96R,C021251EB851EB84,3FF96R
$4021C7AE147AE148,BFF96R,C021251EB851EB84,BFF96R
4 28 107
4 29 105
4 30 96
4 31 90
4 32 0
4 33 0
3 22 ->
4 23 106
4 24 52
4 25 0
4 26 [2]
$1,-1
4 27 [2][4]
$4020071CFDB29D3R,3FF96R,C021C7AE147AE148,3FF96R
$4020071CFDB29D3R,BFF96R,C021C7AE147AE148,BFF96R
4 28 109
4 29 107
4 30 95
4 31 89
4 32 0
4 33 0
3 22 ->
4 23 108
4 24 52
4 25 0
4 26 [2]
$1,-1
4 27 [2][4]
$0,3FF96R,C020071CFDB29D3,3FF96R
$0,BFF96R,C020071CFDB29D3,BFF96R
4 28 111
4 29 109
4 30 94
4 31 88
4 32 0
4 33 0
3 22 ->
4 23 110
4 24 52
4 25 0
4 26 [2]
$1,-1
4 27 [2][4]
$0,3FF96R,3FDB7E1E271D3E9,3FF96R
$0,BFF96R,3FDB7E1E271D3E9,BFF96R
4 28 112
4 29 111
4 30 93
4 31 87
4 32 0
4 33 0
@qlt_array 34 0
2 34 [1]
3 34 ->
@quilt_id 35 1
4 35 32
@data_type 36 1
4 36 57
@attr 37 1
4 37 1
@feat_id 38 1
4 38 1
@first_geom_ptr 39 1
4 39 7
@used_by_feat_id 40 1
4 40 1
@next_quilt_ptr 41 1
4 41 0
#NovisGeom
@Sld_NonVisGeom 1 0
0 1 ->
@inactive_geom 2 0
1 2 
@srf_array 3 0
2 3 [31]
3 3 ->
@geom_type 4 1
4 4 34
@geom_id 5 1
4 5 2
@feat_id 6 1
4 6 1
@boundary_type 7 1
4 7 -1
@envlp 8 2
4 8 [2][2]
$0,C0530CR
$40530CR,0
@srf_prim_ptr(plane) 9 0
4 9 ->
@local_sys 10 2
5 10 [4][3]
$3FF,2*0
$0,3FF,0
$2*0,3FF
$2*0,BFBB96140AA42C6
@frst_cntr_ptr 11 0
4 11 ->
@frst_cntr_crv_hdr_ptr 12 1
5 12 3
@trv 13 1
5 13 1
@envlp 14 2
5 14 [2][2]
$0,C0530CR
$40530CR,0
@next_cntr_ptr 15 0
4 15 NULL
@next_geom_ptr 16 1
4 16 7
@orient 17 1
4 17 -1
@outline 18 2
4 18 [2][3]
$2*0,BFBB96140AA42C6
$2*0,BFBB96140AA42C6
3 3 ->
4 4 34
4 5 12
4 6 1
4 7 -1
4 8 [2][2]
$2*0
$40530CR,3FBB96140AA42C6
4 9 ->
5 10 [4][3]
$2*0,BFF
$BFF,2*0
$0,3FF,0
$2*0,BFBB96140AA42C6
4 11 ->
5 12 3
5 13 1
5 14 [2][2]
$2*0
$40530CR,3FBB96140AA42C6
4 15 NULL
4 16 14
4 17 1
4 18 [2][3]
$2*0,BFBB96140AA42C6
$2*0,BFBB96140AA42C6
3 3 ->
4 4 34
4 5 14
4 6 1
4 7 -1
4 8 [2][2]
$2*0
$40530CR,3FBB96140AA42C6
4 9 ->
5 10 [4][3]
$3FF,2*0
$2*0,BFF
$0,3FF,0
$0,C0530CR,BFBB96140AA42C6
4 11 ->
5 12 4
5 13 1
5 14 [2][2]
$2*0
$40530CR,3FBB96140AA42C6
4 15 NULL
4 16 16
4 17 1
4 18 [2][3]
$2*0,BFBB96140AA42C6
$2*0,BFBB96140AA42C6
3 3 ->
4 4 34
4 5 16
4 6 1
4 7 -1
4 8 [2][2]
$2*0
$40530CR,3FBB96140AA42C6
4 9 ->
5 10 [4][3]
$2*0,3FF
$3FF,2*0
$0,3FF,0
$40530CR,C0530CR,BFBB96140AA42C6
4 11 ->
5 12 5
5 13 1
5 14 [2][2]
$2*0
$40530CR,3FBB96140AA42C6
4 15 NULL
4 16 18
4 17 1
4 18 [2][3]
$2*0,BFBB96140AA42C6
$2*0,BFBB96140AA42C6
3 3 ->
4 4 34
4 5 18
4 6 1
4 7 -1
4 8 [2][2]
$2*0
$40530CR,3FBB96140AA42C6
4 9 ->
5 10 [4][3]
$BFF,2*0
$2*0,3FF
$0,3FF,0
$40530CR,0,BFBB96140AA42C6
4 11 ->
5 12 6
5 13 1
5 14 [2][2]
$2*0
$40530CR,3FBB96140AA42C6
4 15 NULL
4 16 0
4 17 1
4 18 [2][3]
$2*0,BFBB96140AA42C6
$2*0,BFBB96140AA42C6
3 3 ->
4 4 34
4 5 20
4 6 1
4 7 6
4 8 [2][2]
$BE112E0BE826D695,C0530CCCCCCDDFAD
$2*3E112E0BE826D695
4 9 ->
5 10 [4][3]
$3FF,2*0
$0,3FF,0
$2*0,3FF
$2*0,BFBB96140AA42C6
4 11 NULL
4 16 0
4 17 1
4 18 [2][3]
$3*0
$3*0
3 3 ->
4 4 34
4 5 21
4 6 1
4 7 6
4 8 [2][2]
$BE112E0BE826D695,C0530CCCCCCDDFAD
$40530CCCCCCDDFAD,3E112E0BE826D695
4 9 ->
5 10 [4][3]
$3FF,2*0
$0,3FF,0
$2*0,3FF
$2*0,BFBB96140AA42C6
4 11 NULL
4 16 0
4 17 1
4 18 [2][3]
$3*0
$3*0
3 3 ->
4 4 34
4 5 22
4 6 1
4 7 6
4 8 [2][2]
$BE112E0BE826D695,C0530CCCCCCDDFAD
$40530CCCCCCDDFAD,3E112E0BE826D695
4 9 ->
5 10 [4][3]
$3FF,2*0
$0,3FF,0
$2*0,3FF
$2*0,BFBB96140AA42C6
4 11 NULL
4 16 0
4 17 1
4 18 [2][3]
$3*0
$3*0
3 3 ->
4 4 34
4 5 23
4 6 1
4 7 6
4 8 [2][2]
$2*BE112E0BE826D695
$40530CCCCCCDDFAD,3E112E0BE826D695
4 9 ->
5 10 [4][3]
$3FF,2*0
$0,3FF,0
$2*0,3FF
$2*0,BFBB96140AA42C6
4 11 NULL
4 16 0
4 17 1
4 18 [2][3]
$3*0
$3*0
3 3 ->
4 4 34
4 5 24
4 6 1
4 7 6
4 8 [2][2]
$2*BE112E0BE826D695
$3E112E0BE826D695,3FBB96140EEFAF5A
4 9 ->
5 10 [4][3]
$2*0,BFF
$BFF,2*0
$0,3FF,0
$2*0,BFBB96140AA42C6
4 11 NULL
4 16 0
4 17 1
4 18 [2][3]
$3*0
$3*0
3 3 ->
4 4 34
4 5 25
4 6 1
4 7 6
4 8 [2][2]
$2*BE112E0BE826D695
$40530CCCCCCDDFAD,3FBB96140EEFAF5A
4 9 ->
5 10 [4][3]
$2*0,BFF
$BFF,2*0
$0,3FF,0
$2*0,BFBB96140AA42C6
4 11 NULL
4 16 0
4 17 1
4 18 [2][3]
$3*0
$3*0
3 3 ->
4 4 34
4 5 26
4 6 1
4 7 6
4 8 [2][2]
$2*BE112E0BE826D695
$40530CCCCCCDDFAD,3FBB96140EEFAF5A
4 9 ->
5 10 [4][3]
$2*0,BFF
$BFF,2*0
$0,3FF,0
$2*0,BFBB96140AA42C6
4 11 NULL
4 16 0
4 17 1
4 18 [2][3]
$3*0
$3*0
3 3 ->
4 4 34
4 5 27
4 6 1
4 7 6
4 8 [2][2]
$2*BE112E0BE826D695
$40530CCCCCCDDFAD,3FBB96140EEFAF5A
4 9 ->
5 10 [4][3]
$3FF,2*0
$2*0,BFF
$0,3FF,0
$0,C0530CR,BFBB96140AA42C6
4 11 NULL
4 16 0
4 17 1
4 18 [2][3]
$3*0
$3*0
3 3 ->
4 4 34
4 5 28
4 6 1
4 7 6
4 8 [2][2]
$2*BE112E0BE826D695
$40530CCCCCCDDFAD,3FBB96140EEFAF5A
4 9 ->
5 10 [4][3]
$3FF,2*0
$2*0,BFF
$0,3FF,0
$0,C0530CR,BFBB96140AA42C6
4 11 NULL
4 16 0
4 17 1
4 18 [2][3]
$3*0
$3*0
3 3 ->
4 4 34
4 5 29
4 6 1
4 7 6
4 8 [2][2]
$2*BE112E0BE826D695
$40530CCCCCCDDFAD,3FBB96140EEFAF5A
4 9 ->
5 10 [4][3]
$2*0,3FF
$3FF,2*0
$0,3FF,0
$40530CR,C0530CR,BFBB96140AA42C6
4 11 NULL
4 16 0
4 17 1
4 18 [2][3]
$3*0
$3*0
3 3 ->
4 4 34
4 5 30
4 6 1
4 7 6
4 8 [2][2]
$2*BE112E0BE826D695
$40530CCCCCCDDFAD,3FBB96140EEFAF5A
4 9 ->
5 10 [4][3]
$2*0,3FF
$3FF,2*0
$0,3FF,0
$40530CR,C0530CR,BFBB96140AA42C6
4 11 NULL
4 16 0
4 17 1
4 18 [2][3]
$3*0
$3*0
3 3 ->
4 4 34
4 5 31
4 6 1
4 7 6
4 8 [2][2]
$2*BE112E0BE826D695
$40530CCCCCCDDFAD,3FBB96140EEFAF5A
4 9 ->
5 10 [4][3]
$BFF,2*0
$2*0,3FF
$0,3FF,0
$40530CR,0,BFBB96140AA42C6
4 11 NULL
4 16 0
4 17 1
4 18 [2][3]
$3*0
$3*0
3 3 ->
4 4 34
4 5 35
4 6 1
4 7 6
4 8 [2][2]
$2*BE112E0BE826D695
$40530CCCCCCDDFAD,3FBB96140EEFAF5A
4 9 ->
5 10 [4][3]
$2*0,BFF
$BFF,2*0
$0,3FF,0
$2*0,C00A431706BB87C9
4 11 NULL
4 16 0
4 17 1
4 18 [2][3]
$2*0,C0096R
$2*0,C0096R
3 3 ->
4 4 34
4 5 37
4 6 1
4 7 6
4 8 [2][2]
$2*BE112E0BE826D695
$40530CCCCCCDDFAD,3FBB96140EEFAF5A
4 9 ->
5 10 [4][3]
$3FF,2*0
$2*0,BFF
$0,3FF,0
$0,C0530CR,C00A431706BB87C9
4 11 NULL
4 16 0
4 17 1
4 18 [2][3]
$2*0,C0096R
$2*0,C0096R
3 3 ->
4 4 34
4 5 39
4 6 1
4 7 6
4 8 [2][2]
$2*BE112E0BE826D695
$40530CCCCCCDDFAD,3FBB96140EEFAF5A
4 9 ->
5 10 [4][3]
$2*0,3FF
$3FF,2*0
$0,3FF,0
$40530CR,C0530CR,C00A431706BB87C9
4 11 NULL
4 16 0
4 17 1
4 18 [2][3]
$2*0,C0096R
$2*0,C0096R
3 3 ->
4 4 34
4 5 41
4 6 1
4 7 6
4 8 [2][2]
$2*BE112E0BE826D695
$40530CCCCCCDDFAD,3FBB96140EEFAF5A
4 9 ->
5 10 [4][3]
$BFF,2*0
$2*0,3FF
$0,3FF,0
$40530CR,0,C00A431706BB87C9
4 11 NULL
4 16 0
4 17 1
4 18 [2][3]
$2*0,C0096R
$2*0,C0096R
3 3 ->
4 4 34
4 5 54
4 6 53
4 7 -1
4 8 [2][2]
$2*0
$2*0
4 9 ->
5 10 [4][3]
$3FF,2*0
$0,3FF,0
$2*0,3FF
$3*0
4 11 NULL
4 16 0
4 17 1
4 18 [2][3]
$3*0
$3*0
3 3 ->
4 4 34
4 5 55
4 6 52
4 7 -1
4 8 [2][2]
$40330CR,C0496R
$404FC0A9BE7E2491,C0396R
4 9 ->
5 10 [4][3]
$3FF,2*0
$0,3FF,0
$2*0,3FF
$2*0,C0196R
4 11 ->
5 12 56
5 13 1
5 14 [2][2]
$40330CR,C0496R
$404FC0A9BE7E2491,C0396R
4 15 NULL
4 16 0
4 17 1
4 18 [2][3]
$40330CR,C0496R,C0196R
$404FC0A9BE7E2492,C0396R,C0196R
3 3 ->
4 4 34
4 5 63
4 6 52
4 7 -1
4 8 [2][2]
$40330CR,C0496R
$404FC0A9BE7E2491,C0396R
4 9 ->
5 10 [4][3]
$3FF,2*0
$0,3FF,0
$2*0,3FF
$2*0,40096R
4 11 ->
5 12 64
5 13 1
5 14 [2][2]
$40330CR,C0496R
$404FC0A9BE7E2491,C0396R
4 15 NULL
4 16 55
4 17 -1
4 18 [2][3]
$40330CR,C0496R,40096R
$404FC0A9BE7E2492,C0396R,40096R
3 3 ->
4 4 34
4 5 71
4 6 52
4 7 -1
4 8 [2][2]
$2*0
$403BF0A3D70A3D73,40230CR
4 9 ->
5 10 [4][3]
$3FF,2*0
$2*0,BFF
$0,3FF,0
$403B4E147AE147AD,C0396R,C0196R
4 11 ->
5 12 56
5 13 1
5 14 [2][2]
$2*0
$403BF0A3D70A3D73,40230CR
4 15 NULL
4 16 73
4 17 1
4 18 [2][3]
$403B4E147AE147AD,C0396R,C0196R
$404B9F5C28F5C29,C0396R,40096R
3 3 ->
4 4 36
4 5 73
4 6 52
4 7 -1
4 8 [2][2]
$4015F6CFE6536A17,0
$401F6A7A2955385E,40230CR
@srf_prim_ptr(cylinder) 19 0
4 19 ->
@local_sys 20 2
5 20 [4][3]
$3FF,2*0
$0,3FF,0
$2*0,3FF
$404B9F5C28F5C29,C040D3D70A3D70A2,C0196R
@radius 21 2
5 21 4020828F5C28F5C2
4 11 ->
5 12 57
5 13 1
5 14 [2][2]
$4015F6CFE6536A17,0
$401F6A7A2955385E,40230CR
4 15 NULL
4 16 75
4 17 -1
4 18 [2][3]
$404B9F5C28F5C29,C043C407DF9C9DA4,C0196R
$404FC,C0396R,40096R
3 3 ->
4 4 36
4 5 75
4 6 52
4 7 -1
4 8 [2][2]
$40143EEE03E1961A,0
$4015F6CFE6536A17,40230CR
4 19 ->
5 20 [4][3]
$3FF,2*0
$0,3FF,0
$2*0,3FF
$40459A18C3494F4R,C035733200A0C3D9,C0196R
5 21 40396R
4 11 ->
5 12 58
5 13 1
5 14 [2][2]
$40143EEE03E1961A,0
$4015F6CFE6536A17,40230CR
4 15 NULL
4 16 77
4 17 -1
4 18 [2][3]
$4049F21297364DA2,C046A8B9EF6F656E,C0196R
$404E857321066BDC,C043C407DF9C9DA2,40096R
3 3 ->
4 4 34
4 5 77
4 6 52
4 7 -1
4 8 [2][2]
$2*0
$4030071CFDB29D36,40230CR
4 9 ->
5 10 [4][3]
$BFEE11F642522D1E,0,BFD5E3A8748A0BE9
$BFD5E3A8748A0BE9,0,3FEE11F642522D1E
$0,3FF,0
$4049F21297364DA3,C046A8B9EF6F656E,C0196R
4 11 ->
5 12 59
5 13 1
5 14 [2][2]
$2*0
$4030071CFDB29D36,40230CR
4 15 NULL
4 16 79
4 17 1
4 18 [2][3]
$40426A3D70A3D70A,C0496R,C0196R
$4049F21297364DA3,C046A8B9EF6F656E,40096R
3 3 ->
4 4 34
4 5 79
4 6 52
4 7 -1
4 8 [2][2]
$2*0
$4031C7AE147AE148,40230CR
4 9 ->
5 10 [4][3]
$BFF,2*0
$2*0,3FF
$0,3FF,0
$40426A3D70A3D70A,C0496R,C0196R
4 11 ->
5 12 60
5 13 1
5 14 [2][2]
$2*0
$4031C7AE147AE148,40230CR
4 15 NULL
4 16 81
4 17 1
4 18 [2][3]
$40330CR,C0496R,C0196R
$40426A3D70A3D70A,C0496R,40096R
3 3 ->
4 4 34
4 5 81
4 6 52
4 7 -1
4 8 [2][2]
$2*0
$4031251EB851EB86,40230CR
4 9 ->
5 10 [4][3]
$2*0,3FF
$3FF,2*0
$0,3FF,0
$40330CR,C0496R,C0196R
4 11 ->
5 12 61
5 13 1
5 14 [2][2]
$2*0
$4031251EB851EB86,40230CR
4 15 NULL
4 16 83
4 17 1
4 18 [2][3]
$40330CR,C0496R,C0196R
$40330CR,C040D3D70A3D70A2,40096R
3 3 ->
4 4 36
4 5 83
4 6 52
4 7 -1
4 8 [2][2]
$3FF921FB54442D18,0
$400921FB54442D18,40230CR
4 19 ->
5 20 [4][3]
$3FF,2*0
$0,3FF,0
$2*0,3FF
$403B4E147AE147AD,C040D3D70A3D70A2,C0196R
5 21 4020828F5C28F5C2
4 11 ->
5 12 62
5 13 1
5 14 [2][2]
$3FF921FB54442D18,0
$400921FB54442D18,40230CR
4 15 NULL
4 16 63
4 17 -1
4 18 [2][3]
$40330CR,C040D3D70A3D70A2,C0196R
$403B4E147AE147AD,C0396R,40096R
@crv_array 22 0
2 22 [29]
3 22 ->
@crv_id 23 1
4 23 3
@feat_id 24 1
4 24 1
@type 25 1
4 25 0
@crv_pnt_dir 26 1
4 26 [2]
$1,-1
@crv_pnt_arr 27 2
4 27 [2][4]
$4*0
$0,C0530CR,40530CR,0
@crv_hdr_geom_ptr[0] 28 1
4 28 0
@crv_hdr_geom_ptr[1] 29 1
4 29 12
@next_crv_hdr_ptr[0] 30 1
4 30 4
@next_crv_hdr_ptr[1] 31 1
4 31 13
@ref_geom[0] 32 1
4 32 20
@ref_geom[1] 33 1
4 33 0
3 22 ->
4 23 4
4 24 1
4 25 0
4 26 [2]
$1,-1
4 27 [2][4]
$0,C0530CR,2*0
$40530CR,C0530CR,40530CR,0
4 28 0
4 29 14
4 30 5
4 31 15
4 32 21
4 33 0
3 22 ->
4 23 5
4 24 1
4 25 0
4 26 [2]
$1,-1
4 27 [2][4]
$40530CR,C0530CR,2*0
$40530CR,0,40530CR,0
4 28 0
4 29 16
4 30 6
4 31 17
4 32 22
4 33 0
3 22 ->
4 23 6
4 24 1
4 25 0
4 26 [2]
$1,-1
4 27 [2][4]
$40530CR,3*0
$2*0,40530CR,0
4 28 0
4 29 18
4 30 3
4 31 19
4 32 23
4 33 0
3 22 ->
4 23 13
4 24 1
4 25 0
4 26 [2]
$1,-1
4 27 [2][4]
$2*0,40530CR,0
$0,3FBB96140AA42C6,40530CR,3FBB96140AA42C6
4 28 0
4 29 18
4 30 8
4 31 6
4 32 24
4 33 0
3 22 ->
4 23 15
4 24 1
4 25 0
4 26 [2]
$1,-1
4 27 [2][4]
$2*0,40530CR,0
$0,3FBB96140AA42C6,40530CR,3FBB96140AA42C6
4 28 14
4 29 0
4 30 9
4 31 3
4 32 0
4 33 26
3 22 ->
4 23 17
4 24 1
4 25 0
4 26 [2]
$1,-1
4 27 [2][4]
$2*0,40530CR,0
$0,3FBB96140AA42C6,40530CR,3FBB96140AA42C6
4 28 16
4 29 0
4 30 10
4 31 4
4 32 0
4 33 28
3 22 ->
4 23 19
4 24 1
4 25 0
4 26 [2]
$1,-1
4 27 [2][4]
$2*0,40530CR,0
$0,3FBB96140AA42C6,40530CR,3FBB96140AA42C6
4 28 18
4 29 0
4 30 11
4 31 5
4 32 0
4 33 30
3 22 ->
4 23 56
4 24 52
4 25 0
4 26 [2]
$1,-1
4 27 [2][4]
$403B4E147AE147AD,C0396R,2*0
$404B9F5C28F5C29,C0396R,403BF0A3D70A3D73,0
4 28 55
4 29 71
4 30 57
4 31 72
4 32 0
4 33 0
3 22 ->
4 23 57
4 24 52
4 25 0
4 26 [2]
$1,-1
4 27 [12][4]
$404B9F5C28F5C29,C0396R,401F6A7A2955385E,0
$404C8099743DFA61,C03996F8B4C6C982,401E8E81F4B2259E,0
$404D577C2E26756C,C03A26740BBCC198,401DB289C00F12DC,0
$404E1A239C9B911B,C03B0E3FF4FD3B24,401CD6918B6C001C,0
$404EBF9D1A559319,C03C43B4B5902B0D,401BFA9956C8ED5C,0
$404F404D62A87D41,C03DB898B1249A2B,401B1EA12225DA9B,0
$404F964A1489DD4A,C03F5BC7CFBC0354,401A42A8ED82C7DA,0
$404FBD9F4F71AAER,C0408CFE99E43FCA,401966B0B8DFB51A,0
$404FB47E36E60B59,C0416F5AFD85E49,40188AB8843CA259,0
$404F7B5239549AF4,C0424A914EEA649F,4017AEC04F998F98,0
$404F14BC1FD7ED2E,C043148DEA1902DB,4016D2C81AF67CD8,0
$404E857321066BDB,C043C407DF9C9DA4,4015F6CFE6536A17,0
4 28 55
4 29 73
4 30 58
4 31 74
4 32 0
4 33 0
3 22 ->
4 23 58
4 24 52
4 25 0
4 26 [2]
$1,-1
4 27 [4][4]
$404E857321066BDC,C043C407DF9C9DA2,4015F6CFE6536A17,0
$404D23CE8C826C7,C044F22EEC3773EF,4015642F4582CE18,0
$404B9AAA5A857E59,C045EAC727091FA2,4014D18EA4B23219,0
$4049F21297364DA2,C046A8B9EF6F656E,40143EEE03E1961A,0
4 28 55
4 29 75
4 30 59
4 31 76
4 32 0
4 33 0
3 22 ->
4 23 59
4 24 52
4 25 0
4 26 [2]
$1,-1
4 27 [2][4]
$4049F21297364DA3,C046A8B9EF6F656E,2*0
$40426A3D70A3D70A,C0496R,4030071CFDB29D36,0
4 28 55
4 29 77
4 30 60
4 31 78
4 32 0
4 33 0
3 22 ->
4 23 60
4 24 52
4 25 0
4 26 [2]
$1,-1
4 27 [2][4]
$40426A3D70A3D70A,C0496R,2*0
$40330CR,C0496R,4031C7AE147AE148,0
4 28 55
4 29 79
4 30 61
4 31 80
4 32 0
4 33 0
3 22 ->
4 23 61
4 24 52
4 25 0
4 26 [2]
$1,-1
4 27 [2][4]
$40330CR,C0496R,2*0
$40330CR,C040D3D70A3D70A2,4031251EB851EB86,0
4 28 55
4 29 81
4 30 62
4 31 82
4 32 0
4 33 0
3 22 ->
4 23 62
4 24 52
4 25 0
4 26 [2]
$1,-1
4 27 [8][4]
$40330CR,C040D3D70A3D70A2,400921FB54442D18,0
$403341C8CA9EDD1,C03FD16E5370903E,4007566960887304,0
$4033DE149C5BBD3B,C03E12C31DB0E0D,40058AD76CCCB8F,0
$4034D9D9E5EE86B1,C03C82124BF5433D,4003BF457910FEDC,0
$40362878B25BA9A6,C03B33737F882048,4001F3B3855544C8,0
$4037B92984174739,C03A37AE35F556D2,4000282191998AB4,0
$403977D4B9D6F6A7,C0399B62643876A8,3FFCB91F3BBBA141,0
$403B4E147AE147AD,C0396R,3FF921FB54442D18,0
4 28 55
4 29 83
4 30 56
4 31 84
4 32 0
4 33 0
3 22 ->
4 23 64
4 24 52
4 25 0
4 26 [2]
$-1,1
4 27 [2][4]
$403B4E147AE147AD,C0396R,0,40230CR
$404B9F5C28F5C29,C0396R,403BF0A3D70A3D73,40230CR
4 28 63
4 29 71
4 30 70
4 31 74
4 32 0
4 33 0
3 22 ->
4 23 65
4 24 52
4 25 0
4 26 [2]
$-1,1
4 27 [12][4]
$404B9F5C28F5C29,C0396R,401F6A7A2955385E,40230CR
$404C8099743DFA61,C03996F8B4C6C982,401E8E81F4B2259E,40230CR
$404D577C2E26756C,C03A26740BBCC198,401DB289C00F12DC,40230CR
$404E1A239C9B911B,C03B0E3FF4FD3B24,401CD6918B6C001C,40230CR
$404EBF9D1A559319,C03C43B4B5902B0D,401BFA9956C8ED5C,40230CR
$404F404D62A87D41,C03DB898B1249A2B,401B1EA12225DA9B,40230CR
$404F964A1489DD4A,C03F5BC7CFBC0354,401A42A8ED82C7DA,40230CR
$404FBD9F4F71AAER,C0408CFE99E43FCA,401966B0B8DFB51A,40230CR
$404FB47E36E60B59,C0416F5AFD85E49,40188AB8843CA259,40230CR
$404F7B5239549AF4,C0424A914EEA649F,4017AEC04F998F98,40230CR
$404F14BC1FD7ED2E,C043148DEA1902DB,4016D2C81AF67CD8,40230CR
$404E857321066BDB,C043C407DF9C9DA4,4015F6CFE6536A17,40230CR
4 28 63
4 29 73
4 30 64
4 31 76
4 32 0
4 33 0
3 22 ->
4 23 66
4 24 52
4 25 0
4 26 [2]
$-1,1
4 27 [4][4]
$404E857321066BDC,C043C407DF9C9DA2,4015F6CFE6536A17,40230CR
$404D23CE8C826C7,C044F22EEC3773EF,4015642F4582CE18,40230CR
$404B9AAA5A857E59,C045EAC727091FA2,4014D18EA4B23219,40230CR
$4049F21297364DA2,C046A8B9EF6F656E,40143EEE03E1961A,40230CR
4 28 63
4 29 75
4 30 65
4 31 78
4 32 0
4 33 0
3 22 ->
4 23 67
4 24 52
4 25 0
4 26 [2]
$-1,1
4 27 [2][4]
$4049F21297364DA3,C046A8B9EF6F656E,0,40230CR
$40426A3D70A3D70A,C0496R,4030071CFDB29D36,40230CR
4 28 63
4 29 77
4 30 66
4 31 80
4 32 0
4 33 0
3 22 ->
4 23 68
4 24 52
4 25 0
4 26 [2]
$-1,1
4 27 [2][4]
$40426A3D70A3D70A,C0496R,0,40230CR
$40330CR,C0496R,4031C7AE147AE148,40230CR
4 28 63
4 29 79
4 30 67
4 31 82
4 32 0
4 33 0
3 22 ->
4 23 69
4 24 52
4 25 0
4 26 [2]
$-1,1
4 27 [2][4]
$40330CR,C0496R,0,40230CR
$40330CR,C040D3D70A3D70A2,4031251EB851EB86,40230CR
4 28 63
4 29 81
4 30 68
4 31 84
4 32 0
4 33 0
3 22 ->
4 23 70
4 24 52
4 25 0
4 26 [2]
$-1,1
4 27 [8][4]
$40330CR,C040D3D70A3D70A2,400921FB54442D18,40230CR
$403341C8CA9EDD1,C03FD16E5370903E,4007566960887304,40230CR
$4033DE149C5BBD3B,C03E12C31DB0E0D,40058AD76CCCB8F,40230CR
$4034D9D9E5EE86B1,C03C82124BF5433D,4003BF457910FEDC,40230CR
$40362878B25BA9A6,C03B33737F882048,4001F3B3855544C8,40230CR
$4037B92984174739,C03A37AE35F556D2,4000282191998AB4,40230CR
$403977D4B9D6F6A7,C0399B62643876A8,3FFCB91F3BBBA141,40230CR
$403B4E147AE147AD,C0396R,3FF921FB54442D18,40230CR
4 28 63
4 29 83
4 30 69
4 31 72
4 32 0
4 33 0
3 22 ->
4 23 72
4 24 52
4 25 0
4 26 [2]
$1,-1
4 27 [2][4]
$2*0,3FF921FB54442D18,0
$0,40230CR,3FF921FB54442D18,40230CR
4 28 71
4 29 83
4 30 64
4 31 62
4 32 0
4 33 0
3 22 ->
4 23 74
4 24 52
4 25 0
4 26 [2]
$1,-1
4 27 [2][4]
$401F6A7A2955385E,0,403BF0A3D70A3D73,0
$401F6A7A2955385E,40230CR,403BF0A3D70A3D73,40230CR
4 28 73
4 29 71
4 30 65
4 31 56
4 32 0
4 33 0
3 22 ->
4 23 76
4 24 52
4 25 0
4 26 [2]
$1,-1
4 27 [2][4]
$4015F6CFE6536A17,0,4015F6CFE6536A17,0
$4015F6CFE6536A17,40230CR,4015F6CFE6536A17,40230CR
4 28 75
4 29 73
4 30 66
4 31 57
4 32 0
4 33 0
3 22 ->
4 23 78
4 24 52
4 25 0
4 26 [2]
$1,-1
4 27 [2][4]
$2*0,40143EEE03E1961A,0
$0,40230CR,40143EEE03E1961A,40230CR
4 28 77
4 29 75
4 30 67
4 31 58
4 32 0
4 33 0
3 22 ->
4 23 80
4 24 52
4 25 0
4 26 [2]
$1,-1
4 27 [2][4]
$2*0,4030071CFDB29D36,0
$0,40230CR,4030071CFDB29D36,40230CR
4 28 79
4 29 77
4 30 68
4 31 59
4 32 0
4 33 0
3 22 ->
4 23 82
4 24 52
4 25 0
4 26 [2]
$1,-1
4 27 [2][4]
$2*0,4031C7AE147AE148,0
$0,40230CR,4031C7AE147AE148,40230CR
4 28 81
4 29 79
4 30 69
4 31 60
4 32 0
4 33 0
3 22 ->
4 23 84
4 24 52
4 25 0
4 26 [2]
$1,-1
4 27 [2][4]
$400921FB54442D18,0,4031251EB851EB86,0
$400921FB54442D18,40230CR,4031251EB851EB86,40230CR
4 28 83
4 29 81
4 30 70
4 31 61
4 32 0
4 33 0
@external_geom 34 0
1 34 
#ActEntity
@Sld_Entities 1 0
0 1 ->
@act_feat_ents 2 0
1 2 [1]
2 2 
@feat_id 3 1
3 3 50
@datum_id 4 1
3 4 -1
@entity_ptr(coord_sys) 5 0
3 5 ->
@type 6 1
4 6 18
@id 7 1
4 7 51
@gen_info 8 0
4 8 
@color 9 1
5 9 1
@sys_type 10 1
4 10 -1
@pnt_type 11 1
4 11 -1
@radius 12 2
4 12 0
@local_sys 13 2
4 13 [4][3]
$3FF,2*0
$0,3FF,0
$2*0,3FF
$0,C0530CR,0
@feat_id 14 1
4 14 50
@entity(text) 15 0
3 15 ->
@text_type 16 1
4 16 34
@text_value 17 10
4 17 CS0
@txt_attrib 18 1
4 18 1
@coord 19 2
4 19 [3]
$40659,405718,C09D9FD12C360878
@owner_id 20 1
4 20 51
@height 21 2
4 21 BFF
@width_factor 22 2
4 22 BFF
@format_info 23 0
4 23 
@thickness 24 2
4 24 BFF
#AllFeatur
@Sld_Features 1 0
0 1 ->
@first_feat_ptr 2 0
1 2 ->
@id 3 1
2 3 1
@indep_attributes 4 1
2 4 4097
@feat_type_ptr 5 0
2 5 ->
@table_id 6 1
3 6 -1
@type 7 1
3 7 942
@feattype_key 8 10
3 8 NULL
@form 9 1
3 9 1024
@attributes 10 1
3 10 [3]
$134217728,65536,0
@placement 11 1
3 11 0
@intersection 12 1
3 12 991
@internal_udf_type 13 1
3 13 -1
@param_choice_ptr 14 0
3 14 ->
@blend_choice 15 1
4 15 0
@depth_choice 16 1
4 16 0
@angle_choice 17 1
4 17 -1
@pat_choice 18 1
4 18 -1
@round_choice 19 1
4 19 -1
@subsec_choice 20 1
4 20 -1
@sweep_choice 21 1
4 21 0
@dome_choice 22 1
4 22 0
@draft_choice 23 1
4 23 0
@misc_choice 24 1
4 24 [2]
$32772,2
@assoc_type 25 1
3 25 0
@symbol_key 26 1
2 26 -1
@sect_name 27 10
2 27 no_name
@model_type 28 1
2 28 2
@idtab_ptr 29 0
2 29 ->
@srf_id_arr 30 1
3 30 [27][4]
$2,204,2*0
$7,203,2*0
$12,200,2*0
$14,200,1,0
$16,200,2,0
$18,200,3,0
$20,2017,3,0
$21,2017,4,0
$22,2017,5,0
$23,2017,6,0
$24,2017,13,0
$25,2017,8,1
$26,2017,15,1
$27,2017,9,1
$28,2017,17,1
$29,2017,10,1
$30,2017,19,1
$31,2017,11,1
$33,252,7,0
$35,2017,34,1
$37,2017,36,1
$39,2017,38,1
$41,2017,40,1
$44,219,8,0
$46,219,11,0
$48,219,10,0
$49,219,9,0
@edg_id_arr 31 1
3 31 [20][6]
$3,221,4*0
$4,221,1,3*0
$5,221,2,3*0
$6,221,3,3*0
$8,222,3*0,44
$9,222,1,2*0,49
$10,222,2,2*0,48
$11,222,3,2*0,46
$13,303,2*0,3,0
$15,303,1,2*0,14
$17,303,2,0,1,16
$19,303,3,0,2,18
$34,243,8,2*0,33
$36,243,9,2*0,33
$38,243,10,2*0,33
$40,243,11,2*0,33
$42,241,11,2*0,46
$43,241,8,2*0,44
$45,241,10,2*0,48
$47,241,9,2*0,49
@misc_id_tab 32 0
3 32 [1]
4 32 
@misc_hist 33 1
5 33 [5]
$32,200,1,-1,501
@save_geoms 34 0
3 34 ->
@new_edges 35 1
4 35 [8]
$34,36,38,40,42,43,45,47
@new_quilts 36 1
4 36 [1]
5 36 32
@sv_frst_geom 37 1
4 37 7
@cr_flags_xar 38 1
3 38 [35]
$3*-1,-2049,2*-1,-16777217,3*-1,-536870913,-1,-1126176897,-2,-2097185,
$-2097665,-1,-1073741843,-1,-1073741825,-257,-261121,-1,-32769,-1,-4194305,
$-1,-234881025,159721757,5,3*0,1732,0
@cvt_feat_dat 39 0
3 39 NULL
@feat_dates_ptr 40 0
3 40 ->
@creat_date 41 1
4 41 180032
@regen_date 42 1
4 42 190036
@group_info_ptr 43 0
2 43 NULL
@intrs_pairs_ptr 44 0
2 44 ->
@place_rec_ptr 45 0
2 45 ->
@local_sys 46 2
3 46 [4][3]
$3FF,2*0
$0,3FF,0
$2*0,3FF
$3*0
@place_instruction_ptrs 47 0
3 47 [1]
4 47 ->
@type 48 1
5 48 887
@offset 49 2
5 49 BFF
@dim_id 50 1
5 50 2
@ref_id 51 1
5 51 -1
@geometry1_id 52 1
5 52 1
@geometry2_id 53 1
5 53 -1
@memb_num1 54 1
5 54 0
@memb_num2 55 1
5 55 0
@attr 56 1
5 56 0
@plin_info_arr 57 0
5 57 [1]
6 57 ->
@type 58 1
7 58 6
@data(plin_info_ui_step) 59 0
7 59 ->
@step_ids 60 1
8 60 [1]
9 60 4
@own_ref_id 61 1
3 61 -1
@orient 62 1
3 62 0
@trf_arr 63 0
3 63 [1]
4 63 
@type 64 1
5 64 12
@idx 65 1
5 65 0
@transf 66 2
5 66 [4][3]
$3FF,2*0
$0,3FF,0
$2*0,3FF
$3*0
@next_prop 67 0
2 67 NULL
@first_geom_id 68 1
2 68 7
@gsec_ptr 69 0
2 69 [1]
3 69 
@type 70 1
4 70 1
@is_ref_gsec 71 1
4 71 0
@name 72 10
4 72 S2D0001
@gsec2d_ptr 73 0
4 73 ->
@name 74 10
5 74 S2D0001
@segtab_ptr 75 0
5 75 [4]
6 75 
@type 76 1
7 76 2
@dir 77 1
7 77 [3]
$0,-1,0
@pointid 78 1
7 78 [2]
$0,1
@cntrid 79 1
7 79 1
@arcorient 80 1
7 80 0
@verhor 81 1
7 81 0
@radius 82 1
7 82 0
@radius2 83 1
7 83 -1
@ext_id 84 1
7 84 0
@gen_info 85 0
7 85 
@ent_spec_data(null_ptr) 86 0
7 86 ->
@known_ent_info 87 0
7 87 
@attr 88 1
8 88 0
@known_ent_id 89 1
8 89 -1
6 75 
7 76 2
7 77 [3]
$1,2*0
7 78 [2]
$1,2
7 79 2
7 80 0
7 81 1
7 82 0
7 83 -1
7 84 1
7 85 
7 86 ->
7 87 
8 88 0
8 89 -1
6 75 
7 76 2
7 77 [3]
$0,1,0
7 78 [2]
$2,3
7 79 3
7 80 0
7 81 0
7 82 0
7 83 -1
7 84 2
7 85 
7 86 ->
7 87 
8 88 0
8 89 -1
6 75 
7 76 2
7 77 [3]
$-1,2*0
7 78 [2]
$3,0
7 79 0
7 80 0
7 81 1
7 82 0
7 83 -1
7 84 3
7 85 
7 86 ->
7 87 
8 88 0
8 89 -1
@dimtab_ptr 90 0
5 90 [2]
6 90 
@type 91 1
7 91 1
@value 92 2
7 92 40530CR
@direct 93 1
7 93 0
@property 94 1
7 94 0
@leftpt 95 1
7 95 [2]
@rightpt 96 1
7 96 [2]
@offset 97 2
7 97 0
@ext_id 98 1
7 98 0
@dispdimattr 99 0
7 99 
@dimattr 100 1
8 100 [4]
$524306,3*0
@dim_ref 101 0
7 101 [2]
8 101 
@item_id 102 1
9 102 3
@sense 103 1
9 103 -1
@point 104 1
9 104 [2]
$2*3
8 101 
9 102 -1
9 103 -1
9 104 [2]
$2*0
6 90 
7 91 1
7 92 40530CR
7 93 0
7 94 0
7 95 [2]
7 96 [2]
7 97 0
7 98 1
7 99 
8 100 [4]
$524306,3*0
7 101 [2]
8 101 
9 102 2
9 103 -1
9 104 [2]
$2*2
8 101 
9 102 -1
9 103 -1
9 104 [2]
$2*3
@relat_ptr 105 0
5 105 [6]
6 105 
@id 106 1
7 106 0
@used 107 1
7 107 1
@a 108 1
7 108 [4]
$0,1,2*-1
@b 109 1
7 109 [4]
$4*0
@c 110 2
7 110 [4]
$3FF,BFF,2*3FF
@sign 111 1
7 111 0
@idim 112 1
7 112 0
@type 113 1
7 113 0
6 105 
7 106 3
7 107 0
7 108 [4]
$3,0,2*-1
7 109 [4]
$2*1,2*0
7 110 [4]
$3FF,BFF,2*3FF
7 111 0
7 112 0
7 113 0
6 105 
7 106 4
7 107 0
7 108 [4]
$3,0,2*-1
7 109 [4]
$4*0
7 110 [4]
$3FF,BFF,2*3FF
7 111 -1
7 112 0
7 113 0
6 105 
7 106 2
7 107 0
7 108 [4]
$2,3,2*-1
7 109 [4]
$4*0
7 110 [4]
$3FF,BFF,2*3FF
7 111 0
7 112 0
7 113 0
6 105 
7 106 5
7 107 0
7 108 [4]
$2,3,2*-1
7 109 [4]
$2*1,2*0
7 110 [4]
$3FF,BFF,2*3FF
7 111 1
7 112 1
7 113 0
6 105 
7 106 1
7 107 0
7 108 [4]
$1,2,2*-1
7 109 [4]
$2*1,2*0
7 110 [4]
$3FF,BFF,2*3FF
7 111 0
7 112 0
7 113 0
@formula_ptr 114 1
5 114 [6]
$0,1,2,3,4,5
@qind 115 1
5 115 0
@anchor 116 0
5 116 NULL
@totalpointid 117 1
5 117 4
@checkarcs_flag 118 1
5 118 1
@location 119 0
5 119 ->
@id 120 1
6 120 0
@param 121 2
6 121 0
@type 122 1
6 122 0
@nsket_info 123 0
5 123 ->
@scale 124 2
6 124 401425F66D442AEA
@m 125 1
6 125 25
@last_was_permanent 126 1
6 126 0
@unsolved_ptr 127 0
5 127 ->
@iges_file 128 10
6 128 NULL
@solve_version 129 1
5 129 1
@segdscr_tab 130 0
5 130 [4]
6 130 
@ent_mode 131 1
7 131 0
@segm_ent_ptr(ent_ptr) 132 0
7 132 ->
6 130 
7 131 0
7 132 ->
6 130 
7 131 0
7 132 ->
6 130 
7 131 0
7 132 ->
@skamp_ptr 133 0
5 133 [8]
6 133 
@id 134 1
7 134 0
@type 135 1
7 135 0
@flags 136 1
7 136 0
@status 137 1
7 137 3
@items 138 0
7 138 [2]
8 138 
@ent_id 139 1
9 139 1
@sense 140 1
9 140 2
8 138 
9 139 0
9 140 3
6 133 
7 134 1
7 135 0
7 136 0
7 137 3
7 138 [2]
8 138 
9 139 2
9 140 2
8 138 
9 139 1
9 140 3
6 133 
7 134 2
7 135 0
7 136 0
7 137 3
7 138 [2]
8 138 
9 139 3
9 140 2
8 138 
9 139 2
9 140 3
6 133 
7 134 3
7 135 0
7 136 0
7 137 3
7 138 [2]
8 138 
9 139 3
9 140 3
8 138 
9 139 0
9 140 2
6 133 
7 134 4
7 135 2
7 136 0
7 137 3
7 138 [1]
8 138 
9 139 0
9 140 0
6 133 
7 134 5
7 135 1
7 136 0
7 137 3
7 138 [1]
8 138 
9 139 1
9 140 0
6 133 
7 134 6
7 135 2
7 136 0
7 137 3
7 138 [1]
8 138 
9 139 2
9 140 0
6 133 
7 134 7
7 135 1
7 136 0
7 137 3
7 138 [1]
8 138 
9 139 3
9 140 0
@triples_ptr 141 0
5 141 [4]
6 141 
@rel_id 142 1
7 142 0
@eqn_id 143 1
7 143 0
@skamp_id 144 1
7 144 4
6 141 
7 142 1
7 143 1
7 144 5
6 141 
7 142 2
7 143 2
7 144 6
6 141 
7 142 3
7 143 3
7 144 7
@order_ptr 145 0
4 145 [4]
5 145 
@id 146 1
6 146 0
@flip 147 1
6 147 2
5 145 
6 146 1
6 147 0
5 145 
6 146 2
6 147 0
5 145 
6 146 3
6 147 4
@dim_id_tab 148 1
4 148 [2]
$0,1
@attributes 149 1
4 149 262144
@xsec_id 150 1
4 150 -1
@gsec_info_arr 151 0
4 151 [1]
5 151 
@application_type 152 1
6 152 2
@application_id 153 1
6 153 1
@secsolve_revnum 154 1
4 154 0
@rel_accuracy 155 2
4 155 BFF
@cr_flags 156 1
4 156 255
@p_saved_result 157 0
4 157 ->
@entity(line) 158 0
5 158 ->
@id 159 1
6 159 0
@gen_info 160 0
6 160 
@end1 161 2
6 161 [3]
$3*0
@end2 162 2
6 162 [3]
$0,C0530CR,0
5 158 ->
6 159 1
6 160 
6 161 [3]
$0,C0530CR,0
6 162 [3]
$40530CR,C0530CR,0
5 158 ->
6 159 2
6 160 
6 161 [3]
$40530CR,C0530CR,0
6 162 [3]
$40530CR,2*0
5 158 ->
6 159 3
6 160 
6 161 [3]
$40530CR,2*0
6 162 [3]
$3*0
@local_sys 163 2
5 163 [4][3]
$3FF,2*0
$0,3FF,0
$2*0,3FF
$3*0
@cond_tbl_idx 164 1
2 164 -1
@comment 165 10
2 165 NULL
@merge_info_ptr 166 0
2 166 NULL
@topology_increment 167 0
2 167 ->
@next_srf 168 0
3 168 [1]
4 168 
@p_srf 169 1
5 169 7
@next_geom_ptr 170 1
5 170 0
@next_crv 171 0
3 171 [4]
4 171 
@p_crv 172 1
5 172 8
@next_crv 173 11
5 173 [2]
$11,15
4 171 
5 172 9
5 173 [2]
$8,17
4 171 
5 172 10
5 173 [2]
$9,19
4 171 
5 172 11
5 173 [2]
$10,13
@crv_geom 174 0
3 174 [4]
4 174 
@p_crv 175 1
5 175 8
@crv_geom 176 11
5 176 [2]
$7,0
4 174 
5 175 9
5 176 [2]
$7,0
4 174 
5 175 10
5 176 [2]
$7,0
4 174 
5 175 11
5 176 [2]
$7,0
@crv_type 177 0
3 177 [8]
4 177 
@p_crv 178 1
5 178 3
@crv_type 179 1
5 179 7
4 177 
5 178 4
5 179 7
4 177 
5 178 5
5 179 7
4 177 
5 178 6
5 179 7
4 177 
5 178 13
5 179 7
4 177 
5 178 15
5 179 7
4 177 
5 178 17
5 179 7
4 177 
5 178 19
5 179 7
@ref_geom 180 0
3 180 [4]
4 180 
@p_crv 181 1
5 181 8
@ref_geom 182 11
5 182 [2]
$0,25
4 180 
5 181 9
5 182 [2]
$0,27
4 180 
5 181 10
5 182 [2]
$0,29
4 180 
5 181 11
5 182 [2]
$0,31
@first_geom 183 1
3 183 0
@first_quilt 184 1
3 184 0
@outline 185 2
3 185 [2][3]
$3*0
$3*0
@max_part_size 186 2
3 186 0
@newobj_table 187 0
3 187 [1]
4 187 
@type 188 1
5 188 1
@data(sheetmetal_pairs) 189 0
5 189 
@-dummy_smtl 190 0
6 190 [6]
7 190 
@oper 191 1
8 191 2
@smtl_info 192 0
8 192 
@geom_id 193 1
9 193 7
@sheetm_type 194 1
9 194 2
@opp_geom_id 195 1
9 195 33
7 190 
8 191 2
8 192 
9 193 33
9 194 3
9 195 7
7 190 
8 191 2
8 192 
9 193 44
9 194 1
9 195 -1
7 190 
8 191 2
8 192 
9 193 46
9 194 1
9 195 -1
7 190 
8 191 2
8 192 
9 193 48
9 194 1
9 195 -1
7 190 
8 191 2
8 192 
9 193 49
9 194 1
9 195 -1
@xform_increment 196 0
3 196 NULL
@roll_back_id 197 1
3 197 -1
@state_ind 198 1
2 198 -1
@alumni_info 199 0
2 199 NULL
@revnum 200 1
2 200 4
@rev_rec 201 0
2 201 ->
@num_plins 202 1
3 202 1
@expl_state_ref 203 0
2 203 NULL
@feat_outl_info 204 0
2 204 NULL
@next_feat_ptr 205 0
1 205 ->
2 3 50
2 4 4097
2 5 ->
3 6 -1
3 7 979
3 8 NULL
3 9 0
3 10 [3]
$3*0
3 11 0
3 12 -1
3 13 -1
3 14 ->
4 15 0
4 16 0
4 17 -1
4 18 -1
4 19 -1
4 20 -1
4 21 0
4 22 0
4 23 0
4 24 [2]
$8,0
3 25 0
2 26 -1
2 27 no_name
2 28 2
2 29 ->
3 32 [1]
4 32 
5 33 [5]
$51,534,0,-1,500
3 34 NULL
3 38 [35]
$3*-1,-2049,2*-1,-16777217,3*-1,-536870913,-1,-1126176897,-2,-2097185,
$-2097665,-1,-1073741843,-1,-1073741825,-257,-261121,-1,-32769,-1,-4194305,
$-1,-234881025,159721757,5,3*0,1732,0
3 39 NULL
3 40 ->
4 41 180032
4 42 190036
2 43 NULL
2 44 ->
2 45 ->
3 46 [4][3]
$3FF,2*0
$0,3FF,0
$2*0,3FF
$0,C0530CR,0
3 47 [5]
4 47 ->
5 48 1200
5 49 3FF
5 50 -1
5 51 -1
5 52 8
5 53 -1
5 54 0
5 55 0
5 56 0
5 57 [1]
6 57 ->
7 58 6
7 59 ->
8 60 [1]
9 60 -100
4 47 ->
5 48 1261
5 49 0
5 50 -1
5 51 -1
5 52 8
5 53 -1
5 54 0
5 55 0
5 56 0
5 57 [1]
6 57 ->
7 58 6
7 59 ->
8 60 [1]
9 60 -100
4 47 ->
5 48 1261
5 49 0
5 50 -1
5 51 -1
5 52 9
5 53 -1
5 54 0
5 55 0
5 56 0
5 57 [1]
6 57 ->
7 58 6
7 59 ->
8 60 [1]
9 60 -100
4 47 ->
5 48 1270
5 49 4
5 50 -1
5 51 -1
5 52 -1
5 53 -1
5 54 0
5 55 0
5 56 0
5 57 [1]
6 57 ->
7 58 6
7 59 ->
8 60 [1]
9 60 -100
4 47 ->
5 48 1271
5 49 BFF
5 50 -1
5 51 -1
5 52 -1
5 53 -1
5 54 0
5 55 0
5 56 0
5 57 [1]
6 57 ->
7 58 6
7 59 ->
8 60 [1]
9 60 -100
3 61 -1
3 62 0
3 63 [1]
4 63 
5 64 10
5 65 0
5 66 [4][3]
$3FF,2*0
$0,3FF,0
$2*0,3FF
$0,C0530CR,0
2 67 NULL
2 68 -1
2 164 -1
2 165 NULL
2 166 NULL
@parent_table 206 1
2 206 [1]
3 206 1
2 167 ->
3 183 7
3 184 32
3 185 [2][3]
$0,C0530CR,C0096R
$40530CR,2*0
3 186 405AF3D4582B5626
3 196 NULL
3 197 -1
2 198 -1
2 199 NULL
2 200 3
2 201 ->
3 202 5
2 203 NULL
2 204 ->
@ent_outl 207 2
3 207 [2][3]
$0,C0530CR,0
$0,C0530CR,0
1 205 ->
2 3 53
2 4 4097
2 5 ->
3 6 -1
3 7 923
3 8 NULL
3 9 0
3 10 [3]
$3,2*0
3 11 0
3 12 -1
3 13 -1
3 14 ->
4 15 0
4 16 0
4 17 -1
4 18 970
4 19 -1
4 20 -1
4 21 0
4 22 0
4 23 0
4 24 [2]
$2*0
3 25 0
2 26 -1
2 27 no_name
2 28 2
2 29 ->
3 30 [1][4]
$54,3*0
3 34 NULL
3 38 [35]
$3*-1,-2049,2*-1,-16777217,3*-1,-536870913,-1,-1126176897,-2,-2097185,
$-2097665,-1,-1073741843,-1,-1073741825,-257,-261121,-1,-32769,-1,-4194305,
$-1,-234881025,159721757,5,3*0,1732,0
3 39 NULL
3 40 ->
4 41 180032
4 42 190036
2 43 NULL
2 44 ->
2 45 ->
3 46 [4][3]
$3FF,2*0
$0,3FF,0
$2*0,3FF
$3*0
3 47 [2]
4 47 ->
5 48 509
5 49 3FF
5 50 -1
5 51 -1
5 52 7
5 53 54
5 54 0
5 55 0
5 56 32768
5 57 [2]
6 57 ->
7 58 1
@data(plin_info_ref) 208 0
7 208 ->
@id_type1 209 1
8 209 -4
@id_type2 210 1
8 210 5
@offset2 211 2
8 211 0
6 57 ->
7 58 6
7 59 ->
8 60 [1]
9 60 -100
4 47 ->
5 48 510
5 49 BFF
5 50 -1
5 51 -1
5 52 49
5 53 54
5 54 0
5 55 0
5 56 32768
5 57 [2]
6 57 ->
7 58 1
7 208 ->
8 209 -4
8 210 5
8 211 0
6 57 ->
7 58 6
7 59 ->
8 60 [1]
9 60 -100
3 61 -1
3 62 1
3 63 [1]
4 63 
5 64 11
5 65 0
5 66 [4][3]
$3FF,2*0
$0,3FF,0
$2*0,3FF
$3*0
2 67 NULL
2 68 54
2 164 -1
2 165 NULL
2 166 NULL
2 206 [1]
3 206 1
2 167 ->
3 183 7
3 184 32
3 185 [2][3]
$0,C0530CR,C0096R
$40530CR,2*0
3 186 405AF3D4582B5626
3 196 NULL
3 197 -1
2 198 -1
2 199 NULL
2 200 1
2 201 ->
3 202 2
2 203 NULL
2 204 NULL
1 205 ->
2 3 52
2 4 1
2 5 ->
3 6 -1
3 7 955
3 8 NULL
3 9 1
3 10 [3]
$3*0
3 11 0
3 12 991
3 13 -1
3 14 ->
4 15 0
4 16 528384
4 17 -1
4 18 -1
4 19 -1
4 20 -1
4 21 0
4 22 0
4 23 0
4 24 [2]
$0,2
3 25 0
2 26 -1
2 27 no_name
2 28 2
2 29 ->
3 30 [16][4]
$55,204,2*0
$63,203,2*0
$71,200,2*0
$73,200,1,0
$75,200,2,0
$77,200,3,0
$79,200,4,0
$81,200,5,0
$83,200,6,0
$101,219,85,0
$103,219,91,0
$105,219,90,0
$107,219,89,0
$109,219,88,0
$111,219,87,0
$112,219,86,0
3 31 [42][6]
$56,221,3*0,55
$57,221,1,2*0,55
$58,221,2,2*0,55
$59,221,3,2*0,55
$60,221,4,2*0,55
$61,221,5,2*0,55
$62,221,6,2*0,55
$64,222,3*0,71
$65,222,1,2*0,73
$66,222,2,2*0,75
$67,222,3,2*0,77
$68,222,4,2*0,79
$69,222,5,2*0,81
$70,222,6,2*0,83
$72,303,2*0,6,71
$74,303,1,2*0,73
$76,303,2,0,1,75
$78,303,3,0,2,77
$80,303,4,0,3,79
$82,303,5,0,4,81
$84,303,6,0,5,83
$85,223,7,71,0,101
$86,223,7,73,0,7
$87,223,7,75,0,7
$88,223,7,77,0,109
$89,223,7,79,0,107
$90,223,7,81,0,105
$91,223,7,83,0,7
$92,243,85,2*0,33
$93,243,86,2*0,112
$94,243,87,2*0,111
$95,243,88,2*0,33
$96,243,89,2*0,33
$97,243,90,2*0,33
$98,243,91,2*0,103
$99,241,91,2*0,103
$100,241,85,2*0,101
$102,241,90,2*0,105
$104,241,89,2*0,107
$106,241,88,2*0,109
$108,241,87,2*0,111
$110,241,86,2*0,112
@dtm_id_tab 212 0
3 212 [1]
4 212 
@dtm_id 213 1
5 213 54
@dim_id 214 1
5 214 -1
3 34 NULL
3 38 [35]
$3*-1,-2049,2*-1,-16777217,3*-1,-536870913,-1,-1126176897,-2,-2097185,
$-2097665,-1,-1073741843,-1,-1073741825,-257,-261121,-1,-32769,-1,-4194305,
$-1,-234881025,159721757,5,3*0,1732,0
3 39 NULL
3 40 ->
4 41 180032
4 42 190036
2 43 NULL
2 44 ->
2 45 ->
3 46 [4][3]
$3FF,2*0
$0,3FF,0
$2*0,3FF
$3*0
3 47 [1]
4 47 ->
5 48 5039
5 49 4
5 50 -1
5 51 -1
5 52 -1
5 53 -1
5 54 0
5 55 0
5 56 0
5 57 [1]
6 57 ->
7 58 6
7 59 ->
8 60 [1]
9 60 1
3 61 -1
3 62 0
3 63 [2]
4 63 
5 64 1
5 65 0
5 66 [4][3]
$3FF,2*0
$0,3FF,0
$2*0,3FF
$3*0
4 63 
5 64 12
5 65 0
5 66 [4][3]
$40396R,2*0
$0,40396R,0
$2*0,40396R
$3*0
2 67 NULL
2 68 -1
2 69 [1]
3 69 
4 70 2
4 71 0
4 72 S2D0001
4 73 ->
5 74 S2D0001
5 75 [9]
6 75 
7 76 2
7 77 [3]
$1,2*0
7 78 [2]
$0,1
7 79 1
7 80 0
7 81 1
7 82 0
7 83 -1
7 84 0
7 85 
7 86 ->
7 87 
8 88 0
8 89 -1
6 75 
7 76 3
7 77 [3]
$-1,1,0
7 78 [2]
$2,1
7 79 3
7 80 0
7 81 -1
7 82 0
7 83 -1
7 84 1
7 85 
7 86 ->
7 87 
8 88 0
8 89 -1
6 75 
7 76 3
7 77 [3]
$2*1,0
7 78 [2]
$4,2
7 79 5
7 80 0
7 81 -1
7 82 1
7 83 -1
7 84 2
7 85 
7 86 ->
7 87 
8 88 0
8 89 -1
6 75 
7 76 2
7 77 [3]
$2*-1,0
7 78 [2]
$4,6
7 79 -1
7 80 0
7 81 2
7 82 0
7 83 -1
7 84 3
7 85 
7 86 ->
7 87 
8 88 0
8 89 -1
6 75 
7 76 2
7 77 [3]
$-1,2*0
7 78 [2]
$6,7
7 79 7
7 80 0
7 81 1
7 82 0
7 83 -1
7 84 4
7 85 
7 86 ->
7 87 
8 88 0
8 89 -1
6 75 
7 76 2
7 77 [3]
$0,1,0
7 78 [2]
$7,8
7 79 8
7 80 0
7 81 0
7 82 0
7 83 -1
7 84 5
7 85 
7 86 ->
7 87 
8 88 0
8 89 -1
6 75 
7 76 3
7 77 [3]
$2*-1,0
7 78 [2]
$0,8
7 79 9
7 80 0
7 81 -1
7 82 2
7 83 -1
7 84 6
7 85 
7 86 ->
7 87 
8 88 0
8 89 -1
6 75 
7 76 32769
7 77 [3]
$3*0
7 78 [2]
$2*0
7 79 10
7 80 0
7 81 0
7 82 0
7 83 -1
7 84 7
7 85 
7 86 ->
7 87 
8 88 0
8 89 -1
6 75 
7 76 32770
7 77 [3]
$0,1,0
7 78 [2]
$11,12
7 79 12
7 80 0
7 81 0
7 82 0
7 83 -1
7 84 8
7 85 
@attributes 215 1
8 215 8
7 86 ->
7 87 
8 88 0
8 89 -1
5 90 [9]
6 90 
7 91 42
7 92 0
7 93 0
7 94 0
7 95 [2]
7 96 [2]
7 97 0
7 98 0
7 99 
8 100 [4]
$4*0
7 101 [2]
8 101 
9 102 7
9 103 3
9 104 [2]
$2*-1
8 101 
9 102 -1
9 103 -1
9 104 [2]
$2*-1
6 90 
7 91 3
7 92 4020828F5C28F5C2
7 93 0
7 94 0
7 95 [2]
7 96 [2]
7 97 0
7 98 1
7 99 
8 100 [4]
$34,3*0
7 101 [2]
8 101 
9 102 1
9 103 4
9 104 [2]
$2*-1
8 101 
9 102 -1
9 103 -1
9 104 [2]
$2*-1
6 90 
7 91 3
7 92 40396R
7 93 0
7 94 0
7 95 [2]
7 96 [2]
7 97 0
7 98 2
7 99 
8 100 [4]
$34,3*0
7 101 [2]
8 101 
9 102 2
9 103 4
9 104 [2]
$2*-1
8 101 
9 102 -1
9 103 -1
9 104 [2]
$2*-1
6 90 
7 91 1
7 92 4031C7AE147AE147
7 93 0
7 94 0
7 95 [2]
7 96 [2]
7 97 0
7 98 3
7 99 
8 100 [4]
$34,3*0
7 101 [2]
8 101 
9 102 4
9 103 4
9 104 [2]
$2*6
8 101 
9 102 -1
9 103 -1
9 104 [2]
$2*7
6 90 
7 91 10
7 92 400657184AE74487
7 93 0
7 94 0
7 95 [2]
7 96 [2]
7 97 0
7 98 4
7 99 
8 100 [4]
$34,3*0
7 101 [2]
8 101 
9 102 3
9 103 3
9 104 [2]
$2*-1
8 101 
9 102 4
9 103 0
9 104 [2]
$2*-1
6 90 
7 91 2
7 92 40396R
7 93 0
7 94 0
7 95 [2]
7 96 [2]
7 97 0
7 98 6
7 99 
8 100 [4]
$34,3*0
7 101 [2]
8 101 
9 102 4
9 103 0
9 104 [2]
$2*10
8 101 
9 102 7
9 103 3
9 104 [2]
$6,7
6 90 
7 91 2
7 92 40330CR
7 93 0
7 94 0
7 95 [2]
7 96 [2]
7 97 0
7 98 7
7 99 
8 100 [4]
$34,3*0
7 101 [2]
8 101 
9 102 5
9 103 0
9 104 [2]
$2*10
8 101 
9 102 7
9 103 3
9 104 [2]
$7,8
6 90 
7 91 5
7 92 40396R
7 93 0
7 94 0
7 95 [2]
7 96 [2]
7 97 0
7 98 8
7 99 
8 100 [4]
$34,3*0
7 101 [2]
8 101 
9 102 0
9 103 -1
9 104 [2]
$0,1
8 101 
9 102 4
9 103 -1
9 104 [2]
$6,7
6 90 
7 91 20
7 92 404FC
7 93 0
7 94 0
7 95 [2]
7 96 [2]
7 97 0
7 98 9
7 99 
8 100 [4]
$34,3*0
7 101 [2]
8 101 
9 102 8
9 103 0
9 104 [2]
$2*3
8 101 
9 102 1
9 103 7
9 104 [2]
$11,12
5 105 [18]
6 105 
7 106 26
7 107 0
7 108 [4]
$4*0
7 109 [4]
$4*0
7 110 [4]
$4*3FF
7 111 1
7 112 1
7 113 14
6 105 
7 106 27
7 107 0
7 108 [4]
$1,3*0
7 109 [4]
$4*0
7 110 [4]
$4*3FF
7 111 1
7 112 2
7 113 14
6 105 
7 106 29
7 107 8
7 108 [4]
$3,4,2*-1
7 109 [4]
$1,2*-1,1
7 110 [4]
$3*BFF,0
7 111 0
7 112 4
7 113 1
6 105 
7 106 30
7 107 1
7 108 [4]
$10,6,2*-1
7 109 [4]
$2*1,2*0
7 110 [4]
$3FF,BFF,2*3FF
7 111 1
7 112 5
7 113 0
6 105 
7 106 25
7 107 1
7 108 [4]
$6,7,2*-1
7 109 [4]
$2*1,2*0
7 110 [4]
$3FF,BFF,2*3FF
7 111 0
7 112 0
7 113 0
6 105 
7 106 31
7 107 1
7 108 [4]
$10,7,2*-1
7 109 [4]
$4*0
7 110 [4]
$3FF,BFF,2*3FF
7 111 1
7 112 6
7 113 0
6 105 
7 106 24
7 107 1
7 108 [4]
$7,8,2*-1
7 109 [4]
$4*0
7 110 [4]
$3FF,BFF,2*3FF
7 111 0
7 112 0
7 113 0
6 105 
7 106 28
7 107 0
7 108 [4]
$6,7,2*-1
7 109 [4]
$4*0
7 110 [4]
$3FF,BFF,2*3FF
7 111 -1
7 112 3
7 113 0
6 105 
7 106 32
7 107 0
7 108 [4]
$0,6,2*-1
7 109 [4]
$2*1,2*0
7 110 [4]
$3FF,BFF,2*3FF
7 111 -1
7 112 7
7 113 0
6 105 
7 106 23
7 107 1
7 108 [4]
$0,1,2*-1
7 109 [4]
$2*1,2*0
7 110 [4]
$3FF,BFF,2*3FF
7 111 0
7 112 0
7 113 0
6 105 
7 106 14
7 107 6
7 108 [4]
$1,0,2,0
7 109 [4]
$3,3*0
7 110 [4]
$4*3FF
7 111 -1
7 112 0
7 113 5
6 105 
7 106 33
7 107 0
7 108 [4]
$3,11,0,-1
7 109 [4]
$2*0,2,1
7 110 [4]
$3FF,BFF,3FF,0
7 111 -1
7 112 8
7 113 0
6 105 
7 106 1
7 107 2
7 108 [4]
$2,1,2*0
7 109 [4]
$3,3*0
7 110 [4]
$3FF,BFF,2*3FF
7 111 1
7 112 0
7 113 6
6 105 
7 106 36
7 107 1
7 108 [4]
$0,2,2*-1
7 109 [4]
$2*2,2*0
7 110 [4]
$3FF,BFF,2*0
7 111 0
7 112 -1
7 113 0
6 105 
7 106 10
7 107 1
7 108 [4]
$0,5,0,8
7 109 [4]
$1,7,9,2
7 110 [4]
$2*4008,4018,3FF
7 111 1
7 112 -1
7 113 29
6 105 
7 106 7
7 107 0
7 108 [4]
$0,8,2*0
7 109 [4]
$9,3*0
7 110 [4]
$2*3FF,BFF,3FF
7 111 1
7 112 2
7 113 6
6 105 
7 106 8
7 107 3
7 108 [4]
$0,8,2*0
7 109 [4]
$9,3*0
7 110 [4]
$2*3FF,BFF,3FF
7 111 1
7 112 2
7 113 6
6 105 
7 106 37
7 107 16
7 108 [4]
$4*0
7 109 [4]
$4*0
7 110 [4]
$4*3FF
7 111 1
7 112 -1
7 113 24
5 114 [18]
$0,1,2,3,4,5,6,7,8,9,10,11,12,13,14,15,16,17
5 115 -1
5 116 NULL
5 117 13
5 118 1
5 119 ->
6 120 0
6 121 0
6 122 0
5 123 ->
@var_arr 216 0
6 216 [19]
7 216 
@type 217 5
8 217 5
@key 218 5
8 218 0
@value 219 2
8 219 0
@guess 220 2
8 220 0
@known 221 7
8 221 1
@homogeneity 222 7
8 222 0
@uvar_id 223 5
8 223 0
7 216 
8 217 5
8 218 9
8 219 BFF921FB54442D18
8 220 BFF921FB54442D18
8 221 1
8 222 0
8 223 0
7 216 
8 217 3
8 218 0
8 219 4020828F5C28F5C2
8 220 3FD47AE147AE147B
8 221 1
8 222 1
8 223 0
7 216 
8 217 1
8 218 2
8 219 404E857321066BDB
8 220 400396CEF8299F8D
8 221 0
8 222 1
8 223 0
7 216 
8 217 2
8 218 2
8 219 C043C407DF9C9DA4
8 220 BFF5068C00ABE5D
8 221 0
8 222 1
8 223 1
7 216 
8 217 1
8 218 3
8 219 404B9F5C28F5C29
8 220 40018DC5706A509
8 221 1
8 222 1
8 223 0
7 216 
8 217 2
8 218 3
8 219 C040D3D70A3D70A2
8 220 BFF1EB851EB851EC
8 221 1
8 222 1
8 223 0
7 216 
8 217 3
8 218 1
8 219 40396R
8 220 3FEDC28F5C28F5C3
8 221 0
8 222 1
8 223 2
7 216 
8 217 1
8 218 4
8 219 4049F21297364DA3
8 220 40001B7652AB2BC4
8 221 0
8 222 1
8 223 3
7 216 
8 217 2
8 218 4
8 219 C046A8B9EF6F656E
8 220 BFFA0FCAE0635842
8 221 0
8 222 1
8 223 4
7 216 
8 217 1
8 218 5
8 219 40459A18C3494F4R
8 220 3FFB59168B4B43FB
8 221 0
8 222 1
8 223 5
7 216 
8 217 2
8 218 5
8 219 C035733200A0C3D9
8 220 BFE8
8 221 0
8 222 1
8 223 6
7 216 
8 217 1
8 218 6
8 219 40426A3D70A3D70A
8 220 3FF7D70A3D70A3D7
8 221 1
8 222 1
8 223 0
7 216 
8 217 2
8 218 6
8 219 C0496R
8 220 BFFCF5C28F5C28F6
8 221 1
8 222 1
8 223 0
7 216 
8 217 4
8 218 2
8 219 400BECDE5DA115A9
8 220 400BCC575D1341DB
8 221 1
8 222 0
8 223 0
7 216 
8 217 0
8 218 2
8 219 40396R
8 220 3FEDC28F5C28F5C3
8 221 1
8 222 1
8 223 11
7 216 
8 217 6
8 218 0
8 219 BFE9595B6F861805
8 220 BFE4DAEAC48A414A
8 221 0
8 222 0
8 223 7
7 216 
8 217 6
8 218 2
8 219 BFF38C35418A5BF7
8 220 BFF3CD4342A60393
8 221 0
8 222 0
8 223 8
7 216 
8 217 6
8 218 3
8 219 BFE9595B6F861809
8 220 BFE4DAEAC48A414D
8 221 0
8 222 0
8 223 9
@eqtn_arr 224 0
6 224 [7]
7 224 
@id 225 1
8 225 0
@fcn_id 226 5
8 226 4
@arg_arr 227 5
8 227 [5]
$8,9,12,13,14
@aux_data 228 1
8 228 -1
7 224 
8 225 1
8 226 0
8 227 [6]
$5,6,3,4,2,16
8 228 -1
7 224 
8 225 3
8 226 0
8 227 [6]
$10,11,8,9,7,17
8 228 -1
7 224 
8 225 4
8 226 0
8 227 [6]
$10,11,3,4,7,18
8 228 -1
7 224 
8 225 8
8 226 5
8 227 [3]
$14,17,1
8 228 -1
7 224 
8 225 11
8 226 5
8 227 [3]
$18,16,0
8 228 -1
7 224 
8 225 16
8 226 2
8 227 [2]
$7,15
8 228 -1
6 124 3FF6A321E293EFAB
@scales 229 2
6 229 [2]
$3FF6A321E293EFAB,4041F7E2E572396F
@guesses 230 2
6 230 [38]
$0,BFF921FB54442D18,3FD47AE147AE147B,400396CEF8299F8D,BFF5068C00ABE5D,
$40018DC5706A509,BFF1EB851EB851EC,3FEDC28F5C28F5C3,40001B7652AB2BC4,
$BFFA0FCAE0635842,3FFB59168B4B43FB,BFE8,3FF7D70A3D70A3D7,BFFCF5C28F5C28F6,
$400BCC575D1341DB,3FEDC28F5C28F5C3,BFE4DAEAC48A414A,BFF3CD4342A60393,
$BFE4DAEAC48A414D,0,BFF921FB54442D18,4020828F5C28F5C2,404E857321066BDB,
$C043C407DF9C9DA4,404B9F5C28F5C29,C040D3D70A3D70A2,40396R,4049F21297364DA3,
$C046A8B9EF6F656E,40459A18C3494F4R,C035733200A0C3D9,40426A3D70A3D70A,C0496R,
$400BECDE5DA115A9,40396R,BFE9595B6F861805,BFF38C35418A5BF7,BFE9595B6F861809
6 125 10
6 126 0
5 127 ->
6 128 NULL
5 129 1
5 130 [9]
6 130 
7 131 0
7 132 ->
6 130 
7 131 0
7 132 ->
6 130 
7 131 0
7 132 ->
6 130 
7 131 0
7 132 ->
6 130 
7 131 0
7 132 ->
6 130 
7 131 0
7 132 ->
6 130 
7 131 0
7 132 ->
6 130 
7 131 0
7 132 ->
6 130 
7 131 0
7 132 ->
5 133 [16]
6 133 
7 134 0
7 135 0
7 136 0
7 137 3
7 138 [2]
8 138 
9 139 1
9 140 3
8 138 
9 139 0
9 140 3
6 133 
7 134 1
7 135 0
7 136 0
7 137 3
7 138 [2]
8 138 
9 139 2
9 140 3
8 138 
9 139 1
9 140 2
6 133 
7 134 2
7 135 0
7 136 0
7 137 3
7 138 [2]
8 138 
9 139 3
9 140 2
8 138 
9 139 2
9 140 2
6 133 
7 134 3
7 135 0
7 136 0
7 137 3
7 138 [2]
8 138 
9 139 4
9 140 2
8 138 
9 139 3
9 140 3
6 133 
7 134 4
7 135 0
7 136 0
7 137 3
7 138 [2]
8 138 
9 139 5
9 140 2
8 138 
9 139 4
9 140 3
6 133 
7 134 5
7 135 0
7 136 0
7 137 3
7 138 [2]
8 138 
9 139 6
9 140 2
8 138 
9 139 0
9 140 2
6 133 
7 134 6
7 135 0
7 136 0
7 137 3
7 138 [2]
8 138 
9 139 6
9 140 3
8 138 
9 139 5
9 140 3
6 133 
7 134 21
7 135 4
7 136 8192
7 137 2
7 138 [2]
8 138 
9 139 1
9 140 3
8 138 
9 139 0
9 140 3
6 133 
7 134 22
7 135 4
7 136 8192
7 137 2
7 138 [2]
8 138 
9 139 2
9 140 2
8 138 
9 139 3
9 140 2
6 133 
7 134 23
7 135 4
7 136 8192
7 137 2
7 138 [2]
8 138 
9 139 6
9 140 2
8 138 
9 139 0
9 140 2
6 133 
7 134 24
7 135 4
7 136 8192
7 137 2
7 138 [2]
8 138 
9 139 6
9 140 3
8 138 
9 139 5
9 140 3
6 133 
7 134 25
7 135 4
7 136 32768
7 137 2
7 138 [2]
8 138 
9 139 1
9 140 2
8 138 
9 139 2
9 140 3
6 133 
7 134 7
7 135 1
7 136 0
7 137 3
7 138 [1]
8 138 
9 139 0
9 140 0
6 133 
7 134 9
7 135 2
7 136 0
7 137 3
7 138 [1]
8 138 
9 139 5
9 140 0
6 133 
7 134 26
7 135 6
7 136 0
7 137 2
7 138 [2]
8 138 
9 139 1
9 140 0
8 138 
9 139 6
9 140 0
6 133 
7 134 27
7 135 1
7 136 0
7 137 3
7 138 [1]
8 138 
9 139 4
9 140 0
5 141 [21]
6 141 
7 142 10
7 143 -1
7 144 23
6 141 
7 142 10
7 143 -1
7 144 24
6 141 
7 142 11
7 143 -1
7 144 24
6 141 
7 142 11
7 143 -1
7 144 23
6 141 
7 142 12
7 143 -1
7 144 21
6 141 
7 142 12
7 143 -1
7 144 23
6 141 
7 142 13
7 143 -1
7 144 23
6 141 
7 142 13
7 143 -1
7 144 21
6 141 
7 142 14
7 143 7
7 144 21
6 141 
7 142 15
7 143 7
7 144 21
6 141 
7 142 16
7 143 8
7 144 22
6 141 
7 142 17
7 143 8
7 144 22
6 141 
7 142 18
7 143 9
7 144 23
6 141 
7 142 19
7 143 9
7 144 23
6 141 
7 142 20
7 143 10
7 144 24
6 141 
7 142 21
7 143 10
7 144 24
6 141 
7 142 22
7 143 11
7 144 25
6 141 
7 142 23
7 143 12
7 144 7
6 141 
7 142 24
7 143 13
7 144 9
6 141 
7 142 25
7 143 14
7 144 27
6 141 
7 142 36
7 143 22
7 144 26
@gsec3d_ptr 231 0
4 231 ->
@type 232 1
5 232 7
@name 233 10
5 233 S2D0001
@flip 234 1
5 234 1
@own_ref_id 235 1
5 235 -1
@first_chain_ptr 236 0
5 236 NULL
@first_offs_chain_ptr 237 0
5 237 NULL
@quilt_id 238 1
5 238 -1
@plane_id 239 1
5 239 54
@plane_flip 240 1
5 240 1
@ref_planes 241 0
5 241 [2]
6 241 
@plane_id 242 1
7 242 51
@ref_type 243 1
7 243 25
@ext_ref_id 244 1
7 244 -1
@seg_id 245 1
7 245 7
@flip_flag 246 1
7 246 0
@save_entity_ptr(point) 247 0
7 247 ->
@type 248 1
8 248 32769
@id 249 1
8 249 -1
@gen_info 250 0
8 250 
@flip 251 1
8 251 1
@pnt 252 2
8 252 [3]
$0,C0530CR,0
@ref_id 253 1
8 253 -1
@feat_id 254 1
8 254 -1
@back_entity_ptr(point) 255 0
7 255 ->
8 248 32769
8 249 -1
8 250 
8 251 1
8 252 [3]
$0,C0530CR,0
8 253 -1
8 254 -1
6 241 
7 242 44
7 243 5
7 244 -1
7 245 8
7 246 0
@save_entity_ptr(line) 256 0
7 256 ->
@type 257 1
8 257 32770
8 159 0
8 160 
9 215 8
8 161 [3]
$0,C0430CR,0
8 162 [3]
$0,404EF3R,0
@back_entity_ptr(line) 258 0
7 258 ->
8 257 32770
8 159 0
8 160 
9 215 8
8 161 [3]
$0,C0430CR,0
8 162 [3]
$0,404EF3R,0
4 145 [7]
5 145 
6 146 0
6 147 34
5 145 
6 146 1
6 147 1
5 145 
6 146 2
6 147 1
5 145 
6 146 3
6 147 0
5 145 
6 146 4
6 147 0
5 145 
6 146 5
6 147 0
5 145 
6 146 6
6 147 5
4 148 [9]
$3,4,5,6,7,8,9,10,11
4 149 262144
4 150 -1
4 151 [1]
5 151 
6 152 2
6 153 1
4 154 0
4 155 BFF
4 156 255
4 157 ->
5 158 ->
6 159 0
6 160 
6 161 [3]
$403B4E147AE147AD,C0396R,0
6 162 [3]
$404B9F5C28F5C29,C0396R,0
@entity(arc) 259 0
5 259 ->
@id 260 1
6 260 1
@gen_info 261 0
6 261 
@center 262 2
6 262 [3]
$404B9F5C28F5C29,C040D3D70A3D70A2,0
@radius 263 2
6 263 4020828F5C28F5C2
@end1 264 2
6 264 [3]
$404E857321066BDB,C043C407DF9C9DA4,0
@end2 265 2
6 265 [3]
$404B9F5C28F5C29,C0396R,0
@t0 266 2
6 266 4015F6CFE6536A17
@t1 267 2
6 267 401F6A7A2955385E
5 259 ->
6 260 2
6 261 
6 262 [3]
$40459A18C3494F4R,C035733200A0C3D9,0
6 263 40396R
6 264 [3]
$4049F21297364DA3,C046A8B9EF6F656E,0
6 265 [3]
$404E857321066BDB,C043C407DF9C9DA4,0
6 266 40143EEE03E1961A
6 267 4015F6CFE6536A17
5 158 ->
6 159 3
6 160 
6 161 [3]
$4049F21297364DA3,C046A8B9EF6F656E,0
6 162 [3]
$40426A3D70A3D70A,C0496R,0
5 158 ->
6 159 4
6 160 
6 161 [3]
$40426A3D70A3D70A,C0496R,0
6 162 [3]
$40330CR,C0496R,0
5 158 ->
6 159 5
6 160 
6 161 [3]
$40330CR,C0496R,0
6 162 [3]
$40330CR,C040D3D70A3D70A2,0
5 259 ->
6 260 6
6 261 
6 262 [3]
$403B4E147AE147AD,C040D3D70A3D70A2,0
6 263 4020828F5C28F5C2
6 264 [3]
$403B4E147AE147AD,C0396R,0
6 265 [3]
$40330CR,C040D3D70A3D70A2,0
6 266 3FF921FB54442D18
6 267 400921FB54442D18
@entity(point) 268 0
5 268 ->
6 248 32769
6 249 7
6 250 
6 251 1
6 252 [3]
$0,C0530CR,0
6 253 -1
6 254 -1
5 158 ->
6 257 32770
6 159 8
6 160 
7 215 8
6 161 [3]
$0,C0430CR,0
6 162 [3]
$0,404EF3R,0
5 163 [4][3]
$3FF,2*0
$0,3FF,0
$2*0,3FF
$3*0
2 164 -1
2 165 NULL
2 166 NULL
2 206 [3]
$1,50,53
2 167 ->
3 168 [1]
4 168 
5 169 33
5 170 0
@contours 269 0
3 269 [2]
4 269 
@p_srf 270 1
5 270 7
@start_crv_arr 271 11
5 271 [1]
6 271 8
4 269 
5 270 33
5 271 [1]
6 271 34
@qlt_attr 272 0
3 272 [1]
4 272 
@p_quilt 273 1
5 273 32
@attr 274 1
5 274 0
3 183 7
3 184 32
3 185 [2][3]
$0,C0530CR,C0096R
$40530CR,2*0
3 186 405AF3D4582B5626
3 187 [1]
4 187 
5 188 1
5 189 
6 190 [7]
7 190 
8 191 2
8 192 
9 193 101
9 194 1
9 195 -1
7 190 
8 191 2
8 192 
9 193 103
9 194 1
9 195 -1
7 190 
8 191 2
8 192 
9 193 105
9 194 1
9 195 -1
7 190 
8 191 2
8 192 
9 193 107
9 194 1
9 195 -1
7 190 
8 191 2
8 192 
9 193 109
9 194 1
9 195 -1
7 190 
8 191 2
8 192 
9 193 111
9 194 1
9 195 -1
7 190 
8 191 2
8 192 
9 193 112
9 194 1
9 195 -1
3 196 NULL
3 197 -1
2 198 -1
2 199 NULL
2 200 3
2 201 ->
@revnums 275 0
3 275 [2]
4 275 ->
@owner_type 276 1
5 276 4
@owner_ind 277 1
5 277 0
@ref_id 278 1
5 278 0
@ref_revnum 279 1
5 279 3
4 275 ->
5 276 4
5 277 0
5 278 1
5 279 4
3 202 1
2 203 NULL
2 204 NULL
1 205 NULL
@layer_list 280 0
1 280 [4]
2 280 
@feat_id 281 1
3 281 1
@layer_id 282 1
3 282 0
@back_layer_id 283 1
3 283 0
2 280 
3 281 50
3 282 0
3 283 0
2 280 
3 281 53
3 282 0
3 283 0
2 280 
3 281 52
3 282 0
3 283 0
#FullMData
@Sld_FullData 1 0
0 1 ->
@first_member_ptr 2 0
1 2 NULL
@alumni_members 3 0
1 3 NULL
@first_xsec_ptr 4 0
1 4 NULL
@lang_ptr 5 0
1 5 ->
@interact_on 6 1
2 6 -1
@first_csys_ptr 7 0
1 7 NULL
@dim_array 8 0
1 8 [12]
2 8 ->
@type 9 1
3 9 8
@dim_type 10 1
3 10 1
@feat_id 11 1
3 11 1
@attributes 12 1
3 12 289
@dim_dat_ptr 13 0
3 13 ->
@value 14 2
4 14 40530CR
@bck_value 15 2
4 15 40530CR
@tol_ptr 16 0
4 16 ->
@type 17 1
5 17 9
@tol_type 18 1
5 18 3
@dual_digits_diff 19 1
5 19 999
@value 20 2
5 20 [2]
$2*3FD04189374BC6A8
@digits 21 1
5 21 -1
@nominal_value 22 2
4 22 40530CR
@bound 23 1
4 23 20
@bck_bound 24 1
4 24 -1
@bck_tol_ptr 25 0
4 25 ->
@value 26 2
5 26 [2]
$2*3FD04189374BC6A8
@datum_def_id 27 1
4 27 -1
@places_denom 28 1
4 28 2
@bck_places_denom 29 1
4 29 2
@dim_data_attrib 30 1
4 30 0
@dim_cosm_ptr 31 0
3 31 ->
@d0 32 2
4 32 3FDE1E1E1E1E1E1F
@d1 33 2
4 33 405008676F31219F
@d2 34 2
4 34 3FE0F0F0F0F0F0F1
@d3 35 2
4 35 403B1EDB6DB6DB73
@ord_info 36 0
4 36 NULL
@attach_ptr 37 0
3 37 NULL
@dim_text_ptr 38 0
3 38 ->
@symbol 39 10
4 39 d0
@parent_dim_id 40 1
3 40 -1
2 8 ->
3 9 8
3 10 1
3 11 1
3 12 289
3 13 ->
4 14 40530CR
4 15 40530CR
4 16 ->
5 17 9
5 18 3
5 19 999
5 20 [2]
$2*3FD04189374BC6A8
5 21 -1
4 22 40530CR
4 23 20
4 24 -1
4 25 ->
5 26 [2]
$2*3FD04189374BC6A8
4 27 -1
4 28 2
4 29 2
4 30 0
3 31 ->
4 32 404F64E0412441D4
4 33 3FDEA3677D46CEFA
4 34 3FDEA3677D46CEFA
4 35 403B1EDB6DB6DB73
4 36 NULL
3 37 NULL
3 38 ->
4 39 d1
3 40 -1
2 8 ->
3 9 8
3 10 209
3 11 1
3 12 257
3 13 ->
4 14 C0096R
4 15 C0096R
4 16 ->
5 17 9
5 18 3
5 19 999
5 20 [2]
$2*3FD04189374BC6A8
5 21 -1
4 22 C0096R
4 23 20
4 24 -1
4 25 ->
5 26 [2]
$2*3FD04189374BC6A8
4 27 -1
4 28 2
4 29 2
4 30 4
3 31 ->
4 32 0
4 33 0
4 34 0
4 35 0
4 36 NULL
3 37 NULL
3 38 ->
4 39 d2
@line_array 41 0
4 41 [1]
5 41 
@text_array 42 0
6 42 [2]
7 42 
@text_type 43 1
8 43 61
@text_value 44 10
8 44 
@txt_attrib 45 1
8 45 1025
@owner_id 46 1
8 46 2
@height 47 2
8 47 BFF
@width_factor 48 2
8 48 BFF
@format_info 49 0
8 49 
@thickness 50 2
8 50 BFF
7 42 
8 43 58
8 44 THICK
8 45 1024
8 46 2
8 47 BFF
8 48 BFF
8 49 
8 50 BFF
3 40 -1
2 8 ->
3 9 8
3 10 42
3 11 52
3 12 32
3 13 ->
4 14 0
4 15 0
4 16 ->
5 17 9
5 18 3
5 19 999
5 20 [2]
$2*3F847AE147AE147B
5 21 -1
4 22 0
4 23 20
4 24 -1
4 25 ->
5 26 [2]
$2*3F847AE147AE147B
4 27 -1
4 28 2
4 29 2
4 30 0
3 31 ->
4 32 0
4 33 0
4 34 0
4 35 0
4 36 NULL
3 37 NULL
3 38 ->
4 39 d3
3 40 -1
2 8 ->
3 9 8
3 10 3
3 11 52
3 12 289
3 13 ->
4 14 4020828F5C28F5C2
4 15 4020828F5C28F5C2
4 16 ->
5 17 9
5 18 3
5 19 999
5 20 [2]
$2*3FD04189374BC6A8
5 21 -1
4 22 4020828F5C28F5C2
4 23 20
4 24 -1
4 25 ->
5 26 [2]
$2*3FD04189374BC6A8
4 27 -1
4 28 2
4 29 2
4 30 0
3 31 ->
4 32 3FD4CR
4 33 404C57D69C361081
4 34 3FCC44A055224BC
4 35 403B1EDB6DB6DB72
4 36 NULL
3 37 NULL
3 38 ->
4 39 d4
4 41 [1]
5 41 
6 42 [2]
7 42 
8 43 54
8 44 R
8 45 1
8 46 4
8 47 BFF
8 48 BFF
8 49 
8 50 BFF
7 42 
8 43 61
8 44 
8 45 1
8 46 4
8 47 BFF
8 48 BFF
8 49 
8 50 BFF
3 40 -1
2 8 ->
3 9 8
3 10 3
3 11 52
3 12 289
3 13 ->
4 14 40396R
4 15 40396R
4 16 ->
5 17 9
5 18 3
5 19 999
5 20 [2]
$2*3FD04189374BC6A8
5 21 -1
4 22 40396R
4 23 20
4 24 -1
4 25 ->
5 26 [2]
$2*3FD04189374BC6A8
4 27 -1
4 28 2
4 29 2
4 30 0
3 31 ->
4 32 3FF
4 33 405188888B3F5078
4 34 3F97699689CEBD
4 35 403B1EDB6DB6DB72
4 36 NULL
3 37 NULL
3 38 ->
4 39 d5
4 41 [1]
5 41 
6 42 [2]
7 42 
8 43 54
8 44 R
8 45 1
8 46 5
8 47 BFF
8 48 BFF
8 49 
8 50 BFF
7 42 
8 43 61
8 44 
8 45 1
8 46 5
8 47 BFF
8 48 BFF
8 49 
8 50 BFF
3 40 -1
2 8 ->
3 9 8
3 10 1
3 11 52
3 12 289
3 13 ->
4 14 4031C7AE147AE147
4 15 4031C7AE147AE147
4 16 ->
5 17 9
5 18 3
5 19 999
5 20 [2]
$2*3FD04189374BC6A8
5 21 -1
4 22 4031C7AE147AE147
4 23 20
4 24 -1
4 25 ->
5 26 [2]
$2*3FD04189374BC6A8
4 27 -1
4 28 2
4 29 2
4 30 0
3 31 ->
4 32 3FDE179A0791EAA5
4 33 3FD3A817D1199881
4 34 3FDC8D8880666A1A
4 35 403B1EDB6DB6DB72
4 36 NULL
3 37 NULL
3 38 ->
4 39 d6
3 40 -1
2 8 ->
3 9 8
3 10 10
3 11 52
3 12 289
3 13 ->
4 14 4064
4 15 4064
4 16 ->
5 17 9
5 18 3
5 19 999
5 20 [2]
$2*3FE
5 21 -1
4 22 4064
4 23 20
4 24 -1
4 25 ->
5 26 [2]
$2*3FE
4 27 -1
4 28 2
4 29 1
4 30 0
3 31 ->
4 32 40533D576C41DE9
4 33 40533D576C41DE9
4 34 3FE21299B9D55DA
4 35 0
4 36 NULL
3 37 NULL
3 38 ->
4 39 d7
3 40 -1
2 8 ->
3 9 8
3 10 2
3 11 52
3 12 289
3 13 ->
4 14 40396R
4 15 40396R
4 16 ->
5 17 9
5 18 3
5 19 999
5 20 [2]
$2*3FD04189374BC6A8
5 21 -1
4 22 40396R
4 23 20
4 24 -1
4 25 ->
5 26 [2]
$2*3FD04189374BC6A8
4 27 -1
4 28 2
4 29 2
4 30 0
3 31 ->
4 32 C053222C583FD23A
4 33 3FD1661F94090708
4 34 3FDFD57C7A273E4A
4 35 403B1EDB6DB6DB72
4 36 NULL
3 37 NULL
3 38 ->
4 39 d8
3 40 -1
2 8 ->
3 9 8
3 10 2
3 11 52
3 12 289
3 13 ->
4 14 40330CR
4 15 40330CR
4 16 ->
5 17 9
5 18 3
5 19 999
5 20 [2]
$2*3FD04189374BC6A8
5 21 -1
4 22 40330CR
4 23 20
4 24 -1
4 25 ->
5 26 [2]
$2*3FD04189374BC6A8
4 27 -1
4 28 2
4 29 2
4 30 0
3 31 ->
4 32 3FC3277584EE4E6
4 33 3FD37BA2428E799B
4 34 3FE0F360596608D1
4 35 403B1EDB6DB6DB72
4 36 NULL
3 37 NULL
3 38 ->
4 39 d9
3 40 -1
2 8 ->
3 9 8
3 10 5
3 11 52
3 12 289
3 13 ->
4 14 40396R
4 15 40396R
4 16 ->
5 17 9
5 18 3
5 19 999
5 20 [2]
$2*3FD04189374BC6A8
5 21 -1
4 22 40396R
4 23 20
4 24 -1
4 25 ->
5 26 [2]
$2*3FD04189374BC6A8
4 27 -1
4 28 2
4 29 2
4 30 0
3 31 ->
4 32 C0542412441CD45F
4 33 3FEA10FB785C93D1
4 34 3FD9D980B95AF329
4 35 403B1EDB6DB6DB72
4 36 NULL
3 37 NULL
3 38 ->
4 39 d10
3 40 -1
2 8 ->
3 9 8
3 10 20
3 11 52
3 12 289
3 13 ->
4 14 404FC
4 15 404FC
4 16 ->
5 17 9
5 18 3
5 19 999
5 20 [2]
$2*3FD04189374BC6A8
5 21 -1
4 22 404FC
4 23 20
4 24 -1
4 25 ->
5 26 [2]
$2*3FD04189374BC6A8
4 27 -1
4 28 2
4 29 2
4 30 0
3 31 ->
4 32 3FDB5B5A207D480E
4 33 405E5C4F019874AB
4 34 3FDB5B5A207D480E
4 35 403B1EDB6DB6DB72
4 36 NULL
3 37 NULL
3 38 ->
4 39 d11
3 40 -1
@ipar_num 51 1
1 51 0
@smt_info_ptr 52 0
1 52 ->
@table_id 53 1
2 53 -1
@thicken_feat 54 0
2 54 NULL
@quilt_id 55 1
2 55 -1
@prev_feat_id 56 1
2 56 -1
@def_y_factor 57 2
2 57 3FE
@fixed_geom_id 58 1
2 58 -1
@def_radius 59 2
2 59 BFF
@cur_rule 60 1
2 60 0
@cable_info_ptr 61 0
1 61 NULL
@comp_info_ptr 62 0
1 62 NULL
@prt_misc_ptr 63 0
1 63 ->
@shrink_data_ptr 64 0
2 64 NULL
@smtl_geom_info 65 0
1 65 [13]
2 65 
@geom_id 66 1
3 66 7
@sheetm_type 67 1
3 67 2
@opp_geom_id 68 1
3 68 33
2 65 
3 66 33
3 67 3
3 68 7
2 65 
3 66 44
3 67 1
3 68 -1
2 65 
3 66 46
3 67 1
3 68 -1
2 65 
3 66 48
3 67 1
3 68 -1
2 65 
3 66 49
3 67 1
3 68 -1
2 65 
3 66 101
3 67 1
3 68 -1
2 65 
3 66 103
3 67 1
3 68 -1
2 65 
3 66 105
3 67 1
3 68 -1
2 65 
3 66 107
3 67 1
3 68 -1
2 65 
3 66 109
3 67 1
3 68 -1
2 65 
3 66 111
3 67 1
3 68 -1
2 65 
3 66 112
3 67 1
3 68 -1
@expld_mv_info 69 0
1 69 NULL
@state_info_ptr 70 0
1 70 NULL
@alumni_feats 71 0
1 71 NULL
@p_mdl_grid 72 0
1 72 NULL
@mdl_status_ptr 73 0
1 73 NULL
@appl_info_arr 74 0
1 74 [2]
2 74 
@id 75 1
3 75 -1
@type 76 1
3 76 13
2 74 
3 75 -1
3 76 14
@ribbon_info_ptr 77 0
1 77 NULL
@p_xref_data 78 0
1 78 ->
@first_analysis_feat 79 0
1 79 NULL
#ModelView#0
@View 1 0
0 1 ->
@id 2 1
1 2 0
@viewattr 3 0
1 3 
@attr_arr 4 1
2 4 [4]
$1,3*0
@mpoint 5 0
1 5 
@id 6 1
2 6 0
@coord 7 2
2 7 [3]
$40430CR,C0430CR,BFF96R
@first_instr_ptr 8 0
2 8 NULL
@attach_ptr 9 0
2 9 NULL
@vpoint 10 0
1 10 
2 6 0
2 7 [3]
$407F4,407A5E,0
2 8 NULL
2 9 NULL
@orient 11 2
1 11 [4][4]
$3FF,3*0
$0,3FF,2*0
$2*0,3FF,0
$3*0,3FF
@local_sys 12 2
1 12 [4][4]
$4021B76EDDBB76EF,3*0
$0,4021B76EDDBB76EF,2*0
$2*0,4021B76EDDBB76EF,0
$40645,4087BB,C09D9FD12C360878,3FF
@world_matrix_ptr 13 0
1 13 ->
@world_matrix 14 2
2 14 [4][4]
$406C2,3*0
$0,406C2,2*0
$2*0,406C2,0
$40645,4087BB,0,3FF
@model2world 15 2
2 15 [4][4]
$406C2,3*0
$0,406C2,2*0
$2*0,406C2,0
$40645,4087BB,0,3FF
@first_instr_ptr 16 0
1 16 ->
@type 17 1
2 17 100
@geom_id 18 1
2 18 -1
@view_id 19 1
2 19 -1
@memb_num 20 1
2 20 0
@offset 21 2
2 21 0
@matrix 22 0
2 22 NULL
@next_instr_ptr 23 0
1 23 ->
2 17 115
2 18 54
2 19 -1
2 20 0
2 21 0
2 22 NULL
1 23 ->
2 17 301
2 18 -1
2 19 -1
2 20 0
2 21 4021B76EDDBB76EF
2 22 NULL
1 23 NULL
@outer_xsec_index 24 1
1 24 -1
@next_view_id 25 1
1 25 -2
@simp_rep_id 26 1
1 26 0
@name 27 10
1 27 no name
@fit_outline 28 2
1 28 [2][3]
$4059,405518,C03C2
$408C2,4087BB,0
@det_info_ptr 29 0
1 29 NULL
@named_view_pzmatr 30 0
1 30 NULL
@page_id 31 1
1 31 0
@model_name 32 10
1 32 NULL
@unrep_model_name 33 10
1 33 NULL
@saved_pro_dls 34 0
1 34 ->
@pro_dls 35 0
2 35 [7]
3 35 
@pro_dl_data 36 0
4 36 ->
@appl_type 37 1
5 37 1
@dl_type 38 1
5 38 5
@dl_id 39 1
5 39 0
3 35 
4 36 ->
5 37 42
5 38 7
5 39 0
3 35 
4 36 ->
5 37 46
5 38 5
5 39 1
3 35 
4 36 ->
5 37 47
5 38 7
5 39 0
3 35 
4 36 ->
5 37 48
5 38 8
5 39 0
3 35 
4 36 ->
5 37 49
5 38 7
5 39 0
3 35 
4 36 ->
5 37 64
5 38 7
5 39 0
@explode_state 40 0
1 40 NULL
#DispDataColor
@ref_color_table 1 0
0 1 
#DispDataTable
@disp_data_table 1 0
0 1 
@disp_data_arr 2 0
1 2 [1]
2 2 
@disp_data 3 0
3 3 ->
@wire 4 0
4 4 
@disp_list_version 5 1
5 5 137
@visibility 6 1
5 6 16
@status_mask 7 1
5 7 3
@creation_scale 8 2
5 8 0
@view_matrix 9 2
5 9 [4][4]
$3FF,3*0
$0,3FF,2*0
$2*0,3FF,0
$3*0,3FF
@outline 10 2
5 10 [2][3]
$0,C0530CCCC,C00966666
$40530CCCC,2*0
@dl_block_mem_size 11 0
5 11 
@dl_block_mem_size 12 1
6 12 32768
@list 13 0
5 13 ->
@ptr 14 0
6 14 [13]
7 14 
@data(dl_gc) 15 0
8 15 ->
@header 16 0
9 16 
@header 17 0
10 17 
@type 18 5
11 18 53
@count 19 5
11 19 1
@size 20 1
11 20 36
@int_data 21 1
9 21 [5]
$10,2,0,1,0
@linewidth 22 6
9 22 0
7 14 
@data(dl_arc3) 23 0
8 23 ->
@dl_header 24 0
9 24 
10 17 
11 18 43
11 19 1
11 20 140
@array 25 6
9 25 [15]
$4104147B,41DA70A4,C2069EB8,258,0,3FC90FDB,2*0,3F8,41DA70A4,C1CB3R,258,
$41986R,C2069EB8,258
@matrix 26 6
9 26 [4][4]
$3F8,3*0
$0,3F8,2*0
$2*0,3F8,0
$4*0
7 14 
8 23 ->
9 24 
10 17 
11 18 43
11 19 1
11 20 140
9 25 [15]
$41CB3R,422CD0C6,C1AB999,2*0,3EDBF0F1,2*0,3F8,424F9095,C23545CF,0,42742B9R,
$C21E203F,0
9 26 [4][4]
$3F8,3*0
$0,3F8,2*0
$2*0,3F8,0
$4*0
7 14 
8 23 ->
9 24 
10 17 
11 18 43
11 19 1
11 20 140
9 25 [15]
$4104147B,425CFAE1,C2069EB8,258,0,40173AA4,2*0,3F8,42742B9R,C21E203F,258,
$425CFAE1,C1CB3R,258
9 26 [4][4]
$3F8,3*0
$0,3F8,2*0
$2*0,3F8,0
$4*0
7 14 
@data(dl_header) 27 0
8 27 ->
9 17 
10 18 1024
10 19 220
10 20 12
7 14 
@data(dl_multi_line) 28 0
8 28 ->
@dl_multi_line 29 0
9 29 
@dl_header 30 0
10 30 
11 17 
12 18 26
12 19 16
12 20 220
@midpnt 31 6
10 31 [4]
$425786B1,42186R,C2186R,0
@points 32 6
10 32 [48]
$4*0,C2986R,0,42986R,5*0,42986R,C2986R,0,42986R,3*0,C2986R,0,42986R,C2986R,
$0,41DA70A4,C1CB3R,0,425CFAE1,C1CB3R,0,41986R,C24B3R,0,41986R,C2069EB8,0,
$421351EC,C24B3R,0,41986R,C24B3R,0,424F9095,C23545CF,0,421351EC,C24B3R,0
7 14 
@data(dl_int) 33 0
8 33 ->
@dl_header 34 0
9 34 
10 17 
11 18 4
11 19 1
11 20 16
@value_int 35 1
9 35 2
7 14 
8 23 ->
9 24 
10 17 
11 18 43
11 19 1
11 20 140
9 25 [15]
$4104147B,425CFAE1,C2069EB8,C04B3R,0,40173AA4,2*0,3F8,42742B9R,C21E203F,
$C04B3R,425CFAE1,C1CB3R,C04B3R
9 26 [4][4]
$3F8,3*0
$0,3F8,2*0
$2*0,3F8,0
$4*0
7 14 
8 23 ->
9 24 
10 17 
11 18 43
11 19 1
11 20 140
9 25 [15]
$41CB3R,422CD0C6,C1AB999,C04B3R,0,3EDBF0F1,2*0,3F8,424F9095,C23545CF,
$C04B3R,42742B9R,C21E203F,C04B3R
9 26 [4][4]
$3F8,3*0
$0,3F8,2*0
$2*0,3F8,0
$4*0
7 14 
8 23 ->
9 24 
10 17 
11 18 43
11 19 1
11 20 140
9 25 [15]
$4104147B,41DA70A4,C2069EB8,C04B3R,0,3FC90FDB,2*0,3F8,41DA70A4,C1CB3R,
$C04B3R,41986R,C2069EB8,C04B3R
9 26 [4][4]
$3F8,3*0
$0,3F8,2*0
$2*0,3F8,0
$4*0
7 14 
8 27 ->
9 17 
10 18 1024
10 19 484
10 20 12
7 14 
8 28 ->
9 29 
10 30 
11 17 
12 18 26
12 19 38
12 20 484
10 31 [4]
$42579EA2,42186R,C2186R,BFCB3R
10 32 [114]
$0,C2986R,2*0,C2986R,C04B3R,5*0,C04B3R,42986R,2*0,42986R,0,C04B3R,42986R,
$C2986R,0,42986R,C2986R,C04B3R,2*0,C04B3R,0,C2986R,C04B3R,0,C2986R,C04B3R,
$42986R,C2986R,C04B3R,42986R,C2986R,C04B3R,42986R,0,C04B3R,42986R,0,C04B3R,
$2*0,C04B3R,41DA70A4,C1CB3R,C04B3R,425CFAE1,C1CB3R,C04B3R,424F9095,C23545CF,
$C04B3R,421351EC,C24B3R,C04B3R,421351EC,C24B3R,C04B3R,41986R,C24B3R,C04B3R,
$41986R,C24B3R,C04B3R,41986R,C2069EB8,C04B3R,425CFAE1,C1CB3R,0,425CFAE1,
$C1CB3R,C04B3R,41DA70A4,C1CB3R,0,41DA70A4,C1CB3R,C04B3R,41986R,C2069EB8,0,
$41986R,C2069EB8,C04B3R,41986R,C24B3R,0,41986R,C24B3R,C04B3R,421351EC,C24B3R,
$0,421351EC,C24B3R,C04B3R,424F9095,C23545CF,0,424F9095,C23545CF,C04B3R,
$42742B9R,C21E203F,0,42742B9R,C21E203F,C04B3R
7 14 
8 27 ->
9 17 
10 18 0
10 19 0
10 20 0
@token_contents 36 5
5 36 2
@render_attribs 37 5
5 37 0
@part_color 38 1
4 38 -1
@color_prop_ptr 39 0
4 39 NULL
@model_type 40 1
4 40 2
@flags 41 1
4 41 0
@generic_name 42 10
4 42 NULL
@label 43 10
4 43 NULL
@components 44 0
4 44 
#AssMrgPrt
@assem_merge_parts 1 0
0 1 ->
#END_OF_UGC
