#UGC:2 PART 988 420 -1 1 1 15 2000 9802 00000686 \
#- VERS 0 0                                                          \
#- HOST                                                              \
#- LINK                                                              \
#- DBID                                                              \
#- REVS 0,                                                           \
#- RELL 0,                                                           \
#- UOBJ_ID 844080160 328335767 1762046820                            \
#- MACH SGI_IRIX_6.2_03131015                                        \
#-END_OF_UGC_HEADER
#P_OBJECT 6
@P_object 1 0
0 1 ->
@dep_db 2 0
1 2 ->
@usr_rev 3 0
1 3 [4]
2 3 
@name 4 10
3 4 MAGAL
@mod_time 5 0
3 5 
@tm_sec 6 1
4 6 2
@tm_min 7 1
4 7 49
@tm_hour 8 1
4 8 10
@tm_mday 9 1
4 9 30
@tm_mon 10 1
4 10 8
@tm_year 11 1
4 11 96
@action 12 1
3 12 1000
@comment 13 10
3 13 Hostname: 'yavne'
@rel_level 14 10
3 14 
@rev_string 15 10
3 15 
2 3 
3 4 MIKHLIN
3 5 
4 6 54
4 7 7
4 8 13
4 9 8
4 10 5
4 11 97
3 12 1000
3 13 Hostname: 'yarden'
3 14 
3 15 
2 3 
3 4 USER
3 5 
4 6 59
4 7 56
4 8 15
4 9 27
4 10 5
4 11 97
3 12 1000
3 13 Hostname: 'bathurst'
3 14 
3 15 
2 3 
3 4 JDOLL
3 5 
4 6 16
4 7 18
4 8 13
4 9 14
4 10 0
4 11 98
3 12 1000
3 13 Hostname: 'thomas'
3 14 
3 15 
@revnum_std 16 1
1 16 52
@flag 17 1
1 17 0
@name 18 10
1 18 NULL
@inst_hidden 19 1
1 19 0
@old_name 20 10
1 20 NULL
@appl_data 21 0
1 21 ->
@bounding_box 22 2
2 22 [2][3]
$3*0
$40296R,401451EB851EB851,40296R
@ver_key 23 0
1 23 ->
@time 24 1
2 24 884783896
@random_num 25 1
2 25 343695076
@hostid 26 1
2 26 1762170804
@last_read 27 1
1 27 -1
#END_OF_P_OBJECT
#Pro/ENGINEER  TM  Version H-03-36  (c) 1988-98 by Parametric Technology Corporation  All Rights Reserved. 9802
@Toc 28 0
0 28 ->
@entry 29 10
1 29 [128]
2 29 BasicData 2b9a 4fe 0 988########################################################
2 29 BasicText 3098 459 0 988########################################################
2 29 GeomDepen 34f1 72 0 988#########################################################
2 29 DispCntrl 3563 229 0 988########################################################
2 29 DisplData 378c 38 0 988#########################################################
2 29 LargeText 37c4 13e 0 988########################################################
2 29 FamilyInf 3902 40 0 988#########################################################
2 29 VisibGeom 3942 126a 0 988#######################################################
2 29 NovisGeom 4bac 12b8 0 988#######################################################
2 29 ActEntity 5e64 29d 0 988########################################################
2 29 AllFeatur 6101 2101 0 988#######################################################
2 29 FullMData 8202 bd3 0 988########################################################
2 29 ModelView#0 8dd5 88d 0 988######################################################
2 29 DispDataColor 9662 29 0 988#####################################################
2 29 DispDataTable 968b a4c 0 988####################################################
2 29 AssMrgPrt a0d7 29 0 988#########################################################
2 29 ################################################################################
2 29 ################################################################################
2 29 ################################################################################
2 29 ################################################################################
2 29 ################################################################################
2 29 ################################################################################
2 29 ################################################################################
2 29 ################################################################################
2 29 ################################################################################
2 29 ################################################################################
2 29 ################################################################################
2 29 ################################################################################
2 29 ################################################################################
2 29 ################################################################################
2 29 ################################################################################
2 29 ################################################################################
2 29 ################################################################################
2 29 ################################################################################
2 29 ################################################################################
2 29 ################################################################################
2 29 ################################################################################
2 29 ################################################################################
2 29 ################################################################################
2 29 ################################################################################
2 29 ################################################################################
2 29 ################################################################################
2 29 ################################################################################
2 29 ################################################################################
2 29 ################################################################################
2 29 ################################################################################
2 29 ################################################################################
2 29 ################################################################################
2 29 ################################################################################
2 29 ################################################################################
2 29 ################################################################################
2 29 ################################################################################
2 29 ################################################################################
2 29 ################################################################################
2 29 ################################################################################
2 29 ################################################################################
2 29 ################################################################################
2 29 ################################################################################
2 29 ################################################################################
2 29 ################################################################################
2 29 ################################################################################
2 29 ################################################################################
2 29 ################################################################################
2 29 ################################################################################
2 29 ################################################################################
2 29 ################################################################################
2 29 ################################################################################
2 29 ################################################################################
2 29 ################################################################################
2 29 ################################################################################
2 29 ################################################################################
2 29 ################################################################################
2 29 ################################################################################
2 29 ################################################################################
2 29 ################################################################################
2 29 ################################################################################
2 29 ################################################################################
2 29 ################################################################################
2 29 ################################################################################
2 29 ################################################################################
2 29 ################################################################################
2 29 ################################################################################
2 29 ################################################################################
2 29 ################################################################################
2 29 ################################################################################
2 29 ################################################################################
2 29 ################################################################################
2 29 ################################################################################
2 29 ################################################################################
2 29 ################################################################################
2 29 ################################################################################
2 29 ################################################################################
2 29 ################################################################################
2 29 ################################################################################
2 29 ################################################################################
2 29 ################################################################################
2 29 ################################################################################
2 29 ################################################################################
2 29 ################################################################################
2 29 ################################################################################
2 29 ################################################################################
2 29 ################################################################################
2 29 ################################################################################
2 29 ################################################################################
2 29 ################################################################################
2 29 ################################################################################
2 29 ################################################################################
2 29 ################################################################################
2 29 ################################################################################
2 29 ################################################################################
2 29 ################################################################################
2 29 ################################################################################
2 29 ################################################################################
2 29 ################################################################################
2 29 ################################################################################
2 29 ################################################################################
2 29 ################################################################################
2 29 ################################################################################
2 29 ################################################################################
2 29 ################################################################################
2 29 ################################################################################
2 29 ################################################################################
2 29 ################################################################################
2 29 ################################################################################
2 29 ################################################################################
2 29 ################################################################################
2 29 ################################################################################
2 29 ################################################################################
#BasicData
@Sld_BasicData 1 0
0 1 ->
@tab_key 2 1
1 2 0
@tab_key_struct 3 0
1 3 ->
@type 4 4
2 4 H
@tab_key_ptr 5 0
2 5 [37]
@cmprs_tabkey 6 0
2 6 NULL
@type 7 1
1 7 2
@revnum_ptr 8 0
1 8 ->
@geom_revnum 9 1
2 9 50
@cosm_revnum 10 1
2 10 4
@tol_default_ptr 11 0
1 11 ->
@type 12 1
2 12 10
@value 13 2
2 13 [7]
$0,3FB9R,3F847AE147AE147B,3F50624DD2F1A9FC,3F1A36E2EB1C432D,
$3EE4F8B588E368F1,3EB0C6F7A0B5ED8E
@ang_value 14 2
2 14 [7]
$0,6*3FE
@lin_digits 15 1
2 15 [7]
$7*-1
@ang_digits 16 1
2 16 [7]
$7*-1
@standard 17 1
2 17 0
@iso_tol_tbls_ptr 18 0
2 18 NULL
@datum_count 19 1
1 19 0
@axis_count 20 1
1 20 0
@insert_layer_id 21 1
1 21 -1
@layer_count 22 1
1 22 1
@rel_part_eps 23 2
1 23 3F53A92A30553261
@model_eps 24 2
1 24 0
@fixed_model_eps 25 1
1 25 0
@assembled_count 26 1
1 26 1
@part_type 27 1
1 27 1
@first_ent_id 28 1
1 28 516377
@first_view_id 29 1
1 29 0
@outline 30 2
1 30 [2][3]
$3*0
$40296R,401451EB851EB851,40296R
@dim_num 31 1
1 31 3
@geom_lib_ptr 32 0
1 32 NULL
@attrib_array 33 1
1 33 [3]
$2,2*0
@max_part_size 34 2
1 34 4032AA44C5010416
@model_name 35 10
1 35 PART_1_SMALL
@disp_outl_info 36 0
1 36 
@disp_outline 37 2
2 37 [2][3]
$3*0
$40296R,401451EB851EB851,40296R
@sel_outl_info 38 0
1 38 ->
@outline 39 2
2 39 [2][3]
$3*0
$40296R,401451EB851EB851,40296R
#BasicText
@Sld_BasicText 1 0
0 1 ->
@assem_mass_prop_ptr 2 0
1 2 NULL
@mass_prop_ptr 3 0
1 3 ->
@type 4 1
2 4 0
@density 5 2
2 5 0
@init_dens 6 5
2 6 0
@rel_density 7 2
2 7 0
@init_rel_dens 8 5
2 8 0
@aver_density 9 2
2 9 0
@vrevnum 10 1
2 10 -1
@volume 11 2
2 11 0
@cg 12 2
2 12 [3]
$3*0
@inertia 13 2
2 13 [3][3]
$3*0
$3*0
$3*0
@eps 14 2
2 14 0
@surfarea 15 2
2 15 0
@assign_mp_ptr 16 0
1 16 NULL
@mat_name_ptr 17 10
1 17 NULL
@unit_arr 18 0
1 18 [3]
2 18 
@type 19 1
3 19 11
@factor 20 2
3 20 3FA42850A142850A
@name 21 10
3 21 MM
@unit_type 22 1
3 22 0
2 18 
3 19 13
3 20 40A13944AE1FDD81
3 21 TONNE
3 22 1
2 18 
3 19 13
3 20 3F323456789ABCDF
3 21 SECS
3 22 2
@p_unit_info 23 0
1 23 ->
@custom_unit_arr 24 0
2 24 [6]
3 24 
3 24 
3 24 
3 24 
3 24 
3 24 
@xp_custom_sys_unit 25 0
2 25 [1]
3 25 ->
@name 26 10
4 26 Custom
@type 27 1
4 27 1
@unit_names 28 10
4 28 [6]
5 28 in
5 28 kg
5 28 lbf
5 28 sec
5 28 F
5 28 rad
@principal_sys_units 29 10
2 29 millimeter Newton Second (mmNs)
@history_scale 30 2
2 30 [6][2]
$40396R,0
$3F50624DD2F1A9FC,0
$4011CAFAD4A69C91,0
$3FF,0
$3FE1C71C71C71C72,C031C71C71C71C72
$3FF,0
#GeomDepen
@Sld_GeomDepend 1 0
0 1 ->
@frst_geom_ptr 2 1
1 2 8
@fem_data 3 0
1 3 NULL
@first_quilt_ptr 4 1
1 4 16
#DispCntrl
@Sld_DispCntrl 1 0
0 1 ->
@color_prop_ptr 2 0
1 2 NULL
@layer_array 3 0
1 3 [3]
2 3 ->
@id 4 1
3 4 32
@type 5 1
3 5 117
@user_id 6 1
3 6 0
@weird_wline_ptr 7 0
3 7 ->
@weird_wline 8 10
4 8 7_ALL_FEATURES
@layer_objects 9 0
3 9 [1]
4 9 
@type 10 1
5 10 3
@ids 11 1
5 11 [2]
$1,34
@lay_solid 12 0
5 12 NULL
@saved_operation 13 1
3 13 1
2 3 ->
3 4 33
3 5 117
3 6 0
3 7 ->
4 8 6_ALL_SURFS
3 9 [1]
4 9 
5 10 3
5 11 [1]
6 11 1
5 12 NULL
3 13 1
2 3 ->
3 4 36
3 5 117
3 6 0
3 7 ->
4 8 2_ALL_CSYS
3 9 [1]
4 9 
5 10 3
5 11 [1]
6 11 34
5 12 NULL
3 13 1
#DisplData
@Sld_DispData 1 0
0 1 ->
@disp_data 2 0
1 2 
#LargeText
@Sld_LargeText 1 0
0 1 ->
@names_table 2 0
1 2 [1]
2 2 ->
@id 3 1
3 3 35
@type 4 1
3 4 25
@name 5 10
3 5 GRAIN
@relpar_sets 6 0
1 6 [3]
2 6 
@id 7 1
3 7 -1
@type 8 1
3 8 2
@ext_ref_id 9 1
3 9 -1
@relatnum 10 1
3 10 0
2 6 
3 7 1
3 8 3
3 9 -1
3 10 0
2 6 
3 7 34
3 8 3
3 9 -1
3 10 0
@cfg_states 11 0
1 11 NULL
#FamilyInf
@Sld_FamilyInfo 1 0
0 1 ->
@drv_tbl_ptr 2 0
1 2 NULL
#VisibGeom
@Sld_VisGeom 1 0
0 1 ->
@active_geom 2 0
1 2 
@srf_array 3 0
2 3 [6]
3 3 ->
@geom_type 4 1
4 4 34
@geom_id 5 1
4 5 8
@feat_id 6 1
4 6 1
@boundary_type 7 1
4 7 1
@envlp 8 2
4 8 [2][2]
$2*0
$2*40296R
@srf_prim_ptr(plane) 9 0
4 9 ->
@local_sys 10 2
5 10 [4][3]
$3FF,2*0
$2*0,BFF
$0,3FF,0
$3*0
@frst_cntr_ptr 11 0
4 11 ->
@frst_cntr_crv_hdr_ptr 12 1
5 12 3
@trv 13 1
5 13 1
@envlp 14 2
5 14 [2][2]
$2*0
$2*40296R
@next_cntr_ptr 15 0
4 15 NULL
@next_geom_ptr 16 1
4 16 26
@orient 17 1
4 17 1
@outline 18 2
4 18 [2][3]
$3*0
$40296R,0,40296R
3 3 ->
4 4 34
4 5 17
4 6 1
4 7 1
4 8 [2][2]
$2*0
$2*40296R
4 9 ->
5 10 [4][3]
$3FF,2*0
$2*0,BFF
$0,3FF,0
$0,401451EB851EB851,0
4 11 ->
5 12 18
5 13 1
5 14 [2][2]
$2*0
$2*40296R
4 15 NULL
4 16 0
4 17 -1
4 18 [2][3]
$0,401451EB851EB851,0
$40296R,401451EB851EB851,40296R
3 3 ->
4 4 34
4 5 26
4 6 1
4 7 0
4 8 [2][2]
$C0196R,C00451EB851EB851
$40196R,400451EB851EB851
4 9 ->
5 10 [4][3]
$3FF,2*0
$0,BFF,0
$2*0,BFF
$40196R,400451EB851EB851,0
4 11 ->
5 12 3
5 13 1
5 14 [2][2]
$C0196R,C00451EB851EB851
$40196R,400451EB851EB851
4 15 NULL
4 16 28
4 17 1
4 18 [2][3]
$3*0
$40296R,401451EB851EB851,0
3 3 ->
4 4 34
4 5 28
4 6 1
4 7 0
4 8 [2][2]
$C0196R,C00451EB851EB851
$40196R,400451EB851EB851
4 9 ->
5 10 [4][3]
$2*0,3FF
$0,BFF,0
$3FF,2*0
$0,400451EB851EB851,40196R
4 11 ->
5 12 9
5 13 1
5 14 [2][2]
$C0196R,C00451EB851EB851
$40196R,400451EB851EB851
4 15 NULL
4 16 30
4 17 -1
4 18 [2][3]
$3*0
$0,401451EB851EB851,40296R
3 3 ->
4 4 34
4 5 30
4 6 1
4 7 0
4 8 [2][2]
$C0196R,C00451EB851EB851
$40196R,400451EB851EB851
4 9 ->
5 10 [4][3]
$3FF,2*0
$0,BFF,0
$2*0,BFF
$40196R,400451EB851EB851,40296R
4 11 ->
5 12 6
5 13 1
5 14 [2][2]
$C0196R,C00451EB851EB851
$40196R,400451EB851EB851
4 15 NULL
4 16 31
4 17 -1
4 18 [2][3]
$2*0,40296R
$40296R,401451EB851EB851,40296R
3 3 ->
4 4 34
4 5 31
4 6 1
4 7 0
4 8 [2][2]
$C0196R,C00451EB851EB851
$40196R,400451EB851EB851
4 9 ->
5 10 [4][3]
$2*0,3FF
$0,BFF,0
$3FF,2*0
$40296R,400451EB851EB851,40196R
4 11 ->
5 12 11
5 13 1
5 14 [2][2]
$C0196R,C00451EB851EB851
$40196R,400451EB851EB851
4 15 NULL
4 16 17
4 17 1
4 18 [2][3]
$40296R,2*0
$40296R,401451EB851EB851,40296R
@crv_array 19 0
2 19 [12]
3 19 ->
@crv_id 20 1
4 20 3
@feat_id 21 1
4 21 1
@type 22 1
4 22 0
@crv_pnt_dir 23 1
4 23 [2]
$1,-1
@crv_pnt_arr 24 2
4 24 [2][4]
$C0196R,400451EB851EB851,2*0
$40196R,400451EB851EB851,40296R,0
@crv_hdr_geom_ptr[0] 25 1
4 25 26
@crv_hdr_geom_ptr[1] 26 1
4 26 8
@next_crv_hdr_ptr[0] 27 1
4 27 25
@next_crv_hdr_ptr[1] 28 1
4 28 9
@ref_geom[0] 29 1
4 29 0
@ref_geom[1] 30 1
4 30 0
3 19 ->
4 20 6
4 21 1
4 22 0
4 23 [2]
$-1,1
4 24 [2][4]
$C0196R,400451EB851EB851,0,40296R
$40196R,400451EB851EB851,2*40296R
4 25 30
4 26 8
4 27 27
4 28 11
4 29 0
4 30 0
3 19 ->
4 20 9
4 21 1
4 22 0
4 23 [2]
$1,-1
4 24 [2][4]
$2*0,C0196R,400451EB851EB851
$0,40296R,40196R,400451EB851EB851
4 25 8
4 26 28
4 27 6
4 28 24
4 29 0
4 30 0
3 19 ->
4 20 11
4 21 1
4 22 0
4 23 [2]
$1,-1
4 24 [2][4]
$C0196R,400451EB851EB851,40296R,0
$40196R,400451EB851EB851,2*40296R
4 25 31
4 26 8
4 27 29
4 28 3
4 29 0
4 30 0
3 19 ->
4 20 18
4 21 1
4 22 0
4 23 [2]
$-1,1
4 24 [2][4]
$C0196R,C00451EB851EB851,2*0
$40196R,C00451EB851EB851,40296R,0
4 25 26
4 26 17
4 27 24
4 28 22
4 29 0
4 30 0
3 19 ->
4 20 19
4 21 1
4 22 0
4 23 [2]
$1,-1
4 24 [2][4]
$C0196R,C00451EB851EB851,0,40296R
$40196R,C00451EB851EB851,2*40296R
4 25 30
4 26 17
4 27 29
4 28 20
4 29 0
4 30 0
3 19 ->
4 20 20
4 21 1
4 22 0
4 23 [2]
$-1,1
4 24 [2][4]
$2*0,C0196R,C00451EB851EB851
$0,40296R,40196R,C00451EB851EB851
4 25 17
4 26 28
4 27 18
4 28 27
4 29 0
4 30 0
3 19 ->
4 20 22
4 21 1
4 22 0
4 23 [2]
$-1,1
4 24 [2][4]
$C0196R,C00451EB851EB851,40296R,0
$40196R,C00451EB851EB851,2*40296R
4 25 31
4 26 17
4 27 25
4 28 19
4 29 0
4 30 0
3 19 ->
4 20 24
4 21 1
4 22 0
4 23 [2]
$1,-1
4 24 [2][4]
$C0196R,400451EB851EB851,C0196R,400451EB851EB851
$C0196R,C00451EB851EB851,C0196R,C00451EB851EB851
4 25 28
4 26 26
4 27 20
4 28 3
4 29 0
4 30 0
3 19 ->
4 20 25
4 21 1
4 22 0
4 23 [2]
$1,-1
4 24 [2][4]
$40196R,400451EB851EB851,C0196R,400451EB851EB851
$40196R,C00451EB851EB851,C0196R,C00451EB851EB851
4 25 26
4 26 31
4 27 18
4 28 11
4 29 0
4 30 0
3 19 ->
4 20 27
4 21 1
4 22 0
4 23 [2]
$1,-1
4 24 [2][4]
$C0196R,400451EB851EB851,40196R,400451EB851EB851
$C0196R,C00451EB851EB851,40196R,C00451EB851EB851
4 25 30
4 26 28
4 27 19
4 28 9
4 29 0
4 30 0
3 19 ->
4 20 29
4 21 1
4 22 0
4 23 [2]
$1,-1
4 24 [2][4]
$40196R,400451EB851EB851,40196R,400451EB851EB851
$40196R,C00451EB851EB851,40196R,C00451EB851EB851
4 25 31
4 26 30
4 27 22
4 28 6
4 29 0
4 30 0
@qlt_array 31 0
2 31 [1]
3 31 ->
@quilt_id 32 1
4 32 16
@data_type 33 1
4 33 57
@attr 34 1
4 34 1
@feat_id 35 1
4 35 1
@first_geom_ptr 36 1
4 36 8
@used_by_feat_id 37 1
4 37 1
@next_quilt_ptr 38 1
4 38 0
#NovisGeom
@Sld_NonVisGeom 1 0
0 1 ->
@inactive_geom 2 0
1 2 
@srf_array 3 0
2 3 [9]
3 3 ->
@geom_type 4 1
4 4 34
@geom_id 5 1
4 5 2
@feat_id 6 1
4 6 1
@boundary_type 7 1
4 7 -1
@envlp 8 2
4 8 [2][2]
$2*0
$40296R,400512423ABBB3BF
@srf_prim_ptr(plane) 9 0
4 9 ->
@local_sys 10 2
5 10 [4][3]
$3FF,2*0
$0,3FF,0
$2*0,3FF
$3*0
@frst_cntr_ptr 11 0
4 11 ->
@frst_cntr_crv_hdr_ptr 12 1
5 12 3
@trv 13 1
5 13 1
@envlp 14 2
5 14 [2][2]
$2*0
$40296R,400512423ABBB3BF
@next_cntr_ptr 15 0
4 15 NULL
@next_geom_ptr 16 1
4 16 5
@orient 17 1
4 17 -1
@outline 18 2
4 18 [2][3]
$3*0
$3*0
3 3 ->
4 4 34
4 5 5
4 6 1
4 7 -1
4 8 [2][2]
$2*0
$40296R,400512423ABBB3BF
4 9 ->
5 10 [4][3]
$3FF,2*0
$0,3FF,0
$2*0,3FF
$2*0,40296R
4 11 ->
5 12 6
5 13 1
5 14 [2][2]
$2*0
$40296R,400512423ABBB3BF
4 15 NULL
4 16 8
4 17 1
4 18 [2][3]
$3*0
$3*0
3 3 ->
4 4 36
4 5 10
4 6 1
4 7 -1
4 8 [2][2]
$3FE921FB54442D18,0
$4002D97C7F3321D2,40296R
@srf_prim_ptr(cylinder) 19 0
4 19 ->
@local_sys 20 2
5 20 [4][3]
$3FF,2*0
$0,3FF,0
$2*0,3FF
$40196R,C0196R,0
@radius 21 2
5 21 4021F5E4215B64R
4 11 ->
5 12 4
5 13 0
5 14 [2][2]
$3FE921FB54442D18,0
$4002D97C7F3321D2,40296R
4 15 NULL
4 16 0
4 17 1
4 18 [2][3]
$3*0
$3*0
3 3 ->
4 4 36
4 5 12
4 6 1
4 7 6
4 8 [2][2]
$2*BE112E0BE826D695
$4002D97C7F557DEA,3E112E0BE826D695
4 19 ->
5 20 [4][3]
$3FF,2*0
$0,3FF,0
$2*0,3FF
$40196R,C0196R,0
5 21 4021F5E4215B64R
4 11 NULL
4 16 0
4 17 1
4 18 [2][3]
$3*0
$3*0
3 3 ->
4 4 36
4 5 13
4 6 1
4 7 6
4 8 [2][2]
$2*BE112E0BE826D695
$3FE921FB54CD9D7R,40296666666EFD6C
4 19 ->
5 20 [4][3]
$3FF,2*0
$0,3FF,0
$2*0,3FF
$40196R,C0196R,0
5 21 4021F5E4215B64R
4 11 NULL
4 16 0
4 17 1
4 18 [2][3]
$3*0
$3*0
3 3 ->
4 4 36
4 5 14
4 6 1
4 7 6
4 8 [2][2]
$2*BE112E0BE826D695
$4002D97C7F557DEA,40296666666EFD6C
4 19 ->
5 20 [4][3]
$3FF,2*0
$0,3FF,0
$2*0,3FF
$40196R,C0196R,0
5 21 4021F5E4215B64R
4 11 NULL
4 16 0
4 17 1
4 18 [2][3]
$3*0
$3*0
3 3 ->
4 4 36
4 5 15
4 6 1
4 7 6
4 8 [2][2]
$2*BE112E0BE826D695
$4002D97C7F557DEA,40296666666EFD6C
4 19 ->
5 20 [4][3]
$3FF,2*0
$0,3FF,0
$2*0,3FF
$40196R,C0196R,0
5 21 4021F5E4215B64R
4 11 NULL
4 16 0
4 17 1
4 18 [2][3]
$3*0
$3*0
3 3 ->
4 4 36
4 5 21
4 6 1
4 7 6
4 8 [2][2]
$2*BE112E0BE826D695
$4002D97C7F557DEA,40296666666EFD6C
4 19 ->
5 20 [4][3]
$3FF,2*0
$0,3FF,0
$2*0,3FF
$40196R,BFF451EB851EB854,0
5 21 4021F5E4215B64R
4 11 NULL
4 16 0
4 17 1
4 18 [2][3]
$0,401451EB851EB851,0
$0,401451EB851EB851,0
3 3 ->
4 4 36
4 5 23
4 6 1
4 7 6
4 8 [2][2]
$2*BE112E0BE826D695
$3FE921FB54CD9D7R,40296666666EFD6C
4 19 ->
5 20 [4][3]
$3FF,2*0
$0,3FF,0
$2*0,3FF
$40196R,BFF451EB851EB854,0
5 21 4021F5E4215B64R
4 11 NULL
4 16 0
4 17 1
4 18 [2][3]
$0,401451EB851EB851,0
$0,401451EB851EB851,0
@crv_array 22 0
2 22 [2]
3 22 ->
@crv_id 23 1
4 23 4
@feat_id 24 1
4 24 1
@type 25 1
4 25 2
@crv_pnt_dir 26 1
4 26 [2]
$1,-1
@crv_pnt_arr 27 2
4 27 [16][4]
$40296R,0,3FE921FB54442D18,0
$402800BF2438B13F,3FE4208539FADEC8,3FEC7BD892B3AA94,0
$40267B6417F1095F,3FF2E753E764D1CR,3FEFD5B5D123280D,0
$4024DA995118697,3FFA6C6871950378,3FF197C987C952C4,0
$402322EFD34C96EA,4000453464D27308,3FF344B827011181,0
$40215938C76971A1,4002981650D8F9B4,3FF4F1A6C638D03E,0
$401F04EFF190441,4004285577AEBA4,3FF69E9565708EFC,0
$401B47AB88F272CE,4004F18F3DBF64D4,3FF84B8404A84DBA,0
$4017852143DA59FE,4004F18F3DBF64D4,3FF9F872A3E00C76,0
$4013C7DCDB3C88BC,4004285577AEBA4,3FFBA5614317CB34,0
$40101A5B3DF9E98C,4002981650D8F9B8,3FFD524FE24F89F1,0
$40090DDA4C673DF4,4000453464D27308,3FFEFF3E818748AE,0
$40022F345537F3DA,3FFA6C6871950378,40005616905F83B6,0
$3FF7581273AAE834,3FF2E753E764D1C8,40012C8DDFFB6315,0
$3FE65A7422DB525,3FE4208539FADEB8,400203052F974274,0
$2*0,4002D97C7F3321D2,0
@crv_hdr_geom_ptr[0] 28 1
4 28 2
@crv_hdr_geom_ptr[1] 29 1
4 29 0
@next_crv_hdr_ptr[0] 30 1
4 30 3
@next_crv_hdr_ptr[1] 31 1
4 31 11
@ref_geom[0] 32 1
4 32 0
@ref_geom[1] 33 1
4 33 12
3 22 ->
4 23 7
4 24 1
4 25 2
4 26 [2]
$-1,1
4 27 [16][4]
$40296R,0,3FE921FB54442D18,40296R
$402800BF2438B13F,3FE4208539FADEC8,3FEC7BD892B3AA94,40296R
$40267B6417F1095F,3FF2E753E764D1CR,3FEFD5B5D123280D,40296R
$4024DA995118697,3FFA6C6871950378,3FF197C987C952C4,40296R
$402322EFD34C96EA,4000453464D27308,3FF344B827011181,40296R
$40215938C76971A1,4002981650D8F9B4,3FF4F1A6C638D03E,40296R
$401F04EFF190441,4004285577AEBA4,3FF69E9565708EFC,40296R
$401B47AB88F272CE,4004F18F3DBF64D4,3FF84B8404A84DBA,40296R
$4017852143DA59FE,4004F18F3DBF64D4,3FF9F872A3E00C76,40296R
$4013C7DCDB3C88BC,4004285577AEBA4,3FFBA5614317CB34,40296R
$40101A5B3DF9E98C,4002981650D8F9B8,3FFD524FE24F89F1,40296R
$40090DDA4C673DF4,4000453464D27308,3FFEFF3E818748AE,40296R
$40022F345537F3DA,3FFA6C6871950378,40005616905F83B6,40296R
$3FF7581273AAE834,3FF2E753E764D1C8,40012C8DDFFB6315,40296R
$3FE65A7422DB525,3FE4208539FADEB8,400203052F974274,40296R
$2*0,4002D97C7F3321D2,40296R
4 28 5
4 29 0
4 30 6
4 31 9
4 32 0
4 33 14
@external_geom 34 0
1 34 
#ActEntity
@Sld_Entities 1 0
0 1 ->
@act_feat_ents 2 0
1 2 [1]
2 2 
@feat_id 3 1
3 3 34
@datum_id 4 1
3 4 -1
@entity_ptr(coord_sys) 5 0
3 5 ->
@type 6 1
4 6 18
@id 7 1
4 7 35
@gen_info 8 0
4 8 
@color 9 1
5 9 1
@sys_type 10 1
4 10 -1
@pnt_type 11 1
4 11 -1
@radius 12 2
4 12 0
@local_sys 13 2
4 13 [4][3]
$3FF,2*0
$2*0,3FF
$0,BFF,0
$0,401451EB851EB851,40296R
@feat_id 14 1
4 14 34
@entity(text) 15 0
3 15 ->
@text_type 16 1
4 16 34
@text_value 17 10
4 17 GRAIN
@txt_attrib 18 1
4 18 1
@coord 19 2
4 19 [3]
$405B8,407077494B1C3C4E,C09A4BC44887248R
@owner_id 20 1
4 20 35
@height 21 2
4 21 BFF
@width_factor 22 2
4 22 BFF
@format_info 23 0
4 23 
@thickness 24 2
4 24 BFF
#AllFeatur
@Sld_Features 1 0
0 1 ->
@first_feat_ptr 2 0
1 2 ->
@id 3 1
2 3 1
@indep_attributes 4 1
2 4 1
@feat_type_ptr 5 0
2 5 ->
@table_id 6 1
3 6 -1
@type 7 1
3 7 942
@feattype_key 8 10
3 8 NULL
@form 9 1
3 9 1
@attributes 10 1
3 10 [3]
$134217760,65536,0
@placement 11 1
3 11 0
@intersection 12 1
3 12 991
@internal_udf_type 13 1
3 13 -1
@param_choice_ptr 14 0
3 14 ->
@blend_choice 15 1
4 15 0
@depth_choice 16 1
4 16 1073741824
@angle_choice 17 1
4 17 -1
@pat_choice 18 1
4 18 -1
@round_choice 19 1
4 19 -1
@subsec_choice 20 1
4 20 -1
@sweep_choice 21 1
4 21 0
@dome_choice 22 1
4 22 0
@draft_choice 23 1
4 23 0
@misc_choice 24 1
4 24 [2]
$32772,0
@assoc_type 25 1
3 25 0
@symbol_key 26 1
2 26 -1
@sect_name 27 10
2 27 no_name
@model_type 28 1
2 28 2
@idtab_ptr 29 0
2 29 ->
@srf_id_arr 30 1
3 30 [15][4]
$2,204,2*0
$5,203,2*0
$8,200,2*0
$10,200,1,0
$12,2017,4,1
$13,2017,11,0
$14,2017,7,1
$15,2017,9,1
$17,252,8,0
$21,2017,20,1
$23,2017,22,0
$26,219,3,0
$28,219,9,0
$30,219,6,0
$31,219,11,0
@edg_id_arr 31 1
3 31 [14][6]
$3,221,3*0,26
$4,221,1,2*0,2
$6,222,3*0,8
$7,222,1,3*0
$9,304,3*0,8
$11,302,3*0,31
$18,243,3,2*0,17
$19,243,6,2*0,30
$20,243,9,2*0,28
$22,243,11,2*0,17
$24,241,9,2*0,28
$25,241,3,2*0,26
$27,241,6,2*0,30
$29,241,11,2*0,31
@misc_id_tab 32 0
3 32 [1]
4 32 
@misc_hist 33 1
5 33 [5]
$16,200,1,-1,501
@save_geoms 34 0
3 34 ->
@new_edges 35 1
4 35 [8]
$18,19,20,22,24,25,27,29
@new_quilts 36 1
4 36 [1]
5 36 16
@sv_frst_geom 37 1
4 37 8
@cr_flags_xar 38 1
3 38 [35]
$3*-1,-2049,2*-1,-16777217,3*-1,-536870913,-1,-1126176897,-2,-2097185,
$-2097665,-1,-1073741843,-1,-1073741825,-257,-261121,-1,-294913,2013265919,
$8*0,1156,0
@cvt_feat_dat 39 0
3 39 NULL
@feat_dates_ptr 40 0
3 40 ->
@creat_date 41 1
4 41 180010
@regen_date 42 1
4 42 190036
@group_info_ptr 43 0
2 43 NULL
@intrs_pairs_ptr 44 0
2 44 ->
@place_rec_ptr 45 0
2 45 ->
@local_sys 46 2
3 46 [4][3]
$3FF,2*0
$0,3FF,0
$2*0,3FF
$3*0
@place_instruction_ptrs 47 0
3 47 [2]
4 47 ->
@type 48 1
5 48 887
@offset 49 2
5 49 BFF
@dim_id 50 1
5 50 1
@ref_id 51 1
5 51 -1
@geometry1_id 52 1
5 52 1
@geometry2_id 53 1
5 53 -1
@memb_num1 54 1
5 54 0
@memb_num2 55 1
5 55 0
@attr 56 1
5 56 0
@plin_info_arr 57 0
5 57 [1]
6 57 ->
@type 58 1
7 58 6
@data(plin_info_ui_step) 59 0
7 59 ->
@step_ids 60 1
8 60 [1]
9 60 4
4 47 ->
5 48 1854
5 49 0
5 50 2
5 51 -1
5 52 -1
5 53 -1
5 54 0
5 55 0
5 56 0
5 57 [1]
6 57 ->
7 58 6
7 59 ->
8 60 [1]
9 60 3
@own_ref_id 61 1
3 61 -1
@orient 62 1
3 62 0
@trf_arr 63 0
3 63 [1]
4 63 
@type 64 1
5 64 12
@idx 65 1
5 65 0
@transf 66 2
5 66 [4][3]
$40396R,2*0
$0,40396R,0
$2*0,40396R
$3*0
@next_prop 67 0
2 67 NULL
@first_geom_id 68 1
2 68 8
@gsec_ptr 69 0
2 69 [1]
3 69 
@type 70 1
4 70 1
@is_ref_gsec 71 1
4 71 0
@name 72 10
4 72 S2D0003
@gsec2d_ptr 73 0
4 73 ->
@name 74 10
5 74 S2D0003
@segtab_ptr 75 0
5 75 [1]
6 75 
@type 76 1
7 76 2
@dir 77 1
7 77 [3]
$1,2*0
@pointid 78 1
7 78 [2]
$0,1
@cntrid 79 1
7 79 1
@arcorient 80 1
7 80 0
@verhor 81 1
7 81 1
@radius 82 1
7 82 0
@radius2 83 1
7 83 -1
@ext_id 84 1
7 84 0
@gen_info 85 0
7 85 
@ent_spec_data(null_ptr) 86 0
7 86 ->
@known_ent_info 87 0
7 87 
@attr 88 1
8 88 0
@known_ent_id 89 1
8 89 -1
@dimtab_ptr 90 0
5 90 [1]
6 90 
@type 91 1
7 91 1
@value 92 2
7 92 40296R
@direct 93 1
7 93 0
@property 94 1
7 94 0
@leftpt 95 1
7 95 [2]
@rightpt 96 1
7 96 [2]
@offset 97 2
7 97 0
@ext_id 98 1
7 98 0
@dispdimattr 99 0
7 99 
@dimattr 100 1
8 100 [4]
$18,3*0
@dim_ref 101 0
7 101 [2]
8 101 
@item_id 102 1
9 102 0
@sense 103 1
9 103 4
@point 104 1
9 104 [2]
$2*0
8 101 
9 102 -1
9 103 -1
9 104 [2]
$2*1
@relat_ptr 105 0
5 105 [2]
6 105 
@id 106 1
7 106 0
@used 107 1
7 107 1
@a 108 1
7 108 [4]
$0,1,2*-1
@b 109 1
7 109 [4]
$2*1,2*0
@c 110 2
7 110 [4]
$3FF,BFF,2*3FF
@sign 111 1
7 111 0
@idim 112 1
7 112 0
@type 113 1
7 113 0
6 105 
7 106 1
7 107 1
7 108 [4]
$0,1,2*-1
7 109 [4]
$4*0
7 110 [4]
$3FF,BFF,2*3FF
7 111 1
7 112 0
7 113 0
@formula_ptr 114 1
5 114 [2]
$0,1
@qind 115 1
5 115 0
@anchor 116 0
5 116 NULL
@totalpointid 117 1
5 117 2
@checkarcs_flag 118 1
5 118 1
@location 119 0
5 119 ->
@id 120 1
6 120 0
@param 121 2
6 121 0
@type 122 1
6 122 0
@nsket_info 123 0
5 123 ->
@scale 124 2
6 124 3FF
@m 125 1
6 125 0
@last_was_permanent 126 1
6 126 0
@unsolved_ptr 127 0
5 127 ->
@iges_file 128 10
6 128 NULL
@solve_version 129 1
5 129 1
@segdscr_tab 130 0
5 130 [1]
6 130 
@ent_mode 131 1
7 131 0
@segm_ent_ptr(ent_ptr) 132 0
7 132 ->
@skamp_ptr 133 0
5 133 [1]
6 133 
@id 134 1
7 134 0
@type 135 1
7 135 1
@flags 136 1
7 136 0
@status 137 1
7 137 3
@items 138 0
7 138 [1]
8 138 
@ent_id 139 1
9 139 0
@sense 140 1
9 140 0
@order_ptr 141 0
4 141 [1]
5 141 
@id 142 1
6 142 0
@flip 143 1
6 143 14
@dim_id_tab 144 1
4 144 [1]
5 144 0
@attributes 145 1
4 145 262144
@xsec_id 146 1
4 146 -1
@gsec_info_arr 147 0
4 147 [1]
5 147 
@application_type 148 1
6 148 2
@application_id 149 1
6 149 1
@secsolve_revnum 150 1
4 150 0
@rel_accuracy 151 2
4 151 BFF
@cr_flags 152 1
4 152 63
@p_saved_result 153 0
4 153 ->
@entity(line) 154 0
5 154 ->
@id 155 1
6 155 0
@gen_info 156 0
6 156 
@end1 157 2
6 157 [3]
$3*0
@end2 158 2
6 158 [3]
$40296R,2*0
@local_sys 159 2
5 159 [4][3]
$3FF,2*0
$0,3FF,0
$2*0,3FF
$3*0
@cond_tbl_idx 160 1
2 160 -1
@comment 161 10
2 161 NULL
@merge_info_ptr 162 0
2 162 NULL
@topology_increment 163 0
2 163 ->
@next_srf 164 0
3 164 [1]
4 164 
@p_srf 165 1
5 165 8
@next_geom_ptr 166 1
5 166 0
@next_crv 167 0
3 167 [4]
4 167 
@p_crv 168 1
5 168 3
@next_crv 169 11
5 169 [2]
$0,9
4 167 
5 168 6
5 169 [2]
$0,11
4 167 
5 168 9
5 169 [2]
$6,0
4 167 
5 168 11
5 169 [2]
$0,3
@crv_geom 170 0
3 170 [4]
4 170 
@p_crv 171 1
5 171 3
@crv_geom 172 11
5 172 [2]
$0,8
4 170 
5 171 6
5 172 [2]
$0,8
4 170 
5 171 9
5 172 [2]
$8,0
4 170 
5 171 11
5 172 [2]
$0,8
@ref_geom 173 0
3 173 [2]
4 173 
@p_crv 174 1
5 174 9
@ref_geom 175 11
5 175 [2]
$0,15
4 173 
5 174 11
5 175 [2]
$13,0
@first_geom 176 1
3 176 0
@first_quilt 177 1
3 177 0
@outline 178 2
3 178 [2][3]
$3*0
$3*0
@max_part_size 179 2
3 179 0
@newobj_table 180 0
3 180 [1]
4 180 
@type 181 1
5 181 1
@data(sheetmetal_pairs) 182 0
5 182 
@-dummy_smtl 183 0
6 183 [6]
7 183 
@oper 184 1
8 184 2
@smtl_info 185 0
8 185 
@geom_id 186 1
9 186 8
@sheetm_type 187 1
9 187 2
@opp_geom_id 188 1
9 188 17
7 183 
8 184 2
8 185 
9 186 17
9 187 3
9 188 8
7 183 
8 184 2
8 185 
9 186 26
9 187 1
9 188 -1
7 183 
8 184 2
8 185 
9 186 28
9 187 1
9 188 -1
7 183 
8 184 2
8 185 
9 186 30
9 187 1
9 188 -1
7 183 
8 184 2
8 185 
9 186 31
9 187 1
9 188 -1
@xform_increment 189 0
3 189 NULL
@roll_back_id 190 1
3 190 -1
@state_ind 191 1
2 191 -1
@alumni_info 192 0
2 192 NULL
@revnum 193 1
2 193 3
@rev_rec 194 0
2 194 ->
@num_plins 195 1
3 195 2
@expl_state_ref 196 0
2 196 NULL
@feat_outl_info 197 0
2 197 NULL
@next_feat_ptr 198 0
1 198 ->
2 3 34
2 4 4097
2 5 ->
3 6 -1
3 7 979
3 8 NULL
3 9 0
3 10 [3]
$3*0
3 11 0
3 12 -1
3 13 -1
3 14 ->
4 15 0
4 16 0
4 17 -1
4 18 -1
4 19 -1
4 20 -1
4 21 0
4 22 0
4 23 0
4 24 [2]
$65552,0
3 25 0
2 26 -1
2 27 no_name
2 28 2
2 29 ->
3 32 [1]
4 32 
5 33 [5]
$35,534,0,-1,500
3 34 NULL
3 38 [35]
$3*-1,-2049,2*-1,-16777217,3*-1,-536870913,-1,-1126176897,-2,-2097185,
$-2097665,-1,-1073741843,-1,-1073741825,-257,-261121,-1,-294913,2013265919,
$8*0,1156,0
3 39 NULL
3 40 ->
4 41 180010
4 42 190036
2 43 NULL
2 44 ->
2 45 ->
3 46 [4][3]
$3FF,2*0
$2*0,3FF
$0,BFF,0
$0,401451EB851EB851,40296R
3 47 [4]
4 47 ->
5 48 1261
5 49 0
5 50 -1
5 51 -1
5 52 20
5 53 -1
5 54 0
5 55 0
5 56 0
5 57 [1]
6 57 ->
7 58 6
7 59 ->
8 60 [1]
9 60 -100
4 47 ->
5 48 1261
5 49 0
5 50 -1
5 51 -1
5 52 19
5 53 -1
5 54 0
5 55 0
5 56 0
5 57 [1]
6 57 ->
7 58 6
7 59 ->
8 60 [1]
9 60 -100
4 47 ->
5 48 1270
5 49 4
5 50 -1
5 51 -1
5 52 -1
5 53 -1
5 54 0
5 55 0
5 56 0
5 57 [1]
6 57 ->
7 58 6
7 59 ->
8 60 [1]
9 60 -100
4 47 ->
5 48 1271
5 49 BFF
5 50 -1
5 51 -1
5 52 -1
5 53 -1
5 54 0
5 55 0
5 56 0
5 57 [1]
6 57 ->
7 58 6
7 59 ->
8 60 [1]
9 60 -100
3 61 -1
3 62 0
3 63 [1]
4 63 
5 64 10
5 65 0
5 66 [4][3]
$3FF,2*0
$2*0,3FF
$0,BFF,0
$0,401451EB851EB851,40296R
2 67 NULL
2 68 -1
2 160 -1
2 161 NULL
2 162 NULL
@parent_table 199 1
2 199 [1]
3 199 1
2 163 ->
3 176 8
3 177 16
3 178 [2][3]
$3*0
$40296R,401451EB851EB851,40296R
3 179 4032AA44C5010416
3 189 NULL
3 190 -1
2 191 -1
2 192 NULL
2 193 2
2 194 ->
3 195 4
2 196 NULL
2 197 ->
@ent_outl 200 2
3 200 [2][3]
$0,401451EB851EB851,40296R
$0,401451EB851EB851,40296R
1 198 NULL
@layer_list 201 0
1 201 [2]
2 201 
@feat_id 202 1
3 202 1
@layer_id 203 1
3 203 0
@back_layer_id 204 1
3 204 0
2 201 
3 202 34
3 203 0
3 204 0
#FullMData
@Sld_FullData 1 0
0 1 ->
@first_member_ptr 2 0
1 2 NULL
@alumni_members 3 0
1 3 NULL
@first_xsec_ptr 4 0
1 4 NULL
@lang_ptr 5 0
1 5 ->
@interact_on 6 1
2 6 -1
@first_csys_ptr 7 0
1 7 NULL
@dim_array 8 0
1 8 [3]
2 8 ->
@type 9 1
3 9 8
@dim_type 10 1
3 10 1
@feat_id 11 1
3 11 1
@attributes 12 1
3 12 289
@dim_dat_ptr 13 0
3 13 ->
@value 14 2
4 14 40296R
@bck_value 15 2
4 15 40296R
@tol_ptr 16 0
4 16 ->
@type 17 1
5 17 9
@tol_type 18 1
5 18 4
@dual_digits_diff 19 1
5 19 999
@value 20 2
5 20 [2]
$2*3F9A027525460AA6
@digits 21 1
5 21 -1
@nominal_value 22 2
4 22 40296R
@bound 23 1
4 23 20
@bck_bound 24 1
4 24 -1
@bck_tol_ptr 25 0
4 25 ->
@value 26 2
5 26 [2]
$2*3F9A027525460AA6
@datum_def_id 27 1
4 27 -1
@places_denom 28 1
4 28 3
@bck_places_denom 29 1
4 29 3
@dim_data_attrib 30 1
4 30 0
@dim_cosm_ptr 31 0
3 31 ->
@d0 32 2
4 32 3FD86011DF9AB79A
@d1 33 2
4 33 40134CD213D082FC
@d2 34 2
4 34 3FD851EB851EB854
@d3 35 2
4 35 403B1EDB6DB6DB6C
@ord_info 36 0
4 36 NULL
@attach_ptr 37 0
3 37 NULL
@dim_text_ptr 38 0
3 38 ->
@symbol 39 10
4 39 d0
@parent_dim_id 40 1
3 40 -1
2 8 ->
3 9 8
3 10 209
3 11 1
3 12 257
3 13 ->
4 14 C01451EB851EB851
4 15 C01451EB851EB851
4 16 ->
5 17 9
5 18 4
5 19 999
5 20 [2]
$2*3F9A027525460AA6
5 21 -1
4 22 C01451EB851EB851
4 23 20
4 24 -1
4 25 ->
5 26 [2]
$2*3F9A027525460AA6
4 27 -1
4 28 3
4 29 3
4 30 4
3 31 ->
4 32 0
4 33 0
4 34 0
4 35 0
4 36 NULL
3 37 NULL
3 38 ->
4 39 d1
@line_array 41 0
4 41 [1]
5 41 
@text_array 42 0
6 42 [2]
7 42 
@text_type 43 1
8 43 61
@text_value 44 10
8 44 
@txt_attrib 45 1
8 45 1
@owner_id 46 1
8 46 1
@height 47 2
8 47 BFF
@width_factor 48 2
8 48 BFF
@format_info 49 0
8 49 
@thickness 50 2
8 50 BFF
7 42 
8 43 58
8 44 THICK
8 45 1
8 46 1
8 47 BFF
8 48 BFF
8 49 
8 50 BFF
3 40 -1
2 8 ->
3 9 8
3 10 62
3 11 1
3 12 385
3 13 ->
4 14 40296R
4 15 40296R
4 16 ->
5 17 9
5 18 4
5 19 999
5 20 [2]
$2*3F9A027525460AA6
5 21 -1
4 22 40296R
4 23 20
4 24 -1
4 25 ->
5 26 [2]
$2*3F9A027525460AA6
4 27 -1
4 28 3
4 29 3
4 30 0
3 31 ->
4 32 0
4 33 0
4 34 0
4 35 0
4 36 NULL
3 37 NULL
3 38 ->
4 39 d2
3 40 -1
@ipar_num 51 1
1 51 0
@smt_info_ptr 52 0
1 52 ->
@table_id 53 1
2 53 -1
@thicken_feat 54 0
2 54 NULL
@quilt_id 55 1
2 55 -1
@prev_feat_id 56 1
2 56 -1
@def_y_factor 57 2
2 57 3FE
@fixed_geom_id 58 1
2 58 -1
@def_radius 59 2
2 59 BFF
@cur_rule 60 1
2 60 0
@cable_info_ptr 61 0
1 61 NULL
@comp_info_ptr 62 0
1 62 NULL
@prt_misc_ptr 63 0
1 63 ->
@shrink_data_ptr 64 0
2 64 NULL
@smtl_geom_info 65 0
1 65 [6]
2 65 
@geom_id 66 1
3 66 8
@sheetm_type 67 1
3 67 2
@opp_geom_id 68 1
3 68 17
2 65 
3 66 17
3 67 3
3 68 8
2 65 
3 66 26
3 67 1
3 68 -1
2 65 
3 66 28
3 67 1
3 68 -1
2 65 
3 66 30
3 67 1
3 68 -1
2 65 
3 66 31
3 67 1
3 68 -1
@expld_mv_info 69 0
1 69 NULL
@state_info_ptr 70 0
1 70 NULL
@alumni_feats 71 0
1 71 NULL
@p_mdl_grid 72 0
1 72 NULL
@mdl_status_ptr 73 0
1 73 NULL
@appl_info_arr 74 0
1 74 [2]
2 74 
@id 75 1
3 75 -1
@type 76 1
3 76 13
2 74 
3 75 -1
3 76 14
@ribbon_info_ptr 77 0
1 77 NULL
@p_xref_data 78 0
1 78 ->
@first_analysis_feat 79 0
1 79 NULL
#ModelView#0
@View 1 0
0 1 ->
@id 2 1
1 2 0
@viewattr 3 0
1 3 
@attr_arr 4 1
2 4 [4]
$1,3*0
@mpoint 5 0
1 5 
@id 6 1
2 6 0
@coord 7 2
2 7 [3]
$40196R,400451EB851EB851,40196R
@first_instr_ptr 8 0
2 8 NULL
@attach_ptr 9 0
2 9 NULL
@vpoint 10 0
1 10 
2 6 0
2 7 [3]
$407F4,407A5E,0
2 8 NULL
2 9 NULL
@orient 11 2
1 11 [4][4]
$3FED7954E7DBA2F8,0,3FD8EC3AE92B676B,0
$BFD385CE5246572,3FE3E43A9692E21C,3FE7167619F550A2,0
$BFCEFC077F3F36A6,BFE91103985DA841,3FE25240DD3851BF,0
$3*0,3FF
@local_sys 12 2
1 12 [4][4]
$404692BC45796505,0,4033166B996A401B,0
$C02DE7543C01EB0E,403E77F5D01671A1,4041AEA39388755A,0
$C027BAE5285FCD65,C04332978BB226AR,403C103D35B784AE,0
$40746A41EB4F493C,4082625B5A71E1D8,C0A155FF1E6254C9,3FF
@world_matrix_ptr 13 0
1 13 ->
@world_matrix 14 2
2 14 [4][4]
$4091EADF0A585B62,0,407E4D3136BF1292,0
$C077BC6ADC6E5293,40882F37E9F836FE,408C120A13CF0719,0
$C072D5F2B1A5A4A2,C08E79EA2DC46A2D,4086467D62A34484,0
$40746A41EB4F493C,4082625B5A71E1D8,C08853C0362ACEB8,3FF
@model2world 15 2
2 15 [4][4]
$4091EADF0A585B62,0,407E4D3136BF1292,0
$C077BC6ADC6E5293,40882F37E9F836FE,408C120A13CF0719,0
$C072D5F2B1A5A4A2,C08E79EA2DC46A2D,4086467D62A34484,0
$40746A41EB4F493C,4082625B5A71E1D8,C08853C0362ACEB8,3FF
@first_instr_ptr 16 0
1 16 ->
@type 17 1
2 17 100
@geom_id 18 1
2 18 -1
@view_id 19 1
2 19 -1
@memb_num 20 1
2 20 0
@offset 21 2
2 21 0
@matrix 22 0
2 22 NULL
@next_instr_ptr 23 0
1 23 ->
2 17 301
2 18 -1
2 19 -1
2 20 0
2 21 404881FFA7ADED75
2 22 NULL
1 23 NULL
@outer_xsec_index 24 1
1 24 -1
@next_view_id 25 1
1 25 -2
@simp_rep_id 26 1
1 26 0
@name 27 10
1 27 no name
@fit_outline 28 2
1 28 [2][3]
$4059,405518,C08853C0362ACEB8
$408C2,4087BB,0
@det_info_ptr 29 0
1 29 NULL
@named_view_pzmatr 30 0
1 30 NULL
@page_id 31 1
1 31 0
@model_name 32 10
1 32 NULL
@unrep_model_name 33 10
1 33 NULL
@saved_pro_dls 34 0
1 34 ->
@pro_dls 35 0
2 35 [7]
3 35 
@pro_dl_data 36 0
4 36 ->
@appl_type 37 1
5 37 1
@dl_type 38 1
5 38 5
@dl_id 39 1
5 39 0
3 35 
4 36 ->
5 37 42
5 38 7
5 39 0
3 35 
4 36 ->
5 37 46
5 38 5
5 39 1
3 35 
4 36 ->
5 37 47
5 38 7
5 39 0
3 35 
4 36 ->
5 37 48
5 38 8
5 39 0
3 35 
4 36 ->
5 37 49
5 38 7
5 39 0
3 35 
4 36 ->
5 37 64
5 38 7
5 39 0
@explode_state 40 0
1 40 NULL
#DispDataColor
@ref_color_table 1 0
0 1 
#DispDataTable
@disp_data_table 1 0
0 1 
@disp_data_arr 2 0
1 2 [1]
2 2 
@disp_data 3 0
3 3 ->
@wire 4 0
4 4 
@disp_list_version 5 1
5 5 49
@visibility 6 1
5 6 16
@status_mask 7 1
5 7 3
@creation_scale 8 2
5 8 0
@view_matrix 9 2
5 9 [4][4]
$3FF,3*0
$0,3FF,2*0
$2*0,3FF,0
$3*0,3FF
@outline 10 2
5 10 [2][3]
$3*0
$402966666,401451EB8,402966666
@dl_block_mem_size 11 0
5 11 
@dl_block_mem_size 12 1
6 12 32768
@list 13 0
5 13 ->
@ptr 14 0
6 14 [19]
7 14 
@data(dl_gc) 15 0
8 15 ->
@header 16 0
9 16 
@header 17 0
10 17 
@type 18 5
11 18 53
@count 19 5
11 19 1
@size 20 1
11 20 36
@int_data 21 1
9 21 [5]
$10,2,0,1,0
@linewidth 22 6
9 22 0
7 14 
@data(dl_header) 23 0
8 23 ->
9 17 
10 18 1024
10 19 76
10 20 12
7 14 
@data(dl_multi_line) 24 0
8 24 ->
@dl_multi_line 25 0
9 25 
@dl_header 26 0
10 26 
11 17 
12 18 26
12 19 4
12 20 76
@midpnt 27 6
10 27 [4]
$410FAF21,40CB3R,0,40CB3R
@points 28 6
10 28 [12]
$5*0,414B3R,3*0,414B3R,2*0
7 14 
@data(dl_int) 29 0
8 29 ->
@dl_header 30 0
9 30 
10 17 
11 18 4
11 19 1
11 20 16
@value_int 31 1
9 31 2
7 14 
8 23 ->
9 17 
10 18 1024
10 19 100
10 20 12
7 14 
8 24 ->
9 25 
10 26 
11 17 
12 18 26
12 19 6
12 20 100
10 27 [4]
$40DADA64,40CB3R,40228F5C,0
10 28 [18]
$414B3R,2*0,414B3R,40A28F5C,2*0,40A28F5C,0,414B3R,40A28F5C,5*0,40A28F5C,0
7 14 
8 29 ->
9 30 
10 17 
11 18 4
11 19 1
11 20 16
9 31 10
7 14 
8 23 ->
9 17 
10 18 1024
10 19 52
10 20 12
7 14 
8 24 ->
9 25 
10 26 
11 17 
12 18 26
12 19 2
12 20 52
10 27 [4]
$2*40CB3R,0,414B3R
10 28 [6]
$2*0,2*414B3R,0,414B3R
7 14 
8 29 ->
9 30 
10 17 
11 18 4
11 19 1
11 20 16
9 31 2
7 14 
8 23 ->
9 17 
10 18 1024
10 19 76
10 20 12
7 14 
8 24 ->
9 25 
10 26 
11 17 
12 18 26
12 19 4
12 20 76
10 27 [4]
$40DADA64,40CB3R,40228F5C,414B3R
10 28 [12]
$2*0,414B3R,0,40A28F5C,414B3R,0,40A28F5C,2*414B3R,40A28F5C,414B3R
7 14 
8 29 ->
9 30 
10 17 
11 18 4
11 19 1
11 20 16
9 31 10
7 14 
8 23 ->
9 17 
10 18 1024
10 19 52
10 20 12
7 14 
8 24 ->
9 25 
10 26 
11 17 
12 18 26
12 19 2
12 20 52
10 27 [4]
$40CB3R,414B3R,0,40CB3R
10 28 [6]
$414B3R,2*0,414B3R,0,414B3R
7 14 
8 29 ->
9 30 
10 17 
11 18 4
11 19 1
11 20 16
9 31 2
7 14 
8 23 ->
9 17 
10 18 1024
10 19 100
10 20 12
7 14 
8 24 ->
9 25 
10 26 
11 17 
12 18 26
12 19 6
12 20 100
10 27 [4]
$41155226,40CB3R,40228F5C,40CB3R
10 28 [18]
$414B3R,0,2*414B3R,40A28F5C,2*414B3R,40A28F5C,0,414B3R,40A28F5C,414B3R,0,
$40A28F5C,2*0,40A28F5C,414B3R
7 14 
8 23 ->
9 17 
10 18 0
10 19 0
10 20 0
@token_contents 32 5
5 32 2
@render_attribs 33 5
5 33 0
@part_color 34 1
4 34 -1
@color_prop_ptr 35 0
4 35 NULL
@model_type 36 1
4 36 2
@flags 37 1
4 37 0
@generic_name 38 10
4 38 NULL
@label 39 10
4 39 NULL
@components 40 0
4 40 
#AssMrgPrt
@assem_merge_parts 1 0
0 1 ->
#END_OF_UGC
