vti_encoding:SR|utf8
vti_extenderversion:SR|2.0.2.1112
97.06.13 10:05 B c:\projects\booming\solutions\_vti_cnf\web_enabled.htm --> scotch /spidey/barry/solutions/_vti_cnf web_enabled.htm
97.06.16 15:31 B c:\projects\booming\solutions\_vti_cnf\auto_capture.htm --> scotch /spidey/barry/solutions/_vti_cnf auto_capture.htm
97.06.16 15:31 B c:\projects\booming\solutions\_vti_cnf\auto_early_func.htm --> scotch /spidey/barry/solutions/_vti_cnf auto_early_func.htm
97.06.16 15:31 B c:\projects\booming\solutions\_vti_cnf\auto_effective.htm --> scotch /spidey/barry/solutions/_vti_cnf auto_effective.htm
97.06.16 15:31 B c:\projects\booming\solutions\_vti_cnf\auto_frmain.htm --> scotch /spidey/barry/solutions/_vti_cnf auto_frmain.htm
97.06.16 15:31 B c:\projects\booming\solutions\_vti_cnf\auto_Intel_prod.htm --> scotch /spidey/barry/solutions/_vti_cnf auto_Intel_prod.htm
97.06.16 15:31 B c:\projects\booming\solutions\_vti_cnf\auto_web_enabled.htm --> scotch /spidey/barry/solutions/_vti_cnf auto_web_enabled.htm
97.06.16 15:31 B c:\projects\booming\solutions\_vti_cnf\automated_tour.htm --> scotch /spidey/barry/solutions/_vti_cnf automated_tour.htm
97.06.16 15:31 B c:\projects\booming\solutions\_vti_cnf\capture.htm --> scotch /spidey/barry/solutions/_vti_cnf capture.htm
97.06.16 15:31 B c:\projects\booming\solutions\_vti_cnf\early_func.htm --> scotch /spidey/barry/solutions/_vti_cnf early_func.htm
97.06.16 15:31 B c:\projects\booming\solutions\_vti_cnf\effective.htm --> scotch /spidey/barry/solutions/_vti_cnf effective.htm
97.06.16 15:31 B c:\projects\booming\solutions\_vti_cnf\frconten.htm --> scotch /spidey/barry/solutions/_vti_cnf frconten.htm
97.06.16 15:31 B c:\projects\booming\solutions\_vti_cnf\frmain.htm --> scotch /spidey/barry/solutions/_vti_cnf frmain.htm
97.06.16 15:31 B c:\projects\booming\solutions\_vti_cnf\index.htm --> scotch /spidey/barry/solutions/_vti_cnf index.htm
97.06.16 15:31 B c:\projects\booming\solutions\_vti_cnf\Intel_prod.htm --> scotch /spidey/barry/solutions/_vti_cnf Intel_prod.htm
97.06.16 15:31 B c:\projects\booming\solutions\_vti_cnf\web_enabled.htm --> scotch /spidey/barry/solutions/_vti_cnf web_enabled.htm
97.06.16 15:31 B c:\projects\booming\solutions\_vti_cnf\WS_FTP.LOG --> scotch /spidey/barry/solutions/_vti_cnf WS_FTP.LOG
97.06.16 16:19 B c:\projects\booming\solutions\_vti_cnf\auto_capture.htm --> scotch /spidey/barry/solutions/_vti_cnf auto_capture.htm
97.06.16 16:19 B c:\projects\booming\solutions\_vti_cnf\auto_early_func.htm --> scotch /spidey/barry/solutions/_vti_cnf auto_early_func.htm
97.06.16 16:19 B c:\projects\booming\solutions\_vti_cnf\auto_effective.htm --> scotch /spidey/barry/solutions/_vti_cnf auto_effective.htm
97.06.16 16:19 B c:\projects\booming\solutions\_vti_cnf\auto_frmain.htm --> scotch /spidey/barry/solutions/_vti_cnf auto_frmain.htm
97.06.16 16:19 B c:\projects\booming\solutions\_vti_cnf\auto_Intel_prod.htm --> scotch /spidey/barry/solutions/_vti_cnf auto_Intel_prod.htm
97.06.16 16:19 B c:\projects\booming\solutions\_vti_cnf\auto_web_enabled.htm --> scotch /spidey/barry/solutions/_vti_cnf auto_web_enabled.htm
97.06.16 16:19 B c:\projects\booming\solutions\_vti_cnf\automated_tour.htm --> scotch /spidey/barry/solutions/_vti_cnf automated_tour.htm
97.06.16 16:19 B c:\projects\booming\solutions\_vti_cnf\capture.htm --> scotch /spidey/barry/solutions/_vti_cnf capture.htm
97.06.16 16:19 B c:\projects\booming\solutions\_vti_cnf\early_func.htm --> scotch /spidey/barry/solutions/_vti_cnf early_func.htm
97.06.16 16:19 B c:\projects\booming\solutions\_vti_cnf\effective.htm --> scotch /spidey/barry/solutions/_vti_cnf effective.htm
97.06.16 16:19 B c:\projects\booming\solutions\_vti_cnf\frconten.htm --> scotch /spidey/barry/solutions/_vti_cnf frconten.htm
97.06.16 16:19 B c:\projects\booming\solutions\_vti_cnf\frmain.htm --> scotch /spidey/barry/solutions/_vti_cnf frmain.htm
97.06.16 16:19 B c:\projects\booming\solutions\_vti_cnf\index.htm --> scotch /spidey/barry/solutions/_vti_cnf index.htm
97.06.16 16:19 B c:\projects\booming\solutions\_vti_cnf\Intel_prod.htm --> scotch /spidey/barry/solutions/_vti_cnf Intel_prod.htm
97.06.16 16:19 B c:\projects\booming\solutions\_vti_cnf\ptccopyr.htm --> scotch /spidey/barry/solutions/_vti_cnf ptccopyr.htm
97.06.16 16:19 B c:\projects\booming\solutions\_vti_cnf\web_enabled.htm --> scotch /spidey/barry/solutions/_vti_cnf web_enabled.htm
