#UGC:2 PART 886 360 0 1 1 15 1600 9546 \
#- VERS 0 0                                                          \
#- HOST                                                              \
#- LINK                                                              \
#- DBID                                                              \
#- REVS 0,                                                           \
#- RELL 0,                                                           \
#- UOBJ_ID 0 0 0                                                     \
#-END_OF_UGC_HEADER
#P_OBJECT 6
@P_object 1 0
0 1 ->
@dep_db 2 0
1 2 ->
@usr_rev 3 0
1 3 [5]
2 3 
@name 4 10
3 4 MICHAEL
@mod_time 5 0
3 5 
@tm_sec 6 1
4 6 38
@tm_min 7 1
4 7 26
@tm_hour 8 1
4 8 19
@tm_mday 9 1
4 9 20
@tm_mon 10 1
4 10 7
@tm_year 11 1
4 11 93
@action 12 1
3 12 1000
@comment 13 10
3 13 Hostname: 'flint'
@rel_level 14 10
3 14 
@rev_string 15 10
3 15 
2 3 
3 4 MICHAEL
3 5 
4 6 11
4 7 57
4 8 16
4 9 6
4 10 1
4 11 94
3 12 1000
3 13 Hostname: 'eire'
3 14 
3 15 
2 3 
3 4 MICHAEL
3 5 
4 6 43
4 7 46
4 8 5
4 9 17
4 10 5
4 11 94
3 12 1000
3 13 Hostname: 'flint'
3 14 
3 15 
2 3 
3 4 IGORS
3 5 
4 6 15
4 7 31
4 8 16
4 9 11
4 10 4
4 11 95
3 12 1000
3 13 Hostname: 'jarvis'
3 14 
3 15 
2 3 
3 4 SHANNON
3 5 
4 6 35
4 7 9
4 8 15
4 9 27
4 10 10
4 11 95
3 12 1000
3 13 Hostname: 'saporro'
3 14 
3 15 
@revnum_std 16 1
1 16 60
@flag 17 1
1 17 0
@name 18 10
1 18 NULL
@inst_hidden 19 1
1 19 0
@old_name 20 10
1 20 NULL
@a_inst_obj 21 0
1 21 [1]
2 21 ->
3 2 ->
3 16 1
3 17 0
3 18 7100
3 19 0
3 20 NULL
@appl_data 22 0
3 22 NULL
@uobj_id 23 0
3 23 NULL
1 22 ->
@bounding_box 24 2
2 24 [2][3]
$BFD4625A1BE7851B,BFE4312D0DF3C28D,BFD4625A1BE7851B
$3FD4625A1BE7851B,3FC8C4B437CF0A34,3FD4625A1BE7851B
1 23 ->
@time 25 1
2 25 817484950
@random_num 26 1
2 26 347966649
@hostid 27 1
2 27 151731012
#END_OF_P_OBJECT
#Pro/ENGINEER  TM  Version G-01-13  (c) 1988-95 by Parametric Technology Corporation  All Rights Reserved. 9546
@Solid 28 0
0 28 ->
@tab_key 29 1
1 29 85
@tab_key_struct 30 0
1 30 ->
@tab_key_ptr 31 0
2 31 [87]
@cmprs_tabkey 32 0
2 32 NULL
@type 33 1
1 33 2
@revnum_ptr 34 0
1 34 ->
@geom_revnum 35 1
2 35 53
@cosm_revnum 36 1
2 36 53
@first_member_ptr 37 0
1 37 NULL
@alumni_members 38 0
1 38 NULL
@frst_geom_ptr 39 1
1 39 24
@first_feat_ptr 40 0
1 40 ->
@id 41 1
2 41 1
@indep_attributes 42 1
2 42 1
@feat_type_ptr 43 0
2 43 ->
@table_id 44 1
3 44 13
@type 45 1
3 45 923
@feattype_key 46 10
3 46 NULL
@form 47 1
3 47 0
@attributes 48 1
3 48 [3]
$3*0
@placement 49 1
3 49 0
@intersection 50 1
3 50 -1
@internal_udf_type 51 1
3 51 -1
@param_choice_ptr 52 0
3 52 ->
@blend_choice 53 1
4 53 0
@depth_choice 54 1
4 54 0
@angle_choice 55 1
4 55 -1
@pat_choice 56 1
4 56 970
@round_choice 57 1
4 57 -1
@subsec_choice 58 1
4 58 -1
@sweep_choice 59 1
4 59 1
@dome_choice 60 1
4 60 0
@draft_choice 61 1
4 61 0
@misc_choice 62 1
4 62 0
@assoc_type 63 1
3 63 0
@symbol_key 64 1
2 64 -1
@sect_name 65 10
2 65 DTM1
@model_type 66 1
2 66 2
@idtab_ptr 67 0
2 67 ->
@srf_id_arr 68 1
3 68 [1][4]
$2,3*0
@save_geoms 69 0
3 69 NULL
@cr_flags_xar 70 1
3 70 [18]
$-1,8388607,1073741824,1048576,4*0,2048,7*0,2,0
@cvt_feat_dat 71 0
3 71 NULL
@feat_dates_ptr 72 0
3 72 ->
@creat_date 73 1
4 73 0
@regen_date 74 1
4 74 0
@geometry 75 0
2 75 
@srf_array 76 0
3 76 [1]
4 76 ->
@geom_type 77 1
5 77 34
@geom_id 78 1
5 78 2
@feat_id 79 1
5 79 1
@boundary_type 80 1
5 80 1
@envlp 81 2
5 81 [2][2]
$BFE4312D0DF3C28D,BFD4625A1BE7851B
$3FC8C4B437CF0A36,3FD4625A1BE7851B
@srf_prim_ptr(plane) 82 0
5 82 ->
@local_sys 83 2
6 83 [4][3]
$2*0,3FF
$3FF,2*0
$0,3FF,0
$3*0
@frst_cntr_ptr 84 0
5 84 NULL
@next_geom_ptr 85 1
5 85 0
@orient 86 1
5 86 1
@outline 87 2
5 87 [2][3]
$0,BFE4312D0DF3C28D,BFD4625A1BE7851B
$0,3FC8C4B437CF0A34,3FD4625A1BE7851B
@group_info_ptr 88 0
2 88 NULL
@intrs_pairs_ptr 89 0
2 89 ->
@place_rec_ptr 90 0
2 90 ->
@local_sys 91 2
3 91 [4][3]
$2*0,3FF
$3FF,2*0
$0,3FF,0
$3*0
@place_instruction_ptrs 92 0
3 92 [1]
4 92 ->
@type 93 1
5 93 513
@offset 94 2
5 94 0
@dim_id 95 1
5 95 -1
@ref_id 96 1
5 96 -1
@geometry1_id 97 1
5 97 -1
@geometry2_id 98 1
5 98 2
@memb_num1 99 1
5 99 0
@memb_num2 100 1
5 100 0
@attr 101 1
5 101 0
@plin_info_arr 102 0
5 102 [2]
6 102 ->
@type 103 1
7 103 1
@data(plin_info_ref) 104 0
7 104 ->
@id_type1 105 1
8 105 -4
@id_type2 106 1
8 106 5
@offset2 107 2
8 107 0
6 102 ->
7 103 6
@data(plin_info_ui_step) 108 0
7 108 ->
@step_ids 109 1
8 109 [1]
9 109 -100
@own_ref_id 110 1
3 110 -1
@orient 111 1
3 111 1
@trf_arr 112 0
3 112 [1]
4 112 
@type 113 1
5 113 11
@idx 114 1
5 114 0
@transf 115 2
5 115 [4][3]
$2*0,3FF
$3FF,2*0
$0,3FF,0
$3*0
@next_prop 116 0
2 116 NULL
@first_geom_id 117 1
2 117 2
@cond_tbl_idx 118 1
2 118 -1
@comment 119 10
2 119 NULL
@merge_info_ptr 120 0
2 120 NULL
@cosm_offs_xar 121 0
2 121 [1]
3 121 
@owner_id 122 1
4 122 2
@offset 123 2
4 123 [3]
$3*0
@topology_increment 124 0
2 124 ->
@first_geom 125 1
3 125 0
@first_quilt 126 1
3 126 0
@outline 127 2
3 127 [2][3]
$3*0
$3*0
@max_part_size 128 2
3 128 0
@xform_increment 129 0
3 129 NULL
@roll_back_id 130 1
3 130 -1
@state_ind 131 1
2 131 -1
@alumni_info 132 0
2 132 NULL
@revnum 133 1
2 133 -1
@rev_rec 134 0
2 134 NULL
@next_feat_ptr 135 0
1 135 ->
2 41 3
2 42 1
2 43 ->
3 44 13
3 45 923
3 46 NULL
3 47 0
3 48 [3]
$3*0
3 49 0
3 50 -1
3 51 -1
3 52 ->
4 53 0
4 54 0
4 55 -1
4 56 970
4 57 -1
4 58 -1
4 59 1
4 60 0
4 61 0
4 62 0
3 63 0
2 64 -1
2 65 DTM2
2 66 2
2 67 ->
3 68 [1][4]
$4,3*0
3 69 NULL
3 70 [18]
$-1,8388607,1073741824,1048576,4*0,2048,7*0,2,0
3 71 NULL
3 72 ->
4 73 0
4 74 0
2 75 
3 76 [1]
4 76 ->
5 77 34
5 78 4
5 79 3
5 80 1
5 81 [2][2]
$2*BFD4625A1BE7851B
$2*3FD4625A1BE7851B
5 82 ->
6 83 [4][3]
$0,3FF,0
$2*0,3FF
$3FF,2*0
$3*0
5 84 NULL
5 85 0
5 86 1
5 87 [2][3]
$BFD4625A1BE7851B,0,BFD4625A1BE7851B
$3FD4625A1BE7851B,0,3FD4625A1BE7851B
2 88 NULL
2 89 ->
2 90 ->
3 91 [4][3]
$0,3FF,0
$2*0,3FF
$3FF,2*0
$3*0
3 92 [1]
4 92 ->
5 93 514
5 94 0
5 95 -1
5 96 -1
5 97 -1
5 98 4
5 99 0
5 100 0
5 101 0
5 102 [2]
6 102 ->
7 103 1
7 104 ->
8 105 -4
8 106 5
8 107 0
6 102 ->
7 103 6
7 108 ->
8 109 [1]
9 109 -100
3 110 -1
3 111 1
3 112 [1]
4 112 
5 113 11
5 114 0
5 115 [4][3]
$0,3FF,0
$2*0,3FF
$3FF,2*0
$3*0
2 116 NULL
2 117 4
2 118 -1
2 119 NULL
2 120 NULL
2 121 [1]
3 121 
4 122 4
4 123 [3]
$3*0
2 124 ->
3 125 0
3 126 0
3 127 [2][3]
$BFD4,BFE4,BFD4
$3FD4,3FC8,3FD4
3 128 0
3 129 NULL
3 130 -1
2 131 -1
2 132 NULL
2 133 -1
2 134 NULL
1 135 ->
2 41 5
2 42 1
2 43 ->
3 44 13
3 45 923
3 46 NULL
3 47 0
3 48 [3]
$3*0
3 49 0
3 50 -1
3 51 -1
3 52 ->
4 53 0
4 54 0
4 55 -1
4 56 970
4 57 -1
4 58 -1
4 59 1
4 60 0
4 61 0
4 62 0
3 63 0
2 64 -1
2 65 DTM3
2 66 2
2 67 ->
3 68 [1][4]
$6,3*0
3 69 NULL
3 70 [18]
$-1,8388607,1073741824,1048576,4*0,2048,7*0,2,0
3 71 NULL
3 72 ->
4 73 0
4 74 0
2 75 
3 76 [1]
4 76 ->
5 77 34
5 78 6
5 79 5
5 80 1
5 81 [2][2]
$BFD4625A1BE7851B,BFE4312D0DF3C28D
$3FD4625A1BE7851B,3FC8C4B437CF0A36
5 82 ->
6 83 [4][3]
$3FF,2*0
$0,3FF,0
$2*0,3FF
$3*0
5 84 NULL
5 85 0
5 86 1
5 87 [2][3]
$BFD4625A1BE7851B,BFE4312D0DF3C28D,0
$3FD4625A1BE7851B,3FC8C4B437CF0A34,0
2 88 NULL
2 89 ->
2 90 ->
3 91 [4][3]
$3FF,2*0
$0,3FF,0
$2*0,3FF
$3*0
3 92 [1]
4 92 ->
5 93 515
5 94 0
5 95 -1
5 96 -1
5 97 -1
5 98 6
5 99 0
5 100 0
5 101 0
5 102 [2]
6 102 ->
7 103 1
7 104 ->
8 105 -4
8 106 5
8 107 0
6 102 ->
7 103 6
7 108 ->
8 109 [1]
9 109 -100
3 110 -1
3 111 1
3 112 [1]
4 112 
5 113 11
5 114 0
5 115 [4][3]
$3FF,2*0
$0,3FF,0
$2*0,3FF
$3*0
2 116 NULL
2 117 6
2 118 -1
2 119 NULL
2 120 NULL
2 121 [1]
3 121 
4 122 6
4 123 [3]
$3*0
2 124 ->
3 125 0
3 126 0
3 127 [2][3]
$BFD4,BFE4,BFD4
$3FD4,3FC8,3FD4
3 128 0
3 129 NULL
3 130 -1
2 131 -1
2 132 NULL
2 133 -1
2 134 NULL
1 135 ->
2 41 8
2 42 1
2 43 ->
3 44 13
3 45 923
3 46 NULL
3 47 0
3 48 [3]
$3,2*0
3 49 0
3 50 -1
3 51 -1
3 52 ->
4 53 0
4 54 0
4 55 -1
4 56 970
4 57 -1
4 58 -1
4 59 0
4 60 0
4 61 0
4 62 0
3 63 0
2 64 -1
2 65 no_name
2 66 2
2 67 ->
3 68 [1][4]
$9,3*0
3 69 NULL
3 70 [18]
$-1,8388607,1073741824,1048576,4*0,2048,7*0,2,0
3 71 NULL
3 72 ->
4 73 0
4 74 0
2 75 
3 76 [1]
4 76 ->
5 77 34
5 78 9
5 79 8
5 80 -1
5 81 [2][2]
$2*0
$2*0
5 82 ->
6 83 [4][3]
$3FF,2*0
$0,3FF,0
$2*0,3FF
$3*0
5 84 NULL
5 85 0
5 86 1
5 87 [2][3]
$3*0
$3*0
2 88 NULL
2 89 ->
2 90 ->
3 91 [4][3]
$3FF,2*0
$0,3FF,0
$2*0,3FF
$3*0
3 92 [2]
4 92 ->
5 93 509
5 94 3FF
5 95 -1
5 96 -1
5 97 6
5 98 9
5 99 0
5 100 0
5 101 32770
5 102 [2]
6 102 ->
7 103 1
7 104 ->
8 105 -4
8 106 5
8 107 0
6 102 ->
7 103 6
7 108 ->
8 109 [1]
9 109 -100
4 92 ->
5 93 510
5 94 3FF
5 95 -1
5 96 -1
5 97 4
5 98 9
5 99 0
5 100 0
5 101 32770
5 102 [2]
6 102 ->
7 103 1
7 104 ->
8 105 -4
8 106 5
8 107 0
6 102 ->
7 103 6
7 108 ->
8 109 [1]
9 109 -100
3 110 -1
3 111 1
3 112 [1]
4 112 
5 113 11
5 114 0
5 115 [4][3]
$3FF,2*0
$0,3FF,0
$2*0,3FF
$3*0
2 116 NULL
2 117 9
2 118 -1
2 119 NULL
2 120 NULL
@parent_table 136 1
2 136 [2]
$3,5
2 124 ->
3 125 0
3 126 0
3 127 [2][3]
$BFD4,BFE4,BFD4
$3FD4,3FC8,3FD4
3 128 0
3 129 NULL
3 130 -1
2 131 -1
2 132 NULL
2 133 -1
2 134 NULL
1 135 ->
2 41 7
2 42 1
2 43 ->
3 44 7
3 45 917
3 46 NULL
3 47 2
3 48 [3]
$3*0
3 49 0
3 50 990
3 51 -1
3 52 ->
4 53 0
4 54 0
4 55 964
4 56 970
4 57 -1
4 58 -1
4 59 1
4 60 0
4 61 0
4 62 0
3 63 0
2 64 -1
2 65 no_name
2 66 2
@entity(line3d) 137 0
2 137 ->
@type 138 1
3 138 11
@id 139 1
3 139 62
@gen_info 140 0
3 140 
@geom_id 141 1
3 141 10
@end1 142 2
3 142 [3]
$0,BFE4,0
@end2 143 2
3 143 [3]
$3FD4,BFE4,0
2 137 ->
3 138 13
3 139 63
3 140 
@color 144 1
4 144 1
3 141 10
3 142 [3]
$0,BFE4,0
3 143 [3]
$0,3FC8,0
@entity(text) 145 0
2 145 ->
@text_type 146 1
3 146 19
@text_value 147 10
3 147 A_1
@txt_attrib 148 1
3 148 1
@coord 149 2
3 149 [3]
$407AC78FA5762E2B,40708770493ECC52,C055A2AA89DF53B8
@owner_id 150 1
3 150 -1
@part_id 151 1
3 151 7
@height 152 2
3 152 BFF
@width_factor 153 2
3 153 BFF
@format_info 154 0
3 154 
@places_denom 155 5
4 155 0
2 67 ->
3 68 [16][4]
$10,204,2*0
$17,203,2*0
$24,200,2*0
$26,200,1,0
$28,200,2,0
$30,200,3,0
$32,200,4,0
$34,200,5,0
$36,204,0,1
$43,203,0,1
$50,200,0,1
$52,200,2*1
$54,200,2,1
$56,200,3,1
$58,200,4,1
$60,200,5,1
@edg_id_arr 156 1
3 156 [36][6]
$11,221,3*0,10
$12,221,1,2*0,52
$13,221,2,2*0,10
$14,221,3,2*0,56
$15,221,4,2*0,10
$16,221,5,2*0,10
$18,222,3*0,24
$19,222,1,2*0,26
$20,222,2,2*0,28
$21,222,3,2*0,30
$22,222,4,2*0,32
$23,222,5,2*0,34
$25,220,3*0,24
$27,220,1,2*0,26
$29,220,2,2*0,28
$31,220,3,2*0,30
$33,220,4,2*0,32
$35,220,5,2*0,34
$37,221,0,1,0,36
$38,221,2*1,0,36
$39,221,2,1,0,36
$40,221,3,1,0,36
$41,221,4,1,0,36
$42,221,5,1,0,36
$44,222,0,1,0,-1
$45,222,2*1,0,-1
$46,222,2,1,0,-1
$47,222,3,1,0,-1
$48,222,4,1,0,-1
$49,222,5,1,0,43
$51,220,0,1,0,60
$53,220,2*1,0,24
$55,220,2,1,0,52
$57,220,3,1,0,28
$59,220,4,1,0,56
$61,220,5,1,0,58
@misc_id_tab 157 0
3 157 [2]
4 157 
@misc_hist 158 1
5 158 [5]
$62,530,10,-1,500
4 157 
5 158 [5]
$63,531,10,-1,500
@dtm_id_tab 159 0
3 159 [1]
4 159 
@dtm_id 160 1
5 160 9
@dim_id 161 1
5 161 -1
3 69 NULL
3 70 [18]
$-1,8388607,1073741824,1048576,4*0,2048,7*0,2,0
3 71 NULL
3 72 ->
4 73 0
4 74 0
2 75 
3 76 [16]
4 76 ->
5 77 34
5 78 10
5 79 7
5 80 -1
5 81 [2][2]
$BFD4,3FA4CR
$3FD4,3FEB4CR
5 82 ->
6 83 [4][3]
$3FF,2*0
$0,3FF,0
$2*0,3FF
$0,BFE54CR,0
5 84 NULL
5 85 24
5 86 -1
5 87 [2][3]
$3*0
$3*0
4 76 ->
5 77 34
5 78 17
5 79 7
5 80 -1
5 81 [2][2]
$0,3FA4CR
$3FD4,3FEB4CR
5 82 ->
6 83 [4][3]
$3FF,2*0
$0,3FF,0
$2*0,3FF
$0,BFE54CR,0
5 84 NULL
5 85 24
5 86 -1
5 87 [2][3]
$3*0
$3*0
4 76 ->
5 77 34
5 78 24
5 79 7
5 80 0
5 81 [2][2]
$2*BFD2147AE147AE13
$2*3FD2147AE147AE13
5 82 ->
6 83 [4][3]
$3FF,2*0
$2*0,3FF
$0,BFF,0
$0,3FC8,0
5 84 ->
@frst_cntr_crv_hdr_ptr 162 1
6 162 67
@trv 163 1
6 163 1
@envlp 164 2
6 164 [2][2]
$2*BFD2147AE147AE13
$2*3FD2147AE147AE13
@next_cntr_ptr 165 0
5 165 NULL
5 85 26
5 86 1
5 87 [2][3]
$BFD2147AE147AE13,3FC8,BFD2147AE147AE13
$3FD2147AE147AE13,3FC8,3FD2147AE147AE13
4 76 ->
5 77 36
5 78 26
5 79 7
5 80 1
5 81 [2][2]
$C00921FB54442D18,3FE54CR
$0,3FEA570A3D70A3D6
@srf_prim_ptr(cylinder) 166 0
5 166 ->
@local_sys 167 2
6 167 [4][3]
$3FF,2*0
$2*0,3FF
$0,BFF,0
$0,BFE54CR,0
@radius 168 2
6 168 3FD4
5 84 ->
6 162 82
6 163 1
6 164 [2][2]
$C00921FB54442D18,3FE54CR
$0,3FEA570A3D70A3D6
5 165 NULL
5 85 28
5 86 1
5 87 [2][3]
$BFD4,2*0
$3FD4,3FC428F5C28F5C28,3FD4
4 76 ->
5 77 34
5 78 28
5 79 7
5 80 0
5 81 [2][2]
$2*BFD4
$2*3FD4
5 82 ->
6 83 [4][3]
$3FF,2*0
$2*0,3FF
$0,BFF,0
$3*0
5 84 ->
6 162 31
6 163 -1
6 164 [2][2]
$2*BFC4
$2*3FC4
5 165 ->
6 162 55
6 163 1
6 164 [2][2]
$2*BFD4
$2*3FD4
5 165 NULL
5 85 30
5 86 -1
5 87 [2][3]
$BFD4,0,BFD4
$3FD4,0,3FD4
4 76 ->
5 77 36
5 78 30
5 79 7
5 80 1
5 81 [2][2]
$C00921FB54442D18,3FB2147AE147AE1
$0,3FE54CR
5 166 ->
6 167 [4][3]
$3FF,2*0
$2*0,3FF
$0,BFF,0
$0,BFE54CR,0
6 168 3FC4
5 84 ->
6 162 83
6 163 1
6 164 [2][2]
$C00921FB54442D18,3FB2147AE147AE1
$0,3FE54CR
5 165 NULL
5 85 32
5 86 1
5 87 [2][3]
$BFC4,BFE30A3D70A3D70A,0
$3FC4,0,3FC4
4 76 ->
5 77 34
5 78 32
5 79 7
5 80 0
5 81 [2][2]
$2*BFC028F5C28F5C29
$2*3FC028F5C28F5C29
5 82 ->
6 83 [4][3]
$3FF,2*0
$2*0,3FF
$0,BFF,0
$0,BFE4,0
5 84 ->
6 162 74
6 163 1
6 164 [2][2]
$2*BFC028F5C28F5C29
$2*3FC028F5C28F5C29
5 165 NULL
5 85 52
5 86 -1
5 87 [2][3]
$BFC028F5C28F5C29,BFE4,BFC028F5C28F5C29
$3FC028F5C28F5C29,BFE4,3FC028F5C28F5C29
4 76 ->
5 77 36
5 78 34
5 79 7
5 80 -1
5 81 [2][2]
$C00921FB54442D18,3FA4CR
$0,3FEB4CR
5 166 ->
6 167 [4][3]
$3FF,2*0
$2*0,3FF
$0,BFF,0
$0,BFE54CR,0
6 168 3EE4F8B588E368F1
5 84 NULL
5 85 0
5 86 -1
5 87 [2][3]
$3*0
$3*0
4 76 ->
5 77 34
5 78 36
5 79 7
5 80 -1
5 81 [2][2]
$BFD4,3FA4CR
$3FD4,3FEB4CR
5 82 ->
6 83 [4][3]
$3FF,2*0
$0,3FF,0
$2*0,3FF
$0,BFE54CR,0
5 84 NULL
5 85 52
5 86 -1
5 87 [2][3]
$3*0
$3*0
4 76 ->
5 77 34
5 78 43
5 79 7
5 80 -1
5 81 [2][2]
$0,3FA4CR
$3FD4,3FEB4CR
5 82 ->
6 83 [4][3]
$3FF,2*0
$0,3FF,0
$2*0,3FF
$0,BFE54CR,0
5 84 NULL
5 85 50
5 86 1
5 87 [2][3]
$3*0
$3*0
4 76 ->
5 77 34
5 78 50
5 79 7
5 80 -1
5 81 [2][2]
$BFD4,0
$2*3FD4
5 82 ->
6 83 [4][3]
$3FF,2*0
$2*0,3FF
$0,BFF,0
$0,3FC8,0
5 84 NULL
5 85 52
5 86 1
5 87 [2][3]
$3*0
$3*0
4 76 ->
5 77 36
5 78 52
5 79 7
5 80 1
5 81 [2][2]
$C01921FB54442D18,3FE54CR
$C00921FB54442D18,3FEA570A3D70A3D6
5 166 ->
6 167 [4][3]
$3FF,2*0
$2*0,3FF
$0,BFF,0
$0,BFE54CR,0
6 168 3FD4
5 84 ->
6 162 82
6 163 1
6 164 [2][2]
$C01921FB54442D18,3FE54CR
$C00921FB54442D18,3FEA570A3D70A3D6
5 165 NULL
5 85 56
5 86 1
5 87 [2][3]
$BFD4,0,BFD4
$3FD4,3FC428F5C28F5C28,0
4 76 ->
5 77 34
5 78 54
5 79 7
5 80 -1
5 81 [2][2]
$BFD4,0
$2*3FD4
5 82 ->
6 83 [4][3]
$3FF,2*0
$2*0,3FF
$0,BFF,0
$3*0
5 84 NULL
5 85 56
5 86 -1
5 87 [2][3]
$3*0
$3*0
4 76 ->
5 77 36
5 78 56
5 79 7
5 80 1
5 81 [2][2]
$C01921FB54442D1C,3FB2147AE147AE0E
$C00921FB54442D18,3FE54CR
5 166 ->
6 167 [4][3]
$3FF,2*0
$2*0,3FF
$0,BFF,0
$0,BFE54CR,0
6 168 3FC4
5 84 ->
6 162 83
6 163 1
6 164 [2][2]
$C01921FB54442D1C,3FB2147AE147AE0E
$C00921FB54442D18,3FE54CR
5 165 NULL
5 85 65
5 86 1
5 87 [2][3]
$BFC4,BFE30A3D70A3D70A,BFC4
$3FC4,2*0
4 76 ->
5 77 34
5 78 58
5 79 7
5 80 -1
5 81 [2][2]
$BFC4,0
$2*3FC4
5 82 ->
6 83 [4][3]
$3FF,2*0
$2*0,3FF
$0,BFF,0
$0,BFE4,0
5 84 NULL
5 85 0
5 86 -1
5 87 [2][3]
$3*0
$3*0
4 76 ->
5 77 36
5 78 60
5 79 7
5 80 -1
5 81 [2][2]
$C01921FB54442D18,3FA4CR
$C00921FB54442D18,3FEB4CR
5 166 ->
6 167 [4][3]
$3FF,2*0
$2*0,3FF
$0,BFF,0
$0,BFE54CR,0
6 168 3EE4F8B588E368F1
5 84 NULL
5 85 0
5 86 -1
5 87 [2][3]
$3*0
$3*0
@crv_array 169 0
3 169 [36]
4 169 ->
@crv_id 170 1
5 170 11
@feat_id 171 1
5 171 7
@type 172 1
5 172 0
@crv_pnt_dir 173 1
5 173 [2]
$1,-1
@crv_pnt_arr 174 2
5 174 [2][4]
$0,3FEB4CR,2*0
$BFD4,3FEB4CR,BFD4,0
@crv_hdr_geom_ptr[0] 175 1
5 175 10
@crv_hdr_geom_ptr[1] 176 1
5 176 24
@next_crv_hdr_ptr[0] 177 1
5 177 12
@next_crv_hdr_ptr[1] 178 1
5 178 18
@ref_geom[0] 179 1
5 179 0
@ref_geom[1] 180 1
5 180 0
4 169 ->
5 170 12
5 171 7
5 172 1
5 173 [2]
$1,-1
5 174 [2][4]
$C00921FB54442D18,3FEB4CR,C00921FB54442D18,3FEB4CR
$C00921FB54442D18,3FE54CR,C00921FB54442D18,3FE54CR
5 175 52
5 176 26
5 177 0
5 178 0
5 179 0
5 180 0
4 169 ->
5 170 13
5 171 7
5 172 0
5 173 [2]
$1,-1
5 174 [2][4]
$BFD4,3FE54CR,BFD4,0
$BFC4,3FE54CR,BFC4,0
5 175 10
5 176 28
5 177 14
5 178 29
5 179 0
5 180 0
4 169 ->
5 170 14
5 171 7
5 172 1
5 173 [2]
$1,-1
5 174 [2][4]
$C00921FB54442D18,3FE54CR,C00921FB54442D18,3FE54CR
$C00921FB54442D18,3FA4CR,C00921FB54442D18,3FA4CR
5 175 56
5 176 30
5 177 0
5 178 0
5 179 0
5 180 0
4 169 ->
5 170 15
5 171 7
5 172 0
5 173 [2]
$1,-1
5 174 [2][4]
$BFC4,3FA4CR,BFC4,0
$0,3FA4CR,2*0
5 175 10
5 176 32
5 177 22
5 178 33
5 179 0
5 180 0
4 169 ->
5 170 16
5 171 7
5 172 1
5 173 [2]
$-1,1
5 174 [2][4]
$0,3FEB4CR,0,3FEB4CR
$0,3FA4CR,0,3FA4CR
5 175 10
5 176 10
5 177 11
5 178 22
5 179 0
5 180 0
4 169 ->
5 170 18
5 171 7
5 172 0
5 173 [2]
$-1,1
5 174 [2][4]
$0,3FEB4CR,2*0
$3FD4,3FEB4CR,3FD4,0
5 175 10
5 176 24
5 177 11
5 178 27
5 179 0
5 180 0
4 169 ->
5 170 19
5 171 7
5 172 1
5 173 [2]
$-1,1
5 174 [2][4]
$C01921FB54442D18,3FEB4CR,0,3FEB4CR
$C01921FB54442D18,3FE54CR,0,3FE54CR
5 175 52
5 176 26
5 177 0
5 178 0
5 179 0
5 180 0
4 169 ->
5 170 20
5 171 7
5 172 0
5 173 [2]
$-1,1
5 174 [2][4]
$3FD4,3FE54CR,3FD4,0
$3FC4,3FE54CR,3FC4,0
5 175 10
5 176 28
5 177 19
5 178 31
5 179 0
5 180 0
4 169 ->
5 170 21
5 171 7
5 172 1
5 173 [2]
$-1,1
5 174 [2][4]
$C01921FB54442D18,3FE54CR,0,3FE54CR
$C01921FB54442D18,3FA4CR,0,3FA4CR
5 175 56
5 176 30
5 177 0
5 178 0
5 179 0
5 180 0
4 169 ->
5 170 22
5 171 7
5 172 0
5 173 [2]
$-1,1
5 174 [2][4]
$3FC4,3FA4CR,3FC4,0
$0,3FA4CR,2*0
5 175 10
5 176 32
5 177 21
5 178 48
5 179 0
5 180 0
4 169 ->
5 170 23
5 171 7
5 172 0
5 173 [2]
$-1,1
5 174 [2][4]
$0,3FA4CR,0,3FA4CR
$0,3FEB4CR,0,3FEB4CR
5 175 17
5 176 34
5 177 0
5 178 0
5 179 0
5 180 0
4 169 ->
5 170 25
5 171 7
5 172 0
5 173 [2]
$1,-1
5 174 [4][4]
$2*0,C00921FB54442D18,3FEB4CR
$2*0,C000C152382D7365,3FEB4CR
$2*0,BFF0C152382D736R,3FEB4CR
$3*0,3FEB4CR
5 175 24
5 176 34
5 177 0
5 178 0
5 179 0
5 180 0
4 169 ->
5 170 27
5 171 7
5 172 0
5 173 [2]
$1,-1
5 174 [23][4]
$C00921FB54442D18,3FEB4CR,BFD4,0
$C007FD872D86E53A,3FEB4CR,BFD3CBE2C2A329D5,BFA6C5373D131612
$C006D91306C99D5C,3FEB4CR,BFD3309AA1605236,BFB689E1FCD4313
$C005B49EE00C557E,3FEB4CR,BFD23150D954DB8C,BFC09DD9881C6BB1
$C004902AB94F0D9F,3FEB4CR,BFD0D337D49F1674,BFC5A02976EA2E0E
$C0036BB69291C5C1,3FEB4CR,BFCE3AE02A08B2CA,BFCA31C61F552EA8
$C00247426BD47DE3,3FEB4CR,BFCA31C61F552EA9,BFCE3AE02A08B2C9
$C00122CE45173605,3FEB4CR,BFC5A02976EA2E0F,BFD0D337D49F1674
$BFFFFCB43CB3DC4D,3FEB4CR,BFC09DD9881C6BB2,BFD23150D954DB8C
$BFFDB3CBEF394C9,3FEB4CR,BFB689E1FCD4312E,BFD3309AA1605237
$BFFB6AE3A1BEBCD5,3FEB4CR,BFA6C5373D13161A,BFD3CBE2C2A329D5
$BFF921FB54442D18,3FEB4CR,0,BFD4
$BFF6D91306C99D5C,3FEB4CR,3FA6C5373D13160C,BFD3CBE2C2A329D6
$BFF4902AB94F0D9F,3FEB4CR,3FB689E1FCD4312F,BFD3309AA1605236
$BFF247426BD47DE3,3FEB4CR,3FC09DD9881C6BB,BFD23150D954DB8C
$BFEFFCB43CB3DC4F,3FEB4CR,3FC5A02976EA2E0A,BFD0D337D49F1676
$BFEB6AE3A1BEBCD4,3FEB4CR,3FCA31C61F552EA9,BFCE3AE02A08B2C9
$BFE6D91306C99D5C,3FEB4CR,3FCE3AE02A08B2C8,BFCA31C61F552EAR
$BFE247426BD47DE1,3FEB4CR,3FD0D337D49F1675,BFC5A02976EA2E0C
$BFDB6AE3A1BEBCD4,3FEB4CR,3FD23150D954DB8C,BFC09DD9881C6BB
$BFD247426BD47DE5,3FEB4CR,3FD3309AA1605236,BFB689E1FCD43138
$BFC247426BD47DDE,3FEB4CR,3FD3CBE2C2A329D5,BFA6C5373D131613
$0,3FEB4CR,3FD4,0
5 175 26
5 176 24
5 177 19
5 178 53
5 179 0
5 180 0
4 169 ->
5 170 29
5 171 7
5 172 0
5 173 [2]
$1,-1
5 174 [23][4]
$BFD4,0,C00921FB54442D18,3FE54CR
$BFD3CBE2C2A329D5,BFA6C5373D131612,C007FD872D86E53A,3FE54CR
$BFD3309AA1605236,BFB689E1FCD4313,C006D91306C99D5C,3FE54CR
$BFD23150D954DB8C,BFC09DD9881C6BB1,C005B49EE00C557E,3FE54CR
$BFD0D337D49F1674,BFC5A02976EA2E0E,C004902AB94F0D9F,3FE54CR
$BFCE3AE02A08B2CA,BFCA31C61F552EA8,C0036BB69291C5C1,3FE54CR
$BFCA31C61F552EA9,BFCE3AE02A08B2C9,C00247426BD47DE3,3FE54CR
$BFC5A02976EA2E0F,BFD0D337D49F1674,C00122CE45173605,3FE54CR
$BFC09DD9881C6BB2,BFD23150D954DB8C,BFFFFCB43CB3DC4D,3FE54CR
$BFB689E1FCD4312E,BFD3309AA1605237,BFFDB3CBEF394C9,3FE54CR
$BFA6C5373D13161A,BFD3CBE2C2A329D5,BFFB6AE3A1BEBCD5,3FE54CR
$0,BFD4,BFF921FB54442D18,3FE54CR
$3FA6C5373D13160C,BFD3CBE2C2A329D6,BFF6D91306C99D5C,3FE54CR
$3FB689E1FCD4312F,BFD3309AA1605236,BFF4902AB94F0D9F,3FE54CR
$3FC09DD9881C6BB,BFD23150D954DB8C,BFF247426BD47DE3,3FE54CR
$3FC5A02976EA2E0A,BFD0D337D49F1676,BFEFFCB43CB3DC4F,3FE54CR
$3FCA31C61F552EA9,BFCE3AE02A08B2C9,BFEB6AE3A1BEBCD4,3FE54CR
$3FCE3AE02A08B2C8,BFCA31C61F552EAR,BFE6D91306C99D5C,3FE54CR
$3FD0D337D49F1675,BFC5A02976EA2E0C,BFE247426BD47DE1,3FE54CR
$3FD23150D954DB8C,BFC09DD9881C6BB,BFDB6AE3A1BEBCD4,3FE54CR
$3FD3309AA1605236,BFB689E1FCD43138,BFD247426BD47DE5,3FE54CR
$3FD3CBE2C2A329D5,BFA6C5373D131613,BFC247426BD47DDE,3FE54CR
$3FD4,2*0,3FE54CR
5 175 28
5 176 26
5 177 55
5 178 82
5 179 0
5 180 0
4 169 ->
5 170 31
5 171 7
5 172 0
5 173 [2]
$1,-1
5 174 [19][4]
$C00921FB54442D18,3FE54CR,BFC4,0
$C007BC89CF95B8D,3FE54CR,BFC3B23737D0B18E,BF9BC8A11D8E506C
$C00657184AE74487,3FE54CR,BFC2CB39E9735C32,BFAB5C9291AC8EF2
$C004F1A6C638D03F,3FE54CR,BFC1520CD1372FEB,BFB4
$C0038C35418A5BF6,3FE54CR,BFBEA44B8B832447,BFB9B62526CB1BA4
$C00226C3BCDBE7AE,3FE54CR,BFB9B62526CB1BA4,BFBEA44B8B832447
$C000C152382D7365,3FE54CR,BFB4,BFC1520CD1372FEA
$BFFEB7C166FDFE3A,3FE54CR,BFAB5C9291AC8EF5,BFC2CB39E9735C31
$BFFBECDE5DA115A9,3FE54CR,BF9BC8A11D8E507,BFC3B23737D0B18E
$BFF921FB54442D18,3FE54CR,0,BFC4
$BFF657184AE74487,3FE54CR,3F9BC8A11D8E506A,BFC3B23737D0B18E
$BFF38C35418A5BF6,3FE54CR,3FAB5C9291AC8EF2,BFC2CB39E9735C32
$BFF0C152382D736R,3FE54CR,3FB4,BFC1520CD1372FEB
$BFEBECDE5DA115A9,3FE54CR,3FB9B62526CB1BA4,BFBEA44B8B832447
$BFE657184AE74487,3FE54CR,3FBEA44B8B832446,BFB9B62526CB1BA6
$BFE0C152382D7364,3FE54CR,3FC1520CD1372FEB,BFB4
$BFD657184AE7448A,3FE54CR,3FC2CB39E9735C31,BFAB5C9291AC8EF6
$BFC657184AE7448A,3FE54CR,3FC3B23737D0B18E,BF9BC8A11D8E507D
$0,3FE54CR,3FC4,0
5 175 30
5 176 28
5 177 84
5 178 57
5 179 0
5 180 0
4 169 ->
5 170 33
5 171 7
5 172 0
5 173 [2]
$1,-1
5 174 [19][4]
$BFC4,0,C00921FB54442D18,3FA4CR
$BFC3B23737D0B18E,BF9BC8A11D8E506C,C007BC89CF95B8D,3FA4CR
$BFC2CB39E9735C32,BFAB5C9291AC8EF2,C00657184AE74487,3FA4CR
$BFC1520CD1372FEB,BFB4,C004F1A6C638D03F,3FA4CR
$BFBEA44B8B832447,BFB9B62526CB1BA4,C0038C35418A5BF6,3FA4CR
$BFB9B62526CB1BA4,BFBEA44B8B832447,C00226C3BCDBE7AE,3FA4CR
$BFB4,BFC1520CD1372FEA,C000C152382D7365,3FA4CR
$BFAB5C9291AC8EF5,BFC2CB39E9735C31,BFFEB7C166FDFE3A,3FA4CR
$BF9BC8A11D8E507,BFC3B23737D0B18E,BFFBECDE5DA115A9,3FA4CR
$0,BFC4,BFF921FB54442D18,3FA4CR
$3F9BC8A11D8E506A,BFC3B23737D0B18E,BFF657184AE74487,3FA4CR
$3FAB5C9291AC8EF2,BFC2CB39E9735C32,BFF38C35418A5BF6,3FA4CR
$3FB4,BFC1520CD1372FEB,BFF0C152382D736R,3FA4CR
$3FB9B62526CB1BA4,BFBEA44B8B832447,BFEBECDE5DA115A9,3FA4CR
$3FBEA44B8B832446,BFB9B62526CB1BA6,BFE657184AE74487,3FA4CR
$3FC1520CD1372FEB,BFB4,BFE0C152382D7364,3FA4CR
$3FC2CB39E9735C31,BFAB5C9291AC8EF6,BFD657184AE7448A,3FA4CR
$3FC3B23737D0B18E,BF9BC8A11D8E507D,BFC657184AE7448A,3FA4CR
$3FC4,2*0,3FA4CR
5 175 32
5 176 30
5 177 59
5 178 14
5 179 0
5 180 0
4 169 ->
5 170 35
5 171 7
5 172 0
5 173 [2]
$1,-1
5 174 [4][4]
$C00921FB54442D18,3FA4CR,2*0
$C000C152382D7365,3FA4CR,2*0
$BFF0C152382D736R,3FA4CR,2*0
$0,3FA4CR,2*0
5 175 34
5 176 32
5 177 0
5 178 0
5 179 0
5 180 0
4 169 ->
5 170 37
5 171 7
5 172 0
5 173 [2]
$2*1
5 174 [2][4]
$0,3FEB4CR,2*0
$BFD4,3FEB4CR,BFD4,0
5 175 36
5 176 24
5 177 38
5 178 53
5 179 0
5 180 0
4 169 ->
5 170 38
5 171 7
5 172 0
5 173 [2]
$2*1
5 174 [2][4]
$BFD4,3FEB4CR,C00921FB54442D18,3FEB4CR
$BFD4,3FE54CR,C00921FB54442D18,3FE54CR
5 175 36
5 176 52
5 177 0
5 178 0
5 179 0
5 180 0
4 169 ->
5 170 39
5 171 7
5 172 0
5 173 [2]
$2*1
5 174 [2][4]
$BFD4,3FE54CR,BFD4,0
$BFC4,3FE54CR,BFC4,0
5 175 36
5 176 28
5 177 40
5 178 57
5 179 0
5 180 0
4 169 ->
5 170 40
5 171 7
5 172 0
5 173 [2]
$2*1
5 174 [2][4]
$BFC4,3FE54CR,C00921FB54442D18,3FE54CR
$BFC4,3FA4CR,C00921FB54442D18,3FA4CR
5 175 36
5 176 56
5 177 0
5 178 0
5 179 0
5 180 0
4 169 ->
5 170 41
5 171 7
5 172 0
5 173 [2]
$2*1
5 174 [2][4]
$BFC4,3FA4CR,BFC4,0
$0,3FA4CR,2*0
5 175 36
5 176 32
5 177 48
5 178 48
5 179 0
5 180 0
4 169 ->
5 170 42
5 171 7
5 172 1
5 173 [2]
$-1,1
5 174 [2][4]
$0,3FA4CR,0,3FA4CR
$0,3FEB4CR,0,3FEB4CR
5 175 36
5 176 36
5 177 41
5 178 44
5 179 0
5 180 0
4 169 ->
5 170 44
5 171 7
5 172 0
5 173 [2]
$2*-1
5 174 [2][4]
$0,3FEB4CR,2*0
$3FD4,3FEB4CR,3FD4,0
5 175 36
5 176 24
5 177 37
5 178 18
5 179 0
5 180 0
4 169 ->
5 170 45
5 171 7
5 172 0
5 173 [2]
$2*-1
5 174 [2][4]
$3FD4,3FEB4CR,C01921FB54442D18,3FEB4CR
$3FD4,3FE54CR,C01921FB54442D18,3FE54CR
5 175 36
5 176 52
5 177 0
5 178 0
5 179 0
5 180 0
4 169 ->
5 170 46
5 171 7
5 172 0
5 173 [2]
$2*-1
5 174 [2][4]
$3FD4,3FE54CR,3FD4,0
$3FC4,3FE54CR,3FC4,0
5 175 36
5 176 28
5 177 45
5 178 55
5 179 0
5 180 0
4 169 ->
5 170 47
5 171 7
5 172 0
5 173 [2]
$2*-1
5 174 [2][4]
$3FC4,3FE54CR,C01921FB54442D18,3FE54CR
$3FC4,3FA4CR,C01921FB54442D18,3FA4CR
5 175 36
5 176 56
5 177 0
5 178 0
5 179 0
5 180 0
4 169 ->
5 170 48
5 171 7
5 172 0
5 173 [2]
$2*-1
5 174 [2][4]
$3FC4,3FA4CR,3FC4,0
$0,3FA4CR,2*0
5 175 36
5 176 32
5 177 47
5 178 59
5 179 0
5 180 0
4 169 ->
5 170 49
5 171 7
5 172 0
5 173 [2]
$1,-1
5 174 [2][4]
$0,3FA4CR,C01921FB54442D18,3FA4CR
$0,3FEB4CR,C01921FB54442D18,3FEB4CR
5 175 43
5 176 60
5 177 0
5 178 0
5 179 0
5 180 0
4 169 ->
5 170 51
5 171 7
5 172 0
5 173 [2]
$-1,1
5 174 [4][4]
$2*0,C00921FB54442D18,3FEB4CR
$2*0,C010C152382D7365,3FEB4CR
$2*0,C014F1A6C638D03F,3FEB4CR
$2*0,C01921FB54442D18,3FEB4CR
5 175 50
5 176 60
5 177 0
5 178 0
5 179 0
5 180 0
4 169 ->
5 170 53
5 171 7
5 172 0
5 173 [2]
$-1,1
5 174 [23][4]
$C00921FB54442D18,3FEB4CR,BFD4,0
$C00A466F7B0174F6,3FEB4CR,BFD3CBE2C2A329D5,3FA6C5373D131612
$C00B6AE3A1BEBCD4,3FEB4CR,BFD3309AA1605236,3FB689E1FCD4313
$C00C8F57C87C04B2,3FEB4CR,BFD23150D954DB8C,3FC09DD9881C6BB1
$C00DB3CBEF394C91,3FEB4CR,BFD0D337D49F1674,3FC5A02976EA2E0E
$C00ED84015F6946F,3FEB4CR,BFCE3AE02A08B2CA,3FCA31C61F552EA8
$C00FFCB43CB3DC4D,3FEB4CR,BFCA31C61F552EA9,3FCE3AE02A08B2C9
$C010909431B89216,3FEB4CR,BFC5A02976EA2E0F,3FD0D337D49F1674
$C01122CE45173605,3FEB4CR,BFC09DD9881C6BB2,3FD23150D954DB8C
$C011B5085875D9F4,3FEB4CR,BFB689E1FCD4312E,3FD3309AA1605237
$C01247426BD47DE3,3FEB4CR,BFA6C5373D13161A,3FD3CBE2C2A329D5
$C012D97C7F3321D2,3FEB4CR,0,3FD4
$C0136BB69291C5C1,3FEB4CR,3FA6C5373D13160C,3FD3CBE2C2A329D6
$C013FDF0A5F069B,3FEB4CR,3FB689E1FCD4312F,3FD3309AA1605236
$C014902AB94F0D9F,3FEB4CR,3FC09DD9881C6BB,3FD23150D954DB8C
$C0152264CCADB18E,3FEB4CR,3FC5A02976EA2E0A,3FD0D337D49F1676
$C015B49EE00C557E,3FEB4CR,3FCA31C61F552EA9,3FCE3AE02A08B2C9
$C01646D8F36AF96C,3FEB4CR,3FCE3AE02A08B2C8,3FCA31C61F552EAR
$C016D91306C99D5C,3FEB4CR,3FD0D337D49F1675,3FC5A02976EA2E0C
$C0176B4D1A28414B,3FEB4CR,3FD23150D954DB8C,3FC09DD9881C6BB
$C017FD872D86E53A,3FEB4CR,3FD3309AA1605236,3FB689E1FCD43138
$C0188FC140E58929,3FEB4CR,3FD3CBE2C2A329D5,3FA6C5373D131613
$C01921FB54442D18,3FEB4CR,3FD4,0
5 175 52
5 176 24
5 177 12
5 178 27
5 179 0
5 180 0
4 169 ->
5 170 55
5 171 7
5 172 0
5 173 [2]
$-1,1
5 174 [23][4]
$BFD4,0,C00921FB54442D18,3FE54CR
$BFD3CBE2C2A329D5,3FA6C5373D131612,C00A466F7B0174F6,3FE54CR
$BFD3309AA1605236,3FB689E1FCD4313,C00B6AE3A1BEBCD4,3FE54CR
$BFD23150D954DB8C,3FC09DD9881C6BB1,C00C8F57C87C04B2,3FE54CR
$BFD0D337D49F1674,3FC5A02976EA2E0E,C00DB3CBEF394C91,3FE54CR
$BFCE3AE02A08B2CA,3FCA31C61F552EA8,C00ED84015F6946F,3FE54CR
$BFCA31C61F552EA9,3FCE3AE02A08B2C9,C00FFCB43CB3DC4D,3FE54CR
$BFC5A02976EA2E0F,3FD0D337D49F1674,C010909431B89216,3FE54CR
$BFC09DD9881C6BB2,3FD23150D954DB8C,C01122CE45173605,3FE54CR
$BFB689E1FCD4312E,3FD3309AA1605237,C011B5085875D9F4,3FE54CR
$BFA6C5373D13161A,3FD3CBE2C2A329D5,C01247426BD47DE3,3FE54CR
$0,3FD4,C012D97C7F3321D2,3FE54CR
$3FA6C5373D13160C,3FD3CBE2C2A329D6,C0136BB69291C5C1,3FE54CR
$3FB689E1FCD4312F,3FD3309AA1605236,C013FDF0A5F069B,3FE54CR
$3FC09DD9881C6BB,3FD23150D954DB8C,C014902AB94F0D9F,3FE54CR
$3FC5A02976EA2E0A,3FD0D337D49F1676,C0152264CCADB18E,3FE54CR
$3FCA31C61F552EA9,3FCE3AE02A08B2C9,C015B49EE00C557E,3FE54CR
$3FCE3AE02A08B2C8,3FCA31C61F552EAR,C01646D8F36AF96C,3FE54CR
$3FD0D337D49F1675,3FC5A02976EA2E0C,C016D91306C99D5C,3FE54CR
$3FD23150D954DB8C,3FC09DD9881C6BB,C0176B4D1A28414B,3FE54CR
$3FD3309AA1605236,3FB689E1FCD43138,C017FD872D86E53A,3FE54CR
$3FD3CBE2C2A329D5,3FA6C5373D131613,C0188FC140E58929,3FE54CR
$3FD4,0,C01921FB54442D18,3FE54CR
5 175 28
5 176 52
5 177 29
5 178 81
5 179 0
5 180 0
4 169 ->
5 170 57
5 171 7
5 172 0
5 173 [2]
$-1,1
5 174 [19][4]
$C00921FB54442D18,3FE54CR,BFC4,0
$C00A876CD8F2A16,3FE54CR,BFC3B23737D0B18E,3F9BC8A11D8E506C
$C00BECDE5DA115A9,3FE54CR,BFC2CB39E9735C32,3FAB5C9291AC8EF2
$C00D524FE24F89F1,3FE54CR,BFC1520CD1372FEB,3FB4
$C00EB7C166FDFE3A,3FE54CR,BFBEA44B8B832447,3FB9B62526CB1BA4
$C0100E9975D63941,3FE54CR,BFB9B62526CB1BA4,3FBEA44B8B832447
$C010C152382D7365,3FE54CR,BFB4,3FC1520CD1372FEA
$C011740AFA84AD8A,3FE54CR,BFAB5C9291AC8EF5,3FC2CB39E9735C31
$C01226C3BCDBE7AE,3FE54CR,BF9BC8A11D8E507,3FC3B23737D0B18E
$C012D97C7F3321D2,3FE54CR,0,3FC4
$C0138C35418A5BF6,3FE54CR,3F9BC8A11D8E506A,3FC3B23737D0B18E
$C0143EEE03E1961B,3FE54CR,3FAB5C9291AC8EF2,3FC2CB39E9735C32
$C014F1A6C638D03F,3FE54CR,3FB4,3FC1520CD1372FEB
$C015A45F88900A63,3FE54CR,3FB9B62526CB1BA4,3FBEA44B8B832447
$C01657184AE74487,3FE54CR,3FBEA44B8B832446,3FB9B62526CB1BA6
$C01709D10D3E7EAB,3FE54CR,3FC1520CD1372FEB,3FB4
$C017BC89CF95B8CF,3FE54CR,3FC2CB39E9735C31,3FAB5C9291AC8EF6
$C0186F4291ECF2F4,3FE54CR,3FC3B23737D0B18E,3F9BC8A11D8E507D
$C01921FB54442D18,3FE54CR,3FC4,0
5 175 56
5 176 28
5 177 83
5 178 31
5 179 0
5 180 0
4 169 ->
5 170 59
5 171 7
5 172 0
5 173 [2]
$-1,1
5 174 [19][4]
$BFC4,0,C00921FB54442D18,3FA4CR
$BFC3B23737D0B18E,3F9BC8A11D8E506C,C00A876CD8F2A16,3FA4CR
$BFC2CB39E9735C32,3FAB5C9291AC8EF2,C00BECDE5DA115A9,3FA4CR
$BFC1520CD1372FEB,3FB4,C00D524FE24F89F1,3FA4CR
$BFBEA44B8B832447,3FB9B62526CB1BA4,C00EB7C166FDFE3A,3FA4CR
$BFB9B62526CB1BA4,3FBEA44B8B832447,C0100E9975D63941,3FA4CR
$BFB4,3FC1520CD1372FEA,C010C152382D7365,3FA4CR
$BFAB5C9291AC8EF5,3FC2CB39E9735C31,C011740AFA84AD8A,3FA4CR
$BF9BC8A11D8E507,3FC3B23737D0B18E,C01226C3BCDBE7AE,3FA4CR
$0,3FC4,C012D97C7F3321D2,3FA4CR
$3F9BC8A11D8E506A,3FC3B23737D0B18E,C0138C35418A5BF6,3FA4CR
$3FAB5C9291AC8EF2,3FC2CB39E9735C32,C0143EEE03E1961B,3FA4CR
$3FB4,3FC1520CD1372FEB,C014F1A6C638D03F,3FA4CR
$3FB9B62526CB1BA4,3FBEA44B8B832447,C015A45F88900A63,3FA4CR
$3FBEA44B8B832446,3FB9B62526CB1BA6,C01657184AE74487,3FA4CR
$3FC1520CD1372FEB,3FB4,C01709D10D3E7EAB,3FA4CR
$3FC2CB39E9735C31,3FAB5C9291AC8EF6,C017BC89CF95B8CF,3FA4CR
$3FC3B23737D0B18E,3F9BC8A11D8E507D,C0186F4291ECF2F4,3FA4CR
$3FC4,0,C01921FB54442D18,3FA4CR
5 175 32
5 176 56
5 177 33
5 178 21
5 179 0
5 180 0
4 169 ->
5 170 61
5 171 7
5 172 0
5 173 [2]
$-1,1
5 174 [4][4]
$C00921FB54442D18,3FA4CR,2*0
$C010C152382D7365,3FA4CR,2*0
$C014F1A6C638D03F,3FA4CR,2*0
$C01921FB54442D18,3FA4CR,2*0
5 175 60
5 176 58
5 177 0
5 178 0
5 179 0
5 180 0
2 88 NULL
2 89 ->
2 90 ->
3 91 [4][3]
$3FF,2*0
$0,3FF,0
$2*0,3FF
$3*0
3 92 [1]
4 92 ->
5 93 21
5 94 0
5 95 -1
5 96 -1
5 97 9
5 98 10
5 99 0
5 100 0
5 101 0
5 102 [2]
6 102 ->
7 103 1
7 104 ->
8 105 -4
8 106 5
8 107 0
6 102 ->
7 103 6
7 108 ->
8 109 [1]
9 109 -100
3 110 -1
3 111 0
3 112 [2]
4 112 
5 113 1
5 114 0
5 115 [4][3]
$3FF,2*0
$0,3FF,0
$2*0,3FF
$3*0
4 112 
5 113 12
5 114 0
5 115 [4][3]
$3FF,2*0
$0,3FF,0
$2*0,3FF
$3*0
2 116 NULL
2 117 24
@gsec_ptr 181 0
2 181 [1]
3 181 
@type 182 1
4 182 2
@name 183 10
4 183 S2D0010
@gsec2d_ptr 184 0
4 184 ->
@name 185 10
5 185 S2D0010
@segtab_ptr 186 0
5 186 [9]
6 186 
@type 187 1
7 187 2
@dir 188 1
7 188 [3]
$-1,2*0
@pointid 189 1
7 189 [2]
$0,1
@cntrid 190 1
7 190 1
@arcorient 191 1
7 191 0
@verhor 192 1
7 192 1
@radius 193 1
7 193 0
@ext_id 194 1
7 194 0
@gen_info 195 0
7 195 
@known_ent_info 196 0
7 196 
@attr 197 1
8 197 0
@known_ent_id 198 1
8 198 -1
6 186 
7 187 2
7 188 [3]
$0,-1,0
7 189 [2]
$1,2
7 190 2
7 191 0
7 192 0
7 193 0
7 194 1
7 195 
7 196 
8 197 0
8 198 -1
6 186 
7 187 2
7 188 [3]
$1,2*0
7 189 [2]
$2,3
7 190 3
7 191 0
7 192 1
7 193 0
7 194 2
7 195 
7 196 
8 197 0
8 198 -1
6 186 
7 187 2
7 188 [3]
$0,-1,0
7 189 [2]
$3,4
7 190 4
7 191 0
7 192 0
7 193 0
7 194 3
7 195 
7 196 
8 197 0
8 198 -1
6 186 
7 187 2
7 188 [3]
$1,2*0
7 189 [2]
$4,5
7 190 5
7 191 0
7 192 1
7 193 0
7 194 4
7 195 
7 196 
8 197 0
8 198 -1
6 186 
7 187 2
7 188 [3]
$0,1,0
7 189 [2]
$5,0
7 190 0
7 191 0
7 192 0
7 193 0
7 194 5
7 195 
7 196 
8 197 0
8 198 -1
6 186 
7 187 5
7 188 [3]
$0,-1,0
7 189 [2]
$2*6
7 190 6
7 191 0
7 192 0
7 193 0
7 194 6
7 195 
7 196 
8 197 0
8 198 -1
6 186 
7 187 32770
7 188 [3]
$0,-1,0
7 189 [2]
$7,8
7 190 8
7 191 0
7 192 0
7 193 0
7 194 7
7 195 
7 196 
8 197 0
8 198 -1
6 186 
7 187 32770
7 188 [3]
$1,2*0
7 189 [2]
$9,10
7 190 10
7 191 0
7 192 1
7 193 0
7 194 8
7 195 
7 196 
8 197 0
8 198 -1
@dimtab_ptr 199 0
5 199 [6]
6 199 
@type 200 1
7 200 42
@value 201 2
7 201 0
@direct 202 1
7 202 0
@property 203 1
7 203 0
@leftpt 204 1
7 204 [2]
@rightpt 205 1
7 205 [2]
@offset 206 2
7 206 0
@ext_id 207 1
7 207 0
@dispdimattr 208 0
7 208 
@dimattr 209 1
8 209 [2]
$2*0
@dim_ref 210 0
7 210 [2]
8 210 
@item_id 211 1
9 211 7
@sense 212 1
9 212 4
@point 213 1
9 213 [2]
$2*-1
8 210 
9 211 6
9 212 4
9 213 [2]
$2*-1
6 199 
7 200 5
7 201 3FD4
7 202 0
7 203 0
7 204 [2]
7 205 [2]
7 206 0
7 207 1
7 208 
8 209 [2]
$2*0
7 210 [2]
8 210 
9 211 6
9 212 -1
9 213 [2]
$2*6
8 210 
9 211 1
9 212 -1
9 213 [2]
$1,2
6 199 
7 200 5
7 201 3FC4
7 202 0
7 203 0
7 204 [2]
7 205 [2]
7 206 0
7 207 2
7 208 
8 209 [2]
$2*0
7 210 [2]
8 210 
9 211 6
9 212 -1
9 213 [2]
$2*6
8 210 
9 211 3
9 212 -1
9 213 [2]
$3,4
6 199 
7 200 1
7 201 3FC8
7 202 0
7 203 0
7 204 [2]
7 205 [2]
7 206 0
7 207 4
7 208 
8 209 [2]
$2*0
7 210 [2]
8 210 
9 211 1
9 212 -1
9 213 [2]
$2*1
8 210 
9 211 -1
9 212 -1
9 213 [2]
$2*2
6 199 
7 200 42
7 201 0
7 202 0
7 203 0
7 204 [2]
7 205 [2]
7 206 0
7 207 5
7 208 
8 209 [2]
$2*0
7 210 [2]
8 210 
9 211 8
9 212 4
9 213 [2]
$2*-1
8 210 
9 211 2
9 212 4
9 213 [2]
$2*-1
6 199 
7 200 5
7 201 3FE4
7 202 0
7 203 0
7 204 [2]
7 205 [2]
7 206 0
7 207 6
7 208 
8 209 [2]
$2*0
7 210 [2]
8 210 
9 211 4
9 212 -1
9 213 [2]
$4,5
8 210 
9 211 2
9 212 -1
9 213 [2]
$2,3
@relat_ptr 214 0
5 214 [13]
6 214 
@id 215 1
7 215 -1
@used 216 1
7 216 0
@a 217 1
7 217 [4]
$6,7,2*-1
@b 218 1
7 218 [4]
$4*0
@c 219 2
7 219 [4]
$3FF,BFF,3FF,0
@sign 220 1
7 220 0
@idim 221 1
7 221 -1
@type 222 1
7 222 0
6 214 
7 215 -1
7 216 0
7 217 [4]
$2,9,2*-1
7 218 [4]
$2*1,2*0
7 219 [4]
$3FF,BFF,3FF,0
7 220 0
7 221 -1
7 222 0
6 214 
7 215 -1
7 216 0
7 217 [4]
$3,9,2*-1
7 218 [4]
$2*1,2*0
7 219 [4]
$3FF,BFF,3FF,0
7 220 0
7 221 -1
7 222 0
6 214 
7 215 -1
7 216 0
7 217 [4]
$0,6,2*-1
7 218 [4]
$4*0
7 219 [4]
$3FF,BFF,2*3FF
7 220 0
7 221 0
7 222 0
6 214 
7 215 -1
7 216 0
7 217 [4]
$5,0,2*-1
7 218 [4]
$4*0
7 219 [4]
$3FF,BFF,2*3FF
7 220 0
7 221 0
7 222 0
6 214 
7 215 -1
7 216 1
7 217 [4]
$6,1,2*-1
7 218 [4]
$4*0
7 219 [4]
$3FF,BFF,2*3FF
7 220 -1
7 221 1
7 222 0
6 214 
7 215 -1
7 216 1
7 217 [4]
$1,2,2*-1
7 218 [4]
$4*0
7 219 [4]
$3FF,BFF,2*3FF
7 220 0
7 221 0
7 222 0
6 214 
7 215 -1
7 216 1
7 217 [4]
$6,3,2*-1
7 218 [4]
$4*0
7 219 [4]
$3FF,BFF,2*3FF
7 220 -1
7 221 2
7 222 0
6 214 
7 215 -1
7 216 1
7 217 [4]
$3,4,2*-1
7 218 [4]
$4*0
7 219 [4]
$3FF,BFF,2*3FF
7 220 0
7 221 0
7 222 0
6 214 
7 215 -1
7 216 0
7 217 [4]
$1,2,2*-1
7 218 [4]
$2*1,2*0
7 219 [4]
$3FF,BFF,2*3FF
7 220 -1
7 221 3
7 222 0
6 214 
7 215 -1
7 216 0
7 217 [4]
$0,1,2*-1
7 218 [4]
$2*1,2*0
7 219 [4]
$3FF,BFF,2*3FF
7 220 0
7 221 0
7 222 0
6 214 
7 215 -1
7 216 0
7 217 [4]
$4,2,2*-1
7 218 [4]
$2*1,2*0
7 219 [4]
$3FF,BFF,2*3FF
7 220 1
7 221 5
7 222 0
6 214 
7 215 -1
7 216 1
7 217 [4]
$4,5,2*-1
7 218 [4]
$2*1,2*0
7 219 [4]
$3FF,BFF,2*3FF
7 220 0
7 221 0
7 222 0
@formula_ptr 223 1
5 223 [13]
$0,1,2,3,4,5,6,7,8,9,10,11,12
@qind 224 1
5 224 -1
@totalpointid 225 1
5 225 11
@checkarcs_flag 226 1
5 226 1
@location 227 0
5 227 ->
@id 228 1
6 228 0
@param 229 2
6 229 0
@type 230 1
6 230 0
@nsket_info 231 0
5 231 ->
@scale 232 2
6 232 40720ACD59EED1E9
@m 233 1
6 233 5
@last_was_permanent 234 1
6 234 0
@unsolved_ptr 235 0
5 235 ->
@iges_file 236 10
6 236 NULL
@solve_version 237 1
5 237 0
@segdscr_tab 238 0
5 238 [9]
6 238 
@ent_mode 239 1
7 239 0
6 238 
7 239 0
6 238 
7 239 0
6 238 
7 239 0
6 238 
7 239 0
6 238 
7 239 0
6 238 
7 239 0
6 238 
7 239 0
6 238 
7 239 0
@gsec3d_ptr 240 0
4 240 ->
@type 241 1
5 241 7
@name 242 10
5 242 S2D0010
@flip 243 1
5 243 1
@own_ref_id 244 1
5 244 -1
@first_chain_ptr 245 0
5 245 NULL
@quilt_id 246 1
5 246 -1
@plane_id 247 1
5 247 9
@plane_flip 248 1
5 248 -1
@ref_planes 249 0
5 249 [2]
6 249 
@plane_id 250 1
7 250 2
@ref_type 251 1
7 251 5
@ext_ref_id 252 1
7 252 -1
@seg_id 253 1
7 253 7
@flip_flag 254 1
7 254 272
@save_entity_ptr(line) 255 0
7 255 ->
@type 256 1
8 256 32770
@id 257 1
8 257 0
@gen_info 258 0
8 258 
@flip 259 1
8 259 0
@end1 260 2
8 260 [3]
$3*0
@end2 261 2
8 261 [3]
$0,C059,0
@back_entity_ptr(line) 262 0
7 262 ->
8 256 32770
8 257 0
8 258 
8 259 0
8 260 [3]
$3*0
8 261 [3]
$0,C059,0
6 249 
7 250 4
7 251 5
7 252 -1
7 253 8
7 254 272
7 255 ->
8 256 32770
8 257 0
8 258 
8 259 0
8 260 [3]
$3*0
8 261 [3]
$4059,2*0
7 262 ->
8 256 32770
8 257 0
8 258 
8 259 0
8 260 [3]
$3*0
8 261 [3]
$4059,2*0
@order_ptr 263 0
4 263 [6]
5 263 
@id 264 1
6 264 0
@flip 265 1
6 265 2
5 263 
6 264 1
6 265 0
5 263 
6 264 2
6 265 0
5 263 
6 264 3
6 265 0
5 263 
6 264 4
6 265 0
5 263 
6 264 5
6 265 4
@dim_id_tab 266 1
4 266 [6]
$0,1,2,3,4,5
@attributes 267 1
4 267 0
@xsec_id 268 1
4 268 -1
@gsec_info_arr 269 0
4 269 [1]
5 269 
@application_type 270 1
6 270 2
@application_id 271 1
6 271 -100
@secsolve_revnum 272 1
4 272 0
@rel_accuracy 273 2
4 273 BFF
@p_saved_result 274 0
4 274 NULL
2 118 -1
2 119 NULL
2 120 NULL
2 136 [3]
$1,3,8
2 124 ->
3 125 0
3 126 0
3 127 [2][3]
$BFD4,BFE4,BFD4
$3FD4,3FC8,3FD4
3 128 0
3 129 NULL
3 130 -1
2 131 -1
2 132 NULL
2 133 -1
2 134 NULL
1 135 ->
2 41 64
2 42 1
2 43 ->
3 44 4
3 45 914
3 46 NULL
3 47 0
3 48 [3]
$1024,2*0
3 49 0
3 50 990
3 51 -1
3 52 ->
4 53 0
4 54 0
4 55 -1
4 56 970
4 57 -1
4 58 -1
4 59 1
4 60 0
4 61 0
4 62 0
3 63 0
2 64 -1
2 65 no_name
2 66 2
2 67 ->
3 68 [4][4]
$65,208,27,0
$68,208,53,0
$73,208,59,0
$76,208,33,0
3 156 [16][6]
$66,229,65,2*0,26
$67,229,65,1,0,65
$69,229,68,2*0,68
$70,229,68,1,0,24
$71,229,68,2,0,68
$72,229,68,3,0,65
$74,229,73,2*0,73
$75,229,73,1,0,56
$77,229,76,2*0,32
$78,229,76,1,0,76
$79,229,76,2,0,76
$80,229,76,3,0,73
$81,248,19,2*0,26
$82,248,12,2*0,52
$83,248,14,2*0,56
$84,248,21,2*0,30
3 69 NULL
3 70 [18]
$-1,8388607,1073741824,1048576,4*0,2048,7*0,2,0
3 71 NULL
3 72 ->
4 73 0
4 74 0
2 75 
3 76 [4]
4 76 ->
5 77 37
5 78 65
5 79 64
5 80 0
5 81 [2][2]
$C00921FB54442D18,BFD4
$0,BFD2147AE147AE14
@srf_prim_ptr(cone) 275 0
5 275 ->
@local_sys 276 2
6 276 [4][3]
$3FF,2*0
$2*0,3FF
$0,BFF,0
$0,3FDE147AE147AE14,0
@half_angle 277 2
6 277 BFE921FB54442D18
5 84 ->
6 162 66
6 163 1
6 164 [2][2]
$C00921FB54442D18,BFD4
$0,BFD2147AE147AE14
5 165 NULL
5 85 68
5 86 1
5 87 [2][3]
$BFD4,3FC428F5C28F5C28,0
$3FD4,3FC8,3FD4
4 76 ->
5 77 37
5 78 68
5 79 64
5 80 0
5 81 [2][2]
$C01921FB54442D18,BFD4
$C00921FB54442D18,BFD2147AE147AE14
5 275 ->
6 276 [4][3]
$3FF,2*0
$2*0,3FF
$0,BFF,0
$0,3FDE147AE147AE14,0
6 277 BFE921FB54442D18
5 84 ->
6 162 69
6 163 1
6 164 [2][2]
$C01921FB54442D18,BFD4
$C00921FB54442D18,BFD2147AE147AE14
5 165 NULL
5 85 73
5 86 1
5 87 [2][3]
$BFD4,3FC428F5C28F5C28,BFD4
$3FD4,3FC8,0
4 76 ->
5 77 37
5 78 73
5 79 64
5 80 0
5 81 [2][2]
$C01921FB54442D1D,3FC028F5C28F5C2E
$C00921FB54442D18,3FC4
5 275 ->
6 276 [4][3]
$3FF,2*0
$2*0,3FF
$0,BFF,0
$0,BFE80A3D70A3D70C,0
6 277 3FE921FB54442D14
5 84 ->
6 162 74
6 163 1
6 164 [2][2]
$C01921FB54442D1D,3FC028F5C28F5C2E
$C00921FB54442D18,3FC4
5 165 NULL
5 85 76
5 86 1
5 87 [2][3]
$BFC4,BFE4,BFC4
$3FC4,BFE30A3D70A3D70A,0
4 76 ->
5 77 37
5 78 76
5 79 64
5 80 0
5 81 [2][2]
$C00921FB54442D18,3FC028F5C28F5C2E
$3CD4,3FC4
5 275 ->
6 276 [4][3]
$3FF,2*0
$2*0,3FF
$0,BFF,0
$0,BFE80A3D70A3D70C,0
6 277 3FE921FB54442D14
5 84 ->
6 162 77
6 163 1
6 164 [2][2]
$C00921FB54442D18,3FC028F5C28F5C2E
$3CD4,3FC4
5 165 NULL
5 85 0
5 86 1
5 87 [2][3]
$BFC4,BFE4,0
$3FC4,BFE30A3D70A3D70A,3FC4
3 169 [16]
4 169 ->
5 170 66
5 171 64
5 172 0
5 173 [2]
$-1,1
5 174 [21][4]
$C00921FB54442D18,BFD4,C00921FB54442D18,3FEA570A3D70A3D6
$C007E0485CDA5E0A,BFD4,C007E0485CDA5E0A,3FEA570A3D70A3D6
$C0069E9565708EFC,BFD4,C0069E9565708EFC,3FEA570A3D70A3D6
$C0055CE26E06BFER,BFD4,C0055CE26E06BFER,3FEA570A3D70A3D6
$C0041B2F769CF0E,BFD4,C0041B2F769CF0E,3FEA570A3D70A3D6
$C002D97C7F3321D2,BFD4,C002D97C7F3321D2,3FEA570A3D70A3D6
$C00197C987C952C4,BFD4,C00197C987C952C4,3FEA570A3D70A3D6
$C0005616905F83B6,BFD4,C0005616905F83B6,3FEA570A3D70A3D6
$BFFE28C731EB695,BFD4,BFFE28C731EB695,3FEA570A3D70A3D6
$BFFBA5614317CB34,BFD4,BFFBA5614317CB34,3FEA570A3D70A3D6
$BFF921FB54442D18,BFD4,BFF921FB54442D18,3FEA570A3D70A3D6
$BFF69E9565708EFC,BFD4,BFF69E9565708EFC,3FEA570A3D70A3D6
$BFF41B2F769CF0E,BFD4,BFF41B2F769CF0E,3FEA570A3D70A3D6
$BFF197C987C952C4,BFD4,BFF197C987C952C4,3FEA570A3D70A3D6
$BFEE28C731EB695,BFD4,BFEE28C731EB695,3FEA570A3D70A3D6
$BFE921FB54442D18,BFD4,BFE921FB54442D19,3FEA570A3D70A3D6
$BFE41B2F769CF0E,BFD4,BFE41B2F769CF0E,3FEA570A3D70A3D6
$BFDE28C731EB695,BFD4,BFDE28C731EB6951,3FEA570A3D70A3D6
$BFD41B2F769CF0E,BFD4,BFD41B2F769CF0E1,3FEA570A3D70A3D6
$BFC41B2F769CF0E,BFD4,BFC41B2F769CF0DF,3FEA570A3D70A3D6
$0,BFD4,0,3FEA570A3D70A3D6
5 175 65
5 176 26
5 177 72
5 178 81
5 179 0
5 180 0
4 169 ->
5 170 67
5 171 64
5 172 0
5 173 [2]
$1,-1
5 174 [21][4]
$C00921FB54442D18,BFD2147AE147AE14,BFD2147AE147AE13,0
$C007E0485CDA5E0A,BFD2147AE147AE14,BFD1DB7EE834A8B2,BFA6A06E2AE49BC2
$C0069E9565708EFC,BFD2147AE147AE14,BFD131F231492AE6,BFB6591DAC710516
$C0055CE26E06BFER,BFD2147AE147AE14,BFD01C018128F689,BFC06A9267CE9708
$C0041B2F769CF0E,BFD2147AE147AE14,BFCD4109B780309C,BFC5411AC509BA98
$C002D97C7F3321D2,BFD2147AE147AE14,BFC991A8C09F2248,BFC991A8C09F2249
$C00197C987C952C4,BFD2147AE147AE14,BFC5411AC509BA97,BFCD4109B780309D
$C0005616905F83B6,BFD2147AE147AE14,BFC06A9267CE9706,BFD01C018128F689
$BFFE28C731EB695,BFD2147AE147AE14,BFB6591DAC71051R,BFD131F231492AE6
$BFFBA5614317CB34,BFD2147AE147AE14,BFA6A06E2AE49BR,BFD1DB7EE834A8B3
$BFF921FB54442D18,BFD2147AE147AE14,0,BFD2147AE147AE13
$BFF69E9565708EFC,BFD2147AE147AE14,3FA6A06E2AE49BBF,BFD1DB7EE834A8B3
$BFF41B2F769CF0E,BFD2147AE147AE14,3FB6591DAC710515,BFD131F231492AE6
$BFF197C987C952C4,BFD2147AE147AE14,3FC06A9267CE9707,BFD01C018128F689
$BFEE28C731EB695,BFD2147AE147AE14,3FC5411AC509BA97,BFCD4109B780309D
$BFE921FB54442D18,BFD2147AE147AE14,3FC991A8C09F2248,BFC991A8C09F2249
$BFE41B2F769CF0E,BFD2147AE147AE14,3FCD4109B780309D,BFC5411AC509BA97
$BFDE28C731EB695,BFD2147AE147AE14,3FD01C018128F689,BFC06A9267CE9707
$BFD41B2F769CF0E,BFD2147AE147AE14,3FD131F231492AE6,BFB6591DAC710513
$BFC41B2F769CF0E,BFD2147AE147AE14,3FD1DB7EE834A8B3,BFA6A06E2AE49BBD
$0,BFD2147AE147AE14,3FD2147AE147AE13,0
5 175 65
5 176 24
5 177 71
5 178 70
5 179 0
5 180 0
4 169 ->
5 170 69
5 171 64
5 172 0
5 173 [2]
$1,-1
5 174 [21][4]
$C00921FB54442D18,BFD4,C00921FB54442D18,3FEA570A3D70A3D6
$C00A63AE4BADFC26,BFD4,C00A63AE4BADFC28,3FEA570A3D70A3D6
$C00BA5614317CB34,BFD4,C00BA5614317CB34,3FEA570A3D70A3D6
$C00CE7143A819A42,BFD4,C00CE7143A819A4,3FEA570A3D70A3D6
$C00E28C731EB695,BFD4,C00E28C731EB695,3FEA570A3D70A3D6
$C00F6A7A2955385E,BFD4,C00F6A7A2955386,3FEA570A3D70A3D6
$C0105616905F83B6,BFD4,C0105616905F83B6,3FEA570A3D70A3D6
$C010F6F00C146B3D,BFD4,C010F6F00C146B3C,3FEA570A3D70A3D6
$C01197C987C952C4,BFD4,C01197C987C952C4,3FEA570A3D70A3D6
$C01238A3037E3A4B,BFD4,C01238A3037E3A4C,3FEA570A3D70A3D6
$C012D97C7F3321D2,BFD4,C012D97C7F3321D2,3FEA570A3D70A3D6
$C0137A55FAE80959,BFD4,C0137A55FAE80958,3FEA570A3D70A3D6
$C0141B2F769CF0E,BFD4,C0141B2F769CF0E,3FEA570A3D70A3D6
$C014BC08F251D867,BFD4,C014BC08F251D868,3FEA570A3D70A3D6
$C0155CE26E06BFER,BFD4,C0155CE26E06BFER,3FEA570A3D70A3D6
$C015FDBBE9BBA775,BFD4,C015FDBBE9BBA774,3FEA570A3D70A3D6
$C0169E9565708EFC,BFD4,C0169E9565708EFC,3FEA570A3D70A3D6
$C0173F6EE1257683,BFD4,C0173F6EE1257684,3FEA570A3D70A3D6
$C017E0485CDA5E0A,BFD4,C017E0485CDA5E0A,3FEA570A3D70A3D6
$C0188121D88F4591,BFD4,C0188121D88F459,3FEA570A3D70A3D6
$C01921FB54442D18,BFD4,C01921FB54442D18,3FEA570A3D70A3D6
5 175 68
5 176 52
5 177 71
5 178 82
5 179 0
5 180 0
4 169 ->
5 170 70
5 171 64
5 172 0
5 173 [2]
$-1,1
5 174 [21][4]
$C00921FB54442D18,BFD2147AE147AE14,BFD2147AE147AE13,0
$C00A63AE4BADFC26,BFD2147AE147AE14,BFD1DB7EE834A8B3,3FA6A06E2AE49BB9
$C00BA5614317CB34,BFD2147AE147AE14,BFD131F231492AE6,3FB6591DAC71051
$C00CE7143A819A42,BFD2147AE147AE14,BFD01C018128F689,3FC06A9267CE9706
$C00E28C731EB695,BFD2147AE147AE14,BFCD4109B780309E,3FC5411AC509BA95
$C00F6A7A2955385E,BFD2147AE147AE14,BFC991A8C09F224B,3FC991A8C09F2247
$C0105616905F83B6,BFD2147AE147AE14,BFC5411AC509BA98,3FCD4109B780309C
$C010F6F00C146B3D,BFD2147AE147AE14,BFC06A9267CE9709,3FD01C018128F689
$C01197C987C952C4,BFD2147AE147AE14,BFB6591DAC710517,3FD131F231492AE6
$C01238A3037E3A4B,BFD2147AE147AE14,BFA6A06E2AE49BC5,3FD1DB7EE834A8B2
$C012D97C7F3321D2,BFD2147AE147AE14,0,3FD2147AE147AE13
$C0137A55FAE80959,BFD2147AE147AE14,3FA6A06E2AE49BB5,3FD1DB7EE834A8B3
$C0141B2F769CF0E,BFD2147AE147AE14,3FB6591DAC71050F,3FD131F231492AE6
$C014BC08F251D867,BFD2147AE147AE14,3FC06A9267CE9705,3FD01C018128F689
$C0155CE26E06BFER,BFD2147AE147AE14,3FC5411AC509BA95,3FCD4109B780309E
$C015FDBBE9BBA775,BFD2147AE147AE14,3FC991A8C09F2247,3FC991A8C09F224B
$C0169E9565708EFC,BFD2147AE147AE14,3FCD4109B780309A,3FC5411AC509BA9R
$C0173F6EE1257683,BFD2147AE147AE14,3FD01C018128F689,3FC06A9267CE9709
$C017E0485CDA5E0A,BFD2147AE147AE14,3FD131F231492AE6,3FB6591DAC710518
$C0188121D88F4591,BFD2147AE147AE14,3FD1DB7EE834A8B2,3FA6A06E2AE49BC7
$C01921FB54442D18,BFD2147AE147AE14,3FD2147AE147AE13,0
5 175 68
5 176 24
5 177 72
5 178 67
5 179 0
5 180 0
4 169 ->
5 170 71
5 171 64
5 172 1
5 173 [2]
$1,-1
5 174 [2][4]
$C01921FB54442D18,BFD4,0,BFD4
$C01921FB54442D18,BFD2147AE147AE14,0,BFD2147AE147AE14
5 175 68
5 176 65
5 177 70
5 178 66
5 179 0
5 180 0
4 169 ->
5 170 72
5 171 64
5 172 1
5 173 [2]
$-1,1
5 174 [2][4]
$C00921FB54442D18,BFD4,C00921FB54442D18,BFD4
$C00921FB54442D18,BFD2147AE147AE14,C00921FB54442D18,BFD2147AE147AE14
5 175 68
5 176 65
5 177 69
5 178 67
5 179 0
5 180 0
4 169 ->
5 170 74
5 171 64
5 172 0
5 173 [2]
$1,-1
5 174 [17][4]
$C00921FB54442D18,3FC028F5C28F5C2E,BFC028F5C28F5C29,0
$C00AB41B09886FEA,3FC028F5C28F5C2E,BFBFB2F05ED88E41,3F9938A5992D43E
$C00C463ABECCB2BC,3FC028F5C28F5C2E,BFBDDC1AF7AB609A,3FA8BC958EBFC4B3
$C00DD85A7410F58E,3FC028F5C28F5C2E,BFBADF83578C37BA,3FB1F4BE60A87934
$C00F6A7A2955386,3FC028F5C28F5C2E,BFB6DA8B811F39D2,3FB6DA8B811F39DB
$C0107E4CEF4CBD9R,3FC028F5C28F5C2E,BFB1F4BE60A87929,3FBADF83578C37C1
$C011475CC9EEDF02,3FC028F5C28F5C2E,BFA8BC958EBFC49B,3FBDDC1AF7AB609F
$C012106CA491006B,3FC028F5C28F5C2E,BF9938A5992D43AC,3FBFB2F05ED88E4R
$C012D97C7F3321D4,3FC028F5C28F5C2E,0,3FC028F5C28F5C29
$C013A28C59D5433D,3FC028F5C28F5C2E,3F9938A5992D441E,3FBFB2F05ED88E3E
$C0146B9C347764A6,3FC028F5C28F5C2E,3FA8BC958EBFC4D1,3FBDDC1AF7AB6094
$C01534AC0F19860F,3FC028F5C28F5C2E,3FB1F4BE60A87942,3FBADF83578C37B1
$C015FDBBE9BBA778,3FC028F5C28F5C2E,3FB6DA8B811F39E6,3FB6DA8B811F39C7
$C016C6CBC45DC8E1,3FC028F5C28F5C2E,3FBADF83578C37C9,3FB1F4BE60A8791D
$C0178FDB9EFFEA4A,3FC028F5C28F5C2E,3FBDDC1AF7AB60A5,3FA8BC958EBFC47E
$C01858EB79A20BB3,3FC028F5C28F5C2E,3FBFB2F05ED88E47,3F9938A5992D436F
$C01921FB54442D1C,3FC028F5C28F5C2E,3FC028F5C28F5C28,0
5 175 73
5 176 32
5 177 80
5 178 77
5 179 0
5 180 0
4 169 ->
5 170 75
5 171 64
5 172 0
5 173 [2]
$-1,1
5 174 [18][4]
$C00921FB54442D18,3FC4,C00921FB54442D18,3FB2147AE147AE1
$C00A9C7386664DR,3FC4,C00A9C7386664DDC,3FB2147AE147AE1
$C00C16EBB8886EA2,3FC4,C00C16EBB8886EA,3FB2147AE147AE1
$C00D9163EAAA8F67,3FC4,C00D9163EAAA8F68,3FB2147AE147AE1
$C00F0BDC1CCCB02C,3FC4,C00F0BDC1CCCB02C,3FB2147AE147AE1
$C010432A27776879,3FC4,C010432A27776878,3FB2147AE147AE1
$C0110066408878DC,3FC4,C0110066408878DC,3FB2147AE147AE1
$C011BDA25999893F,3FC4,C011BDA25999894,3FB2147AE147AE1
$C0127ADE72AA99A2,3FC4,C0127ADE72AA99A2,3FB2147AE147AE1
$C013381A8BBBAA05,3FC4,C013381A8BBBAA04,3FB2147AE147AE1
$C013F556A4CCBA68,3FC4,C013F556A4CCBA68,3FB2147AE147AE1
$C014B292BDDDCACB,3FC4,C014B292BDDDCACR,3FB2147AE147AE1
$C0156FCED6EEDB2E,3FC4,C0156FCED6EEDB2E,3FB2147AE147AE1
$C0162D0AEFFFEB91,3FC4,C0162D0AEFFFEB9,3FB2147AE147AE1
$C016EA470910FBF4,3FC4,C016EA470910FBF4,3FB2147AE147AE1
$C017A78322220C57,3FC4,C017A78322220C58,3FB2147AE147AE1
$C01864BF3B331CBA,3FC4,C01864BF3B331CBA,3FB2147AE147AE1
$C01921FB54442D1D,3FC4,C01921FB54442D18,3FB2147AE147AE1
5 175 73
5 176 56
5 177 79
5 178 84
5 179 0
5 180 0
4 169 ->
5 170 77
5 171 64
5 172 0
5 173 [2]
$-1,1
5 174 [17][4]
$C00921FB54442D18,3FC028F5C28F5C2E,BFC028F5C28F5C29,0
$C0078FDB9EFFEA46,3FC028F5C28F5C2E,BFBFB2F05ED88E41,BF9938A5992D43E9
$C005FDBBE9BBA774,3FC028F5C28F5C2E,BFBDDC1AF7AB609R,BFA8BC958EBFC4B7
$C0046B9C347764A2,3FC028F5C28F5C2E,BFBADF83578C37B8,BFB1F4BE60A87937
$C002D97C7F3321D,3FC028F5C28F5C2E,BFB6DA8B811F39D,BFB6DA8B811F39DR
$C001475CC9EEDEFE,3FC028F5C28F5C2E,BFB1F4BE60A87928,BFBADF83578C37C2
$BFFF6A7A29553859,3FC028F5C28F5C2E,BFA8BC958EBFC49A,BFBDDC1AF7AB609F
$BFFC463ABECCB2B6,3FC028F5C28F5C2E,BF9938A5992D43B3,BFBFB2F05ED88E43
$BFF921FB54442D13,3FC028F5C28F5C2E,0,BFC028F5C28F5C29
$BFF5FDBBE9BBA77,3FC028F5C28F5C2E,3F9938A5992D4407,BFBFB2F05ED88E3F
$BFF2D97C7F3321CD,3FC028F5C28F5C2E,3FA8BC958EBFC4C1,BFBDDC1AF7AB6097
$BFEF6A7A29553854,3FC028F5C28F5C2E,3FB1F4BE60A8793A,BFBADF83578C37B6
$BFE921FB54442D0E,3FC028F5C28F5C2E,3FB6DA8B811F39DE,BFB6DA8B811F39CF
$BFE2D97C7F3321C8,3FC028F5C28F5C2E,3FBADF83578C37C2,BFB1F4BE60A87928
$BFD921FB54442D04,3FC028F5C28F5C2E,3FBDDC1AF7AB609F,BFA8BC958EBFC49B
$BFC921FB54442CF,3FC028F5C28F5C2E,3FBFB2F05ED88E43,BF9938A5992D43B5
$3CD4,3FC028F5C28F5C2E,3FC028F5C28F5C28,0
5 175 76
5 176 32
5 177 79
5 178 74
5 179 0
5 180 0
4 169 ->
5 170 78
5 171 64
5 172 0
5 173 [2]
$1,-1
5 174 [18][4]
$C00921FB54442D18,3FC4,C00921FB54442D18,3FB2147AE147AE1
$C007A78322220C53,3FC4,C007A78322220C53,3FB2147AE147AE1
$C0062D0AEFFFEB8E,3FC4,C0062D0AEFFFEB8E,3FB2147AE147AE1
$C004B292BDDDCAC9,3FC4,C004B292BDDDCAC8,3FB2147AE147AE1
$C003381A8BBBAA04,3FC4,C003381A8BBBAA04,3FB2147AE147AE1
$C001BDA25999893F,3FC4,C001BDA25999893F,3FB2147AE147AE1
$C000432A2777687A,3FC4,C000432A2777687A,3FB2147AE147AE1
$BFFD9163EAAA8F6A,3FC4,BFFD9163EAAA8F6A,3FB2147AE147AE1
$BFFA9C7386664DE,3FC4,BFFA9C7386664DE,3FB2147AE147AE1
$BFF7A78322220C56,3FC4,BFF7A78322220C56,3FB2147AE147AE1
$BFF4B292BDDDCACR,3FC4,BFF4B292BDDDCACR,3FB2147AE147AE1
$BFF1BDA259998942,3FC4,BFF1BDA259998942,3FB2147AE147AE1
$BFED9163EAAA8F6F,3FC4,BFED9163EAAA8F6E,3FB2147AE147AE1
$BFE7A78322220C5A,3FC4,BFE7A78322220C59,3FB2147AE147AE1
$BFE1BDA259998945,3FC4,BFE1BDA259998946,3FB2147AE147AE1
$BFD7A78322220C6,3FC4,BFD7A78322220C6,3FB2147AE147AE1
$BFC7A78322220C6D,3FC4,BFC7A78322220C6C,3FB2147AE147AE1
$0,3FC4,0,3FB2147AE147AE1
5 175 76
5 176 30
5 177 80
5 178 83
5 179 0
5 180 0
4 169 ->
5 170 79
5 171 64
5 172 1
5 173 [2]
$1,-1
5 174 [2][4]
$C00921FB54442D18,3FC028F5C28F5C2E,C00921FB54442D18,3FC028F5C28F5C2E
$C00921FB54442D18,3FC4,C00921FB54442D18,3FC4
5 175 76
5 176 73
5 177 78
5 178 74
5 179 0
5 180 0
4 169 ->
5 170 80
5 171 64
5 172 1
5 173 [2]
$-1,1
5 174 [2][4]
$3CD4,3FC028F5C28F5C2E,C01921FB54442D1C,3FC028F5C28F5C2E
$0,3FC4,C01921FB54442D1D,3FC4
5 175 76
5 176 73
5 177 77
5 178 75
5 179 0
5 180 0
4 169 ->
5 170 81
5 171 64
5 172 1
5 173 [2]
$-1,1
5 174 [2][4]
$C01921FB54442D18,3FEA570A3D70A3D6,0,3FEA570A3D70A3D6
$C01921FB54442D18,3FE54CR,0,3FE54CR
5 175 52
5 176 26
5 177 69
5 178 29
5 179 0
5 180 0
4 169 ->
5 170 82
5 171 64
5 172 1
5 173 [2]
$1,-1
5 174 [2][4]
$C00921FB54442D18,3FEA570A3D70A3D6,C00921FB54442D18,3FEA570A3D70A3D6
$C00921FB54442D18,3FE54CR,C00921FB54442D18,3FE54CR
5 175 52
5 176 26
5 177 55
5 178 66
5 179 0
5 180 0
4 169 ->
5 170 83
5 171 64
5 172 1
5 173 [2]
$1,-1
5 174 [2][4]
$C00921FB54442D18,3FE54CR,C00921FB54442D18,3FE54CR
$C00921FB54442D18,3FB2147AE147AE1,C00921FB54442D18,3FB2147AE147AE1
5 175 56
5 176 30
5 177 75
5 178 31
5 179 0
5 180 0
4 169 ->
5 170 84
5 171 64
5 172 1
5 173 [2]
$-1,1
5 174 [2][4]
$C01921FB54442D18,3FE54CR,0,3FE54CR
$C01921FB54442D18,3FB2147AE147AE1,0,3FB2147AE147AE1
5 175 56
5 176 30
5 177 57
5 178 78
5 179 0
5 180 0
2 88 NULL
2 89 ->
2 90 ->
3 91 [4][3]
$3FF,2*0
$0,3FF,0
$2*0,3FF
$3*0
3 92 [4]
4 92 ->
5 93 601
5 94 0
5 95 6
5 96 -1
5 97 27
5 98 -1
5 99 0
5 100 0
5 101 0
5 102 [1]
6 102 ->
7 103 6
7 108 ->
8 109 [1]
9 109 -100
4 92 ->
5 93 601
5 94 0
5 95 6
5 96 -1
5 97 53
5 98 -1
5 99 0
5 100 0
5 101 0
5 102 [1]
6 102 ->
7 103 6
7 108 ->
8 109 [1]
9 109 -100
4 92 ->
5 93 601
5 94 0
5 95 6
5 96 -1
5 97 59
5 98 -1
5 99 0
5 100 0
5 101 0
5 102 [1]
6 102 ->
7 103 6
7 108 ->
8 109 [1]
9 109 -100
4 92 ->
5 93 601
5 94 0
5 95 6
5 96 -1
5 97 33
5 98 -1
5 99 0
5 100 0
5 101 0
5 102 [1]
6 102 ->
7 103 6
7 108 ->
8 109 [1]
9 109 -100
3 110 -1
3 111 0
2 116 NULL
2 117 -1
2 118 -1
2 119 NULL
2 120 NULL
2 136 [1]
3 136 7
2 124 ->
@next_srf 278 0
3 278 [1]
4 278 
@p_srf 279 1
5 279 56
@next_geom_ptr 280 1
5 280 0
@contours 281 0
3 281 [6]
4 281 
@p_srf 282 1
5 282 24
@start_crv_arr 283 11
5 283 [1]
6 283 27
4 281 
5 282 26
5 283 [1]
6 283 12
4 281 
5 282 30
5 283 [1]
6 283 14
4 281 
5 282 32
5 283 [1]
6 283 59
4 281 
5 282 52
5 283 [1]
6 283 12
4 281 
5 282 56
5 283 [1]
6 283 14
@next_crv 284 0
3 284 [8]
4 284 
@p_crv 285 1
5 285 12
@next_crv 286 11
5 286 [2]
$55,27
4 284 
5 285 14
5 286 [2]
$59,31
4 284 
5 285 19
5 286 [2]
$53,29
4 284 
5 285 21
5 286 [2]
$57,33
4 284 
5 285 29
5 286 [2]
$55,12
4 284 
5 285 31
5 286 [2]
$21,57
4 284 
5 285 55
5 286 [2]
$29,19
4 284 
5 285 57
5 286 [2]
$14,31
3 125 24
3 126 0
3 127 [2][3]
$BFD4,BFE4,BFD4
$3FD4,3FC8,3FD4
3 128 3FF335997337FF4
3 129 NULL
3 130 -1
2 131 -1
2 132 NULL
2 133 -1
2 134 NULL
1 135 NULL
@assem_mass_prop_ptr 287 0
1 287 NULL
@mass_prop_ptr 288 0
1 288 ->
@type 289 1
2 289 0
@density 290 2
2 290 0
@init_dens 291 5
2 291 0
@rel_density 292 2
2 292 0
@init_rel_dens 293 5
2 293 0
@aver_density 294 2
2 294 BFF
@vrevnum 295 1
2 295 -1
@volume 296 2
2 296 0
@cg 297 2
2 297 [3]
$3*0
@inertia 298 2
2 298 [3][3]
$3*0
$3*0
$3*0
@eps 299 2
2 299 0
@surfarea 300 2
2 300 0
@assign_mp_ptr 301 0
1 301 NULL
@tol_default_ptr 302 0
1 302 ->
@type 303 1
2 303 10
@value 304 2
2 304 [7]
$0,3FB9R,3F847AE147AE147B,3F50624DD2F1A9FC,3F1A36E2EB1C432D,
$3EE4F8B588E368F1,3EB0C6F7A0B5ED8E
@ang_value 305 2
2 305 [7]
$7*3FE
@standard 306 1
2 306 0
@iso_tol_tbls_ptr 307 0
2 307 NULL
@first_xsec_ptr 308 0
1 308 NULL
@datum_count 309 1
1 309 3
@axis_count 310 1
1 310 1
@insert_layer_id 311 1
1 311 -1
@layer_count 312 1
1 312 1
@layer_list 313 0
1 313 [6]
2 313 
@feat_id 314 1
3 314 1
@layer_id 315 1
3 315 0
@back_layer_id 316 1
3 316 0
2 313 
3 314 3
3 315 0
3 316 0
2 313 
3 314 5
3 315 0
3 316 0
2 313 
3 314 8
3 315 0
3 316 0
2 313 
3 314 7
3 315 0
3 316 0
2 313 
3 314 64
3 315 0
3 316 0
@lang_ptr 317 0
1 317 ->
@interact_on 318 1
2 318 -1
@first_csys_ptr 319 0
1 319 NULL
@color_prop_ptr 320 0
1 320 NULL
@fem_data 321 0
1 321 NULL
@rel_part_eps 322 2
1 322 3F53A92A30553261
@names_table 323 0
1 323 [3]
2 323 ->
@id 324 1
3 324 2
@type 325 1
3 325 5
@name 326 10
3 326 DTM1
2 323 ->
3 324 4
3 325 5
3 326 DTM2
2 323 ->
3 324 6
3 325 5
3 326 DTM3
@drv_tbl_ptr 327 0
1 327 ->
@prt_type 328 1
2 328 30
@gen_name 329 10
2 329 GENERIC
@model_type 330 1
2 330 2
@instances 331 0
2 331 [1]
3 331 ->
@name 332 10
4 332 7100
@drv_tbl_ptr 333 0
4 333 ->
5 328 31
5 329 STOP_PIN
5 330 2
@dim_tab_file 334 10
5 334 NULL
@type 335 1
5 335 1
@revnum 336 1
5 336 0
@values 337 0
4 337 [4]
5 337 
@type 338 1
6 338 50
@value(d_val) 339 2
6 339 3FD4
5 337 
6 338 50
6 339 3FE4
5 337 
6 338 50
6 339 3FE4
5 337 
6 338 50
6 339 3FC8
@attributes 340 1
4 340 0
2 334 NULL
@edit_header 341 10
2 341 [10]
3 341 # Pro/TABLE
3 341 # 
3 341 [] S 92;
3 341 [] W 10;
3 341 [A] W  3;
3 341 [B] W 10;
3 341 [C] W 10;
3 341 [D] W 11;
3 341 [E] W 10;
3 341 [F] W 12;
2 335 1
@items 342 0
2 342 [4]
3 342 
@type 343 1
4 343 2
@id 344 1
4 344 2
@name 345 10
4 345 d2
@invisible 346 1
4 346 0
3 342 
4 343 2
4 344 5
4 345 d5
4 346 0
3 342 
4 343 2
4 344 1
4 345 d1
4 346 0
3 342 
4 343 2
4 344 3
4 345 d3
4 346 0
2 336 0
@assembled_count 347 1
1 347 -8
@part_type 348 1
1 348 1
@mat_name_ptr 349 10
1 349 NULL
@first_ent_id 350 1
1 350 520220
@first_view_id 351 1
1 351 0
@outline 352 2
1 352 [2][3]
$BFD4,BFE4,BFD4
$3FD4,3FC8,3FD4
@dim_num 353 1
1 353 7
@dim_array 354 0
1 354 [7]
2 354 ->
@type 355 1
3 355 8
@dim_type 356 1
3 356 42
@feat_id 357 1
3 357 7
@attributes 358 1
3 358 32
@dim_dat_ptr 359 0
3 359 ->
@value 360 2
4 360 0
@bck_value 361 2
4 361 0
@tol_ptr 362 0
4 362 ->
@type 363 1
5 363 9
@tol_type 364 1
5 364 3
@dual_digits_diff 365 1
5 365 -1
@value 366 2
5 366 [2]
$2*3F847AE147AE147B
@nominal_value 367 2
4 367 0
@bound 368 1
4 368 20
@bck_bound 369 1
4 369 -1
@bck_tol_ptr 370 0
4 370 ->
@value 371 2
5 371 [2]
$2*3F847AE147AE147B
@datum_def_id 372 1
4 372 -1
@places_denom 373 1
4 373 2
@bck_places_denom 374 1
4 374 2
@dim_data_attrib 375 1
4 375 0
@dim_cosm_ptr 376 0
3 376 ->
@d0 377 2
4 377 0
@d1 378 2
4 378 0
@d2 379 2
4 379 0
@d3 380 2
4 380 0
@ord_info 381 0
4 381 NULL
@attach_ptr 382 0
3 382 NULL
@dim_text_ptr 383 0
3 383 ->
@symbol 384 10
4 384 d0
@line_array 385 0
4 385 [1]
5 385 
@text_array 386 0
6 386 [1]
7 386 
@text_type 387 1
8 387 61
@text_value 388 10
8 388 
@txt_attrib 389 1
8 389 1
@owner_id 390 1
8 390 0
@part_id 391 1
8 391 1
@height 392 2
8 392 BFF
@width_factor 393 2
8 393 BFF
@format_info 394 0
8 394 
@thickness 395 2
8 395 BFF
@parent_dim_id 396 1
3 396 -1
2 354 ->
3 355 8
3 356 5
3 357 7
3 358 865
3 359 ->
4 360 3FE4
4 361 3FE4
4 362 ->
5 363 9
5 364 3
5 365 -1
5 366 [2]
$2*3F1A36E2EB1C432D
4 367 3FE4
4 368 20
4 369 -1
4 370 ->
5 371 [2]
$2*3F847AE147AE147B
4 372 -1
4 373 4
4 374 4
4 375 0
3 376 ->
4 377 3FDA1E3227F2DBCD
4 378 4067CCB2D11E71C4
4 379 3FE978737603490D
4 380 403B1EDB6DB6DB6D
4 381 NULL
3 382 NULL
3 383 ->
4 384 head_dia
4 385 [1]
5 385 
6 386 [2]
7 386 
8 387 54
8 388 n
8 389 1
8 390 1
8 391 1
8 392 BFF
8 393 BFF
8 394 
7 386 
8 387 61
8 388 
8 389 1
8 390 1
8 391 1
8 392 BFF
8 393 BFF
8 394 
3 396 -1
2 354 ->
3 355 8
3 356 5
3 357 7
3 358 865
3 359 ->
4 360 3FD4
4 361 3FD4
4 362 ->
5 363 9
5 364 3
5 365 -1
5 366 [2]
$2*3F1A36E2EB1C432D
4 367 3FD4
4 368 20
4 369 -1
4 370 ->
5 371 [2]
$2*3F847AE147AE147B
4 372 -1
4 373 4
4 374 4
4 375 0
3 376 ->
4 377 3FA74BAD6C1C63R
4 378 C0637F6805698AF9
4 379 C057776698D0B9E8
4 380 403B1EDB6DB6DB6D
4 381 NULL
3 382 NULL
3 383 ->
4 384 pin_dia
4 385 [1]
5 385 
6 386 [2]
7 386 
8 387 54
8 388 n
8 389 1
8 390 2
8 391 1
8 392 BFF
8 393 BFF
8 394 
7 386 
8 387 61
8 388 
8 389 1
8 390 2
8 391 1
8 392 BFF
8 393 BFF
8 394 
3 396 -1
2 354 ->
3 355 8
3 356 1
3 357 7
3 358 801
3 359 ->
4 360 3FC8
4 361 3FC8
4 362 ->
5 363 9
5 364 3
5 365 -1
5 366 [2]
$2*3F1A36E2EB1C432D
4 367 3FC8
4 368 20
4 369 -1
4 370 ->
5 371 [2]
$2*3F847AE147AE147B
4 372 -1
4 373 4
4 374 4
4 375 0
3 376 ->
4 377 C057CEF3783635A2
4 378 3FE9A79EF81CDFCF
4 379 3FE5EECEB7103BB1
4 380 403B1EDB6DB6DB6D
4 381 NULL
3 382 NULL
3 383 ->
4 384 head_height
4 385 [1]
5 385 
6 386 [1]
7 386 
8 387 61
8 388 
8 389 1
8 390 3
8 391 1
8 392 BFF
8 393 BFF
8 394 
8 395 BFF
3 396 -1
2 354 ->
3 355 8
3 356 42
3 357 7
3 358 32
3 359 ->
4 360 0
4 361 0
4 362 ->
5 363 9
5 364 3
5 365 -1
5 366 [2]
$2*3F847AE147AE147B
4 367 0
4 368 20
4 369 -1
4 370 ->
5 371 [2]
$2*3F847AE147AE147B
4 372 -1
4 373 2
4 374 2
4 375 0
3 376 ->
4 377 0
4 378 0
4 379 0
4 380 0
4 381 NULL
3 382 NULL
3 383 ->
4 384 d4
4 385 [1]
5 385 
6 386 [1]
7 386 
8 387 61
8 388 
8 389 1
8 390 4
8 391 1
8 392 BFF
8 393 BFF
8 394 
8 395 BFF
3 396 -1
2 354 ->
3 355 8
3 356 5
3 357 7
3 358 801
3 359 ->
4 360 3FE4
4 361 3FE4
4 362 ->
5 363 9
5 364 3
5 365 -1
5 366 [2]
$2*3F1A36E2EB1C432D
4 367 3FE4
4 368 20
4 369 -1
4 370 ->
5 371 [2]
$2*3F847AE147AE147B
4 372 -1
4 373 4
4 374 4
4 375 0
3 376 ->
4 377 C06054C691DE3A23
4 378 3FD6A5CF39851D35
4 379 3FDCC4DE07ACE4CD
4 380 403B1EDB6DB6DB6E
4 381 NULL
3 382 NULL
3 383 ->
4 384 pin_length
4 385 [1]
5 385 
6 386 [1]
7 386 
8 387 61
8 388 
8 389 1
8 390 5
8 391 1
8 392 BFF
8 393 BFF
8 394 
8 395 BFF
3 396 -1
2 354 ->
3 355 8
3 356 200
3 357 64
3 358 257
3 359 ->
4 360 3F9EB851EB851EB8
4 361 3F9EB851EB851EB8
4 362 ->
5 363 9
5 364 3
5 365 -1
5 366 [2]
$2*3F847AE147AE147B
4 367 3F9EB851EB851EB8
4 368 20
4 369 -1
4 370 ->
5 371 [2]
$2*3F847AE147AE147B
4 372 -1
4 373 2
4 374 2
4 375 0
3 376 ->
4 377 0
4 378 0
4 379 0
4 380 0
4 381 NULL
3 382 NULL
3 383 ->
4 384 d6
4 385 [1]
5 385 
6 386 [2]
7 386 
8 387 54
8 388 45$ x 
8 389 1
8 390 6
8 391 1
8 392 BFF
8 393 BFF
8 394 
7 386 
8 387 61
8 388 
8 389 1
8 390 6
8 391 1
8 392 BFF
8 393 BFF
8 394 
8 395 BFF
3 396 -1
@ipar_num 397 1
1 397 0
@relpar_sets 398 0
1 398 [1]
2 398 
@id 399 1
3 399 -1
@type 400 1
3 400 2
@ext_ref_id 401 1
3 401 -1
@relatnum 402 1
3 402 0
@unit_arr 403 0
1 403 [2]
2 403 
@type 404 1
3 404 1
@factor 405 2
3 405 3FF
@name 406 10
3 406 INCH
@unit_type 407 1
3 407 0
2 403 
3 404 2
3 405 3FF
3 406 POUND
3 407 1
@geom_lib_ptr 408 0
1 408 NULL
@first_quilt_ptr 409 1
1 409 0
@attrib_array 410 1
1 410 [1]
2 410 0
@smt_info_ptr 411 0
1 411 NULL
@cable_info_ptr 412 0
1 412 NULL
@comp_info_ptr 413 0
1 413 NULL
@max_part_size 414 2
1 414 3FF335997337FF4
@prt_misc_ptr 415 0
1 415 NULL
@layer_array 416 0
1 416 [2]
2 416 ->
@id 417 1
3 417 85
@type 418 1
3 418 117
@user_id 419 1
3 419 0
@weird_wline_ptr 420 0
3 420 ->
@weird_wline 421 10
4 421 DTM
@layer_objects 422 0
3 422 [1]
4 422 
@type 423 1
5 423 3
@ids 424 1
5 424 [3]
$1,3,5
@saved_operation 425 1
3 425 3
2 416 ->
3 417 86
3 418 117
3 419 0
3 420 ->
4 421 AXIS
3 422 [3]
4 422 
5 423 3
5 424 [1]
6 424 7
4 422 
5 423 144
5 424 [1]
6 424 1
4 422 
5 423 145
3 425 3
@expld_mv_info 426 0
1 426 NULL
@state_info_ptr 427 0
1 427 NULL
@alumni_feats 428 0
1 428 NULL
@model_name 429 10
1 429 STOP_PIN
@p_mdl_grid 430 0
1 430 NULL
@mdl_status_ptr 431 0
1 431 NULL
@cfg_states 432 0
1 432 NULL
@disp_outl_info 433 0
1 433 
@disp_outline 434 2
2 434 [2][3]
$BFD4625A1BE7851B,BFE4312D0DF3C28D,BFD4625A1BE7851B
$3FD4625A1BE7851B,3FC8C4B437CF0A34,3FD4625A1BE7851B
@ribbon_info_ptr 435 0
1 435 NULL
@p_xref_data 436 0
1 436 ->
@View 437 0
0 437 ->
@id 438 1
1 438 0
@viewattr 439 0
1 439 
@attr_arr 440 1
2 440 [4]
$1,3*0
@mpoint 441 0
1 441 
@id 442 1
2 442 0
@coord 443 2
2 443 [3]
$0,BFCC,0
@first_instr_ptr 444 0
2 444 NULL
@attach_ptr 445 0
2 445 NULL
@vpoint 446 0
1 446 
2 442 0
2 443 [3]
$407F4,407A5E,0
2 444 NULL
2 445 NULL
@orient 447 2
1 447 [4][4]
$3FED7954E7DBA2F8,0,3FD8EC3AE92B676B,0
$BFD385CE5246572,3FE3E43A9692E21C,3FE7167619F550A2,0
$BFCEFC077F3F36A6,BFE91103985DA841,3FE25240DD3851BF,0
$3*0,3FF
@local_sys 448 2
1 448 [4][4]
$4083352872F52FER,0,40703DE1D290812F,0
$C06971F63F36CEAB,4079ED07844CD4F7,407E177BFF7A4431,0
$C0643129752FFF2E,C08055DA81F76FAE,4077E11BDE5E9F45,0
$407C778911160165,408004ECD278674B,405A548C7F8AFBAB,3FF
@first_instr_ptr 449 0
1 449 ->
@type 450 1
2 450 100
@geom_id 451 1
2 451 -1
@view_id 452 1
2 452 -1
@memb_num 453 1
2 453 0
@offset 454 2
2 454 0
@matrix 455 0
2 455 NULL
@next_instr_ptr 456 0
1 456 ->
2 450 301
2 451 -1
2 452 -1
2 453 0
2 454 4084DA94894E6EF8
2 455 NULL
1 456 NULL
@outer_xsec_index 457 1
1 457 -1
@next_view_id 458 1
1 458 -2
@simp_rep_id 459 1
1 459 -1
@name 460 10
1 460 no name
@matrix 461 2
1 461 [4][4]
$3FF,3*0
$0,3FF,2*0
$2*0,3FF,0
$3*0,3FF
@fit_outline 462 2
1 462 [2][3]
$4059,405518,C0792F1FECA2A14A
$408C2,4087BB,40792F1FECA2A14B
@det_info_ptr 463 0
1 463 NULL
@named_view_pzmatr 464 0
1 464 NULL
@page_id 465 1
1 465 0
@model_name 466 10
1 466 NULL
@unrep_model_name 467 10
1 467 NULL
@assem_merge_parts 468 0
0 468 ->
#END_OF_UGC
