#UGC:2 PART 887 360 0 1 1 15 1600 9548 \
#- VERS 0 0                                                          \
#- HOST                                                              \
#- LINK                                                              \
#- DBID                                                              \
#- REVS 0,                                                           \
#- RELL 0,                                                           \
#- UOBJ_ID 0 0 0                                                     \
#-END_OF_UGC_HEADER
#P_OBJECT 6
@P_object 1 0
0 1 ->
@depend 2 0
1 2 [1]
2 2 
@model_name 3 10
3 3 MOLDDEMO
@model_type 4 1
3 4 1
@revnum 5 1
3 5 3482
@bom_count 6 1
3 6 1
@dep_type 7 1
3 7 8
@stamp 8 0
3 8 
@major_vers 9 0
4 9 
@vers 10 1
5 10 0
@alias_name 11 10
5 11 
@minor_vers 12 0
4 12 
@vers 13 1
5 13 0
@reason 14 10
3 14 
@dep_db 15 0
1 15 ->
@dep_db 16 0
2 16 [2]
3 16 ->
@to_model_id 17 1
4 17 0
@dep_type 18 1
4 18 4
@obj_id 19 1
4 19 0
@obj_type 20 1
4 20 242
3 16 ->
4 17 0
4 18 4
4 19 1
4 20 242
@model_db 21 0
2 21 [1]
3 21 ->
@model_t_type 22 1
4 22 1
@model_name 23 10
4 23 MOLDDEMO
@generic_name 24 10
4 24 
@stamp 25 0
4 25 
@usr_rev 26 0
1 26 [1]
2 26 
@name 27 10
3 27 HANKINS
@mod_time 28 0
3 28 
@tm_sec 29 1
4 29 36
@tm_min 30 1
4 30 9
@tm_hour 31 1
4 31 6
@tm_mday 32 1
4 32 5
@tm_mon 33 1
4 33 11
@tm_year 34 1
4 34 95
@action 35 1
3 35 1000
@comment 36 10
3 36 Hostname: 'vavau'
@rel_level 37 10
3 37 
@rev_string 38 10
3 38 
@revnum_std 39 1
1 39 51
@flag 40 1
1 40 0
@name 41 10
1 41 NULL
@inst_hidden 42 1
1 42 0
@old_name 43 10
1 43 NULL
@appl_data 44 0
1 44 ->
@bounding_box 45 2
2 45 [2][3]
$3*0
$3*0
@uobj_id 46 0
1 46 NULL
#END_OF_P_OBJECT
#Pro/ENGINEER  TM  Version G-01-15  (c) 1988-95 by Parametric Technology Corporation  All Rights Reserved. 9548
@Solid 47 0
0 47 ->
@tab_key 48 1
1 48 0
@tab_key_struct 49 0
1 49 ->
@tab_key_ptr 50 0
2 50 [13]
@cmprs_tabkey 51 0
2 51 NULL
@type 52 1
1 52 2
@revnum_ptr 53 0
1 53 ->
@geom_revnum 54 1
2 54 34
@cosm_revnum 55 1
2 55 10
@first_member_ptr 56 0
1 56 NULL
@alumni_members 57 0
1 57 NULL
@frst_geom_ptr 58 1
1 58 0
@first_feat_ptr 59 0
1 59 ->
@id 60 1
2 60 1
@indep_attributes 61 1
2 61 1
@feat_type_ptr 62 0
2 62 ->
@table_id 63 1
3 63 -1
@type 64 1
3 64 979
@feattype_key 65 10
3 65 NULL
@form 66 1
3 66 0
@attributes 67 1
3 67 [3]
$3*0
@placement 68 1
3 68 0
@intersection 69 1
3 69 -1
@internal_udf_type 70 1
3 70 -1
@param_choice_ptr 71 0
3 71 ->
@blend_choice 72 1
4 72 0
@depth_choice 73 1
4 73 0
@angle_choice 74 1
4 74 -1
@pat_choice 75 1
4 75 -1
@round_choice 76 1
4 76 -1
@subsec_choice 77 1
4 77 -1
@sweep_choice 78 1
4 78 0
@dome_choice 79 1
4 79 0
@draft_choice 80 1
4 80 0
@misc_choice 81 1
4 81 128
@assoc_type 82 1
3 82 0
@symbol_key 83 1
2 83 -1
@sect_name 84 10
2 84 no_name
@model_type 85 1
2 85 2
@entity(coord_sys) 86 0
2 86 ->
@type 87 1
3 87 18
@id 88 1
3 88 2
@gen_info 89 0
3 89 
@color 90 1
4 90 1
@sys_type 91 1
3 91 -1
@pnt_type 92 1
3 92 -1
@radius 93 2
3 93 0
@local_sys 94 2
3 94 [4][3]
$3FF,2*0
$0,3FF,0
$2*0,3FF
$3*0
@feat_id 95 1
3 95 1
@entity(text) 96 0
2 96 ->
@text_type 97 1
3 97 34
@text_value 98 10
3 98 CS0
@txt_attrib 99 1
3 99 1
@coord 100 2
3 100 [3]
$407FE,407ADE,0
@owner_id 101 1
3 101 2
@part_id 102 1
3 102 11
@height 103 2
3 103 BFF
@width_factor 104 2
3 104 BFF
@format_info 105 0
3 105 
@thickness 106 2
3 106 BFF
@idtab_ptr 107 0
2 107 ->
@misc_id_tab 108 0
3 108 [1]
4 108 
@misc_hist 109 1
5 109 [5]
$2,534,0,-1,500
@save_geoms 110 0
3 110 NULL
@cr_flags_xar 111 1
3 111 [19]
$3*-1,-2049,2*-1,-16777217,3*-1,-536870913,-1,-1126176897,-2,-2097185,
$-2097665,-1,1073741805,0
@cvt_feat_dat 112 0
3 112 NULL
@feat_dates_ptr 113 0
3 113 ->
@creat_date 114 1
4 114 160014
@regen_date 115 1
4 115 160015
@geometry 116 0
2 116 
@group_info_ptr 117 0
2 117 NULL
@intrs_pairs_ptr 118 0
2 118 ->
@place_rec_ptr 119 0
2 119 ->
@local_sys 120 2
3 120 [4][3]
$3FF,2*0
$0,3FF,0
$2*0,3FF
$3*0
@own_ref_id 121 1
3 121 -1
@orient 122 1
3 122 0
@trf_arr 123 0
3 123 [1]
4 123 
@type 124 1
5 124 10
@idx 125 1
5 125 0
@transf 126 2
5 126 [4][3]
$3FF,2*0
$0,3FF,0
$2*0,3FF
$3*0
@next_prop 127 0
2 127 NULL
@first_geom_id 128 1
2 128 -1
@cond_tbl_idx 129 1
2 129 -1
@comment 130 10
2 130 NULL
@merge_info_ptr 131 0
2 131 NULL
@topology_increment 132 0
2 132 ->
@first_geom 133 1
3 133 0
@first_quilt 134 1
3 134 0
@outline 135 2
3 135 [2][3]
$3*0
$3*0
@max_part_size 136 2
3 136 0
@xform_increment 137 0
3 137 NULL
@roll_back_id 138 1
3 138 -1
@state_ind 139 1
2 139 -1
@alumni_info 140 0
2 140 NULL
@revnum 141 1
2 141 0
@rev_rec 142 0
2 142 ->
@num_plins 143 1
3 143 0
@next_feat_ptr 144 0
1 144 ->
2 60 3
2 61 1
2 62 ->
3 63 -1
3 64 935
3 65 NULL
3 66 0
3 67 [3]
$1,2*0
3 68 0
3 69 -1
3 70 -1
3 71 ->
4 72 0
4 73 0
4 74 -1
4 75 -1
4 76 -1
4 77 -1
4 78 0
4 79 0
4 80 0
4 81 0
3 82 0
2 83 -1
2 84 no_name
2 85 2
2 86 ->
3 87 18
3 88 4
3 89 
3 91 -1
3 92 -1
3 93 0
3 94 [4][3]
$3FF,2*0
$0,3FF,0
$2*0,3FF
$3*0
3 95 3
2 96 ->
3 97 34
3 98 CS1
3 99 1
3 100 [3]
$3*0
3 101 4
3 102 11
3 103 BFF
3 104 BFF
3 105 
3 106 BFF
2 107 ->
3 108 [1]
4 108 
5 109 [5]
$4,542,2,-1,500
3 110 NULL
3 111 [19]
$3*-1,-2049,2*-1,-16777217,3*-1,-536870913,-1,-1126176897,-2,-2097185,
$-2097665,-1,1073741805,0
3 112 NULL
3 113 ->
4 114 160014
4 115 160015
2 116 
2 117 NULL
2 118 ->
2 119 ->
3 120 [4][3]
$3FF,2*0
$0,3FF,0
$2*0,3FF
$3*0
3 121 0
3 122 0
2 127 NULL
2 128 -1
2 129 -1
2 130 NULL
2 131 ->
@attributes 145 1
3 145 16579
@tail_feat_id 146 1
3 146 3
@hdr_ptr 147 0
3 147 ->
@object_name 148 0
4 148 
@object_type 149 1
5 149 2
@name 150 10
5 150 W3
@simpl_rep 151 0
5 151 NULL
@new_ids 152 1
4 152 [13]
$2*-1,4,10*-1
@first_geom_id 153 1
4 153 -1
@base_feat_id 154 1
4 154 -1
@first_quilt_id 155 1
4 155 -1
@outline 156 2
4 156 [2][3]
$3*0
$3*0
@ref_revnum 157 1
4 157 33
2 132 ->
3 133 0
3 134 0
3 135 [2][3]
$3*0
$3*0
3 136 0
3 137 NULL
3 138 -1
2 139 -1
2 140 NULL
2 141 15
2 142 ->
@revnums 158 0
3 158 [1]
4 158 ->
@owner_type 159 1
5 159 3
@owner_ind 160 1
5 160 -1
@ref_id 161 1
5 161 -1
@ref_revnum 162 1
5 162 -1
@memb_tab_revnums 163 1
5 163 [1]
6 163 4
3 143 0
1 144 ->
2 60 5
2 61 1
2 62 ->
3 63 -1
3 64 935
3 65 NULL
3 66 0
3 67 [3]
$1,2*0
3 68 0
3 69 -1
3 70 -1
3 71 ->
4 72 0
4 73 0
4 74 -1
4 75 -1
4 76 -1
4 77 -1
4 78 0
4 79 0
4 80 0
4 81 0
3 82 0
2 83 -1
2 84 no_name
2 85 2
2 86 ->
3 87 18
3 88 6
3 89 
3 91 -1
3 92 -1
3 93 0
3 94 [4][3]
$3FF,2*0
$0,3FF,0
$2*0,3FF
$3*0
3 95 5
2 96 ->
3 97 34
3 98 CS2
3 99 1
3 100 [3]
$3*0
3 101 6
3 102 10
3 103 BFF
3 104 BFF
3 105 
3 106 BFF
2 107 ->
3 108 [1]
4 108 
5 109 [5]
$6,542,2,-1,500
3 110 NULL
3 111 [19]
$3*-1,-2049,2*-1,-16777217,3*-1,-536870913,-1,-1126176897,-2,-2097185,
$-2097665,-1,1073741805,0
3 112 NULL
3 113 ->
4 114 160014
4 115 160015
2 116 
2 117 NULL
2 118 ->
2 119 ->
3 120 [4][3]
$3FF,2*0
$0,3FF,0
$2*0,3FF
$3*0
3 121 1
3 122 0
2 127 NULL
2 128 -1
2 129 -1
2 130 NULL
2 131 ->
3 145 16579
3 146 5
3 147 ->
4 148 
5 149 2
5 150 W3
5 151 NULL
4 152 [13]
$2*-1,6,10*-1
4 153 -1
4 154 -1
4 155 -1
4 156 [2][3]
$3*0
$3*0
4 157 33
2 132 ->
3 133 0
3 134 0
3 135 [2][3]
$3*0
$3*0
3 136 403F005294372C3D
3 137 NULL
3 138 -1
2 139 -1
2 140 NULL
2 141 16
2 142 ->
3 158 [1]
4 158 ->
5 159 3
5 160 -1
5 161 -1
5 162 -1
5 163 [1]
6 163 0
3 143 0
1 144 ->
2 60 8
2 61 1
2 62 ->
3 63 -1
3 64 979
3 65 NULL
3 66 0
3 67 [3]
$3*0
3 68 0
3 69 -1
3 70 -1
3 71 ->
4 72 0
4 73 0
4 74 -1
4 75 -1
4 76 -1
4 77 -1
4 78 0
4 79 0
4 80 0
4 81 32
3 82 0
2 83 -1
2 84 no_name
2 85 2
2 86 ->
3 87 18
3 88 9
3 89 
4 90 1
3 91 -1
3 92 -1
3 93 0
3 94 [4][3]
$3FF,2*0
$0,3FF,0
$2*0,3FF
$0,3FFDFBE76C8B4396,0
3 95 8
2 96 ->
3 97 34
3 98 CS3
3 99 1
3 100 [3]
$407FD73615FC7D8F,407AEFE8D7C98D6F,3FF4C98C1C8996C8
3 101 9
3 102 10
3 103 BFF
3 104 BFF
3 105 
3 106 BFF
2 107 ->
3 108 [1]
4 108 
5 109 [5]
$9,534,0,-1,500
3 110 NULL
3 111 [19]
$3*-1,-2049,2*-1,-16777217,3*-1,-536870913,-1,-1126176897,-2,-2097185,
$-2097665,-1,1073741805,0
3 112 NULL
3 113 ->
4 114 160014
4 115 160015
2 116 
2 117 NULL
2 118 ->
2 119 ->
3 120 [4][3]
$3FF,2*0
$0,3FF,0
$2*0,3FF
$0,3FFDFBE76C8B4396,0
@place_instruction_ptrs 164 0
3 164 [3]
4 164 ->
@type 165 1
5 165 1250
@offset 166 2
5 166 0
@dim_id 167 1
5 167 -1
@ref_id 168 1
5 168 -1
@geometry1_id 169 1
5 169 2
@geometry2_id 170 1
5 170 -1
@memb_num1 171 1
5 171 0
@memb_num2 172 1
5 172 0
@attr 173 1
5 173 0
@plin_info_arr 174 0
5 174 [1]
6 174 ->
@type 175 1
7 175 6
@data(plin_info_ui_step) 176 0
7 176 ->
@step_ids 177 1
8 177 [1]
9 177 -100
4 164 ->
5 165 1252
5 166 3FEDFBE76C8B4396
5 167 0
5 168 -1
5 169 -1
5 170 -1
5 171 0
5 172 0
5 173 0
5 174 [1]
6 174 ->
7 175 6
7 176 ->
8 177 [1]
9 177 -100
4 164 ->
5 165 1252
5 166 3FEDFBE76C8B4396
5 167 1
5 168 -1
5 169 -1
5 170 -1
5 171 0
5 172 0
5 173 0
5 174 [1]
6 174 ->
7 175 6
7 176 ->
8 177 [1]
9 177 -100
3 121 -1
3 122 0
3 123 [1]
4 123 
5 124 10
5 125 0
5 126 [4][3]
$3FF,2*0
$0,3FF,0
$2*0,3FF
$0,3FFDFBE76C8B4396,0
2 127 NULL
2 128 -1
2 129 -1
2 130 NULL
2 131 NULL
@parent_table 178 1
2 178 [1]
3 178 1
2 132 ->
3 133 0
3 134 0
3 135 [2][3]
$3*0
$3*0
3 136 403F005294372C3D
3 137 NULL
3 138 -1
2 139 -1
2 140 NULL
2 141 1
2 142 ->
3 143 3
1 144 NULL
@assem_mass_prop_ptr 179 0
1 179 NULL
@mass_prop_ptr 180 0
1 180 ->
@type 181 1
2 181 0
@density 182 2
2 182 0
@init_dens 183 5
2 183 0
@rel_density 184 2
2 184 0
@init_rel_dens 185 5
2 185 0
@aver_density 186 2
2 186 0
@vrevnum 187 1
2 187 -1
@volume 188 2
2 188 0
@cg 189 2
2 189 [3]
$3*0
@inertia 190 2
2 190 [3][3]
$3*0
$3*0
$3*0
@eps 191 2
2 191 0
@surfarea 192 2
2 192 0
@assign_mp_ptr 193 0
1 193 NULL
@tol_default_ptr 194 0
1 194 ->
@type 195 1
2 195 10
@value 196 2
2 196 [7]
$0,3FB9R,3F847AE147AE147B,3F50624DD2F1A9FC,3F1A36E2EB1C432D,
$3EE4F8B588E368F1,3EB0C6F7A0B5ED8E
@ang_value 197 2
2 197 [7]
$0,6*3FE
@standard 198 1
2 198 0
@iso_tol_tbls_ptr 199 0
2 199 NULL
@ref_part_table 200 0
1 200 [2]
2 200 ->
@name 201 10
3 201 MOLDDEMO
@id 202 1
3 202 1
@type 203 1
3 203 1
@revnum 204 1
3 204 -1
@memb_id_tab 205 1
3 205 [1]
4 205 2993
@dep_id 206 1
3 206 0
@attributes 207 1
3 207 0
@simpl_rep 208 0
3 208 NULL
2 200 ->
3 201 MOLDDEMO
3 202 0
3 203 1
3 204 -1
3 205 [1]
4 205 3272
3 206 1
3 207 0
3 208 NULL
@first_xsec_ptr 209 0
1 209 NULL
@datum_count 210 1
1 210 0
@axis_count 211 1
1 211 0
@insert_layer_id 212 1
1 212 -1
@layer_count 213 1
1 213 1
@layer_list 214 0
1 214 [4]
2 214 
@feat_id 215 1
3 215 1
@layer_id 216 1
3 216 0
@back_layer_id 217 1
3 217 0
2 214 
3 215 3
3 216 0
3 217 0
2 214 
3 215 5
3 216 0
3 217 0
2 214 
3 215 8
3 216 0
3 217 0
@lang_ptr 218 0
1 218 ->
@interact_on 219 1
2 219 -1
@first_csys_ptr 220 0
1 220 NULL
@color_prop_ptr 221 0
1 221 ->
@color_tab 222 0
2 222 [1]
3 222 
@maximum 223 2
4 223 [3]
$0,3FF,0
@ambient 224 2
4 224 3FECR
@diffuse 225 2
4 225 3FECR
@specular 226 2
4 226 3FE9R
@spec_coef 227 2
4 227 3FE
@transmission 228 2
4 228 0
@threshold 229 1
4 229 90
@gl_ind 230 1
4 230 0
@surf_ind_tab 231 0
2 231 [1]
3 231 
@surf_id 232 1
4 232 -1
@surf_color_inds 233 1
4 233 [2]
$0,-1
@fem_data 234 0
1 234 NULL
@rel_part_eps 235 2
1 235 3F53A92A30553261
@names_table 236 0
1 236 [4]
2 236 ->
@id 237 1
3 237 2
@type 238 1
3 238 25
@name 239 10
3 239 CS0
2 236 ->
3 237 4
3 238 25
3 239 CS1
2 236 ->
3 237 6
3 238 25
3 239 CS2
2 236 ->
3 237 9
3 238 25
3 239 CS3
@drv_tbl_ptr 240 0
1 240 NULL
@assembled_count 241 1
1 241 2
@part_type 242 1
1 242 1
@mat_name_ptr 243 10
1 243 NULL
@first_ent_id 244 1
1 244 515265
@first_view_id 245 1
1 245 0
@outline 246 2
1 246 [2][3]
$3*0
$3*0
@dim_num 247 1
1 247 2
@dim_array 248 0
1 248 [2]
2 248 ->
@type 249 1
3 249 8
@dim_type 250 1
3 250 9
@feat_id 251 1
3 251 8
@attributes 252 1
3 252 257
@dim_dat_ptr 253 0
3 253 ->
@value 254 2
4 254 3FEDFBE76C8B4396
@bck_value 255 2
4 255 3FEDFBE76C8B4396
@tol_ptr 256 0
4 256 ->
@type 257 1
5 257 9
@tol_type 258 1
5 258 3
@dual_digits_diff 259 1
5 259 999
@value 260 2
5 260 [2]
$2*3F847AE147AE147B
@nominal_value 261 2
4 261 3FEDFBE76C8B4396
@bound 262 1
4 262 20
@bck_bound 263 1
4 263 -1
@bck_tol_ptr 264 0
4 264 ->
@value 265 2
5 265 [2]
$2*3F847AE147AE147B
@datum_def_id 266 1
4 266 -1
@places_denom 267 1
4 267 2
@bck_places_denom 268 1
4 268 2
@dim_data_attrib 269 1
4 269 0
@dim_cosm_ptr 270 0
3 270 ->
@d0 271 2
4 271 0
@d1 272 2
4 272 0
@d2 273 2
4 273 0
@d3 274 2
4 274 0
@ord_info 275 0
4 275 NULL
@attach_ptr 276 0
3 276 NULL
@dim_text_ptr 277 0
3 277 ->
@symbol 278 10
4 278 d0
@parent_dim_id 279 1
3 279 -1
2 248 ->
3 249 8
3 250 9
3 251 8
3 252 257
3 253 ->
4 254 3FEDFBE76C8B4396
4 255 3FEDFBE76C8B4396
4 256 ->
5 257 9
5 258 3
5 259 999
5 260 [2]
$2*3F847AE147AE147B
4 261 3FEDFBE76C8B4396
4 262 20
4 263 -1
4 264 ->
5 265 [2]
$2*3F847AE147AE147B
4 266 -1
4 267 2
4 268 2
4 269 0
3 270 ->
4 271 0
4 272 0
4 273 0
4 274 0
4 275 NULL
3 276 NULL
3 277 ->
4 278 d1
3 279 -1
@ipar_num 280 1
1 280 0
@relpar_sets 281 0
1 281 [1]
2 281 
@id 282 1
3 282 -1
@type 283 1
3 283 2
@ext_ref_id 284 1
3 284 -1
@relatnum 285 1
3 285 0
@unit_arr 286 0
1 286 [2]
2 286 
@type 287 1
3 287 1
@factor 288 2
3 288 3FF
@name 289 10
3 289 INCH
@unit_type 290 1
3 290 0
2 286 
3 287 2
3 288 3FF
3 289 POUND
3 290 1
@geom_lib_ptr 291 0
1 291 NULL
@first_quilt_ptr 292 1
1 292 0
@attrib_array 293 1
1 293 [2]
$2*0
@smt_info_ptr 294 0
1 294 NULL
@cable_info_ptr 295 0
1 295 NULL
@comp_info_ptr 296 0
1 296 NULL
@max_part_size 297 2
1 297 403F005294372C3D
@prt_misc_ptr 298 0
1 298 ->
@shrink_data_ptr 299 0
2 299 NULL
@layer_array 300 0
1 300 [2]
2 300 ->
@id 301 1
3 301 7
@type 302 1
3 302 117
@user_id 303 1
3 303 0
@weird_wline_ptr 304 0
3 304 ->
@weird_wline 305 10
4 305 CSO
@layer_objects 306 0
3 306 [4]
4 306 
@type 307 1
5 307 3
@ids 308 1
5 308 [1]
6 308 1
4 306 
5 307 62
4 306 
5 307 144
4 306 
5 307 145
@saved_operation 309 1
3 309 3
2 300 ->
3 301 12
3 302 117
3 303 0
3 304 ->
4 305 OFFSET_CSO
3 306 [1]
4 306 
5 307 3
5 308 [1]
6 308 8
3 309 3
@expld_mv_info 310 0
1 310 NULL
@state_info_ptr 311 0
1 311 NULL
@alumni_feats 312 0
1 312 NULL
@model_name 313 10
1 313 W3
@p_mdl_grid 314 0
1 314 NULL
@mdl_status_ptr 315 0
1 315 NULL
@cfg_states 316 0
1 316 NULL
@disp_outl_info 317 0
1 317 
@disp_outline 318 2
2 318 [2][3]
$3*C06F4
$3*406F4
@ribbon_info_ptr 319 0
1 319 NULL
@p_xref_data 320 0
1 320 ->
@View 321 0
0 321 ->
@id 322 1
1 322 0
@viewattr 323 0
1 323 
@attr_arr 324 1
2 324 [4]
$1,3*0
@mpoint 325 0
1 325 
@id 326 1
2 326 0
@coord 327 2
2 327 [3]
$3*0
@first_instr_ptr 328 0
2 328 NULL
@attach_ptr 329 0
2 329 NULL
@vpoint 330 0
1 330 
2 326 0
2 327 [3]
$407F4,407A5E,0
2 328 NULL
2 329 NULL
@orient 331 2
1 331 [4][4]
$3FED7954E7DBA2F8,0,3FD8EC3AE92B676B,0
$BFD385CE5246572,3FE3E43A9692E21C,3FE7167619F550A2,0
$BFCEFC077F3F36A6,BFE91103985DA841,3FE25240DD3851BF,0
$3*0,3FF
@local_sys 332 2
1 332 [4][4]
$3FEC5249DDBD778C,0,3FD7F2BEE360639A,0
$BFD2C260C7D52074,3FE31D1BD878580D,3FE62F589B0A81C5,0
$BFCDC5DD7F7E232,BFE816175ABADB28,3FE19ADA045E00A5,0
$407F4,407A5E,0,3FF
@first_instr_ptr 333 0
1 333 ->
@type 334 1
2 334 100
@geom_id 335 1
2 335 -1
@view_id 336 1
2 336 -1
@memb_num 337 1
2 337 0
@offset 338 2
2 338 0
@matrix 339 0
2 339 NULL
@next_instr_ptr 340 0
1 340 ->
2 334 301
2 335 -1
2 336 -1
2 337 0
2 338 3FEEBFAB9DAC413E
2 339 NULL
1 340 NULL
@outer_xsec_index 341 1
1 341 -1
@next_view_id 342 1
1 342 -2
@simp_rep_id 343 1
1 343 0
@name 344 10
1 344 no name
@matrix 345 2
1 345 [4][4]
$3FF,3*0
$0,3FF,2*0
$2*0,3FF,0
$3*0,3FF
@fit_outline 346 2
1 346 [2][3]
$4059,405518,C079467E52590FFE
$408C2,4087BB,4079467E52590FFE
@det_info_ptr 347 0
1 347 NULL
@named_view_pzmatr 348 0
1 348 NULL
@page_id 349 1
1 349 0
@model_name 350 10
1 350 NULL
@unrep_model_name 351 10
1 351 NULL
@assem_merge_parts 352 0
0 352 ->
#END_OF_UGC
