

Input part file name: f:/data5/repository/PTC/V18/wingasm18/wing_done/rib2_done.hh.sat


Output part file name: f:/data5/repository/PTC/V18/wingasm18/wing_done/rib2_done.hh.f.sat



Input part file name: f:/data5/repository/PTC/V18/wingasm18/wing_done/rib3_done.hh.sat


Output part file name: f:/data5/repository/PTC/V18/wingasm18/wing_done/rib3_done.hh.f.sat



Input part file name: f:/data5/repository/PTC/V18/wingasm18/wing_done/rib4_done.hh.sat


Output part file name: f:/data5/repository/PTC/V18/wingasm18/wing_done/rib4_done.hh.f.sat



Input part file name: f:/data5/repository/PTC/V18/wingasm18/wing_done/rib5_done.hh.sat


Output part file name: f:/data5/repository/PTC/V18/wingasm18/wing_done/rib5_done.hh.f.sat



Input part file name: f:/data5/repository/PTC/V18/wingasm18/wing_done/solid_done.hh.sat


Output part file name: f:/data5/repository/PTC/V18/wingasm18/wing_done/solid_done.hh.f.sat



Input part file name: f:/data5/repository/PTC/V18/wingasm18/wing_done/str2_done.hh.sat


Output part file name: f:/data5/repository/PTC/V18/wingasm18/wing_done/str2_done.hh.f.sat



Input part file name: f:/data5/repository/PTC/V18/wingasm18/wing_done/str3_done.hh.sat


Output part file name: f:/data5/repository/PTC/V18/wingasm18/wing_done/str3_done.hh.f.sat



Input part file name: f:/data5/repository/PTC/V18/wingasm18/wing_done/wing_done.hh.sat



Input part file name: f:/data5/repository/PTC/V18/wingasm18/wing_done/con_done.hh.sat



Input part file name: f:/data5/repository/PTC/V18/wingasm18/wing_done/rib1_done.hh.sat


Output part file name: f:/data5/repository/PTC/V18/wingasm18/wing_done/rib1_done.hh.f.sat



Input part file name: f:/data5/repository/PTC/V18/wingasm18/wing_done/str1_done.hh.sat


Output part file name: f:/data5/repository/PTC/V18/wingasm18/wing_done/str1_done.hh.f.sat



Input part file name: f:/data5/repository/PTC/V18/wingasm18/wing_done/rib3_done.prt.hh.sat


Output part file name: f:/data5/repository/PTC/V18/wingasm18/wing_done/rib3_done.prt.hh.f.sat



Input part file name: f:/data5/repository/PTC/V18/wingasm18/wing_done/rib4_done.prt.hh.sat


Output part file name: f:/data5/repository/PTC/V18/wingasm18/wing_done/rib4_done.prt.hh.f.sat



Input part file name: f:/data5/repository/PTC/V18/wingasm18/wing_done/rib5_done.prt.hh.sat


Output part file name: f:/data5/repository/PTC/V18/wingasm18/wing_done/rib5_done.prt.hh.f.sat



Input part file name: f:/data5/repository/PTC/V18/wingasm18/wing_done/solid_done.prt.hh.sat


Output part file name: f:/data5/repository/PTC/V18/wingasm18/wing_done/solid_done.prt.hh.f.sat



Input part file name: f:/data5/repository/PTC/V18/wingasm18/wing_done/str2_done.prt.hh.sat


Output part file name: f:/data5/repository/PTC/V18/wingasm18/wing_done/str2_done.prt.hh.f.sat



Input part file name: f:/data5/repository/PTC/V18/wingasm18/wing_done/str3_done.prt.hh.sat


Output part file name: f:/data5/repository/PTC/V18/wingasm18/wing_done/str3_done.prt.hh.f.sat



Input part file name: f:/data5/repository/PTC/V18/wingasm18/wing_done/wing_done.prt.hh.sat



Input part file name: f:/data5/repository/PTC/V18/wingasm18/wing_done/con_done.prt.hh.sat



Input part file name: f:/data5/repository/PTC/V18/wingasm18/wing_done/str1_done.prt.hh.sat


Output part file name: f:/data5/repository/PTC/V18/wingasm18/wing_done/str1_done.prt.hh.f.sat



Input part file name: f:/data5/repository/PTC/V18/wingasm18/wing_done/rib2_done.prt.hh.sat


Output part file name: f:/data5/repository/PTC/V18/wingasm18/wing_done/rib2_done.prt.hh.f.sat



Input part file name: f:/data5/repository/PTC/V18/wingasm18/wing_done/rib1_done.prt.hh.sat


Output part file name: f:/data5/repository/PTC/V18/wingasm18/wing_done/rib1_done.prt.hh.f.sat
*** Error (kernel/kerndata/bulletin:BULLETIN_NOT_ON_BOARD)
    remove bulletin from bulletin board it was not on
Aborting program

