SUMMARY OF IGES IMPORT PROCESSING

Reading began at: Wed Mar 11 10:17:43 1998

Type   Form   Count (modl/draw) Uncnvtd. Name
---------------------------------------------
 100      0     86 (  86/   0)     0    Circular Arc
 102      0    360 ( 360/   0)     0    Composite Curve
 110      0   1016 (1016/   0)     0    Line
 120      0     40 (  40/   0)     0    Surface of Revolution
 124      0     86 (  86/   0)     0    Transformation Matrix
 126      0    614 ( 614/   0)     0    Rational B-Spline Curve
 128      0    124 ( 124/   0)     0    Rational B-Spline Surface
 142      0    180 ( 180/   0)     0    Curve on a Parametric Surface
 144      0    164 ( 164/   0)     0    Trimmed Parametric surface
              ----              ----
     Totals = 2670                 0



Level  Curves   Surfs   Trim_Srf   Total   
-----------------------------------------------------
   0   1716     164      164        2670

Reading finished at: Wed Mar 11 10:17:44 1998

Total reading time: 00:00:01.


Processing finished at: Wed Mar 11 10:17:51 1998

Total processing time: 00:00:07.
