------------------------------------------------------------
Pro/MECHANICA STRUCTURE Version 18.0(50)
Summary for Design Study "rib_thick"
Wed May 21, 1997   20:04:28
------------------------------------------------------------

Run Settings
   Memory allocation for block solver: 100.0     
   Perform mesh smoothing after each parameter update.
   Remesh after each parameter update.
   Generate elements automatically.
No errors were found in the model.

Pro/MECHANICA Structure Model Summary

   Model Type: Three Dimensional

   Points:         89
   Edges:         209
   Faces:         121

   Springs:         0
   Masses:          0
   Beams:           0
   Shells:        121
   Solids:          0

   Elements:      121

------------------------------------------------------------

Global Sensitivity Design Study

Parameter                    Start             End
   rib_thick                   0.5               2

Sensitivity Step 1 of 11

Parameters:
   rib_thick                  0.5

Static Analysis "initial_static":

   Convergence Method: Single-Pass Adaptive

   Convergence Loop Log:                         (20:34:31)

   >> Pass  1 <<
         Calculating Element Equations           (20:34:33)
            Total Number of Equations:    3251
            Maximum Edge Order:              3
         Solving Equations                       (20:35:46)
         Calculating Disp and Stress Results     (20:38:35)
            Plotting Grid:                   4
         Resource Check                          (20:42:38)
            Elapsed Time     (sec):    2299.18
            CPU Time         (sec):     203.32
            Memory Usage      (kb):     109244
            Wrk Dir Dsk Usage (kb):       4097

   >> Pass  2 <<
         Calculating Element Equations           (20:42:41)
            Total Number of Equations:   16119
            Maximum Edge Order:              9
         Solving Equations                       (20:52:30)
         Calculating Disp and Stress Results     (21:01:36)
            Plotting Grid:                   4
         Resource Check                          (21:07:50)
            Elapsed Time     (sec):    3811.77
            CPU Time         (sec):     375.72
            Memory Usage      (kb):     110752
            Wrk Dir Dsk Usage (kb):      49153

	 RMS Stress Error Estimates:

         Load Set          Stress Error  % of Max Prin Str
         ----------------  ------------  -----------------
         load1             9.66e-01       4.0% of 2.39e+01

Analysis "initial_static" Completed  (21:07:52)

Sensitivity Step 2 of 11

Parameters:
   rib_thick                 0.65

Static Analysis "initial_static":

   Convergence Method: Single-Pass Adaptive

         Calculating Element Equations           (21:19:57)
            Total Number of Equations:   16119
            Maximum Edge Order:              9
         Solving Equations                       (21:26:22)
         Resource Check                          (21:36:24)
            Elapsed Time     (sec):    5525.86
            CPU Time         (sec):     548.21
            Memory Usage      (kb):     111740
            Wrk Dir Dsk Usage (kb):      49153
         Calculating Disp and Stress Results     (21:36:25)
            Plotting Grid:                   4

Analysis "initial_static" Completed  (21:39:06)

Sensitivity Step 3 of 11

Parameters:
   rib_thick                  0.8

Static Analysis "initial_static":

   Convergence Method: Single-Pass Adaptive

         Calculating Element Equations           (21:58:04)
            Total Number of Equations:   16119
            Maximum Edge Order:              9
         Solving Equations                       (22:04:20)
         Resource Check                          (22:09:58)
            Elapsed Time     (sec):    7539.51
            CPU Time         (sec):     749.42
            Memory Usage      (kb):     112440
            Wrk Dir Dsk Usage (kb):      49153
         Calculating Disp and Stress Results     (22:09:58)
            Plotting Grid:                   4

Analysis "initial_static" Completed  (22:12:41)

Sensitivity Step 4 of 11

Parameters:
   rib_thick                 0.95

Static Analysis "initial_static":

   Convergence Method: Single-Pass Adaptive

         Calculating Element Equations           (22:25:00)
            Total Number of Equations:   16119
            Maximum Edge Order:              9
         Solving Equations                       (22:29:57)
         Resource Check                          (22:38:02)
            Elapsed Time     (sec):    9223.90
            CPU Time         (sec):     964.03
            Memory Usage      (kb):     113192
            Wrk Dir Dsk Usage (kb):      49153
         Calculating Disp and Stress Results     (22:38:03)
            Plotting Grid:                   4

Analysis "initial_static" Completed  (22:40:23)

Sensitivity Step 5 of 11

Parameters:
   rib_thick                  1.1

Static Analysis "initial_static":

   Convergence Method: Single-Pass Adaptive

         Calculating Element Equations           (22:58:51)
            Total Number of Equations:   16119
            Maximum Edge Order:              9
         Solving Equations                       (23:06:03)
         Resource Check                          (23:14:18)
            Elapsed Time     (sec):   11399.61
            CPU Time         (sec):    1167.48
            Memory Usage      (kb):     113892
            Wrk Dir Dsk Usage (kb):      49153
         Calculating Disp and Stress Results     (23:14:18)
            Plotting Grid:                   4

Analysis "initial_static" Completed  (23:16:56)

Sensitivity Step 6 of 11

Parameters:
   rib_thick                 1.25

Static Analysis "initial_static":

   Convergence Method: Single-Pass Adaptive

         Calculating Element Equations           (23:35:12)
            Total Number of Equations:   16119
            Maximum Edge Order:              9
         Solving Equations                       (23:42:23)
         Resource Check                          (23:50:33)
            Elapsed Time     (sec):   13574.16
            CPU Time         (sec):    1366.58
            Memory Usage      (kb):     114644
            Wrk Dir Dsk Usage (kb):      49153
         Calculating Disp and Stress Results     (23:50:33)
            Plotting Grid:                   4

Analysis "initial_static" Completed  (23:52:55)

Sensitivity Step 7 of 11

Parameters:
   rib_thick                  1.4

Static Analysis "initial_static":

   Convergence Method: Single-Pass Adaptive

         Calculating Element Equations           (00:13:19)
            Total Number of Equations:   16119
            Maximum Edge Order:              9
         Solving Equations                       (00:19:26)
         Resource Check                          (00:27:26)
            Elapsed Time     (sec):   15787.97
            CPU Time         (sec):    1557.75
            Memory Usage      (kb):     115680
            Wrk Dir Dsk Usage (kb):      49153
         Calculating Disp and Stress Results     (00:27:26)
            Plotting Grid:                   4

Analysis "initial_static" Completed  (00:29:47)

Sensitivity Step 8 of 11

Parameters:
   rib_thick                 1.55

Static Analysis "initial_static":

   Convergence Method: Single-Pass Adaptive

         Calculating Element Equations           (00:46:56)
            Total Number of Equations:   16119
            Maximum Edge Order:              9
         Solving Equations                       (00:53:53)
         Resource Check                          (01:02:36)
            Elapsed Time     (sec):   17896.91
            CPU Time         (sec):    1757.48
            Memory Usage      (kb):     116136
            Wrk Dir Dsk Usage (kb):      49153
         Calculating Disp and Stress Results     (01:02:36)
            Plotting Grid:                   4

Analysis "initial_static" Completed  (01:04:56)

Sensitivity Step 9 of 11

Parameters:
   rib_thick                  1.7

Static Analysis "initial_static":

   Convergence Method: Single-Pass Adaptive

         Calculating Element Equations           (01:22:00)
            Total Number of Equations:   16119
            Maximum Edge Order:              9
         Solving Equations                       (01:25:17)
         Resource Check                          (01:28:01)
            Elapsed Time     (sec):   19422.40
            CPU Time         (sec):    1976.62
            Memory Usage      (kb):     116804
            Wrk Dir Dsk Usage (kb):      49153
         Calculating Disp and Stress Results     (01:28:01)
            Plotting Grid:                   4

Analysis "initial_static" Completed  (01:29:20)

Sensitivity Step 10 of 11

Parameters:
   rib_thick                 1.85

Static Analysis "initial_static":

   Convergence Method: Single-Pass Adaptive

         Calculating Element Equations           (01:47:19)
            Total Number of Equations:   16119
            Maximum Edge Order:              9
         Solving Equations                       (01:54:46)
         Resource Check                          (02:01:35)
            Elapsed Time     (sec):   21436.64
            CPU Time         (sec):    2179.91
            Memory Usage      (kb):     117556
            Wrk Dir Dsk Usage (kb):      49153
         Calculating Disp and Stress Results     (02:01:35)
            Plotting Grid:                   4

Analysis "initial_static" Completed  (02:04:20)

Sensitivity Step 11 of 11

Parameters:
   rib_thick                    2

Static Analysis "initial_static":

   Convergence Method: Single-Pass Adaptive

         Calculating Element Equations           (02:21:02)
            Total Number of Equations:   16119
            Maximum Edge Order:              9
         Solving Equations                       (02:28:34)
         Resource Check                          (02:37:30)
            Elapsed Time     (sec):   23591.34
            CPU Time         (sec):    2385.39
            Memory Usage      (kb):     118592
            Wrk Dir Dsk Usage (kb):      49153
         Calculating Disp and Stress Results     (02:37:31)
            Plotting Grid:                   4

Analysis "initial_static" Completed  (02:39:51)

Completed Global Sensitivity Study

Use Results to plot measures.

------------------------------------------------------------

Memory and Disk Usage:

   Machine Type: HP
   RAM Allocation for Solver (megabytes): 100.0

   Total Elapsed Time (seconds): 23737.31  
   Total CPU Time     (seconds): 2403.87   
   Maximum Memory Usage (kilobytes): 118960    
   Working Directory Disk Usage (kilobytes): 49153     
   Total Elapsed Time in Parameter Updates (seconds):
      7491.30   
   Total Engine Elapsed Time Minus Param. Updates (seconds):
      16246.01  
   Total CPU Time in Parameter Updates (seconds):
      368.30    
   Total Engine CPU Time Minus Param. Updates (seconds):
      2035.57   

   Results Directory Size (kilobytes):
   3859 /osumi/user/ntiwari/mech_demo2/rib_thick

   Maximum Data Base Working File Sizes (kilobytes):
   22528 /osumi/user/ntiwari/mech_demo2/rib_thick.tmp/kel1.bas
   26624 /osumi/user/ntiwari/mech_demo2/rib_thick.tmp/kblk1.bas

------------------------------------------------------------
Run Completed
Thu May 22, 1997   02:39:57
------------------------------------------------------------
