#UGC:2 PART 966 400 0 1 1 15 1800 9652 000005a9 \
#- VERS 0 0                                                          \
#- HOST                                                              \
#- LINK                                                              \
#- DBID                                                              \
#- REVS 0,                                                           \
#- RELL 0,                                                           \
#- UOBJ_ID 832847082 192886442 147069714                             \
#- MACH SGI_IRIX_5.3_08031226                                        \
#-END_OF_UGC_HEADER
#P_OBJECT 6
@P_object 1 0
0 1 ->
@dep_db 2 0
1 2 ->
@usr_rev 3 0
1 3 [2]
2 3 
@name 4 10
3 4 MARKL
@mod_time 5 0
3 5 
@tm_sec 6 1
4 6 42
@tm_min 7 1
4 7 10
@tm_hour 8 1
4 8 12
@tm_mday 9 1
4 9 23
@tm_mon 10 1
4 10 4
@tm_year 11 1
4 11 96
@action 12 1
3 12 1000
@comment 13 10
3 13 Hostname: 'taimyr'
@rel_level 14 10
3 14 
@rev_string 15 10
3 15 
2 3 
3 4 USER
3 5 
4 6 49
4 7 59
4 8 14
4 9 20
4 10 0
4 11 97
3 12 1000
3 13 Hostname: 'garelio'
3 14 
3 15 
@revnum_std 16 1
1 16 106
@flag 17 1
1 17 0
@name 18 10
1 18 NULL
@inst_hidden 19 1
1 19 0
@old_name 20 10
1 20 NULL
@appl_data 21 0
1 21 ->
@bounding_box 22 2
2 22 [2][3]
$BFE4CR,BFE203697D6C983E,0
$3FE4CR,3FE203697D6C983E,3FC9R
@ver_key 23 0
1 23 ->
@time 24 1
2 24 832853411
@random_num 25 1
2 25 218800215
@hostid 26 1
2 26 147069714
#END_OF_P_OBJECT
#Pro/ENGINEER  TM  Version H-01-21  (c) 1988-96 by Parametric Technology Corporation  All Rights Reserved. 9652
@Toc 27 0
0 27 ->
@entry 28 10
1 28 [128]
2 28 BasicData 2b9a 4e6 0 966########################################################
2 28 BasicText 3080 272 0 966########################################################
2 28 GeomDepen 32f2 71 0 966#########################################################
2 28 DispCntrl 3363 42 0 966#########################################################
2 28 DisplData 33a5 38 0 966#########################################################
2 28 LargeText 33dd 184 0 966########################################################
2 28 FamilyInf 3561 40 0 966#########################################################
2 28 VisibGeom 35a1 2c8e 0 966#######################################################
2 28 NovisGeom 622f 56 0 966#########################################################
2 28 ActEntity 6285 287 0 966########################################################
2 28 AllFeatur 650c 34f4 0 966#######################################################
2 28 FullMData 9a00 c06 0 966########################################################
2 28 ModelView#0 a606 588 0 966######################################################
2 28 DispDataColor ab8e 1be 0 966####################################################
2 28 DispDataTable ad4c 9f9 0 966####################################################
2 28 AssMrgPrt b745 29 0 966#########################################################
2 28 ################################################################################
2 28 ################################################################################
2 28 ################################################################################
2 28 ################################################################################
2 28 ################################################################################
2 28 ################################################################################
2 28 ################################################################################
2 28 ################################################################################
2 28 ################################################################################
2 28 ################################################################################
2 28 ################################################################################
2 28 ################################################################################
2 28 ################################################################################
2 28 ################################################################################
2 28 ################################################################################
2 28 ################################################################################
2 28 ################################################################################
2 28 ################################################################################
2 28 ################################################################################
2 28 ################################################################################
2 28 ################################################################################
2 28 ################################################################################
2 28 ################################################################################
2 28 ################################################################################
2 28 ################################################################################
2 28 ################################################################################
2 28 ################################################################################
2 28 ################################################################################
2 28 ################################################################################
2 28 ################################################################################
2 28 ################################################################################
2 28 ################################################################################
2 28 ################################################################################
2 28 ################################################################################
2 28 ################################################################################
2 28 ################################################################################
2 28 ################################################################################
2 28 ################################################################################
2 28 ################################################################################
2 28 ################################################################################
2 28 ################################################################################
2 28 ################################################################################
2 28 ################################################################################
2 28 ################################################################################
2 28 ################################################################################
2 28 ################################################################################
2 28 ################################################################################
2 28 ################################################################################
2 28 ################################################################################
2 28 ################################################################################
2 28 ################################################################################
2 28 ################################################################################
2 28 ################################################################################
2 28 ################################################################################
2 28 ################################################################################
2 28 ################################################################################
2 28 ################################################################################
2 28 ################################################################################
2 28 ################################################################################
2 28 ################################################################################
2 28 ################################################################################
2 28 ################################################################################
2 28 ################################################################################
2 28 ################################################################################
2 28 ################################################################################
2 28 ################################################################################
2 28 ################################################################################
2 28 ################################################################################
2 28 ################################################################################
2 28 ################################################################################
2 28 ################################################################################
2 28 ################################################################################
2 28 ################################################################################
2 28 ################################################################################
2 28 ################################################################################
2 28 ################################################################################
2 28 ################################################################################
2 28 ################################################################################
2 28 ################################################################################
2 28 ################################################################################
2 28 ################################################################################
2 28 ################################################################################
2 28 ################################################################################
2 28 ################################################################################
2 28 ################################################################################
2 28 ################################################################################
2 28 ################################################################################
2 28 ################################################################################
2 28 ################################################################################
2 28 ################################################################################
2 28 ################################################################################
2 28 ################################################################################
2 28 ################################################################################
2 28 ################################################################################
2 28 ################################################################################
2 28 ################################################################################
2 28 ################################################################################
2 28 ################################################################################
2 28 ################################################################################
2 28 ################################################################################
2 28 ################################################################################
2 28 ################################################################################
2 28 ################################################################################
2 28 ################################################################################
2 28 ################################################################################
2 28 ################################################################################
2 28 ################################################################################
2 28 ################################################################################
2 28 ################################################################################
2 28 ################################################################################
2 28 ################################################################################
2 28 ################################################################################
#BasicData
@Sld_BasicData 1 0
0 1 ->
@tab_key 2 1
1 2 0
@tab_key_struct 3 0
1 3 ->
@tab_key_ptr 4 0
2 4 [38]
@cmprs_tabkey 5 0
2 5 NULL
@type 6 1
1 6 2
@revnum_ptr 7 0
1 7 ->
@geom_revnum 8 1
2 8 94
@cosm_revnum 9 1
2 9 27
@tol_default_ptr 10 0
1 10 ->
@type 11 1
2 11 10
@value 12 2
2 12 [7]
$0,3FB9R,3F847AE147AE147B,3F50624DD2F1A9FC,3F1A36E2EB1C432D,
$3EE4F8B588E368F1,3EB0C6F7A0B5ED8E
@ang_value 13 2
2 13 [7]
$0,6*3FE
@standard 14 1
2 14 0
@iso_tol_tbls_ptr 15 0
2 15 NULL
@datum_count 16 1
1 16 0
@axis_count 17 1
1 17 1
@insert_layer_id 18 1
1 18 -1
@layer_count 19 1
1 19 1
@rel_part_eps 20 2
1 20 3F53A92A30553261
@model_eps 21 2
1 21 0
@fixed_model_eps 22 1
1 22 0
@assembled_count 23 1
1 23 0
@part_type 24 1
1 24 1
@first_ent_id 25 1
1 25 518073
@first_view_id 26 1
1 26 0
@outline 27 2
1 27 [2][3]
$BFE4CR,BFE203697D6C983E,0
$3FE4CR,3FE203697D6C983E,3FC9R
@dim_num 28 1
1 28 5
@geom_lib_ptr 29 0
1 29 NULL
@attrib_array 30 1
1 30 [2]
$2*0
@max_part_size 31 2
1 31 3FFE4473FFA602A8
@model_name 32 10
1 32 HN50-501
@disp_outl_info 33 0
1 33 
@disp_outline 34 2
2 34 [2][3]
$BFE4CR,BFE203697D6C983E,0
$3FE4CR,3FE203697D6C983E,3FC9R
@sel_outl_info 35 0
1 35 ->
@outline 36 2
2 36 [2][3]
$BFE4CR,BFE203697D6C983E,0
$3FE4CR,3FE203697D6C983E,3FC9R
#BasicText
@Sld_BasicText 1 0
0 1 ->
@assem_mass_prop_ptr 2 0
1 2 NULL
@mass_prop_ptr 3 0
1 3 ->
@type 4 1
2 4 0
@density 5 2
2 5 0
@init_dens 6 5
2 6 0
@rel_density 7 2
2 7 0
@init_rel_dens 8 5
2 8 0
@aver_density 9 2
2 9 0
@vrevnum 10 1
2 10 -1
@volume 11 2
2 11 0
@cg 12 2
2 12 [3]
$3*0
@inertia 13 2
2 13 [3][3]
$3*0
$3*0
$3*0
@eps 14 2
2 14 0
@surfarea 15 2
2 15 0
@assign_mp_ptr 16 0
1 16 NULL
@mat_name_ptr 17 10
1 17 NULL
@unit_arr 18 0
1 18 [3]
2 18 
@type 19 1
3 19 1
@factor 20 2
3 20 3FF
@name 21 10
3 21 INCH
@unit_type 22 1
3 22 0
2 18 
3 19 2
3 20 3FF
3 21 POUND
3 22 1
2 18 
3 19 11
3 20 3FF
3 21 HOURS
3 22 2
#GeomDepen
@Sld_GeomDepend 1 0
0 1 ->
@frst_geom_ptr 2 1
1 2 2
@fem_data 3 0
1 3 NULL
@first_quilt_ptr 4 1
1 4 0
#DispCntrl
@Sld_DispCntrl 1 0
0 1 ->
@color_prop_ptr 2 0
1 2 NULL
#DisplData
@Sld_DispData 1 0
0 1 ->
@disp_data 2 0
1 2 
#LargeText
@Sld_LargeText 1 0
0 1 ->
@relpar_sets 2 0
1 2 [1]
2 2 
@id 3 1
3 3 -1
@type 4 1
3 4 2
@ext_ref_id 5 1
3 5 -1
@param_arr 6 0
3 6 [2]
4 6 ->
@sym 7 10
5 7 
@value 8 0
5 8 
@type 9 1
6 9 51
@value(s_val) 10 10
6 10 
@bak_value 11 0
5 11 
6 9 51
6 10 
4 6 ->
5 7 DESC
5 8 
6 9 51
6 10 hex_nut_75_20
5 11 
6 9 51
6 10 hex_nut_75_20
@relatnum 12 1
3 12 0
@cfg_states 13 0
1 13 NULL
#FamilyInf
@Sld_FamilyInfo 1 0
0 1 ->
@drv_tbl_ptr 2 0
1 2 NULL
#VisibGeom
@Sld_VisGeom 1 0
0 1 ->
@active_geom 2 0
1 2 
@srf_array 3 0
2 3 [10]
3 3 ->
@geom_type 4 1
4 4 34
@geom_id 5 1
4 5 2
@feat_id 6 1
4 6 1
@boundary_type 7 1
4 7 0
@envlp 8 2
4 8 [2][2]
$BFE4CR,BFE203697D6C983E
$3FE4CR,3FE203697D6C983E
@srf_prim_ptr(plane) 9 0
4 9 ->
@local_sys 10 2
5 10 [4][3]
$3FF,2*0
$0,3FF,0
$2*0,3FF
$3*0
@frst_cntr_ptr 11 0
4 11 ->
@frst_cntr_crv_hdr_ptr 12 1
5 12 28
@trv 13 1
5 13 -1
@envlp 14 2
5 14 [2][2]
$BFD8,BFD80627E644354F
$3FD8,3FD80627E644354F
@next_cntr_ptr 15 0
4 15 ->
5 12 3
5 13 1
5 14 [2][2]
$BFE4CR,BFE203697D6C983E
$3FE4CR,3FE203697D6C983E
4 15 NULL
@next_geom_ptr 16 1
4 16 9
@orient 17 1
4 17 -1
@outline 18 2
4 18 [2][3]
$BFE4CR,BFE203697D6C983E,0
$3FE4CR,3FE203697D6C983E,0
3 3 ->
4 4 34
4 5 9
4 6 1
4 7 0
4 8 [2][2]
$BFE4CR,BFE203697D6C983E
$3FE4CR,3FE203697D6C983E
4 9 ->
5 10 [4][3]
$3FF,2*0
$0,3FF,0
$2*0,3FF
$2*0,3FC9R
4 11 ->
5 12 30
5 13 -1
5 14 [2][2]
$BFD8,BFD80627E644354F
$3FD8,3FD80627E644354F
4 15 ->
5 12 10
5 13 1
5 14 [2][2]
$BFE4CR,BFE203697D6C983E
$3FE4CR,3FE203697D6C983E
4 15 NULL
4 16 32
4 17 1
4 18 [2][3]
$BFE4CR,BFE203697D6C983E,3FC9R
$3FE4CR,3FE203697D6C983E,3FC9R
3 3 ->
4 4 34
4 5 16
4 6 1
4 7 1
4 8 [2][2]
$2*0
$3FE4CR,3FC9R
4 9 ->
5 10 [4][3]
$3FE,0,BFEBB67AE8584CAE
$BFEBB67AE8584CAE,0,BFE
$0,3FF,0
$BFE4CR,2*0
4 11 ->
5 12 3
5 13 1
5 14 [2][2]
$2*0
$3FE4CR,3FC9R
4 15 NULL
4 16 18
4 17 1
4 18 [2][3]
$BFE4CR,BFE203697D6C983E,0
$BFD4CR,0,3FC9R
3 3 ->
4 4 34
4 5 18
4 6 1
4 7 1
4 8 [2][2]
$2*0
$3FE4CR,3FC9R
4 9 ->
5 10 [4][3]
$3FF,2*0
$2*0,BFF
$0,3FF,0
$BFD4CR,BFE203697D6C983E,0
4 11 ->
5 12 4
5 13 1
5 14 [2][2]
$2*0
$3FE4CR,3FC9R
4 15 NULL
4 16 20
4 17 1
4 18 [2][3]
$BFD4CR,BFE203697D6C983E,0
$3FD4CR,BFE203697D6C983E,3FC9R
3 3 ->
4 4 34
4 5 20
4 6 1
4 7 1
4 8 [2][2]
$2*0
$3FE4CR,3FC9R
4 9 ->
5 10 [4][3]
$3FE,0,3FEBB67AE8584CAE
$3FEBB67AE8584CAE,0,BFE
$0,3FF,0
$3FD4CR,BFE203697D6C983E,0
4 11 ->
5 12 5
5 13 1
5 14 [2][2]
$2*0
$3FE4CR,3FC9R
4 15 NULL
4 16 22
4 17 1
4 18 [2][3]
$3FD4CR,BFE203697D6C983E,0
$3FE4CR,0,3FC9R
3 3 ->
4 4 34
4 5 22
4 6 1
4 7 1
4 8 [2][2]
$2*0
$3FE4CR,3FC9R
4 9 ->
5 10 [4][3]
$BFE,0,3FEBB67AE8584CAE
$3FEBB67AE8584CAE,0,3FE
$0,3FF,0
$3FE4CR,2*0
4 11 ->
5 12 6
5 13 1
5 14 [2][2]
$2*0
$3FE4CR,3FC9R
4 15 NULL
4 16 24
4 17 1
4 18 [2][3]
$3FD4CR,2*0
$3FE4CR,3FE203697D6C983E,3FC9R
3 3 ->
4 4 34
4 5 24
4 6 1
4 7 1
4 8 [2][2]
$2*0
$3FE4CR,3FC9R
4 9 ->
5 10 [4][3]
$BFF,2*0
$2*0,3FF
$0,3FF,0
$3FD4CR,3FE203697D6C983E,0
4 11 ->
5 12 7
5 13 1
5 14 [2][2]
$2*0
$3FE4CR,3FC9R
4 15 NULL
4 16 26
4 17 1
4 18 [2][3]
$BFD4CR,3FE203697D6C983E,0
$3FD4CR,3FE203697D6C983E,3FC9R
3 3 ->
4 4 34
4 5 26
4 6 1
4 7 1
4 8 [2][2]
$2*0
$3FE4CR,3FC9R
4 9 ->
5 10 [4][3]
$BFE,0,BFEBB67AE8584CAE
$BFEBB67AE8584CAE,0,3FE
$0,3FF,0
$BFD4CR,3FE203697D6C983E,0
4 11 ->
5 12 8
5 13 1
5 14 [2][2]
$2*0
$3FE4CR,3FC9R
4 15 NULL
4 16 0
4 17 1
4 18 [2][3]
$BFE4CR,2*0
$BFD4CR,3FE203697D6C983E,3FC9R
3 3 ->
4 4 36
4 5 32
4 6 1
4 7 1
4 8 [2][2]
$400921FB54442D18,0
$401921FB54442D18,3FC9R
@srf_prim_ptr(cylinder) 19 0
4 19 ->
@local_sys 20 2
5 20 [4][3]
$3FF,2*0
$0,3FF,0
$2*0,3FF
$3*0
@radius 21 2
5 21 3FD8
4 11 ->
5 12 28
5 13 1
5 14 [2][2]
$400921FB54442D18,0
$401921FB54442D18,3FC9R
4 15 NULL
4 16 34
4 17 -1
4 18 [2][3]
$2*BFD8,0
$3FD8,0,3FC9R
3 3 ->
4 4 36
4 5 34
4 6 1
4 7 1
4 8 [2][2]
$2*0
$400921FB54442D18,3FC9R
4 19 ->
5 20 [4][3]
$3FF,2*0
$0,3FF,0
$2*0,3FF
$3*0
5 21 3FD8
4 11 ->
5 12 29
5 13 1
5 14 [2][2]
$2*0
$400921FB54442D18,3FC9R
4 15 NULL
4 16 16
4 17 -1
4 18 [2][3]
$BFD8,2*0
$2*3FD8,3FC9R
@crv_array 22 0
2 22 [24]
3 22 ->
@crv_id 23 1
4 23 3
@feat_id 24 1
4 24 1
@type 25 1
4 25 0
@crv_pnt_dir 26 1
4 26 [2]
$1,-1
@crv_pnt_arr 27 2
4 27 [2][4]
$BFE4CR,3*0
$BFD4CR,BFE203697D6C983E,3FE4CR,0
@crv_hdr_geom_ptr[0] 28 1
4 28 2
@crv_hdr_geom_ptr[1] 29 1
4 29 16
@next_crv_hdr_ptr[0] 30 1
4 30 4
@next_crv_hdr_ptr[1] 31 1
4 31 17
@ref_geom[0] 32 1
4 32 0
@ref_geom[1] 33 1
4 33 0
3 22 ->
4 23 4
4 24 1
4 25 0
4 26 [2]
$1,-1
4 27 [2][4]
$BFD4CR,BFE203697D6C983E,2*0
$3FD4CR,BFE203697D6C983E,3FE4CR,0
4 28 2
4 29 18
4 30 5
4 31 19
4 32 0
4 33 0
3 22 ->
4 23 5
4 24 1
4 25 0
4 26 [2]
$1,-1
4 27 [2][4]
$3FD4CR,BFE203697D6C983E,2*0
$3FE4CR,0,3FE4CR,0
4 28 2
4 29 20
4 30 6
4 31 21
4 32 0
4 33 0
3 22 ->
4 23 6
4 24 1
4 25 0
4 26 [2]
$1,-1
4 27 [2][4]
$3FE4CR,3*0
$3FD4CR,3FE203697D6C983E,3FE4CR,0
4 28 2
4 29 22
4 30 7
4 31 23
4 32 0
4 33 0
3 22 ->
4 23 7
4 24 1
4 25 0
4 26 [2]
$1,-1
4 27 [2][4]
$3FD4CR,3FE203697D6C983E,2*0
$BFD4CR,3FE203697D6C983E,3FE4CR,0
4 28 2
4 29 24
4 30 8
4 31 25
4 32 0
4 33 0
3 22 ->
4 23 8
4 24 1
4 25 0
4 26 [2]
$1,-1
4 27 [2][4]
$BFD4CR,3FE203697D6C983E,2*0
$BFE4CR,0,3FE4CR,0
4 28 2
4 29 26
4 30 3
4 31 27
4 32 0
4 33 0
3 22 ->
4 23 10
4 24 1
4 25 0
4 26 [2]
$-1,1
4 27 [2][4]
$BFE4CR,2*0,3FC9R
$BFD4CR,BFE203697D6C983E,3FE4CR,3FC9R
4 28 9
4 29 16
4 30 15
4 31 19
4 32 0
4 33 0
3 22 ->
4 23 11
4 24 1
4 25 0
4 26 [2]
$-1,1
4 27 [2][4]
$BFD4CR,BFE203697D6C983E,0,3FC9R
$3FD4CR,BFE203697D6C983E,3FE4CR,3FC9R
4 28 9
4 29 18
4 30 10
4 31 21
4 32 0
4 33 0
3 22 ->
4 23 12
4 24 1
4 25 0
4 26 [2]
$-1,1
4 27 [2][4]
$3FD4CR,BFE203697D6C983E,0,3FC9R
$3FE4CR,0,3FE4CR,3FC9R
4 28 9
4 29 20
4 30 11
4 31 23
4 32 0
4 33 0
3 22 ->
4 23 13
4 24 1
4 25 0
4 26 [2]
$-1,1
4 27 [2][4]
$3FE4CR,2*0,3FC9R
$3FD4CR,3FE203697D6C983E,3FE4CR,3FC9R
4 28 9
4 29 22
4 30 12
4 31 25
4 32 0
4 33 0
3 22 ->
4 23 14
4 24 1
4 25 0
4 26 [2]
$-1,1
4 27 [2][4]
$3FD4CR,3FE203697D6C983E,0,3FC9R
$BFD4CR,3FE203697D6C983E,3FE4CR,3FC9R
4 28 9
4 29 24
4 30 13
4 31 27
4 32 0
4 33 0
3 22 ->
4 23 15
4 24 1
4 25 0
4 26 [2]
$-1,1
4 27 [2][4]
$BFD4CR,3FE203697D6C983E,0,3FC9R
$BFE4CR,0,3FE4CR,3FC9R
4 28 9
4 29 26
4 30 14
4 31 17
4 32 0
4 33 0
3 22 ->
4 23 17
4 24 1
4 25 0
4 26 [2]
$1,-1
4 27 [2][4]
$2*0,3FE4CR,0
$0,3FC9R,3FE4CR,3FC9R
4 28 16
4 29 26
4 30 10
4 31 8
4 32 0
4 33 0
3 22 ->
4 23 19
4 24 1
4 25 0
4 26 [2]
$1,-1
4 27 [2][4]
$2*0,3FE4CR,0
$0,3FC9R,3FE4CR,3FC9R
4 28 18
4 29 16
4 30 11
4 31 3
4 32 0
4 33 0
3 22 ->
4 23 21
4 24 1
4 25 0
4 26 [2]
$1,-1
4 27 [2][4]
$2*0,3FE4CR,0
$0,3FC9R,3FE4CR,3FC9R
4 28 20
4 29 18
4 30 12
4 31 4
4 32 0
4 33 0
3 22 ->
4 23 23
4 24 1
4 25 0
4 26 [2]
$1,-1
4 27 [2][4]
$2*0,3FE4CR,0
$0,3FC9R,3FE4CR,3FC9R
4 28 22
4 29 20
4 30 13
4 31 5
4 32 0
4 33 0
3 22 ->
4 23 25
4 24 1
4 25 0
4 26 [2]
$1,-1
4 27 [2][4]
$2*0,3FE4CR,0
$0,3FC9R,3FE4CR,3FC9R
4 28 24
4 29 22
4 30 14
4 31 6
4 32 0
4 33 0
3 22 ->
4 23 27
4 24 1
4 25 0
4 26 [2]
$1,-1
4 27 [2][4]
$2*0,3FE4CR,0
$0,3FC9R,3FE4CR,3FC9R
4 28 26
4 29 24
4 30 15
4 31 7
4 32 0
4 33 0
3 22 ->
4 23 28
4 24 1
4 25 0
4 26 [2]
$1,-1
4 27 [20][4]
$3FD8,0,401921FB54442D18,0
$3FD7AC342F63B605,BFAF9A273EC4054D,401878AA9C276F46,0
$3FD6B319E3DA54E9,BFBF2BD06C793785,4017CF59E40AB175,0
$3FD51B7C9A2AEF7C,BFC6D8710A721CF,401726092BEDF3A4,0
$3FD2F07AB2BB59D9,BFCD7B7220D5E638,40167CB873D135D2,0
$3FD04137CD4795BC,BFD1A849A72D6E8F,4015D367BBB478,0
$3FCA40E622B3AD2A,BFD4178D0402AE6C,40152A170397BA2F,0
$3FC348088B78313,BFD5FA82E5CCC846,401480C64B7AFC5E,0
$3FB7910D24179625,BFD743FEC7A6A293,4013D775935E3E8C,0
$3F9FB5E1463170F4,BFD7EB03DF3BF2,40132E24DB4180BR,0
$BF9FB5E14631711C,BFD7EB03DF3BF2,401284D42324C2E9,0
$BFB7910D2417962E,BFD743FEC7A6A292,4011DB836B080518,0
$BFC348088B783135,BFD5FA82E5CCC845,40113232B2EB4746,0
$BFCA40E622B3AD2F,BFD4178D0402AE6B,401088E1FACE8974,0
$BFD04137CD4795BF,BFD1A849A72D6E8B,400FBF2285639746,0
$BFD2F07AB2BB59DB,BFCD7B7220D5E634,400E6C81152A1BA3,0
$BFD51B7C9A2AEF7B,BFC6D8710A721CF2,400D19DFA4F0A001,0
$BFD6B319E3DA54EA,BFBF2BD06C79377C,400BC73E34B7245D,0
$BFD7AC342F63B606,BFAF9A273EC4052R,400A749CC47DA8BA,0
$BFD8,0,400921FB54442D18,0
4 28 2
4 29 32
4 30 29
4 31 33
4 32 0
4 33 0
3 22 ->
4 23 29
4 24 1
4 25 0
4 26 [2]
$1,-1
4 27 [20][4]
$BFD8,0,400921FB54442D18,0
$BFD7AC342F63B606,3FAF9A273EC4052F,4007CF59E40AB175,0
$BFD6B319E3DA54E9,3FBF2BD06C793782,40067CB873D135D2,0
$BFD51B7C9A2AEF7A,3FC6D8710A721CF4,40052A170397BA2F,0
$BFD2F07AB2BB59DA,3FCD7B7220D5E636,4003D775935E3E8C,0
$BFD04137CD4795BE,3FD1A849A72D6E8D,400284D42324C2E9,0
$BFCA40E622B3AD2C,3FD4178D0402AE6C,40013232B2EB4746,0
$BFC348088B78312C,3FD5FA82E5CCC847,3FFFBF2285639746,0
$BFB7910D2417962E,3FD743FEC7A6A292,3FFD19DFA4F0A001,0
$BF9FB5E1463170EA,3FD7EB03DF3BF2,3FFA749CC47DA8BR,0
$3F9FB5E1463170F7,3FD7EB03DF3BF2,3FF7CF59E40AB175,0
$3FB7910D24179631,3FD743FEC7A6A292,3FF52A170397BA2F,0
$3FC348088B78313,3FD5FA82E5CCC846,3FF284D42324C2E9,0
$3FCA40E622B3AD3,3FD4178D0402AE6B,3FEFBF2285639746,0
$3FD04137CD4795BF,3FD1A849A72D6E8B,3FEA749CC47DA8BR,0
$3FD2F07AB2BB59DA,3FCD7B7220D5E634,3FE52A170397BA3,0
$3FD51B7C9A2AEF7B,3FC6D8710A721CF2,3FDFBF2285639747,0
$3FD6B319E3DA54E9,3FBF2BD06C79377E,3FD52A170397BA3,0
$3FD7AC342F63B606,3FAF9A273EC40528,3FC52A170397BA3,0
$3FD8,3*0
4 28 2
4 29 34
4 30 28
4 31 35
4 32 0
4 33 0
3 22 ->
4 23 30
4 24 1
4 25 0
4 26 [2]
$-1,1
4 27 [20][4]
$3FD8,0,401921FB54442D18,3FC9R
$3FD7AC342F63B605,BFAF9A273EC4054D,401878AA9C276F46,3FC9R
$3FD6B319E3DA54E9,BFBF2BD06C793785,4017CF59E40AB175,3FC9R
$3FD51B7C9A2AEF7C,BFC6D8710A721CF,401726092BEDF3A4,3FC9R
$3FD2F07AB2BB59D9,BFCD7B7220D5E638,40167CB873D135D2,3FC9R
$3FD04137CD4795BC,BFD1A849A72D6E8F,4015D367BBB478,3FC9R
$3FCA40E622B3AD2A,BFD4178D0402AE6C,40152A170397BA2F,3FC9R
$3FC348088B78313,BFD5FA82E5CCC846,401480C64B7AFC5E,3FC9R
$3FB7910D24179625,BFD743FEC7A6A293,4013D775935E3E8C,3FC9R
$3F9FB5E1463170F4,BFD7EB03DF3BF2,40132E24DB4180BR,3FC9R
$BF9FB5E14631711C,BFD7EB03DF3BF2,401284D42324C2E9,3FC9R
$BFB7910D2417962E,BFD743FEC7A6A292,4011DB836B080518,3FC9R
$BFC348088B783135,BFD5FA82E5CCC845,40113232B2EB4746,3FC9R
$BFCA40E622B3AD2F,BFD4178D0402AE6B,401088E1FACE8974,3FC9R
$BFD04137CD4795BF,BFD1A849A72D6E8B,400FBF2285639746,3FC9R
$BFD2F07AB2BB59DB,BFCD7B7220D5E634,400E6C81152A1BA3,3FC9R
$BFD51B7C9A2AEF7B,BFC6D8710A721CF2,400D19DFA4F0A001,3FC9R
$BFD6B319E3DA54EA,BFBF2BD06C79377C,400BC73E34B7245D,3FC9R
$BFD7AC342F63B606,BFAF9A273EC4052R,400A749CC47DA8BA,3FC9R
$BFD8,0,400921FB54442D18,3FC9R
4 28 9
4 29 32
4 30 31
4 31 35
4 32 0
4 33 0
3 22 ->
4 23 31
4 24 1
4 25 0
4 26 [2]
$-1,1
4 27 [20][4]
$BFD8,0,400921FB54442D18,3FC9R
$BFD7AC342F63B606,3FAF9A273EC4052F,4007CF59E40AB175,3FC9R
$BFD6B319E3DA54E9,3FBF2BD06C793782,40067CB873D135D2,3FC9R
$BFD51B7C9A2AEF7A,3FC6D8710A721CF4,40052A170397BA2F,3FC9R
$BFD2F07AB2BB59DA,3FCD7B7220D5E636,4003D775935E3E8C,3FC9R
$BFD04137CD4795BE,3FD1A849A72D6E8D,400284D42324C2E9,3FC9R
$BFCA40E622B3AD2C,3FD4178D0402AE6C,40013232B2EB4746,3FC9R
$BFC348088B78312C,3FD5FA82E5CCC847,3FFFBF2285639746,3FC9R
$BFB7910D2417962E,3FD743FEC7A6A292,3FFD19DFA4F0A001,3FC9R
$BF9FB5E1463170EA,3FD7EB03DF3BF2,3FFA749CC47DA8BR,3FC9R
$3F9FB5E1463170F7,3FD7EB03DF3BF2,3FF7CF59E40AB175,3FC9R
$3FB7910D24179631,3FD743FEC7A6A292,3FF52A170397BA2F,3FC9R
$3FC348088B78313,3FD5FA82E5CCC846,3FF284D42324C2E9,3FC9R
$3FCA40E622B3AD3,3FD4178D0402AE6B,3FEFBF2285639746,3FC9R
$3FD04137CD4795BF,3FD1A849A72D6E8B,3FEA749CC47DA8BR,3FC9R
$3FD2F07AB2BB59DA,3FCD7B7220D5E634,3FE52A170397BA3,3FC9R
$3FD51B7C9A2AEF7B,3FC6D8710A721CF2,3FDFBF2285639747,3FC9R
$3FD6B319E3DA54E9,3FBF2BD06C79377E,3FD52A170397BA3,3FC9R
$3FD7AC342F63B606,3FAF9A273EC40528,3FC52A170397BA3,3FC9R
$3FD8,2*0,3FC9R
4 28 9
4 29 34
4 30 30
4 31 33
4 32 0
4 33 0
3 22 ->
4 23 33
4 24 1
4 25 1
4 26 [2]
$1,-1
4 27 [2][4]
$401921FB54442D18,3*0
$401921FB54442D18,3FC9R,0,3FC9R
4 28 32
4 29 34
4 30 30
4 31 29
4 32 0
4 33 0
3 22 ->
4 23 35
4 24 1
4 25 1
4 26 [2]
$1,-1
4 27 [2][4]
$400921FB54442D18,0,400921FB54442D18,0
$400921FB54442D18,3FC9R,400921FB54442D18,3FC9R
4 28 34
4 29 32
4 30 31
4 31 28
4 32 0
4 33 0
#NovisGeom
@Sld_NonVisGeom 1 0
0 1 ->
@inactive_geom 2 0
1 2 
@external_geom 3 0
1 3 
#ActEntity
@Sld_Entities 1 0
0 1 ->
@act_feat_ents 2 0
1 2 [1]
2 2 
@feat_id 3 1
3 3 1
@datum_id 4 1
3 4 -1
@entity_ptr(line3d) 5 0
3 5 ->
@type 6 1
4 6 11
@id 7 1
4 7 36
@gen_info 8 0
4 8 
@geom_id 9 1
4 9 34
@end1 10 2
4 10 [3]
$3*0
@end2 11 2
4 11 [3]
$BFD8,2*0
@entity(line3d) 12 0
3 12 ->
4 6 13
4 7 37
4 8 
@color 13 1
5 13 1
4 9 34
4 10 [3]
$3*0
4 11 [3]
$2*0,3FC9R
@entity(text) 14 0
3 14 ->
@text_type 15 1
4 15 19
@text_value 16 10
4 16 A_1
@txt_attrib 17 1
4 17 1
@coord 18 2
4 18 [3]
$4086A047D102966E,40813855BBDF1B5D,403DC3AF2E6D1968
@height 19 2
4 19 BFF
@width_factor 20 2
4 20 BFF
@format_info 21 0
4 21 
@thickness 22 2
4 22 BFF
#AllFeatur
@Sld_Features 1 0
0 1 ->
@first_feat_ptr 2 0
1 2 ->
@id 3 1
2 3 1
@indep_attributes 4 1
2 4 4097
@feat_type_ptr 5 0
2 5 ->
@table_id 6 1
3 6 -1
@type 7 1
3 7 0
@feattype_key 8 10
3 8 NULL
@form 9 1
3 9 1
@attributes 10 1
3 10 [3]
$0,65536,0
@placement 11 1
3 11 0
@intersection 12 1
3 12 991
@internal_udf_type 13 1
3 13 -1
@param_choice_ptr 14 0
3 14 ->
@blend_choice 15 1
4 15 0
@depth_choice 16 1
4 16 1
@angle_choice 17 1
4 17 -1
@pat_choice 18 1
4 18 -1
@round_choice 19 1
4 19 -1
@subsec_choice 20 1
4 20 -1
@sweep_choice 21 1
4 21 0
@dome_choice 22 1
4 22 0
@draft_choice 23 1
4 23 0
@misc_choice 24 1
4 24 [2]
$2*0
@assoc_type 25 1
3 25 0
@symbol_key 26 1
2 26 -1
@sect_name 27 10
2 27 no_name
@model_type 28 1
2 28 2
@idtab_ptr 29 0
2 29 ->
@srf_id_arr 30 1
3 30 [10][4]
$2,204,2*0
$9,203,2*0
$16,200,2,0
$18,200,3,0
$20,200,4,0
$22,200,7,0
$24,200,6,0
$26,200,5,0
$32,200,-9,0
$34,200,8,0
@edg_id_arr 31 1
3 31 [24][6]
$3,221,2,2*0,2
$4,221,3,2*0,2
$5,221,4,2*0,2
$6,221,7,2*0,2
$7,221,6,2*0,2
$8,221,5,2*0,2
$10,222,2,2*0,16
$11,222,3,2*0,18
$12,222,4,2*0,20
$13,222,7,2*0,22
$14,222,6,2*0,24
$15,222,5,2*0,26
$17,303,2,0,5,16
$19,303,3,0,2,18
$21,303,4,0,3,20
$23,303,7,0,4,22
$25,303,6,0,7,24
$27,303,5,0,6,26
$28,221,-9,2*0,2
$29,221,8,2*0,2
$30,222,-9,2*0,32
$31,222,8,2*0,34
$33,303,-9,0,8,32
$35,303,8,0,-9,34
@misc_id_tab 32 0
3 32 [2]
4 32 
@misc_hist 33 1
5 33 [5]
$36,530,34,-1,500
4 32 
5 33 [5]
$37,531,34,-1,500
@save_geoms 34 0
3 34 ->
@sv_frst_geom 35 1
4 35 2
@cr_flags_xar 36 1
3 36 [27]
$3*-1,-2049,2*-1,-16777217,3*-1,-536870913,-1,-1126176897,-2,-2097185,
$-2097665,-1,-1073741843,-1,-1073741825,-1,-261121,32767,4*0
@cvt_feat_dat 37 0
3 37 NULL
@feat_dates_ptr 38 0
3 38 ->
@creat_date 39 1
4 39 170014
@regen_date 40 1
4 40 170014
@group_info_ptr 41 0
2 41 NULL
@intrs_pairs_ptr 42 0
2 42 ->
@place_rec_ptr 43 0
2 43 ->
@local_sys 44 2
3 44 [4][3]
$3FF,2*0
$0,3FF,0
$2*0,3FF
$3*0
@place_instruction_ptrs 45 0
3 45 [1]
4 45 ->
@type 46 1
5 46 1853
@offset 47 2
5 47 0
@dim_id 48 1
5 48 3
@ref_id 49 1
5 49 -1
@geometry1_id 50 1
5 50 -1
@geometry2_id 51 1
5 51 -1
@memb_num1 52 1
5 52 0
@memb_num2 53 1
5 53 0
@attr 54 1
5 54 0
@plin_info_arr 55 0
5 55 [1]
6 55 ->
@type 56 1
7 56 6
@data(plin_info_ui_step) 57 0
7 57 ->
@step_ids 58 1
8 58 [1]
9 58 3
@own_ref_id 59 1
3 59 -1
@orient 60 1
3 60 0
@trf_arr 61 0
3 61 [1]
4 61 
@type 62 1
5 62 12
@idx 63 1
5 63 0
@transf 64 2
5 64 [4][3]
$3FF,2*0
$0,3FF,0
$2*0,3FF
$3*0
@next_prop 65 0
2 65 NULL
@first_geom_id 66 1
2 66 2
@gsec_ptr 67 0
2 67 [1]
3 67 
@type 68 1
4 68 1
@is_ref_gsec 69 1
4 69 0
@name 70 10
4 70 S2D0004
@gsec2d_ptr 71 0
4 71 ->
@name 72 10
5 72 S2D0004
@segtab_ptr 73 0
5 73 [9]
6 73 
@type 74 1
7 74 2
@dir 75 1
7 75 [3]
$1,-1,0
@pointid 76 1
7 76 [2]
$0,1
@cntrid 77 1
7 77 -1
@arcorient 78 1
7 78 0
@verhor 79 1
7 79 -2
@radius 80 1
7 80 0
@ext_id 81 1
7 81 2
@gen_info 82 0
7 82 
@ent_spec_data(null_ptr) 83 0
7 83 ->
@known_ent_info 84 0
7 84 
@attr 85 1
8 85 0
@known_ent_id 86 1
8 86 -1
6 73 
7 74 2
7 75 [3]
$1,2*0
7 76 [2]
$1,2
7 77 2
7 78 0
7 79 1
7 80 0
7 81 3
7 82 
7 83 ->
7 84 
8 85 0
8 86 -1
6 73 
7 74 2
7 75 [3]
$2*1,0
7 76 [2]
$2,3
7 77 -1
7 78 0
7 79 3
7 80 0
7 81 4
7 82 
7 83 ->
7 84 
8 85 0
8 86 -1
6 73 
7 74 2
7 75 [3]
$2*1,0
7 76 [2]
$0,4
7 77 -1
7 78 0
7 79 4
7 80 0
7 81 5
7 82 
7 83 ->
7 84 
8 85 0
8 86 -1
6 73 
7 74 2
7 75 [3]
$1,2*0
7 76 [2]
$4,5
7 77 5
7 78 0
7 79 1
7 80 0
7 81 6
7 82 
7 83 ->
7 84 
8 85 0
8 86 -1
6 73 
7 74 2
7 75 [3]
$1,-1,0
7 76 [2]
$5,3
7 77 -1
7 78 0
7 79 -5
7 80 0
7 81 7
7 82 
7 83 ->
7 84 
8 85 0
8 86 -1
6 73 
7 74 10
7 75 [3]
$3*0
7 76 [2]
$2*0
7 77 6
7 78 0
7 79 0
7 80 0
7 81 8
7 82 
7 83 ->
7 84 
8 85 0
8 86 -1
6 73 
7 74 5
7 75 [3]
$1,2*0
7 76 [2]
$2*7
7 77 7
7 78 0
7 79 1
7 80 0
7 81 0
7 82 
7 83 ->
7 84 
8 85 0
8 86 -1
6 73 
7 74 5
7 75 [3]
$0,1,0
7 76 [2]
$2*8
7 77 8
7 78 0
7 79 0
7 80 0
7 81 1
7 82 
7 83 ->
7 84 
8 85 0
8 86 -1
@dimtab_ptr 87 0
5 87 [4]
6 87 
@type 88 1
7 88 1
@value 89 2
7 89 3FE4CR
@direct 90 1
7 90 0
@property 91 1
7 91 0
@leftpt 92 1
7 92 [2]
@rightpt 93 1
7 93 [2]
@offset 94 2
7 94 0
@ext_id 95 1
7 95 0
@dispdimattr 96 0
7 96 
@dimattr 97 1
8 97 [4]
$2066,3*0
@dim_ref 98 0
7 98 [2]
8 98 
@item_id 99 1
9 99 5
@sense 100 1
9 100 -1
@point 101 1
9 101 [2]
$2*5
8 98 
9 99 -1
9 100 -1
9 101 [2]
$2*3
6 87 
7 88 10
7 89 4000C152382D7365
7 90 0
7 91 0
7 92 [2]
7 93 [2]
7 94 0
7 95 1
7 96 
8 97 [4]
$2066,3*0
7 98 [2]
8 98 
9 99 5
9 100 0
9 101 [2]
$2*-1
8 98 
9 99 4
9 100 3
9 101 [2]
$2*-1
6 87 
7 88 1
7 89 3FE4CR
7 90 0
7 91 0
7 92 [2]
7 93 [2]
7 94 0
7 95 3
7 96 
8 97 [4]
$2066,3*0
7 98 [2]
8 98 
9 99 4
9 100 -1
9 101 [2]
$2*4
8 98 
9 99 -1
9 100 -1
9 101 [2]
$2*5
6 87 
7 88 4
7 89 3FD8
7 90 0
7 91 0
7 92 [2]
7 93 [2]
7 94 0
7 95 4
7 96 
8 97 [4]
$18,3*0
7 98 [2]
8 98 
9 99 6
9 100 -1
9 101 [2]
$2*-1
8 98 
9 99 6
9 100 -1
9 101 [2]
$2*-1
@relat_ptr 102 0
5 102 [21]
6 102 
@id 103 1
7 103 2
@used 104 1
7 104 0
@a 105 1
7 105 [4]
$8,6,2*-1
@b 106 1
7 106 [4]
$4*0
@c 107 2
7 107 [4]
$3FF,BFF,2*3FF
@sign 108 1
7 108 0
@idim 109 1
7 109 -1
@type 110 1
7 110 0
6 102 
7 103 3
7 104 0
7 105 [4]
$8,6,2*-1
7 106 [4]
$2*1,2*0
7 107 [4]
$3FF,BFF,2*3FF
7 108 0
7 109 -1
7 110 0
6 102 
7 103 11
7 104 1
7 105 [4]
$6,7,2*-1
7 106 [4]
$2*1,2*0
7 107 [4]
$3FF,BFF,2*3FF
7 108 0
7 109 0
7 110 0
6 102 
7 103 1
7 104 1
7 105 [4]
$7,0,2*-1
7 106 [4]
$2*1,2*0
7 107 [4]
$3FF,BFF,2*3FF
7 108 0
7 109 -1
7 110 0
6 102 
7 103 10
7 104 0
7 105 [4]
$3,7,2*-1
7 106 [4]
$2*1,2*0
7 107 [4]
$3FF,BFF,2*3FF
7 108 0
7 109 0
7 110 0
6 102 
7 103 15
7 104 8
7 105 [4]
$5,4,2*-1
7 106 [4]
$-1,2*1,-1
7 107 [4]
$3FF,BFF,3FF,0
7 108 1
7 109 1
7 110 1
6 102 
7 103 17
7 104 0
7 105 [4]
$4*0
7 106 [4]
$4*0
7 107 [4]
$4*3FF
7 108 1
7 109 3
7 110 14
6 102 
7 103 19
7 104 0
7 105 [4]
$4,8,2*-1
7 106 [4]
$4*0
7 107 [4]
$4,C,2*3FF
7 108 1
7 109 2
7 110 0
6 102 
7 103 16
7 104 1
7 105 [4]
$4,5,2*-1
7 106 [4]
$4*0
7 107 [4]
$3FF,BFF,2*3FF
7 108 1
7 109 2
7 110 0
6 102 
7 103 12
7 104 1
7 105 [4]
$5,3,2*-1
7 106 [4]
$4*0
7 107 [4]
$3FF,2*BFF,3FF
7 108 -5
7 109 0
7 110 10
6 102 
7 103 13
7 104 0
7 105 [4]
$5,3,2*-1
7 106 [4]
$2*1,2*0
7 107 [4]
$3FF,BFF,2*3FF
7 108 -5
7 109 0
7 110 10
6 102 
7 103 8
7 104 0
7 105 [4]
$4,5,2*-1
7 106 [4]
$2*1,2*0
7 107 [4]
$3FF,BFF,2*3FF
7 108 0
7 109 0
7 110 0
6 102 
7 103 21
7 104 0
7 105 [4]
$1,4,2*-1
7 106 [4]
$4*0
7 107 [4]
$3FF,BFF,2*3FF
7 108 0
7 109 -1
7 110 0
6 102 
7 103 22
7 104 0
7 105 [4]
$1,4,7,-1
7 106 [4]
$3*1,0
7 107 [4]
$2*3FF,C,3FF
7 108 0
7 109 0
7 110 0
6 102 
7 103 5
7 104 1
7 105 [4]
$1,2,2*-1
7 106 [4]
$2*1,2*0
7 107 [4]
$3FF,BFF,2*3FF
7 108 0
7 109 0
7 110 0
6 102 
7 103 23
7 104 0
7 105 [4]
$2,5,2*-1
7 106 [4]
$4*0
7 107 [4]
$3FF,BFF,2*3FF
7 108 0
7 109 -1
7 110 0
6 102 
7 103 6
7 104 4
7 105 [4]
$2,3,2,3
7 106 [4]
$2*0,2*1
7 107 [4]
$3FF,2*BFF,3FF
7 108 3
7 109 -1
7 110 9
6 102 
7 103 26
7 104 0
7 105 [4]
$0,3,8,-1
7 106 [4]
$4*0
7 107 [4]
$2*3FF,C,3FF
7 108 0
7 109 0
7 110 0
6 102 
7 103 0
7 104 0
7 105 [4]
$7,0,2*-1
7 106 [4]
$4*0
7 107 [4]
$3FF,BFF,2*3FF
7 108 0
7 109 -1
7 110 0
6 102 
7 103 4
7 104 4
7 105 [4]
$0,1,0,1
7 106 [4]
$2*0,2*1
7 107 [4]
$3FF,2*BFF,3FF
7 108 -2
7 109 -1
7 110 9
6 102 
7 103 7
7 104 4
7 105 [4]
$0,4,0,4
7 106 [4]
$2*0,2*1
7 107 [4]
$3FF,2*BFF,3FF
7 108 4
7 109 -1
7 110 9
@formula_ptr 111 1
5 111 [21]
$0,1,2,3,4,5,6,7,8,9,10,11,12,13,14,15,16,17,18,19,20
@qind 112 1
5 112 6
@anchor 113 0
5 113 NULL
@totalpointid 114 1
5 114 9
@checkarcs_flag 115 1
5 115 1
@location 116 0
5 116 ->
@id 117 1
6 117 0
@param 118 2
6 118 0
@type 119 1
6 119 0
@nsket_info 120 0
5 120 ->
@scale 121 2
6 121 0
@m 122 1
6 122 0
@last_was_permanent 123 1
6 123 0
@unsolved_ptr 124 0
5 124 ->
@iges_file 125 10
6 125 NULL
@solve_version 126 1
5 126 1
@segdscr_tab 127 0
5 127 [9]
6 127 
@ent_mode 128 1
7 128 0
@segm_ent_ptr(ent_ptr) 129 0
7 129 ->
6 127 
7 128 0
7 129 ->
6 127 
7 128 0
7 129 ->
6 127 
7 128 0
7 129 ->
6 127 
7 128 0
7 129 ->
6 127 
7 128 0
7 129 ->
6 127 
7 128 0
7 129 ->
6 127 
7 128 0
7 129 ->
6 127 
7 128 0
7 129 ->
@skamp_ptr 130 0
5 130 [19]
6 130 
@id 131 1
7 131 0
@type 132 1
7 132 0
@flags 133 1
7 133 0
@status 134 1
7 134 3
@items 135 0
7 135 [2]
8 135 
@ent_id 136 1
9 136 3
@sense 137 1
9 137 2
8 135 
9 136 2
9 137 3
6 130 
7 131 1
7 132 1
7 133 0
7 134 3
7 135 [1]
8 135 
9 136 3
9 137 0
6 130 
7 131 2
7 132 0
7 133 0
7 134 3
7 135 [2]
8 135 
9 136 4
9 137 2
8 135 
9 136 3
9 137 3
6 130 
7 131 3
7 132 0
7 133 0
7 134 3
7 135 [2]
8 135 
9 136 5
9 137 2
8 135 
9 136 2
9 137 2
6 130 
7 131 4
7 132 0
7 133 0
7 134 3
7 135 [2]
8 135 
9 136 6
9 137 2
8 135 
9 136 5
9 137 3
6 130 
7 131 5
7 132 1
7 133 0
7 134 3
7 135 [1]
8 135 
9 136 6
9 137 0
6 130 
7 131 6
7 132 0
7 133 0
7 134 3
7 135 [2]
8 135 
9 136 7
9 137 2
8 135 
9 136 6
9 137 3
6 130 
7 131 7
7 132 0
7 133 0
7 134 3
7 135 [2]
8 135 
9 136 7
9 137 3
8 135 
9 136 4
9 137 3
6 130 
7 131 8
7 132 1
7 133 0
7 134 3
7 135 [1]
8 135 
9 136 0
9 137 0
6 130 
7 131 9
7 132 2
7 133 0
7 134 3
7 135 [1]
8 135 
9 136 1
9 137 0
6 130 
7 131 10
7 132 3
7 133 0
7 134 3
7 135 [2]
8 135 
9 136 0
9 137 0
8 135 
9 136 2
9 137 2
6 130 
7 131 11
7 132 3
7 133 0
7 134 3
7 135 [2]
8 135 
9 136 0
9 137 0
8 135 
9 136 4
9 137 3
6 130 
7 131 12
7 132 3
7 133 0
7 134 3
7 135 [2]
8 135 
9 136 0
9 137 0
8 135 
9 136 8
9 137 4
6 130 
7 131 13
7 132 14
7 133 0
7 134 2
7 135 [3]
8 135 
9 136 0
9 137 0
8 135 
9 136 2
9 137 3
8 135 
9 136 5
9 137 3
6 130 
7 131 14
7 132 14
7 133 0
7 134 2
7 135 [3]
8 135 
9 136 0
9 137 0
8 135 
9 136 3
9 137 3
8 135 
9 136 6
9 137 3
6 130 
7 131 15
7 132 3
7 133 0
7 134 3
7 135 [2]
8 135 
9 136 1
9 137 0
8 135 
9 136 8
9 137 4
6 130 
7 131 16
7 132 14
7 133 0
7 134 2
7 135 [3]
8 135 
9 136 1
9 137 0
8 135 
9 136 2
9 137 2
8 135 
9 136 4
9 137 3
6 130 
7 131 17
7 132 14
7 133 0
7 134 0
7 135 [3]
8 135 
9 136 1
9 137 0
8 135 
9 136 2
9 137 3
8 135 
9 136 3
9 137 3
6 130 
7 131 18
7 132 14
7 133 0
7 134 2
7 135 [3]
8 135 
9 136 1
9 137 0
8 135 
9 136 5
9 137 3
8 135 
9 136 6
9 137 3
@triples_ptr 138 0
5 138 [19]
6 138 
@rel_id 139 1
7 139 0
@eqn_id 140 1
7 140 0
@skamp_id 141 1
7 141 10
6 138 
7 139 1
7 140 1
7 141 10
6 138 
7 139 2
7 140 2
7 141 15
6 138 
7 139 3
7 140 3
7 141 15
6 138 
7 139 10
7 140 10
7 141 11
6 138 
7 139 11
7 140 11
7 141 12
6 138 
7 139 18
7 140 -1
7 141 18
6 138 
7 139 19
7 140 -1
7 141 18
6 138 
7 139 20
7 140 -1
7 141 18
6 138 
7 139 21
7 140 -1
7 141 13
6 138 
7 139 22
7 140 14
7 141 13
6 138 
7 139 23
7 140 -1
7 141 14
6 138 
7 139 24
7 140 15
7 141 14
6 138 
7 139 25
7 140 -1
7 141 16
6 138 
7 139 26
7 140 16
7 141 16
6 138 
7 139 27
7 140 -1
7 141 17
6 138 
7 139 28
7 140 17
7 141 17
6 138 
7 139 29
7 140 -1
7 141 18
6 138 
7 139 30
7 140 18
7 141 18
@order_ptr 142 0
4 142 [8]
5 142 
@id 143 1
6 143 6
@flip 144 1
6 144 34
5 142 
6 143 6
6 144 4
5 142 
6 143 0
6 144 2
5 142 
6 143 1
6 144 0
5 142 
6 143 2
6 144 0
5 142 
6 143 5
6 144 1
5 142 
6 143 4
6 144 1
5 142 
6 143 3
6 144 5
@dim_id_tab 145 1
4 145 [4]
$0,1,2,4
@attributes 146 1
4 146 262144
@xsec_id 147 1
4 147 -1
@gsec_info_arr 148 0
4 148 [1]
5 148 
@application_type 149 1
6 149 2
@application_id 150 1
6 150 1
@secsolve_revnum 151 1
4 151 0
@rel_accuracy 152 2
4 152 BFF
@cr_flags 153 1
4 153 63
@p_saved_result 154 0
4 154 ->
@entity(line) 155 0
5 155 ->
@id 156 1
6 156 0
@gen_info 157 0
6 157 
@end1 158 2
6 158 [3]
$BFE4CR,2*0
@end2 159 2
6 159 [3]
$BFD4CR,BFE203697D6C983E,0
5 155 ->
6 156 1
6 157 
6 158 [3]
$BFD4CR,BFE203697D6C983E,0
6 159 [3]
$3FD4CR,BFE203697D6C983E,0
5 155 ->
6 156 2
6 157 
6 158 [3]
$3FD4CR,BFE203697D6C983E,0
6 159 [3]
$3FE4CR,2*0
5 155 ->
6 156 3
6 157 
6 158 [3]
$BFE4CR,2*0
6 159 [3]
$BFD4CR,3FE203697D6C983E,0
5 155 ->
6 156 4
6 157 
6 158 [3]
$BFD4CR,3FE203697D6C983E,0
6 159 [3]
$3FD4CR,3FE203697D6C983E,0
5 155 ->
6 156 5
6 157 
6 158 [3]
$3FD4CR,3FE203697D6C983E,0
6 159 [3]
$3FE4CR,2*0
@entity(circle) 160 0
5 160 ->
@id 161 1
6 161 6
@gen_info 162 0
6 162 
@center 163 2
6 163 [3]
$3*0
@radius 164 2
6 164 3FD8
5 155 ->
@type 165 1
6 165 5
6 156 7
6 157 
@flip 166 1
6 166 0
6 158 [3]
$BFE6E147AE147ADR,2*0
6 159 [3]
$3FE6E147AE147ADC,2*0
5 155 ->
6 165 5
6 156 8
6 157 
6 166 0
6 158 [3]
$0,BFE3D08DA3910DDE,0
6 159 [3]
$0,3FE3D08DA3910DDE,0
@local_sys 167 2
5 167 [4][3]
$3FF,2*0
$0,3FF,0
$2*0,3FF
$3*0
@cond_tbl_idx 168 1
2 168 -1
@comment 169 10
2 169 NULL
@merge_info_ptr 170 0
2 170 NULL
@topology_increment 171 0
2 171 ->
@crv_type 172 0
3 172 [24]
4 172 
@p_crv 173 1
5 173 3
@crv_type 174 1
5 174 7
4 172 
5 173 4
5 174 7
4 172 
5 173 5
5 174 7
4 172 
5 173 6
5 174 7
4 172 
5 173 7
5 174 7
4 172 
5 173 8
5 174 7
4 172 
5 173 10
5 174 7
4 172 
5 173 11
5 174 7
4 172 
5 173 12
5 174 7
4 172 
5 173 13
5 174 7
4 172 
5 173 14
5 174 7
4 172 
5 173 15
5 174 7
4 172 
5 173 17
5 174 7
4 172 
5 173 19
5 174 7
4 172 
5 173 21
5 174 7
4 172 
5 173 23
5 174 7
4 172 
5 173 25
5 174 7
4 172 
5 173 27
5 174 7
4 172 
5 173 28
5 174 7
4 172 
5 173 29
5 174 7
4 172 
5 173 30
5 174 7
4 172 
5 173 31
5 174 7
4 172 
5 173 33
5 174 7
4 172 
5 173 35
5 174 7
@first_geom 175 1
3 175 0
@first_quilt 176 1
3 176 0
@outline 177 2
3 177 [2][3]
$3*0
$3*0
@max_part_size 178 2
3 178 0
@xform_increment 179 0
3 179 NULL
@roll_back_id 180 1
3 180 -1
@state_ind 181 1
2 181 -1
@alumni_info 182 0
2 182 NULL
@revnum 183 1
2 183 9
@rev_rec 184 0
2 184 ->
@num_plins 185 1
3 185 1
@expl_state_ref 186 0
2 186 NULL
@feat_outl_info 187 0
2 187 ->
@ent_outl 188 2
3 188 [2][3]
$3*0
$2*0,3FC9R
@next_feat_ptr 189 0
1 189 NULL
@layer_list 190 0
1 190 [1]
2 190 
@feat_id 191 1
3 191 1
@layer_id 192 1
3 192 0
@back_layer_id 193 1
3 193 0
#FullMData
@Sld_FullData 1 0
0 1 ->
@first_member_ptr 2 0
1 2 NULL
@alumni_members 3 0
1 3 NULL
@first_xsec_ptr 4 0
1 4 NULL
@lang_ptr 5 0
1 5 ->
@interact_on 6 1
2 6 -1
@first_csys_ptr 7 0
1 7 NULL
@dim_array 8 0
1 8 [5]
2 8 ->
@type 9 1
3 9 8
@dim_type 10 1
3 10 1
@feat_id 11 1
3 11 1
@attributes 12 1
3 12 289
@dim_dat_ptr 13 0
3 13 ->
@value 14 2
4 14 3FE4CR
@bck_value 15 2
4 15 3FE4CR
@tol_ptr 16 0
4 16 ->
@type 17 1
5 17 9
@tol_type 18 1
5 18 4
@dual_digits_diff 19 1
5 19 999
@value 20 2
5 20 [2]
$2*3F847AE147AE147B
@nominal_value 21 2
4 21 3FE4CR
@bound 22 1
4 22 20
@bck_bound 23 1
4 23 -1
@bck_tol_ptr 24 0
4 24 ->
@value 25 2
5 25 [2]
$2*3F847AE147AE147B
@datum_def_id 26 1
4 26 -1
@places_denom 27 1
4 27 2
@bck_places_denom 28 1
4 28 2
@dim_data_attrib 29 1
4 29 0
@dim_cosm_ptr 30 0
3 30 ->
@d0 31 2
4 31 40437991DDE34174
@d1 32 2
4 32 3FEA5A5A5A5A5A5B
@d2 33 2
4 33 3FE2425151368C1R
@d3 34 2
4 34 404B1EDB6DB6DB7
@ord_info 35 0
4 35 NULL
@attach_ptr 36 0
3 36 NULL
@dim_text_ptr 37 0
3 37 ->
@symbol 38 10
4 38 d0
@parent_dim_id 39 1
3 39 -1
2 8 ->
3 9 8
3 10 10
3 11 1
3 12 289
3 13 ->
4 14 405E
4 15 405E
4 16 ->
5 17 9
5 18 4
5 19 999
5 20 [2]
$2*3FE
4 21 405E
4 22 20
4 23 -1
4 24 ->
5 25 [2]
$2*3FE
4 26 -1
4 27 2
4 28 2
4 29 0
3 30 ->
4 31 404AE03BF539027R
4 32 BFF
4 33 3FE5A867062E5F03
4 34 0
4 35 NULL
3 36 NULL
3 37 ->
4 38 d1
3 39 -1
2 8 ->
3 9 8
3 10 1
3 11 1
3 12 289
3 13 ->
4 14 3FE4CR
4 15 3FE4CR
4 16 ->
5 17 9
5 18 4
5 19 999
5 20 [2]
$2*3F847AE147AE147B
4 21 3FE4CR
4 22 20
4 23 -1
4 24 ->
5 25 [2]
$2*3F847AE147AE147B
4 26 -1
4 27 2
4 28 2
4 29 0
3 30 ->
4 31 3FE07AE147AE1479
4 32 40587EE50D4D0C69
4 33 3FE1224489122447
4 34 404B1EDB6DB6DB7
4 35 NULL
3 36 NULL
3 37 ->
4 38 d2
3 39 -1
2 8 ->
3 9 8
3 10 62
3 11 1
3 12 385
3 13 ->
4 14 3FC9R
4 15 3FC9R
4 16 ->
5 17 9
5 18 4
5 19 999
5 20 [2]
$2*3F847AE147AE147B
4 21 3FC9R
4 22 20
4 23 -1
4 24 ->
5 25 [2]
$2*3F847AE147AE147B
4 26 -1
4 27 2
4 28 2
4 29 0
3 30 ->
4 31 0
4 32 0
4 33 0
4 34 0
4 35 NULL
3 36 NULL
3 37 ->
4 38 d3
3 39 -1
2 8 ->
3 9 8
3 10 4
3 11 1
3 12 289
3 13 ->
4 14 3FE8
4 15 3FE8
4 16 ->
5 17 9
5 18 4
5 19 999
5 20 [2]
$2*3F847AE147AE147B
4 21 3FE8
4 22 20
4 23 -1
4 24 ->
5 25 [2]
$2*3F847AE147AE147B
4 26 -1
4 27 2
4 28 2
4 29 0
3 30 ->
4 31 3FC
4 32 C063C1938D941FF9
4 33 BFFC8EC639786EB3
4 34 404B1EDB6DB6DB6E
4 35 NULL
3 36 NULL
3 37 ->
4 38 d4
@line_array 40 0
4 40 [1]
5 40 
@text_array 41 0
6 41 [2]
7 41 
@text_type 42 1
8 42 54
@text_value 43 10
8 43 n
@txt_attrib 44 1
8 44 1024
@owner_id 45 1
8 45 4
@height 46 2
8 46 BFF
@width_factor 47 2
8 47 BFF
@format_info 48 0
8 48 
@thickness 49 2
8 49 BFF
7 41 
8 42 61
8 43 
8 44 1025
8 45 4
8 46 BFF
8 47 BFF
8 48 
8 49 BFF
3 39 -1
@ipar_num 50 1
1 50 0
@smt_info_ptr 51 0
1 51 NULL
@cable_info_ptr 52 0
1 52 NULL
@comp_info_ptr 53 0
1 53 NULL
@prt_misc_ptr 54 0
1 54 ->
@shrink_data_ptr 55 0
2 55 NULL
@expld_mv_info 56 0
1 56 NULL
@state_info_ptr 57 0
1 57 NULL
@alumni_feats 58 0
1 58 NULL
@p_mdl_grid 59 0
1 59 NULL
@mdl_status_ptr 60 0
1 60 NULL
@ribbon_info_ptr 61 0
1 61 NULL
@p_xref_data 62 0
1 62 ->
#ModelView#0
@View 1 0
0 1 ->
@id 2 1
1 2 0
@viewattr 3 0
1 3 
@attr_arr 4 1
2 4 [4]
$1,3*0
@mpoint 5 0
1 5 
@id 6 1
2 6 0
@coord 7 2
2 7 [3]
$2*0,3FB9R
@first_instr_ptr 8 0
2 8 NULL
@attach_ptr 9 0
2 9 NULL
@vpoint 10 0
1 10 
2 6 0
2 7 [3]
$407F4,407A5E,0
2 8 NULL
2 9 NULL
@orient 11 2
1 11 [4][4]
$3FED7954E7DBA2F8,0,3FD8EC3AE92B676B,0
$BFD385CE5246572,3FE3E43A9692E21C,3FE7167619F550A2,0
$BFCEFC077F3F36A6,BFE91103985DA841,3FE25240DD3851BF,0
$3*0,3FF
@local_sys 12 2
1 12 [4][4]
$407CFA79C4EC60AC,0,406880F6603903DC,0
$C06331C7BED30C3F,40738E9D9D9821AC,4076B31773FF4647,0
$C05E76AC0335F6B1,C078A520BDF92DB7,40720365FEDF40DC,0
$4080017BC00A4649,407CD4E9AC98EAF9,C03CD23CCAFECE2C,3FF
@first_instr_ptr 13 0
1 13 ->
@type 14 1
2 14 100
@geom_id 15 1
2 15 -1
@view_id 16 1
2 16 -1
@memb_num 17 1
2 17 0
@offset 18 2
2 18 0
@matrix 19 0
2 19 NULL
@next_instr_ptr 20 0
1 20 ->
2 14 301
2 15 -1
2 16 -1
2 17 0
2 18 407F764599BC4C2D
2 19 NULL
1 20 NULL
@outer_xsec_index 21 1
1 21 -1
@next_view_id 22 1
1 22 -2
@simp_rep_id 23 1
1 23 0
@name 24 10
1 24 no name
@matrix 25 2
1 25 [4][4]
$3FF,3*0
$0,3FF,2*0
$2*0,3FF,0
$3*0,3FF
@fit_outline 26 2
1 26 [2][3]
$4059,405518,C0768B03159F4976
$408C2,4087BB,40768B03159F4975
@det_info_ptr 27 0
1 27 NULL
@named_view_pzmatr 28 0
1 28 NULL
@page_id 29 1
1 29 0
@model_name 30 10
1 30 NULL
@unrep_model_name 31 10
1 31 NULL
@saved_pro_dls 32 0
1 32 ->
@explode_state 33 0
1 33 NULL
#DispDataColor
@ref_color_table 1 0
0 1 
@ref_color_arr 2 0
1 2 [1]
2 2 
@maximum 3 2
3 3 [3]
$3*3FF
@ambient 4 2
3 4 3FECR
@diffuse 5 2
3 5 3FECR
@specular 6 2
3 6 3FE9R
@spec_coef 7 2
3 7 3FE
@transmission 8 2
3 8 0
@threshold 9 1
3 9 90
@gl_ind 10 1
3 10 0
@highlight 11 2
3 11 [3]
$3*3FF
@reflection 12 2
3 12 3FECR
@bump_height 13 2
3 13 3FF
@bump 14 3
3 14 NULL
@decal_intensity 15 2
3 15 4059
@decal 16 3
3 16 NULL
@texture 17 3
3 17 NULL
#DispDataTable
@disp_data_table 1 0
0 1 
@disp_data_arr 2 0
1 2 [1]
2 2 
@disp_data 3 0
3 3 ->
@wire 4 0
4 4 
@disp_list_valid 5 1
5 5 1
@pending 6 1
5 6 0
@disp_list_status 7 1
5 7 3
@disp_list_version 8 1
5 8 94
@view_matrix 9 2
5 9 [4][4]
$3FF,3*0
$0,3FF,2*0
$2*0,3FF,0
$3*0,3FF
@outline 10 2
5 10 [2][3]
$BFE4CCCCC,BFE203698,0
$3FE4CCCCC,3FE203698,3FC99999A
@dl_block_mem_size 11 0
5 11 
@dl_block_mem_size 12 1
6 12 32768
@list 13 0
5 13 ->
@ptr 14 0
6 14 [9]
7 14 
@data(dl_gc) 15 0
8 15 ->
@header 16 0
9 16 
@header 17 0
10 17 
@type 18 5
11 18 53
@count 19 5
11 19 1
@size 20 1
11 20 36
@int_data 21 1
9 21 [5]
$2*2,0,1,0
@linewidth 22 6
9 22 0
7 14 
8 15 ->
9 16 
10 17 
11 18 53
11 19 1
11 20 36
9 21 [5]
$2*2,0,1,0
9 22 0
7 14 
@data(dl_arc3) 23 0
8 23 ->
@dl_header 24 0
9 24 
10 17 
11 18 43
11 19 1
11 20 140
@array 25 6
9 25 [15]
$3EC,4*0,40490FDB,2*0,BF8,3EC,2*0,BEC,2*0
@matrix 26 6
9 26 [4][4]
$3F8,3*0
$0,3F8,2*0
$2*0,3F8,0
$4*0
7 14 
8 23 ->
9 24 
10 17 
11 18 43
11 19 1
11 20 140
9 25 [15]
$3EC,4*0,40490FDB,2*0,BF8,BEC,2*0,3EC,2*0
9 26 [4][4]
$3F8,3*0
$0,3F8,2*0
$2*0,3F8,0
$4*0
7 14 
8 23 ->
9 24 
10 17 
11 18 43
11 19 1
11 20 140
9 25 [15]
$3EC,2*0,3E4CR,0,40490FDB,2*0,BF8,3EC,0,3E4CR,BEC,0,3E4CR
9 26 [4][4]
$3F8,3*0
$0,3F8,2*0
$2*0,3F8,0
$4*0
7 14 
8 23 ->
9 24 
10 17 
11 18 43
11 19 1
11 20 140
9 25 [15]
$3EC,2*0,3E4CR,0,40490FDB,2*0,BF8,BEC,0,3E4CR,3EC,0,3E4CR
9 26 [4][4]
$3F8,3*0
$0,3F8,2*0
$2*0,3F8,0
$4*0
7 14 
@data(dl_header) 27 0
8 27 ->
9 17 
10 18 1024
10 19 460
10 20 12
7 14 
@data(dl_multi_line) 28 0
8 28 ->
@dl_multi_line 29 0
9 29 
@dl_header 30 0
10 30 
11 17 
12 18 26
12 19 36
12 20 460
@midpnt 31 6
10 31 [4]
$3F5D9C3,2*0,3DCR
@points 32 6
10 32 [108]
$BF26R,2*0,BEA6R,BF101B4C,0,BEA6R,BF101B4C,0,3EA6R,BF101B4C,0,3EA6R,
$BF101B4C,0,3F26R,2*0,3F26R,2*0,3EA6R,3F101B4C,0,3EA6R,3F101B4C,0,BEA6R,
$3F101B4C,0,BEA6R,3F101B4C,0,BF26R,2*0,BF26R,0,3E4CR,BEA6R,BF101B4C,3E4CR,
$BEA6R,3F101B4C,3E4CR,BF26R,0,3E4CR,3EA6R,3F101B4C,3E4CR,BEA6R,3F101B4C,
$3E4CR,3F26R,0,3E4CR,3EA6R,3F101B4C,3E4CR,3EA6R,BF101B4C,3E4CR,3F26R,0,3E4CR,
$BEA6R,BF101B4C,3E4CR,3EA6R,BF101B4C,3E4CR,BF26R,2*0,BF26R,0,3E4CR,BEA6R,
$BF101B4C,0,BEA6R,BF101B4C,3E4CR,3EA6R,BF101B4C,0,3EA6R,BF101B4C,3E4CR,3F26R,
$2*0,3F26R,0,3E4CR,3EA6R,3F101B4C,0,3EA6R,3F101B4C,3E4CR,BEA6R,3F101B4C,0,
$BEA6R,3F101B4C,3E4CR
7 14 
8 27 ->
9 17 
10 18 0
10 19 0
10 20 0
@locked 33 1
5 33 0
@visibile 34 1
5 34 1
@contents 35 1
5 35 2
@attached 36 1
5 36 0
@part_color 37 1
4 37 0
@model_type 38 1
4 38 2
@generic_name 39 10
4 39 NULL
@label 40 10
4 40 NULL
#AssMrgPrt
@assem_merge_parts 1 0
0 1 ->
#END_OF_UGC
