#UGC:2 PART 966 400 0 1 1 15 1800 9652 00000672 \
#- VERS 0 0                                                          \
#- HOST                                                              \
#- LINK                                                              \
#- DBID                                                              \
#- REVS 0,                                                           \
#- RELL 0,                                                           \
#- UOBJ_ID 835638673 158479838 147069714                             \
#- MACH SGI_IRIX_5.3_08031226                                        \
#-END_OF_UGC_HEADER
#P_OBJECT 6
@P_object 1 0
0 1 ->
@dep_db 2 0
1 2 ->
@usr_rev 3 0
1 3 [4]
2 3 
@name 4 10
3 4 MARKL
@mod_time 5 0
3 5 
@tm_sec 6 1
4 6 44
@tm_min 7 1
4 7 15
@tm_hour 8 1
4 8 11
@tm_mday 9 1
4 9 23
@tm_mon 10 1
4 10 4
@tm_year 11 1
4 11 96
@action 12 1
3 12 1000
@comment 13 10
3 13 Hostname: 'taimyr'
@rel_level 14 10
3 14 
@rev_string 15 10
3 15 
2 3 
3 4 USER
3 5 
4 6 39
4 7 59
4 8 21
4 9 10
4 10 5
4 11 96
3 12 1000
3 13 Hostname: 'unlv'
3 14 
3 15 
2 3 
3 4 MARKL
3 5 
4 6 29
4 7 35
4 8 16
4 9 17
4 10 6
4 11 96
3 12 1000
3 13 Hostname: 'taimyr'
3 14 
3 15 
2 3 
3 4 USER
3 5 
4 6 51
4 7 59
4 8 14
4 9 20
4 10 0
4 11 97
3 12 1000
3 13 Hostname: 'garelio'
3 14 
3 15 
@revnum_std 16 1
1 16 135
@flag 17 1
1 17 0
@name 18 10
1 18 NULL
@inst_hidden 19 1
1 19 0
@old_name 20 10
1 20 NULL
@appl_data 21 0
1 21 ->
@bounding_box 22 2
2 22 [2][3]
$BFC6R,0,BFC6R
$3FC6R,3FDB9AE9BCC05518,3FC6R
@ver_key 23 0
1 23 ->
@time 24 1
2 24 837617951
@random_num 25 1
2 25 73533477
@hostid 26 1
2 26 147069714
#END_OF_P_OBJECT
#Pro/ENGINEER  TM  Version H-01-21  (c) 1988-96 by Parametric Technology Corporation  All Rights Reserved. 9652
@Toc 27 0
0 27 ->
@entry 28 10
1 28 [128]
2 28 BasicData 2b9a 4bf 0 966########################################################
2 28 BasicText 3059 272 0 966########################################################
2 28 GeomDepen 32cb 72 0 966#########################################################
2 28 DispCntrl 333d 151 0 966########################################################
2 28 DisplData 348e 38 0 966#########################################################
2 28 LargeText 34c6 1b6 0 966########################################################
2 28 FamilyInf 367c 40 0 966#########################################################
2 28 VisibGeom 36bc 306c 0 966#######################################################
2 28 NovisGeom 6728 19ed 0 966#######################################################
2 28 ActEntity 8115 28f 0 966########################################################
2 28 AllFeatur 83a4 297a 0 966#######################################################
2 28 FullMData ad1e c4c 0 966########################################################
2 28 ModelView#0 b96a 6a7 0 966######################################################
2 28 DispDataColor c011 1be 0 966####################################################
2 28 DispDataTable c1cf 7f6 0 966####################################################
2 28 AssMrgPrt c9c5 29 0 966#########################################################
2 28 ################################################################################
2 28 ################################################################################
2 28 ################################################################################
2 28 ################################################################################
2 28 ################################################################################
2 28 ################################################################################
2 28 ################################################################################
2 28 ################################################################################
2 28 ################################################################################
2 28 ################################################################################
2 28 ################################################################################
2 28 ################################################################################
2 28 ################################################################################
2 28 ################################################################################
2 28 ################################################################################
2 28 ################################################################################
2 28 ################################################################################
2 28 ################################################################################
2 28 ################################################################################
2 28 ################################################################################
2 28 ################################################################################
2 28 ################################################################################
2 28 ################################################################################
2 28 ################################################################################
2 28 ################################################################################
2 28 ################################################################################
2 28 ################################################################################
2 28 ################################################################################
2 28 ################################################################################
2 28 ################################################################################
2 28 ################################################################################
2 28 ################################################################################
2 28 ################################################################################
2 28 ################################################################################
2 28 ################################################################################
2 28 ################################################################################
2 28 ################################################################################
2 28 ################################################################################
2 28 ################################################################################
2 28 ################################################################################
2 28 ################################################################################
2 28 ################################################################################
2 28 ################################################################################
2 28 ################################################################################
2 28 ################################################################################
2 28 ################################################################################
2 28 ################################################################################
2 28 ################################################################################
2 28 ################################################################################
2 28 ################################################################################
2 28 ################################################################################
2 28 ################################################################################
2 28 ################################################################################
2 28 ################################################################################
2 28 ################################################################################
2 28 ################################################################################
2 28 ################################################################################
2 28 ################################################################################
2 28 ################################################################################
2 28 ################################################################################
2 28 ################################################################################
2 28 ################################################################################
2 28 ################################################################################
2 28 ################################################################################
2 28 ################################################################################
2 28 ################################################################################
2 28 ################################################################################
2 28 ################################################################################
2 28 ################################################################################
2 28 ################################################################################
2 28 ################################################################################
2 28 ################################################################################
2 28 ################################################################################
2 28 ################################################################################
2 28 ################################################################################
2 28 ################################################################################
2 28 ################################################################################
2 28 ################################################################################
2 28 ################################################################################
2 28 ################################################################################
2 28 ################################################################################
2 28 ################################################################################
2 28 ################################################################################
2 28 ################################################################################
2 28 ################################################################################
2 28 ################################################################################
2 28 ################################################################################
2 28 ################################################################################
2 28 ################################################################################
2 28 ################################################################################
2 28 ################################################################################
2 28 ################################################################################
2 28 ################################################################################
2 28 ################################################################################
2 28 ################################################################################
2 28 ################################################################################
2 28 ################################################################################
2 28 ################################################################################
2 28 ################################################################################
2 28 ################################################################################
2 28 ################################################################################
2 28 ################################################################################
2 28 ################################################################################
2 28 ################################################################################
2 28 ################################################################################
2 28 ################################################################################
2 28 ################################################################################
2 28 ################################################################################
2 28 ################################################################################
2 28 ################################################################################
2 28 ################################################################################
2 28 ################################################################################
#BasicData
@Sld_BasicData 1 0
0 1 ->
@tab_key 2 1
1 2 0
@tab_key_struct 3 0
1 3 ->
@tab_key_ptr 4 0
2 4 [49]
@cmprs_tabkey 5 0
2 5 NULL
@type 6 1
1 6 2
@revnum_ptr 7 0
1 7 ->
@geom_revnum 8 1
2 8 117
@cosm_revnum 9 1
2 9 32
@tol_default_ptr 10 0
1 10 ->
@type 11 1
2 11 10
@value 12 2
2 12 [7]
$0,3FB9R,3F847AE147AE147B,3F50624DD2F1A9FC,3F1A36E2EB1C432D,
$3EE4F8B588E368F1,3EB0C6F7A0B5ED8E
@ang_value 13 2
2 13 [7]
$0,6*3FE
@standard 14 1
2 14 0
@iso_tol_tbls_ptr 15 0
2 15 NULL
@datum_count 16 1
1 16 0
@axis_count 17 1
1 17 1
@insert_layer_id 18 1
1 18 -1
@layer_count 19 1
1 19 1
@rel_part_eps 20 2
1 20 3F53A92A30553261
@model_eps 21 2
1 21 0
@fixed_model_eps 22 1
1 22 0
@assembled_count 23 1
1 23 8
@part_type 24 1
1 24 1
@first_ent_id 25 1
1 25 517574
@first_view_id 26 1
1 26 0
@outline 27 2
1 27 [2][3]
$BFC6R,0,BFC6R
$3FC6R,3FDB9AE9BCC05518,3FC6R
@dim_num 28 1
1 28 4
@geom_lib_ptr 29 0
1 29 NULL
@attrib_array 30 1
1 30 [3]
$3*0
@max_part_size 31 2
1 31 3FE50261A46AE416
@model_name 32 10
1 32 HS10-12
@disp_outl_info 33 0
1 33 
@disp_outline 34 2
2 34 [2][3]
$BFC6R,0,BFC6R
$3FC6R,3FDB9AE9BCC05518,3FC6R
@sel_outl_info 35 0
1 35 ->
@outline 36 2
2 36 [2][3]
$BFC6R,0,BFC6R
$3FC6R,3FDB9AE9BCC05518,3FC6R
#BasicText
@Sld_BasicText 1 0
0 1 ->
@assem_mass_prop_ptr 2 0
1 2 NULL
@mass_prop_ptr 3 0
1 3 ->
@type 4 1
2 4 0
@density 5 2
2 5 0
@init_dens 6 5
2 6 0
@rel_density 7 2
2 7 0
@init_rel_dens 8 5
2 8 0
@aver_density 9 2
2 9 0
@vrevnum 10 1
2 10 -1
@volume 11 2
2 11 0
@cg 12 2
2 12 [3]
$3*0
@inertia 13 2
2 13 [3][3]
$3*0
$3*0
$3*0
@eps 14 2
2 14 0
@surfarea 15 2
2 15 0
@assign_mp_ptr 16 0
1 16 NULL
@mat_name_ptr 17 10
1 17 NULL
@unit_arr 18 0
1 18 [3]
2 18 
@type 19 1
3 19 1
@factor 20 2
3 20 3FF
@name 21 10
3 21 INCH
@unit_type 22 1
3 22 0
2 18 
3 19 2
3 20 3FF
3 21 POUND
3 22 1
2 18 
3 19 11
3 20 3FF
3 21 HOURS
3 22 2
#GeomDepen
@Sld_GeomDepend 1 0
0 1 ->
@frst_geom_ptr 2 1
1 2 14
@fem_data 3 0
1 3 NULL
@first_quilt_ptr 4 1
1 4 0
#DispCntrl
@Sld_DispCntrl 1 0
0 1 ->
@color_prop_ptr 2 0
1 2 NULL
@layer_array 3 0
1 3 [1]
2 3 ->
@id 4 1
3 4 48
@type 5 1
3 5 117
@user_id 6 1
3 6 0
@weird_wline_ptr 7 0
3 7 ->
@weird_wline 8 10
4 8 BLANK
@layer_objects 9 0
3 9 [1]
4 9 
@type 10 1
5 10 3
@ids 11 1
5 11 [1]
6 11 1
@lay_solid 12 0
5 12 NULL
@saved_operation 13 1
3 13 3
#DisplData
@Sld_DispData 1 0
0 1 ->
@disp_data 2 0
1 2 
#LargeText
@Sld_LargeText 1 0
0 1 ->
@relpar_sets 2 0
1 2 [1]
2 2 
@id 3 1
3 3 -1
@type 4 1
3 4 2
@ext_ref_id 5 1
3 5 -1
@param_arr 6 0
3 6 [2]
4 6 ->
@sym 7 10
5 7 
@value 8 0
5 8 
@type 9 1
6 9 51
@value(s_val) 10 10
6 10 
@bak_value 11 0
5 11 
6 9 51
6 10 
4 6 ->
5 7 DESC
5 8 
6 9 51
6 10 pan hd screw
5 11 
6 9 51
6 10 rnd_hd_bolt
@relatnum 12 1
3 12 0
@cfg_states 13 0
1 13 ->
@active_state 14 1
2 14 -1
@current_state 15 1
2 15 -1
#FamilyInf
@Sld_FamilyInfo 1 0
0 1 ->
@drv_tbl_ptr 2 0
1 2 NULL
#VisibGeom
@Sld_VisGeom 1 0
0 1 ->
@active_geom 2 0
1 2 
@srf_array 3 0
2 3 [7]
3 3 ->
@geom_type 4 1
4 4 34
@geom_id 5 1
4 5 2
@feat_id 6 1
4 6 1
@boundary_type 7 1
4 7 -1
@envlp 8 2
4 8 [2][2]
$BFC6R,3F961587CA33774
$3FC6R,3FDCFC4239638C8C
@srf_prim_ptr(plane) 9 0
4 9 ->
@local_sys 10 2
5 10 [4][3]
$3FF,2*0
$0,3FF,0
$2*0,3FF
$0,BF961587CA33774,0
@frst_cntr_ptr 11 0
4 11 ->
@frst_cntr_crv_hdr_ptr 12 1
5 12 3
@trv 13 1
5 13 1
@envlp 14 2
5 14 [2][2]
$BFC6R,3F961587CA33774
$3FC6R,3FDCFC4239638C8C
@next_cntr_ptr 15 0
4 15 NULL
@next_geom_ptr 16 1
4 16 14
@orient 17 1
4 17 1
@outline 18 2
4 18 [2][3]
$3*0
$3*0
3 3 ->
4 4 34
4 5 14
4 6 1
4 7 0
4 8 [2][2]
$2*BFA9R
$2*3FA9R
4 9 ->
5 10 [4][3]
$3FF,2*0
$2*0,3FF
$0,BFF,0
$3*0
4 11 ->
5 12 39
5 13 1
5 14 [2][2]
$2*BFA9R
$2*3FA9R
4 15 NULL
4 16 16
4 17 -1
4 18 [2][3]
$BFA9R,0,BFA9R
$3FA9R,0,3FA9R
3 3 ->
4 4 36
4 5 16
4 6 1
4 7 1
4 8 [2][2]
$0,3F961587CA33774
$400921FB54442D18,3FD961587CA33774
@srf_prim_ptr(cylinder) 19 0
4 19 ->
@local_sys 20 2
5 20 [4][3]
$3FF,2*0
$2*0,3FF
$0,BFF,0
$0,BF961587CA33774,0
@radius 21 2
5 21 3FA9R
4 11 ->
5 12 4
5 13 1
5 14 [2][2]
$0,3F961587CA33774
$400921FB54442D18,3FD961587CA33774
4 15 NULL
4 16 18
4 17 1
4 18 [2][3]
$BFA9R,0,BFA9R
$3FA9R,3FD8,0
3 3 ->
4 4 34
4 5 18
4 6 1
4 7 0
4 8 [2][2]
$2*BFC6R
$2*3FC6R
4 9 ->
5 10 [4][3]
$3FF,2*0
$2*0,3FF
$0,BFF,0
$0,3FD8,0
4 11 ->
5 12 21
5 13 1
5 14 [2][2]
$2*BFC6R
$2*3FC6R
4 15 ->
5 12 41
5 13 -1
5 14 [2][2]
$2*BFA9R
$2*3FA9R
4 15 NULL
4 16 20
4 17 -1
4 18 [2][3]
$BFC6R,3FD8,BFC6R
$3FC6R,3FD8,3FC6R
3 3 ->
4 4 38
4 5 20
4 6 1
4 7 1
4 8 [2][2]
$0,3FEE55C4A39AC99
$400921FB54442D18,3FF921FB54442D18
@srf_prim_ptr(torus) 22 0
4 22 ->
@local_sys 23 2
5 23 [4][3]
$3FF,2*0
$2*0,3FF
$0,BFF,0
$0,3FC0CF6D131A43CB,0
@radius1 24 2
5 24 0
@radius2 25 2
5 25 3FD3R
4 11 ->
5 12 6
5 13 1
5 14 [2][2]
$0,3FEE55C4A39AC99
$400921FB54442D18,3FF921FB54442D18
4 15 NULL
4 16 38
4 17 1
4 18 [2][3]
$BFC6R,3FD8,BFC6R
$3FC6R,3FDB9AE9BCC05518,0
3 3 ->
4 4 36
4 5 38
4 6 1
4 7 1
4 8 [2][2]
$C00921FB54442D18,3F961587CA33774
$0,3FD961587CA33774
4 19 ->
5 20 [4][3]
$3FF,2*0
$2*0,3FF
$0,BFF,0
$0,BF961587CA33774,0
5 21 3FA9R
4 11 ->
5 12 4
5 13 1
5 14 [2][2]
$C00921FB54442D18,3F961587CA33774
$0,3FD961587CA33774
4 15 NULL
4 16 42
4 17 1
4 18 [2][3]
$BFA9R,2*0
$3FA9R,3FD8,3FA9R
3 3 ->
4 4 38
4 5 42
4 6 1
4 7 1
4 8 [2][2]
$C00921FB54442D18,3FEE55C4A39AC99
$0,3FF921FB54442D18
4 22 ->
5 23 [4][3]
$3FF,2*0
$2*0,3FF
$0,BFF,0
$0,3FC0CF6D131A43CB,0
5 24 0
5 25 3FD3R
4 11 ->
5 12 6
5 13 1
5 14 [2][2]
$C00921FB54442D18,3FEE55C4A39AC99
$0,3FF921FB54442D18
4 15 NULL
4 16 0
4 17 1
4 18 [2][3]
$BFC6R,3FD8,0
$3FC6R,3FDB9AE9BCC05518,3FC6R
@crv_array 26 0
2 26 [12]
3 26 ->
@crv_id 27 1
4 27 3
@feat_id 28 1
4 28 1
@type 29 1
4 29 0
@crv_pnt_dir 30 1
4 30 [2]
$-1,1
@crv_pnt_arr 31 2
4 31 [2][4]
$0,3F961587CA33774,2*0
$3FA9R,3F961587CA33774,3FA9R,0
@crv_hdr_geom_ptr[0] 32 1
4 32 2
@crv_hdr_geom_ptr[1] 33 1
4 33 14
@next_crv_hdr_ptr[0] 34 1
4 34 9
@next_crv_hdr_ptr[1] 35 1
4 35 17
@ref_geom[0] 36 1
4 36 0
@ref_geom[1] 37 1
4 37 0
3 26 ->
4 27 4
4 28 1
4 29 1
4 30 [2]
$-1,1
4 31 [2][4]
$0,3F961587CA33774,0,3F961587CA33774
$0,3FD961587CA33774,0,3FD961587CA33774
4 32 38
4 33 16
4 34 39
4 35 19
4 36 0
4 37 0
3 26 ->
4 27 6
4 28 1
4 29 1
4 30 [2]
$-1,1
4 31 [7][4]
$0,3FEE55C4A39AC99,0,3FEE55C4A39AC99
$0,3FF0D411278BDB81,0,3FF0D411278BDB81
$0,3FF27D3FFD4A5239,0,3FF27D3FFD4A5239
$0,3FF4266ED308C8F1,0,3FF4266ED308C8F1
$0,3FF5CF9DA8C73FA8,0,3FF5CF9DA8C73FA8
$0,3FF778CC7E85B66,0,3FF778CC7E85B66
$0,3FF921FB54442D18,0,3FF921FB54442D18
4 32 42
4 33 20
4 34 43
4 35 12
4 36 0
4 37 0
3 26 ->
4 27 9
4 28 1
4 29 0
4 30 [2]
$1,-1
4 31 [2][4]
$0,3F961587CA33774,2*0
$BFA9R,3F961587CA33774,BFA9R,0
4 32 2
4 33 14
4 34 10
4 35 31
4 36 0
4 37 0
3 26 ->
4 27 10
4 28 1
4 29 1
4 30 [2]
$1,-1
4 31 [2][4]
$C00921FB54442D18,3F961587CA33774,400921FB54442D18,3F961587CA33774
$C00921FB54442D18,3FD961587CA33774,400921FB54442D18,3FD961587CA33774
4 32 38
4 33 16
4 34 41
4 35 17
4 36 0
4 37 0
3 26 ->
4 27 12
4 28 1
4 29 1
4 30 [2]
$1,-1
4 31 [7][4]
$C00921FB54442D18,3FEE55C4A39AC99,400921FB54442D18,3FEE55C4A39AC99
$C00921FB54442D18,3FF0D411278BDB81,400921FB54442D18,3FF0D411278BDB81
$C00921FB54442D18,3FF27D3FFD4A5239,400921FB54442D18,3FF27D3FFD4A5239
$C00921FB54442D18,3FF4266ED308C8F1,400921FB54442D18,3FF4266ED308C8F1
$C00921FB54442D18,3FF5CF9DA8C73FA8,400921FB54442D18,3FF5CF9DA8C73FA8
$C00921FB54442D18,3FF778CC7E85B66,400921FB54442D18,3FF778CC7E85B66
$C00921FB54442D18,3FF921FB54442D18,400921FB54442D18,3FF921FB54442D18
4 32 42
4 33 20
4 34 6
4 35 21
4 36 0
4 37 0
3 26 ->
4 27 17
4 28 1
4 29 0
4 30 [2]
$-1,1
4 31 [17][4]
$0,3F961587CA33774,3FA9R,0
$3FC921FB54442D18,3F961587CA33774,3FA91BACA65F7D59,3F83FA2CFD2151A1
$3FD921FB54442D18,3F961587CA33774,3FA7A6BCA5C20A9E,3F9397E885588782
$3FE2D97C7F3321D2,3F961587CA33774,3FA5491E873EE7B5,3F9C71F85C4A413F
$3FE921FB54442D18,3F961587CA33774,3FA21A1851FF630A,3FA21A1851FF6309
$3FEF6A7A2955385E,3F961587CA33774,3F9C71F85C4A4141,3FA5491E873EE7B5
$3FF2D97C7F3321D2,3F961587CA33774,3F9397E885588783,3FA7A6BCA5C20A9E
$3FF5FDBBE9BBA775,3F961587CA33774,3F83FA2CFD2151A4,3FA91BACA65F7D59
$3FF921FB54442D18,3F961587CA33774,0,3FA9R
$3FFC463ABECCB2BR,3F961587CA33774,BF83FA2CFD2151A,3FA91BACA65F7D59
$3FFF6A7A2955385E,3F961587CA33774,BF9397E885588781,3FA7A6BCA5C20A9E
$4001475CC9EEDF,3F961587CA33774,BF9C71F85C4A413C,3FA5491E873EE7B7
$4002D97C7F3321D2,3F961587CA33774,BFA21A1851FF6309,3FA21A1851FF630A
$40046B9C347764A4,3F961587CA33774,BFA5491E873EE7B6,3F9C71F85C4A413F
$4005FDBBE9BBA775,3F961587CA33774,BFA7A6BCA5C20A9E,3F9397E885588784
$40078FDB9EFFEA46,3F961587CA33774,BFA91BACA65F7D59,3F83FA2CFD2151AC
$400921FB54442D18,3F961587CA33774,BFA9R,0
4 32 16
4 33 14
4 34 4
4 35 39
4 36 0
4 37 0
3 26 ->
4 27 19
4 28 1
4 29 0
4 30 [2]
$-1,1
4 31 [17][4]
$3FA9R,2*0,3FD961587CA33774
$3FA91BACA65F7D59,3F83FA2CFD2151A1,3FC921FB54442D18,3FD961587CA33774
$3FA7A6BCA5C20A9E,3F9397E885588782,3FD921FB54442D18,3FD961587CA33774
$3FA5491E873EE7B5,3F9C71F85C4A413F,3FE2D97C7F3321D2,3FD961587CA33774
$3FA21A1851FF630A,3FA21A1851FF6309,3FE921FB54442D18,3FD961587CA33774
$3F9C71F85C4A4141,3FA5491E873EE7B5,3FEF6A7A2955385E,3FD961587CA33774
$3F9397E885588783,3FA7A6BCA5C20A9E,3FF2D97C7F3321D2,3FD961587CA33774
$3F83FA2CFD2151A4,3FA91BACA65F7D59,3FF5FDBBE9BBA775,3FD961587CA33774
$0,3FA9R,3FF921FB54442D18,3FD961587CA33774
$BF83FA2CFD2151A,3FA91BACA65F7D59,3FFC463ABECCB2BR,3FD961587CA33774
$BF9397E885588781,3FA7A6BCA5C20A9E,3FFF6A7A2955385E,3FD961587CA33774
$BF9C71F85C4A413C,3FA5491E873EE7B7,4001475CC9EEDF,3FD961587CA33774
$BFA21A1851FF6309,3FA21A1851FF630A,4002D97C7F3321D2,3FD961587CA33774
$BFA5491E873EE7B6,3F9C71F85C4A413F,40046B9C347764A4,3FD961587CA33774
$BFA7A6BCA5C20A9E,3F9397E885588784,4005FDBBE9BBA775,3FD961587CA33774
$BFA91BACA65F7D59,3F83FA2CFD2151AC,40078FDB9EFFEA46,3FD961587CA33774
$BFA9R,0,400921FB54442D18,3FD961587CA33774
4 32 18
4 33 16
4 34 41
4 35 10
4 36 0
4 37 0
3 26 ->
4 27 21
4 28 1
4 29 0
4 30 [2]
$-1,1
4 31 [23][4]
$0,3FEE55C4A39AC99,3FC6R,0
$3FC247426BD47DE3,3FEE55C4A39AC99,3FC62C083627620D,3F9980B8BF48939R
$3FD247426BD47DE3,3FEE55C4A39AC99,3FC57E1DD3761EA3,3FA93E44C93F933E
$3FDB6AE3A1BEBCD4,3FEE55C4A39AC99,3FC460319740520E,3FB29C4FCBA4F37E
$3FE247426BD47DE3,3FEE55C4A39AC99,3FC2D81591F9DBB5,3FB838805C397B42
$3FE6D91306C99D5B,3FEE55C4A39AC99,3FC0EDC536424FA4,3FBD56777F40AF21
$3FEB6AE3A1BEBCD4,3FEE55C4A39AC99,3FBD56777F40AF23,3FC0EDC536424FA4
$3FEFFCB43CB3DC4D,3FEE55C4A39AC99,3FB838805C397B4R,3FC2D81591F9DBB4
$3FF247426BD47DE3,3FEE55C4A39AC99,3FB29C4FCBA4F37F,3FC460319740520D
$3FF4902AB94F0DA,3FEE55C4A39AC99,3FA93E44C93F933D,3FC57E1DD3761EA3
$3FF6D91306C99D5B,3FEE55C4A39AC99,3F9980B8BF4893A2,3FC62C083627620D
$3FF921FB54442D18,3FEE55C4A39AC99,0,3FC6R
$3FFB6AE3A1BEBCD4,3FEE55C4A39AC99,BF9980B8BF489392,3FC62C083627620E
$3FFDB3CBEF394C91,3FEE55C4A39AC99,BFA93E44C93F933E,3FC57E1DD3761EA3
$3FFFFCB43CB3DC4D,3FEE55C4A39AC99,BFB29C4FCBA4F37E,3FC460319740520E
$400122CE45173604,3FEE55C4A39AC99,BFB838805C397B3E,3FC2D81591F9DBB6
$400247426BD47DE3,3FEE55C4A39AC99,BFBD56777F40AF21,3FC0EDC536424FA4
$40036BB69291C5C1,3FEE55C4A39AC99,BFC0EDC536424FA3,3FBD56777F40AF24
$4004902AB94F0DA,3FEE55C4A39AC99,BFC2D81591F9DBB6,3FB838805C397B41
$4005B49EE00C557E,3FEE55C4A39AC99,BFC460319740520E,3FB29C4FCBA4F37E
$4006D91306C99D5B,3FEE55C4A39AC99,BFC57E1DD3761EA2,3FA93E44C93F9348
$4007FD872D86E53A,3FEE55C4A39AC99,BFC62C083627620D,3F9980B8BF48939A
$400921FB54442D18,3FEE55C4A39AC99,BFC6R,0
4 32 20
4 33 18
4 34 6
4 35 43
4 36 0
4 37 0
3 26 ->
4 27 39
4 28 1
4 29 0
4 30 [2]
$1,-1
4 31 [17][4]
$0,3F961587CA33774,3FA9R,0
$BFC921FB54442D18,3F961587CA33774,3FA91BACA65F7D59,BF83FA2CFD2151A1
$BFD921FB54442D18,3F961587CA33774,3FA7A6BCA5C20A9E,BF9397E885588782
$BFE2D97C7F3321D2,3F961587CA33774,3FA5491E873EE7B5,BF9C71F85C4A413F
$BFE921FB54442D18,3F961587CA33774,3FA21A1851FF630A,BFA21A1851FF6309
$BFEF6A7A2955385E,3F961587CA33774,3F9C71F85C4A4141,BFA5491E873EE7B5
$BFF2D97C7F3321D2,3F961587CA33774,3F9397E885588783,BFA7A6BCA5C20A9E
$BFF5FDBBE9BBA775,3F961587CA33774,3F83FA2CFD2151A4,BFA91BACA65F7D59
$BFF921FB54442D18,3F961587CA33774,0,BFA9R
$BFFC463ABECCB2BR,3F961587CA33774,BF83FA2CFD2151A,BFA91BACA65F7D59
$BFFF6A7A2955385E,3F961587CA33774,BF9397E885588781,BFA7A6BCA5C20A9E
$C001475CC9EEDF,3F961587CA33774,BF9C71F85C4A413C,BFA5491E873EE7B7
$C002D97C7F3321D2,3F961587CA33774,BFA21A1851FF6309,BFA21A1851FF630A
$C0046B9C347764A4,3F961587CA33774,BFA5491E873EE7B6,BF9C71F85C4A413F
$C005FDBBE9BBA775,3F961587CA33774,BFA7A6BCA5C20A9E,BF9397E885588784
$C0078FDB9EFFEA46,3F961587CA33774,BFA91BACA65F7D59,BF83FA2CFD2151AC
$C00921FB54442D18,3F961587CA33774,BFA9R,0
4 32 38
4 33 14
4 34 10
4 35 17
4 36 0
4 37 0
3 26 ->
4 27 41
4 28 1
4 29 0
4 30 [2]
$1,-1
4 31 [17][4]
$3FA9R,2*0,3FD961587CA33774
$3FA91BACA65F7D59,BF83FA2CFD2151A1,BFC921FB54442D18,3FD961587CA33774
$3FA7A6BCA5C20A9E,BF9397E885588782,BFD921FB54442D18,3FD961587CA33774
$3FA5491E873EE7B5,BF9C71F85C4A413F,BFE2D97C7F3321D2,3FD961587CA33774
$3FA21A1851FF630A,BFA21A1851FF6309,BFE921FB54442D18,3FD961587CA33774
$3F9C71F85C4A4141,BFA5491E873EE7B5,BFEF6A7A2955385E,3FD961587CA33774
$3F9397E885588783,BFA7A6BCA5C20A9E,BFF2D97C7F3321D2,3FD961587CA33774
$3F83FA2CFD2151A4,BFA91BACA65F7D59,BFF5FDBBE9BBA775,3FD961587CA33774
$0,BFA9R,BFF921FB54442D18,3FD961587CA33774
$BF83FA2CFD2151A,BFA91BACA65F7D59,BFFC463ABECCB2BR,3FD961587CA33774
$BF9397E885588781,BFA7A6BCA5C20A9E,BFFF6A7A2955385E,3FD961587CA33774
$BF9C71F85C4A413C,BFA5491E873EE7B7,C001475CC9EEDF,3FD961587CA33774
$BFA21A1851FF6309,BFA21A1851FF630A,C002D97C7F3321D2,3FD961587CA33774
$BFA5491E873EE7B6,BF9C71F85C4A413F,C0046B9C347764A4,3FD961587CA33774
$BFA7A6BCA5C20A9E,BF9397E885588784,C005FDBBE9BBA775,3FD961587CA33774
$BFA91BACA65F7D59,BF83FA2CFD2151AC,C0078FDB9EFFEA46,3FD961587CA33774
$BFA9R,0,C00921FB54442D18,3FD961587CA33774
4 32 18
4 33 38
4 34 19
4 35 4
4 36 0
4 37 0
3 26 ->
4 27 43
4 28 1
4 29 0
4 30 [2]
$1,-1
4 31 [23][4]
$0,3FEE55C4A39AC99,3FC6R,0
$BFC247426BD47DE3,3FEE55C4A39AC99,3FC62C083627620D,BF9980B8BF48939R
$BFD247426BD47DE3,3FEE55C4A39AC99,3FC57E1DD3761EA3,BFA93E44C93F933E
$BFDB6AE3A1BEBCD4,3FEE55C4A39AC99,3FC460319740520E,BFB29C4FCBA4F37E
$BFE247426BD47DE3,3FEE55C4A39AC99,3FC2D81591F9DBB5,BFB838805C397B42
$BFE6D91306C99D5B,3FEE55C4A39AC99,3FC0EDC536424FA4,BFBD56777F40AF21
$BFEB6AE3A1BEBCD4,3FEE55C4A39AC99,3FBD56777F40AF23,BFC0EDC536424FA4
$BFEFFCB43CB3DC4D,3FEE55C4A39AC99,3FB838805C397B4R,BFC2D81591F9DBB4
$BFF247426BD47DE3,3FEE55C4A39AC99,3FB29C4FCBA4F37F,BFC460319740520D
$BFF4902AB94F0DA,3FEE55C4A39AC99,3FA93E44C93F933D,BFC57E1DD3761EA3
$BFF6D91306C99D5B,3FEE55C4A39AC99,3F9980B8BF4893A2,BFC62C083627620D
$BFF921FB54442D18,3FEE55C4A39AC99,0,BFC6R
$BFFB6AE3A1BEBCD4,3FEE55C4A39AC99,BF9980B8BF489392,BFC62C083627620E
$BFFDB3CBEF394C91,3FEE55C4A39AC99,BFA93E44C93F933E,BFC57E1DD3761EA3
$BFFFFCB43CB3DC4D,3FEE55C4A39AC99,BFB29C4FCBA4F37E,BFC460319740520E
$C00122CE45173604,3FEE55C4A39AC99,BFB838805C397B3E,BFC2D81591F9DBB6
$C00247426BD47DE3,3FEE55C4A39AC99,BFBD56777F40AF21,BFC0EDC536424FA4
$C0036BB69291C5C1,3FEE55C4A39AC99,BFC0EDC536424FA3,BFBD56777F40AF24
$C004902AB94F0DA,3FEE55C4A39AC99,BFC2D81591F9DBB6,BFB838805C397B41
$C005B49EE00C557E,3FEE55C4A39AC99,BFC460319740520E,BFB29C4FCBA4F37E
$C006D91306C99D5B,3FEE55C4A39AC99,BFC57E1DD3761EA2,BFA93E44C93F9348
$C007FD872D86E53A,3FEE55C4A39AC99,BFC62C083627620D,BF9980B8BF48939A
$C00921FB54442D18,3FEE55C4A39AC99,BFC6R,0
4 32 42
4 33 18
4 34 12
4 35 21
4 36 0
4 37 0
#NovisGeom
@Sld_NonVisGeom 1 0
0 1 ->
@inactive_geom 2 0
1 2 
@srf_array 3 0
2 3 [7]
3 3 ->
@geom_type 4 1
4 4 34
@geom_id 5 1
4 5 8
@feat_id 6 1
4 6 1
@boundary_type 7 1
4 7 -1
@envlp 8 2
4 8 [2][2]
$BFC6R,3F961587CA33774
$0,3FDCFC4239638C8C
@srf_prim_ptr(plane) 9 0
4 9 ->
@local_sys 10 2
5 10 [4][3]
$3FF,2*0
$0,3FF,0
$2*0,3FF
$0,BF961587CA33774,0
@frst_cntr_ptr 11 0
4 11 NULL
@next_geom_ptr 12 1
4 12 14
@orient 13 1
4 13 1
@outline 14 2
4 14 [2][3]
$3*0
$3*0
3 3 ->
4 4 36
4 5 22
4 6 1
4 7 -1
4 8 [2][2]
$0,3F961587CA33774
$400921FB54442D18,3FDCFC4239638C8C
@srf_prim_ptr(cylinder) 15 0
4 15 ->
@local_sys 16 2
5 16 [4][3]
$3FF,2*0
$2*0,3FF
$0,BFF,0
$0,BF961587CA33774,0
@radius 17 2
5 17 3EE4F8B588E368F1
4 11 ->
@frst_cntr_crv_hdr_ptr 18 1
5 18 7
@trv 19 1
5 19 1
@envlp 20 2
5 20 [2][2]
$0,3F961587CA33774
$400921FB54442D18,3FDCFC4239638C8C
@next_cntr_ptr 21 0
4 21 NULL
4 12 0
4 13 -1
4 14 [2][3]
$3*0
$3*0
3 3 ->
4 4 34
4 5 24
4 6 1
4 7 -1
4 8 [2][2]
$BFC6R,3F961587CA33774
$3FC6R,3FDCFC4239638C8C
4 9 ->
5 10 [4][3]
$3FF,2*0
$0,3FF,0
$2*0,3FF
$0,BF961587CA33774,0
4 11 ->
5 18 25
5 19 1
5 20 [2][2]
$BFC6R,3F961587CA33774
$3FC6R,3FDCFC4239638C8C
4 21 NULL
4 12 38
4 13 1
4 14 [2][3]
$3*0
$3*0
3 3 ->
4 4 34
4 5 30
4 6 1
4 7 -1
4 8 [2][2]
$BFC6R,3F961587CA33774
$0,3FDCFC4239638C8C
4 9 ->
5 10 [4][3]
$3FF,2*0
$0,3FF,0
$2*0,3FF
$0,BF961587CA33774,0
4 11 NULL
4 12 36
4 13 -1
4 14 [2][3]
$3*0
$3*0
3 3 ->
4 4 34
4 5 36
4 6 1
4 7 -1
4 8 [2][2]
$2*BFA9R
$3FA9R,0
4 9 ->
5 10 [4][3]
$3FF,2*0
$2*0,3FF
$0,BFF,0
$3*0
4 11 NULL
4 12 38
4 13 -1
4 14 [2][3]
$3*0
$3*0
3 3 ->
4 4 34
4 5 40
4 6 1
4 7 -1
4 8 [2][2]
$2*BFC6R
$3FC6R,0
4 9 ->
5 10 [4][3]
$3FF,2*0
$2*0,3FF
$0,BFF,0
$0,3FD8,0
4 11 NULL
4 12 42
4 13 -1
4 14 [2][3]
$3*0
$3*0
3 3 ->
4 4 36
4 5 44
4 6 1
4 7 -1
4 8 [2][2]
$C00921FB54442D18,3F961587CA33774
$0,3FDCFC4239638C8C
4 15 ->
5 16 [4][3]
$3FF,2*0
$2*0,3FF
$0,BFF,0
$0,BF961587CA33774,0
5 17 3EE4F8B588E368F1
4 11 ->
5 18 29
5 19 1
5 20 [2][2]
$C00921FB54442D18,3F961587CA33774
$0,3FDCFC4239638C8C
4 21 NULL
4 12 0
4 13 -1
4 14 [2][3]
$3*0
$3*0
@crv_array 22 0
2 22 [18]
3 22 ->
@crv_id 23 1
4 23 5
@feat_id 24 1
4 24 1
@type 25 1
4 25 0
@crv_pnt_dir 26 1
4 26 [2]
$-1,1
@crv_pnt_arr 27 2
4 27 [2][4]
$3FA9R,3FD961587CA33774,3FA9R,0
$3FC6R,3FD961587CA33774,3FC6R,0
@crv_hdr_geom_ptr[0] 28 1
4 28 2
@crv_hdr_geom_ptr[1] 29 1
4 29 18
@next_crv_hdr_ptr[0] 30 1
4 30 4
@next_crv_hdr_ptr[1] 31 1
4 31 21
@ref_geom[0] 32 1
4 32 0
@ref_geom[1] 33 1
4 33 0
3 22 ->
4 23 7
4 24 1
4 25 1
4 26 [2]
$-1,1
4 27 [2][4]
$0,3FDCFC4239638C8C,0,3FDCFC4239638C8C
$0,3F961587CA33774,0,3F961587CA33774
4 28 2
4 29 2
4 30 6
4 31 9
4 32 0
4 33 0
3 22 ->
4 23 11
4 24 1
4 25 0
4 26 [2]
$1,-1
4 27 [2][4]
$BFA9R,3FD961587CA33774,BFA9R,0
$BFC6R,3FD961587CA33774,BFC6R,0
4 28 2
4 29 18
4 30 12
4 31 19
4 32 0
4 33 0
3 22 ->
4 23 13
4 24 1
4 25 0
4 26 [2]
$1,-1
4 27 [2][4]
$0,3FDCFC4239638C8C,400921FB54442D18,3FDCFC4239638C8C
$0,3F961587CA33774,400921FB54442D18,3F961587CA33774
4 28 8
4 29 22
4 30 0
4 31 0
4 32 0
4 33 0
3 22 ->
4 23 15
4 24 1
4 25 0
4 26 [2]
$-1,1
4 27 [4][4]
$3*0,3F961587CA33774
$2*0,3FF0C152382D7365,3F961587CA33774
$2*0,4000C152382D7365,3F961587CA33774
$2*0,400921FB54442D18,3F961587CA33774
4 28 14
4 29 22
4 30 0
4 31 0
4 32 0
4 33 0
3 22 ->
4 23 23
4 24 1
4 25 0
4 26 [2]
$-1,1
4 27 [4][4]
$0,3FDCFC4239638C8C,0,3FF921FB54442D18
$3FF0C152382D7365,3FDCFC4239638C8C,3FF0C152382D7365,3FF921FB54442D18
$4000C152382D7365,3FDCFC4239638C8C,4000C152382D7365,3FF921FB54442D18
$400921FB54442D18,3FDCFC4239638C8C,400921FB54442D18,3FF921FB54442D18
4 28 22
4 29 20
4 30 0
4 31 0
4 32 0
4 33 0
3 22 ->
4 23 25
4 24 1
4 25 0
4 26 [2]
$2*-1
4 27 [2][4]
$0,3F961587CA33774,2*0
$3FA9R,3F961587CA33774,3FA9R,0
4 28 24
4 29 14
4 30 31
4 31 31
4 32 0
4 33 0
3 22 ->
4 23 26
4 24 1
4 25 0
4 26 [2]
$2*-1
4 27 [2][4]
$3FA9R,3F961587CA33774,0,3F961587CA33774
$3FA9R,3FD961587CA33774,0,3FD961587CA33774
4 28 24
4 29 38
4 30 0
4 31 0
4 32 0
4 33 0
3 22 ->
4 23 27
4 24 1
4 25 0
4 26 [2]
$2*-1
4 27 [2][4]
$3FA9R,3FD961587CA33774,3FA9R,0
$3FC6R,3FD961587CA33774,3FC6R,0
4 28 24
4 29 18
4 30 26
4 31 41
4 32 0
4 33 0
3 22 ->
4 23 28
4 24 1
4 25 0
4 26 [2]
$2*-1
4 27 [7][4]
$3FC6R,3FD961587CA33774,0,3FEE55C4A39AC99
$3FC30C2FA86E8546,3FDA74F31B829358,0,3FF0D411278BDB81
$3FBEFAF4231F3C52,3FDB5A9B5A26431A,0,3FF27D3FFD4A5239
$3FB788271F7EA64B,3FDC0FD8482FBC1,0,3FF4266ED308C8F1
$3FAFA8FEE4E43BF5,3FDC92B666F034A8,0,3FF5CF9DA8C73FA8
$3F9FD4DC1690F4DA,3FDCE1CD0A064B7,0,3FF778CC7E85B66
$0,3FDCFC4239638C8C,0,3FF921FB54442D18
4 28 24
4 29 42
4 30 0
4 31 0
4 32 0
4 33 0
3 22 ->
4 23 29
4 24 1
4 25 1
4 26 [2]
$-1,1
4 27 [2][4]
$0,3F961587CA33774,0,3F961587CA33774
$0,3FDCFC4239638C8C,0,3FDCFC4239638C8C
4 28 24
4 29 24
4 30 25
4 31 34
4 32 0
4 33 0
3 22 ->
4 23 31
4 24 1
4 25 0
4 26 [2]
$2*1
4 27 [2][4]
$0,3F961587CA33774,2*0
$BFA9R,3F961587CA33774,BFA9R,0
4 28 24
4 29 14
4 30 32
4 31 39
4 32 0
4 33 0
3 22 ->
4 23 32
4 24 1
4 25 0
4 26 [2]
$2*1
4 27 [2][4]
$BFA9R,3F961587CA33774,C00921FB54442D18,3F961587CA33774
$BFA9R,3FD961587CA33774,C00921FB54442D18,3FD961587CA33774
4 28 24
4 29 38
4 30 0
4 31 0
4 32 0
4 33 0
3 22 ->
4 23 33
4 24 1
4 25 0
4 26 [2]
$2*1
4 27 [2][4]
$BFA9R,3FD961587CA33774,BFA9R,0
$BFC6R,3FD961587CA33774,BFC6R,0
4 28 24
4 29 18
4 30 34
4 31 43
4 32 0
4 33 0
3 22 ->
4 23 34
4 24 1
4 25 0
4 26 [2]
$2*1
4 27 [7][4]
$BFC6R,3FD961587CA33774,C00921FB54442D18,3FEE55C4A39AC99
$BFC30C2FA86E8546,3FDA74F31B829358,C00921FB54442D18,3FF0D411278BDB81
$BFBEFAF4231F3C52,3FDB5A9B5A26431A,C00921FB54442D18,3FF27D3FFD4A5239
$BFB788271F7EA64B,3FDC0FD8482FBC1,C00921FB54442D18,3FF4266ED308C8F1
$BFAFA8FEE4E43BF5,3FDC92B666F034A8,C00921FB54442D18,3FF5CF9DA8C73FA8
$BF9FD4DC1690F4DA,3FDCE1CD0A064B7,C00921FB54442D18,3FF778CC7E85B66
$0,3FDCFC4239638C8C,C00921FB54442D18,3FF921FB54442D18
4 28 24
4 29 42
4 30 0
4 31 0
4 32 0
4 33 0
3 22 ->
4 23 35
4 24 1
4 25 0
4 26 [2]
$-1,1
4 27 [2][4]
$0,3FDCFC4239638C8C,C00921FB54442D18,3FDCFC4239638C8C
$0,3F961587CA33774,C00921FB54442D18,3F961587CA33774
4 28 30
4 29 44
4 30 0
4 31 0
4 32 0
4 33 0
3 22 ->
4 23 37
4 24 1
4 25 0
4 26 [2]
$1,-1
4 27 [4][4]
$3*0,3F961587CA33774
$2*0,BFF0C152382D7365,3F961587CA33774
$2*0,C000C152382D7365,3F961587CA33774
$2*0,C00921FB54442D18,3F961587CA33774
4 28 36
4 29 44
4 30 0
4 31 0
4 32 0
4 33 0
3 22 ->
4 23 45
4 24 1
4 25 0
4 26 [2]
$1,-1
4 27 [4][4]
$0,3FDCFC4239638C8C,0,3FF921FB54442D18
$BFF0C152382D7365,3FDCFC4239638C8C,BFF0C152382D7365,3FF921FB54442D18
$C000C152382D7365,3FDCFC4239638C8C,C000C152382D7365,3FF921FB54442D18
$C00921FB54442D18,3FDCFC4239638C8C,C00921FB54442D18,3FF921FB54442D18
4 28 44
4 29 42
4 30 0
4 31 0
4 32 0
4 33 0
@external_geom 34 0
1 34 
#ActEntity
@Sld_Entities 1 0
0 1 ->
@act_feat_ents 2 0
1 2 [1]
2 2 
@feat_id 3 1
3 3 1
@datum_id 4 1
3 4 -1
@entity_ptr(line3d) 5 0
3 5 ->
@type 6 1
4 6 11
@id 7 1
4 7 46
@gen_info 8 0
4 8 
@geom_id 9 1
4 9 2
@end1 10 2
4 10 [3]
$3*0
@end2 11 2
4 11 [3]
$3FC6R,2*0
@entity(line3d) 12 0
3 12 ->
4 6 13
4 7 47
4 8 
@color 13 1
5 13 1
4 9 2
4 10 [3]
$3*0
4 11 [3]
$0,3FDB9AE9BCC05518,0
@entity(text) 14 0
3 14 ->
@text_type 15 1
4 15 19
@text_value 16 10
4 16 A_1
@txt_attrib 17 1
4 17 1
@coord 18 2
4 18 [3]
$40828419D54E653,40772B29A6B368C,C05FD1CF2DCB4872
@height 19 2
4 19 BFF
@width_factor 20 2
4 20 BFF
@format_info 21 0
4 21 
@thickness 22 2
4 22 BFF
#AllFeatur
@Sld_Features 1 0
0 1 ->
@first_feat_ptr 2 0
1 2 ->
@id 3 1
2 3 1
@indep_attributes 4 1
2 4 4097
@feat_type_ptr 5 0
2 5 ->
@table_id 6 1
3 6 -1
@type 7 1
3 7 0
@feattype_key 8 10
3 8 NULL
@form 9 1
3 9 2
@attributes 10 1
3 10 [3]
$0,65536,0
@placement 11 1
3 11 0
@intersection 12 1
3 12 991
@internal_udf_type 13 1
3 13 -1
@param_choice_ptr 14 0
3 14 ->
@blend_choice 15 1
4 15 0
@depth_choice 16 1
4 16 0
@angle_choice 17 1
4 17 964
@pat_choice 18 1
4 18 -1
@round_choice 19 1
4 19 -1
@subsec_choice 20 1
4 20 -1
@sweep_choice 21 1
4 21 0
@dome_choice 22 1
4 22 0
@draft_choice 23 1
4 23 0
@misc_choice 24 1
4 24 [2]
$2*0
@assoc_type 25 1
3 25 0
@symbol_key 26 1
2 26 -1
@sect_name 27 10
2 27 no_name
@model_type 28 1
2 28 2
@idtab_ptr 29 0
2 29 ->
@srf_id_arr 30 1
3 30 [14][4]
$2,204,2*0
$8,203,2*0
$14,200,1,0
$16,200,2,0
$18,200,3,0
$20,200,4,0
$22,200,5,0
$24,204,0,1
$30,203,0,1
$36,200,2*1
$38,200,2,1
$40,200,3,1
$42,200,4,1
$44,200,5,1
@edg_id_arr 31 1
3 31 [30][6]
$3,221,1,2*0,14
$4,221,2,2*0,16
$5,221,3,2*0,18
$6,221,4,2*0,20
$7,221,5,2*0,2
$9,222,1,2*0,2
$10,222,2,2*0,38
$11,222,3,2*0,2
$12,222,4,2*0,42
$13,222,5,2*0,8
$15,303,1,0,5,22
$17,303,2,0,1,14
$19,303,3,0,2,16
$21,303,4,0,3,18
$23,303,5,0,4,20
$25,221,2*1,0,-1
$26,221,2,1,0,-1
$27,221,3,1,0,-1
$28,221,4,1,0,-1
$29,221,5,1,0,24
$31,222,2*1,0,24
$32,222,2,1,0,24
$33,222,3,1,0,24
$34,222,4,1,0,24
$35,222,5,1,0,44
$37,303,2*1,5,36
$39,303,2,2*1,38
$41,303,3,1,2,18
$43,303,4,1,3,42
$45,303,5,1,4,44
@misc_id_tab 32 0
3 32 [2]
4 32 
@misc_hist 33 1
5 33 [5]
$46,530,2,-1,500
4 32 
5 33 [5]
$47,531,2,-1,500
@save_geoms 34 0
3 34 ->
@sv_frst_geom 35 1
4 35 14
@cr_flags_xar 36 1
3 36 [27]
$3*-1,-2049,2*-1,-16777217,3*-1,-536870913,-1,-1126176897,-2,-2097185,
$-2097665,-1,-1073741843,-1,-1073741825,-1,-261121,32767,4*0
@cvt_feat_dat 37 0
3 37 NULL
@feat_dates_ptr 38 0
3 38 ->
@creat_date 39 1
4 39 170014
@regen_date 40 1
4 40 170018
@group_info_ptr 41 0
2 41 NULL
@intrs_pairs_ptr 42 0
2 42 ->
@place_rec_ptr 43 0
2 43 ->
@local_sys 44 2
3 44 [4][3]
$3FF,2*0
$0,3FF,0
$2*0,3FF
$3*0
@own_ref_id 45 1
3 45 -1
@orient 46 1
3 46 0
@trf_arr 47 0
3 47 [1]
4 47 
@type 48 1
5 48 12
@idx 49 1
5 49 0
@transf 50 2
5 50 [4][3]
$3FF,2*0
$0,3FF,0
$2*0,3FF
$3*0
@next_prop 51 0
2 51 NULL
@first_geom_id 52 1
2 52 14
@gsec_ptr 53 0
2 53 [1]
3 53 
@type 54 1
4 54 1
@is_ref_gsec 55 1
4 55 0
@name 56 10
4 56 S2D0004
@gsec2d_ptr 57 0
4 57 ->
@name 58 10
5 58 S2D0004
@segtab_ptr 59 0
5 59 [6]
6 59 
@type 60 1
7 60 2
@dir 61 1
7 61 [3]
$1,2*0
@pointid 62 1
7 62 [2]
$0,1
@cntrid 63 1
7 63 1
@arcorient 64 1
7 64 0
@verhor 65 1
7 65 1
@radius 66 1
7 66 0
@ext_id 67 1
7 67 1
@gen_info 68 0
7 68 
@ent_spec_data(null_ptr) 69 0
7 69 ->
@known_ent_info 70 0
7 70 
@attr 71 1
8 71 0
@known_ent_id 72 1
8 72 -1
6 59 
7 60 2
7 61 [3]
$0,1,0
7 62 [2]
$1,2
7 63 2
7 64 0
7 65 0
7 66 0
7 67 2
7 68 
7 69 ->
7 70 
8 71 0
8 72 -1
6 59 
7 60 2
7 61 [3]
$1,2*0
7 62 [2]
$2,3
7 63 3
7 64 0
7 65 1
7 66 0
7 67 3
7 68 
7 69 ->
7 70 
8 71 0
8 72 -1
6 59 
7 60 3
7 61 [3]
$-1,1,0
7 62 [2]
$3,4
7 63 5
7 64 0
7 65 -1
7 66 0
7 67 4
7 68 
7 69 ->
7 70 
8 71 0
8 72 -1
6 59 
7 60 2
7 61 [3]
$0,-1,0
7 62 [2]
$4,0
7 63 0
7 64 0
7 65 0
7 66 0
7 67 5
7 68 
7 69 ->
7 70 
8 71 0
8 72 -1
6 59 
7 60 5
7 61 [3]
$0,1,0
7 62 [2]
$2*6
7 63 6
7 64 0
7 65 0
7 66 0
7 67 0
7 68 
7 69 ->
7 70 
8 71 0
8 72 -1
@dimtab_ptr 73 0
5 73 [4]
6 73 
@type 74 1
7 74 3
@value 75 2
7 75 3FD3R
@direct 76 1
7 76 0
@property 77 1
7 77 0
@leftpt 78 1
7 78 [2]
@rightpt 79 1
7 79 [2]
@offset 80 2
7 80 0
@ext_id 81 1
7 81 0
@dispdimattr 82 0
7 82 
@dimattr 83 1
8 83 [4]
$18,3*0
@dim_ref 84 0
7 84 [2]
8 84 
@item_id 85 1
9 85 3
@sense 86 1
9 86 -1
@point 87 1
9 87 [2]
$2*-1
8 84 
9 85 -1
9 86 -1
9 87 [2]
$2*-1
6 73 
7 74 1
7 75 3FD8
7 76 0
7 77 0
7 78 [2]
7 79 [2]
7 80 0
7 81 1
7 82 
8 83 [4]
$524306,3*0
7 84 [2]
8 84 
9 85 1
9 86 -1
9 87 [2]
$2*1
8 84 
9 85 -1
9 86 -1
9 87 [2]
$2*2
6 73 
7 74 5
7 75 3FA9R
7 76 0
7 77 0
7 78 [2]
7 79 [2]
7 80 0
7 81 2
7 82 
8 83 [4]
$274,3*0
7 84 [2]
8 84 
9 85 5
9 86 -1
9 87 [2]
$2*6
8 84 
9 85 1
9 86 -1
9 87 [2]
$1,2
6 73 
7 74 2
7 75 3FC6R
7 76 0
7 77 0
7 78 [2]
7 79 [2]
7 80 0
7 81 3
7 82 
8 83 [4]
$274,3*0
7 84 [2]
8 84 
9 85 5
9 86 0
9 87 [2]
$2*3
8 84 
9 85 3
9 86 1
9 87 [2]
$2*6
@relat_ptr 88 0
5 88 [13]
6 88 
@id 89 1
7 89 0
@used 90 1
7 90 0
@a 91 1
7 91 [4]
$6,0,2*-1
@b 92 1
7 92 [4]
$4*0
@c 93 2
7 93 [4]
$3FF,BFF,2*3FF
@sign 94 1
7 94 0
@idim 95 1
7 95 -1
@type 96 1
7 96 0
6 88 
7 89 1
7 90 0
7 91 [4]
$6,0,2*-1
7 92 [4]
$2*1,2*0
7 93 [4]
$3FF,BFF,2*3FF
7 94 0
7 95 -1
7 96 0
6 88 
7 89 2
7 90 1
7 91 [4]
$0,1,2*-1
7 92 [4]
$2*1,2*0
7 93 [4]
$3FF,BFF,2*3FF
7 94 0
7 95 0
7 96 0
6 88 
7 89 5
7 90 0
7 91 [4]
$4,0,2*-1
7 92 [4]
$4*0
7 93 [4]
$3FF,BFF,2*3FF
7 94 0
7 95 0
7 96 0
6 88 
7 89 7
7 90 0
7 91 [4]
$5,6,2*-1
7 92 [4]
$4*0
7 93 [4]
$3FF,BFF,2*3FF
7 94 0
7 95 0
7 96 0
6 88 
7 89 12
7 90 0
7 91 [4]
$4*0
7 92 [4]
$4*0
7 93 [4]
$4*3FF
7 94 1
7 95 0
7 96 14
6 88 
7 89 13
7 90 1
7 91 [4]
$1,2,2*-1
7 92 [4]
$2*1,2*0
7 93 [4]
$3FF,BFF,2*3FF
7 94 1
7 95 1
7 96 0
6 88 
7 89 4
7 90 1
7 91 [4]
$2,3,2*-1
7 92 [4]
$2*1,2*0
7 93 [4]
$3FF,BFF,2*3FF
7 94 0
7 95 0
7 96 0
6 88 
7 89 14
7 90 1
7 91 [4]
$6,1,2*-1
7 92 [4]
$4*0
7 93 [4]
$3FF,BFF,2*3FF
7 94 1
7 95 2
7 96 0
6 88 
7 89 3
7 90 1
7 91 [4]
$1,2,2*-1
7 92 [4]
$4*0
7 93 [4]
$3FF,BFF,2*3FF
7 94 0
7 95 0
7 96 0
6 88 
7 89 15
7 90 0
7 91 [4]
$3,6,2*-1
7 92 [4]
$4*0
7 93 [4]
$3FF,BFF,2*3FF
7 94 -1
7 95 3
7 96 0
6 88 
7 89 8
7 90 6
7 91 [4]
$3,4,2*0
7 92 [4]
$5,3*0
7 93 [4]
$2*3FF,BFF,3FF
7 94 1
7 95 0
7 96 6
6 88 
7 89 9
7 90 3
7 91 [4]
$3,4,2*0
7 92 [4]
$5,3*0
7 93 [4]
$2*3FF,BFF,3FF
7 94 1
7 95 0
7 96 6
@formula_ptr 97 1
5 97 [13]
$0,1,2,3,4,5,6,7,8,9,10,11,12
@qind 98 1
5 98 0
@anchor 99 0
5 99 NULL
@totalpointid 100 1
5 100 7
@checkarcs_flag 101 1
5 101 1
@location 102 0
5 102 ->
@id 103 1
6 103 0
@param 104 2
6 104 0
@type 105 1
6 105 0
@nsket_info 106 0
5 106 ->
@scale 107 2
6 107 0
@m 108 1
6 108 0
@last_was_permanent 109 1
6 109 0
@unsolved_ptr 110 0
5 110 ->
@iges_file 111 10
6 111 NULL
@solve_version 112 1
5 112 1
@segdscr_tab 113 0
5 113 [6]
6 113 
@ent_mode 114 1
7 114 0
@segm_ent_ptr(ent_ptr) 115 0
7 115 ->
6 113 
7 114 0
7 115 ->
6 113 
7 114 0
7 115 ->
6 113 
7 114 0
7 115 ->
6 113 
7 114 0
7 115 ->
6 113 
7 114 0
7 115 ->
@skamp_ptr 116 0
5 116 [14]
6 116 
@id 117 1
7 117 0
@type 118 1
7 118 1
@flags 119 1
7 119 0
@status 120 1
7 120 3
@items 121 0
7 121 [1]
8 121 
@ent_id 122 1
9 122 1
@sense 123 1
9 123 0
6 116 
7 117 1
7 118 0
7 119 0
7 120 3
7 121 [2]
8 121 
9 122 2
9 123 2
8 121 
9 122 1
9 123 3
6 116 
7 117 2
7 118 2
7 119 0
7 120 3
7 121 [1]
8 121 
9 122 2
9 123 0
6 116 
7 117 3
7 118 0
7 119 0
7 120 3
7 121 [2]
8 121 
9 122 3
9 123 2
8 121 
9 122 2
9 123 3
6 116 
7 117 4
7 118 1
7 119 0
7 120 3
7 121 [1]
8 121 
9 122 3
9 123 0
6 116 
7 117 5
7 118 0
7 119 0
7 120 3
7 121 [2]
8 121 
9 122 4
9 123 2
8 121 
9 122 3
9 123 3
6 116 
7 117 6
7 118 0
7 119 0
7 120 3
7 121 [2]
8 121 
9 122 5
9 123 2
8 121 
9 122 4
9 123 3
6 116 
7 117 7
7 118 0
7 119 0
7 120 3
7 121 [2]
8 121 
9 122 5
9 123 3
8 121 
9 122 1
9 123 2
6 116 
7 117 8
7 118 2
7 119 0
7 120 3
7 121 [1]
8 121 
9 122 5
9 123 0
6 116 
7 117 9
7 118 2
7 119 0
7 120 3
7 121 [1]
8 121 
9 122 0
9 123 0
6 116 
7 117 10
7 118 3
7 119 0
7 120 3
7 121 [2]
8 121 
9 122 0
9 123 0
8 121 
9 122 1
9 123 2
6 116 
7 117 11
7 118 3
7 119 0
7 120 1
7 121 [2]
8 121 
9 122 0
9 123 0
8 121 
9 122 4
9 123 3
6 116 
7 117 12
7 118 3
7 119 0
7 120 3
7 121 [2]
8 121 
9 122 0
9 123 0
8 121 
9 122 4
9 123 4
6 116 
7 117 13
7 118 5
7 119 0
7 120 0
7 121 [2]
8 121 
9 122 4
9 123 3
8 121 
9 122 5
9 123 2
@triples_ptr 124 0
5 124 [5]
6 124 
@rel_id 125 1
7 125 0
@eqn_id 126 1
7 126 2
@skamp_id 127 1
7 127 10
6 124 
7 125 1
7 126 3
7 127 10
6 124 
7 125 6
7 126 8
7 127 11
6 124 
7 125 7
7 126 9
7 127 12
6 124 
7 125 11
7 126 10
7 127 13
@order_ptr 128 0
4 128 [5]
5 128 
@id 129 1
6 129 0
@flip 130 1
6 130 2
5 128 
6 129 1
6 130 0
5 128 
6 129 2
6 130 0
5 128 
6 129 3
6 130 0
5 128 
6 129 4
6 130 4
@dim_id_tab 131 1
4 131 [4]
$0,1,2,3
@attributes 132 1
4 132 262144
@xsec_id 133 1
4 133 -1
@gsec_info_arr 134 0
4 134 [1]
5 134 
@application_type 135 1
6 135 2
@application_id 136 1
6 136 1
@secsolve_revnum 137 1
4 137 0
@rel_accuracy 138 2
4 138 BFF
@cr_flags 139 1
4 139 63
@p_saved_result 140 0
4 140 ->
@entity(line) 141 0
5 141 ->
@id 142 1
6 142 0
@gen_info 143 0
6 143 
@end1 144 2
6 144 [3]
$3*0
@end2 145 2
6 145 [3]
$3FA9R,2*0
5 141 ->
6 142 1
6 143 
6 144 [3]
$3FA9R,2*0
6 145 [3]
$3FA9R,3FD8,0
5 141 ->
6 142 2
6 143 
6 144 [3]
$3FA9R,3FD8,0
6 145 [3]
$3FC6R,3FD8,0
@entity(arc) 146 0
5 146 ->
@id 147 1
6 147 3
@gen_info 148 0
6 148 
@center 149 2
6 149 [3]
$0,3FC0CF6D131A43CB,0
@radius 150 2
6 150 3FD3R
@end1 151 2
6 151 [3]
$3FC6R,3FD8,0
@end2 152 2
6 152 [3]
$0,3FDB9AE9BCC05518,0
@t0 153 2
6 153 3FEE55C4A39AC993
@t1 154 2
6 154 3FF921FB54442D18
5 141 ->
6 142 4
6 143 
6 144 [3]
$0,3FDB9AE9BCC05518,0
6 145 [3]
$3*0
5 141 ->
@type 155 1
6 155 5
6 142 5
6 143 
@flip 156 1
6 156 0
6 144 [3]
$0,BF961587CA33774,0
6 145 [3]
$0,3FDCFC4239638C8C,0
@local_sys 157 2
5 157 [4][3]
$3FF,2*0
$0,3FF,0
$2*0,3FF
$3*0
@cond_tbl_idx 158 1
2 158 -1
@comment 159 10
2 159 NULL
@merge_info_ptr 160 0
2 160 NULL
@topology_increment 161 0
2 161 ->
@crv_dirs 162 0
3 162 [1]
4 162 
@p_crv 163 1
5 163 29
@crv_pnt_dir 164 1
5 164 [2]
$1,-1
@crv_type 165 0
3 165 [26]
4 165 
@p_crv 166 1
5 166 3
@crv_type 167 1
5 167 7
4 165 
5 166 5
5 167 7
4 165 
5 166 7
5 167 7
4 165 
5 166 9
5 167 7
4 165 
5 166 11
5 167 7
4 165 
5 166 13
5 167 7
4 165 
5 166 15
5 167 7
4 165 
5 166 17
5 167 7
4 165 
5 166 19
5 167 7
4 165 
5 166 21
5 167 7
4 165 
5 166 23
5 167 7
4 165 
5 166 25
5 167 7
4 165 
5 166 26
5 167 7
4 165 
5 166 27
5 167 7
4 165 
5 166 28
5 167 7
4 165 
5 166 29
5 167 7
4 165 
5 166 31
5 167 7
4 165 
5 166 32
5 167 7
4 165 
5 166 33
5 167 7
4 165 
5 166 34
5 167 7
4 165 
5 166 35
5 167 7
4 165 
5 166 37
5 167 7
4 165 
5 166 39
5 167 7
4 165 
5 166 41
5 167 7
4 165 
5 166 43
5 167 7
4 165 
5 166 45
5 167 7
@first_geom 168 1
3 168 0
@first_quilt 169 1
3 169 0
@outline 170 2
3 170 [2][3]
$3*0
$3*0
@max_part_size 171 2
3 171 0
@xform_increment 172 0
3 172 NULL
@roll_back_id 173 1
3 173 -1
@state_ind 174 1
2 174 -1
@alumni_info 175 0
2 175 NULL
@revnum 176 1
2 176 13
@rev_rec 177 0
2 177 ->
@num_plins 178 1
3 178 0
@expl_state_ref 179 0
2 179 NULL
@feat_outl_info 180 0
2 180 ->
@ent_outl 181 2
3 181 [2][3]
$3*0
$0,3FDB9AE9BCC05518,0
@next_feat_ptr 182 0
1 182 NULL
@layer_list 183 0
1 183 [1]
2 183 
@feat_id 184 1
3 184 1
@layer_id 185 1
3 185 0
@back_layer_id 186 1
3 186 0
#FullMData
@Sld_FullData 1 0
0 1 ->
@first_member_ptr 2 0
1 2 NULL
@alumni_members 3 0
1 3 NULL
@first_xsec_ptr 4 0
1 4 NULL
@lang_ptr 5 0
1 5 ->
@interact_on 6 1
2 6 -1
@first_csys_ptr 7 0
1 7 NULL
@dim_array 8 0
1 8 [4]
2 8 ->
@type 9 1
3 9 8
@dim_type 10 1
3 10 3
@feat_id 11 1
3 11 1
@attributes 12 1
3 12 289
@dim_dat_ptr 13 0
3 13 ->
@value 14 2
4 14 3FD3R
@bck_value 15 2
4 15 3FD3R
@tol_ptr 16 0
4 16 ->
@type 17 1
5 17 9
@tol_type 18 1
5 18 4
@dual_digits_diff 19 1
5 19 999
@value 20 2
5 20 [2]
$2*3F847AE147AE147B
@nominal_value 21 2
4 21 3FD3R
@bound 22 1
4 22 20
@bck_bound 23 1
4 23 -1
@bck_tol_ptr 24 0
4 24 ->
@value 25 2
5 25 [2]
$2*3F847AE147AE147B
@datum_def_id 26 1
4 26 -1
@places_denom 27 1
4 27 2
@bck_places_denom 28 1
4 28 2
@dim_data_attrib 29 1
4 29 0
@dim_cosm_ptr 30 0
3 30 ->
@d0 31 2
4 31 3FD6R
@d1 32 2
4 32 40513A2D30C2D01F
@d2 33 2
4 33 4019044162EB88B8
@d3 34 2
4 34 404B1EDB6DB6DB7
@ord_info 35 0
4 35 NULL
@attach_ptr 36 0
3 36 NULL
@dim_text_ptr 37 0
3 37 ->
@symbol 38 10
4 38 d0
@line_array 39 0
4 39 [1]
5 39 
@text_array 40 0
6 40 [2]
7 40 
@text_type 41 1
8 41 54
@text_value 42 10
8 42 R
@txt_attrib 43 1
8 43 1024
@owner_id 44 1
8 44 0
@height 45 2
8 45 BFF
@width_factor 46 2
8 46 BFF
@format_info 47 0
8 47 
@thickness 48 2
8 48 BFF
7 40 
8 41 61
8 42 
8 43 1025
8 44 0
8 45 BFF
8 46 BFF
8 47 
8 48 BFF
@parent_dim_id 49 1
3 49 -1
2 8 ->
3 9 8
3 10 1
3 11 1
3 12 289
3 13 ->
4 14 3FD8
4 15 3FD8
4 16 ->
5 17 9
5 18 4
5 19 999
5 20 [2]
$2*3F847AE147AE147B
4 21 3FD8
4 22 20
4 23 -1
4 24 ->
5 25 [2]
$2*3F847AE147AE147B
4 26 -1
4 27 3
4 28 3
4 29 0
3 30 ->
4 31 40587EE50D4D0C6R
4 32 3FDE492492492495
4 33 3FE22B011E7430C1
4 34 404B1EDB6DB6DB7
4 35 NULL
3 36 NULL
3 37 ->
4 38 d1
3 49 -1
2 8 ->
3 9 8
3 10 5
3 11 1
3 12 353
3 13 ->
4 14 3FB9R
4 15 3FB9R
4 16 ->
5 17 9
5 18 4
5 19 999
5 20 [2]
$2*3F847AE147AE147B
4 21 3FB9R
4 22 20
4 23 -1
4 24 ->
5 25 [2]
$2*3F847AE147AE147B
4 26 -1
4 27 2
4 28 2
4 29 0
3 30 ->
4 31 3FB4E5E0A72F051A
4 32 C05164C5B6105147
4 33 3FE2
4 34 404B1EDB6DB6DB7
4 35 NULL
3 36 NULL
3 37 ->
4 38 d2
4 39 [1]
5 39 
6 40 [2]
7 40 
8 41 54
8 42 n
8 43 1024
8 44 2
8 45 BFF
8 46 BFF
8 47 
8 48 BFF
7 40 
8 41 61
8 42 
8 43 1025
8 44 2
8 45 BFF
8 46 BFF
8 47 
8 48 BFF
3 49 -1
2 8 ->
3 9 8
3 10 2
3 11 1
3 12 353
3 13 ->
4 14 3FD6R
4 15 3FD6R
4 16 ->
5 17 9
5 18 4
5 19 999
5 20 [2]
$2*3F847AE147AE147B
4 21 3FD6R
4 22 20
4 23 -1
4 24 ->
5 25 [2]
$2*3F847AE147AE147B
4 26 -1
4 27 4
4 28 4
4 29 0
3 30 ->
4 31 C000DDD6FE1F56A8
4 32 40500FF98E3D6124
4 33 3FDEA3677D46CEF8
4 34 404B1EDB6DB6DB7
4 35 NULL
3 36 NULL
3 37 ->
4 38 d3
4 39 [1]
5 39 
6 40 [2]
7 40 
8 41 54
8 42 n
8 43 1024
8 44 3
8 45 BFF
8 46 BFF
8 47 
8 48 BFF
7 40 
8 41 61
8 42 
8 43 1025
8 44 3
8 45 BFF
8 46 BFF
8 47 
8 48 BFF
3 49 -1
@ipar_num 50 1
1 50 0
@smt_info_ptr 51 0
1 51 NULL
@cable_info_ptr 52 0
1 52 NULL
@comp_info_ptr 53 0
1 53 NULL
@prt_misc_ptr 54 0
1 54 ->
@shrink_data_ptr 55 0
2 55 NULL
@expld_mv_info 56 0
1 56 NULL
@state_info_ptr 57 0
1 57 NULL
@alumni_feats 58 0
1 58 NULL
@p_mdl_grid 59 0
1 59 NULL
@mdl_status_ptr 60 0
1 60 NULL
@ribbon_info_ptr 61 0
1 61 NULL
@p_xref_data 62 0
1 62 ->
#ModelView#0
@View 1 0
0 1 ->
@id 2 1
1 2 0
@viewattr 3 0
1 3 
@attr_arr 4 1
2 4 [4]
$1,3*0
@mpoint 5 0
1 5 
@id 6 1
2 6 0
@coord 7 2
2 7 [3]
$0,3FCB9AE9BCC05518,0
@first_instr_ptr 8 0
2 8 NULL
@attach_ptr 9 0
2 9 NULL
@vpoint 10 0
1 10 
2 6 0
2 7 [3]
$407F4,407A5E,0
2 8 NULL
2 9 NULL
@orient 11 2
1 11 [4][4]
$3FEFAE0D94868728,3F92D58D9D86B4F,BFC1E7CCA4943A1,0
$3F741F436574B48,3FEF905B59A92864,3FC50CFE2FAA0F2A,0
$3FC20C72CAAA6983,BFC4ED9A8FA2308C,3FEF3EC956C7F3EB,0
$3*0,3FF
@local_sys 12 2
1 12 [4][4]
$409558F530C61F5C,40396201670D1282,C0682195B384DDB9,0
$401B1E5B0AFEEEE9,409544F26DE3BE7D,406C5EBE6978AEE,0
$406852FA050E44D6,C06C3470CD8D5264,40950DFB16FAB3CE,0
$407F289B1B0397BE,406009B89239D138,C0487947D68AFAE,3FF
@first_instr_ptr 13 0
1 13 ->
@type 14 1
2 14 100
@geom_id 15 1
2 15 -1
@view_id 16 1
2 16 -1
@memb_num 17 1
2 17 0
@offset 18 2
2 18 0
@matrix 19 0
2 19 NULL
@next_instr_ptr 20 0
1 20 ->
2 14 125
2 15 -1
2 16 -1
2 17 0
2 18 0
2 19 ->
@matrix 21 2
3 21 [4][4]
$3FE335E9C64F048R,3FC0768D95C03E42,BFE94248EED6EA7,0
$BFDD4B1FF4DC3759,3FEBAAEC2341C2E3,BFCA86696CA3883A,0
$3FE4FC8076313393,3FDF159E2BF75C61,3FE27E5C3F92AC3C,0
$3*0,3FF
1 20 ->
2 14 301
2 15 -1
2 16 -1
2 17 0
2 18 4095902D7EB2D4E9
2 19 NULL
1 20 NULL
@outer_xsec_index 22 1
1 22 -1
@next_view_id 23 1
1 23 -2
@simp_rep_id 24 1
1 24 0
@name 25 10
1 25 no name
@matrix 26 2
1 26 [4][4]
$3FF,3*0
$0,3FF,2*0
$2*0,3FF,0
$3*0,3FF
@fit_outline 27 2
1 27 [2][3]
$4059,405518,C073E8AF7102E3D2
$408C2,4087BB,4073E8AF7102E3D2
@det_info_ptr 28 0
1 28 NULL
@named_view_pzmatr 29 0
1 29 NULL
@page_id 30 1
1 30 0
@model_name 31 10
1 31 NULL
@unrep_model_name 32 10
1 32 NULL
@saved_pro_dls 33 0
1 33 ->
@explode_state 34 0
1 34 NULL
#DispDataColor
@ref_color_table 1 0
0 1 
@ref_color_arr 2 0
1 2 [1]
2 2 
@maximum 3 2
3 3 [3]
$3*3FF
@ambient 4 2
3 4 3FECR
@diffuse 5 2
3 5 3FECR
@specular 6 2
3 6 3FE9R
@spec_coef 7 2
3 7 3FE
@transmission 8 2
3 8 0
@threshold 9 1
3 9 90
@gl_ind 10 1
3 10 0
@highlight 11 2
3 11 [3]
$3*3FF
@reflection 12 2
3 12 3FECR
@bump_height 13 2
3 13 3FF
@bump 14 3
3 14 NULL
@decal_intensity 15 2
3 15 4059
@decal 16 3
3 16 NULL
@texture 17 3
3 17 NULL
#DispDataTable
@disp_data_table 1 0
0 1 
@disp_data_arr 2 0
1 2 [1]
2 2 
@disp_data 3 0
3 3 ->
@wire 4 0
4 4 
@disp_list_valid 5 1
5 5 1
@pending 6 1
5 6 0
@disp_list_status 7 1
5 7 3
@disp_list_version 8 1
5 8 117
@view_matrix 9 2
5 9 [4][4]
$3FF,3*0
$0,3FF,2*0
$2*0,3FF,0
$3*0,3FF
@outline 10 2
5 10 [2][3]
$BFC666666,0,BFC666666
$3FC666666,3FD8,3FC666666
@dl_block_mem_size 11 0
5 11 
@dl_block_mem_size 12 1
6 12 32768
@list 13 0
5 13 ->
@ptr 14 0
6 14 [9]
7 14 
@data(dl_gc) 15 0
8 15 ->
@header 16 0
9 16 
@header 17 0
10 17 
@type 18 5
11 18 53
@count 19 5
11 19 1
@size 20 1
11 20 36
@int_data 21 1
9 21 [5]
$2*2,0,1,0
@linewidth 22 6
9 22 0
7 14 
8 15 ->
9 16 
10 17 
11 18 53
11 19 1
11 20 36
9 21 [5]
$2*2,0,1,0
9 22 0
7 14 
@data(dl_arc3) 23 0
8 23 ->
@dl_header 24 0
9 24 
10 17 
11 18 43
11 19 1
11 20 140
@array 25 6
9 25 [15]
$3D4CR,4*0,40490FDB,0,3F8,0,3D4CR,2*0,BD4CR,2*0
@matrix 26 6
9 26 [4][4]
$3F8,3*0
$0,3F8,2*0
$2*0,3F8,0
$4*0
7 14 
8 23 ->
9 24 
10 17 
11 18 43
11 19 1
11 20 140
9 25 [15]
$3D4CR,0,3EC,2*0,40490FDB,0,BF8,0,3D4CR,3EC,0,BD4CR,3EC,0
9 26 [4][4]
$3F8,3*0
$0,3F8,2*0
$2*0,3F8,0
$4*0
7 14 
8 23 ->
9 24 
10 17 
11 18 43
11 19 1
11 20 140
9 25 [15]
$3D4CR,0,3EC,2*0,40490FDB,0,3F8,0,3D4CR,3EC,0,BD4CR,3EC,0
9 26 [4][4]
$3F8,3*0
$0,3F8,2*0
$2*0,3F8,0
$4*0
7 14 
8 23 ->
9 24 
10 17 
11 18 43
11 19 1
11 20 140
9 25 [15]
$3E3R,0,3EC,2*0,40490FDB,0,3F8,0,3E3R,3EC,0,BE3R,3EC,0
9 26 [4][4]
$3F8,3*0
$0,3F8,2*0
$2*0,3F8,0
$4*0
7 14 
8 23 ->
9 24 
10 17 
11 18 43
11 19 1
11 20 140
9 25 [15]
$3D4CR,4*0,40490FDB,0,BF8,0,3D4CR,2*0,BD4CR,2*0
9 26 [4][4]
$3F8,3*0
$0,3F8,2*0
$2*0,3F8,0
$4*0
7 14 
8 23 ->
9 24 
10 17 
11 18 43
11 19 1
11 20 140
9 25 [15]
$3E3R,0,3EC,2*0,40490FDB,0,BF8,0,3E3R,3EC,0,BE3R,3EC,0
9 26 [4][4]
$3F8,3*0
$0,3F8,2*0
$2*0,3F8,0
$4*0
7 14 
@data(dl_header) 27 0
8 27 ->
9 17 
10 18 0
10 19 0
10 20 0
@locked 28 1
5 28 0
@visibile 29 1
5 29 1
@contents 30 1
5 30 2
@attached 31 1
5 31 0
@part_color 32 1
4 32 0
@model_type 33 1
4 33 2
@generic_name 34 10
4 34 NULL
@label 35 10
4 35 NULL
#AssMrgPrt
@assem_merge_parts 1 0
0 1 ->
#END_OF_UGC
