Started Modeller
SAT File opened OK
Opened file /usr/remote/data5/repository/STEP/STI/1797609in/1797609in.wrl
Set new MeshManager
Faceted entity 1...Done!
Started Modeller
SAT File opened OK
Opened file /usr/remote/data5/repository/STEP/STI/weldment_asm_solid/weldment_asm_solid.wrl
Set new MeshManager
Faceted entity 1...Done!
Started Modeller
SAT File opened OK
Opened file /usr/remote/data5/repository/STEP/STI/vs_training/vs_training.wrl
Set new MeshManager
Faceted entity 1...Done!
Started Modeller
SAT File opened OK
Opened file /usr/remote/data5/repository/STEP/STI/valve/valve.wrl
Set new MeshManager
Faceted entity 1...Done!
Started Modeller
SAT File opened OK
Opened file /usr/remote/data5/repository/STEP/STI/vaccase_asm_solid/vaccase_asm_solid.wrl
Set new MeshManager
Faceted entity 1...Done!
Started Modeller
SAT File opened OK
Opened file /usr/remote/data5/repository/STEP/STI/unterlaf/unterlaf.wrl
Set new MeshManager
Faceted entity 1...Done!
Started Modeller
SAT File opened OK
Opened file /usr/remote/data5/repository/STEP/STI/teampart/teampart.wrl
Set new MeshManager
Faceted entity 1...Done!
Started Modeller
SAT File opened OK
Opened file /usr/remote/data5/repository/STEP/STI/team/team.wrl
Set new MeshManager
Faceted entity 1...Done!
Started Modeller
SAT File opened OK
Opened file /usr/remote/data5/repository/STEP/STI/socket/socket.wrl
Set new MeshManager
Faceted entity 1...Done!
Started Modeller
SAT File opened OK
Opened file /usr/remote/data5/repository/STEP/STI/simple_boeing_part/simple_boeing_part.wrl
Set new MeshManager
Faceted entity 1...Done!
Started Modeller
SAT File opened OK
Opened file /usr/remote/data5/repository/STEP/STI/piston/piston.wrl
Set new MeshManager
Faceted entity 1...Done!
Started Modeller
SAT File opened OK
Opened file /usr/remote/data5/repository/STEP/STI/ph4m3-st/ph4m3-st.wrl
Set new MeshManager
Faceted entity 1...Done!
Started Modeller
SAT File opened OK
Opened file /usr/remote/data5/repository/STEP/STI/nasty_cheese/nasty_cheese.wrl
Set new MeshManager
Faceted entity 1...Done!
Started Modeller
SAT File opened OK
Opened file /usr/remote/data5/repository/STEP/STI/moon_buggy_asm/moon_buggy_asm.wrl
Set new MeshManager
Faceted entity 1...Done!
Started Modeller
SAT File opened OK
Opened file /usr/remote/data5/repository/STEP/STI/moon_buggy/moon_buggy.wrl
Set new MeshManager
Faceted entity 1...Done!
Started Modeller
SAT File opened OK
Opened file /usr/remote/data5/repository/STEP/STI/interactingPockets/interactingPockets.wrl
Set new MeshManager
Faceted entity 1...Done!
Started Modeller
SAT File opened OK
Opened file /usr/remote/data5/repository/STEP/STI/gehaeuse/gehaeuse.wrl
Set new MeshManager
Faceted entity 1...Done!
Started Modeller
SAT File opened OK
Opened file /usr/remote/data5/repository/STEP/STI/gear/gear.wrl
Set new MeshManager
Faceted entity 1...Done!
Started Modeller
SAT File opened OK
Opened file /usr/remote/data5/repository/STEP/STI/doghouse/doghouse.wrl
Set new MeshManager
Faceted entity 1...Done!
Started Modeller
SAT File opened OK
Opened file /usr/remote/data5/repository/STEP/STI/daratech/daratech.wrl
Set new MeshManager
Faceted entity 1...Done!
Started Modeller
SAT File opened OK
Opened file /usr/remote/data5/repository/STEP/STI/clevis23/clevis23.wrl
Set new MeshManager
Faceted entity 1...Done!
Started Modeller
SAT File opened OK
Opened file /usr/remote/data5/repository/STEP/STI/clevis22/clevis22.wrl
Set new MeshManager
Faceted entity 1...Done!
Started Modeller
SAT File opened OK
Opened file /usr/remote/data5/repository/STEP/STI/clevis21/clevis21.wrl
Set new MeshManager
Faceted entity 1...Done!
Started Modeller
SAT File opened OK
Opened file /usr/remote/data5/repository/STEP/STI/chair/chair.wrl
Set new MeshManager
Faceted entity 1...Faceted entity 2...Faceted entity 3...Faceted entity 4...Faceted entity 5...Faceted entity 6...Faceted entity 7...Faceted entity 8...Faceted entity 9...Faceted entity 10...Faceted entity 11...Faceted entity 12...Faceted entity 13...Faceted entity 14...Faceted entity 15...Faceted entity 16...Faceted entity 17...Faceted entity 18...Faceted entity 19...Faceted entity 20...Faceted entity 21...Faceted entity 22...Faceted entity 23...Faceted entity 24...Faceted entity 25...Faceted entity 26...Faceted entity 27...Faceted entity 28...Faceted entity 29...Faceted entity 30...Faceted entity 31...Faceted entity 32...Faceted entity 33...Faceted entity 34...Faceted entity 35...Faceted entity 36...Done!
Started Modeller
SAT File opened OK
Opened file /usr/remote/data5/repository/STEP/STI/bracket1-Part/bracket1-Part.wrl
Set new MeshManager
Faceted entity 1...Done!
Started Modeller
SAT File opened OK
Opened file /usr/remote/data5/repository/STEP/STI/boeing_part/boeing_part.wrl
Set new MeshManager
Faceted entity 1...Done!
Started Modeller
SAT File opened OK
Opened file /usr/remote/data5/repository/STEP/STI/as1_pe/as1_pe.wrl
Set new MeshManager
Faceted entity 1...Done!
Started Modeller
SAT File opened OK
Opened file /usr/remote/data5/repository/STEP/STI/4pinplug/4pinplug.wrl
Set new MeshManager
Faceted entity 1...Faceted entity 2...Faceted entity 3...Faceted entity 4...Faceted entity 5...Faceted entity 6...Faceted entity 7...Done!
Started Modeller
SAT File opened OK
Opened file /usr/remote/data5/repository/STEP/STI/2827056/2827056.wrl
Set new MeshManager
Faceted entity 1...Done!
Started Modeller
SAT File opened OK
Opened file /usr/remote/data5/repository/STEP/STI/mycami2/mycami2.wrl
Set new MeshManager
Faceted entity 1...Done!
Started Modeller
SAT File opened OK
Opened file /usr/remote/data5/repository/STEP/STI/monster4/monster4.wrl
Set new MeshManager
Faceted entity 1...Done!
Started Modeller
SAT File opened OK
Opened file /usr/remote/data5/repository/STEP/STI/mohne/mohne.wrl
Set new MeshManager
Faceted entity 1...Done!
Started Modeller
SAT File opened OK
Opened file /usr/remote/data5/repository/STEP/STI/mbb/mbb.wrl
Set new MeshManager
Faceted entity 1...Done!
Started Modeller
SAT File opened OK
Opened file /usr/remote/data5/repository/STEP/STI/lower_carriage/lower_carriage.wrl
Set new MeshManager
Faceted entity 1...Faceted entity 2...Faceted entity 3...WARNING: Any applied transforms lost!
WARNING: Any applied transforms lost!
Faceted entity 4...Faceted entity 5...Faceted entity 6...Faceted entity 7...Faceted entity 8...Faceted entity 9...Faceted entity 10...Faceted entity 11...Faceted entity 12...Faceted entity 13...Faceted entity 14...Faceted entity 15...Faceted entity 16...Faceted entity 17...Faceted entity 18...Faceted entity 19...Faceted entity 20...Faceted entity 21...Faceted entity 22...Faceted entity 23...Faceted entity 24...Faceted entity 25...Faceted entity 26...Faceted entity 27...Faceted entity 28...Faceted entity 29...Faceted entity 30...Faceted entity 31...Faceted entity 32...Faceted entity 33...Faceted entity 34...Faceted entity 35...Faceted entity 36...Faceted entity 37...Faceted entity 38...Faceted entity 39...Faceted entity 40...Faceted entity 41...Faceted entity 42...Faceted entity 43...Faceted entity 44...Faceted entity 45...Faceted entity 46...Faceted entity 47...Faceted entity 48...Faceted entity 49...Faceted entity 50...Faceted entity 51...Faceted entity 52...Faceted entity 53...Faceted entity 54...Faceted entity 55...Faceted entity 56...Faceted entity 57...Faceted entity 58...Faceted entity 59...Done!
Started Modeller
SAT File opened OK
Opened file /usr/remote/data5/repository/STEP/STI/jack_in_the_box/jack_in_the_box.wrl
Set new MeshManager
Faceted entity 1...Faceted entity 2...Faceted entity 3...WARNING: Any applied transforms lost!
WARNING: Any applied transforms lost!
Faceted entity 4...Faceted entity 5...Faceted entity 6...Faceted entity 7...Faceted entity 8...Faceted entity 9...Faceted entity 10...Faceted entity 11...Faceted entity 12...Faceted entity 13...Faceted entity 14...Faceted entity 15...Faceted entity 16...Faceted entity 17...Faceted entity 18...Faceted entity 19...Faceted entity 20...Faceted entity 21...Faceted entity 22...Faceted entity 23...Faceted entity 24...Faceted entity 25...Faceted entity 26...Faceted entity 27...Faceted entity 28...Faceted entity 29...Faceted entity 30...Faceted entity 31...Faceted entity 32...Faceted entity 33...Faceted entity 34...Faceted entity 35...Faceted entity 36...Faceted entity 37...Faceted entity 38...Faceted entity 39...Faceted entity 40...Faceted entity 41...Faceted entity 42...Faceted entity 43...Faceted entity 44...Faceted entity 45...Faceted entity 46...Faceted entity 47...Faceted entity 48...Faceted entity 49...Faceted entity 50...Faceted entity 51...Faceted entity 52...Faceted entity 53...Faceted entity 54...Faceted entity 55...Faceted entity 56...Faceted entity 57...Faceted entity 58...Done!
/usr/remote/data5/repository/tools/Sat2Vrml.high /usr/remote/data5/repository/STEP/STI/1797609in/1797609in.sat /usr/remote/data5/repository/STEP/STI/1797609in/1797609in.wrl
/usr/remote/data5/repository/tools/Sat2Vrml.high /usr/remote/data5/repository/STEP/STI/weldment_asm_solid/weldment_asm_solid.sat /usr/remote/data5/repository/STEP/STI/weldment_asm_solid/weldment_asm_solid.wrl
/usr/remote/data5/repository/tools/Sat2Vrml.high /usr/remote/data5/repository/STEP/STI/vs_training/vs_training.sat /usr/remote/data5/repository/STEP/STI/vs_training/vs_training.wrl
/usr/remote/data5/repository/tools/Sat2Vrml.high /usr/remote/data5/repository/STEP/STI/valve/valve.sat /usr/remote/data5/repository/STEP/STI/valve/valve.wrl
/usr/remote/data5/repository/tools/Sat2Vrml.high /usr/remote/data5/repository/STEP/STI/vaccase_asm_solid/vaccase_asm_solid.sat /usr/remote/data5/repository/STEP/STI/vaccase_asm_solid/vaccase_asm_solid.wrl
/usr/remote/data5/repository/tools/Sat2Vrml.high /usr/remote/data5/repository/STEP/STI/unterlaf/unterlaf.sat /usr/remote/data5/repository/STEP/STI/unterlaf/unterlaf.wrl
/usr/remote/data5/repository/tools/Sat2Vrml.high /usr/remote/data5/repository/STEP/STI/teampart/teampart.sat /usr/remote/data5/repository/STEP/STI/teampart/teampart.wrl
/usr/remote/data5/repository/tools/Sat2Vrml.high /usr/remote/data5/repository/STEP/STI/team/team.sat /usr/remote/data5/repository/STEP/STI/team/team.wrl
/usr/remote/data5/repository/tools/Sat2Vrml.high /usr/remote/data5/repository/STEP/STI/socket/socket.sat /usr/remote/data5/repository/STEP/STI/socket/socket.wrl
/usr/remote/data5/repository/tools/Sat2Vrml.high /usr/remote/data5/repository/STEP/STI/simple_boeing_part/simple_boeing_part.sat /usr/remote/data5/repository/STEP/STI/simple_boeing_part/simple_boeing_part.wrl
/usr/remote/data5/repository/tools/Sat2Vrml.high /usr/remote/data5/repository/STEP/STI/piston/piston.sat /usr/remote/data5/repository/STEP/STI/piston/piston.wrl
/usr/remote/data5/repository/tools/Sat2Vrml.high /usr/remote/data5/repository/STEP/STI/ph4m3-st/ph4m3-st.sat /usr/remote/data5/repository/STEP/STI/ph4m3-st/ph4m3-st.wrl
/usr/remote/data5/repository/tools/Sat2Vrml.high /usr/remote/data5/repository/STEP/STI/nasty_cheese/nasty_cheese.sat /usr/remote/data5/repository/STEP/STI/nasty_cheese/nasty_cheese.wrl
/usr/remote/data5/repository/tools/Sat2Vrml.high /usr/remote/data5/repository/STEP/STI/moon_buggy_asm/moon_buggy_asm.sat /usr/remote/data5/repository/STEP/STI/moon_buggy_asm/moon_buggy_asm.wrl
/usr/remote/data5/repository/tools/Sat2Vrml.high /usr/remote/data5/repository/STEP/STI/moon_buggy/moon_buggy.sat /usr/remote/data5/repository/STEP/STI/moon_buggy/moon_buggy.wrl
/usr/remote/data5/repository/tools/Sat2Vrml.high /usr/remote/data5/repository/STEP/STI/interactingPockets/interactingPockets.sat /usr/remote/data5/repository/STEP/STI/interactingPockets/interactingPockets.wrl
/usr/remote/data5/repository/tools/Sat2Vrml.high /usr/remote/data5/repository/STEP/STI/gehaeuse/gehaeuse.sat /usr/remote/data5/repository/STEP/STI/gehaeuse/gehaeuse.wrl
/usr/remote/data5/repository/tools/Sat2Vrml.high /usr/remote/data5/repository/STEP/STI/gear/gear.sat /usr/remote/data5/repository/STEP/STI/gear/gear.wrl
/usr/remote/data5/repository/tools/Sat2Vrml.high /usr/remote/data5/repository/STEP/STI/doghouse/doghouse.sat /usr/remote/data5/repository/STEP/STI/doghouse/doghouse.wrl
/usr/remote/data5/repository/tools/Sat2Vrml.high /usr/remote/data5/repository/STEP/STI/daratech/daratech.sat /usr/remote/data5/repository/STEP/STI/daratech/daratech.wrl
/usr/remote/data5/repository/tools/Sat2Vrml.high /usr/remote/data5/repository/STEP/STI/clevis23/clevis23.sat /usr/remote/data5/repository/STEP/STI/clevis23/clevis23.wrl
/usr/remote/data5/repository/tools/Sat2Vrml.high /usr/remote/data5/repository/STEP/STI/clevis22/clevis22.sat /usr/remote/data5/repository/STEP/STI/clevis22/clevis22.wrl
/usr/remote/data5/repository/tools/Sat2Vrml.high /usr/remote/data5/repository/STEP/STI/clevis21/clevis21.sat /usr/remote/data5/repository/STEP/STI/clevis21/clevis21.wrl
/usr/remote/data5/repository/tools/Sat2Vrml.high /usr/remote/data5/repository/STEP/STI/chair/chair.sat /usr/remote/data5/repository/STEP/STI/chair/chair.wrl
/usr/remote/data5/repository/tools/Sat2Vrml.high /usr/remote/data5/repository/STEP/STI/bracket1-Part/bracket1-Part.sat /usr/remote/data5/repository/STEP/STI/bracket1-Part/bracket1-Part.wrl
/usr/remote/data5/repository/tools/Sat2Vrml.high /usr/remote/data5/repository/STEP/STI/boeing_part/boeing_part.sat /usr/remote/data5/repository/STEP/STI/boeing_part/boeing_part.wrl
/usr/remote/data5/repository/tools/Sat2Vrml.high /usr/remote/data5/repository/STEP/STI/as1_pe/as1_pe.sat /usr/remote/data5/repository/STEP/STI/as1_pe/as1_pe.wrl
/usr/remote/data5/repository/tools/Sat2Vrml.high /usr/remote/data5/repository/STEP/STI/4pinplug/4pinplug.sat /usr/remote/data5/repository/STEP/STI/4pinplug/4pinplug.wrl
/usr/remote/data5/repository/tools/Sat2Vrml.high /usr/remote/data5/repository/STEP/STI/2827056/2827056.sat /usr/remote/data5/repository/STEP/STI/2827056/2827056.wrl
/usr/remote/data5/repository/tools/Sat2Vrml.high /usr/remote/data5/repository/STEP/STI/mycami2/mycami2.sat /usr/remote/data5/repository/STEP/STI/mycami2/mycami2.wrl
/usr/remote/data5/repository/tools/Sat2Vrml.high /usr/remote/data5/repository/STEP/STI/monster4/monster4.sat /usr/remote/data5/repository/STEP/STI/monster4/monster4.wrl
/usr/remote/data5/repository/tools/Sat2Vrml.high /usr/remote/data5/repository/STEP/STI/mohne/mohne.sat /usr/remote/data5/repository/STEP/STI/mohne/mohne.wrl
/usr/remote/data5/repository/tools/Sat2Vrml.high /usr/remote/data5/repository/STEP/STI/mbb/mbb.sat /usr/remote/data5/repository/STEP/STI/mbb/mbb.wrl
/usr/remote/data5/repository/tools/Sat2Vrml.high /usr/remote/data5/repository/STEP/STI/lower_carriage/lower_carriage.sat /usr/remote/data5/repository/STEP/STI/lower_carriage/lower_carriage.wrl
/usr/remote/data5/repository/tools/Sat2Vrml.high /usr/remote/data5/repository/STEP/STI/jack_in_the_box/jack_in_the_box.sat /usr/remote/data5/repository/STEP/STI/jack_in_the_box/jack_in_the_box.wrl
