#UGC:2 PART 889 360 0 1 1 15 1600 9620 \
#- VERS 0 0                                                          \
#- HOST                                                              \
#- LINK                                                              \
#- DBID                                                              \
#- REVS 0,                                                           \
#- RELL 0,                                                           \
#- UOBJ_ID 837191537 374987970 1916021781                            \
#-END_OF_UGC_HEADER
#P_OBJECT 6
@P_object 1 0
0 1 ->
@depend 2 0
1 2 [2]
2 2 
@model_name 3 10
3 3 NEW_WELDMENT
@model_type 4 1
3 4 1
@revnum 5 1
3 5 703
@bom_count 6 1
3 6 1
@dep_type 7 1
3 7 8
@stamp 8 0
3 8 
@major_vers 9 0
4 9 
@vers 10 1
5 10 0
@alias_name 11 10
5 11 
@minor_vers 12 0
4 12 
@vers 13 1
5 13 0
@reason 14 10
3 14 
2 2 
3 3 LINKAGE_ARM_43
3 4 2
3 5 -1
3 6 1
3 7 128
3 8 
4 9 
5 10 0
5 11 
4 12 
5 13 0
3 14 
@dep_db 15 0
1 15 ->
@dep_db 16 0
2 16 [1]
3 16 ->
@to_model_id 17 1
4 17 0
@dep_type 18 1
4 18 4
@obj_id 19 1
4 19 0
@obj_type 20 1
4 20 242
@model_db 21 0
2 21 [1]
3 21 ->
@model_t_type 22 1
4 22 1
@model_name 23 10
4 23 WELDMENT
@generic_name 24 10
4 24 
@stamp 25 0
4 25 
@usr_rev 26 0
1 26 [2]
2 26 
@name 27 10
3 27 OSTI
@mod_time 28 0
3 28 
@tm_sec 29 1
4 29 51
@tm_min 30 1
4 30 31
@tm_hour 31 1
4 31 9
@tm_mday 32 1
4 32 6
@tm_mon 33 1
4 33 8
@tm_year 34 1
4 34 94
@action 35 1
3 35 1000
@comment 36 10
3 36 Hostname: 'magma'
@rel_level 37 10
3 37 
@rev_string 38 10
3 38 
2 26 
3 27 DMGAINES
3 28 
4 29 21
4 30 12
4 31 17
4 32 12
4 33 6
4 34 96
3 35 1000
3 36 Hostname: 'intrepid'
3 37 
3 38 
@revnum_std 39 1
1 39 203
@flag 40 1
1 40 0
@name 41 10
1 41 NULL
@inst_hidden 42 1
1 42 0
@old_name 43 10
1 43 NULL
@appl_data 44 0
1 44 ->
@bounding_box 45 2
2 45 [2][3]
$C019300C0252172E,BFE980601290B971,C02095F9B76EAD62
$4008601804A42E5C,3FE980601290B971,C01ECBDB6A392C68
@uobj_id 46 0
1 46 NULL
#END_OF_P_OBJECT
#Pro/ENGINEER  TM  Release 16.0  (c) 1988-95 by Parametric Technology Corporation  All Rights Reserved. 9620
@Solid 47 0
0 47 ->
@tab_key 48 1
1 48 0
@tab_key_struct 49 0
1 49 ->
@tab_key_ptr 50 0
2 50 [183]
@cmprs_tabkey 51 0
2 51 NULL
@type 52 1
1 52 2
@revnum_ptr 53 0
1 53 ->
@geom_revnum 54 1
2 54 200
@cosm_revnum 55 1
2 55 0
@first_member_ptr 56 0
1 56 NULL
@alumni_members 57 0
1 57 NULL
@frst_geom_ptr 58 1
1 58 6
@first_feat_ptr 59 0
1 59 ->
@id 60 1
2 60 1
@indep_attributes 61 1
2 61 1
@feat_type_ptr 62 0
2 62 ->
@table_id 63 1
3 63 24
@type 64 1
3 64 935
@feattype_key 65 10
3 65 NULL
@form 66 1
3 66 0
@attributes 67 1
3 67 [3]
$3*0
@placement 68 1
3 68 0
@intersection 69 1
3 69 991
@internal_udf_type 70 1
3 70 -1
@param_choice_ptr 71 0
3 71 ->
@blend_choice 72 1
4 72 0
@depth_choice 73 1
4 73 0
@angle_choice 74 1
4 74 -1
@pat_choice 75 1
4 75 970
@round_choice 76 1
4 76 -1
@subsec_choice 77 1
4 77 -1
@sweep_choice 78 1
4 78 0
@dome_choice 79 1
4 79 0
@draft_choice 80 1
4 80 0
@misc_choice 81 1
4 81 0
@assoc_type 82 1
3 82 0
@symbol_key 83 1
2 83 -1
@sect_name 84 10
2 84 no_name
@model_type 85 1
2 85 2
@entity(coord_sys) 86 0
2 86 ->
@type 87 1
3 87 18
@id 88 1
3 88 5
@gen_info 89 0
3 89 
@color 90 1
4 90 1
@sys_type 91 1
3 91 -1
@pnt_type 92 1
3 92 -1
@radius 93 2
3 93 0
@local_sys 94 2
3 94 [4][3]
$3FF,2*0
$0,3FF,0
$2*0,3FF
$2*0,C01EFBE76C8B4396
@feat_id 95 1
3 95 1
@entity(text) 96 0
2 96 ->
@text_type 97 1
3 97 34
@text_value 98 10
3 98 CS0
@txt_attrib 99 1
3 99 1
@coord 100 2
3 100 [3]
$4081E869CD7C9F28,408290804A121853,C055C35884A1279C
@owner_id 101 1
3 101 5
@part_id 102 1
3 102 29
@height 103 2
3 103 BFF
@width_factor 104 2
3 104 BFF
@format_info 105 0
3 105 
@thickness 106 2
3 106 BFF
@entity(line3d) 107 0
2 107 ->
@type 108 1
3 108 11
@id 109 1
3 109 116
@gen_info 110 0
3 110 
@geom_id 111 1
3 111 9
@end1 112 2
3 112 [3]
$C011,0,C0207DF3B645A1CB
@end2 113 2
3 113 [3]
$C012C,0,C0207DF3B645A1CB
2 107 ->
3 108 13
3 109 117
3 110 
4 90 1
3 111 9
3 112 [3]
$C011,0,C0207DF3B645A1CB
3 113 [3]
$C011,0,C01EFBE76C8B4396
2 96 ->
3 97 19
3 98 A_1
3 99 1
3 100 [3]
$407ABC2BBCC619DE,408007F55F2C8D37,C0620A53BF4BE046
3 101 -1
3 102 29
3 103 BFF
3 104 BFF
3 105 
3 106 BFF
2 107 ->
3 108 11
3 109 118
3 110 
3 111 11
3 112 [3]
$2*0,C0207DF3B645A1CB
3 113 [3]
$BFCBF7CED916872B,0,C0207DF3B645A1CB
2 107 ->
3 108 13
3 109 119
3 110 
4 90 1
3 111 11
3 112 [3]
$2*0,C0207DF3B645A1CB
3 113 [3]
$2*0,C01EFBE76C8B4396
2 96 ->
3 97 19
3 98 A_2
3 99 1
3 100 [3]
$40819B7567F46991,40829003D4B8F1E6,C05A1FE52BEA8A
3 101 -1
3 102 29
3 103 BFF
3 104 BFF
3 105 
3 106 BFF
2 107 ->
3 108 11
3 109 120
3 110 
3 111 13
3 112 [3]
$3FF68F5C28F5C29,0,C0207DF3B645A1CB
3 113 [3]
$3FF58F5C28F5C29,0,C0207DF3B645A1CB
2 107 ->
3 108 13
3 109 121
3 110 
4 90 1
3 111 13
3 112 [3]
$3FF68F5C28F5C29,0,C0207DF3B645A1CB
3 113 [3]
$3FF68F5C28F5C29,0,C01EFBE76C8B4396
2 96 ->
3 97 19
3 98 A_3
3 99 1
3 100 [3]
$4083038C1113C5BE,4083670469595DFE,C056D24E90C9C5
3 101 -1
3 102 29
3 103 BFF
3 104 BFF
3 105 
3 106 BFF
2 107 ->
3 108 11
3 109 122
3 110 
3 111 15
3 112 [3]
$4002,0,C0207DF3B645A1CB
3 113 [3]
$40018,0,C0207DF3B645A1CB
2 107 ->
3 108 13
3 109 123
3 110 
4 90 1
3 111 15
3 112 [3]
$4002,0,C0207DF3B645A1CB
3 113 [3]
$4002,0,C01EFBE76C8B4396
2 96 ->
3 97 19
3 98 A_4
3 99 1
3 100 [3]
$4083DA11657D9A9C,4083E71A8B6CAEBR,C054DA8D5A7FC778
3 101 -1
3 102 29
3 103 BFF
3 104 BFF
3 105 
3 106 BFF
2 107 ->
3 108 11
3 109 124
3 110 
3 111 17
3 112 [3]
$400547AE147AE148,0,C01FFBE76C8B4396
3 113 [3]
$40044083126E978E,0,C01FFBE76C8B4396
2 107 ->
3 108 13
3 109 125
3 110 
4 90 1
3 111 17
3 112 [3]
$400547AE147AE148,0,C01FFBE76C8B4396
3 113 [3]
$400547AE147AE148,0,C01EFBE76C8B4396
2 96 ->
3 97 19
3 98 A_5
3 99 1
3 100 [3]
$408441407B5CFBC8,408405DD7B4D5A1D,C051B665AC5B8B4E
3 101 -1
3 102 29
3 103 BFF
3 104 BFF
3 105 
3 106 BFF
2 107 ->
3 108 11
3 109 126
3 110 
3 111 19
3 112 [3]
$3FF68F5C28F5C29,3FD9FBE76C8B4396,C01FFBE76C8B4396
3 113 [3]
$3FF4810624DD2F1B,3FD9FBE76C8B4396,C01FFBE76C8B4396
2 107 ->
3 108 13
3 109 127
3 110 
4 90 1
3 111 19
3 112 [3]
$3FF68F5C28F5C29,3FD9FBE76C8B4396,C01FFBE76C8B4396
3 113 [3]
$3FF68F5C28F5C29,3FD9FBE76C8B4396,C01EFBE76C8B4396
2 96 ->
3 97 19
3 98 A_6
3 99 1
3 100 [3]
$4082BD156799D52A,4083A637FC78CE3,C053565CE3A9B2C8
3 101 -1
3 102 29
3 103 BFF
3 104 BFF
3 105 
3 106 BFF
2 107 ->
3 108 11
3 109 128
3 110 
3 111 21
3 112 [3]
$3FF68F5C28F5C29,BFD9FBE76C8B4396,C01FFBE76C8B4396
3 113 [3]
$3FF4810624DD2F1B,BFD9FBE76C8B4396,C01FFBE76C8B4396
2 107 ->
3 108 13
3 109 129
3 110 
4 90 1
3 111 21
3 112 [3]
$3FF68F5C28F5C29,BFD9FBE76C8B4396,C01FFBE76C8B4396
3 113 [3]
$3FF68F5C28F5C29,BFD9FBE76C8B4396,C01EFBE76C8B4396
2 96 ->
3 97 19
3 98 A_7
3 99 1
3 100 [3]
$408346F72015EBE8,4082E84D4B93143A,C055F1B396A074DC
3 101 -1
3 102 29
3 103 BFF
3 104 BFF
3 105 
3 106 BFF
2 107 ->
3 108 11
3 109 130
3 110 
3 111 23
3 112 [3]
$C018,3FE1FBE76C8B4396,C0207DF3B645A1CB
3 113 [3]
$C0188,3FE1FBE76C8B4396,C0207DF3B645A1CB
2 107 ->
3 108 13
3 109 131
3 110 
4 90 1
3 111 23
3 112 [3]
$C018,3FE1FBE76C8B4396,C0207DF3B645A1CB
3 113 [3]
$C018,3FE1FBE76C8B4396,C01EFBE76C8B4396
2 96 ->
3 97 19
3 98 A_8
3 99 1
3 100 [3]
$40767F792375F73E,407F011CF40D72F3,C06330220DEF610C
3 101 -1
3 102 29
3 103 BFF
3 104 BFF
3 105 
3 106 BFF
2 107 ->
3 108 11
3 109 132
3 110 
3 111 25
3 112 [3]
$C0148,3FE1FBE76C8B4396,C0207DF3B645A1CB
3 113 [3]
$C015,3FE1FBE76C8B4396,C0207DF3B645A1CB
2 107 ->
3 108 13
3 109 133
3 110 
4 90 1
3 111 25
3 112 [3]
$C0148,3FE1FBE76C8B4396,C0207DF3B645A1CB
3 113 [3]
$C0148,3FE1FBE76C8B4396,C01EFBE76C8B4396
2 96 ->
3 97 19
3 98 A_9
3 99 1
3 100 [3]
$40783E643DFD1D62,408005FADD8582E9,C06229C2C1A8D7AC
3 101 -1
3 102 29
3 103 BFF
3 104 BFF
3 105 
3 106 BFF
2 107 ->
3 108 11
3 109 134
3 110 
3 111 27
3 112 [3]
$C0148,BFE1FBE76C8B4396,C0207DF3B645A1CB
3 113 [3]
$C015,BFE1FBE76C8B4396,C0207DF3B645A1CB
2 107 ->
3 108 13
3 109 135
3 110 
4 90 1
3 111 27
3 112 [3]
$C0148,BFE1FBE76C8B4396,C0207DF3B645A1CB
3 113 [3]
$C0148,BFE1FBE76C8B4396,C01EFBE76C8B4396
2 96 ->
3 97 19
3 98 A_10
3 99 1
3 100 [3]
$4079BC1D0680CA1,407DFE2E33AC094C,C063F7A3557BFBA2
3 101 -1
3 102 29
3 103 BFF
3 104 BFF
3 105 
3 106 BFF
2 107 ->
3 108 11
3 109 136
3 110 
3 111 29
3 112 [3]
$C018,BFE1FBE76C8B4396,C0207DF3B645A1CB
3 113 [3]
$C0188,BFE1FBE76C8B4396,C0207DF3B645A1CB
2 107 ->
3 108 13
3 109 137
3 110 
4 90 1
3 111 29
3 112 [3]
$C018,BFE1FBE76C8B4396,C0207DF3B645A1CB
3 113 [3]
$C018,BFE1FBE76C8B4396,C01EFBE76C8B4396
2 96 ->
3 97 19
3 98 A_11
3 99 1
3 100 [3]
$4077FD31EBF9A3EA,407CF3556CAE766E,C064FE02A1C28504
3 101 -1
3 102 29
3 103 BFF
3 104 BFF
3 105 
3 106 BFF
2 107 ->
3 108 11
3 109 151
3 110 
3 111 139
3 112 [3]
$400547AE147AE148,0,C01FFBE76C8B4396
3 113 [3]
$4006E7AE147AE148,0,C01FFBE76C8B4396
2 107 ->
3 108 13
3 109 152
3 110 
4 90 1
3 111 139
3 112 [3]
$400547AE147AE148,0,C01FFBE76C8B4396
3 113 [3]
$400547AE147AE148,0,C0207DF3B645A1CB
2 96 ->
3 97 19
3 98 A_12
3 99 1
3 100 [3]
$408441407B5CFBC8,408405DD7B4D5A1D,C051B665AC5B8B4E
3 101 -1
3 102 29
3 103 BFF
3 104 BFF
3 105 
3 106 BFF
2 107 ->
3 108 11
3 109 166
3 110 
3 111 154
3 112 [3]
$3FF68F5C28F5C28F,BFD9FBE76C8B4396,C01FFBE76C8B4396
3 113 [3]
$3FF9CF5C28F5C28F,BFD9FBE76C8B4396,C01FFBE76C8B4396
2 107 ->
3 108 13
3 109 167
3 110 
4 90 1
3 111 154
3 112 [3]
$3FF68F5C28F5C28F,BFD9FBE76C8B4396,C01FFBE76C8B4396
3 113 [3]
$3FF68F5C28F5C28F,BFD9FBE76C8B4396,C0207DF3B645A1CB
2 96 ->
3 97 19
3 98 A_13
3 99 1
3 100 [3]
$408346F72015EBE8,4082E84D4B93143A,C055F1B396A074DC
3 101 -1
3 102 29
3 103 BFF
3 104 BFF
3 105 
3 106 BFF
2 107 ->
3 108 11
3 109 181
3 110 
3 111 169
3 112 [3]
$3FF68F5C28F5C28F,3FD9FBE76C8B4396,C01FFBE76C8B4396
3 113 [3]
$3FF9CF5C28F5C28F,3FD9FBE76C8B4396,C01FFBE76C8B4396
2 107 ->
3 108 13
3 109 182
3 110 
4 90 1
3 111 169
3 112 [3]
$3FF68F5C28F5C28F,3FD9FBE76C8B4396,C01FFBE76C8B4396
3 113 [3]
$3FF68F5C28F5C28F,3FD9FBE76C8B4396,C0207DF3B645A1CB
2 96 ->
3 97 19
3 98 A_14
3 99 1
3 100 [3]
$4082BD156799D52A,4083A637FC78CE3,C053565CE3A9B2C8
3 101 -1
3 102 29
3 103 BFF
3 104 BFF
3 105 
3 106 BFF
@entity(cosmetic) 114 0
2 114 ->
@type 115 1
3 115 50
@id 116 1
3 116 -1
@gen_info 117 0
3 117 
@owner_type 118 1
3 118 1
@owner_id 119 1
3 119 2
@text_ptr 120 0
3 120 ->
@text_type 121 1
4 121 14
@text_value 122 10
4 122 DTM1
@txt_attrib 123 1
4 123 16777217
@owner_id 124 1
4 124 1
@part_id 125 1
4 125 14
@height 126 2
4 126 BFF
@width_factor 127 2
4 127 BFF
@format_info 128 0
4 128 
@thickness 129 2
4 129 BFF
@cosm_disp_ents 130 0
3 130 ->
@first_disp_ent(line) 131 0
4 131 ->
@id 132 1
5 132 -1
@gen_info 133 0
5 133 
@flip 134 1
5 134 2
@end1 135 2
5 135 [3]
$BFE980601290B971,BFA80601290B971R,0
@end2 136 2
5 136 [3]
$BFE980601290B971,3FE180601290B971,0
@entity(line) 137 0
4 137 ->
5 132 -1
5 133 
5 134 2
5 135 [3]
$BFE980601290B971,3FE180601290B971,0
5 136 [3]
$3FE980601290B971,3FE180601290B971,0
4 137 ->
5 132 -1
5 133 
5 134 2
5 135 [3]
$3FE980601290B971,3FE180601290B971,0
5 136 [3]
$3FE980601290B971,BFA80601290B971R,0
4 137 ->
5 132 -1
5 133 
5 134 2
5 135 [3]
$3FE980601290B971,BFA80601290B971R,0
5 136 [3]
$BFE980601290B971,BFA80601290B971R,0
@plane_ptr 138 0
3 138 NULL
@attr 139 1
3 139 0
@next_ent(cosmetic) 140 0
2 140 ->
3 115 50
3 116 -1
3 117 
3 118 1
3 119 3
3 120 ->
4 121 14
4 122 DTM2
4 123 16777217
4 124 3
4 125 14
4 126 BFF
4 127 BFF
4 128 
4 129 BFF
3 130 ->
4 131 ->
5 132 -1
5 133 
5 134 4
5 135 [3]
$BFA80601290B971R,C019300C0252172E,0
5 136 [3]
$BFA80601290B971R,4008601804A42E5C,0
4 137 ->
5 132 -1
5 133 
5 134 4
5 135 [3]
$BFA80601290B971R,4008601804A42E5C,0
5 136 [3]
$3FE180601290B971,4008601804A42E5C,0
4 137 ->
5 132 -1
5 133 
5 134 4
5 135 [3]
$3FE180601290B971,4008601804A42E5C,0
5 136 [3]
$3FE180601290B971,C019300C0252172E,0
4 137 ->
5 132 -1
5 133 
5 134 4
5 135 [3]
$3FE180601290B971,C019300C0252172E,0
5 136 [3]
$BFA80601290B971R,C019300C0252172E,0
3 138 NULL
3 139 0
2 140 ->
3 115 50
3 116 -1
3 117 
3 118 1
3 119 4
3 120 ->
4 121 14
4 122 DTM3
4 123 16777217
4 124 5
4 125 14
4 126 BFF
4 127 BFF
4 128 
4 129 BFF
3 130 ->
4 131 ->
5 132 -1
5 133 
5 134 6
5 135 [3]
$C019300C0252172E,BFE980601290B971,0
5 136 [3]
$C019300C0252172E,3FE980601290B971,0
4 137 ->
5 132 -1
5 133 
5 134 6
5 135 [3]
$C019300C0252172E,3FE980601290B971,0
5 136 [3]
$4008601804A42E5C,3FE980601290B971,0
4 137 ->
5 132 -1
5 133 
5 134 6
5 135 [3]
$4008601804A42E5C,3FE980601290B971,0
5 136 [3]
$4008601804A42E5C,BFE980601290B971,0
4 137 ->
5 132 -1
5 133 
5 134 6
5 135 [3]
$4008601804A42E5C,BFE980601290B971,0
5 136 [3]
$C019300C0252172E,BFE980601290B971,0
3 138 NULL
3 139 0
@idtab_ptr 141 0
2 141 ->
@srf_id_arr 142 1
3 142 [44][4]
$2,218,2,0
$3,218,4,0
$4,218,6,0
$6,218,12,0
$7,218,43,0
$8,218,74,0
$9,218,76,0
$10,218,78,0
$11,218,80,0
$12,218,82,0
$13,218,84,0
$14,218,86,0
$15,218,88,0
$16,218,90,0
$17,218,92,0
$18,218,94,0
$19,218,96,0
$20,218,98,0
$21,218,100,0
$22,218,102,0
$23,218,104,0
$24,218,106,0
$25,218,108,0
$26,218,110,0
$27,218,112,0
$28,218,114,0
$29,218,116,0
$30,218,118,0
$31,218,120,0
$32,218,122,0
$33,218,124,0
$34,218,126,0
$35,218,128,0
$36,218,130,0
$37,218,132,0
$138,218,165,0
$139,218,168,0
$140,218,170,0
$153,218,189,0
$154,218,192,0
$155,218,194,0
$168,218,213,0
$169,218,216,0
$170,2*218,0
@edg_id_arr 143 1
3 143 [108][6]
$38,240,13,2*0,8
$39,240,14,2*0,9
$40,240,15,2*0,10
$41,240,16,2*0,11
$42,240,17,2*0,12
$43,240,18,2*0,13
$44,240,19,2*0,14
$45,240,20,2*0,15
$46,240,21,2*0,16
$47,240,22,2*0,17
$48,240,23,2*0,18
$49,240,24,2*0,19
$50,240,25,2*0,20
$51,240,26,2*0,21
$52,240,27,2*0,22
$53,240,28,2*0,23
$54,240,29,2*0,24
$55,240,30,2*0,25
$56,240,31,2*0,26
$57,240,32,2*0,27
$58,240,33,2*0,28
$59,240,34,2*0,29
$60,240,35,2*0,30
$61,240,36,2*0,31
$62,240,37,2*0,32
$63,240,38,2*0,33
$64,240,39,2*0,34
$65,240,40,2*0,35
$66,240,41,2*0,36
$67,240,42,2*0,37
$68,240,44,2*0,7
$69,240,45,2*0,7
$70,240,46,2*0,7
$71,240,47,2*0,7
$72,240,48,2*0,7
$73,240,49,2*0,7
$74,240,50,2*0,7
$75,240,51,2*0,7
$76,240,58,2*0,7
$77,240,59,2*0,7
$78,240,60,2*0,7
$79,240,61,2*0,7
$80,240,62,2*0,7
$81,240,63,2*0,7
$82,240,64,2*0,7
$83,240,65,2*0,7
$84,240,66,2*0,7
$85,240,67,2*0,7
$86,240,68,2*0,7
$87,240,69,2*0,7
$88,240,70,2*0,7
$89,240,71,2*0,7
$90,240,72,2*0,7
$91,240,73,2*0,7
$92,240,75,2*0,9
$93,240,77,2*0,8
$94,240,79,2*0,11
$95,240,81,2*0,10
$96,240,83,2*0,13
$97,240,85,2*0,12
$98,240,87,2*0,15
$99,240,89,2*0,14
$100,240,103,2*0,23
$101,240,105,2*0,22
$102,240,107,2*0,25
$103,240,109,2*0,24
$104,240,111,2*0,27
$105,240,113,2*0,26
$106,240,115,2*0,29
$107,240,117,2*0,28
$108,240,119,2*0,33
$109,240,121,2*0,30
$110,240,123,2*0,31
$111,240,125,2*0,32
$112,240,127,2*0,37
$113,240,129,2*0,34
$114,240,131,2*0,35
$115,240,133,2*0,36
$141,240,166,2*0,139
$142,240,167,2*0,140
$143,240,174,2*0,7
$144,240,175,2*0,7
$145,240,176,2*0,16
$146,240,177,2*0,17
$147,240,178,2*0,17
$148,240,179,2*0,16
$149,240,180,2*0,139
$150,240,181,2*0,140
$156,240,190,2*0,154
$157,240,191,2*0,155
$158,240,198,2*0,7
$159,240,199,2*0,7
$160,240,200,2*0,20
$161,240,201,2*0,21
$162,240,202,2*0,21
$163,240,203,2*0,20
$164,240,204,2*0,154
$165,240,205,2*0,155
$171,240,214,2*0,169
$172,240,215,2*0,170
$173,240,222,2*0,7
$174,240,223,2*0,7
$175,240,224,2*0,18
$176,240,225,2*0,19
$177,240,226,2*0,19
$178,240,227,2*0,18
$179,240,228,2*0,169
$180,240,229,2*0,170
@misc_id_tab 144 0
3 144 [29]
4 144 
@misc_hist 145 1
5 145 [5]
$5,534,8,-1,500
4 144 
5 145 [5]
$116,530,9,-1,500
4 144 
5 145 [5]
$117,531,9,-1,500
4 144 
5 145 [5]
$118,530,11,-1,500
4 144 
5 145 [5]
$119,531,11,-1,500
4 144 
5 145 [5]
$120,530,13,-1,500
4 144 
5 145 [5]
$121,531,13,-1,500
4 144 
5 145 [5]
$122,530,15,-1,500
4 144 
5 145 [5]
$123,531,15,-1,500
4 144 
5 145 [5]
$124,530,17,-1,500
4 144 
5 145 [5]
$125,531,17,-1,500
4 144 
5 145 [5]
$126,530,19,-1,500
4 144 
5 145 [5]
$127,531,19,-1,500
4 144 
5 145 [5]
$128,530,21,-1,500
4 144 
5 145 [5]
$129,531,21,-1,500
4 144 
5 145 [5]
$130,530,23,-1,500
4 144 
5 145 [5]
$131,531,23,-1,500
4 144 
5 145 [5]
$132,530,25,-1,500
4 144 
5 145 [5]
$133,531,25,-1,500
4 144 
5 145 [5]
$134,530,27,-1,500
4 144 
5 145 [5]
$135,531,27,-1,500
4 144 
5 145 [5]
$136,530,29,-1,500
4 144 
5 145 [5]
$137,531,29,-1,500
4 144 
5 145 [5]
$151,530,139,-1,500
4 144 
5 145 [5]
$152,531,139,-1,500
4 144 
5 145 [5]
$166,530,154,-1,500
4 144 
5 145 [5]
$167,531,154,-1,500
4 144 
5 145 [5]
$181,530,169,-1,500
4 144 
5 145 [5]
$182,531,169,-1,500
@save_geoms 146 0
3 146 NULL
@cr_flags_xar 147 1
3 147 [23]
$2*-1,-1025,-2049,2*-1,-16777217,-1,134217727,5*0,2097152,0,2,3*0,1048576,
$2*0
@cvt_feat_dat 148 0
3 148 NULL
@feat_dates_ptr 149 0
3 149 ->
@creat_date 150 1
4 150 0
@regen_date 151 1
4 151 0
@geometry 152 0
2 152 
@srf_array 153 0
3 153 [44]
4 153 ->
@geom_type 154 1
5 154 34
@geom_id 155 1
5 155 2
@feat_id 156 1
5 156 1
@boundary_type 157 1
5 157 -1
@envlp 158 2
5 158 [2][2]
$BFE980601290B971,BFA80601290B971R
$3FE980601290B971,3FE180601290B971
@srf_prim_ptr(plane) 159 0
5 159 ->
@local_sys 160 2
6 160 [4][3]
$2*0,BFF
$3FF,2*0
$0,BFF,0
$2*0,C01EFBE76C8B4396
@frst_cntr_ptr 161 0
5 161 NULL
@next_geom_ptr 162 1
5 162 0
@orient 163 1
5 163 -1
@outline 164 2
5 164 [2][3]
$0,BFE980601290B971,C02095F9B76EAD62
$0,3FE980601290B971,C01ECBDB6A392C68
4 153 ->
5 154 34
5 155 3
5 156 1
5 157 -1
5 158 [2][2]
$BFA80601290B971R,C019300C0252172E
$3FE180601290B971,4008601804A42E5C
5 159 ->
6 160 [4][3]
$0,3FF,0
$2*0,BFF
$BFF,2*0
$2*0,C01EFBE76C8B4396
5 161 NULL
5 162 0
5 163 -1
5 164 [2][3]
$C019300C0252172E,0,C02095F9B76EAD62
$4008601804A42E5C,0,C01ECBDB6A392C68
4 153 ->
5 154 34
5 155 4
5 156 1
5 157 -1
5 158 [2][2]
$C019300C0252172E,BFE980601290B971
$4008601804A42E5C,3FE980601290B971
5 159 ->
6 160 [4][3]
$3FF,2*0
$0,3FF,0
$2*0,3FF
$2*0,C01EFBE76C8B4396
5 161 NULL
5 162 0
5 163 -1
5 164 [2][3]
$C019300C0252172E,BFE980601290B971,C01EFBE76C8B4396
$4008601804A42E5C,3FE980601290B971,C01EFBE76C8B4396
4 153 ->
5 154 34
5 155 6
5 156 1
5 157 0
5 158 [2][2]
$C019,BFE8
$4008,3FE8
5 159 ->
6 160 [4][3]
$3FF,2*0
$0,3FF,0
$2*0,3FF
$2*0,C01EFBE76C8B4396
5 161 ->
@frst_cntr_crv_hdr_ptr 165 1
6 165 38
@trv 166 1
6 166 -1
@envlp 167 2
6 167 [2][2]
$C012C,BFDC1471DBF829D2
$C00E8,3FDC1471DBF829D2
@next_cntr_ptr 168 0
5 168 ->
6 165 40
6 166 -1
6 167 [2][2]
$BFCBF7CED916872B,BFCC153BE67E3DBF
$3FCBF7CED916872B,3FCC153BE67E3DBE
5 168 ->
6 165 42
6 166 -1
6 167 [2][2]
$3FF58F5C28F5C29,BFB019D4680000CF
$3FF78F5C28F5C29,3FB019D4680000CF
5 168 ->
6 165 44
6 166 -1
6 167 [2][2]
$40018,BFB019D4680000CF
$40028,3FB019D4680000CF
5 168 ->
6 165 46
6 166 -1
6 167 [2][2]
$40044083126E978E,BFC072B020C49BA6
$40064ED916872B02,3FC072B020C49BA6
5 168 ->
6 165 48
6 166 -1
6 167 [2][2]
$3FF4810624DD2F1B,3FD1C28F5C28F5C3
$3FF89DB22D0E5605,3FE11A9FBE76C8B4
5 168 ->
6 165 50
6 166 -1
6 167 [2][2]
$3FF4810624DD2F1B,BFE11A9FBE76C8B4
$3FF89DB22D0E5605,BFD1C28F5C28F5C3
5 168 ->
6 165 52
6 166 -1
6 167 [2][2]
$C0188,3FDBF7CED916872C
$C0178,3FE5FBE76C8B4396
5 168 ->
6 165 54
6 166 -1
6 167 [2][2]
$C015,3FDBF7CED916872C
$C014,3FE5FBE76C8B4396
5 168 ->
6 165 56
6 166 -1
6 167 [2][2]
$C015,BFE5FBE76C8B4396
$C014,BFDBF7CED916872C
5 168 ->
6 165 58
6 166 -1
6 167 [2][2]
$C0188,BFE5FBE76C8B4396
$C0178,BFDBF7CED916872C
5 168 ->
6 165 60
6 166 1
6 167 [2][2]
$C019,BFE8
$4008,3FE8
5 168 ->
6 165 64
6 166 -1
6 167 [2][2]
$C00BF2716B2C3A29,BFD57F5808521A7D
$BFF1320E11BCDAD9,3FDFCF92FE8E0987
5 168 NULL
5 162 7
5 163 1
5 164 [2][3]
$C019,BFE8,C01EFBE76C8B4396
$4008,3FE8,C01EFBE76C8B4396
4 153 ->
5 154 34
5 155 7
5 156 1
5 157 0
5 158 [2][2]
$C019,BFE8
$4008,3FE8
5 159 ->
6 160 [4][3]
$3FF,2*0
$0,3FF,0
$2*0,3FF
$2*0,C0207DF3B645A1CB
5 161 ->
6 165 68
6 166 -1
6 167 [2][2]
$C012C,BFDC1471DBF829D2
$C00E8,3FDC1471DBF829D2
5 168 ->
6 165 70
6 166 -1
6 167 [2][2]
$BFCBF7CED916872B,BFCC153BE67E3DBF
$3FCBF7CED916872B,3FCC153BE67E3DBE
5 168 ->
6 165 72
6 166 -1
6 167 [2][2]
$3FF58F5C28F5C29,BFB019D4680000CF
$3FF78F5C28F5C29,3FB019D4680000CF
5 168 ->
6 165 74
6 166 -1
6 167 [2][2]
$40018,BFB019D4680000CF
$40028,3FB019D4680000CF
5 168 ->
6 165 76
6 166 -1
6 167 [2][2]
$C0188,3FDBF7CED916872C
$C0178,3FE5FBE76C8B4396
5 168 ->
6 165 78
6 166 -1
6 167 [2][2]
$C015,3FDBF7CED916872C
$C014,3FE5FBE76C8B4396
5 168 ->
6 165 80
6 166 -1
6 167 [2][2]
$C015,BFE5FBE76C8B4396
$C014,BFDBF7CED916872C
5 168 ->
6 165 82
6 166 -1
6 167 [2][2]
$C0188,BFE5FBE76C8B4396
$C0178,BFDBF7CED916872C
5 168 ->
6 165 84
6 166 1
6 167 [2][2]
$C019,BFE8
$4008,3FE8
5 168 ->
6 165 88
6 166 -1
6 167 [2][2]
$C00BF2716B2C3A29,BFD57F5808521A7D
$BFF1320E11BCDAD9,3FDFCF92FE8E0987
5 168 ->
6 165 143
6 166 -1
6 167 [2][2]
$4003A7AE147AE148,BFCA
$4006E7AE147AE148,3FCA
5 168 ->
6 165 158
6 166 -1
6 167 [2][2]
$3FF34F5C28F5C28F,BFE37DF3B645A1CB
$3FF9CF5C28F5C28F,BFC9F7CED916872C
5 168 ->
6 165 173
6 166 -1
6 167 [2][2]
$3FF34F5C28F5C28F,3FC9F7CED916872C
$3FF9CF5C28F5C28F,3FE37DF3B645A1CB
5 168 NULL
5 162 8
5 163 -1
5 164 [2][3]
$C019,BFE8,C0207DF3B645A1CB
$4008,3FE8,C0207DF3B645A1CB
4 153 ->
5 154 36
5 155 8
5 156 1
5 157 0
5 158 [2][2]
$400921FB54442D18,BFE
$401921FB54442D18,0
@srf_prim_ptr(cylinder) 169 0
5 169 ->
@local_sys 170 2
6 170 [4][3]
$3FF,2*0
$0,3FF,0
$2*0,3FF
$C011,0,C01EFBE76C8B4396
@radius 171 2
6 171 3FDC
5 161 ->
6 165 38
6 166 1
6 167 [2][2]
$400921FB54442D18,BFE
$401921FB54442D18,0
5 168 NULL
5 162 9
5 163 -1
5 164 [2][3]
$C012C,BFDC,C0207DF3B645A1CB
$C00E8,0,C01EFBE76C8B4396
4 153 ->
5 154 36
5 155 9
5 156 1
5 157 0
5 158 [2][2]
$0,BFE
$400921FB54442D18,0
5 169 ->
6 170 [4][3]
$3FF,2*0
$0,3FF,0
$2*0,3FF
$C011,0,C01EFBE76C8B4396
6 171 3FDC
5 161 ->
6 165 39
6 166 1
6 167 [2][2]
$0,BFE
$400921FB54442D18,0
5 168 NULL
5 162 10
5 163 -1
5 164 [2][3]
$C012C,0,C0207DF3B645A1CB
$C00E8,3FDC,C01EFBE76C8B4396
4 153 ->
5 154 36
5 155 10
5 156 1
5 157 0
5 158 [2][2]
$400921FB54442D18,BFE
$401921FB54442D18,0
5 169 ->
6 170 [4][3]
$3FF,2*0
$0,3FF,0
$2*0,3FF
$2*0,C01EFBE76C8B4396
6 171 3FCBF7CED916872B
5 161 ->
6 165 40
6 166 1
6 167 [2][2]
$400921FB54442D18,BFE
$401921FB54442D18,0
5 168 NULL
5 162 11
5 163 -1
5 164 [2][3]
$2*BFCBF7CED916872B,C0207DF3B645A1CB
$3FCBF7CED916872B,0,C01EFBE76C8B4396
4 153 ->
5 154 36
5 155 11
5 156 1
5 157 0
5 158 [2][2]
$0,BFE
$400921FB54442D18,0
5 169 ->
6 170 [4][3]
$3FF,2*0
$0,3FF,0
$2*0,3FF
$2*0,C01EFBE76C8B4396
6 171 3FCBF7CED916872B
5 161 ->
6 165 41
6 166 1
6 167 [2][2]
$0,BFE
$400921FB54442D18,0
5 168 NULL
5 162 12
5 163 -1
5 164 [2][3]
$BFCBF7CED916872B,0,C0207DF3B645A1CB
$2*3FCBF7CED916872B,C01EFBE76C8B4396
4 153 ->
5 154 36
5 155 12
5 156 1
5 157 0
5 158 [2][2]
$400921FB54442D18,BFE
$401921FB54442D18,0
5 169 ->
6 170 [4][3]
$3FF,2*0
$0,3FF,0
$2*0,3FF
$3FF68F5C28F5C29,0,C01EFBE76C8B4396
6 171 3FB
5 161 ->
6 165 42
6 166 1
6 167 [2][2]
$400921FB54442D18,BFE
$401921FB54442D18,0
5 168 NULL
5 162 13
5 163 -1
5 164 [2][3]
$3FF58F5C28F5C29,BFB,C0207DF3B645A1CB
$3FF78F5C28F5C29,0,C01EFBE76C8B4396
4 153 ->
5 154 36
5 155 13
5 156 1
5 157 0
5 158 [2][2]
$0,BFE
$400921FB54442D18,0
5 169 ->
6 170 [4][3]
$3FF,2*0
$0,3FF,0
$2*0,3FF
$3FF68F5C28F5C29,0,C01EFBE76C8B4396
6 171 3FB
5 161 ->
6 165 43
6 166 1
6 167 [2][2]
$0,BFE
$400921FB54442D18,0
5 168 NULL
5 162 14
5 163 -1
5 164 [2][3]
$3FF58F5C28F5C29,0,C0207DF3B645A1CB
$3FF78F5C28F5C29,3FB,C01EFBE76C8B4396
4 153 ->
5 154 36
5 155 14
5 156 1
5 157 0
5 158 [2][2]
$400921FB54442D18,BFE
$401921FB54442D18,0
5 169 ->
6 170 [4][3]
$3FF,2*0
$0,3FF,0
$2*0,3FF
$4002,0,C01EFBE76C8B4396
6 171 3FB
5 161 ->
6 165 44
6 166 1
6 167 [2][2]
$400921FB54442D18,BFE
$401921FB54442D18,0
5 168 NULL
5 162 15
5 163 -1
5 164 [2][3]
$40018,BFB,C0207DF3B645A1CB
$40028,0,C01EFBE76C8B4396
4 153 ->
5 154 36
5 155 15
5 156 1
5 157 0
5 158 [2][2]
$0,BFE
$400921FB54442D18,0
5 169 ->
6 170 [4][3]
$3FF,2*0
$0,3FF,0
$2*0,3FF
$4002,0,C01EFBE76C8B4396
6 171 3FB
5 161 ->
6 165 45
6 166 1
6 167 [2][2]
$0,BFE
$400921FB54442D18,0
5 168 NULL
5 162 16
5 163 -1
5 164 [2][3]
$40018,0,C0207DF3B645A1CB
$40028,3FB,C01EFBE76C8B4396
4 153 ->
5 154 36
5 155 16
5 156 1
5 157 0
5 158 [2][2]
$400921FB54442D18,BFD
$401921FB54442D18,0
5 169 ->
6 170 [4][3]
$3FF,2*0
$0,3FF,0
$2*0,3FF
$400547AE147AE148,0,C01EFBE76C8B4396
6 171 3FC072B020C49BA6
5 161 ->
6 165 145
6 166 1
6 167 [2][2]
$400921FB54442D18,BFD
$401921FB54442D18,0
5 168 NULL
5 162 17
5 163 -1
5 164 [2][3]
$40044083126E978E,BFC072B020C49BA6,C01FFBE76C8B4396
$40064ED916872B02,0,C01EFBE76C8B4396
4 153 ->
5 154 36
5 155 17
5 156 1
5 157 0
5 158 [2][2]
$0,BFD
$400921FB54442D18,0
5 169 ->
6 170 [4][3]
$3FF,2*0
$0,3FF,0
$2*0,3FF
$400547AE147AE148,0,C01EFBE76C8B4396
6 171 3FC072B020C49BA6
5 161 ->
6 165 146
6 166 1
6 167 [2][2]
$0,BFD
$400921FB54442D18,0
5 168 NULL
5 162 18
5 163 -1
5 164 [2][3]
$40044083126E978E,0,C01FFBE76C8B4396
$40064ED916872B02,3FC072B020C49BA6,C01EFBE76C8B4396
4 153 ->
5 154 36
5 155 18
5 156 1
5 157 0
5 158 [2][2]
$400921FB54442D18,BFD
$401921FB54442D18,0
5 169 ->
6 170 [4][3]
$3FF,2*0
$0,3FF,0
$2*0,3FF
$3FF68F5C28F5C29,3FD9FBE76C8B4396,C01EFBE76C8B4396
6 171 3FC072B020C49BA6
5 161 ->
6 165 175
6 166 1
6 167 [2][2]
$400921FB54442D18,BFD
$401921FB54442D18,0
5 168 NULL
5 162 19
5 163 -1
5 164 [2][3]
$3FF4810624DD2F1B,3FD1C28F5C28F5C3,C01FFBE76C8B4396
$3FF89DB22D0E5605,3FD9FBE76C8B4396,C01EFBE76C8B4396
4 153 ->
5 154 36
5 155 19
5 156 1
5 157 0
5 158 [2][2]
$0,BFD
$400921FB54442D18,0
5 169 ->
6 170 [4][3]
$3FF,2*0
$0,3FF,0
$2*0,3FF
$3FF68F5C28F5C29,3FD9FBE76C8B4396,C01EFBE76C8B4396
6 171 3FC072B020C49BA6
5 161 ->
6 165 176
6 166 1
6 167 [2][2]
$0,BFD
$400921FB54442D18,0
5 168 NULL
5 162 20
5 163 -1
5 164 [2][3]
$3FF4810624DD2F1B,3FD9FBE76C8B4396,C01FFBE76C8B4396
$3FF89DB22D0E5605,3FE11A9FBE76C8B4,C01EFBE76C8B4396
4 153 ->
5 154 36
5 155 20
5 156 1
5 157 0
5 158 [2][2]
$400921FB54442D18,BFD
$401921FB54442D18,0
5 169 ->
6 170 [4][3]
$3FF,2*0
$0,3FF,0
$2*0,3FF
$3FF68F5C28F5C29,BFD9FBE76C8B4396,C01EFBE76C8B4396
6 171 3FC072B020C49BA6
5 161 ->
6 165 160
6 166 1
6 167 [2][2]
$400921FB54442D18,BFD
$401921FB54442D18,0
5 168 NULL
5 162 21
5 163 -1
5 164 [2][3]
$3FF4810624DD2F1B,BFE11A9FBE76C8B4,C01FFBE76C8B4396
$3FF89DB22D0E5605,BFD9FBE76C8B4396,C01EFBE76C8B4396
4 153 ->
5 154 36
5 155 21
5 156 1
5 157 0
5 158 [2][2]
$0,BFD
$400921FB54442D18,0
5 169 ->
6 170 [4][3]
$3FF,2*0
$0,3FF,0
$2*0,3FF
$3FF68F5C28F5C29,BFD9FBE76C8B4396,C01EFBE76C8B4396
6 171 3FC072B020C49BA6
5 161 ->
6 165 161
6 166 1
6 167 [2][2]
$0,BFD
$400921FB54442D18,0
5 168 NULL
5 162 22
5 163 -1
5 164 [2][3]
$3FF4810624DD2F1B,BFD9FBE76C8B4396,C01FFBE76C8B4396
$3FF89DB22D0E5605,BFD1C28F5C28F5C3,C01EFBE76C8B4396
4 153 ->
5 154 36
5 155 22
5 156 1
5 157 0
5 158 [2][2]
$400921FB54442D18,BFE
$401921FB54442D18,0
5 169 ->
6 170 [4][3]
$3FF,2*0
$0,3FF,0
$2*0,3FF
$C018,3FE1FBE76C8B4396,C01EFBE76C8B4396
6 171 3FC
5 161 ->
6 165 52
6 166 1
6 167 [2][2]
$400921FB54442D18,BFE
$401921FB54442D18,0
5 168 NULL
5 162 23
5 163 -1
5 164 [2][3]
$C0188,3FDBF7CED916872C,C0207DF3B645A1CB
$C0178,3FE1FBE76C8B4396,C01EFBE76C8B4396
4 153 ->
5 154 36
5 155 23
5 156 1
5 157 0
5 158 [2][2]
$0,BFE
$400921FB54442D18,0
5 169 ->
6 170 [4][3]
$3FF,2*0
$0,3FF,0
$2*0,3FF
$C018,3FE1FBE76C8B4396,C01EFBE76C8B4396
6 171 3FC
5 161 ->
6 165 53
6 166 1
6 167 [2][2]
$0,BFE
$400921FB54442D18,0
5 168 NULL
5 162 24
5 163 -1
5 164 [2][3]
$C0188,3FE1FBE76C8B4396,C0207DF3B645A1CB
$C0178,3FE5FBE76C8B4396,C01EFBE76C8B4396
4 153 ->
5 154 36
5 155 24
5 156 1
5 157 0
5 158 [2][2]
$400921FB54442D18,BFE
$401921FB54442D18,0
5 169 ->
6 170 [4][3]
$3FF,2*0
$0,3FF,0
$2*0,3FF
$C0148,3FE1FBE76C8B4396,C01EFBE76C8B4396
6 171 3FC
5 161 ->
6 165 54
6 166 1
6 167 [2][2]
$400921FB54442D18,BFE
$401921FB54442D18,0
5 168 NULL
5 162 25
5 163 -1
5 164 [2][3]
$C015,3FDBF7CED916872C,C0207DF3B645A1CB
$C014,3FE1FBE76C8B4396,C01EFBE76C8B4396
4 153 ->
5 154 36
5 155 25
5 156 1
5 157 0
5 158 [2][2]
$0,BFE
$400921FB54442D18,0
5 169 ->
6 170 [4][3]
$3FF,2*0
$0,3FF,0
$2*0,3FF
$C0148,3FE1FBE76C8B4396,C01EFBE76C8B4396
6 171 3FC
5 161 ->
6 165 55
6 166 1
6 167 [2][2]
$0,BFE
$400921FB54442D18,0
5 168 NULL
5 162 26
5 163 -1
5 164 [2][3]
$C015,3FE1FBE76C8B4396,C0207DF3B645A1CB
$C014,3FE5FBE76C8B4396,C01EFBE76C8B4396
4 153 ->
5 154 36
5 155 26
5 156 1
5 157 0
5 158 [2][2]
$400921FB54442D18,BFE
$401921FB54442D18,0
5 169 ->
6 170 [4][3]
$3FF,2*0
$0,3FF,0
$2*0,3FF
$C0148,BFE1FBE76C8B4396,C01EFBE76C8B4396
6 171 3FC
5 161 ->
6 165 56
6 166 1
6 167 [2][2]
$400921FB54442D18,BFE
$401921FB54442D18,0
5 168 NULL
5 162 27
5 163 -1
5 164 [2][3]
$C015,BFE5FBE76C8B4396,C0207DF3B645A1CB
$C014,BFE1FBE76C8B4396,C01EFBE76C8B4396
4 153 ->
5 154 36
5 155 27
5 156 1
5 157 0
5 158 [2][2]
$0,BFE
$400921FB54442D18,0
5 169 ->
6 170 [4][3]
$3FF,2*0
$0,3FF,0
$2*0,3FF
$C0148,BFE1FBE76C8B4396,C01EFBE76C8B4396
6 171 3FC
5 161 ->
6 165 57
6 166 1
6 167 [2][2]
$0,BFE
$400921FB54442D18,0
5 168 NULL
5 162 28
5 163 -1
5 164 [2][3]
$C015,BFE1FBE76C8B4396,C0207DF3B645A1CB
$C014,BFDBF7CED916872C,C01EFBE76C8B4396
4 153 ->
5 154 36
5 155 28
5 156 1
5 157 0
5 158 [2][2]
$400921FB54442D18,BFE
$401921FB54442D18,0
5 169 ->
6 170 [4][3]
$3FF,2*0
$0,3FF,0
$2*0,3FF
$C018,BFE1FBE76C8B4396,C01EFBE76C8B4396
6 171 3FC
5 161 ->
6 165 58
6 166 1
6 167 [2][2]
$400921FB54442D18,BFE
$401921FB54442D18,0
5 168 NULL
5 162 29
5 163 -1
5 164 [2][3]
$C0188,BFE5FBE76C8B4396,C0207DF3B645A1CB
$C0178,BFE1FBE76C8B4396,C01EFBE76C8B4396
4 153 ->
5 154 36
5 155 29
5 156 1
5 157 0
5 158 [2][2]
$0,BFE
$400921FB54442D18,0
5 169 ->
6 170 [4][3]
$3FF,2*0
$0,3FF,0
$2*0,3FF
$C018,BFE1FBE76C8B4396,C01EFBE76C8B4396
6 171 3FC
5 161 ->
6 165 59
6 166 1
6 167 [2][2]
$0,BFE
$400921FB54442D18,0
5 168 NULL
5 162 30
5 163 -1
5 164 [2][3]
$C0188,BFE1FBE76C8B4396,C0207DF3B645A1CB
$C0178,BFDBF7CED916872C,C01EFBE76C8B4396
4 153 ->
5 154 34
5 155 30
5 156 1
5 157 0
5 158 [2][2]
$2*0
$40228,3FE
5 159 ->
6 160 [4][3]
$BFF,2*0
$2*0,BFF
$0,BFF,0
$4008,3FE8,C01EFBE76C8B4396
5 161 ->
6 165 60
6 166 1
6 167 [2][2]
$2*0
$40228,3FE
5 168 NULL
5 162 31
5 163 -1
5 164 [2][3]
$C019,3FE8,C0207DF3B645A1CB
$4008,3FE8,C01EFBE76C8B4396
4 153 ->
5 154 34
5 155 31
5 156 1
5 157 0
5 158 [2][2]
$2*0
$3FF8,3FE
5 159 ->
6 160 [4][3]
$2*0,3FF
$BFF,2*0
$0,BFF,0
$C019,3FE8,C01EFBE76C8B4396
5 161 ->
6 165 61
6 166 1
6 167 [2][2]
$2*0
$3FF8,3FE
5 168 NULL
5 162 32
5 163 -1
5 164 [2][3]
$C019,BFE8,C0207DF3B645A1CB
$C019,3FE8,C01EFBE76C8B4396
4 153 ->
5 154 34
5 155 32
5 156 1
5 157 0
5 158 [2][2]
$2*0
$40228,3FE
5 159 ->
6 160 [4][3]
$3FF,2*0
$2*0,3FF
$0,BFF,0
$C019,BFE8,C01EFBE76C8B4396
5 161 ->
6 165 62
6 166 1
6 167 [2][2]
$2*0
$40228,3FE
5 168 NULL
5 162 33
5 163 -1
5 164 [2][3]
$C019,BFE8,C0207DF3B645A1CB
$4008,BFE8,C01EFBE76C8B4396
4 153 ->
5 154 34
5 155 33
5 156 1
5 157 0
5 158 [2][2]
$2*0
$3FF8,3FE
5 159 ->
6 160 [4][3]
$2*0,BFF
$3FF,2*0
$0,BFF,0
$4008,BFE8,C01EFBE76C8B4396
5 161 ->
6 165 63
6 166 1
6 167 [2][2]
$2*0
$3FF8,3FE
5 168 NULL
5 162 34
5 163 -1
5 164 [2][3]
$4008,BFE8,C0207DF3B645A1CB
$4008,3FE8,C01EFBE76C8B4396
4 153 ->
5 154 34
5 155 34
5 156 1
5 157 0
5 158 [2][2]
$2*0
$3FFF21B54B9D9BC9,3FE
5 159 ->
6 160 [4][3]
$BFEF88332F729ACR,0,3FC5CF7A85F57968
$BFC5CF7A85F57968,0,BFEF88332F729ACR
$0,BFF,0
$BFF486684808FCB,0,C01EFBE76C8B4396
5 161 ->
6 165 64
6 166 1
6 167 [2][2]
$2*0
$3FFF21B54B9D9BC9,3FE
5 168 NULL
5 162 35
5 163 -1
5 164 [2][3]
$C00999C87BD67D75,BFD537F83936ABBF,C0207DF3B645A1CB
$BFF486684808FCB,0,C01EFBE76C8B4396
4 153 ->
5 154 36
5 155 35
5 156 1
5 157 0
5 158 [2][2]
$3FFBDF56BC87529D,BFE
$401388D35943EB31,0
5 169 ->
6 170 [4][3]
$3FF,2*0
$0,3FF,0
$2*0,3FF
$C009F10665EE535A,BFB5CF7A85F5796F,C01EFBE76C8B4396
6 171 3FD
5 161 ->
6 165 65
6 166 1
6 167 [2][2]
$3FFBDF56BC87529D,BFE
$401388D35943EB31,0
5 168 NULL
5 162 36
5 163 -1
5 164 [2][3]
$C00BF10665EE535A,BFD573DEA17D5E5C,C0207DF3B645A1CB
$C00999C87BD67D75,3FC4A075EC77DE14,C01EFBE76C8B4396
4 153 ->
5 154 34
5 155 36
5 156 1
5 157 0
5 158 [2][2]
$2*0
$3FFF21B54B9D9BC9,3FE
5 159 ->
6 160 [4][3]
$3FEF88332F729ACR,0,BFC5CF7A85F57969
$3FC5CF7A85F57969,0,3FEF88332F729ACR
$0,BFF,0
$C00A48445006294,3FC4A075EC77DE0F,C01EFBE76C8B4396
5 161 ->
6 165 66
6 166 1
6 167 [2][2]
$2*0
$3FFF21B54B9D9BC9,3FE
5 168 NULL
5 162 37
5 163 -1
5 164 [2][3]
$C00A48445006294,3FC4A075EC77DE0F,C0207DF3B645A1CB
$BFF5E35FF0685446,3FDF88332F729AC8,C01EFBE76C8B4396
4 153 ->
5 154 36
5 155 37
5 156 1
5 157 0
5 158 [2][2]
$401388D35943EB32,BFE
$40200CE881B300DF,0
5 169 ->
6 170 [4][3]
$3FF,2*0
$0,3FF,0
$2*0,3FF
$BFF534E41C38A87B,3FCF88332F729AC8,C01EFBE76C8B4396
6 171 3FD
5 161 ->
6 165 67
6 166 1
6 167 [2][2]
$401388D35943EB32,BFE
$40200CE881B300DF,0
5 168 NULL
5 162 138
5 163 -1
5 164 [2][3]
$BFF5E35FF0685446,0,C0207DF3B645A1CB
$BFF134E41C38A87B,3FDFC41997B94D64,C01EFBE76C8B4396
4 153 ->
5 154 34
5 155 138
5 156 1
5 157 0
5 158 [2][2]
$BFCA,BFCA12FC031D4B6R
$3FCA,3FCA12FC031D4B6R
5 159 ->
6 160 [4][3]
$BFF,2*0
$0,3FF,0
$2*0,BFF
$400547AE147AE148,0,C01FFBE76C8B4396
5 161 ->
6 165 141
6 166 1
6 167 [2][2]
$BFCA,BFCA12FC031D4B6R
$3FCA,3FCA12FC031D4B6R
5 168 ->
6 165 145
6 166 -1
6 167 [2][2]
$BFC072B020C49BA,BFC07EB2A57EC2D8
$3FC072B020C49BA,3FC07EB2A57EC2D8
5 168 NULL
5 162 139
5 163 1
5 164 [2][3]
$4003A7AE147AE148,BFCA12FC031D4B6R,C01FFBE76C8B4396
$4006E7AE147AE148,3FCA12FC031D4B6R,C01FFBE76C8B4396
4 153 ->
5 154 36
5 155 139
5 156 1
5 157 0
5 158 [2][2]
$0,BFD
$400921FB54442D18,0
5 169 ->
6 170 [4][3]
$BFF,2*0
$0,3FF,0
$2*0,BFF
$400547AE147AE148,0,C0207DF3B645A1CB
6 171 3FCA
5 161 ->
6 165 143
6 166 1
6 167 [2][2]
$0,BFD
$400921FB54442D18,0
5 168 NULL
5 162 140
5 163 -1
5 164 [2][3]
$4003A7AE147AE148,0,C0207DF3B645A1CB
$4006E7AE147AE148,3FCA,C01FFBE76C8B4396
4 153 ->
5 154 36
5 155 140
5 156 1
5 157 0
5 158 [2][2]
$400921FB54442D18,BFD
$401921FB54442D18,0
5 169 ->
6 170 [4][3]
$BFF,2*0
$0,3FF,0
$2*0,BFF
$400547AE147AE148,0,C0207DF3B645A1CB
6 171 3FCA
5 161 ->
6 165 144
6 166 1
6 167 [2][2]
$400921FB54442D18,BFD
$401921FB54442D18,0
5 168 NULL
5 162 153
5 163 -1
5 164 [2][3]
$4003A7AE147AE148,BFCA,C0207DF3B645A1CB
$4006E7AE147AE148,0,C01FFBE76C8B4396
4 153 ->
5 154 34
5 155 153
5 156 1
5 157 0
5 158 [2][2]
$BFCA,BFCA12FC031D4B6R
$3FCA,3FCA12FC031D4B6R
5 159 ->
6 160 [4][3]
$BFF,2*0
$0,3FF,0
$2*0,BFF
$3FF68F5C28F5C28F,BFD9FBE76C8B4396,C01FFBE76C8B4396
5 161 ->
6 165 156
6 166 1
6 167 [2][2]
$BFCA,BFCA12FC031D4B6R
$3FCA,3FCA12FC031D4B6R
5 168 ->
6 165 160
6 166 -1
6 167 [2][2]
$BFC072B020C49BB,BFC07EB2A57EC2D8
$3FC072B020C49BA,3FC07EB2A57EC2D8
5 168 NULL
5 162 154
5 163 1
5 164 [2][3]
$3FF34F5C28F5C28F,BFE382B2B70CF4A4,C01FFBE76C8B4396
$3FF9CF5C28F5C28F,BFC9E4D2D5F93BC6,C01FFBE76C8B4396
4 153 ->
5 154 36
5 155 154
5 156 1
5 157 0
5 158 [2][2]
$0,BFD
$400921FB54442D18,0
5 169 ->
6 170 [4][3]
$BFF,2*0
$0,3FF,0
$2*0,BFF
$3FF68F5C28F5C28F,BFD9FBE76C8B4396,C0207DF3B645A1CB
6 171 3FCA
5 161 ->
6 165 158
6 166 1
6 167 [2][2]
$0,BFD
$400921FB54442D18,0
5 168 NULL
5 162 155
5 163 -1
5 164 [2][3]
$3FF34F5C28F5C28F,BFD9FBE76C8B4396,C0207DF3B645A1CB
$3FF9CF5C28F5C28F,BFC9F7CED916872C,C01FFBE76C8B4396
4 153 ->
5 154 36
5 155 155
5 156 1
5 157 0
5 158 [2][2]
$400921FB54442D18,BFD
$401921FB54442D18,0
5 169 ->
6 170 [4][3]
$BFF,2*0
$0,3FF,0
$2*0,BFF
$3FF68F5C28F5C28F,BFD9FBE76C8B4396,C0207DF3B645A1CB
6 171 3FCA
5 161 ->
6 165 159
6 166 1
6 167 [2][2]
$400921FB54442D18,BFD
$401921FB54442D18,0
5 168 NULL
5 162 168
5 163 -1
5 164 [2][3]
$3FF34F5C28F5C28F,BFE37DF3B645A1CB,C0207DF3B645A1CB
$3FF9CF5C28F5C28F,BFD9FBE76C8B4396,C01FFBE76C8B4396
4 153 ->
5 154 34
5 155 168
5 156 1
5 157 0
5 158 [2][2]
$BFCA,BFCA12FC031D4B6R
$3FCA,3FCA12FC031D4B6R
5 159 ->
6 160 [4][3]
$BFF,2*0
$0,3FF,0
$2*0,BFF
$3FF68F5C28F5C28F,3FD9FBE76C8B4396,C01FFBE76C8B4396
5 161 ->
6 165 171
6 166 1
6 167 [2][2]
$BFCA,BFCA12FC031D4B6R
$3FCA,3FCA12FC031D4B6R
5 168 ->
6 165 175
6 166 -1
6 167 [2][2]
$BFC072B020C49BB,BFC07EB2A57EC2D8
$3FC072B020C49BA,3FC07EB2A57EC2D8
5 168 NULL
5 162 169
5 163 1
5 164 [2][3]
$3FF34F5C28F5C28F,3FC9E4D2D5F93BC6,C01FFBE76C8B4396
$3FF9CF5C28F5C28F,3FE382B2B70CF4A4,C01FFBE76C8B4396
4 153 ->
5 154 36
5 155 169
5 156 1
5 157 0
5 158 [2][2]
$0,BFD
$400921FB54442D18,0
5 169 ->
6 170 [4][3]
$BFF,2*0
$0,3FF,0
$2*0,BFF
$3FF68F5C28F5C28F,3FD9FBE76C8B4396,C0207DF3B645A1CB
6 171 3FCA
5 161 ->
6 165 173
6 166 1
6 167 [2][2]
$0,BFD
$400921FB54442D18,0
5 168 NULL
5 162 170
5 163 -1
5 164 [2][3]
$3FF34F5C28F5C28F,3FD9FBE76C8B4396,C0207DF3B645A1CB
$3FF9CF5C28F5C28F,3FE37DF3B645A1CB,C01FFBE76C8B4396
4 153 ->
5 154 36
5 155 170
5 156 1
5 157 0
5 158 [2][2]
$400921FB54442D18,BFD
$401921FB54442D18,0
5 169 ->
6 170 [4][3]
$BFF,2*0
$0,3FF,0
$2*0,BFF
$3FF68F5C28F5C28F,3FD9FBE76C8B4396,C0207DF3B645A1CB
6 171 3FCA
5 161 ->
6 165 174
6 166 1
6 167 [2][2]
$400921FB54442D18,BFD
$401921FB54442D18,0
5 168 NULL
5 162 0
5 163 -1
5 164 [2][3]
$3FF34F5C28F5C28F,3FC9F7CED916872C,C0207DF3B645A1CB
$3FF9CF5C28F5C28F,3FD9FBE76C8B4396,C01FFBE76C8B4396
@crv_array 172 0
3 172 [108]
4 172 ->
@crv_id 173 1
5 173 38
@feat_id 174 1
5 174 1
@type 175 1
5 175 0
@crv_pnt_dir 176 1
5 176 [2]
$-1,1
@crv_pnt_arr 177 2
5 177 [12][4]
$C00E8,0,401921FB54442D18,0
$C00EA44B56F58B36,BFBF8DD5FB8F7812,4017FD872D86E53A,0
$C00F0E3CA130F5AC,BFCE46A07347DA13,4016D91306C99D5C,0
$C00FB53EAA0EF251,BFD5293683D2E38C,4015B49EE00C557E,0
$C01045E4E20B8E7D,BFD9783DFD106692,4014902AB94F0D9F,0
$C010C03E3221CA8F,BFDBB70A43B13A92,40136BB69291C5C1,0
$C0113FC1CDDE3571,BFDBB70A43B13A91,401247426BD47DE3,0
$C011BA1B1DF47183,BFD9783DFD106692,401122CE45173604,0
$C0122560AAF886D7,BFD5293683D2E38C,400FFCB43CB3DC4E,0
$C01278E1AF67852A,BFCE46A07347DA13,400DB3CBEF394C91,0
$C012ADDA54853A65,BFBF8DD5FB8F7806,400B6AE3A1BEBCD3,0
$C012C,0,400921FB54442D18,0
@crv_hdr_geom_ptr[0] 178 1
5 178 6
@crv_hdr_geom_ptr[1] 179 1
5 179 8
@next_crv_hdr_ptr[0] 180 1
5 180 39
@next_crv_hdr_ptr[1] 181 1
5 181 93
@ref_geom[0] 182 1
5 182 0
@ref_geom[1] 183 1
5 183 0
4 172 ->
5 173 39
5 174 1
5 175 0
5 176 [2]
$-1,1
5 177 [12][4]
$C012C,0,400921FB54442D18,0
$C012ADDA54853A65,3FBF8DD5FB8F781A,4006D91306C99D5B,0
$C01278E1AF67852A,3FCE46A07347DA12,4004902AB94F0D9F,0
$C0122560AAF886D7,3FD5293683D2E38D,400247426BD47DE2,0
$C011BA1B1DF47183,3FD9783DFD106692,3FFFFCB43CB3DC4E,0
$C0113FC1CDDE3571,3FDBB70A43B13A92,3FFB6AE3A1BEBCD5,0
$C010C03E3221CA8F,3FDBB70A43B13A91,3FF6D91306C99D5C,0
$C01045E4E20B8E7D,3FD9783DFD106691,3FF247426BD47DE3,0
$C00FB53EAA0EF251,3FD5293683D2E38D,3FEB6AE3A1BEBCD3,0
$C00F0E3CA130F5AC,3FCE46A07347DA13,3FE247426BD47DE4,0
$C00EA44B56F58B36,3FBF8DD5FB8F780E,3FD247426BD47DE,0
$C00E8,3*0
5 178 6
5 179 9
5 180 38
5 181 92
5 182 0
5 183 0
4 172 ->
5 173 40
5 174 1
5 175 0
5 176 [2]
$-1,1
5 177 [10][4]
$3FCBF7CED916872B,0,401921FB54442D18,0
$3FCA4804CC65849C,BFB32198DCA3A92A,4017BC89CF95B8D,0
$3FC56CBB2B7AD2E8,BFC1FA3C61FC320E,401657184AE74487,0
$3FBBF7CED9168721,BFC838935B7415F6,4014F1A6C638D03E,0
$3FA36D2683AAC6BA,BFCB8B08D04E06A2,40138C35418A5BF6,0
$BFA36D2683AAC6C5,BFCB8B08D04E06A1,401226C3BCDBE7AE,0
$BFBBF7CED9168732,BFC838935B7415F1,4010C152382D7364,0
$BFC56CBB2B7AD2EB,BFC1FA3C61FC320B,400EB7C166FDFE39,0
$BFCA4804CC65849C,BFB32198DCA3A92B,400BECDE5DA115A8,0
$BFCBF7CED916872B,0,400921FB54442D18,0
5 178 6
5 179 10
5 180 41
5 181 95
5 182 0
5 183 0
4 172 ->
5 173 41
5 174 1
5 175 0
5 176 [2]
$-1,1
5 177 [10][4]
$BFCBF7CED916872B,0,400921FB54442D18,0
$BFCA4804CC65849B,3FB32198DCA3A92E,400657184AE74487,0
$BFC56CBB2B7AD2E9,3FC1FA3C61FC320D,40038C35418A5BF6,0
$BFBBF7CED9168728,3FC838935B7415F4,4000C152382D736R,0
$BFA36D2683AAC6C4,3FCB8B08D04E06A1,3FFBECDE5DA115A9,0
$3FA36D2683AAC6C8,3FCB8B08D04E06A1,3FF657184AE74487,0
$3FBBF7CED916872D,3FC838935B7415F3,3FF0C152382D7365,0
$3FC56CBB2B7AD2EA,3FC1FA3C61FC320B,3FE657184AE74487,0
$3FCA4804CC65849C,3FB32198DCA3A92C,3FD657184AE74487,0
$3FCBF7CED916872B,3*0
5 178 6
5 179 11
5 180 40
5 181 94
5 182 0
5 183 0
4 172 ->
5 173 42
5 174 1
5 175 0
5 176 [2]
$-1,1
5 177 [8][4]
$3FF78F5C28F5C29,0,401921FB54442D18,0
$3FF776020E441D74,BF9BC4C04D71ABC5,4017566960887305,0
$3FF72EF9300A21FE,BFA904C37505DE4C,40158AD76CCCB8ER,0
$3FF6C8534ABBC71B,BFAF329C0558E969,4013BF457910FEDC,0
$3FF65665072FBE05,BFAF329C0558E969,4011F3B3855544C8,0
$3FF5EFBF21E16321,BFA904C37505DE4A,4010282191998AB2,0
$3FF5A8B643A767AC,BF9BC4C04D71ABBF,400CB91F3BBBA13E,0
$3FF58F5C28F5C29,0,400921FB54442D18,0
5 178 6
5 179 12
5 180 43
5 181 97
5 182 0
5 183 0
4 172 ->
5 173 43
5 174 1
5 175 0
5 176 [2]
$-1,1
5 177 [8][4]
$3FF58F5C28F5C29,0,400921FB54442D18,0
$3FF5A8B643A767AC,3F9BC4C04D71ABC3,40058AD76CCCB8F2,0
$3FF5EFBF21E16321,3FA904C37505DE4C,4001F3B3855544CB,0
$3FF65665072FBE05,3FAF329C0558E969,3FFCB91F3BBBA14,0
$3FF6C8534ABBC71B,3FAF329C0558E969,3FF58AD76CCCB8F1,0
$3FF72EF9300A21FR,3FA904C37505DE4B,3FECB91F3BBBA135,0
$3FF776020E441D74,3F9BC4C04D71ABC1,3FDCB91F3BBBA13R,0
$3FF78F5C28F5C29,3*0
5 178 6
5 179 13
5 180 42
5 181 96
5 182 0
5 183 0
4 172 ->
5 173 44
5 174 1
5 175 0
5 176 [2]
$-1,1
5 177 [8][4]
$40028,0,401921FB54442D18,0
$40027352F2A72D72,BF9BC4C04D71ABC5,4017566960887305,0
$40024FCE838A2FB7,BFA904C37505DE4C,40158AD76CCCB8ER,0
$40021C7B90E30245,BFAF329C0558E969,4013BF457910FED8,0
$4001E3846F1CFDBA,BFAF329C0558E969,4011F3B3855544C4,0
$4001B0317C75D049,BFA904C37505DE4A,4010282191998AB6,0
$40018CAD0D58D28E,BF9BC4C04D71ABBF,400CB91F3BBBA13E,0
$40018,0,400921FB54442D18,0
5 178 6
5 179 14
5 180 45
5 181 99
5 182 0
5 183 0
4 172 ->
5 173 45
5 174 1
5 175 0
5 176 [2]
$-1,1
5 177 [8][4]
$40018,0,400921FB54442D18,0
$40018CAD0D58D28E,3F9BC4C04D71ABC3,40058AD76CCCB8F2,0
$4001B0317C75D049,3FA904C37505DE4C,4001F3B3855544C4,0
$4001E3846F1CFDBA,3FAF329C0558E969,3FFCB91F3BBBA15,0
$40021C7B90E30246,3FAF329C0558E969,3FF58AD76CCCB8E1,0
$40024FCE838A2FB7,3FA904C37505DE4B,3FECB91F3BBBA14E,0
$40027352F2A72D72,3F9BC4C04D71ABC1,3FDCB91F3BBBA13R,0
$40028,3*0
5 178 6
5 179 15
5 180 44
5 181 98
5 182 0
5 183 0
4 172 ->
5 173 46
5 174 1
5 175 0
5 176 [2]
$-1,1
5 177 [9][4]
$40064ED916872B02,0,401921FB54442D18,0
$40063AD0C67F083,BFA92D713078290E,40178FDB9EFFEA46,0
$400601C4939CDAFA,BFB742CFE43F365,4015FDBBE9BBA774,0
$4005AC63D93CC1EC,BFBE64564084DD,40146B9C347764A4,0
$400547AE147AE148,BFC072B020C49BA6,4012D97C7F3321D2,0
$4004E2F84FB900A4,BFBE64564084DCFR,4011475CC9EEDF,0
$40048D979558E796,BFB742CFE43F364E,400F6A7A2955386,0
$4004548B6276BA6,BFA92D7130782901,400C463ABECCB2BR,0
$40044083126E978E,0,400921FB54442D18,0
5 178 6
5 179 16
5 180 47
5 181 148
5 182 0
5 183 0
4 172 ->
5 173 47
5 174 1
5 175 0
5 176 [2]
$-1,1
5 177 [9][4]
$40044083126E978E,0,400921FB54442D18,0
$4004548B6276BA6,3FA92D7130782905,4005FDBBE9BBA775,0
$40048D979558E796,3FB742CFE43F364F,4002D97C7F3321D,0
$4004E2F84FB900A4,3FBE64564084DD02,3FFF6A7A2955385E,0
$400547AE147AE148,3FC072B020C49BA6,3FF921FB54442D18,0
$4005AC63D93CC1EC,3FBE64564084DD02,3FF2D97C7F3321D3,0
$400601C4939CDAFA,3FB742CFE43F364E,3FE921FB54442D2R,0
$40063AD0C67F083,3FA92D7130782903,3FD921FB54442D1A,0
$40064ED916872B02,3*0
5 178 6
5 179 17
5 180 46
5 181 147
5 182 0
5 183 0
4 172 ->
5 173 48
5 174 1
5 175 0
5 176 [2]
$-1,1
5 177 [9][4]
$3FF89DB22D0E5605,3FD9FBE76C8B4396,401921FB54442D18,0
$3FF875A18CFE106,3FD6D639467C3E74,40178FDB9EFFEA46,0
$3FF803892739B5F5,3FD42B33737B7602,4015FDBBE9BBA775,0
$3FF758C7B27983D8,3FD262D1DC6A0C56,40146B9C347764A4,0
$3FF68F5C28F5C29,3FD1C28F5C28F5C3,4012D97C7F3321D2,0
$3FF5C5F09F720148,3FD262D1DC6A0C56,4011475CC9EEDF,0
$3FF51B2F2AB1CF2B,3FD42B33737B7602,400F6A7A2955385E,0
$3FF4A916C4ED74C,3FD6D639467C3E76,400C463ABECCB2BR,0
$3FF4810624DD2F1B,3FD9FBE76C8B4396,400921FB54442D18,0
5 178 6
5 179 18
5 180 49
5 181 178
5 182 0
5 183 0
4 172 ->
5 173 49
5 174 1
5 175 0
5 176 [2]
$-1,1
5 177 [9][4]
$3FF4810624DD2F1B,3FD9FBE76C8B4396,400921FB54442D18,0
$3FF4A916C4ED74C,3FDD2195929A48B7,4005FDBBE9BBA774,0
$3FF51B2F2AB1CF2B,3FDFCC9B659B112A,4002D97C7F3321D2,0
$3FF5C5F09F720148,3FE0CA7E7E563D6B,3FFF6A7A2955385F,0
$3FF68F5C28F5C29,3FE11A9FBE76C8B4,3FF921FB54442D18,0
$3FF758C7B27983D8,3FE0CA7E7E563D6B,3FF2D97C7F3321D2,0
$3FF803892739B5F5,3FDFCC9B659B112A,3FE921FB54442D18,0
$3FF875A18CFE106,3FDD2195929A48B6,3FD921FB54442D17,0
$3FF89DB22D0E5605,3FD9FBE76C8B4396,2*0
5 178 6
5 179 19
5 180 48
5 181 177
5 182 0
5 183 0
4 172 ->
5 173 50
5 174 1
5 175 0
5 176 [2]
$-1,1
5 177 [9][4]
$3FF89DB22D0E5605,BFD9FBE76C8B4396,401921FB54442D18,0
$3FF875A18CFE106,BFDD2195929A48B8,40178FDB9EFFEA46,0
$3FF803892739B5F5,BFDFCC9B659B112A,4015FDBBE9BBA775,0
$3FF758C7B27983D8,BFE0CA7E7E563D6B,40146B9C347764A4,0
$3FF68F5C28F5C29,BFE11A9FBE76C8B4,4012D97C7F3321D2,0
$3FF5C5F09F720148,BFE0CA7E7E563D6B,4011475CC9EEDF,0
$3FF51B2F2AB1CF2B,BFDFCC9B659B112A,400F6A7A2955385E,0
$3FF4A916C4ED74C,BFDD2195929A48B6,400C463ABECCB2BR,0
$3FF4810624DD2F1B,BFD9FBE76C8B4396,400921FB54442D18,0
5 178 6
5 179 20
5 180 51
5 181 163
5 182 0
5 183 0
4 172 ->
5 173 51
5 174 1
5 175 0
5 176 [2]
$-1,1
5 177 [9][4]
$3FF4810624DD2F1B,BFD9FBE76C8B4396,400921FB54442D18,0
$3FF4A916C4ED74C,BFD6D639467C3E75,4005FDBBE9BBA774,0
$3FF51B2F2AB1CF2B,BFD42B33737B7602,4002D97C7F3321D2,0
$3FF5C5F09F720148,BFD262D1DC6A0C56,3FFF6A7A2955385F,0
$3FF68F5C28F5C29,BFD1C28F5C28F5C3,3FF921FB54442D18,0
$3FF758C7B27983D8,BFD262D1DC6A0C56,3FF2D97C7F3321D2,0
$3FF803892739B5F5,BFD42B33737B7602,3FE921FB54442D18,0
$3FF875A18CFE106,BFD6D639467C3E76,3FD921FB54442D17,0
$3FF89DB22D0E5605,BFD9FBE76C8B4396,2*0
5 178 6
5 179 21
5 180 50
5 181 162
5 182 0
5 183 0
4 172 ->
5 173 52
5 174 1
5 175 0
5 176 [2]
$-1,1
5 177 [9][4]
$C0178,3FE1FBE76C8B4396,401921FB54442D18,0
$C01789BE50C335CB,3FE07409422058FR,40178FDB9EFFEA45,0
$C017A57D8666031R,3FDE4FA73F76B838,4015FDBBE9BBA774,0
$C017CF043AB2A2AD,3FDC93B3E549E3DB,40146B9C347764A5,0
$C018,3FDBF7CED916872C,4012D97C7F3321D2,0
$C01830FBC54D5D53,3FDC93B3E549E3DB,4011475CC9EEDEFE,0
$C0185A827999FCEF,3FDE4FA73F76B839,400F6A7A2955386,0
$C0187641AF3CCA35,3FE07409422059,400C463ABECCB2BR,0
$C0188,3FE1FBE76C8B4396,400921FB54442D18,0
5 178 6
5 179 22
5 180 53
5 181 101
5 182 0
5 183 0
4 172 ->
5 173 53
5 174 1
5 175 0
5 176 [2]
$-1,1
5 177 [9][4]
$C0188,3FE1FBE76C8B4396,400921FB54442D18,0
$C0187641AF3CCA35,3FE383C596F62E2C,4005FDBBE9BBA775,0
$C0185A827999FCEF,3FE4CFFB395B2B1,4002D97C7F3321D,0
$C01830FBC54D5D53,3FE5ADF4E671953F,3FFF6A7A29553865,0
$C018,3FE5FBE76C8B4396,3FF921FB54442D18,0
$C017CF043AB2A2AD,3FE5ADF4E671953F,3FF2D97C7F3321CR,0
$C017A57D8666031R,3FE4CFFB395B2B1,3FE921FB54442D23,0
$C01789BE50C335CB,3FE383C596F62E2C,3FD921FB54442D1B,0
$C0178,3FE1FBE76C8B4396,2*0
5 178 6
5 179 23
5 180 52
5 181 100
5 182 0
5 183 0
4 172 ->
5 173 54
5 174 1
5 175 0
5 176 [2]
$-1,1
5 177 [9][4]
$C014,3FE1FBE76C8B4396,401921FB54442D18,0
$C01409BE50C335CB,3FE07409422058FR,40178FDB9EFFEA45,0
$C014257D8666031R,3FDE4FA73F76B838,4015FDBBE9BBA774,0
$C0144F043AB2A2AD,3FDC93B3E549E3DB,40146B9C347764A5,0
$C0148,3FDBF7CED916872C,4012D97C7F3321D2,0
$C014B0FBC54D5D53,3FDC93B3E549E3DB,4011475CC9EEDEFE,0
$C014DA827999FCEF,3FDE4FA73F76B839,400F6A7A2955386,0
$C014F641AF3CCA35,3FE07409422059,400C463ABECCB2BR,0
$C015,3FE1FBE76C8B4396,400921FB54442D18,0
5 178 6
5 179 24
5 180 55
5 181 103
5 182 0
5 183 0
4 172 ->
5 173 55
5 174 1
5 175 0
5 176 [2]
$-1,1
5 177 [9][4]
$C015,3FE1FBE76C8B4396,400921FB54442D18,0
$C014F641AF3CCA35,3FE383C596F62E2C,4005FDBBE9BBA775,0
$C014DA827999FCEF,3FE4CFFB395B2B1,4002D97C7F3321D,0
$C014B0FBC54D5D53,3FE5ADF4E671953F,3FFF6A7A29553865,0
$C0148,3FE5FBE76C8B4396,3FF921FB54442D18,0
$C0144F043AB2A2AD,3FE5ADF4E671953F,3FF2D97C7F3321CR,0
$C014257D8666031R,3FE4CFFB395B2B1,3FE921FB54442D23,0
$C01409BE50C335CB,3FE383C596F62E2C,3FD921FB54442D1B,0
$C014,3FE1FBE76C8B4396,2*0
5 178 6
5 179 25
5 180 54
5 181 102
5 182 0
5 183 0
4 172 ->
5 173 56
5 174 1
5 175 0
5 176 [2]
$-1,1
5 177 [9][4]
$C014,BFE1FBE76C8B4396,401921FB54442D18,0
$C01409BE50C335CB,BFE383C596F62E2D,40178FDB9EFFEA45,0
$C014257D8666031R,BFE4CFFB395B2B1,4015FDBBE9BBA774,0
$C0144F043AB2A2AD,BFE5ADF4E671953F,40146B9C347764A5,0
$C0148,BFE5FBE76C8B4396,4012D97C7F3321D2,0
$C014B0FBC54D5D53,BFE5ADF4E671953E,4011475CC9EEDEFE,0
$C014DA827999FCEF,BFE4CFFB395B2B1,400F6A7A2955386,0
$C014F641AF3CCA35,BFE383C596F62E2C,400C463ABECCB2BR,0
$C015,BFE1FBE76C8B4396,400921FB54442D18,0
5 178 6
5 179 26
5 180 57
5 181 105
5 182 0
5 183 0
4 172 ->
5 173 57
5 174 1
5 175 0
5 176 [2]
$-1,1
5 177 [9][4]
$C015,BFE1FBE76C8B4396,400921FB54442D18,0
$C014F641AF3CCA35,BFE07409422059,4005FDBBE9BBA775,0
$C014DA827999FCEF,BFDE4FA73F76B839,4002D97C7F3321D,0
$C014B0FBC54D5D53,BFDC93B3E549E3DA,3FFF6A7A29553865,0
$C0148,BFDBF7CED916872C,3FF921FB54442D18,0
$C0144F043AB2A2AD,BFDC93B3E549E3DA,3FF2D97C7F3321CR,0
$C014257D8666031R,BFDE4FA73F76B839,3FE921FB54442D2,0
$C01409BE50C335CB,BFE07409422059,3FD921FB54442D1B,0
$C014,BFE1FBE76C8B4396,2*0
5 178 6
5 179 27
5 180 56
5 181 104
5 182 0
5 183 0
4 172 ->
5 173 58
5 174 1
5 175 0
5 176 [2]
$-1,1
5 177 [9][4]
$C0178,BFE1FBE76C8B4396,401921FB54442D18,0
$C01789BE50C335CB,BFE383C596F62E2D,40178FDB9EFFEA45,0
$C017A57D8666031R,BFE4CFFB395B2B1,4015FDBBE9BBA774,0
$C017CF043AB2A2AD,BFE5ADF4E671953F,40146B9C347764A5,0
$C018,BFE5FBE76C8B4396,4012D97C7F3321D2,0
$C01830FBC54D5D53,BFE5ADF4E671953E,4011475CC9EEDEFE,0
$C0185A827999FCEF,BFE4CFFB395B2B1,400F6A7A2955386,0
$C0187641AF3CCA35,BFE383C596F62E2C,400C463ABECCB2BR,0
$C0188,BFE1FBE76C8B4396,400921FB54442D18,0
5 178 6
5 179 28
5 180 59
5 181 107
5 182 0
5 183 0
4 172 ->
5 173 59
5 174 1
5 175 0
5 176 [2]
$-1,1
5 177 [9][4]
$C0188,BFE1FBE76C8B4396,400921FB54442D18,0
$C0187641AF3CCA35,BFE07409422059,4005FDBBE9BBA775,0
$C0185A827999FCEF,BFDE4FA73F76B839,4002D97C7F3321D,0
$C01830FBC54D5D53,BFDC93B3E549E3DA,3FFF6A7A29553865,0
$C018,BFDBF7CED916872C,3FF921FB54442D18,0
$C017CF043AB2A2AD,BFDC93B3E549E3DA,3FF2D97C7F3321CR,0
$C017A57D8666031R,BFDE4FA73F76B839,3FE921FB54442D2,0
$C01789BE50C335CB,BFE07409422059,3FD921FB54442D1B,0
$C0178,BFE1FBE76C8B4396,2*0
5 178 6
5 179 29
5 180 58
5 181 106
5 182 0
5 183 0
4 172 ->
5 173 60
5 174 1
5 175 0
5 176 [2]
$-1,1
5 177 [2][4]
$4008,3FE8,2*0
$C019,3FE8,40228,0
5 178 6
5 179 30
5 180 63
5 181 109
5 182 0
5 183 0
4 172 ->
5 173 61
5 174 1
5 175 0
5 176 [2]
$-1,1
5 177 [2][4]
$C019,3FE8,2*0
$C019,BFE8,3FF8,0
5 178 6
5 179 31
5 180 60
5 181 110
5 182 0
5 183 0
4 172 ->
5 173 62
5 174 1
5 175 0
5 176 [2]
$-1,1
5 177 [2][4]
$C019,BFE8,2*0
$4008,BFE8,40228,0
5 178 6
5 179 32
5 180 61
5 181 111
5 182 0
5 183 0
4 172 ->
5 173 63
5 174 1
5 175 0
5 176 [2]
$-1,1
5 177 [2][4]
$4008,BFE8,2*0
$4008,3FE8,3FF8,0
5 178 6
5 179 33
5 180 62
5 181 108
5 182 0
5 183 0
4 172 ->
5 173 64
5 174 1
5 175 0
5 176 [2]
$-1,1
5 177 [2][4]
$BFF486684808FCAF,3*0
$C00999C87BD67D75,BFD537F83936ABBF,3FFF21B54B9D9BC9,0
5 178 6
5 179 34
5 180 67
5 181 113
5 182 0
5 183 0
4 172 ->
5 173 65
5 174 1
5 175 0
5 176 [2]
$-1,1
5 177 [11][4]
$C00999C87BD67D75,BFD537F83936ABBF,401388D35943EB31,0
$C00A39F4BC18647R,BFD54A1A40D89D73,4012472061DA1C23,0
$C00AD2FD67332B0F,BFD3CF6100B6E527,4011056D6A704D16,0
$C00B55E79A865FC2,BFD0ECDEEE7EAA6B,400F8774E60CFC0F,0
$C00BB5E2BB963F56,BFC9D5BCB8DAE43A,400D040EF7395DF3,0
$C00BE98998E57D06,BFC05B9BE4781B0D,400A80A90865BFD8,0
$C00BEBCDD9D9BB3D,BFA9635F8166ABBF,4007FD43199221BD,0
$C00BBC76B1D58434,3F99BD968A95F4E,400579DD2ABE83A2,0
$C00B60266F8E7CDC,3FB6CCAC0D0C1381,4002F6773BEAE586,0
$C00ADFE65D4C55D3,3FC1660817840302,400073114D17476C,0
$C00A48445006293F,3FC4A075EC77DE12,3FFBDF56BC87529D,0
5 178 6
5 179 35
5 180 64
5 181 114
5 182 0
5 183 0
4 172 ->
5 173 66
5 174 1
5 175 0
5 176 [2]
$-1,1
5 177 [2][4]
$C00A48445006293F,3FC4A075EC77DE12,2*0
$BFF5E35FF0685446,3FDF88332F729AC8,3FFF21B54B9D9BC9,0
5 178 6
5 179 36
5 180 65
5 181 115
5 182 0
5 183 0
4 172 ->
5 173 67
5 174 1
5 175 0
5 176 [2]
$-1,1
5 177 [11][4]
$BFF5E35FF0685446,3FDF88332F729AC8,40200CE881B300DF,0
$BFF4A3076FE48641,3FDF9A5537148C7D,401ED81E0BFC32B,0
$BFF370F619AEF91,3FDE1F9BF6F2D43,401D966B149263A2,0
$BFF26B21B3088FAB,3FDB3D19E4BA9974,401C54B81D289494,0
$BFF1AB2B70E8D083,3FD73B1952A96125,401B130525BEC586,0
$BFF143DDB64A552R,3FD27E08E877FC8F,4019D1522E54F678,0
$BFF13F553461D8B5,3FCAF94DCCD188FB,40188F9F36EB276A,0
$BFF19E03846A46C8,3FC168C31B251F6F,40174DEC3F81585C,0
$BFF256A408F8557R,3FB2743FCBE3A88E,40160C394817894E,0
$BFF357242D7CA38B,3F99D36EA79ED838,4014CA8650ADBA4,0
$BFF486684808FCAF,0,401388D35943EB32,0
5 178 6
5 179 37
5 180 66
5 181 112
5 182 0
5 183 0
4 172 ->
5 173 68
5 174 1
5 175 0
5 176 [2]
$1,-1
5 177 [12][4]
$C00E8,0,401921FB54442D18,BFE
$C00EA44B56F58B36,BFBF8DD5FB8F7812,4017FD872D86E53A,BFE
$C00F0E3CA130F5AC,BFCE46A07347DA13,4016D91306C99D5C,BFE
$C00FB53EAA0EF251,BFD5293683D2E38C,4015B49EE00C557E,BFE
$C01045E4E20B8E7D,BFD9783DFD106692,4014902AB94F0D9F,BFE
$C010C03E3221CA8F,BFDBB70A43B13A92,40136BB69291C5C1,BFE
$C0113FC1CDDE3571,BFDBB70A43B13A91,401247426BD47DE3,BFE
$C011BA1B1DF47183,BFD9783DFD106692,401122CE45173604,BFE
$C0122560AAF886D7,BFD5293683D2E38C,400FFCB43CB3DC4E,BFE
$C01278E1AF67852A,BFCE46A07347DA13,400DB3CBEF394C91,BFE
$C012ADDA54853A65,BFBF8DD5FB8F7806,400B6AE3A1BEBCD3,BFE
$C012C,0,400921FB54442D18,BFE
5 178 7
5 179 8
5 180 69
5 181 92
5 182 0
5 183 0
4 172 ->
5 173 69
5 174 1
5 175 0
5 176 [2]
$1,-1
5 177 [12][4]
$C012C,0,400921FB54442D18,BFE
$C012ADDA54853A65,3FBF8DD5FB8F781A,4006D91306C99D5B,BFE
$C01278E1AF67852A,3FCE46A07347DA12,4004902AB94F0D9F,BFE
$C0122560AAF886D7,3FD5293683D2E38D,400247426BD47DE2,BFE
$C011BA1B1DF47183,3FD9783DFD106692,3FFFFCB43CB3DC4E,BFE
$C0113FC1CDDE3571,3FDBB70A43B13A92,3FFB6AE3A1BEBCD5,BFE
$C010C03E3221CA8F,3FDBB70A43B13A91,3FF6D91306C99D5C,BFE
$C01045E4E20B8E7D,3FD9783DFD106691,3FF247426BD47DE3,BFE
$C00FB53EAA0EF251,3FD5293683D2E38D,3FEB6AE3A1BEBCD3,BFE
$C00F0E3CA130F5AC,3FCE46A07347DA13,3FE247426BD47DE4,BFE
$C00EA44B56F58B36,3FBF8DD5FB8F780E,3FD247426BD47DE,BFE
$C00E8,2*0,BFE
5 178 7
5 179 9
5 180 68
5 181 93
5 182 0
5 183 0
4 172 ->
5 173 70
5 174 1
5 175 0
5 176 [2]
$1,-1
5 177 [10][4]
$3FCBF7CED916872B,0,401921FB54442D18,BFE
$3FCA4804CC65849C,BFB32198DCA3A92A,4017BC89CF95B8D,BFE
$3FC56CBB2B7AD2E8,BFC1FA3C61FC320E,401657184AE74487,BFE
$3FBBF7CED9168721,BFC838935B7415F6,4014F1A6C638D03E,BFE
$3FA36D2683AAC6BA,BFCB8B08D04E06A2,40138C35418A5BF6,BFE
$BFA36D2683AAC6C5,BFCB8B08D04E06A1,401226C3BCDBE7AE,BFE
$BFBBF7CED9168732,BFC838935B7415F1,4010C152382D7364,BFE
$BFC56CBB2B7AD2EB,BFC1FA3C61FC320B,400EB7C166FDFE39,BFE
$BFCA4804CC65849C,BFB32198DCA3A92B,400BECDE5DA115A8,BFE
$BFCBF7CED916872B,0,400921FB54442D18,BFE
5 178 7
5 179 10
5 180 71
5 181 94
5 182 0
5 183 0
4 172 ->
5 173 71
5 174 1
5 175 0
5 176 [2]
$1,-1
5 177 [10][4]
$BFCBF7CED916872B,0,400921FB54442D18,BFE
$BFCA4804CC65849B,3FB32198DCA3A92E,400657184AE74487,BFE
$BFC56CBB2B7AD2E9,3FC1FA3C61FC320D,40038C35418A5BF6,BFE
$BFBBF7CED9168728,3FC838935B7415F4,4000C152382D736R,BFE
$BFA36D2683AAC6C4,3FCB8B08D04E06A1,3FFBECDE5DA115A9,BFE
$3FA36D2683AAC6C8,3FCB8B08D04E06A1,3FF657184AE74487,BFE
$3FBBF7CED916872D,3FC838935B7415F3,3FF0C152382D7365,BFE
$3FC56CBB2B7AD2EA,3FC1FA3C61FC320B,3FE657184AE74487,BFE
$3FCA4804CC65849C,3FB32198DCA3A92C,3FD657184AE74487,BFE
$3FCBF7CED916872B,2*0,BFE
5 178 7
5 179 11
5 180 70
5 181 95
5 182 0
5 183 0
4 172 ->
5 173 72
5 174 1
5 175 0
5 176 [2]
$1,-1
5 177 [8][4]
$3FF78F5C28F5C29,0,401921FB54442D18,BFE
$3FF776020E441D74,BF9BC4C04D71ABC5,4017566960887305,BFE
$3FF72EF9300A21FE,BFA904C37505DE4C,40158AD76CCCB8ER,BFE
$3FF6C8534ABBC71B,BFAF329C0558E969,4013BF457910FEDC,BFE
$3FF65665072FBE05,BFAF329C0558E969,4011F3B3855544C8,BFE
$3FF5EFBF21E16321,BFA904C37505DE4A,4010282191998AB2,BFE
$3FF5A8B643A767AC,BF9BC4C04D71ABBF,400CB91F3BBBA13E,BFE
$3FF58F5C28F5C29,0,400921FB54442D18,BFE
5 178 7
5 179 12
5 180 73
5 181 96
5 182 0
5 183 0
4 172 ->
5 173 73
5 174 1
5 175 0
5 176 [2]
$1,-1
5 177 [8][4]
$3FF58F5C28F5C29,0,400921FB54442D18,BFE
$3FF5A8B643A767AC,3F9BC4C04D71ABC3,40058AD76CCCB8F2,BFE
$3FF5EFBF21E16321,3FA904C37505DE4C,4001F3B3855544CB,BFE
$3FF65665072FBE05,3FAF329C0558E969,3FFCB91F3BBBA14,BFE
$3FF6C8534ABBC71B,3FAF329C0558E969,3FF58AD76CCCB8F1,BFE
$3FF72EF9300A21FR,3FA904C37505DE4B,3FECB91F3BBBA135,BFE
$3FF776020E441D74,3F9BC4C04D71ABC1,3FDCB91F3BBBA13R,BFE
$3FF78F5C28F5C29,2*0,BFE
5 178 7
5 179 13
5 180 72
5 181 97
5 182 0
5 183 0
4 172 ->
5 173 74
5 174 1
5 175 0
5 176 [2]
$1,-1
5 177 [8][4]
$40028,0,401921FB54442D18,BFE
$40027352F2A72D72,BF9BC4C04D71ABC5,4017566960887305,BFE
$40024FCE838A2FB7,BFA904C37505DE4C,40158AD76CCCB8ER,BFE
$40021C7B90E30245,BFAF329C0558E969,4013BF457910FED8,BFE
$4001E3846F1CFDBA,BFAF329C0558E969,4011F3B3855544C4,BFE
$4001B0317C75D049,BFA904C37505DE4A,4010282191998AB6,BFE
$40018CAD0D58D28E,BF9BC4C04D71ABBF,400CB91F3BBBA13E,BFE
$40018,0,400921FB54442D18,BFE
5 178 7
5 179 14
5 180 75
5 181 98
5 182 0
5 183 0
4 172 ->
5 173 75
5 174 1
5 175 0
5 176 [2]
$1,-1
5 177 [8][4]
$40018,0,400921FB54442D18,BFE
$40018CAD0D58D28E,3F9BC4C04D71ABC3,40058AD76CCCB8F2,BFE
$4001B0317C75D049,3FA904C37505DE4C,4001F3B3855544C4,BFE
$4001E3846F1CFDBA,3FAF329C0558E969,3FFCB91F3BBBA15,BFE
$40021C7B90E30246,3FAF329C0558E969,3FF58AD76CCCB8E1,BFE
$40024FCE838A2FB7,3FA904C37505DE4B,3FECB91F3BBBA14E,BFE
$40027352F2A72D72,3F9BC4C04D71ABC1,3FDCB91F3BBBA13R,BFE
$40028,2*0,BFE
5 178 7
5 179 15
5 180 74
5 181 99
5 182 0
5 183 0
4 172 ->
5 173 76
5 174 1
5 175 0
5 176 [2]
$1,-1
5 177 [9][4]
$C0178,3FE1FBE76C8B4396,401921FB54442D18,BFE
$C01789BE50C335CB,3FE07409422058FR,40178FDB9EFFEA45,BFE
$C017A57D8666031R,3FDE4FA73F76B838,4015FDBBE9BBA774,BFE
$C017CF043AB2A2AD,3FDC93B3E549E3DB,40146B9C347764A5,BFE
$C018,3FDBF7CED916872C,4012D97C7F3321D2,BFE
$C01830FBC54D5D53,3FDC93B3E549E3DB,4011475CC9EEDEFE,BFE
$C0185A827999FCEF,3FDE4FA73F76B839,400F6A7A2955386,BFE
$C0187641AF3CCA35,3FE07409422059,400C463ABECCB2BR,BFE
$C0188,3FE1FBE76C8B4396,400921FB54442D18,BFE
5 178 7
5 179 22
5 180 77
5 181 100
5 182 0
5 183 0
4 172 ->
5 173 77
5 174 1
5 175 0
5 176 [2]
$1,-1
5 177 [9][4]
$C0188,3FE1FBE76C8B4396,400921FB54442D18,BFE
$C0187641AF3CCA35,3FE383C596F62E2C,4005FDBBE9BBA775,BFE
$C0185A827999FCEF,3FE4CFFB395B2B1,4002D97C7F3321D,BFE
$C01830FBC54D5D53,3FE5ADF4E671953F,3FFF6A7A29553865,BFE
$C018,3FE5FBE76C8B4396,3FF921FB54442D18,BFE
$C017CF043AB2A2AD,3FE5ADF4E671953F,3FF2D97C7F3321CR,BFE
$C017A57D8666031R,3FE4CFFB395B2B1,3FE921FB54442D23,BFE
$C01789BE50C335CB,3FE383C596F62E2C,3FD921FB54442D1B,BFE
$C0178,3FE1FBE76C8B4396,0,BFE
5 178 7
5 179 23
5 180 76
5 181 101
5 182 0
5 183 0
4 172 ->
5 173 78
5 174 1
5 175 0
5 176 [2]
$1,-1
5 177 [9][4]
$C014,3FE1FBE76C8B4396,401921FB54442D18,BFE
$C01409BE50C335CB,3FE07409422058FR,40178FDB9EFFEA45,BFE
$C014257D8666031R,3FDE4FA73F76B838,4015FDBBE9BBA774,BFE
$C0144F043AB2A2AD,3FDC93B3E549E3DB,40146B9C347764A5,BFE
$C0148,3FDBF7CED916872C,4012D97C7F3321D2,BFE
$C014B0FBC54D5D53,3FDC93B3E549E3DB,4011475CC9EEDEFE,BFE
$C014DA827999FCEF,3FDE4FA73F76B839,400F6A7A2955386,BFE
$C014F641AF3CCA35,3FE07409422059,400C463ABECCB2BR,BFE
$C015,3FE1FBE76C8B4396,400921FB54442D18,BFE
5 178 7
5 179 24
5 180 79
5 181 102
5 182 0
5 183 0
4 172 ->
5 173 79
5 174 1
5 175 0
5 176 [2]
$1,-1
5 177 [9][4]
$C015,3FE1FBE76C8B4396,400921FB54442D18,BFE
$C014F641AF3CCA35,3FE383C596F62E2C,4005FDBBE9BBA775,BFE
$C014DA827999FCEF,3FE4CFFB395B2B1,4002D97C7F3321D,BFE
$C014B0FBC54D5D53,3FE5ADF4E671953F,3FFF6A7A29553865,BFE
$C0148,3FE5FBE76C8B4396,3FF921FB54442D18,BFE
$C0144F043AB2A2AD,3FE5ADF4E671953F,3FF2D97C7F3321CR,BFE
$C014257D8666031R,3FE4CFFB395B2B1,3FE921FB54442D23,BFE
$C01409BE50C335CB,3FE383C596F62E2C,3FD921FB54442D1B,BFE
$C014,3FE1FBE76C8B4396,0,BFE
5 178 7
5 179 25
5 180 78
5 181 103
5 182 0
5 183 0
4 172 ->
5 173 80
5 174 1
5 175 0
5 176 [2]
$1,-1
5 177 [9][4]
$C014,BFE1FBE76C8B4396,401921FB54442D18,BFE
$C01409BE50C335CB,BFE383C596F62E2D,40178FDB9EFFEA45,BFE
$C014257D8666031R,BFE4CFFB395B2B1,4015FDBBE9BBA774,BFE
$C0144F043AB2A2AD,BFE5ADF4E671953F,40146B9C347764A5,BFE
$C0148,BFE5FBE76C8B4396,4012D97C7F3321D2,BFE
$C014B0FBC54D5D53,BFE5ADF4E671953E,4011475CC9EEDEFE,BFE
$C014DA827999FCEF,BFE4CFFB395B2B1,400F6A7A2955386,BFE
$C014F641AF3CCA35,BFE383C596F62E2C,400C463ABECCB2BR,BFE
$C015,BFE1FBE76C8B4396,400921FB54442D18,BFE
5 178 7
5 179 26
5 180 81
5 181 104
5 182 0
5 183 0
4 172 ->
5 173 81
5 174 1
5 175 0
5 176 [2]
$1,-1
5 177 [9][4]
$C015,BFE1FBE76C8B4396,400921FB54442D18,BFE
$C014F641AF3CCA35,BFE07409422059,4005FDBBE9BBA775,BFE
$C014DA827999FCEF,BFDE4FA73F76B839,4002D97C7F3321D,BFE
$C014B0FBC54D5D53,BFDC93B3E549E3DA,3FFF6A7A29553865,BFE
$C0148,BFDBF7CED916872C,3FF921FB54442D18,BFE
$C0144F043AB2A2AD,BFDC93B3E549E3DA,3FF2D97C7F3321CR,BFE
$C014257D8666031R,BFDE4FA73F76B839,3FE921FB54442D2,BFE
$C01409BE50C335CB,BFE07409422059,3FD921FB54442D1B,BFE
$C014,BFE1FBE76C8B4396,0,BFE
5 178 7
5 179 27
5 180 80
5 181 105
5 182 0
5 183 0
4 172 ->
5 173 82
5 174 1
5 175 0
5 176 [2]
$1,-1
5 177 [9][4]
$C0178,BFE1FBE76C8B4396,401921FB54442D18,BFE
$C01789BE50C335CB,BFE383C596F62E2D,40178FDB9EFFEA45,BFE
$C017A57D8666031R,BFE4CFFB395B2B1,4015FDBBE9BBA774,BFE
$C017CF043AB2A2AD,BFE5ADF4E671953F,40146B9C347764A5,BFE
$C018,BFE5FBE76C8B4396,4012D97C7F3321D2,BFE
$C01830FBC54D5D53,BFE5ADF4E671953E,4011475CC9EEDEFE,BFE
$C0185A827999FCEF,BFE4CFFB395B2B1,400F6A7A2955386,BFE
$C0187641AF3CCA35,BFE383C596F62E2C,400C463ABECCB2BR,BFE
$C0188,BFE1FBE76C8B4396,400921FB54442D18,BFE
5 178 7
5 179 28
5 180 83
5 181 106
5 182 0
5 183 0
4 172 ->
5 173 83
5 174 1
5 175 0
5 176 [2]
$1,-1
5 177 [9][4]
$C0188,BFE1FBE76C8B4396,400921FB54442D18,BFE
$C0187641AF3CCA35,BFE07409422059,4005FDBBE9BBA775,BFE
$C0185A827999FCEF,BFDE4FA73F76B839,4002D97C7F3321D,BFE
$C01830FBC54D5D53,BFDC93B3E549E3DA,3FFF6A7A29553865,BFE
$C018,BFDBF7CED916872C,3FF921FB54442D18,BFE
$C017CF043AB2A2AD,BFDC93B3E549E3DA,3FF2D97C7F3321CR,BFE
$C017A57D8666031R,BFDE4FA73F76B839,3FE921FB54442D2,BFE
$C01789BE50C335CB,BFE07409422059,3FD921FB54442D1B,BFE
$C0178,BFE1FBE76C8B4396,0,BFE
5 178 7
5 179 29
5 180 82
5 181 107
5 182 0
5 183 0
4 172 ->
5 173 84
5 174 1
5 175 0
5 176 [2]
$1,-1
5 177 [2][4]
$4008,3FE8,0,3FE
$C019,3FE8,40228,3FE
5 178 7
5 179 30
5 180 85
5 181 108
5 182 0
5 183 0
4 172 ->
5 173 85
5 174 1
5 175 0
5 176 [2]
$1,-1
5 177 [2][4]
$C019,3FE8,0,3FE
$C019,BFE8,3FF8,3FE
5 178 7
5 179 31
5 180 86
5 181 109
5 182 0
5 183 0
4 172 ->
5 173 86
5 174 1
5 175 0
5 176 [2]
$1,-1
5 177 [2][4]
$C019,BFE8,0,3FE
$4008,BFE8,40228,3FE
5 178 7
5 179 32
5 180 87
5 181 110
5 182 0
5 183 0
4 172 ->
5 173 87
5 174 1
5 175 0
5 176 [2]
$1,-1
5 177 [2][4]
$4008,BFE8,0,3FE
$4008,3FE8,3FF8,3FE
5 178 7
5 179 33
5 180 84
5 181 111
5 182 0
5 183 0
4 172 ->
5 173 88
5 174 1
5 175 0
5 176 [2]
$1,-1
5 177 [2][4]
$BFF486684808FCAF,2*0,3FE
$C00999C87BD67D75,BFD537F83936ABBF,3FFF21B54B9D9BC9,3FE
5 178 7
5 179 34
5 180 89
5 181 112
5 182 0
5 183 0
4 172 ->
5 173 89
5 174 1
5 175 0
5 176 [2]
$1,-1
5 177 [11][4]
$C00999C87BD67D75,BFD537F83936ABBF,401388D35943EB31,BFE
$C00A39F4BC18647R,BFD54A1A40D89D73,4012472061DA1C23,BFE
$C00AD2FD67332B0F,BFD3CF6100B6E527,4011056D6A704D16,BFE
$C00B55E79A865FC2,BFD0ECDEEE7EAA6B,400F8774E60CFC0F,BFE
$C00BB5E2BB963F56,BFC9D5BCB8DAE43A,400D040EF7395DF3,BFE
$C00BE98998E57D06,BFC05B9BE4781B0D,400A80A90865BFD8,BFE
$C00BEBCDD9D9BB3D,BFA9635F8166ABBF,4007FD43199221BD,BFE
$C00BBC76B1D58434,3F99BD968A95F4E,400579DD2ABE83A2,BFE
$C00B60266F8E7CDC,3FB6CCAC0D0C1381,4002F6773BEAE586,BFE
$C00ADFE65D4C55D3,3FC1660817840302,400073114D17476C,BFE
$C00A48445006293F,3FC4A075EC77DE12,3FFBDF56BC87529D,BFE
5 178 7
5 179 35
5 180 90
5 181 113
5 182 0
5 183 0
4 172 ->
5 173 90
5 174 1
5 175 0
5 176 [2]
$1,-1
5 177 [2][4]
$C00A48445006293F,3FC4A075EC77DE12,0,3FE
$BFF5E35FF0685446,3FDF88332F729AC8,3FFF21B54B9D9BC9,3FE
5 178 7
5 179 36
5 180 91
5 181 114
5 182 0
5 183 0
4 172 ->
5 173 91
5 174 1
5 175 0
5 176 [2]
$1,-1
5 177 [11][4]
$BFF5E35FF0685446,3FDF88332F729AC8,40200CE881B300DF,BFE
$BFF4A3076FE48641,3FDF9A5537148C7D,401ED81E0BFC32B,BFE
$BFF370F619AEF91,3FDE1F9BF6F2D43,401D966B149263A2,BFE
$BFF26B21B3088FAB,3FDB3D19E4BA9974,401C54B81D289494,BFE
$BFF1AB2B70E8D083,3FD73B1952A96125,401B130525BEC586,BFE
$BFF143DDB64A552R,3FD27E08E877FC8F,4019D1522E54F678,BFE
$BFF13F553461D8B5,3FCAF94DCCD188FB,40188F9F36EB276A,BFE
$BFF19E03846A46C8,3FC168C31B251F6F,40174DEC3F81585C,BFE
$BFF256A408F8557R,3FB2743FCBE3A88E,40160C394817894E,BFE
$BFF357242D7CA38B,3F99D36EA79ED838,4014CA8650ADBA4,BFE
$BFF486684808FCAF,0,401388D35943EB32,BFE
5 178 7
5 179 37
5 180 88
5 181 115
5 182 0
5 183 0
4 172 ->
5 173 92
5 174 1
5 175 1
5 176 [2]
$-1,1
5 177 [2][4]
$401921FB54442D18,3*0
$401921FB54442D18,BFE,0,BFE
5 178 8
5 179 9
5 180 38
5 181 69
5 182 0
5 183 0
4 172 ->
5 173 93
5 174 1
5 175 1
5 176 [2]
$-1,1
5 177 [2][4]
$400921FB54442D18,0,400921FB54442D18,0
$400921FB54442D18,BFE,400921FB54442D18,BFE
5 178 9
5 179 8
5 180 39
5 181 68
5 182 0
5 183 0
4 172 ->
5 173 94
5 174 1
5 175 1
5 176 [2]
$-1,1
5 177 [2][4]
$401921FB54442D18,3*0
$401921FB54442D18,BFE,0,BFE
5 178 10
5 179 11
5 180 40
5 181 71
5 182 0
5 183 0
4 172 ->
5 173 95
5 174 1
5 175 1
5 176 [2]
$-1,1
5 177 [2][4]
$400921FB54442D18,0,400921FB54442D18,0
$400921FB54442D18,BFE,400921FB54442D18,BFE
5 178 11
5 179 10
5 180 41
5 181 70
5 182 0
5 183 0
4 172 ->
5 173 96
5 174 1
5 175 1
5 176 [2]
$-1,1
5 177 [2][4]
$401921FB54442D18,3*0
$401921FB54442D18,BFE,0,BFE
5 178 12
5 179 13
5 180 42
5 181 73
5 182 0
5 183 0
4 172 ->
5 173 97
5 174 1
5 175 1
5 176 [2]
$-1,1
5 177 [2][4]
$400921FB54442D18,0,400921FB54442D18,0
$400921FB54442D18,BFE,400921FB54442D18,BFE
5 178 13
5 179 12
5 180 43
5 181 72
5 182 0
5 183 0
4 172 ->
5 173 98
5 174 1
5 175 1
5 176 [2]
$-1,1
5 177 [2][4]
$401921FB54442D18,3*0
$401921FB54442D18,BFE,0,BFE
5 178 14
5 179 15
5 180 44
5 181 75
5 182 0
5 183 0
4 172 ->
5 173 99
5 174 1
5 175 1
5 176 [2]
$-1,1
5 177 [2][4]
$400921FB54442D18,0,400921FB54442D18,0
$400921FB54442D18,BFE,400921FB54442D18,BFE
5 178 15
5 179 14
5 180 45
5 181 74
5 182 0
5 183 0
4 172 ->
5 173 100
5 174 1
5 175 1
5 176 [2]
$-1,1
5 177 [2][4]
$401921FB54442D18,3*0
$401921FB54442D18,BFE,0,BFE
5 178 22
5 179 23
5 180 52
5 181 77
5 182 0
5 183 0
4 172 ->
5 173 101
5 174 1
5 175 1
5 176 [2]
$-1,1
5 177 [2][4]
$400921FB54442D18,0,400921FB54442D18,0
$400921FB54442D18,BFE,400921FB54442D18,BFE
5 178 23
5 179 22
5 180 53
5 181 76
5 182 0
5 183 0
4 172 ->
5 173 102
5 174 1
5 175 1
5 176 [2]
$-1,1
5 177 [2][4]
$401921FB54442D18,3*0
$401921FB54442D18,BFE,0,BFE
5 178 24
5 179 25
5 180 54
5 181 79
5 182 0
5 183 0
4 172 ->
5 173 103
5 174 1
5 175 1
5 176 [2]
$-1,1
5 177 [2][4]
$400921FB54442D18,0,400921FB54442D18,0
$400921FB54442D18,BFE,400921FB54442D18,BFE
5 178 25
5 179 24
5 180 55
5 181 78
5 182 0
5 183 0
4 172 ->
5 173 104
5 174 1
5 175 1
5 176 [2]
$-1,1
5 177 [2][4]
$401921FB54442D18,3*0
$401921FB54442D18,BFE,0,BFE
5 178 26
5 179 27
5 180 56
5 181 81
5 182 0
5 183 0
4 172 ->
5 173 105
5 174 1
5 175 1
5 176 [2]
$-1,1
5 177 [2][4]
$400921FB54442D18,0,400921FB54442D18,0
$400921FB54442D18,BFE,400921FB54442D18,BFE
5 178 27
5 179 26
5 180 57
5 181 80
5 182 0
5 183 0
4 172 ->
5 173 106
5 174 1
5 175 1
5 176 [2]
$-1,1
5 177 [2][4]
$401921FB54442D18,3*0
$401921FB54442D18,BFE,0,BFE
5 178 28
5 179 29
5 180 58
5 181 83
5 182 0
5 183 0
4 172 ->
5 173 107
5 174 1
5 175 1
5 176 [2]
$-1,1
5 177 [2][4]
$400921FB54442D18,0,400921FB54442D18,0
$400921FB54442D18,BFE,400921FB54442D18,BFE
5 178 29
5 179 28
5 180 59
5 181 82
5 182 0
5 183 0
4 172 ->
5 173 108
5 174 1
5 175 0
5 176 [2]
$-1,1
5 177 [2][4]
$2*0,3FF8,0
$0,3FE,3FF8,3FE
5 178 30
5 179 33
5 180 60
5 181 87
5 182 0
5 183 0
4 172 ->
5 173 109
5 174 1
5 175 0
5 176 [2]
$-1,1
5 177 [2][4]
$2*0,40228,0
$0,3FE,40228,3FE
5 178 31
5 179 30
5 180 61
5 181 84
5 182 0
5 183 0
4 172 ->
5 173 110
5 174 1
5 175 0
5 176 [2]
$-1,1
5 177 [2][4]
$2*0,3FF8,0
$0,3FE,3FF8,3FE
5 178 32
5 179 31
5 180 62
5 181 85
5 182 0
5 183 0
4 172 ->
5 173 111
5 174 1
5 175 0
5 176 [2]
$-1,1
5 177 [2][4]
$2*0,40228,0
$0,3FE,40228,3FE
5 178 33
5 179 32
5 180 63
5 181 86
5 182 0
5 183 0
4 172 ->
5 173 112
5 174 1
5 175 0
5 176 [2]
$-1,1
5 177 [2][4]
$2*0,401388D35943EB32,0
$0,3FE,401388D35943EB32,BFE
5 178 34
5 179 37
5 180 64
5 181 91
5 182 0
5 183 0
4 172 ->
5 173 113
5 174 1
5 175 0
5 176 [2]
$-1,1
5 177 [2][4]
$401388D35943EB31,0,3FFF21B54B9D9BC9,0
$401388D35943EB31,BFE,3FFF21B54B9D9BC9,3FE
5 178 35
5 179 34
5 180 65
5 181 88
5 182 0
5 183 0
4 172 ->
5 173 114
5 174 1
5 175 0
5 176 [2]
$-1,1
5 177 [2][4]
$2*0,3FFBDF56BC87529D,0
$0,3FE,3FFBDF56BC87529D,BFE
5 178 36
5 179 35
5 180 66
5 181 89
5 182 0
5 183 0
4 172 ->
5 173 115
5 174 1
5 175 0
5 176 [2]
$-1,1
5 177 [2][4]
$40200CE881B300DF,0,3FFF21B54B9D9BC9,0
$40200CE881B300DF,BFE,3FFF21B54B9D9BC9,3FE
5 178 37
5 179 36
5 180 67
5 181 90
5 182 0
5 183 0
4 172 ->
5 173 141
5 174 1
5 175 0
5 176 [2]
$-1,1
5 177 [12][4]
$3FCA,2*0,BFD
$3FC8F2629E96D147,3FAD4CD8FBE0A656,3FD247426BD47DE3,BFD
$3FC5DF622E020397,3FBC1D02B4306F12,3FE247426BD47DE3,BFD
$3FC106C0C790F7ER,3FC3A644E81F4103,3FEB6AE3A1BEBCD4,BFD
$3FB59A0130F1BF34,3FC7A682B42183CF,3FF247426BD47DE3,BFD
$3F9D99FB0298CFEF,3FC9BC40636DB662,3FF6D91306C99D5B,BFD
$BF9D99FB0298CFDC,3FC9BC40636DB663,3FFB6AE3A1BEBCD5,BFD
$BFB59A0130F1BF32,3FC7A682B42183D,3FFFFCB43CB3DC4D,BFD
$BFC106C0C790F7ED,3FC3A644E81F4103,400247426BD47DE3,BFD
$BFC5DF622E020398,3FBC1D02B4306F1,4004902AB94F0DA,BFD
$BFC8F2629E96D146,3FAD4CD8FBE0A662,4006D91306C99D5B,BFD
$BFCA,0,400921FB54442D18,BFD
5 178 138
5 179 139
5 180 142
5 181 150
5 182 0
5 183 0
4 172 ->
5 173 142
5 174 1
5 175 0
5 176 [2]
$-1,1
5 177 [12][4]
$BFCA,0,400921FB54442D18,BFD
$BFC8F2629E96D148,BFAD4CD8FBE0A64E,400B6AE3A1BEBCD3,BFD
$BFC5DF622E020397,BFBC1D02B4306F12,400DB3CBEF394C9,BFD
$BFC106C0C790F7ER,BFC3A644E81F4102,400FFCB43CB3DC4C,BFD
$BFB59A0130F1BF3R,BFC7A682B42183D,401122CE45173604,BFD
$BF9D99FB0298CFE9,BFC9BC40636DB662,401247426BD47DE2,BFD
$3F9D99FB0298CFD4,BFC9BC40636DB663,40136BB69291C5C1,BFD
$3FB59A0130F1BF2E,BFC7A682B42183D1,4014902AB94F0D9F,BFD
$3FC106C0C790F7EF,BFC3A644E81F4102,4015B49EE00C557E,BFD
$3FC5DF622E020397,BFBC1D02B4306F12,4016D91306C99D5C,BFD
$3FC8F2629E96D147,BFAD4CD8FBE0A65A,4017FD872D86E53A,BFD
$3FCA,0,401921FB54442D18,BFD
5 178 138
5 179 140
5 180 141
5 181 149
5 182 0
5 183 0
4 172 ->
5 173 143
5 174 1
5 175 0
5 176 [2]
$1,-1
5 177 [13][4]
$4003A7AE147AE148,3*0
$4003B5DAD7DC2F94,3FAAEACC5A8EEAR,3FD0C152382D7365,0
$4003DF69D6AE6563,3FBA,3FE0C152382D7365,0
$4004218609466B3F,3FC26280B3476096,3FE921FB54442D18,0
$400477AE147AE148,3FC68443DCC7BE4A,3FF0C152382D7365,0
$4004DC02E310A59D,3FC91D33C9EB1B41,3FF4F1A6C638D03F,0
$400547AE147AE148,3FCA,3FF921FB54442D18,0
$4005B35945E51CF3,3FC91D33C9EB1B41,3FFD524FE24F89F1,0
$400617AE147AE148,3FC68443DCC7BE4B,4000C152382D7365,0
$40066DD61FAF5751,3FC26280B3476097,4002D97C7F3321D2,0
$4006AFF252475D2D,3FBA,4004F1A6C638D03F,0
$4006D981511992FC,3FAAEACC5A8EEAB2,400709D10D3E7EAB,0
$4006E7AE147AE148,0,400921FB54442D18,0
5 178 7
5 179 139
5 180 144
5 181 149
5 182 0
5 183 0
4 172 ->
5 173 144
5 174 1
5 175 0
5 176 [2]
$1,-1
5 177 [13][4]
$4006E7AE147AE148,0,400921FB54442D18,0
$4006D981511992FC,BFAAEACC5A8EEAAC,400B3A259B49DB85,0
$4006AFF252475D2D,BFBA,400D524FE24F89F1,0
$40066DD61FAF5751,BFC26280B3476096,400F6A7A2955385E,0
$400617AE147AE148,BFC68443DCC7BE48,4010C152382D7365,0
$4005B35945E51CF3,BFC91D33C9EB1B41,4011CD675BB04A9C,0
$400547AE147AE148,BFCA,4012D97C7F3321D2,0
$4004DC02E310A59E,BFC91D33C9EB1B42,4013E591A2B5F908,0
$400477AE147AE148,BFC68443DCC7BE4D,4014F1A6C638D03E,0
$4004218609466B3F,BFC26280B3476097,4015FDBBE9BBA775,0
$4003DF69D6AE6563,BFBA,401709D10D3E7EAC,0
$4003B5DAD7DC2F94,BFAAEACC5A8EEAA8,401815E630C155E2,0
$4003A7AE147AE148,0,401921FB54442D18,0
5 178 7
5 179 140
5 180 143
5 181 150
5 182 0
5 183 0
4 172 ->
5 173 145
5 174 1
5 175 0
5 176 [2]
$-1,1
5 177 [12][4]
$3FC072B020C49BA,0,400921FB54442D18,BFD
$3FBF90404819B8,BFA28926CE49BEC,400B6AE3A1BEBCD4,BFD
$3FBBAC8326D555A,BFB1C8F089EFB18C,400DB3CBEF394C91,BFD
$3FB58AD4167DC26,BFB8DC738A329236,400FFCB43CB3DC4D,BFD
$3FAB54BB670B1C8,BFBDEC5A61C7C8F6,401122CE45173605,BFD
$3F92B9F27220148,BFC047D44ADF7A78,401247426BD47DE3,BFD
$BF92B9F27220148,BFC047D44ADF7A78,40136BB69291C5C1,BFD
$BFAB54BB670B1C8,BFBDEC5A61C7C8F7,4014902AB94F0D9F,BFD
$BFB58AD4167DC28,BFB8DC738A329236,4015B49EE00C557E,BFD
$BFBBAC8326D555A,BFB1C8F089EFB18C,4016D91306C99D5C,BFD
$BFBF90404819B8,BFA28926CE49BEC8,4017FD872D86E53A,BFD
$BFC072B020C49BA,0,401921FB54442D18,BFD
5 178 138
5 179 16
5 180 146
5 181 147
5 182 0
5 183 0
4 172 ->
5 173 146
5 174 1
5 175 0
5 176 [2]
$-1,1
5 177 [12][4]
$BFC072B020C49BA,2*0,BFD
$BFBF90404819B8,3FA28926CE49BEC5,3FD247426BD47DE3,BFD
$BFBBAC8326D555A,3FB1C8F089EFB18C,3FE247426BD47DE3,BFD
$BFB58AD4167DC26,3FB8DC738A329237,3FEB6AE3A1BEBCD4,BFD
$BFAB54BB670B1C8,3FBDEC5A61C7C8F5,3FF247426BD47DE3,BFD
$BF92B9F27220148,3FC047D44ADF7A78,3FF6D91306C99D5B,BFD
$3F92B9F27220148,3FC047D44ADF7A78,3FFB6AE3A1BEBCD4,BFD
$3FAB54BB670B1C8,3FBDEC5A61C7C8F6,3FFFFCB43CB3DC4D,BFD
$3FB58AD4167DC26,3FB8DC738A329237,400247426BD47DE3,BFD
$3FBBAC8326D555A,3FB1C8F089EFB18B,4004902AB94F0DA,BFD
$3FBF90404819B8,3FA28926CE49BECD,4006D91306C99D5B,BFD
$3FC072B020C49BA,0,400921FB54442D18,BFD
5 178 138
5 179 17
5 180 145
5 181 148
5 182 0
5 183 0
4 172 ->
5 173 147
5 174 1
5 175 1
5 176 [2]
$-1,1
5 177 [2][4]
$401921FB54442D18,3*0
$401921FB54442D18,BFD,0,BFD
5 178 16
5 179 17
5 180 46
5 181 146
5 182 0
5 183 0
4 172 ->
5 173 148
5 174 1
5 175 1
5 176 [2]
$-1,1
5 177 [2][4]
$400921FB54442D18,0,400921FB54442D18,0
$400921FB54442D18,BFD,400921FB54442D18,BFD
5 178 17
5 179 16
5 180 47
5 181 145
5 182 0
5 183 0
4 172 ->
5 173 149
5 174 1
5 175 1
5 176 [2]
$1,-1
5 177 [2][4]
$2*0,401921FB54442D18,0
$0,BFD,401921FB54442D18,BFD
5 178 139
5 179 140
5 180 141
5 181 144
5 182 0
5 183 0
4 172 ->
5 173 150
5 174 1
5 175 1
5 176 [2]
$1,-1
5 177 [2][4]
$400921FB54442D18,0,400921FB54442D18,0
$400921FB54442D18,BFD,400921FB54442D18,BFD
5 178 140
5 179 139
5 180 142
5 181 143
5 182 0
5 183 0
4 172 ->
5 173 156
5 174 1
5 175 0
5 176 [2]
$-1,1
5 177 [12][4]
$3FCA,2*0,BFD
$3FC8F2629E96D147,3FAD4CD8FBE0A656,3FD247426BD47DE3,BFD
$3FC5DF622E020397,3FBC1D02B4306F12,3FE247426BD47DE3,BFD
$3FC106C0C790F7ER,3FC3A644E81F4103,3FEB6AE3A1BEBCD4,BFD
$3FB59A0130F1BF34,3FC7A682B42183CF,3FF247426BD47DE3,BFD
$3F9D99FB0298CFEF,3FC9BC40636DB662,3FF6D91306C99D5B,BFD
$BF9D99FB0298CFDC,3FC9BC40636DB663,3FFB6AE3A1BEBCD5,BFD
$BFB59A0130F1BF32,3FC7A682B42183D,3FFFFCB43CB3DC4D,BFD
$BFC106C0C790F7ED,3FC3A644E81F4103,400247426BD47DE3,BFD
$BFC5DF622E020398,3FBC1D02B4306F1,4004902AB94F0DA,BFD
$BFC8F2629E96D146,3FAD4CD8FBE0A662,4006D91306C99D5B,BFD
$BFCA,0,400921FB54442D18,BFD
5 178 153
5 179 154
5 180 157
5 181 165
5 182 0
5 183 0
4 172 ->
5 173 157
5 174 1
5 175 0
5 176 [2]
$-1,1
5 177 [12][4]
$BFCA,0,400921FB54442D18,BFD
$BFC8F2629E96D148,BFAD4CD8FBE0A64E,400B6AE3A1BEBCD3,BFD
$BFC5DF622E020397,BFBC1D02B4306F12,400DB3CBEF394C9,BFD
$BFC106C0C790F7ER,BFC3A644E81F4102,400FFCB43CB3DC4C,BFD
$BFB59A0130F1BF3R,BFC7A682B42183D,401122CE45173604,BFD
$BF9D99FB0298CFE9,BFC9BC40636DB662,401247426BD47DE2,BFD
$3F9D99FB0298CFD4,BFC9BC40636DB663,40136BB69291C5C1,BFD
$3FB59A0130F1BF2E,BFC7A682B42183D1,4014902AB94F0D9F,BFD
$3FC106C0C790F7EF,BFC3A644E81F4102,4015B49EE00C557E,BFD
$3FC5DF622E020397,BFBC1D02B4306F12,4016D91306C99D5C,BFD
$3FC8F2629E96D147,BFAD4CD8FBE0A65A,4017FD872D86E53A,BFD
$3FCA,0,401921FB54442D18,BFD
5 178 153
5 179 155
5 180 156
5 181 164
5 182 0
5 183 0
4 172 ->
5 173 158
5 174 1
5 175 0
5 176 [2]
$1,-1
5 177 [13][4]
$3FF34F5C28F5C28F,BFD9FBE76C8B4397,2*0
$3FF36BB5AFB85F27,BFD69E8DE1396641,3FD0C152382D7365,0
$3FF3BED3AD5CCAC6,BFD37BE76C8B4396,3FE0C152382D7365,0
$3FF4430C128CD67C,BFD0CAA712E7934B,3FE921FB54442D18,0
$3FF4EF5C28F5C28F,BFCD738AFC4EC8E2,3FF0C152382D7365,0
$3FF5B805C6214B3A,BFCADA9B0F2B6BEB,3FF4F1A6C638D03F,0
$3FF68F5C28F5C28F,BFC9F7CED916872C,3FF921FB54442D18,0
$3FF766B28BCA39E4,BFCADA9B0F2B6BEB,3FFD524FE24F89F1,0
$3FF82F5C28F5C28F,BFCD738AFC4EC8E1,4000C152382D7365,0
$3FF8DBAC3F5EAEA2,BFD0CAA712E7934A,4002D97C7F3321D2,0
$3FF95FE4A48EBA58,BFD37BE76C8B4396,4004F1A6C638D03F,0
$3FF9B302A23325F7,BFD69E8DE139664,400709D10D3E7EAB,0
$3FF9CF5C28F5C28F,BFD9FBE76C8B4396,400921FB54442D18,0
5 178 7
5 179 154
5 180 159
5 181 164
5 182 0
5 183 0
4 172 ->
5 173 159
5 174 1
5 175 0
5 176 [2]
$1,-1
5 177 [13][4]
$3FF9CF5C28F5C28F,BFD9FBE76C8B4396,400921FB54442D18,0
$3FF9B302A23325F7,BFDD5940F7DD20EC,400B3A259B49DB85,0
$3FF95FE4A48EBA58,BFE03DF3B645A1CA,400D524FE24F89F1,0
$3FF8DBAC3F5EAEA2,BFE19693E31779F,400F6A7A2955385E,0
$3FF82F5C28F5C28F,BFE29F04AD77915D,4010C152382D7365,0
$3FF766B28BCA39E4,BFE34540A8C0689B,4011CD675BB04A9C,0
$3FF68F5C28F5C28F,BFE37DF3B645A1CB,4012D97C7F3321D2,0
$3FF5B805C6214B3A,BFE34540A8C0689C,4013E591A2B5F908,0
$3FF4EF5C28F5C29,BFE29F04AD77915E,4014F1A6C638D03E,0
$3FF4430C128CD67C,BFE19693E31779F1,4015FDBBE9BBA775,0
$3FF3BED3AD5CCAC6,BFE03DF3B645A1CA,401709D10D3E7EAC,0
$3FF36BB5AFB85F27,BFDD5940F7DD20EB,401815E630C155E2,0
$3FF34F5C28F5C28F,BFD9FBE76C8B4397,401921FB54442D18,0
5 178 7
5 179 155
5 180 158
5 181 165
5 182 0
5 183 0
4 172 ->
5 173 160
5 174 1
5 175 0
5 176 [2]
$-1,1
5 177 [12][4]
$3FC072B020C49BA,0,400921FB54442D18,BFD
$3FBF90404819B7F,BFA28926CE49BEC,400B6AE3A1BEBCD4,BFD
$3FBBAC8326D555A,BFB1C8F089EFB18C,400DB3CBEF394C91,BFD
$3FB58AD4167DC26,BFB8DC738A329238,400FFCB43CB3DC4D,BFD
$3FAB54BB670B1C6,BFBDEC5A61C7C8F8,401122CE45173605,BFD
$3F92B9F27220144,BFC047D44ADF7A78,401247426BD47DE3,BFD
$BF92B9F2722014C,BFC047D44ADF7A78,40136BB69291C5C1,BFD
$BFAB54BB670B1C8,BFBDEC5A61C7C8F8,4014902AB94F0D9F,BFD
$BFB58AD4167DC28,BFB8DC738A329238,4015B49EE00C557E,BFD
$BFBBAC8326D555C,BFB1C8F089EFB18C,4016D91306C99D5C,BFD
$BFBF90404819B8,BFA28926CE49BEC8,4017FD872D86E53A,BFD
$BFC072B020C49BB,0,401921FB54442D18,BFD
5 178 153
5 179 20
5 180 161
5 181 162
5 182 0
5 183 0
4 172 ->
5 173 161
5 174 1
5 175 0
5 176 [2]
$-1,1
5 177 [12][4]
$BFC072B020C49BB,2*0,BFD
$BFBF90404819B8,3FA28926CE49BEC8,3FD247426BD47DE3,BFD
$BFBBAC8326D555C,3FB1C8F089EFB18C,3FE247426BD47DE3,BFD
$BFB58AD4167DC28,3FB8DC738A329238,3FEB6AE3A1BEBCD4,BFD
$BFAB54BB670B1CA,3FBDEC5A61C7C8F4,3FF247426BD47DE3,BFD
$BF92B9F2722015,3FC047D44ADF7A78,3FF6D91306C99D5B,BFD
$3F92B9F27220144,3FC047D44ADF7A78,3FFB6AE3A1BEBCD4,BFD
$3FAB54BB670B1C6,3FBDEC5A61C7C8F8,3FFFFCB43CB3DC4D,BFD
$3FB58AD4167DC26,3FB8DC738A329238,400247426BD47DE3,BFD
$3FBBAC8326D555A,3FB1C8F089EFB18C,4004902AB94F0DA,BFD
$3FBF90404819B7E,3FA28926CE49BED,4006D91306C99D5B,BFD
$3FC072B020C49BA,0,400921FB54442D18,BFD
5 178 153
5 179 21
5 180 160
5 181 163
5 182 0
5 183 0
4 172 ->
5 173 162
5 174 1
5 175 1
5 176 [2]
$-1,1
5 177 [2][4]
$401921FB54442D18,3*0
$401921FB54442D18,BFD,0,BFD
5 178 20
5 179 21
5 180 50
5 181 161
5 182 0
5 183 0
4 172 ->
5 173 163
5 174 1
5 175 1
5 176 [2]
$-1,1
5 177 [2][4]
$400921FB54442D18,0,400921FB54442D18,0
$400921FB54442D18,BFD,400921FB54442D18,BFD
5 178 21
5 179 20
5 180 51
5 181 160
5 182 0
5 183 0
4 172 ->
5 173 164
5 174 1
5 175 1
5 176 [2]
$1,-1
5 177 [2][4]
$2*0,401921FB54442D18,0
$0,BFD,401921FB54442D18,BFD
5 178 154
5 179 155
5 180 156
5 181 159
5 182 0
5 183 0
4 172 ->
5 173 165
5 174 1
5 175 1
5 176 [2]
$1,-1
5 177 [2][4]
$400921FB54442D18,0,400921FB54442D18,0
$400921FB54442D18,BFD,400921FB54442D18,BFD
5 178 155
5 179 154
5 180 157
5 181 158
5 182 0
5 183 0
4 172 ->
5 173 171
5 174 1
5 175 0
5 176 [2]
$-1,1
5 177 [12][4]
$3FCA,2*0,BFD
$3FC8F2629E96D147,3FAD4CD8FBE0A656,3FD247426BD47DE3,BFD
$3FC5DF622E020397,3FBC1D02B4306F12,3FE247426BD47DE3,BFD
$3FC106C0C790F7ER,3FC3A644E81F4103,3FEB6AE3A1BEBCD4,BFD
$3FB59A0130F1BF34,3FC7A682B42183CF,3FF247426BD47DE3,BFD
$3F9D99FB0298CFEF,3FC9BC40636DB662,3FF6D91306C99D5B,BFD
$BF9D99FB0298CFDC,3FC9BC40636DB663,3FFB6AE3A1BEBCD5,BFD
$BFB59A0130F1BF32,3FC7A682B42183D,3FFFFCB43CB3DC4D,BFD
$BFC106C0C790F7ED,3FC3A644E81F4103,400247426BD47DE3,BFD
$BFC5DF622E020398,3FBC1D02B4306F1,4004902AB94F0DA,BFD
$BFC8F2629E96D146,3FAD4CD8FBE0A662,4006D91306C99D5B,BFD
$BFCA,0,400921FB54442D18,BFD
5 178 168
5 179 169
5 180 172
5 181 180
5 182 0
5 183 0
4 172 ->
5 173 172
5 174 1
5 175 0
5 176 [2]
$-1,1
5 177 [12][4]
$BFCA,0,400921FB54442D18,BFD
$BFC8F2629E96D148,BFAD4CD8FBE0A64E,400B6AE3A1BEBCD3,BFD
$BFC5DF622E020397,BFBC1D02B4306F12,400DB3CBEF394C9,BFD
$BFC106C0C790F7ER,BFC3A644E81F4102,400FFCB43CB3DC4C,BFD
$BFB59A0130F1BF3R,BFC7A682B42183D,401122CE45173604,BFD
$BF9D99FB0298CFE9,BFC9BC40636DB662,401247426BD47DE2,BFD
$3F9D99FB0298CFD4,BFC9BC40636DB663,40136BB69291C5C1,BFD
$3FB59A0130F1BF2E,BFC7A682B42183D1,4014902AB94F0D9F,BFD
$3FC106C0C790F7EF,BFC3A644E81F4102,4015B49EE00C557E,BFD
$3FC5DF622E020397,BFBC1D02B4306F12,4016D91306C99D5C,BFD
$3FC8F2629E96D147,BFAD4CD8FBE0A65A,4017FD872D86E53A,BFD
$3FCA,0,401921FB54442D18,BFD
5 178 168
5 179 170
5 180 171
5 181 179
5 182 0
5 183 0
4 172 ->
5 173 173
5 174 1
5 175 0
5 176 [2]
$1,-1
5 177 [13][4]
$3FF34F5C28F5C28F,3FD9FBE76C8B4395,2*0
$3FF36BB5AFB85F27,3FDD5940F7DD20EB,3FD0C152382D7365,0
$3FF3BED3AD5CCAC6,3FE03DF3B645A1CB,3FE0C152382D7365,0
$3FF4430C128CD67C,3FE19693E31779F,3FE921FB54442D18,0
$3FF4EF5C28F5C28F,3FE29F04AD77915E,3FF0C152382D7365,0
$3FF5B805C6214B3A,3FE34540A8C0689B,3FF4F1A6C638D03F,0
$3FF68F5C28F5C28F,3FE37DF3B645A1CB,3FF921FB54442D18,0
$3FF766B28BCA39E4,3FE34540A8C0689B,3FFD524FE24F89F1,0
$3FF82F5C28F5C28F,3FE29F04AD77915E,4000C152382D7365,0
$3FF8DBAC3F5EAEA2,3FE19693E31779F1,4002D97C7F3321D2,0
$3FF95FE4A48EBA58,3FE03DF3B645A1CB,4004F1A6C638D03F,0
$3FF9B302A23325F7,3FDD5940F7DD20EC,400709D10D3E7EAB,0
$3FF9CF5C28F5C28F,3FD9FBE76C8B4396,400921FB54442D18,0
5 178 7
5 179 169
5 180 174
5 181 179
5 182 0
5 183 0
4 172 ->
5 173 174
5 174 1
5 175 0
5 176 [2]
$1,-1
5 177 [13][4]
$3FF9CF5C28F5C28F,3FD9FBE76C8B4396,400921FB54442D18,0
$3FF9B302A23325F7,3FD69E8DE139664,400B3A259B49DB85,0
$3FF95FE4A48EBA58,3FD37BE76C8B4397,400D524FE24F89F1,0
$3FF8DBAC3F5EAEA2,3FD0CAA712E7934B,400F6A7A2955385E,0
$3FF82F5C28F5C28F,3FCD738AFC4EC8E4,4010C152382D7365,0
$3FF766B28BCA39E4,3FCADA9B0F2B6BEB,4011CD675BB04A9C,0
$3FF68F5C28F5C28F,3FC9F7CED916872C,4012D97C7F3321D2,0
$3FF5B805C6214B3A,3FCADA9B0F2B6BEA,4013E591A2B5F908,0
$3FF4EF5C28F5C29,3FCD738AFC4EC8DF,4014F1A6C638D03E,0
$3FF4430C128CD67C,3FD0CAA712E7934A,4015FDBBE9BBA775,0
$3FF3BED3AD5CCAC6,3FD37BE76C8B4397,401709D10D3E7EAC,0
$3FF36BB5AFB85F27,3FD69E8DE1396641,401815E630C155E2,0
$3FF34F5C28F5C28F,3FD9FBE76C8B4395,401921FB54442D18,0
5 178 7
5 179 170
5 180 173
5 181 180
5 182 0
5 183 0
4 172 ->
5 173 175
5 174 1
5 175 0
5 176 [2]
$-1,1
5 177 [12][4]
$3FC072B020C49BA,0,400921FB54442D18,BFD
$3FBF90404819B7F,BFA28926CE49BEC,400B6AE3A1BEBCD4,BFD
$3FBBAC8326D555A,BFB1C8F089EFB18C,400DB3CBEF394C91,BFD
$3FB58AD4167DC26,BFB8DC738A329238,400FFCB43CB3DC4D,BFD
$3FAB54BB670B1C6,BFBDEC5A61C7C8F8,401122CE45173605,BFD
$3F92B9F27220144,BFC047D44ADF7A78,401247426BD47DE3,BFD
$BF92B9F2722014C,BFC047D44ADF7A78,40136BB69291C5C1,BFD
$BFAB54BB670B1C8,BFBDEC5A61C7C8F8,4014902AB94F0D9F,BFD
$BFB58AD4167DC28,BFB8DC738A329238,4015B49EE00C557E,BFD
$BFBBAC8326D555C,BFB1C8F089EFB18C,4016D91306C99D5C,BFD
$BFBF90404819B8,BFA28926CE49BEC8,4017FD872D86E53A,BFD
$BFC072B020C49BB,0,401921FB54442D18,BFD
5 178 168
5 179 18
5 180 176
5 181 177
5 182 0
5 183 0
4 172 ->
5 173 176
5 174 1
5 175 0
5 176 [2]
$-1,1
5 177 [12][4]
$BFC072B020C49BB,2*0,BFD
$BFBF90404819B8,3FA28926CE49BEC8,3FD247426BD47DE3,BFD
$BFBBAC8326D555C,3FB1C8F089EFB18C,3FE247426BD47DE3,BFD
$BFB58AD4167DC28,3FB8DC738A329238,3FEB6AE3A1BEBCD4,BFD
$BFAB54BB670B1CA,3FBDEC5A61C7C8F8,3FF247426BD47DE3,BFD
$BF92B9F2722015,3FC047D44ADF7A78,3FF6D91306C99D5B,BFD
$3F92B9F27220144,3FC047D44ADF7A78,3FFB6AE3A1BEBCD4,BFD
$3FAB54BB670B1C6,3FBDEC5A61C7C8F8,3FFFFCB43CB3DC4D,BFD
$3FB58AD4167DC26,3FB8DC738A329238,400247426BD47DE3,BFD
$3FBBAC8326D555A,3FB1C8F089EFB18C,4004902AB94F0DA,BFD
$3FBF90404819B7E,3FA28926CE49BED,4006D91306C99D5B,BFD
$3FC072B020C49BA,0,400921FB54442D18,BFD
5 178 168
5 179 19
5 180 175
5 181 178
5 182 0
5 183 0
4 172 ->
5 173 177
5 174 1
5 175 1
5 176 [2]
$-1,1
5 177 [2][4]
$401921FB54442D18,3*0
$401921FB54442D18,BFD,0,BFD
5 178 18
5 179 19
5 180 48
5 181 176
5 182 0
5 183 0
4 172 ->
5 173 178
5 174 1
5 175 1
5 176 [2]
$-1,1
5 177 [2][4]
$400921FB54442D18,0,400921FB54442D18,0
$400921FB54442D18,BFD,400921FB54442D18,BFD
5 178 19
5 179 18
5 180 49
5 181 175
5 182 0
5 183 0
4 172 ->
5 173 179
5 174 1
5 175 1
5 176 [2]
$1,-1
5 177 [2][4]
$2*0,401921FB54442D18,0
$0,BFD,401921FB54442D18,BFD
5 178 169
5 179 170
5 180 171
5 181 174
5 182 0
5 183 0
4 172 ->
5 173 180
5 174 1
5 175 1
5 176 [2]
$1,-1
5 177 [2][4]
$400921FB54442D18,0,400921FB54442D18,0
$400921FB54442D18,BFD,400921FB54442D18,BFD
5 178 170
5 179 169
5 180 172
5 181 173
5 182 0
5 183 0
@group_info_ptr 184 0
2 184 NULL
@intrs_pairs_ptr 185 0
2 185 ->
@place_rec_ptr 186 0
2 186 ->
@local_sys 187 2
3 187 [4][3]
$3FF,2*0
$0,3FF,0
$2*0,BFF
$2*0,C01EFBE76C8B4396
@place_instruction_ptrs 188 0
3 188 [1]
4 188 ->
@type 189 1
5 189 98
@offset 190 2
5 190 0
@dim_id 191 1
5 191 -1
@ref_id 192 1
5 192 -1
@geometry1_id 193 1
5 193 418
@geometry2_id 194 1
5 194 -1
@memb_num1 195 1
5 195 1
@memb_num2 196 1
5 196 0
@memb_id_tab1 197 1
5 197 [1]
6 197 1
@attr 198 1
5 198 512
@plin_info_arr 199 0
5 199 [1]
6 199 ->
@type 200 1
7 200 6
@data(plin_info_ui_step) 201 0
7 201 ->
@step_ids 202 1
8 202 [1]
9 202 -100
@own_ref_id 203 1
3 203 0
@orient 204 1
3 204 0
@trf_arr 205 0
3 205 [1]
4 205 
@type 206 1
5 206 3
@idx 207 1
5 207 0
@transf 208 2
5 208 [4][3]
$3FF,2*0
$0,3FF,0
$2*0,BFF
$2*0,C01EFBE76C8B4396
@next_prop 209 0
2 209 NULL
@first_geom_id 210 1
2 210 -1
@cond_tbl_idx 211 1
2 211 -1
@comment 212 10
2 212 NULL
@merge_info_ptr 213 0
2 213 ->
@attributes 214 1
3 214 99
@tail_feat_id 215 1
3 215 1
@hdr_ptr 216 0
3 216 ->
@object_name 217 0
4 217 
@object_type 218 1
5 218 2
@name 219 10
5 219 LINKAGE_ARM_43
@simpl_rep 220 0
5 220 NULL
@new_ids 221 1
4 221 [230]
$2*-1,2,-1,3,-1,4,-1,5,3*-1,6,38,39,40,41,42,43,44,45,46,47,48,49,50,51,52,
$53,54,55,56,57,58,59,60,61,62,63,64,65,66,67,7,68,69,70,71,72,73,74,75,6*-1,
$76,77,78,79,80,81,82,83,84,85,86,87,88,89,90,91,8,92,9,93,10,94,11,95,12,96,
$13,97,14,98,15,99,16,-1,17,-1,18,-1,19,-1,20,-1,21,-1,22,100,23,101,24,102,
$25,103,26,104,27,105,28,106,29,107,30,108,31,109,32,110,33,111,34,112,35,
$113,36,114,37,115,116,117,118,119,120,121,122,123,124,125,126,127,128,129,
$130,131,132,133,134,135,136,137,9*-1,138,141,142,139,-1,140,-1,151,152,143,
$144,145,146,147,148,149,150,7*-1,153,156,157,154,-1,155,-1,166,167,158,159,
$160,161,162,163,164,165,7*-1,168,171,172,169,-1,170,-1,181,182,173,174,175,
$176,177,178,179,180
@first_geom_id 222 1
4 222 6
@base_feat_id 223 1
4 223 -1
@first_quilt_id 224 1
4 224 -1
@outline 225 2
4 225 [2][3]
$C019,BFE8,0
$4008,3FE8,3FE
@ref_revnum 226 1
4 226 298
@topology_increment 227 0
2 227 ->
@first_geom 228 1
3 228 0
@first_quilt 229 1
3 229 0
@outline 230 2
3 230 [2][3]
$3*0
$3*0
@max_part_size 231 2
3 231 0
@xform_increment 232 0
3 232 NULL
@roll_back_id 233 1
3 233 -1
@state_ind 234 1
2 234 -1
@alumni_info 235 0
2 235 NULL
@revnum 236 1
2 236 -1
@rev_rec 237 0
2 237 NULL
@next_feat_ptr 238 0
1 238 NULL
@assem_mass_prop_ptr 239 0
1 239 NULL
@mass_prop_ptr 240 0
1 240 ->
@type 241 1
2 241 0
@density 242 2
2 242 0
@init_dens 243 5
2 243 0
@rel_density 244 2
2 244 0
@init_rel_dens 245 5
2 245 0
@aver_density 246 2
2 246 0
@vrevnum 247 1
2 247 -1
@volume 248 2
2 248 0
@cg 249 2
2 249 [3]
$3*0
@inertia 250 2
2 250 [3][3]
$3*0
$3*0
$3*0
@eps 251 2
2 251 0
@surfarea 252 2
2 252 0
@assign_mp_ptr 253 0
1 253 NULL
@tol_default_ptr 254 0
1 254 ->
@type 255 1
2 255 10
@value 256 2
2 256 [7]
$0,3FB9R,3F847AE147AE147B,3F50624DD2F1A9FC,3F1A36E2EB1C432D,
$3EE4F8B588E368F1,3EB0C6F7A0B5ED8E
@ang_value 257 2
2 257 [7]
$0,6*3FE
@standard 258 1
2 258 0
@iso_tol_tbls_ptr 259 0
2 259 NULL
@ref_part_table 260 0
1 260 [1]
2 260 ->
@name 261 10
3 261 NEW_WELDMENT
@id 262 1
3 262 0
@type 263 1
3 263 1
@revnum 264 1
3 264 -1
@memb_id_tab 265 1
3 265 [1]
4 265 111
@dep_id 266 1
3 266 0
@attributes 267 1
3 267 0
@simpl_rep 268 0
3 268 NULL
@first_xsec_ptr 269 0
1 269 NULL
@datum_count 270 1
1 270 0
@axis_count 271 1
1 271 14
@insert_layer_id 272 1
1 272 -1
@layer_count 273 1
1 273 1
@layer_list 274 0
1 274 [1]
2 274 
@feat_id 275 1
3 275 1
@layer_id 276 1
3 276 0
@back_layer_id 277 1
3 277 0
@lang_ptr 278 0
1 278 ->
@interact_on 279 1
2 279 -1
@first_csys_ptr 280 0
1 280 NULL
@color_prop_ptr 281 0
1 281 NULL
@fem_data 282 0
1 282 NULL
@rel_part_eps 283 2
1 283 3F53A92A30553261
@names_table 284 0
1 284 [4]
2 284 ->
@id 285 1
3 285 2
@type 286 1
3 286 5
@name 287 10
3 287 DTM1
2 284 ->
3 285 3
3 286 5
3 287 DTM2
2 284 ->
3 285 4
3 286 5
3 287 DTM3
2 284 ->
3 285 5
3 286 25
3 287 CS0
@drv_tbl_ptr 288 0
1 288 NULL
@assembled_count 289 1
1 289 0
@part_type 290 1
1 290 1
@mat_name_ptr 291 10
1 291 NULL
@first_ent_id 292 1
1 292 513569
@first_view_id 293 1
1 293 0
@outline 294 2
1 294 [2][3]
$C019,BFE8,C0207DF3B645A1CB
$4008,3FE8,C01EFBE76C8B4396
@dim_num 295 1
1 295 0
@ipar_num 296 1
1 296 0
@relpar_sets 297 0
1 297 [1]
2 297 
@id 298 1
3 298 -1
@type 299 1
3 299 2
@ext_ref_id 300 1
3 300 -1
@relatnum 301 1
3 301 0
@unit_arr 302 0
1 302 [2]
2 302 
@type 303 1
3 303 1
@factor 304 2
3 304 3FF
@name 305 10
3 305 INCH
@unit_type 306 1
3 306 0
2 302 
3 303 2
3 304 3FF
3 305 POUND
3 306 1
@geom_lib_ptr 307 0
1 307 NULL
@first_quilt_ptr 308 1
1 308 0
@attrib_array 309 1
1 309 [3]
$2*0,4
@smt_info_ptr 310 0
1 310 NULL
@cable_info_ptr 311 0
1 311 NULL
@comp_info_ptr 312 0
1 312 NULL
@max_part_size 313 2
1 313 4022C4B0E8110E05
@prt_misc_ptr 314 0
1 314 ->
@shrink_data_ptr 315 0
2 315 NULL
@expld_mv_info 316 0
1 316 NULL
@state_info_ptr 317 0
1 317 NULL
@alumni_feats 318 0
1 318 NULL
@model_name 319 10
1 319 LINKAGE_ARM1_43
@p_mdl_grid 320 0
1 320 NULL
@mdl_status_ptr 321 0
1 321 NULL
@cfg_states 322 0
1 322 NULL
@disp_outl_info 323 0
1 323 
@disp_outline 324 2
2 324 [2][3]
$C019300C0252172E,BFE980601290B971,C02095F9B76EAD62
$4008601804A42E5C,3FE980601290B971,C01ECBDB6A392C68
@ribbon_info_ptr 325 0
1 325 NULL
@p_xref_data 326 0
1 326 ->
@View 327 0
0 327 ->
@id 328 1
1 328 0
@viewattr 329 0
1 329 
@attr_arr 330 1
2 330 [4]
$1,3*0
@mpoint 331 0
1 331 
@id 332 1
2 332 0
@coord 333 2
2 333 [3]
$3*0
@first_instr_ptr 334 0
2 334 NULL
@attach_ptr 335 0
2 335 NULL
@vpoint 336 0
1 336 
2 332 0
2 333 [3]
$407F4,407A5E,0
2 334 NULL
2 335 NULL
@orient 337 2
1 337 [4][4]
$3FF,3*0
$0,3FF,2*0
$2*0,3FF,0
$3*0,3FF
@local_sys 338 2
1 338 [4][4]
$3FF,3*0
$0,3FF,2*0
$2*0,3FF,0
$3*0,3FF
@first_instr_ptr 339 0
1 339 ->
@type 340 1
2 340 100
@geom_id 341 1
2 341 -1
@view_id 342 1
2 342 -1
@memb_num 343 1
2 343 0
@offset 344 2
2 344 0
@matrix 345 0
2 345 NULL
@next_instr_ptr 346 0
1 346 NULL
@outer_xsec_index 347 1
1 347 -1
@next_view_id 348 1
1 348 -2
@simp_rep_id 349 1
1 349 -1
@name 350 10
1 350 no name
@matrix 351 2
1 351 [4][4]
$3FF,3*0
$0,3FF,2*0
$2*0,3FF,0
$3*0,3FF
@fit_outline 352 2
1 352 [2][3]
$3*0
$3*0
@det_info_ptr 353 0
1 353 NULL
@named_view_pzmatr 354 0
1 354 NULL
@page_id 355 1
1 355 0
@model_name 356 10
1 356 NULL
@unrep_model_name 357 10
1 357 NULL
@assem_merge_parts 358 0
0 358 ->
#END_OF_UGC
