#UGC:2 PART 889 360 0 1 1 15 1600 9620 \
#- VERS 0 0                                                          \
#- HOST                                                              \
#- LINK                                                              \
#- DBID                                                              \
#- REVS 0,                                                           \
#- RELL 0,                                                           \
#- UOBJ_ID 837191513 374863085 1916021781                            \
#-END_OF_UGC_HEADER
#P_OBJECT 6
@P_object 1 0
0 1 ->
@depend 2 0
1 2 [2]
2 2 
@model_name 3 10
3 3 NEW_WELDMENT
@model_type 4 1
3 4 1
@revnum 5 1
3 5 703
@bom_count 6 1
3 6 1
@dep_type 7 1
3 7 8
@stamp 8 0
3 8 
@major_vers 9 0
4 9 
@vers 10 1
5 10 0
@alias_name 11 10
5 11 
@minor_vers 12 0
4 12 
@vers 13 1
5 13 0
@reason 14 10
3 14 
2 2 
3 3 SPACER_67
3 4 2
3 5 -1
3 6 1
3 7 128
3 8 
4 9 
5 10 0
5 11 
4 12 
5 13 0
3 14 
@dep_db 15 0
1 15 ->
@dep_db 16 0
2 16 [1]
3 16 ->
@to_model_id 17 1
4 17 0
@dep_type 18 1
4 18 4
@obj_id 19 1
4 19 0
@obj_type 20 1
4 20 242
@model_db 21 0
2 21 [1]
3 21 ->
@model_t_type 22 1
4 22 1
@model_name 23 10
4 23 WELDMENT
@generic_name 24 10
4 24 
@stamp 25 0
4 25 
@usr_rev 26 0
1 26 [2]
2 26 
@name 27 10
3 27 OSTI
@mod_time 28 0
3 28 
@tm_sec 29 1
4 29 54
@tm_min 30 1
4 30 31
@tm_hour 31 1
4 31 9
@tm_mday 32 1
4 32 6
@tm_mon 33 1
4 33 8
@tm_year 34 1
4 34 94
@action 35 1
3 35 1000
@comment 36 10
3 36 Hostname: 'magma'
@rel_level 37 10
3 37 
@rev_string 38 10
3 38 
2 26 
3 27 DMGAINES
3 28 
4 29 54
4 30 11
4 31 17
4 32 12
4 33 6
4 34 96
3 35 1000
3 36 Hostname: 'intrepid'
3 37 
3 38 
@revnum_std 39 1
1 39 166
@flag 40 1
1 40 0
@name 41 10
1 41 NULL
@inst_hidden 42 1
1 42 0
@old_name 43 10
1 43 NULL
@appl_data 44 0
1 44 ->
@bounding_box 45 2
2 45 [2][3]
$BFEF75A5DAE280E2,C019CD6D0D47D53D,BF8DEC892737C5C7
$3FEF75A5DAE280E2,C01350451FC680CB,3FF83BD9124E6F8C
@uobj_id 46 0
1 46 NULL
#END_OF_P_OBJECT
#Pro/ENGINEER  TM  Release 16.0  (c) 1988-95 by Parametric Technology Corporation  All Rights Reserved. 9620
@Solid 47 0
0 47 ->
@tab_key 48 1
1 48 0
@tab_key_struct 49 0
1 49 ->
@tab_key_ptr 50 0
2 50 [145]
@cmprs_tabkey 51 0
2 51 NULL
@type 52 1
1 52 2
@revnum_ptr 53 0
1 53 ->
@geom_revnum 54 1
2 54 162
@cosm_revnum 55 1
2 55 0
@first_member_ptr 56 0
1 56 NULL
@alumni_members 57 0
1 57 NULL
@frst_geom_ptr 58 1
1 58 6
@first_feat_ptr 59 0
1 59 ->
@id 60 1
2 60 1
@indep_attributes 61 1
2 61 1
@feat_type_ptr 62 0
2 62 ->
@table_id 63 1
3 63 24
@type 64 1
3 64 935
@feattype_key 65 10
3 65 NULL
@form 66 1
3 66 0
@attributes 67 1
3 67 [3]
$3*0
@placement 68 1
3 68 0
@intersection 69 1
3 69 991
@internal_udf_type 70 1
3 70 -1
@param_choice_ptr 71 0
3 71 ->
@blend_choice 72 1
4 72 0
@depth_choice 73 1
4 73 0
@angle_choice 74 1
4 74 -1
@pat_choice 75 1
4 75 970
@round_choice 76 1
4 76 -1
@subsec_choice 77 1
4 77 -1
@sweep_choice 78 1
4 78 0
@dome_choice 79 1
4 79 0
@draft_choice 80 1
4 80 0
@misc_choice 81 1
4 81 0
@assoc_type 82 1
3 82 0
@symbol_key 83 1
2 83 -1
@sect_name 84 10
2 84 no_name
@model_type 85 1
2 85 2
@entity(coord_sys) 86 0
2 86 ->
@type 87 1
3 87 18
@id 88 1
3 88 5
@gen_info 89 0
3 89 
@color 90 1
4 90 1
@sys_type 91 1
3 91 -1
@pnt_type 92 1
3 92 -1
@radius 93 2
3 93 0
@local_sys 94 2
3 94 [4][3]
$3FF,2*0
$0,BFF,0
$2*0,BFF
$0,C019BE76C8B4395A,0
@feat_id 95 1
3 95 1
@entity(text) 96 0
2 96 ->
@text_type 97 1
3 97 34
@text_value 98 10
3 98 CS0
@txt_attrib 99 1
3 99 1
@coord 100 2
3 100 [3]
$40829237581CAF3A,4074D38BDE34125C,C0663628B757B126
@owner_id 101 1
3 101 5
@part_id 102 1
3 102 24
@height 103 2
3 103 BFF
@width_factor 104 2
3 104 BFF
@format_info 105 0
3 105 
@thickness 106 2
3 106 BFF
@entity(line3d) 107 0
2 107 ->
@type 108 1
3 108 11
@id 109 1
3 109 49
@gen_info 110 0
3 110 
@geom_id 111 1
3 111 41
@end1 112 2
3 112 [3]
$BFE3E353F7CED917,C018395810624DD5,3FE8
@end2 113 2
3 113 [3]
$BFE5E353F7CED917,C018395810624DD5,3FE8
2 107 ->
3 108 13
3 109 50
3 110 
4 90 1
3 111 41
3 112 [3]
$BFE3E353F7CED917,C018395810624DD5,3FE8
3 113 [3]
$BFE3E353F7CED917,C019BE76C8B4395A,3FE8
2 96 ->
3 97 19
3 98 A_1
3 99 1
3 100 [3]
$408116D3F451F48D,407430F10E72C486,C0646F6D66D653B
3 101 -1
3 102 24
3 103 BFF
3 104 BFF
3 105 
3 106 BFF
2 107 ->
3 108 11
3 109 60
3 110 
3 111 52
3 112 [3]
$0,C018395810624DD5,3FE8
3 113 [3]
$BFB,C018395810624DD5,3FE8
2 107 ->
3 108 13
3 109 61
3 110 
4 90 1
3 111 52
3 112 [3]
$0,C018395810624DD5,3FE8
3 113 [3]
$0,C019BE76C8B4395A,3FE8
2 96 ->
3 97 19
3 98 A_2
3 99 1
3 100 [3]
$40818061262DA9D2,40730E3D8C03561F,C0656ECB8CBCC7C8
3 101 -1
3 102 24
3 103 BFF
3 104 BFF
3 105 
3 106 BFF
2 107 ->
3 108 11
3 109 71
3 110 
3 111 63
3 112 [3]
$3FE41CAC083126EA,C0174395810624DF,3FE8
3 113 [3]
$3FE01CAC083126EA,C0174395810624DF,3FE8
2 107 ->
3 108 13
3 109 72
3 110 
4 90 1
3 111 63
3 112 [3]
$3FE41CAC083126EA,C0174395810624DF,3FE8
3 113 [3]
$3FE41CAC083126EA,C019BE76C8B4395A,3FE8
2 96 ->
3 97 19
3 98 A_3
3 99 1
3 100 [3]
$4081E9A879D88AA6,4071AB4AAF61BD08,C065651136FC5076
3 101 -1
3 102 24
3 103 BFF
3 104 BFF
3 105 
3 106 BFF
2 107 ->
3 108 11
3 109 81
3 110 
3 111 73
3 112 [3]
$BFE3E353F7CED917,C017BE76C8B4395A,3FD604189374BC72
3 113 [3]
$BFE7E353F7CED917,C017BE76C8B4395A,3FD604189374BC72
2 107 ->
3 108 13
3 109 82
3 110 
4 90 1
3 111 73
3 112 [3]
$BFE3E353F7CED917,C017BE76C8B4395A,3FD604189374BC72
3 113 [3]
$BFE3E353F7CED917,C019BE76C8B4395A,3FD604189374BC72
2 96 ->
3 97 19
3 98 A_4
3 99 1
3 100 [3]
$40817DC64232D196,40748E4B05EECF6C,C0636FAE9E15F4E8
3 101 -1
3 102 24
3 103 BFF
3 104 BFF
3 105 
3 106 BFF
2 107 ->
3 108 11
3 109 91
3 110 
3 111 83
3 112 [3]
$BFE3E353F7CED917,C017BE76C8B4395A,3FF27EF9DB22D0E8
3 113 [3]
$BFE7E353F7CED917,C017BE76C8B4395A,3FF27EF9DB22D0E8
2 107 ->
3 108 13
3 109 92
3 110 
4 90 1
3 111 83
3 112 [3]
$BFE3E353F7CED917,C017BE76C8B4395A,3FF27EF9DB22D0E8
3 113 [3]
$BFE3E353F7CED917,C019BE76C8B4395A,3FF27EF9DB22D0E8
2 96 ->
3 97 19
3 98 A_5
3 99 1
3 100 [3]
$4080AE6B70C6F3CR,4073969DEE04A114,C06463336399909C
3 101 -1
3 102 24
3 103 BFF
3 104 BFF
3 105 
3 106 BFF
2 107 ->
3 108 11
3 109 97
3 110 
3 111 93
3 112 [3]
$3FE41CAC083126EA,C0155F3B645A1CAE,3FD604189374BC72
3 113 [3]
$3FDF395810624DD4,C0155F3B645A1CAE,3FD604189374BC72
2 107 ->
3 108 13
3 109 98
3 110 
4 90 1
3 111 93
3 112 [3]
$3FE41CAC083126EA,C0155F3B645A1CAE,3FD604189374BC72
3 113 [3]
$3FE41CAC083126EA,C0175F3B645A1CAE,3FD604189374BC72
2 96 ->
3 97 19
3 98 A_6
3 99 1
3 100 [3]
$40824E7461536CC,4071AEF62DD7909E,C062DB2E1788B206
3 101 -1
3 102 24
3 103 BFF
3 104 BFF
3 105 
3 106 BFF
2 107 ->
3 108 11
3 109 103
3 110 
3 111 99
3 112 [3]
$3FE41CAC083126EA,C0155F3B645A1CAE,3FF27EF9DB22D0E8
3 113 [3]
$3FDF395810624DD4,C0155F3B645A1CAE,3FF27EF9DB22D0E8
2 107 ->
3 108 13
3 109 104
3 110 
4 90 1
3 111 99
3 112 [3]
$3FE41CAC083126EA,C0155F3B645A1CAE,3FF27EF9DB22D0E8
3 113 [3]
$3FE41CAC083126EA,C0175F3B645A1CAE,3FF27EF9DB22D0E8
2 96 ->
3 97 19
3 98 A_7
3 99 1
3 100 [3]
$40817F198FE78EF6,4070B74915ED6246,C063CEB2DD0C4DB8
3 101 -1
3 102 24
3 103 BFF
3 104 BFF
3 105 
3 106 BFF
2 107 ->
3 108 11
3 109 118
3 110 
3 111 106
3 112 [3]
$3FE41CAC083126EA,C0175F3B645A1CAE,3FD604189374BC72
3 113 [3]
$3FDB395810624DD4,C0175F3B645A1CAE,3FD604189374BC72
2 107 ->
3 108 13
3 109 119
3 110 
4 90 1
3 111 106
3 112 [3]
$3FE41CAC083126EA,C0175F3B645A1CAE,3FD604189374BC72
3 113 [3]
$3FE41CAC083126EA,C019BE76C8B4395A,3FD604189374BC72
2 96 ->
3 97 19
3 98 A_8
3 99 1
3 100 [3]
$4082517FFBCB3729,40722DFD432543C4,C06509746B2D6338
3 101 -1
3 102 24
3 103 BFF
3 104 BFF
3 105 
3 106 BFF
2 107 ->
3 108 11
3 109 133
3 110 
3 111 121
3 112 [3]
$3FE41CAC083126EA,C0175F3B645A1CAE,3FF27EF9DB22D0E8
3 113 [3]
$3FDB395810624DD4,C0175F3B645A1CAE,3FF27EF9DB22D0E8
2 107 ->
3 108 13
3 109 134
3 110 
4 90 1
3 111 121
3 112 [3]
$3FE41CAC083126EA,C0175F3B645A1CAE,3FF27EF9DB22D0E8
3 113 [3]
$3FE41CAC083126EA,C019BE76C8B4395A,3FF27EF9DB22D0E8
2 96 ->
3 97 19
3 98 A_9
3 99 1
3 100 [3]
$408182252A5F595F,407136502B3B156C,C065FCF930B0FEEC
3 101 -1
3 102 24
3 103 BFF
3 104 BFF
3 105 
3 106 BFF
2 107 ->
3 108 11
3 109 143
3 110 
3 111 135
3 112 [3]
$3FB189374BC6A7F8,C0145F3B645A1CAE,3FE8
3 113 [3]
$3FB189374BC6A7F8,C014DF3B645A1CAE,3FE8
2 107 ->
3 108 13
3 109 144
3 110 
4 90 1
3 111 135
3 112 [3]
$3FB189374BC6A7F8,C0145F3B645A1CAE,3FE8
3 113 [3]
$3FD276C8B439581,C0145F3B645A1CAE,3FE8
2 96 ->
3 97 19
3 98 A_10
3 99 1
3 100 [3]
$40818625D578D2B8,4071F98B7B414A68,C06157B4358723CA
3 101 -1
3 102 24
3 103 BFF
3 104 BFF
3 105 
3 106 BFF
@entity(cosmetic) 114 0
2 114 ->
@type 115 1
3 115 50
@id 116 1
3 116 -1
@gen_info 117 0
3 117 
@owner_type 118 1
3 118 1
@owner_id 119 1
3 119 2
@text_ptr 120 0
3 120 ->
@text_type 121 1
4 121 14
@text_value 122 10
4 122 DTM1
@txt_attrib 123 1
4 123 16777217
@owner_id 124 1
4 124 1
@part_id 125 1
4 125 10
@height 126 2
4 126 BFF
@width_factor 127 2
4 127 BFF
@format_info 128 0
4 128 
@thickness 129 2
4 129 BFF
@cosm_disp_ents 130 0
3 130 ->
@first_disp_ent(line) 131 0
4 131 ->
@id 132 1
5 132 -1
@gen_info 133 0
5 133 
@flip 134 1
5 134 2
@end1 135 2
5 135 [3]
$BFF9B8C6A3B6E23C,BF8DEC892737C5C7,0
@end2 136 2
5 136 [3]
$BFF9B8C6A3B6E23C,3FF83BD9124E6F8C,0
@entity(line) 137 0
4 137 ->
5 132 -1
5 133 
5 134 2
5 135 [3]
$BFF9B8C6A3B6E23C,3FF83BD9124E6F8C,0
5 136 [3]
$3F8DEC892737C5C7,3FF83BD9124E6F8C,0
4 137 ->
5 132 -1
5 133 
5 134 2
5 135 [3]
$3F8DEC892737C5C7,3FF83BD9124E6F8C,0
5 136 [3]
$3F8DEC892737C5C7,BF8DEC892737C5C7,0
4 137 ->
5 132 -1
5 133 
5 134 2
5 135 [3]
$3F8DEC892737C5C7,BF8DEC892737C5C7,0
5 136 [3]
$BFF9B8C6A3B6E23C,BF8DEC892737C5C7,0
@plane_ptr 138 0
3 138 NULL
@attr 139 1
3 139 0
@next_ent(cosmetic) 140 0
2 140 ->
3 115 50
3 116 -1
3 117 
3 118 1
3 119 3
3 120 ->
4 121 14
4 122 DTM2
4 123 16777217
4 124 3
4 125 10
4 126 BFF
4 127 BFF
4 128 
4 129 BFF
3 130 ->
4 131 ->
5 132 -1
5 133 
5 134 4
5 135 [3]
$BF8DEC892737C5C7,BFEF75A5DAE280E2,0
5 136 [3]
$BF8DEC892737C5C7,3FEF75A5DAE280E2,0
4 137 ->
5 132 -1
5 133 
5 134 4
5 135 [3]
$BF8DEC892737C5C7,3FEF75A5DAE280E2,0
5 136 [3]
$3FF83BD9124E6F8C,3FEF75A5DAE280E2,0
4 137 ->
5 132 -1
5 133 
5 134 4
5 135 [3]
$3FF83BD9124E6F8C,3FEF75A5DAE280E2,0
5 136 [3]
$3FF83BD9124E6F8C,BFEF75A5DAE280E2,0
4 137 ->
5 132 -1
5 133 
5 134 4
5 135 [3]
$3FF83BD9124E6F8C,BFEF75A5DAE280E2,0
5 136 [3]
$BF8DEC892737C5C7,BFEF75A5DAE280E2,0
3 138 NULL
3 139 0
2 140 ->
3 115 50
3 116 -1
3 117 
3 118 1
3 119 4
3 120 ->
4 121 14
4 122 DTM3
4 123 16777217
4 124 5
4 125 10
4 126 BFF
4 127 BFF
4 128 
4 129 BFF
3 130 ->
4 131 ->
5 132 -1
5 133 
5 134 6
5 135 [3]
$BFEF75A5DAE280E2,BFF9B8C6A3B6E23C,0
5 136 [3]
$BFEF75A5DAE280E2,3F8DEC892737C5C7,0
4 137 ->
5 132 -1
5 133 
5 134 6
5 135 [3]
$BFEF75A5DAE280E2,3F8DEC892737C5C7,0
5 136 [3]
$3FEF75A5DAE280E2,3F8DEC892737C5C7,0
4 137 ->
5 132 -1
5 133 
5 134 6
5 135 [3]
$3FEF75A5DAE280E2,3F8DEC892737C5C7,0
5 136 [3]
$3FEF75A5DAE280E2,BFF9B8C6A3B6E23C,0
4 137 ->
5 132 -1
5 133 
5 134 6
5 135 [3]
$3FEF75A5DAE280E2,BFF9B8C6A3B6E23C,0
5 136 [3]
$BFEF75A5DAE280E2,BFF9B8C6A3B6E23C,0
3 138 NULL
3 139 0
@idtab_ptr 141 0
2 141 ->
@srf_id_arr 142 1
3 142 [38][4]
$2,218,2,0
$3,218,4,0
$4,218,6,0
$6,218,12,0
$7,218,21,0
$8,218,30,0
$9,218,32,0
$10,218,34,0
$11,218,36,0
$12,218,38,0
$13,218,40,0
$14,218,42,0
$15,218,44,0
$40,218,53,0
$41,218,56,0
$42,218,58,0
$51,218,75,0
$52,218,78,0
$53,218,80,0
$62,218,95,0
$63,218,98,0
$64,218,100,0
$73,218,120,0
$74,218,122,0
$83,218,144,0
$84,218,146,0
$93,218,168,0
$94,218,170,0
$99,218,192,0
$100,218,194,0
$105,218,213,0
$106,218,216,0
$107,2*218,0
$120,218,239,0
$121,218,242,0
$122,218,244,0
$135,218,268,0
$136,218,270,0
@edg_id_arr 143 1
3 143 [84][6]
$16,240,13,2*0,8
$17,240,14,2*0,9
$18,240,15,2*0,10
$19,240,16,2*0,11
$20,240,17,2*0,12
$21,240,18,2*0,13
$22,240,19,2*0,14
$23,240,20,2*0,15
$24,240,22,2*0,7
$25,240,23,2*0,7
$26,240,24,2*0,7
$27,240,25,2*0,7
$28,240,26,2*0,7
$29,240,27,2*0,7
$30,240,28,2*0,7
$31,240,29,2*0,7
$32,240,31,2*0,15
$33,240,33,2*0,8
$34,240,35,2*0,9
$35,240,37,2*0,10
$36,240,39,2*0,11
$37,240,41,2*0,12
$38,240,43,2*0,13
$39,240,45,2*0,14
$43,240,54,2*0,41
$44,240,55,2*0,42
$45,240,62,2*0,15
$46,240,63,2*0,15
$47,240,64,2*0,41
$48,240,65,2*0,42
$54,240,76,2*0,52
$55,240,77,2*0,53
$56,240,84,2*0,15
$57,240,85,2*0,15
$58,240,86,2*0,52
$59,240,87,2*0,53
$65,240,96,2*0,63
$66,240,97,2*0,64
$67,240,104,2*0,15
$68,240,105,2*0,15
$69,240,106,2*0,63
$70,240,107,2*0,64
$75,240,126,2*0,73
$76,240,127,2*0,74
$77,240,128,2*0,15
$78,240,129,2*0,15
$79,240,130,2*0,73
$80,240,131,2*0,74
$85,240,150,2*0,83
$86,240,151,2*0,84
$87,240,152,2*0,15
$88,240,153,2*0,15
$89,240,154,2*0,83
$90,240,155,2*0,84
$95,240,174,2*0,93
$96,240,175,2*0,94
$101,240,198,2*0,99
$102,240,199,2*0,100
$108,240,214,2*0,106
$109,240,215,2*0,107
$110,240,222,2*0,15
$111,240,223,2*0,15
$112,240,224,2*0,105
$113,240,225,2*0,105
$114,240,226,2*0,93
$115,240,227,2*0,94
$116,240,228,2*0,106
$117,240,229,2*0,107
$123,2*240,2*0,121
$124,240,241,2*0,122
$125,240,248,2*0,15
$126,240,249,2*0,15
$127,240,250,2*0,120
$128,240,251,2*0,120
$129,240,252,2*0,99
$130,240,253,2*0,100
$131,240,254,2*0,121
$132,240,255,2*0,122
$137,240,274,2*0,135
$138,240,275,2*0,136
$139,240,276,2*0,12
$140,240,277,2*0,12
$141,240,278,2*0,135
$142,240,279,2*0,136
@misc_id_tab 144 0
3 144 [21]
4 144 
@misc_hist 145 1
5 145 [5]
$5,534,8,-1,500
4 144 
5 145 [5]
$49,530,41,-1,500
4 144 
5 145 [5]
$50,531,41,-1,500
4 144 
5 145 [5]
$60,530,52,-1,500
4 144 
5 145 [5]
$61,531,52,-1,500
4 144 
5 145 [5]
$71,530,63,-1,500
4 144 
5 145 [5]
$72,531,63,-1,500
4 144 
5 145 [5]
$81,530,73,-1,500
4 144 
5 145 [5]
$82,531,73,-1,500
4 144 
5 145 [5]
$91,530,83,-1,500
4 144 
5 145 [5]
$92,531,83,-1,500
4 144 
5 145 [5]
$97,530,93,-1,500
4 144 
5 145 [5]
$98,531,93,-1,500
4 144 
5 145 [5]
$103,530,99,-1,500
4 144 
5 145 [5]
$104,531,99,-1,500
4 144 
5 145 [5]
$118,530,106,-1,500
4 144 
5 145 [5]
$119,531,106,-1,500
4 144 
5 145 [5]
$133,530,121,-1,500
4 144 
5 145 [5]
$134,531,121,-1,500
4 144 
5 145 [5]
$143,530,135,-1,500
4 144 
5 145 [5]
$144,531,135,-1,500
@save_geoms 146 0
3 146 NULL
@cr_flags_xar 147 1
3 147 [23]
$2*-1,-1025,-2049,2*-1,-16777217,-1,134217727,5*0,2097152,0,2,3*0,1048576,
$2*0
@cvt_feat_dat 148 0
3 148 NULL
@feat_dates_ptr 149 0
3 149 ->
@creat_date 150 1
4 150 0
@regen_date 151 1
4 151 0
@geometry 152 0
2 152 
@srf_array 153 0
3 153 [38]
4 153 ->
@geom_type 154 1
5 154 34
@geom_id 155 1
5 155 2
@feat_id 156 1
5 156 1
@boundary_type 157 1
5 157 -1
@envlp 158 2
5 158 [2][2]
$BFF9B8C6A3B6E23C,BF8DEC892737C5C7
$3F8DEC892737C5C7,3FF83BD9124E6F8C
@srf_prim_ptr(plane) 159 0
5 159 ->
@local_sys 160 2
6 160 [4][3]
$2*0,BFF
$BFF,2*0
$0,3FF,0
$0,C019BE76C8B4395A,0
@frst_cntr_ptr 161 0
5 161 NULL
@next_geom_ptr 162 1
5 162 0
@orient 163 1
5 163 -1
@outline 164 2
5 164 [2][3]
$0,C019CD6D0D47D53D,BF8DEC892737C4C7
$0,C01350451FC680CA,3FF83BD9124E6F8E
4 153 ->
5 154 34
5 155 3
5 156 1
5 157 -1
5 158 [2][2]
$BF8DEC892737C5C7,BFEF75A5DAE280E2
$3FF83BD9124E6F8C,3FEF75A5DAE280E2
5 159 ->
6 160 [4][3]
$0,3FF,0
$2*0,3FF
$3FF,2*0
$0,C019BE76C8B4395A,0
5 161 NULL
5 162 0
5 163 -1
5 164 [2][3]
$BFEF75A5DAE280E2,C019BE76C8B4395A,BF8DEC892737C4C7
$3FEF75A5DAE280E2,C019BE76C8B4395A,3FF83BD9124E6F8E
4 153 ->
5 154 34
5 155 4
5 156 1
5 157 -1
5 158 [2][2]
$BFEF75A5DAE280E2,BFF9B8C6A3B6E23C
$3FEF75A5DAE280E2,3F8DEC892737C5C7
5 159 ->
6 160 [4][3]
$3FF,2*0
$0,BFF,0
$2*0,BFF
$0,C019BE76C8B4395A,0
5 161 NULL
5 162 0
5 163 -1
5 164 [2][3]
$BFEF75A5DAE280E2,C019CD6D0D47D53D,0
$3FEF75A5DAE280E2,C01350451FC680CA,0
4 153 ->
5 154 34
5 155 6
5 156 1
5 157 0
5 158 [2][2]
$BFEEFDF3B645A1CB,BFF97CED916872B
$3FEEFDF3B645A1CB,0
5 159 ->
6 160 [4][3]
$3FF,2*0
$0,BFF,0
$2*0,BFF
$0,C019BE76C8B4395A,0
5 161 ->
@frst_cntr_crv_hdr_ptr 165 1
6 165 16
@trv 166 1
6 166 1
@envlp 167 2
6 167 [2][2]
$BFEEFDF3B645A1CB,BFF97CED916872B
$3FEEFDF3B645A1CB,0
@next_cntr_ptr 168 0
5 168 NULL
5 162 7
5 163 1
5 164 [2][3]
$BFEEFDF3B645A1CB,C019BE76C8B4395A,0
$3FEEFDF3B645A1CB,C0135F3B645A1CAE,0
4 153 ->
5 154 34
5 155 7
5 156 1
5 157 0
5 158 [2][2]
$BFEEFDF3B645A1CB,BFF97CED916872B
$3FEEFDF3B645A1CB,0
5 159 ->
6 160 [4][3]
$3FF,2*0
$0,BFF,0
$2*0,BFF
$0,C019BE76C8B4395A,3FF8
5 161 ->
6 165 24
6 166 1
6 167 [2][2]
$BFEEFDF3B645A1CB,BFF97CED916872B
$3FEEFDF3B645A1CB,0
5 168 NULL
5 162 8
5 163 -1
5 164 [2][3]
$BFEEFDF3B645A1CB,C019BE76C8B4395A,3FF8
$3FEEFDF3B645A1CB,C0135F3B645A1CAE,3FF8
4 153 ->
5 154 34
5 155 8
5 156 1
5 157 0
5 158 [2][2]
$2*0
$3FE,3FF8
5 159 ->
6 160 [4][3]
$2*0,3FF
$3FF,2*0
$0,3FF,0
$BFEEFDF3B645A1CB,C019BE76C8B4395A,0
5 161 ->
6 165 16
6 166 1
6 167 [2][2]
$2*0
$3FE,3FF8
5 168 NULL
5 162 9
5 163 -1
5 164 [2][3]
$BFEEFDF3B645A1CB,C019BE76C8B4395A,0
$BFEEFDF3B645A1CB,C017BE76C8B4395A,3FF8
4 153 ->
5 154 34
5 155 9
5 156 1
5 157 0
5 158 [2][2]
$2*0
$3FF0978D4FDF3B65,3FF8
5 159 ->
6 160 [4][3]
$3FF,2*0
$2*0,BFF
$0,3FF,0
$BFEEFDF3B645A1CB,C017BE76C8B4395A,0
5 161 ->
6 165 17
6 166 1
6 167 [2][2]
$2*0
$3FF0978D4FDF3B65,3FF8
5 168 ->
6 165 75
6 166 -1
6 167 [2][2]
$3FCC6A7EF9DB22D,3FCC083126E978D4
$3FDE353F7CED9168,3FDE04189374BC6A
5 168 ->
6 165 85
6 166 -1
6 167 [2][2]
$3FCC6A7EF9DB22D,3FF07EF9DB22D0E6
$3FDE353F7CED9168,3FF47EF9DB22D0E6
5 168 NULL
5 162 10
5 163 -1
5 164 [2][3]
$BFEEFDF3B645A1CB,C017BE76C8B4395A,0
$3FB189374BC6A7F8,C017BE76C8B4395A,3FF8
4 153 ->
5 154 34
5 155 10
5 156 1
5 157 0
5 158 [2][2]
$2*0
$3FF17CED916872B,3FF8
5 159 ->
6 160 [4][3]
$2*0,3FF
$3FF,2*0
$0,3FF,0
$3FB189374BC6A7F8,C017BE76C8B4395A,0
5 161 ->
6 165 18
6 166 1
6 167 [2][2]
$2*0
$3FF17CED916872B,3FF8
5 168 ->
6 165 137
6 166 -1
6 167 [2][2]
$3FE6F9DB22D0E56,3FE4
$3FEEF9DB22D0E56,3FEC
5 168 NULL
5 162 11
5 163 -1
5 164 [2][3]
$3FB189374BC6A7F8,C017BE76C8B4395A,0
$3FB189374BC6A7F8,C0135F3B645A1CAE,3FF8
4 153 ->
5 154 34
5 155 11
5 156 1
5 157 0
5 158 [2][2]
$2*0
$3FCC28F5C28F5C24,3FF8
5 159 ->
6 160 [4][3]
$3FF,2*0
$2*0,BFF
$0,3FF,0
$3FB189374BC6A7F8,C0135F3B645A1CAE,0
5 161 ->
6 165 19
6 166 1
6 167 [2][2]
$2*0
$3FCC28F5C28F5C24,3FF8
5 168 NULL
5 162 12
5 163 -1
5 164 [2][3]
$3FB189374BC6A7F8,C0135F3B645A1CAE,0
$3FD276C8B439581,C0135F3B645A1CAE,3FF8
4 153 ->
5 154 34
5 155 12
5 156 1
5 157 0
5 158 [2][2]
$2*0
$3FE,3FF8
5 159 ->
6 160 [4][3]
$2*0,BFF
$BFF,2*0
$0,3FF,0
$3FD276C8B439581,C0135F3B645A1CAE,0
5 161 ->
6 165 20
6 166 1
6 167 [2][2]
$2*0
$3FE,3FF8
5 168 ->
6 165 139
6 166 -1
6 167 [2][2]
$3FC,3FE4
$3FD8,3FEC
5 168 NULL
5 162 13
5 163 -1
5 164 [2][3]
$3FD276C8B439581,C0155F3B645A1CAE,0
$3FD276C8B439581,C0135F3B645A1CAE,3FF8
4 153 ->
5 154 34
5 155 13
5 156 1
5 157 0
5 158 [2][2]
$2*0
$3FE5C28F5C28F5C3,3FF8
5 159 ->
6 160 [4][3]
$3FF,2*0
$2*0,BFF
$0,3FF,0
$3FD276C8B439581,C0155F3B645A1CAE,0
5 161 ->
6 165 21
6 166 1
6 167 [2][2]
$2*0
$3FE5C28F5C28F5C3,3FF8
5 168 ->
6 165 95
6 166 -1
6 167 [2][2]
$3FC9851EB851EB8R,3FCA083126E978D4
$3FDEC28F5C28F5C4,3FDF04189374BC6A
5 168 ->
6 165 101
6 166 -1
6 167 [2][2]
$3FC9851EB851EB8R,3FF03EF9DB22D0E6
$3FDEC28F5C28F5C4,3FF4BEF9DB22D0E6
5 168 NULL
5 162 14
5 163 -1
5 164 [2][3]
$3FD276C8B439581,C0155F3B645A1CAE,0
$3FEEFDF3B645A1CB,C0155F3B645A1CAE,3FF8
4 153 ->
5 154 34
5 155 14
5 156 1
5 157 0
5 158 [2][2]
$2*0
$3FF17CED916872B,3FF8
5 159 ->
6 160 [4][3]
$2*0,BFF
$BFF,2*0
$0,3FF,0
$3FEEFDF3B645A1CB,C0155F3B645A1CAE,0
5 161 ->
6 165 22
6 166 1
6 167 [2][2]
$2*0
$3FF17CED916872B,3FF8
5 168 NULL
5 162 15
5 163 -1
5 164 [2][3]
$3FEEFDF3B645A1CB,C019BE76C8B4395A,0
$3FEEFDF3B645A1CB,C0155F3B645A1CAE,3FF8
4 153 ->
5 154 34
5 155 15
5 156 1
5 157 0
5 158 [2][2]
$2*0
$3FFEFDF3B645A1CB,3FF8
5 159 ->
6 160 [4][3]
$BFF,2*0
$2*0,3FF
$0,3FF,0
$3FEEFDF3B645A1CB,C019BE76C8B4395A,0
5 161 ->
6 165 23
6 166 1
6 167 [2][2]
$2*0
$3FFEFDF3B645A1CB,3FF8
5 168 ->
6 165 45
6 166 -1
6 167 [2][2]
$3FF870A3D70A3D71,3FE6
$3FFA70A3D70A3D71,3FEA
5 168 ->
6 165 56
6 166 -1
6 167 [2][2]
$3FECFDF3B645A1CB,3FE6
$3FF07EF9DB22D0E6,3FEA
5 168 ->
6 165 67
6 166 -1
6 167 [2][2]
$3FCB851EB851EB84,3FE4
$3FDDC28F5C28F5C2,3FEC
5 168 ->
6 165 77
6 166 -1
6 167 [2][2]
$3FF770A3D70A3D71,3FCC083126E978D4
$3FFB70A3D70A3D71,3FDE04189374BC6A
5 168 ->
6 165 87
6 166 -1
6 167 [2][2]
$3FF770A3D70A3D71,3FF07EF9DB22D0E6
$3FFB70A3D70A3D71,3FF47EF9DB22D0E6
5 168 ->
6 165 110
6 166 -1
6 167 [2][2]
$3FC1851EB851EB84,3FC2083126E978D4
$3FE16147AE147AE1,3FE1820C49BA5E35
5 168 ->
6 165 125
6 166 -1
6 167 [2][2]
$3FC1851EB851EB84,3FEE7DF3B645A1CR
$3FE16147AE147AE1,3FF5BEF9DB22D0E6
5 168 NULL
5 162 40
5 163 -1
5 164 [2][3]
$BFEEFDF3B645A1CB,C019BE76C8B4395A,0
$3FEEFDF3B645A1CB,C019BE76C8B4395A,3FF8
4 153 ->
5 154 34
5 155 40
5 156 1
5 157 0
5 158 [2][2]
$BFB,BFB00BAEC6D6F354
$3FB,3FB00BAEC6D6F354
5 159 ->
6 160 [4][3]
$3FF,2*0
$2*0,BFF
$0,3FF,0
$BFE3E353F7CED917,C018395810624DD5,3FE8
5 161 ->
6 165 43
6 166 1
6 167 [2][2]
$BFB,BFB00BAEC6D6F354
$3FB,3FB00BAEC6D6F354
5 168 NULL
5 162 41
5 163 1
5 164 [2][3]
$BFE5E353F7CED917,C018395810624DD5,3FE5FE8A2725219A
$BFE1E353F7CED917,C018395810624DD5,3FEA0175D8DADE6E
4 153 ->
5 154 36
5 155 41
5 156 1
5 157 0
5 158 [2][2]
$0,BFD851EB851EB852
$400921FB54442D18,0
@srf_prim_ptr(cylinder) 169 0
5 169 ->
@local_sys 170 2
6 170 [4][3]
$3FF,2*0
$2*0,BFF
$0,3FF,0
$BFE3E353F7CED917,C019BE76C8B4395A,3FE8
@radius 171 2
6 171 3FB
5 161 ->
6 165 45
6 166 1
6 167 [2][2]
$0,BFD851EB851EB852
$400921FB54442D18,0
5 168 NULL
5 162 42
5 163 -1
5 164 [2][3]
$BFE5E353F7CED917,C019BE76C8B4395A,3FE8
$BFE1E353F7CED917,C018395810624DD5,3FEA
4 153 ->
5 154 36
5 155 42
5 156 1
5 157 0
5 158 [2][2]
$400921FB54442D18,BFD851EB851EB852
$401921FB54442D18,0
5 169 ->
6 170 [4][3]
$3FF,2*0
$2*0,BFF
$0,3FF,0
$BFE3E353F7CED917,C019BE76C8B4395A,3FE8
6 171 3FB
5 161 ->
6 165 46
6 166 1
6 167 [2][2]
$400921FB54442D18,BFD851EB851EB852
$401921FB54442D18,0
5 168 NULL
5 162 51
5 163 -1
5 164 [2][3]
$BFE5E353F7CED917,C019BE76C8B4395A,3FE6
$BFE1E353F7CED917,C018395810624DD5,3FE8
4 153 ->
5 154 34
5 155 51
5 156 1
5 157 0
5 158 [2][2]
$BFB,BFB00BAEC6D6F354
$3FB,3FB00BAEC6D6F354
5 159 ->
6 160 [4][3]
$3FF,2*0
$2*0,BFF
$0,3FF,0
$0,C018395810624DD5,3FE8
5 161 ->
6 165 54
6 166 1
6 167 [2][2]
$BFB,BFB00BAEC6D6F354
$3FB,3FB00BAEC6D6F354
5 168 NULL
5 162 52
5 163 1
5 164 [2][3]
$BFB,C018395810624DD5,3FE5FE8A2725219A
$3FB,C018395810624DD5,3FEA0175D8DADE6E
4 153 ->
5 154 36
5 155 52
5 156 1
5 157 0
5 158 [2][2]
$0,BFD851EB851EB852
$400921FB54442D18,0
5 169 ->
6 170 [4][3]
$3FF,2*0
$2*0,BFF
$0,3FF,0
$0,C019BE76C8B4395A,3FE8
6 171 3FB
5 161 ->
6 165 56
6 166 1
6 167 [2][2]
$0,BFD851EB851EB852
$400921FB54442D18,0
5 168 NULL
5 162 53
5 163 -1
5 164 [2][3]
$BFB,C019BE76C8B4395A,3FE8
$3FB,C018395810624DD5,3FEA
4 153 ->
5 154 36
5 155 53
5 156 1
5 157 0
5 158 [2][2]
$400921FB54442D18,BFD851EB851EB852
$401921FB54442D18,0
5 169 ->
6 170 [4][3]
$3FF,2*0
$2*0,BFF
$0,3FF,0
$0,C019BE76C8B4395A,3FE8
6 171 3FB
5 161 ->
6 165 57
6 166 1
6 167 [2][2]
$400921FB54442D18,BFD851EB851EB852
$401921FB54442D18,0
5 168 NULL
5 162 62
5 163 -1
5 164 [2][3]
$BFB,C019BE76C8B4395A,3FE6
$3FB,C018395810624DD5,3FE8
4 153 ->
5 154 34
5 155 62
5 156 1
5 157 0
5 158 [2][2]
$BFC,BFC0088927D08F34
$3FC,3FC0088927D08F34
5 159 ->
6 160 [4][3]
$3FF,2*0
$2*0,BFF
$0,3FF,0
$3FE41CAC083126EA,C0174395810624DF,3FE8
5 161 ->
6 165 65
6 166 1
6 167 [2][2]
$BFC,BFC0088927D08F34
$3FC,3FC0088927D08F34
5 168 NULL
5 162 63
5 163 1
5 164 [2][3]
$3FE01CAC083126EA,C0174395810624DF,3FE3FDDDB60BDC37
$3FE81CAC083126EA,C0174395810624DF,3FEC022249F423D1
4 153 ->
5 154 36
5 155 63
5 156 1
5 157 0
5 158 [2][2]
$0,BFE3D70A3D70A3D7
$400921FB54442D18,0
5 169 ->
6 170 [4][3]
$3FF,2*0
$2*0,BFF
$0,3FF,0
$3FE41CAC083126EA,C019BE76C8B4395A,3FE8
6 171 3FC
5 161 ->
6 165 67
6 166 1
6 167 [2][2]
$0,BFE3D70A3D70A3D7
$400921FB54442D18,0
5 168 NULL
5 162 64
5 163 -1
5 164 [2][3]
$3FE01CAC083126EA,C019BE76C8B4395A,3FE8
$3FE81CAC083126EA,C0174395810624DF,3FEC
4 153 ->
5 154 36
5 155 64
5 156 1
5 157 0
5 158 [2][2]
$400921FB54442D18,BFE3D70A3D70A3D7
$401921FB54442D18,0
5 169 ->
6 170 [4][3]
$3FF,2*0
$2*0,BFF
$0,3FF,0
$3FE41CAC083126EA,C019BE76C8B4395A,3FE8
6 171 3FC
5 161 ->
6 165 68
6 166 1
6 167 [2][2]
$400921FB54442D18,BFE3D70A3D70A3D7
$401921FB54442D18,0
5 168 NULL
5 162 73
5 163 -1
5 164 [2][3]
$3FE01CAC083126EA,C019BE76C8B4395A,3FE4
$3FE81CAC083126EA,C0174395810624DF,3FE8
4 153 ->
5 154 36
5 155 73
5 156 1
5 157 0
5 158 [2][2]
$0,BFE
$400921FB54442D18,0
5 169 ->
6 170 [4][3]
$3FF,2*0
$2*0,BFF
$0,3FF,0
$BFE3E353F7CED917,C019BE76C8B4395A,3FD604189374BC72
6 171 3FC
5 161 ->
6 165 75
6 166 1
6 167 [2][2]
$0,BFE
$400921FB54442D18,0
5 168 NULL
5 162 74
5 163 -1
5 164 [2][3]
$BFE7E353F7CED917,C019BE76C8B4395A,3FD604189374BC72
$BFDFC6A7EF9DB22E,C017BE76C8B4395A,3FDE04189374BC72
4 153 ->
5 154 36
5 155 74
5 156 1
5 157 0
5 158 [2][2]
$400921FB54442D18,BFE
$401921FB54442D18,0
5 169 ->
6 170 [4][3]
$3FF,2*0
$2*0,BFF
$0,3FF,0
$BFE3E353F7CED917,C019BE76C8B4395A,3FD604189374BC72
6 171 3FC
5 161 ->
6 165 76
6 166 1
6 167 [2][2]
$400921FB54442D18,BFE
$401921FB54442D18,0
5 168 NULL
5 162 83
5 163 -1
5 164 [2][3]
$BFE7E353F7CED917,C019BE76C8B4395A,3FCC083126E978E4
$BFDFC6A7EF9DB22E,C017BE76C8B4395A,3FD604189374BC72
4 153 ->
5 154 36
5 155 83
5 156 1
5 157 0
5 158 [2][2]
$0,BFE
$400921FB54442D18,0
5 169 ->
6 170 [4][3]
$3FF,2*0
$2*0,BFF
$0,3FF,0
$BFE3E353F7CED917,C019BE76C8B4395A,3FF27EF9DB22D0E8
6 171 3FC
5 161 ->
6 165 85
6 166 1
6 167 [2][2]
$0,BFE
$400921FB54442D18,0
5 168 NULL
5 162 84
5 163 -1
5 164 [2][3]
$BFE7E353F7CED917,C019BE76C8B4395A,3FF27EF9DB22D0E8
$BFDFC6A7EF9DB22E,C017BE76C8B4395A,3FF47EF9DB22D0E8
4 153 ->
5 154 36
5 155 84
5 156 1
5 157 0
5 158 [2][2]
$400921FB54442D18,BFE
$401921FB54442D18,0
5 169 ->
6 170 [4][3]
$3FF,2*0
$2*0,BFF
$0,3FF,0
$BFE3E353F7CED917,C019BE76C8B4395A,3FF27EF9DB22D0E8
6 171 3FC
5 161 ->
6 165 86
6 166 1
6 167 [2][2]
$400921FB54442D18,BFE
$401921FB54442D18,0
5 168 NULL
5 162 93
5 163 -1
5 164 [2][3]
$BFE7E353F7CED917,C019BE76C8B4395A,3FF07EF9DB22D0E8
$BFDFC6A7EF9DB22E,C017BE76C8B4395A,3FF27EF9DB22D0E8
4 153 ->
5 154 36
5 155 93
5 156 1
5 157 0
5 158 [2][2]
$0,BFF17CED916872B
$400921FB54442D19,BFE2F9DB22D0E56
5 169 ->
6 170 [4][3]
$3FF,2*0
$2*0,BFF
$0,3FF,0
$3FE41CAC083126EA,C019BE76C8B4395A,3FD604189374BC72
6 171 3FC2
5 161 ->
6 165 112
6 166 1
6 167 [2][2]
$0,BFF17CED916872B
$400921FB54442D19,BFE2F9DB22D0E56
5 168 NULL
5 162 94
5 163 -1
5 164 [2][3]
$3FDF395810624DD4,C0175F3B645A1CAE,3FD604189374BC71
$3FE89CAC083126EA,C0155F3B645A1CAE,3FDF04189374BC72
4 153 ->
5 154 36
5 155 94
5 156 1
5 157 0
5 158 [2][2]
$400921FB54442D18,BFF17CED916872B
$401921FB54442D19,BFE2F9DB22D0E56
5 169 ->
6 170 [4][3]
$3FF,2*0
$2*0,BFF
$0,3FF,0
$3FE41CAC083126EA,C019BE76C8B4395A,3FD604189374BC72
6 171 3FC2
5 161 ->
6 165 113
6 166 1
6 167 [2][2]
$400921FB54442D18,BFF17CED916872B
$401921FB54442D19,BFE2F9DB22D0E56
5 168 NULL
5 162 99
5 163 -1
5 164 [2][3]
$3FDF395810624DD4,C0175F3B645A1CAE,3FCA083126E978E4
$3FE89CAC083126EA,C0155F3B645A1CAE,3FD604189374BC74
4 153 ->
5 154 36
5 155 99
5 156 1
5 157 0
5 158 [2][2]
$0,BFF17CED916872B
$400921FB54442D19,BFE2F9DB22D0E56
5 169 ->
6 170 [4][3]
$3FF,2*0
$2*0,BFF
$0,3FF,0
$3FE41CAC083126EA,C019BE76C8B4395A,3FF27EF9DB22D0E8
6 171 3FC2
5 161 ->
6 165 127
6 166 1
6 167 [2][2]
$0,BFF17CED916872B
$400921FB54442D19,BFE2F9DB22D0E56
5 168 NULL
5 162 100
5 163 -1
5 164 [2][3]
$3FDF395810624DD4,C0175F3B645A1CAE,3FF27EF9DB22D0E8
$3FE89CAC083126EA,C0155F3B645A1CAE,3FF4BEF9DB22D0E8
4 153 ->
5 154 36
5 155 100
5 156 1
5 157 0
5 158 [2][2]
$400921FB54442D18,BFF17CED916872B
$401921FB54442D19,BFE2F9DB22D0E56
5 169 ->
6 170 [4][3]
$3FF,2*0
$2*0,BFF
$0,3FF,0
$3FE41CAC083126EA,C019BE76C8B4395A,3FF27EF9DB22D0E8
6 171 3FC2
5 161 ->
6 165 128
6 166 1
6 167 [2][2]
$400921FB54442D18,BFF17CED916872B
$401921FB54442D19,BFE2F9DB22D0E56
5 168 NULL
5 162 105
5 163 -1
5 164 [2][3]
$3FDF395810624DD4,C0175F3B645A1CAE,3FF03EF9DB22D0E8
$3FE89CAC083126EA,C0155F3B645A1CAE,3FF27EF9DB22D0E9
4 153 ->
5 154 34
5 155 105
5 156 1
5 157 0
5 158 [2][2]
$BFCA,BFCA0A8CC590346R
$3FCA,3FCA0A8CC590346R
5 159 ->
6 160 [4][3]
$3FF,2*0
$2*0,BFF
$0,3FF,0
$3FE41CAC083126EA,C0175F3B645A1CAE,3FD604189374BC72
5 161 ->
6 165 108
6 166 1
6 167 [2][2]
$BFCA,BFCA0A8CC590346R
$3FCA,3FCA0A8CC590346R
5 168 ->
6 165 112
6 166 -1
6 167 [2][2]
$2*BFC2
$2*3FC2
5 168 NULL
5 162 106
5 163 1
5 164 [2][3]
$3FDB395810624DD4,C0175F3B645A1CAE,3FC1FDA46159447E
$3FEA9CAC083126EA,C0175F3B645A1CAE,3FE184AF7B1E6B52
4 153 ->
5 154 36
5 155 106
5 156 1
5 157 0
5 158 [2][2]
$0,BFE2F9DB22D0E56
$400921FB54442D18,0
5 169 ->
6 170 [4][3]
$3FF,2*0
$2*0,BFF
$0,3FF,0
$3FE41CAC083126EA,C019BE76C8B4395A,3FD604189374BC72
6 171 3FCA
5 161 ->
6 165 110
6 166 1
6 167 [2][2]
$0,BFE2F9DB22D0E56
$400921FB54442D18,0
5 168 NULL
5 162 107
5 163 -1
5 164 [2][3]
$3FDB395810624DD4,C019BE76C8B4395A,3FD604189374BC72
$3FEA9CAC083126EA,C0175F3B645A1CAE,3FE1820C49BA5E39
4 153 ->
5 154 36
5 155 107
5 156 1
5 157 0
5 158 [2][2]
$400921FB54442D18,BFE2F9DB22D0E56
$401921FB54442D18,0
5 169 ->
6 170 [4][3]
$3FF,2*0
$2*0,BFF
$0,3FF,0
$3FE41CAC083126EA,C019BE76C8B4395A,3FD604189374BC72
6 171 3FCA
5 161 ->
6 165 111
6 166 1
6 167 [2][2]
$400921FB54442D18,BFE2F9DB22D0E56
$401921FB54442D18,0
5 168 NULL
5 162 120
5 163 -1
5 164 [2][3]
$3FDB395810624DD4,C019BE76C8B4395A,3FC2083126E978E4
$3FEA9CAC083126EA,C0175F3B645A1CAE,3FD604189374BC72
4 153 ->
5 154 34
5 155 120
5 156 1
5 157 0
5 158 [2][2]
$BFCA,BFCA0A8CC590346R
$3FCA,3FCA0A8CC590346R
5 159 ->
6 160 [4][3]
$3FF,2*0
$2*0,BFF
$0,3FF,0
$3FE41CAC083126EA,C0175F3B645A1CAE,3FF27EF9DB22D0E8
5 161 ->
6 165 123
6 166 1
6 167 [2][2]
$BFCA,BFCA0A8CC590346R
$3FCA,3FCA0A8CC590346R
5 168 ->
6 165 127
6 166 -1
6 167 [2][2]
$2*BFC2
$2*3FC2
5 168 NULL
5 162 121
5 163 1
5 164 [2][3]
$3FDB395810624DD4,C0175F3B645A1CAE,3FEE7B5084E194B6
$3FEA9CAC083126EA,C0175F3B645A1CAE,3FF5C04B73D4D775
4 153 ->
5 154 36
5 155 121
5 156 1
5 157 0
5 158 [2][2]
$0,BFE2F9DB22D0E56
$400921FB54442D18,0
5 169 ->
6 170 [4][3]
$3FF,2*0
$2*0,BFF
$0,3FF,0
$3FE41CAC083126EA,C019BE76C8B4395A,3FF27EF9DB22D0E8
6 171 3FCA
5 161 ->
6 165 125
6 166 1
6 167 [2][2]
$0,BFE2F9DB22D0E56
$400921FB54442D18,0
5 168 NULL
5 162 122
5 163 -1
5 164 [2][3]
$3FDB395810624DD4,C019BE76C8B4395A,3FF27EF9DB22D0E8
$3FEA9CAC083126EA,C0175F3B645A1CAE,3FF5BEF9DB22D0E8
4 153 ->
5 154 36
5 155 122
5 156 1
5 157 0
5 158 [2][2]
$400921FB54442D18,BFE2F9DB22D0E56
$401921FB54442D18,0
5 169 ->
6 170 [4][3]
$3FF,2*0
$2*0,BFF
$0,3FF,0
$3FE41CAC083126EA,C019BE76C8B4395A,3FF27EF9DB22D0E8
6 171 3FCA
5 161 ->
6 165 126
6 166 1
6 167 [2][2]
$400921FB54442D18,BFE2F9DB22D0E56
$401921FB54442D18,0
5 168 NULL
5 162 135
5 163 -1
5 164 [2][3]
$3FDB395810624DD4,C019BE76C8B4395A,3FEE7DF3B645A1D
$3FEA9CAC083126EA,C0175F3B645A1CAE,3FF27EF9DB22D0E8
4 153 ->
5 154 36
5 155 135
5 156 1
5 157 0
5 158 [2][2]
$0,BFCC28F5C28F5C24
$400921FB54442D18,0
5 169 ->
6 170 [4][3]
$2*0,3FF
$3FF,2*0
$0,3FF,0
$3FD276C8B439581,C0145F3B645A1CAE,3FE8
6 171 3FC
5 161 ->
6 165 137
6 166 1
6 167 [2][2]
$0,BFCC28F5C28F5C24
$400921FB54442D18,0
5 168 NULL
5 162 136
5 163 -1
5 164 [2][3]
$3FB189374BC6A7F4,C014DF3B645A1CAE,3FE8
$3FD276C8B439581,C013DF3B645A1CAE,3FEC
4 153 ->
5 154 36
5 155 136
5 156 1
5 157 0
5 158 [2][2]
$400921FB54442D18,BFCC28F5C28F5C24
$401921FB54442D18,0
5 169 ->
6 170 [4][3]
$2*0,3FF
$3FF,2*0
$0,3FF,0
$3FD276C8B439581,C0145F3B645A1CAE,3FE8
6 171 3FC
5 161 ->
6 165 138
6 166 1
6 167 [2][2]
$400921FB54442D18,BFCC28F5C28F5C24
$401921FB54442D18,0
5 168 NULL
5 162 0
5 163 -1
5 164 [2][3]
$3FB189374BC6A7F4,C014DF3B645A1CAE,3FE4
$3FD276C8B439581,C013DF3B645A1CAE,3FE8
@crv_array 172 0
3 172 [84]
4 172 ->
@crv_id 173 1
5 173 16
@feat_id 174 1
5 174 1
@type 175 1
5 175 0
@crv_pnt_dir 176 1
5 176 [2]
$-1,1
@crv_pnt_arr 177 2
5 177 [2][4]
$BFEEFDF3B645A1CB,3*0
$BFEEFDF3B645A1CB,BFE,3FE,0
@crv_hdr_geom_ptr[0] 178 1
5 178 6
@crv_hdr_geom_ptr[1] 179 1
5 179 8
@next_crv_hdr_ptr[0] 180 1
5 180 23
@next_crv_hdr_ptr[1] 181 1
5 181 33
@ref_geom[0] 182 1
5 182 0
@ref_geom[1] 183 1
5 183 0
4 172 ->
5 173 17
5 174 1
5 175 0
5 176 [2]
$-1,1
5 177 [2][4]
$BFEEFDF3B645A1CB,BFE,2*0
$3FB189374BC6A7F8,BFE,3FF0978D4FDF3B65,0
5 178 6
5 179 9
5 180 16
5 181 34
5 182 0
5 183 0
4 172 ->
5 173 18
5 174 1
5 175 0
5 176 [2]
$-1,1
5 177 [2][4]
$3FB189374BC6A7F8,BFE,2*0
$3FB189374BC6A7F8,BFF97CED916872B,3FF17CED916872B,0
5 178 6
5 179 10
5 180 17
5 181 35
5 182 0
5 183 0
4 172 ->
5 173 19
5 174 1
5 175 0
5 176 [2]
$-1,1
5 177 [2][4]
$3FB189374BC6A7F8,BFF97CED916872B,2*0
$3FD276C8B439581,BFF97CED916872B,3FCC28F5C28F5C24,0
5 178 6
5 179 11
5 180 18
5 181 36
5 182 0
5 183 0
4 172 ->
5 173 20
5 174 1
5 175 0
5 176 [2]
$-1,1
5 177 [2][4]
$3FD276C8B439581,BFF97CED916872B,2*0
$3FD276C8B439581,BFF17CED916872B,3FE,0
5 178 6
5 179 12
5 180 19
5 181 37
5 182 0
5 183 0
4 172 ->
5 173 21
5 174 1
5 175 0
5 176 [2]
$-1,1
5 177 [2][4]
$3FD276C8B439581,BFF17CED916872B,2*0
$3FEEFDF3B645A1CB,BFF17CED916872B,3FE5C28F5C28F5C3,0
5 178 6
5 179 13
5 180 20
5 181 38
5 182 0
5 183 0
4 172 ->
5 173 22
5 174 1
5 175 0
5 176 [2]
$-1,1
5 177 [2][4]
$3FEEFDF3B645A1CB,BFF17CED916872B,2*0
$3FEEFDF3B645A1CB,0,3FF17CED916872B,0
5 178 6
5 179 14
5 180 21
5 181 39
5 182 0
5 183 0
4 172 ->
5 173 23
5 174 1
5 175 0
5 176 [2]
$-1,1
5 177 [2][4]
$3FEEFDF3B645A1CB,3*0
$BFEEFDF3B645A1CB,0,3FFEFDF3B645A1CB,0
5 178 6
5 179 15
5 180 22
5 181 32
5 182 0
5 183 0
4 172 ->
5 173 24
5 174 1
5 175 0
5 176 [2]
$1,-1
5 177 [2][4]
$BFEEFDF3B645A1CB,2*0,3FF8
$BFEEFDF3B645A1CB,BFE,3FE,3FF8
5 178 7
5 179 8
5 180 25
5 181 32
5 182 0
5 183 0
4 172 ->
5 173 25
5 174 1
5 175 0
5 176 [2]
$1,-1
5 177 [2][4]
$BFEEFDF3B645A1CB,BFE,0,3FF8
$3FB189374BC6A7F8,BFE,3FF0978D4FDF3B65,3FF8
5 178 7
5 179 9
5 180 26
5 181 33
5 182 0
5 183 0
4 172 ->
5 173 26
5 174 1
5 175 0
5 176 [2]
$1,-1
5 177 [2][4]
$3FB189374BC6A7F8,BFE,0,3FF8
$3FB189374BC6A7F8,BFF97CED916872B,3FF17CED916872B,3FF8
5 178 7
5 179 10
5 180 27
5 181 34
5 182 0
5 183 0
4 172 ->
5 173 27
5 174 1
5 175 0
5 176 [2]
$1,-1
5 177 [2][4]
$3FB189374BC6A7F8,BFF97CED916872B,0,3FF8
$3FD276C8B439581,BFF97CED916872B,3FCC28F5C28F5C24,3FF8
5 178 7
5 179 11
5 180 28
5 181 35
5 182 0
5 183 0
4 172 ->
5 173 28
5 174 1
5 175 0
5 176 [2]
$1,-1
5 177 [2][4]
$3FD276C8B439581,BFF97CED916872B,0,3FF8
$3FD276C8B439581,BFF17CED916872B,3FE,3FF8
5 178 7
5 179 12
5 180 29
5 181 36
5 182 0
5 183 0
4 172 ->
5 173 29
5 174 1
5 175 0
5 176 [2]
$1,-1
5 177 [2][4]
$3FD276C8B439581,BFF17CED916872B,0,3FF8
$3FEEFDF3B645A1CB,BFF17CED916872B,3FE5C28F5C28F5C3,3FF8
5 178 7
5 179 13
5 180 30
5 181 37
5 182 0
5 183 0
4 172 ->
5 173 30
5 174 1
5 175 0
5 176 [2]
$1,-1
5 177 [2][4]
$3FEEFDF3B645A1CB,BFF17CED916872B,0,3FF8
$3FEEFDF3B645A1CB,0,3FF17CED916872B,3FF8
5 178 7
5 179 14
5 180 31
5 181 38
5 182 0
5 183 0
4 172 ->
5 173 31
5 174 1
5 175 0
5 176 [2]
$1,-1
5 177 [2][4]
$3FEEFDF3B645A1CB,2*0,3FF8
$BFEEFDF3B645A1CB,0,3FFEFDF3B645A1CB,3FF8
5 178 7
5 179 15
5 180 24
5 181 39
5 182 0
5 183 0
4 172 ->
5 173 32
5 174 1
5 175 0
5 176 [2]
$-1,1
5 177 [2][4]
$2*0,3FFEFDF3B645A1CB,0
$0,3FF8,3FFEFDF3B645A1CB,3FF8
5 178 8
5 179 15
5 180 16
5 181 31
5 182 0
5 183 0
4 172 ->
5 173 33
5 174 1
5 175 0
5 176 [2]
$-1,1
5 177 [2][4]
$2*0,3FE,0
$0,3FF8,3FE,3FF8
5 178 9
5 179 8
5 180 17
5 181 24
5 182 0
5 183 0
4 172 ->
5 173 34
5 174 1
5 175 0
5 176 [2]
$-1,1
5 177 [2][4]
$2*0,3FF0978D4FDF3B65,0
$0,3FF8,3FF0978D4FDF3B65,3FF8
5 178 10
5 179 9
5 180 18
5 181 25
5 182 0
5 183 0
4 172 ->
5 173 35
5 174 1
5 175 0
5 176 [2]
$-1,1
5 177 [2][4]
$2*0,3FF17CED916872B,0
$0,3FF8,3FF17CED916872B,3FF8
5 178 11
5 179 10
5 180 19
5 181 26
5 182 0
5 183 0
4 172 ->
5 173 36
5 174 1
5 175 0
5 176 [2]
$-1,1
5 177 [2][4]
$2*0,3FCC28F5C28F5C24,0
$0,3FF8,3FCC28F5C28F5C24,3FF8
5 178 12
5 179 11
5 180 20
5 181 27
5 182 0
5 183 0
4 172 ->
5 173 37
5 174 1
5 175 0
5 176 [2]
$-1,1
5 177 [2][4]
$2*0,3FE,0
$0,3FF8,3FE,3FF8
5 178 13
5 179 12
5 180 21
5 181 28
5 182 0
5 183 0
4 172 ->
5 173 38
5 174 1
5 175 0
5 176 [2]
$-1,1
5 177 [2][4]
$2*0,3FE5C28F5C28F5C3,0
$0,3FF8,3FE5C28F5C28F5C3,3FF8
5 178 14
5 179 13
5 180 22
5 181 29
5 182 0
5 183 0
4 172 ->
5 173 39
5 174 1
5 175 0
5 176 [2]
$-1,1
5 177 [2][4]
$2*0,3FF17CED916872B,0
$0,3FF8,3FF17CED916872B,3FF8
5 178 15
5 179 14
5 180 23
5 181 30
5 182 0
5 183 0
4 172 ->
5 173 43
5 174 1
5 175 0
5 176 [2]
$-1,1
5 177 [12][4]
$3FB,2*0,BFD851EB851EB852
$3FAEB42A9BCD5057,3F9207E7FD768DBF,3FD247426BD47DE3,BFD851EB851EB852
$3FAAEB8C8764F0BA,3FA14CEDF8BB580B,3FE247426BD47DE3,BFD851EB851EB852
$3FA4F49E7F775887,3FA82F19BB3A28A1,3FEB6AE3A1BEBCD4,BFD851EB851EB852
$3F9A9628D9C712B6,3FAD1BB48EEE2C13,3FF247426BD47DE3,BFD851EB851EB852
$3F82375F640F44E2,3FAFAC9E043842EF,3FF6D91306C99D5B,BFD851EB851EB852
$BF82375F640F44D6,3FAFAC9E043842F,3FFB6AE3A1BEBCD4,BFD851EB851EB852
$BF9A9628D9C712B4,3FAD1BB48EEE2C14,3FFFFCB43CB3DC4D,BFD851EB851EB852
$BFA4F49E7F775886,3FA82F19BB3A28A1,400247426BD47DE3,BFD851EB851EB852
$BFAAEB8C8764F0BR,3FA14CEDF8BB580A,4004902AB94F0DA,BFD851EB851EB852
$BFAEB42A9BCD5056,3F9207E7FD768DC6,4006D91306C99D5B,BFD851EB851EB852
$BFB,0,400921FB54442D18,BFD851EB851EB852
5 178 40
5 179 41
5 180 44
5 181 48
5 182 0
5 183 0
4 172 ->
5 173 44
5 174 1
5 175 0
5 176 [2]
$-1,1
5 177 [12][4]
$BFB,0,400921FB54442D18,BFD851EB851EB852
$BFAEB42A9BCD5058,BF9207E7FD768DBA,400B6AE3A1BEBCD3,BFD851EB851EB852
$BFAAEB8C8764F0BA,BFA14CEDF8BB580B,400DB3CBEF394C9,BFD851EB851EB852
$BFA4F49E7F7758R,BFA82F19BB3A28A,400FFCB43CB3DC4C,BFD851EB851EB852
$BF9A9628D9C712B5,BFAD1BB48EEE2C14,401122CE45173604,BFD851EB851EB852
$BF82375F640F44DE,BFAFAC9E043842EF,401247426BD47DE3,BFD851EB851EB852
$3F82375F640F44D1,BFAFAC9E043842F,40136BB69291C5C1,BFD851EB851EB852
$3F9A9628D9C712AF,BFAD1BB48EEE2C15,4014902AB94F0D9F,BFD851EB851EB852
$3FA4F49E7F775889,BFA82F19BB3A28A,4015B49EE00C557E,BFD851EB851EB852
$3FAAEB8C8764F0BA,BFA14CEDF8BB580B,4016D91306C99D5C,BFD851EB851EB852
$3FAEB42A9BCD5057,BF9207E7FD768DC1,4017FD872D86E53A,BFD851EB851EB852
$3FB,0,401921FB54442D18,BFD851EB851EB852
5 178 40
5 179 42
5 180 43
5 181 47
5 182 0
5 183 0
4 172 ->
5 173 45
5 174 1
5 175 0
5 176 [2]
$1,-1
5 177 [13][4]
$3FF870A3D70A3D71,3FE8,2*0
$3FF8795CECCFF778,3FE88483EE0C9834,3FD0C152382D735D,0
$3FF892EFFFC77B0C,3FE9,3FE0C152382D736D,0
$3FF8BB9EE3D64392,3FE96A09E667F3BC,3FE921FB54442D0D,0
$3FF8F0A3D70A3D71,3FE9BB67AE8584CB,3FF0C152382D7365,0
$3FF92E61E003F156,3FE9EE8DD4748BF1,3FF4F1A6C638D037,0
$3FF970A3D70A3D71,3FEA,3FF921FB54442D18,0
$3FF9B2E5CE10898C,3FE9EE8DD4748BF1,3FFD524FE24F8A,0
$3FF9F0A3D70A3D71,3FE9BB67AE8584CB,4000C152382D7365,0
$3FFA25A8CA3E375,3FE96A09E667F3BC,4002D97C7F3321D5,0
$3FFA4E57AE4CFFD6,3FE9,4004F1A6C638D03D,0
$3FFA67EAC144836A,3FE88483EE0C9834,400709D10D3E7EAC,0
$3FFA70A3D70A3D71,3FE8,400921FB54442D18,0
5 178 15
5 179 41
5 180 46
5 181 47
5 182 0
5 183 0
4 172 ->
5 173 46
5 174 1
5 175 0
5 176 [2]
$1,-1
5 177 [13][4]
$3FFA70A3D70A3D71,3FE8,400921FB54442D18,0
$3FFA67EAC144836A,3FE77B7C11F367CR,400B3A259B49DB84,0
$3FFA4E57AE4CFFD6,3FE7,400D524FE24F89F3,0
$3FFA25A8CA3E375,3FE695F619980C4R,400F6A7A2955385B,0
$3FF9F0A3D70A3D71,3FE64498517A7B36,4010C152382D7365,0
$3FF9B2E5CE10898B,3FE611722B8B740F,4011CD675BB04A9C,0
$3FF970A3D70A3D71,3FE6,4012D97C7F3321D2,0
$3FF92E61E003F157,3FE611722B8B740F,4013E591A2B5F908,0
$3FF8F0A3D70A3D71,3FE64498517A7B35,4014F1A6C638D03E,0
$3FF8BB9EE3D64392,3FE695F619980C4R,4015FDBBE9BBA776,0
$3FF892EFFFC77B0C,3FE7,401709D10D3E7EAB,0
$3FF8795CECCFF778,3FE77B7C11F367CR,401815E630C155E3,0
$3FF870A3D70A3D71,3FE8,401921FB54442D18,0
5 178 15
5 179 42
5 180 45
5 181 48
5 182 0
5 183 0
4 172 ->
5 173 47
5 174 1
5 175 1
5 176 [2]
$1,-1
5 177 [2][4]
$2*0,401921FB54442D18,0
$0,BFD851EB851EB852,401921FB54442D18,BFD851EB851EB852
5 178 41
5 179 42
5 180 43
5 181 46
5 182 0
5 183 0
4 172 ->
5 173 48
5 174 1
5 175 1
5 176 [2]
$1,-1
5 177 [2][4]
$400921FB54442D18,0,400921FB54442D18,0
$400921FB54442D18,BFD851EB851EB852,400921FB54442D18,BFD851EB851EB852
5 178 42
5 179 41
5 180 44
5 181 45
5 182 0
5 183 0
4 172 ->
5 173 54
5 174 1
5 175 0
5 176 [2]
$-1,1
5 177 [12][4]
$3FB,2*0,BFD851EB851EB852
$3FAEB42A9BCD5057,3F9207E7FD768DBF,3FD247426BD47DE3,BFD851EB851EB852
$3FAAEB8C8764F0BA,3FA14CEDF8BB580B,3FE247426BD47DE3,BFD851EB851EB852
$3FA4F49E7F775887,3FA82F19BB3A28A1,3FEB6AE3A1BEBCD4,BFD851EB851EB852
$3F9A9628D9C712B6,3FAD1BB48EEE2C13,3FF247426BD47DE3,BFD851EB851EB852
$3F82375F640F44E2,3FAFAC9E043842EF,3FF6D91306C99D5B,BFD851EB851EB852
$BF82375F640F44D6,3FAFAC9E043842F,3FFB6AE3A1BEBCD4,BFD851EB851EB852
$BF9A9628D9C712B4,3FAD1BB48EEE2C14,3FFFFCB43CB3DC4D,BFD851EB851EB852
$BFA4F49E7F775886,3FA82F19BB3A28A1,400247426BD47DE3,BFD851EB851EB852
$BFAAEB8C8764F0BR,3FA14CEDF8BB580A,4004902AB94F0DA,BFD851EB851EB852
$BFAEB42A9BCD5056,3F9207E7FD768DC6,4006D91306C99D5B,BFD851EB851EB852
$BFB,0,400921FB54442D18,BFD851EB851EB852
5 178 51
5 179 52
5 180 55
5 181 59
5 182 0
5 183 0
4 172 ->
5 173 55
5 174 1
5 175 0
5 176 [2]
$-1,1
5 177 [12][4]
$BFB,0,400921FB54442D18,BFD851EB851EB852
$BFAEB42A9BCD5058,BF9207E7FD768DBA,400B6AE3A1BEBCD3,BFD851EB851EB852
$BFAAEB8C8764F0BA,BFA14CEDF8BB580B,400DB3CBEF394C9,BFD851EB851EB852
$BFA4F49E7F7758R,BFA82F19BB3A28A,400FFCB43CB3DC4C,BFD851EB851EB852
$BF9A9628D9C712B5,BFAD1BB48EEE2C14,401122CE45173604,BFD851EB851EB852
$BF82375F640F44DE,BFAFAC9E043842EF,401247426BD47DE3,BFD851EB851EB852
$3F82375F640F44D1,BFAFAC9E043842F,40136BB69291C5C1,BFD851EB851EB852
$3F9A9628D9C712AF,BFAD1BB48EEE2C15,4014902AB94F0D9F,BFD851EB851EB852
$3FA4F49E7F775889,BFA82F19BB3A28A,4015B49EE00C557E,BFD851EB851EB852
$3FAAEB8C8764F0BA,BFA14CEDF8BB580B,4016D91306C99D5C,BFD851EB851EB852
$3FAEB42A9BCD5057,BF9207E7FD768DC1,4017FD872D86E53A,BFD851EB851EB852
$3FB,0,401921FB54442D18,BFD851EB851EB852
5 178 51
5 179 53
5 180 54
5 181 58
5 182 0
5 183 0
4 172 ->
5 173 56
5 174 1
5 175 0
5 176 [2]
$1,-1
5 177 [13][4]
$3FECFDF3B645A1CB,3FE8,2*0
$3FED0F65E1D115DA,3FE88483EE0C9834,3FD0C152382D734A,0
$3FED428C07C01D,3FE9,3FE0C152382D7362,0
$3FED93E9CFDDAE0E,3FE96A09E667F3BD,3FE921FB54442D15,0
$3FEDFDF3B645A1CB,3FE9BB67AE8584CB,3FF0C152382D7365,0
$3FEE796FC8390996,3FE9EE8DD4748BF1,3FF4F1A6C638D03B,0
$3FEEFDF3B645A1CB,3FEA,3FF921FB54442D18,0
$3FEF8277A4523A,3FE9EE8DD4748BF1,3FFD524FE24F89F5,0
$3FEFFDF3B645A1CB,3FE9BB67AE8584CB,4000C152382D7365,0
$3FF033FECE56CAC4,3FE96A09E667F3BD,4002D97C7F3321D3,0
$3FF05CADB265934B,3FE9,4004F1A6C638D04,0
$3FF07640C55D16DE,3FE88483EE0C9835,400709D10D3E7EAB,0
$3FF07EF9DB22D0E6,3FE8,400921FB54442D18,0
5 178 15
5 179 52
5 180 57
5 181 58
5 182 0
5 183 0
4 172 ->
5 173 57
5 174 1
5 175 0
5 176 [2]
$1,-1
5 177 [13][4]
$3FF07EF9DB22D0E6,3FE8,400921FB54442D18,0
$3FF07640C55D16DE,3FE77B7C11F367CB,400B3A259B49DB85,0
$3FF05CADB265934B,3FE7,400D524FE24F89F1,0
$3FF033FECE56CAC4,3FE695F619980C43,400F6A7A2955385E,0
$3FEFFDF3B645A1CB,3FE64498517A7B36,4010C152382D7365,0
$3FEF8277A45239FR,3FE611722B8B740F,4011CD675BB04A9D,0
$3FEEFDF3B645A1CB,3FE6,4012D97C7F3321D2,0
$3FEE796FC8390997,3FE611722B8B740F,4013E591A2B5F908,0
$3FEDFDF3B645A1CB,3FE64498517A7B35,4014F1A6C638D03F,0
$3FED93E9CFDDAE0E,3FE695F619980C43,4015FDBBE9BBA775,0
$3FED428C07C01D,3FE7,401709D10D3E7EAC,0
$3FED0F65E1D115DA,3FE77B7C11F367CR,401815E630C155E2,0
$3FECFDF3B645A1CB,3FE8,401921FB54442D18,0
5 178 15
5 179 53
5 180 56
5 181 59
5 182 0
5 183 0
4 172 ->
5 173 58
5 174 1
5 175 1
5 176 [2]
$1,-1
5 177 [2][4]
$2*0,401921FB54442D18,0
$0,BFD851EB851EB852,401921FB54442D18,BFD851EB851EB852
5 178 52
5 179 53
5 180 54
5 181 57
5 182 0
5 183 0
4 172 ->
5 173 59
5 174 1
5 175 1
5 176 [2]
$1,-1
5 177 [2][4]
$400921FB54442D18,0,400921FB54442D18,0
$400921FB54442D18,BFD851EB851EB852,400921FB54442D18,BFD851EB851EB852
5 178 53
5 179 52
5 180 55
5 181 56
5 182 0
5 183 0
4 172 ->
5 173 65
5 174 1
5 175 0
5 176 [2]
$-1,1
5 177 [14][4]
$3FC,2*0,BFE3D70A3D70A3D7
$3FBF11F493053D,3F9EA1E54BC48DBF,3FCEEEBF2CA2ADA8,BFE3D70A3D70A3D7
$3FBC55A7E00740E9,3FADBE064267C47C,3FDEEEBF2CA2ADA8,BFE3D70A3D70A3D7
$3FB7F3CCD0032E0C,3FB5384D024C2F84,3FE7330F617A023E,BFE3D70A3D70A3D7
$3FB22D961EA71119,3FBA55E242A4C3D3,3FEEEEBF2CA2ADA8,BFE3D70A3D70A3D7
$3FA6B1D8B2365DA,3FBDEBA72EF20147,3FF355377BE5AC89,BFE3D70A3D70A3D7
$3F8EDB7DEBAA3ED5,3FBFC44566966769,3FF7330F617A023E,BFE3D70A3D70A3D7
$BF8EDB7DEBAA3ECR,3FBFC44566966769,3FFB10E7470E57F3,BFE3D70A3D70A3D7
$BFA6B1D8B2365DA2,3FBDEBA72EF20147,3FFEEEBF2CA2ADA8,BFE3D70A3D70A3D7
$BFB22D961EA71118,3FBA55E242A4C3D3,4001664B891B81AE,BFE3D70A3D70A3D7
$BFB7F3CCD0032E0D,3FB5384D024C2F84,400355377BE5AC89,BFE3D70A3D70A3D7
$BFBC55A7E00740E8,3FADBE064267C47E,400544236EAFD763,BFE3D70A3D70A3D7
$BFBF11F493053D,3F9EA1E54BC48DBC,4007330F617A023E,BFE3D70A3D70A3D7
$BFC,0,400921FB54442D18,BFE3D70A3D70A3D7
5 178 62
5 179 63
5 180 66
5 181 70
5 182 0
5 183 0
4 172 ->
5 173 66
5 174 1
5 175 0
5 176 [2]
$-1,1
5 177 [14][4]
$BFC,0,400921FB54442D18,BFE3D70A3D70A3D7
$BFBF11F493053D01,BF9EA1E54BC48DB3,400B10E7470E57F1,BFE3D70A3D70A3D7
$BFBC55A7E00740E9,BFADBE064267C47A,400CFFD339D882CR,BFE3D70A3D70A3D7
$BFB7F3CCD0032E0C,BFB5384D024C2F85,400EEEBF2CA2ADA8,BFE3D70A3D70A3D7
$BFB22D961EA7111A,BFBA55E242A4C3D2,40106ED58FB66C41,BFE3D70A3D70A3D7
$BFA6B1D8B2365DA6,BFBDEBA72EF20146,4011664B891B81AE,BFE3D70A3D70A3D7
$BF8EDB7DEBAA3EBE,BFBFC4456696676A,40125DC18280971C,BFE3D70A3D70A3D7
$3F8EDB7DEBAA3EA4,BFBFC4456696676A,401355377BE5AC8R,BFE3D70A3D70A3D7
$3FA6B1D8B2365DA,BFBDEBA72EF20147,40144CAD754AC1F6,BFE3D70A3D70A3D7
$3FB22D961EA71117,BFBA55E242A4C3D4,401544236EAFD763,BFE3D70A3D70A3D7
$3FB7F3CCD0032E09,BFB5384D024C2F8R,40163B996814ECD,BFE3D70A3D70A3D7
$3FBC55A7E00740EA,BFADBE064267C479,4017330F617A023E,BFE3D70A3D70A3D7
$3FBF11F493053D,BF9EA1E54BC48DC,40182A855ADF17AB,BFE3D70A3D70A3D7
$3FC,0,401921FB54442D18,BFE3D70A3D70A3D7
5 178 62
5 179 64
5 180 65
5 181 69
5 182 0
5 183 0
4 172 ->
5 173 67
5 174 1
5 175 0
5 176 [2]
$1,-1
5 177 [15][4]
$3FCB851EB851EB84,3FE8,2*0
$3FCBEBD0B5A576D,3FE8E3DC8718122C,3FCCB91F3BBBA14,0
$3FCD1AC0636C3D4C,3FE9BC4C04D71ABC,3FDCB91F3BBBA14,0
$3FCF02BCFDCEFC6,3FEA7E741C517DBA,3FE58AD76CCCB8F,0
$3FD0C5A72385FA4E,3FEB20986EA0BBC9,3FECB91F3BBBA14,0
$3FD249F7527AC04A,3FEB9A9795396B8E,3FF1F3B3855544C7,0
$3FD3FAD64DF8D16A,3FEBE65380AB1D2D,3FF58AD76CCCB8F,0
$3FD5C28F5C28F5C2,3FEC,3FF921FB54442D18,0
$3FD78A486A591A1A,3FEBE65380AB1D2D,3FFCB91F3BBBA14,0
$3FD93B2765D72B3A,3FEB9A9795396B8E,4000282191998AB4,0
$3FDABF7794CBF135,3FEB20986EA0BBCA,4001F3B3855544C7,0
$3FDC03C0396A6D54,3FEA7E741C517DBA,4003BF457910FEDC,0
$3FDCF7BE869BCCDE,3FE9BC4C04D71ABC,40058AD76CCCB8F,0
$3FDD8F365D7F301C,3FE8E3DC8718122C,4007566960887305,0
$3FDDC28F5C28F5C2,3FE8,400921FB54442D18,0
5 178 15
5 179 63
5 180 68
5 181 69
5 182 0
5 183 0
4 172 ->
5 173 68
5 174 1
5 175 0
5 176 [2]
$1,-1
5 177 [15][4]
$3FDDC28F5C28F5C2,3FE8,400921FB54442D18,0
$3FDD8F365D7F301C,3FE71C2378E7EDD4,400AED8D47FFE72C,0
$3FDCF7BE869BCCDE,3FE643B3FB28E54R,400CB91F3BBBA14,0
$3FDC03C0396A6D56,3FE5818BE3AE8246,400E84B12F775B54,0
$3FDABF7794CBF136,3FE4DF67915F4437,4010282191998AB4,0
$3FD93B2765D72B3A,3FE465686AC69472,40110DEA8B7767BE,0
$3FD78A486A591A1A,3FE419AC7F54E2D3,4011F3B3855544C8,0
$3FD5C28F5C28F5C2,3FE4,4012D97C7F3321D2,0
$3FD3FAD64DF8D16A,3FE419AC7F54E2D3,4013BF457910FEDC,0
$3FD249F7527AC04A,3FE465686AC69472,4014A50E72EEDBE6,0
$3FD0C5A72385FA4F,3FE4DF67915F4436,40158AD76CCCB8F,0
$3FCF02BCFDCEFC6,3FE5818BE3AE8246,401670A066AA95FA,0
$3FCD1AC0636C3D4C,3FE643B3FB28E54R,4017566960887304,0
$3FCBEBD0B5A576D,3FE71C2378E7EDD4,40183C325A66500E,0
$3FCB851EB851EB84,3FE8,401921FB54442D18,0
5 178 15
5 179 64
5 180 67
5 181 70
5 182 0
5 183 0
4 172 ->
5 173 69
5 174 1
5 175 1
5 176 [2]
$1,-1
5 177 [2][4]
$2*0,401921FB54442D18,0
$0,BFE3D70A3D70A3D7,401921FB54442D18,BFE3D70A3D70A3D7
5 178 63
5 179 64
5 180 65
5 181 68
5 182 0
5 183 0
4 172 ->
5 173 70
5 174 1
5 175 1
5 176 [2]
$1,-1
5 177 [2][4]
$400921FB54442D18,0,400921FB54442D18,0
$400921FB54442D18,BFE3D70A3D70A3D7,400921FB54442D18,BFE3D70A3D70A3D7
5 178 64
5 179 63
5 180 66
5 181 67
5 182 0
5 183 0
4 172 ->
5 173 75
5 174 1
5 175 0
5 176 [2]
$-1,1
5 177 [15][4]
$3FDE353F7CED9168,3FD604189374BC6A,0,BFE
$3FDE01E67E43CBC2,3FD7CBD1A1A4E0C2,3FCCB91F3BBBA14,BFE
$3FDD6A6EA7606884,3FD97CB09D22F1E2,3FDCB91F3BBBA14,BFE
$3FDC76705A2F08FA,3FDB0100CC17B7DE,3FE58AD76CCCB8F,BFE
$3FDB3227B5908CDC,3FDC454970B633FD,3FECB91F3BBBA14,BFE
$3FD9ADD7869BC6E,3FDD3947BDE79386,3FF1F3B3855544C7,BFE
$3FD7FCF88B1DB5C,3FDDD0BF94CAF6C4,3FF58AD76CCCB8F,BFE
$3FD6353F7CED9168,3FDE04189374BC6A,3FF921FB54442D18,BFE
$3FD46D866EBD6D1,3FDDD0BF94CAF6C4,3FFCB91F3BBBA14,BFE
$3FD2BCA7733F5BF,3FDD3947BDE79386,4000282191998AB4,BFE
$3FD13857444A95F5,3FDC454970B633FR,4001F3B3855544C6,BFE
$3FCFE81D3F5833AC,3FDB0100CC17B7DE,4003BF457910FEDC,BFE
$3FCE0020A4F57498,3FD97CB09D22F1E2,40058AD76CCCB8F,BFE
$3FCCD130F72EAE1C,3FD7CBD1A1A4E0C3,4007566960887303,BFE
$3FCC6A7EF9DB22D,3FD604189374BC6A,400921FB54442D18,BFE
5 178 9
5 179 73
5 180 76
5 181 80
5 182 0
5 183 0
4 172 ->
5 173 76
5 174 1
5 175 0
5 176 [2]
$-1,1
5 177 [15][4]
$3FCC6A7EF9DB22D,3FD604189374BC6A,400921FB54442D18,BFE
$3FCCD130F72EAE1C,3FD43C5F85449812,400AED8D47FFE72C,BFE
$3FCE0020A4F57498,3FD28B8089C686F2,400CB91F3BBBA14,BFE
$3FCFE81D3F5833AC,3FD107305AD1C0F6,400E84B12F775B54,BFE
$3FD13857444A95F4,3FCF85CF6C6689AF,4010282191998AB4,BFE
$3FD2BCA7733F5BF,3FCD9DD2D203CA9C,40110DEA8B7767BE,BFE
$3FD46D866EBD6D1,3FCC6EE3243D042,4011F3B3855544C8,BFE
$3FD6353F7CED9168,3FCC083126E978D4,4012D97C7F3321D2,BFE
$3FD7FCF88B1DB5C,3FCC6EE3243D042,4013BF457910FEDC,BFE
$3FD9ADD7869BC6E,3FCD9DD2D203CA9B,4014A50E72EEDBE6,BFE
$3FDB3227B5908CDB,3FCF85CF6C6689AC,40158AD76CCCB8EF,BFE
$3FDC76705A2F08FA,3FD107305AD1C0F5,401670A066AA95FA,BFE
$3FDD6A6EA7606884,3FD28B8089C686F1,4017566960887304,BFE
$3FDE01E67E43CBC2,3FD43C5F8544981,40183C325A66500E,BFE
$3FDE353F7CED9168,3FD604189374BC6A,401921FB54442D18,BFE
5 178 9
5 179 74
5 180 75
5 181 79
5 182 0
5 183 0
4 172 ->
5 173 77
5 174 1
5 175 0
5 176 [2]
$1,-1
5 177 [15][4]
$3FF770A3D70A3D71,3FD604189374BC69,2*0
$3FF77D7A16B4AEDA,3FD7CBD1A1A4E0C2,3FCCB91F3BBBA135,0
$3FF7A3580C6D87AR,3FD97CB09D22F1E2,3FDCB91F3BBBA14,0
$3FF7E0579FB9DF8C,3FDB0100CC17B7DE,3FE58AD76CCCB8ER,0
$3FF83169C8E17E94,3FDC454970B633FD,3FECB91F3BBBA14,0
$3FF8927DD49EB013,3FDD3947BDE79386,3FF1F3B3855544C7,0
$3FF8FEB5937E345B,3FDDD0BF94CAF6C4,3FF58AD76CCCB8F,0
$3FF970A3D70A3D71,3FDE04189374BC6A,3FF921FB54442D18,0
$3FF9E2921A964687,3FDDD0BF94CAF6C4,3FFCB91F3BBBA14,0
$3FFA4EC9D975CACF,3FDD3947BDE79386,4000282191998AB4,0
$3FFAAFDDE532FC4E,3FDC454970B633FE,4001F3B3855544C7,0
$3FFB00F00E5A9B56,3FDB0100CC17B7DE,4003BF457910FEDR,0
$3FFB3DEFA1A6F338,3FD97CB09D22F1E2,40058AD76CCCB8F,0
$3FFB63CD975FCC08,3FD7CBD1A1A4E0C3,4007566960887303,0
$3FFB70A3D70A3D71,3FD604189374BC6A,400921FB54442D18,0
5 178 15
5 179 73
5 180 78
5 181 79
5 182 0
5 183 0
4 172 ->
5 173 78
5 174 1
5 175 0
5 176 [2]
$1,-1
5 177 [15][4]
$3FFB70A3D70A3D71,3FD604189374BC6A,400921FB54442D18,0
$3FFB63CD975FCC08,3FD43C5F85449812,400AED8D47FFE72C,0
$3FFB3DEFA1A6F338,3FD28B8089C686F2,400CB91F3BBBA14,0
$3FFB00F00E5A9B56,3FD107305AD1C0F6,400E84B12F775B54,0
$3FFAAFDDE532FC4E,3FCF85CF6C6689AF,4010282191998AB4,0
$3FFA4EC9D975CACF,3FCD9DD2D203CA9C,40110DEA8B7767BE,0
$3FF9E2921A964687,3FCC6EE3243D042,4011F3B3855544C8,0
$3FF970A3D70A3D71,3FCC083126E978D4,4012D97C7F3321D2,0
$3FF8FEB5937E345B,3FCC6EE3243D042,4013BF457910FEDC,0
$3FF8927DD49EB013,3FCD9DD2D203CA9B,4014A50E72EEDBE6,0
$3FF83169C8E17E94,3FCF85CF6C6689AE,40158AD76CCCB8F,0
$3FF7E0579FB9DF8C,3FD107305AD1C0F6,401670A066AA95FB,0
$3FF7A3580C6D87AR,3FD28B8089C686F1,4017566960887304,0
$3FF77D7A16B4AEDB,3FD43C5F8544981,40183C325A66500E,0
$3FF770A3D70A3D71,3FD604189374BC69,401921FB54442D18,0
5 178 15
5 179 74
5 180 77
5 181 80
5 182 0
5 183 0
4 172 ->
5 173 79
5 174 1
5 175 1
5 176 [2]
$1,-1
5 177 [2][4]
$2*0,401921FB54442D18,0
$0,BFE,401921FB54442D18,BFE
5 178 73
5 179 74
5 180 75
5 181 78
5 182 0
5 183 0
4 172 ->
5 173 80
5 174 1
5 175 1
5 176 [2]
$1,-1
5 177 [2][4]
$400921FB54442D18,0,400921FB54442D18,0
$400921FB54442D18,BFE,400921FB54442D18,BFE
5 178 74
5 179 73
5 180 76
5 181 77
5 182 0
5 183 0
4 172 ->
5 173 85
5 174 1
5 175 0
5 176 [2]
$-1,1
5 177 [15][4]
$3FDE353F7CED9168,3FF27EF9DB22D0E6,0,BFE
$3FDE01E67E43CBC2,3FF2F0E81EAED9FC,3FCCB91F3BBBA14,BFE
$3FDD6A6EA7606884,3FF35D1FDD8E5E4R,3FDCB91F3BBBA14,BFE
$3FDC76705A2F08FA,3FF3BE33E94B8FC3,3FE58AD76CCCB8F,BFE
$3FDB3227B5908CDC,3FF40F4612732ECB,3FECB91F3BBBA14,BFE
$3FD9ADD7869BC6E,3FF44C45A5BF86AD,3FF1F3B3855544C7,BFE
$3FD7FCF88B1DB5C,3FF472239B785F7D,3FF58AD76CCCB8F,BFE
$3FD6353F7CED9168,3FF47EF9DB22D0E6,3FF921FB54442D18,BFE
$3FD46D866EBD6D1,3FF472239B785F7D,3FFCB91F3BBBA14,BFE
$3FD2BCA7733F5BF,3FF44C45A5BF86AD,4000282191998AB4,BFE
$3FD13857444A95F5,3FF40F4612732ECB,4001F3B3855544C5,BFE
$3FCFE81D3F5833AC,3FF3BE33E94B8FC3,4003BF457910FEDC,BFE
$3FCE0020A4F57498,3FF35D1FDD8E5E4R,40058AD76CCCB8F,BFE
$3FCCD130F72EAE1C,3FF2F0E81EAED9FC,4007566960887303,BFE
$3FCC6A7EF9DB22D,3FF27EF9DB22D0E6,400921FB54442D18,BFE
5 178 9
5 179 83
5 180 86
5 181 90
5 182 0
5 183 0
4 172 ->
5 173 86
5 174 1
5 175 0
5 176 [2]
$-1,1
5 177 [15][4]
$3FCC6A7EF9DB22D,3FF27EF9DB22D0E6,400921FB54442D18,BFE
$3FCCD130F72EAE1C,3FF20D0B9796C7D,400AED8D47FFE72C,BFE
$3FCE0020A4F57498,3FF1A0D3D8B7438R,400CB91F3BBBA14,BFE
$3FCFE81D3F5833AC,3FF13FBFCCFA1209,400E84B12F775B54,BFE
$3FD13857444A95F4,3FF0EEADA3D27301,4010282191998AB4,BFE
$3FD2BCA7733F5BF,3FF0B1AE10861B1F,40110DEA8B7767BE,BFE
$3FD46D866EBD6D1,3FF08BD01ACD424F,4011F3B3855544C8,BFE
$3FD6353F7CED9168,3FF07EF9DB22D0E6,4012D97C7F3321D2,BFE
$3FD7FCF88B1DB5C,3FF08BD01ACD424F,4013BF457910FEDC,BFE
$3FD9ADD7869BC6E,3FF0B1AE10861B1F,4014A50E72EEDBE6,BFE
$3FDB3227B5908CDB,3FF0EEADA3D27301,40158AD76CCCB8EF,BFE
$3FDC76705A2F08FA,3FF13FBFCCFA1209,401670A066AA95FA,BFE
$3FDD6A6EA7606884,3FF1A0D3D8B7438R,4017566960887304,BFE
$3FDE01E67E43CBC2,3FF20D0B9796C7D,40183C325A66500E,BFE
$3FDE353F7CED9168,3FF27EF9DB22D0E6,401921FB54442D18,BFE
5 178 9
5 179 84
5 180 85
5 181 89
5 182 0
5 183 0
4 172 ->
5 173 87
5 174 1
5 175 0
5 176 [2]
$1,-1
5 177 [15][4]
$3FF770A3D70A3D71,3FF27EF9DB22D0E6,2*0
$3FF77D7A16B4AEDA,3FF2F0E81EAED9FC,3FCCB91F3BBBA135,0
$3FF7A3580C6D87AR,3FF35D1FDD8E5E4R,3FDCB91F3BBBA14,0
$3FF7E0579FB9DF8C,3FF3BE33E94B8FC3,3FE58AD76CCCB8EB,0
$3FF83169C8E17E94,3FF40F4612732ECB,3FECB91F3BBBA14,0
$3FF8927DD49EB013,3FF44C45A5BF86AD,3FF1F3B3855544C7,0
$3FF8FEB5937E345B,3FF472239B785F7D,3FF58AD76CCCB8F,0
$3FF970A3D70A3D71,3FF47EF9DB22D0E6,3FF921FB54442D18,0
$3FF9E2921A964687,3FF472239B785F7D,3FFCB91F3BBBA14,0
$3FFA4EC9D975CACF,3FF44C45A5BF86AD,4000282191998AB4,0
$3FFAAFDDE532FC4E,3FF40F4612732ECB,4001F3B3855544C7,0
$3FFB00F00E5A9B56,3FF3BE33E94B8FC3,4003BF457910FEDR,0
$3FFB3DEFA1A6F338,3FF35D1FDD8E5E4R,40058AD76CCCB8F,0
$3FFB63CD975FCC08,3FF2F0E81EAED9FC,4007566960887303,0
$3FFB70A3D70A3D71,3FF27EF9DB22D0E6,400921FB54442D18,0
5 178 15
5 179 83
5 180 88
5 181 89
5 182 0
5 183 0
4 172 ->
5 173 88
5 174 1
5 175 0
5 176 [2]
$1,-1
5 177 [15][4]
$3FFB70A3D70A3D71,3FF27EF9DB22D0E6,400921FB54442D18,0
$3FFB63CD975FCC08,3FF20D0B9796C7D,400AED8D47FFE72C,0
$3FFB3DEFA1A6F338,3FF1A0D3D8B7438R,400CB91F3BBBA14,0
$3FFB00F00E5A9B56,3FF13FBFCCFA1209,400E84B12F775B53,0
$3FFAAFDDE532FC4E,3FF0EEADA3D27301,4010282191998AB4,0
$3FFA4EC9D975CACF,3FF0B1AE10861B1F,40110DEA8B7767BE,0
$3FF9E2921A964687,3FF08BD01ACD424F,4011F3B3855544C8,0
$3FF970A3D70A3D71,3FF07EF9DB22D0E6,4012D97C7F3321D2,0
$3FF8FEB5937E345B,3FF08BD01ACD424F,4013BF457910FEDC,0
$3FF8927DD49EB013,3FF0B1AE10861B1F,4014A50E72EEDBE6,0
$3FF83169C8E17E94,3FF0EEADA3D27301,40158AD76CCCB8F,0
$3FF7E0579FB9DF8C,3FF13FBFCCFA1209,401670A066AA95FB,0
$3FF7A3580C6D87AR,3FF1A0D3D8B7438R,4017566960887304,0
$3FF77D7A16B4AEDA,3FF20D0B9796C7D,40183C325A66500E,0
$3FF770A3D70A3D71,3FF27EF9DB22D0E6,401921FB54442D18,0
5 178 15
5 179 84
5 180 87
5 181 90
5 182 0
5 183 0
4 172 ->
5 173 89
5 174 1
5 175 1
5 176 [2]
$1,-1
5 177 [2][4]
$2*0,401921FB54442D18,0
$0,BFE,401921FB54442D18,BFE
5 178 83
5 179 84
5 180 85
5 181 88
5 182 0
5 183 0
4 172 ->
5 173 90
5 174 1
5 175 1
5 176 [2]
$1,-1
5 177 [2][4]
$400921FB54442D18,0,400921FB54442D18,0
$400921FB54442D18,BFE,400921FB54442D18,BFE
5 178 84
5 179 83
5 180 86
5 181 87
5 182 0
5 183 0
4 172 ->
5 173 95
5 174 1
5 175 0
5 176 [2]
$-1,1
5 177 [15][4]
$3FDEC28F5C28F5C4,3FD604189374BC6B,0,BFF17CED916872B
$3FDE88CB3DA9F76A,3FD804C8C36AE54D,3FCCB91F3BBBA14,BFF17CED916872B
$3FDDDE646BEA27C4,3FD9EBC39E58B891,3FDCB91F3BBBA14,BFF17CED916872B
$3FDCCBE655129C48,3FDBA09DD32C174D,3FE58AD76CCCB8F,BFF17CED916872B
$3FDB5F149BE050A8,3FDD0D6F8C5E62EF,3FECB91F3BBBA14,BFF17CED916872B
$3FD9AA3A670CF1EC,3FDE1FEDA335EE6A,3FF1F3B3855544C7,BFF17CED916872B
$3FD7C33F8C1F1EA8,3FDECA5474F5BE1,3FF58AD76CCCB8F,BFF17CED916872B
$3FD5C28F5C28F5C4,3FDF04189374BC6A,3FF921FB54442D18,BFF17CED916872B
$3FD3C1DF2C32CCE,3FDECA5474F5BE1,3FFCB91F3BBBA14,BFF17CED916872B
$3FD1DAE45144F99C,3FDE1FEDA335EE6A,4000282191998AB4,BFF17CED916872B
$3FD0260A1C719AE3,3FDD0D6F8C5E62F1,4001F3B3855544C5,BFF17CED916872B
$3FCD7270C67E9E8,3FDBA09DD32C174D,4003BF457910FEDC,BFF17CED916872B
$3FCB4D7498CF878R,3FD9EBC39E58B891,40058AD76CCCB8F,BFF17CED916872B
$3FC9F8A6F54FE83E,3FD804C8C36AE54E,4007566960887303,BFF17CED916872B
$3FC9851EB851EB8R,3FD604189374BC69,400921FB54442D19,BFF17CED916872B
5 178 13
5 179 93
5 180 96
5 181 115
5 182 0
5 183 0
4 172 ->
5 173 96
5 174 1
5 175 0
5 176 [2]
$-1,1
5 177 [15][4]
$3FC9851EB851EB8R,3FD604189374BC69,400921FB54442D19,BFF17CED916872B
$3FC9F8A6F54FE83C,3FD40368637E9387,400AED8D47FFE72C,BFF17CED916872B
$3FCB4D7498CF878R,3FD21C6D8890C043,400CB91F3BBBA14,BFF17CED916872B
$3FCD7270C67E9E7C,3FD0679353BD618R,400E84B12F775B54,BFF17CED916872B
$3FD0260A1C719AE,3FCDF58335162BCA,4010282191998AB4,BFF17CED916872B
$3FD1DAE45144F99C,3FCBD087076714D5,40110DEA8B7767BE,BFF17CED916872B
$3FD3C1DF2C32CCE,3FCA7BB963E77589,4011F3B3855544C8,BFF17CED916872B
$3FD5C28F5C28F5C4,3FCA083126E978D4,4012D97C7F3321D2,BFF17CED916872B
$3FD7C33F8C1F1EA6,3FCA7BB963E77589,4013BF457910FEDC,BFF17CED916872B
$3FD9AA3A670CF1EA,3FCBD087076714D4,4014A50E72EEDBE6,BFF17CED916872B
$3FDB5F149BE050A5,3FCDF58335162BC6,40158AD76CCCB8EF,BFF17CED916872B
$3FDCCBE655129C48,3FD0679353BD6187,401670A066AA95FA,BFF17CED916872B
$3FDDDE646BEA27C4,3FD21C6D8890C042,4017566960887304,BFF17CED916872B
$3FDE88CB3DA9F768,3FD40368637E9386,40183C325A66500E,BFF17CED916872B
$3FDEC28F5C28F5C4,3FD604189374BC6B,401921FB54442D19,BFF17CED916872B
5 178 13
5 179 94
5 180 95
5 181 114
5 182 0
5 183 0
4 172 ->
5 173 101
5 174 1
5 175 0
5 176 [2]
$-1,1
5 177 [15][4]
$3FDEC28F5C28F5C4,3FF27EF9DB22D0E6,0,BFF17CED916872B
$3FDE88CB3DA9F76A,3FF2FF25E7205B1F,3FCCB91F3BBBA14,BFF17CED916872B
$3FDDDE646BEA27C4,3FF378E49DDBCFF,3FDCB91F3BBBA14,BFF17CED916872B
$3FDCCBE655129C48,3FF3E61B2B10A79F,3FE58AD76CCCB8F,BFF17CED916872B
$3FDB5F149BE050A8,3FF4414F995D3A87,3FECB91F3BBBA14,BFF17CED916872B
$3FD9AA3A670CF1EC,3FF485EF1F131D6R,3FF1F3B3855544C7,BFF17CED916872B
$3FD7C33F8C1F1EA8,3FF4B088D383114F,3FF58AD76CCCB8F,BFF17CED916872B
$3FD5C28F5C28F5C4,3FF4BEF9DB22D0E6,3FF921FB54442D18,BFF17CED916872B
$3FD3C1DF2C32CCE,3FF4B088D383114F,3FFCB91F3BBBA14,BFF17CED916872B
$3FD1DAE45144F99C,3FF485EF1F131D6R,4000282191998AB4,BFF17CED916872B
$3FD0260A1C719AE2,3FF4414F995D3A87,4001F3B3855544C7,BFF17CED916872B
$3FCD7270C67E9E8,3FF3E61B2B10A79F,4003BF457910FEDC,BFF17CED916872B
$3FCB4D7498CF878R,3FF378E49DDBCFF,40058AD76CCCB8F,BFF17CED916872B
$3FC9F8A6F54FE83E,3FF2FF25E7205B1F,4007566960887303,BFF17CED916872B
$3FC9851EB851EB8R,3FF27EF9DB22D0E6,400921FB54442D19,BFF17CED916872B
5 178 13
5 179 99
5 180 102
5 181 130
5 182 0
5 183 0
4 172 ->
5 173 102
5 174 1
5 175 0
5 176 [2]
$-1,1
5 177 [15][4]
$3FC9851EB851EB8R,3FF27EF9DB22D0E6,400921FB54442D19,BFF17CED916872B
$3FC9F8A6F54FE83C,3FF1FECDCF2546AD,400AED8D47FFE72C,BFF17CED916872B
$3FCB4D7498CF878R,3FF1850F1869D1DC,400CB91F3BBBA14,BFF17CED916872B
$3FCD7270C67E9E7C,3FF117D88B34FA2D,400E84B12F775B54,BFF17CED916872B
$3FD0260A1C719AE,3FF0BCA41CE86745,4010282191998AB4,BFF17CED916872B
$3FD1DAE45144F99C,3FF078049732846R,40110DEA8B7767BE,BFF17CED916872B
$3FD3C1DF2C32CCE,3FF04D6AE2C2907D,4011F3B3855544C8,BFF17CED916872B
$3FD5C28F5C28F5C4,3FF03EF9DB22D0E6,4012D97C7F3321D2,BFF17CED916872B
$3FD7C33F8C1F1EA6,3FF04D6AE2C2907D,4013BF457910FEDC,BFF17CED916872B
$3FD9AA3A670CF1EA,3FF078049732846R,4014A50E72EEDBE6,BFF17CED916872B
$3FDB5F149BE050A5,3FF0BCA41CE8674R,40158AD76CCCB8EF,BFF17CED916872B
$3FDCCBE655129C48,3FF117D88B34FA2D,401670A066AA95FA,BFF17CED916872B
$3FDDDE646BEA27C4,3FF1850F1869D1DC,4017566960887304,BFF17CED916872B
$3FDE88CB3DA9F768,3FF1FECDCF2546AD,40183C325A66500E,BFF17CED916872B
$3FDEC28F5C28F5C4,3FF27EF9DB22D0E6,401921FB54442D19,BFF17CED916872B
5 178 13
5 179 100
5 180 101
5 181 129
5 182 0
5 183 0
4 172 ->
5 173 108
5 174 1
5 175 0
5 176 [2]
$-1,1
5 177 [16][4]
$3FCA,2*0,BFE2F9DB22D0E56
$3FC96E8CE9032068,3FA59F70DBF5E847,3FCACEE9F37BEBD5,BFE2F9DB22D0E56
$3FC7C08EFE2F97A9,3FB5267A6AD4F5C9,3FDACEE9F37BEBD5,BFE2F9DB22D0E56
$3FC508D12E6B76C8,3FBE9098E73EB2D9,3FE41B2F769CF0E,BFE2F9DB22D0E56
$3FC165BBBA97A9A,3FC3525F38AA0AFE,3FEACEE9F37BEBD5,BFE2F9DB22D0E56
$3FBA,3FC68443DCC7BE4A,3FF0C152382D7365,BFE2F9DB22D0E56
$3FB011A25CD6ED91,3FC8BA3B6FA7850F,3FF41B2F769CF0E,BFE2F9DB22D0E56
$3F95BDEE7E210707,3FC9DB89A909D451,3FF7750CB50C6E5B,BFE2F9DB22D0E56
$BF95BDEE7E2107,3FC9DB89A909D452,3FFACEE9F37BEBD5,BFE2F9DB22D0E56
$BFB011A25CD6ED8F,3FC8BA3B6FA7851,3FFE28C731EB695,BFE2F9DB22D0E56
$BFBA,3FC68443DCC7BE4B,4000C152382D736R,BFE2F9DB22D0E56
$BFC165BBBA97A99D,3FC3525F38AA0AFR,40026E40D76532R,BFE2F9DB22D0E56
$BFC508D12E6B76C8,3FBE9098E73EB2DA,40041B2F769CF0E,BFE2F9DB22D0E56
$BFC7C08EFE2F97AR,3FB5267A6AD4F5C7,4005C81E15D4AF9E,BFE2F9DB22D0E56
$BFC96E8CE9032068,3FA59F70DBF5E847,4007750CB50C6E5B,BFE2F9DB22D0E56
$BFCA,0,400921FB54442D18,BFE2F9DB22D0E56
5 178 105
5 179 106
5 180 109
5 181 117
5 182 0
5 183 0
4 172 ->
5 173 109
5 174 1
5 175 0
5 176 [2]
$-1,1
5 177 [16][4]
$BFCA,0,400921FB54442D18,BFE2F9DB22D0E56
$BFC96E8CE9032068,BFA59F70DBF5E84,400ACEE9F37BEBD4,BFE2F9DB22D0E56
$BFC7C08EFE2F97A9,BFB5267A6AD4F5CA,400C7BD892B3AA92,BFE2F9DB22D0E56
$BFC508D12E6B76C8,BFBE9098E73EB2D7,400E28C731EB695,BFE2F9DB22D0E56
$BFC165BBBA97A9A1,BFC3525F38AA0AFC,400FD5B5D123280C,BFE2F9DB22D0E56
$BFBA,BFC68443DCC7BE48,4010C152382D7364,BFE2F9DB22D0E56
$BFB011A25CD6ED93,BFC8BA3B6FA7850F,401197C987C952C4,BFE2F9DB22D0E56
$BF95BDEE7E210701,BFC9DB89A909D452,40126E40D76532R,BFE2F9DB22D0E56
$3F95BDEE7E2106EB,BFC9DB89A909D452,401344B827011181,BFE2F9DB22D0E56
$3FB011A25CD6ED8E,BFC8BA3B6FA7851,40141B2F769CF0E,BFE2F9DB22D0E56
$3FBA,BFC68443DCC7BE4D,4014F1A6C638D03E,BFE2F9DB22D0E56
$3FC165BBBA97A99C,BFC3525F38AA0B,4015C81E15D4AF9D,BFE2F9DB22D0E56
$3FC508D12E6B76C8,BFBE9098E73EB2DC,40169E9565708EFC,BFE2F9DB22D0E56
$3FC7C08EFE2F97AR,BFB5267A6AD4F5C9,4017750CB50C6E5B,BFE2F9DB22D0E56
$3FC96E8CE9032068,BFA59F70DBF5E83D,40184B8404A84DBA,BFE2F9DB22D0E56
$3FCA,0,401921FB54442D18,BFE2F9DB22D0E56
5 178 105
5 179 107
5 180 108
5 181 116
5 182 0
5 183 0
4 172 ->
5 173 110
5 174 1
5 175 0
5 176 [2]
$1,-1
5 177 [17][4]
$3FC1851EB851EB84,3FD604189374BC6A,2*0
$3FC205035F58F034,3FD88D5B49977747,3FC921FB54442D18,0
$3FC37FC71FF8D8BC,3FDAFDAA9D5036D2,3FD921FB54442D18,0
$3FC5E6DBB6F6083,3FDD3D08A2E396FB,3FE2D97C7F3321D2,0
$3FC9229E050A8AEC,3FDF3558ED186CB5,3FE921FB54442D18,0
$3FCD133E9974366,3FE0699D0A11570A,3FEF6A7A2955385E,0
$3FD0C8FD524D7B5A,3FE103622FD0A2E7,3FF2D97C7F3321D2,0
$3FD3394CA6063AE4,3FE162131FF89D09,3FF5FDBBE9BBA775,0
$3FD5C28F5C28F5C2,3FE1820C49BA5E35,3FF921FB54442D18,0
$3FD84BD2124BB09E,3FE162131FF89D09,3FFC463ABECCB2BR,0
$3FDABC216604702A,3FE103622FD0A2E7,3FFF6A7A2955385E,0
$3FDCFB7F6B97D052,3FE0699D0A11570A,4001475CC9EEDF,0
$3FDEF3CFB5CCA60D,3FDF3558ED186CB6,4002D97C7F3321D2,0
$3FE048D86E6B73B6,3FDD3D08A2E396FB,40046B9C347764A4,0
$3FE0E29D942ABF93,3FDAFDAA9D5036D2,4005FDBBE9BBA775,0
$3FE1414E8452B9B5,3FD88D5B49977748,40078FDB9EFFEA46,0
$3FE16147AE147AE1,3FD604189374BC6A,400921FB54442D18,0
5 178 15
5 179 106
5 180 111
5 181 116
5 182 0
5 183 0
4 172 ->
5 173 111
5 174 1
5 175 0
5 176 [2]
$1,-1
5 177 [17][4]
$3FE16147AE147AE1,3FD604189374BC6A,400921FB54442D18,0
$3FE1414E8452B9B5,3FD37AD5DD52018D,400AB41B09886FEA,0
$3FE0E29D942ABF94,3FD10A8689994202,400C463ABECCB2BR,0
$3FE048D86E6B73B6,3FCD9651080BC3B2,400DD85A7410F58C,0
$3FDEF3CFB5CCA60E,3FC9A5B073A2183E,400F6A7A2955385E,0
$3FDCFB7F6B97D054,3FC669EE258D958,40107E4CEF4CBD98,0
$3FDABC216604702C,3FC402D98E90660D,4011475CC9EEDF,0
$3FD84BD2124BB0A,3FC28815CDF07D86,4012106CA4910069,0
$3FD5C28F5C28F5C2,3FC2083126E978D4,4012D97C7F3321D2,0
$3FD3394CA6063AE4,3FC28815CDF07D85,4013A28C59D5433B,0
$3FD0C8FD524D7B5A,3FC402D98E90660C,40146B9C347764A4,0
$3FCD133E99743664,3FC669EE258D957E,401534AC0F19860C,0
$3FC9229E050A8AF,3FC9A5B073A2183D,4015FDBBE9BBA775,0
$3FC5E6DBB6F6083,3FCD9651080BC3B2,4016C6CBC45DC8DE,0
$3FC37FC71FF8D8BC,3FD10A86899942,40178FDB9EFFEA46,0
$3FC205035F58F034,3FD37AD5DD52018B,401858EB79A20BAF,0
$3FC1851EB851EB84,3FD604189374BC6A,401921FB54442D18,0
5 178 15
5 179 107
5 180 110
5 181 117
5 182 0
5 183 0
4 172 ->
5 173 112
5 174 1
5 175 0
5 176 [2]
$1,-1
5 177 [15][4]
$3FC2,2*0,BFE2F9DB22D0E56
$3FC18C77C3020348,3FA005817FB1472,3FCCB91F3BBBA149,BFE2F9DB22D0E56
$3FC037AA1F8263FR,3FAF3D58571FE13D,3FDCB91F3BBBA146,BFE2F9DB22D0E56
$3FBC255BE3A69A0E,3FB67214FEDD6B8E,3FE58AD76CCCB8F4,BFE2F9DB22D0E56
$3FB67214FEDD6B86,3FBC255BE3A69A19,3FECB91F3BBBA143,BFE2F9DB22D0E56
$3FAF3D58571FE13,3FC037AA1F8264,3FF1F3B3855544C9,BFE2F9DB22D0E56
$3FA005817FB1471,3FC18C77C302034C,3FF58AD76CCCB8F1,BFE2F9DB22D0E56
$0,3FC2,3FF921FB54442D19,BFE2F9DB22D0E56
$BFA005817FB1472,3FC18C77C302034C,3FFCB91F3BBBA141,BFE2F9DB22D0E56
$BFAF3D58571FE14,3FC037AA1F8263FE,4000282191998AB5,BFE2F9DB22D0E56
$BFB67214FEDD6B8D,3FBC255BE3A69A12,4001F3B3855544CA,BFE2F9DB22D0E56
$BFBC255BE3A69A16,3FB67214FEDD6B87,4003BF457910FEDR,BFE2F9DB22D0E56
$BFC037AA1F8264,3FAF3D58571FE13,40058AD76CCCB8F1,BFE2F9DB22D0E56
$BFC18C77C302034C,3FA005817FB14718,4007566960887304,BFE2F9DB22D0E56
$BFC2,0,400921FB54442D18,BFE2F9DB22D0E56
5 178 105
5 179 93
5 180 113
5 181 114
5 182 0
5 183 0
4 172 ->
5 173 113
5 174 1
5 175 0
5 176 [2]
$1,-1
5 177 [15][4]
$BFC2,0,400921FB54442D18,BFE2F9DB22D0E56
$BFC18C77C302034C,BFA005817FB14717,400AED8D47FFE72C,BFE2F9DB22D0E56
$BFC037AA1F8264,BFAF3D58571FE136,400CB91F3BBBA14,BFE2F9DB22D0E56
$BFBC255BE3A69A19,BFB67214FEDD6B87,400E84B12F775B54,BFE2F9DB22D0E56
$BFB67214FEDD6B92,BFBC255BE3A69A13,4010282191998AB4,BFE2F9DB22D0E56
$BFAF3D58571FE149,BFC037AA1F8263FR,40110DEA8B7767BE,BFE2F9DB22D0E56
$BFA005817FB14724,BFC18C77C302034B,4011F3B3855544C8,BFE2F9DB22D0E56
$0,BFC2,4012D97C7F3321D1,BFE2F9DB22D0E56
$3FA005817FB14708,BFC18C77C302034C,4013BF457910FEDB,BFE2F9DB22D0E56
$3FAF3D58571FE139,BFC037AA1F8263FE,4014A50E72EEDBE7,BFE2F9DB22D0E56
$3FB67214FEDD6B8B,BFBC255BE3A69A16,40158AD76CCCB8F,BFE2F9DB22D0E56
$3FBC255BE3A69A15,BFB67214FEDD6B94,401670A066AA95F9,BFE2F9DB22D0E56
$3FC037AA1F8263FR,BFAF3D58571FE13F,4017566960887304,BFE2F9DB22D0E56
$3FC18C77C3020347,BFA005817FB1472,40183C325A66500E,BFE2F9DB22D0E56
$3FC2,0,401921FB54442D18,BFE2F9DB22D0E56
5 178 105
5 179 94
5 180 112
5 181 115
5 182 0
5 183 0
4 172 ->
5 173 114
5 174 1
5 175 1
5 176 [2]
$1,-1
5 177 [2][4]
$0,BFE2F9DB22D0E56,401921FB54442D18,BFE2F9DB22D0E56
$0,BFF17CED916872B,401921FB54442D19,BFF17CED916872B
5 178 93
5 179 94
5 180 95
5 181 113
5 182 0
5 183 0
4 172 ->
5 173 115
5 174 1
5 175 1
5 176 [2]
$1,-1
5 177 [2][4]
$400921FB54442D18,BFE2F9DB22D0E56,400921FB54442D18,BFE2F9DB22D0E56
$400921FB54442D19,BFF17CED916872B,400921FB54442D19,BFF17CED916872B
5 178 94
5 179 93
5 180 96
5 181 112
5 182 0
5 183 0
4 172 ->
5 173 116
5 174 1
5 175 1
5 176 [2]
$1,-1
5 177 [2][4]
$2*0,401921FB54442D18,0
$0,BFE2F9DB22D0E56,401921FB54442D18,BFE2F9DB22D0E56
5 178 106
5 179 107
5 180 108
5 181 111
5 182 0
5 183 0
4 172 ->
5 173 117
5 174 1
5 175 1
5 176 [2]
$1,-1
5 177 [2][4]
$400921FB54442D18,0,400921FB54442D18,0
$400921FB54442D18,BFE2F9DB22D0E56,400921FB54442D18,BFE2F9DB22D0E56
5 178 107
5 179 106
5 180 109
5 181 110
5 182 0
5 183 0
4 172 ->
5 173 123
5 174 1
5 175 0
5 176 [2]
$-1,1
5 177 [16][4]
$3FCA,2*0,BFE2F9DB22D0E56
$3FC96E8CE9032068,3FA59F70DBF5E847,3FCACEE9F37BEBD5,BFE2F9DB22D0E56
$3FC7C08EFE2F97A9,3FB5267A6AD4F5C9,3FDACEE9F37BEBD5,BFE2F9DB22D0E56
$3FC508D12E6B76C8,3FBE9098E73EB2D9,3FE41B2F769CF0E,BFE2F9DB22D0E56
$3FC165BBBA97A9A,3FC3525F38AA0AFE,3FEACEE9F37BEBD5,BFE2F9DB22D0E56
$3FBA,3FC68443DCC7BE4A,3FF0C152382D7365,BFE2F9DB22D0E56
$3FB011A25CD6ED91,3FC8BA3B6FA7850F,3FF41B2F769CF0E,BFE2F9DB22D0E56
$3F95BDEE7E210707,3FC9DB89A909D451,3FF7750CB50C6E5B,BFE2F9DB22D0E56
$BF95BDEE7E2107,3FC9DB89A909D452,3FFACEE9F37BEBD5,BFE2F9DB22D0E56
$BFB011A25CD6ED8F,3FC8BA3B6FA7851,3FFE28C731EB695,BFE2F9DB22D0E56
$BFBA,3FC68443DCC7BE4B,4000C152382D736R,BFE2F9DB22D0E56
$BFC165BBBA97A99D,3FC3525F38AA0AFR,40026E40D76532R,BFE2F9DB22D0E56
$BFC508D12E6B76C8,3FBE9098E73EB2DA,40041B2F769CF0E,BFE2F9DB22D0E56
$BFC7C08EFE2F97AR,3FB5267A6AD4F5C7,4005C81E15D4AF9E,BFE2F9DB22D0E56
$BFC96E8CE9032068,3FA59F70DBF5E847,4007750CB50C6E5B,BFE2F9DB22D0E56
$BFCA,0,400921FB54442D18,BFE2F9DB22D0E56
5 178 120
5 179 121
5 180 124
5 181 132
5 182 0
5 183 0
4 172 ->
5 173 124
5 174 1
5 175 0
5 176 [2]
$-1,1
5 177 [16][4]
$BFCA,0,400921FB54442D18,BFE2F9DB22D0E56
$BFC96E8CE9032068,BFA59F70DBF5E84,400ACEE9F37BEBD4,BFE2F9DB22D0E56
$BFC7C08EFE2F97A9,BFB5267A6AD4F5CA,400C7BD892B3AA92,BFE2F9DB22D0E56
$BFC508D12E6B76C8,BFBE9098E73EB2D7,400E28C731EB695,BFE2F9DB22D0E56
$BFC165BBBA97A9A1,BFC3525F38AA0AFC,400FD5B5D123280C,BFE2F9DB22D0E56
$BFBA,BFC68443DCC7BE48,4010C152382D7364,BFE2F9DB22D0E56
$BFB011A25CD6ED93,BFC8BA3B6FA7850F,401197C987C952C4,BFE2F9DB22D0E56
$BF95BDEE7E210701,BFC9DB89A909D452,40126E40D76532R,BFE2F9DB22D0E56
$3F95BDEE7E2106EB,BFC9DB89A909D452,401344B827011181,BFE2F9DB22D0E56
$3FB011A25CD6ED8E,BFC8BA3B6FA7851,40141B2F769CF0E,BFE2F9DB22D0E56
$3FBA,BFC68443DCC7BE4D,4014F1A6C638D03E,BFE2F9DB22D0E56
$3FC165BBBA97A99C,BFC3525F38AA0B,4015C81E15D4AF9D,BFE2F9DB22D0E56
$3FC508D12E6B76C8,BFBE9098E73EB2DC,40169E9565708EFC,BFE2F9DB22D0E56
$3FC7C08EFE2F97AR,BFB5267A6AD4F5C9,4017750CB50C6E5B,BFE2F9DB22D0E56
$3FC96E8CE9032068,BFA59F70DBF5E83D,40184B8404A84DBA,BFE2F9DB22D0E56
$3FCA,0,401921FB54442D18,BFE2F9DB22D0E56
5 178 120
5 179 122
5 180 123
5 181 131
5 182 0
5 183 0
4 172 ->
5 173 125
5 174 1
5 175 0
5 176 [2]
$1,-1
5 177 [17][4]
$3FC1851EB851EB84,3FF27EF9DB22D0E6,2*0
$3FC205035F58F034,3FF3214A88AB7F9D,3FC921FB54442D18,0
$3FC37FC71FF8D8BC,3FF3BD5E5D99AF8,3FD921FB54442D18,0
$3FC5E6DBB6F6083,3FF44D35DEFE878A,3FE2D97C7F3321D2,0
$3FC9229E050A8AEC,3FF4CB49F18BBCF9,3FE921FB54442D18,0
$3FCD133E9974366,3FF532C23B4E4D5,3FEF6A7A2955385E,0
$3FD0C8FD524D7B5A,3FF57FA4CE2DF33F,3FF2D97C7F3321D2,0
$3FD3394CA6063AE4,3FF5AEFD4641F05,3FF5FDBBE9BBA775,0
$3FD5C28F5C28F5C2,3FF5BEF9DB22D0E6,3FF921FB54442D18,0
$3FD84BD2124BB09E,3FF5AEFD4641F05,3FFC463ABECCB2BR,0
$3FDABC216604702A,3FF57FA4CE2DF33F,3FFF6A7A2955385E,0
$3FDCFB7F6B97D052,3FF532C23B4E4D51,4001475CC9EEDF,0
$3FDEF3CFB5CCA60D,3FF4CB49F18BBCF9,4002D97C7F3321D2,0
$3FE048D86E6B73B6,3FF44D35DEFE878A,40046B9C347764A4,0
$3FE0E29D942ABF93,3FF3BD5E5D99AF8,4005FDBBE9BBA775,0
$3FE1414E8452B9B5,3FF3214A88AB7F9E,40078FDB9EFFEA46,0
$3FE16147AE147AE1,3FF27EF9DB22D0E6,400921FB54442D18,0
5 178 15
5 179 121
5 180 126
5 181 131
5 182 0
5 183 0
4 172 ->
5 173 126
5 174 1
5 175 0
5 176 [2]
$1,-1
5 177 [17][4]
$3FE16147AE147AE1,3FF27EF9DB22D0E6,400921FB54442D18,0
$3FE1414E8452B9B5,3FF1DCA92D9A222F,400AB41B09886FEA,0
$3FE0E29D942ABF94,3FF1409558ABF24C,400C463ABECCB2BR,0
$3FE048D86E6B73B6,3FF0B0BDD7471A42,400DD85A7410F58C,0
$3FDEF3CFB5CCA60E,3FF032A9C4B9E4D3,400F6A7A2955385E,0
$3FDCFB7F6B97D054,3FEF9662F5EEA8F7,40107E4CEF4CBD98,0
$3FDABC216604702C,3FEEFC9DD02F5D1A,4011475CC9EEDF,0
$3FD84BD2124BB0A,3FEE9DECE00762F8,4012106CA4910069,0
$3FD5C28F5C28F5C2,3FEE7DF3B645A1CR,4012D97C7F3321D2,0
$3FD3394CA6063AE4,3FEE9DECE00762F8,4013A28C59D5433B,0
$3FD0C8FD524D7B5A,3FEEFC9DD02F5D1A,40146B9C347764A4,0
$3FCD133E99743664,3FEF9662F5EEA8F6,401534AC0F19860C,0
$3FC9229E050A8AF,3FF032A9C4B9E4D3,4015FDBBE9BBA775,0
$3FC5E6DBB6F6083,3FF0B0BDD7471A42,4016C6CBC45DC8DE,0
$3FC37FC71FF8D8BC,3FF1409558ABF24B,40178FDB9EFFEA46,0
$3FC205035F58F034,3FF1DCA92D9A222E,401858EB79A20BAF,0
$3FC1851EB851EB84,3FF27EF9DB22D0E6,401921FB54442D18,0
5 178 15
5 179 122
5 180 125
5 181 132
5 182 0
5 183 0
4 172 ->
5 173 127
5 174 1
5 175 0
5 176 [2]
$1,-1
5 177 [15][4]
$3FC2,2*0,BFE2F9DB22D0E56
$3FC18C77C302034C,3FA005817FB1472,3FCCB91F3BBBA141,BFE2F9DB22D0E56
$3FC037AA1F8264,3FAF3D58571FE14,3FDCB91F3BBBA141,BFE2F9DB22D0E56
$3FBC255BE3A69A1,3FB67214FEDD6B9,3FE58AD76CCCB8F1,BFE2F9DB22D0E56
$3FB67214FEDD6B8R,3FBC255BE3A69A1,3FECB91F3BBBA141,BFE2F9DB22D0E56
$3FAF3D58571FE134,3FC037AA1F8264,3FF1F3B3855544CB,BFE2F9DB22D0E56
$3FA005817FB1471,3FC18C77C3020348,3FF58AD76CCCB8F1,BFE2F9DB22D0E56
$0,3FC2,3FF921FB54442D19,BFE2F9DB22D0E56
$BFA005817FB1472,3FC18C77C3020348,3FFCB91F3BBBA141,BFE2F9DB22D0E56
$BFAF3D58571FE14,3FC037AA1F8264,4000282191998AB5,BFE2F9DB22D0E56
$BFB67214FEDD6B8D,3FBC255BE3A69A12,4001F3B3855544C9,BFE2F9DB22D0E56
$BFBC255BE3A69A18,3FB67214FEDD6B9,4003BF457910FEDR,BFE2F9DB22D0E56
$BFC037AA1F8264,3FAF3D58571FE14,40058AD76CCCB8F1,BFE2F9DB22D0E56
$BFC18C77C302034C,3FA005817FB14728,4007566960887304,BFE2F9DB22D0E56
$BFC2,0,400921FB54442D18,BFE2F9DB22D0E56
5 178 120
5 179 99
5 180 128
5 181 129
5 182 0
5 183 0
4 172 ->
5 173 128
5 174 1
5 175 0
5 176 [2]
$1,-1
5 177 [15][4]
$BFC2,0,400921FB54442D18,BFE2F9DB22D0E56
$BFC18C77C302034C,BFA005817FB1472,400AED8D47FFE72C,BFE2F9DB22D0E56
$BFC037AA1F8264,BFAF3D58571FE14,400CB91F3BBBA14,BFE2F9DB22D0E56
$BFBC255BE3A69A18,BFB67214FEDD6B9,400E84B12F775B54,BFE2F9DB22D0E56
$BFB67214FEDD6B9,BFBC255BE3A69A1,4010282191998AB4,BFE2F9DB22D0E56
$BFAF3D58571FE14R,BFC037AA1F8264,40110DEA8B7767BE,BFE2F9DB22D0E56
$BFA005817FB1472,BFC18C77C3020348,4011F3B3855544C8,BFE2F9DB22D0E56
$0,BFC2,4012D97C7F3321D2,BFE2F9DB22D0E56
$3FA005817FB1471,BFC18C77C3020348,4013BF457910FEDC,BFE2F9DB22D0E56
$3FAF3D58571FE14,BFC037AA1F8264,4014A50E72EEDBE7,BFE2F9DB22D0E56
$3FB67214FEDD6B8D,BFBC255BE3A69A12,40158AD76CCCB8F1,BFE2F9DB22D0E56
$3FBC255BE3A69A1,BFB67214FEDD6B9,401670A066AA95FA,BFE2F9DB22D0E56
$3FC037AA1F8264,BFAF3D58571FE14,4017566960887304,BFE2F9DB22D0E56
$3FC18C77C302034C,BFA005817FB14708,40183C325A66500F,BFE2F9DB22D0E56
$3FC2,0,401921FB54442D18,BFE2F9DB22D0E56
5 178 120
5 179 100
5 180 127
5 181 130
5 182 0
5 183 0
4 172 ->
5 173 129
5 174 1
5 175 1
5 176 [2]
$1,-1
5 177 [2][4]
$0,BFE2F9DB22D0E56,401921FB54442D18,BFE2F9DB22D0E56
$0,BFF17CED916872B,401921FB54442D19,BFF17CED916872B
5 178 99
5 179 100
5 180 101
5 181 128
5 182 0
5 183 0
4 172 ->
5 173 130
5 174 1
5 175 1
5 176 [2]
$1,-1
5 177 [2][4]
$400921FB54442D18,BFE2F9DB22D0E56,400921FB54442D18,BFE2F9DB22D0E56
$400921FB54442D19,BFF17CED916872B,400921FB54442D19,BFF17CED916872B
5 178 100
5 179 99
5 180 102
5 181 127
5 182 0
5 183 0
4 172 ->
5 173 131
5 174 1
5 175 1
5 176 [2]
$1,-1
5 177 [2][4]
$2*0,401921FB54442D18,0
$0,BFE2F9DB22D0E56,401921FB54442D18,BFE2F9DB22D0E56
5 178 121
5 179 122
5 180 123
5 181 126
5 182 0
5 183 0
4 172 ->
5 173 132
5 174 1
5 175 1
5 176 [2]
$1,-1
5 177 [2][4]
$400921FB54442D18,0,400921FB54442D18,0
$400921FB54442D18,BFE2F9DB22D0E56,400921FB54442D18,BFE2F9DB22D0E56
5 178 122
5 179 121
5 180 124
5 181 125
5 182 0
5 183 0
4 172 ->
5 173 137
5 174 1
5 175 0
5 176 [2]
$-1,1
5 177 [15][4]
$3FEEF9DB22D0E56,3FE8,0,BFCC28F5C28F5C24
$3FEEE02EA37C028E,3FE8E3DC8718122C,3FCCB91F3BBBA14,BFCC28F5C28F5C24
$3FEE9472B80A50ER,3FE9BC4C04D71ABC,3FDCB91F3BBBA14,BFCC28F5C28F5C24
$3FEE1A739171A12A,3FEA7E741C517DBA,3FE58AD76CCCB8F,BFCC28F5C28F5C24
$3FED784F3F22631A,3FEB20986EA0BBC9,3FECB91F3BBBA14,BFCC28F5C28F5C24
$3FECB62727A8001C,3FEB9A9795396B8E,3FF1F3B3855544C7,BFCC28F5C28F5C24
$3FEBDDB7A9E8F78C,3FEBE65380AB1D2D,3FF58AD76CCCB8F,BFCC28F5C28F5C24
$3FEAF9DB22D0E56,3FEC,3FF921FB54442D18,BFCC28F5C28F5C24
$3FEA15FE9BB8D334,3FEBE65380AB1D2D,3FFCB91F3BBBA14,BFCC28F5C28F5C24
$3FE93D8F1DF9CAA4,3FEB9A9795396B8E,4000282191998AB4,BFCC28F5C28F5C24
$3FE87B67067F67A6,3FEB20986EA0BBCA,4001F3B3855544C7,BFCC28F5C28F5C24
$3FE7D942B4302996,3FEA7E741C517DBA,4003BF457910FEDC,BFCC28F5C28F5C24
$3FE75F438D9779D2,3FE9BC4C04D71ABC,40058AD76CCCB8F,BFCC28F5C28F5C24
$3FE71387A225C832,3FE8E3DC8718122C,4007566960887304,BFCC28F5C28F5C24
$3FE6F9DB22D0E56,3FE8,400921FB54442D18,BFCC28F5C28F5C24
5 178 10
5 179 135
5 180 138
5 181 142
5 182 0
5 183 0
4 172 ->
5 173 138
5 174 1
5 175 0
5 176 [2]
$-1,1
5 177 [15][4]
$3FE6F9DB22D0E56,3FE8,400921FB54442D18,BFCC28F5C28F5C24
$3FE71387A225C832,3FE71C2378E7EDD4,400AED8D47FFE72C,BFCC28F5C28F5C24
$3FE75F438D9779D2,3FE643B3FB28E54R,400CB91F3BBBA14,BFCC28F5C28F5C24
$3FE7D942B4302996,3FE5818BE3AE8246,400E84B12F775B54,BFCC28F5C28F5C24
$3FE87B67067F67A6,3FE4DF67915F4437,4010282191998AB4,BFCC28F5C28F5C24
$3FE93D8F1DF9CAA4,3FE465686AC69472,40110DEA8B7767BE,BFCC28F5C28F5C24
$3FEA15FE9BB8D334,3FE419AC7F54E2D3,4011F3B3855544C8,BFCC28F5C28F5C24
$3FEAF9DB22D0E56,3FE4,4012D97C7F3321D2,BFCC28F5C28F5C24
$3FEBDDB7A9E8F78C,3FE419AC7F54E2D3,4013BF457910FEDC,BFCC28F5C28F5C24
$3FECB62727A8001C,3FE465686AC69472,4014A50E72EEDBE6,BFCC28F5C28F5C24
$3FED784F3F22631A,3FE4DF67915F4436,40158AD76CCCB8F,BFCC28F5C28F5C24
$3FEE1A739171A12A,3FE5818BE3AE8246,401670A066AA95FA,BFCC28F5C28F5C24
$3FEE9472B80A50ER,3FE643B3FB28E54R,4017566960887304,BFCC28F5C28F5C24
$3FEEE02EA37C028C,3FE71C2378E7EDD4,40183C325A66500E,BFCC28F5C28F5C24
$3FEEF9DB22D0E56,3FE8,401921FB54442D18,BFCC28F5C28F5C24
5 178 10
5 179 136
5 180 137
5 181 141
5 182 0
5 183 0
4 172 ->
5 173 139
5 174 1
5 175 0
5 176 [2]
$1,-1
5 177 [15][4]
$3FC,3FE8,2*0
$3FC066B1FD538B48,3FE8E3DC8718122C,3FCCB91F3BBBA14,0
$3FC195A1AB1A51C8,3FE9BC4C04D71ABC,3FDCB91F3BBBA14,0
$3FC37D9E457D10D8,3FEA7E741C517DBA,3FE58AD76CCCB8F,0
$3FC6062F8EBA0918,3FEB20986EA0BBC9,3FECB91F3BBBA14,0
$3FC90ECFECA3950F,3FEB9A9795396B8E,3FF1F3B3855544C7,0
$3FCC708DE39FB75,3FEBE65380AB1D2D,3FF58AD76CCCB8F,0
$3FD,3FEC,3FF921FB54442D18,0
$3FD1C7B90E302458,3FEBE65380AB1D2D,3FFCB91F3BBBA14,0
$3FD3789809AE3578,3FEB9A9795396B8E,4000282191998AB4,0
$3FD4FCE838A2FB73,3FEB20986EA0BBCA,4001F3B3855544C7,0
$3FD64130DD417794,3FEA7E741C517DBA,4003BF457910FEDC,0
$3FD7352F2A72D71C,3FE9BC4C04D71ABC,40058AD76CCCB8F,0
$3FD7CCA701563A5C,3FE8E3DC8718122C,4007566960887304,0
$3FD8,3FE8,400921FB54442D18,0
5 178 12
5 179 135
5 180 140
5 181 141
5 182 0
5 183 0
4 172 ->
5 173 140
5 174 1
5 175 0
5 176 [2]
$1,-1
5 177 [15][4]
$3FD8,3FE8,400921FB54442D18,0
$3FD7CCA701563A5C,3FE71C2378E7EDD4,400AED8D47FFE72C,0
$3FD7352F2A72D71C,3FE643B3FB28E54R,400CB91F3BBBA14,0
$3FD64130DD417794,3FE5818BE3AE8246,400E84B12F775B54,0
$3FD4FCE838A2FB74,3FE4DF67915F4437,4010282191998AB4,0
$3FD3789809AE3578,3FE465686AC69472,40110DEA8B7767BE,0
$3FD1C7B90E302458,3FE419AC7F54E2D3,4011F3B3855544C8,0
$3FD,3FE4,4012D97C7F3321D2,0
$3FCC708DE39FB75,3FE419AC7F54E2D3,4013BF457910FEDC,0
$3FC90ECFECA3951,3FE465686AC69472,4014A50E72EEDBE6,0
$3FC6062F8EBA0919,3FE4DF67915F4436,40158AD76CCCB8F,0
$3FC37D9E457D10D8,3FE5818BE3AE8246,401670A066AA95FA,0
$3FC195A1AB1A51C8,3FE643B3FB28E54R,4017566960887304,0
$3FC066B1FD538B5,3FE71C2378E7EDD4,40183C325A66500E,0
$3FC,3FE8,401921FB54442D18,0
5 178 12
5 179 136
5 180 139
5 181 142
5 182 0
5 183 0
4 172 ->
5 173 141
5 174 1
5 175 1
5 176 [2]
$1,-1
5 177 [2][4]
$2*0,401921FB54442D18,0
$0,BFCC28F5C28F5C24,401921FB54442D18,BFCC28F5C28F5C24
5 178 135
5 179 136
5 180 137
5 181 140
5 182 0
5 183 0
4 172 ->
5 173 142
5 174 1
5 175 1
5 176 [2]
$1,-1
5 177 [2][4]
$400921FB54442D18,0,400921FB54442D18,0
$400921FB54442D18,BFCC28F5C28F5C24,400921FB54442D18,BFCC28F5C28F5C24
5 178 136
5 179 135
5 180 138
5 181 139
5 182 0
5 183 0
@group_info_ptr 184 0
2 184 NULL
@intrs_pairs_ptr 185 0
2 185 ->
@place_rec_ptr 186 0
2 186 ->
@local_sys 187 2
3 187 [4][3]
$3FF,2*0
$0,BFF,0
$2*0,3FF
$0,C019BE76C8B4395A,0
@place_instruction_ptrs 188 0
3 188 [1]
4 188 ->
@type 189 1
5 189 98
@offset 190 2
5 190 0
@dim_id 191 1
5 191 -1
@ref_id 192 1
5 192 -1
@geometry1_id 193 1
5 193 418
@geometry2_id 194 1
5 194 -1
@memb_num1 195 1
5 195 1
@memb_num2 196 1
5 196 0
@memb_id_tab1 197 1
5 197 [1]
6 197 1
@attr 198 1
5 198 512
@plin_info_arr 199 0
5 199 [1]
6 199 ->
@type 200 1
7 200 6
@data(plin_info_ui_step) 201 0
7 201 ->
@step_ids 202 1
8 202 [1]
9 202 -100
@own_ref_id 203 1
3 203 0
@orient 204 1
3 204 0
@trf_arr 205 0
3 205 [1]
4 205 
@type 206 1
5 206 3
@idx 207 1
5 207 0
@transf 208 2
5 208 [4][3]
$3FF,2*0
$0,BFF,0
$2*0,3FF
$0,C019BE76C8B4395A,0
@next_prop 209 0
2 209 NULL
@first_geom_id 210 1
2 210 -1
@cond_tbl_idx 211 1
2 211 -1
@comment 212 10
2 212 NULL
@merge_info_ptr 213 0
2 213 ->
@attributes 214 1
3 214 99
@tail_feat_id 215 1
3 215 1
@hdr_ptr 216 0
3 216 ->
@object_name 217 0
4 217 
@object_type 218 1
5 218 2
@name 219 10
5 219 SPACER_67
@simpl_rep 220 0
5 220 NULL
@new_ids 221 1
4 221 [280]
$2*-1,2,-1,3,-1,4,-1,5,3*-1,6,16,17,18,19,20,21,22,23,7,24,25,26,27,28,29,
$30,31,8,32,9,33,10,34,11,35,12,36,13,37,14,38,15,39,7*-1,40,43,44,41,-1,42,
$-1,49,50,45,46,47,48,9*-1,51,54,55,52,-1,53,-1,60,61,56,57,58,59,7*-1,62,65,
$66,63,-1,64,-1,71,72,67,68,69,70,12*-1,73,-1,74,-1,81,82,75,76,77,78,79,80,
$12*-1,83,-1,84,-1,91,92,85,86,87,88,89,90,12*-1,93,-1,94,-1,97,98,95,96,
$16*-1,99,-1,100,-1,103,104,101,102,13*-1,105,108,109,106,-1,107,-1,118,119,
$110,111,112,113,114,115,116,117,9*-1,120,123,124,121,-1,122,-1,133,134,125,
$126,127,128,129,130,131,132,12*-1,135,-1,136,-1,143,144,137,138,139,140,141,
$142
@first_geom_id 222 1
4 222 6
@base_feat_id 223 1
4 223 -1
@first_quilt_id 224 1
4 224 -1
@outline 225 2
4 225 [2][3]
$BFEEFDF3B645A1CB,BFF97CED916872B,0
$3FEEFDF3B645A1CB,0,3FF8
@ref_revnum 226 1
4 226 372
@topology_increment 227 0
2 227 ->
@first_geom 228 1
3 228 0
@first_quilt 229 1
3 229 0
@outline 230 2
3 230 [2][3]
$3*0
$3*0
@max_part_size 231 2
3 231 0
@xform_increment 232 0
3 232 NULL
@roll_back_id 233 1
3 233 -1
@state_ind 234 1
2 234 -1
@alumni_info 235 0
2 235 NULL
@revnum 236 1
2 236 -1
@rev_rec 237 0
2 237 NULL
@next_feat_ptr 238 0
1 238 NULL
@assem_mass_prop_ptr 239 0
1 239 NULL
@mass_prop_ptr 240 0
1 240 ->
@type 241 1
2 241 0
@density 242 2
2 242 0
@init_dens 243 5
2 243 0
@rel_density 244 2
2 244 0
@init_rel_dens 245 5
2 245 0
@aver_density 246 2
2 246 0
@vrevnum 247 1
2 247 -1
@volume 248 2
2 248 0
@cg 249 2
2 249 [3]
$3*0
@inertia 250 2
2 250 [3][3]
$3*0
$3*0
$3*0
@eps 251 2
2 251 0
@surfarea 252 2
2 252 0
@assign_mp_ptr 253 0
1 253 NULL
@tol_default_ptr 254 0
1 254 ->
@type 255 1
2 255 10
@value 256 2
2 256 [7]
$0,3FB9R,3F847AE147AE147B,3F50624DD2F1A9FC,3F1A36E2EB1C432D,
$3EE4F8B588E368F1,3EB0C6F7A0B5ED8E
@ang_value 257 2
2 257 [7]
$0,6*3FE
@standard 258 1
2 258 0
@iso_tol_tbls_ptr 259 0
2 259 NULL
@ref_part_table 260 0
1 260 [1]
2 260 ->
@name 261 10
3 261 NEW_WELDMENT
@id 262 1
3 262 0
@type 263 1
3 263 1
@revnum 264 1
3 264 -1
@memb_id_tab 265 1
3 265 [1]
4 265 99
@dep_id 266 1
3 266 0
@attributes 267 1
3 267 0
@simpl_rep 268 0
3 268 NULL
@first_xsec_ptr 269 0
1 269 NULL
@datum_count 270 1
1 270 0
@axis_count 271 1
1 271 10
@insert_layer_id 272 1
1 272 -1
@layer_count 273 1
1 273 1
@layer_list 274 0
1 274 [1]
2 274 
@feat_id 275 1
3 275 1
@layer_id 276 1
3 276 0
@back_layer_id 277 1
3 277 0
@lang_ptr 278 0
1 278 ->
@interact_on 279 1
2 279 -1
@first_csys_ptr 280 0
1 280 NULL
@color_prop_ptr 281 0
1 281 NULL
@fem_data 282 0
1 282 NULL
@rel_part_eps 283 2
1 283 3F53A92A30553261
@names_table 284 0
1 284 [4]
2 284 ->
@id 285 1
3 285 2
@type 286 1
3 286 5
@name 287 10
3 287 DTM1
2 284 ->
3 285 3
3 286 5
3 287 DTM2
2 284 ->
3 285 4
3 286 5
3 287 DTM3
2 284 ->
3 285 5
3 286 25
3 287 CS0
@drv_tbl_ptr 288 0
1 288 NULL
@assembled_count 289 1
1 289 0
@part_type 290 1
1 290 1
@mat_name_ptr 291 10
1 291 NULL
@first_ent_id 292 1
1 292 513569
@first_view_id 293 1
1 293 0
@outline 294 2
1 294 [2][3]
$BFEEFDF3B645A1CB,C019BE76C8B4395A,0
$3FEEFDF3B645A1CB,C0135F3B645A1CAE,3FF8
@dim_num 295 1
1 295 0
@ipar_num 296 1
1 296 0
@relpar_sets 297 0
1 297 [1]
2 297 
@id 298 1
3 298 -1
@type 299 1
3 299 2
@ext_ref_id 300 1
3 300 -1
@relatnum 301 1
3 301 0
@unit_arr 302 0
1 302 [2]
2 302 
@type 303 1
3 303 1
@factor 304 2
3 304 3FF
@name 305 10
3 305 INCH
@unit_type 306 1
3 306 0
2 302 
3 303 2
3 304 3FF
3 305 POUND
3 306 1
@geom_lib_ptr 307 0
1 307 NULL
@first_quilt_ptr 308 1
1 308 0
@attrib_array 309 1
1 309 [3]
$2*0,4
@smt_info_ptr 310 0
1 310 NULL
@cable_info_ptr 311 0
1 311 NULL
@comp_info_ptr 312 0
1 312 NULL
@max_part_size 313 2
1 313 400760CB26A39283
@prt_misc_ptr 314 0
1 314 ->
@shrink_data_ptr 315 0
2 315 NULL
@expld_mv_info 316 0
1 316 NULL
@state_info_ptr 317 0
1 317 NULL
@alumni_feats 318 0
1 318 NULL
@model_name 319 10
1 319 SPACER1_67
@p_mdl_grid 320 0
1 320 NULL
@mdl_status_ptr 321 0
1 321 NULL
@cfg_states 322 0
1 322 NULL
@disp_outl_info 323 0
1 323 
@disp_outline 324 2
2 324 [2][3]
$BFEF75A5DAE280E2,C019CD6D0D47D53D,BF8DEC892737C5C7
$3FEF75A5DAE280E2,C01350451FC680CB,3FF83BD9124E6F8C
@ribbon_info_ptr 325 0
1 325 NULL
@p_xref_data 326 0
1 326 ->
@View 327 0
0 327 ->
@id 328 1
1 328 0
@viewattr 329 0
1 329 
@attr_arr 330 1
2 330 [4]
$1,3*0
@mpoint 331 0
1 331 
@id 332 1
2 332 0
@coord 333 2
2 333 [3]
$0,C0168ED916872B04,3FE8
@first_instr_ptr 334 0
2 334 NULL
@attach_ptr 335 0
2 335 NULL
@vpoint 336 0
1 336 
2 332 0
2 333 [3]
$407F4,407A5E,0
2 334 NULL
2 335 NULL
@orient 337 2
1 337 [4][4]
$3FED7954E7DBA2F8,0,3FD8EC3AE92B676B,0
$BFD385CE5246572,3FE3E43A9692E21C,3FE7167619F550A2,0
$BFCEFC077F3F36A6,BFE91103985DA841,3FE25240DD3851BF,0
$3*0,3FF
@local_sys 338 2
1 338 [4][4]
$4071359F969BD88,0,405D1AABB8141DF9,0
$C056CC4F981D799,40673A935A9078F,406AF61632D39CDA,0
$C052176946155B0A,C06D45A048B56B71,40656528A9527481,0
$4043FF5DB423755,4099B5FDD887D81A,4091000E5D54E64C,3FF
@first_instr_ptr 339 0
1 339 ->
@type 340 1
2 340 100
@geom_id 341 1
2 341 -1
@view_id 342 1
2 342 -1
@memb_num 343 1
2 343 0
@offset 344 2
2 344 0
@matrix 345 0
2 345 NULL
@next_instr_ptr 346 0
1 346 ->
2 340 301
2 341 -1
2 342 -1
2 343 0
2 344 4072AF346F7F8E16
2 345 NULL
1 346 NULL
@outer_xsec_index 347 1
1 347 -1
@next_view_id 348 1
1 348 -2
@simp_rep_id 349 1
1 349 -1
@name 350 10
1 350 no name
@matrix 351 2
1 351 [4][4]
$3FF,3*0
$0,3FF,2*0
$2*0,3FF,0
$3*0,3FF
@fit_outline 352 2
1 352 [2][3]
$4059,405518,C07A4456BAEB3CDC
$408C2,4087BB,407A4456BAEB3CE4
@det_info_ptr 353 0
1 353 NULL
@named_view_pzmatr 354 0
1 354 NULL
@page_id 355 1
1 355 0
@model_name 356 10
1 356 NULL
@unrep_model_name 357 10
1 357 NULL
@assem_merge_parts 358 0
0 358 ->
#END_OF_UGC
