#UGC:2 PART 915 380 0 1 1 15 1700 9631 \
#- VERS 0 0                                                          \
#- HOST                                                              \
#- LINK                                                              \
#- DBID                                                              \
#- REVS 0,                                                           \
#- RELL 0,                                                           \
#- UOBJ_ID 844368090 278972737 -2139582772                           \
#-END_OF_UGC_HEADER
#P_OBJECT 6
@P_object 1 0
0 1 ->
@depend 2 0
1 2 [1]
2 2 
@model_name 3 10
3 3 ROBOT
@model_type 4 1
3 4 1
@revnum 5 1
3 5 -1
@bom_count 6 1
3 6 1
@dep_type 7 1
3 7 8
@stamp 8 0
3 8 
@major_vers 9 0
4 9 
@vers 10 1
5 10 0
@alias_name 11 10
5 11 
@minor_vers 12 0
4 12 
@vers 13 1
5 13 0
@reason 14 10
3 14 
@dep_db 15 0
1 15 ->
@usr_rev 16 0
1 16 [2]
2 16 
@name 17 10
3 17 SGOTTWALS
@mod_time 18 0
3 18 
@tm_sec 19 1
4 19 51
@tm_min 20 1
4 20 39
@tm_hour 21 1
4 21 20
@tm_mday 22 1
4 22 12
@tm_mon 23 1
4 23 6
@tm_year 24 1
4 24 95
@action 25 1
3 25 1000
@comment 26 10
3 26 Hostname: 'fester'
@rel_level 27 10
3 27 
@rev_string 28 10
3 28 
2 16 
3 17 DOMS
3 18 
4 19 51
4 20 26
4 21 1
4 22 18
4 23 9
4 24 96
3 25 1000
3 26 Hostname: 'dominique'
3 27 
3 28 
@revnum_std 29 1
1 29 11302
@flag 30 1
1 30 0
@name 31 10
1 31 NULL
@inst_hidden 32 1
1 32 0
@old_name 33 10
1 33 NULL
@appl_data 34 0
1 34 ->
@bounding_box 35 2
2 35 [2][3]
$0,C000B5D70D3B10E2,0
$401C,3FE34B4F8419CE54,3FF
@ver_key 36 0
1 36 ->
@time 37 1
2 37 845601979
@random_num 38 1
2 38 8139778
@hostid 39 1
2 39 -2139582772
#END_OF_P_OBJECT
#Pro/ENGINEER  TM  Release 17.0  (c) 1988-96 by Parametric Technology Corporation  All Rights Reserved. 9631
@Solid 40 0
0 40 ->
@tab_key 41 1
1 41 0
@tab_key_struct 42 0
1 42 ->
@tab_key_ptr 43 0
2 43 [49]
@cmprs_tabkey 44 0
2 44 NULL
@type 45 1
1 45 2
@revnum_ptr 46 0
1 46 ->
@geom_revnum 47 1
2 47 11162
@cosm_revnum 48 1
2 48 139
@first_member_ptr 49 0
1 49 NULL
@alumni_members 50 0
1 50 NULL
@frst_geom_ptr 51 1
1 51 2
@first_feat_ptr 52 0
1 52 ->
@id 53 1
2 53 1
@indep_attributes 54 1
2 54 1
@feat_type_ptr 55 0
2 55 ->
@table_id 56 1
3 56 0
@type 57 1
3 57 0
@feattype_key 58 10
3 58 NULL
@form 59 1
3 59 1
@attributes 60 1
3 60 [3]
$0,65536,0
@placement 61 1
3 61 0
@intersection 62 1
3 62 991
@internal_udf_type 63 1
3 63 -1
@param_choice_ptr 64 0
3 64 ->
@blend_choice 65 1
4 65 0
@depth_choice 66 1
4 66 1
@angle_choice 67 1
4 67 -1
@pat_choice 68 1
4 68 -1
@round_choice 69 1
4 69 -1
@subsec_choice 70 1
4 70 -1
@sweep_choice 71 1
4 71 0
@dome_choice 72 1
4 72 0
@draft_choice 73 1
4 73 0
@misc_choice 74 1
4 74 0
@assoc_type 75 1
3 75 0
@symbol_key 76 1
2 76 -1
@sect_name 77 10
2 77 no_name
@model_type 78 1
2 78 2
@idtab_ptr 79 0
2 79 ->
@srf_id_arr 80 1
3 80 [10][4]
$2,204,2*0
$11,203,2*0
$20,200,5,0
$22,200,4,0
$24,200,6,0
$26,200,3,0
$28,200,2,0
$30,200,1,0
$32,200,7,0
$34,200,2*0
@edg_id_arr 81 1
3 81 [24][6]
$3,221,5,2*0,2
$4,221,4,2*0,2
$5,221,6,2*0,2
$6,221,3,2*0,2
$7,221,2,2*0,2
$8,221,1,2*0,2
$9,221,7,2*0,2
$10,221,3*0,2
$12,222,5,2*0,20
$13,222,4,2*0,22
$14,222,6,2*0,24
$15,222,3,2*0,26
$16,222,2,2*0,28
$17,222,1,2*0,30
$18,222,7,2*0,32
$19,222,3*0,34
$21,220,5,2*0,20
$23,220,4,2*0,22
$25,220,6,2*0,24
$27,220,3,2*0,26
$29,220,2,2*0,28
$31,220,1,2*0,30
$33,220,7,2*0,32
$35,220,3*0,34
@save_geoms 82 0
3 82 ->
@sv_frst_geom 83 1
4 83 2
@cr_flags_xar 84 1
3 84 [24]
$3*-1,-2049,2*-1,-16777217,3*-1,-536870913,2147483647,134217731,0,65536,0,
$2,3*0,1048576,3*0
@cvt_feat_dat 85 0
3 85 NULL
@feat_dates_ptr 86 0
3 86 ->
@creat_date 87 1
4 87 0
@regen_date 88 1
4 88 170020
@geometry 89 0
2 89 
@srf_array 90 0
3 90 [10]
4 90 ->
@geom_type 91 1
5 91 34
@geom_id 92 1
5 92 2
@feat_id 93 1
5 93 1
@boundary_type 94 1
5 94 0
@envlp 95 2
5 95 [2][2]
$0,C000B5D70D3B10E2
$401C,3FE34B4F8419CE53
@srf_prim_ptr(plane) 96 0
5 96 ->
@local_sys 97 2
6 97 [4][3]
$3FF,2*0
$0,3FF,0
$2*0,3FF
$3*0
@frst_cntr_ptr 98 0
5 98 ->
@frst_cntr_crv_hdr_ptr 99 1
6 99 3
@trv 100 1
6 100 1
@envlp 101 2
6 101 [2][2]
$0,C000B5D70D3B10E2
$401C,3FE34B4F8419CE53
@next_cntr_ptr 102 0
5 102 NULL
@next_geom_ptr 103 1
5 103 11
@orient 104 1
5 104 -1
@outline 105 2
5 105 [2][3]
$0,C000B5D70D3B10E2,0
$401C,3FE34B4F8419CE54,0
4 90 ->
5 91 34
5 92 11
5 93 1
5 94 0
5 95 [2][2]
$0,C000B5D70D3B10E2
$401C,3FE34B4F8419CE53
5 96 ->
6 97 [4][3]
$3FF,2*0
$0,3FF,0
$2*0,3FF
$2*0,3FF
5 98 ->
6 99 12
6 100 1
6 101 [2][2]
$0,C000B5D70D3B10E2
$401C,3FE34B4F8419CE53
5 102 NULL
5 103 20
5 104 1
5 105 [2][3]
$0,C000B5D70D3B10E2,3FF
$401C,3FE34B4F8419CE54,3FF
4 90 ->
5 91 34
5 92 20
5 93 1
5 94 1
5 95 [2][2]
$2*0
$2*3FF
5 96 ->
6 97 [4][3]
$2*0,BFF
$BFF,2*0
$0,3FF,0
$3*0
5 98 ->
6 99 3
6 100 1
6 101 [2][2]
$2*0
$2*3FF
5 102 NULL
5 103 22
5 104 1
5 105 [2][3]
$0,BFF,0
$2*0,3FF
4 90 ->
5 91 34
5 92 22
5 93 1
5 94 1
5 95 [2][2]
$2*0
$400671DD997E427E,3FF
5 96 ->
6 97 [4][3]
$3FEEE8DD4748BF15,0,3FD0907DC1930689
$3FD0907DC1930689,0,BFEEE8DD4748BF15
$0,3FF,0
$0,BFF,0
5 98 ->
6 99 4
6 100 1
6 101 [2][2]
$2*0
$400671DD997E427E,3FF
5 102 NULL
5 103 24
5 104 1
5 105 [2][3]
$0,BFF,0
$4005AE147AE147AE,BFD186E265FA9B4E,3FF
4 90 ->
5 91 36
5 92 24
5 93 1
5 94 1
5 95 [2][2]
$3FF0C152382D7365,0
$3FFD524FE24F89ER,3FF
@srf_prim_ptr(cylinder) 106 0
5 106 ->
@local_sys 107 2
6 107 [4][3]
$3FF,2*0
$0,3FF,0
$2*0,3FF
$4006329868EDDFE2,BFE07DA884CF7D68,0
@radius 108 2
6 108 3FD
5 98 ->
6 99 5
6 100 1
6 101 [2][2]
$3FF0C152382D7365,0
$3FFD524FE24F89ER,3FF
5 102 NULL
5 103 26
5 104 -1
5 105 [2][3]
$4005AE147AE147AE,BFD320139572D47C,0
$4007329868EDDFE2,BFD0FB51099EFAD,3FF
4 90 ->
5 91 34
5 92 26
5 93 1
5 94 1
5 95 [2][2]
$2*0
$400CA3A935196C9F,3FF
5 96 ->
6 97 [4][3]
$3FEBB67AE8584CA9,0,BFE
$BFE,0,BFEBB67AE8584CA9
$0,3FF,0
$4007329868EDDFE2,BFD320139572D47C,0
5 98 ->
6 99 6
6 100 1
6 101 [2][2]
$2*0
$400CA3A935196C9F,3FF
5 102 NULL
5 103 28
5 104 1
5 105 [2][3]
$4007329868EDDFE2,C000B5D70D3B10E2,0
$4018,BFD320139572D47C,3FF
4 90 ->
5 91 34
5 92 28
5 93 1
5 94 1
5 95 [2][2]
$2*0
$2*3FF
5 96 ->
6 97 [4][3]
$3FF,2*0
$2*0,BFF
$0,3FF,0
$4018,C000B5D70D3B10E2,0
5 98 ->
6 99 7
6 100 1
6 101 [2][2]
$2*0
$2*3FF
5 102 NULL
5 103 30
5 104 1
5 105 [2][3]
$4018,C000B5D70D3B10E2,0
$401C,C000B5D70D3B10E2,3FF
4 90 ->
5 91 34
5 92 30
5 93 1
5 94 1
5 95 [2][2]
$2*0
$400E003ED208A0EC,3FF
5 96 ->
6 97 [4][3]
$BFE83BE05E58760B,0,3FE4E5D6DFF4D11
$3FE4E5D6DFF4D11,0,3FE83BE05E58760B
$0,3FF,0
$401C,C000B5D70D3B10E2,0
5 98 ->
6 99 8
6 100 1
6 101 [2][2]
$2*0
$400E003ED208A0EC,3FF
5 102 NULL
5 103 32
5 104 1
5 105 [2][3]
$4010A3D70A3D70A4,C000B5D70D3B10E2,0
$401C,3FD70E5B59A5CD9,3FF
4 90 ->
5 91 36
5 92 32
5 93 1
5 94 1
5 95 [2][2]
$3FEB7E6CEB826746,0
$3FFBECDE5DA115A8,3FF
5 106 ->
6 107 [4][3]
$3FF,2*0
$0,3FF,0
$2*0,3FF
$400C0E385C7DAD04,BFD96965630B1E81,0
6 108 3FF
5 98 ->
6 99 9
6 100 1
6 101 [2][2]
$3FEB7E6CEB826746,0
$3FFBECDE5DA115A8,3FF
5 102 NULL
5 103 34
5 104 1
5 105 [2][3]
$400AAA96B49CF5CR,3FD70E5B59A5CD9R,0
$4010A3D70A3D70A4,3FE34B4D4E7A70C,3FF
4 90 ->
5 91 34
5 92 34
5 93 1
5 94 1
5 95 [2][2]
$2*0
$400B13E65B1BEF5E,3FF
5 96 ->
6 97 [4][3]
$BFEF838B8C811C18,0,BFC63A1A7E0B7386
$BFC63A1A7E0B7386,0,3FEF838B8C811C18
$0,3FF,0
$400AAA96B49CF5CR,3FE2CED8DAFB8CD7,0
5 98 ->
6 99 10
6 100 1
6 101 [2][2]
$2*0
$400B13E65B1BEF5E,3FF
5 102 NULL
5 103 0
5 104 1
5 105 [2][3]
$3*0
$400AAA96B49CF5CR,3FE2CED8DAFB8CD7,3FF
@crv_array 109 0
3 109 [24]
4 109 ->
@crv_id 110 1
5 110 3
@feat_id 111 1
5 111 1
@type 112 1
5 112 0
@crv_pnt_dir 113 1
5 113 [2]
$1,-1
@crv_pnt_arr 114 2
5 114 [2][4]
$4*0
$0,BFF,3FF,0
@crv_hdr_geom_ptr[0] 115 1
5 115 2
@crv_hdr_geom_ptr[1] 116 1
5 116 20
@next_crv_hdr_ptr[0] 117 1
5 117 4
@next_crv_hdr_ptr[1] 118 1
5 118 21
@ref_geom[0] 119 1
5 119 0
@ref_geom[1] 120 1
5 120 0
4 109 ->
5 110 4
5 111 1
5 112 0
5 113 [2]
$1,-1
5 114 [2][4]
$0,BFF,2*0
$4005AE147AE147B6,BFD186E265FA9B3C,400671DD997E427E,0
5 115 2
5 116 22
5 117 5
5 118 23
5 119 0
5 120 0
4 109 ->
5 110 5
5 111 1
5 112 0
5 113 [2]
$1,-1
5 114 [4][4]
$4005AE147AE147B6,BFD186E265FA9B3C,3FFD524FE24F89ER,0
$4006329868EDDFE2,BFD0FB51099EFAD,3FF921FB54442D18,0
$4006B71C56FA7817,BFD186E265FA9B46,3FF4F1A6C638D03B,0
$4007329868EDDFE1,BFD320139572D478,3FF0C152382D7365,0
5 115 2
5 116 24
5 117 6
5 118 25
5 119 0
5 120 0
4 109 ->
5 110 6
5 111 1
5 112 0
5 113 [2]
$1,-1
5 114 [2][4]
$4007329868EDDFE1,BFD320139572D478,2*0
$4018,C000B5D70D3B10E2,400CA3A935196C9F,0
5 115 2
5 116 26
5 117 7
5 118 27
5 119 0
5 120 0
4 109 ->
5 110 7
5 111 1
5 112 0
5 113 [2]
$1,-1
5 114 [2][4]
$4018,C000B5D70D3B10E2,2*0
$401C,C000B5D70D3B10E2,3FF,0
5 115 2
5 116 28
5 117 8
5 118 29
5 119 0
5 120 0
4 109 ->
5 110 8
5 111 1
5 112 0
5 113 [2]
$1,-1
5 114 [2][4]
$401C,C000B5D70D3B10E2,2*0
$4010A3D70A3D70A3,3FD70E5B59A5CDA1,400E003ED208A0EC,0
5 115 2
5 116 30
5 117 9
5 118 31
5 119 0
5 120 0
4 109 ->
5 110 9
5 111 1
5 112 0
5 113 [2]
$1,-1
5 114 [6][4]
$4010A3D70A3D70A3,3FD70E5B59A5CDA1,3FEB7E6CEB826746,0
$401010A50FDA3008,3FDDAA62D792DE51,3FF09524D75460D8,0
$400EDA38C2A65242,3FE146591A2E7778,3FF36B1338E78E0C,0
$400D7CB91213F7BC,3FE2C70EFB2A1E64,3FF641019A7ABB4,0
$400C13BE08288C1F,3FE34B45AED9686E,3FF916EFFC0DE875,0
$400AAA96B49CF5CF,3FE2CED8DAFB8CD9,3FFBECDE5DA115A8,0
5 115 2
5 116 32
5 117 10
5 118 33
5 119 0
5 120 0
4 109 ->
5 110 10
5 111 1
5 112 0
5 113 [2]
$1,-1
5 114 [2][4]
$400AAA96B49CF5CF,3FE2CED8DAFB8CD9,2*0
$2*0,400B13E65B1BEF5E,0
5 115 2
5 116 34
5 117 3
5 118 35
5 119 0
5 120 0
4 109 ->
5 110 12
5 111 1
5 112 0
5 113 [2]
$-1,1
5 114 [2][4]
$3*0,3FF
$0,BFF,2*3FF
5 115 11
5 116 20
5 117 19
5 118 23
5 119 0
5 120 0
4 109 ->
5 110 13
5 111 1
5 112 0
5 113 [2]
$-1,1
5 114 [2][4]
$0,BFF,0,3FF
$4005AE147AE147B6,BFD186E265FA9B3C,400671DD997E427E,3FF
5 115 11
5 116 22
5 117 12
5 118 25
5 119 0
5 120 0
4 109 ->
5 110 14
5 111 1
5 112 0
5 113 [2]
$-1,1
5 114 [4][4]
$4005AE147AE147B6,BFD186E265FA9B3C,3FFD524FE24F89ER,3FF
$4006329868EDDFE2,BFD0FB51099EFAD,3FF921FB54442D18,3FF
$4006B71C56FA7817,BFD186E265FA9B46,3FF4F1A6C638D03B,3FF
$4007329868EDDFE1,BFD320139572D478,3FF0C152382D7365,3FF
5 115 11
5 116 24
5 117 13
5 118 27
5 119 0
5 120 0
4 109 ->
5 110 15
5 111 1
5 112 0
5 113 [2]
$-1,1
5 114 [2][4]
$4007329868EDDFE1,BFD320139572D478,0,3FF
$4018,C000B5D70D3B10E2,400CA3A935196C9F,3FF
5 115 11
5 116 26
5 117 14
5 118 29
5 119 0
5 120 0
4 109 ->
5 110 16
5 111 1
5 112 0
5 113 [2]
$-1,1
5 114 [2][4]
$4018,C000B5D70D3B10E2,0,3FF
$401C,C000B5D70D3B10E2,2*3FF
5 115 11
5 116 28
5 117 15
5 118 31
5 119 0
5 120 0
4 109 ->
5 110 17
5 111 1
5 112 0
5 113 [2]
$-1,1
5 114 [2][4]
$401C,C000B5D70D3B10E2,0,3FF
$4010A3D70A3D70A3,3FD70E5B59A5CDA1,400E003ED208A0EC,3FF
5 115 11
5 116 30
5 117 16
5 118 33
5 119 0
5 120 0
4 109 ->
5 110 18
5 111 1
5 112 0
5 113 [2]
$-1,1
5 114 [6][4]
$4010A3D70A3D70A3,3FD70E5B59A5CDA1,3FEB7E6CEB826746,3FF
$401010A50FDA3008,3FDDAA62D792DE51,3FF09524D75460D8,3FF
$400EDA38C2A65242,3FE146591A2E7778,3FF36B1338E78E0C,3FF
$400D7CB91213F7BC,3FE2C70EFB2A1E64,3FF641019A7ABB4,3FF
$400C13BE08288C1F,3FE34B45AED9686E,3FF916EFFC0DE875,3FF
$400AAA96B49CF5CF,3FE2CED8DAFB8CD9,3FFBECDE5DA115A8,3FF
5 115 11
5 116 32
5 117 17
5 118 35
5 119 0
5 120 0
4 109 ->
5 110 19
5 111 1
5 112 0
5 113 [2]
$-1,1
5 114 [2][4]
$400AAA96B49CF5CF,3FE2CED8DAFB8CD9,0,3FF
$2*0,400B13E65B1BEF5E,3FF
5 115 11
5 116 34
5 117 18
5 118 21
5 119 0
5 120 0
4 109 ->
5 110 21
5 111 1
5 112 0
5 113 [2]
$1,-1
5 114 [2][4]
$2*0,400B13E65B1BEF5E,0
$0,3FF,400B13E65B1BEF5E,3FF
5 115 20
5 116 34
5 117 12
5 118 10
5 119 0
5 120 0
4 109 ->
5 110 23
5 111 1
5 112 0
5 113 [2]
$1,-1
5 114 [2][4]
$2*0,3FF,0
$0,3*3FF
5 115 22
5 116 20
5 117 13
5 118 3
5 119 0
5 120 0
4 109 ->
5 110 25
5 111 1
5 112 0
5 113 [2]
$1,-1
5 114 [2][4]
$3FFD524FE24F89ER,0,400671DD997E427E,0
$3FFD524FE24F89ER,3FF,400671DD997E427E,3FF
5 115 24
5 116 22
5 117 14
5 118 4
5 119 0
5 120 0
4 109 ->
5 110 27
5 111 1
5 112 0
5 113 [2]
$1,-1
5 114 [2][4]
$2*0,3FF0C152382D7365,0
$0,3FF,3FF0C152382D7365,3FF
5 115 26
5 116 24
5 117 15
5 118 5
5 119 0
5 120 0
4 109 ->
5 110 29
5 111 1
5 112 0
5 113 [2]
$1,-1
5 114 [2][4]
$2*0,400CA3A935196C9F,0
$0,3FF,400CA3A935196C9F,3FF
5 115 28
5 116 26
5 117 16
5 118 6
5 119 0
5 120 0
4 109 ->
5 110 31
5 111 1
5 112 0
5 113 [2]
$1,-1
5 114 [2][4]
$2*0,3FF,0
$0,3*3FF
5 115 30
5 116 28
5 117 17
5 118 7
5 119 0
5 120 0
4 109 ->
5 110 33
5 111 1
5 112 0
5 113 [2]
$1,-1
5 114 [2][4]
$3FEB7E6CEB826746,0,400E003ED208A0EC,0
$3FEB7E6CEB826746,3FF,400E003ED208A0EC,3FF
5 115 32
5 116 30
5 117 18
5 118 8
5 119 0
5 120 0
4 109 ->
5 110 35
5 111 1
5 112 0
5 113 [2]
$1,-1
5 114 [2][4]
$2*0,3FFBECDE5DA115A8,0
$0,3FF,3FFBECDE5DA115A8,3FF
5 115 34
5 116 32
5 117 19
5 118 9
5 119 0
5 120 0
@group_info_ptr 121 0
2 121 NULL
@intrs_pairs_ptr 122 0
2 122 ->
@place_rec_ptr 123 0
2 123 ->
@local_sys 124 2
3 124 [4][3]
$3FF,2*0
$0,3FF,0
$2*0,3FF
$3*0
@place_instruction_ptrs 125 0
3 125 [1]
4 125 ->
@type 126 1
5 126 1853
@offset 127 2
5 127 0
@dim_id 128 1
5 128 10
@ref_id 129 1
5 129 -1
@geometry1_id 130 1
5 130 -1
@geometry2_id 131 1
5 131 -1
@memb_num1 132 1
5 132 0
@memb_num2 133 1
5 133 0
@attr 134 1
5 134 0
@plin_info_arr 135 0
5 135 [1]
6 135 ->
@type 136 1
7 136 6
@data(plin_info_ui_step) 137 0
7 137 ->
@step_ids 138 1
8 138 [1]
9 138 -100
@own_ref_id 139 1
3 139 -1
@orient 140 1
3 140 0
@trf_arr 141 0
3 141 [1]
4 141 
@type 142 1
5 142 12
@idx 143 1
5 143 0
@transf 144 2
5 144 [4][3]
$3FF,2*0
$0,3FF,0
$2*0,3FF
$3*0
@next_prop 145 0
2 145 NULL
@first_geom_id 146 1
2 146 2
@gsec_ptr 147 0
2 147 [1]
3 147 
@type 148 1
4 148 1
@name 149 10
4 149 S2D0001
@gsec2d_ptr 150 0
4 150 ->
@name 151 10
5 151 S2D0001
@segtab_ptr 152 0
5 152 [8]
6 152 
@type 153 1
7 153 2
@dir 154 1
7 154 [3]
$2*1,0
@pointid 155 1
7 155 [2]
$0,1
@cntrid 156 1
7 156 -1
@arcorient 157 1
7 157 0
@verhor 158 1
7 158 2
@radius 159 1
7 159 0
@ext_id 160 1
7 160 0
@gen_info 161 0
7 161 
@known_ent_info 162 0
7 162 
@attr 163 1
8 163 0
@known_ent_id 164 1
8 164 -1
6 152 
7 153 2
7 154 [3]
$1,-1,0
7 155 [2]
$2,3
7 156 -1
7 157 0
7 158 -3
7 159 0
7 160 1
7 161 
7 162 
8 163 0
8 164 -1
6 152 
7 153 2
7 154 [3]
$-1,2*0
7 155 [2]
$3,4
7 156 4
7 157 0
7 158 1
7 159 0
7 160 2
7 161 
7 162 
8 163 0
8 164 -1
6 152 
7 153 2
7 154 [3]
$-1,1,0
7 155 [2]
$4,5
7 156 -1
7 157 0
7 158 -4
7 159 0
7 160 3
7 161 
7 162 
8 163 0
8 164 -1
6 152 
7 153 2
7 154 [3]
$2*-1,0
7 155 [2]
$6,7
7 156 -1
7 157 0
7 158 5
7 159 0
7 160 4
7 161 
7 162 
8 163 0
8 164 -1
6 152 
7 153 2
7 154 [3]
$0,1,0
7 155 [2]
$7,0
7 156 0
7 157 0
7 158 0
7 159 0
7 160 5
7 161 
7 162 
8 163 0
8 164 -1
6 152 
7 153 3
7 154 [3]
$-1,1,0
7 155 [2]
$5,6
7 156 8
7 157 0
7 158 -1
7 159 0
7 160 6
7 161 
7 162 
8 163 0
8 164 -1
6 152 
7 153 3
7 154 [3]
$-1,1,0
7 155 [2]
$2,1
7 156 9
7 157 0
7 158 -1
7 159 1
7 160 7
7 161 
7 162 
8 163 0
8 164 -1
@dimtab_ptr 165 0
5 165 [10]
6 165 
@type 166 1
7 166 1
@value 167 2
7 167 3FF
@direct 168 1
7 168 0
@property 169 1
7 169 0
@leftpt 170 1
7 170 [2]
@rightpt 171 1
7 171 [2]
@offset 172 2
7 172 0
@ext_id 173 1
7 173 0
@dispdimattr 174 0
7 174 
@dimattr 175 1
8 175 [4]
$18,3*0
@dim_ref 176 0
7 176 [2]
8 176 
@item_id 177 1
9 177 5
@sense 178 1
9 178 -1
@point 179 1
9 179 [2]
$2*7
8 176 
9 177 -1
9 178 -1
9 179 [2]
$2*0
6 165 
7 166 1
7 167 3FF
7 168 0
7 169 0
7 170 [2]
7 171 [2]
7 172 0
7 173 1
7 174 
8 175 [4]
$18,3*0
7 176 [2]
8 176 
9 177 2
9 178 -1
9 179 [2]
$2*3
8 176 
9 177 -1
9 178 -1
9 179 [2]
$2*4
6 165 
7 166 2
7 167 4010A3D70A3D70A4
7 168 0
7 169 0
7 170 [2]
7 171 [2]
7 172 0
7 173 2
7 174 
8 175 [4]
$18,3*0
7 176 [2]
8 176 
9 177 5
9 178 0
9 179 [2]
$2*2
8 176 
9 177 1
9 178 1
9 179 [2]
$7,0
6 165 
7 166 10
7 167 3FFBECDE5DA115A9
7 168 0
7 169 0
7 170 [2]
7 171 [2]
7 172 0
7 173 3
7 174 
8 175 [4]
$18,3*0
7 176 [2]
8 176 
9 177 0
9 178 0
9 179 [2]
$2*-1
8 176 
9 177 5
9 178 3
9 179 [2]
$2*-1
6 165 
7 166 2
7 167 4005AE147AE147AE
7 168 0
7 169 0
7 170 [2]
7 171 [2]
7 172 0
7 173 4
7 174 
8 175 [4]
$18,3*0
7 176 [2]
8 176 
9 177 5
9 178 0
9 179 [2]
$2*6
8 176 
9 177 4
9 178 1
9 179 [2]
$7,0
6 165 
7 166 10
7 167 3FF4F1A6C638D03F
7 168 0
7 169 0
7 170 [2]
7 171 [2]
7 172 0
7 173 5
7 174 
8 175 [4]
$18,3*0
7 176 [2]
8 176 
9 177 5
9 178 0
9 179 [2]
$2*-1
8 176 
9 177 4
9 178 3
9 179 [2]
$2*-1
6 165 
7 166 2
7 167 4018
7 168 0
7 169 0
7 170 [2]
7 171 [2]
7 172 0
7 173 6
7 174 
8 175 [4]
$18,3*0
7 176 [2]
8 176 
9 177 5
9 178 0
9 179 [2]
$2*4
8 176 
9 177 3
9 178 1
9 179 [2]
$7,0
6 165 
7 166 10
7 167 400F6A7A2955385E
7 168 0
7 169 0
7 170 [2]
7 171 [2]
7 172 0
7 173 7
7 174 
8 175 [4]
$18,3*0
7 176 [2]
8 176 
9 177 4
9 178 4
9 179 [2]
$2*-1
8 176 
9 177 3
9 178 3
9 179 [2]
$2*-1
6 165 
7 166 3
7 167 3FD
7 168 0
7 169 0
7 170 [2]
7 171 [2]
7 172 0
7 173 8
7 174 
8 175 [4]
$18,3*0
7 176 [2]
8 176 
9 177 6
9 178 -1
9 179 [2]
$2*-1
8 176 
9 177 -1
9 178 -1
9 179 [2]
$2*-1
6 165 
7 166 3
7 167 3FF
7 168 0
7 169 0
7 170 [2]
7 171 [2]
7 172 0
7 173 9
7 174 
8 175 [4]
$18,3*0
7 176 [2]
8 176 
9 177 7
9 178 -1
9 179 [2]
$2*-1
8 176 
9 177 -1
9 178 -1
9 179 [2]
$2*-1
@relat_ptr 180 0
5 180 [17]
6 180 
@id 181 1
7 181 -1
@used 182 1
7 182 0
@a 183 1
7 183 [4]
$7,0,2*-1
@b 184 1
7 184 [4]
$4*0
@c 185 2
7 185 [4]
$3FF,BFF,2*3FF
@sign 186 1
7 186 0
@idim 187 1
7 187 0
@type 188 1
7 188 0
6 180 
7 181 -1
7 182 0
7 183 [4]
$7,0,2*-1
7 184 [4]
$2*1,2*0
7 185 [4]
$3FF,BFF,2*3FF
7 186 1
7 187 0
7 188 0
6 180 
7 181 -1
7 182 0
7 183 [4]
$2,7,2*-1
7 184 [4]
$4*0
7 185 [4]
$3FF,BFF,2*3FF
7 186 -1
7 187 2
7 188 0
6 180 
7 181 -1
7 182 8
7 183 [4]
$0,5,2*-1
7 184 [4]
$-1,2*1,-1
7 185 [4]
$2*3FF,0,3FF
7 186 1
7 187 3
7 188 1
6 180 
7 181 -1
7 182 0
7 183 [4]
$6,7,2*-1
7 184 [4]
$4*0
7 185 [4]
$3FF,BFF,2*3FF
7 186 -1
7 187 4
7 188 0
6 180 
7 181 -1
7 182 9
7 183 [4]
$5,4,2*-1
7 184 [4]
$-1,2*1,-1
7 185 [4]
$0,3FF,2*BFF
7 186 1
7 187 5
7 188 1
6 180 
7 181 -1
7 182 2
7 183 [4]
$6,7,6,7
7 184 [4]
$2*0,2*1
7 185 [4]
$3FF,2*BFF,3FF
7 186 5
7 187 -1
7 188 9
6 180 
7 181 -1
7 182 0
7 183 [4]
$4,7,2*-1
7 184 [4]
$4*0
7 185 [4]
$3FF,BFF,2*3FF
7 186 -1
7 187 6
7 188 0
6 180 
7 181 -1
7 182 0
7 183 [4]
$3,4,2*-1
7 184 [4]
$4*0
7 185 [4]
$3FF,BFF,2*3FF
7 186 -1
7 187 1
7 188 0
6 180 
7 181 -1
7 182 9
7 183 [4]
$4,3,2*-1
7 184 [4]
$-1,2*1,-1
7 185 [4]
$3*BFF,3FF
7 186 1
7 187 7
7 188 1
6 180 
7 181 -1
7 182 0
7 183 [4]
$4*0
7 184 [4]
$4*0
7 185 [4]
$4*3FF
7 186 1
7 187 8
7 188 14
6 180 
7 181 -1
7 182 2
7 183 [4]
$6,7,5,0
7 184 [4]
$8,4,2*0
7 185 [4]
$BFF,3FF,4008,3FF
7 186 -1
7 187 0
7 188 5
6 180 
7 181 -1
7 182 10
7 183 [4]
$5,4,6,0
7 184 [4]
$8,3,2*0
7 185 [4]
$2*3FF,4008,3FF
7 186 1
7 187 0
7 188 5
6 180 
7 181 -1
7 182 2
7 183 [4]
$4,5,4,5
7 184 [4]
$2*0,2*1
7 185 [4]
$3FF,2*BFF,3FF
7 186 -4
7 187 -1
7 188 9
6 180 
7 181 -1
7 182 0
7 183 [4]
$3,4,2*-1
7 184 [4]
$2*1,2*0
7 185 [4]
$3FF,BFF,2*3FF
7 186 0
7 187 0
7 188 0
6 180 
7 181 -1
7 182 0
7 183 [4]
$1,3*0
7 184 [4]
$4*0
7 185 [4]
$4*3FF
7 186 1
7 187 9
7 188 14
6 180 
7 181 -1
7 182 16
7 183 [4]
$4*0
7 184 [4]
$4*0
7 185 [4]
$4*3FF
7 186 1
7 187 -1
7 188 24
@formula_ptr 189 1
5 189 [17]
$0,1,2,3,4,5,6,7,8,9,10,11,12,13,14,15,16
@qind 190 1
5 190 0
@anchor 191 0
5 191 NULL
@totalpointid 192 1
5 192 10
@checkarcs_flag 193 1
5 193 1
@location 194 0
5 194 ->
@id 195 1
6 195 0
@param 196 2
6 196 0
@type 197 1
6 197 0
@nsket_info 198 0
5 198 ->
@var_arr 199 0
6 199 [16]
7 199 
@type 200 5
8 200 5
@key 201 5
8 201 9
@value 202 2
8 202 BFF921FB54442D18
@guess 203 2
8 203 BFF921FB54442D18
@known 204 7
8 204 1
@homogeneity 205 7
8 205 0
@uvar_id 206 5
8 206 0
7 199 
8 200 1
8 201 0
8 202 0
8 203 0
8 204 1
8 205 1
8 206 0
7 199 
8 200 2
8 201 0
8 202 0
8 203 0
8 204 1
8 205 1
8 206 0
7 199 
8 200 1
8 201 1
8 202 400AAA96B49CF5CR
8 203 400E43EE20F6D0C5
8 204 0
8 205 1
8 206 0
7 199 
8 200 2
8 201 1
8 202 3FE2CED8DAFB8CD7
8 203 3FF0381A703CD5BA
8 204 0
8 205 1
8 206 1
7 199 
8 200 4
8 201 2
8 202 3FC657184AE7448R
8 203 3FD0C152382D7368
8 204 1
8 205 0
8 206 0
7 199 
8 200 1
8 201 2
8 202 4010A3D70A3D70A4
8 203 4010A3D70A3D70A4
8 204 1
8 205 1
8 206 0
7 199 
8 200 2
8 201 2
8 202 3FD70E5B59A5CD95
8 203 3FED345404CA8D1B
8 204 0
8 205 1
8 206 2
7 199 
8 200 1
8 201 3
8 202 401C
8 203 401C
8 204 1
8 205 1
8 206 0
7 199 
8 200 2
8 201 3
8 202 C000B5D70D3B10E2
8 203 BFFEE098CDB2A89E
8 204 1
8 205 1
8 206 0
7 199 
8 200 4
8 201 3
8 202 4016494A1CA36EBR
8 203 4015FD49EC5E79C4
8 204 0
8 205 0
8 206 3
7 199 
8 200 3
8 201 1
8 202 3FF
8 203 3FD8F5C28F5C28F6
8 204 1
8 205 1
8 206 0
7 199 
8 200 1
8 201 9
8 202 400C0E385C7DAD04
8 203 400F12A77599D2B1
8 204 0
8 205 1
8 206 4
7 199 
8 200 2
8 201 9
8 202 BFD96965630B1E81
8 203 3FE462307F8DF04C
8 204 0
8 205 1
8 206 5
7 199 
8 200 6
8 201 2
8 202 3FEB7E6CEB826745
8 203 3FE91E6B695ABF8F
8 204 0
8 205 0
8 206 6
7 199 
8 200 6
8 201 3
8 202 3FFBECDE5DA115A8
8 203 3FFD524FE24F89F4
8 204 0
8 205 0
8 206 7
@eqtn_arr 207 0
6 207 [6]
7 207 
@id 208 1
8 208 -1
@fcn_id 209 5
8 209 0
@arg_arr 210 5
8 210 [6]
$12,13,6,7,11,14
@aux_data 211 1
8 211 -1
7 207 
8 208 -1
8 209 0
8 210 [6]
$12,13,3,4,11,15
8 211 -1
7 207 
8 208 -1
8 209 4
8 210 [5]
$1,2,3,4,5
8 211 -1
7 207 
8 208 -1
8 209 4
8 210 [5]
$6,7,8,9,10
8 211 -1
7 207 
8 208 -1
8 209 5
8 210 [3]
$10,14,0
8 211 -1
7 207 
8 208 -1
8 209 5
8 210 [3]
$5,15,0
8 211 -1
@scale 212 2
6 212 4002434A9B101769
@scales 213 2
6 213 [2]
$4002434A9B101769,40026C405D9F7391
@guesses 214 2
6 214 [32]
$BFF921FB54442D18,2*0,400E43EE20F6D0C5,3FF0381A703CD5BA,3FD0C152382D7368,
$4010A3D70A3D70A4,3FED345404CA8D1B,401C,BFFEE098CDB2A89E,4015FD49EC5E79C4,
$3FD8F5C28F5C28F6,400F12A77599D2B1,3FE462307F8DF04C,3FE91E6B695ABF8F,
$3FFD524FE24F89F4,BFF921FB54442D18,2*0,400AAA96B49CF5CR,3FE2CED8DAFB8CD7,
$3FC657184AE7448R,4010A3D70A3D70A4,3FD70E5B59A5CD95,401C,C000B5D70D3B10E2,
$4016494A1CA36EBR,3FF,400C0E385C7DAD04,BFD96965630B1E81,3FEB7E6CEB826745,
$3FFBECDE5DA115A8
@m 215 1
6 215 8
@last_was_permanent 216 1
6 216 0
@unsolved_ptr 217 0
5 217 ->
@iges_file 218 10
6 218 NULL
@solve_version 219 1
5 219 1
@segdscr_tab 220 0
5 220 [8]
6 220 
@ent_mode 221 1
7 221 0
6 220 
7 221 0
6 220 
7 221 0
6 220 
7 221 0
6 220 
7 221 0
6 220 
7 221 0
6 220 
7 221 0
6 220 
7 221 0
@order_ptr 222 0
4 222 [8]
5 222 
@id 223 1
6 223 0
@flip 224 1
6 224 34
5 222 
6 223 7
6 224 1
5 222 
6 223 1
6 224 0
5 222 
6 223 2
6 224 0
5 222 
6 223 3
6 224 0
5 222 
6 223 6
6 224 0
5 222 
6 223 4
6 224 0
5 222 
6 223 5
6 224 4
@dim_id_tab 225 1
4 225 [10]
$0,1,2,3,4,5,6,7,8,9
@attributes 226 1
4 226 0
@xsec_id 227 1
4 227 -1
@gsec_info_arr 228 0
4 228 [1]
5 228 
@application_type 229 1
6 229 2
@application_id 230 1
6 230 -100
@secsolve_revnum 231 1
4 231 0
@rel_accuracy 232 2
4 232 BFF
@cr_flags 233 1
4 233 57
@p_saved_result 234 0
4 234 ->
@entity(line) 235 0
5 235 ->
@id 236 1
6 236 0
@gen_info 237 0
6 237 
@end1 238 2
6 238 [3]
$3*0
@end2 239 2
6 239 [3]
$400AAA96B49CF5CR,3FE2CED8DAFB8CD7,0
5 235 ->
6 236 1
6 237 
6 238 [3]
$4010A3D70A3D70A4,3FD70E5B59A5CD95,0
6 239 [3]
$401C,C000B5D70D3B10E2,0
5 235 ->
6 236 2
6 237 
6 238 [3]
$401C,C000B5D70D3B10E2,0
6 239 [3]
$4018,C000B5D70D3B10E2,0
5 235 ->
6 236 3
6 237 
6 238 [3]
$4018,C000B5D70D3B10E2,0
6 239 [3]
$4007329868EDDFE2,BFD320139572D47C,0
5 235 ->
6 236 4
6 237 
6 238 [3]
$4005AE147AE147AE,BFD186E265FA9B4E,0
6 239 [3]
$0,BFF,0
5 235 ->
6 236 5
6 237 
6 238 [3]
$0,BFF,0
6 239 [3]
$3*0
@entity(arc) 240 0
5 240 ->
@id 241 1
6 241 6
@gen_info 242 0
6 242 
@center 243 2
6 243 [3]
$4006329868EDDFE2,BFE07DA884CF7D68,0
@radius 244 2
6 244 3FD
@end1 245 2
6 245 [3]
$4007329868EDDFE2,BFD320139572D47C,0
@end2 246 2
6 246 [3]
$4005AE147AE147AE,BFD186E265FA9B4E,0
@t0 247 2
6 247 3FF0C152382D7365
@t1 248 2
6 248 3FFD524FE24F89F
5 240 ->
6 241 7
6 242 
6 243 [3]
$400C0E385C7DAD04,BFD96965630B1E81,0
6 244 3FF
6 245 [3]
$4010A3D70A3D70A4,3FD70E5B59A5CD95,0
6 246 [3]
$400AAA96B49CF5CR,3FE2CED8DAFB8CD7,0
6 247 3FEB7E6CEB826746
6 248 3FFBECDE5DA115A8
@local_sys 249 2
5 249 [4][3]
$3FF,2*0
$0,3FF,0
$2*0,3FF
$3*0
@cond_tbl_idx 250 1
2 250 -1
@comment 251 10
2 251 NULL
@merge_info_ptr 252 0
2 252 NULL
@topology_increment 253 0
2 253 ->
@crv_type 254 0
3 254 [24]
4 254 
@p_crv 255 1
5 255 3
@crv_type 256 1
5 256 7
4 254 
5 255 4
5 256 7
4 254 
5 255 5
5 256 7
4 254 
5 255 6
5 256 7
4 254 
5 255 7
5 256 7
4 254 
5 255 8
5 256 7
4 254 
5 255 9
5 256 7
4 254 
5 255 10
5 256 7
4 254 
5 255 12
5 256 7
4 254 
5 255 13
5 256 7
4 254 
5 255 14
5 256 7
4 254 
5 255 15
5 256 7
4 254 
5 255 16
5 256 7
4 254 
5 255 17
5 256 7
4 254 
5 255 18
5 256 7
4 254 
5 255 19
5 256 7
4 254 
5 255 21
5 256 7
4 254 
5 255 23
5 256 7
4 254 
5 255 25
5 256 7
4 254 
5 255 27
5 256 7
4 254 
5 255 29
5 256 7
4 254 
5 255 31
5 256 7
4 254 
5 255 33
5 256 7
4 254 
5 255 35
5 256 7
@first_geom 257 1
3 257 0
@first_quilt 258 1
3 258 0
@outline 259 2
3 259 [2][3]
$3*0
$3*0
@max_part_size 260 2
3 260 0
@xform_increment 261 0
3 261 NULL
@roll_back_id 262 1
3 262 -1
@state_ind 263 1
2 263 -1
@alumni_info 264 0
2 264 NULL
@revnum 265 1
2 265 8
@rev_rec 266 0
2 266 ->
@num_plins 267 1
3 267 1
@expl_state_ref 268 0
2 268 NULL
@next_feat_ptr 269 0
1 269 ->
2 53 36
2 54 1
2 55 ->
3 56 -1
3 57 931
3 58 NULL
3 59 0
3 60 [3]
$3*0
3 61 0
3 62 -1
3 63 -1
3 64 ->
4 65 0
4 66 0
4 67 -1
4 68 -1
4 69 -1
4 70 -1
4 71 0
4 72 0
4 73 0
4 74 32
3 75 0
2 76 -1
2 77 D
2 78 2
@entity(point) 270 0
2 270 ->
@type 271 1
3 271 1
@id 272 1
3 272 37
@gen_info 273 0
3 273 
@color 274 1
4 274 1
@flip 275 1
3 275 1
@pnt 276 2
3 276 [3]
$3*0
@ref_id 277 1
3 277 -1
@feat_id 278 1
3 278 36
@entity(text) 279 0
2 279 ->
@text_type 280 1
3 280 33
@text_value 281 10
3 281 D
@txt_attrib 282 1
3 282 1
@coord 283 2
3 283 [3]
$407258CA79DCB854,4084E60906A5E0F,C068615647946B17
@owner_id 284 1
3 284 36
@part_id 285 1
3 285 1
@height 286 2
3 286 BFF
@width_factor 287 2
3 287 BFF
@format_info 288 0
3 288 
@thickness 289 2
3 289 BFF
2 79 ->
@misc_id_tab 290 0
3 290 [1]
4 290 
@misc_hist 291 1
5 291 [5]
$37,532,0,-1,500
3 82 NULL
3 84 [24]
$3*-1,-2049,2*-1,-16777217,3*-1,-536870913,-1,-1126176897,-2,-2097185,
$-2097665,-1,-1073741843,-1,-1073741825,-257,-261121,-1,25952255
3 85 NULL
3 86 ->
4 87 170020
4 88 170020
2 89 
2 121 NULL
2 122 ->
2 123 ->
3 124 [4][3]
$BFF,2*0
$0,3FF,0
$2*0,BFF
$3*0
3 125 [1]
4 125 ->
5 126 804
5 127 3FF
5 128 -1
5 129 0
5 130 9
5 131 -1
5 132 1
5 133 0
@memb_id_tab1 292 1
5 292 [1]
6 292 1
5 134 1573376
5 135 [1]
6 135 ->
7 136 6
7 137 ->
8 138 [1]
9 138 -100
3 139 0
3 140 0
3 141 [1]
4 141 
5 142 7
5 143 0
5 144 [4][3]
$BFF,2*0
$0,3FF,0
$2*0,BFF
$3*0
2 145 NULL
2 146 -1
2 250 -1
2 251 NULL
2 252 NULL
2 253 ->
3 257 2
3 258 0
3 259 [2][3]
$0,C000B5D70D3B10E2,0
$401C,3FE34B4F8419CE54,3FF
3 260 401E43A7FB6D89EC
3 261 NULL
3 262 -1
2 263 -1
2 264 NULL
2 265 0
2 266 ->
@revnums 293 0
3 293 [2]
4 293 ->
@owner_type 294 1
5 294 3
@owner_ind 295 1
5 295 -1
@ref_id 296 1
5 296 -1
@ref_revnum 297 1
5 297 -1
@memb_tab_revnums 298 1
5 298 [1]
6 298 0
4 293 ->
5 294 1
5 295 -1
5 296 0
5 297 1
5 298 [1]
6 298 0
3 267 1
2 268 NULL
1 269 ->
2 53 42
2 54 1
2 55 ->
3 56 -1
3 57 949
3 58 NULL
3 59 0
3 60 [3]
$3*0
3 61 0
3 62 991
3 63 -1
3 64 ->
4 65 0
4 66 0
4 67 -1
4 68 -1
4 69 -1
4 70 -1
4 71 0
4 72 0
4 73 0
4 74 8
3 75 0
2 76 -1
2 77 no_name
2 78 2
@entity(compcrv) 299 0
2 299 ->
@type 300 1
3 300 41
@id 301 1
3 301 43
@gen_info 302 0
3 302 
@always_1 303 1
3 303 1
@comprefs 304 0
3 304 [1]
4 304 
@component_ptr 305 1
5 305 44
@component_flip 306 1
5 306 1
@copied 307 1
5 307 1
@closed 308 1
3 308 0
@attributes 309 1
3 309 1
@entity(spline) 310 0
2 310 ->
@type 311 1
3 311 12
@id 312 1
3 312 44
@gen_info 313 0
3 313 
4 274 13
@flip 314 1
3 314 1
@tan_cond 315 1
3 315 0
@i_pnts 316 2
3 316 [2][3]
$4018,C000B5D70D3B10E2,3FF
$4018,C000B5D70D3B10E2,0
@tangts 317 2
3 317 [2][3]
$2*0,BFF
$2*0,BFF
@params 318 2
3 318 [2]
$0,3FF
2 79 ->
3 290 [2]
4 290 
5 291 [5]
$43,550,-1,0,500
4 290 
5 291 [5]
$44,533,0,-1,500
3 82 NULL
3 84 [24]
$3*-1,-2049,2*-1,-16777217,3*-1,-536870913,-1,-1126172801,-2,-2097185,
$-2097665,-1,-1073741843,-1,-1073741825,-257,-261121,-1,25952255
3 85 NULL
3 86 ->
4 87 170020
4 88 170020
2 89 
2 121 NULL
2 122 ->
2 123 ->
3 124 [4][3]
$3FF,2*0
$0,3FF,0
$2*0,3FF
$3*0
3 125 [2]
4 125 ->
5 126 937
5 127 0
5 128 -1
5 129 -1
5 130 15
5 131 -1
5 132 0
5 133 0
5 134 0
5 135 [2]
6 135 ->
7 136 1
@data(plin_info_ref) 319 0
7 319 ->
@id_type1 320 1
8 320 72
@id_type2 321 1
8 321 -4
@offset2 322 2
8 322 0
6 135 ->
7 136 6
7 137 ->
8 138 [1]
9 138 301
4 125 ->
5 126 937
5 127 0
5 128 -1
5 129 -1
5 130 6
5 131 -1
5 132 0
5 133 0
5 134 0
5 135 [2]
6 135 ->
7 136 1
7 319 ->
8 320 72
8 321 -4
8 322 0
6 135 ->
7 136 6
7 137 ->
8 138 [1]
9 138 301
3 139 -1
3 140 0
2 145 NULL
2 146 -1
2 250 -1
2 251 NULL
2 252 NULL
@parent_table 323 1
2 323 [1]
3 323 1
2 253 ->
3 257 2
3 258 0
3 259 [2][3]
$0,C000B5D70D3B10E2,0
$401C,3FE34B4F8419CE54,3FF
3 260 401E43A7FB6D89EC
3 261 NULL
3 262 -1
2 263 -1
2 264 NULL
2 265 7
2 266 ->
3 267 2
2 268 NULL
1 269 ->
2 53 46
2 54 1
2 55 ->
3 56 -1
3 57 931
3 58 NULL
3 59 0
3 60 [3]
$3*0
3 61 0
3 62 -1
3 63 -1
3 64 ->
4 65 0
4 66 0
4 67 -1
4 68 -1
4 69 -1
4 70 -1
4 71 0
4 72 0
4 73 0
4 74 512
3 75 0
2 76 -1
2 77 GRIP
2 78 2
2 270 ->
3 271 1
3 272 47
3 273 
4 274 1
3 275 1
3 276 [3]
$4018,C000B5D70D3B10E2,3FE
3 277 -1
3 278 46
2 279 ->
3 280 33
3 281 GRIP
3 282 1
3 283 [3]
$4085918C10E6E22D,4066F31E105C7D9E,40507869B59D9C42
3 284 46
3 285 1
3 286 BFF
3 287 BFF
3 288 
3 289 BFF
2 79 ->
3 290 [1]
4 290 
5 291 [5]
$47,532,0,-1,500
3 82 NULL
3 84 [24]
$3*-1,-2049,2*-1,-16777217,3*-1,-536870913,-1,-1126176897,-2,-2097185,
$-2097665,-1,-1073741843,-1,-1073741825,-257,-261121,-1,25952255
3 85 NULL
3 86 ->
4 87 170020
4 88 170020
2 89 
2 121 NULL
2 122 ->
2 123 ->
3 124 [4][3]
$BFF,2*0
$0,3FF,0
$2*0,BFF
$4018,C000B5D70D3B10E2,3FE
3 125 [1]
4 125 ->
5 126 821
5 127 0
5 128 11
5 129 -1
5 130 43
5 131 -1
5 132 0
5 133 0
5 134 1572864
5 135 [1]
6 135 ->
7 136 6
7 137 ->
8 138 [1]
9 138 -100
3 139 -1
3 140 0
3 141 [1]
4 141 
5 142 7
5 143 0
5 144 [4][3]
$BFF,2*0
$0,3FF,0
$2*0,BFF
$4018,C000B5D70D3B10E2,3FE
2 145 NULL
2 146 -1
2 250 -1
2 251 NULL
2 252 NULL
2 323 [1]
3 323 42
2 253 ->
3 257 2
3 258 0
3 259 [2][3]
$0,C000B5D70D3B10E2,0
$401C,3FE34B4F8419CE54,3FF
3 260 401E43A7FB6D89EC
3 261 NULL
3 262 -1
2 263 -1
2 264 NULL
2 265 5
2 266 ->
3 267 1
2 268 NULL
1 269 NULL
@assem_mass_prop_ptr 324 0
1 324 NULL
@mass_prop_ptr 325 0
1 325 ->
@type 326 1
2 326 0
@density 327 2
2 327 3FF
@init_dens 328 5
2 328 1
@rel_density 329 2
2 329 0
@init_rel_dens 330 5
2 330 0
@aver_density 331 2
2 331 3FF
@vrevnum 332 1
2 332 11162
@volume 333 2
2 333 401A298A5A08A75D
@cg 334 2
2 334 [3]
$400AEED998641016,BFE051A7EC1B83EC,3FE
@inertia 335 2
2 335 [3][3]
$4058050950981173,C02FC7A357C5C8E4,40260507446DFB05
$C02FC7A357C5C8E4,40116FB5AFEAEB49,BFFAAF0F3A16356R
$40260507446DFB05,BFFAAF0F3A16356R,40017106E6ABC742
@eps 336 2
2 336 3EE4F8B588E368F1
@surfarea 337 2
2 337 403DAF19217F73AE
@assign_mp_ptr 338 0
1 338 NULL
@tol_default_ptr 339 0
1 339 ->
@type 340 1
2 340 10
@value 341 2
2 341 [7]
$0,3FB9R,3F847AE147AE147B,3F50624DD2F1A9FC,3F1A36E2EB1C432D,
$3EE4F8B588E368F1,3EB0C6F7A0B5ED8E
@ang_value 342 2
2 342 [7]
$0,6*3FE
@standard 343 1
2 343 0
@iso_tol_tbls_ptr 344 0
2 344 NULL
@ref_part_table 345 0
1 345 [1]
2 345 ->
@name 346 10
3 346 ROBOT
@id 347 1
3 347 0
@type 348 1
3 348 1
@revnum 349 1
3 349 -1
@memb_id_tab 350 1
3 350 [1]
4 350 3
@dep_id 351 1
3 351 -1
@attributes 352 1
3 352 0
@simpl_rep 353 0
3 353 NULL
@first_xsec_ptr 354 0
1 354 NULL
@datum_count 355 1
1 355 0
@axis_count 356 1
1 356 0
@insert_layer_id 357 1
1 357 -1
@layer_count 358 1
1 358 1
@layer_list 359 0
1 359 [4]
2 359 
@feat_id 360 1
3 360 1
@layer_id 361 1
3 361 0
@back_layer_id 362 1
3 362 0
2 359 
3 360 36
3 361 0
3 362 0
2 359 
3 360 42
3 361 0
3 362 0
2 359 
3 360 46
3 361 0
3 362 0
@lang_ptr 363 0
1 363 ->
@interact_on 364 1
2 364 -1
@first_csys_ptr 365 0
1 365 NULL
@color_prop_ptr 366 0
1 366 ->
@color_tab 367 0
2 367 [1]
3 367 
@maximum 368 2
4 368 [3]
$3FD6R,3FF,3FD3D70A3D70A3D7
@ambient 369 2
4 369 3FECR
@diffuse 370 2
4 370 3FECR
@specular 371 2
4 371 3FE9R
@spec_coef 372 2
4 372 3FE
@transmission 373 2
4 373 0
@threshold 374 1
4 374 90
@gl_ind 375 1
4 375 0
@highlight 376 2
4 376 [3]
$3*3FF
@reflection 377 2
4 377 3FECR
@bump_height 378 2
4 378 3FF
@bump 379 3
4 379 NULL
@decal_intensity 380 2
4 380 4059
@decal 381 3
4 381 NULL
@texture 382 3
4 382 NULL
@surf_ind_tab 383 0
2 383 [1]
3 383 
@surf_id 384 1
4 384 -1
@surf_color_inds 385 1
4 385 [2]
$0,-1
@surf_pl 386 0
4 386 [2]
5 386 
@placement_ptr 387 0
6 387 NULL
5 386 
6 387 NULL
@user_attr 388 0
1 388 [16]
2 388 
@prim_type 389 1
3 389 0
@type 390 10
3 390 4999
@key 391 1
3 391 1
@format 392 1
3 392 3
@data(str_data) 393 10
3 393 effector
2 388 
3 389 0
3 390 5000
3 391 1
3 392 3
3 393 2
2 388 
3 389 0
3 390 4998
3 391 1
3 392 3
3 393 100
2 388 
3 389 0
3 390 5002
3 391 1
3 392 3
3 393 3
2 388 
3 389 0
3 390 5003
3 391 1
3 392 3
3 393 inner_rad 0.500000 1
2 388 
3 389 0
3 390 5004
3 391 1
3 392 3
3 393 -1 -1 8 2 8 -1 inner_rad 0.250000 1.250000 0.250000 1
2 388 
3 389 0
3 390 5005
3 391 1
3 392 3
3 393 -1 -1 24 2 5 -1 
2 388 
3 389 0
3 390 5006
3 391 1
3 392 3
3 393 outer_rad 0.500000 1
2 388 
3 389 0
3 390 5007
3 391 1
3 392 3
3 393 -1 -1 9 2 8 -1 outer_rad 1.000000 2.000000 1.000000 1
2 388 
3 389 0
3 390 5008
3 391 1
3 392 3
3 393 -1 -1 32 2 5 -1 
2 388 
3 389 0
3 390 5009
3 391 1
3 392 3
3 393 width 0.500000 1
2 388 
3 389 0
3 390 5010
3 391 1
3 392 3
3 393 -1 -1 10 2 8 -1 width 0.500000 1.500000 1.000000 1
2 388 
3 389 0
3 390 5011
3 391 1
3 392 3
3 393 -1 -1 20 2 5 -1 
2 388 
3 389 0
3 390 5012
3 391 1
3 392 3
3 393 length 0.160000 1
2 388 
3 389 0
3 390 5013
3 391 1
3 392 3
3 393 -1 -1 2 2 8 -1 length 4.000000 5.000000 4.160000 1
2 388 
3 389 0
3 390 5014
3 391 1
3 392 3
3 393 -1 -1 34 2 5 -1 
@fem_data 394 0
1 394 ->
@fem_layer_id 395 1
2 395 -1
@fem_mesh_revnum 396 1
2 396 -1
@fem_constr_revnum 397 1
2 397 -1
@p_user_fem_data 398 0
2 398 ->
@user_shell_model_ptr 399 0
3 399 NULL
@constr_case_ptr 400 0
3 400 [2]
4 400 
@valid 401 1
5 401 1
@case_name 402 10
5 402 _solid_msh_cntrl
@con_case_id 403 1
5 403 0
@max_constr_id 404 1
5 404 -1
4 400 
5 401 1
5 402 _shell_msh_cntrl
5 403 1
5 404 -1
@p_partition_info 405 0
3 405 NULL
@mirr_geom_ids 406 1
3 406 [3]
$3*-1
@user_qlt_shl_model_arr 407 0
3 407 
@default_contact_type 408 1
3 408 4
@merged_solid_ref_data 409 1
3 409 0
@p_internal_fem_data 410 0
2 410 ->
@rel_part_eps 411 2
1 411 3F53A92A30553261
@model_eps 412 2
1 412 0
@fixed_model_eps 413 1
1 413 0
@names_table 414 0
1 414 [2]
2 414 ->
@id 415 1
3 415 37
@type 416 1
3 416 66
@name 417 10
3 417 D
2 414 ->
3 415 47
3 416 66
3 417 GRIP
@drv_tbl_ptr 418 0
1 418 NULL
@assembled_count 419 1
1 419 0
@part_type 420 1
1 420 1
@mat_name_ptr 421 10
1 421 NULL
@first_ent_id 422 1
1 422 525565
@first_view_id 423 1
1 423 0
@outline 424 2
1 424 [2][3]
$0,C000B5D70D3B10E2,0
$401C,3FE34B4F8419CE54,3FF
@dim_num 425 1
1 425 12
@dim_array 426 0
1 426 [12]
2 426 ->
@type 427 1
3 427 8
@dim_type 428 1
3 428 1
@feat_id 429 1
3 429 1
@attributes 430 1
3 430 289
@dim_dat_ptr 431 0
3 431 ->
@value 432 2
4 432 3FF
@bck_value 433 2
4 433 3FF
@tol_ptr 434 0
4 434 ->
@type 435 1
5 435 9
@tol_type 436 1
5 436 3
@dual_digits_diff 437 1
5 437 999
@value 438 2
5 438 [2]
$2*3F847AE147AE147B
@nominal_value 439 2
4 439 3FF
@bound 440 1
4 440 20
@bck_bound 441 1
4 441 -1
@bck_tol_ptr 442 0
4 442 ->
@value 443 2
5 443 [2]
$2*3F847AE147AE147B
@datum_def_id 444 1
4 444 -1
@places_denom 445 1
4 445 2
@bck_places_denom 446 1
4 446 2
@dim_data_attrib 447 1
4 447 0
@dim_cosm_ptr 448 0
3 448 ->
@d0 449 2
4 449 C0451B4019BE552
@d1 450 2
4 450 3FE06506F51EF17
@d2 451 2
4 451 3FDFC265557237AR
@d3 452 2
4 452 403B1EDB6DB6DB6E
@ord_info 453 0
4 453 NULL
@attach_ptr 454 0
3 454 NULL
@dim_text_ptr 455 0
3 455 ->
@symbol 456 10
4 456 d0
@parent_dim_id 457 1
3 457 -1
2 426 ->
3 427 8
3 428 1
3 429 1
3 430 289
3 431 ->
4 432 3FF
4 433 3FF
4 434 ->
5 435 9
5 436 3
5 437 999
5 438 [2]
$2*3F847AE147AE147B
4 439 3FF
4 440 20
4 441 -1
4 442 ->
5 443 [2]
$2*3F847AE147AE147B
4 444 -1
4 445 2
4 446 2
4 447 0
3 448 ->
4 449 3FE8D7BC07635EF
4 450 C048DBD407908665
4 451 3FE281E9131ABF0B
4 452 403B1EDB6DB6DB6E
4 453 NULL
3 454 NULL
3 455 ->
4 456 d1
3 457 -1
2 426 ->
3 427 8
3 428 2
3 429 1
3 430 289
3 431 ->
4 432 4010A3D70A3D70A4
4 433 4010A3D70A3D70A4
4 434 ->
5 435 9
5 436 3
5 437 999
5 438 [2]
$2*3F847AE147AE147B
4 439 4010A3D70A3D70A4
4 440 20
4 441 -1
4 442 ->
5 443 [2]
$2*3F847AE147AE147B
4 444 -1
4 445 2
4 446 2
4 447 0
3 448 ->
4 449 3FD612786D5849E2
4 450 40640F11DF6CA5B9
4 451 3FE437800D8EAB62
4 452 403B1EDB6DB6DB6E
4 453 NULL
3 454 NULL
3 455 ->
4 456 name
3 457 -1
2 426 ->
3 427 8
3 428 10
3 429 1
3 430 289
3 431 ->
4 432 4059
4 433 4059
4 434 ->
5 435 9
5 436 3
5 437 999
5 438 [2]
$2*3FE
4 439 4059
4 440 20
4 441 -1
4 442 ->
5 443 [2]
$2*3FE
4 444 -1
4 445 2
4 446 2
4 447 0
3 448 ->
4 449 4040634E53CCE797
4 450 BFF
4 451 3FD9BA308A7EB52D
4 452 0
4 453 NULL
3 454 NULL
3 455 ->
4 456 d3
3 457 -1
2 426 ->
3 427 8
3 428 2
3 429 1
3 430 289
3 431 ->
4 432 4005AE147AE147AE
4 433 4005AE147AE147AE
4 434 ->
5 435 9
5 436 3
5 437 999
5 438 [2]
$2*3F847AE147AE147B
4 439 4005AE147AE147AE
4 440 20
4 441 -1
4 442 ->
5 443 [2]
$2*3F847AE147AE147B
4 444 -1
4 445 2
4 446 2
4 447 0
3 448 ->
4 449 3FCD5E32FA7578CD
4 450 C0506A873077978B
4 451 3FDFF3ECC8CE522C
4 452 403B1EDB6DB6DB6E
4 453 NULL
3 454 NULL
3 455 ->
4 456 d4
3 457 -1
2 426 ->
3 427 8
3 428 10
3 429 1
3 430 289
3 431 ->
4 432 4052C
4 433 4052C
4 434 ->
5 435 9
5 436 3
5 437 999
5 438 [2]
$2*3FE
4 439 4052C
4 440 20
4 441 -1
4 442 ->
5 443 [2]
$2*3FE
4 444 -1
4 445 2
4 446 2
4 447 0
3 448 ->
4 449 4049C2242BC1217F
4 450 BFF
4 451 3FD4F18AF499A175
4 452 0
4 453 NULL
3 454 NULL
3 455 ->
4 456 d5
3 457 -1
2 426 ->
3 427 8
3 428 2
3 429 1
3 430 289
3 431 ->
4 432 4018
4 433 4018
4 434 ->
5 435 9
5 436 3
5 437 999
5 438 [2]
$2*3F847AE147AE147B
4 439 4018
4 440 20
4 441 -1
4 442 ->
5 443 [2]
$2*3F847AE147AE147B
4 444 -1
4 445 2
4 446 2
4 447 0
3 448 ->
4 449 3FEB6DB6DB6DB6DE
4 450 C064562CB59594R
4 451 3FE2990840FAFEC5
4 452 403B1EDB6DB6DB6E
4 453 NULL
3 454 NULL
3 455 ->
4 456 d6
3 457 -1
2 426 ->
3 427 8
3 428 10
3 429 1
3 430 289
3 431 ->
4 432 406C2
4 433 406C2
4 434 ->
5 435 9
5 436 3
5 437 999
5 438 [2]
$2*3FE
4 439 406C2
4 440 20
4 441 -1
4 442 ->
5 443 [2]
$2*3FE
4 444 -1
4 445 2
4 446 2
4 447 0
3 448 ->
4 449 4039E0AE139AB6C7
4 450 BFF
4 451 3FD863DC22F57262
4 452 0
4 453 NULL
3 454 NULL
3 455 ->
4 456 d7
3 457 -1
2 426 ->
3 427 8
3 428 3
3 429 1
3 430 289
3 431 ->
4 432 3FD
4 433 3FD
4 434 ->
5 435 9
5 436 3
5 437 999
5 438 [2]
$2*3F847AE147AE147B
4 439 3FD
4 440 20
4 441 -1
4 442 ->
5 443 [2]
$2*3F847AE147AE147B
4 444 -1
4 445 2
4 446 2
4 447 0
3 448 ->
4 449 3FD
4 450 C0441650BCB278R
4 451 0
4 452 403B1EDB6DB6DB6E
4 453 NULL
3 454 NULL
3 455 ->
4 456 inner_rad
@line_array 458 0
4 458 [1]
5 458 
@text_array 459 0
6 459 [2]
7 459 
@text_type 460 1
8 460 54
@text_value 461 10
8 461 R
@txt_attrib 462 1
8 462 16778240
@owner_id 463 1
8 463 8
@part_id 464 1
8 464 0
@height 465 2
8 465 BFF
@width_factor 466 2
8 466 BFF
@format_info 467 0
8 467 
@thickness 468 2
8 468 BFF
7 459 
8 460 61
8 461 
8 462 16778241
8 463 8
8 464 0
8 465 BFF
8 466 BFF
8 467 
8 468 BFF
3 457 -1
2 426 ->
3 427 8
3 428 3
3 429 1
3 430 289
3 431 ->
4 432 3FF
4 433 3FF
4 434 ->
5 435 9
5 436 3
5 437 999
5 438 [2]
$2*3F847AE147AE147B
4 439 3FF
4 440 20
4 441 -1
4 442 ->
5 443 [2]
$2*3F847AE147AE147B
4 444 -1
4 445 2
4 446 2
4 447 0
3 448 ->
4 449 3FD
4 450 C03B87111E543AB1
4 451 0
4 452 403B1EDB6DB6DB6E
4 453 NULL
3 454 NULL
3 455 ->
4 456 outer_rad
4 458 [1]
5 458 
6 459 [2]
7 459 
8 460 54
8 461 R
8 462 16778240
8 463 9
8 464 0
8 465 BFF
8 466 BFF
8 467 
8 468 BFF
7 459 
8 460 61
8 461 
8 462 16778241
8 463 9
8 464 0
8 465 BFF
8 466 BFF
8 467 
8 468 BFF
3 457 -1
2 426 ->
3 427 8
3 428 62
3 429 1
3 430 385
3 431 ->
4 432 3FF
4 433 3FF
4 434 ->
5 435 9
5 436 3
5 437 999
5 438 [2]
$2*3F847AE147AE147B
4 439 3FF
4 440 20
4 441 -1
4 442 ->
5 443 [2]
$2*3F847AE147AE147B
4 444 -1
4 445 2
4 446 2
4 447 0
3 448 ->
4 449 0
4 450 0
4 451 0
4 452 0
4 453 NULL
3 454 NULL
3 455 ->
4 456 width
3 457 -1
2 426 ->
3 427 8
3 428 37
3 429 46
3 430 257
3 431 ->
4 432 3FE
4 433 3FE
4 434 ->
5 435 9
5 436 4
5 437 999
5 438 [2]
$2*3F50624DD2F1A9FC
4 439 3FE
4 440 20
4 441 -1
4 442 ->
5 443 [2]
$2*3F50624DD2F1A9FC
4 444 -1
4 445 3
4 446 3
4 447 0
3 448 ->
4 449 0
4 450 0
4 451 0
4 452 0
4 453 NULL
3 454 NULL
3 455 ->
4 456 d11
4 458 [1]
5 458 
6 459 [2]
7 459 
8 460 61
8 461 
8 462 1025
8 463 11
8 464 0
8 465 BFF
8 466 BFF
8 467 
8 468 BFF
7 459 
8 460 113
8 461  REL
8 462 1024
8 463 11
8 464 0
8 465 BFF
8 466 BFF
8 467 
8 468 BFF
3 457 -1
@ipar_num 469 1
1 469 0
@relpar_sets 470 0
1 470 [1]
2 470 
@id 471 1
3 471 -1
@type 472 1
3 472 2
@ext_ref_id 473 1
3 473 -1
@param 474 0
3 474 [1]
4 474 
@sym 475 10
5 475 
@value 476 0
5 476 
@type 477 1
6 477 51
@value(s_val) 478 10
6 478 
@bak_value 479 0
5 479 
6 477 51
6 478 
@relatnum 480 1
3 480 0
@unit_arr 481 0
1 481 [2]
2 481 
@type 482 1
3 482 1
@factor 483 2
3 483 3FF
@name 484 10
3 484 INCH
@unit_type 485 1
3 485 0
2 481 
3 482 2
3 483 3FF
3 484 POUND
3 485 1
@geom_lib_ptr 486 0
1 486 NULL
@first_quilt_ptr 487 1
1 487 0
@attrib_array 488 1
1 488 [3]
$0,128,0
@smt_info_ptr 489 0
1 489 NULL
@cable_info_ptr 490 0
1 490 NULL
@comp_info_ptr 491 0
1 491 NULL
@max_part_size 492 2
1 492 401E43A7FB6D89EC
@prt_misc_ptr 493 0
1 493 ->
@shrink_data_ptr 494 0
2 494 NULL
@layer_array 495 0
1 495 [3]
2 495 ->
@id 496 1
3 496 38
@type 497 1
3 497 117
@user_id 498 1
3 498 0
@weird_wline_ptr 499 0
3 499 ->
@weird_wline 500 10
4 500 7_ALL_FEATURES
@layer_objects 501 0
3 501 [4]
4 501 
@type 502 1
5 502 3
@ids 503 1
5 503 [3]
$36,42,46
@lay_solid 504 0
5 504 NULL
4 501 
5 502 66
5 504 NULL
4 501 
5 502 144
5 504 NULL
4 501 
5 502 145
5 504 NULL
@saved_operation 505 1
3 505 1
2 495 ->
3 496 39
3 497 117
3 498 0
3 499 ->
4 500 4_ALL_POINTS
3 501 [4]
4 501 
5 502 3
5 503 [2]
$36,46
5 504 NULL
4 501 
5 502 66
5 504 NULL
4 501 
5 502 144
5 504 NULL
4 501 
5 502 145
5 504 NULL
3 505 1
2 495 ->
3 496 45
3 497 117
3 498 0
3 499 ->
4 500 5_ALL_CURVES
3 501 [4]
4 501 
5 502 3
5 503 [1]
6 503 42
5 504 NULL
4 501 
5 502 66
5 504 NULL
4 501 
5 502 144
5 504 NULL
4 501 
5 502 145
5 504 NULL
3 505 3
@expld_mv_info 506 0
1 506 NULL
@state_info_ptr 507 0
1 507 NULL
@alumni_feats 508 0
1 508 NULL
@model_name 509 10
1 509 EFFECTOR
@p_mdl_grid 510 0
1 510 NULL
@mdl_status_ptr 511 0
1 511 NULL
@appl_info_arr 512 0
1 512 [2]
2 512 
@id 513 1
3 513 -1
@type 514 1
3 514 10
@pro_extobj_appl 515 0
3 515 ->
@type 516 1
4 516 385
2 512 
3 513 -1
3 514 13
@cfg_states 517 0
1 517 NULL
@disp_outl_info 518 0
1 518 
@disp_outline 519 2
2 519 [2][3]
$0,C000B5D70D3B10E2,0
$401C,3FE34B4F8419CE54,3FF
@ribbon_info_ptr 520 0
1 520 NULL
@p_xref_data 521 0
1 521 ->
@View 522 0
0 522 ->
@id 523 1
1 523 0
@viewattr 524 0
1 524 
@attr_arr 525 1
2 525 [4]
$1,3*0
@mpoint 526 0
1 526 
@id 527 1
2 527 0
@coord 528 2
2 528 [3]
$400C,BFE7C60658693A9A,3FE
@first_instr_ptr 529 0
2 529 NULL
@attach_ptr 530 0
2 530 NULL
@vpoint 531 0
1 531 
2 527 0
2 528 [3]
$407F4,407A5E,0
2 529 NULL
2 530 NULL
@orient 532 2
1 532 [4][4]
$3FE60BA2C955D97D,BFDCA132B32D3BC4,3FE240257A979A52,0
$3F9748F196A6C7E8,3FE997E23077508R,3FE331F5512226B5,0
$BFE72EF12EB1DFDA,BFD99E2BA2BDBC7F,3FE1F50E66211D4R,0
$3*0,3FF
@local_sys 533 2
1 533 [4][4]
$40525866F2BE62EB,C047D30ECB440EF,404E5FEFDB195DFB,0
$40036073E336E0A3,40554C3564F0A197,404FF26385B249C9,0
$C0534AD0B31AB6AF,C0455170B5A325EC,404DE2F68A252068,0
$4071B8CA79DCB854,40850A0906A5E0F,C068615647946B17,3FF
@first_instr_ptr 534 0
1 534 ->
@type 535 1
2 535 100
@geom_id 536 1
2 536 -1
@view_id 537 1
2 537 -1
@memb_num 538 1
2 538 0
@offset 539 2
2 539 0
@matrix 540 0
2 540 NULL
@next_instr_ptr 541 0
1 541 ->
2 535 301
2 536 -1
2 537 -1
2 538 0
2 539 405AA10BD139A43C
2 540 NULL
1 541 ->
2 535 125
2 536 -1
2 537 -1
2 538 0
2 539 0
2 540 ->
@matrix 542 2
3 542 [4][4]
$3FE9F09FF56F9354,BFE25A587EA21E8R,3FBE3DE3FFD50046,0
$3FE28F3FDF28E33D,3FE8467350344B98,BFD30031E1FF0693,0
$3FB4A6053FBE307E,3FD3C993B543471C,3FEE528DF44BBBD3,0
$3*0,3FF
1 541 ->
2 535 125
2 536 -1
2 537 -1
2 538 0
2 539 0
2 540 ->
3 542 [4][4]
$3FEF49CA971B5EA6,3F9FBABA0EB1CF51,3FCA8D434C9DA241,0
$BFAE79DF4DB43A96,3FEFA8CEA88C26,3FC0FEFCA4F40B08,0
$BFC9BE18BF546B48,BFC232CEF274894F,3FEF03A5ACC43D3,0
$3*0,3FF
1 541 NULL
@outer_xsec_index 543 1
1 543 -1
@next_view_id 544 1
1 544 48
@simp_rep_id 545 1
1 545 0
@name 546 10
1 546 no name
@matrix 547 2
1 547 [4][4]
$3FF,3*0
$0,3FF,2*0
$2*0,3FF,0
$3*0,3FF
@fit_outline 548 2
1 548 [2][3]
$4059,405518,C0748808DF8DF172
$408C2,4087BB,40748808DF8DF17
@det_info_ptr 549 0
1 549 NULL
@named_view_pzmatr 550 0
1 550 NULL
@page_id 551 1
1 551 0
@model_name 552 10
1 552 NULL
@unrep_model_name 553 10
1 553 NULL
@explode_state 554 0
1 554 NULL
@View 555 0
0 555 ->
@id 556 1
1 556 48
@viewattr 557 0
1 557 
@attr_arr 558 1
2 558 [4]
$1,3*0
@mpoint 559 0
1 559 
@id 560 1
2 560 0
@coord 561 2
2 561 [3]
$400C,BFE7C60658693A9A,3FE
@first_instr_ptr 562 0
2 562 NULL
@attach_ptr 563 0
2 563 NULL
@vpoint 564 0
1 564 
2 560 0
2 561 [3]
$407F4,407A5E,0
2 562 NULL
2 563 NULL
@orient 565 2
1 565 [4][4]
$3FE8E5BACC7A4EED,BFDA1A4C1B9D9F32,3FDE947359994FE4,0
$3FC5F1EEA4DF771E,3FEBD38AF2A2A446,3FDDA33526131434,0
$BFE356F20BF3ED98,BFD1D10561A183E7,3FE7E33FD4E53B5A,0
$3*0,3FF
@local_sys 566 2
1 566 [4][4]
$4054B7F4CBB9A2CR,C045B8BBC90FF1C3,40497283E81FA9D1,0
$403243033948C3FB,405727EB7EE06E4C,4048A9C34438AB72,0
$C05017F93FD83B6A,C03DA6FD2D7B1885,4053E0DC086E9304,0
$406FF6377DF5A7F6,40848C84A42A775C,C066A7C183E97EE2,3FF
@first_instr_ptr 567 0
1 567 ->
@type 568 1
2 568 100
@geom_id 569 1
2 569 -1
@view_id 570 1
2 570 -1
@memb_num 571 1
2 571 0
@offset 572 2
2 572 0
@matrix 573 0
2 573 NULL
@next_instr_ptr 574 0
1 574 ->
2 568 301
2 569 -1
2 570 -1
2 571 0
2 572 405AA10BD139A43C
2 573 NULL
1 574 ->
2 568 125
2 569 -1
2 570 -1
2 571 0
2 572 0
2 573 ->
@matrix 575 2
3 575 [4][4]
$3FE9F09FF56F9354,BFE25A587EA21E8R,3FBE3DE3FFD50046,0
$3FE28F3FDF28E33D,3FE8467350344B98,BFD30031E1FF0693,0
$3FB4A6053FBE307E,3FD3C993B543471C,3FEE528DF44BBBD3,0
$3*0,3FF
1 574 NULL
@outer_xsec_index 576 1
1 576 -1
@next_view_id 577 1
1 577 -2
@simp_rep_id 578 1
1 578 0
@name 579 10
1 579 STRUCT_ISO
@matrix 580 2
1 580 [4][4]
$3FF,3*0
$0,3FF,2*0
$2*0,3FF,0
$3*0,3FF
@fit_outline 581 2
1 581 [2][3]
$4059,405518,C071C4648EA5126C
$408C2,4087BB,4071C4648EA5126C
@det_info_ptr 582 0
1 582 NULL
@named_view_pzmatr 583 0
1 583 ->
2 575 [4][4]
$3FF,3*0
$0,3FF,2*0
$2*0,3FF,0
$3*0,3FF
@page_id 584 1
1 584 0
@model_name 585 10
1 585 NULL
@unrep_model_name 586 10
1 586 NULL
@explode_state 587 0
1 587 NULL
@assem_merge_parts 588 0
0 588 ->
#END_OF_UGC
#UGC_USER_DATA MECHANICA~PART_TIMESTAMP_WSTR 3
844967131
#END_OF_USER_DATA