------------------------------------------------------------
Pro/MECHANICA STRUCTURE Version 17.0(40)
Summary for Design Study "effector_modal"
Fri Oct 11, 1996   08:30:32
------------------------------------------------------------

Run Settings
   Memory allocation for block solver: 64.0      
   Memory allocation for element matrices: 2.0       
   Generate elements automatically.
No errors were found in the model.

Pro/MECHANICA Structure Model Summary

   Model Type: Three Dimensional

   Points:         19
   Edges:          59
   Faces:          65

   Springs:         0
   Masses:          0
   Beams:           0
   Shells:          0
   Solids:         24

   Elements:       24

------------------------------------------------------------

Standard Design Study

Modal Analysis "effector_modal":

   Convergence Method: Multiple-Pass Adaptive

   Convergence Loop Log:                         (08:30:36)

   >> Pass  1 <<
         Calculating Element Equations           (08:30:36)
            Total Number of Equations:      45
            Maximum Edge Order:              1
         Solving Equations                       (08:30:37)
         Calculating Disp and Stress Results     (08:30:38)
            Plotting Grid:                   4
         Checking Convergence                    (08:30:40)
            Elements Not Converged:         24
            Edges Not Converged:            59
            Frequency Convergence:      100.0%
            Local Disp/Energy Index:    100.0%
            Global RMS Stress Index:    100.0%
         Resource Check                          (08:30:40)
            Elapsed Time     (sec):       8.72
            CPU Time         (sec):       7.39
            Memory Usage      (kb):      79608
            Wrk Dir Dsk Usage (kb):        253

   >> Pass  2 <<
         Calculating Element Equations           (08:30:40)
            Total Number of Equations:     207
            Maximum Edge Order:              2
         Solving Equations                       (08:30:40)
         Calculating Disp and Stress Results     (08:30:41)
            Plotting Grid:                   4
         Checking Convergence                    (08:30:43)
            Elements Not Converged:         24
            Edges Not Converged:            54
            Frequency Convergence:      100.0%
            Local Disp/Energy Index:    100.0%
            Global RMS Stress Index:    100.0%
         Resource Check                          (08:30:43)
            Elapsed Time     (sec):      11.93
            CPU Time         (sec):      10.32
            Memory Usage      (kb):      79712
            Wrk Dir Dsk Usage (kb):        297

   >> Pass  3 <<
         Calculating Element Equations           (08:30:43)
            Total Number of Equations:     657
            Maximum Edge Order:              4
         Solving Equations                       (08:30:44)
         Calculating Disp and Stress Results     (08:30:45)
            Plotting Grid:                   4
         Checking Convergence                    (08:30:48)
            Elements Not Converged:         23
            Edges Not Converged:            44
            Frequency Convergence:       24.6%
            Local Disp/Energy Index:    100.0%
            Global RMS Stress Index:     37.2%
         Resource Check                          (08:30:49)
            Elapsed Time     (sec):      17.76
            CPU Time         (sec):      15.69
            Memory Usage      (kb):      80152
            Wrk Dir Dsk Usage (kb):       1333

   >> Pass  4 <<
         Calculating Element Equations           (08:30:49)
            Total Number of Equations:    1350
            Maximum Edge Order:              5
         Solving Equations                       (08:30:52)
         Calculating Disp and Stress Results     (08:30:55)
            Plotting Grid:                   4
         Checking Convergence                    (08:31:00)
            Elements Not Converged:          9
            Edges Not Converged:             0
            Frequency Convergence:        1.9%
            Local Disp/Energy Index:     19.8%
            Global RMS Stress Index:     18.3%
         Resource Check                          (08:31:01)
            Elapsed Time     (sec):      30.14
            CPU Time         (sec):      27.56
            Memory Usage      (kb):      81032
            Wrk Dir Dsk Usage (kb):       3661

	 RMS Stress Error Estimates:

         Mode   Stress Error  (% of Max Modal Stress)
         ----  --------------
            1       6.7%
            2       8.7%
            3       6.4%
            4       8.8%

            The analysis converged to within 10.0% on
            frequency.

   Total Mass of Model: 1.658626e-03

   Total Cost of Model: 0.000000e+00

   Moments of Inertia about WCS Origin:

     Ixx:  1.65832e-03
     Ixy:  4.02982e-03  Iyy:  2.49175e-02
     Ixz: -2.79197e-03  Iyz:  4.22957e-04  Izz:  2.54701e-02

   Principal MOI and Principal Axes Relative to WCS Origin:

            Max Prin           Mid Prin           Min Prin
           2.58017e-02        2.55856e-02        6.58612e-04

   WCS X: -1.45053e-01        1.37414e-01        9.79835e-01
   WCS Y: -1.97306e-01        9.66401e-01       -1.64739e-01
   WCS Z:  9.69551e-01        2.17223e-01        1.13067e-01

   Center of Mass Location Relative to WCS Origin:
                  ( 3.36661e+00, -5.10009e-01,  5.00000e-01)

   Moments of Inertia about the Center of Mass:

     Ixx:  8.12237e-04
     Ixy:  1.18196e-03  Iyy:  5.70391e-03
     Ixz:  1.25886e-09  Iyz: -3.44227e-10  Izz:  6.23972e-03

   Principal MOI and Principal Axes Relative to COM:

            Max Prin           Mid Prin           Min Prin
           6.23972e-03        5.97453e-03        5.41616e-04

   WCS X:  1.77124e-07        2.23185e-01        9.74776e-01
   WCS Y: -2.51722e-07        9.74776e-01       -2.23185e-01
   WCS Z:  1.00000e+00        2.05841e-07       -2.28836e-07

   Constraint Set: constraint1

   Number of Modes: 4

      Mode   Frequency    Convergence
      ----  ------------  -----------
         1  5.825244e+02      1.2%
         2  6.300474e+02      1.4%
         3  2.421640e+03      1.9%
         4  2.843630e+03      1.9%

Analysis "effector_modal" Completed  (08:31:08)

------------------------------------------------------------

Memory and Disk Usage:

   Machine Type: Sun5
   RAM Allocation for Solver (megabytes): 64.0

   Total Elapsed Time (seconds): 37.45     
   Total CPU Time     (seconds): 34.74     
   Maximum Memory Usage (kilobytes): 81136     
   Working Directory Disk Usage (kilobytes): 3661      

   Results Directory Size (kilobytes):
   943 ./effector_modal

   Maximum Data Base Working File Sizes (kilobytes):
   1280 ./effector_modal.tmp/kel1.bas
   1280 ./effector_modal.tmp/mel1.bas
   84 ./effector_modal.tmp/gblk1.bas
   1016 ./effector_modal.tmp/kblk1.bas

------------------------------------------------------------
Run Completed
Fri Oct 11, 1996   08:31:09
------------------------------------------------------------
