------------------------------------------------------------
Pro/MECHANICA STRUCTURE Version 17.0(40)
Summary for Design Study "gs_rad"
Fri Oct 11, 1996   08:39:22
------------------------------------------------------------

Run Settings
   Memory allocation for block solver: 64.0      
   Perform mesh smoothing after each parameter update.
   Remesh after each parameter update.
   Generate elements automatically.
No errors were found in the model.

Pro/MECHANICA Structure Model Summary

   Model Type: Three Dimensional

   Points:         19
   Edges:          59
   Faces:          65

   Springs:         0
   Masses:          0
   Beams:           0
   Shells:          0
   Solids:         24

   Elements:       24

------------------------------------------------------------

Global Sensitivity Design Study

Parameter            Start      End
   inner_rad          0.0%   100.0%

Sensitivity Step 1 of 5

Parameters:
   inner_rad         0.0000%

Static Analysis "effector_static":

   Convergence Method: Multiple-Pass Adaptive

   Convergence Loop Log:                         (08:39:38)

   >> Pass  1 <<
         Calculating Element Equations           (08:39:38)
            Total Number of Equations:      45
            Maximum Edge Order:              1
         Solving Equations                       (08:39:38)
         Calculating Disp and Stress Results     (08:39:39)
            Plotting Grid:                   4
         Checking Convergence                    (08:39:40)
            Elements Not Converged:         24
            Edges Not Converged:            59
            Local Disp/Energy Index:    100.0%
            Global RMS Stress Index:    100.0%
         Resource Check                          (08:39:40)
            Elapsed Time     (sec):      18.57
            CPU Time         (sec):       8.12
            Memory Usage      (kb):      75816
            Wrk Dir Dsk Usage (kb):        157

   >> Pass  2 <<
         Calculating Element Equations           (08:39:40)
            Total Number of Equations:     207
            Maximum Edge Order:              2
         Solving Equations                       (08:39:40)
         Calculating Disp and Stress Results     (08:39:41)
            Plotting Grid:                   4
         Checking Convergence                    (08:39:41)
            Elements Not Converged:         24
            Edges Not Converged:            50
            Local Disp/Energy Index:    100.0%
            Global RMS Stress Index:     95.9%
         Resource Check                          (08:39:41)
            Elapsed Time     (sec):      19.80
            CPU Time         (sec):       9.21
            Memory Usage      (kb):      75864
            Wrk Dir Dsk Usage (kb):        201

   >> Pass  3 <<
         Calculating Element Equations           (08:39:41)
            Total Number of Equations:     558
            Maximum Edge Order:              3
         Solving Equations                       (08:39:42)
         Calculating Disp and Stress Results     (08:39:43)
            Plotting Grid:                   4
         Checking Convergence                    (08:39:44)
            Elements Not Converged:         19
            Edges Not Converged:             0
            Local Disp/Energy Index:     47.3%
            Global RMS Stress Index:     19.8%
         Resource Check                          (08:39:44)
            Elapsed Time     (sec):      22.35
            CPU Time         (sec):      11.05
            Memory Usage      (kb):      76048
            Wrk Dir Dsk Usage (kb):        697

   >> Pass  4 <<
         Calculating Element Equations           (08:39:44)
            Total Number of Equations:    1170
            Maximum Edge Order:              4
         Solving Equations                       (08:39:45)
         Calculating Disp and Stress Results     (08:39:47)
            Plotting Grid:                   4
         Checking Convergence                    (08:39:49)
            Elements Not Converged:          4
            Edges Not Converged:             0
            Local Disp/Energy Index:     19.5%
            Global RMS Stress Index:     14.8%
         Resource Check                          (08:39:49)
            Elapsed Time     (sec):      27.73
            CPU Time         (sec):      15.09
            Memory Usage      (kb):      76456
            Wrk Dir Dsk Usage (kb):       1969

   >> Pass  5 <<
         Calculating Element Equations           (08:39:49)
            Total Number of Equations:    2112
            Maximum Edge Order:              5
         Solving Equations                       (08:39:53)
         Calculating Disp and Stress Results     (08:39:57)
            Plotting Grid:                   4
         Checking Convergence                    (08:40:01)
            Elements Not Converged:          1
            Edges Not Converged:             0
            Local Disp/Energy Index:     13.1%
            Global RMS Stress Index:     10.9%
         Resource Check                          (08:40:02)
            Elapsed Time     (sec):      40.69
            CPU Time         (sec):      25.65
            Memory Usage      (kb):      77384
            Wrk Dir Dsk Usage (kb):       5037

   >> Pass  6 <<
         Calculating Element Equations           (08:40:02)
            Total Number of Equations:    3387
            Maximum Edge Order:              6
         Solving Equations                       (08:40:14)
         Calculating Disp and Stress Results     (08:40:24)
            Plotting Grid:                   4
         Checking Convergence                    (08:40:34)
            Elements Not Converged:          0
            Edges Not Converged:             0
            Local Disp/Energy Index:      7.5%
            Global RMS Stress Index:      9.7%
         Resource Check                          (08:40:36)
            Elapsed Time     (sec):      74.40
            CPU Time         (sec):      54.14
            Memory Usage      (kb):      79240
            Wrk Dir Dsk Usage (kb):      10985

	 RMS Stress Error Estimates:

         Load Set          Stress Error  % of Max Prin Str
         ----------------  ------------  -----------------
         load1             2.70e+02       7.8% of 3.45e+03

            The analysis converged to within 10.0% on
            edge displacement, element strain energy,
            and global RMS stress.

Analysis "effector_static" Completed  (08:40:45)

Sensitivity Step 2 of 5

Parameters:
   inner_rad        25.0000%

Static Analysis "effector_static":

   Convergence Method: Multiple-Pass Adaptive

         Calculating Element Equations           (08:41:03)
            Total Number of Equations:    3387
            Maximum Edge Order:              6
         Solving Equations                       (08:41:14)
         Resource Check                          (08:41:23)
            Elapsed Time     (sec):     121.60
            CPU Time         (sec):      81.12
            Memory Usage      (kb):      79240
            Wrk Dir Dsk Usage (kb):      10985
         Calculating Disp and Stress Results     (08:41:23)
            Plotting Grid:                   4

Analysis "effector_static" Completed  (08:41:35)

Sensitivity Step 3 of 5

Parameters:
   inner_rad        50.0000%

Static Analysis "effector_static":

   Convergence Method: Multiple-Pass Adaptive

         Calculating Element Equations           (08:41:51)
            Total Number of Equations:    3387
            Maximum Edge Order:              6
         Solving Equations                       (08:42:02)
         Resource Check                          (08:42:12)
            Elapsed Time     (sec):     170.53
            CPU Time         (sec):     111.00
            Memory Usage      (kb):      79376
            Wrk Dir Dsk Usage (kb):      10985
         Calculating Disp and Stress Results     (08:42:12)
            Plotting Grid:                   4

Analysis "effector_static" Completed  (08:42:24)

Sensitivity Step 4 of 5

Parameters:
   inner_rad        75.0000%

Static Analysis "effector_static":

   Convergence Method: Multiple-Pass Adaptive

         Calculating Element Equations           (08:42:40)
            Total Number of Equations:    3387
            Maximum Edge Order:              6
         Solving Equations                       (08:42:51)
         Resource Check                          (08:43:00)
            Elapsed Time     (sec):     219.10
            CPU Time         (sec):     140.80
            Memory Usage      (kb):      79376
            Wrk Dir Dsk Usage (kb):      10985
         Calculating Disp and Stress Results     (08:43:00)
            Plotting Grid:                   4

Analysis "effector_static" Completed  (08:43:12)

Sensitivity Step 5 of 5

Parameters:
   inner_rad        100.0000%

Static Analysis "effector_static":

   Convergence Method: Multiple-Pass Adaptive

         Calculating Element Equations           (08:43:29)
            Total Number of Equations:    3387
            Maximum Edge Order:              6
         Solving Equations                       (08:43:39)
         Resource Check                          (08:43:49)
            Elapsed Time     (sec):     267.47
            CPU Time         (sec):     170.49
            Memory Usage      (kb):      79592
            Wrk Dir Dsk Usage (kb):      10985
         Calculating Disp and Stress Results     (08:43:49)
            Plotting Grid:                   4

Analysis "effector_static" Completed  (08:44:01)

Completed Global Sensitivity Study

Use Results to plot measures.

------------------------------------------------------------

Memory and Disk Usage:

   Machine Type: Sun5
   RAM Allocation for Solver (megabytes): 64.0

   Total Elapsed Time (seconds): 279.42    
   Total CPU Time     (seconds): 181.77    
   Maximum Memory Usage (kilobytes): 79592     
   Working Directory Disk Usage (kilobytes): 10985     
   Total Elapsed Time in Parameter Updates (seconds):
      75.33     
   Total Engine Elapsed Time Minus Param. Updates (seconds):
      204.09    
   Total CPU Time in Parameter Updates (seconds):
      9.49      
   Total Engine CPU Time Minus Param. Updates (seconds):
      172.28    

   Results Directory Size (kilobytes):
   816 ./gs_rad

   Maximum Data Base Working File Sizes (kilobytes):
   5760 ./gs_rad.tmp/kel1.bas
   132 ./gs_rad.tmp/gblk1.bas
   5092 ./gs_rad.tmp/kblk1.bas

------------------------------------------------------------
Run Completed
Fri Oct 11, 1996   08:44:01
------------------------------------------------------------
