#UGC:2 PART 889 360 0 1 1 15 1600 9620 \
#- VERS 0 0                                                          \
#- HOST                                                              \
#- LINK                                                              \
#- DBID                                                              \
#- REVS 0,                                                           \
#- RELL 0,                                                           \
#- UOBJ_ID 838133213 136088989 1916021781                            \
#-END_OF_UGC_HEADER
#P_OBJECT 6
@P_object 1 0
0 1 ->
@dep_db 2 0
1 2 ->
@usr_rev 3 0
1 3 [2]
2 3 
@name 4 10
3 4 OSTI
@mod_time 5 0
3 5 
@tm_sec 6 1
4 6 59
@tm_min 7 1
4 7 58
@tm_hour 8 1
4 8 15
@tm_mday 9 1
4 9 4
@tm_mon 10 1
4 10 0
@tm_year 11 1
4 11 95
@action 12 1
3 12 1000
@comment 13 10
3 13 Hostname: 'tupelo.cme.nist.gov'
@rel_level 14 10
3 14 
@rev_string 15 10
3 15 
2 3 
3 4 DMGAINES
3 5 
4 6 53
4 7 46
4 8 14
4 9 23
4 10 6
4 11 96
3 12 1000
3 13 Hostname: 'intrepid'
3 14 
3 15 
@revnum_std 16 1
1 16 25
@flag 17 1
1 17 0
@name 18 10
1 18 NULL
@inst_hidden 19 1
1 19 0
@old_name 20 10
1 20 NULL
@appl_data 21 0
1 21 ->
@bounding_box 22 2
2 22 [2][3]
$0,BFC,0
$4010C083126E978D,0,403D
@uobj_id 23 0
1 23 NULL
#END_OF_P_OBJECT
#Pro/ENGINEER  TM  Release 16.0  (c) 1988-95 by Parametric Technology Corporation  All Rights Reserved. 9620
@Solid 24 0
0 24 ->
@tab_key 25 1
1 25 0
@tab_key_struct 26 0
1 26 ->
@tab_key_ptr 27 0
2 27 [20]
@cmprs_tabkey 28 0
2 28 NULL
@type 29 1
1 29 2
@revnum_ptr 30 0
1 30 ->
@geom_revnum 31 1
2 31 26
@cosm_revnum 32 1
2 32 0
@first_member_ptr 33 0
1 33 NULL
@alumni_members 34 0
1 34 NULL
@frst_geom_ptr 35 1
1 35 2
@first_feat_ptr 36 0
1 36 ->
@id 37 1
2 37 1
@indep_attributes 38 1
2 38 1
@feat_type_ptr 39 0
2 39 ->
@table_id 40 1
3 40 0
@type 41 1
3 41 0
@feattype_key 42 10
3 42 NULL
@form 43 1
3 43 1
@attributes 44 1
3 44 [3]
$3*0
@placement 45 1
3 45 0
@intersection 46 1
3 46 991
@internal_udf_type 47 1
3 47 -1
@param_choice_ptr 48 0
3 48 ->
@blend_choice 49 1
4 49 0
@depth_choice 50 1
4 50 1
@angle_choice 51 1
4 51 -1
@pat_choice 52 1
4 52 970
@round_choice 53 1
4 53 -1
@subsec_choice 54 1
4 54 -1
@sweep_choice 55 1
4 55 0
@dome_choice 56 1
4 56 0
@draft_choice 57 1
4 57 0
@misc_choice 58 1
4 58 0
@assoc_type 59 1
3 59 0
@symbol_key 60 1
2 60 -1
@sect_name 61 10
2 61 no_name
@model_type 62 1
2 62 2
@idtab_ptr 63 0
2 63 ->
@srf_id_arr 64 1
3 64 [6][4]
$2,204,2*0
$7,203,2*0
$12,200,3,0
$14,200,2,0
$16,200,1,0
$18,200,2*0
@edg_id_arr 65 1
3 65 [12][6]
$3,221,3,2*0,2
$4,221,2,2*0,2
$5,221,1,2*0,2
$6,221,3*0,2
$8,222,3,2*0,12
$9,222,2,2*0,14
$10,222,1,2*0,16
$11,222,3*0,18
$13,220,3,2*0,12
$15,220,2,2*0,14
$17,220,1,2*0,16
$19,220,3*0,18
@save_geoms 66 0
3 66 NULL
@cr_flags_xar 67 1
3 67 [23]
$2*-1,-1025,-2049,2*-1,-16777217,-1,134217727,5*0,2097152,0,2,3*0,1048576,
$2*0
@cvt_feat_dat 68 0
3 68 NULL
@feat_dates_ptr 69 0
3 69 ->
@creat_date 70 1
4 70 0
@regen_date 71 1
4 71 0
@geometry 72 0
2 72 
@srf_array 73 0
3 73 [6]
4 73 ->
@geom_type 74 1
5 74 34
@geom_id 75 1
5 75 2
@feat_id 76 1
5 76 1
@boundary_type 77 1
5 77 0
@envlp 78 2
5 78 [2][2]
$0,BFC
$4010C083126E978D,0
@srf_prim_ptr(plane) 79 0
5 79 ->
@local_sys 80 2
6 80 [4][3]
$3FF,2*0
$0,3FF,0
$2*0,3FF
$3*0
@frst_cntr_ptr 81 0
5 81 ->
@frst_cntr_crv_hdr_ptr 82 1
6 82 3
@trv 83 1
6 83 1
@envlp 84 2
6 84 [2][2]
$0,BFC
$4010C083126E978D,0
@next_cntr_ptr 85 0
5 85 NULL
@next_geom_ptr 86 1
5 86 7
@orient 87 1
5 87 -1
@outline 88 2
5 88 [2][3]
$0,BFC,0
$4010C083126E978D,2*0
4 73 ->
5 74 34
5 75 7
5 76 1
5 77 0
5 78 [2][2]
$0,BFC
$4010C083126E978D,0
5 79 ->
6 80 [4][3]
$3FF,2*0
$0,3FF,0
$2*0,3FF
$2*0,403D
5 81 ->
6 82 8
6 83 1
6 84 [2][2]
$0,BFC
$4010C083126E978D,0
5 85 NULL
5 86 12
5 87 1
5 88 [2][3]
$0,BFC,403D
$4010C083126E978D,0,403D
4 73 ->
5 74 34
5 75 12
5 76 1
5 77 1
5 78 [2][2]
$2*0
$3FC,403D
5 79 ->
6 80 [4][3]
$2*0,BFF
$BFF,2*0
$0,3FF,0
$3*0
5 81 ->
6 82 3
6 83 1
6 84 [2][2]
$2*0
$3FC,403D
5 85 NULL
5 86 14
5 87 1
5 88 [2][3]
$0,BFC,0
$2*0,403D
4 73 ->
5 74 34
5 75 14
5 76 1
5 77 1
5 78 [2][2]
$2*0
$4010C083126E978D,403D
5 79 ->
6 80 [4][3]
$3FF,2*0
$2*0,BFF
$0,3FF,0
$0,BFC,0
5 81 ->
6 82 4
6 83 1
6 84 [2][2]
$2*0
$4010C083126E978D,403D
5 85 NULL
5 86 16
5 87 1
5 88 [2][3]
$0,BFC,0
$4010C083126E978D,BFC,403D
4 73 ->
5 74 34
5 75 16
5 76 1
5 77 1
5 78 [2][2]
$2*0
$3FC,403D
5 79 ->
6 80 [4][3]
$2*0,3FF
$3FF,2*0
$0,3FF,0
$4010C083126E978D,BFC,0
5 81 ->
6 82 5
6 83 1
6 84 [2][2]
$2*0
$3FC,403D
5 85 NULL
5 86 18
5 87 1
5 88 [2][3]
$4010C083126E978D,BFC,0
$4010C083126E978D,0,403D
4 73 ->
5 74 34
5 75 18
5 76 1
5 77 1
5 78 [2][2]
$2*0
$4010C083126E978D,403D
5 79 ->
6 80 [4][3]
$BFF,2*0
$2*0,3FF
$0,3FF,0
$4010C083126E978D,2*0
5 81 ->
6 82 6
6 83 1
6 84 [2][2]
$2*0
$4010C083126E978D,403D
5 85 NULL
5 86 0
5 87 1
5 88 [2][3]
$3*0
$4010C083126E978D,0,403D
@crv_array 89 0
3 89 [12]
4 89 ->
@crv_id 90 1
5 90 3
@feat_id 91 1
5 91 1
@type 92 1
5 92 0
@crv_pnt_dir 93 1
5 93 [2]
$1,-1
@crv_pnt_arr 94 2
5 94 [2][4]
$4*0
$0,BFC,3FC,0
@crv_hdr_geom_ptr[0] 95 1
5 95 2
@crv_hdr_geom_ptr[1] 96 1
5 96 12
@next_crv_hdr_ptr[0] 97 1
5 97 4
@next_crv_hdr_ptr[1] 98 1
5 98 13
@ref_geom[0] 99 1
5 99 0
@ref_geom[1] 100 1
5 100 0
4 89 ->
5 90 4
5 91 1
5 92 0
5 93 [2]
$1,-1
5 94 [2][4]
$0,BFC,2*0
$4010C083126E978D,BFC,4010C083126E978D,0
5 95 2
5 96 14
5 97 5
5 98 15
5 99 0
5 100 0
4 89 ->
5 90 5
5 91 1
5 92 0
5 93 [2]
$1,-1
5 94 [2][4]
$4010C083126E978D,BFC,2*0
$4010C083126E978D,0,3FC,0
5 95 2
5 96 16
5 97 6
5 98 17
5 99 0
5 100 0
4 89 ->
5 90 6
5 91 1
5 92 0
5 93 [2]
$1,-1
5 94 [2][4]
$4010C083126E978D,3*0
$2*0,4010C083126E978D,0
5 95 2
5 96 18
5 97 3
5 98 19
5 99 0
5 100 0
4 89 ->
5 90 8
5 91 1
5 92 0
5 93 [2]
$-1,1
5 94 [2][4]
$3*0,403D
$0,BFC,3FC,403D
5 95 7
5 96 12
5 97 11
5 98 15
5 99 0
5 100 0
4 89 ->
5 90 9
5 91 1
5 92 0
5 93 [2]
$-1,1
5 94 [2][4]
$0,BFC,0,403D
$4010C083126E978D,BFC,4010C083126E978D,403D
5 95 7
5 96 14
5 97 8
5 98 17
5 99 0
5 100 0
4 89 ->
5 90 10
5 91 1
5 92 0
5 93 [2]
$-1,1
5 94 [2][4]
$4010C083126E978D,BFC,0,403D
$4010C083126E978D,0,3FC,403D
5 95 7
5 96 16
5 97 9
5 98 19
5 99 0
5 100 0
4 89 ->
5 90 11
5 91 1
5 92 0
5 93 [2]
$-1,1
5 94 [2][4]
$4010C083126E978D,2*0,403D
$2*0,4010C083126E978D,403D
5 95 7
5 96 18
5 97 10
5 98 13
5 99 0
5 100 0
4 89 ->
5 90 13
5 91 1
5 92 0
5 93 [2]
$1,-1
5 94 [2][4]
$2*0,4010C083126E978D,0
$0,403D,4010C083126E978D,403D
5 95 12
5 96 18
5 97 8
5 98 6
5 99 0
5 100 0
4 89 ->
5 90 15
5 91 1
5 92 0
5 93 [2]
$1,-1
5 94 [2][4]
$2*0,3FC,0
$0,403D,3FC,403D
5 95 14
5 96 12
5 97 9
5 98 3
5 99 0
5 100 0
4 89 ->
5 90 17
5 91 1
5 92 0
5 93 [2]
$1,-1
5 94 [2][4]
$2*0,4010C083126E978D,0
$0,403D,4010C083126E978D,403D
5 95 16
5 96 14
5 97 10
5 98 4
5 99 0
5 100 0
4 89 ->
5 90 19
5 91 1
5 92 0
5 93 [2]
$1,-1
5 94 [2][4]
$2*0,3FC,0
$0,403D,3FC,403D
5 95 18
5 96 16
5 97 11
5 98 5
5 99 0
5 100 0
@group_info_ptr 101 0
2 101 NULL
@intrs_pairs_ptr 102 0
2 102 ->
@place_rec_ptr 103 0
2 103 ->
@local_sys 104 2
3 104 [4][3]
$3FF,2*0
$0,3FF,0
$2*0,3FF
$3*0
@place_instruction_ptrs 105 0
3 105 [1]
4 105 ->
@type 106 1
5 106 1853
@offset 107 2
5 107 0
@dim_id 108 1
5 108 2
@ref_id 109 1
5 109 -1
@geometry1_id 110 1
5 110 -1
@geometry2_id 111 1
5 111 -1
@memb_num1 112 1
5 112 0
@memb_num2 113 1
5 113 0
@attr 114 1
5 114 0
@plin_info_arr 115 0
5 115 [1]
6 115 ->
@type 116 1
7 116 6
@data(plin_info_ui_step) 117 0
7 117 ->
@step_ids 118 1
8 118 [1]
9 118 -100
@own_ref_id 119 1
3 119 -1
@orient 120 1
3 120 0
@next_prop 121 0
2 121 NULL
@first_geom_id 122 1
2 122 2
@gsec_ptr 123 0
2 123 [1]
3 123 
@type 124 1
4 124 1
@name 125 10
4 125 S2D0012
@gsec2d_ptr 126 0
4 126 ->
@name 127 10
5 127 S2D0012
@segtab_ptr 128 0
5 128 [4]
6 128 
@type 129 1
7 129 2
@dir 130 1
7 130 [3]
$1,2*0
@pointid 131 1
7 131 [2]
$0,1
@cntrid 132 1
7 132 1
@arcorient 133 1
7 133 0
@verhor 134 1
7 134 1
@radius 135 1
7 135 0
@ext_id 136 1
7 136 0
@gen_info 137 0
7 137 
@known_ent_info 138 0
7 138 
@attr 139 1
8 139 0
@known_ent_id 140 1
8 140 -1
6 128 
7 129 2
7 130 [3]
$0,-1,0
7 131 [2]
$1,2
7 132 2
7 133 0
7 134 0
7 135 0
7 136 1
7 137 
7 138 
8 139 0
8 140 -1
6 128 
7 129 2
7 130 [3]
$-1,2*0
7 131 [2]
$2,3
7 132 3
7 133 0
7 134 1
7 135 0
7 136 2
7 137 
7 138 
8 139 0
8 140 -1
6 128 
7 129 2
7 130 [3]
$0,1,0
7 131 [2]
$3,0
7 132 0
7 133 0
7 134 0
7 135 0
7 136 3
7 137 
7 138 
8 139 0
8 140 -1
@dimtab_ptr 141 0
5 141 [2]
6 141 
@type 142 1
7 142 1
@value 143 2
7 143 4010C083126E978D
@direct 144 1
7 144 0
@property 145 1
7 145 0
@leftpt 146 1
7 146 [2]
@rightpt 147 1
7 147 [2]
@offset 148 2
7 148 0
@ext_id 149 1
7 149 0
@dispdimattr 150 0
7 150 
@dimattr 151 1
8 151 [2]
$18,0
@dim_ref 152 0
7 152 [2]
8 152 
@item_id 153 1
9 153 0
@sense 154 1
9 154 -1
@point 155 1
9 155 [2]
$2*0
8 152 
9 153 -1
9 154 -1
9 155 [2]
$2*1
6 141 
7 142 1
7 143 3FC
7 144 0
7 145 0
7 146 [2]
7 147 [2]
7 148 0
7 149 1
7 150 
8 151 [2]
$18,0
7 152 [2]
8 152 
9 153 1
9 154 -1
9 155 [2]
$2*1
8 152 
9 153 -1
9 154 -1
9 155 [2]
$2*2
@relat_ptr 156 0
5 156 [6]
6 156 
@id 157 1
7 157 -1
@used 158 1
7 158 1
@a 159 1
7 159 [4]
$0,1,2*-1
@b 160 1
7 160 [4]
$2*1,2*0
@c 161 2
7 161 [4]
$3FF,BFF,2*3FF
@sign 162 1
7 162 0
@idim 163 1
7 163 0
@type 164 1
7 164 0
6 156 
7 157 -1
7 158 0
7 159 [4]
$3,0,2*-1
7 160 [4]
$4*0
7 161 [4]
$3FF,BFF,2*3FF
7 162 0
7 163 0
7 164 0
6 156 
7 157 -1
7 158 1
7 159 [4]
$0,1,2*-1
7 160 [4]
$4*0
7 161 [4]
$3FF,BFF,2*3FF
7 162 1
7 163 0
7 164 0
6 156 
7 157 -1
7 158 1
7 159 [4]
$1,2,2*-1
7 160 [4]
$4*0
7 161 [4]
$3FF,BFF,2*3FF
7 162 0
7 163 0
7 164 0
6 156 
7 157 -1
7 158 1
7 159 [4]
$1,2,2*-1
7 160 [4]
$2*1,2*0
7 161 [4]
$3FF,BFF,2*3FF
7 162 -1
7 163 1
7 164 0
6 156 
7 157 -1
7 158 1
7 159 [4]
$2,3,2*-1
7 160 [4]
$2*1,2*0
7 161 [4]
$3FF,BFF,2*3FF
7 162 0
7 163 0
7 164 0
@formula_ptr 165 1
5 165 [6]
$0,1,2,3,4,5
@qind 166 1
5 166 0
@anchor 167 0
5 167 NULL
@totalpointid 168 1
5 168 4
@checkarcs_flag 169 1
5 169 1
@location 170 0
5 170 ->
@id 171 1
6 171 0
@param 172 2
6 172 0
@type 173 1
6 173 0
@nsket_info 174 0
5 174 ->
@scale 175 2
6 175 0
@m 176 1
6 176 0
@last_was_permanent 177 1
6 177 0
@unsolved_ptr 178 0
5 178 ->
@iges_file 179 10
6 179 NULL
@solve_version 180 1
5 180 1
@segdscr_tab 181 0
5 181 [4]
6 181 
@ent_mode 182 1
7 182 0
6 181 
7 182 0
6 181 
7 182 0
6 181 
7 182 0
@order_ptr 183 0
4 183 [4]
5 183 
@id 184 1
6 184 0
@flip 185 1
6 185 34
5 183 
6 184 1
6 185 0
5 183 
6 184 2
6 185 0
5 183 
6 184 3
6 185 4
@dim_id_tab 186 1
4 186 [2]
$0,1
@attributes 187 1
4 187 0
@xsec_id 188 1
4 188 -1
@gsec_info_arr 189 0
4 189 [1]
5 189 
@application_type 190 1
6 190 2
@application_id 191 1
6 191 -100
@secsolve_revnum 192 1
4 192 0
@rel_accuracy 193 2
4 193 BFF
@p_saved_result 194 0
4 194 NULL
@cond_tbl_idx 195 1
2 195 -1
@comment 196 10
2 196 NULL
@merge_info_ptr 197 0
2 197 NULL
@topology_increment 198 0
2 198 ->
@first_geom 199 1
3 199 0
@first_quilt 200 1
3 200 0
@outline 201 2
3 201 [2][3]
$3*0
$3*0
@max_part_size 202 2
3 202 0
@xform_increment 203 0
3 203 NULL
@roll_back_id 204 1
3 204 -1
@state_ind 205 1
2 205 -1
@alumni_info 206 0
2 206 NULL
@revnum 207 1
2 207 -1
@rev_rec 208 0
2 208 NULL
@next_feat_ptr 209 0
1 209 NULL
@assem_mass_prop_ptr 210 0
1 210 NULL
@mass_prop_ptr 211 0
1 211 ->
@type 212 1
2 212 0
@density 213 2
2 213 0
@init_dens 214 5
2 214 0
@rel_density 215 2
2 215 0
@init_rel_dens 216 5
2 216 0
@aver_density 217 2
2 217 0
@vrevnum 218 1
2 218 -1
@volume 219 2
2 219 0
@cg 220 2
2 220 [3]
$3*0
@inertia 221 2
2 221 [3][3]
$3*0
$3*0
$3*0
@eps 222 2
2 222 0
@surfarea 223 2
2 223 0
@assign_mp_ptr 224 0
1 224 NULL
@tol_default_ptr 225 0
1 225 ->
@type 226 1
2 226 10
@value 227 2
2 227 [7]
$0,3FB9R,3F847AE147AE147B,3F50624DD2F1A9FC,3F1A36E2EB1C432D,
$3EE4F8B588E368F1,3EB0C6F7A0B5ED8E
@ang_value 228 2
2 228 [7]
$0,6*3FE
@standard 229 1
2 229 0
@iso_tol_tbls_ptr 230 0
2 230 NULL
@first_xsec_ptr 231 0
1 231 NULL
@datum_count 232 1
1 232 0
@axis_count 233 1
1 233 0
@insert_layer_id 234 1
1 234 -1
@layer_count 235 1
1 235 1
@layer_list 236 0
1 236 [1]
2 236 
@feat_id 237 1
3 237 1
@layer_id 238 1
3 238 0
@back_layer_id 239 1
3 239 0
@lang_ptr 240 0
1 240 NULL
@first_csys_ptr 241 0
1 241 NULL
@color_prop_ptr 242 0
1 242 NULL
@fem_data 243 0
1 243 NULL
@rel_part_eps 244 2
1 244 3F53A92A30553261
@drv_tbl_ptr 245 0
1 245 NULL
@assembled_count 246 1
1 246 0
@part_type 247 1
1 247 1
@mat_name_ptr 248 10
1 248 NULL
@first_ent_id 249 1
1 249 516377
@first_view_id 250 1
1 250 0
@outline 251 2
1 251 [2][3]
$0,BFC,0
$4010C083126E978D,0,403D
@dim_num 252 1
1 252 3
@dim_array 253 0
1 253 [3]
2 253 ->
@type 254 1
3 254 8
@dim_type 255 1
3 255 1
@feat_id 256 1
3 256 1
@attributes 257 1
3 257 289
@dim_dat_ptr 258 0
3 258 ->
@value 259 2
4 259 4010C083126E978D
@bck_value 260 2
4 260 4010C083126E978D
@tol_ptr 261 0
4 261 ->
@type 262 1
5 262 9
@tol_type 263 1
5 263 3
@dual_digits_diff 264 1
5 264 999
@value 265 2
5 265 [2]
$2*3F847AE147AE147B
@nominal_value 266 2
4 266 4010C083126E978D
@bound 267 1
4 267 20
@bck_bound 268 1
4 268 -1
@bck_tol_ptr 269 0
4 269 ->
@value 270 2
5 270 [2]
$2*3F847AE147AE147B
@datum_def_id 271 1
4 271 -1
@places_denom 272 1
4 272 3
@bck_places_denom 273 1
4 273 2
@dim_data_attrib 274 1
4 274 0
@dim_cosm_ptr 275 0
3 275 ->
@d0 276 2
4 276 3FE7BCF97BCF97BD
@d1 277 2
4 277 40503637A0859161
@d2 278 2
4 278 3FE7B96D88CDF9AC
@d3 279 2
4 279 404B1EDB6DB6DB7
@ord_info 280 0
4 280 NULL
@attach_ptr 281 0
3 281 NULL
@dim_text_ptr 282 0
3 282 ->
@symbol 283 10
4 283 d0
@parent_dim_id 284 1
3 284 -1
2 253 ->
3 254 8
3 255 1
3 256 1
3 257 33
3 258 ->
4 259 3FC
4 260 3FC
4 261 ->
5 262 9
5 263 3
5 264 999
5 265 [2]
$2*3F847AE147AE147B
4 266 3FC
4 267 20
4 268 -1
4 269 ->
5 270 [2]
$2*3F847AE147AE147B
4 271 -1
4 272 3
4 273 2
4 274 0
3 275 ->
4 276 4046728C7CB7A7E6
4 277 3FE7B425ED097B4F
4 278 3FCD89D89D89D87C
4 279 404B1EDB6DB6DB7
4 280 NULL
3 281 NULL
3 282 ->
4 283 d1
3 284 -1
2 253 ->
3 254 8
3 255 62
3 256 1
3 257 385
3 258 ->
4 259 403D
4 260 403D
4 261 ->
5 262 9
5 263 3
5 264 999
5 265 [2]
$2*3F847AE147AE147B
4 266 403D
4 267 20
4 268 -1
4 269 ->
5 270 [2]
$2*3F847AE147AE147B
4 271 -1
4 272 2
4 273 2
4 274 0
3 275 ->
4 276 0
4 277 0
4 278 0
4 279 0
4 280 NULL
3 281 NULL
3 282 ->
4 283 d2
3 284 -1
@ipar_num 285 1
1 285 0
@relpar_sets 286 0
1 286 [1]
2 286 
@id 287 1
3 287 -1
@type 288 1
3 288 2
@ext_ref_id 289 1
3 289 -1
@relatnum 290 1
3 290 0
@unit_arr 291 0
1 291 [2]
2 291 
@type 292 1
3 292 1
@factor 293 2
3 293 3FF
@name 294 10
3 294 INCH
@unit_type 295 1
3 295 0
2 291 
3 292 2
3 293 3FF
3 294 POUND
3 295 1
@geom_lib_ptr 296 0
1 296 NULL
@first_quilt_ptr 297 1
1 297 0
@attrib_array 298 1
1 298 [3]
$2*0,4
@smt_info_ptr 299 0
1 299 NULL
@cable_info_ptr 300 0
1 300 NULL
@comp_info_ptr 301 0
1 301 NULL
@max_part_size 302 2
1 302 403D4D15751CDA8B
@prt_misc_ptr 303 0
1 303 ->
@shrink_data_ptr 304 0
2 304 NULL
@expld_mv_info 305 0
1 305 NULL
@state_info_ptr 306 0
1 306 NULL
@alumni_feats 307 0
1 307 NULL
@model_name 308 10
1 308 PLATE_T40
@p_mdl_grid 309 0
1 309 NULL
@mdl_status_ptr 310 0
1 310 NULL
@cfg_states 311 0
1 311 NULL
@disp_outl_info 312 0
1 312 
@disp_outline 313 2
2 313 [2][3]
$0,BFC,0
$4010C083126E978D,0,403D
@ribbon_info_ptr 314 0
1 314 NULL
@p_xref_data 315 0
1 315 ->
@View 316 0
0 316 ->
@id 317 1
1 317 0
@viewattr 318 0
1 318 
@attr_arr 319 1
2 319 [4]
$1,3*0
@mpoint 320 0
1 320 
@id 321 1
2 321 0
@coord 322 2
2 322 [3]
$4000C083126E978D,BFB,402D
@first_instr_ptr 323 0
2 323 NULL
@attach_ptr 324 0
2 324 NULL
@vpoint 325 0
1 325 
2 321 0
2 322 [3]
$407F4,407A5E,0
2 323 NULL
2 324 NULL
@orient 326 2
1 326 [4][4]
$3FED7954E7DBA2F8,0,3FD8EC3AE92B676B,0
$BFD385CE5246572,3FE3E43A9692E21C,3FE7167619F550A2,0
$BFCEFC077F3F36A6,BFE91103985DA841,3FE25240DD3851BF,0
$3*0,3FF
@local_sys 327 2
1 327 [4][4]
$403B467464C090BE,0,40271044DABEB129,0
$C02210F906D06BD3,4032685A0EB82FBA,40355D8B6D055DDE,0
$C01CAC4E0CF56896,C037324F0F628436,4030F45D092A9C5A,0
$40811216849A331C,4087BB,C070CA73152DE9D7,3FF
@first_instr_ptr 328 0
1 328 ->
@type 329 1
2 329 100
@geom_id 330 1
2 330 -1
@view_id 331 1
2 331 -1
@memb_num 332 1
2 332 0
@offset 333 2
2 333 0
@matrix 334 0
2 334 NULL
@next_instr_ptr 335 0
1 335 ->
2 329 301
2 330 -1
2 331 -1
2 332 0
2 333 403D9CE1C7568471
2 334 NULL
1 335 NULL
@outer_xsec_index 336 1
1 336 -1
@next_view_id 337 1
1 337 -2
@simp_rep_id 338 1
1 338 -1
@name 339 10
1 339 no name
@matrix 340 2
1 340 [4][4]
$3FF,3*0
$0,3FF,2*0
$2*0,3FF,0
$3*0,3FF
@fit_outline 341 2
1 341 [2][3]
$4059,405518,C070F52E2C07F493
$408C2,4087BB,4070F52E2C07F493
@det_info_ptr 342 0
1 342 NULL
@named_view_pzmatr 343 0
1 343 NULL
@page_id 344 1
1 344 0
@model_name 345 10
1 345 NULL
@unrep_model_name 346 10
1 346 NULL
@assem_merge_parts 347 0
0 347 ->
#END_OF_UGC
