------------------------------------------------------------
MECHANICA Structure Version 8.0(35)
Summary for Design Study "handle_opt"
Wed Nov 22, 1995   14:24:22
------------------------------------------------------------

Run Settings
   Memory allocation for block solver: 20.0      
   Perform mesh smoothing after each parameter update.
   Remesh after each parameter update.

MECHANICA Structure Model Summary

   Model Type: Three Dimensional

   Points:        112
   Edges:         485
   Faces:         636

   Springs:         0
   Masses:          0
   Beams:           0
   Shells:          0
   Solids:        264

   Elements:      264

------------------------------------------------------------

Optimization Design Study

Goal
   Minimize: total_mass  

Limit: 1
   Analysis: anlys1
   Load Set: load1
   max_disp_mag <  1.2500e-01

Limit: 2
   Analysis: anlys1
   Load Set: load1
   max_stress_vm <  6.0000e+04

Parameter           Min. Value   Initial Value  Max. Value
d6                        0.0%          100.0%     100.0%
d98                       0.0%           50.0%     100.0%

Optimization Convergence Tolerance: 1         %
Maximum Number of Optimization Iterations: 20

Begin Analysis of Goal and Limits of             (14:24:23)
Initial Design

------------------------------------------------------------

Initial Design Status

Parameters:
   d6               100.0000%
   d98              50.0000%
Status of Optimization Limits:
1. max_disp_mag      9.1375e-02 <  1.2500e-01 (satisfied)
2. max_stress_vm     5.2671e+04 <  6.0000e+04 (satisfied)

Goal (before optimization):  1.6495e-04

Resource Check                                   (15:46:17)
   Elapsed Time     (sec):    4917.15
   CPU Time         (sec):    3137.15
   Memory Usage      (kb):      95144
   Wrk Dir Dsk Usage (kb):     303673

Begin Optimization Iteration 1                   (15:46:17)

     Begin Line Search                           (15:46:17)
     Step size governed by limit 2 (max_stress_vm)

     Line Search Iteration 1    

     Parameters:
        d6               99.2251%
        d98              49.9934%
     Goal:  1.6461e-04

     Parameters:
        d6               84.5022%
        d98              49.8689%
     Goal:  1.5818e-04

     Checking limit: 2 (max_stress_vm)
     Status of Optimization Limit: 2
     max_stress_vm     6.0859e+04 <  6.0000e+04 (VIOLATED)
     Limit 2 violated during line search.
     Moving to limit boundary.
     Parameters:
        d6               85.9659%
        d98              49.8813%
     Status of Optimization Limit: 2
     max_stress_vm     6.0000e+04 <  6.0000e+04 (satisfied)

     Completed Line Search                       (17:55:29)

Result of Optimization Iteration 1
Parameters:
   d6               85.9659%
   d98              49.8813%
Goal:  1.5882e-04
Status of Optimization Limits:
1. max_disp_mag      1.1220e-01 <  1.2500e-01 (satisfied)
2. max_stress_vm     6.0000e+04 <  6.0000e+04 (satisfied)

Resource Check                                   (18:32:02)
   Elapsed Time     (sec):   14862.17
   CPU Time         (sec):    9246.60
   Memory Usage      (kb):     253296
   Wrk Dir Dsk Usage (kb):     310353

Begin Optimization Iteration 2                   (18:32:02)

     Begin line search along limit boundary.     (18:32:02)

     Line Search Iteration 1    

     Parameters:
        d6               85.8003%
        d98              50.5687%
     Goal:  1.5875e-04

     Parameters:
        d6               82.6522%
        d98              63.6297%
     Goal:  1.5743e-04

Result of Optimization Iteration 2
Parameters:
   d6               82.6522%
   d98              63.6297%
Goal:  1.5743e-04
Status of Optimization Limits:
1. max_disp_mag      1.1773e-01 <  1.2500e-01 (satisfied)
2. max_stress_vm     6.0144e+04 <  6.0000e+04 (satisfied)

Resource Check                                   (19:50:16)
   Elapsed Time     (sec):   19556.45
   CPU Time         (sec):   12023.90
   Memory Usage      (kb):     351728
   Wrk Dir Dsk Usage (kb):     243865

Begin Optimization Iteration 3                   (19:50:16)

     Begin line search along limit boundary.     (19:50:16)

     Line Search Iteration 1    

     Parameters:
        d6               82.5097%
        d98              64.3223%
     Goal:  1.5737e-04

     Parameters:
        d6               79.8029%
        d98              77.4819%
     Goal:  1.5625e-04

Result of Optimization Iteration 3
Parameters:
   d6               79.8029%
   d98              77.4819%
Goal:  1.5625e-04
Status of Optimization Limits:
1. max_disp_mag      1.2275e-01 <  1.2500e-01 (satisfied)
2. max_stress_vm     6.0307e+04 <  6.0000e+04 (satisfied)

Resource Check                                   (21:09:56)
   Elapsed Time     (sec):   24336.06
   CPU Time         (sec):   14802.09
   Memory Usage      (kb):     440304
   Wrk Dir Dsk Usage (kb):     245797

Begin Optimization Iteration 4                   (21:09:56)

     Begin line search along limit boundary.     (21:09:56)

     Line Search Iteration 1    

     Parameters:
        d6               79.7394%
        d98              77.8393%
     Goal:  1.5622e-04

     Parameters:
        d6               78.5320%
        d98              84.6312%
     Goal:  1.5573e-04

The design study terminated abnormally.
An error has occurred while requesting an additional
1 megabytes of memory from the operating system.
Increasing the amount of swap space may correct this problem.
At least 500.13 megabytes of swap space are needed to run
this design study.
Please contact customer support if this problem persists.

------------------------------------------------------------

Memory and Disk Usage:

   Machine Type: SGI
   RAM Allocation for Solver (megabytes): 20.0

   Total Elapsed Time (seconds): 28206.91  
   Total CPU Time     (seconds): 17076.26  
   Maximum Memory Usage (kilobytes): 487432    
   Working Directory Disk Usage (kilobytes): 310353    
   Total Elapsed Time in Parameter Updates (seconds):
      3092.62   
   Total Engine Elapsed Time Minus Param. Updates (seconds):
      25114.30  
   Total CPU Time in Parameter Updates (seconds):
      566.38    
   Total Engine CPU Time Minus Param. Updates (seconds):
      16509.88  

   Results Directory Size (kilobytes):

   Maximum Data Base Working File Sizes (kilobytes):
   240816 /disk1/tmp/handle_opt.tmp/kblk1.bas
   38840 /disk1/tmp/handle_opt.tmp/kel1.bas
   30684 /disk1/tmp/handle_opt.tmp/kpak1.bas

------------------------------------------------------------
Run Completed with Fatal Error
Wed Nov 22, 1995   22:14:27
------------------------------------------------------------
