Post-Processor Log File


**** Information *** (READMAIN.CXX :IGS_I_CHARLENGTH) ****
End of Line character is 1 bytes


	File Name               : ig_2.igs
	Specification Version   : 9
	Author                  : NONE
	Author's organisation   : NONE
	Date+Time of creation   : 941122.131547
	Sending System ID       : IGES
	Receiving System ID     : ACIS (version 2.1)
	Units                   : IN
	Model Scale             : 1
	Maximum Size            : 22.7853
	Minimum Resolution      : 0.0003937

Summary of IGES entities in `D:\smyung\Model\IGES\A_pot_assem.igs`

Entity No.            Entity Type                    Count      Support

    102          Composite Curve                       164      Supported
    126          Rational B-Spline Curve               770      Supported
    128          Rational B-Spline Surface              80      Supported
    142          Curve On Parametric Surface            82      Supported
    144          Trimmed Surface                        80      Supported
    314          Color Definition                        4      Supported


**** Information *** (READMAIN.CXX :IGS_I_SUMMARYMESG) ****
File D:\smyung\Model\IGES\A_pot_assem.igs contains 1180 entities.
 0 entities are unsupported


**** Information *** (IR_CONV.CXX :IGS_I_STRTCONV) ****
Starting Conversion 


****  Error  *** (IR_UTIL.CXX :IGS_E_DATAERROR) ****
DATA ERROR | 102 | Composite Curve | DE line # 1655


****  Error  *** (COMP_COP.CXX :IGS_E_CURVESDISCONNECTED) ****
Consecutive curves ( 0, 1 ) in composite curve are disconnected. Gap: 1.70988e-006.



****  Error  *** (IR_UTIL.CXX :IGS_E_DATAERROR) ****
DATA ERROR | 102 | Composite Curve | DE line # 1851


****  Error  *** (COMP_COP.CXX :IGS_E_CURVESDISCONNECTED) ****
Consecutive curves ( 0, 1 ) in composite curve are disconnected. Gap: 1.10055e-006.



****  Error  *** (IR_UTIL.CXX :IGS_E_DATAERROR) ****
DATA ERROR | 102 | Composite Curve | DE line # 1901


****  Error  *** (COMP_COP.CXX :IGS_E_CURVESDISCONNECTED) ****
Consecutive curves ( 0, 1 ) in composite curve are disconnected. Gap: 1.81466e-006.



Conversion Summary: 

          TYPE                  Present        Converted       %(Conversion)
-------------------------------------------------------------------------------
Trimmed/Bounded Surface             80                80            100%
-------------------------------------------------------------------------------
Manifold Solid (#186)                0                 0             --
-------------------------------------------------------------------------------
Independent Surface                  0                 0             --
-------------------------------------------------------------------------------
Independent Curve                    0                 0             --
-------------------------------------------------------------------------------
Independent Point                    0                 0             --
-------------------------------------------------------------------------------

               ******** End of IGES to ACIS conversion ********

End of logfile A_pot_assem.log
