Post-Processor Log File


**** Information *** (READMAIN.CXX :IGS_I_CHARLENGTH) ****
End of Line character is 1 bytes


	File Name               : igesfile_19.igs
	Specification Version   : 9
	Author                  : NONE
	Author's organisation   :       4HNONE
	Date+Time of creation   : 941121.132525
	Sending System ID       : IGES
	Receiving System ID     : ACIS (version 2.1)
	Units                   :     2HMM
	Model Scale             : 1
	Maximum Size            : 199.975
	Minimum Resolution      : 0.01

Summary of IGES entities in `D:\smyung\Model\IGES\D_cam24.igs`

Entity No.            Entity Type                    Count      Support

    102          Composite Curve                       112      Supported
    126          Rational B-Spline Curve               480      Supported
    128          Rational B-Spline Surface              51      Supported
    142          Curve On Parametric Surface            56      Supported
    144          Trimmed Surface                        51      Supported
    314          Color Definition                        3      Supported


**** Information *** (READMAIN.CXX :IGS_I_SUMMARYMESG) ****
File D:\smyung\Model\IGES\D_cam24.igs contains 753 entities.
 0 entities are unsupported


**** Information *** (IR_CONV.CXX :IGS_I_STRTCONV) ****
Starting Conversion 


Conversion Summary: 

          TYPE                  Present        Converted       %(Conversion)
-------------------------------------------------------------------------------
Trimmed/Bounded Surface             51                51            100%
-------------------------------------------------------------------------------
Manifold Solid (#186)                0                 0             --
-------------------------------------------------------------------------------
Independent Surface                  0                 0             --
-------------------------------------------------------------------------------
Independent Curve                    0                 0             --
-------------------------------------------------------------------------------
Independent Point                    0                 0             --
-------------------------------------------------------------------------------

               ******** End of IGES to ACIS conversion ********

End of logfile D_cam24.log
