#UGC:2 PART 889 360 0 1 1 15 1600 9620 \
#- VERS 0 0                                                          \
#- HOST                                                              \
#- LINK                                                              \
#- DBID                                                              \
#- REVS 0,                                                           \
#- RELL 0,                                                           \
#- UOBJ_ID 837191563 375135742 1916021781                            \
#-END_OF_UGC_HEADER
#P_OBJECT 6
@P_object 1 0
0 1 ->
@dep_db 2 0
1 2 ->
@usr_rev 3 0
1 3 [2]
2 3 
@name 4 10
3 4 OSTI
@mod_time 5 0
3 5 
@tm_sec 6 1
4 6 9
@tm_min 7 1
4 7 46
@tm_hour 8 1
4 8 10
@tm_mday 9 1
4 9 29
@tm_mon 10 1
4 10 7
@tm_year 11 1
4 11 94
@action 12 1
3 12 1000
@comment 13 10
3 13 Hostname: 'magma'
@rel_level 14 10
3 14 
@rev_string 15 10
3 15 
2 3 
3 4 DMGAINES
3 5 
4 6 44
4 7 12
4 8 17
4 9 12
4 10 6
4 11 96
3 12 1000
3 13 Hostname: 'intrepid'
3 14 
3 15 
@revnum_std 16 1
1 16 63
@flag 17 1
1 17 0
@name 18 10
1 18 NULL
@inst_hidden 19 1
1 19 0
@old_name 20 10
1 20 NULL
@appl_data 21 0
1 21 ->
@bounding_box 22 2
2 22 [2][3]
$2*BFC8583E5DFDB605,BF660F977F6D8158
$2*3FC8583E5DFDB605,3FB8C0DF09CE5DB5
@uobj_id 23 0
1 23 NULL
#END_OF_P_OBJECT
#Pro/ENGINEER  TM  Release 16.0  (c) 1988-95 by Parametric Technology Corporation  All Rights Reserved. 9620
@Solid 24 0
0 24 ->
@tab_key 25 1
1 25 0
@tab_key_struct 26 0
1 26 ->
@tab_key_ptr 27 0
2 27 [44]
@cmprs_tabkey 28 0
2 28 NULL
@type 29 1
1 29 2
@revnum_ptr 30 0
1 30 ->
@geom_revnum 31 1
2 31 63
@cosm_revnum 32 1
2 32 1
@first_member_ptr 33 0
1 33 NULL
@alumni_members 34 0
1 34 NULL
@frst_geom_ptr 35 1
1 35 12
@first_feat_ptr 36 0
1 36 ->
@id 37 1
2 37 1
@indep_attributes 38 1
2 38 1
@feat_type_ptr 39 0
2 39 ->
@table_id 40 1
3 40 13
@type 41 1
3 41 923
@feattype_key 42 10
3 42 NULL
@form 43 1
3 43 0
@attributes 44 1
3 44 [3]
$3*0
@placement 45 1
3 45 0
@intersection 46 1
3 46 -1
@internal_udf_type 47 1
3 47 -1
@param_choice_ptr 48 0
3 48 ->
@blend_choice 49 1
4 49 0
@depth_choice 50 1
4 50 0
@angle_choice 51 1
4 51 -1
@pat_choice 52 1
4 52 970
@round_choice 53 1
4 53 -1
@subsec_choice 54 1
4 54 -1
@sweep_choice 55 1
4 55 0
@dome_choice 56 1
4 56 0
@draft_choice 57 1
4 57 0
@misc_choice 58 1
4 58 0
@assoc_type 59 1
3 59 0
@symbol_key 60 1
2 60 -1
@sect_name 61 10
2 61 DTM1
@model_type 62 1
2 62 2
@idtab_ptr 63 0
2 63 ->
@srf_id_arr 64 1
3 64 [1][4]
$2,3*0
@save_geoms 65 0
3 65 NULL
@cr_flags_xar 66 1
3 66 [23]
$2*-1,-1025,-2049,2*-1,-16777217,-1,134217727,5*0,2097152,0,2,3*0,1048576,
$2*0
@cvt_feat_dat 67 0
3 67 NULL
@feat_dates_ptr 68 0
3 68 ->
@creat_date 69 1
4 69 0
@regen_date 70 1
4 70 0
@geometry 71 0
2 71 
@srf_array 72 0
3 72 [1]
4 72 ->
@geom_type 73 1
5 73 34
@geom_id 74 1
5 74 2
@feat_id 75 1
5 75 1
@boundary_type 76 1
5 76 1
@envlp 77 2
5 77 [2][2]
$BFC8583E5DFDB605,BF660F977F6D8158
$3FC8583E5DFDB605,3FB8C0DF09CE5DB5
@srf_prim_ptr(plane) 78 0
5 78 ->
@local_sys 79 2
6 79 [4][3]
$2*0,3FF
$3FF,2*0
$0,3FF,0
$3*0
@frst_cntr_ptr 80 0
5 80 NULL
@next_geom_ptr 81 1
5 81 0
@orient 82 1
5 82 1
@outline 83 2
5 83 [2][3]
$0,BFC8583E5DFDB605,BF660F977F6D8158
$0,3FC8583E5DFDB605,3FB8C0DF09CE5DB5
@group_info_ptr 84 0
2 84 NULL
@intrs_pairs_ptr 85 0
2 85 ->
@place_rec_ptr 86 0
2 86 ->
@local_sys 87 2
3 87 [4][3]
$2*0,3FF
$3FF,2*0
$0,3FF,0
$3*0
@place_instruction_ptrs 88 0
3 88 [1]
4 88 ->
@type 89 1
5 89 513
@offset 90 2
5 90 0
@dim_id 91 1
5 91 -1
@ref_id 92 1
5 92 -1
@geometry1_id 93 1
5 93 -1
@geometry2_id 94 1
5 94 2
@memb_num1 95 1
5 95 0
@memb_num2 96 1
5 96 0
@attr 97 1
5 97 32768
@plin_info_arr 98 0
5 98 [2]
6 98 ->
@type 99 1
7 99 1
@data(plin_info_ref) 100 0
7 100 ->
@id_type1 101 1
8 101 -4
@id_type2 102 1
8 102 5
@offset2 103 2
8 103 0
6 98 ->
7 99 6
@data(plin_info_ui_step) 104 0
7 104 ->
@step_ids 105 1
8 105 [1]
9 105 -100
@own_ref_id 106 1
3 106 -1
@orient 107 1
3 107 1
@trf_arr 108 0
3 108 [1]
4 108 
@type 109 1
5 109 11
@idx 110 1
5 110 0
@transf 111 2
5 111 [4][3]
$2*0,3FF
$3FF,2*0
$0,3FF,0
$3*0
@next_prop 112 0
2 112 NULL
@first_geom_id 113 1
2 113 2
@cond_tbl_idx 114 1
2 114 -1
@comment 115 10
2 115 NULL
@merge_info_ptr 116 0
2 116 NULL
@topology_increment 117 0
2 117 ->
@first_geom 118 1
3 118 0
@first_quilt 119 1
3 119 0
@outline 120 2
3 120 [2][3]
$3*0
$3*0
@max_part_size 121 2
3 121 0
@xform_increment 122 0
3 122 NULL
@roll_back_id 123 1
3 123 -1
@state_ind 124 1
2 124 -1
@alumni_info 125 0
2 125 NULL
@revnum 126 1
2 126 -1
@rev_rec 127 0
2 127 NULL
@next_feat_ptr 128 0
1 128 ->
2 37 3
2 38 1
2 39 ->
3 40 13
3 41 923
3 42 NULL
3 43 0
3 44 [3]
$3*0
3 45 0
3 46 -1
3 47 -1
3 48 ->
4 49 0
4 50 0
4 51 -1
4 52 970
4 53 -1
4 54 -1
4 55 0
4 56 0
4 57 0
4 58 0
3 59 0
2 60 -1
2 61 DTM2
2 62 2
2 63 ->
3 64 [1][4]
$4,3*0
3 65 NULL
3 66 [23]
$2*-1,-1025,-2049,2*-1,-16777217,-1,134217727,5*0,2097152,0,2,3*0,1048576,
$2*0
3 67 NULL
3 68 ->
4 69 0
4 70 0
2 71 
3 72 [1]
4 72 ->
5 73 34
5 74 4
5 75 3
5 76 1
5 77 [2][2]
$BF660F977F6D8158,BFC8583E5DFDB605
$3FB8C0DF09CE5DB5,3FC8583E5DFDB605
5 78 ->
6 79 [4][3]
$0,3FF,0
$2*0,3FF
$3FF,2*0
$3*0
5 80 NULL
5 81 0
5 82 1
5 83 [2][3]
$BFC8583E5DFDB605,0,BF660F977F6D8158
$3FC8583E5DFDB605,0,3FB8C0DF09CE5DB5
2 84 NULL
2 85 ->
2 86 ->
3 87 [4][3]
$0,3FF,0
$2*0,3FF
$3FF,2*0
$3*0
3 88 [1]
4 88 ->
5 89 514
5 90 0
5 91 -1
5 92 -1
5 93 -1
5 94 4
5 95 0
5 96 0
5 97 32768
5 98 [2]
6 98 ->
7 99 1
7 100 ->
8 101 -4
8 102 5
8 103 0
6 98 ->
7 99 6
7 104 ->
8 105 [1]
9 105 -100
3 106 -1
3 107 1
3 108 [1]
4 108 
5 109 11
5 110 0
5 111 [4][3]
$0,3FF,0
$2*0,3FF
$3FF,2*0
$3*0
2 112 NULL
2 113 4
2 114 -1
2 115 NULL
2 116 NULL
2 117 ->
3 118 0
3 119 0
3 120 [2][3]
$3*0
$3*0
3 121 0
3 122 NULL
3 123 -1
2 124 -1
2 125 NULL
2 126 -1
2 127 NULL
1 128 ->
2 37 5
2 38 1
2 39 ->
3 40 13
3 41 923
3 42 NULL
3 43 0
3 44 [3]
$3*0
3 45 0
3 46 -1
3 47 -1
3 48 ->
4 49 0
4 50 0
4 51 -1
4 52 970
4 53 -1
4 54 -1
4 55 0
4 56 0
4 57 0
4 58 0
3 59 0
2 60 -1
2 61 DTM3
2 62 2
2 63 ->
3 64 [1][4]
$6,3*0
3 65 NULL
3 66 [23]
$2*-1,-1025,-2049,2*-1,-16777217,-1,134217727,5*0,2097152,0,2,3*0,1048576,
$2*0
3 67 NULL
3 68 ->
4 69 0
4 70 0
2 71 
3 72 [1]
4 72 ->
5 73 34
5 74 6
5 75 5
5 76 1
5 77 [2][2]
$2*BFC8583E5DFDB605
$2*3FC8583E5DFDB605
5 78 ->
6 79 [4][3]
$3FF,2*0
$0,3FF,0
$2*0,3FF
$3*0
5 80 NULL
5 81 0
5 82 1
5 83 [2][3]
$2*BFC8583E5DFDB605,0
$2*3FC8583E5DFDB605,0
2 84 NULL
2 85 ->
2 86 ->
3 87 [4][3]
$3FF,2*0
$0,3FF,0
$2*0,3FF
$3*0
3 88 [1]
4 88 ->
5 89 515
5 90 0
5 91 -1
5 92 -1
5 93 -1
5 94 6
5 95 0
5 96 0
5 97 32768
5 98 [2]
6 98 ->
7 99 1
7 100 ->
8 101 -4
8 102 5
8 103 0
6 98 ->
7 99 6
7 104 ->
8 105 [1]
9 105 -100
3 106 -1
3 107 1
3 108 [1]
4 108 
5 109 11
5 110 0
5 111 [4][3]
$3FF,2*0
$0,3FF,0
$2*0,3FF
$3*0
2 112 NULL
2 113 6
2 114 -1
2 115 NULL
2 116 NULL
2 117 ->
3 118 0
3 119 0
3 120 [2][3]
$3*0
$3*0
3 121 0
3 122 NULL
3 123 -1
2 124 -1
2 125 NULL
2 126 -1
2 127 NULL
1 128 ->
2 37 7
2 38 1
2 39 ->
3 40 63
3 41 979
3 42 NULL
3 43 0
3 44 [3]
$3*0
3 45 0
3 46 -1
3 47 -1
3 48 ->
4 49 0
4 50 0
4 51 -1
4 52 -1
4 53 -1
4 54 -1
4 55 0
4 56 0
4 57 0
4 58 128
3 59 0
2 60 -1
2 61 no_name
2 62 2
@entity(coord_sys) 129 0
2 129 ->
@type 130 1
3 130 18
@id 131 1
3 131 8
@gen_info 132 0
3 132 
@color 133 1
4 133 1
@sys_type 134 1
3 134 -1
@pnt_type 135 1
3 135 -1
@radius 136 2
3 136 0
@local_sys 137 2
3 137 [4][3]
$3FF,2*0
$0,3FF,0
$2*0,3FF
$3*0
@feat_id 138 1
3 138 7
@entity(text) 139 0
2 139 ->
@text_type 140 1
3 140 34
@text_value 141 10
3 141 CS0
@txt_attrib 142 1
3 142 1
@coord 143 2
3 143 [3]
$407499B7C6DD469E,407AD8D87886AD7A,405AA405A3D36EF8
@owner_id 144 1
3 144 8
@part_id 145 1
3 145 33
@height 146 2
3 146 BFF
@width_factor 147 2
3 147 BFF
@format_info 148 0
3 148 
@thickness 149 2
3 149 BFF
2 63 ->
@misc_id_tab 150 0
3 150 [1]
4 150 
@misc_hist 151 1
5 151 [5]
$8,534,0,-1,500
3 65 NULL
3 66 [23]
$2*-1,-1025,-2049,2*-1,-16777217,-1,134217727,5*0,2097152,0,2,3*0,1048576,
$2*0
3 67 NULL
3 68 ->
4 69 0
4 70 0
2 71 
2 84 NULL
2 85 ->
2 86 ->
3 87 [4][3]
$3FF,2*0
$0,3FF,0
$2*0,3FF
$3*0
3 106 -1
3 107 0
3 108 [1]
4 108 
5 109 10
5 110 0
5 111 [4][3]
$3FF,2*0
$0,3FF,0
$2*0,3FF
$3*0
2 112 NULL
2 113 -1
2 114 -1
2 115 NULL
2 116 NULL
2 117 ->
3 118 0
3 119 0
3 120 [2][3]
$3*0
$3*0
3 121 0
3 122 NULL
3 123 -1
2 124 -1
2 125 NULL
2 126 -1
2 127 NULL
1 128 ->
2 37 10
2 38 1
2 39 ->
3 40 13
3 41 923
3 42 NULL
3 43 0
3 44 [3]
$3,2*0
3 45 0
3 46 -1
3 47 -1
3 48 ->
4 49 0
4 50 0
4 51 -1
4 52 970
4 53 -1
4 54 -1
4 55 0
4 56 0
4 57 0
4 58 0
3 59 0
2 60 -1
2 61 no_name
2 62 2
2 63 ->
3 64 [1][4]
$11,3*0
3 65 NULL
3 66 [23]
$2*-1,-1025,-2049,2*-1,-16777217,-1,134217727,5*0,2097152,0,2,3*0,1048576,
$2*0
3 67 NULL
3 68 ->
4 69 0
4 70 0
2 71 
3 72 [1]
4 72 ->
5 73 34
5 74 11
5 75 10
5 76 -1
5 77 [2][2]
$2*0
$2*0
5 78 ->
6 79 [4][3]
$3FF,2*0
$0,3FF,0
$2*0,3FF
$3*0
5 80 NULL
5 81 0
5 82 1
5 83 [2][3]
$3*0
$3*0
2 84 NULL
2 85 ->
2 86 ->
3 87 [4][3]
$3FF,2*0
$0,3FF,0
$2*0,3FF
$3*0
3 88 [2]
4 88 ->
5 89 509
5 90 3FF
5 91 -1
5 92 -1
5 93 6
5 94 11
5 95 0
5 96 0
5 97 32768
5 98 [2]
6 98 ->
7 99 1
7 100 ->
8 101 -4
8 102 5
8 103 0
6 98 ->
7 99 6
7 104 ->
8 105 [1]
9 105 -100
4 88 ->
5 89 510
5 90 3FF
5 91 -1
5 92 -1
5 93 4
5 94 11
5 95 0
5 96 0
5 97 32768
5 98 [2]
6 98 ->
7 99 1
7 100 ->
8 101 -4
8 102 5
8 103 0
6 98 ->
7 99 6
7 104 ->
8 105 [1]
9 105 -100
3 106 -1
3 107 1
3 108 [1]
4 108 
5 109 11
5 110 0
5 111 [4][3]
$3FF,2*0
$0,3FF,0
$2*0,3FF
$3*0
2 112 NULL
2 113 11
2 114 -1
2 115 NULL
2 116 NULL
@parent_table 152 1
2 152 [2]
$3,5
2 117 ->
3 118 0
3 119 0
3 120 [2][3]
$3*0
$3*0
3 121 0
3 122 NULL
3 123 -1
2 124 -1
2 125 NULL
2 126 -1
2 127 NULL
1 128 ->
2 37 9
2 38 1
2 39 ->
3 40 7
3 41 917
3 42 NULL
3 43 1
3 44 [3]
$3*0
3 45 0
3 46 991
3 47 -1
3 48 ->
4 49 0
4 50 266240
4 51 -1
4 52 970
4 53 -1
4 54 -1
4 55 0
4 56 0
4 57 0
4 58 0
3 59 0
2 60 -1
2 61 no_name
2 62 2
@entity(line3d) 153 0
2 153 ->
@type 154 1
3 154 11
@id 155 1
3 155 22
@gen_info 156 0
3 156 
@geom_id 157 1
3 157 18
@end1 158 2
3 158 [3]
$3*0
@end2 159 2
3 159 [3]
$BFC8,2*0
2 153 ->
3 154 13
3 155 23
3 156 
4 133 1
3 157 18
3 158 [3]
$3*0
3 159 [3]
$2*0,3FB810624DD2F1AR
2 139 ->
3 140 19
3 141 A_1
3 142 1
3 143 [3]
$4073F9B7C6DD469E,407A58D87886AD7A,405AA405A3D36EF8
3 144 -1
3 145 33
3 146 BFF
3 147 BFF
3 148 
3 149 BFF
2 63 ->
3 64 [4][4]
$12,204,2*0
$15,203,2*0
$18,200,2*0
$20,200,-1,0
@edg_id_arr 160 1
3 160 [6][6]
$13,221,3*0,12
$14,221,-1,2*0,12
$16,222,3*0,18
$17,222,-1,2*0,20
$19,220,3*0,18
$21,220,-1,2*0,20
3 150 [2]
4 150 
5 151 [5]
$22,530,18,-1,500
4 150 
5 151 [5]
$23,531,18,-1,500
@dtm_id_tab 161 0
3 161 [1]
4 161 
@dtm_id 162 1
5 162 11
@dim_id 163 1
5 163 -1
3 65 NULL
3 66 [23]
$2*-1,-1025,-2049,2*-1,-16777217,-1,134217727,5*0,2097152,0,2,3*0,1048576,
$2*0
3 67 NULL
3 68 ->
4 69 0
4 70 0
2 71 
3 72 [4]
4 72 ->
5 73 34
5 74 12
5 75 9
5 76 0
5 77 [2][2]
$2*BFC8
$2*3FC8
5 78 ->
6 79 [4][3]
$3FF,2*0
$0,3FF,0
$2*0,3FF
$3*0
5 80 ->
@frst_cntr_crv_hdr_ptr 164 1
6 164 13
@trv 165 1
6 165 1
@envlp 166 2
6 166 [2][2]
$2*BFC8
$2*3FC8
@next_cntr_ptr 167 0
5 167 ->
6 164 38
6 165 -1
6 166 [2][2]
$BFC,BFC0035FA3171A76
$3FC,3FC0035FA3171A76
5 167 NULL
5 81 15
5 82 -1
5 83 [2][3]
$2*BFC8,0
$2*3FC8,0
4 72 ->
5 73 34
5 74 15
5 75 9
5 76 0
5 77 [2][2]
$2*BFC8
$2*3FC8
5 78 ->
6 79 [4][3]
$3FF,2*0
$0,3FF,0
$2*0,3FF
$2*0,3FB810624DD2F1AR
5 80 ->
6 164 16
6 165 1
6 166 [2][2]
$2*BFC8
$2*3FC8
5 167 ->
6 164 40
6 165 -1
6 166 [2][2]
$BFC,BFC0035FA3171A76
$3FC,3FC0035FA3171A76
5 167 NULL
5 81 18
5 82 1
5 83 [2][3]
$2*BFC8,3FB810624DD2F1AR
$2*3FC8,3FB810624DD2F1AR
4 72 ->
5 73 36
5 74 18
5 75 9
5 76 0
5 77 [2][2]
$2*0
$400921FB54442D18,3FB810624DD2F1AR
@srf_prim_ptr(cylinder) 168 0
5 168 ->
@local_sys 169 2
6 169 [4][3]
$3FF,2*0
$0,3FF,0
$2*0,3FF
$3*0
@radius 170 2
6 170 3FC8
5 80 ->
6 164 13
6 165 1
6 166 [2][2]
$2*0
$400921FB54442D18,3FB810624DD2F1AR
5 167 NULL
5 81 20
5 82 1
5 83 [2][3]
$BFC8,2*0
$2*3FC8,3FB810624DD2F1AR
4 72 ->
5 73 36
5 74 20
5 75 9
5 76 0
5 77 [2][2]
$400921FB54442D18,0
$401921FB54442D18,3FB810624DD2F1AR
5 168 ->
6 169 [4][3]
$3FF,2*0
$0,3FF,0
$2*0,3FF
$3*0
6 170 3FC8
5 80 ->
6 164 14
6 165 1
6 166 [2][2]
$400921FB54442D18,0
$401921FB54442D18,3FB810624DD2F1AR
5 167 NULL
5 81 32
5 82 1
5 83 [2][3]
$2*BFC8,0
$3FC8,0,3FB810624DD2F1AR
@crv_array 171 0
3 171 [6]
4 171 ->
@crv_id 172 1
5 172 13
@feat_id 173 1
5 173 9
@type 174 1
5 174 0
@crv_pnt_dir 175 1
5 175 [2]
$1,-1
@crv_pnt_arr 176 2
5 176 [23][4]
$3FC8,3*0
$3FC7C176832A323R,3F9B530F1616E748,3FC247426BD47DE3,0
$3FC7071FF4D9FC41,3FAB0BDBFC31D4A,3FD247426BD47DE3,0
$3FC5D4C76B32A10F,3FB3F09EA3554E08,3FDB6AE3A1BEBCD3,0
$3FC430A9658BB48C,3FB9F364F519041,3FE247426BD47DE2,0
$3FC223534C6B9E7A,3FBF6EEDBF3304C9,3FE6D91306C99D5A,0
$3FBF6EEDBF3304CA,3FC223534C6B9E79,3FEB6AE3A1BEBCD4,0
$3FB9F364F519041,3FC430A9658BB48C,3FEFFCB43CB3DC4E,0
$3FB3F09EA3554E08,3FC5D4C76B32A10F,3FF247426BD47DE3,0
$3FAB0BDBFC31D49C,3FC7071FF4D9FC42,3FF4902AB94F0DA,0
$3F9B530F1616E75,3FC7C176832A323R,3FF6D91306C99D5B,0
$0,3FC8,3FF921FB54442D18,0
$BF9B530F1616E74R,3FC7C176832A3234,3FFB6AE3A1BEBCD4,0
$BFAB0BDBFC31D4A2,3FC7071FF4D9FC41,3FFDB3CBEF394C91,0
$BFB3F09EA3554E08,3FC5D4C76B32A10F,3FFFFCB43CB3DC4D,0
$BFB9F364F519040E,3FC430A9658BB48C,400122CE45173604,0
$BFBF6EEDBF3304CA,3FC223534C6B9E79,400247426BD47DE3,0
$BFC223534C6B9E79,3FBF6EEDBF3304CA,40036BB69291C5C1,0
$BFC430A9658BB48C,3FB9F364F519040E,4004902AB94F0DA,0
$BFC5D4C76B32A10F,3FB3F09EA3554E06,4005B49EE00C557E,0
$BFC7071FF4D9FC4,3FAB0BDBFC31D4A6,4006D91306C99D5B,0
$BFC7C176832A3234,3F9B530F1616E74R,4007FD872D86E53A,0
$BFC8,0,400921FB54442D18,0
@crv_hdr_geom_ptr[0] 177 1
5 177 12
@crv_hdr_geom_ptr[1] 178 1
5 178 18
@next_crv_hdr_ptr[0] 179 1
5 179 14
@next_crv_hdr_ptr[1] 180 1
5 180 19
@ref_geom[0] 181 1
5 181 0
@ref_geom[1] 182 1
5 182 0
4 171 ->
5 172 14
5 173 9
5 174 0
5 175 [2]
$1,-1
5 176 [23][4]
$BFC8,0,400921FB54442D18,0
$BFC7C176832A3234,BF9B530F1616E74R,400A466F7B0174F6,0
$BFC7071FF4D9FC42,BFAB0BDBFC31D49C,400B6AE3A1BEBCD4,0
$BFC5D4C76B32A10F,BFB3F09EA3554E06,400C8F57C87C04B2,0
$BFC430A9658BB48B,BFB9F364F5190412,400DB3CBEF394C91,0
$BFC223534C6B9E79,BFBF6EEDBF3304CA,400ED84015F6946F,0
$BFBF6EEDBF3304CA,BFC223534C6B9E79,400FFCB43CB3DC4D,0
$BFB9F364F519040E,BFC430A9658BB48C,4010909431B89216,0
$BFB3F09EA3554E06,BFC5D4C76B32A10F,401122CE45173605,0
$BFAB0BDBFC31D49C,BFC7071FF4D9FC42,4011B5085875D9F4,0
$BF9B530F1616E74R,BFC7C176832A3234,401247426BD47DE3,0
$0,BFC8,4012D97C7F3321D2,0
$3F9B530F1616E74R,BFC7C176832A3234,40136BB69291C5C1,0
$3FAB0BDBFC31D49C,BFC7071FF4D9FC42,4013FDF0A5F069B,0
$3FB3F09EA3554E06,BFC5D4C76B32A10F,4014902AB94F0D9F,0
$3FB9F364F519040E,BFC430A9658BB48C,40152264CCADB18E,0
$3FBF6EEDBF3304CF,BFC223534C6B9E76,4015B49EE00C557E,0
$3FC223534C6B9E76,BFBF6EEDBF3304CF,401646D8F36AF96C,0
$3FC430A9658BB48C,BFB9F364F519040E,4016D91306C99D5C,0
$3FC5D4C76B32A10F,BFB3F09EA3554E06,40176B4D1A28414B,0
$3FC7071FF4D9FC42,BFAB0BDBFC31D49C,4017FD872D86E53A,0
$3FC7C176832A3234,BF9B530F1616E74R,40188FC140E58929,0
$3FC8,0,401921FB54442D18,0
5 177 12
5 178 20
5 179 13
5 180 21
5 181 0
5 182 0
4 171 ->
5 172 16
5 173 9
5 174 0
5 175 [2]
$-1,1
5 176 [23][4]
$3FC8,2*0,3FB810624DD2F1AR
$3FC7C176832A323R,3F9B530F1616E748,3FC247426BD47DE3,3FB810624DD2F1AR
$3FC7071FF4D9FC41,3FAB0BDBFC31D4A,3FD247426BD47DE3,3FB810624DD2F1AR
$3FC5D4C76B32A10F,3FB3F09EA3554E08,3FDB6AE3A1BEBCD3,3FB810624DD2F1AR
$3FC430A9658BB48C,3FB9F364F519041,3FE247426BD47DE2,3FB810624DD2F1AR
$3FC223534C6B9E7A,3FBF6EEDBF3304C9,3FE6D91306C99D5A,3FB810624DD2F1AR
$3FBF6EEDBF3304CA,3FC223534C6B9E79,3FEB6AE3A1BEBCD4,3FB810624DD2F1AR
$3FB9F364F519041,3FC430A9658BB48C,3FEFFCB43CB3DC4E,3FB810624DD2F1AR
$3FB3F09EA3554E08,3FC5D4C76B32A10F,3FF247426BD47DE3,3FB810624DD2F1AR
$3FAB0BDBFC31D49C,3FC7071FF4D9FC42,3FF4902AB94F0DA,3FB810624DD2F1AR
$3F9B530F1616E75,3FC7C176832A323R,3FF6D91306C99D5B,3FB810624DD2F1AR
$0,3FC8,3FF921FB54442D18,3FB810624DD2F1AR
$BF9B530F1616E74R,3FC7C176832A3234,3FFB6AE3A1BEBCD4,3FB810624DD2F1AR
$BFAB0BDBFC31D4A2,3FC7071FF4D9FC41,3FFDB3CBEF394C91,3FB810624DD2F1AR
$BFB3F09EA3554E08,3FC5D4C76B32A10F,3FFFFCB43CB3DC4D,3FB810624DD2F1AR
$BFB9F364F519040E,3FC430A9658BB48C,400122CE45173604,3FB810624DD2F1AR
$BFBF6EEDBF3304CA,3FC223534C6B9E79,400247426BD47DE3,3FB810624DD2F1AR
$BFC223534C6B9E79,3FBF6EEDBF3304CA,40036BB69291C5C1,3FB810624DD2F1AR
$BFC430A9658BB48C,3FB9F364F519040E,4004902AB94F0DA,3FB810624DD2F1AR
$BFC5D4C76B32A10F,3FB3F09EA3554E06,4005B49EE00C557E,3FB810624DD2F1AR
$BFC7071FF4D9FC4,3FAB0BDBFC31D4A6,4006D91306C99D5B,3FB810624DD2F1AR
$BFC7C176832A3234,3F9B530F1616E74R,4007FD872D86E53A,3FB810624DD2F1AR
$BFC8,0,400921FB54442D18,3FB810624DD2F1AR
5 177 15
5 178 18
5 179 17
5 180 21
5 181 0
5 182 0
4 171 ->
5 172 17
5 173 9
5 174 0
5 175 [2]
$-1,1
5 176 [23][4]
$BFC8,0,400921FB54442D18,3FB810624DD2F1AR
$BFC7C176832A3234,BF9B530F1616E74R,400A466F7B0174F6,3FB810624DD2F1AR
$BFC7071FF4D9FC42,BFAB0BDBFC31D49C,400B6AE3A1BEBCD4,3FB810624DD2F1AR
$BFC5D4C76B32A10F,BFB3F09EA3554E06,400C8F57C87C04B2,3FB810624DD2F1AR
$BFC430A9658BB48B,BFB9F364F5190412,400DB3CBEF394C91,3FB810624DD2F1AR
$BFC223534C6B9E79,BFBF6EEDBF3304CA,400ED84015F6946F,3FB810624DD2F1AR
$BFBF6EEDBF3304CA,BFC223534C6B9E79,400FFCB43CB3DC4D,3FB810624DD2F1AR
$BFB9F364F519040E,BFC430A9658BB48C,4010909431B89216,3FB810624DD2F1AR
$BFB3F09EA3554E06,BFC5D4C76B32A10F,401122CE45173605,3FB810624DD2F1AR
$BFAB0BDBFC31D49C,BFC7071FF4D9FC42,4011B5085875D9F4,3FB810624DD2F1AR
$BF9B530F1616E74R,BFC7C176832A3234,401247426BD47DE3,3FB810624DD2F1AR
$0,BFC8,4012D97C7F3321D2,3FB810624DD2F1AR
$3F9B530F1616E74R,BFC7C176832A3234,40136BB69291C5C1,3FB810624DD2F1AR
$3FAB0BDBFC31D49C,BFC7071FF4D9FC42,4013FDF0A5F069B,3FB810624DD2F1AR
$3FB3F09EA3554E06,BFC5D4C76B32A10F,4014902AB94F0D9F,3FB810624DD2F1AR
$3FB9F364F519040E,BFC430A9658BB48C,40152264CCADB18E,3FB810624DD2F1AR
$3FBF6EEDBF3304CF,BFC223534C6B9E76,4015B49EE00C557E,3FB810624DD2F1AR
$3FC223534C6B9E76,BFBF6EEDBF3304CF,401646D8F36AF96C,3FB810624DD2F1AR
$3FC430A9658BB48C,BFB9F364F519040E,4016D91306C99D5C,3FB810624DD2F1AR
$3FC5D4C76B32A10F,BFB3F09EA3554E06,40176B4D1A28414B,3FB810624DD2F1AR
$3FC7071FF4D9FC42,BFAB0BDBFC31D49C,4017FD872D86E53A,3FB810624DD2F1AR
$3FC7C176832A3234,BF9B530F1616E74R,40188FC140E58929,3FB810624DD2F1AR
$3FC8,0,401921FB54442D18,3FB810624DD2F1AR
5 177 15
5 178 20
5 179 16
5 180 19
5 181 0
5 182 0
4 171 ->
5 172 19
5 173 9
5 174 1
5 175 [2]
$1,-1
5 176 [2][4]
$2*0,401921FB54442D18,0
$0,3FB810624DD2F1AR,401921FB54442D18,3FB810624DD2F1AR
5 177 18
5 178 20
5 179 16
5 180 14
5 181 0
5 182 0
4 171 ->
5 172 21
5 173 9
5 174 1
5 175 [2]
$1,-1
5 176 [2][4]
$400921FB54442D18,0,400921FB54442D18,0
$400921FB54442D18,3FB810624DD2F1AR,400921FB54442D18,3FB810624DD2F1AR
5 177 20
5 178 18
5 179 17
5 180 13
5 181 0
5 182 0
2 84 NULL
2 85 ->
2 86 ->
3 87 [4][3]
$3FF,2*0
$0,3FF,0
$2*0,3FF
$3*0
3 88 [1]
4 88 ->
5 89 1853
5 90 0
5 91 0
5 92 -1
5 93 -1
5 94 -1
5 95 0
5 96 0
5 97 0
5 98 [1]
6 98 ->
7 99 6
7 104 ->
8 105 [1]
9 105 -100
3 106 -1
3 107 0
3 108 [1]
4 108 
5 109 1
5 110 0
5 111 [4][3]
$3FF,2*0
$0,3FF,0
$2*0,3FF
$3*0
2 112 NULL
2 113 12
@gsec_ptr 183 0
2 183 [1]
3 183 
@type 184 1
4 184 2
@name 185 10
4 185 S2D0003
@gsec2d_ptr 186 0
4 186 ->
@name 187 10
5 187 S2D0003
@segtab_ptr 188 0
5 188 [3]
6 188 
@type 189 1
7 189 10
@dir 190 1
7 190 [3]
$3*0
@pointid 191 1
7 191 [2]
$2*0
@cntrid 192 1
7 192 0
@arcorient 193 1
7 193 0
@verhor 194 1
7 194 0
@radius 195 1
7 195 0
@ext_id 196 1
7 196 0
@gen_info 197 0
7 197 
@known_ent_info 198 0
7 198 
@attr 199 1
8 199 0
@known_ent_id 200 1
8 200 -1
6 188 
7 189 32770
7 190 [3]
$1,2*0
7 191 [2]
$1,2
7 192 2
7 193 0
7 194 1
7 195 0
7 196 1
7 197 
@attributes 201 1
8 201 8
7 198 
8 199 0
8 200 -1
6 188 
7 189 32770
7 190 [3]
$0,-1,0
7 191 [2]
$3,4
7 192 4
7 193 0
7 194 0
7 195 0
7 196 2
7 197 
8 201 8
7 198 
8 199 0
8 200 -1
@dimtab_ptr 202 0
5 202 [3]
6 202 
@type 203 1
7 203 42
@value 204 2
7 204 0
@direct 205 1
7 205 0
@property 206 1
7 206 0
@leftpt 207 1
7 207 [2]
@rightpt 208 1
7 208 [2]
@offset 209 2
7 209 0
@ext_id 210 1
7 210 0
@dispdimattr 211 0
7 211 
@dimattr 212 1
8 212 [2]
$2*0
@dim_ref 213 0
7 213 [2]
8 213 
@item_id 214 1
9 214 1
@sense 215 1
9 215 4
@point 216 1
9 216 [2]
$2*-1
8 213 
9 214 0
9 215 3
9 216 [2]
$2*-1
6 202 
7 203 42
7 204 0
7 205 0
7 206 0
7 207 [2]
7 208 [2]
7 209 0
7 210 1
7 211 
8 212 [2]
$2*0
7 213 [2]
8 213 
9 214 2
9 215 4
9 216 [2]
$2*-1
8 213 
9 214 0
9 215 3
9 216 [2]
$2*-1
6 202 
7 203 4
7 204 3FC8
7 205 0
7 206 0
7 207 [2]
7 208 [2]
7 209 0
7 210 3
7 211 
8 212 [2]
$34,0
7 213 [2]
8 213 
9 214 0
9 215 -1
9 216 [2]
$2*-1
8 213 
9 214 0
9 215 -1
9 216 [2]
$2*-1
@relat_ptr 217 0
5 217 [3]
6 217 
@id 218 1
7 218 -1
@used 219 1
7 219 0
@a 220 1
7 220 [4]
$0,1,2*-1
@b 221 1
7 221 [4]
$2*1,2*0
@c 222 2
7 222 [4]
$3FF,BFF,3FF,0
@sign 223 1
7 223 0
@idim 224 1
7 224 -1
@type 225 1
7 225 0
6 217 
7 218 -1
7 219 0
7 220 [4]
$0,3,2*-1
7 221 [4]
$4*0
7 222 [4]
$3FF,BFF,3FF,0
7 223 0
7 224 -1
7 225 0
6 217 
7 218 -1
7 219 0
7 220 [4]
$4*0
7 221 [4]
$4*0
7 222 [4]
$4*3FF
7 223 1
7 224 2
7 225 14
@formula_ptr 226 1
5 226 [3]
$0,1,2
@qind 227 1
5 227 -1
@anchor 228 0
5 228 NULL
@totalpointid 229 1
5 229 5
@checkarcs_flag 230 1
5 230 1
@location 231 0
5 231 ->
@id 232 1
6 232 0
@param 233 2
6 233 0
@type 234 1
6 234 0
@nsket_info 235 0
5 235 ->
@scale 236 2
6 236 40720ACD59EED1E9
@m 237 1
6 237 0
@last_was_permanent 238 1
6 238 0
@unsolved_ptr 239 0
5 239 ->
@iges_file 240 10
6 240 NULL
@solve_version 241 1
5 241 1
@segdscr_tab 242 0
5 242 [3]
6 242 
@ent_mode 243 1
7 243 0
6 242 
7 243 0
6 242 
7 243 0
@gsec3d_ptr 244 0
4 244 ->
@type 245 1
5 245 7
@name 246 10
5 246 S2D0003
@flip 247 1
5 247 1
@own_ref_id 248 1
5 248 -1
@first_chain_ptr 249 0
5 249 NULL
@quilt_id 250 1
5 250 -1
@plane_id 251 1
5 251 11
@plane_flip 252 1
5 252 -1
@ref_planes 253 0
5 253 [2]
6 253 
@plane_id 254 1
7 254 4
@ref_type 255 1
7 255 5
@ext_ref_id 256 1
7 256 -1
@seg_id 257 1
7 257 1
@flip_flag 258 1
7 258 0
@save_entity_ptr(line) 259 0
7 259 ->
@type 260 1
8 260 32770
@id 261 1
8 261 0
@gen_info 262 0
8 262 
9 201 8
@end1 263 2
8 263 [3]
$3*0
@end2 264 2
8 264 [3]
$4059,2*0
@back_entity_ptr(line) 265 0
7 265 ->
8 260 32770
8 261 0
8 262 
9 201 8
8 263 [3]
$3*0
8 264 [3]
$4059,2*0
6 253 
7 254 2
7 255 5
7 256 -1
7 257 2
7 258 0
7 259 ->
8 260 32770
8 261 0
8 262 
9 201 8
8 263 [3]
$3*0
8 264 [3]
$0,C059,0
7 265 ->
8 260 32770
8 261 0
8 262 
9 201 8
8 263 [3]
$3*0
8 264 [3]
$0,C059,0
@order_ptr 266 0
4 266 [2]
5 266 
@id 267 1
6 267 0
@flip 268 1
6 268 2
5 266 
6 267 0
6 268 4
@dim_id_tab 269 1
4 269 [3]
$1,2,3
@attributes 270 1
4 270 0
@xsec_id 271 1
4 271 -1
@gsec_info_arr 272 0
4 272 [1]
5 272 
@application_type 273 1
6 273 2
@application_id 274 1
6 274 -100
@secsolve_revnum 275 1
4 275 0
@rel_accuracy 276 2
4 276 BFF
@p_saved_result 277 0
4 277 NULL
2 114 -1
2 115 NULL
2 116 NULL
2 152 [3]
$1,3,10
2 117 ->
3 118 0
3 119 0
3 120 [2][3]
$3*0
$3*0
3 121 0
3 122 NULL
3 123 -1
2 124 -1
2 125 NULL
2 126 -1
2 127 NULL
1 128 ->
2 37 24
2 38 1
2 39 ->
3 40 1
3 41 911
3 42 NULL
3 43 1
3 44 [3]
$3*0
3 45 3
3 46 991
3 47 -1
3 48 ->
4 49 0
4 50 1052672
4 51 -1
4 52 970
4 53 -1
4 54 -1
4 55 0
4 56 0
4 57 0
4 58 0
3 59 0
2 60 -1
2 61 no_name
2 62 2
2 153 ->
3 154 16395
3 155 36
3 156 
3 157 32
3 158 [3]
$2*0,3FB810624DD2F1AR
3 159 [3]
$3FC,0,3FB810624DD2F1AR
2 153 ->
3 154 16397
3 155 37
3 156 
3 157 32
3 158 [3]
$2*0,3FB810624DD2F1AR
3 159 [3]
$3*0
2 139 ->
3 140 19
3 141 A_2
3 142 1
3 143 [3]
$3*0
3 144 -1
3 145 33
3 146 BFF
3 147 BFF
3 148 
3 149 BFF
2 63 ->
3 64 [4][4]
$26,204,2*0
$29,203,2*0
$32,200,2*0
$34,200,-1,0
3 160 [12][6]
$27,221,3*0,32
$28,221,-1,2*0,34
$30,222,3*0,29
$31,222,-1,2*0,29
$33,220,3*0,34
$35,220,-1,2*0,32
$38,223,12,32,0,12
$39,223,12,34,0,12
$40,226,15,32,0,32
$41,226,15,34,0,34
$42,224,33,2*0,34
$43,224,35,2*0,32
3 150 [2]
4 150 
5 151 [5]
$36,530,32,-1,500
4 150 
5 151 [5]
$37,531,32,-1,500
@par_id_tab 278 1
3 278 [1]
4 278 4
3 65 NULL
3 66 [23]
$2*-1,-1025,-2049,2*-1,-16777217,-1,134217727,5*0,2097152,0,2,3*0,1048576,
$2*0
3 67 NULL
3 68 ->
4 69 0
4 70 0
2 71 
3 72 [4]
4 72 ->
5 73 34
5 74 26
5 75 24
5 76 -1
5 77 [2][2]
$2*BFC
$2*3FC
5 78 ->
6 79 [4][3]
$BFF,2*0
$0,3FF,0
$2*0,BFF
$2*0,3FB810624DD2F1AR
5 80 ->
6 164 27
6 165 1
6 166 [2][2]
$2*BFC
$2*3FC
5 167 NULL
5 81 29
5 82 1
5 83 [2][3]
$2*BFC,3FB810624DD2F1AR
$2*3FC,3FB810624DD2F1AR
4 72 ->
5 73 34
5 74 29
5 75 24
5 76 -1
5 77 [2][2]
$2*BFC
$2*3FC
5 78 ->
6 79 [4][3]
$BFF,2*0
$0,3FF,0
$2*0,BFF
$2*0,BF83404EA4A8C158
5 80 ->
6 164 30
6 165 1
6 166 [2][2]
$2*BFC
$2*3FC
5 167 NULL
5 81 0
5 82 -1
5 83 [2][3]
$2*BFC,BF83404EA4A8C158
$2*3FC,BF83404EA4A8C158
4 72 ->
5 73 36
5 74 32
5 75 24
5 76 0
5 77 [2][2]
$2*0
$400921FB54442D18,3FB810624DD2F1AR
5 168 ->
6 169 [4][3]
$BFF,2*0
$0,3FF,0
$2*0,BFF
$2*0,3FB810624DD2F1AR
6 170 3FC
5 80 ->
6 164 38
6 165 1
6 166 [2][2]
$2*0
$400921FB54442D18,3FB810624DD2F1AR
5 167 NULL
5 81 34
5 82 -1
5 83 [2][3]
$BFC,2*0
$2*3FC,3FB810624DD2F1AR
4 72 ->
5 73 36
5 74 34
5 75 24
5 76 0
5 77 [2][2]
$400921FB54442D18,0
$401921FB54442D18,3FB810624DD2F1AR
5 168 ->
6 169 [4][3]
$BFF,2*0
$0,3FF,0
$2*0,BFF
$2*0,3FB810624DD2F1AR
6 170 3FC
5 80 ->
6 164 39
6 165 1
6 166 [2][2]
$400921FB54442D18,0
$401921FB54442D18,3FB810624DD2F1AR
5 167 NULL
5 81 0
5 82 -1
5 83 [2][3]
$2*BFC,0
$3FC,0,3FB810624DD2F1AR
3 171 [12]
4 171 ->
5 172 27
5 173 24
5 174 0
5 175 [2]
$-1,1
5 176 [21][4]
$3FC,3*0
$3FBF9B24942FE45C,3F94060B67A85375,3FC41B2F769CF0DF,0
$3FBE6F0E134454FR,3FA3C6EF372FE95,3FD41B2F769CF0E,0
$3FBC83201D3D2C6D,3FAD0E2E2B44DE01,3FDE28C731EB695,0
$3FB9E3779B97F4A8,3FB2CF2304755A5E,3FE41B2F769CF0E,0
$2*3FB6A09E667F3BCR,3FE921FB54442D18,0
$3FB2CF2304755A5E,3FB9E3779B97F4A8,3FEE28C731EB695,0
$3FAD0E2E2B44DE01,3FBC83201D3D2C6D,3FF197C987C952C4,0
$3FA3C6EF372FE95,3FBE6F0E134454FR,3FF41B2F769CF0E,0
$3F94060B67A85375,3FBF9B24942FE45C,3FF69E9565708EFC,0
$0,3FC,3FF921FB54442D18,0
$BF94060B67A8537D,3FBF9B24942FE45B,3FFBA5614317CB35,0
$BFA3C6EF372FE95,3FBE6F0E134454FR,3FFE28C731EB695,0
$BFAD0E2E2B44DE01,3FBC83201D3D2C6D,40005616905F83B6,0
$BFB2CF2304755A5E,3FB9E3779B97F4A8,400197C987C952C4,0
$BFB6A09E667F3BCR,3FB6A09E667F3BCR,4002D97C7F3321D2,0
$BFB9E3779B97F4A8,3FB2CF2304755A5E,40041B2F769CF0E,0
$BFBC83201D3D2C6D,3FAD0E2E2B44DE01,40055CE26E06BFER,0
$BFBE6F0E134454FR,3FA3C6EF372FE95,40069E9565708EFC,0
$BFBF9B24942FE45C,3F94060B67A85375,4007E0485CDA5E0A,0
$BFC,0,400921FB54442D18,0
5 177 26
5 178 32
5 179 28
5 180 35
5 181 0
5 182 0
4 171 ->
5 172 28
5 173 24
5 174 0
5 175 [2]
$-1,1
5 176 [21][4]
$BFC,0,400921FB54442D18,0
$BFBF9B24942FE45C,BF94060B67A85375,400A63AE4BADFC26,0
$BFBE6F0E134454FR,BFA3C6EF372FE95,400BA5614317CB34,0
$BFBC83201D3D2C6D,BFAD0E2E2B44DE01,400CE7143A819A42,0
$BFB9E3779B97F4A8,BFB2CF2304755A5E,400E28C731EB695,0
$2*BFB6A09E667F3BCR,400F6A7A2955385E,0
$BFB2CF2304755A5E,BFB9E3779B97F4A8,40105616905F83B6,0
$BFAD0E2E2B44DE01,BFBC83201D3D2C6D,4010F6F00C146B3D,0
$BFA3C6EF372FE95,BFBE6F0E134454FR,401197C987C952C4,0
$BF94060B67A85375,BFBF9B24942FE45C,401238A3037E3A4B,0
$0,BFC,4012D97C7F3321D2,0
$3F94060B67A85375,BFBF9B24942FE45C,40137A55FAE80959,0
$3FA3C6EF372FE95,BFBE6F0E134454FR,40141B2F769CF0E,0
$3FAD0E2E2B44DE01,BFBC83201D3D2C6D,4014BC08F251D867,0
$3FB2CF2304755A5E,BFB9E3779B97F4A8,40155CE26E06BFER,0
$3FB6A09E667F3BCR,BFB6A09E667F3BCR,4015FDBBE9BBA775,0
$3FB9E3779B97F4A8,BFB2CF2304755A5E,40169E9565708EFC,0
$3FBC83201D3D2C6D,BFAD0E2E2B44DE01,40173F6EE1257683,0
$3FBE6F0E134454FR,BFA3C6EF372FE95,4017E0485CDA5E0A,0
$3FBF9B24942FE45C,BF94060B67A85375,40188121D88F4591,0
$3FC,0,401921FB54442D18,0
5 177 26
5 178 34
5 179 27
5 180 33
5 181 0
5 182 0
4 171 ->
5 172 30
5 173 24
5 174 0
5 175 [2]
$1,-1
5 176 [21][4]
$3FC,2*0,3FBA786C226809D5
$3FBF9B24942FE45C,3F94060B67A85375,3FC41B2F769CF0DF,3FBA786C226809D5
$3FBE6F0E134454FR,3FA3C6EF372FE95,3FD41B2F769CF0E,3FBA786C226809D5
$3FBC83201D3D2C6D,3FAD0E2E2B44DE01,3FDE28C731EB695,3FBA786C226809D5
$3FB9E3779B97F4A8,3FB2CF2304755A5E,3FE41B2F769CF0E,3FBA786C226809D5
$2*3FB6A09E667F3BCR,3FE921FB54442D18,3FBA786C226809D5
$3FB2CF2304755A5E,3FB9E3779B97F4A8,3FEE28C731EB695,3FBA786C226809D5
$3FAD0E2E2B44DE01,3FBC83201D3D2C6D,3FF197C987C952C4,3FBA786C226809D5
$3FA3C6EF372FE95,3FBE6F0E134454FR,3FF41B2F769CF0E,3FBA786C226809D5
$3F94060B67A85375,3FBF9B24942FE45C,3FF69E9565708EFC,3FBA786C226809D5
$0,3FC,3FF921FB54442D18,3FBA786C226809D5
$BF94060B67A8537D,3FBF9B24942FE45B,3FFBA5614317CB35,3FBA786C226809D5
$BFA3C6EF372FE95,3FBE6F0E134454FR,3FFE28C731EB695,3FBA786C226809D5
$BFAD0E2E2B44DE01,3FBC83201D3D2C6D,40005616905F83B6,3FBA786C226809D5
$BFB2CF2304755A5E,3FB9E3779B97F4A8,400197C987C952C4,3FBA786C226809D5
$BFB6A09E667F3BCR,3FB6A09E667F3BCR,4002D97C7F3321D2,3FBA786C226809D5
$BFB9E3779B97F4A8,3FB2CF2304755A5E,40041B2F769CF0E,3FBA786C226809D5
$BFBC83201D3D2C6D,3FAD0E2E2B44DE01,40055CE26E06BFER,3FBA786C226809D5
$BFBE6F0E134454FR,3FA3C6EF372FE95,40069E9565708EFC,3FBA786C226809D5
$BFBF9B24942FE45C,3F94060B67A85375,4007E0485CDA5E0A,3FBA786C226809D5
$BFC,0,400921FB54442D18,3FBA786C226809D5
5 177 29
5 178 32
5 179 31
5 180 33
5 181 0
5 182 0
4 171 ->
5 172 31
5 173 24
5 174 0
5 175 [2]
$1,-1
5 176 [21][4]
$BFC,0,400921FB54442D18,3FBA786C226809D5
$BFBF9B24942FE45C,BF94060B67A85375,400A63AE4BADFC26,3FBA786C226809D5
$BFBE6F0E134454FR,BFA3C6EF372FE95,400BA5614317CB34,3FBA786C226809D5
$BFBC83201D3D2C6D,BFAD0E2E2B44DE01,400CE7143A819A42,3FBA786C226809D5
$BFB9E3779B97F4A8,BFB2CF2304755A5E,400E28C731EB695,3FBA786C226809D5
$2*BFB6A09E667F3BCR,400F6A7A2955385E,3FBA786C226809D5
$BFB2CF2304755A5E,BFB9E3779B97F4A8,40105616905F83B6,3FBA786C226809D5
$BFAD0E2E2B44DE01,BFBC83201D3D2C6D,4010F6F00C146B3D,3FBA786C226809D5
$BFA3C6EF372FE95,BFBE6F0E134454FR,401197C987C952C4,3FBA786C226809D5
$BF94060B67A85375,BFBF9B24942FE45C,401238A3037E3A4B,3FBA786C226809D5
$0,BFC,4012D97C7F3321D2,3FBA786C226809D5
$3F94060B67A85375,BFBF9B24942FE45C,40137A55FAE80959,3FBA786C226809D5
$3FA3C6EF372FE95,BFBE6F0E134454FR,40141B2F769CF0E,3FBA786C226809D5
$3FAD0E2E2B44DE01,BFBC83201D3D2C6D,4014BC08F251D867,3FBA786C226809D5
$3FB2CF2304755A5E,BFB9E3779B97F4A8,40155CE26E06BFER,3FBA786C226809D5
$3FB6A09E667F3BCR,BFB6A09E667F3BCR,4015FDBBE9BBA775,3FBA786C226809D5
$3FB9E3779B97F4A8,BFB2CF2304755A5E,40169E9565708EFC,3FBA786C226809D5
$3FBC83201D3D2C6D,BFAD0E2E2B44DE01,40173F6EE1257683,3FBA786C226809D5
$3FBE6F0E134454FR,BFA3C6EF372FE95,4017E0485CDA5E0A,3FBA786C226809D5
$3FBF9B24942FE45C,BF94060B67A85375,40188121D88F4591,3FBA786C226809D5
$3FC,0,401921FB54442D18,3FBA786C226809D5
5 177 29
5 178 34
5 179 30
5 180 35
5 181 0
5 182 0
4 171 ->
5 172 33
5 173 24
5 174 1
5 175 [2]
$-1,1
5 176 [2][4]
$2*0,401921FB54442D18,0
$0,3FBA786C226809D5,401921FB54442D18,3FBA786C226809D5
5 177 32
5 178 34
5 179 0
5 180 0
5 181 0
5 182 0
4 171 ->
5 172 35
5 173 24
5 174 1
5 175 [2]
$-1,1
5 176 [2][4]
$400921FB54442D18,0,400921FB54442D18,0
$400921FB54442D18,3FBA786C226809D5,400921FB54442D18,3FBA786C226809D5
5 177 34
5 178 32
5 179 0
5 180 0
5 181 0
5 182 0
4 171 ->
5 172 38
5 173 24
5 174 0
5 175 [2]
$1,-1
5 176 [22][4]
$BFC,2*0,3FB810624DD2F1AR
$BFBFA4808B7D3C19,3F9313D12579650A,3FC32614D27D1629,3FB810624DD2F1AR
$BFBE940D6BB98CC6,3FA2DD44CE9AFBA6,3FD32614D27D1629,3FB810624DD2F1AR
$BFBCD4BCA9CB5C71,3FABC4C04D71ABBF,3FDCB91F3BBBA13E,3FB810624DD2F1AR
$BFBA708C4C4BFA74,3FB206B7C9520CEC,3FE32614D27D162A,3FB810624DD2F1AR
$BFB7752932F8FB64,3FB5C3F99E0B6B96,3FE7EF9A071C5BB7,3FB810624DD2F1AR
$BFB3F3A0E28BEDD1,3FB904C37505DE4B,3FECB91F3BBBA14,3FB810624DD2F1AR
$BFB,3FBBB67AE8584CAR,3FF0C152382D7365,3FB810624DD2F1AR
$BFA761BF51E29C92,3FBDC9B7BE64378E,3FF32614D27D162A,3FB810624DD2F1AR
$BF9C7B90E3024582,3FBF329C0558E969,3FF58AD76CCCB8F,3FB810624DD2F1AR
$BF832182EBFB0FDE,3FBFE917F00AE2CD,3FF7EF9A071C5BB6,3FB810624DD2F1AR
$3F832182EBFB0FDC,3FBFE917F00AE2CD,3FFA545CA16BFE7A,3FB810624DD2F1AR
$3F9C7B90E302458A,3FBF329C0558E968,3FFCB91F3BBBA141,3FB810624DD2F1AR
$3FA761BF51E29C92,3FBDC9B7BE64378E,3FFF1DE1D60B4406,3FB810624DD2F1AR
$3FB,3FBBB67AE8584CAB,4000C152382D7365,3FB810624DD2F1AR
$3FB3F3A0E28BEDD,3FB904C37505DE4C,4001F3B3855544C8,3FB810624DD2F1AR
$3FB7752932F8FB6R,3FB5C3F99E0B6B94,40032614D27D162B,3FB810624DD2F1AR
$3FBA708C4C4BFA73,3FB206B7C9520CER,400458761FA4E78D,3FB810624DD2F1AR
$3FBCD4BCA9CB5C6F,3FABC4C04D71ABC8,40058AD76CCCB8EF,3FB810624DD2F1AR
$3FBE940D6BB98CC5,3FA2DD44CE9AFBAD,4006BD38B9F48A52,3FB810624DD2F1AR
$3FBFA4808B7D3C19,3F9313D12579651R,4007EF9A071C5BB5,3FB810624DD2F1AR
$3FC,0,400921FB54442D18,3FB810624DD2F1AR
5 177 12
5 178 32
5 179 39
5 180 42
5 181 0
5 182 0
4 171 ->
5 172 39
5 173 24
5 174 0
5 175 [2]
$1,-1
5 176 [22][4]
$3FC,0,400921FB54442D18,3FB810624DD2F1AR
$3FBFA4808B7D3C19,BF9313D12579651R,400A545CA16BFE7B,3FB810624DD2F1AR
$3FBE940D6BB98CC6,BFA2DD44CE9AFBA5,400B86BDEE93CFDR,3FB810624DD2F1AR
$3FBCD4BCA9CB5C71,BFABC4C04D71ABC1,400CB91F3BBBA14,3FB810624DD2F1AR
$3FBA708C4C4BFA75,BFB206B7C9520CEA,400DEB8088E372A2,3FB810624DD2F1AR
$3FB7752932F8FB6R,BFB5C3F99E0B6B94,400F1DE1D60B4405,3FB810624DD2F1AR
$3FB3F3A0E28BEDD1,BFB904C37505DE4B,4010282191998AB4,3FB810624DD2F1AR
$3FB,BFBBB67AE8584CAD,4010C152382D736R,3FB810624DD2F1AR
$3FA761BF51E29C8B,BFBDC9B7BE64378F,40115A82DEC15C17,3FB810624DD2F1AR
$3F9C7B90E3024582,BFBF329C0558E969,4011F3B3855544C8,3FB810624DD2F1AR
$3F832182EBFB0FFE,BFBFE917F00AE2CD,40128CE42BE92D79,3FB810624DD2F1AR
$BF832182EBFB0FF4,BFBFE917F00AE2CD,40132614D27D162B,3FB810624DD2F1AR
$BF9C7B90E30245A2,BFBF329C0558E967,4013BF457910FEDR,3FB810624DD2F1AR
$BFA761BF51E29C9R,BFBDC9B7BE64378C,401458761FA4E78E,3FB810624DD2F1AR
$BFB,BFBBB67AE8584CA9,4014F1A6C638D03F,3FB810624DD2F1AR
$BFB3F3A0E28BEDD,BFB904C37505DE4C,40158AD76CCCB8F,3FB810624DD2F1AR
$BFB7752932F8FB5E,BFB5C3F99E0B6B9D,401624081360A1A,3FB810624DD2F1AR
$BFBA708C4C4BFA71,BFB206B7C9520CF1,4016BD38B9F48A52,3FB810624DD2F1AR
$BFBCD4BCA9CB5C71,BFABC4C04D71ABC1,4017566960887304,3FB810624DD2F1AR
$BFBE940D6BB98CC6,BFA2DD44CE9AFBA9,4017EF9A071C5BB5,3FB810624DD2F1AR
$BFBFA4808B7D3C1B,BF9313D1257964E2,401888CAADB04468,3FB810624DD2F1AR
$BFC,0,401921FB54442D18,3FB810624DD2F1AR
5 177 12
5 178 34
5 179 38
5 180 43
5 181 0
5 182 0
4 171 ->
5 172 40
5 173 24
5 174 0
5 175 [2]
$-1,1
5 176 [22][4]
$BFC,3*0
$BFBFA4808B7D3C19,3F9313D12579650A,3FC32614D27D1629,0
$BFBE940D6BB98CC6,3FA2DD44CE9AFBA6,3FD32614D27D1629,0
$BFBCD4BCA9CB5C71,3FABC4C04D71ABBF,3FDCB91F3BBBA13E,0
$BFBA708C4C4BFA74,3FB206B7C9520CEC,3FE32614D27D162A,0
$BFB7752932F8FB64,3FB5C3F99E0B6B96,3FE7EF9A071C5BB7,0
$BFB3F3A0E28BEDD1,3FB904C37505DE4B,3FECB91F3BBBA14,0
$BFB,3FBBB67AE8584CAR,3FF0C152382D7365,0
$BFA761BF51E29C92,3FBDC9B7BE64378E,3FF32614D27D162A,0
$BF9C7B90E3024582,3FBF329C0558E969,3FF58AD76CCCB8F,0
$BF832182EBFB0FDE,3FBFE917F00AE2CD,3FF7EF9A071C5BB6,0
$3F832182EBFB0FDC,3FBFE917F00AE2CD,3FFA545CA16BFE7A,0
$3F9C7B90E302458A,3FBF329C0558E968,3FFCB91F3BBBA141,0
$3FA761BF51E29C92,3FBDC9B7BE64378E,3FFF1DE1D60B4406,0
$3FB,3FBBB67AE8584CAB,4000C152382D7365,0
$3FB3F3A0E28BEDD,3FB904C37505DE4C,4001F3B3855544C8,0
$3FB7752932F8FB6R,3FB5C3F99E0B6B94,40032614D27D162B,0
$3FBA708C4C4BFA73,3FB206B7C9520CER,400458761FA4E78D,0
$3FBCD4BCA9CB5C6F,3FABC4C04D71ABC8,40058AD76CCCB8EF,0
$3FBE940D6BB98CC5,3FA2DD44CE9AFBAD,4006BD38B9F48A52,0
$3FBFA4808B7D3C19,3F9313D12579651R,4007EF9A071C5BB5,0
$3FC,0,400921FB54442D18,0
5 177 15
5 178 32
5 179 41
5 180 43
5 181 0
5 182 0
4 171 ->
5 172 41
5 173 24
5 174 0
5 175 [2]
$-1,1
5 176 [22][4]
$3FC,0,400921FB54442D18,0
$3FBFA4808B7D3C19,BF9313D125796512,400A545CA16BFE7B,0
$3FBE940D6BB98CC6,BFA2DD44CE9AFBA5,400B86BDEE93CFDR,0
$3FBCD4BCA9CB5C71,BFABC4C04D71ABC1,400CB91F3BBBA14,0
$3FBA708C4C4BFA75,BFB206B7C9520CEA,400DEB8088E372A2,0
$3FB7752932F8FB6R,BFB5C3F99E0B6B94,400F1DE1D60B4405,0
$3FB3F3A0E28BEDD1,BFB904C37505DE4B,4010282191998AB4,0
$3FB,BFBBB67AE8584CAD,4010C152382D736R,0
$3FA761BF51E29C8B,BFBDC9B7BE64378F,40115A82DEC15C17,0
$3F9C7B90E3024582,BFBF329C0558E969,4011F3B3855544C8,0
$3F832182EBFB0FFE,BFBFE917F00AE2CD,40128CE42BE92D79,0
$BF832182EBFB0FF4,BFBFE917F00AE2CD,40132614D27D162B,0
$BF9C7B90E30245A2,BFBF329C0558E967,4013BF457910FEDR,0
$BFA761BF51E29C9R,BFBDC9B7BE64378C,401458761FA4E78E,0
$BFB,BFBBB67AE8584CA9,4014F1A6C638D03F,0
$BFB3F3A0E28BEDD,BFB904C37505DE4C,40158AD76CCCB8F,0
$BFB7752932F8FB5E,BFB5C3F99E0B6B9D,401624081360A1A,0
$BFBA708C4C4BFA71,BFB206B7C9520CF1,4016BD38B9F48A52,0
$BFBCD4BCA9CB5C71,BFABC4C04D71ABC1,4017566960887304,0
$BFBE940D6BB98CC6,BFA2DD44CE9AFBA9,4017EF9A071C5BB5,0
$BFBFA4808B7D3C1B,BF9313D1257964E2,401888CAADB04468,0
$BFC,0,401921FB54442D18,0
5 177 15
5 178 34
5 179 40
5 180 42
5 181 0
5 182 0
4 171 ->
5 172 42
5 173 24
5 174 1
5 175 [2]
$-1,1
5 176 [2][4]
$2*0,401921FB54442D18,0
$0,3FB810624DD2F1AR,401921FB54442D18,3FB810624DD2F1AR
5 177 32
5 178 34
5 179 40
5 180 39
5 181 0
5 182 0
4 171 ->
5 172 43
5 173 24
5 174 1
5 175 [2]
$-1,1
5 176 [2][4]
$400921FB54442D18,0,400921FB54442D18,0
$400921FB54442D18,3FB810624DD2F1AR,400921FB54442D18,3FB810624DD2F1AR
5 177 34
5 178 32
5 179 41
5 180 38
5 181 0
5 182 0
2 84 NULL
2 85 ->
2 86 ->
3 87 [4][3]
$BFF,2*0
$0,3FF,0
$2*0,BFF
$2*0,3FB810624DD2F1AR
3 88 [2]
4 88 ->
5 89 5
5 90 0
5 91 -1
5 92 -1
5 93 15
5 94 26
5 95 0
5 96 0
5 97 0
5 98 [2]
6 98 ->
7 99 1
7 100 ->
8 101 -4
8 102 5
8 103 0
6 98 ->
7 99 6
7 104 ->
8 105 [1]
9 105 -100
4 88 ->
5 89 47
5 90 0
5 91 -1
5 92 -1
5 93 23
5 94 26
5 95 0
5 96 0
5 97 0
5 98 [2]
6 98 ->
7 99 1
7 100 ->
8 101 -4
8 102 5
8 103 0
6 98 ->
7 99 6
7 104 ->
8 105 [1]
9 105 -100
3 106 -1
3 107 0
3 108 [1]
4 108 
5 109 12
5 110 0
5 111 [4][3]
$BFF,2*0
$0,3FF,0
$2*0,BFF
$2*0,3FB810624DD2F1AR
2 112 NULL
2 113 26
2 114 -1
2 115 NULL
2 116 NULL
2 152 [1]
3 152 9
2 117 ->
@next_srf 279 0
3 279 [1]
4 279 
@p_srf 280 1
5 280 20
@next_geom_ptr 281 1
5 281 0
@bnd_type 282 0
3 282 [2]
4 282 
@p_srf 283 1
5 283 18
@boundary_type 284 1
5 284 1
4 282 
5 283 20
5 284 1
@contours 285 0
3 285 [2]
4 285 
@p_srf 286 1
5 286 12
@start_crv_arr 287 11
5 287 [1]
6 287 13
4 285 
5 286 15
5 287 [1]
6 287 16
3 118 12
3 119 0
3 120 [2][3]
$2*BFC8,0
$2*3FC8,3FB810624DD2F1AR
3 121 3FE13C2E5B8D8D0D
3 122 NULL
3 123 -1
2 124 -1
2 125 NULL
2 126 -1
2 127 NULL
1 128 NULL
@assem_mass_prop_ptr 288 0
1 288 NULL
@mass_prop_ptr 289 0
1 289 ->
@type 290 1
2 290 0
@density 291 2
2 291 0
@init_dens 292 5
2 292 0
@rel_density 293 2
2 293 0
@init_rel_dens 294 5
2 294 0
@aver_density 295 2
2 295 0
@vrevnum 296 1
2 296 -1
@volume 297 2
2 297 0
@cg 298 2
2 298 [3]
$3*0
@inertia 299 2
2 299 [3][3]
$3*0
$3*0
$3*0
@eps 300 2
2 300 0
@surfarea 301 2
2 301 0
@assign_mp_ptr 302 0
1 302 NULL
@tol_default_ptr 303 0
1 303 ->
@type 304 1
2 304 10
@value 305 2
2 305 [7]
$0,3FB9R,3F847AE147AE147B,3F50624DD2F1A9FC,3F1A36E2EB1C432D,
$3EE4F8B588E368F1,3EB0C6F7A0B5ED8E
@ang_value 306 2
2 306 [7]
$0,6*3FE
@standard 307 1
2 307 0
@iso_tol_tbls_ptr 308 0
2 308 NULL
@first_xsec_ptr 309 0
1 309 NULL
@datum_count 310 1
1 310 0
@axis_count 311 1
1 311 2
@insert_layer_id 312 1
1 312 -1
@layer_count 313 1
1 313 1
@layer_list 314 0
1 314 [7]
2 314 
@feat_id 315 1
3 315 1
@layer_id 316 1
3 316 0
@back_layer_id 317 1
3 317 0
2 314 
3 315 3
3 316 0
3 317 0
2 314 
3 315 5
3 316 0
3 317 0
2 314 
3 315 7
3 316 0
3 317 0
2 314 
3 315 10
3 316 0
3 317 0
2 314 
3 315 9
3 316 0
3 317 0
2 314 
3 315 24
3 316 0
3 317 0
@lang_ptr 318 0
1 318 NULL
@first_csys_ptr 319 0
1 319 NULL
@color_prop_ptr 320 0
1 320 NULL
@fem_data 321 0
1 321 NULL
@rel_part_eps 322 2
1 322 3F53A92A30553261
@names_table 323 0
1 323 [4]
2 323 ->
@id 324 1
3 324 2
@type 325 1
3 325 5
@name 326 10
3 326 DTM1
2 323 ->
3 324 4
3 325 5
3 326 DTM2
2 323 ->
3 324 6
3 325 5
3 326 DTM3
2 323 ->
3 324 8
3 325 25
3 326 CS0
@drv_tbl_ptr 327 0
1 327 NULL
@assembled_count 328 1
1 328 0
@part_type 329 1
1 329 1
@mat_name_ptr 330 10
1 330 NULL
@first_ent_id 331 1
1 331 518073
@first_view_id 332 1
1 332 0
@outline 333 2
1 333 [2][3]
$2*BFC8,0
$2*3FC8,3FB810624DD2F1AR
@dim_num 334 1
1 334 5
@dim_array 335 0
1 335 [5]
2 335 ->
@type 336 1
3 336 8
@dim_type 337 1
3 337 62
@feat_id 338 1
3 338 9
@attributes 339 1
3 339 385
@dim_dat_ptr 340 0
3 340 ->
@value 341 2
4 341 3FB810624DD2F1AR
@bck_value 342 2
4 342 3FB810624DD2F1AR
@tol_ptr 343 0
4 343 ->
@type 344 1
5 344 9
@tol_type 345 1
5 345 3
@dual_digits_diff 346 1
5 346 999
@value 347 2
5 347 [2]
$2*3F847AE147AE147B
@nominal_value 348 2
4 348 3FB810624DD2F1AR
@bound 349 1
4 349 20
@bck_bound 350 1
4 350 -1
@bck_tol_ptr 351 0
4 351 ->
@value 352 2
5 352 [2]
$2*3F847AE147AE147B
@datum_def_id 353 1
4 353 -1
@places_denom 354 1
4 354 3
@bck_places_denom 355 1
4 355 2
@dim_data_attrib 356 1
4 356 0
@dim_cosm_ptr 357 0
3 357 ->
@d0 358 2
4 358 0
@d1 359 2
4 359 0
@d2 360 2
4 360 0
@d3 361 2
4 361 0
@ord_info 362 0
4 362 NULL
@attach_ptr 363 0
3 363 NULL
@dim_text_ptr 364 0
3 364 ->
@symbol 365 10
4 365 d0
@parent_dim_id 366 1
3 366 -1
2 335 ->
3 336 8
3 337 42
3 338 9
3 339 32
3 340 ->
4 341 0
4 342 0
4 343 ->
5 344 9
5 345 3
5 346 999
5 347 [2]
$2*3F847AE147AE147B
4 348 0
4 349 20
4 350 -1
4 351 ->
5 352 [2]
$2*3F847AE147AE147B
4 353 -1
4 354 3
4 355 2
4 356 0
3 357 ->
4 358 0
4 359 0
4 360 0
4 361 0
4 362 NULL
3 363 NULL
3 364 ->
4 365 d1
3 366 -1
2 335 ->
3 336 8
3 337 42
3 338 9
3 339 32
3 340 ->
4 341 0
4 342 0
4 343 ->
5 344 9
5 345 3
5 346 999
5 347 [2]
$2*3F847AE147AE147B
4 348 0
4 349 20
4 350 -1
4 351 ->
5 352 [2]
$2*3F847AE147AE147B
4 353 -1
4 354 3
4 355 2
4 356 0
3 357 ->
4 358 0
4 359 0
4 360 0
4 361 0
4 362 NULL
3 363 NULL
3 364 ->
4 365 d2
3 366 -1
2 335 ->
3 336 8
3 337 4
3 338 9
3 339 289
3 340 ->
4 341 3FD8
4 342 3FD8
4 343 ->
5 344 9
5 345 3
5 346 999
5 347 [2]
$2*3F847AE147AE147B
4 348 3FD8
4 349 20
4 350 -1
4 351 ->
5 352 [2]
$2*3F847AE147AE147B
4 353 -1
4 354 3
4 355 2
4 356 0
3 357 ->
4 358 3FC8
4 359 C04BBB5940F020CF
4 360 3FC8E0F606AD9FBC
4 361 403B1EDB6DB6DB7
4 362 NULL
3 363 NULL
3 364 ->
4 365 d3
@line_array 367 0
4 367 [1]
5 367 
@text_array 368 0
6 368 [2]
7 368 
@text_type 369 1
8 369 54
@text_value 370 10
8 370 n
@txt_attrib 371 1
8 371 16777217
@owner_id 372 1
8 372 3
@part_id 373 1
8 373 32
@height 374 2
8 374 BFF
@width_factor 375 2
8 375 BFF
@format_info 376 0
8 376 
@thickness 377 2
8 377 BFF
7 368 
8 369 61
8 370 
8 371 16777217
8 372 3
8 373 32
8 374 BFF
8 375 BFF
8 376 
8 377 BFF
3 366 -1
2 335 ->
3 336 8
3 337 4
3 338 24
3 339 257
3 340 ->
4 341 3FD
4 342 3FD
4 343 ->
5 344 9
5 345 3
5 346 999
5 347 [2]
$2*3F847AE147AE147B
4 348 3FD
4 349 20
4 350 -1
4 351 ->
5 352 [2]
$2*3F847AE147AE147B
4 353 -1
4 354 2
4 355 2
4 356 0
3 357 ->
4 358 0
4 359 0
4 360 0
4 361 0
4 362 NULL
3 363 NULL
3 364 ->
4 365 d4
4 367 [1]
5 367 
6 368 [2]
7 368 
8 369 54
8 370 n
8 371 16777217
8 372 4
8 373 32
8 374 BFF
8 375 BFF
8 376 
8 377 BFF
7 368 
8 369 61
8 370 
8 371 16777217
8 372 4
8 373 32
8 374 BFF
8 375 BFF
8 376 
8 377 BFF
3 366 -1
@ipar_num 378 1
1 378 0
@relpar_sets 379 0
1 379 [1]
2 379 
@id 380 1
3 380 -1
@type 381 1
3 381 2
@ext_ref_id 382 1
3 382 -1
@relatnum 383 1
3 383 0
@unit_arr 384 0
1 384 [2]
2 384 
@type 385 1
3 385 1
@factor 386 2
3 386 3FF
@name 387 10
3 387 INCH
@unit_type 388 1
3 388 0
2 384 
3 385 2
3 386 3FF
3 387 POUND
3 388 1
@geom_lib_ptr 389 0
1 389 NULL
@first_quilt_ptr 390 1
1 390 0
@attrib_array 391 1
1 391 [3]
$2*0,4
@smt_info_ptr 392 0
1 392 NULL
@cable_info_ptr 393 0
1 393 NULL
@comp_info_ptr 394 0
1 394 NULL
@max_part_size 395 2
1 395 3FE13C2E5B8D8D0D
@prt_misc_ptr 396 0
1 396 ->
@shrink_data_ptr 397 0
2 397 NULL
@expld_mv_info 398 0
1 398 NULL
@state_info_ptr 399 0
1 399 NULL
@alumni_feats 400 0
1 400 NULL
@model_name 401 10
1 401 SPACER_220
@p_mdl_grid 402 0
1 402 NULL
@mdl_status_ptr 403 0
1 403 NULL
@cfg_states 404 0
1 404 NULL
@disp_outl_info 405 0
1 405 
@disp_outline 406 2
2 406 [2][3]
$2*BFC8583E5DFDB605,BF660F977F6D8158
$2*3FC8583E5DFDB605,3FB8C0DF09CE5DB5
@ribbon_info_ptr 407 0
1 407 NULL
@p_xref_data 408 0
1 408 ->
@View 409 0
0 409 ->
@id 410 1
1 410 0
@viewattr 411 0
1 411 
@attr_arr 412 1
2 412 [4]
$1,3*0
@mpoint 413 0
1 413 
@id 414 1
2 414 0
@coord 415 2
2 415 [3]
$2*0,3FA810624DD2F1AR
@first_instr_ptr 416 0
2 416 NULL
@attach_ptr 417 0
2 417 NULL
@vpoint 418 0
1 418 
2 414 0
2 415 [3]
$407F4,407A5E,0
2 416 NULL
2 417 NULL
@orient 419 2
1 419 [4][4]
$3FED7954E7DBA2F8,0,3FD8EC3AE92B676B,0
$BFD385CE5246572,3FE3E43A9692E21C,3FE7167619F550A2,0
$BFCEFC077F3F36A6,BFE91103985DA841,3FE25240DD3851BF,0
$3*0,3FF
@local_sys 420 2
1 420 [4][4]
$40977991C307487A,0,4083D99C40DB05ED,0
$C07F191FD12FEC23,408FAF8865BDD87E,4092637518F91FE3,0
$C078AD8F2F45064E,C093F6E848AD6F83,408D2F376A4F6868,0
$408034766FD4B1AF,407E1ED9BFD6E0BE,C045F25AD3046B3,3FF
@first_instr_ptr 421 0
1 421 ->
@type 422 1
2 422 100
@geom_id 423 1
2 423 -1
@view_id 424 1
2 424 -1
@memb_num 425 1
2 425 0
@offset 426 2
2 426 0
@matrix 427 0
2 427 NULL
@next_instr_ptr 428 0
1 428 ->
2 422 301
2 423 -1
2 424 -1
2 425 0
2 426 40997C9DB821ACD3
2 427 NULL
1 428 NULL
@outer_xsec_index 429 1
1 429 -1
@next_view_id 430 1
1 430 -2
@simp_rep_id 431 1
1 431 -1
@name 432 10
1 432 no name
@matrix 433 2
1 433 [4][4]
$3FF,3*0
$0,3FF,2*0
$2*0,3FF,0
$3*0,3FF
@fit_outline 434 2
1 434 [2][3]
$4059,405518,C07870CF09C38A5A
$408C2,4087BB,407870CF09C38A5A
@det_info_ptr 435 0
1 435 NULL
@named_view_pzmatr 436 0
1 436 NULL
@page_id 437 1
1 437 0
@model_name 438 10
1 438 NULL
@unrep_model_name 439 10
1 439 NULL
@assem_merge_parts 440 0
0 440 ->
#END_OF_UGC
