#UGC:2 PART 889 360 0 1 1 15 1600 9614 \
#- VERS 0 0                                                          \
#- HOST                                                              \
#- LINK                                                              \
#- DBID                                                              \
#- REVS 0,                                                           \
#- RELL 0,                                                           \
#- UOBJ_ID 0 0 0                                                     \
#- MACH _Windows NT_4.0_1381                                         \
#-END_OF_UGC_HEADER
#P_OBJECT 6
@P_object 1 0
0 1 ->
@dep_db 2 0
1 2 ->
@usr_rev 3 0
1 3 [1]
2 3 
@name 4 10
3 4 SHANNON
@mod_time 5 0
3 5 
@tm_sec 6 1
4 6 38
@tm_min 7 1
4 7 12
@tm_hour 8 1
4 8 20
@tm_mday 9 1
4 9 30
@tm_mon 10 1
4 10 3
@tm_year 11 1
4 11 96
@action 12 1
3 12 1000
@comment 13 10
3 13 Hostname: 'saporro'
@rel_level 14 10
3 14 
@rev_string 15 10
3 15 
@revnum_std 16 1
1 16 179
@flag 17 1
1 17 0
@name 18 10
1 18 NULL
@inst_hidden 19 1
1 19 0
@old_name 20 10
1 20 NULL
@appl_data 21 0
1 21 ->
@bounding_box 22 2
2 22 [2][3]
$BFC05470F2B19938,BF651C3CAC664E1E,BFC05470F2B19938
$3FC05470F2B19938,3FD82A387958CC9C,3FC05470F2B19938
@uobj_id 23 0
1 23 NULL
#END_OF_P_OBJECT
#Pro/ENGINEER  TM  Version G-01-24  (c) 1988-95 by Parametric Technology Corporation  All Rights Reserved. 9614
@Solid 24 0
0 24 ->
@tab_key 25 1
1 25 0
@tab_key_struct 26 0
1 26 ->
@tab_key_ptr 27 0
2 27 [149]
@cmprs_tabkey 28 0
2 28 NULL
@type 29 1
1 29 2
@revnum_ptr 30 0
1 30 ->
@geom_revnum 31 1
2 31 177
@cosm_revnum 32 1
2 32 5
@first_member_ptr 33 0
1 33 NULL
@alumni_members 34 0
1 34 NULL
@frst_geom_ptr 35 1
1 35 10
@first_feat_ptr 36 0
1 36 ->
@id 37 1
2 37 1
@indep_attributes 38 1
2 38 1
@feat_type_ptr 39 0
2 39 ->
@table_id 40 1
3 40 -1
@type 41 1
3 41 923
@feattype_key 42 10
3 42 NULL
@form 43 1
3 43 0
@attributes 44 1
3 44 [3]
$0,262144,0
@placement 45 1
3 45 0
@intersection 46 1
3 46 -1
@internal_udf_type 47 1
3 47 -1
@param_choice_ptr 48 0
3 48 ->
@blend_choice 49 1
4 49 0
@depth_choice 50 1
4 50 0
@angle_choice 51 1
4 51 -1
@pat_choice 52 1
4 52 -1
@round_choice 53 1
4 53 -1
@subsec_choice 54 1
4 54 -1
@sweep_choice 55 1
4 55 0
@dome_choice 56 1
4 56 0
@draft_choice 57 1
4 57 0
@misc_choice 58 1
4 58 0
@assoc_type 59 1
3 59 0
@symbol_key 60 1
2 60 -1
@sect_name 61 10
2 61 DTM1
@model_type 62 1
2 62 2
@idtab_ptr 63 0
2 63 ->
@srf_id_arr 64 1
3 64 [1][4]
$2,3*0
@save_geoms 65 0
3 65 NULL
@cr_flags_xar 66 1
3 66 [21]
$3*-1,-2049,2*-1,-16777217,3*-1,-536870913,-1,-1126176897,-2,-2097185,
$-2097665,-1,-1073741843,-1,796786687,-1825309570
@cvt_feat_dat 67 0
3 67 NULL
@feat_dates_ptr 68 0
3 68 ->
@creat_date 69 1
4 69 160024
@regen_date 70 1
4 70 160024
@geometry 71 0
2 71 
@srf_array 72 0
3 72 [1]
4 72 ->
@geom_type 73 1
5 73 34
@geom_id 74 1
5 74 2
@feat_id 75 1
5 75 1
@boundary_type 76 1
5 76 1
@envlp 77 2
5 77 [2][2]
$BF651C3CAC664E1E,BFC05470F2B19938
$3FD82A387958CC9C,3FC05470F2B19938
@srf_prim_ptr(plane) 78 0
5 78 ->
@local_sys 79 2
6 79 [4][3]
$2*0,3FF
$3FF,2*0
$0,3FF,0
$3*0
@frst_cntr_ptr 80 0
5 80 NULL
@next_geom_ptr 81 1
5 81 0
@orient 82 1
5 82 1
@outline 83 2
5 83 [2][3]
$0,BF651C3CAC664E1E,BFC05470F2B19938
$0,3FD82A387958CC9C,3FC05470F2B19938
@group_info_ptr 84 0
2 84 NULL
@intrs_pairs_ptr 85 0
2 85 ->
@place_rec_ptr 86 0
2 86 ->
@local_sys 87 2
3 87 [4][3]
$2*0,3FF
$3FF,2*0
$0,3FF,0
$3*0
@place_instruction_ptrs 88 0
3 88 [1]
4 88 ->
@type 89 1
5 89 513
@offset 90 2
5 90 0
@dim_id 91 1
5 91 -1
@ref_id 92 1
5 92 -1
@geometry1_id 93 1
5 93 -1
@geometry2_id 94 1
5 94 2
@memb_num1 95 1
5 95 0
@memb_num2 96 1
5 96 0
@attr 97 1
5 97 32768
@plin_info_arr 98 0
5 98 [1]
6 98 ->
@type 99 1
7 99 1
@data(plin_info_ref) 100 0
7 100 ->
@id_type1 101 1
8 101 -4
@id_type2 102 1
8 102 5
@offset2 103 2
8 103 0
@own_ref_id 104 1
3 104 -1
@orient 105 1
3 105 1
@trf_arr 106 0
3 106 [1]
4 106 
@type 107 1
5 107 11
@idx 108 1
5 108 0
@transf 109 2
5 109 [4][3]
$2*0,3FF
$3FF,2*0
$0,3FF,0
$3*0
@next_prop 110 0
2 110 NULL
@first_geom_id 111 1
2 111 2
@cond_tbl_idx 112 1
2 112 -1
@comment 113 10
2 113 NULL
@merge_info_ptr 114 0
2 114 NULL
@topology_increment 115 0
2 115 ->
@first_geom 116 1
3 116 0
@first_quilt 117 1
3 117 0
@outline 118 2
3 118 [2][3]
$3*0
$3*0
@max_part_size 119 2
3 119 0
@xform_increment 120 0
3 120 NULL
@roll_back_id 121 1
3 121 -1
@state_ind 122 1
2 122 -1
@alumni_info 123 0
2 123 NULL
@revnum 124 1
2 124 1
@rev_rec 125 0
2 125 ->
@num_plins 126 1
3 126 1
@next_feat_ptr 127 0
1 127 ->
2 37 3
2 38 1
2 39 ->
3 40 -1
3 41 923
3 42 NULL
3 43 0
3 44 [3]
$0,262144,0
3 45 0
3 46 -1
3 47 -1
3 48 ->
4 49 0
4 50 0
4 51 -1
4 52 -1
4 53 -1
4 54 -1
4 55 0
4 56 0
4 57 0
4 58 0
3 59 0
2 60 -1
2 61 DTM2
2 62 2
2 63 ->
3 64 [1][4]
$4,3*0
3 65 NULL
3 66 [21]
$3*-1,-2049,2*-1,-16777217,3*-1,-536870913,-1,-1126176897,-2,-2097185,
$-2097665,-1,-1073741843,-1,796786687,-1825309570
3 67 NULL
3 68 ->
4 69 160024
4 70 160024
2 71 
3 72 [1]
4 72 ->
5 73 34
5 74 4
5 75 3
5 76 1
5 77 [2][2]
$2*BFC05470F2B19938
$2*3FC05470F2B19938
5 78 ->
6 79 [4][3]
$0,3FF,0
$2*0,3FF
$3FF,2*0
$3*0
5 80 NULL
5 81 0
5 82 1
5 83 [2][3]
$BFC05470F2B19938,0,BFC05470F2B19938
$3FC05470F2B19938,0,3FC05470F2B19938
2 84 NULL
2 85 ->
2 86 ->
3 87 [4][3]
$0,3FF,0
$2*0,3FF
$3FF,2*0
$3*0
3 88 [1]
4 88 ->
5 89 514
5 90 0
5 91 -1
5 92 -1
5 93 -1
5 94 4
5 95 0
5 96 0
5 97 32768
5 98 [1]
6 98 ->
7 99 1
7 100 ->
8 101 -4
8 102 5
8 103 0
3 104 -1
3 105 1
3 106 [1]
4 106 
5 107 11
5 108 0
5 109 [4][3]
$0,3FF,0
$2*0,3FF
$3FF,2*0
$3*0
2 110 NULL
2 111 4
2 112 -1
2 113 NULL
2 114 NULL
2 115 ->
3 116 0
3 117 0
3 118 [2][3]
$3*0
$3*0
3 119 0
3 120 NULL
3 121 -1
2 122 -1
2 123 NULL
2 124 1
2 125 ->
3 126 1
1 127 ->
2 37 5
2 38 1
2 39 ->
3 40 -1
3 41 923
3 42 NULL
3 43 0
3 44 [3]
$3*0
3 45 0
3 46 -1
3 47 -1
3 48 ->
4 49 0
4 50 0
4 51 -1
4 52 -1
4 53 -1
4 54 -1
4 55 0
4 56 0
4 57 0
4 58 0
3 59 0
2 60 -1
2 61 DTM3
2 62 2
2 63 ->
3 64 [1][4]
$6,3*0
3 65 NULL
3 66 [21]
$3*-1,-2049,2*-1,-16777217,3*-1,-536870913,-1,-1126176897,-2,-2097185,
$-2097665,-1,-1073741843,-1,796786687,-1825309570
3 67 NULL
3 68 ->
4 69 160024
4 70 160024
2 71 
3 72 [1]
4 72 ->
5 73 34
5 74 6
5 75 5
5 76 1
5 77 [2][2]
$BFC05470F2B19938,BF651C3CAC664E1E
$3FC05470F2B19938,3FD82A387958CC9C
5 78 ->
6 79 [4][3]
$3FF,2*0
$0,3FF,0
$2*0,3FF
$3*0
5 80 NULL
5 81 0
5 82 1
5 83 [2][3]
$BFC05470F2B19938,BF651C3CAC664E1E,0
$3FC05470F2B19938,3FD82A387958CC9C,0
2 84 NULL
2 85 ->
2 86 ->
3 87 [4][3]
$3FF,2*0
$0,3FF,0
$2*0,3FF
$3*0
3 88 [1]
4 88 ->
5 89 515
5 90 0
5 91 -1
5 92 -1
5 93 -1
5 94 6
5 95 0
5 96 0
5 97 32768
5 98 [1]
6 98 ->
7 99 1
7 100 ->
8 101 -4
8 102 5
8 103 0
3 104 -1
3 105 1
3 106 [1]
4 106 
5 107 11
5 108 0
5 109 [4][3]
$3FF,2*0
$0,3FF,0
$2*0,3FF
$3*0
2 110 NULL
2 111 6
2 112 -1
2 113 NULL
2 114 NULL
2 115 ->
3 116 0
3 117 0
3 118 [2][3]
$3*0
$3*0
3 119 0
3 120 NULL
3 121 -1
2 122 -1
2 123 NULL
2 124 1
2 125 ->
3 126 1
1 127 ->
2 37 8
2 38 1
2 39 ->
3 40 -1
3 41 923
3 42 NULL
3 43 0
3 44 [3]
$3,2*0
3 45 0
3 46 -1
3 47 -1
3 48 ->
4 49 0
4 50 0
4 51 -1
4 52 970
4 53 -1
4 54 -1
4 55 0
4 56 0
4 57 0
4 58 0
3 59 0
2 60 -1
2 61 no_name
2 62 2
2 63 ->
3 64 [1][4]
$9,3*0
3 65 NULL
3 66 [21]
$3*-1,-2049,2*-1,-16777217,3*-1,-536870913,-1,-1126176897,-2,-2097185,
$-2097665,-1,-1073741843,-1,796786687,-1825309570
3 67 NULL
3 68 ->
4 69 160024
4 70 160024
2 71 
3 72 [1]
4 72 ->
5 73 34
5 74 9
5 75 8
5 76 -1
5 77 [2][2]
$2*0
$2*0
5 78 ->
6 79 [4][3]
$3FF,2*0
$2*0,3FF
$0,BFF,0
$3*0
5 80 NULL
5 81 0
5 82 1
5 83 [2][3]
$3*0
$3*0
2 84 NULL
2 85 ->
2 86 ->
3 87 [4][3]
$3FF,2*0
$2*0,3FF
$0,BFF,0
$3*0
3 88 [2]
4 88 ->
5 89 509
5 90 3FF
5 91 -1
5 92 -1
5 93 4
5 94 9
5 95 0
5 96 0
5 97 32768
5 98 [1]
6 98 ->
7 99 1
7 100 ->
8 101 -4
8 102 5
8 103 0
4 88 ->
5 89 511
5 90 3FF
5 91 -1
5 92 -1
5 93 2
5 94 9
5 95 0
5 96 0
5 97 32768
5 98 [1]
6 98 ->
7 99 1
7 100 ->
8 101 -4
8 102 5
8 103 0
3 104 -1
3 105 1
3 106 [1]
4 106 
5 107 11
5 108 0
5 109 [4][3]
$3FF,2*0
$2*0,3FF
$0,BFF,0
$3*0
2 110 NULL
2 111 9
2 112 -1
2 113 NULL
2 114 NULL
@parent_table 128 1
2 128 [2]
$1,3
2 115 ->
3 116 0
3 117 0
3 118 [2][3]
$3*0
$3*0
3 119 0
3 120 NULL
3 121 -1
2 122 -1
2 123 NULL
2 124 0
2 125 ->
3 126 2
1 127 ->
2 37 7
2 38 1
2 39 ->
3 40 -1
3 41 917
3 42 NULL
3 43 1
3 44 [3]
$0,65536,0
3 45 0
3 46 991
3 47 -1
3 48 ->
4 49 0
4 50 266240
4 51 -1
4 52 -1
4 53 -1
4 54 -1
4 55 0
4 56 0
4 57 0
4 58 0
3 59 0
2 60 -1
2 61 no_name
2 62 2
@entity(line3d) 129 0
2 129 ->
@type 130 1
3 130 11
@id 131 1
3 131 20
@gen_info 132 0
3 132 
@geom_id 133 1
3 133 16
@end1 134 2
3 134 [3]
$3*0
@end2 135 2
3 135 [3]
$BFC,2*0
2 129 ->
3 130 13
3 131 21
3 132 
@color 136 1
4 136 1
3 133 16
3 134 [3]
$3*0
3 135 [3]
$0,3FCEB851EB851EB8,0
@entity(text) 137 0
2 137 ->
@text_type 138 1
3 138 19
@text_value 139 10
3 139 A_1
@txt_attrib 140 1
3 140 1
@coord 141 2
3 141 [3]
$3*0
@owner_id 142 1
3 142 -1
@part_id 143 1
3 143 6
@height 144 2
3 144 BFF
@width_factor 145 2
3 145 BFF
@format_info 146 0
3 146 
@thickness 147 2
3 147 BFF
2 63 ->
3 64 [4][4]
$10,204,2*0
$13,203,2*0
$16,200,2*0
$18,200,-1,0
@edg_id_arr 148 1
3 148 [6][6]
$11,221,3*0,10
$12,221,-1,2*0,10
$14,222,3*0,16
$15,222,-1,2*0,18
$17,303,2*0,-1,16
$19,303,-1,2*0,18
@misc_id_tab 149 0
3 149 [2]
4 149 
@misc_hist 150 1
5 150 [5]
$20,530,16,-1,500
4 149 
5 150 [5]
$21,531,16,-1,500
@dtm_id_tab 151 0
3 151 [1]
4 151 
@dtm_id 152 1
5 152 9
@dim_id 153 1
5 153 -1
3 65 ->
@sv_frst_geom 154 1
4 154 10
3 66 [21]
$3*-1,-2049,2*-1,-16777217,3*-1,-536870913,-1,-1126176897,-2,-2097185,
$-2097665,-1,-1073741843,-1,796786687,-1825309570
3 67 NULL
3 68 ->
4 69 160024
4 70 160024
2 71 
3 72 [4]
4 72 ->
5 73 34
5 74 10
5 75 7
5 76 0
5 77 [2][2]
$2*BFC
$2*3FC
5 78 ->
6 79 [4][3]
$3FF,2*0
$2*0,3FF
$0,BFF,0
$3*0
5 80 ->
@frst_cntr_crv_hdr_ptr 155 1
6 155 11
@trv 156 1
6 156 1
@envlp 157 2
6 157 [2][2]
$2*BFC
$2*3FC
@next_cntr_ptr 158 0
5 158 NULL
5 81 13
5 82 -1
5 83 [2][3]
$BFC,0,BFC
$3FC,0,3FC
4 72 ->
5 73 34
5 74 13
5 75 7
5 76 0
5 77 [2][2]
$2*BFBD70A3D70A3D71
$2*3FBD70A3D70A3D71
5 78 ->
6 79 [4][3]
$3FF,2*0
$2*0,3FF
$0,BFF,0
$0,3FD,0
5 80 ->
6 155 102
6 156 1
6 157 [2][2]
$2*BFBD70A3D70A3D71
$2*3FBD70A3D70A3D71
5 158 ->
6 155 93
6 156 -1
6 157 [2][2]
$BFA9R,BFB99DAD79182936
$3FA9R,3FB99DAD79182936
5 158 NULL
5 81 16
5 82 1
5 83 [2][3]
$BFBD70A3D70A3D71,3FD,BFBD70A3D70A3D71
$3FBD70A3D70A3D71,3FD,3FBD70A3D70A3D71
4 72 ->
5 73 36
5 74 16
5 75 7
5 76 0
5 77 [2][2]
$2*0
$400921FB54442D18,3FCEB851EB851EB8
@srf_prim_ptr(cylinder) 159 0
5 159 ->
@local_sys 160 2
6 160 [4][3]
$3FF,2*0
$2*0,3FF
$0,BFF,0
$3*0
@radius 161 2
6 161 3FC
5 80 ->
6 155 11
6 156 1
6 157 [2][2]
$2*0
$400921FB54442D18,3FCEB851EB851EB8
5 158 NULL
5 81 18
5 82 1
5 83 [2][3]
$BFC,0,BFC
$3FC,3FCEB851EB851EB8,0
4 72 ->
5 73 36
5 74 18
5 75 7
5 76 0
5 77 [2][2]
$400921FB54442D18,0
$401921FB54442D18,3FCEB851EB851EB8
5 159 ->
6 160 [4][3]
$3FF,2*0
$2*0,3FF
$0,BFF,0
$3*0
6 161 3FC
5 80 ->
6 155 12
6 156 1
6 157 [2][2]
$400921FB54442D18,0
$401921FB54442D18,3FCEB851EB851EB8
5 158 NULL
5 81 30
5 82 1
5 83 [2][3]
$BFC,2*0
$3FC,3FCEB851EB851EB8,3FC
@crv_array 162 0
3 162 [6]
4 162 ->
@crv_id 163 1
5 163 11
@feat_id 164 1
5 164 7
@type 165 1
5 165 0
@crv_pnt_dir 166 1
5 166 [2]
$1,-1
@crv_pnt_arr 167 2
5 167 [23][4]
$3FC,3*0
$3FBFAC9E043842EF,3F92375F640F44DB,3FC247426BD47DE4,0
$3FBEB42A9BCD5057,3FA207E7FD768DBF,3FD247426BD47DE3,0
$3FBD1BB48EEE2C14,3FAA9628D9C712B5,3FDB6AE3A1BEBCD3,0
$3FBAEB8C8764F0BA,3FB14CEDF8BB580B,3FE247426BD47DE3,0
$3FB82F19BB3A28A2,3FB4F49E7F775886,3FE6D91306C99D5B,0
$3FB4F49E7F775887,3FB82F19BB3A28A1,3FEB6AE3A1BEBCD4,0
$3FB14CEDF8BB580C,3FBAEB8C8764F0B9,3FEFFCB43CB3DC4C,0
$3FAA9628D9C712B6,3FBD1BB48EEE2C13,3FF247426BD47DE3,0
$3FA207E7FD768DBE,3FBEB42A9BCD5057,3FF4902AB94F0DA,0
$3F92375F640F44E2,3FBFAC9E043842EF,3FF6D91306C99D5B,0
$0,3FC,3FF921FB54442D18,0
$BF92375F640F44D6,3FBFAC9E043842F,3FFB6AE3A1BEBCD4,0
$BFA207E7FD768DBF,3FBEB42A9BCD5057,3FFDB3CBEF394C91,0
$BFAA9628D9C712B4,3FBD1BB48EEE2C14,3FFFFCB43CB3DC4D,0
$BFB14CEDF8BB5808,3FBAEB8C8764F0BC,400122CE45173604,0
$BFB4F49E7F775886,3FB82F19BB3A28A1,400247426BD47DE3,0
$BFB82F19BB3A28A,3FB4F49E7F7758R,40036BB69291C5C1,0
$BFBAEB8C8764F0BR,3FB14CEDF8BB580A,4004902AB94F0DA,0
$BFBD1BB48EEE2C14,3FAA9628D9C712B4,4005B49EE00C557E,0
$BFBEB42A9BCD5056,3FA207E7FD768DC6,4006D91306C99D5B,0
$BFBFAC9E043842EF,3F92375F640F44DC,4007FD872D86E53A,0
$BFC,0,400921FB54442D18,0
@crv_hdr_geom_ptr[0] 168 1
5 168 10
@crv_hdr_geom_ptr[1] 169 1
5 169 16
@next_crv_hdr_ptr[0] 170 1
5 170 12
@next_crv_hdr_ptr[1] 171 1
5 171 116
@ref_geom[0] 172 1
5 172 0
@ref_geom[1] 173 1
5 173 0
4 162 ->
5 163 12
5 164 7
5 165 0
5 166 [2]
$1,-1
5 167 [23][4]
$BFC,0,400921FB54442D18,0
$BFBFAC9E043842F,BF92375F640F44D3,400A466F7B0174F5,0
$BFBEB42A9BCD5058,BFA207E7FD768DBA,400B6AE3A1BEBCD3,0
$BFBD1BB48EEE2C15,BFAA9628D9C712B,400C8F57C87C04B1,0
$BFBAEB8C8764F0BA,BFB14CEDF8BB580B,400DB3CBEF394C9,0
$BFB82F19BB3A28A2,BFB4F49E7F775886,400ED84015F6946E,0
$BFB4F49E7F7758R,BFB82F19BB3A28A,400FFCB43CB3DC4C,0
$BFB14CEDF8BB580A,BFBAEB8C8764F0BA,4010909431B89216,0
$BFAA9628D9C712B5,BFBD1BB48EEE2C14,401122CE45173605,0
$BFA207E7FD768DC,BFBEB42A9BCD5057,4011B5085875D9F4,0
$BF92375F640F44DE,BFBFAC9E043842EF,401247426BD47DE3,0
$0,BFC,4012D97C7F3321D2,0
$3F92375F640F44D1,BFBFAC9E043842F,40136BB69291C5C1,0
$3FA207E7FD768DB9,BFBEB42A9BCD5058,4013FDF0A5F069B,0
$3FAA9628D9C712AF,BFBD1BB48EEE2C15,4014902AB94F0D9F,0
$3FB14CEDF8BB5807,BFBAEB8C8764F0BC,40152264CCADB18E,0
$3FB4F49E7F775889,BFB82F19BB3A28A,4015B49EE00C557E,0
$3FB82F19BB3A289D,BFB4F49E7F77588B,401646D8F36AF96C,0
$3FBAEB8C8764F0BA,BFB14CEDF8BB580A,4016D91306C99D5C,0
$3FBD1BB48EEE2C13,BFAA9628D9C712B6,40176B4D1A28414B,0
$3FBEB42A9BCD5057,BFA207E7FD768DC1,4017FD872D86E53A,0
$3FBFAC9E043842EF,BF92375F640F44E1,40188FC140E58929,0
$3FC,0,401921FB54442D18,0
5 168 10
5 169 18
5 170 11
5 171 117
5 172 0
5 173 0
4 162 ->
5 163 14
5 164 7
5 165 0
5 166 [2]
$-1,1
5 167 [23][4]
$3FC,2*0,3FD
$3FBFAC9E043842EF,3F92375F640F44DB,3FC247426BD47DE4,3FD
$3FBEB42A9BCD5057,3FA207E7FD768DBF,3FD247426BD47DE3,3FD
$3FBD1BB48EEE2C14,3FAA9628D9C712B5,3FDB6AE3A1BEBCD3,3FD
$3FBAEB8C8764F0BA,3FB14CEDF8BB580B,3FE247426BD47DE3,3FD
$3FB82F19BB3A28A2,3FB4F49E7F775886,3FE6D91306C99D5B,3FD
$3FB4F49E7F775887,3FB82F19BB3A28A1,3FEB6AE3A1BEBCD4,3FD
$3FB14CEDF8BB580C,3FBAEB8C8764F0B9,3FEFFCB43CB3DC4C,3FD
$3FAA9628D9C712B6,3FBD1BB48EEE2C13,3FF247426BD47DE3,3FD
$3FA207E7FD768DBE,3FBEB42A9BCD5057,3FF4902AB94F0DA,3FD
$3F92375F640F44E2,3FBFAC9E043842EF,3FF6D91306C99D5B,3FD
$0,3FC,3FF921FB54442D18,3FD
$BF92375F640F44D6,3FBFAC9E043842F,3FFB6AE3A1BEBCD4,3FD
$BFA207E7FD768DBF,3FBEB42A9BCD5057,3FFDB3CBEF394C91,3FD
$BFAA9628D9C712B4,3FBD1BB48EEE2C14,3FFFFCB43CB3DC4D,3FD
$BFB14CEDF8BB5808,3FBAEB8C8764F0BC,400122CE45173604,3FD
$BFB4F49E7F775886,3FB82F19BB3A28A1,400247426BD47DE3,3FD
$BFB82F19BB3A28A,3FB4F49E7F7758R,40036BB69291C5C1,3FD
$BFBAEB8C8764F0BR,3FB14CEDF8BB580A,4004902AB94F0DA,3FD
$BFBD1BB48EEE2C14,3FAA9628D9C712B4,4005B49EE00C557E,3FD
$BFBEB42A9BCD5056,3FA207E7FD768DC6,4006D91306C99D5B,3FD
$BFBFAC9E043842EF,3F92375F640F44DC,4007FD872D86E53A,3FD
$BFC,0,400921FB54442D18,3FD
5 168 13
5 169 16
5 170 15
5 171 19
5 172 0
5 173 0
4 162 ->
5 163 15
5 164 7
5 165 0
5 166 [2]
$-1,1
5 167 [23][4]
$BFC,0,400921FB54442D18,3FD
$BFBFAC9E043842F,BF92375F640F44D3,400A466F7B0174F5,3FD
$BFBEB42A9BCD5058,BFA207E7FD768DBA,400B6AE3A1BEBCD3,3FD
$BFBD1BB48EEE2C15,BFAA9628D9C712B,400C8F57C87C04B1,3FD
$BFBAEB8C8764F0BA,BFB14CEDF8BB580B,400DB3CBEF394C9,3FD
$BFB82F19BB3A28A2,BFB4F49E7F775886,400ED84015F6946E,3FD
$BFB4F49E7F7758R,BFB82F19BB3A28A,400FFCB43CB3DC4C,3FD
$BFB14CEDF8BB580A,BFBAEB8C8764F0BA,4010909431B89216,3FD
$BFAA9628D9C712B5,BFBD1BB48EEE2C14,401122CE45173605,3FD
$BFA207E7FD768DC,BFBEB42A9BCD5057,4011B5085875D9F4,3FD
$BF92375F640F44DE,BFBFAC9E043842EF,401247426BD47DE3,3FD
$0,BFC,4012D97C7F3321D2,3FD
$3F92375F640F44D1,BFBFAC9E043842F,40136BB69291C5C1,3FD
$3FA207E7FD768DB9,BFBEB42A9BCD5058,4013FDF0A5F069B,3FD
$3FAA9628D9C712AF,BFBD1BB48EEE2C15,4014902AB94F0D9F,3FD
$3FB14CEDF8BB5807,BFBAEB8C8764F0BC,40152264CCADB18E,3FD
$3FB4F49E7F775889,BFB82F19BB3A28A,4015B49EE00C557E,3FD
$3FB82F19BB3A289D,BFB4F49E7F77588B,401646D8F36AF96C,3FD
$3FBAEB8C8764F0BA,BFB14CEDF8BB580A,4016D91306C99D5C,3FD
$3FBD1BB48EEE2C13,BFAA9628D9C712B6,40176B4D1A28414B,3FD
$3FBEB42A9BCD5057,BFA207E7FD768DC1,4017FD872D86E53A,3FD
$3FBFAC9E043842EF,BF92375F640F44E1,40188FC140E58929,3FD
$3FC,0,401921FB54442D18,3FD
5 168 13
5 169 18
5 170 14
5 171 17
5 172 0
5 173 0
4 162 ->
5 163 17
5 164 7
5 165 1
5 166 [2]
$1,-1
5 167 [2][4]
$2*0,401921FB54442D18,0
$0,3FD,401921FB54442D18,3FD
5 168 16
5 169 18
5 170 0
5 171 0
5 172 0
5 173 0
4 162 ->
5 163 19
5 164 7
5 165 1
5 166 [2]
$1,-1
5 167 [2][4]
$400921FB54442D18,0,400921FB54442D18,0
$400921FB54442D18,3FD,400921FB54442D18,3FD
5 168 18
5 169 16
5 170 0
5 171 0
5 172 0
5 173 0
2 84 NULL
2 85 ->
2 86 ->
3 87 [4][3]
$3FF,2*0
$2*0,3FF
$0,BFF,0
$3*0
3 88 [1]
4 88 ->
5 89 1853
5 90 0
5 91 3
5 92 -1
5 93 -1
5 94 -1
5 95 0
5 96 0
5 97 0
5 98 [1]
6 98 ->
7 99 6
@data(plin_info_ui_step) 174 0
7 174 ->
@step_ids 175 1
8 175 [1]
9 175 3
3 104 -1
3 105 0
3 106 [1]
4 106 
5 107 1
5 108 0
5 109 [4][3]
$0,BFF,0
$3FF,2*0
$2*0,3FF
$3*0
2 110 NULL
2 111 10
@gsec_ptr 176 0
2 176 [1]
3 176 
@type 177 1
4 177 2
@name 178 10
4 178 S2D0003
@gsec2d_ptr 179 0
4 179 ->
@name 180 10
5 180 S2D0003
@segtab_ptr 181 0
5 181 [3]
6 181 
@type 182 1
7 182 10
@dir 183 1
7 183 [3]
$3*0
@pointid 184 1
7 184 [2]
$2*0
@cntrid 185 1
7 185 0
@arcorient 186 1
7 186 0
@verhor 187 1
7 187 0
@radius 188 1
7 188 0
@ext_id 189 1
7 189 0
@gen_info 190 0
7 190 
@known_ent_info 191 0
7 191 
@attr 192 1
8 192 0
@known_ent_id 193 1
8 193 -1
6 181 
7 182 32770
7 183 [3]
$0,-1,0
7 184 [2]
$1,2
7 185 2
7 186 0
7 187 0
7 188 0
7 189 1
7 190 
@attributes 194 1
8 194 8
7 191 
8 192 0
8 193 -1
6 181 
7 182 32770
7 183 [3]
$-1,2*0
7 184 [2]
$3,4
7 185 4
7 186 0
7 187 1
7 188 0
7 189 2
7 190 
8 194 8
7 191 
8 192 0
8 193 -1
@dimtab_ptr 195 0
5 195 [3]
6 195 
@type 196 1
7 196 4
@value 197 2
7 197 3FC
@direct 198 1
7 198 0
@property 199 1
7 199 0
@leftpt 200 1
7 200 [2]
@rightpt 201 1
7 201 [2]
@offset 202 2
7 202 0
@ext_id 203 1
7 203 0
@dispdimattr 204 0
7 204 
@dimattr 205 1
8 205 [2]
$34,0
@dim_ref 206 0
7 206 [2]
8 206 
@item_id 207 1
9 207 0
@sense 208 1
9 208 -1
@point 209 1
9 209 [2]
$2*-1
8 206 
9 207 0
9 208 -1
9 209 [2]
$2*-1
6 195 
7 196 42
7 197 0
7 198 0
7 199 0
7 200 [2]
7 201 [2]
7 202 0
7 203 1
7 204 
8 205 [2]
$2*0
7 206 [2]
8 206 
9 207 1
9 208 4
9 209 [2]
$2*-1
8 206 
9 207 0
9 208 3
9 209 [2]
$2*-1
6 195 
7 196 42
7 197 0
7 198 0
7 199 0
7 200 [2]
7 201 [2]
7 202 0
7 203 2
7 204 
8 205 [2]
$2*0
7 206 [2]
8 206 
9 207 2
9 208 4
9 209 [2]
$2*-1
8 206 
9 207 0
9 208 3
9 209 [2]
$2*-1
@relat_ptr 210 0
5 210 [3]
6 210 
@id 211 1
7 211 0
@used 212 1
7 212 0
@a 213 1
7 213 [4]
$0,1,2*-1
@b 214 1
7 214 [4]
$4*0
@c 215 2
7 215 [4]
$3FF,BFF,3FF,0
@sign 216 1
7 216 0
@idim 217 1
7 217 -1
@type 218 1
7 218 0
6 210 
7 211 2
7 212 0
7 213 [4]
$0,3,2*-1
7 214 [4]
$2*1,2*0
7 215 [4]
$3FF,BFF,3FF,0
7 216 0
7 217 -1
7 218 0
6 210 
7 211 4
7 212 0
7 213 [4]
$4*0
7 214 [4]
$4*0
7 215 [4]
$4*3FF
7 216 1
7 217 0
7 218 14
@formula_ptr 219 1
5 219 [3]
$0,1,2
@qind 220 1
5 220 -1
@anchor 221 0
5 221 NULL
@totalpointid 222 1
5 222 5
@checkarcs_flag 223 1
5 223 1
@location 224 0
5 224 ->
@id 225 1
6 225 0
@param 226 2
6 226 0
@type 227 1
6 227 0
@nsket_info 228 0
5 228 ->
@scale 229 2
6 229 0
@m 230 1
6 230 0
@last_was_permanent 231 1
6 231 0
@unsolved_ptr 232 0
5 232 ->
@iges_file 233 10
6 233 NULL
@solve_version 234 1
5 234 1
@segdscr_tab 235 0
5 235 [3]
6 235 
@ent_mode 236 1
7 236 0
6 235 
7 236 0
6 235 
7 236 0
@skamp_ptr 237 0
5 237 [2]
6 237 
@id 238 1
7 238 0
@type 239 1
7 239 2
@flags 240 1
7 240 0
@status 241 1
7 241 3
@items 242 0
7 242 [1]
8 242 
@ent_id 243 1
9 243 1
@sense 244 1
9 244 0
6 237 
7 238 1
7 239 1
7 240 0
7 241 3
7 242 [1]
8 242 
9 243 2
9 244 0
@gsec3d_ptr 245 0
4 245 ->
@type 246 1
5 246 7
@name 247 10
5 247 S2D0003
@flip 248 1
5 248 1
@own_ref_id 249 1
5 249 -1
@first_chain_ptr 250 0
5 250 NULL
@quilt_id 251 1
5 251 -1
@plane_id 252 1
5 252 9
@plane_flip 253 1
5 253 -1
@ref_planes 254 0
5 254 [2]
6 254 
@plane_id 255 1
7 255 2
@ref_type 256 1
7 256 5
@ext_ref_id 257 1
7 257 -1
@seg_id 258 1
7 258 1
@flip_flag 259 1
7 259 0
@save_entity_ptr(line) 260 0
7 260 ->
@type 261 1
8 261 32770
@id 262 1
8 262 0
@gen_info 263 0
8 263 
9 194 8
@end1 264 2
8 264 [3]
$3*0
@end2 265 2
8 265 [3]
$0,C059,0
@back_entity_ptr(line) 266 0
7 266 ->
8 261 32770
8 262 0
8 263 
9 194 8
8 264 [3]
$3*0
8 265 [3]
$0,C059,0
6 254 
7 255 6
7 256 5
7 257 -1
7 258 2
7 259 0
7 260 ->
8 261 32770
8 262 0
8 263 
9 194 8
8 264 [3]
$3*0
8 265 [3]
$C059,2*0
7 266 ->
8 261 32770
8 262 0
8 263 
9 194 8
8 264 [3]
$3*0
8 265 [3]
$C059,2*0
@order_ptr 267 0
4 267 [2]
5 267 
@id 268 1
6 268 0
@flip 269 1
6 269 2
5 267 
6 268 0
6 269 4
@dim_id_tab 270 1
4 270 [3]
$0,1,2
@attributes 271 1
4 271 262144
@xsec_id 272 1
4 272 -1
@gsec_info_arr 273 0
4 273 [1]
5 273 
@application_type 274 1
6 274 2
@application_id 275 1
6 275 1
@secsolve_revnum 276 1
4 276 0
@rel_accuracy 277 2
4 277 BFF
@p_saved_result 278 0
4 278 ->
@entity(circle) 279 0
5 279 ->
@id 280 1
6 280 0
@gen_info 281 0
6 281 
@center 282 2
6 282 [3]
$3*0
@radius 283 2
6 283 3FC
@entity(line) 284 0
5 284 ->
6 261 32770
6 262 1
6 263 
7 194 8
6 264 [3]
$3*0
6 265 [3]
$0,C059,0
5 284 ->
6 261 32770
6 262 2
6 263 
7 194 8
6 264 [3]
$3*0
6 265 [3]
$C059,2*0
@local_sys 285 2
5 285 [4][3]
$3FF,2*0
$2*0,3FF
$0,BFF,0
$3*0
2 112 -1
2 113 NULL
2 114 NULL
2 128 [3]
$1,5,8
2 115 ->
@crv_type 286 0
3 286 [6]
4 286 
@p_crv 287 1
5 287 11
@crv_type 288 1
5 288 7
4 286 
5 287 12
5 288 7
4 286 
5 287 14
5 288 7
4 286 
5 287 15
5 288 7
4 286 
5 287 17
5 288 7
4 286 
5 287 19
5 288 7
3 116 0
3 117 0
3 118 [2][3]
$3*0
$3*0
3 119 0
3 120 NULL
3 121 -1
2 122 -1
2 123 NULL
2 124 1
2 125 ->
@revnums 289 0
3 289 [2]
4 289 ->
@owner_type 290 1
5 290 4
@owner_ind 291 1
5 291 0
@ref_id 292 1
5 292 0
@ref_revnum 293 1
5 293 1
4 289 ->
5 290 4
5 291 0
5 292 1
5 293 1
3 126 1
1 127 ->
2 37 23
2 38 1
2 39 ->
3 40 -1
3 41 923
3 42 NULL
3 43 0
3 44 [3]
$3,2*0
3 45 0
3 46 -1
3 47 -1
3 48 ->
4 49 0
4 50 0
4 51 -1
4 52 970
4 53 -1
4 54 -1
4 55 0
4 56 0
4 57 0
4 58 0
3 59 0
2 60 -1
2 61 no_name
2 62 2
2 63 ->
3 64 [1][4]
$24,3*0
3 65 NULL
3 66 [21]
$3*-1,-2049,2*-1,-16777217,3*-1,-536870913,-1,-1126176897,-2,-2097185,
$-2097665,-1,-1073741843,-1,796786687,-1825309570
3 67 NULL
3 68 ->
4 69 160024
4 70 160024
2 71 
3 72 [1]
4 72 ->
5 73 34
5 74 24
5 75 23
5 76 -1
5 77 [2][2]
$2*0
$2*0
5 78 ->
6 79 [4][3]
$3FF,2*0
$2*0,3FF
$0,BFF,0
$0,3FD,0
5 80 NULL
5 81 0
5 82 1
5 83 [2][3]
$3*0
$3*0
2 84 NULL
2 85 ->
2 86 ->
3 87 [4][3]
$3FF,2*0
$2*0,3FF
$0,BFF,0
$0,3FD,0
3 88 [2]
4 88 ->
5 89 509
5 90 3FF
5 91 -1
5 92 -1
5 93 13
5 94 24
5 95 0
5 96 0
5 97 32768
5 98 [1]
6 98 ->
7 99 1
7 100 ->
8 101 -4
8 102 5
8 103 0
4 88 ->
5 89 511
5 90 3FF
5 91 -1
5 92 -1
5 93 2
5 94 24
5 95 0
5 96 0
5 97 32768
5 98 [1]
6 98 ->
7 99 1
7 100 ->
8 101 -4
8 102 5
8 103 0
3 104 -1
3 105 1
3 106 [1]
4 106 
5 107 11
5 108 0
5 109 [4][3]
$3FF,2*0
$2*0,3FF
$0,BFF,0
$0,3FD,0
2 110 NULL
2 111 24
2 112 -1
2 113 NULL
2 114 NULL
2 128 [2]
$1,7
2 115 ->
3 116 10
3 117 0
3 118 [2][3]
$BFC,0,BFC
$3FC,3FD,3FC
3 119 3FDBB67AE8584CAR
3 120 NULL
3 121 -1
2 122 -1
2 123 NULL
2 124 0
2 125 ->
3 126 2
1 127 ->
2 37 22
2 38 1
2 39 ->
3 40 -1
3 41 917
3 42 NULL
3 43 1
3 44 [3]
$0,65536,0
3 45 0
3 46 991
3 47 -1
3 48 ->
4 49 0
4 50 266240
4 51 -1
4 52 -1
4 53 -1
4 54 -1
4 55 0
4 56 0
4 57 0
4 58 0
3 59 0
2 60 -1
2 61 no_name
2 62 2
2 63 ->
3 64 [6][4]
$25,204,2*0
$30,203,2*0
$35,200,2*0
$37,200,1,0
$39,200,2,0
$41,200,3,0
3 148 [20][6]
$26,221,3*0,25
$27,221,1,2*0,25
$28,221,2,2*0,25
$29,221,3,2*0,25
$31,222,3*0,35
$32,222,1,2*0,37
$33,222,2,2*0,39
$34,222,3,2*0,41
$36,303,2*0,3,35
$38,303,1,2*0,37
$40,303,2,0,1,39
$42,303,3,0,2,41
$43,226,13,35,0,13
$44,226,13,37,0,13
$45,226,13,39,0,13
$46,226,13,41,0,13
$47,224,36,2*0,35
$48,224,38,2*0,37
$49,224,40,2*0,39
$50,224,42,2*0,41
3 151 [1]
4 151 
5 152 24
5 153 -1
3 65 ->
@new_edges 294 1
4 294 [8]
$43,44,45,46,47,48,49,50
4 154 25
3 66 [21]
$3*-1,-2049,2*-1,-16777217,3*-1,-536870913,-1,-1126176897,-2,-2097185,
$-2097665,-1,-1073741843,-1,796786687,-1825309570
3 67 NULL
3 68 ->
4 69 160024
4 70 160024
2 71 
3 72 [6]
4 72 ->
5 73 34
5 74 25
5 75 22
5 76 -1
5 77 [2][2]
$BFA9R,BFB9R
$3FA9R,3FB9R
5 78 ->
6 79 [4][3]
$3FF,2*0
$2*0,3FF
$0,BFF,0
$0,3FD,0
5 80 ->
6 155 26
6 156 1
6 157 [2][2]
$BFA9R,BFB9R
$3FA9R,3FB9R
5 158 NULL
5 81 0
5 82 -1
5 83 [2][3]
$BFA9R,3FD,BFB9R
$3FA9R,3FD,3FB9R
4 72 ->
5 73 34
5 74 30
5 75 22
5 76 0
5 77 [2][2]
$BFA47AE147AE147B,BFB70A3D70A3D70A
$3FA47AE147AE147B,3FB70A3D70A3D70A
5 78 ->
6 79 [4][3]
$3FF,2*0
$2*0,3FF
$0,BFF,0
$0,3FD8,0
5 80 ->
6 155 130
6 156 1
6 157 [2][2]
$BFA47AE147AE147B,BFB70A3D70A3D70A
$3FA47AE147AE147B,3FB70A3D70A3D70A
5 158 NULL
5 81 35
5 82 1
5 83 [2][3]
$BFA47AE147AE147B,3FD8,BFB70A3D70A3D70A
$3FA47AE147AE147B,3FD8,3FB70A3D70A3D70A
4 72 ->
5 73 34
5 74 35
5 75 22
5 76 0
5 77 [2][2]
$3FA9R,0
$3FC3R,3FBD70A3D70A3D73
5 78 ->
6 79 [4][3]
$2*0,BFF
$0,3FF,0
$3FF,2*0
$BFA9R,3FD,BFB9R
5 80 ->
6 155 148
6 156 1
6 157 [2][2]
$3FA9R,0
$3FC3R,3FBD70A3D70A3D73
5 158 NULL
5 81 39
5 82 1
5 83 [2][3]
$BFA9R,3FD,BFA9R
$BFA9R,3FD75C28F5C28F5D,3FA9R
4 72 ->
5 73 34
5 74 37
5 75 22
5 76 -1
5 77 [2][2]
$2*0
$3FB9R,3FC
5 78 ->
6 79 [4][3]
$3FF,2*0
$0,3FF,0
$2*0,3FF
$BFA9R,3FD,3FB9R
5 80 NULL
5 81 0
5 82 1
5 83 [2][3]
$BFA9R,3FD,3FB9R
$3FA9R,3FD8,3FB9R
4 72 ->
5 73 34
5 74 39
5 75 22
5 76 0
5 77 [2][2]
$3FA9R,0
$3FC3R,3FBD70A3D70A3D73
5 78 ->
6 79 [4][3]
$2*0,3FF
$0,3FF,0
$BFF,2*0
$3FA9R,3FD,3FB9R
5 80 ->
6 155 145
6 156 1
6 157 [2][2]
$3FA9R,0
$3FC3R,3FBD70A3D70A3D73
5 158 NULL
5 81 52
5 82 1
5 83 [2][3]
$3FA9R,3FD,BFA9R
$3FA9R,3FD75C28F5C28F5D,3FA9R
4 72 ->
5 73 34
5 74 41
5 75 22
5 76 -1
5 77 [2][2]
$2*0
$3FB9R,3FC
5 78 ->
6 79 [4][3]
$BFF,2*0
$0,3FF,0
$2*0,BFF
$3FA9R,3FD,BFB9R
5 80 NULL
5 81 0
5 82 1
5 83 [2][3]
$BFA9R,3FD,BFB9R
$3FA9R,3FD8,BFB9R
3 162 [20]
4 162 ->
5 163 26
5 164 22
5 165 0
5 166 [2]
$1,-1
5 167 [2][4]
$BFA9R,3FB9R,2*0
$BFA9R,BFB9R,3FC9R,0
5 168 25
5 169 35
5 170 27
5 171 36
5 172 0
5 173 0
4 162 ->
5 163 27
5 164 22
5 165 0
5 166 [2]
$1,-1
5 167 [2][4]
$BFA9R,BFB9R,2*0
$3FA9R,BFB9R,3FB9R,0
5 168 25
5 169 37
5 170 28
5 171 38
5 172 0
5 173 0
4 162 ->
5 163 28
5 164 22
5 165 0
5 166 [2]
$1,-1
5 167 [2][4]
$3FA9R,BFB9R,2*0
$3FA9R,3FB9R,3FC9R,0
5 168 25
5 169 39
5 170 29
5 171 40
5 172 0
5 173 0
4 162 ->
5 163 29
5 164 22
5 165 0
5 166 [2]
$1,-1
5 167 [2][4]
$3FA9R,3FB9R,2*0
$BFA9R,2*3FB9R,0
5 168 25
5 169 41
5 170 26
5 171 42
5 172 0
5 173 0
4 162 ->
5 163 31
5 164 22
5 165 0
5 166 [2]
$-1,1
5 167 [2][4]
$BFA9R,3FB9R,0,3FC
$BFA9R,BFB9R,3FC9R,3FC
5 168 30
5 169 35
5 170 0
5 171 0
5 172 0
5 173 0
4 162 ->
5 163 32
5 164 22
5 165 0
5 166 [2]
$-1,1
5 167 [2][4]
$BFA9R,BFB9R,0,3FC
$3FA9R,BFB9R,3FB9R,3FC
5 168 30
5 169 37
5 170 31
5 171 49
5 172 0
5 173 0
4 162 ->
5 163 33
5 164 22
5 165 0
5 166 [2]
$-1,1
5 167 [2][4]
$3FA9R,BFB9R,0,3FC
$3FA9R,3FB9R,3FC9R,3FC
5 168 30
5 169 39
5 170 0
5 171 0
5 172 0
5 173 0
4 162 ->
5 163 34
5 164 22
5 165 0
5 166 [2]
$-1,1
5 167 [2][4]
$3FA9R,3FB9R,0,3FC
$BFA9R,2*3FB9R,3FC
5 168 30
5 169 41
5 170 68
5 171 47
5 172 0
5 173 0
4 162 ->
5 163 36
5 164 22
5 165 0
5 166 [2]
$1,-1
5 167 [2][4]
$2*0,3FB9R,0
$0,3FC,3FB9R,3FC
5 168 35
5 169 41
5 170 0
5 171 0
5 172 0
5 173 0
4 162 ->
5 163 38
5 164 22
5 165 0
5 166 [2]
$1,-1
5 167 [2][4]
$2*0,3FC9R,0
$0,3FC,3FC9R,3FC
5 168 37
5 169 35
5 170 0
5 171 0
5 172 0
5 173 0
4 162 ->
5 163 40
5 164 22
5 165 0
5 166 [2]
$1,-1
5 167 [2][4]
$2*0,3FB9R,0
$0,3FC,3FB9R,3FC
5 168 39
5 169 37
5 170 0
5 171 0
5 172 0
5 173 0
4 162 ->
5 163 42
5 164 22
5 165 0
5 166 [2]
$1,-1
5 167 [2][4]
$2*0,3FC9R,0
$0,3FC,3FC9R,3FC
5 168 41
5 169 39
5 170 0
5 171 0
5 172 0
5 173 0
4 162 ->
5 163 43
5 164 22
5 165 0
5 166 [2]
$1,-1
5 167 [2][4]
$BFA9R,3FB9R,2*0
$BFA9R,BFB9R,3FC9R,0
5 168 13
5 169 35
5 170 0
5 171 0
5 172 0
5 173 0
4 162 ->
5 163 44
5 164 22
5 165 0
5 166 [2]
$1,-1
5 167 [2][4]
$BFA9R,BFB9R,2*0
$3FA9R,BFB9R,3FB9R,0
5 168 13
5 169 37
5 170 45
5 171 48
5 172 0
5 173 0
4 162 ->
5 163 45
5 164 22
5 165 0
5 166 [2]
$1,-1
5 167 [2][4]
$3FA9R,BFB9R,2*0
$3FA9R,3FB9R,3FC9R,0
5 168 13
5 169 39
5 170 0
5 171 0
5 172 0
5 173 0
4 162 ->
5 163 46
5 164 22
5 165 0
5 166 [2]
$1,-1
5 167 [2][4]
$3FA9R,3FB9R,2*0
$BFA9R,2*3FB9R,0
5 168 13
5 169 41
5 170 69
5 171 50
5 172 0
5 173 0
4 162 ->
5 163 47
5 164 22
5 165 0
5 166 [2]
$1,-1
5 167 [2][4]
$2*0,3FB9R,0
$0,3FC,3FB9R,3FC
5 168 35
5 169 41
5 170 67
5 171 46
5 172 0
5 173 0
4 162 ->
5 163 48
5 164 22
5 165 0
5 166 [2]
$1,-1
5 167 [2][4]
$2*0,3FC9R,0
$0,3FC,3FC9R,3FC
5 168 37
5 169 35
5 170 32
5 171 43
5 172 0
5 173 0
4 162 ->
5 163 49
5 164 22
5 165 0
5 166 [2]
$1,-1
5 167 [2][4]
$2*0,3FB9R,0
$0,3FC,3FB9R,3FC
5 168 39
5 169 37
5 170 33
5 171 44
5 172 0
5 173 0
4 162 ->
5 163 50
5 164 22
5 165 0
5 166 [2]
$1,-1
5 167 [2][4]
$2*0,3FC9R,0
$0,3FC,3FC9R,3FC
5 168 41
5 169 39
5 170 34
5 171 70
5 172 0
5 173 0
2 84 NULL
2 85 ->
2 86 ->
3 87 [4][3]
$3FF,2*0
$2*0,3FF
$0,BFF,0
$0,3FD,0
3 88 [1]
4 88 ->
5 89 1853
5 90 0
5 91 8
5 92 -1
5 93 -1
5 94 -1
5 95 0
5 96 0
5 97 0
5 98 [1]
6 98 ->
7 99 6
7 174 ->
8 175 [1]
9 175 3
3 104 -1
3 105 0
3 106 [1]
4 106 
5 107 1
5 108 0
5 109 [4][3]
$3FF,2*0
$0,3FF,0
$2*0,3FF
$3*0
2 110 NULL
2 111 25
2 176 [1]
3 176 
4 177 2
4 178 S2D0004
4 179 ->
5 180 S2D0004
5 181 [6]
6 181 
7 182 2
7 183 [3]
$0,-1,0
7 184 [2]
$0,1
7 185 1
7 186 0
7 187 0
7 188 0
7 189 0
7 190 
7 191 
8 192 0
8 193 -1
6 181 
7 182 2
7 183 [3]
$1,2*0
7 184 [2]
$1,2
7 185 2
7 186 0
7 187 1
7 188 0
7 189 1
7 190 
7 191 
8 192 0
8 193 -1
6 181 
7 182 2
7 183 [3]
$0,1,0
7 184 [2]
$2,3
7 185 3
7 186 0
7 187 0
7 188 0
7 189 2
7 190 
7 191 
8 192 0
8 193 -1
6 181 
7 182 2
7 183 [3]
$-1,2*0
7 184 [2]
$3,0
7 185 0
7 186 0
7 187 1
7 188 0
7 189 3
7 190 
7 191 
8 192 0
8 193 -1
6 181 
7 182 32770
7 183 [3]
$0,-1,0
7 184 [2]
$4,5
7 185 5
7 186 0
7 187 0
7 188 0
7 189 4
7 190 
8 194 8
7 191 
8 192 0
8 193 -1
6 181 
7 182 32770
7 183 [3]
$-1,2*0
7 184 [2]
$6,7
7 185 7
7 186 0
7 187 1
7 188 0
7 189 5
7 190 
8 194 8
7 191 
8 192 0
8 193 -1
5 195 [4]
6 195 
7 196 5
7 197 3FA9R
7 198 0
7 199 0
7 200 [2]
7 201 [2]
7 202 0
7 203 0
7 204 
8 205 [2]
$34,0
7 206 [2]
8 206 
9 207 2
9 208 -1
9 209 [2]
$2,3
8 206 
9 207 4
9 208 -1
9 209 [2]
$4,5
6 195 
7 196 5
7 197 3FA9R
7 198 0
7 199 0
7 200 [2]
7 201 [2]
7 202 0
7 203 1
7 204 
8 205 [2]
$34,0
7 206 [2]
8 206 
9 207 4
9 208 -1
9 209 [2]
$4,5
8 206 
9 207 0
9 208 -1
9 209 [2]
$0,1
6 195 
7 196 5
7 197 3FB9R
7 198 0
7 199 0
7 200 [2]
7 201 [2]
7 202 0
7 203 2
7 204 
8 205 [2]
$34,0
7 206 [2]
8 206 
9 207 5
9 208 -1
9 209 [2]
$6,7
8 206 
9 207 1
9 208 -1
9 209 [2]
$1,2
6 195 
7 196 5
7 197 3FB9R
7 198 0
7 199 0
7 200 [2]
7 201 [2]
7 202 0
7 203 3
7 204 
8 205 [2]
$34,0
7 206 [2]
8 206 
9 207 3
9 208 -1
9 209 [2]
$3,0
8 206 
9 207 5
9 208 -1
9 209 [2]
$6,7
5 210 [8]
6 210 
7 211 4
7 212 0
7 213 [4]
$2,4,2*-1
7 214 [4]
$4*0
7 215 [4]
$3FF,BFF,2*3FF
7 216 -1
7 217 0
7 218 0
6 210 
7 211 2
7 212 1
7 213 [4]
$2,3,2*-1
7 214 [4]
$4*0
7 215 [4]
$3FF,BFF,2*3FF
7 216 0
7 217 0
7 218 0
6 210 
7 211 5
7 212 1
7 213 [4]
$4,0,2*-1
7 214 [4]
$4*0
7 215 [4]
$3FF,BFF,2*3FF
7 216 -1
7 217 1
7 218 0
6 210 
7 211 0
7 212 1
7 213 [4]
$0,1,2*-1
7 214 [4]
$4*0
7 215 [4]
$3FF,BFF,2*3FF
7 216 0
7 217 0
7 218 0
6 210 
7 211 6
7 212 1
7 213 [4]
$6,1,2*-1
7 214 [4]
$2*1,2*0
7 215 [4]
$3FF,BFF,2*3FF
7 216 -1
7 217 2
7 218 0
6 210 
7 211 1
7 212 1
7 213 [4]
$1,2,2*-1
7 214 [4]
$2*1,2*0
7 215 [4]
$3FF,BFF,2*3FF
7 216 0
7 217 0
7 218 0
6 210 
7 211 7
7 212 0
7 213 [4]
$3,6,2*-1
7 214 [4]
$2*1,2*0
7 215 [4]
$3FF,BFF,2*3FF
7 216 -1
7 217 3
7 218 0
6 210 
7 211 3
7 212 1
7 213 [4]
$3,0,2*-1
7 214 [4]
$2*1,2*0
7 215 [4]
$3FF,BFF,2*3FF
7 216 0
7 217 0
7 218 0
5 219 [8]
$0,1,2,3,4,5,6,7
5 220 -1
5 221 NULL
5 222 8
5 223 1
5 224 ->
6 225 0
6 226 0
6 227 0
5 228 ->
6 229 0
6 230 0
6 231 0
5 232 ->
6 233 NULL
5 234 1
5 235 [6]
6 235 
7 236 0
6 235 
7 236 0
6 235 
7 236 0
6 235 
7 236 0
6 235 
7 236 0
6 235 
7 236 0
5 237 [10]
6 237 
7 238 0
7 239 2
7 240 0
7 241 3
7 242 [1]
8 242 
9 243 0
9 244 0
6 237 
7 238 1
7 239 0
7 240 0
7 241 3
7 242 [2]
8 242 
9 243 1
9 244 2
8 242 
9 243 0
9 244 3
6 237 
7 238 2
7 239 1
7 240 0
7 241 3
7 242 [1]
8 242 
9 243 1
9 244 0
6 237 
7 238 3
7 239 0
7 240 0
7 241 3
7 242 [2]
8 242 
9 243 2
9 244 2
8 242 
9 243 1
9 244 3
6 237 
7 238 4
7 239 2
7 240 0
7 241 3
7 242 [1]
8 242 
9 243 2
9 244 0
6 237 
7 238 5
7 239 0
7 240 0
7 241 3
7 242 [2]
8 242 
9 243 3
9 244 2
8 242 
9 243 2
9 244 3
6 237 
7 238 6
7 239 0
7 240 0
7 241 3
7 242 [2]
8 242 
9 243 3
9 244 3
8 242 
9 243 0
9 244 2
6 237 
7 238 7
7 239 1
7 240 0
7 241 3
7 242 [1]
8 242 
9 243 3
9 244 0
6 237 
7 238 8
7 239 2
7 240 0
7 241 3
7 242 [1]
8 242 
9 243 4
9 244 0
6 237 
7 238 9
7 239 1
7 240 0
7 241 3
7 242 [1]
8 242 
9 243 5
9 244 0
4 245 ->
5 246 7
5 247 S2D0004
5 248 1
5 249 -1
5 250 NULL
5 251 -1
5 252 24
5 253 -1
5 254 [2]
6 254 
7 255 2
7 256 5
7 257 -1
7 258 4
7 259 0
7 260 ->
8 261 32770
8 262 0
8 263 
9 194 8
8 264 [3]
$3*0
8 265 [3]
$0,C059,0
7 266 ->
8 261 32770
8 262 0
8 263 
9 194 8
8 264 [3]
$3*0
8 265 [3]
$0,C059,0
6 254 
7 255 6
7 256 5
7 257 -1
7 258 5
7 259 0
7 260 ->
8 261 32770
8 262 0
8 263 
9 194 8
8 264 [3]
$3*0
8 265 [3]
$C059,2*0
7 266 ->
8 261 32770
8 262 0
8 263 
9 194 8
8 264 [3]
$3*0
8 265 [3]
$C059,2*0
4 267 [4]
5 267 
6 268 0
6 269 2
5 267 
6 268 1
6 269 0
5 267 
6 268 2
6 269 0
5 267 
6 268 3
6 269 4
4 270 [4]
$4,5,6,7
4 271 262144
4 272 -1
4 273 [1]
5 273 
6 274 2
6 275 1
4 276 0
4 277 BFF
4 278 ->
5 284 ->
6 262 0
6 263 
6 264 [3]
$BFA9R,3FB9R,0
6 265 [3]
$BFA9R,BFB9R,0
5 284 ->
6 262 1
6 263 
6 264 [3]
$BFA9R,BFB9R,0
6 265 [3]
$3FA9R,BFB9R,0
5 284 ->
6 262 2
6 263 
6 264 [3]
$3FA9R,BFB9R,0
6 265 [3]
$3FA9R,3FB9R,0
5 284 ->
6 262 3
6 263 
6 264 [3]
$3FA9R,3FB9R,0
6 265 [3]
$BFA9R,3FB9R,0
5 284 ->
6 261 32770
6 262 4
6 263 
7 194 8
6 264 [3]
$3*0
6 265 [3]
$0,C059,0
5 284 ->
6 261 32770
6 262 5
6 263 
7 194 8
6 264 [3]
$3*0
6 265 [3]
$C059,2*0
5 285 [4][3]
$3FF,2*0
$2*0,3FF
$0,BFF,0
$0,3FD,0
2 112 -1
2 113 NULL
2 114 NULL
2 128 [3]
$1,5,23
2 115 ->
@next_srf 295 0
3 295 [2]
4 295 
@p_srf 296 1
5 296 18
@next_geom_ptr 297 1
5 297 0
4 295 
5 296 25
5 297 30
@bnd_type 298 0
3 298 [7]
4 298 
@p_srf 299 1
5 299 16
@boundary_type 300 1
5 300 1
4 298 
5 299 18
5 300 1
4 298 
5 299 25
5 300 0
4 298 
5 299 35
5 300 1
4 298 
5 299 37
5 300 1
4 298 
5 299 39
5 300 1
4 298 
5 299 41
5 300 1
@contours 301 0
3 301 [5]
4 301 
@p_srf 302 1
5 302 13
@start_crv_arr 303 11
5 303 [1]
6 303 14
4 301 
5 302 35
5 303 [1]
6 303 26
4 301 
5 302 37
5 303 [1]
6 303 27
4 301 
5 302 39
5 303 [1]
6 303 28
4 301 
5 302 41
5 303 [1]
6 303 29
@next_crv 304 0
3 304 [8]
4 304 
@p_crv 305 1
5 305 31
@next_crv 306 11
5 306 [2]
$34,38
4 304 
5 305 32
5 306 [2]
$31,40
4 304 
5 305 33
5 306 [2]
$32,42
4 304 
5 305 34
5 306 [2]
$33,36
4 304 
5 305 36
5 306 [2]
$31,29
4 304 
5 305 38
5 306 [2]
$32,26
4 304 
5 305 40
5 306 [2]
$33,27
4 304 
5 305 42
5 306 [2]
$34,28
3 116 10
3 117 0
3 118 [2][3]
$BFC,0,BFC
$3FC,3FD,3FC
3 119 3FDBB67AE8584CAR
3 120 NULL
3 121 -1
2 122 -1
2 123 NULL
2 124 1
2 125 ->
3 289 [2]
4 289 ->
5 290 4
5 291 0
5 292 0
5 293 1
4 289 ->
5 290 4
5 291 0
5 292 1
5 293 1
3 126 1
1 127 ->
2 37 51
2 38 1
2 39 ->
3 40 -1
3 41 913
3 42 NULL
3 43 0
3 44 [3]
$3*0
3 45 0
3 46 991
3 47 -1
3 48 ->
4 49 0
4 50 0
4 51 -1
4 52 -1
4 53 986
4 54 -1
4 55 0
4 56 0
4 57 0
4 58 1
3 59 0
2 60 -1
2 61 no_name
2 62 2
2 63 ->
3 64 [2][4]
$52,263,39,37
$57,214,13,0
3 148 [20][6]
$53,229,52,3*0
$54,229,52,2,0,52
$55,229,52,1,0,52
$56,229,52,3,2*0
$58,228,54,2*0,57
$59,226,39,52,0,39
$60,226,35,52,0,52
$61,225,13,57,0,13
$62,225,13,57,1,13
$63,225,13,57,2,13
$64,225,13,57,3,13
$65,226,30,52,0,30
$66,226,30,52,1,52
$67,224,31,2*0,35
$68,224,33,2*0,39
$69,224,43,2*0,13
$70,224,45,2*0,13
$71,224,54,2*0,52
$72,224,54,1,0,52
$73,231,72,71,0,13
3 65 NULL
3 66 [21]
$3*-1,-2049,2*-1,-16777217,3*-1,-536870913,-1,-1126176897,-2,-2097185,
$-2097665,-1,-1073741843,-1,796786687,-1825309570
3 67 NULL
3 68 ->
4 69 160024
4 70 160024
2 71 
3 72 [2]
4 72 ->
5 73 36
5 74 52
5 75 51
5 76 0
5 77 [2][2]
$C00921FB54442D18,3FC4CCEE95CA5728
$0,3FD1C2A040A7BAF
5 159 ->
6 160 [4][3]
$3FF,2*0
$2*0,3FF
$0,BFF,0
$0,3FB66622D46B51B,3FA9R
6 161 3FA9R
5 80 ->
6 155 146
6 156 1
6 157 [2][2]
$C00921FB54442D18,3FC4CCEE95CA5728
$0,3FD1C2A040A7BAF
5 158 NULL
5 81 75
5 82 1
5 83 [2][3]
$BFA9R,3FD,3FA9R
$3FA9R,3FD75C28F5C28F5C,3FB9R
4 72 ->
5 73 34
5 74 57
5 75 51
5 76 -1
5 77 [2][2]
$BFA9R,BFB9R
$0,BFA9R
5 78 ->
6 79 [4][3]
$3FF,2*0
$2*0,3FF
$0,BFF,0
$0,3FD,0
5 80 NULL
5 81 52
5 82 1
5 83 [2][3]
$BFA9R,3FD,3FA9R
$0,3FD,3FB9R
3 162 [20]
4 162 ->
5 163 53
5 164 51
5 165 8
5 166 [2]
$-1,1
5 167 [2][4]
$0,3FC4CCEE95CA5728,3FA9R,0
$0,3FD266774AE52B94,3FA9R,3FC
5 168 52
5 169 0
5 170 54
5 171 56
5 172 0
5 173 0
4 162 ->
5 163 54
5 164 51
5 165 0
5 166 [2]
$1,-1
5 167 [18][4]
$0,3FC4CCEE95CA5728,3FA9R,BFA9R
$BFC7A6484359D9D9,3FC4CCEE95CA5728,3FA92A0EC597D33,BFAE4D943BA70BFB
$BFD7A98919DE7E28,3FC4CCEE95CA5728,3FA7DEC1F1B2C52E,BFB16CE4DE6F1C65
$BFE1BCBCDCF1B102,3FC4CCEE95CA5728,3FA5C45C4ACE0AE5,BFB389820EA23C07
$BFE7A9295F450B9A,3FC4CCEE95CA5728,3FA2EA47A12887F1,BFB56CDA786E1E8F
$BFED8FFBA0A4B327,3FC4CCEE95CA5728,3F9EDCA64A3D6DB8,BFB703674F8B84F8
$BFF1BE9D2637275C,3FC4CCEE95CA5728,3F96CF93459BA90C,BFB8426B9B1DD2DB
$BFF4B1ADC8FBB447,3FC4CCEE95CA5728,3F8C0B6A942D6E1F,BFB91C507BD4301A
$BFF7A881C863AE3F,3FC4CCEE95CA5728,3F72D8D750030927,BFB98BB1F0A0A79R
$BFFA9B74E024ABER,3FC4CCEE95CA5728,BF72D8D7500308F2,BFB98BB1F0A0A79R
$BFFD9248DF8CA5E6,3FC4CCEE95CA5728,BF8C0B6A942D6E0B,BFB91C507BD4301A
$C00042ACC1289968,3FC4CCEE95CA5728,BF96CF93459BA8FR,BFB8426B9B1DD2DR
$C001BDFC6C1B004E,3FC4CCEE95CA5728,BF9EDCA64A3D6DB3,BFB703674F8B84F9
$C00337B0FC72EA32,3FC4CCEE95CA5728,BFA2EA47A12887F1,BFB56CDA786E1E8F
$C004B2CC1D07C0D8,3FC4CCEE95CA5728,BFA5C45C4ACE0AE5,BFB389820EA23C07
$C0062CCA31085D52,3FC4CCEE95CA5728,BFA7DEC1F1B2C52C,BFB16CE4DE6F1C67
$C007A796D00E8F79,3FC4CCEE95CA5728,BFA92A0EC597D32E,BFAE4D943BA70C
$C00921FB54442D18,3FC4CCEE95CA5728,2*BFA9R
5 168 52
5 169 57
5 170 0
5 171 0
5 172 0
5 173 0
4 162 ->
5 163 55
5 164 51
5 165 8
5 166 [2]
$1,-1
5 167 [2][4]
$C00921FB54442D18,3FC4CCEE95CA5728,3FC3R,0
$C00921FB54442D18,3FD266774AE52B94,3FC3R,3FC
5 168 52
5 169 0
5 170 56
5 171 58
5 172 0
5 173 0
4 162 ->
5 163 56
5 164 51
5 165 2
5 166 [2]
$-1,1
5 167 [3][4]
$0,3FD266774AE52B94,2*0
$BFF921FB54442D18,3FD266774AE52B94,2*0
$C00921FB54442D18,3FD266774AE52B94,2*0
5 168 52
5 169 0
5 170 53
5 171 55
5 172 0
5 173 0
4 162 ->
5 163 58
5 164 51
5 165 2
5 166 [2]
$-1,1
5 167 [2][4]
$0,3FC4CCEE95CA572C,3FA9R,BFA9R
$C00921FB54442D18,3FC4CCEE95CA572C,2*BFA9R
5 168 0
5 169 57
5 170 53
5 171 54
5 172 0
5 173 0
4 162 ->
5 163 59
5 164 51
5 165 8
5 166 [2]
$-1,1
5 167 [2][4]
$0,3FC4CCEE95CA5728,3FA9R,0
$0,3FD266774AE52B94,3FA9R,3FC
5 168 52
5 169 39
5 170 0
5 171 0
5 172 0
5 173 0
4 162 ->
5 163 60
5 164 51
5 165 8
5 166 [2]
$1,-1
5 167 [2][4]
$C00921FB54442D18,3FC4CCEE95CA5728,3FC3R,0
$C00921FB54442D18,3FD266774AE52B94,3FC3R,3FC
5 168 52
5 169 35
5 170 0
5 171 0
5 172 0
5 173 0
4 162 ->
5 163 61
5 164 51
5 165 1
5 166 [2]
$1,-1
5 167 [2][4]
$3FA9R,BFB9R,3FA9R,BFB9R
$3FA9R,BFA9R,3FA9R,BFA9R
5 168 13
5 169 57
5 170 70
5 171 63
5 172 0
5 173 0
4 162 ->
5 163 62
5 164 51
5 165 1
5 166 [2]
$1,-1
5 167 [2][4]
$BFA9R,BFB9R,BFA9R,BFB9R
$0,BFB9R,0,BFB9R
5 168 13
5 169 57
5 170 71
5 171 64
5 172 0
5 173 0
4 162 ->
5 163 63
5 164 51
5 165 1
5 166 [2]
$1,-1
5 167 [2][4]
$0,BFB9R,0,BFB9R
$3FA9R,BFB9R,3FA9R,BFB9R
5 168 13
5 169 57
5 170 61
5 171 71
5 172 0
5 173 0
4 162 ->
5 163 64
5 164 51
5 165 1
5 166 [2]
$1,-1
5 167 [2][4]
$BFA9R,BFA99999999999A,BFA9R,BFA99999999999A
$BFA9R,BFB9R,BFA9R,BFB9R
5 168 13
5 169 57
5 170 62
5 171 72
5 172 0
5 173 0
4 162 ->
5 163 65
5 164 51
5 165 0
5 166 [2]
$1,-1
5 167 [18][4]
$3FA9R,BFA9R,0,3FD266774AE52B94
$3FA92A067A5950F8,BFAE4DC09B852D2C,BFC7A729FA4C5ACE,3FD266774AE52B94
$3FA7DF17520E2908,BFB16C76B1FF3F9C,BFD7A73A5407D9A4,3FD266774AE52B94
$3FA5C40DD8F8B141,BFB389C169A077CA,BFE1BD7725C33A1F,3FD266774AE52B94
$3FA2EB42D87C7523,BFB56C50B5BD07A,BFE7A7574D7168AC,3FD266774AE52B94
$3F9EDB0C94200A1R,BFB703B4AD0C521C,BFED913C886DA6C8,3FD266774AE52B94
$3F96D28E1895CA7E,BFB8420CAC1C3723,BFF1BD92DD108992,3FD266774AE52B94
$3F8C0625F09F0CBD,BFB91C80783563D6,BFF4B288E16D7398,3FD266774AE52B94
$3F72E5B00FE4F264,BFB98B9EEB069CD8,BFF7A77FC058404A,3FD266774AE52B94
$BF72E5B00FE4F2A2,BFB98B9EEB069CD8,BFFA9C76E83019EC,3FD266774AE52B94
$BF8C0625F09F0CC7,BFB91C80783563D6,BFFD916DC71AE69A,3FD266774AE52B94
$BF96D28E1895CA86,BFB8420CAC1C372R,C0004331E5BBE851,3FD266774AE52B94
$BF9EDB0C94200A17,BFB703B4AD0C521C,C001BDAC3228C367,3FD266774AE52B94
$BFA2EB42D87C7524,BFB56C50B5BD079E,C003382580E7D2ER,3FD266774AE52B94
$BFA5C40DD8F8B142,BFB389C169A077C9,C004B29D8AD35E91,3FD266774AE52B94
$BFA7DF17520E2908,BFB16C76B1FF3F9C,C0062D1409C331E4,3FD266774AE52B94
$BFA92A067A5950F8,BFAE4DC09B852D2B,C007A788B49F676C,3FD266774AE52B94
$2*BFA9R,C00921FB54442D18,3FD266774AE52B94
5 168 30
5 169 52
5 170 90
5 171 59
5 172 0
5 173 0
4 162 ->
5 163 66
5 164 51
5 165 0
5 166 [2]
$-1,1
5 167 [10][4]
$0,BFB9R,BFF921FB54442D18,3FD266774AE52B94
$3F81C755D634E0FB,BFB967D5A309383E,BFF65736A73FC29D,3FD266774AE52B94
$3F91823D73E003A8,BFB8D40C17370DC8,BFF38C6FB074665F,3FD266774AE52B94
$3F9998B68991D94C,BFB7E2B8557081A1,BFF0C1A426D9C4ER,3FD266774AE52B94
$3FA07419D3D6744,BFB69B2C24BF3292,BFEBEDA385C8593D,3FD266774AE52B94
$3FA39BEC2E87C0AB,BFB5075725E7FBB4,BFE657EC7E82B7C3,3FD266774AE52B94
$3FA62B43BA1E30BR,BFB3337A0836ADC9,BFE0C21EB32704C5,3FD266774AE52B94
$3FA80E303926068R,BFB12DC7CD74300B,BFD6586B4CA77DC1,3FD266774AE52B94
$3FA935F84B44649B,BFAE0BFEFB7C6375,BFC6590020350716,3FD266774AE52B94
$3FA9R,BFA9R,0,3FD266774AE52B94
5 168 30
5 169 52
5 170 0
5 171 0
5 172 0
5 173 0
4 162 ->
5 163 67
5 164 51
5 165 0
5 166 [2]
$-1,1
5 167 [2][4]
$BFA9R,3FB9R,0,3FC
$2*BFA9R,3FC3R,3FC
5 168 30
5 169 35
5 170 0
5 171 0
5 172 0
5 173 0
4 162 ->
5 163 68
5 164 51
5 165 0
5 166 [2]
$-1,1
5 167 [2][4]
$3FA9R,BFA9R,3FA9R,3FC
$3FA9R,3FB9R,3FC9R,3FC
5 168 30
5 169 39
5 170 0
5 171 0
5 172 0
5 173 0
4 162 ->
5 163 69
5 164 51
5 165 0
5 166 [2]
$1,-1
5 167 [2][4]
$BFA9R,3FB9R,2*0
$2*BFA9R,3FC3R,0
5 168 13
5 169 35
5 170 0
5 171 0
5 172 0
5 173 0
4 162 ->
5 163 70
5 164 51
5 165 0
5 166 [2]
$1,-1
5 167 [2][4]
$3FA9R,BFA9R,3FA9R,0
$3FA9R,3FB9R,3FC9R,0
5 168 13
5 169 39
5 170 0
5 171 0
5 172 0
5 173 0
4 162 ->
5 163 71
5 164 51
5 165 0
5 166 [2]
$1,-1
5 167 [10][4]
$0,3FC4CCEE95CA5728,3FA9R,BFA9R
$BFC657AB94FDE5C3,3FC4CCEE95CA5728,3FA936041F9E9B8C,BFAE0BBBE8A5A787
$BFD65A69D338F345,3FC4CCEE95CA5728,3FA80DEA5A1E53A7,BFB12E27BEBB2F53
$BFE0C15269E077FB,3FC4CCEE95CA5728,3FA62B9572CBD4FR,BFB33333446A9524
$BFE6594C36E023BE,3FC4CCEE95CA5728,3FA39B3746DB12B,BFB507C2E7971DF2
$BFEBECC589E48643,3FC4CCEE95CA5728,3FA074A1DF30946D,BFB69AF312282B86
$BFF0C23442585504,3FC4CCEE95CA5728,3F9997272431CAD3,BFB7E2F1F6489C2R
$BFF38C297009981,3FC4CCEE95CA5728,3F918310B3BFF2F8,BFB8D3F8DEB07013
$BFF6576D9882EC31,3FC4CCEE95CA5728,3F81C5FB8B3C80C3,BFB967DD4459C032
$BFF921FB54442D18,3FC4CCEE95CA5728,0,BFB9R
5 168 52
5 169 13
5 170 0
5 171 0
5 172 0
5 173 0
4 162 ->
5 163 72
5 164 51
5 165 0
5 166 [2]
$1,-1
5 167 [10][4]
$BFF921FB54442D18,3FC4CCEE95CA5728,0,BFB9R
$BFFBEC8910056DFR,3FC4CCEE95CA5728,BF81C5FB8B3C80BF,BFB967DD4459C032
$BFFEB7CD387EC21F,3FC4CCEE95CA5728,BF918310B3BFF2F3,BFB8D3F8DEB07014
$C000C0E133180295,3FC4CCEE95CA5728,BF9997272431CACB,BFB7E2F1F6489C23
$C00226C9F1CB0B87,3FC4CCEE95CA5728,BFA074A1DF30946C,BFB69AF312282B87
$C0038BA8468C242B,3FC4CCEE95CA5728,BFA39B3746DB12B3,BFB507C2E7971DF
$C004F1A6B9CC0F1A,3FC4CCEE95CA5728,BFA62B9572CBD501,BFB33333446A9523
$C00656AE19DD0EB,3FC4CCEE95CA5728,BFA80DEA5A1E53A8,BFB12E27BEBB2F53
$C007BC809AF44EB9,3FC4CCEE95CA5728,BFA936041F9E9B8C,BFAE0BBBE8A5A79
$C00921FB54442D18,3FC4CCEE95CA5728,2*BFA9R
5 168 52
5 169 13
5 170 0
5 171 0
5 172 0
5 173 0
4 162 ->
5 163 73
5 164 51
5 165 0
5 166 [2]
$1,-1
5 167 [18][4]
$2*BFA9R,C00921FB54442D18,3FC4CCEE95CA5728
$BFA92A06851BD864,BFAE4DC061F4E00B,C007A788C6EC41E9,3FC4CCEE95CA5728
$BFA7DF171ADF2D5E,BFB16C76F93926E2,C0062D13DA05CC21,3FC4CCEE95CA5728
$BFA5C40E0DB2FE47,BFB389C13F0BB60D,C004B29DAA207B6,3FC4CCEE95CA5728
$BFA2EB4272653F7A,BFB56C50EDBC1B29,C0033825518C7CE7,3FC4CCEE95CA5728
$BF9EDB0CFEB835AF,BFB703B498EC59ER,C001BDAC4707CD71,3FC4CCEE95CA5728
$BF96D28D86F1D9B5,BFB8420CBE3DAF68,C0004331CC4FFABR,3FC4CCEE95CA5728
$BF8C06264925C59R,BFB91C80750F593C,BFFD916DD57C80DF,3FC4CCEE95CA5728
$BF72E5AF4EF1F6E1,BFB98B9EEC24B14D,BFFA9C76D90C95B3,3FC4CCEE95CA5728
$3F72E5AF4EF1F6F7,BFB98B9EEC24B14D,BFF7A77FCF7BC47C,3FC4CCEE95CA5728
$3F8C06264925C58C,BFB91C80750F593C,BFF4B288D30BD953,3FC4CCEE95CA5728
$3F96D28D86F1D9B3,BFB8420CBE3DAF69,BFF1BD930FE864BR,3FC4CCEE95CA5728
$3F9EDB0CFEB835B3,BFB703B498EC59ER,BFED913C34F17E9C,3FC4CCEE95CA5728
$3FA2EB4272653F7A,BFB56C50EDBC1B28,BFE7A7580ADEC0C5,3FC4CCEE95CA5728
$3FA5C40E0DB2FE4C,BFB389C13F0BB60A,BFE1BD76A88EC6D4,3FC4CCEE95CA5728
$3FA7DF171ADF2D5E,BFB16C76F93926E2,BFD7A73BD1F307BA,3FC4CCEE95CA5728
$3FA92A06851BD864,BFAE4DC061F4E004,BFC7A728D57EB2D4,3FC4CCEE95CA5728
$3FA9R,BFA9R,0,3FC4CCEE95CA5728
5 168 13
5 169 52
5 170 93
5 171 147
5 172 0
5 173 0
2 84 NULL
2 85 ->
2 86 ->
3 87 [4][3]
$3FF,2*0
$0,3FF,0
$2*0,3FF
$3*0
3 88 [2]
4 88 ->
5 89 9
5 90 0
5 91 -1
5 92 -1
5 93 49
5 94 -1
5 95 0
5 96 0
5 97 0
4 88 ->
5 89 9
5 90 0
5 91 -1
5 92 -1
5 93 48
5 94 -1
5 95 0
5 96 0
5 97 0
3 104 -1
3 105 0
2 110 NULL
2 111 -1
2 112 -1
2 113 NULL
2 114 NULL
2 128 [1]
3 128 22
2 115 ->
3 295 [3]
4 295 
5 296 35
5 297 37
4 295 
5 296 37
5 297 39
4 295 
5 296 41
5 297 0
3 298 [1]
4 298 
5 299 37
5 300 0
3 301 [5]
4 301 
5 302 13
5 303 [2]
$14,43
4 301 
5 302 30
5 303 [1]
6 303 31
4 301 
5 302 35
5 303 [1]
6 303 43
4 301 
5 302 37
5 303 [1]
6 303 44
4 301 
5 302 39
5 303 [1]
6 303 45
3 304 [8]
4 304 
5 305 31
5 306 [2]
$34,48
4 304 
5 305 33
5 306 [2]
$32,50
4 304 
5 305 34
5 306 [2]
$33,47
4 304 
5 305 43
5 306 [2]
$44,47
4 304 
5 305 45
5 306 [2]
$46,49
4 304 
5 305 46
5 306 [2]
$43,50
4 304 
5 305 47
5 306 [2]
$31,46
4 304 
5 305 50
5 306 [2]
$34,45
3 116 10
3 117 0
3 118 [2][3]
$BFC,0,BFC
$3FC,3FD8,3FC
3 119 3FE07E0F66AFED07
@newobj_table 307 0
3 307 [1]
4 307 
@type 308 1
5 308 0
@data(merged_srfs) 309 0
5 309 
@-dummy_mrg 310 0
6 310 [2]
7 310 
@id 311 1
8 311 13
@prev_id 312 1
8 312 -3
@feat_id 313 1
8 313 7
@envlp 314 2
8 314 [2][2]
$2*0
$2*0
7 310 
8 311 57
8 312 -3
8 313 51
8 314 [2][2]
$2*0
$2*0
3 120 NULL
3 121 -1
2 122 -1
2 123 NULL
2 124 1
2 125 ->
3 126 2
1 127 ->
2 37 74
2 38 1
2 39 ->
3 40 -1
3 41 913
3 42 NULL
3 43 0
3 44 [3]
$3*0
3 45 0
3 46 991
3 47 -1
3 48 ->
4 49 0
4 50 0
4 51 -1
4 52 -1
4 53 986
4 54 -1
4 55 0
4 56 0
4 57 0
4 58 1
3 59 0
2 60 -1
2 61 no_name
2 62 2
2 63 ->
3 64 [2][4]
$75,263,39,41
$80,214,13,1
3 148 [20][6]
$76,229,75,3*0
$77,229,75,2,0,75
$78,229,75,1,0,75
$79,229,75,3,0,80
$81,228,79,3*0
$82,226,39,75,0,39
$83,226,35,75,0,75
$84,226,30,75,0,30
$85,226,30,75,1,30
$86,225,13,80,0,13
$87,225,13,80,1,13
$88,225,13,80,2,13
$89,225,13,80,3,13
$90,224,67,2*0,35
$91,224,68,2*0,39
$92,224,69,2*0,13
$93,224,70,2*0,13
$94,224,79,2*0,13
$95,224,79,1,0,13
$96,231,94,95,0,13
3 65 NULL
3 66 [21]
$3*-1,-2049,2*-1,-16777217,3*-1,-536870913,-1,-1126176897,-2,-2097185,
$-2097665,-1,-1073741843,-1,796786687,-1825309570
3 67 NULL
3 68 ->
4 69 160024
4 70 160024
2 71 
3 72 [2]
4 72 ->
5 73 36
5 74 75
5 75 74
5 76 0
5 77 [2][2]
$C00921FB54442D18,3FC614B564177CB4
$0,3FD26683A7CE4DB6
5 159 ->
6 160 [4][3]
$3FF,2*0
$2*0,BFF
$0,3FF,0
$0,3FE13341D3E726DB,BFA9R
6 161 3FA9R
5 80 ->
6 155 145
6 156 1
6 157 [2][2]
$C00921FB54442D18,3FC614B564177CB4
$0,3FD26683A7CE4DB6
5 158 NULL
5 81 98
5 82 1
5 83 [2][3]
$BFA9R,3FD,BFB9R
$3FA9R,3FD75C28F5C28F5C,BFA9R
4 72 ->
5 73 34
5 74 80
5 75 74
5 76 -1
5 77 [2][2]
$0,3FA9R
$3FA9R,3FB9R
5 78 ->
6 79 [4][3]
$3FF,2*0
$2*0,3FF
$0,BFF,0
$0,3FD,0
5 80 NULL
5 81 75
5 82 1
5 83 [2][3]
$0,3FD,BFB9R
$3FA9R,3FD,BFA9R
3 162 [20]
4 162 ->
5 163 76
5 164 74
5 165 8
5 166 [2]
$-1,1
5 167 [2][4]
$0,3FC4CD074F9C9B7,3FC3R,3FC
$0,3FD26683A7CE4DB6,3FC3R,0
5 168 75
5 169 0
5 170 77
5 171 81
5 172 0
5 173 0
4 162 ->
5 163 77
5 164 74
5 165 2
5 166 [2]
$1,-1
5 167 [3][4]
$0,3FC4CD074F9C9B7,2*0
$BFF921FB54442D18,3FC4CD074F9C9B6C,2*0
$C00921FB54442D18,3FC4CD074F9C9B7,2*0
5 168 75
5 169 0
5 170 78
5 171 76
5 172 0
5 173 0
4 162 ->
5 163 78
5 164 74
5 165 8
5 166 [2]
$1,-1
5 167 [2][4]
$C00921FB54442D18,3FC4CD074F9C9B7,3FA9R,3FC
$C00921FB54442D18,3FD26683A7CE4DB6,3FA9R,0
5 168 75
5 169 0
5 170 79
5 171 77
5 172 0
5 173 0
4 162 ->
5 163 79
5 164 74
5 165 0
5 166 [2]
$-1,1
5 167 [18][4]
$0,3FD26683A7CE4DB6,2*3FA9R
$BFC7A6484359D9D1,3FD26683A7CE4DB6,3FA92A0EC597D33,3FAE4D943BA70BFC
$BFD7A98919DE7E26,3FD26683A7CE4DB6,3FA7DEC1F1B2C52D,3FB16CE4DE6F1C65
$BFE1BCBCDCF1B1,3FD26683A7CE4DB6,3FA5C45C4ACE0AE5,3FB389820EA23C07
$BFE7A9295F450B9A,3FD26683A7CE4DB6,3FA2EA47A12887F,3FB56CDA786E1E9
$BFED8FFBA0A4B329,3FD26683A7CE4DB6,3F9EDCA64A3D6DB2,3FB703674F8B84F9
$BFF1BE9D2637275D,3FD26683A7CE4DB6,3F96CF93459BA903,3FB8426B9B1DD2DC
$BFF4B1ADC8FBB447,3FD26683A7CE4DB6,3F8C0B6A942D6E19,3FB91C507BD4301B
$BFF7A881C863AE3D,3FD26683A7CE4DB6,3F72D8D75003092C,3FB98BB1F0A0A79R
$BFFA9B74E024ABEF,3FD26683A7CE4DB6,BF72D8D750030915,3FB98BB1F0A0A79R
$BFFD9248DF8CA5E5,3FD26683A7CE4DB6,BF8C0B6A942D6E0E,3FB91C507BD4301A
$C00042ACC1289969,3FD26683A7CE4DB6,BF96CF93459BA907,3FB8426B9B1DD2DC
$C001BDFC6C1B004D,3FD26683A7CE4DB6,BF9EDCA64A3D6DB2,3FB703674F8B84F9
$C00337B0FC72EA32,3FD26683A7CE4DB6,BFA2EA47A12887F2,3FB56CDA786E1E8E
$C004B2CC1D07C0D7,3FD26683A7CE4DB6,BFA5C45C4ACE0AE5,3FB389820EA23C07
$C0062CCA31085D51,3FD26683A7CE4DB6,BFA7DEC1F1B2C52C,3FB16CE4DE6F1C67
$C007A796D00E8F79,3FD26683A7CE4DB6,BFA92A0EC597D32E,3FAE4D943BA70BFR
$C00921FB54442D18,3FD26683A7CE4DB6,BFA9R,3FA9R
5 168 75
5 169 80
5 170 0
5 171 0
5 172 0
5 173 0
4 162 ->
5 163 81
5 164 74
5 165 2
5 166 [2]
$1,-1
5 167 [2][4]
$0,3FD26683A7CE4DB6,2*3FA9R
$C00921FB54442D18,3FD26683A7CE4DB6,BFA9R,3FA9R
5 168 0
5 169 80
5 170 78
5 171 79
5 172 0
5 173 0
4 162 ->
5 163 82
5 164 74
5 165 8
5 166 [2]
$-1,1
5 167 [2][4]
$0,3FC4CD074F9C9B6C,3FC3R,3FC
$0,3FD26683A7CE4DB6,3FC3R,0
5 168 75
5 169 39
5 170 0
5 171 0
5 172 0
5 173 0
4 162 ->
5 163 83
5 164 74
5 165 8
5 166 [2]
$1,-1
5 167 [2][4]
$C00921FB54442D18,3FC4CD074F9C9B6C,3FA9R,3FC
$C00921FB54442D18,3FD26683A7CE4DB6,3FA9R,0
5 168 75
5 169 35
5 170 0
5 171 0
5 172 0
5 173 0
4 162 ->
5 163 84
5 164 74
5 165 0
5 166 [2]
$1,-1
5 167 [18][4]
$BFA9R,3FA9R,C00921FB54442D18,3FC4CD074F9C9B6C
$BFA92A067A5950F7,3FAE4DC09B852D2D,C007A788B49F676A,3FC4CD074F9C9B6C
$BFA7DF17520E2909,3FB16C76B1FF3F9B,C0062D1409C331E4,3FC4CD074F9C9B6C
$BFA5C40DD8F8B141,3FB389C169A077CA,C004B29D8AD35E9,3FC4CD074F9C9B6C
$BFA2EB42D87C7525,3FB56C50B5BD07A,C003382580E7D2ED,3FC4CD074F9C9B6C
$BF9EDB0C94200A16,3FB703B4AD0C521B,C001BDAC3228C367,3FC4CD074F9C9B6C
$BF96D28E1895CA7F,3FB8420CAC1C3723,C0004331E5BBE84F,3FC4CD074F9C9B6C
$BF8C0625F09F0CBF,3FB91C80783563D6,BFFD916DC71AE697,3FC4CD074F9C9B6C
$BF72E5B00FE4F28C,3FB98B9EEB069CD8,BFFA9C76E83019E9,3FC4CD074F9C9B6C
$3F72E5B00FE4F263,3FB98B9EEB069CD8,BFF7A77FC0584049,3FC4CD074F9C9B6C
$3F8C0625F09F0CAD,3FB91C80783563D8,BFF4B288E16D739R,3FC4CD074F9C9B6C
$3F96D28E1895CA7A,3FB8420CAC1C3724,BFF1BD92DD108992,3FC4CD074F9C9B6C
$3F9EDB0C94200A0B,3FB703B4AD0C521D,BFED913C886DA6CA,3FC4CD074F9C9B6D
$3FA2EB42D87C7523,3FB56C50B5BD07A,BFE7A7574D7168A9,3FC4CD074F9C9B6B
$3FA5C40DD8F8B13E,3FB389C169A077CR,BFE1BD7725C33A23,3FC4CD074F9C9B6C
$3FA7DF17520E2909,3FB16C76B1FF3F9B,BFD7A73A5407D998,3FC4CD074F9C9B6D
$3FA92A067A5950F8,3FAE4DC09B852D2D,BFC7A729FA4C5ACD,3FC4CD074F9C9B6C
$2*3FA9R,0,3FC4CD074F9C9B6C
5 168 30
5 169 75
5 170 91
5 171 83
5 172 0
5 173 0
4 162 ->
5 163 85
5 164 74
5 165 0
5 166 [2]
$1,-1
5 167 [10][4]
$0,3FB9R,BFF921FB54442D17,3FC4CD074F9C9B6C
$3F81C755D634E0F3,3FB967D5A309383E,BFF65736A73FC29D,3FC4CD074F9C9B6C
$3F91823D73E003AR,3FB8D40C17370DC8,BFF38C6FB074665D,3FC4CD074F9C9B6C
$3F9998B68991D947,3FB7E2B8557081A2,BFF0C1A426D9C4EF,3FC4CD074F9C9B6C
$3FA07419D3D6743C,3FB69B2C24BF3293,BFEBEDA385C85941,3FC4CD074F9C9B6C
$3FA39BEC2E87C0A9,3FB5075725E7FBB6,BFE657EC7E82B7C5,3FC4CD074F9C9B6C
$3FA62B43BA1E30B8,3FB3337A0836ADCB,BFE0C21EB32704C9,3FC4CD074F9C9B6C
$3FA80E303926068A,3FB12DC7CD743006,BFD6586B4CA77DA4,3FC4CD074F9C9B6C
$3FA935F84B44649B,3FAE0BFEFB7C6371,BFC65900203506F7,3FC4CD074F9C9B6C
$2*3FA9R,0,3FC4CD074F9C9B6C
5 168 30
5 169 75
5 170 0
5 171 0
5 172 0
5 173 0
4 162 ->
5 163 86
5 164 74
5 165 1
5 166 [2]
$1,-1
5 167 [2][4]
$BFA9R,3FB9R,BFA9R,3FB9R
$BFA9R,3FA9R,BFA9R,3FA9R
5 168 13
5 169 80
5 170 92
5 171 88
5 172 0
5 173 0
4 162 ->
5 163 87
5 164 74
5 165 1
5 166 [2]
$1,-1
5 167 [2][4]
$3FA9R,3FB9R,3FA9R,3FB9R
$0,3FB9R,0,3FB9R
5 168 13
5 169 80
5 170 95
5 171 89
5 172 0
5 173 0
4 162 ->
5 163 88
5 164 74
5 165 1
5 166 [2]
$1,-1
5 167 [2][4]
$0,3FB9R,0,3FB9R
$BFA9R,3FB9R,BFA9R,3FB9R
5 168 13
5 169 80
5 170 86
5 171 95
5 172 0
5 173 0
4 162 ->
5 163 89
5 164 74
5 165 1
5 166 [2]
$1,-1
5 167 [2][4]
$4*3FA9R
$3FA9R,3FB9R,3FA9R,3FB9R
5 168 13
5 169 80
5 170 87
5 171 94
5 172 0
5 173 0
4 162 ->
5 163 90
5 164 74
5 165 0
5 166 [2]
$-1,1
5 167 [2][4]
$BFA9R,2*3FA9R,3FC
$2*BFA9R,3FC3R,3FC
5 168 30
5 169 35
5 170 84
5 171 60
5 172 0
5 173 0
4 162 ->
5 163 91
5 164 74
5 165 0
5 166 [2]
$-1,1
5 167 [2][4]
$3FA9R,BFA9R,3FA9R,3FC
$2*3FA9R,3FC3R,3FC
5 168 30
5 169 39
5 170 65
5 171 82
5 172 0
5 173 0
4 162 ->
5 163 92
5 164 74
5 165 0
5 166 [2]
$1,-1
5 167 [2][4]
$BFA9R,2*3FA9R,0
$2*BFA9R,3FC3R,0
5 168 13
5 169 35
5 170 73
5 171 148
5 172 0
5 173 0
4 162 ->
5 163 93
5 164 74
5 165 0
5 166 [2]
$1,-1
5 167 [2][4]
$3FA9R,BFA9R,3FA9R,0
$2*3FA9R,3FC3R,0
5 168 13
5 169 39
5 170 96
5 171 146
5 172 0
5 173 0
4 162 ->
5 163 94
5 164 74
5 165 0
5 166 [2]
$-1,1
5 167 [10][4]
$0,3FD26683A7CE4DB6,2*3FA9R
$BFC657AB94FDE5C6,3FD26683A7CE4DB6,3FA936041F9E9B8D,3FAE0BBBE8A5A78A
$BFD65A69D338F33D,3FD26683A7CE4DB6,3FA80DEA5A1E53A7,3FB12E27BEBB2F53
$BFE0C15269E077F7,3FD26683A7CE4DB6,3FA62B9572CBD4FR,3FB33333446A9523
$BFE6594C36E023BE,3FD26683A7CE4DB6,3FA39B3746DB12AF,3FB507C2E7971DF4
$BFEBECC589E48645,3FD26683A7CE4DB6,3FA074A1DF309469,3FB69AF312282B8R
$BFF0C23442585505,3FD26683A7CE4DB6,3F9997272431CACD,3FB7E2F1F6489C23
$BFF38C297009981,3FD26683A7CE4DB6,3F918310B3BFF2F3,3FB8D3F8DEB07014
$BFF6576D9882EC3,3FD26683A7CE4DB6,3F81C5FB8B3C80C1,3FB967DD4459C032
$BFF921FB54442D17,3FD26683A7CE4DB6,0,3FB9R
5 168 75
5 169 13
5 170 0
5 171 0
5 172 0
5 173 0
4 162 ->
5 163 95
5 164 74
5 165 0
5 166 [2]
$-1,1
5 167 [10][4]
$BFF921FB54442D17,3FD26683A7CE4DB6,0,3FB9R
$BFFBEC8910056DFR,3FD26683A7CE4DB6,BF81C5FB8B3C80C9,3FB967DD4459C032
$BFFEB7CD387EC21F,3FD26683A7CE4DB6,BF918310B3BFF2F7,3FB8D3F8DEB07013
$C000C0E133180295,3FD26683A7CE4DB6,BF9997272431CACE,3FB7E2F1F6489C2R
$C00226C9F1CB0B87,3FD26683A7CE4DB6,BFA074A1DF30946D,3FB69AF312282B87
$C0038BA8468C242B,3FD26683A7CE4DB6,BFA39B3746DB12B5,3FB507C2E7971DF
$C004F1A6B9CC0F1A,3FD26683A7CE4DB6,BFA62B9572CBD501,3FB33333446A952R
$C00656AE19DD0EAF,3FD26683A7CE4DB6,BFA80DEA5A1E53A8,3FB12E27BEBB2F53
$C007BC809AF44EB9,3FD26683A7CE4DB6,BFA936041F9E9B8C,3FAE0BBBE8A5A78F
$C00921FB54442D18,3FD26683A7CE4DB6,BFA9R,3FA9R
5 168 75
5 169 13
5 170 0
5 171 0
5 172 0
5 173 0
4 162 ->
5 163 96
5 164 74
5 165 0
5 166 [2]
$1,-1
5 167 [18][4]
$2*3FA9R,0,3FD26683A7CE4DB6
$3FA92A06851BD864,3FAE4DC061F4E00B,BFC7A728D57EB2EF,3FD26683A7CE4DB6
$3FA7DF171ADF2D5E,3FB16C76F93926E1,BFD7A73BD1F307B5,3FD26683A7CE4DB6
$3FA5C40E0DB2FE47,3FB389C13F0BB60E,BFE1BD76A88EC6DR,3FD26683A7CE4DB6
$3FA2EB4272653F79,3FB56C50EDBC1B2A,BFE7A7580ADEC0C5,3FD26683A7CE4DB6
$3F9EDB0CFEB835AF,3FB703B498EC59F,BFED913C34F17E9D,3FD26683A7CE4DB6
$3F96D28D86F1D9B1,3FB8420CBE3DAF6A,BFF1BD930FE864BA,3FD26683A7CE4DB6
$3F8C06264925C58B,3FB91C80750F593C,BFF4B288D30BD952,3FD26683A7CE4DB6
$3F72E5AF4EF1F6E7,3FB98B9EEC24B14D,BFF7A77FCF7BC47C,3FD26683A7CE4DB6
$BF72E5AF4EF1F6CE,3FB98B9EEC24B14D,BFFA9C76D90C95B,3FD26683A7CE4DB6
$BF8C06264925C58D,3FB91C80750F593C,BFFD916DD57C80DC,3FD26683A7CE4DB6
$BF96D28D86F1D9B6,3FB8420CBE3DAF68,C0004331CC4FFABR,3FD26683A7CE4DB6
$BF9EDB0CFEB835B1,3FB703B498EC59ER,C001BDAC4707CD7,3FD26683A7CE4DB6
$BFA2EB4272653F78,3FB56C50EDBC1B2A,C0033825518C7CE6,3FD26683A7CE4DB6
$BFA5C40E0DB2FE48,3FB389C13F0BB60D,C004B29DAA207B6,3FD26683A7CE4DB6
$BFA7DF171ADF2D5D,3FB16C76F93926E1,C0062D13DA05CC2,3FD26683A7CE4DB6
$BFA92A06851BD863,3FAE4DC061F4E00D,C007A788C6EC41E7,3FD26683A7CE4DB6
$BFA9R,3FA9R,C00921FB54442D18,3FD26683A7CE4DB6
5 168 13
5 169 75
5 170 92
5 171 145
5 172 0
5 173 0
2 84 NULL
2 85 ->
2 86 ->
3 87 [4][3]
$3FF,2*0
$0,3FF,0
$2*0,3FF
$3*0
3 88 [2]
4 88 ->
5 89 9
5 90 0
5 91 -1
5 92 -1
5 93 50
5 94 -1
5 95 0
5 96 0
5 97 0
4 88 ->
5 89 9
5 90 0
5 91 -1
5 92 -1
5 93 47
5 94 -1
5 95 0
5 96 0
5 97 0
3 104 -1
3 105 0
2 110 NULL
2 111 -1
2 112 -1
2 113 NULL
2 114 NULL
2 128 [1]
3 128 22
2 115 ->
3 295 [3]
4 295 
5 296 39
5 297 41
4 295 
5 296 41
5 297 52
4 295 
5 296 52
5 297 0
3 298 [1]
4 298 
5 299 41
5 300 0
3 301 [5]
4 301 
5 302 13
5 303 [2]
$14,69
4 301 
5 302 30
5 303 [1]
6 303 65
4 301 
5 302 35
5 303 [1]
6 303 60
4 301 
5 302 39
5 303 [1]
6 303 59
4 301 
5 302 41
5 303 [1]
6 303 46
3 304 [8]
4 304 
5 305 59
5 306 [2]
$73,68
4 304 
5 305 60
5 306 [2]
$65,69
4 304 
5 305 65
5 306 [2]
$67,59
4 304 
5 305 67
5 306 [2]
$34,60
4 304 
5 305 68
5 306 [2]
$65,50
4 304 
5 305 69
5 306 [2]
$73,47
4 304 
5 305 70
5 306 [2]
$46,59
4 304 
5 305 73
5 306 [2]
$70,60
3 116 10
3 117 0
3 118 [2][3]
$BFC,0,BFC
$3FC,3FD8,3FC
3 119 3FE07E0F66AFED07
3 307 [1]
4 307 
5 308 0
5 309 
6 310 [1]
7 310 
8 311 80
8 312 -3
8 313 74
8 314 [2][2]
$2*0
$2*0
3 120 NULL
3 121 -1
2 122 -1
2 123 NULL
2 124 1
2 125 ->
3 126 2
1 127 ->
2 37 97
2 38 1
2 39 ->
3 40 -1
3 41 913
3 42 NULL
3 43 0
3 44 [3]
$3*0
3 45 0
3 46 991
3 47 -1
3 48 ->
4 49 0
4 50 0
4 51 -1
4 52 -1
4 53 989
4 54 -1
4 55 0
4 56 0
4 57 0
4 58 1
3 59 0
2 60 -1
2 61 no_name
2 62 2
2 63 ->
3 64 [2][4]
$98,208,15,0
$101,208,14,0
3 148 [18][6]
$99,229,98,1,0,98
$100,229,98,2*0,18
$102,229,101,1,0,101
$103,229,101,2*0,16
$104,229,101,3,0,98
$105,229,101,2,0,101
$106,223,101,75,0,101
$107,223,98,52,0,98
$108,224,73,2*0,13
$109,224,73,1,0,13
$110,224,96,2*0,13
$111,224,96,1,0,13
$112,224,99,2*0,98
$113,224,99,1,0,98
$114,224,102,2*0,101
$115,224,102,1,0,101
$116,248,17,2*0,16
$117,248,19,2*0,18
3 65 NULL
3 66 [21]
$3*-1,-2049,2*-1,-16777217,3*-1,-536870913,-1,-1126176897,-2,-2097185,
$-2097665,-1,-1073741843,-1,796786687,-1825309570
3 67 NULL
3 68 ->
4 69 160024
4 70 160024
2 71 
3 72 [2]
4 72 ->
5 73 38
5 74 98
5 75 97
5 76 0
5 77 [2][2]
$400921FB54442D18,0
$401921FB54442D18,3FF921FB54442D18
@srf_prim_ptr(torus) 315 0
5 315 ->
@local_sys 316 2
6 316 [4][3]
$3FF,2*0
$2*0,3FF
$0,BFF,0
$0,3FCEB851EB851EB8,0
@radius1 317 2
6 317 3FBD70A3D70A3D71
@radius2 318 2
6 318 3F847AE147AE147B
5 80 ->
6 155 99
6 156 1
6 157 [2][2]
$400921FB54442D18,0
$401921FB54442D18,3FF921FB54442D18
5 158 NULL
5 81 101
5 82 1
5 83 [2][3]
$BFC,3FCEB851EB851EB8,0
$3FC,3FD,3FC
4 72 ->
5 73 38
5 74 101
5 75 97
5 76 0
5 77 [2][2]
$2*0
$400921FB54442D18,3FF921FB54442D18
5 315 ->
6 316 [4][3]
$3FF,2*0
$2*0,3FF
$0,BFF,0
$0,3FCEB851EB851EB8,0
6 317 3FBD70A3D70A3D71
6 318 3F847AE147AE147B
5 80 ->
6 155 102
6 156 1
6 157 [2][2]
$2*0
$400921FB54442D18,3FF921FB54442D18
5 158 NULL
5 81 129
5 82 1
5 83 [2][3]
$BFC,3FCEB851EB851EB8,BFC
$3FC,3FD,0
3 162 [8]
4 162 ->
5 163 99
5 164 97
5 165 8
5 166 [2]
$1,-1
5 167 [23][4]
$400921FB54442D18,3FF921FB54442D18,BFBD70A3D70A3D71,0
$400A466F7B0174F6,3FF921FB54442D18,BFBD23ED89008F81,BF90C24D8503CEAE
$400B6AE3A1BEBCD4,3FF921FB54442D17,BFBC3F5A6660BA8F,BFA096A23B1B263B
$400C8F57C87C04B3,3FF921FB54442D18,BFBAC791A2374745,BFA875AAB3E01B75
$400DB3CBEF394C9,3FF921FB54442D18,BFB8C4399B48629R,BFAFD53AFCDDD52E
$400ED84015F6946E,3FF921FB54442D18,BFB63FCFFE2B441C,BFB34773191BE0CB
$400FFCB43CB3DC4D,3FF921FB54442D18,BFB34773191BE0CF,BFB63FCFFE2B4419
$4010909431B89216,3FF921FB54442D18,BFAFD53AFCDDD532,BFB8C4399B486297
$401122CE45173605,3FF921FB54442D18,BFA875AAB3E01B74,BFBAC791A2374746
$4011B5085875D9F4,3FF921FB54442D18,BFA096A23B1B264,BFBC3F5A6660BA8E
$401247426BD47DE2,3FF921FB54442D18,BF90C24D8503CED5,BFBD23ED89008F7F
$4012D97C7F3321D2,3FF921FB54442D18,0,BFBD70A3D70A3D71
$40136BB69291C5C1,3FF921FB54442D18,3F90C24D8503CEAC,BFBD23ED89008F81
$4013FDF0A5F069B,3FF921FB54442D18,3FA096A23B1B263A,BFBC3F5A6660BA8F
$4014902AB94F0D9F,3FF921FB54442D18,3FA875AAB3E01B6E,BFBAC791A2374747
$40152264CCADB18E,3FF921FB54442D18,3FAFD53AFCDDD52C,BFB8C4399B48629R
$4015B49EE00C557E,3FF921FB54442D18,3FB34773191BE0D,BFB63FCFFE2B4419
$401646D8F36AF96C,3FF921FB54442D18,3FB63FCFFE2B4416,BFB34773191BE0D2
$4016D91306C99D5C,3FF921FB54442D18,3FB8C4399B486297,BFAFD53AFCDDD532
$40176B4D1A28414B,3FF921FB54442D18,3FBAC791A2374745,BFA875AAB3E01B75
$4017FD872D86E539,3FF921FB54442D18,3FBC3F5A6660BA8C,BFA096A23B1B264F
$40188FC140E58929,3FF921FB54442D18,3FBD23ED89008F8,BF90C24D8503CEBR
$401921FB54442D18,3FF921FB54442D18,3FBD70A3D70A3D71,0
5 168 98
5 169 13
5 170 104
5 171 102
5 172 0
5 173 0
4 162 ->
5 163 100
5 164 97
5 165 8
5 166 [2]
$-1,1
5 167 [23][4]
$400921FB54442D18,0,400921FB54442D18,3FCEB851EB851EB8
$400A466F7B0174F6,0,400A466F7B0174F6,3FCEB851EB851EB8
$400B6AE3A1BEBCD4,0,400B6AE3A1BEBCD4,3FCEB851EB851EB8
$400C8F57C87C04B3,0,400C8F57C87C04B3,3FCEB851EB851EB8
$400DB3CBEF394C9,0,400DB3CBEF394C9,3FCEB851EB851EB8
$400ED84015F6946E,0,400ED84015F6946E,3FCEB851EB851EB8
$400FFCB43CB3DC4D,0,400FFCB43CB3DC4D,3FCEB851EB851EB8
$4010909431B89216,0,4010909431B89216,3FCEB851EB851EB8
$401122CE45173605,0,401122CE45173605,3FCEB851EB851EB8
$4011B5085875D9F4,0,4011B5085875D9F4,3FCEB851EB851EB8
$401247426BD47DE2,0,401247426BD47DE2,3FCEB851EB851EB8
$4012D97C7F3321D2,0,4012D97C7F3321D2,3FCEB851EB851EB8
$40136BB69291C5C1,0,40136BB69291C5C1,3FCEB851EB851EB8
$4013FDF0A5F069B,0,4013FDF0A5F069B,3FCEB851EB851EB8
$4014902AB94F0D9F,0,4014902AB94F0D9F,3FCEB851EB851EB8
$40152264CCADB18E,0,40152264CCADB18E,3FCEB851EB851EB8
$4015B49EE00C557E,0,4015B49EE00C557E,3FCEB851EB851EB8
$401646D8F36AF96C,0,401646D8F36AF96C,3FCEB851EB851EB8
$4016D91306C99D5C,0,4016D91306C99D5C,3FCEB851EB851EB8
$40176B4D1A28414B,0,40176B4D1A28414B,3FCEB851EB851EB8
$4017FD872D86E539,0,4017FD872D86E539,3FCEB851EB851EB8
$40188FC140E58929,0,40188FC140E58929,3FCEB851EB851EB8
$401921FB54442D18,0,401921FB54442D18,3FCEB851EB851EB8
5 168 98
5 169 18
5 170 105
5 171 116
5 172 0
5 173 0
4 162 ->
5 163 102
5 164 97
5 165 8
5 166 [2]
$1,-1
5 167 [23][4]
$0,3FF921FB54442D18,3FBD70A3D70A3D71,0
$3FC247426BD47DE3,3FF921FB54442D18,3FBD23ED89008F8,3F90C24D8503CEB5
$3FD247426BD47DE3,3FF921FB54442D17,3FBC3F5A6660BA8E,3FA096A23B1B263F
$3FDB6AE3A1BEBCD4,3FF921FB54442D18,3FBAC791A2374746,3FA875AAB3E01B74
$3FE247426BD47DE3,3FF921FB54442D18,3FB8C4399B486297,3FAFD53AFCDDD53R
$3FE6D91306C99D5B,3FF921FB54442D18,3FB63FCFFE2B441A,3FB34773191BE0CD
$3FEB6AE3A1BEBCD4,3FF921FB54442D18,3FB34773191BE0CE,3FB63FCFFE2B441A
$3FEFFCB43CB3DC4D,3FF921FB54442D18,3FAFD53AFCDDD535,3FB8C4399B486296
$3FF247426BD47DE3,3FF921FB54442D18,3FA875AAB3E01B75,3FBAC791A2374745
$3FF4902AB94F0DA,3FF921FB54442D18,3FA096A23B1B263E,3FBC3F5A6660BA8E
$3FF6D91306C99D5B,3FF921FB54442D18,3F90C24D8503CEBC,3FBD23ED89008F8
$2*3FF921FB54442D18,0,3FBD70A3D70A3D71
$3FFB6AE3A1BEBCD4,3FF921FB54442D18,BF90C24D8503CEB1,3FBD23ED89008F81
$3FFDB3CBEF394C91,3FF921FB54442D18,BFA096A23B1B263F,3FBC3F5A6660BA8E
$3FFFFCB43CB3DC4D,3FF921FB54442D18,BFA875AAB3E01B73,3FBAC791A2374746
$400122CE45173604,3FF921FB54442D18,BFAFD53AFCDDD52E,3FB8C4399B48629R
$400247426BD47DE3,3FF921FB54442D18,BFB34773191BE0CD,3FB63FCFFE2B441A
$40036BB69291C5C1,3FF921FB54442D18,BFB63FCFFE2B4419,3FB34773191BE0CF
$4004902AB94F0DA,3FF921FB54442D18,BFB8C4399B486298,3FAFD53AFCDDD532
$4005B49EE00C557E,3FF921FB54442D18,BFBAC791A2374746,3FA875AAB3E01B73
$4006D91306C99D5B,3FF921FB54442D18,BFBC3F5A6660BA8D,3FA096A23B1B2646
$4007FD872D86E53A,3FF921FB54442D18,BFBD23ED89008F8,3F90C24D8503CEB6
$400921FB54442D18,3FF921FB54442D18,BFBD70A3D70A3D71,0
5 168 101
5 169 13
5 170 105
5 171 99
5 172 0
5 173 0
4 162 ->
5 163 103
5 164 97
5 165 8
5 166 [2]
$-1,1
5 167 [23][4]
$3*0,3FCEB851EB851EB8
$3FC247426BD47DE3,0,3FC247426BD47DE3,3FCEB851EB851EB8
$3FD247426BD47DE3,0,3FD247426BD47DE3,3FCEB851EB851EB8
$3FDB6AE3A1BEBCD4,0,3FDB6AE3A1BEBCD4,3FCEB851EB851EB8
$3FE247426BD47DE3,0,3FE247426BD47DE3,3FCEB851EB851EB8
$3FE6D91306C99D5B,0,3FE6D91306C99D5B,3FCEB851EB851EB8
$3FEB6AE3A1BEBCD4,0,3FEB6AE3A1BEBCD4,3FCEB851EB851EB8
$3FEFFCB43CB3DC4D,0,3FEFFCB43CB3DC4D,3FCEB851EB851EB8
$3FF247426BD47DE3,0,3FF247426BD47DE3,3FCEB851EB851EB8
$3FF4902AB94F0DA,0,3FF4902AB94F0DA,3FCEB851EB851EB8
$3FF6D91306C99D5B,0,3FF6D91306C99D5B,3FCEB851EB851EB8
$3FF921FB54442D18,0,3FF921FB54442D18,3FCEB851EB851EB8
$3FFB6AE3A1BEBCD4,0,3FFB6AE3A1BEBCD4,3FCEB851EB851EB8
$3FFDB3CBEF394C91,0,3FFDB3CBEF394C91,3FCEB851EB851EB8
$3FFFFCB43CB3DC4D,0,3FFFFCB43CB3DC4D,3FCEB851EB851EB8
$400122CE45173604,0,400122CE45173604,3FCEB851EB851EB8
$400247426BD47DE3,0,400247426BD47DE3,3FCEB851EB851EB8
$40036BB69291C5C1,0,40036BB69291C5C1,3FCEB851EB851EB8
$4004902AB94F0DA,0,4004902AB94F0DA,3FCEB851EB851EB8
$4005B49EE00C557E,0,4005B49EE00C557E,3FCEB851EB851EB8
$4006D91306C99D5B,0,4006D91306C99D5B,3FCEB851EB851EB8
$4007FD872D86E53A,0,4007FD872D86E53A,3FCEB851EB851EB8
$400921FB54442D18,0,400921FB54442D18,3FCEB851EB851EB8
5 168 101
5 169 16
5 170 104
5 171 117
5 172 0
5 173 0
4 162 ->
5 163 104
5 164 97
5 165 1
5 166 [2]
$-1,1
5 167 [7][4]
$0,3FF921FB54442D18,401921FB54442D18,3FF921FB54442D18
$0,3FF4F1A6C638D03E,401921FB54442D18,3FF4F1A6C638D03E
$0,3FF0C152382D7365,401921FB54442D18,3FF0C152382D7365
$0,3FE921FB54442D17,401921FB54442D18,3FE921FB54442D17
$0,3FE0C152382D736R,401921FB54442D18,3FE0C152382D736R
$0,3FD0C152382D736R,401921FB54442D18,3FD0C152382D736R
$2*0,401921FB54442D18,0
5 168 101
5 169 98
5 170 102
5 171 100
5 172 0
5 173 0
4 162 ->
5 163 105
5 164 97
5 165 1
5 166 [2]
$1,-1
5 167 [7][4]
$400921FB54442D18,3FF921FB54442D18,400921FB54442D18,3FF921FB54442D18
$400921FB54442D18,3FF4F1A6C638D03E,400921FB54442D18,3FF4F1A6C638D03E
$400921FB54442D18,3FF0C152382D7365,400921FB54442D18,3FF0C152382D7365
$400921FB54442D18,3FE921FB54442D17,400921FB54442D18,3FE921FB54442D17
$400921FB54442D18,3FE0C152382D736R,400921FB54442D18,3FE0C152382D736R
$400921FB54442D18,3FD0C152382D736R,400921FB54442D18,3FD0C152382D736R
$400921FB54442D18,0,400921FB54442D18,0
5 168 101
5 169 98
5 170 103
5 171 99
5 172 0
5 173 0
4 162 ->
5 163 116
5 164 97
5 165 1
5 166 [2]
$1,-1
5 167 [2][4]
$2*0,401921FB54442D18,0
$0,3FCEB851EB851EB8,401921FB54442D18,3FCEB851EB851EB8
5 168 16
5 169 18
5 170 103
5 171 12
5 172 0
5 173 0
4 162 ->
5 163 117
5 164 97
5 165 1
5 166 [2]
$1,-1
5 167 [2][4]
$400921FB54442D18,0,400921FB54442D18,0
$400921FB54442D18,3FCEB851EB851EB8,400921FB54442D18,3FCEB851EB851EB8
5 168 18
5 169 16
5 170 100
5 171 11
5 172 0
5 173 0
2 84 NULL
2 85 ->
2 86 ->
3 87 [4][3]
$3FF,2*0
$0,3FF,0
$2*0,3FF
$3*0
3 88 [14]
4 88 ->
5 89 1650
5 90 0
5 91 -1
5 92 -1
5 93 0
5 94 -1
5 95 0
5 96 0
5 97 0
4 88 ->
5 89 9
5 90 0
5 91 -1
5 92 -1
5 93 15
5 94 -1
5 95 0
5 96 0
5 97 0
4 88 ->
5 89 1657
5 90 0
5 91 -1
5 92 -1
5 93 1
5 94 -1
5 95 0
5 96 0
5 97 0
4 88 ->
5 89 40
5 90 0
5 91 -1
5 92 -1
5 93 13
5 94 -1
5 95 0
5 96 0
5 97 2048
4 88 ->
5 89 40
5 90 0
5 91 -1
5 92 -1
5 93 18
5 94 -1
5 95 0
5 96 0
5 97 2048
4 88 ->
5 89 1651
5 90 0
5 91 -1
5 92 -1
5 93 4
5 94 4
5 95 0
5 96 0
5 97 0
4 88 ->
5 89 1654
5 90 BFF
5 91 -1
5 92 -1
5 93 0
5 94 -1
5 95 0
5 96 0
5 97 0
4 88 ->
5 89 9
5 90 0
5 91 -1
5 92 -1
5 93 14
5 94 -1
5 95 0
5 96 0
5 97 0
4 88 ->
5 89 1657
5 90 0
5 91 -1
5 92 -1
5 93 1
5 94 -1
5 95 0
5 96 0
5 97 0
4 88 ->
5 89 40
5 90 0
5 91 -1
5 92 -1
5 93 13
5 94 -1
5 95 0
5 96 0
5 97 2048
4 88 ->
5 89 40
5 90 0
5 91 -1
5 92 -1
5 93 16
5 94 -1
5 95 0
5 96 0
5 97 2048
4 88 ->
5 89 1651
5 90 0
5 91 -1
5 92 -1
5 93 4
5 94 4
5 95 0
5 96 0
5 97 0
4 88 ->
5 89 1655
5 90 0
5 91 -1
5 92 -1
5 93 -1
5 94 -1
5 95 0
5 96 0
5 97 0
4 88 ->
5 89 885
5 90 0
5 91 9
5 92 -1
5 93 -1
5 94 -1
5 95 0
5 96 0
5 97 0
3 104 -1
3 105 0
2 110 NULL
2 111 -1
2 112 -1
2 113 NULL
2 114 NULL
2 128 [1]
3 128 7
2 115 ->
3 295 [1]
4 295 
5 296 75
5 297 0
3 301 [1]
4 301 
5 302 13
5 303 [2]
$14,93
3 304 [4]
4 304 
5 305 11
5 306 [2]
$12,17
4 304 
5 305 12
5 306 [2]
$11,19
4 304 
5 305 17
5 306 [2]
$14,12
4 304 
5 305 19
5 306 [2]
$15,11
3 116 10
3 117 0
3 118 [2][3]
$BFC,0,BFC
$3FC,3FD8,3FC
3 119 3FE07E0F66AFED07
3 120 NULL
3 121 -1
2 122 -1
2 123 NULL
2 124 2
2 125 ->
3 126 14
1 127 ->
2 37 128
2 38 1
2 39 ->
3 40 -1
3 41 913
3 42 NULL
3 43 0
3 44 [3]
$3*0
3 45 0
3 46 991
3 47 -1
3 48 ->
4 49 0
4 50 0
4 51 -1
4 52 -1
4 53 989
4 54 -1
4 55 0
4 56 0
4 57 0
4 58 1
3 59 0
2 60 -1
2 61 no_name
2 62 2
2 63 ->
3 64 [4][4]
$129,208,84,0
$132,208,91,0
$136,208,65,0
$140,208,90,0
3 148 [16][6]
$130,229,129,2*0,30
$131,229,129,1,0,129
$133,229,132,1,0,132
$134,229,132,2*0,39
$135,229,132,2,0,132
$137,229,136,2*0,30
$138,229,136,1,0,136
$139,229,136,2,0,136
$141,229,140,1,0,140
$142,229,140,2*0,35
$143,229,140,2,0,140
$144,229,140,3,0,129
$145,248,82,2*0,39
$146,248,59,2*0,39
$147,248,60,2*0,52
$148,248,83,2*0,75
3 65 NULL
3 66 [21]
$3*-1,-2049,2*-1,-16777217,3*-1,-536870913,-1,-1126176897,-2,-2097185,
$-2097665,-1,-1073741843,-1,796786687,-1825309570
3 67 NULL
3 68 ->
4 69 160024
4 70 160024
2 71 
3 72 [4]
4 72 ->
5 73 38
5 74 129
5 75 128
5 76 0
5 77 [2][2]
$C00921FB54442D18,BFF921FB54442D18
$2*0
5 315 ->
6 316 [4][3]
$3FF,2*0
$2*0,BFF
$0,3FF,0
$0,3FD75C28F5C28F5C,BFA9R
6 317 3FA47AE147AE147B
6 318 3F847AE147AE147B
5 80 ->
6 155 130
6 156 1
6 157 [2][2]
$C00921FB54442D18,BFF921FB54442D18
$2*0
5 158 NULL
5 81 132
5 82 1
5 83 [2][3]
$BFA9R,3FD75C28F5C28F5C,BFB9R
$3FA9R,3FD8,BFA9R
4 72 ->
5 73 36
5 74 132
5 75 128
5 76 0
5 77 [2][2]
$2*0
$3FF921FB54442D18,3FB9R
5 159 ->
6 160 [4][3]
$0,3FF,0
$3FF,2*0
$2*0,BFF
$3FA47AE147AE147B,3FD75C28F5C28F5C,3FA9R
6 161 3F847AE147AE147B
5 80 ->
6 155 133
6 156 1
6 157 [2][2]
$2*0
$3FF921FB54442D18,3FB9R
5 158 NULL
5 81 136
5 82 1
5 83 [2][3]
$3FA47AE147AE147B,3FD75C28F5C28F5C,BFA9R
$3FA9R,3FD8,3FA9R
4 72 ->
5 73 38
5 74 136
5 75 128
5 76 0
5 77 [2][2]
$C00921FB54442D19,0
$0,3FF921FB54442D18
5 315 ->
6 316 [4][3]
$3FF,2*0
$2*0,3FF
$0,BFF,0
$0,3FD75C28F5C28F5C,3FA9R
6 317 3FA47AE147AE147B
6 318 3F847AE147AE147B
5 80 ->
6 155 137
6 156 1
6 157 [2][2]
$C00921FB54442D19,0
$0,3FF921FB54442D18
5 158 NULL
5 81 140
5 82 1
5 83 [2][3]
$BFA9R,3FD75C28F5C28F5C,3FA9R
$3FA9R,3FD8,3FB9R
4 72 ->
5 73 36
5 74 140
5 75 128
5 76 0
5 77 [2][2]
$2*0
$3FF921FB54442D18,3FB9R
5 159 ->
6 160 [4][3]
$0,BFF,0
$3FF,2*0
$2*0,3FF
$BFA47AE147AE147B,3FD75C28F5C28F5C,BFA9R
6 161 3F847AE147AE147B
5 80 ->
6 155 141
6 156 1
6 157 [2][2]
$2*0
$3FF921FB54442D18,3FB9R
5 158 NULL
5 81 0
5 82 1
5 83 [2][3]
$BFA9R,3FD75C28F5C28F5C,BFA9R
$BFA47AE147AE147B,3FD8,3FA9R
3 162 [16]
4 162 ->
5 163 130
5 164 128
5 165 8
5 166 [2]
$-1,1
5 167 [17][4]
$C00921FB54442D18,BFF921FB54442D18,BFA47AE147AE147B,3FA9R
$C0078FDB9EFFEA46,BFF921FB54442D18,BFA41623B84C6448,3FAD986F65D376BR
$C005FDBBE9BBA775,BFF921FB54442D18,BFA2EBCA1E34D54D,3FB0B7FB4DDE818
$C0046B9C347764A4,BFF921FB54442D18,BFA1074B9F65862D,3FB27D31AC0ED9D9
$C002D97C7F3321D2,BFF921FB54442D18,BF9CF68D4FFF04DE,3FB40A7020CC8E04
$C001475CC9EEDF,BFF921FB54442D18,BF96C1937D083434,3FB550729C7F8FE2
$BFFF6A7A2955385E,BFF921FB54442D18,BF8F5974088DA5A3,3FB642B1DBE73772
$BFFC463ABECCB2BA,BFF921FB54442D18,BF7FF6AE61CEE904,3FB6D7DEA8F2FEF1
$BFF921FB54442D17,BFF921FB54442D18,0,3FB70A3D70A3D70A
$BFF5FDBBE9BBA774,BFF921FB54442D18,3F7FF6AE61CEE902,3FB6D7DEA8F2FEF1
$BFF2D97C7F3321D1,BFF921FB54442D18,3F8F5974088DA59C,3FB642B1DBE73773
$BFEF6A7A2955385C,BFF921FB54442D18,3F96C1937D08343R,3FB550729C7F8FE2
$BFE921FB54442D16,BFF921FB54442D18,3F9CF68D4FFF04DR,3FB40A7020CC8E04
$BFE2D97C7F3321D,BFF921FB54442D18,3FA1074B9F65862B,3FB27D31AC0ED9DA
$BFD921FB54442D14,BFF921FB54442D18,3FA2EBCA1E34D54B,3FB0B7FB4DDE8181
$BFC921FB54442D0F,BFF921FB54442D18,3FA41623B84C6448,3FAD986F65D376BR
$0,BFF921FB54442D18,3FA47AE147AE147B,3FA9R
5 168 129
5 169 30
5 170 144
5 171 133
5 172 0
5 173 0
4 162 ->
5 163 131
5 164 128
5 165 8
5 166 [2]
$1,-1
5 167 [19][4]
$C00921FB54442D18,0,C00921FB54442D18,3FC614B564177CB4
$C007BC89CF95B8CF,0,C007BC89CF95B8CF,3FC614B564177CB4
$C00657184AE74487,0,C00657184AE74487,3FC614B564177CB4
$C004F1A6C638D03F,0,C004F1A6C638D03F,3FC614B564177CB4
$C0038C35418A5BF6,0,C0038C35418A5BF6,3FC614B564177CB4
$C00226C3BCDBE7AE,0,C00226C3BCDBE7AE,3FC614B564177CB4
$C000C152382D736R,0,C000C152382D736R,3FC614B564177CB4
$BFFEB7C166FDFE3A,0,BFFEB7C166FDFE3A,3FC614B564177CB4
$BFFBECDE5DA115A8,0,BFFBECDE5DA115A8,3FC614B564177CB4
$BFF921FB54442D17,0,BFF921FB54442D17,3FC614B564177CB4
$BFF657184AE74486,0,BFF657184AE74486,3FC614B564177CB4
$BFF38C35418A5BF5,0,BFF38C35418A5BF5,3FC614B564177CB4
$BFF0C152382D7365,0,BFF0C152382D7365,3FC614B564177CB4
$BFEBECDE5DA115A7,0,BFEBECDE5DA115A7,3FC614B564177CB4
$BFE657184AE74485,0,BFE657184AE74485,3FC614B564177CB4
$BFE0C152382D7362,0,BFE0C152382D7362,3FC614B564177CB4
$BFD657184AE74486,0,BFD657184AE74486,3FC614B564177CB4
$BFC657184AE74481,0,BFC657184AE74481,3FC614B564177CB4
$3*0,3FC614B564177CB4
5 168 129
5 169 75
5 170 135
5 171 148
5 172 0
5 173 0
4 162 ->
5 163 133
5 164 128
5 165 8
5 166 [2]
$1,-1
5 167 [2][4]
$2*0,3FA47AE147AE147B,BFA9R
$0,3FB9R,3FA47AE147AE147B,3FA9R
5 168 132
5 169 30
5 170 135
5 171 137
5 172 0
5 173 0
4 162 ->
5 163 134
5 164 128
5 165 8
5 166 [2]
$-1,1
5 167 [2][4]
$3FF921FB54442CFR,0,3FA9R,3FBD70A3D70A3D73
$3FF921FB54442D18,3FB9R,3FC3R,3FBD70A3D70A3D71
5 168 132
5 169 39
5 170 139
5 171 145
5 172 0
5 173 0
4 162 ->
5 163 135
5 164 128
5 165 6
5 166 [2]
$1,-1
5 167 [7][4]
$0,3FB9R,0,BFF921FB54442D18
$3FD0C152382D7365,3FB9R,0,BFF4F1A6C638D03F
$3FE0C152382D7365,3FB9R,0,BFF0C152382D736R
$3FE921FB54442D1B,3FB9R,0,BFE921FB54442D15
$3FF0C152382D736R,3FB9R,0,BFE0C152382D7364
$3FF4F1A6C638D03E,3FB9R,0,BFD0C152382D7368
$3FF921FB54442D18,3FB9R,2*0
5 168 132
5 169 129
5 170 134
5 171 130
5 172 0
5 173 0
4 162 ->
5 163 137
5 164 128
5 165 8
5 166 [2]
$-1,1
5 167 [17][4]
$0,3FF921FB54442D18,3FA47AE147AE147B,BFA9R
$BFC921FB54442D18,3FF921FB54442D18,3FA41623B84C6448,BFAD986F65D376BA
$BFD921FB54442D18,3FF921FB54442D18,3FA2EBCA1E34D54C,BFB0B7FB4DDE8181
$BFE2D97C7F3321D2,3FF921FB54442D18,3FA1074B9F65862B,BFB27D31AC0ED9DA
$BFE921FB54442D18,3FF921FB54442D18,3F9CF68D4FFF04DE,BFB40A7020CC8E04
$BFEF6A7A2955385E,3FF921FB54442D18,3F96C1937D083435,BFB550729C7F8FE2
$BFF2D97C7F3321D2,3FF921FB54442D18,3F8F5974088DA59E,BFB642B1DBE73773
$BFF5FDBBE9BBA775,3FF921FB54442D18,3F7FF6AE61CEE906,BFB6D7DEA8F2FEF1
$BFF921FB54442D18,3FF921FB54442D18,0,BFB70A3D70A3D70A
$BFFC463ABECCB2BR,3FF921FB54442D18,BF7FF6AE61CEE901,BFB6D7DEA8F2FEF1
$BFFF6A7A2955385E,3FF921FB54442D18,BF8F5974088DA59D,BFB642B1DBE73773
$C001475CC9EEDF,3FF921FB54442D18,BF96C1937D083431,BFB550729C7F8FE3
$C002D97C7F3321D2,3FF921FB54442D18,BF9CF68D4FFF04DC,BFB40A7020CC8E04
$C0046B9C347764A4,3FF921FB54442D18,BFA1074B9F65862C,BFB27D31AC0ED9DA
$C005FDBBE9BBA775,3FF921FB54442D18,BFA2EBCA1E34D54C,BFB0B7FB4DDE8181
$C0078FDB9EFFEA46,3FF921FB54442D18,BFA41623B84C6448,BFAD986F65D376BC
$C00921FB54442D18,3FF921FB54442D18,BFA47AE147AE147B,BFA9R
5 168 136
5 169 30
5 170 139
5 171 141
5 172 0
5 173 0
4 162 ->
5 163 138
5 164 128
5 165 8
5 166 [2]
$1,-1
5 167 [19][4]
$3*0,3FD1C2A040A7BAF
$BFC657184AE74487,0,BFC657184AE74487,3FD1C2A040A7BAF
$BFD657184AE74487,0,BFD657184AE74487,3FD1C2A040A7BAF
$BFE0C152382D7365,0,BFE0C152382D7365,3FD1C2A040A7BAF
$BFE657184AE74487,0,BFE657184AE74487,3FD1C2A040A7BAF
$BFEBECDE5DA115A9,0,BFEBECDE5DA115A9,3FD1C2A040A7BAF
$BFF0C152382D7365,0,BFF0C152382D7365,3FD1C2A040A7BAF
$BFF38C35418A5BF6,0,BFF38C35418A5BF6,3FD1C2A040A7BAF
$BFF657184AE74487,0,BFF657184AE74487,3FD1C2A040A7BAF
$BFF921FB54442D18,0,BFF921FB54442D18,3FD1C2A040A7BAF
$BFFBECDE5DA115A9,0,BFFBECDE5DA115A9,3FD1C2A040A7BAF
$BFFEB7C166FDFE3A,0,BFFEB7C166FDFE3A,3FD1C2A040A7BAF
$C000C152382D7365,0,C000C152382D7365,3FD1C2A040A7BAF
$C00226C3BCDBE7AE,0,C00226C3BCDBE7AE,3FD1C2A040A7BAF
$C0038C35418A5BF6,0,C0038C35418A5BF6,3FD1C2A040A7BAF
$C004F1A6C638D03F,0,C004F1A6C638D03F,3FD1C2A040A7BAF
$C00657184AE74487,0,C00657184AE74487,3FD1C2A040A7BAF
$C007BC89CF95B8CF,0,C007BC89CF95B8CF,3FD1C2A040A7BAF
$C00921FB54442D18,0,C00921FB54442D18,3FD1C2A040A7BAF
5 168 136
5 169 52
5 170 143
5 171 146
5 172 0
5 173 0
4 162 ->
5 163 139
5 164 128
5 165 6
5 166 [2]
$1,-1
5 167 [7][4]
$0,3FF921FB54442D18,2*0
$0,3FF4F1A6C638D03F,3FD0C152382D7364,0
$0,3FF0C152382D7365,3FE0C152382D7361,0
$0,3FE921FB54442D3F,3FE921FB54442D1R,0
$0,3FE0C152382D7367,3FF0C152382D735D,0
$0,3FD0C152382D7369,3FF4F1A6C638D047,0
$2*0,3FF921FB54442CFR,0
5 168 136
5 169 132
5 170 138
5 171 133
5 172 0
5 173 0
4 162 ->
5 163 141
5 164 128
5 165 8
5 166 [2]
$1,-1
5 167 [2][4]
$2*0,BFA47AE147AE147B,3FA9R
$0,3FB9R,BFA47AE147AE147B,BFA9R
5 168 140
5 169 30
5 170 143
5 171 130
5 172 0
5 173 0
4 162 ->
5 163 142
5 164 128
5 165 8
5 166 [2]
$-1,1
5 167 [2][4]
$3FF921FB54442D18,0,3FA9R,3FBD70A3D70A3D71
$3FF921FB54442CFR,3FB9R,3FC3R,3FBD70A3D70A3D73
5 168 140
5 169 35
5 170 144
5 171 147
5 172 0
5 173 0
4 162 ->
5 163 143
5 164 128
5 165 6
5 166 [2]
$1,-1
5 167 [7][4]
$0,3FB9R,C00921FB54442D18,3FF921FB54442D18
$3FD0C152382D7361,3FB9R,C00921FB54442D18,3FF4F1A6C638D03F
$3FE0C152382D7361,3FB9R,C00921FB54442D18,3FF0C152382D7367
$3FE921FB54442D1,3FB9R,C00921FB54442D19,3FE921FB54442D3D
$3FF0C152382D735C,3FB9R,C00921FB54442D19,3FE0C152382D7369
$3FF4F1A6C638D046,3FB9R,C00921FB54442D18,3FD0C152382D7368
$3FF921FB54442CFR,3FB9R,C00921FB54442D18,0
5 168 140
5 169 136
5 170 142
5 171 137
5 172 0
5 173 0
4 162 ->
5 163 144
5 164 128
5 165 6
5 166 [2]
$-1,1
5 167 [7][4]
$2*0,C00921FB54442D18,BFF921FB54442D18
$3FD0C152382D7365,0,C00921FB54442D18,BFF4F1A6C638D03F
$3FE0C152382D7365,0,C00921FB54442D18,BFF0C152382D736R
$3FE921FB54442D1B,0,C00921FB54442D18,BFE921FB54442D15
$3FF0C152382D736R,0,C00921FB54442D18,BFE0C152382D7364
$3FF4F1A6C638D03E,0,C00921FB54442D18,BFD0C152382D7368
$3FF921FB54442D18,0,C00921FB54442D18,0
5 168 140
5 169 129
5 170 141
5 171 131
5 172 0
5 173 0
4 162 ->
5 163 145
5 164 128
5 165 8
5 166 [2]
$-1,1
5 167 [2][4]
$0,3FC614B564177CB4,3FC3R,3FBD70A3D70A3D71
$0,3FD26683A7CE4DB6,3FC3R,0
5 168 75
5 169 39
5 170 131
5 171 93
5 172 0
5 173 0
4 162 ->
5 163 146
5 164 128
5 165 8
5 166 [2]
$-1,1
5 167 [2][4]
$0,3FC4CCEE95CA5728,3FA9R,0
$0,3FD1C2A040A7BAF,3FA9R,3FBD70A3D70A3D73
5 168 52
5 169 39
5 170 73
5 171 134
5 172 0
5 173 0
4 162 ->
5 163 147
5 164 128
5 165 8
5 166 [2]
$1,-1
5 167 [2][4]
$C00921FB54442D18,3FC4CCEE95CA5728,3FC3R,0
$C00921FB54442D18,3FD1C2A040A7BAF,3FC3R,3FBD70A3D70A3D73
5 168 52
5 169 35
5 170 138
5 171 92
5 172 0
5 173 0
4 162 ->
5 163 148
5 164 128
5 165 8
5 166 [2]
$1,-1
5 167 [2][4]
$C00921FB54442D18,3FC614B564177CB4,3FA9R,3FBD70A3D70A3D71
$C00921FB54442D18,3FD26683A7CE4DB6,3FA9R,0
5 168 75
5 169 35
5 170 96
5 171 142
5 172 0
5 173 0
2 84 NULL
2 85 ->
2 86 ->
3 87 [4][3]
$3FF,2*0
$0,3FF,0
$2*0,3FF
$3*0
3 88 [24]
4 88 ->
5 89 1650
5 90 0
5 91 -1
5 92 -1
5 93 0
5 94 -1
5 95 0
5 96 0
5 97 0
4 88 ->
5 89 9
5 90 0
5 91 -1
5 92 -1
5 93 84
5 94 -1
5 95 0
5 96 0
5 97 0
4 88 ->
5 89 1657
5 90 0
5 91 -1
5 92 -1
5 93 1
5 94 -1
5 95 0
5 96 0
5 97 0
4 88 ->
5 89 40
5 90 0
5 91 -1
5 92 -1
5 93 30
5 94 -1
5 95 0
5 96 0
5 97 2048
4 88 ->
5 89 40
5 90 0
5 91 -1
5 92 -1
5 93 75
5 94 -1
5 95 0
5 96 0
5 97 2048
4 88 ->
5 89 1651
5 90 0
5 91 -1
5 92 -1
5 93 4
5 94 4
5 95 0
5 96 0
5 97 0
4 88 ->
5 89 1654
5 90 BFF
5 91 -1
5 92 -1
5 93 0
5 94 -1
5 95 0
5 96 0
5 97 0
4 88 ->
5 89 9
5 90 0
5 91 -1
5 92 -1
5 93 91
5 94 -1
5 95 0
5 96 0
5 97 0
4 88 ->
5 89 1657
5 90 0
5 91 -1
5 92 -1
5 93 -1
5 94 -1
5 95 0
5 96 0
5 97 0
4 88 ->
5 89 40
5 90 0
5 91 -1
5 92 -1
5 93 30
5 94 -1
5 95 0
5 96 0
5 97 2048
4 88 ->
5 89 40
5 90 0
5 91 -1
5 92 -1
5 93 39
5 94 -1
5 95 0
5 96 0
5 97 2048
4 88 ->
5 89 1651
5 90 0
5 91 -1
5 92 -1
5 93 4
5 94 4
5 95 0
5 96 0
5 97 0
4 88 ->
5 89 9
5 90 0
5 91 -1
5 92 -1
5 93 65
5 94 -1
5 95 0
5 96 0
5 97 0
4 88 ->
5 89 1657
5 90 0
5 91 -1
5 92 -1
5 93 1
5 94 -1
5 95 0
5 96 0
5 97 0
4 88 ->
5 89 40
5 90 0
5 91 -1
5 92 -1
5 93 30
5 94 -1
5 95 0
5 96 0
5 97 2048
4 88 ->
5 89 40
5 90 0
5 91 -1
5 92 -1
5 93 52
5 94 -1
5 95 0
5 96 0
5 97 2048
4 88 ->
5 89 1651
5 90 0
5 91 -1
5 92 -1
5 93 4
5 94 4
5 95 0
5 96 0
5 97 0
4 88 ->
5 89 9
5 90 0
5 91 -1
5 92 -1
5 93 90
5 94 -1
5 95 0
5 96 0
5 97 0
4 88 ->
5 89 1657
5 90 0
5 91 -1
5 92 -1
5 93 -1
5 94 -1
5 95 0
5 96 0
5 97 0
4 88 ->
5 89 40
5 90 0
5 91 -1
5 92 -1
5 93 30
5 94 -1
5 95 0
5 96 0
5 97 2048
4 88 ->
5 89 40
5 90 0
5 91 -1
5 92 -1
5 93 35
5 94 -1
5 95 0
5 96 0
5 97 2048
4 88 ->
5 89 1651
5 90 0
5 91 -1
5 92 -1
5 93 4
5 94 4
5 95 0
5 96 0
5 97 0
4 88 ->
5 89 1655
5 90 0
5 91 -1
5 92 -1
5 93 -1
5 94 -1
5 95 0
5 96 0
5 97 0
4 88 ->
5 89 885
5 90 0
5 91 11
5 92 -1
5 93 -1
5 94 -1
5 95 0
5 96 0
5 97 0
3 104 -1
3 105 0
2 110 NULL
2 111 -1
2 112 -1
2 113 NULL
2 114 NULL
2 128 [3]
$22,51,74
2 115 ->
3 295 [1]
4 295 
5 296 101
5 297 0
3 301 [5]
4 301 
5 302 30
5 303 [1]
6 303 84
4 301 
5 302 35
5 303 [1]
6 303 83
4 301 
5 302 39
5 303 [1]
6 303 82
4 301 
5 302 52
5 303 [1]
6 303 59
4 301 
5 302 75
5 303 [1]
6 303 82
3 304 [8]
4 304 
5 305 59
5 306 [2]
$73,91
4 304 
5 305 60
5 306 [2]
$65,92
4 304 
5 305 73
5 306 [2]
$93,60
4 304 
5 305 82
5 306 [2]
$84,93
4 304 
5 305 83
5 306 [2]
$96,90
4 304 
5 305 92
5 306 [2]
$73,83
4 304 
5 305 93
5 306 [2]
$96,59
4 304 
5 305 96
5 306 [2]
$92,82
3 116 10
3 117 0
3 118 [2][3]
$BFC,0,BFC
$3FC,3FD8,3FC
3 119 3FE07E0F66AFED07
3 120 NULL
3 121 -1
2 122 -1
2 123 NULL
2 124 1
2 125 ->
3 126 24
1 127 NULL
@assem_mass_prop_ptr 319 0
1 319 NULL
@mass_prop_ptr 320 0
1 320 ->
@type 321 1
2 321 0
@density 322 2
2 322 0
@init_dens 323 5
2 323 0
@rel_density 324 2
2 324 0
@init_rel_dens 325 5
2 325 0
@aver_density 326 2
2 326 0
@vrevnum 327 1
2 327 -1
@volume 328 2
2 328 0
@cg 329 2
2 329 [3]
$3*0
@inertia 330 2
2 330 [3][3]
$3*0
$3*0
$3*0
@eps 331 2
2 331 0
@surfarea 332 2
2 332 0
@assign_mp_ptr 333 0
1 333 NULL
@tol_default_ptr 334 0
1 334 ->
@type 335 1
2 335 10
@value 336 2
2 336 [7]
$0,3FB9R,3F847AE147AE147B,3F50624DD2F1A9FC,3F1A36E2EB1C432D,
$3EE4F8B588E368F1,3EB0C6F7A0B5ED8E
@ang_value 337 2
2 337 [7]
$0,6*3FE
@standard 338 1
2 338 0
@iso_tol_tbls_ptr 339 0
2 339 NULL
@first_xsec_ptr 340 0
1 340 NULL
@datum_count 341 1
1 341 0
@axis_count 342 1
1 342 1
@insert_layer_id 343 1
1 343 -1
@layer_count 344 1
1 344 1
@layer_list 345 0
1 345 [11]
2 345 
@feat_id 346 1
3 346 1
@layer_id 347 1
3 347 0
@back_layer_id 348 1
3 348 0
2 345 
3 346 3
3 347 0
3 348 0
2 345 
3 346 5
3 347 0
3 348 0
2 345 
3 346 8
3 347 0
3 348 0
2 345 
3 346 7
3 347 0
3 348 0
2 345 
3 346 23
3 347 0
3 348 0
2 345 
3 346 22
3 347 0
3 348 0
2 345 
3 346 51
3 347 0
3 348 0
2 345 
3 346 74
3 347 0
3 348 0
2 345 
3 346 97
3 347 0
3 348 0
2 345 
3 346 128
3 347 0
3 348 0
@lang_ptr 349 0
1 349 ->
@interact_on 350 1
2 350 -1
@first_csys_ptr 351 0
1 351 NULL
@color_prop_ptr 352 0
1 352 ->
@color_tab 353 0
2 353 [1]
3 353 
@maximum 354 2
4 354 [3]
$3FE4D05085E89697,3FE9ADF9B7516292,3FCE6CF09179B3C3
@ambient 355 2
4 355 3FECR
@diffuse 356 2
4 356 3FECR
@specular 357 2
4 357 3FE9R
@spec_coef 358 2
4 358 3FE
@transmission 359 2
4 359 0
@threshold 360 1
4 360 90
@gl_ind 361 1
4 361 0
@surf_ind_tab 362 0
2 362 [1]
3 362 
@surf_id 363 1
4 363 -1
@surf_color_inds 364 1
4 364 [2]
$0,-1
@fem_data 365 0
1 365 NULL
@rel_part_eps 366 2
1 366 3F53A92A30553261
@names_table 367 0
1 367 [3]
2 367 ->
@id 368 1
3 368 2
@type 369 1
3 369 5
@name 370 10
3 370 DTM1
2 367 ->
3 368 4
3 369 5
3 370 DTM2
2 367 ->
3 368 6
3 369 5
3 370 DTM3
@drv_tbl_ptr 371 0
1 371 NULL
@assembled_count 372 1
1 372 0
@part_type 373 1
1 373 1
@mat_name_ptr 374 10
1 374 NULL
@first_ent_id 375 1
1 375 525565
@first_view_id 376 1
1 376 0
@outline 377 2
1 377 [2][3]
$BFC,0,BFC
$3FC,3FD8,3FC
@dim_num 378 1
1 378 12
@dim_array 379 0
1 379 [12]
2 379 ->
@type 380 1
3 380 8
@dim_type 381 1
3 381 4
@feat_id 382 1
3 382 7
@attributes 383 1
3 383 289
@dim_dat_ptr 384 0
3 384 ->
@value 385 2
4 385 3FD
@bck_value 386 2
4 386 3FD
@tol_ptr 387 0
4 387 ->
@type 388 1
5 388 9
@tol_type 389 1
5 389 3
@dual_digits_diff 390 1
5 390 999
@value 391 2
5 391 [2]
$2*3F847AE147AE147B
@nominal_value 392 2
4 392 3FD
@bound 393 1
4 393 20
@bck_bound 394 1
4 394 -1
@bck_tol_ptr 395 0
4 395 ->
@value 396 2
5 396 [2]
$2*3F847AE147AE147B
@datum_def_id 397 1
4 397 -1
@places_denom 398 1
4 398 2
@bck_places_denom 399 1
4 399 2
@dim_data_attrib 400 1
4 400 0
@dim_cosm_ptr 401 0
3 401 ->
@d0 402 2
4 402 3FC
@d1 403 2
4 403 405D898796DB3859
@d2 404 2
4 404 BFC631679493DA48
@d3 405 2
4 405 403B1EDB6DB6DB6D
@ord_info 406 0
4 406 NULL
@attach_ptr 407 0
3 407 NULL
@dim_text_ptr 408 0
3 408 ->
@symbol 409 10
4 409 d0
@line_array 410 0
4 410 [1]
5 410 
@text_array 411 0
6 411 [2]
7 411 
@text_type 412 1
8 412 54
@text_value 413 10
8 413 n
@txt_attrib 414 1
8 414 1
@owner_id 415 1
8 415 0
@part_id 416 1
8 416 6
@height 417 2
8 417 BFF
@width_factor 418 2
8 418 BFF
@format_info 419 0
8 419 
@thickness 420 2
8 420 BFF
7 411 
8 412 61
8 413 
8 414 1
8 415 0
8 416 6
8 417 BFF
8 418 BFF
8 419 
8 420 BFF
@parent_dim_id 421 1
3 421 -1
2 379 ->
3 380 8
3 381 42
3 382 7
3 383 32
3 384 ->
4 385 0
4 386 0
4 387 ->
5 388 9
5 389 3
5 390 999
5 391 [2]
$2*3F847AE147AE147B
4 392 0
4 393 20
4 394 -1
4 395 ->
5 396 [2]
$2*3F847AE147AE147B
4 397 -1
4 398 2
4 399 2
4 400 0
3 401 ->
4 402 0
4 403 0
4 404 0
4 405 0
4 406 NULL
3 407 NULL
3 408 ->
4 409 d1
3 421 -1
2 379 ->
3 380 8
3 381 42
3 382 7
3 383 32
3 384 ->
4 385 0
4 386 0
4 387 ->
5 388 9
5 389 3
5 390 999
5 391 [2]
$2*3F847AE147AE147B
4 392 0
4 393 20
4 394 -1
4 395 ->
5 396 [2]
$2*3F847AE147AE147B
4 397 -1
4 398 2
4 399 2
4 400 0
3 401 ->
4 402 0
4 403 0
4 404 0
4 405 0
4 406 NULL
3 407 NULL
3 408 ->
4 409 d2
3 421 -1
2 379 ->
3 380 8
3 381 62
3 382 7
3 383 385
3 384 ->
4 385 3FD
4 386 3FD
4 387 ->
5 388 9
5 389 3
5 390 999
5 391 [2]
$2*3F847AE147AE147B
4 392 3FD
4 393 20
4 394 -1
4 395 ->
5 396 [2]
$2*3F847AE147AE147B
4 397 -1
4 398 2
4 399 2
4 400 0
3 401 ->
4 402 0
4 403 0
4 404 0
4 405 0
4 406 NULL
3 407 NULL
3 408 ->
4 409 d3
3 421 -1
2 379 ->
3 380 8
3 381 5
3 382 22
3 383 289
3 384 ->
4 385 3FA9R
4 386 3FA9R
4 387 ->
5 388 9
5 389 3
5 390 999
5 391 [2]
$2*3F847AE147AE147B
4 392 3FA9R
4 393 20
4 394 -1
4 395 ->
5 396 [2]
$2*3F847AE147AE147B
4 397 -1
4 398 2
4 399 2
4 400 0
3 401 ->
4 402 405191786177F3AD
4 403 3FE8853E4DB9AD57
4 404 405191786177F3AD
4 405 403B1EDB6DB6DB6E
4 406 NULL
3 407 NULL
3 408 ->
4 409 d4
3 421 -1
2 379 ->
3 380 8
3 381 5
3 382 22
3 383 289
3 384 ->
4 385 3FA9R
4 386 3FA9R
4 387 ->
5 388 9
5 389 3
5 390 999
5 391 [2]
$2*3F847AE147AE147B
4 392 3FA9R
4 393 20
4 394 -1
4 395 ->
5 396 [2]
$2*3F847AE147AE147B
4 397 -1
4 398 2
4 399 2
4 400 0
3 401 ->
4 402 C0530CD13803F279
4 403 3FEAC1B24652A904
4 404 C0530CD13803F279
4 405 403B1EDB6DB6DB6E
4 406 NULL
3 407 NULL
3 408 ->
4 409 d5
3 421 -1
2 379 ->
3 380 8
3 381 5
3 382 22
3 383 289
3 384 ->
4 385 3FB9R
4 386 3FB9R
4 387 ->
5 388 9
5 389 3
5 390 999
5 391 [2]
$2*3F847AE147AE147B
4 392 3FB9R
4 393 20
4 394 -1
4 395 ->
5 396 [2]
$2*3F847AE147AE147B
4 397 -1
4 398 2
4 399 2
4 400 0
3 401 ->
4 402 3FD14C1BACF914C6
4 403 3FD0804EF583648D
4 404 3FDEDA7C8A3729F2
4 405 403B1EDB6DB6DB6E
4 406 NULL
3 407 NULL
3 408 ->
4 409 d6
3 421 -1
2 379 ->
3 380 8
3 381 5
3 382 22
3 383 289
3 384 ->
4 385 3FB9R
4 386 3FB9R
4 387 ->
5 388 9
5 389 3
5 390 999
5 391 [2]
$2*3F847AE147AE147B
4 392 3FB9R
4 393 20
4 394 -1
4 395 ->
5 396 [2]
$2*3F847AE147AE147B
4 397 -1
4 398 2
4 399 2
4 400 0
3 401 ->
4 402 3FD306EB3E45306C
4 403 3FE482C6A19E88F1
4 404 3FE6E0FB1CF6F017
4 405 403B1EDB6DB6DB6E
4 406 NULL
3 407 NULL
3 408 ->
4 409 d7
3 421 -1
2 379 ->
3 380 8
3 381 62
3 382 22
3 383 385
3 384 ->
4 385 3FC
4 386 3FC
4 387 ->
5 388 9
5 389 3
5 390 999
5 391 [2]
$2*3F847AE147AE147B
4 392 3FC
4 393 20
4 394 -1
4 395 ->
5 396 [2]
$2*3F847AE147AE147B
4 397 -1
4 398 3
4 399 3
4 400 0
3 401 ->
4 402 0
4 403 0
4 404 0
4 405 0
4 406 NULL
3 407 NULL
3 408 ->
4 409 d8
3 421 -1
2 379 ->
3 380 8
3 381 3
3 382 97
3 383 257
3 384 ->
4 385 3F847AE147AE147B
4 386 3F847AE147AE147B
4 387 ->
5 388 9
5 389 3
5 390 999
5 391 [2]
$2*3F847AE147AE147B
4 392 3F847AE147AE147B
4 393 20
4 394 -1
4 395 ->
5 396 [2]
$2*3F847AE147AE147B
4 397 -1
4 398 2
4 399 2
4 400 0
3 401 ->
4 402 0
4 403 0
4 404 0
4 405 0
4 406 NULL
3 407 NULL
3 408 ->
4 409 d9
4 410 [1]
5 410 
6 411 [2]
7 411 
8 412 54
8 413 R
8 414 1024
8 415 9
8 416 6
8 417 BFF
8 418 BFF
8 419 
8 420 BFF
7 411 
8 412 61
8 413 
8 414 1025
8 415 9
8 416 6
8 417 BFF
8 418 BFF
8 419 
8 420 BFF
3 421 -1
2 379 NULL
2 379 ->
3 380 8
3 381 3
3 382 128
3 383 257
3 384 ->
4 385 3F847AE147AE147B
4 386 3F847AE147AE147B
4 387 ->
5 388 9
5 389 3
5 390 999
5 391 [2]
$2*3F847AE147AE147B
4 392 3F847AE147AE147B
4 393 20
4 394 -1
4 395 ->
5 396 [2]
$2*3F847AE147AE147B
4 397 -1
4 398 2
4 399 2
4 400 0
3 401 ->
4 402 0
4 403 0
4 404 0
4 405 0
4 406 NULL
3 407 NULL
3 408 ->
4 409 d11
4 410 [1]
5 410 
6 411 [2]
7 411 
8 412 54
8 413 R
8 414 1
8 415 11
8 416 6
8 417 BFF
8 418 BFF
8 419 
8 420 BFF
7 411 
8 412 61
8 413 
8 414 1
8 415 11
8 416 6
8 417 BFF
8 418 BFF
8 419 
8 420 BFF
3 421 -1
@ipar_num 422 1
1 422 0
@relpar_sets 423 0
1 423 [1]
2 423 
@id 424 1
3 424 -1
@type 425 1
3 425 2
@ext_ref_id 426 1
3 426 -1
@relatnum 427 1
3 427 0
@unit_arr 428 0
1 428 [2]
2 428 
@type 429 1
3 429 1
@factor 430 2
3 430 3FF
@name 431 10
3 431 INCH
@unit_type 432 1
3 432 0
2 428 
3 429 2
3 430 3FF
3 431 POUND
3 432 1
@geom_lib_ptr 433 0
1 433 NULL
@merged_srfs 434 0
1 434 [1]
2 434 
@merged_list 435 0
3 435 [3]
4 435 
@geom_id 436 1
5 436 13
@feat_id 437 1
5 437 7
@old_envlp 438 2
5 438 [2][2]
$2*0
$2*0
4 435 
5 436 57
5 437 51
5 438 [2][2]
$BFA9R,BFB9R
$3FA9R,BFA9R
4 435 
5 436 80
5 437 74
5 438 [2][2]
$BFA9R,3FA9R
$3FA9R,3FB9R
@first_quilt_ptr 439 1
1 439 0
@attrib_array 440 1
1 440 [1]
2 440 0
@smt_info_ptr 441 0
1 441 NULL
@cable_info_ptr 442 0
1 442 NULL
@comp_info_ptr 443 0
1 443 NULL
@max_part_size 444 2
1 444 3FE07E0F66AFED07
@prt_misc_ptr 445 0
1 445 ->
@shrink_data_ptr 446 0
2 446 NULL
@expld_mv_info 447 0
1 447 NULL
@state_info_ptr 448 0
1 448 NULL
@alumni_feats 449 0
1 449 NULL
@model_name 450 10
1 450 PIN
@p_mdl_grid 451 0
1 451 NULL
@mdl_status_ptr 452 0
1 452 NULL
@cfg_states 453 0
1 453 NULL
@disp_outl_info 454 0
1 454 
@disp_outline 455 2
2 455 [2][3]
$BFC05470F2B19938,BF651C3CAC664E1E,BFC05470F2B19938
$3FC05470F2B19938,3FD82A387958CC9C,3FC05470F2B19938
@ribbon_info_ptr 456 0
1 456 NULL
@p_xref_data 457 0
1 457 ->
@View 458 0
0 458 ->
@id 459 1
1 459 0
@viewattr 460 0
1 460 
@attr_arr 461 1
2 461 [4]
$1,3*0
@mpoint 462 0
1 462 
@id 463 1
2 463 0
@coord 464 2
2 464 [3]
$0,3FC8,0
@first_instr_ptr 465 0
2 465 NULL
@attach_ptr 466 0
2 466 NULL
@vpoint 467 0
1 467 
2 463 0
2 464 [3]
$407F4,407A5E,0
2 465 NULL
2 466 NULL
@orient 468 2
1 468 [4][4]
$3FED7954E7DBA2F8,0,3FD8EC3AE92B676B,0
$BFD385CE5246572,3FE3E43A9692E21C,3FE7167619F550A2,0
$BFCEFC077F3F36A6,BFE91103985DA841,3FE25240DD3851BF,0
$3*0,3FF
@local_sys 469 2
1 469 [4][4]
$4096458315B7CD2F,0,4082D51F0B129D62,0
$C07D81072D958F7C,408E0FB9F84F9141,40917225D72AC9C2,0
$C07769B6CD4F5231,C092F0EA9D1E906F,408BB03BC3530F82,0
$40826418AC460574,406E303485C4530F,C06A2B38C2C02EA3,3FF
@first_instr_ptr 470 0
1 470 ->
@type 471 1
2 471 100
@geom_id 472 1
2 472 -1
@view_id 473 1
2 473 -1
@memb_num 474 1
2 474 0
@offset 475 2
2 475 0
@matrix 476 0
2 476 NULL
@next_instr_ptr 477 0
1 477 ->
2 471 301
2 472 -1
2 473 -1
2 474 0
2 475 40982E28295FBF8A
2 476 NULL
1 477 NULL
@outer_xsec_index 478 1
1 478 -1
@next_view_id 479 1
1 479 -2
@simp_rep_id 480 1
1 480 0
@name 481 10
1 481 no name
@matrix 482 2
1 482 [4][4]
$3FF,3*0
$0,3FF,2*0
$2*0,3FF,0
$3*0,3FF
@fit_outline 483 2
1 483 [2][3]
$4059,405518,C079225D6D19FB36
$408C2,4087BB,4079225D6D19FB36
@det_info_ptr 484 0
1 484 NULL
@named_view_pzmatr 485 0
1 485 NULL
@page_id 486 1
1 486 0
@model_name 487 10
1 487 NULL
@unrep_model_name 488 10
1 488 NULL
@assem_merge_parts 489 0
0 489 ->
#END_OF_UGC
